stty: : Invalid argument
vt100
resize:  can't open terminal /dev/tty
======================================
Welcome to tupan01: SUPER-UX 14.1 SX-6
Today is Sun Oct  9 16:09:20 GMT 2011
======================================
RODANDO MPI
MPI/SX: command Version 7.2.1 (25. June 2007): Copyright (c) NEC Corporation 1996-2007
MPI/SX: daemon  Version 7.2.4 (21. August 2008): Copyright (c) NEC Corporation 1996-2008

Values of significant variables used by MPI/SX:
-----------------------------------------------

  DISPLAY         = 
  MPICOLLORDER    = OFF
  MPICOMMINF      = NO
  MPIMULTITASKMIX = OFF
  MPIPROGINF      = DETAIL
  MPISUSPEND      = OFF
  MPIVERSION      = ON

Derived and further values:
---------------------------

  Wait method              : Busy waiting
  Global memory            : SX Global Memory

/usr/lib/mpi/mpid: Creating 2 processes of '/gfs/home3/modoper/tempo/global/oens/run/mpisep07R.sh' on local host tupan01
+ exec /gfs/home3/modoper/tempo/global/oens/model/exec/ParModel_MPI 
+ exec /gfs/home3/modoper/tempo/global/oens/model/exec/ParModel_MPI 
MPI/SX: library Version 6.7.18 (20. April 2004): Copyright (c) NEC Corporation 1997-2004
**(CreateParallelism)** Process 0 (tupan01) among 2 processes with 1 threads is alive
 * The  /gfs/dk22/modoper/tempo/global/oens/model/datain/desirtable file exists*
**(DumpOptions)**
**(DumpOptions)** model T126L28 runs from 12Z 09/10/2011 to 00Z 11/10/2011 with initial state from 12Z 09/10/2011
**(DumpOptions)** model executes 216 timesteps of length 600 seconds
**(DumpOptions)** model dynamics configuration is  Eulerian, Gaussian and Quadratic Grid
**(DumpOptions)** input file name is /gfs/dk22/modoper/tempo/global/oens/model/datain/GANL07R2011100912S.unf.T126L28
**(DumpOptions)** output file directory is /gfs/dk22/modoper/tempo/global/oens/model/dataout/T126L28
**(DumpOptions)** model physics configuration:
**(DumpOptions)**    Shortwave Radiation is Lacis & Hansen
**(DumpOptions)**    Longwave Radiation is Harshvardhan
**(DumpOptions)**    Using a single global value for co2 concentration,
**(DumpOptions)**    with constant concentration of 0.3700000E+03 ppvm
**(DumpOptions)**    Using old 4-month zonally averaged climatology
**(DumpOptions)**    Deep Convection is KUO
**(DumpOptions)**    Shallow Convection is Tiedke
**(DumpOptions)**
 SST:  IFSST=-1  MAX,MIN=  290.00     -306.21    
**(opnfct)** writes file GFCT07R20111009122011100912F.icn.T126L28 at simulation time
**(opnfct)** 0 days and 0.0 seconds; contains state of the atmosphere at 12Z of 09/10/2011
**(rmsgt)** State of the atmosphere at 12Z of 09/10/2011:
**(rmsgt)** Layers and average means and variances:
**(rmsgt)** LYR  Z.S. DIV.  Z.A. DIV.  Z.S. VOR.  Z.A. VOR.  G.M. TEM.  Z.S. TEM.  Z.A. TEM.  G.M. S.H.  Z.S. S.H.  Z.A. S.H.
**(rmsgt)**  28  1.967D-06  2.597D-05  1.253D-05  2.911D-05   250.38       6.69       5.70    1.675D-06  4.163D-07  1.612D-07
**(rmsgt)**  27  1.469D-06  2.063D-05  1.610D-05  2.529D-05   228.05       3.41       4.23    1.788D-06  7.170D-07  2.094D-07
**(rmsgt)**  26  1.291D-06  1.873D-05  1.486D-05  2.218D-05   221.53       2.66       4.93    1.818D-06  8.036D-07  2.316D-07
**(rmsgt)**  25  1.306D-06  1.772D-05  1.334D-05  2.116D-05   216.86       3.77       4.87    1.992D-06  9.610D-07  2.890D-07
**(rmsgt)**  24  1.618D-06  1.967D-05  1.315D-05  2.136D-05   213.28       4.63       4.51    2.286D-06  1.201D-06  3.441D-07
**(rmsgt)**  23  1.270D-06  1.801D-05  1.093D-05  2.082D-05   209.79       5.92       4.30    2.735D-06  1.376D-06  4.507D-07
**(rmsgt)**  22  1.294D-06  1.867D-05  8.510D-06  2.178D-05   206.09       8.08       4.20    3.160D-06  1.289D-06  5.032D-07
**(rmsgt)**  21  1.587D-06  2.014D-05  8.053D-06  2.482D-05   204.46       9.53       4.06    3.528D-06  1.170D-06  8.350D-07
**(rmsgt)**  20  1.567D-06  2.232D-05  8.629D-06  3.071D-05   207.59       7.63       3.68    5.861D-06  1.750D-06  1.724D-06
**(rmsgt)**  19  2.084D-06  2.302D-05  1.027D-05  3.870D-05   213.07       4.49       3.66    1.451D-05  5.606D-06  5.078D-06
**(rmsgt)**  18  2.335D-06  2.299D-05  1.080D-05  4.787D-05   219.15       4.36       3.63    3.828D-05  2.209D-05  1.950D-05
**(rmsgt)**  17  1.998D-06  2.259D-05  1.060D-05  5.645D-05   226.49       7.26       3.03    9.308D-05  6.331D-05  6.933D-05
**(rmsgt)**  16  1.878D-06  2.164D-05  9.579D-06  5.814D-05   234.98       9.28       3.20    1.966D-04  1.324D-04  1.848D-04
**(rmsgt)**  15  1.428D-06  2.052D-05  8.707D-06  5.394D-05   243.61      10.19       3.70    3.792D-04  2.418D-04  3.847D-04
**(rmsgt)**  14  1.571D-06  1.991D-05  8.066D-06  4.775D-05   251.48      10.55       4.07    6.705D-04  4.180D-04  6.777D-04
**(rmsgt)**  13  1.406D-06  1.918D-05  7.084D-06  4.206D-05   258.31      10.67       4.26    1.074D-03  7.056D-04  1.016D-03
**(rmsgt)**  12  1.400D-06  1.895D-05  6.255D-06  3.782D-05   264.14      10.79       4.39    1.610D-03  1.082D-03  1.368D-03
**(rmsgt)**  11  1.294D-06  1.874D-05  5.705D-06  3.523D-05   269.05      10.92       4.50    2.310D-03  1.539D-03  1.712D-03
**(rmsgt)**  10  1.376D-06  1.883D-05  5.391D-06  3.427D-05   273.15      11.12       4.54    3.112D-03  1.999D-03  1.967D-03
**(rmsgt)**   9  1.220D-06  1.850D-05  5.263D-06  3.423D-05   276.61      11.27       4.58    4.067D-03  2.459D-03  2.128D-03
**(rmsgt)**   8  1.425D-06  1.833D-05  5.400D-06  3.466D-05   279.48      11.47       4.65    5.083D-03  2.844D-03  2.231D-03
**(rmsgt)**   7  1.526D-06  1.829D-05  5.734D-06  3.533D-05   281.65      11.61       4.76    6.150D-03  3.202D-03  2.209D-03
**(rmsgt)**   6  1.612D-06  1.840D-05  6.038D-06  3.692D-05   283.46      11.78       4.78    7.144D-03  3.603D-03  2.228D-03
**(rmsgt)**   5  1.902D-06  1.947D-05  6.321D-06  3.812D-05   285.15      12.07       4.71    7.974D-03  4.035D-03  2.312D-03
**(rmsgt)**   4  2.200D-06  2.082D-05  6.394D-06  3.850D-05   286.74      12.53       4.62    8.530D-03  4.326D-03  2.379D-03
**(rmsgt)**   3  2.545D-06  2.197D-05  6.086D-06  3.717D-05   288.07      13.17       4.62    8.867D-03  4.471D-03  2.443D-03
**(rmsgt)**   2  2.673D-06  2.210D-05  5.518D-06  3.439D-05   289.24      13.59       4.63    9.106D-03  4.572D-03  2.504D-03
**(rmsgt)**   1  2.655D-06  2.160D-05  5.004D-06  3.122D-05   290.13      13.91       4.69    9.347D-03  4.684D-03  2.562D-03
**(rmsgt)** AVE  1.677D-06  2.012D-05  8.099D-06  4.065D-05   252.21      10.01       4.23    2.407D-03  1.991D-03  1.441
**(rmsgt)** Log(surface pressure) mean and variance:
**(rmsgt)**  G.M.LNP.= 4.59    ; Z.S.LNP.=0.427D-01; Z.A.LNP.=0.657D-01

 From Nlnmi :
 n =   1 HnCut =  1000.00 Hn =  9766.75
 n =   2 HnCut =  1000.00 Hn =  4582.61
 n =   3 HnCut =  1000.00 Hn =  1601.91

 mods =   3 niter =   3

**(opnfct)** writes file GFCT07R20111009122011100912F.inz.T126L28 at simulation time
**(opnfct)** 0 days and 0.0 seconds; contains state of the atmosphere at 12Z of 09/10/2011
**(rmsgt)** State of the atmosphere at 12Z of 09/10/2011:
**(rmsgt)** Layers and average means and variances:
**(rmsgt)** LYR  Z.S. DIV.  Z.A. DIV.  Z.S. VOR.  Z.A. VOR.  G.M. TEM.  Z.S. TEM.  Z.A. TEM.  G.M. S.H.  Z.S. S.H.  Z.A. S.H.
**(rmsgt)**  28  5.637D-07  8.291D-06  1.316D-05  2.907D-05   250.38       6.69       5.68    1.675D-06  4.163D-07  1.612D-07
**(rmsgt)**  27  1.375D-06  2.036D-05  1.623D-05  2.535D-05   228.05       3.25       5.25    1.788D-06  7.170D-07  2.094D-07
**(rmsgt)**  26  1.217D-06  1.838D-05  1.479D-05  2.230D-05   221.53       2.47       5.08    1.818D-06  8.036D-07  2.316D-07
**(rmsgt)**  25  1.280D-06  1.730D-05  1.328D-05  2.126D-05   216.86       3.65       4.92    1.992D-06  9.610D-07  2.890D-07
**(rmsgt)**  24  1.509D-06  1.841D-05  1.312D-05  2.140D-05   213.28       4.58       4.58    2.286D-06  1.201D-06  3.441D-07
**(rmsgt)**  23  1.265D-06  1.761D-05  1.092D-05  2.083D-05   209.79       5.89       4.36    2.735D-06  1.376D-06  4.507D-07
**(rmsgt)**  22  1.369D-06  1.836D-05  8.492D-06  2.180D-05   206.09       8.07       4.33    3.160D-06  1.289D-06  5.032D-07
**(rmsgt)**  21  1.561D-06  2.000D-05  8.027D-06  2.483D-05   204.46       9.51       4.10    3.528D-06  1.170D-06  8.350D-07
**(rmsgt)**  20  1.576D-06  2.220D-05  8.616D-06  3.070D-05   207.59       7.62       3.73    5.861D-06  1.750D-06  1.724D-06
**(rmsgt)**  19  2.095D-06  2.285D-05  1.026D-05  3.869D-05   213.07       4.49       3.66    1.451D-05  5.606D-06  5.078D-06
**(rmsgt)**  18  2.335D-06  2.281D-05  1.080D-05  4.787D-05   219.15       4.38       3.67    3.828D-05  2.209D-05  1.950D-05
**(rmsgt)**  17  2.002D-06  2.235D-05  1.060D-05  5.645D-05   226.49       7.26       3.04    9.308D-05  6.331D-05  6.933D-05
**(rmsgt)**  16  1.884D-06  2.131D-05  9.575D-06  5.814D-05   234.98       9.30       3.34    1.966D-04  1.324D-04  1.848D-04
**(rmsgt)**  15  1.423D-06  2.015D-05  8.704D-06  5.394D-05   243.61      10.19       3.68    3.792D-04  2.418D-04  3.847D-04
**(rmsgt)**  14  1.550D-06  1.946D-05  8.064D-06  4.775D-05   251.48      10.58       4.24    6.705D-04  4.180D-04  6.777D-04
**(rmsgt)**  13  1.419D-06  1.873D-05  7.082D-06  4.206D-05   258.31      10.67       4.21    1.074D-03  7.056D-04  1.016D-03
**(rmsgt)**  12  1.401D-06  1.848D-05  6.253D-06  3.782D-05   264.14      10.81       4.58    1.610D-03  1.082D-03  1.368D-03
**(rmsgt)**  11  1.255D-06  1.831D-05  5.704D-06  3.523D-05   269.05      10.92       4.43    2.310D-03  1.539D-03  1.712D-03
**(rmsgt)**  10  1.325D-06  1.842D-05  5.390D-06  3.427D-05   273.15      11.15       4.74    3.112D-03  1.999D-03  1.967D-03
**(rmsgt)**   9  1.243D-06  1.819D-05  5.261D-06  3.423D-05   276.61      11.27       4.50    4.067D-03  2.459D-03  2.128D-03
**(rmsgt)**   8  1.398D-06  1.801D-05  5.398D-06  3.466D-05   279.48      11.50       4.83    5.083D-03  2.844D-03  2.231D-03
**(rmsgt)**   7  1.518D-06  1.803D-05  5.732D-06  3.533D-05   281.65      11.60       4.68    6.150D-03  3.202D-03  2.209D-03
**(rmsgt)**   6  1.605D-06  1.822D-05  6.036D-06  3.692D-05   283.46      11.81       4.93    7.144D-03  3.603D-03  2.228D-03
**(rmsgt)**   5  1.893D-06  1.937D-05  6.319D-06  3.812D-05   285.15      12.06       4.64    7.974D-03  4.035D-03  2.312D-03
**(rmsgt)**   4  2.197D-06  2.080D-05  6.393D-06  3.850D-05   286.74      12.56       4.76    8.530D-03  4.326D-03  2.379D-03
**(rmsgt)**   3  2.535D-06  2.205D-05  6.085D-06  3.717D-05   288.07      13.16       4.54    8.867D-03  4.471D-03  2.443D-03
**(rmsgt)**   2  2.662D-06  2.219D-05  5.517D-06  3.439D-05   289.24      13.62       4.79    9.106D-03  4.572D-03  2.504D-03
**(rmsgt)**   1  2.633D-06  2.173D-05  5.003D-06  3.122D-05   290.13      13.90       4.61    9.347D-03  4.684D-03  2.562D-03
**(rmsgt)** AVE  1.662D-06  1.972D-05  8.100D-06  4.066D-05   252.21      10.02       4.29    2.407D-03  1.991D-03  1.441
**(rmsgt)** Log(surface pressure) mean and variance:
**(rmsgt)**  G.M.LNP.= 4.59    ; Z.S.LNP.=0.430D-01; Z.A.LNP.=0.666D-01
**(Model)** cold start step 1
**(Model)** cold start step 2
**(Model)** timestep 2 at simulation time 0 days and 600.0 seconds
**(Model)** timestep 3 at simulation time 0 days and 1200.0 seconds
**(Model)** timestep 4 at simulation time 0 days and 1800.0 seconds
**(Model)** timestep 5 at simulation time 0 days and 2400.0 seconds
**(Model)** timestep 6 at simulation time 0 days and 3000.0 seconds
**(Model)** timestep 7 at simulation time 0 days and 3600.0 seconds
**(Model)** timestep 8 at simulation time 0 days and 4200.0 seconds
**(Model)** timestep 9 at simulation time 0 days and 4800.0 seconds
**(Model)** timestep 10 at simulation time 0 days and 5400.0 seconds
**(Model)** timestep 11 at simulation time 0 days and 6000.0 seconds
**(Model)** timestep 12 at simulation time 0 days and 6600.0 seconds
**(Model)** timestep 13 at simulation time 0 days and 7200.0 seconds
**(Model)** timestep 14 at simulation time 0 days and 7800.0 seconds
**(Model)** timestep 15 at simulation time 0 days and 8400.0 seconds
**(Model)** timestep 16 at simulation time 0 days and 9000.0 seconds
**(Model)** timestep 17 at simulation time 0 days and 9600.0 seconds
**(Model)** timestep 18 at simulation time 0 days and 10200.0 seconds
**(opnfct)** writes file GFCT07R20111009122011100915F.fct.T126L28 at simulation time
**(opnfct)** 0 days and 10800.0 seconds; contains state of the atmosphere at 15Z of 09/10/2011
**(rmsgt)** State of the atmosphere at 15Z of 09/10/2011:
**(rmsgt)** Layers and average means and variances:
**(rmsgt)** LYR  Z.S. DIV.  Z.A. DIV.  Z.S. VOR.  Z.A. VOR.  G.M. TEM.  Z.S. TEM.  Z.A. TEM.  G.M. S.H.  Z.S. S.H.  Z.A. S.H.
**(rmsgt)**  28  9.134D-07  5.885D-06  1.295D-05  2.223D-05   250.44       6.68       5.66    1.675D-06  4.156D-07  1.609D-07
**(rmsgt)**  27  2.119D-06  1.515D-05  1.631D-05  2.070D-05   227.83       3.22       4.76    1.788D-06  7.184D-07  2.044D-07
**(rmsgt)**  26  1.657D-06  1.407D-05  1.484D-05  1.705D-05   221.36       2.58       5.09    1.819D-06  8.035D-07  2.243D-07
**(rmsgt)**  25  1.220D-06  1.094D-05  1.325D-05  1.478D-05   216.82       3.57       5.03    1.995D-06  9.619D-07  2.793D-07
**(rmsgt)**  24  1.214D-06  1.135D-05  1.298D-05  1.386D-05   213.34       4.50       4.59    2.288D-06  1.202D-06  3.369D-07
**(rmsgt)**  23  1.469D-06  1.179D-05  1.075D-05  1.363D-05   209.87       5.85       4.42    2.732D-06  1.376D-06  4.412D-07
**(rmsgt)**  22  1.419D-06  1.265D-05  8.524D-06  1.488D-05   206.25       8.01       4.23    3.163D-06  1.286D-06  5.018D-07
**(rmsgt)**  21  1.820D-06  1.404D-05  8.153D-06  1.876D-05   204.62       9.47       4.04    3.585D-06  1.202D-06  9.070D-07
**(rmsgt)**  20  1.824D-06  1.594D-05  8.757D-06  2.488D-05   207.70       7.59       3.75    6.020D-06  1.843D-06  2.160D-06
**(rmsgt)**  19  2.042D-06  1.456D-05  1.037D-05  3.265D-05   213.15       4.44       3.76    1.501D-05  6.009D-06  6.702D-06
**(rmsgt)**  18  2.262D-06  1.347D-05  1.095D-05  4.081D-05   219.23       4.37       3.78    3.940D-05  2.258D-05  2.164D-05
**(rmsgt)**  17  1.797D-06  1.243D-05  1.048D-05  4.679D-05   226.51       7.24       3.23    9.616D-05  6.306D-05  6.988D-05
**(rmsgt)**  16  1.563D-06  1.092D-05  9.301D-06  4.654D-05   234.96       9.30       3.59    2.019D-04  1.301D-04  1.793D-04
**(rmsgt)**  15  1.095D-06  9.929D-06  8.092D-06  4.175D-05   243.53      10.21       3.95    3.855D-04  2.361D-04  3.672D-04
**(rmsgt)**  14  8.757D-07  8.881D-06  7.496D-06  3.611D-05   251.42      10.63       4.43    6.723D-04  4.056D-04  6.353D-04
**(rmsgt)**  13  8.283D-07  8.532D-06  6.579D-06  3.128D-05   258.25      10.73       4.42    1.069D-03  6.832D-04  9.470D-04
**(rmsgt)**  12  9.271D-07  7.872D-06  5.772D-06  2.749D-05   264.11      10.87       4.69    1.599D-03  1.051D-03  1.283D-03
**(rmsgt)**  11  9.217D-07  7.965D-06  5.206D-06  2.518D-05   268.98      10.94       4.57    2.291D-03  1.500D-03  1.616D-03
**(rmsgt)**  10  8.524D-07  7.885D-06  4.812D-06  2.396D-05   273.07      11.16       4.70    3.088D-03  1.965D-03  1.860D-03
**(rmsgt)**   9  9.456D-07  8.090D-06  4.720D-06  2.345D-05   276.44      11.22       4.60    4.054D-03  2.436D-03  1.996D-03
**(rmsgt)**   8  9.317D-07  8.134D-06  4.908D-06  2.349D-05   279.26      11.45       4.74    5.083D-03  2.839D-03  2.082D-03
**(rmsgt)**   7  1.036D-06  8.489D-06  5.254D-06  2.404D-05   281.46      11.60       4.70    6.128D-03  3.205D-03  2.071D-03
**(rmsgt)**   6  1.264D-06  9.069D-06  5.617D-06  2.524D-05   283.38      11.86       4.73    7.125D-03  3.610D-03  2.104D-03
**(rmsgt)**   5  1.681D-06  1.042D-05  5.917D-06  2.661D-05   285.19      12.24       4.58    7.933D-03  3.966D-03  2.208D-03
**(rmsgt)**   4  1.964D-06  1.186D-05  6.152D-06  2.724D-05   286.83      12.67       4.56    8.613D-03  4.312D-03  2.320D-03
**(rmsgt)**   3  2.228D-06  1.330D-05  6.157D-06  2.624D-05   288.28      13.22       4.57    9.147D-03  4.587D-03  2.449D-03
**(rmsgt)**   2  2.627D-06  1.429D-05  5.524D-06  2.272D-05   289.54      13.71       4.65    9.507D-03  4.731D-03  2.540D-03
**(rmsgt)**   1  2.620D-06  1.367D-05  4.012D-06  1.703D-05   290.26      14.14       4.83    9.849D-03  4.875D-03  2.654D-03
**(rmsgt)** AVE  1.430D-06  1.065D-05  7.842D-06  3.086D-05   252.19      10.04       4.35    2.419D-03  1.995D-03  1.374
**(rmsgt)** Log(surface pressure) mean and variance:
**(rmsgt)**  G.M.LNP.= 4.59    ; Z.S.LNP.=0.431D-01; Z.A.LNP.=0.660D-01
**(wridia)** file also contains diagnostics at 15Z of 09/10/2011:
**(globme)**TOTAL PRECIPITATION                      Std.Dev.=   3.6082099; Glob.Mean=   9.3262451    ; in units of Kg M**-2 Day
**-1
**(globme)**CONVECTIVE PRECIPITATION                 Std.Dev.=   3.0757296; Glob.Mean=   8.9215186    ; in units of Kg M**-2 Day
**-1
**(globme)**SENSIBLE HEAT FLUX FROM SURFACE          Std.Dev.=   28.108818; Glob.Mean=   74.526919    ; in units of W M**-2
**(globme)**LATENT HEAT FLUX FROM SURFACE            Std.Dev.=   132.54233; Glob.Mean=   144.39979    ; in units of W M**-2
**(globme)**OUTGOING LONG WAVE AT TOP                Std.Dev.=   265.91261; Glob.Mean=   33.447319    ; in units of W M**-2
**(globme)**SHORT WAVE ABSORBED AT GROUND            Std.Dev.=   188.67840; Glob.Mean=   264.38336    ; in units of W M**-2
**(globme)**NET LONG WAVE AT BOTTOM                  Std.Dev.=   59.483826; Glob.Mean=   37.363414    ; in units of W M**-2
**(Model)** timestep 19 at simulation time 0 days and 10800.0 seconds
**(Model)** timestep 20 at simulation time 0 days and 11400.0 seconds
**(Model)** timestep 21 at simulation time 0 days and 12000.0 seconds
**(Model)** timestep 22 at simulation time 0 days and 12600.0 seconds
**(Model)** timestep 23 at simulation time 0 days and 13200.0 seconds
**(Model)** timestep 24 at simulation time 0 days and 13800.0 seconds
**(Model)** timestep 25 at simulation time 0 days and 14400.0 seconds
**(Model)** timestep 26 at simulation time 0 days and 15000.0 seconds
**(Model)** timestep 27 at simulation time 0 days and 15600.0 seconds
**(Model)** timestep 28 at simulation time 0 days and 16200.0 seconds
**(Model)** timestep 29 at simulation time 0 days and 16800.0 seconds
**(Model)** timestep 30 at simulation time 0 days and 17400.0 seconds
**(Model)** timestep 31 at simulation time 0 days and 18000.0 seconds
**(Model)** timestep 32 at simulation time 0 days and 18600.0 seconds
**(Model)** timestep 33 at simulation time 0 days and 19200.0 seconds
**(Model)** timestep 34 at simulation time 0 days and 19800.0 seconds
**(Model)** timestep 35 at simulation time 0 days and 20400.0 seconds
**(Model)** timestep 36 at simulation time 0 days and 21000.0 seconds
**(opnfct)** writes file GFCT07R20111009122011100918F.fct.T126L28 at simulation time
**(opnfct)** 0 days and 21600.0 seconds; contains state of the atmosphere at 18Z of 09/10/2011
**(rmsgt)** State of the atmosphere at 18Z of 09/10/2011:
**(rmsgt)** Layers and average means and variances:
**(rmsgt)** LYR  Z.S. DIV.  Z.A. DIV.  Z.S. VOR.  Z.A. VOR.  G.M. TEM.  Z.S. TEM.  Z.A. TEM.  G.M. S.H.  Z.S. S.H.  Z.A. S.H.
**(rmsgt)**  28  7.870D-07  6.756D-06  1.302D-05  2.170D-05   250.44       6.66       5.79    1.676D-06  4.145D-07  1.610D-07
**(rmsgt)**  27  2.191D-06  1.742D-05  1.629D-05  2.067D-05   227.78       3.25       4.84    1.787D-06  7.201D-07  2.025D-07
**(rmsgt)**  26  1.609D-06  1.444D-05  1.499D-05  1.721D-05   221.27       2.68       5.11    1.820D-06  8.034D-07  2.216D-07
**(rmsgt)**  25  1.492D-06  1.221D-05  1.342D-05  1.477D-05   216.79       3.58       5.07    1.998D-06  9.632D-07  2.745D-07
**(rmsgt)**  24  1.323D-06  1.126D-05  1.309D-05  1.345D-05   213.36       4.48       4.64    2.291D-06  1.203D-06  3.341D-07
**(rmsgt)**  23  1.248D-06  1.065D-05  1.077D-05  1.358D-05   209.87       5.86       4.45    2.733D-06  1.375D-06  4.404D-07
**(rmsgt)**  22  1.483D-06  1.067D-05  8.553D-06  1.488D-05   206.25       8.07       4.29    3.169D-06  1.282D-06  5.184D-07
**(rmsgt)**  21  1.697D-06  1.174D-05  8.050D-06  1.838D-05   204.72       9.46       4.03    3.640D-06  1.242D-06  1.034D-06
**(rmsgt)**  20  1.507D-06  1.323D-05  8.762D-06  2.393D-05   207.77       7.60       3.72    6.137D-06  1.917D-06  2.501D-06
**(rmsgt)**  19  1.916D-06  1.199D-05  1.050D-05  3.161D-05   213.17       4.44       3.80    1.521D-05  6.002D-06  7.627D-06
**(rmsgt)**  18  2.161D-06  1.172D-05  1.112D-05  3.935D-05   219.25       4.38       3.80    4.001D-05  2.208D-05  2.332D-05
**(rmsgt)**  17  1.617D-06  1.065D-05  1.042D-05  4.418D-05   226.50       7.23       3.30    9.832D-05  6.248D-05  7.129D-05
**(rmsgt)**  16  1.379D-06  9.473D-06  9.124D-06  4.340D-05   234.93       9.30       3.65    2.047D-04  1.282D-04  1.783D-04
**(rmsgt)**  15  1.043D-06  8.758D-06  7.904D-06  3.906D-05   243.45      10.22       4.05    3.860D-04  2.313D-04  3.559D-04
**(rmsgt)**  14  7.631D-07  7.870D-06  7.204D-06  3.400D-05   251.37      10.67       4.49    6.695D-04  3.962D-04  6.110D-04
**(rmsgt)**  13  8.619D-07  7.167D-06  6.285D-06  2.950D-05   258.23      10.78       4.50    1.065D-03  6.679D-04  9.111D-04
**(rmsgt)**  12  8.957D-07  6.746D-06  5.521D-06  2.596D-05   264.11      10.93       4.72    1.593D-03  1.032D-03  1.247D-03
**(rmsgt)**  11  7.899D-07  6.866D-06  4.946D-06  2.373D-05   268.94      10.96       4.62    2.277D-03  1.475D-03  1.577D-03
**(rmsgt)**  10  8.679D-07  6.849D-06  4.561D-06  2.244D-05   272.99      11.19       4.72    3.066D-03  1.944D-03  1.831D-03
**(rmsgt)**   9  8.953D-07  7.011D-06  4.445D-06  2.180D-05   276.32      11.19       4.66    4.041D-03  2.419D-03  1.963D-03
**(rmsgt)**   8  8.551D-07  7.145D-06  4.609D-06  2.167D-05   279.14      11.42       4.75    5.089D-03  2.838D-03  2.047D-03
**(rmsgt)**   7  8.709D-07  7.582D-06  4.936D-06  2.199D-05   281.47      11.66       4.68    6.113D-03  3.192D-03  2.053D-03
**(rmsgt)**   6  1.082D-06  8.599D-06  5.350D-06  2.299D-05   283.48      11.95       4.69    7.113D-03  3.573D-03  2.093D-03
**(rmsgt)**   5  1.506D-06  1.017D-05  5.691D-06  2.442D-05   285.31      12.33       4.55    7.933D-03  3.918D-03  2.217D-03
**(rmsgt)**   4  1.985D-06  1.181D-05  5.841D-06  2.535D-05   286.97      12.73       4.54    8.712D-03  4.327D-03  2.372D-03
**(rmsgt)**   3  2.212D-06  1.325D-05  5.856D-06  2.484D-05   288.33      13.29       4.57    9.338D-03  4.685D-03  2.498D-03
**(rmsgt)**   2  2.449D-06  1.409D-05  5.347D-06  2.173D-05   289.61      13.71       4.65    9.749D-03  4.875D-03  2.603D-03
**(rmsgt)**   1  2.539D-06  1.371D-05  4.013D-06  1.629D-05   290.19      14.09       4.93    1.012D-02  5.059D-03  2.732D-03
**(rmsgt)** AVE  1.340D-06  9.516D-06  7.723D-06  2.908D-05   252.17      10.07       4.39    2.428D-03  2.000D-03  1.365
**(rmsgt)** Log(surface pressure) mean and variance:
**(rmsgt)**  G.M.LNP.= 4.59    ; Z.S.LNP.=0.431D-01; Z.A.LNP.=0.659D-01
**(wridia)** file also contains diagnostics at 18Z of 09/10/2011:
**(globme)**TOTAL PRECIPITATION                      Std.Dev.=   3.3723141; Glob.Mean=   8.6639695    ; in units of Kg M**-2 Day
**-1
**(globme)**CONVECTIVE PRECIPITATION                 Std.Dev.=   2.8357566; Glob.Mean=   8.4491503    ; in units of Kg M**-2 Day
**-1
**(globme)**SENSIBLE HEAT FLUX FROM SURFACE          Std.Dev.=   21.566155; Glob.Mean=   73.481922    ; in units of W M**-2
**(globme)**LATENT HEAT FLUX FROM SURFACE            Std.Dev.=   116.42672; Glob.Mean=   130.44742    ; in units of W M**-2
**(globme)**OUTGOING LONG WAVE AT TOP                Std.Dev.=   246.16413; Glob.Mean=   49.578592    ; in units of W M**-2
**(globme)**SHORT WAVE ABSORBED AT GROUND            Std.Dev.=   175.10892; Glob.Mean=   242.94419    ; in units of W M**-2
**(globme)**NET LONG WAVE AT BOTTOM                  Std.Dev.=   55.324004; Glob.Mean=   42.437028    ; in units of W M**-2
**(Model)** timestep 37 at simulation time 0 days and 21600.0 seconds
**(Model)** timestep 38 at simulation time 0 days and 22200.0 seconds
**(Model)** timestep 39 at simulation time 0 days and 22800.0 seconds
**(Model)** timestep 40 at simulation time 0 days and 23400.0 seconds
**(Model)** timestep 41 at simulation time 0 days and 24000.0 seconds
**(Model)** timestep 42 at simulation time 0 days and 24600.0 seconds
**(Model)** timestep 43 at simulation time 0 days and 25200.0 seconds
**(Model)** timestep 44 at simulation time 0 days and 25800.0 seconds
**(Model)** timestep 45 at simulation time 0 days and 26400.0 seconds
**(Model)** timestep 46 at simulation time 0 days and 27000.0 seconds
**(Model)** timestep 47 at simulation time 0 days and 27600.0 seconds
**(Model)** timestep 48 at simulation time 0 days and 28200.0 seconds
**(Model)** timestep 49 at simulation time 0 days and 28800.0 seconds
**(Model)** timestep 50 at simulation time 0 days and 29400.0 seconds
**(Model)** timestep 51 at simulation time 0 days and 30000.0 seconds
**(Model)** timestep 52 at simulation time 0 days and 30600.0 seconds
**(Model)** timestep 53 at simulation time 0 days and 31200.0 seconds
**(Model)** timestep 54 at simulation time 0 days and 31800.0 seconds
**(opnfct)** writes file GFCT07R20111009122011100921F.fct.T126L28 at simulation time
**(opnfct)** 0 days and 32400.0 seconds; contains state of the atmosphere at 21Z of 09/10/2011
**(rmsgt)** State of the atmosphere at 21Z of 09/10/2011:
**(rmsgt)** Layers and average means and variances:
**(rmsgt)** LYR  Z.S. DIV.  Z.A. DIV.  Z.S. VOR.  Z.A. VOR.  G.M. TEM.  Z.S. TEM.  Z.A. TEM.  G.M. S.H.  Z.S. S.H.  Z.A. S.H.
**(rmsgt)**  28  8.789D-07  6.163D-06  1.325D-05  2.132D-05   250.44       6.66       5.90    1.676D-06  4.142D-07  1.599D-07
**(rmsgt)**  27  2.052D-06  1.697D-05  1.615D-05  2.087D-05   227.67       3.30       4.95    1.788D-06  7.203D-07  2.024D-07
**(rmsgt)**  26  1.595D-06  1.394D-05  1.499D-05  1.748D-05   221.25       2.75       5.14    1.821D-06  8.017D-07  2.208D-07
**(rmsgt)**  25  1.454D-06  1.202D-05  1.342D-05  1.489D-05   216.80       3.61       5.04    2.000D-06  9.624D-07  2.735D-07
**(rmsgt)**  24  1.191D-06  1.079D-05  1.319D-05  1.326D-05   213.40       4.48       4.60    2.292D-06  1.202D-06  3.318D-07
**(rmsgt)**  23  1.318D-06  1.016D-05  1.089D-05  1.316D-05   209.89       5.87       4.39    2.734D-06  1.375D-06  4.412D-07
**(rmsgt)**  22  1.217D-06  1.007D-05  8.661D-06  1.470D-05   206.23       8.11       4.29    3.170D-06  1.275D-06  5.328D-07
**(rmsgt)**  21  1.309D-06  1.116D-05  7.980D-06  1.821D-05   204.76       9.45       4.06    3.681D-06  1.269D-06  1.140D-06
**(rmsgt)**  20  1.436D-06  1.256D-05  8.734D-06  2.352D-05   207.79       7.59       3.72    6.245D-06  1.999D-06  2.820D-06
**(rmsgt)**  19  1.973D-06  1.184D-05  1.048D-05  3.084D-05   213.18       4.43       3.83    1.546D-05  6.019D-06  8.357D-06
**(rmsgt)**  18  2.054D-06  1.122D-05  1.113D-05  3.838D-05   219.25       4.38       3.79    4.094D-05  2.182D-05  2.498D-05
**(rmsgt)**  17  1.523D-06  1.002D-05  1.036D-05  4.270D-05   226.49       7.23       3.30    1.003D-04  6.198D-05  7.292D-05
**(rmsgt)**  16  1.339D-06  9.249D-06  8.913D-06  4.172D-05   234.92       9.29       3.60    2.069D-04  1.257D-04  1.762D-04
**(rmsgt)**  15  1.159D-06  8.209D-06  7.807D-06  3.771D-05   243.42      10.20       4.02    3.864D-04  2.268D-04  3.457D-04
**(rmsgt)**  14  8.249D-07  7.356D-06  7.039D-06  3.277D-05   251.35      10.67       4.45    6.693D-04  3.892D-04  5.905D-04
**(rmsgt)**  13  8.354D-07  6.917D-06  6.155D-06  2.828D-05   258.21      10.80       4.50    1.066D-03  6.560D-04  8.863D-04
**(rmsgt)**  12  7.289D-07  6.607D-06  5.417D-06  2.492D-05   264.11      10.95       4.71    1.592D-03  1.016D-03  1.226D-03
**(rmsgt)**  11  6.457D-07  6.459D-06  4.826D-06  2.273D-05   268.87      10.95       4.63    2.266D-03  1.455D-03  1.553D-03
**(rmsgt)**  10  7.013D-07  6.516D-06  4.464D-06  2.144D-05   272.90      11.18       4.73    3.044D-03  1.923D-03  1.817D-03
**(rmsgt)**   9  7.043D-07  6.547D-06  4.369D-06  2.078D-05   276.24      11.17       4.69    4.029D-03  2.403D-03  1.953D-03
**(rmsgt)**   8  7.462D-07  6.902D-06  4.528D-06  2.071D-05   279.06      11.40       4.77    5.087D-03  2.830D-03  2.021D-03
**(rmsgt)**   7  8.774D-07  7.402D-06  4.859D-06  2.103D-05   281.47      11.70       4.65    6.095D-03  3.170D-03  2.043D-03
**(rmsgt)**   6  1.141D-06  8.451D-06  5.262D-06  2.204D-05   283.54      12.00       4.65    7.100D-03  3.538D-03  2.099D-03
**(rmsgt)**   5  1.545D-06  9.974D-06  5.583D-06  2.340D-05   285.35      12.39       4.51    7.949D-03  3.899D-03  2.245D-03
**(rmsgt)**   4  1.951D-06  1.173D-05  5.668D-06  2.446D-05   287.01      12.76       4.51    8.751D-03  4.337D-03  2.412D-03
**(rmsgt)**   3  2.224D-06  1.308D-05  5.668D-06  2.424D-05   288.34      13.24       4.56    9.434D-03  4.755D-03  2.537D-03
**(rmsgt)**   2  2.415D-06  1.372D-05  5.219D-06  2.130D-05   289.56      13.62       4.65    9.910D-03  4.995D-03  2.640D-03
**(rmsgt)**   1  2.390D-06  1.338D-05  3.944D-06  1.593D-05   289.93      13.92       5.04    1.034D-02  5.223D-03  2.774D-03
**(rmsgt)** AVE  1.283D-06  9.158D-06  7.656D-06  2.807D-05   252.15      10.07       4.38    2.432D-03  2.003D-03  1.363
**(rmsgt)** Log(surface pressure) mean and variance:
**(rmsgt)**  G.M.LNP.= 4.59    ; Z.S.LNP.=0.433D-01; Z.A.LNP.=0.660D-01
**(wridia)** file also contains diagnostics at 21Z of 09/10/2011:
**(globme)**TOTAL PRECIPITATION                      Std.Dev.=   3.3511469; Glob.Mean=   8.9946152    ; in units of Kg M**-2 Day
**-1
**(globme)**CONVECTIVE PRECIPITATION                 Std.Dev.=   2.7425970; Glob.Mean=   8.8012730    ; in units of Kg M**-2 Day
**-1
**(globme)**SENSIBLE HEAT FLUX FROM SURFACE          Std.Dev.=   14.708926; Glob.Mean=   58.745204    ; in units of W M**-2
**(globme)**LATENT HEAT FLUX FROM SURFACE            Std.Dev.=   106.28525; Glob.Mean=   121.35660    ; in units of W M**-2
**(globme)**OUTGOING LONG WAVE AT TOP                Std.Dev.=   244.96400; Glob.Mean=   48.708693    ; in units of W M**-2
**(globme)**SHORT WAVE ABSORBED AT GROUND            Std.Dev.=   178.33123; Glob.Mean=   256.51569    ; in units of W M**-2
**(globme)**NET LONG WAVE AT BOTTOM                  Std.Dev.=   52.890341; Glob.Mean=   37.307973    ; in units of W M**-2
**(Model)** timestep 55 at simulation time 0 days and 32400.0 seconds
**(Model)** timestep 56 at simulation time 0 days and 33000.0 seconds
**(Model)** timestep 57 at simulation time 0 days and 33600.0 seconds
**(Model)** timestep 58 at simulation time 0 days and 34200.0 seconds
**(Model)** timestep 59 at simulation time 0 days and 34800.0 seconds
**(Model)** timestep 60 at simulation time 0 days and 35400.0 seconds
**(Model)** timestep 61 at simulation time 0 days and 36000.0 seconds
**(Model)** timestep 62 at simulation time 0 days and 36600.0 seconds
**(Model)** timestep 63 at simulation time 0 days and 37200.0 seconds
**(Model)** timestep 64 at simulation time 0 days and 37800.0 seconds
**(Model)** timestep 65 at simulation time 0 days and 38400.0 seconds
**(Model)** timestep 66 at simulation time 0 days and 39000.0 seconds
**(Model)** timestep 67 at simulation time 0 days and 39600.0 seconds
**(Model)** timestep 68 at simulation time 0 days and 40200.0 seconds
**(Model)** timestep 69 at simulation time 0 days and 40800.0 seconds
**(Model)** timestep 70 at simulation time 0 days and 41400.0 seconds
**(Model)** timestep 71 at simulation time 0 days and 42000.0 seconds
**(Model)** timestep 72 at simulation time 0 days and 42600.0 seconds
**(opnfct)** writes file GFCT07R20111009122011101000F.fct.T126L28 at simulation time
**(opnfct)** 0 days and 43200.0 seconds; contains state of the atmosphere at 00Z of 10/10/2011
**(rmsgt)** State of the atmosphere at 00Z of 10/10/2011:
**(rmsgt)** Layers and average means and variances:
**(rmsgt)** LYR  Z.S. DIV.  Z.A. DIV.  Z.S. VOR.  Z.A. VOR.  G.M. TEM.  Z.S. TEM.  Z.A. TEM.  G.M. S.H.  Z.S. S.H.  Z.A. S.H.
**(rmsgt)**  28  9.113D-07  5.795D-06  1.323D-05  2.125D-05   250.44       6.62       5.88    1.677D-06  4.143D-07  1.595D-07
**(rmsgt)**  27  2.188D-06  1.745D-05  1.636D-05  2.092D-05   227.58       3.29       5.05    1.790D-06  7.197D-07  2.006D-07
**(rmsgt)**  26  1.658D-06  1.313D-05  1.502D-05  1.780D-05   221.22       2.72       5.13    1.822D-06  8.007D-07  2.205D-07
**(rmsgt)**  25  1.655D-06  1.175D-05  1.334D-05  1.504D-05   216.80       3.58       4.99    2.001D-06  9.615D-07  2.742D-07
**(rmsgt)**  24  1.165D-06  1.069D-05  1.312D-05  1.309D-05   213.44       4.43       4.57    2.291D-06  1.202D-06  3.324D-07
**(rmsgt)**  23  1.241D-06  1.012D-05  1.094D-05  1.273D-05   209.93       5.84       4.34    2.734D-06  1.373D-06  4.413D-07
**(rmsgt)**  22  9.884D-07  1.011D-05  8.851D-06  1.430D-05   206.23       8.10       4.25    3.170D-06  1.268D-06  5.481D-07
**(rmsgt)**  21  1.084D-06  1.094D-05  8.176D-06  1.820D-05   204.77       9.43       4.05    3.715D-06  1.288D-06  1.259D-06
**(rmsgt)**  20  1.294D-06  1.200D-05  8.866D-06  2.342D-05   207.79       7.54       3.71    6.410D-06  2.126D-06  3.257D-06
**(rmsgt)**  19  1.910D-06  1.163D-05  1.051D-05  3.046D-05   213.17       4.38       3.83    1.586D-05  6.184D-06  9.364D-06
**(rmsgt)**  18  1.797D-06  1.075D-05  1.109D-05  3.770D-05   219.24       4.37       3.77    4.211D-05  2.188D-05  2.730D-05
**(rmsgt)**  17  1.706D-06  9.284D-06  1.039D-05  4.176D-05   226.47       7.23       3.27    1.025D-04  6.177D-05  7.616D-05
**(rmsgt)**  16  1.265D-06  8.811D-06  8.953D-06  4.079D-05   234.92       9.29       3.55    2.092D-04  1.231D-04  1.778D-04
**(rmsgt)**  15  1.106D-06  7.779D-06  7.733D-06  3.683D-05   243.39      10.19       3.97    3.875D-04  2.214D-04  3.433D-04
**(rmsgt)**  14  7.629D-07  7.077D-06  6.914D-06  3.187D-05   251.32      10.66       4.40    6.705D-04  3.803D-04  5.812D-04
**(rmsgt)**  13  7.683D-07  6.651D-06  6.053D-06  2.740D-05   258.19      10.81       4.48    1.066D-03  6.426D-04  8.774D-04
**(rmsgt)**  12  7.405D-07  6.392D-06  5.316D-06  2.420D-05   264.09      10.97       4.69    1.590D-03  1.001D-03  1.217D-03
**(rmsgt)**  11  7.475D-07  6.361D-06  4.707D-06  2.200D-05   268.80      10.94       4.62    2.256D-03  1.436D-03  1.546D-03
**(rmsgt)**  10  7.518D-07  6.547D-06  4.350D-06  2.069D-05   272.81      11.16       4.72    3.026D-03  1.903D-03  1.821D-03
**(rmsgt)**   9  7.840D-07  6.606D-06  4.261D-06  2.006D-05   276.17      11.16       4.70    4.018D-03  2.389D-03  1.967D-03
**(rmsgt)**   8  8.480D-07  6.832D-06  4.438D-06  2.013D-05   279.00      11.39       4.76    5.077D-03  2.818D-03  2.022D-03
**(rmsgt)**   7  9.960D-07  7.215D-06  4.767D-06  2.059D-05   281.43      11.73       4.61    6.074D-03  3.150D-03  2.052D-03
**(rmsgt)**   6  1.162D-06  7.927D-06  5.159D-06  2.167D-05   283.54      12.02       4.62    7.081D-03  3.518D-03  2.121D-03
**(rmsgt)**   5  1.429D-06  9.200D-06  5.433D-06  2.303D-05   285.33      12.38       4.51    7.954D-03  3.899D-03  2.271D-03
**(rmsgt)**   4  1.839D-06  1.059D-05  5.521D-06  2.421D-05   286.98      12.73       4.51    8.755D-03  4.338D-03  2.439D-03
**(rmsgt)**   3  2.074D-06  1.179D-05  5.459D-06  2.397D-05   288.25      13.15       4.58    9.494D-03  4.807D-03  2.554D-03
**(rmsgt)**   2  2.223D-06  1.234D-05  4.977D-06  2.090D-05   289.44      13.51       4.67    1.003D-02  5.094D-03  2.649D-03
**(rmsgt)**   1  2.242D-06  1.209D-05  3.786D-06  1.549D-05   289.72      13.78       5.11    1.050D-02  5.348D-03  2.798D-03
**(rmsgt)** AVE  1.244D-06  8.780D-06  7.623D-06  2.744D-05   252.12      10.06       4.36    2.433D-03  2.006D-03  1.368
**(rmsgt)** Log(surface pressure) mean and variance:
**(rmsgt)**  G.M.LNP.= 4.59    ; Z.S.LNP.=0.433D-01; Z.A.LNP.=0.660D-01
**(wridia)** file also contains diagnostics at 00Z of 10/10/2011:
**(globme)**TOTAL PRECIPITATION                      Std.Dev.=   3.2894656; Glob.Mean=   9.0092240    ; in units of Kg M**-2 Day
**-1
**(globme)**CONVECTIVE PRECIPITATION                 Std.Dev.=   2.6029715; Glob.Mean=   8.7663493    ; in units of Kg M**-2 Day
**-1
**(globme)**SENSIBLE HEAT FLUX FROM SURFACE          Std.Dev.=   7.5798500; Glob.Mean=   37.700022    ; in units of W M**-2
**(globme)**LATENT HEAT FLUX FROM SURFACE            Std.Dev.=   96.720978; Glob.Mean=   114.84333    ; in units of W M**-2
**(globme)**OUTGOING LONG WAVE AT TOP                Std.Dev.=   243.85163; Glob.Mean=   48.601210    ; in units of W M**-2
**(globme)**SHORT WAVE ABSORBED AT GROUND            Std.Dev.=   181.76765; Glob.Mean=   262.42937    ; in units of W M**-2
**(globme)**NET LONG WAVE AT BOTTOM                  Std.Dev.=   51.087439; Glob.Mean=   34.949511    ; in units of W M**-2
**(Model)** timestep 73 at simulation time 0 days and 43200.0 seconds
**(Model)** timestep 74 at simulation time 0 days and 43800.0 seconds
**(Model)** timestep 75 at simulation time 0 days and 44400.0 seconds
**(Model)** timestep 76 at simulation time 0 days and 45000.0 seconds
**(Model)** timestep 77 at simulation time 0 days and 45600.0 seconds
**(Model)** timestep 78 at simulation time 0 days and 46200.0 seconds
**(Model)** timestep 79 at simulation time 0 days and 46800.0 seconds
**(Model)** timestep 80 at simulation time 0 days and 47400.0 seconds
**(Model)** timestep 81 at simulation time 0 days and 48000.0 seconds
**(Model)** timestep 82 at simulation time 0 days and 48600.0 seconds
**(Model)** timestep 83 at simulation time 0 days and 49200.0 seconds
**(Model)** timestep 84 at simulation time 0 days and 49800.0 seconds
**(Model)** timestep 85 at simulation time 0 days and 50400.0 seconds
**(Model)** timestep 86 at simulation time 0 days and 51000.0 seconds
**(Model)** timestep 87 at simulation time 0 days and 51600.0 seconds
**(Model)** timestep 88 at simulation time 0 days and 52200.0 seconds
**(Model)** timestep 89 at simulation time 0 days and 52800.0 seconds
**(Model)** timestep 90 at simulation time 0 days and 53400.0 seconds
**(opnfct)** writes file GFCT07R20111009122011101003F.fct.T126L28 at simulation time
**(opnfct)** 0 days and 54000.0 seconds; contains state of the atmosphere at 03Z of 10/10/2011
**(rmsgt)** State of the atmosphere at 03Z of 10/10/2011:
**(rmsgt)** Layers and average means and variances:
**(rmsgt)** LYR  Z.S. DIV.  Z.A. DIV.  Z.S. VOR.  Z.A. VOR.  G.M. TEM.  Z.S. TEM.  Z.A. TEM.  G.M. S.H.  Z.S. S.H.  Z.A. S.H.
**(rmsgt)**  28  8.136D-07  5.300D-06  1.325D-05  2.116D-05   250.45       6.57       5.85    1.677D-06  4.137D-07  1.605D-07
**(rmsgt)**  27  2.164D-06  1.614D-05  1.662D-05  2.105D-05   227.49       3.29       5.16    1.792D-06  7.191D-07  1.990D-07
**(rmsgt)**  26  1.360D-06  1.311D-05  1.495D-05  1.757D-05   221.18       2.61       5.19    1.821D-06  7.993D-07  2.209D-07
**(rmsgt)**  25  1.291D-06  1.174D-05  1.325D-05  1.492D-05   216.80       3.48       5.13    2.000D-06  9.601D-07  2.735D-07
**(rmsgt)**  24  1.055D-06  1.037D-05  1.302D-05  1.313D-05   213.49       4.36       4.67    2.292D-06  1.202D-06  3.324D-07
**(rmsgt)**  23  1.140D-06  9.692D-06  1.081D-05  1.257D-05   209.98       5.77       4.39    2.733D-06  1.372D-06  4.423D-07
**(rmsgt)**  22  1.098D-06  9.784D-06  8.811D-06  1.395D-05   206.23       8.07       4.24    3.173D-06  1.264D-06  5.601D-07
**(rmsgt)**  21  1.156D-06  1.058D-05  8.296D-06  1.821D-05   204.77       9.43       4.04    3.760D-06  1.324D-06  1.415D-06
**(rmsgt)**  20  1.382D-06  1.193D-05  9.100D-06  2.330D-05   207.80       7.51       3.68    6.573D-06  2.266D-06  3.576D-06
**(rmsgt)**  19  1.958D-06  1.154D-05  1.075D-05  3.040D-05   213.18       4.34       3.82    1.622D-05  6.339D-06  1.017D-05
**(rmsgt)**  18  1.863D-06  1.053D-05  1.104D-05  3.738D-05   219.24       4.37       3.75    4.316D-05  2.208D-05  2.942D-05
**(rmsgt)**  17  1.406D-06  8.897D-06  1.022D-05  4.099D-05   226.47       7.23       3.24    1.040D-04  6.186D-05  7.913D-05
**(rmsgt)**  16  1.050D-06  8.353D-06  8.903D-06  3.994D-05   234.91       9.31       3.50    2.097D-04  1.205D-04  1.788D-04
**(rmsgt)**  15  1.029D-06  7.380D-06  7.730D-06  3.584D-05   243.35      10.21       3.94    3.882D-04  2.162D-04  3.401D-04
**(rmsgt)**  14  7.880D-07  6.693D-06  6.857D-06  3.096D-05   251.28      10.68       4.37    6.724D-04  3.729D-04  5.757D-04
**(rmsgt)**  13  7.190D-07  6.344D-06  5.853D-06  2.671D-05   258.15      10.84       4.47    1.066D-03  6.317D-04  8.720D-04
**(rmsgt)**  12  6.944D-07  6.249D-06  5.132D-06  2.364D-05   264.07      11.00       4.67    1.588D-03  9.866D-04  1.209D-03
**(rmsgt)**  11  6.872D-07  6.215D-06  4.566D-06  2.149D-05   268.72      10.93       4.60    2.250D-03  1.419D-03  1.543D-03
**(rmsgt)**  10  6.675D-07  6.438D-06  4.223D-06  2.017D-05   272.71      11.13       4.71    3.015D-03  1.885D-03  1.830D-03
**(rmsgt)**   9  7.199D-07  6.438D-06  4.126D-06  1.954D-05   276.09      11.16       4.70    4.010D-03  2.372D-03  1.982D-03
**(rmsgt)**   8  7.369D-07  6.660D-06  4.305D-06  1.964D-05   278.92      11.38       4.76    5.070D-03  2.803D-03  2.029D-03
**(rmsgt)**   7  9.483D-07  7.136D-06  4.627D-06  2.018D-05   281.37      11.73       4.62    6.061D-03  3.134D-03  2.069D-03
**(rmsgt)**   6  1.148D-06  7.935D-06  5.004D-06  2.124D-05   283.51      12.02       4.62    7.078D-03  3.509D-03  2.147D-03
**(rmsgt)**   5  1.456D-06  9.237D-06  5.278D-06  2.255D-05   285.31      12.36       4.53    7.972D-03  3.904D-03  2.294D-03
**(rmsgt)**   4  1.878D-06  1.047D-05  5.358D-06  2.368D-05   286.97      12.69       4.52    8.790D-03  4.364D-03  2.448D-03
**(rmsgt)**   3  2.097D-06  1.145D-05  5.231D-06  2.345D-05   288.24      13.09       4.54    9.558D-03  4.869D-03  2.568D-03
**(rmsgt)**   2  2.224D-06  1.188D-05  4.759D-06  2.050D-05   289.44      13.44       4.62    1.010D-02  5.163D-03  2.665D-03
**(rmsgt)**   1  2.182D-06  1.162D-05  3.678D-06  1.518D-05   289.72      13.74       5.05    1.058D-02  5.403D-03  2.815D-03
**(rmsgt)** AVE  1.197D-06  8.538D-06  7.566D-06  2.690D-05   252.09      10.05       4.35    2.436D-03  2.008D-03  1.375
**(rmsgt)** Log(surface pressure) mean and variance:
**(rmsgt)**  G.M.LNP.= 4.59    ; Z.S.LNP.=0.434D-01; Z.A.LNP.=0.659D-01
**(wridia)** file also contains diagnostics at 03Z of 10/10/2011:
**(globme)**TOTAL PRECIPITATION                      Std.Dev.=   3.1185023; Glob.Mean=   8.7867331    ; in units of Kg M**-2 Day
**-1
**(globme)**CONVECTIVE PRECIPITATION                 Std.Dev.=   2.4069902; Glob.Mean=   8.5027295    ; in units of Kg M**-2 Day
**-1
**(globme)**SENSIBLE HEAT FLUX FROM SURFACE          Std.Dev.=   11.997949; Glob.Mean=   55.608993    ; in units of W M**-2
**(globme)**LATENT HEAT FLUX FROM SURFACE            Std.Dev.=   94.620699; Glob.Mean=   113.79505    ; in units of W M**-2
**(globme)**OUTGOING LONG WAVE AT TOP                Std.Dev.=   243.64887; Glob.Mean=   48.281337    ; in units of W M**-2
**(globme)**SHORT WAVE ABSORBED AT GROUND            Std.Dev.=   179.26250; Glob.Mean=   256.82338    ; in units of W M**-2
**(globme)**NET LONG WAVE AT BOTTOM                  Std.Dev.=   50.251614; Glob.Mean=   32.847035    ; in units of W M**-2
**(Model)** timestep 91 at simulation time 0 days and 54000.0 seconds
**(Model)** timestep 92 at simulation time 0 days and 54600.0 seconds
**(Model)** timestep 93 at simulation time 0 days and 55200.0 seconds
**(Model)** timestep 94 at simulation time 0 days and 55800.0 seconds
**(Model)** timestep 95 at simulation time 0 days and 56400.0 seconds
**(Model)** timestep 96 at simulation time 0 days and 57000.0 seconds
**(Model)** timestep 97 at simulation time 0 days and 57600.0 seconds
**(Model)** timestep 98 at simulation time 0 days and 58200.0 seconds
**(Model)** timestep 99 at simulation time 0 days and 58800.0 seconds
**(Model)** timestep 100 at simulation time 0 days and 59400.0 seconds
**(Model)** timestep 101 at simulation time 0 days and 60000.0 seconds
**(Model)** timestep 102 at simulation time 0 days and 60600.0 seconds
**(Model)** timestep 103 at simulation time 0 days and 61200.0 seconds
**(Model)** timestep 104 at simulation time 0 days and 61800.0 seconds
**(Model)** timestep 105 at simulation time 0 days and 62400.0 seconds
**(Model)** timestep 106 at simulation time 0 days and 63000.0 seconds
**(Model)** timestep 107 at simulation time 0 days and 63600.0 seconds
**(Model)** timestep 108 at simulation time 0 days and 64200.0 seconds
**(opnfct)** writes file GFCT07R20111009122011101006F.fct.T126L28 at simulation time
**(opnfct)** 0 days and 64800.0 seconds; contains state of the atmosphere at 06Z of 10/10/2011
**(rmsgt)** State of the atmosphere at 06Z of 10/10/2011:
**(rmsgt)** Layers and average means and variances:
**(rmsgt)** LYR  Z.S. DIV.  Z.A. DIV.  Z.S. VOR.  Z.A. VOR.  G.M. TEM.  Z.S. TEM.  Z.A. TEM.  G.M. S.H.  Z.S. S.H.  Z.A. S.H.
**(rmsgt)**  28  7.729D-07  5.164D-06  1.320D-05  2.114D-05   250.46       6.48       5.80    1.678D-06  4.132D-07  1.616D-07
**(rmsgt)**  27  1.922D-06  1.532D-05  1.659D-05  2.106D-05   227.40       3.33       5.34    1.792D-06  7.187D-07  1.996D-07
**(rmsgt)**  26  1.666D-06  1.292D-05  1.500D-05  1.756D-05   221.14       2.53       5.29    1.820D-06  7.977D-07  2.200D-07
**(rmsgt)**  25  1.435D-06  1.110D-05  1.335D-05  1.496D-05   216.80       3.40       5.22    2.000D-06  9.585D-07  2.729D-07
**(rmsgt)**  24  1.633D-06  1.005D-05  1.300D-05  1.324D-05   213.53       4.28       4.74    2.294D-06  1.200D-06  3.310D-07
**(rmsgt)**  23  1.170D-06  9.713D-06  1.072D-05  1.270D-05   210.02       5.70       4.46    2.734D-06  1.372D-06  4.453D-07
**(rmsgt)**  22  1.306D-06  9.300D-06  8.658D-06  1.372D-05   206.23       8.05       4.28    3.182D-06  1.262D-06  5.938D-07
**(rmsgt)**  21  1.391D-06  1.033D-05  8.196D-06  1.804D-05   204.75       9.44       4.04    3.807D-06  1.360D-06  1.559D-06
**(rmsgt)**  20  1.487D-06  1.161D-05  9.274D-06  2.306D-05   207.81       7.51       3.66    6.709D-06  2.379D-06  3.842D-06
**(rmsgt)**  19  1.972D-06  1.133D-05  1.097D-05  3.008D-05   213.20       4.32       3.81    1.648D-05  6.475D-06  1.068D-05
**(rmsgt)**  18  1.846D-06  1.060D-05  1.110D-05  3.702D-05   219.26       4.38       3.73    4.383D-05  2.221D-05  3.077D-05
**(rmsgt)**  17  1.441D-06  8.846D-06  1.021D-05  4.013D-05   226.48       7.24       3.20    1.044D-04  6.138D-05  8.073D-05
**(rmsgt)**  16  9.234D-07  8.162D-06  8.888D-06  3.891D-05   234.89       9.34       3.45    2.097D-04  1.183D-04  1.779D-04
**(rmsgt)**  15  1.017D-06  7.164D-06  7.764D-06  3.484D-05   243.30      10.24       3.90    3.886D-04  2.119D-04  3.366D-04
**(rmsgt)**  14  7.737D-07  6.502D-06  6.804D-06  3.012D-05   251.24      10.70       4.34    6.721D-04  3.665D-04  5.692D-04
**(rmsgt)**  13  6.201D-07  6.067D-06  5.758D-06  2.602D-05   258.12      10.88       4.45    1.060D-03  6.186D-04  8.622D-04
**(rmsgt)**  12  7.293D-07  6.233D-06  5.041D-06  2.301D-05   264.06      11.03       4.66    1.580D-03  9.673D-04  1.196D-03
**(rmsgt)**  11  6.479D-07  6.302D-06  4.535D-06  2.106D-05   268.67      10.92       4.58    2.239D-03  1.397D-03  1.531D-03
**(rmsgt)**  10  6.699D-07  6.523D-06  4.198D-06  1.986D-05   272.63      11.11       4.69    3.002D-03  1.865D-03  1.826D-03
**(rmsgt)**   9  6.715D-07  6.472D-06  4.103D-06  1.928D-05   276.01      11.15       4.70    4.004D-03  2.356D-03  1.983D-03
**(rmsgt)**   8  6.637D-07  6.670D-06  4.278D-06  1.935D-05   278.86      11.37       4.75    5.069D-03  2.790D-03  2.032D-03
**(rmsgt)**   7  8.853D-07  7.188D-06  4.598D-06  1.995D-05   281.34      11.73       4.64    6.060D-03  3.120D-03  2.076D-03
**(rmsgt)**   6  1.203D-06  8.144D-06  4.970D-06  2.101D-05   283.50      12.03       4.63    7.085D-03  3.505D-03  2.165D-03
**(rmsgt)**   5  1.551D-06  9.571D-06  5.226D-06  2.228D-05   285.35      12.35       4.52    8.008D-03  3.931D-03  2.328D-03
**(rmsgt)**   4  1.945D-06  1.072D-05  5.270D-06  2.332D-05   287.03      12.69       4.47    8.822D-03  4.395D-03  2.472D-03
**(rmsgt)**   3  2.148D-06  1.148D-05  5.116D-06  2.311D-05   288.30      13.08       4.43    9.602D-03  4.909D-03  2.576D-03
**(rmsgt)**   2  2.249D-06  1.196D-05  4.663D-06  2.023D-05   289.53      13.42       4.49    1.015D-02  5.200D-03  2.668D-03
**(rmsgt)**   1  2.211D-06  1.188D-05  3.693D-06  1.507D-05   290.00      13.78       4.89    1.062D-02  5.427D-03  2.798D-03
**(rmsgt)** AVE  1.221D-06  8.461D-06  7.559D-06  2.638D-05   252.07      10.05       4.34    2.437D-03  2.009D-03  1.377
**(rmsgt)** Log(surface pressure) mean and variance:
**(rmsgt)**  G.M.LNP.= 4.59    ; Z.S.LNP.=0.435D-01; Z.A.LNP.=0.659D-01
**(wridia)** file also contains diagnostics at 06Z of 10/10/2011:
**(globme)**TOTAL PRECIPITATION                      Std.Dev.=   3.2646003; Glob.Mean=   9.3394707    ; in units of Kg M**-2 Day
**-1
**(globme)**CONVECTIVE PRECIPITATION                 Std.Dev.=   2.5383041; Glob.Mean=   9.0383646    ; in units of Kg M**-2 Day
**-1
**(globme)**SENSIBLE HEAT FLUX FROM SURFACE          Std.Dev.=   20.590588; Glob.Mean=   70.955835    ; in units of W M**-2
**(globme)**LATENT HEAT FLUX FROM SURFACE            Std.Dev.=   96.314547; Glob.Mean=   115.33018    ; in units of W M**-2
**(globme)**OUTGOING LONG WAVE AT TOP                Std.Dev.=   243.64040; Glob.Mean=   48.553746    ; in units of W M**-2
**(globme)**SHORT WAVE ABSORBED AT GROUND            Std.Dev.=   177.88130; Glob.Mean=   254.84683    ; in units of W M**-2
**(globme)**NET LONG WAVE AT BOTTOM                  Std.Dev.=   51.509889; Glob.Mean=   34.730027    ; in units of W M**-2
**(Model)** timestep 109 at simulation time 0 days and 64800.0 seconds
**(Model)** timestep 110 at simulation time 0 days and 65400.0 seconds
**(Model)** timestep 111 at simulation time 0 days and 66000.0 seconds
**(Model)** timestep 112 at simulation time 0 days and 66600.0 seconds
**(Model)** timestep 113 at simulation time 0 days and 67200.0 seconds
**(Model)** timestep 114 at simulation time 0 days and 67800.0 seconds
**(Model)** timestep 115 at simulation time 0 days and 68400.0 seconds
**(Model)** timestep 116 at simulation time 0 days and 69000.0 seconds
**(Model)** timestep 117 at simulation time 0 days and 69600.0 seconds
**(Model)** timestep 118 at simulation time 0 days and 70200.0 seconds
**(Model)** timestep 119 at simulation time 0 days and 70800.0 seconds
**(Model)** timestep 120 at simulation time 0 days and 71400.0 seconds
**(Model)** timestep 121 at simulation time 0 days and 72000.0 seconds
**(Model)** timestep 122 at simulation time 0 days and 72600.0 seconds
**(Model)** timestep 123 at simulation time 0 days and 73200.0 seconds
**(Model)** timestep 124 at simulation time 0 days and 73800.0 seconds
**(Model)** timestep 125 at simulation time 0 days and 74400.0 seconds
**(Model)** timestep 126 at simulation time 0 days and 75000.0 seconds
**(opnfct)** writes file GFCT07R20111009122011101009F.fct.T126L28 at simulation time
**(opnfct)** 0 days and 75600.0 seconds; contains state of the atmosphere at 09Z of 10/10/2011
**(rmsgt)** State of the atmosphere at 09Z of 10/10/2011:
**(rmsgt)** Layers and average means and variances:
**(rmsgt)** LYR  Z.S. DIV.  Z.A. DIV.  Z.S. VOR.  Z.A. VOR.  G.M. TEM.  Z.S. TEM.  Z.A. TEM.  G.M. S.H.  Z.S. S.H.  Z.A. S.H.
**(rmsgt)**  28  7.478D-07  4.755D-06  1.315D-05  2.130D-05   250.49       6.41       5.78    1.679D-06  4.122D-07  1.625D-07
**(rmsgt)**  27  1.722D-06  1.432D-05  1.621D-05  2.108D-05   227.28       3.32       5.46    1.791D-06  7.177D-07  2.011D-07
**(rmsgt)**  26  1.273D-06  1.199D-05  1.491D-05  1.741D-05   221.11       2.51       5.39    1.819D-06  7.973D-07  2.187D-07
**(rmsgt)**  25  1.257D-06  1.044D-05  1.340D-05  1.520D-05   216.81       3.35       5.22    2.001D-06  9.585D-07  2.726D-07
**(rmsgt)**  24  1.169D-06  9.937D-06  1.306D-05  1.342D-05   213.56       4.23       4.76    2.296D-06  1.199D-06  3.310D-07
**(rmsgt)**  23  9.377D-07  9.248D-06  1.077D-05  1.290D-05   210.04       5.68       4.49    2.738D-06  1.371D-06  4.491D-07
**(rmsgt)**  22  1.381D-06  9.239D-06  8.718D-06  1.374D-05   206.23       8.07       4.34    3.191D-06  1.259D-06  6.278D-07
**(rmsgt)**  21  1.371D-06  1.033D-05  8.221D-06  1.792D-05   204.73       9.49       4.07    3.843D-06  1.384D-06  1.659D-06
**(rmsgt)**  20  1.635D-06  1.128D-05  9.327D-06  2.291D-05   207.83       7.53       3.68    6.835D-06  2.477D-06  4.012D-06
**(rmsgt)**  19  2.108D-06  1.113D-05  1.103D-05  2.954D-05   213.23       4.31       3.81    1.672D-05  6.650D-06  1.096D-05
**(rmsgt)**  18  1.944D-06  1.045D-05  1.117D-05  3.625D-05   219.28       4.38       3.70    4.428D-05  2.248D-05  3.165D-05
**(rmsgt)**  17  1.391D-06  8.823D-06  1.031D-05  3.908D-05   226.48       7.25       3.17    1.045D-04  6.107D-05  8.114D-05
**(rmsgt)**  16  1.109D-06  7.785D-06  8.985D-06  3.777D-05   234.86       9.36       3.41    2.095D-04  1.166D-04  1.760D-04
**(rmsgt)**  15  1.015D-06  7.116D-06  7.797D-06  3.401D-05   243.25      10.26       3.87    3.887D-04  2.091D-04  3.304D-04
**(rmsgt)**  14  6.740D-07  6.383D-06  6.762D-06  2.949D-05   251.20      10.71       4.30    6.720D-04  3.618D-04  5.591D-04
**(rmsgt)**  13  5.035D-07  5.945D-06  5.755D-06  2.546D-05   258.11      10.91       4.42    1.056D-03  6.081D-04  8.497D-04
**(rmsgt)**  12  5.990D-07  6.164D-06  5.077D-06  2.251D-05   264.06      11.06       4.64    1.572D-03  9.508D-04  1.182D-03
**(rmsgt)**  11  6.477D-07  6.227D-06  4.641D-06  2.069D-05   268.63      10.92       4.56    2.228D-03  1.376D-03  1.516D-03
**(rmsgt)**  10  8.220D-07  6.438D-06  4.354D-06  1.960D-05   272.57      11.09       4.69    2.989D-03  1.846D-03  1.816D-03
**(rmsgt)**   9  8.171D-07  6.419D-06  4.268D-06  1.911D-05   275.95      11.13       4.70    4.000D-03  2.344D-03  1.972D-03
**(rmsgt)**   8  7.105D-07  6.618D-06  4.425D-06  1.922D-05   278.81      11.36       4.76    5.069D-03  2.782D-03  2.024D-03
**(rmsgt)**   7  8.355D-07  7.216D-06  4.714D-06  1.992D-05   281.32      11.72       4.65    6.063D-03  3.115D-03  2.076D-03
**(rmsgt)**   6  1.115D-06  8.208D-06  5.039D-06  2.111D-05   283.52      12.03       4.61    7.104D-03  3.519D-03  2.183D-03
**(rmsgt)**   5  1.432D-06  9.695D-06  5.250D-06  2.233D-05   285.39      12.37       4.44    8.051D-03  3.964D-03  2.332D-03
**(rmsgt)**   4  1.770D-06  1.117D-05  5.289D-06  2.315D-05   287.13      12.73       4.36    8.853D-03  4.422D-03  2.479D-03
**(rmsgt)**   3  2.038D-06  1.217D-05  5.118D-06  2.284D-05   288.49      13.16       4.33    9.616D-03  4.923D-03  2.587D-03
**(rmsgt)**   2  2.200D-06  1.275D-05  4.616D-06  2.009D-05   289.78      13.51       4.41    1.018D-02  5.224D-03  2.673D-03
**(rmsgt)**   1  2.201D-06  1.285D-05  3.694D-06  1.539D-05   290.47      14.00       4.77    1.064D-02  5.427D-03  2.800D-03
**(rmsgt)** AVE  1.209D-06  8.400D-06  7.604D-06  2.590D-05   252.07      10.07       4.32    2.438D-03  2.011D-03  1.374
**(rmsgt)** Log(surface pressure) mean and variance:
**(rmsgt)**  G.M.LNP.= 4.59    ; Z.S.LNP.=0.435D-01; Z.A.LNP.=0.659D-01
**(wridia)** file also contains diagnostics at 09Z of 10/10/2011:
**(globme)**TOTAL PRECIPITATION                      Std.Dev.=   3.3281094; Glob.Mean=   9.3580701    ; in units of Kg M**-2 Day
**-1
**(globme)**CONVECTIVE PRECIPITATION                 Std.Dev.=   2.5995855; Glob.Mean=   9.0089755    ; in units of Kg M**-2 Day
**-1
**(globme)**SENSIBLE HEAT FLUX FROM SURFACE          Std.Dev.=   27.667976; Glob.Mean=   71.759599    ; in units of W M**-2
**(globme)**LATENT HEAT FLUX FROM SURFACE            Std.Dev.=   97.313503; Glob.Mean=   111.83820    ; in units of W M**-2
**(globme)**OUTGOING LONG WAVE AT TOP                Std.Dev.=   243.19586; Glob.Mean=   49.915711    ; in units of W M**-2
**(globme)**SHORT WAVE ABSORBED AT GROUND            Std.Dev.=   178.92190; Glob.Mean=   255.67495    ; in units of W M**-2
**(globme)**NET LONG WAVE AT BOTTOM                  Std.Dev.=   54.573475; Glob.Mean=   38.950995    ; in units of W M**-2
**(Model)** timestep 127 at simulation time 0 days and 75600.0 seconds
**(Model)** timestep 128 at simulation time 0 days and 76200.0 seconds
**(Model)** timestep 129 at simulation time 0 days and 76800.0 seconds
**(Model)** timestep 130 at simulation time 0 days and 77400.0 seconds
**(Model)** timestep 131 at simulation time 0 days and 78000.0 seconds
**(Model)** timestep 132 at simulation time 0 days and 78600.0 seconds
**(Model)** timestep 133 at simulation time 0 days and 79200.0 seconds
**(Model)** timestep 134 at simulation time 0 days and 79800.0 seconds
**(Model)** timestep 135 at simulation time 0 days and 80400.0 seconds
**(Model)** timestep 136 at simulation time 0 days and 81000.0 seconds
**(Model)** timestep 137 at simulation time 0 days and 81600.0 seconds
**(Model)** timestep 138 at simulation time 0 days and 82200.0 seconds
**(Model)** timestep 139 at simulation time 0 days and 82800.0 seconds
**(Model)** timestep 140 at simulation time 0 days and 83400.0 seconds
**(Model)** timestep 141 at simulation time 0 days and 84000.0 seconds
**(Model)** timestep 142 at simulation time 0 days and 84600.0 seconds
**(Model)** timestep 143 at simulation time 0 days and 85200.0 seconds
**(Model)** timestep 144 at simulation time 0 days and 85800.0 seconds
**(opnfct)** writes file GFCT07R20111009122011101012F.fct.T126L28 at simulation time
**(opnfct)** 1 days and 0.0 seconds; contains state of the atmosphere at 12Z of 10/10/2011
**(rmsgt)** State of the atmosphere at 12Z of 10/10/2011:
**(rmsgt)** Layers and average means and variances:
**(rmsgt)** LYR  Z.S. DIV.  Z.A. DIV.  Z.S. VOR.  Z.A. VOR.  G.M. TEM.  Z.S. TEM.  Z.A. TEM.  G.M. S.H.  Z.S. S.H.  Z.A. S.H.
**(rmsgt)**  28  8.398D-07  4.606D-06  1.315D-05  2.154D-05   250.51       6.40       5.82    1.680D-06  4.110D-07  1.633D-07
**(rmsgt)**  27  1.894D-06  1.385D-05  1.613D-05  2.095D-05   227.20       3.32       5.60    1.790D-06  7.166D-07  2.017D-07
**(rmsgt)**  26  1.379D-06  1.175D-05  1.484D-05  1.721D-05   221.07       2.53       5.38    1.819D-06  7.965D-07  2.180D-07
**(rmsgt)**  25  1.237D-06  1.046D-05  1.325D-05  1.497D-05   216.80       3.31       5.20    2.002D-06  9.594D-07  2.717D-07
**(rmsgt)**  24  1.135D-06  9.459D-06  1.291D-05  1.351D-05   213.57       4.20       4.80    2.299D-06  1.198D-06  3.296D-07
**(rmsgt)**  23  1.044D-06  9.399D-06  1.079D-05  1.299D-05   210.07       5.69       4.49    2.741D-06  1.370D-06  4.534D-07
**(rmsgt)**  22  1.192D-06  9.158D-06  8.799D-06  1.379D-05   206.24       8.12       4.36    3.196D-06  1.259D-06  6.498D-07
**(rmsgt)**  21  1.650D-06  1.029D-05  8.290D-06  1.769D-05   204.73       9.56       4.09    3.871D-06  1.405D-06  1.732D-06
**(rmsgt)**  20  1.695D-06  1.107D-05  9.376D-06  2.266D-05   207.86       7.55       3.67    6.970D-06  2.568D-06  4.165D-06
**(rmsgt)**  19  2.225D-06  1.091D-05  1.108D-05  2.904D-05   213.27       4.29       3.80    1.698D-05  6.855D-06  1.120D-05
**(rmsgt)**  18  1.819D-06  1.036D-05  1.134D-05  3.554D-05   219.28       4.37       3.67    4.478D-05  2.307D-05  3.228D-05
**(rmsgt)**  17  1.435D-06  8.677D-06  1.056D-05  3.809D-05   226.46       7.26       3.14    1.046D-04  6.163D-05  8.099D-05
**(rmsgt)**  16  1.259D-06  7.788D-06  9.134D-06  3.678D-05   234.83       9.38       3.38    2.089D-04  1.157D-04  1.726D-04
**(rmsgt)**  15  1.054D-06  7.025D-06  7.856D-06  3.331D-05   243.19      10.29       3.85    3.875D-04  2.073D-04  3.215D-04
**(rmsgt)**  14  6.663D-07  6.392D-06  6.777D-06  2.898D-05   251.16      10.73       4.28    6.705D-04  3.584D-04  5.442D-04
**(rmsgt)**  13  5.039D-07  5.985D-06  5.798D-06  2.506D-05   258.09      10.93       4.40    1.053D-03  5.998D-04  8.292D-04
**(rmsgt)**  12  6.136D-07  6.038D-06  5.196D-06  2.221D-05   264.07      11.08       4.62    1.568D-03  9.376D-04  1.164D-03
**(rmsgt)**  11  7.010D-07  6.161D-06  4.784D-06  2.042D-05   268.61      10.91       4.55    2.221D-03  1.359D-03  1.499D-03
**(rmsgt)**  10  8.453D-07  6.466D-06  4.511D-06  1.938D-05   272.52      11.07       4.68    2.979D-03  1.831D-03  1.802D-03
**(rmsgt)**   9  8.084D-07  6.596D-06  4.397D-06  1.887D-05   275.90      11.11       4.71    4.004D-03  2.339D-03  1.959D-03
**(rmsgt)**   8  7.200D-07  6.793D-06  4.490D-06  1.902D-05   278.78      11.35       4.77    5.084D-03  2.787D-03  2.011D-03
**(rmsgt)**   7  7.899D-07  7.158D-06  4.715D-06  1.978D-05   281.33      11.74       4.65    6.093D-03  3.135D-03  2.064D-03
**(rmsgt)**   6  1.028D-06  8.107D-06  5.064D-06  2.111D-05   283.59      12.08       4.59    7.129D-03  3.541D-03  2.178D-03
**(rmsgt)**   5  1.370D-06  9.777D-06  5.357D-06  2.237D-05   285.51      12.45       4.46    8.064D-03  3.984D-03  2.352D-03
**(rmsgt)**   4  1.697D-06  1.145D-05  5.362D-06  2.319D-05   287.28      12.82       4.41    8.839D-03  4.422D-03  2.515D-03
**(rmsgt)**   3  1.999D-06  1.257D-05  5.133D-06  2.293D-05   288.68      13.29       4.44    9.574D-03  4.899D-03  2.639D-03
**(rmsgt)**   2  2.193D-06  1.325D-05  4.587D-06  2.030D-05   289.97      13.65       4.54    1.016D-02  5.212D-03  2.739D-03
**(rmsgt)**   1  2.152D-06  1.310D-05  3.655D-06  1.552D-05   290.66      14.18       4.89    1.064D-02  5.419D-03  2.887D-03
**(rmsgt)** AVE  1.225D-06  8.387D-06  7.676D-06  2.549D-05   252.07      10.09       4.32    2.439D-03  2.011D-03  1.375
**(rmsgt)** Log(surface pressure) mean and variance:
**(rmsgt)**  G.M.LNP.= 4.59    ; Z.S.LNP.=0.436D-01; Z.A.LNP.=0.660D-01
**(wridia)** file also contains diagnostics at 12Z of 10/10/2011:
**(globme)**TOTAL PRECIPITATION                      Std.Dev.=   3.3128031; Glob.Mean=   9.3535920    ; in units of Kg M**-2 Day
**-1
**(globme)**CONVECTIVE PRECIPITATION                 Std.Dev.=   2.5660424; Glob.Mean=   8.9138591    ; in units of Kg M**-2 Day
**-1
**(globme)**SENSIBLE HEAT FLUX FROM SURFACE          Std.Dev.=   30.609043; Glob.Mean=   94.026307    ; in units of W M**-2
**(globme)**LATENT HEAT FLUX FROM SURFACE            Std.Dev.=   95.319877; Glob.Mean=   109.47063    ; in units of W M**-2
**(globme)**OUTGOING LONG WAVE AT TOP                Std.Dev.=   243.71430; Glob.Mean=   52.263187    ; in units of W M**-2
**(globme)**SHORT WAVE ABSORBED AT GROUND            Std.Dev.=   180.50398; Glob.Mean=   256.29654    ; in units of W M**-2
**(globme)**NET LONG WAVE AT BOTTOM                  Std.Dev.=   57.928632; Glob.Mean=   45.457743    ; in units of W M**-2
**(Model)** timestep 145 at simulation time 1 days and 0.0 seconds
**(Model)** timestep 146 at simulation time 1 days and 600.0 seconds
**(Model)** timestep 147 at simulation time 1 days and 1200.0 seconds
**(Model)** timestep 148 at simulation time 1 days and 1800.0 seconds
**(Model)** timestep 149 at simulation time 1 days and 2400.0 seconds
**(Model)** timestep 150 at simulation time 1 days and 3000.0 seconds
**(Model)** timestep 151 at simulation time 1 days and 3600.0 seconds
**(Model)** timestep 152 at simulation time 1 days and 4200.0 seconds
**(Model)** timestep 153 at simulation time 1 days and 4800.0 seconds
**(Model)** timestep 154 at simulation time 1 days and 5400.0 seconds
**(Model)** timestep 155 at simulation time 1 days and 6000.0 seconds
**(Model)** timestep 156 at simulation time 1 days and 6600.0 seconds
**(Model)** timestep 157 at simulation time 1 days and 7200.0 seconds
**(Model)** timestep 158 at simulation time 1 days and 7800.0 seconds
**(Model)** timestep 159 at simulation time 1 days and 8400.0 seconds
**(Model)** timestep 160 at simulation time 1 days and 9000.0 seconds
**(Model)** timestep 161 at simulation time 1 days and 9600.0 seconds
**(Model)** timestep 162 at simulation time 1 days and 10200.0 seconds
**(opnfct)** writes file GFCT07R20111009122011101015F.fct.T126L28 at simulation time
**(opnfct)** 1 days and 10800.0 seconds; contains state of the atmosphere at 15Z of 10/10/2011
**(rmsgt)** State of the atmosphere at 15Z of 10/10/2011:
**(rmsgt)** Layers and average means and variances:
**(rmsgt)** LYR  Z.S. DIV.  Z.A. DIV.  Z.S. VOR.  Z.A. VOR.  G.M. TEM.  Z.S. TEM.  Z.A. TEM.  G.M. S.H.  Z.S. S.H.  Z.A. S.H.
**(rmsgt)**  28  7.788D-07  4.454D-06  1.304D-05  2.156D-05   250.52       6.45       5.81    1.681D-06  4.102D-07  1.640D-07
**(rmsgt)**  27  1.801D-06  1.311D-05  1.622D-05  2.072D-05   227.13       3.39       5.78    1.789D-06  7.161D-07  2.010D-07
**(rmsgt)**  26  1.524D-06  1.195D-05  1.497D-05  1.741D-05   221.04       2.56       5.30    1.821D-06  7.960D-07  2.168D-07
**(rmsgt)**  25  1.443D-06  1.062D-05  1.328D-05  1.487D-05   216.79       3.33       5.14    2.005D-06  9.585D-07  2.714D-07
**(rmsgt)**  24  1.230D-06  9.476D-06  1.272D-05  1.359D-05   213.59       4.18       4.76    2.301D-06  1.198D-06  3.305D-07
**(rmsgt)**  23  1.163D-06  8.963D-06  1.067D-05  1.311D-05   210.10       5.69       4.46    2.741D-06  1.369D-06  4.590D-07
**(rmsgt)**  22  1.287D-06  8.696D-06  8.646D-06  1.384D-05   206.25       8.15       4.30    3.202D-06  1.263D-06  6.924D-07
**(rmsgt)**  21  1.569D-06  1.019D-05  8.247D-06  1.745D-05   204.74       9.59       4.04    3.908D-06  1.438D-06  1.852D-06
**(rmsgt)**  20  1.578D-06  1.126D-05  9.385D-06  2.247D-05   207.87       7.54       3.67    7.079D-06  2.644D-06  4.358D-06
**(rmsgt)**  19  2.201D-06  1.073D-05  1.108D-05  2.879D-05   213.29       4.26       3.78    1.717D-05  6.927D-06  1.141D-05
**(rmsgt)**  18  1.753D-06  9.975D-06  1.149D-05  3.490D-05   219.29       4.38       3.66    4.514D-05  2.351D-05  3.261D-05
**(rmsgt)**  17  1.417D-06  8.583D-06  1.083D-05  3.728D-05   226.45       7.29       3.14    1.045D-04  6.220D-05  8.045D-05
**(rmsgt)**  16  1.082D-06  7.974D-06  9.322D-06  3.597D-05   234.80       9.41       3.35    2.087D-04  1.153D-04  1.695D-04
**(rmsgt)**  15  9.669D-07  7.032D-06  7.957D-06  3.271D-05   243.16      10.33       3.83    3.863D-04  2.059D-04  3.145D-04
**(rmsgt)**  14  7.817D-07  6.381D-06  6.840D-06  2.853D-05   251.13      10.76       4.26    6.695D-04  3.543D-04  5.320D-04
**(rmsgt)**  13  5.578D-07  6.038D-06  5.845D-06  2.474D-05   258.07      10.97       4.39    1.050D-03  5.903D-04  8.109D-04
**(rmsgt)**  12  6.107D-07  6.110D-06  5.227D-06  2.197D-05   264.07      11.11       4.61    1.566D-03  9.241D-04  1.146D-03
**(rmsgt)**  11  6.622D-07  6.200D-06  4.819D-06  2.023D-05   268.59      10.92       4.54    2.214D-03  1.341D-03  1.481D-03
**(rmsgt)**  10  7.130D-07  6.423D-06  4.542D-06  1.919D-05   272.48      11.07       4.68    2.975D-03  1.817D-03  1.791D-03
**(rmsgt)**   9  7.201D-07  6.579D-06  4.406D-06  1.866D-05   275.86      11.12       4.71    4.011D-03  2.336D-03  1.949D-03
**(rmsgt)**   8  6.083D-07  6.765D-06  4.512D-06  1.878D-05   278.77      11.37       4.77    5.103D-03  2.796D-03  2.000D-03
**(rmsgt)**   7  6.653D-07  7.119D-06  4.763D-06  1.953D-05   281.37      11.76       4.67    6.103D-03  3.145D-03  2.067D-03
**(rmsgt)**   6  9.540D-07  8.072D-06  5.123D-06  2.087D-05   283.64      12.13       4.61    7.132D-03  3.550D-03  2.208D-03
**(rmsgt)**   5  1.313D-06  9.570D-06  5.379D-06  2.228D-05   285.60      12.51       4.49    8.061D-03  3.985D-03  2.412D-03
**(rmsgt)**   4  1.607D-06  1.110D-05  5.433D-06  2.331D-05   287.37      12.90       4.45    8.820D-03  4.410D-03  2.584D-03
**(rmsgt)**   3  1.922D-06  1.243D-05  5.229D-06  2.314D-05   288.75      13.38       4.54    9.552D-03  4.880D-03  2.691D-03
**(rmsgt)**   2  2.173D-06  1.326D-05  4.613D-06  2.034D-05   290.03      13.74       4.63    1.016D-02  5.206D-03  2.784D-03
**(rmsgt)**   1  2.126D-06  1.302D-05  3.550D-06  1.516D-05   290.67      14.28       4.96    1.064D-02  5.416D-03  2.935D-03
**(rmsgt)** AVE  1.184D-06  8.321D-06  7.732D-06  2.513D-05   252.07      10.12       4.32    2.438D-03  2.008D-03  1.381
**(rmsgt)** Log(surface pressure) mean and variance:
**(rmsgt)**  G.M.LNP.= 4.59    ; Z.S.LNP.=0.436D-01; Z.A.LNP.=0.659D-01
**(wridia)** file also contains diagnostics at 15Z of 10/10/2011:
**(globme)**TOTAL PRECIPITATION                      Std.Dev.=   3.3844812; Glob.Mean=   9.4040501    ; in units of Kg M**-2 Day
**-1
**(globme)**CONVECTIVE PRECIPITATION                 Std.Dev.=   2.6392141; Glob.Mean=   8.9359035    ; in units of Kg M**-2 Day
**-1
**(globme)**SENSIBLE HEAT FLUX FROM SURFACE          Std.Dev.=   26.228031; Glob.Mean=   81.932302    ; in units of W M**-2
**(globme)**LATENT HEAT FLUX FROM SURFACE            Std.Dev.=   95.507001; Glob.Mean=   107.83872    ; in units of W M**-2
**(globme)**OUTGOING LONG WAVE AT TOP                Std.Dev.=   244.05452; Glob.Mean=   53.052617    ; in units of W M**-2
**(globme)**SHORT WAVE ABSORBED AT GROUND            Std.Dev.=   181.35276; Glob.Mean=   260.41683    ; in units of W M**-2
**(globme)**NET LONG WAVE AT BOTTOM                  Std.Dev.=   58.036945; Glob.Mean=   46.864516    ; in units of W M**-2
**(Model)** timestep 163 at simulation time 1 days and 10800.0 seconds
**(Model)** timestep 164 at simulation time 1 days and 11400.0 seconds
**(Model)** timestep 165 at simulation time 1 days and 12000.0 seconds
**(Model)** timestep 166 at simulation time 1 days and 12600.0 seconds
**(Model)** timestep 167 at simulation time 1 days and 13200.0 seconds
**(Model)** timestep 168 at simulation time 1 days and 13800.0 seconds
**(Model)** timestep 169 at simulation time 1 days and 14400.0 seconds
**(Model)** timestep 170 at simulation time 1 days and 15000.0 seconds
**(Model)** timestep 171 at simulation time 1 days and 15600.0 seconds
**(Model)** timestep 172 at simulation time 1 days and 16200.0 seconds
**(Model)** timestep 173 at simulation time 1 days and 16800.0 seconds
**(Model)** timestep 174 at simulation time 1 days and 17400.0 seconds
**(Model)** timestep 175 at simulation time 1 days and 18000.0 seconds
**(Model)** timestep 176 at simulation time 1 days and 18600.0 seconds
**(Model)** timestep 177 at simulation time 1 days and 19200.0 seconds
**(Model)** timestep 178 at simulation time 1 days and 19800.0 seconds
**(Model)** timestep 179 at simulation time 1 days and 20400.0 seconds
**(Model)** timestep 180 at simulation time 1 days and 21000.0 seconds
**(opnfct)** writes file GFCT07R20111009122011101018F.fct.T126L28 at simulation time
**(opnfct)** 1 days and 21600.0 seconds; contains state of the atmosphere at 18Z of 10/10/2011
**(rmsgt)** State of the atmosphere at 18Z of 10/10/2011:
**(rmsgt)** Layers and average means and variances:
**(rmsgt)** LYR  Z.S. DIV.  Z.A. DIV.  Z.S. VOR.  Z.A. VOR.  G.M. TEM.  Z.S. TEM.  Z.A. TEM.  G.M. S.H.  Z.S. S.H.  Z.A. S.H.
**(rmsgt)**  28  7.462D-07  4.303D-06  1.315D-05  2.165D-05   250.53       6.47       5.73    1.681D-06  4.094D-07  1.640D-07
**(rmsgt)**  27  1.720D-06  1.283D-05  1.607D-05  2.067D-05   227.05       3.46       5.92    1.789D-06  7.172D-07  1.994D-07
**(rmsgt)**  26  1.483D-06  1.140D-05  1.492D-05  1.795D-05   221.02       2.59       5.27    1.823D-06  7.975D-07  2.148D-07
**(rmsgt)**  25  1.737D-06  1.059D-05  1.328D-05  1.501D-05   216.79       3.39       5.07    2.008D-06  9.577D-07  2.737D-07
**(rmsgt)**  24  1.038D-06  9.130D-06  1.271D-05  1.380D-05   213.60       4.19       4.76    2.301D-06  1.196D-06  3.343D-07
**(rmsgt)**  23  1.194D-06  8.635D-06  1.068D-05  1.293D-05   210.13       5.67       4.46    2.740D-06  1.366D-06  4.649D-07
**(rmsgt)**  22  8.053D-07  8.402D-06  8.465D-06  1.370D-05   206.26       8.13       4.31    3.218D-06  1.271D-06  7.689D-07
**(rmsgt)**  21  1.432D-06  9.817D-06  8.141D-06  1.723D-05   204.74       9.59       4.03    3.949D-06  1.469D-06  1.954D-06
**(rmsgt)**  20  1.471D-06  1.129D-05  9.315D-06  2.217D-05   207.88       7.52       3.69    7.171D-06  2.656D-06  4.432D-06
**(rmsgt)**  19  2.033D-06  1.089D-05  1.111D-05  2.851D-05   213.31       4.24       3.77    1.733D-05  6.983D-06  1.155D-05
**(rmsgt)**  18  1.848D-06  9.844D-06  1.163D-05  3.420D-05   219.31       4.38       3.65    4.548D-05  2.392D-05  3.292D-05
**(rmsgt)**  17  1.235D-06  8.576D-06  1.091D-05  3.650D-05   226.45       7.31       3.13    1.048D-04  6.270D-05  8.089D-05
**(rmsgt)**  16  1.107D-06  8.173D-06  9.421D-06  3.534D-05   234.79       9.44       3.33    2.089D-04  1.144D-04  1.686D-04
**(rmsgt)**  15  9.891D-07  7.149D-06  8.050D-06  3.231D-05   243.12      10.36       3.82    3.861D-04  2.041D-04  3.120D-04
**(rmsgt)**  14  8.452D-07  6.503D-06  6.931D-06  2.827D-05   251.10      10.77       4.27    6.700D-04  3.491D-04  5.266D-04
**(rmsgt)**  13  6.377D-07  6.006D-06  5.899D-06  2.451D-05   258.06      10.99       4.40    1.048D-03  5.779D-04  8.002D-04
**(rmsgt)**  12  6.619D-07  6.044D-06  5.219D-06  2.177D-05   264.07      11.14       4.62    1.562D-03  9.097D-04  1.130D-03
**(rmsgt)**  11  6.401D-07  6.093D-06  4.836D-06  2.009D-05   268.57      10.92       4.55    2.210D-03  1.328D-03  1.465D-03
**(rmsgt)**  10  6.042D-07  6.329D-06  4.556D-06  1.907D-05   272.43      11.07       4.69    2.968D-03  1.805D-03  1.781D-03
**(rmsgt)**   9  5.642D-07  6.300D-06  4.461D-06  1.856D-05   275.83      11.12       4.72    4.009D-03  2.330D-03  1.944D-03
**(rmsgt)**   8  4.752D-07  6.497D-06  4.580D-06  1.866D-05   278.76      11.38       4.77    5.103D-03  2.795D-03  2.014D-03
**(rmsgt)**   7  6.626D-07  6.972D-06  4.846D-06  1.935D-05   281.38      11.77       4.66    6.108D-03  3.147D-03  2.098D-03
**(rmsgt)**   6  1.016D-06  8.190D-06  5.199D-06  2.071D-05   283.67      12.14       4.59    7.146D-03  3.556D-03  2.260D-03
**(rmsgt)**   5  1.400D-06  9.833D-06  5.459D-06  2.222D-05   285.63      12.53       4.49    8.059D-03  3.983D-03  2.461D-03
**(rmsgt)**   4  1.701D-06  1.162D-05  5.492D-06  2.338D-05   287.38      12.91       4.45    8.806D-03  4.396D-03  2.618D-03
**(rmsgt)**   3  1.908D-06  1.314D-05  5.237D-06  2.326D-05   288.74      13.38       4.54    9.536D-03  4.861D-03  2.707D-03
**(rmsgt)**   2  2.111D-06  1.394D-05  4.560D-06  2.031D-05   289.99      13.72       4.61    1.016D-02  5.200D-03  2.776D-03
**(rmsgt)**   1  2.102D-06  1.361D-05  3.472D-06  1.487D-05   290.53      14.19       4.95    1.067D-02  5.430D-03  2.913D-03
**(rmsgt)** AVE  1.153D-06  8.342D-06  7.767D-06  2.485D-05   252.06      10.13       4.32    2.437D-03  2.005D-03  1.387
**(rmsgt)** Log(surface pressure) mean and variance:
**(rmsgt)**  G.M.LNP.= 4.59    ; Z.S.LNP.=0.437D-01; Z.A.LNP.=0.659D-01
**(wridia)** file also contains diagnostics at 18Z of 10/10/2011:
**(globme)**TOTAL PRECIPITATION                      Std.Dev.=   3.3850029; Glob.Mean=   9.5582212    ; in units of Kg M**-2 Day
**-1
**(globme)**CONVECTIVE PRECIPITATION                 Std.Dev.=   2.6320281; Glob.Mean=   9.1023558    ; in units of Kg M**-2 Day
**-1
**(globme)**SENSIBLE HEAT FLUX FROM SURFACE          Std.Dev.=   18.589313; Glob.Mean=   75.203814    ; in units of W M**-2
**(globme)**LATENT HEAT FLUX FROM SURFACE            Std.Dev.=   94.031342; Glob.Mean=   107.97790    ; in units of W M**-2
**(globme)**OUTGOING LONG WAVE AT TOP                Std.Dev.=   242.33583; Glob.Mean=   52.667941    ; in units of W M**-2
**(globme)**SHORT WAVE ABSORBED AT GROUND            Std.Dev.=   179.45073; Glob.Mean=   253.30512    ; in units of W M**-2
**(globme)**NET LONG WAVE AT BOTTOM                  Std.Dev.=   55.748652; Glob.Mean=   41.533252    ; in units of W M**-2
**(Model)** timestep 181 at simulation time 1 days and 21600.0 seconds
**(Model)** timestep 182 at simulation time 1 days and 22200.0 seconds
**(Model)** timestep 183 at simulation time 1 days and 22800.0 seconds
**(Model)** timestep 184 at simulation time 1 days and 23400.0 seconds
**(Model)** timestep 185 at simulation time 1 days and 24000.0 seconds
**(Model)** timestep 186 at simulation time 1 days and 24600.0 seconds
**(Model)** timestep 187 at simulation time 1 days and 25200.0 seconds
**(Model)** timestep 188 at simulation time 1 days and 25800.0 seconds
**(Model)** timestep 189 at simulation time 1 days and 26400.0 seconds
**(Model)** timestep 190 at simulation time 1 days and 27000.0 seconds
**(Model)** timestep 191 at simulation time 1 days and 27600.0 seconds
**(Model)** timestep 192 at simulation time 1 days and 28200.0 seconds
**(Model)** timestep 193 at simulation time 1 days and 28800.0 seconds
**(Model)** timestep 194 at simulation time 1 days and 29400.0 seconds
**(Model)** timestep 195 at simulation time 1 days and 30000.0 seconds
**(Model)** timestep 196 at simulation time 1 days and 30600.0 seconds
**(Model)** timestep 197 at simulation time 1 days and 31200.0 seconds
**(Model)** timestep 198 at simulation time 1 days and 31800.0 seconds
**(opnfct)** writes file GFCT07R20111009122011101021F.fct.T126L28 at simulation time
**(opnfct)** 1 days and 32400.0 seconds; contains state of the atmosphere at 21Z of 10/10/2011
**(rmsgt)** State of the atmosphere at 21Z of 10/10/2011:
**(rmsgt)** Layers and average means and variances:
**(rmsgt)** LYR  Z.S. DIV.  Z.A. DIV.  Z.S. VOR.  Z.A. VOR.  G.M. TEM.  Z.S. TEM.  Z.A. TEM.  G.M. S.H.  Z.S. S.H.  Z.A. S.H.
**(rmsgt)**  28  8.274D-07  4.101D-06  1.319D-05  2.166D-05   250.54       6.49       5.68    1.682D-06  4.092D-07  1.642D-07
**(rmsgt)**  27  1.577D-06  1.285D-05  1.606D-05  2.066D-05   226.96       3.45       5.93    1.790D-06  7.165D-07  1.984D-07
**(rmsgt)**  26  1.723D-06  1.126D-05  1.498D-05  1.796D-05   220.98       2.55       5.19    1.825D-06  7.989D-07  2.137D-07
**(rmsgt)**  25  1.485D-06  1.047D-05  1.321D-05  1.531D-05   216.79       3.37       5.01    2.009D-06  9.589D-07  2.750D-07
**(rmsgt)**  24  1.266D-06  9.005D-06  1.268D-05  1.385D-05   213.63       4.13       4.77    2.300D-06  1.195D-06  3.358D-07
**(rmsgt)**  23  1.125D-06  8.530D-06  1.080D-05  1.290D-05   210.15       5.63       4.47    2.740D-06  1.360D-06  4.698D-07
**(rmsgt)**  22  1.113D-06  8.296D-06  8.483D-06  1.379D-05   206.28       8.10       4.35    3.234D-06  1.281D-06  8.227D-07
**(rmsgt)**  21  1.393D-06  9.617D-06  8.170D-06  1.712D-05   204.75       9.57       4.03    3.981D-06  1.491D-06  1.976D-06
**(rmsgt)**  20  1.364D-06  1.143D-05  9.392D-06  2.199D-05   207.89       7.50       3.68    7.272D-06  2.677D-06  4.458D-06
**(rmsgt)**  19  1.787D-06  1.090D-05  1.122D-05  2.818D-05   213.33       4.22       3.75    1.762D-05  7.172D-06  1.185D-05
**(rmsgt)**  18  1.835D-06  9.752D-06  1.180D-05  3.356D-05   219.32       4.38       3.62    4.597D-05  2.450D-05  3.361D-05
**(rmsgt)**  17  1.153D-06  8.625D-06  1.092D-05  3.571D-05   226.43       7.32       3.11    1.053D-04  6.334D-05  8.223D-05
**(rmsgt)**  16  1.234D-06  8.104D-06  9.491D-06  3.476D-05   234.75       9.47       3.32    2.100D-04  1.140D-04  1.685D-04
**(rmsgt)**  15  1.071D-06  7.349D-06  8.127D-06  3.198D-05   243.07      10.38       3.81    3.875D-04  2.030D-04  3.123D-04
**(rmsgt)**  14  9.427D-07  6.689D-06  6.963D-06  2.803D-05   251.07      10.77       4.28    6.717D-04  3.463D-04  5.235D-04
**(rmsgt)**  13  6.538D-07  6.119D-06  5.907D-06  2.427D-05   258.03      11.00       4.41    1.048D-03  5.686D-04  7.947D-04
**(rmsgt)**  12  6.252D-07  6.024D-06  5.239D-06  2.162D-05   264.07      11.14       4.64    1.560D-03  8.987D-04  1.122D-03
**(rmsgt)**  11  6.381D-07  5.959D-06  4.863D-06  1.999D-05   268.54      10.91       4.56    2.205D-03  1.317D-03  1.450D-03
**(rmsgt)**  10  6.180D-07  6.137D-06  4.569D-06  1.896D-05   272.38      11.05       4.70    2.962D-03  1.797D-03  1.771D-03
**(rmsgt)**   9  6.436D-07  6.363D-06  4.491D-06  1.849D-05   275.79      11.11       4.73    4.012D-03  2.327D-03  1.942D-03
**(rmsgt)**   8  6.060D-07  6.639D-06  4.618D-06  1.862D-05   278.74      11.39       4.76    5.098D-03  2.789D-03  2.030D-03
**(rmsgt)**   7  8.444D-07  7.099D-06  4.885D-06  1.936D-05   281.37      11.76       4.65    6.106D-03  3.142D-03  2.127D-03
**(rmsgt)**   6  1.206D-06  8.059D-06  5.218D-06  2.070D-05   283.66      12.13       4.58    7.139D-03  3.553D-03  2.290D-03
**(rmsgt)**   5  1.553D-06  9.530D-06  5.445D-06  2.229D-05   285.60      12.52       4.50    8.050D-03  3.975D-03  2.481D-03
**(rmsgt)**   4  1.790D-06  1.135D-05  5.470D-06  2.353D-05   287.32      12.88       4.46    8.788D-03  4.378D-03  2.639D-03
**(rmsgt)**   3  1.955D-06  1.279D-05  5.217D-06  2.342D-05   288.65      13.29       4.55    9.536D-03  4.863D-03  2.710D-03
**(rmsgt)**   2  2.141D-06  1.345D-05  4.522D-06  2.038D-05   289.86      13.61       4.63    1.018D-02  5.222D-03  2.753D-03
**(rmsgt)**   1  2.125D-06  1.320D-05  3.420D-06  1.490D-05   290.20      13.98       5.08    1.071D-02  5.478D-03  2.887D-03
**(rmsgt)** AVE  1.177D-06  8.295D-06  7.809D-06  2.461D-05   252.03      10.12       4.32    2.437D-03  2.003D-03  1.390
**(rmsgt)** Log(surface pressure) mean and variance:
**(rmsgt)**  G.M.LNP.= 4.59    ; Z.S.LNP.=0.437D-01; Z.A.LNP.=0.659D-01
**(wridia)** file also contains diagnostics at 21Z of 10/10/2011:
**(globme)**TOTAL PRECIPITATION                      Std.Dev.=   3.2296396; Glob.Mean=   9.2133068    ; in units of Kg M**-2 Day
**-1
**(globme)**CONVECTIVE PRECIPITATION                 Std.Dev.=   2.4583230; Glob.Mean=   8.7392396    ; in units of Kg M**-2 Day
**-1
**(globme)**SENSIBLE HEAT FLUX FROM SURFACE          Std.Dev.=   11.857158; Glob.Mean=   58.591646    ; in units of W M**-2
**(globme)**LATENT HEAT FLUX FROM SURFACE            Std.Dev.=   89.385115; Glob.Mean=   103.59836    ; in units of W M**-2
**(globme)**OUTGOING LONG WAVE AT TOP                Std.Dev.=   241.97564; Glob.Mean=   51.372577    ; in units of W M**-2
**(globme)**SHORT WAVE ABSORBED AT GROUND            Std.Dev.=   183.30958; Glob.Mean=   265.44928    ; in units of W M**-2
**(globme)**NET LONG WAVE AT BOTTOM                  Std.Dev.=   53.725355; Glob.Mean=   37.092118    ; in units of W M**-2
**(Model)** timestep 199 at simulation time 1 days and 32400.0 seconds
**(Model)** timestep 200 at simulation time 1 days and 33000.0 seconds
**(Model)** timestep 201 at simulation time 1 days and 33600.0 seconds
**(Model)** timestep 202 at simulation time 1 days and 34200.0 seconds
**(Model)** timestep 203 at simulation time 1 days and 34800.0 seconds
**(Model)** timestep 204 at simulation time 1 days and 35400.0 seconds
**(Model)** timestep 205 at simulation time 1 days and 36000.0 seconds
**(Model)** timestep 206 at simulation time 1 days and 36600.0 seconds
**(Model)** timestep 207 at simulation time 1 days and 37200.0 seconds
**(Model)** timestep 208 at simulation time 1 days and 37800.0 seconds
**(Model)** timestep 209 at simulation time 1 days and 38400.0 seconds
**(Model)** timestep 210 at simulation time 1 days and 39000.0 seconds
**(Model)** timestep 211 at simulation time 1 days and 39600.0 seconds
**(Model)** timestep 212 at simulation time 1 days and 40200.0 seconds
**(Model)** timestep 213 at simulation time 1 days and 40800.0 seconds
**(Model)** timestep 214 at simulation time 1 days and 41400.0 seconds
**(Model)** timestep 215 at simulation time 1 days and 42000.0 seconds
**(Model)** timestep 216 at simulation time 1 days and 42600.0 seconds
**(opnfct)** writes file GFCT07R20111009122011101100F.fct.T126L28 at simulation time
**(opnfct)** 1 days and 43200.0 seconds; contains state of the atmosphere at 00Z of 11/10/2011
**(rmsgt)** State of the atmosphere at 00Z of 11/10/2011:
**(rmsgt)** Layers and average means and variances:
**(rmsgt)** LYR  Z.S. DIV.  Z.A. DIV.  Z.S. VOR.  Z.A. VOR.  G.M. TEM.  Z.S. TEM.  Z.A. TEM.  G.M. S.H.  Z.S. S.H.  Z.A. S.H.
**(rmsgt)**  28  6.785D-07  4.107D-06  1.320D-05  2.155D-05   250.54       6.50       5.64    1.683D-06  4.091D-07  1.642D-07
**(rmsgt)**  27  2.027D-06  1.308D-05  1.608D-05  2.075D-05   226.89       3.46       6.06    1.792D-06  7.140D-07  1.986D-07
**(rmsgt)**  26  1.513D-06  1.143D-05  1.494D-05  1.803D-05   220.94       2.49       5.19    1.827D-06  7.993D-07  2.128D-07
**(rmsgt)**  25  1.203D-06  1.032D-05  1.323D-05  1.556D-05   216.79       3.41       4.99    2.010D-06  9.601D-07  2.760D-07
**(rmsgt)**  24  9.840D-07  9.118D-06  1.274D-05  1.393D-05   213.68       4.10       4.73    2.299D-06  1.194D-06  3.381D-07
**(rmsgt)**  23  1.248D-06  8.456D-06  1.082D-05  1.289D-05   210.20       5.57       4.45    2.739D-06  1.356D-06  4.718D-07
**(rmsgt)**  22  1.152D-06  8.353D-06  8.519D-06  1.399D-05   206.29       8.06       4.34    3.248D-06  1.291D-06  8.511D-07
**(rmsgt)**  21  1.475D-06  9.645D-06  8.172D-06  1.727D-05   204.75       9.55       4.03    4.015D-06  1.502D-06  1.970D-06
**(rmsgt)**  20  1.499D-06  1.129D-05  9.508D-06  2.216D-05   207.89       7.48       3.68    7.369D-06  2.728D-06  4.521D-06
**(rmsgt)**  19  1.641D-06  1.081D-05  1.135D-05  2.801D-05   213.34       4.20       3.73    1.792D-05  7.379D-06  1.224D-05
**(rmsgt)**  18  1.663D-06  9.550D-06  1.191D-05  3.310D-05   219.33       4.39       3.59    4.646D-05  2.487D-05  3.441D-05
**(rmsgt)**  17  1.285D-06  8.613D-06  1.094D-05  3.506D-05   226.41       7.33       3.08    1.057D-04  6.356D-05  8.314D-05
**(rmsgt)**  16  1.233D-06  8.027D-06  9.602D-06  3.433D-05   234.71       9.48       3.31    2.111D-04  1.138D-04  1.678D-04
**(rmsgt)**  15  1.006D-06  7.392D-06  8.222D-06  3.166D-05   243.02      10.40       3.80    3.893D-04  2.020D-04  3.116D-04
**(rmsgt)**  14  9.125D-07  6.727D-06  6.982D-06  2.776D-05   251.03      10.77       4.28    6.748D-04  3.449D-04  5.202D-04
**(rmsgt)**  13  6.397D-07  6.228D-06  5.866D-06  2.411D-05   258.00      10.99       4.42    1.050D-03  5.621D-04  7.915D-04
**(rmsgt)**  12  5.887D-07  6.190D-06  5.219D-06  2.151D-05   264.05      11.14       4.64    1.560D-03  8.889D-04  1.118D-03
**(rmsgt)**  11  6.343D-07  6.291D-06  4.851D-06  1.994D-05   268.50      10.89       4.57    2.202D-03  1.306D-03  1.445D-03
**(rmsgt)**  10  6.791D-07  6.491D-06  4.561D-06  1.889D-05   272.32      11.03       4.71    2.956D-03  1.788D-03  1.769D-03
**(rmsgt)**   9  6.544D-07  6.497D-06  4.476D-06  1.837D-05   275.73      11.09       4.74    4.011D-03  2.322D-03  1.947D-03
**(rmsgt)**   8  5.529D-07  6.588D-06  4.612D-06  1.854D-05   278.69      11.38       4.75    5.089D-03  2.780D-03  2.039D-03
**(rmsgt)**   7  7.981D-07  7.004D-06  4.891D-06  1.933D-05   281.32      11.75       4.65    6.093D-03  3.132D-03  2.141D-03
**(rmsgt)**   6  1.180D-06  7.878D-06  5.219D-06  2.066D-05   283.60      12.10       4.59    7.123D-03  3.545D-03  2.312D-03
**(rmsgt)**   5  1.519D-06  9.115D-06  5.477D-06  2.230D-05   285.51      12.47       4.52    8.026D-03  3.964D-03  2.499D-03
**(rmsgt)**   4  1.746D-06  1.068D-05  5.513D-06  2.349D-05   287.20      12.81       4.48    8.777D-03  4.369D-03  2.644D-03
**(rmsgt)**   3  1.945D-06  1.200D-05  5.245D-06  2.330D-05   288.47      13.20       4.59    9.543D-03  4.873D-03  2.703D-03
**(rmsgt)**   2  2.143D-06  1.248D-05  4.502D-06  2.010D-05   289.65      13.50       4.66    1.020D-02  5.256D-03  2.733D-03
**(rmsgt)**   1  2.098D-06  1.206D-05  3.383D-06  1.460D-05   289.93      13.82       5.14    1.075D-02  5.525D-03  2.874D-03
**(rmsgt)** AVE  1.157D-06  8.218D-06  7.845D-06  2.442D-05   251.99      10.10       4.32    2.435D-03  2.002D-03  1.392
**(rmsgt)** Log(surface pressure) mean and variance:
**(rmsgt)**  G.M.LNP.= 4.59    ; Z.S.LNP.=0.438D-01; Z.A.LNP.=0.658D-01
**(wridia)** file also contains diagnostics at 00Z of 11/10/2011:
**(globme)**TOTAL PRECIPITATION                      Std.Dev.=   3.0748840; Glob.Mean=   8.6882306    ; in units of Kg M**-2 Day
**-1
**(globme)**CONVECTIVE PRECIPITATION                 Std.Dev.=   2.2532075; Glob.Mean=   8.1141700    ; in units of Kg M**-2 Day
**-1
**(globme)**SENSIBLE HEAT FLUX FROM SURFACE          Std.Dev.=   4.7210136; Glob.Mean=   34.005844    ; in units of W M**-2
**(globme)**LATENT HEAT FLUX FROM SURFACE            Std.Dev.=   84.305749; Glob.Mean=   98.472989    ; in units of W M**-2
**(globme)**OUTGOING LONG WAVE AT TOP                Std.Dev.=   241.75979; Glob.Mean=   50.425122    ; in units of W M**-2
**(globme)**SHORT WAVE ABSORBED AT GROUND            Std.Dev.=   184.63497; Glob.Mean=   266.43172    ; in units of W M**-2
**(globme)**NET LONG WAVE AT BOTTOM                  Std.Dev.=   51.917773; Glob.Mean=   34.536632    ; in units of W M**-2
**(DestroyParallelism)** Process 0 ***MODEL EXECUTION ENDS NORMALY***

MPI Program Information:
========================
Note: It is measured from MPI_Init till MPI_Finalize.
      [U,R] specifies the Universe and the Process Rank in the Universe.

 * The  /gfs/dk22/modoper/tempo/global/oens/model/datain/desirtable file exists*
 SST:  IFSST=-1  MAX,MIN=  290.00     -303.12    

 From Nlnmi :
 n =   1 HnCut =  1000.00 Hn =  9766.75
 n =   2 HnCut =  1000.00 Hn =  4582.61
 n =   3 HnCut =  1000.00 Hn =  1601.91

 mods =   3 niter =   3

Global Data of 2 processes  :          Min [U,R]          Max [U,R]      Average
==========================

Real   Time (sec)           :      393.768 [0,0]      393.788 [0,1]      393.778
User   Time (sec)           :      327.853 [0,0]      355.665 [0,1]      341.759
System Time (sec)           :        7.182 [0,1]       15.647 [0,0]       11.415
Vector Time (sec)           :      285.272 [0,0]      308.196 [0,1]      296.734
Instruction Count           :  31865733529 [0,0]  32617127437 [0,1]  32241430483
Vector Instruction Count    :  10334396901 [0,0]  10653899720 [0,1]  10494148311
Vector Element Count        : 1959323019001 [0,0] 1988153814531 [0,1] 1973738416766
FLOP Count                  : 855520255388 [0,0] 868597692334 [0,1] 862058973861
MOPS                        :     5651.720 [0,1]     6041.901 [0,0]     5846.811
MFLOPS                      :     2442.182 [0,1]     2609.464 [0,0]     2525.823
Average Vector Length       :      186.613 [0,1]      189.592 [0,0]      188.103
Vector Operation Ratio (%)  :       98.907 [0,1]       98.913 [0,0]       98.910
Memory size used (MB)       :      901.338 [0,0]      901.994 [0,1]      901.666
MIPS                        :       91.708 [0,1]       97.195 [0,0]       94.451
Instruction Cache miss (sec):       10.244 [0,0]       10.288 [0,1]       10.266
Operand     Cache miss (sec):        6.190 [0,1]        6.246 [0,0]        6.218
Bank     Conflict Time (sec):        2.443 [0,0]        3.155 [0,1]        2.799


Overall Data:
=============

Real   Time (sec)           :      393.788
User   Time (sec)           :      683.517
System Time (sec)           :       22.830
Vector Time (sec)           :      593.468
GOPS   (rel. to User Time)  :       11.678
GFLOPS (rel. to User Time)  :        5.045
Memory size used (GB)       :        1.761

logout
