stty: : Invalid argument
vt100
resize:  can't open terminal /dev/tty
======================================
Welcome to tupan00: SUPER-UX 14.1 SX-6
Today is Sun Oct  9 16:09:13 GMT 2011
======================================
RODANDO MPI
MPI/SX: command Version 7.2.1 (25. June 2007): Copyright (c) NEC Corporation 1996-2007
MPI/SX: daemon  Version 7.2.4 (21. August 2008): Copyright (c) NEC Corporation 1996-2008

Values of significant variables used by MPI/SX:
-----------------------------------------------

  DISPLAY         = 
  MPICOLLORDER    = OFF
  MPICOMMINF      = NO
  MPIMULTITASKMIX = OFF
  MPIPROGINF      = DETAIL
  MPISUSPEND      = OFF
  MPIVERSION      = ON

Derived and further values:
---------------------------

  Wait method              : Busy waiting
  Global memory            : SX Global Memory

/usr/lib/mpi/mpid: Creating 2 processes of '/gfs/home3/modoper/tempo/global/oens/run/mpisep06R.sh' on local host tupan00
+ exec + exec /gfs/home3/modoper/tempo/global/oens/model/exec/ParModel_MPI 
/gfs/home3/modoper/tempo/global/oens/model/exec/ParModel_MPI 
MPI/SX: library Version 6.7.18 (20. April 2004): Copyright (c) NEC Corporation 1997-2004
**(CreateParallelism)** Process 0 (tupan00) among 2 processes with 1 threads is alive
 * The  /gfs/dk22/modoper/tempo/global/oens/model/datain/desirtable file exists*
**(DumpOptions)**
**(DumpOptions)** model T126L28 runs from 12Z 09/10/2011 to 00Z 11/10/2011 with initial state from 12Z 09/10/2011
**(DumpOptions)** model executes 216 timesteps of length 600 seconds
**(DumpOptions)** model dynamics configuration is  Eulerian, Gaussian and Quadratic Grid
**(DumpOptions)** input file name is /gfs/dk22/modoper/tempo/global/oens/model/datain/GANL06R2011100912S.unf.T126L28
**(DumpOptions)** output file directory is /gfs/dk22/modoper/tempo/global/oens/model/dataout/T126L28
**(DumpOptions)** model physics configuration:
**(DumpOptions)**    Shortwave Radiation is Lacis & Hansen
**(DumpOptions)**    Longwave Radiation is Harshvardhan
**(DumpOptions)**    Using a single global value for co2 concentration,
**(DumpOptions)**    with constant concentration of 0.3700000E+03 ppvm
**(DumpOptions)**    Using old 4-month zonally averaged climatology
**(DumpOptions)**    Deep Convection is KUO
**(DumpOptions)**    Shallow Convection is Tiedke
**(DumpOptions)**
 SST:  IFSST=-1  MAX,MIN=  290.00     -306.21    
**(opnfct)** writes file GFCT06R20111009122011100912F.icn.T126L28 at simulation time
**(opnfct)** 0 days and 0.0 seconds; contains state of the atmosphere at 12Z of 09/10/2011
**(rmsgt)** State of the atmosphere at 12Z of 09/10/2011:
**(rmsgt)** Layers and average means and variances:
**(rmsgt)** LYR  Z.S. DIV.  Z.A. DIV.  Z.S. VOR.  Z.A. VOR.  G.M. TEM.  Z.S. TEM.  Z.A. TEM.  G.M. S.H.  Z.S. S.H.  Z.A. S.H.
**(rmsgt)**  28  1.987D-06  2.584D-05  1.252D-05  2.927D-05   250.37       6.69       5.70    1.675D-06  4.163D-07  1.612D-07
**(rmsgt)**  27  1.450D-06  2.059D-05  1.610D-05  2.534D-05   228.05       3.41       4.23    1.788D-06  7.170D-07  2.094D-07
**(rmsgt)**  26  1.111D-06  1.870D-05  1.487D-05  2.227D-05   221.53       2.66       4.93    1.818D-06  8.036D-07  2.316D-07
**(rmsgt)**  25  1.396D-06  1.794D-05  1.332D-05  2.085D-05   216.86       3.76       4.87    1.992D-06  9.610D-07  2.890D-07
**(rmsgt)**  24  1.472D-06  1.948D-05  1.314D-05  2.136D-05   213.28       4.63       4.52    2.286D-06  1.201D-06  3.441D-07
**(rmsgt)**  23  1.214D-06  1.836D-05  1.088D-05  2.079D-05   209.79       5.93       4.31    2.735D-06  1.376D-06  4.507D-07
**(rmsgt)**  22  1.310D-06  1.862D-05  8.505D-06  2.188D-05   206.09       8.08       4.20    3.160D-06  1.289D-06  5.032D-07
**(rmsgt)**  21  1.589D-06  2.044D-05  8.047D-06  2.473D-05   204.46       9.53       4.07    3.528D-06  1.170D-06  8.350D-07
**(rmsgt)**  20  1.599D-06  2.242D-05  8.643D-06  3.075D-05   207.58       7.64       3.68    5.861D-06  1.750D-06  1.724D-06
**(rmsgt)**  19  2.172D-06  2.313D-05  1.028D-05  3.877D-05   213.06       4.49       3.66    1.451D-05  5.606D-06  5.078D-06
**(rmsgt)**  18  2.135D-06  2.311D-05  1.083D-05  4.783D-05   219.16       4.36       3.64    3.828D-05  2.209D-05  1.950D-05
**(rmsgt)**  17  2.066D-06  2.271D-05  1.062D-05  5.640D-05   226.49       7.26       3.04    9.308D-05  6.331D-05  6.933D-05
**(rmsgt)**  16  1.887D-06  2.171D-05  9.566D-06  5.809D-05   234.98       9.28       3.20    1.966D-04  1.324D-04  1.848D-04
**(rmsgt)**  15  1.595D-06  2.031D-05  8.752D-06  5.383D-05   243.61      10.19       3.70    3.792D-04  2.418D-04  3.847D-04
**(rmsgt)**  14  1.535D-06  1.984D-05  8.082D-06  4.779D-05   251.48      10.55       4.07    6.705D-04  4.180D-04  6.777D-04
**(rmsgt)**  13  1.413D-06  1.916D-05  7.076D-06  4.205D-05   258.32      10.68       4.26    1.074D-03  7.056D-04  1.016D-03
**(rmsgt)**  12  1.360D-06  1.880D-05  6.239D-06  3.767D-05   264.14      10.79       4.39    1.610D-03  1.082D-03  1.368D-03
**(rmsgt)**  11  1.492D-06  1.885D-05  5.696D-06  3.523D-05   269.04      10.92       4.50    2.310D-03  1.539D-03  1.712D-03
**(rmsgt)**  10  1.168D-06  1.877D-05  5.409D-06  3.433D-05   273.15      11.12       4.54    3.112D-03  1.999D-03  1.967D-03
**(rmsgt)**   9  1.415D-06  1.873D-05  5.259D-06  3.410D-05   276.61      11.27       4.58    4.067D-03  2.459D-03  2.128D-03
**(rmsgt)**   8  1.357D-06  1.808D-05  5.423D-06  3.457D-05   279.48      11.47       4.65    5.083D-03  2.844D-03  2.231D-03
**(rmsgt)**   7  1.496D-06  1.806D-05  5.754D-06  3.536D-05   281.65      11.60       4.75    6.150D-03  3.202D-03  2.209D-03
**(rmsgt)**   6  1.669D-06  1.826D-05  6.081D-06  3.679D-05   283.45      11.77       4.78    7.144D-03  3.603D-03  2.228D-03
**(rmsgt)**   5  1.945D-06  1.950D-05  6.312D-06  3.826D-05   285.16      12.07       4.70    7.974D-03  4.035D-03  2.312D-03
**(rmsgt)**   4  2.118D-06  2.098D-05  6.373D-06  3.844D-05   286.74      12.53       4.62    8.530D-03  4.326D-03  2.379D-03
**(rmsgt)**   3  2.485D-06  2.201D-05  6.152D-06  3.704D-05   288.06      13.16       4.61    8.867D-03  4.471D-03  2.443D-03
**(rmsgt)**   2  2.650D-06  2.224D-05  5.574D-06  3.447D-05   289.23      13.59       4.64    9.106D-03  4.572D-03  2.504D-03
**(rmsgt)**   1  2.540D-06  2.159D-05  4.963D-06  3.125D-05   290.13      13.91       4.69    9.347D-03  4.684D-03  2.562D-03
**(rmsgt)** AVE  1.680D-06  2.013D-05  8.107D-06  4.062D-05   252.21      10.01       4.23    2.407D-03  1.991D-03  1.441
**(rmsgt)** Log(surface pressure) mean and variance:
**(rmsgt)**  G.M.LNP.= 4.59    ; Z.S.LNP.=0.427D-01; Z.A.LNP.=0.657D-01

 From Nlnmi :
 n =   1 HnCut =  1000.00 Hn =  9766.75
 n =   2 HnCut =  1000.00 Hn =  4582.61
 n =   3 HnCut =  1000.00 Hn =  1601.91

 mods =   3 niter =   3

**(opnfct)** writes file GFCT06R20111009122011100912F.inz.T126L28 at simulation time
**(opnfct)** 0 days and 0.0 seconds; contains state of the atmosphere at 12Z of 09/10/2011
**(rmsgt)** State of the atmosphere at 12Z of 09/10/2011:
**(rmsgt)** Layers and average means and variances:
**(rmsgt)** LYR  Z.S. DIV.  Z.A. DIV.  Z.S. VOR.  Z.A. VOR.  G.M. TEM.  Z.S. TEM.  Z.A. TEM.  G.M. S.H.  Z.S. S.H.  Z.A. S.H.
**(rmsgt)**  28  5.628D-07  8.258D-06  1.315D-05  2.922D-05   250.37       6.69       5.68    1.675D-06  4.163D-07  1.612D-07
**(rmsgt)**  27  1.346D-06  2.033D-05  1.623D-05  2.539D-05   228.05       3.25       5.24    1.788D-06  7.170D-07  2.094D-07
**(rmsgt)**  26  1.102D-06  1.846D-05  1.480D-05  2.239D-05   221.53       2.47       5.08    1.818D-06  8.036D-07  2.316D-07
**(rmsgt)**  25  1.399D-06  1.730D-05  1.326D-05  2.095D-05   216.86       3.64       4.92    1.992D-06  9.610D-07  2.890D-07
**(rmsgt)**  24  1.347D-06  1.841D-05  1.311D-05  2.141D-05   213.28       4.58       4.59    2.286D-06  1.201D-06  3.441D-07
**(rmsgt)**  23  1.221D-06  1.784D-05  1.086D-05  2.080D-05   209.79       5.90       4.37    2.735D-06  1.376D-06  4.507D-07
**(rmsgt)**  22  1.319D-06  1.832D-05  8.487D-06  2.189D-05   206.09       8.07       4.33    3.160D-06  1.289D-06  5.032D-07
**(rmsgt)**  21  1.560D-06  2.033D-05  8.020D-06  2.474D-05   204.46       9.51       4.10    3.528D-06  1.170D-06  8.350D-07
**(rmsgt)**  20  1.607D-06  2.227D-05  8.629D-06  3.074D-05   207.58       7.62       3.72    5.861D-06  1.750D-06  1.724D-06
**(rmsgt)**  19  2.190D-06  2.296D-05  1.028D-05  3.877D-05   213.06       4.49       3.66    1.451D-05  5.606D-06  5.078D-06
**(rmsgt)**  18  2.148D-06  2.294D-05  1.082D-05  4.783D-05   219.16       4.39       3.68    3.828D-05  2.209D-05  1.950D-05
**(rmsgt)**  17  2.053D-06  2.247D-05  1.062D-05  5.640D-05   226.49       7.26       3.05    9.308D-05  6.331D-05  6.933D-05
**(rmsgt)**  16  1.856D-06  2.139D-05  9.561D-06  5.809D-05   234.98       9.30       3.34    1.966D-04  1.324D-04  1.848D-04
**(rmsgt)**  15  1.605D-06  1.996D-05  8.748D-06  5.383D-05   243.61      10.19       3.68    3.792D-04  2.418D-04  3.847D-04
**(rmsgt)**  14  1.578D-06  1.934D-05  8.079D-06  4.779D-05   251.48      10.57       4.24    6.705D-04  4.180D-04  6.777D-04
**(rmsgt)**  13  1.348D-06  1.872D-05  7.073D-06  4.205D-05   258.32      10.67       4.21    1.074D-03  7.056D-04  1.016D-03
**(rmsgt)**  12  1.319D-06  1.834D-05  6.237D-06  3.767D-05   264.14      10.81       4.58    1.610D-03  1.082D-03  1.368D-03
**(rmsgt)**  11  1.455D-06  1.842D-05  5.694D-06  3.523D-05   269.04      10.92       4.43    2.310D-03  1.539D-03  1.712D-03
**(rmsgt)**  10  1.134D-06  1.829D-05  5.407D-06  3.433D-05   273.15      11.14       4.74    3.112D-03  1.999D-03  1.967D-03
**(rmsgt)**   9  1.343D-06  1.832D-05  5.257D-06  3.410D-05   276.61      11.27       4.50    4.067D-03  2.459D-03  2.128D-03
**(rmsgt)**   8  1.288D-06  1.781D-05  5.420D-06  3.457D-05   279.48      11.50       4.83    5.083D-03  2.844D-03  2.231D-03
**(rmsgt)**   7  1.487D-06  1.785D-05  5.751D-06  3.536D-05   281.65      11.60       4.68    6.150D-03  3.202D-03  2.209D-03
**(rmsgt)**   6  1.661D-06  1.808D-05  6.079D-06  3.679D-05   283.45      11.80       4.93    7.144D-03  3.603D-03  2.228D-03
**(rmsgt)**   5  1.960D-06  1.944D-05  6.310D-06  3.826D-05   285.16      12.07       4.63    7.974D-03  4.035D-03  2.312D-03
**(rmsgt)**   4  2.116D-06  2.096D-05  6.372D-06  3.844D-05   286.74      12.56       4.77    8.530D-03  4.326D-03  2.379D-03
**(rmsgt)**   3  2.492D-06  2.204D-05  6.151D-06  3.704D-05   288.06      13.15       4.54    8.867D-03  4.471D-03  2.443D-03
**(rmsgt)**   2  2.670D-06  2.230D-05  5.572D-06  3.447D-05   289.23      13.62       4.79    9.106D-03  4.572D-03  2.504D-03
**(rmsgt)**   1  2.558D-06  2.173D-05  4.962D-06  3.125D-05   290.13      13.90       4.61    9.347D-03  4.684D-03  2.562D-03
**(rmsgt)** AVE  1.658D-06  1.973D-05  8.107D-06  4.063D-05   252.21      10.02       4.29    2.407D-03  1.991D-03  1.441
**(rmsgt)** Log(surface pressure) mean and variance:
**(rmsgt)**  G.M.LNP.= 4.59    ; Z.S.LNP.=0.430D-01; Z.A.LNP.=0.666D-01
**(Model)** cold start step 1
**(Model)** cold start step 2
**(Model)** timestep 2 at simulation time 0 days and 600.0 seconds
**(Model)** timestep 3 at simulation time 0 days and 1200.0 seconds
**(Model)** timestep 4 at simulation time 0 days and 1800.0 seconds
**(Model)** timestep 5 at simulation time 0 days and 2400.0 seconds
**(Model)** timestep 6 at simulation time 0 days and 3000.0 seconds
**(Model)** timestep 7 at simulation time 0 days and 3600.0 seconds
**(Model)** timestep 8 at simulation time 0 days and 4200.0 seconds
**(Model)** timestep 9 at simulation time 0 days and 4800.0 seconds
**(Model)** timestep 10 at simulation time 0 days and 5400.0 seconds
**(Model)** timestep 11 at simulation time 0 days and 6000.0 seconds
**(Model)** timestep 12 at simulation time 0 days and 6600.0 seconds
**(Model)** timestep 13 at simulation time 0 days and 7200.0 seconds
**(Model)** timestep 14 at simulation time 0 days and 7800.0 seconds
**(Model)** timestep 15 at simulation time 0 days and 8400.0 seconds
**(Model)** timestep 16 at simulation time 0 days and 9000.0 seconds
**(Model)** timestep 17 at simulation time 0 days and 9600.0 seconds
**(Model)** timestep 18 at simulation time 0 days and 10200.0 seconds
**(opnfct)** writes file GFCT06R20111009122011100915F.fct.T126L28 at simulation time
**(opnfct)** 0 days and 10800.0 seconds; contains state of the atmosphere at 15Z of 09/10/2011
**(rmsgt)** State of the atmosphere at 15Z of 09/10/2011:
**(rmsgt)** Layers and average means and variances:
**(rmsgt)** LYR  Z.S. DIV.  Z.A. DIV.  Z.S. VOR.  Z.A. VOR.  G.M. TEM.  Z.S. TEM.  Z.A. TEM.  G.M. S.H.  Z.S. S.H.  Z.A. S.H.
**(rmsgt)**  28  9.088D-07  5.914D-06  1.293D-05  2.224D-05   250.43       6.68       5.66    1.675D-06  4.156D-07  1.609D-07
**(rmsgt)**  27  2.130D-06  1.516D-05  1.632D-05  2.067D-05   227.84       3.23       4.76    1.788D-06  7.184D-07  2.044D-07
**(rmsgt)**  26  1.691D-06  1.410D-05  1.484D-05  1.705D-05   221.35       2.58       5.09    1.819D-06  8.035D-07  2.243D-07
**(rmsgt)**  25  1.192D-06  1.096D-05  1.324D-05  1.473D-05   216.81       3.57       5.03    1.995D-06  9.619D-07  2.793D-07
**(rmsgt)**  24  1.237D-06  1.144D-05  1.298D-05  1.384D-05   213.33       4.50       4.60    2.288D-06  1.202D-06  3.367D-07
**(rmsgt)**  23  1.485D-06  1.193D-05  1.075D-05  1.362D-05   209.87       5.85       4.42    2.732D-06  1.376D-06  4.414D-07
**(rmsgt)**  22  1.437D-06  1.269D-05  8.510D-06  1.492D-05   206.26       8.01       4.23    3.163D-06  1.286D-06  5.020D-07
**(rmsgt)**  21  1.795D-06  1.402D-05  8.130D-06  1.876D-05   204.62       9.47       4.05    3.585D-06  1.202D-06  9.047D-07
**(rmsgt)**  20  1.783D-06  1.588D-05  8.781D-06  2.481D-05   207.69       7.60       3.74    6.016D-06  1.841D-06  2.158D-06
**(rmsgt)**  19  2.047D-06  1.444D-05  1.038D-05  3.267D-05   213.14       4.45       3.76    1.504D-05  6.043D-06  6.761D-06
**(rmsgt)**  18  2.204D-06  1.355D-05  1.098D-05  4.085D-05   219.24       4.37       3.78    3.940D-05  2.254D-05  2.169D-05
**(rmsgt)**  17  1.745D-06  1.232D-05  1.052D-05  4.677D-05   226.51       7.24       3.23    9.600D-05  6.266D-05  6.962D-05
**(rmsgt)**  16  1.545D-06  1.088D-05  9.291D-06  4.654D-05   234.96       9.30       3.59    2.016D-04  1.296D-04  1.784D-04
**(rmsgt)**  15  1.107D-06  9.854D-06  8.114D-06  4.175D-05   243.53      10.22       3.96    3.856D-04  2.359D-04  3.665D-04
**(rmsgt)**  14  9.089D-07  8.838D-06  7.531D-06  3.608D-05   251.41      10.63       4.44    6.726D-04  4.046D-04  6.356D-04
**(rmsgt)**  13  7.957D-07  8.584D-06  6.582D-06  3.122D-05   258.26      10.73       4.42    1.070D-03  6.822D-04  9.468D-04
**(rmsgt)**  12  8.936D-07  7.785D-06  5.777D-06  2.741D-05   264.11      10.87       4.69    1.600D-03  1.051D-03  1.283D-03
**(rmsgt)**  11  9.575D-07  8.134D-06  5.192D-06  2.515D-05   268.97      10.94       4.57    2.293D-03  1.501D-03  1.615D-03
**(rmsgt)**  10  9.128D-07  7.926D-06  4.830D-06  2.395D-05   273.07      11.16       4.71    3.086D-03  1.964D-03  1.861D-03
**(rmsgt)**   9  9.189D-07  8.108D-06  4.728D-06  2.341D-05   276.44      11.22       4.60    4.052D-03  2.434D-03  1.996D-03
**(rmsgt)**   8  9.487D-07  8.214D-06  4.926D-06  2.346D-05   279.26      11.45       4.74    5.081D-03  2.839D-03  2.084D-03
**(rmsgt)**   7  1.029D-06  8.493D-06  5.296D-06  2.400D-05   281.45      11.59       4.70    6.127D-03  3.204D-03  2.069D-03
**(rmsgt)**   6  1.234D-06  9.044D-06  5.636D-06  2.520D-05   283.38      11.86       4.73    7.128D-03  3.611D-03  2.104D-03
**(rmsgt)**   5  1.635D-06  1.034D-05  5.942D-06  2.660D-05   285.19      12.24       4.58    7.932D-03  3.964D-03  2.208D-03
**(rmsgt)**   4  1.926D-06  1.186D-05  6.174D-06  2.727D-05   286.83      12.67       4.55    8.609D-03  4.309D-03  2.319D-03
**(rmsgt)**   3  2.195D-06  1.330D-05  6.175D-06  2.626D-05   288.27      13.21       4.56    9.148D-03  4.589D-03  2.446D-03
**(rmsgt)**   2  2.599D-06  1.430D-05  5.536D-06  2.273D-05   289.54      13.71       4.64    9.508D-03  4.733D-03  2.536D-03
**(rmsgt)**   1  2.598D-06  1.365D-05  4.015D-06  1.702D-05   290.26      14.14       4.83    9.849D-03  4.875D-03  2.651D-03
**(rmsgt)** AVE  1.417D-06  1.064D-05  7.854D-06  3.084D-05   252.18      10.04       4.35    2.419D-03  1.995D-03  1.374
**(rmsgt)** Log(surface pressure) mean and variance:
**(rmsgt)**  G.M.LNP.= 4.59    ; Z.S.LNP.=0.431D-01; Z.A.LNP.=0.660D-01
**(wridia)** file also contains diagnostics at 15Z of 09/10/2011:
**(globme)**TOTAL PRECIPITATION                      Std.Dev.=   3.6214426; Glob.Mean=   9.3473533    ; in units of Kg M**-2 Day
**-1
**(globme)**CONVECTIVE PRECIPITATION                 Std.Dev.=   3.0861719; Glob.Mean=   8.9457088    ; in units of Kg M**-2 Day
**-1
**(globme)**SENSIBLE HEAT FLUX FROM SURFACE          Std.Dev.=   28.026600; Glob.Mean=   74.185198    ; in units of W M**-2
**(globme)**LATENT HEAT FLUX FROM SURFACE            Std.Dev.=   132.50268; Glob.Mean=   144.19434    ; in units of W M**-2
**(globme)**OUTGOING LONG WAVE AT TOP                Std.Dev.=   265.92545; Glob.Mean=   33.445706    ; in units of W M**-2
**(globme)**SHORT WAVE ABSORBED AT GROUND            Std.Dev.=   188.84202; Glob.Mean=   264.72615    ; in units of W M**-2
**(globme)**NET LONG WAVE AT BOTTOM                  Std.Dev.=   59.617899; Glob.Mean=   37.303050    ; in units of W M**-2
**(Model)** timestep 19 at simulation time 0 days and 10800.0 seconds
**(Model)** timestep 20 at simulation time 0 days and 11400.0 seconds
**(Model)** timestep 21 at simulation time 0 days and 12000.0 seconds
**(Model)** timestep 22 at simulation time 0 days and 12600.0 seconds
**(Model)** timestep 23 at simulation time 0 days and 13200.0 seconds
**(Model)** timestep 24 at simulation time 0 days and 13800.0 seconds
**(Model)** timestep 25 at simulation time 0 days and 14400.0 seconds
**(Model)** timestep 26 at simulation time 0 days and 15000.0 seconds
**(Model)** timestep 27 at simulation time 0 days and 15600.0 seconds
**(Model)** timestep 28 at simulation time 0 days and 16200.0 seconds
**(Model)** timestep 29 at simulation time 0 days and 16800.0 seconds
**(Model)** timestep 30 at simulation time 0 days and 17400.0 seconds
**(Model)** timestep 31 at simulation time 0 days and 18000.0 seconds
**(Model)** timestep 32 at simulation time 0 days and 18600.0 seconds
**(Model)** timestep 33 at simulation time 0 days and 19200.0 seconds
**(Model)** timestep 34 at simulation time 0 days and 19800.0 seconds
**(Model)** timestep 35 at simulation time 0 days and 20400.0 seconds
**(Model)** timestep 36 at simulation time 0 days and 21000.0 seconds
**(opnfct)** writes file GFCT06R20111009122011100918F.fct.T126L28 at simulation time
**(opnfct)** 0 days and 21600.0 seconds; contains state of the atmosphere at 18Z of 09/10/2011
**(rmsgt)** State of the atmosphere at 18Z of 09/10/2011:
**(rmsgt)** Layers and average means and variances:
**(rmsgt)** LYR  Z.S. DIV.  Z.A. DIV.  Z.S. VOR.  Z.A. VOR.  G.M. TEM.  Z.S. TEM.  Z.A. TEM.  G.M. S.H.  Z.S. S.H.  Z.A. S.H.
**(rmsgt)**  28  7.952D-07  6.716D-06  1.301D-05  2.171D-05   250.43       6.67       5.79    1.676D-06  4.145D-07  1.610D-07
**(rmsgt)**  27  2.229D-06  1.742D-05  1.629D-05  2.064D-05   227.79       3.26       4.84    1.787D-06  7.201D-07  2.025D-07
**(rmsgt)**  26  1.581D-06  1.456D-05  1.499D-05  1.719D-05   221.26       2.68       5.11    1.820D-06  8.035D-07  2.216D-07
**(rmsgt)**  25  1.488D-06  1.226D-05  1.342D-05  1.472D-05   216.79       3.57       5.07    1.998D-06  9.633D-07  2.744D-07
**(rmsgt)**  24  1.407D-06  1.126D-05  1.310D-05  1.344D-05   213.35       4.48       4.65    2.291D-06  1.203D-06  3.337D-07
**(rmsgt)**  23  1.238D-06  1.066D-05  1.078D-05  1.361D-05   209.87       5.87       4.45    2.733D-06  1.375D-06  4.407D-07
**(rmsgt)**  22  1.507D-06  1.073D-05  8.546D-06  1.490D-05   206.26       8.06       4.29    3.169D-06  1.282D-06  5.186D-07
**(rmsgt)**  21  1.658D-06  1.165D-05  8.027D-06  1.842D-05   204.72       9.46       4.04    3.639D-06  1.240D-06  1.030D-06
**(rmsgt)**  20  1.525D-06  1.308D-05  8.767D-06  2.386D-05   207.76       7.61       3.71    6.128D-06  1.911D-06  2.504D-06
**(rmsgt)**  19  1.926D-06  1.192D-05  1.054D-05  3.170D-05   213.16       4.44       3.80    1.523D-05  6.013D-06  7.647D-06
**(rmsgt)**  18  2.100D-06  1.171D-05  1.111D-05  3.939D-05   219.26       4.38       3.80    4.002D-05  2.199D-05  2.335D-05
**(rmsgt)**  17  1.585D-06  1.065D-05  1.044D-05  4.419D-05   226.50       7.23       3.30    9.801D-05  6.190D-05  7.089D-05
**(rmsgt)**  16  1.324D-06  9.504D-06  9.125D-06  4.342D-05   234.93       9.30       3.66    2.041D-04  1.271D-04  1.768D-04
**(rmsgt)**  15  1.080D-06  8.736D-06  7.904D-06  3.902D-05   243.45      10.23       4.06    3.859D-04  2.306D-04  3.547D-04
**(rmsgt)**  14  8.332D-07  7.928D-06  7.258D-06  3.395D-05   251.37      10.67       4.49    6.694D-04  3.941D-04  6.118D-04
**(rmsgt)**  13  7.967D-07  7.197D-06  6.310D-06  2.943D-05   258.23      10.78       4.50    1.066D-03  6.673D-04  9.108D-04
**(rmsgt)**  12  8.932D-07  6.714D-06  5.534D-06  2.593D-05   264.11      10.93       4.72    1.595D-03  1.032D-03  1.247D-03
**(rmsgt)**  11  8.172D-07  6.939D-06  4.946D-06  2.373D-05   268.93      10.96       4.62    2.278D-03  1.474D-03  1.576D-03
**(rmsgt)**  10  8.351D-07  6.878D-06  4.587D-06  2.243D-05   273.00      11.19       4.73    3.063D-03  1.940D-03  1.830D-03
**(rmsgt)**   9  8.390D-07  7.039D-06  4.466D-06  2.178D-05   276.32      11.19       4.66    4.038D-03  2.415D-03  1.964D-03
**(rmsgt)**   8  8.257D-07  7.122D-06  4.623D-06  2.165D-05   279.15      11.42       4.75    5.086D-03  2.837D-03  2.050D-03
**(rmsgt)**   7  8.840D-07  7.527D-06  4.971D-06  2.194D-05   281.47      11.65       4.68    6.113D-03  3.193D-03  2.052D-03
**(rmsgt)**   6  1.095D-06  8.547D-06  5.365D-06  2.295D-05   283.48      11.95       4.69    7.116D-03  3.573D-03  2.092D-03
**(rmsgt)**   5  1.497D-06  1.012D-05  5.710D-06  2.440D-05   285.31      12.33       4.54    7.933D-03  3.915D-03  2.217D-03
**(rmsgt)**   4  1.991D-06  1.179D-05  5.850D-06  2.535D-05   286.97      12.73       4.53    8.709D-03  4.324D-03  2.369D-03
**(rmsgt)**   3  2.222D-06  1.327D-05  5.851D-06  2.485D-05   288.33      13.29       4.57    9.341D-03  4.690D-03  2.493D-03
**(rmsgt)**   2  2.457D-06  1.413D-05  5.340D-06  2.175D-05   289.60      13.71       4.64    9.751D-03  4.878D-03  2.597D-03
**(rmsgt)**   1  2.544D-06  1.375D-05  4.011D-06  1.630D-05   290.19      14.09       4.92    1.013D-02  5.060D-03  2.725D-03
**(rmsgt)** AVE  1.333D-06  9.512D-06  7.735D-06  2.907D-05   252.17      10.07       4.39    2.428D-03  1.999D-03  1.365
**(rmsgt)** Log(surface pressure) mean and variance:
**(rmsgt)**  G.M.LNP.= 4.59    ; Z.S.LNP.=0.431D-01; Z.A.LNP.=0.659D-01
**(wridia)** file also contains diagnostics at 18Z of 09/10/2011:
**(globme)**TOTAL PRECIPITATION                      Std.Dev.=   3.3854096; Glob.Mean=   8.6688374    ; in units of Kg M**-2 Day
**-1
**(globme)**CONVECTIVE PRECIPITATION                 Std.Dev.=   2.8489861; Glob.Mean=   8.4499183    ; in units of Kg M**-2 Day
**-1
**(globme)**SENSIBLE HEAT FLUX FROM SURFACE          Std.Dev.=   21.500813; Glob.Mean=   73.136319    ; in units of W M**-2
**(globme)**LATENT HEAT FLUX FROM SURFACE            Std.Dev.=   116.57708; Glob.Mean=   130.44080    ; in units of W M**-2
**(globme)**OUTGOING LONG WAVE AT TOP                Std.Dev.=   245.99660; Glob.Mean=   49.530004    ; in units of W M**-2
**(globme)**SHORT WAVE ABSORBED AT GROUND            Std.Dev.=   175.04779; Glob.Mean=   242.80917    ; in units of W M**-2
**(globme)**NET LONG WAVE AT BOTTOM                  Std.Dev.=   55.300744; Glob.Mean=   42.433273    ; in units of W M**-2
**(Model)** timestep 37 at simulation time 0 days and 21600.0 seconds
**(Model)** timestep 38 at simulation time 0 days and 22200.0 seconds
**(Model)** timestep 39 at simulation time 0 days and 22800.0 seconds
**(Model)** timestep 40 at simulation time 0 days and 23400.0 seconds
**(Model)** timestep 41 at simulation time 0 days and 24000.0 seconds
**(Model)** timestep 42 at simulation time 0 days and 24600.0 seconds
**(Model)** timestep 43 at simulation time 0 days and 25200.0 seconds
**(Model)** timestep 44 at simulation time 0 days and 25800.0 seconds
**(Model)** timestep 45 at simulation time 0 days and 26400.0 seconds
**(Model)** timestep 46 at simulation time 0 days and 27000.0 seconds
**(Model)** timestep 47 at simulation time 0 days and 27600.0 seconds
**(Model)** timestep 48 at simulation time 0 days and 28200.0 seconds
**(Model)** timestep 49 at simulation time 0 days and 28800.0 seconds
**(Model)** timestep 50 at simulation time 0 days and 29400.0 seconds
**(Model)** timestep 51 at simulation time 0 days and 30000.0 seconds
**(Model)** timestep 52 at simulation time 0 days and 30600.0 seconds
**(Model)** timestep 53 at simulation time 0 days and 31200.0 seconds
**(Model)** timestep 54 at simulation time 0 days and 31800.0 seconds
**(opnfct)** writes file GFCT06R20111009122011100921F.fct.T126L28 at simulation time
**(opnfct)** 0 days and 32400.0 seconds; contains state of the atmosphere at 21Z of 09/10/2011
**(rmsgt)** State of the atmosphere at 21Z of 09/10/2011:
**(rmsgt)** Layers and average means and variances:
**(rmsgt)** LYR  Z.S. DIV.  Z.A. DIV.  Z.S. VOR.  Z.A. VOR.  G.M. TEM.  Z.S. TEM.  Z.A. TEM.  G.M. S.H.  Z.S. S.H.  Z.A. S.H.
**(rmsgt)**  28  8.899D-07  6.202D-06  1.325D-05  2.131D-05   250.43       6.67       5.89    1.676D-06  4.142D-07  1.600D-07
**(rmsgt)**  27  2.037D-06  1.708D-05  1.614D-05  2.084D-05   227.68       3.30       4.95    1.788D-06  7.203D-07  2.023D-07
**(rmsgt)**  26  1.635D-06  1.396D-05  1.500D-05  1.747D-05   221.25       2.75       5.14    1.822D-06  8.019D-07  2.208D-07
**(rmsgt)**  25  1.505D-06  1.203D-05  1.342D-05  1.482D-05   216.80       3.61       5.03    2.000D-06  9.625D-07  2.733D-07
**(rmsgt)**  24  1.203D-06  1.075D-05  1.318D-05  1.325D-05   213.39       4.48       4.61    2.292D-06  1.203D-06  3.318D-07
**(rmsgt)**  23  1.387D-06  1.019D-05  1.090D-05  1.320D-05   209.89       5.88       4.39    2.734D-06  1.374D-06  4.412D-07
**(rmsgt)**  22  1.184D-06  1.003D-05  8.660D-06  1.472D-05   206.24       8.10       4.29    3.170D-06  1.276D-06  5.334D-07
**(rmsgt)**  21  1.280D-06  1.110D-05  7.977D-06  1.824D-05   204.76       9.45       4.06    3.680D-06  1.268D-06  1.135D-06
**(rmsgt)**  20  1.426D-06  1.249D-05  8.732D-06  2.348D-05   207.78       7.59       3.72    6.235D-06  1.993D-06  2.828D-06
**(rmsgt)**  19  1.883D-06  1.177D-05  1.055D-05  3.088D-05   213.16       4.43       3.82    1.549D-05  6.037D-06  8.404D-06
**(rmsgt)**  18  2.025D-06  1.118D-05  1.109D-05  3.834D-05   219.25       4.38       3.79    4.094D-05  2.173D-05  2.497D-05
**(rmsgt)**  17  1.486D-06  1.003D-05  1.038D-05  4.273D-05   226.49       7.23       3.30    9.996D-05  6.136D-05  7.227D-05
**(rmsgt)**  16  1.275D-06  9.213D-06  8.937D-06  4.175D-05   234.92       9.29       3.60    2.062D-04  1.247D-04  1.747D-04
**(rmsgt)**  15  1.081D-06  8.128D-06  7.823D-06  3.770D-05   243.42      10.20       4.02    3.864D-04  2.268D-04  3.440D-04
**(rmsgt)**  14  8.235D-07  7.361D-06  7.078D-06  3.276D-05   251.35      10.67       4.45    6.692D-04  3.866D-04  5.917D-04
**(rmsgt)**  13  8.085D-07  6.999D-06  6.178D-06  2.821D-05   258.22      10.80       4.50    1.067D-03  6.549D-04  8.867D-04
**(rmsgt)**  12  7.346D-07  6.651D-06  5.432D-06  2.488D-05   264.11      10.95       4.71    1.593D-03  1.016D-03  1.226D-03
**(rmsgt)**  11  6.810D-07  6.408D-06  4.834D-06  2.274D-05   268.86      10.95       4.63    2.266D-03  1.452D-03  1.554D-03
**(rmsgt)**  10  6.732D-07  6.537D-06  4.486D-06  2.142D-05   272.91      11.18       4.74    3.041D-03  1.918D-03  1.817D-03
**(rmsgt)**   9  7.079D-07  6.598D-06  4.393D-06  2.074D-05   276.24      11.17       4.68    4.024D-03  2.398D-03  1.955D-03
**(rmsgt)**   8  7.535D-07  6.919D-06  4.532D-06  2.069D-05   279.07      11.40       4.76    5.083D-03  2.827D-03  2.024D-03
**(rmsgt)**   7  8.946D-07  7.383D-06  4.875D-06  2.101D-05   281.46      11.70       4.66    6.097D-03  3.170D-03  2.042D-03
**(rmsgt)**   6  1.143D-06  8.392D-06  5.283D-06  2.200D-05   283.54      12.00       4.65    7.103D-03  3.539D-03  2.100D-03
**(rmsgt)**   5  1.534D-06  9.936D-06  5.600D-06  2.336D-05   285.35      12.39       4.51    7.949D-03  3.897D-03  2.245D-03
**(rmsgt)**   4  1.964D-06  1.169D-05  5.669D-06  2.443D-05   287.01      12.76       4.51    8.750D-03  4.336D-03  2.410D-03
**(rmsgt)**   3  2.239D-06  1.304D-05  5.661D-06  2.422D-05   288.34      13.24       4.56    9.436D-03  4.759D-03  2.533D-03
**(rmsgt)**   2  2.435D-06  1.367D-05  5.211D-06  2.130D-05   289.56      13.62       4.64    9.911D-03  4.997D-03  2.635D-03
**(rmsgt)**   1  2.407D-06  1.334D-05  3.945D-06  1.592D-05   289.94      13.92       5.03    1.034D-02  5.223D-03  2.767D-03
**(rmsgt)** AVE  1.268D-06  9.142D-06  7.668D-06  2.806D-05   252.15      10.07       4.38    2.432D-03  2.002D-03  1.363
**(rmsgt)** Log(surface pressure) mean and variance:
**(rmsgt)**  G.M.LNP.= 4.59    ; Z.S.LNP.=0.433D-01; Z.A.LNP.=0.660D-01
**(wridia)** file also contains diagnostics at 21Z of 09/10/2011:
**(globme)**TOTAL PRECIPITATION                      Std.Dev.=   3.3697993; Glob.Mean=   9.0049388    ; in units of Kg M**-2 Day
**-1
**(globme)**CONVECTIVE PRECIPITATION                 Std.Dev.=   2.7611219; Glob.Mean=   8.8169582    ; in units of Kg M**-2 Day
**-1
**(globme)**SENSIBLE HEAT FLUX FROM SURFACE          Std.Dev.=   14.717459; Glob.Mean=   58.626331    ; in units of W M**-2
**(globme)**LATENT HEAT FLUX FROM SURFACE            Std.Dev.=   106.60497; Glob.Mean=   121.56986    ; in units of W M**-2
**(globme)**OUTGOING LONG WAVE AT TOP                Std.Dev.=   244.70088; Glob.Mean=   48.780859    ; in units of W M**-2
**(globme)**SHORT WAVE ABSORBED AT GROUND            Std.Dev.=   178.28485; Glob.Mean=   256.32843    ; in units of W M**-2
**(globme)**NET LONG WAVE AT BOTTOM                  Std.Dev.=   52.756693; Glob.Mean=   37.238787    ; in units of W M**-2
**(Model)** timestep 55 at simulation time 0 days and 32400.0 seconds
**(Model)** timestep 56 at simulation time 0 days and 33000.0 seconds
**(Model)** timestep 57 at simulation time 0 days and 33600.0 seconds
**(Model)** timestep 58 at simulation time 0 days and 34200.0 seconds
**(Model)** timestep 59 at simulation time 0 days and 34800.0 seconds
**(Model)** timestep 60 at simulation time 0 days and 35400.0 seconds
**(Model)** timestep 61 at simulation time 0 days and 36000.0 seconds
**(Model)** timestep 62 at simulation time 0 days and 36600.0 seconds
**(Model)** timestep 63 at simulation time 0 days and 37200.0 seconds
**(Model)** timestep 64 at simulation time 0 days and 37800.0 seconds
**(Model)** timestep 65 at simulation time 0 days and 38400.0 seconds
**(Model)** timestep 66 at simulation time 0 days and 39000.0 seconds
**(Model)** timestep 67 at simulation time 0 days and 39600.0 seconds
**(Model)** timestep 68 at simulation time 0 days and 40200.0 seconds
**(Model)** timestep 69 at simulation time 0 days and 40800.0 seconds
**(Model)** timestep 70 at simulation time 0 days and 41400.0 seconds
**(Model)** timestep 71 at simulation time 0 days and 42000.0 seconds
**(Model)** timestep 72 at simulation time 0 days and 42600.0 seconds
**(opnfct)** writes file GFCT06R20111009122011101000F.fct.T126L28 at simulation time
**(opnfct)** 0 days and 43200.0 seconds; contains state of the atmosphere at 00Z of 10/10/2011
**(rmsgt)** State of the atmosphere at 00Z of 10/10/2011:
**(rmsgt)** Layers and average means and variances:
**(rmsgt)** LYR  Z.S. DIV.  Z.A. DIV.  Z.S. VOR.  Z.A. VOR.  G.M. TEM.  Z.S. TEM.  Z.A. TEM.  G.M. S.H.  Z.S. S.H.  Z.A. S.H.
**(rmsgt)**  28  9.157D-07  5.807D-06  1.321D-05  2.129D-05   250.44       6.62       5.88    1.677D-06  4.143D-07  1.595D-07
**(rmsgt)**  27  2.195D-06  1.741D-05  1.637D-05  2.089D-05   227.58       3.29       5.05    1.790D-06  7.197D-07  2.006D-07
**(rmsgt)**  26  1.733D-06  1.323D-05  1.503D-05  1.781D-05   221.22       2.71       5.13    1.823D-06  8.008D-07  2.206D-07
**(rmsgt)**  25  1.604D-06  1.172D-05  1.335D-05  1.500D-05   216.80       3.58       4.99    2.001D-06  9.616D-07  2.739D-07
**(rmsgt)**  24  1.200D-06  1.074D-05  1.311D-05  1.307D-05   213.43       4.43       4.58    2.292D-06  1.202D-06  3.323D-07
**(rmsgt)**  23  1.285D-06  1.014D-05  1.094D-05  1.280D-05   209.93       5.84       4.34    2.734D-06  1.373D-06  4.410D-07
**(rmsgt)**  22  9.825D-07  1.006D-05  8.841D-06  1.429D-05   206.23       8.09       4.24    3.170D-06  1.269D-06  5.482D-07
**(rmsgt)**  21  1.010D-06  1.082D-05  8.184D-06  1.817D-05   204.77       9.43       4.05    3.715D-06  1.288D-06  1.257D-06
**(rmsgt)**  20  1.315D-06  1.198D-05  8.850D-06  2.343D-05   207.79       7.54       3.71    6.404D-06  2.122D-06  3.281D-06
**(rmsgt)**  19  1.843D-06  1.163D-05  1.057D-05  3.050D-05   213.16       4.38       3.83    1.589D-05  6.204D-06  9.379D-06
**(rmsgt)**  18  1.765D-06  1.069D-05  1.107D-05  3.761D-05   219.25       4.37       3.77    4.214D-05  2.181D-05  2.740D-05
**(rmsgt)**  17  1.639D-06  9.385D-06  1.042D-05  4.179D-05   226.48       7.23       3.27    1.023D-04  6.126D-05  7.571D-05
**(rmsgt)**  16  1.254D-06  8.680D-06  8.967D-06  4.086D-05   234.92       9.30       3.55    2.085D-04  1.221D-04  1.767D-04
**(rmsgt)**  15  1.105D-06  7.748D-06  7.770D-06  3.685D-05   243.40      10.19       3.97    3.877D-04  2.219D-04  3.417D-04
**(rmsgt)**  14  7.497D-07  7.039D-06  6.956D-06  3.189D-05   251.32      10.66       4.40    6.709D-04  3.784D-04  5.832D-04
**(rmsgt)**  13  7.318D-07  6.632D-06  6.078D-06  2.737D-05   258.19      10.81       4.48    1.068D-03  6.422D-04  8.786D-04
**(rmsgt)**  12  7.146D-07  6.410D-06  5.336D-06  2.417D-05   264.09      10.97       4.69    1.592D-03  1.001D-03  1.217D-03
**(rmsgt)**  11  7.667D-07  6.342D-06  4.719D-06  2.200D-05   268.78      10.94       4.61    2.255D-03  1.435D-03  1.546D-03
**(rmsgt)**  10  7.198D-07  6.549D-06  4.365D-06  2.064D-05   272.81      11.16       4.73    3.023D-03  1.898D-03  1.821D-03
**(rmsgt)**   9  7.810D-07  6.636D-06  4.282D-06  2.000D-05   276.17      11.17       4.69    4.014D-03  2.383D-03  1.968D-03
**(rmsgt)**   8  8.431D-07  6.866D-06  4.441D-06  2.012D-05   279.00      11.39       4.76    5.072D-03  2.816D-03  2.025D-03
**(rmsgt)**   7  9.963D-07  7.202D-06  4.776D-06  2.058D-05   281.43      11.73       4.62    6.077D-03  3.151D-03  2.052D-03
**(rmsgt)**   6  1.151D-06  7.932D-06  5.186D-06  2.163D-05   283.54      12.02       4.62    7.084D-03  3.518D-03  2.123D-03
**(rmsgt)**   5  1.419D-06  9.198D-06  5.455D-06  2.300D-05   285.33      12.39       4.51    7.952D-03  3.897D-03  2.269D-03
**(rmsgt)**   4  1.844D-06  1.057D-05  5.524D-06  2.418D-05   286.98      12.73       4.50    8.757D-03  4.340D-03  2.435D-03
**(rmsgt)**   3  2.081D-06  1.179D-05  5.453D-06  2.396D-05   288.25      13.15       4.58    9.495D-03  4.808D-03  2.549D-03
**(rmsgt)**   2  2.218D-06  1.235D-05  4.975D-06  2.089D-05   289.44      13.51       4.66    1.003D-02  5.093D-03  2.644D-03
**(rmsgt)**   1  2.236D-06  1.208D-05  3.781D-06  1.548D-05   289.72      13.78       5.10    1.050D-02  5.350D-03  2.792D-03
**(rmsgt)** AVE  1.229D-06  8.767D-06  7.637D-06  2.744D-05   252.12      10.06       4.36    2.433D-03  2.005D-03  1.368
**(rmsgt)** Log(surface pressure) mean and variance:
**(rmsgt)**  G.M.LNP.= 4.59    ; Z.S.LNP.=0.433D-01; Z.A.LNP.=0.660D-01
**(wridia)** file also contains diagnostics at 00Z of 10/10/2011:
**(globme)**TOTAL PRECIPITATION                      Std.Dev.=   3.2940732; Glob.Mean=   8.9645780    ; in units of Kg M**-2 Day
**-1
**(globme)**CONVECTIVE PRECIPITATION                 Std.Dev.=   2.6112747; Glob.Mean=   8.7257621    ; in units of Kg M**-2 Day
**-1
**(globme)**SENSIBLE HEAT FLUX FROM SURFACE          Std.Dev.=   7.5736138; Glob.Mean=   37.698175    ; in units of W M**-2
**(globme)**LATENT HEAT FLUX FROM SURFACE            Std.Dev.=   96.845451; Glob.Mean=   114.99628    ; in units of W M**-2
**(globme)**OUTGOING LONG WAVE AT TOP                Std.Dev.=   243.77920; Glob.Mean=   48.641454    ; in units of W M**-2
**(globme)**SHORT WAVE ABSORBED AT GROUND            Std.Dev.=   181.55311; Glob.Mean=   262.53173    ; in units of W M**-2
**(globme)**NET LONG WAVE AT BOTTOM                  Std.Dev.=   51.051434; Glob.Mean=   34.904097    ; in units of W M**-2
**(Model)** timestep 73 at simulation time 0 days and 43200.0 seconds
**(Model)** timestep 74 at simulation time 0 days and 43800.0 seconds
**(Model)** timestep 75 at simulation time 0 days and 44400.0 seconds
**(Model)** timestep 76 at simulation time 0 days and 45000.0 seconds
**(Model)** timestep 77 at simulation time 0 days and 45600.0 seconds
**(Model)** timestep 78 at simulation time 0 days and 46200.0 seconds
**(Model)** timestep 79 at simulation time 0 days and 46800.0 seconds
**(Model)** timestep 80 at simulation time 0 days and 47400.0 seconds
**(Model)** timestep 81 at simulation time 0 days and 48000.0 seconds
**(Model)** timestep 82 at simulation time 0 days and 48600.0 seconds
**(Model)** timestep 83 at simulation time 0 days and 49200.0 seconds
**(Model)** timestep 84 at simulation time 0 days and 49800.0 seconds
**(Model)** timestep 85 at simulation time 0 days and 50400.0 seconds
**(Model)** timestep 86 at simulation time 0 days and 51000.0 seconds
**(Model)** timestep 87 at simulation time 0 days and 51600.0 seconds
**(Model)** timestep 88 at simulation time 0 days and 52200.0 seconds
**(Model)** timestep 89 at simulation time 0 days and 52800.0 seconds
**(Model)** timestep 90 at simulation time 0 days and 53400.0 seconds
**(opnfct)** writes file GFCT06R20111009122011101003F.fct.T126L28 at simulation time
**(opnfct)** 0 days and 54000.0 seconds; contains state of the atmosphere at 03Z of 10/10/2011
**(rmsgt)** State of the atmosphere at 03Z of 10/10/2011:
**(rmsgt)** Layers and average means and variances:
**(rmsgt)** LYR  Z.S. DIV.  Z.A. DIV.  Z.S. VOR.  Z.A. VOR.  G.M. TEM.  Z.S. TEM.  Z.A. TEM.  G.M. S.H.  Z.S. S.H.  Z.A. S.H.
**(rmsgt)**  28  8.053D-07  5.317D-06  1.323D-05  2.119D-05   250.45       6.57       5.84    1.677D-06  4.137D-07  1.605D-07
**(rmsgt)**  27  2.124D-06  1.612D-05  1.662D-05  2.100D-05   227.49       3.29       5.17    1.792D-06  7.191D-07  1.990D-07
**(rmsgt)**  26  1.338D-06  1.312D-05  1.495D-05  1.752D-05   221.17       2.61       5.19    1.821D-06  7.994D-07  2.209D-07
**(rmsgt)**  25  1.311D-06  1.169D-05  1.326D-05  1.488D-05   216.79       3.49       5.13    2.001D-06  9.604D-07  2.729D-07
**(rmsgt)**  24  1.012D-06  1.042D-05  1.301D-05  1.314D-05   213.48       4.36       4.67    2.292D-06  1.202D-06  3.322D-07
**(rmsgt)**  23  1.153D-06  9.725D-06  1.081D-05  1.262D-05   209.98       5.78       4.39    2.733D-06  1.372D-06  4.422D-07
**(rmsgt)**  22  1.069D-06  9.744D-06  8.800D-06  1.395D-05   206.24       8.07       4.24    3.174D-06  1.264D-06  5.600D-07
**(rmsgt)**  21  1.070D-06  1.060D-05  8.307D-06  1.818D-05   204.76       9.42       4.04    3.758D-06  1.324D-06  1.412D-06
**(rmsgt)**  20  1.365D-06  1.189D-05  9.094D-06  2.331D-05   207.79       7.52       3.67    6.573D-06  2.267D-06  3.608D-06
**(rmsgt)**  19  1.999D-06  1.158D-05  1.079D-05  3.041D-05   213.17       4.34       3.82    1.623D-05  6.345D-06  1.014D-05
**(rmsgt)**  18  1.836D-06  1.045D-05  1.103D-05  3.733D-05   219.25       4.38       3.75    4.308D-05  2.190D-05  2.941D-05
**(rmsgt)**  17  1.339D-06  8.862D-06  1.025D-05  4.104D-05   226.48       7.23       3.24    1.037D-04  6.126D-05  7.838D-05
**(rmsgt)**  16  1.034D-06  8.327D-06  8.909D-06  4.003D-05   234.91       9.31       3.50    2.090D-04  1.195D-04  1.778D-04
**(rmsgt)**  15  1.050D-06  7.313D-06  7.771D-06  3.591D-05   243.36      10.21       3.93    3.881D-04  2.166D-04  3.385D-04
**(rmsgt)**  14  7.881D-07  6.695D-06  6.866D-06  3.096D-05   251.28      10.67       4.37    6.721D-04  3.707D-04  5.771D-04
**(rmsgt)**  13  7.284D-07  6.304D-06  5.876D-06  2.669D-05   258.15      10.84       4.46    1.067D-03  6.303D-04  8.721D-04
**(rmsgt)**  12  6.731D-07  6.250D-06  5.147D-06  2.362D-05   264.07      11.00       4.68    1.589D-03  9.869D-04  1.208D-03
**(rmsgt)**  11  6.888D-07  6.213D-06  4.578D-06  2.149D-05   268.71      10.93       4.59    2.249D-03  1.419D-03  1.541D-03
**(rmsgt)**  10  6.729D-07  6.479D-06  4.231D-06  2.014D-05   272.71      11.14       4.72    3.012D-03  1.881D-03  1.831D-03
**(rmsgt)**   9  7.213D-07  6.466D-06  4.140D-06  1.951D-05   276.09      11.16       4.69    4.005D-03  2.365D-03  1.982D-03
**(rmsgt)**   8  7.403D-07  6.679D-06  4.300D-06  1.963D-05   278.92      11.38       4.76    5.065D-03  2.801D-03  2.030D-03
**(rmsgt)**   7  9.595D-07  7.161D-06  4.621D-06  2.017D-05   281.37      11.73       4.62    6.063D-03  3.134D-03  2.067D-03
**(rmsgt)**   6  1.151D-06  7.952D-06  5.018D-06  2.123D-05   283.51      12.02       4.62    7.079D-03  3.508D-03  2.148D-03
**(rmsgt)**   5  1.472D-06  9.224D-06  5.287D-06  2.255D-05   285.31      12.36       4.53    7.970D-03  3.901D-03  2.293D-03
**(rmsgt)**   4  1.892D-06  1.047D-05  5.348D-06  2.368D-05   286.97      12.69       4.52    8.794D-03  4.367D-03  2.446D-03
**(rmsgt)**   3  2.108D-06  1.146D-05  5.222D-06  2.344D-05   288.24      13.09       4.54    9.558D-03  4.869D-03  2.565D-03
**(rmsgt)**   2  2.232D-06  1.189D-05  4.756D-06  2.050D-05   289.44      13.44       4.62    1.010D-02  5.165D-03  2.661D-03
**(rmsgt)**   1  2.192D-06  1.160D-05  3.688D-06  1.519D-05   289.72      13.74       5.05    1.058D-02  5.407D-03  2.809D-03
**(rmsgt)** AVE  1.192D-06  8.530D-06  7.575D-06  2.691D-05   252.09      10.05       4.35    2.435D-03  2.008D-03  1.374
**(rmsgt)** Log(surface pressure) mean and variance:
**(rmsgt)**  G.M.LNP.= 4.59    ; Z.S.LNP.=0.434D-01; Z.A.LNP.=0.659D-01
**(wridia)** file also contains diagnostics at 03Z of 10/10/2011:
**(globme)**TOTAL PRECIPITATION                      Std.Dev.=   3.1355784; Glob.Mean=   8.8257302    ; in units of Kg M**-2 Day
**-1
**(globme)**CONVECTIVE PRECIPITATION                 Std.Dev.=   2.4311219; Glob.Mean=   8.5429770    ; in units of Kg M**-2 Day
**-1
**(globme)**SENSIBLE HEAT FLUX FROM SURFACE          Std.Dev.=   12.010088; Glob.Mean=   55.632975    ; in units of W M**-2
**(globme)**LATENT HEAT FLUX FROM SURFACE            Std.Dev.=   94.732460; Glob.Mean=   113.75271    ; in units of W M**-2
**(globme)**OUTGOING LONG WAVE AT TOP                Std.Dev.=   243.64180; Glob.Mean=   48.390826    ; in units of W M**-2
**(globme)**SHORT WAVE ABSORBED AT GROUND            Std.Dev.=   179.18240; Glob.Mean=   256.58342    ; in units of W M**-2
**(globme)**NET LONG WAVE AT BOTTOM                  Std.Dev.=   50.281219; Glob.Mean=   32.839928    ; in units of W M**-2
**(Model)** timestep 91 at simulation time 0 days and 54000.0 seconds
**(Model)** timestep 92 at simulation time 0 days and 54600.0 seconds
**(Model)** timestep 93 at simulation time 0 days and 55200.0 seconds
**(Model)** timestep 94 at simulation time 0 days and 55800.0 seconds
**(Model)** timestep 95 at simulation time 0 days and 56400.0 seconds
**(Model)** timestep 96 at simulation time 0 days and 57000.0 seconds
**(Model)** timestep 97 at simulation time 0 days and 57600.0 seconds
**(Model)** timestep 98 at simulation time 0 days and 58200.0 seconds
**(Model)** timestep 99 at simulation time 0 days and 58800.0 seconds
**(Model)** timestep 100 at simulation time 0 days and 59400.0 seconds
**(Model)** timestep 101 at simulation time 0 days and 60000.0 seconds
**(Model)** timestep 102 at simulation time 0 days and 60600.0 seconds
**(Model)** timestep 103 at simulation time 0 days and 61200.0 seconds
**(Model)** timestep 104 at simulation time 0 days and 61800.0 seconds
**(Model)** timestep 105 at simulation time 0 days and 62400.0 seconds
**(Model)** timestep 106 at simulation time 0 days and 63000.0 seconds
**(Model)** timestep 107 at simulation time 0 days and 63600.0 seconds
**(Model)** timestep 108 at simulation time 0 days and 64200.0 seconds
**(opnfct)** writes file GFCT06R20111009122011101006F.fct.T126L28 at simulation time
**(opnfct)** 0 days and 64800.0 seconds; contains state of the atmosphere at 06Z of 10/10/2011
**(rmsgt)** State of the atmosphere at 06Z of 10/10/2011:
**(rmsgt)** Layers and average means and variances:
**(rmsgt)** LYR  Z.S. DIV.  Z.A. DIV.  Z.S. VOR.  Z.A. VOR.  G.M. TEM.  Z.S. TEM.  Z.A. TEM.  G.M. S.H.  Z.S. S.H.  Z.A. S.H.
**(rmsgt)**  28  7.657D-07  5.172D-06  1.320D-05  2.117D-05   250.46       6.48       5.80    1.678D-06  4.132D-07  1.616D-07
**(rmsgt)**  27  1.918D-06  1.531D-05  1.658D-05  2.098D-05   227.40       3.33       5.34    1.792D-06  7.187D-07  1.995D-07
**(rmsgt)**  26  1.672D-06  1.283D-05  1.499D-05  1.753D-05   221.14       2.53       5.29    1.820D-06  7.977D-07  2.201D-07
**(rmsgt)**  25  1.370D-06  1.106D-05  1.334D-05  1.493D-05   216.80       3.40       5.22    2.000D-06  9.588D-07  2.724D-07
**(rmsgt)**  24  1.689D-06  1.000D-05  1.300D-05  1.323D-05   213.52       4.28       4.75    2.294D-06  1.201D-06  3.311D-07
**(rmsgt)**  23  1.131D-06  9.619D-06  1.072D-05  1.272D-05   210.01       5.71       4.46    2.734D-06  1.372D-06  4.452D-07
**(rmsgt)**  22  1.308D-06  9.346D-06  8.644D-06  1.373D-05   206.24       8.04       4.28    3.182D-06  1.263D-06  5.931D-07
**(rmsgt)**  21  1.439D-06  1.029D-05  8.211D-06  1.799D-05   204.75       9.44       4.05    3.804D-06  1.359D-06  1.557D-06
**(rmsgt)**  20  1.531D-06  1.154D-05  9.271D-06  2.303D-05   207.81       7.51       3.66    6.705D-06  2.377D-06  3.863D-06
**(rmsgt)**  19  1.981D-06  1.130D-05  1.099D-05  3.009D-05   213.19       4.32       3.81    1.646D-05  6.465D-06  1.063D-05
**(rmsgt)**  18  1.824D-06  1.060D-05  1.111D-05  3.700D-05   219.27       4.39       3.73    4.368D-05  2.193D-05  3.076D-05
**(rmsgt)**  17  1.369D-06  8.794D-06  1.023D-05  4.019D-05   226.49       7.25       3.20    1.041D-04  6.070D-05  7.989D-05
**(rmsgt)**  16  9.449D-07  8.122D-06  8.907D-06  3.897D-05   234.90       9.34       3.45    2.089D-04  1.172D-04  1.769D-04
**(rmsgt)**  15  1.049D-06  7.145D-06  7.791D-06  3.490D-05   243.31      10.25       3.90    3.885D-04  2.124D-04  3.352D-04
**(rmsgt)**  14  7.706D-07  6.478D-06  6.802D-06  3.009D-05   251.24      10.70       4.34    6.710D-04  3.638D-04  5.704D-04
**(rmsgt)**  13  6.158D-07  6.011D-06  5.796D-06  2.600D-05   258.13      10.88       4.45    1.061D-03  6.168D-04  8.616D-04
**(rmsgt)**  12  6.824D-07  6.192D-06  5.063D-06  2.300D-05   264.06      11.04       4.66    1.580D-03  9.668D-04  1.195D-03
**(rmsgt)**  11  6.737D-07  6.301D-06  4.542D-06  2.105D-05   268.66      10.92       4.57    2.239D-03  1.396D-03  1.528D-03
**(rmsgt)**  10  6.627D-07  6.531D-06  4.196D-06  1.985D-05   272.63      11.11       4.70    2.999D-03  1.862D-03  1.825D-03
**(rmsgt)**   9  6.851D-07  6.478D-06  4.115D-06  1.925D-05   276.01      11.15       4.69    3.999D-03  2.351D-03  1.983D-03
**(rmsgt)**   8  6.867D-07  6.686D-06  4.271D-06  1.934D-05   278.86      11.37       4.76    5.064D-03  2.788D-03  2.033D-03
**(rmsgt)**   7  8.925D-07  7.200D-06  4.583D-06  1.995D-05   281.34      11.73       4.64    6.061D-03  3.121D-03  2.074D-03
**(rmsgt)**   6  1.217D-06  8.133D-06  4.975D-06  2.102D-05   283.51      12.03       4.63    7.086D-03  3.505D-03  2.165D-03
**(rmsgt)**   5  1.587D-06  9.524D-06  5.224D-06  2.230D-05   285.35      12.36       4.52    8.006D-03  3.929D-03  2.326D-03
**(rmsgt)**   4  1.977D-06  1.072D-05  5.260D-06  2.333D-05   287.03      12.69       4.47    8.825D-03  4.399D-03  2.471D-03
**(rmsgt)**   3  2.189D-06  1.151D-05  5.113D-06  2.312D-05   288.30      13.08       4.42    9.601D-03  4.909D-03  2.573D-03
**(rmsgt)**   2  2.288D-06  1.199D-05  4.661D-06  2.023D-05   289.53      13.42       4.48    1.015D-02  5.199D-03  2.665D-03
**(rmsgt)**   1  2.247D-06  1.188D-05  3.695D-06  1.507D-05   290.00      13.78       4.89    1.062D-02  5.430D-03  2.793D-03
**(rmsgt)** AVE  1.228D-06  8.441D-06  7.567D-06  2.638D-05   252.07      10.06       4.34    2.436D-03  2.009D-03  1.376
**(rmsgt)** Log(surface pressure) mean and variance:
**(rmsgt)**  G.M.LNP.= 4.59    ; Z.S.LNP.=0.435D-01; Z.A.LNP.=0.659D-01
**(wridia)** file also contains diagnostics at 06Z of 10/10/2011:
**(globme)**TOTAL PRECIPITATION                      Std.Dev.=   3.2832916; Glob.Mean=   9.3080744    ; in units of Kg M**-2 Day
**-1
**(globme)**CONVECTIVE PRECIPITATION                 Std.Dev.=   2.5658086; Glob.Mean=   9.0120929    ; in units of Kg M**-2 Day
**-1
**(globme)**SENSIBLE HEAT FLUX FROM SURFACE          Std.Dev.=   20.638927; Glob.Mean=   71.145971    ; in units of W M**-2
**(globme)**LATENT HEAT FLUX FROM SURFACE            Std.Dev.=   96.431704; Glob.Mean=   115.32899    ; in units of W M**-2
**(globme)**OUTGOING LONG WAVE AT TOP                Std.Dev.=   243.59851; Glob.Mean=   48.726471    ; in units of W M**-2
**(globme)**SHORT WAVE ABSORBED AT GROUND            Std.Dev.=   177.83021; Glob.Mean=   254.72545    ; in units of W M**-2
**(globme)**NET LONG WAVE AT BOTTOM                  Std.Dev.=   51.554472; Glob.Mean=   34.794175    ; in units of W M**-2
**(Model)** timestep 109 at simulation time 0 days and 64800.0 seconds
**(Model)** timestep 110 at simulation time 0 days and 65400.0 seconds
**(Model)** timestep 111 at simulation time 0 days and 66000.0 seconds
**(Model)** timestep 112 at simulation time 0 days and 66600.0 seconds
**(Model)** timestep 113 at simulation time 0 days and 67200.0 seconds
**(Model)** timestep 114 at simulation time 0 days and 67800.0 seconds
**(Model)** timestep 115 at simulation time 0 days and 68400.0 seconds
**(Model)** timestep 116 at simulation time 0 days and 69000.0 seconds
**(Model)** timestep 117 at simulation time 0 days and 69600.0 seconds
**(Model)** timestep 118 at simulation time 0 days and 70200.0 seconds
**(Model)** timestep 119 at simulation time 0 days and 70800.0 seconds
**(Model)** timestep 120 at simulation time 0 days and 71400.0 seconds
**(Model)** timestep 121 at simulation time 0 days and 72000.0 seconds
**(Model)** timestep 122 at simulation time 0 days and 72600.0 seconds
**(Model)** timestep 123 at simulation time 0 days and 73200.0 seconds
**(Model)** timestep 124 at simulation time 0 days and 73800.0 seconds
**(Model)** timestep 125 at simulation time 0 days and 74400.0 seconds
**(Model)** timestep 126 at simulation time 0 days and 75000.0 seconds
**(opnfct)** writes file GFCT06R20111009122011101009F.fct.T126L28 at simulation time
**(opnfct)** 0 days and 75600.0 seconds; contains state of the atmosphere at 09Z of 10/10/2011
**(rmsgt)** State of the atmosphere at 09Z of 10/10/2011:
**(rmsgt)** Layers and average means and variances:
**(rmsgt)** LYR  Z.S. DIV.  Z.A. DIV.  Z.S. VOR.  Z.A. VOR.  G.M. TEM.  Z.S. TEM.  Z.A. TEM.  G.M. S.H.  Z.S. S.H.  Z.A. S.H.
**(rmsgt)**  28  7.537D-07  4.726D-06  1.314D-05  2.134D-05   250.49       6.41       5.78    1.679D-06  4.122D-07  1.625D-07
**(rmsgt)**  27  1.699D-06  1.422D-05  1.622D-05  2.104D-05   227.28       3.32       5.46    1.791D-06  7.177D-07  2.010D-07
**(rmsgt)**  26  1.257D-06  1.198D-05  1.491D-05  1.740D-05   221.11       2.51       5.40    1.819D-06  7.973D-07  2.187D-07
**(rmsgt)**  25  1.238D-06  1.035D-05  1.339D-05  1.518D-05   216.81       3.34       5.21    2.001D-06  9.588D-07  2.722D-07
**(rmsgt)**  24  1.206D-06  9.930D-06  1.305D-05  1.341D-05   213.55       4.23       4.76    2.296D-06  1.199D-06  3.312D-07
**(rmsgt)**  23  9.733D-07  9.233D-06  1.075D-05  1.295D-05   210.04       5.69       4.49    2.738D-06  1.371D-06  4.492D-07
**(rmsgt)**  22  1.433D-06  9.246D-06  8.685D-06  1.375D-05   206.24       8.07       4.34    3.191D-06  1.260D-06  6.271D-07
**(rmsgt)**  21  1.481D-06  1.032D-05  8.230D-06  1.786D-05   204.73       9.49       4.08    3.839D-06  1.383D-06  1.653D-06
**(rmsgt)**  20  1.709D-06  1.117D-05  9.319D-06  2.290D-05   207.83       7.53       3.68    6.826D-06  2.470D-06  4.018D-06
**(rmsgt)**  19  2.056D-06  1.109D-05  1.103D-05  2.953D-05   213.22       4.31       3.81    1.671D-05  6.647D-06  1.090D-05
**(rmsgt)**  18  1.905D-06  1.050D-05  1.120D-05  3.622D-05   219.29       4.38       3.70    4.418D-05  2.229D-05  3.156D-05
**(rmsgt)**  17  1.326D-06  8.672D-06  1.035D-05  3.912D-05   226.48       7.25       3.17    1.042D-04  6.067D-05  8.035D-05
**(rmsgt)**  16  1.120D-06  7.742D-06  8.991D-06  3.781D-05   234.87       9.36       3.41    2.089D-04  1.160D-04  1.749D-04
**(rmsgt)**  15  1.018D-06  7.084D-06  7.810D-06  3.405D-05   243.25      10.27       3.87    3.891D-04  2.103D-04  3.291D-04
**(rmsgt)**  14  7.366D-07  6.378D-06  6.754D-06  2.946D-05   251.20      10.71       4.30    6.711D-04  3.604D-04  5.609D-04
**(rmsgt)**  13  4.817D-07  5.948D-06  5.791D-06  2.543D-05   258.11      10.91       4.42    1.058D-03  6.077D-04  8.499D-04
**(rmsgt)**  12  5.575D-07  6.137D-06  5.090D-06  2.250D-05   264.06      11.06       4.64    1.572D-03  9.501D-04  1.184D-03
**(rmsgt)**  11  6.574D-07  6.207D-06  4.643D-06  2.068D-05   268.62      10.91       4.56    2.228D-03  1.374D-03  1.515D-03
**(rmsgt)**  10  8.183D-07  6.471D-06  4.347D-06  1.959D-05   272.58      11.09       4.69    2.987D-03  1.844D-03  1.814D-03
**(rmsgt)**   9  8.085D-07  6.445D-06  4.283D-06  1.906D-05   275.95      11.13       4.70    3.996D-03  2.341D-03  1.973D-03
**(rmsgt)**   8  7.157D-07  6.642D-06  4.424D-06  1.919D-05   278.82      11.36       4.76    5.067D-03  2.782D-03  2.025D-03
**(rmsgt)**   7  8.571D-07  7.188D-06  4.705D-06  1.991D-05   281.32      11.72       4.65    6.065D-03  3.118D-03  2.073D-03
**(rmsgt)**   6  1.160D-06  8.137D-06  5.041D-06  2.110D-05   283.52      12.03       4.61    7.102D-03  3.517D-03  2.183D-03
**(rmsgt)**   5  1.474D-06  9.607D-06  5.250D-06  2.232D-05   285.39      12.37       4.43    8.047D-03  3.960D-03  2.331D-03
**(rmsgt)**   4  1.816D-06  1.113D-05  5.290D-06  2.314D-05   287.13      12.73       4.35    8.851D-03  4.421D-03  2.480D-03
**(rmsgt)**   3  2.075D-06  1.212D-05  5.119D-06  2.282D-05   288.49      13.16       4.33    9.618D-03  4.926D-03  2.584D-03
**(rmsgt)**   2  2.236D-06  1.272D-05  4.615D-06  2.007D-05   289.78      13.51       4.41    1.018D-02  5.222D-03  2.674D-03
**(rmsgt)**   1  2.217D-06  1.285D-05  3.696D-06  1.538D-05   290.47      14.00       4.77    1.064D-02  5.429D-03  2.797D-03
**(rmsgt)** AVE  1.216D-06  8.371D-06  7.611D-06  2.589D-05   252.07      10.07       4.32    2.438D-03  2.010D-03  1.374
**(rmsgt)** Log(surface pressure) mean and variance:
**(rmsgt)**  G.M.LNP.= 4.59    ; Z.S.LNP.=0.435D-01; Z.A.LNP.=0.659D-01
**(wridia)** file also contains diagnostics at 09Z of 10/10/2011:
**(globme)**TOTAL PRECIPITATION                      Std.Dev.=   3.3216580; Glob.Mean=   9.1893936    ; in units of Kg M**-2 Day
**-1
**(globme)**CONVECTIVE PRECIPITATION                 Std.Dev.=   2.5961695; Glob.Mean=   8.8456551    ; in units of Kg M**-2 Day
**-1
**(globme)**SENSIBLE HEAT FLUX FROM SURFACE          Std.Dev.=   27.734454; Glob.Mean=   72.025241    ; in units of W M**-2
**(globme)**LATENT HEAT FLUX FROM SURFACE            Std.Dev.=   97.401423; Glob.Mean=   111.81941    ; in units of W M**-2
**(globme)**OUTGOING LONG WAVE AT TOP                Std.Dev.=   243.22210; Glob.Mean=   50.005099    ; in units of W M**-2
**(globme)**SHORT WAVE ABSORBED AT GROUND            Std.Dev.=   178.65241; Glob.Mean=   255.37020    ; in units of W M**-2
**(globme)**NET LONG WAVE AT BOTTOM                  Std.Dev.=   54.611116; Glob.Mean=   39.017622    ; in units of W M**-2
**(Model)** timestep 127 at simulation time 0 days and 75600.0 seconds
**(Model)** timestep 128 at simulation time 0 days and 76200.0 seconds
**(Model)** timestep 129 at simulation time 0 days and 76800.0 seconds
**(Model)** timestep 130 at simulation time 0 days and 77400.0 seconds
**(Model)** timestep 131 at simulation time 0 days and 78000.0 seconds
**(Model)** timestep 132 at simulation time 0 days and 78600.0 seconds
**(Model)** timestep 133 at simulation time 0 days and 79200.0 seconds
**(Model)** timestep 134 at simulation time 0 days and 79800.0 seconds
**(Model)** timestep 135 at simulation time 0 days and 80400.0 seconds
**(Model)** timestep 136 at simulation time 0 days and 81000.0 seconds
**(Model)** timestep 137 at simulation time 0 days and 81600.0 seconds
**(Model)** timestep 138 at simulation time 0 days and 82200.0 seconds
**(Model)** timestep 139 at simulation time 0 days and 82800.0 seconds
**(Model)** timestep 140 at simulation time 0 days and 83400.0 seconds
**(Model)** timestep 141 at simulation time 0 days and 84000.0 seconds
**(Model)** timestep 142 at simulation time 0 days and 84600.0 seconds
**(Model)** timestep 143 at simulation time 0 days and 85200.0 seconds
**(Model)** timestep 144 at simulation time 0 days and 85800.0 seconds
**(opnfct)** writes file GFCT06R20111009122011101012F.fct.T126L28 at simulation time
**(opnfct)** 1 days and 0.0 seconds; contains state of the atmosphere at 12Z of 10/10/2011
**(rmsgt)** State of the atmosphere at 12Z of 10/10/2011:
**(rmsgt)** Layers and average means and variances:
**(rmsgt)** LYR  Z.S. DIV.  Z.A. DIV.  Z.S. VOR.  Z.A. VOR.  G.M. TEM.  Z.S. TEM.  Z.A. TEM.  G.M. S.H.  Z.S. S.H.  Z.A. S.H.
**(rmsgt)**  28  8.222D-07  4.625D-06  1.314D-05  2.157D-05   250.50       6.40       5.82    1.680D-06  4.111D-07  1.633D-07
**(rmsgt)**  27  1.888D-06  1.387D-05  1.615D-05  2.089D-05   227.20       3.33       5.61    1.790D-06  7.166D-07  2.016D-07
**(rmsgt)**  26  1.438D-06  1.172D-05  1.486D-05  1.716D-05   221.07       2.53       5.37    1.819D-06  7.966D-07  2.180D-07
**(rmsgt)**  25  1.220D-06  1.047D-05  1.324D-05  1.498D-05   216.80       3.30       5.20    2.002D-06  9.597D-07  2.713D-07
**(rmsgt)**  24  1.103D-06  9.390D-06  1.291D-05  1.349D-05   213.57       4.20       4.80    2.299D-06  1.198D-06  3.296D-07
**(rmsgt)**  23  1.096D-06  9.274D-06  1.076D-05  1.303D-05   210.07       5.70       4.49    2.741D-06  1.370D-06  4.537D-07
**(rmsgt)**  22  1.208D-06  9.156D-06  8.768D-06  1.379D-05   206.24       8.12       4.35    3.196D-06  1.259D-06  6.498D-07
**(rmsgt)**  21  1.610D-06  1.020D-05  8.304D-06  1.763D-05   204.73       9.56       4.09    3.868D-06  1.404D-06  1.727D-06
**(rmsgt)**  20  1.758D-06  1.101D-05  9.359D-06  2.265D-05   207.85       7.55       3.67    6.953D-06  2.554D-06  4.156D-06
**(rmsgt)**  19  2.139D-06  1.080D-05  1.108D-05  2.902D-05   213.26       4.29       3.79    1.695D-05  6.832D-06  1.112D-05
**(rmsgt)**  18  1.830D-06  1.039D-05  1.137D-05  3.546D-05   219.29       4.37       3.67    4.467D-05  2.284D-05  3.216D-05
**(rmsgt)**  17  1.408D-06  8.569D-06  1.060D-05  3.815D-05   226.46       7.26       3.14    1.043D-04  6.132D-05  8.017D-05
**(rmsgt)**  16  1.265D-06  7.669D-06  9.127D-06  3.683D-05   234.83       9.39       3.38    2.084D-04  1.151D-04  1.716D-04
**(rmsgt)**  15  9.861D-07  6.965D-06  7.860D-06  3.332D-05   243.20      10.30       3.84    3.879D-04  2.083D-04  3.204D-04
**(rmsgt)**  14  7.494D-07  6.371D-06  6.760D-06  2.894D-05   251.17      10.73       4.28    6.695D-04  3.570D-04  5.459D-04
**(rmsgt)**  13  4.953D-07  5.985D-06  5.827D-06  2.503D-05   258.09      10.94       4.40    1.054D-03  5.993D-04  8.292D-04
**(rmsgt)**  12  5.933D-07  6.022D-06  5.196D-06  2.219D-05   264.07      11.09       4.62    1.569D-03  9.361D-04  1.165D-03
**(rmsgt)**  11  6.908D-07  6.125D-06  4.783D-06  2.041D-05   268.59      10.91       4.54    2.221D-03  1.357D-03  1.499D-03
**(rmsgt)**  10  8.493D-07  6.459D-06  4.506D-06  1.935D-05   272.53      11.08       4.69    2.978D-03  1.830D-03  1.801D-03
**(rmsgt)**   9  8.007D-07  6.581D-06  4.410D-06  1.881D-05   275.90      11.11       4.71    4.002D-03  2.338D-03  1.960D-03
**(rmsgt)**   8  7.109D-07  6.732D-06  4.492D-06  1.898D-05   278.79      11.35       4.77    5.082D-03  2.788D-03  2.013D-03
**(rmsgt)**   7  8.024D-07  7.086D-06  4.715D-06  1.974D-05   281.34      11.74       4.65    6.093D-03  3.138D-03  2.063D-03
**(rmsgt)**   6  1.052D-06  8.049D-06  5.068D-06  2.108D-05   283.59      12.08       4.59    7.127D-03  3.539D-03  2.178D-03
**(rmsgt)**   5  1.379D-06  9.718D-06  5.370D-06  2.235D-05   285.51      12.45       4.46    8.059D-03  3.979D-03  2.347D-03
**(rmsgt)**   4  1.714D-06  1.142D-05  5.368D-06  2.317D-05   287.28      12.82       4.41    8.839D-03  4.423D-03  2.516D-03
**(rmsgt)**   3  2.009D-06  1.257D-05  5.137D-06  2.290D-05   288.68      13.29       4.44    9.579D-03  4.903D-03  2.640D-03
**(rmsgt)**   2  2.199D-06  1.324D-05  4.591D-06  2.029D-05   289.97      13.65       4.55    1.016D-02  5.211D-03  2.743D-03
**(rmsgt)**   1  2.158D-06  1.308D-05  3.663D-06  1.551D-05   290.66      14.18       4.89    1.064D-02  5.423D-03  2.885D-03
**(rmsgt)** AVE  1.222D-06  8.345D-06  7.681D-06  2.547D-05   252.07      10.10       4.32    2.438D-03  2.010D-03  1.375
**(rmsgt)** Log(surface pressure) mean and variance:
**(rmsgt)**  G.M.LNP.= 4.59    ; Z.S.LNP.=0.436D-01; Z.A.LNP.=0.660D-01
**(wridia)** file also contains diagnostics at 12Z of 10/10/2011:
**(globme)**TOTAL PRECIPITATION                      Std.Dev.=   3.3044731; Glob.Mean=   9.1934272    ; in units of Kg M**-2 Day
**-1
**(globme)**CONVECTIVE PRECIPITATION                 Std.Dev.=   2.5602159; Glob.Mean=   8.7632204    ; in units of Kg M**-2 Day
**-1
**(globme)**SENSIBLE HEAT FLUX FROM SURFACE          Std.Dev.=   30.492972; Glob.Mean=   93.882964    ; in units of W M**-2
**(globme)**LATENT HEAT FLUX FROM SURFACE            Std.Dev.=   95.335658; Glob.Mean=   109.45076    ; in units of W M**-2
**(globme)**OUTGOING LONG WAVE AT TOP                Std.Dev.=   243.53958; Glob.Mean=   52.328932    ; in units of W M**-2
**(globme)**SHORT WAVE ABSORBED AT GROUND            Std.Dev.=   180.44397; Glob.Mean=   256.19625    ; in units of W M**-2
**(globme)**NET LONG WAVE AT BOTTOM                  Std.Dev.=   57.888458; Glob.Mean=   45.453300    ; in units of W M**-2
**(Model)** timestep 145 at simulation time 1 days and 0.0 seconds
**(Model)** timestep 146 at simulation time 1 days and 600.0 seconds
**(Model)** timestep 147 at simulation time 1 days and 1200.0 seconds
**(Model)** timestep 148 at simulation time 1 days and 1800.0 seconds
**(Model)** timestep 149 at simulation time 1 days and 2400.0 seconds
**(Model)** timestep 150 at simulation time 1 days and 3000.0 seconds
**(Model)** timestep 151 at simulation time 1 days and 3600.0 seconds
**(Model)** timestep 152 at simulation time 1 days and 4200.0 seconds
**(Model)** timestep 153 at simulation time 1 days and 4800.0 seconds
**(Model)** timestep 154 at simulation time 1 days and 5400.0 seconds
**(Model)** timestep 155 at simulation time 1 days and 6000.0 seconds
**(Model)** timestep 156 at simulation time 1 days and 6600.0 seconds
**(Model)** timestep 157 at simulation time 1 days and 7200.0 seconds
**(Model)** timestep 158 at simulation time 1 days and 7800.0 seconds
**(Model)** timestep 159 at simulation time 1 days and 8400.0 seconds
**(Model)** timestep 160 at simulation time 1 days and 9000.0 seconds
**(Model)** timestep 161 at simulation time 1 days and 9600.0 seconds
**(Model)** timestep 162 at simulation time 1 days and 10200.0 seconds
**(opnfct)** writes file GFCT06R20111009122011101015F.fct.T126L28 at simulation time
**(opnfct)** 1 days and 10800.0 seconds; contains state of the atmosphere at 15Z of 10/10/2011
**(rmsgt)** State of the atmosphere at 15Z of 10/10/2011:
**(rmsgt)** Layers and average means and variances:
**(rmsgt)** LYR  Z.S. DIV.  Z.A. DIV.  Z.S. VOR.  Z.A. VOR.  G.M. TEM.  Z.S. TEM.  Z.A. TEM.  G.M. S.H.  Z.S. S.H.  Z.A. S.H.
**(rmsgt)**  28  7.669D-07  4.447D-06  1.304D-05  2.159D-05   250.52       6.45       5.81    1.681D-06  4.103D-07  1.639D-07
**(rmsgt)**  27  1.834D-06  1.315D-05  1.624D-05  2.064D-05   227.13       3.39       5.79    1.789D-06  7.162D-07  2.008D-07
**(rmsgt)**  26  1.535D-06  1.186D-05  1.496D-05  1.738D-05   221.04       2.56       5.30    1.821D-06  7.960D-07  2.167D-07
**(rmsgt)**  25  1.484D-06  1.062D-05  1.327D-05  1.490D-05   216.79       3.33       5.13    2.005D-06  9.588D-07  2.708D-07
**(rmsgt)**  24  1.192D-06  9.456D-06  1.273D-05  1.356D-05   213.58       4.18       4.76    2.301D-06  1.198D-06  3.300D-07
**(rmsgt)**  23  1.230D-06  8.987D-06  1.067D-05  1.312D-05   210.09       5.70       4.46    2.741D-06  1.369D-06  4.593D-07
**(rmsgt)**  22  1.269D-06  8.658D-06  8.637D-06  1.385D-05   206.25       8.14       4.29    3.202D-06  1.263D-06  6.930D-07
**(rmsgt)**  21  1.548D-06  1.025D-05  8.258D-06  1.741D-05   204.73       9.59       4.04    3.905D-06  1.437D-06  1.849D-06
**(rmsgt)**  20  1.622D-06  1.125D-05  9.372D-06  2.247D-05   207.87       7.54       3.67    7.064D-06  2.632D-06  4.350D-06
**(rmsgt)**  19  2.128D-06  1.060D-05  1.110D-05  2.877D-05   213.28       4.26       3.78    1.715D-05  6.921D-06  1.138D-05
**(rmsgt)**  18  1.764D-06  9.903D-06  1.151D-05  3.483D-05   219.30       4.38       3.67    4.505D-05  2.335D-05  3.258D-05
**(rmsgt)**  17  1.419D-06  8.512D-06  1.086D-05  3.734D-05   226.45       7.29       3.14    1.043D-04  6.208D-05  7.993D-05
**(rmsgt)**  16  1.076D-06  7.840D-06  9.336D-06  3.606D-05   234.81       9.42       3.35    2.082D-04  1.149D-04  1.689D-04
**(rmsgt)**  15  9.576D-07  6.978D-06  7.968D-06  3.270D-05   243.16      10.33       3.82    3.868D-04  2.068D-04  3.136D-04
**(rmsgt)**  14  8.109D-07  6.378D-06  6.832D-06  2.852D-05   251.14      10.75       4.26    6.687D-04  3.528D-04  5.336D-04
**(rmsgt)**  13  5.472D-07  6.053D-06  5.867D-06  2.473D-05   258.08      10.97       4.39    1.052D-03  5.895D-04  8.107D-04
**(rmsgt)**  12  5.942D-07  6.107D-06  5.227D-06  2.196D-05   264.07      11.12       4.61    1.566D-03  9.213D-04  1.147D-03
**(rmsgt)**  11  6.508D-07  6.210D-06  4.816D-06  2.022D-05   268.57      10.92       4.54    2.214D-03  1.340D-03  1.480D-03
**(rmsgt)**  10  7.454D-07  6.436D-06  4.538D-06  1.917D-05   272.48      11.07       4.69    2.974D-03  1.818D-03  1.789D-03
**(rmsgt)**   9  7.289D-07  6.584D-06  4.414D-06  1.862D-05   275.86      11.12       4.71    4.010D-03  2.337D-03  1.950D-03
**(rmsgt)**   8  5.779D-07  6.741D-06  4.513D-06  1.874D-05   278.78      11.37       4.78    5.100D-03  2.796D-03  2.001D-03
**(rmsgt)**   7  6.719D-07  7.068D-06  4.763D-06  1.950D-05   281.37      11.76       4.67    6.103D-03  3.147D-03  2.066D-03
**(rmsgt)**   6  9.768D-07  8.074D-06  5.130D-06  2.086D-05   283.64      12.13       4.61    7.129D-03  3.548D-03  2.206D-03
**(rmsgt)**   5  1.324D-06  9.570D-06  5.391D-06  2.227D-05   285.60      12.51       4.49    8.059D-03  3.985D-03  2.406D-03
**(rmsgt)**   4  1.616D-06  1.110D-05  5.447D-06  2.330D-05   287.37      12.90       4.45    8.820D-03  4.411D-03  2.579D-03
**(rmsgt)**   3  1.934D-06  1.244D-05  5.244D-06  2.313D-05   288.75      13.38       4.54    9.553D-03  4.883D-03  2.697D-03
**(rmsgt)**   2  2.190D-06  1.326D-05  4.622D-06  2.034D-05   290.03      13.74       4.63    1.016D-02  5.206D-03  2.790D-03
**(rmsgt)**   1  2.135D-06  1.302D-05  3.561D-06  1.514D-05   290.67      14.28       4.96    1.065D-02  5.420D-03  2.938D-03
**(rmsgt)** AVE  1.184D-06  8.296D-06  7.739D-06  2.513D-05   252.07      10.12       4.32    2.438D-03  2.008D-03  1.381
**(rmsgt)** Log(surface pressure) mean and variance:
**(rmsgt)**  G.M.LNP.= 4.59    ; Z.S.LNP.=0.436D-01; Z.A.LNP.=0.659D-01
**(wridia)** file also contains diagnostics at 15Z of 10/10/2011:
**(globme)**TOTAL PRECIPITATION                      Std.Dev.=   3.3718114; Glob.Mean=   9.3492941    ; in units of Kg M**-2 Day
**-1
**(globme)**CONVECTIVE PRECIPITATION                 Std.Dev.=   2.6269292; Glob.Mean=   8.8797878    ; in units of Kg M**-2 Day
**-1
**(globme)**SENSIBLE HEAT FLUX FROM SURFACE          Std.Dev.=   26.132736; Glob.Mean=   81.752345    ; in units of W M**-2
**(globme)**LATENT HEAT FLUX FROM SURFACE            Std.Dev.=   95.351251; Glob.Mean=   107.67265    ; in units of W M**-2
**(globme)**OUTGOING LONG WAVE AT TOP                Std.Dev.=   244.10240; Glob.Mean=   53.126969    ; in units of W M**-2
**(globme)**SHORT WAVE ABSORBED AT GROUND            Std.Dev.=   181.32526; Glob.Mean=   260.46401    ; in units of W M**-2
**(globme)**NET LONG WAVE AT BOTTOM                  Std.Dev.=   58.020529; Glob.Mean=   46.799423    ; in units of W M**-2
**(Model)** timestep 163 at simulation time 1 days and 10800.0 seconds
**(Model)** timestep 164 at simulation time 1 days and 11400.0 seconds
**(Model)** timestep 165 at simulation time 1 days and 12000.0 seconds
**(Model)** timestep 166 at simulation time 1 days and 12600.0 seconds
**(Model)** timestep 167 at simulation time 1 days and 13200.0 seconds
**(Model)** timestep 168 at simulation time 1 days and 13800.0 seconds
**(Model)** timestep 169 at simulation time 1 days and 14400.0 seconds
**(Model)** timestep 170 at simulation time 1 days and 15000.0 seconds
**(Model)** timestep 171 at simulation time 1 days and 15600.0 seconds
**(Model)** timestep 172 at simulation time 1 days and 16200.0 seconds
**(Model)** timestep 173 at simulation time 1 days and 16800.0 seconds
**(Model)** timestep 174 at simulation time 1 days and 17400.0 seconds
**(Model)** timestep 175 at simulation time 1 days and 18000.0 seconds
**(Model)** timestep 176 at simulation time 1 days and 18600.0 seconds
**(Model)** timestep 177 at simulation time 1 days and 19200.0 seconds
**(Model)** timestep 178 at simulation time 1 days and 19800.0 seconds
**(Model)** timestep 179 at simulation time 1 days and 20400.0 seconds
**(Model)** timestep 180 at simulation time 1 days and 21000.0 seconds
**(opnfct)** writes file GFCT06R20111009122011101018F.fct.T126L28 at simulation time
**(opnfct)** 1 days and 21600.0 seconds; contains state of the atmosphere at 18Z of 10/10/2011
**(rmsgt)** State of the atmosphere at 18Z of 10/10/2011:
**(rmsgt)** Layers and average means and variances:
**(rmsgt)** LYR  Z.S. DIV.  Z.A. DIV.  Z.S. VOR.  Z.A. VOR.  G.M. TEM.  Z.S. TEM.  Z.A. TEM.  G.M. S.H.  Z.S. S.H.  Z.A. S.H.
**(rmsgt)**  28  7.288D-07  4.300D-06  1.315D-05  2.166D-05   250.53       6.47       5.72    1.681D-06  4.094D-07  1.640D-07
**(rmsgt)**  27  1.710D-06  1.279D-05  1.610D-05  2.065D-05   227.06       3.46       5.92    1.789D-06  7.173D-07  1.992D-07
**(rmsgt)**  26  1.479D-06  1.139D-05  1.491D-05  1.792D-05   221.01       2.59       5.28    1.823D-06  7.976D-07  2.148D-07
**(rmsgt)**  25  1.780D-06  1.057D-05  1.326D-05  1.499D-05   216.79       3.38       5.07    2.008D-06  9.581D-07  2.731D-07
**(rmsgt)**  24  1.103D-06  9.140D-06  1.272D-05  1.374D-05   213.59       4.18       4.77    2.301D-06  1.196D-06  3.335D-07
**(rmsgt)**  23  1.141D-06  8.617D-06  1.069D-05  1.293D-05   210.12       5.68       4.46    2.740D-06  1.365D-06  4.647D-07
**(rmsgt)**  22  8.469D-07  8.398D-06  8.462D-06  1.372D-05   206.27       8.12       4.31    3.217D-06  1.271D-06  7.681D-07
**(rmsgt)**  21  1.426D-06  9.834D-06  8.147D-06  1.721D-05   204.73       9.58       4.03    3.949D-06  1.469D-06  1.949D-06
**(rmsgt)**  20  1.559D-06  1.135D-05  9.334D-06  2.218D-05   207.87       7.52       3.69    7.158D-06  2.652D-06  4.438D-06
**(rmsgt)**  19  1.957D-06  1.080D-05  1.113D-05  2.845D-05   213.31       4.24       3.77    1.732D-05  6.997D-06  1.152D-05
**(rmsgt)**  18  1.854D-06  9.768D-06  1.163D-05  3.411D-05   219.32       4.38       3.65    4.534D-05  2.370D-05  3.293D-05
**(rmsgt)**  17  1.248D-06  8.525D-06  1.094D-05  3.650D-05   226.45       7.31       3.13    1.045D-04  6.245D-05  8.025D-05
**(rmsgt)**  16  1.082D-06  8.061D-06  9.455D-06  3.543D-05   234.79       9.45       3.33    2.083D-04  1.138D-04  1.681D-04
**(rmsgt)**  15  1.046D-06  7.123D-06  8.056D-06  3.230D-05   243.12      10.37       3.82    3.865D-04  2.045D-04  3.111D-04
**(rmsgt)**  14  8.400D-07  6.480D-06  6.936D-06  2.828D-05   251.11      10.77       4.27    6.691D-04  3.471D-04  5.281D-04
**(rmsgt)**  13  6.255D-07  5.987D-06  5.912D-06  2.452D-05   258.06      10.99       4.40    1.049D-03  5.763D-04  7.997D-04
**(rmsgt)**  12  6.455D-07  6.009D-06  5.220D-06  2.179D-05   264.07      11.14       4.62    1.562D-03  9.047D-04  1.131D-03
**(rmsgt)**  11  6.292D-07  6.088D-06  4.830D-06  2.010D-05   268.55      10.92       4.54    2.210D-03  1.325D-03  1.464D-03
**(rmsgt)**  10  6.345D-07  6.322D-06  4.557D-06  1.906D-05   272.44      11.07       4.69    2.966D-03  1.806D-03  1.778D-03
**(rmsgt)**   9  5.628D-07  6.304D-06  4.461D-06  1.852D-05   275.83      11.12       4.72    4.009D-03  2.332D-03  1.943D-03
**(rmsgt)**   8  4.773D-07  6.480D-06  4.575D-06  1.862D-05   278.76      11.38       4.77    5.099D-03  2.796D-03  2.015D-03
**(rmsgt)**   7  6.857D-07  6.928D-06  4.848D-06  1.933D-05   281.38      11.77       4.66    6.106D-03  3.148D-03  2.096D-03
**(rmsgt)**   6  1.039D-06  8.188D-06  5.207D-06  2.069D-05   283.68      12.14       4.59    7.142D-03  3.553D-03  2.258D-03
**(rmsgt)**   5  1.408D-06  9.862D-06  5.464D-06  2.222D-05   285.63      12.53       4.49    8.056D-03  3.981D-03  2.456D-03
**(rmsgt)**   4  1.703D-06  1.164D-05  5.497D-06  2.339D-05   287.38      12.91       4.45    8.804D-03  4.395D-03  2.613D-03
**(rmsgt)**   3  1.904D-06  1.315D-05  5.243D-06  2.326D-05   288.74      13.38       4.54    9.537D-03  4.863D-03  2.711D-03
**(rmsgt)**   2  2.112D-06  1.395D-05  4.564D-06  2.032D-05   289.99      13.72       4.61    1.017D-02  5.204D-03  2.782D-03
**(rmsgt)**   1  2.089D-06  1.362D-05  3.469D-06  1.487D-05   290.53      14.19       4.95    1.067D-02  5.434D-03  2.918D-03
**(rmsgt)** AVE  1.156D-06  8.321D-06  7.776D-06  2.484D-05   252.06      10.13       4.32    2.437D-03  2.005D-03  1.387
**(rmsgt)** Log(surface pressure) mean and variance:
**(rmsgt)**  G.M.LNP.= 4.59    ; Z.S.LNP.=0.437D-01; Z.A.LNP.=0.659D-01
**(wridia)** file also contains diagnostics at 18Z of 10/10/2011:
**(globme)**TOTAL PRECIPITATION                      Std.Dev.=   3.3896081; Glob.Mean=   9.5695958    ; in units of Kg M**-2 Day
**-1
**(globme)**CONVECTIVE PRECIPITATION                 Std.Dev.=   2.6389855; Glob.Mean=   9.1043252    ; in units of Kg M**-2 Day
**-1
**(globme)**SENSIBLE HEAT FLUX FROM SURFACE          Std.Dev.=   18.538041; Glob.Mean=   74.862250    ; in units of W M**-2
**(globme)**LATENT HEAT FLUX FROM SURFACE            Std.Dev.=   93.857977; Glob.Mean=   107.74933    ; in units of W M**-2
**(globme)**OUTGOING LONG WAVE AT TOP                Std.Dev.=   242.22491; Glob.Mean=   52.596894    ; in units of W M**-2
**(globme)**SHORT WAVE ABSORBED AT GROUND            Std.Dev.=   179.48813; Glob.Mean=   253.04699    ; in units of W M**-2
**(globme)**NET LONG WAVE AT BOTTOM                  Std.Dev.=   55.697394; Glob.Mean=   41.490088    ; in units of W M**-2
**(Model)** timestep 181 at simulation time 1 days and 21600.0 seconds
**(Model)** timestep 182 at simulation time 1 days and 22200.0 seconds
**(Model)** timestep 183 at simulation time 1 days and 22800.0 seconds
**(Model)** timestep 184 at simulation time 1 days and 23400.0 seconds
**(Model)** timestep 185 at simulation time 1 days and 24000.0 seconds
**(Model)** timestep 186 at simulation time 1 days and 24600.0 seconds
**(Model)** timestep 187 at simulation time 1 days and 25200.0 seconds
**(Model)** timestep 188 at simulation time 1 days and 25800.0 seconds
**(Model)** timestep 189 at simulation time 1 days and 26400.0 seconds
**(Model)** timestep 190 at simulation time 1 days and 27000.0 seconds
**(Model)** timestep 191 at simulation time 1 days and 27600.0 seconds
**(Model)** timestep 192 at simulation time 1 days and 28200.0 seconds
**(Model)** timestep 193 at simulation time 1 days and 28800.0 seconds
**(Model)** timestep 194 at simulation time 1 days and 29400.0 seconds
**(Model)** timestep 195 at simulation time 1 days and 30000.0 seconds
**(Model)** timestep 196 at simulation time 1 days and 30600.0 seconds
**(Model)** timestep 197 at simulation time 1 days and 31200.0 seconds
**(Model)** timestep 198 at simulation time 1 days and 31800.0 seconds
**(opnfct)** writes file GFCT06R20111009122011101021F.fct.T126L28 at simulation time
**(opnfct)** 1 days and 32400.0 seconds; contains state of the atmosphere at 21Z of 10/10/2011
**(rmsgt)** State of the atmosphere at 21Z of 10/10/2011:
**(rmsgt)** Layers and average means and variances:
**(rmsgt)** LYR  Z.S. DIV.  Z.A. DIV.  Z.S. VOR.  Z.A. VOR.  G.M. TEM.  Z.S. TEM.  Z.A. TEM.  G.M. S.H.  Z.S. S.H.  Z.A. S.H.
**(rmsgt)**  28  8.121D-07  4.095D-06  1.318D-05  2.169D-05   250.54       6.49       5.67    1.682D-06  4.092D-07  1.641D-07
**(rmsgt)**  27  1.604D-06  1.278D-05  1.607D-05  2.065D-05   226.96       3.45       5.93    1.790D-06  7.165D-07  1.983D-07
**(rmsgt)**  26  1.752D-06  1.125D-05  1.498D-05  1.788D-05   220.98       2.55       5.19    1.825D-06  7.989D-07  2.137D-07
**(rmsgt)**  25  1.460D-06  1.049D-05  1.322D-05  1.535D-05   216.79       3.36       5.01    2.009D-06  9.594D-07  2.745D-07
**(rmsgt)**  24  1.299D-06  8.955D-06  1.270D-05  1.385D-05   213.62       4.13       4.78    2.299D-06  1.195D-06  3.349D-07
**(rmsgt)**  23  1.137D-06  8.470D-06  1.079D-05  1.288D-05   210.15       5.63       4.47    2.739D-06  1.360D-06  4.690D-07
**(rmsgt)**  22  1.097D-06  8.273D-06  8.467D-06  1.379D-05   206.29       8.09       4.35    3.233D-06  1.281D-06  8.218D-07
**(rmsgt)**  21  1.369D-06  9.725D-06  8.168D-06  1.713D-05   204.74       9.57       4.03    3.985D-06  1.493D-06  1.976D-06
**(rmsgt)**  20  1.376D-06  1.147D-05  9.442D-06  2.198D-05   207.88       7.50       3.68    7.259D-06  2.675D-06  4.472D-06
**(rmsgt)**  19  1.729D-06  1.085D-05  1.124D-05  2.809D-05   213.32       4.22       3.74    1.762D-05  7.217D-06  1.181D-05
**(rmsgt)**  18  1.757D-06  9.597D-06  1.179D-05  3.349D-05   219.32       4.38       3.63    4.591D-05  2.435D-05  3.360D-05
**(rmsgt)**  17  1.195D-06  8.526D-06  1.094D-05  3.569D-05   226.44       7.32       3.11    1.051D-04  6.322D-05  8.161D-05
**(rmsgt)**  16  1.201D-06  8.107D-06  9.534D-06  3.482D-05   234.76       9.47       3.32    2.095D-04  1.134D-04  1.684D-04
**(rmsgt)**  15  1.110D-06  7.401D-06  8.136D-06  3.198D-05   243.07      10.39       3.81    3.882D-04  2.036D-04  3.118D-04
**(rmsgt)**  14  9.110D-07  6.688D-06  6.964D-06  2.806D-05   251.08      10.77       4.28    6.712D-04  3.443D-04  5.263D-04
**(rmsgt)**  13  6.738D-07  6.145D-06  5.906D-06  2.430D-05   258.04      11.00       4.41    1.049D-03  5.671D-04  7.951D-04
**(rmsgt)**  12  6.107D-07  6.001D-06  5.232D-06  2.165D-05   264.07      11.15       4.64    1.560D-03  8.931D-04  1.123D-03
**(rmsgt)**  11  6.301D-07  5.907D-06  4.857D-06  2.001D-05   268.52      10.91       4.56    2.205D-03  1.315D-03  1.451D-03
**(rmsgt)**  10  6.254D-07  6.122D-06  4.569D-06  1.895D-05   272.39      11.06       4.70    2.960D-03  1.797D-03  1.769D-03
**(rmsgt)**   9  6.116D-07  6.376D-06  4.486D-06  1.846D-05   275.79      11.10       4.73    4.012D-03  2.329D-03  1.943D-03
**(rmsgt)**   8  6.103D-07  6.623D-06  4.604D-06  1.859D-05   278.74      11.39       4.76    5.095D-03  2.791D-03  2.029D-03
**(rmsgt)**   7  8.383D-07  7.056D-06  4.886D-06  1.934D-05   281.37      11.76       4.65    6.103D-03  3.142D-03  2.127D-03
**(rmsgt)**   6  1.192D-06  8.033D-06  5.233D-06  2.070D-05   283.67      12.13       4.58    7.137D-03  3.552D-03  2.289D-03
**(rmsgt)**   5  1.535D-06  9.544D-06  5.454D-06  2.231D-05   285.60      12.52       4.50    8.047D-03  3.973D-03  2.479D-03
**(rmsgt)**   4  1.780D-06  1.134D-05  5.464D-06  2.356D-05   287.32      12.87       4.46    8.787D-03  4.379D-03  2.633D-03
**(rmsgt)**   3  1.937D-06  1.279D-05  5.210D-06  2.344D-05   288.65      13.30       4.54    9.534D-03  4.863D-03  2.711D-03
**(rmsgt)**   2  2.130D-06  1.345D-05  4.516D-06  2.040D-05   289.86      13.61       4.63    1.018D-02  5.225D-03  2.756D-03
**(rmsgt)**   1  2.123D-06  1.320D-05  3.406D-06  1.492D-05   290.20      13.99       5.08    1.071D-02  5.480D-03  2.890D-03
**(rmsgt)** AVE  1.166D-06  8.279D-06  7.815D-06  2.461D-05   252.04      10.12       4.32    2.436D-03  2.003D-03  1.390
**(rmsgt)** Log(surface pressure) mean and variance:
**(rmsgt)**  G.M.LNP.= 4.59    ; Z.S.LNP.=0.437D-01; Z.A.LNP.=0.659D-01
**(wridia)** file also contains diagnostics at 21Z of 10/10/2011:
**(globme)**TOTAL PRECIPITATION                      Std.Dev.=   3.2276103; Glob.Mean=   9.2002948    ; in units of Kg M**-2 Day
**-1
**(globme)**CONVECTIVE PRECIPITATION                 Std.Dev.=   2.4491650; Glob.Mean=   8.7011942    ; in units of Kg M**-2 Day
**-1
**(globme)**SENSIBLE HEAT FLUX FROM SURFACE          Std.Dev.=   11.814778; Glob.Mean=   58.474785    ; in units of W M**-2
**(globme)**LATENT HEAT FLUX FROM SURFACE            Std.Dev.=   89.306271; Glob.Mean=   103.47286    ; in units of W M**-2
**(globme)**OUTGOING LONG WAVE AT TOP                Std.Dev.=   241.85711; Glob.Mean=   51.551067    ; in units of W M**-2
**(globme)**SHORT WAVE ABSORBED AT GROUND            Std.Dev.=   183.31222; Glob.Mean=   265.60564    ; in units of W M**-2
**(globme)**NET LONG WAVE AT BOTTOM                  Std.Dev.=   53.693778; Glob.Mean=   37.055105    ; in units of W M**-2
**(Model)** timestep 199 at simulation time 1 days and 32400.0 seconds
**(Model)** timestep 200 at simulation time 1 days and 33000.0 seconds
**(Model)** timestep 201 at simulation time 1 days and 33600.0 seconds
**(Model)** timestep 202 at simulation time 1 days and 34200.0 seconds
**(Model)** timestep 203 at simulation time 1 days and 34800.0 seconds
**(Model)** timestep 204 at simulation time 1 days and 35400.0 seconds
**(Model)** timestep 205 at simulation time 1 days and 36000.0 seconds
**(Model)** timestep 206 at simulation time 1 days and 36600.0 seconds
**(Model)** timestep 207 at simulation time 1 days and 37200.0 seconds
**(Model)** timestep 208 at simulation time 1 days and 37800.0 seconds
**(Model)** timestep 209 at simulation time 1 days and 38400.0 seconds
**(Model)** timestep 210 at simulation time 1 days and 39000.0 seconds
**(Model)** timestep 211 at simulation time 1 days and 39600.0 seconds
**(Model)** timestep 212 at simulation time 1 days and 40200.0 seconds
**(Model)** timestep 213 at simulation time 1 days and 40800.0 seconds
**(Model)** timestep 214 at simulation time 1 days and 41400.0 seconds
**(Model)** timestep 215 at simulation time 1 days and 42000.0 seconds
**(Model)** timestep 216 at simulation time 1 days and 42600.0 seconds
**(opnfct)** writes file GFCT06R20111009122011101100F.fct.T126L28 at simulation time
**(opnfct)** 1 days and 43200.0 seconds; contains state of the atmosphere at 00Z of 11/10/2011
**(rmsgt)** State of the atmosphere at 00Z of 11/10/2011:
**(rmsgt)** Layers and average means and variances:
**(rmsgt)** LYR  Z.S. DIV.  Z.A. DIV.  Z.S. VOR.  Z.A. VOR.  G.M. TEM.  Z.S. TEM.  Z.A. TEM.  G.M. S.H.  Z.S. S.H.  Z.A. S.H.
**(rmsgt)**  28  6.598D-07  4.076D-06  1.321D-05  2.159D-05   250.54       6.51       5.64    1.683D-06  4.092D-07  1.641D-07
**(rmsgt)**  27  2.032D-06  1.300D-05  1.607D-05  2.071D-05   226.90       3.46       6.06    1.792D-06  7.141D-07  1.983D-07
**(rmsgt)**  26  1.532D-06  1.143D-05  1.495D-05  1.795D-05   220.93       2.49       5.20    1.827D-06  7.993D-07  2.128D-07
**(rmsgt)**  25  1.203D-06  1.032D-05  1.326D-05  1.562D-05   216.79       3.41       4.98    2.010D-06  9.603D-07  2.754D-07
**(rmsgt)**  24  9.672D-07  8.991D-06  1.275D-05  1.389D-05   213.68       4.09       4.74    2.299D-06  1.194D-06  3.374D-07
**(rmsgt)**  23  1.266D-06  8.413D-06  1.080D-05  1.289D-05   210.20       5.58       4.45    2.739D-06  1.355D-06  4.714D-07
**(rmsgt)**  22  1.113D-06  8.326D-06  8.513D-06  1.402D-05   206.30       8.05       4.34    3.247D-06  1.290D-06  8.464D-07
**(rmsgt)**  21  1.480D-06  9.793D-06  8.170D-06  1.733D-05   204.75       9.54       4.03    4.020D-06  1.506D-06  1.970D-06
**(rmsgt)**  20  1.453D-06  1.135D-05  9.565D-06  2.218D-05   207.88       7.48       3.68    7.358D-06  2.721D-06  4.556D-06
**(rmsgt)**  19  1.662D-06  1.084D-05  1.136D-05  2.792D-05   213.34       4.20       3.73    1.792D-05  7.429D-06  1.220D-05
**(rmsgt)**  18  1.599D-06  9.403D-06  1.191D-05  3.305D-05   219.33       4.39       3.60    4.643D-05  2.476D-05  3.445D-05
**(rmsgt)**  17  1.327D-06  8.520D-06  1.097D-05  3.505D-05   226.42       7.33       3.09    1.055D-04  6.351D-05  8.265D-05
**(rmsgt)**  16  1.141D-06  8.036D-06  9.625D-06  3.438D-05   234.72       9.49       3.31    2.104D-04  1.130D-04  1.677D-04
**(rmsgt)**  15  1.036D-06  7.387D-06  8.218D-06  3.165D-05   243.03      10.41       3.80    3.898D-04  2.024D-04  3.108D-04
**(rmsgt)**  14  9.161D-07  6.731D-06  6.973D-06  2.779D-05   251.04      10.77       4.28    6.741D-04  3.421D-04  5.232D-04
**(rmsgt)**  13  6.843D-07  6.273D-06  5.854D-06  2.414D-05   258.00      10.99       4.42    1.052D-03  5.606D-04  7.921D-04
**(rmsgt)**  12  5.661D-07  6.160D-06  5.201D-06  2.154D-05   264.05      11.14       4.65    1.560D-03  8.832D-04  1.120D-03
**(rmsgt)**  11  6.406D-07  6.201D-06  4.838D-06  1.994D-05   268.49      10.89       4.57    2.201D-03  1.303D-03  1.446D-03
**(rmsgt)**  10  6.854D-07  6.490D-06  4.555D-06  1.887D-05   272.33      11.03       4.71    2.955D-03  1.789D-03  1.767D-03
**(rmsgt)**   9  6.314D-07  6.517D-06  4.467D-06  1.835D-05   275.73      11.08       4.74    4.010D-03  2.324D-03  1.944D-03
**(rmsgt)**   8  5.658D-07  6.602D-06  4.594D-06  1.853D-05   278.69      11.38       4.75    5.088D-03  2.783D-03  2.039D-03
**(rmsgt)**   7  7.848D-07  6.993D-06  4.890D-06  1.933D-05   281.32      11.75       4.65    6.091D-03  3.134D-03  2.143D-03
**(rmsgt)**   6  1.140D-06  7.907D-06  5.235D-06  2.067D-05   283.60      12.10       4.59    7.119D-03  3.543D-03  2.309D-03
**(rmsgt)**   5  1.474D-06  9.151D-06  5.490D-06  2.232D-05   285.51      12.47       4.52    8.025D-03  3.965D-03  2.497D-03
**(rmsgt)**   4  1.724D-06  1.071D-05  5.511D-06  2.353D-05   287.20      12.81       4.48    8.773D-03  4.368D-03  2.641D-03
**(rmsgt)**   3  1.928D-06  1.199D-05  5.239D-06  2.335D-05   288.47      13.20       4.59    9.543D-03  4.872D-03  2.700D-03
**(rmsgt)**   2  2.139D-06  1.247D-05  4.497D-06  2.015D-05   289.65      13.50       4.66    1.020D-02  5.257D-03  2.735D-03
**(rmsgt)**   1  2.096D-06  1.205D-05  3.379D-06  1.463D-05   289.93      13.82       5.14    1.075D-02  5.526D-03  2.876D-03
**(rmsgt)** AVE  1.147D-06  8.210D-06  7.848D-06  2.442D-05   252.00      10.10       4.32    2.435D-03  2.002D-03  1.392
**(rmsgt)** Log(surface pressure) mean and variance:
**(rmsgt)**  G.M.LNP.= 4.59    ; Z.S.LNP.=0.438D-01; Z.A.LNP.=0.658D-01
**(wridia)** file also contains diagnostics at 00Z of 11/10/2011:
**(globme)**TOTAL PRECIPITATION                      Std.Dev.=   3.0741166; Glob.Mean=   8.6907125    ; in units of Kg M**-2 Day
**-1
**(globme)**CONVECTIVE PRECIPITATION                 Std.Dev.=   2.2481884; Glob.Mean=   8.0961163    ; in units of Kg M**-2 Day
**-1
**(globme)**SENSIBLE HEAT FLUX FROM SURFACE          Std.Dev.=   4.6979399; Glob.Mean=   33.978486    ; in units of W M**-2
**(globme)**LATENT HEAT FLUX FROM SURFACE            Std.Dev.=   84.353829; Glob.Mean=   98.672353    ; in units of W M**-2
**(globme)**OUTGOING LONG WAVE AT TOP                Std.Dev.=   241.79245; Glob.Mean=   50.468455    ; in units of W M**-2
**(globme)**SHORT WAVE ABSORBED AT GROUND            Std.Dev.=   184.65820; Glob.Mean=   266.59845    ; in units of W M**-2
**(globme)**NET LONG WAVE AT BOTTOM                  Std.Dev.=   51.924328; Glob.Mean=   34.502799    ; in units of W M**-2
**(DestroyParallelism)** Process 0 ***MODEL EXECUTION ENDS NORMALY***

MPI Program Information:
========================
Note: It is measured from MPI_Init till MPI_Finalize.
      [U,R] specifies the Universe and the Process Rank in the Universe.

 * The  /gfs/dk22/modoper/tempo/global/oens/model/datain/desirtable file exists*
 SST:  IFSST=-1  MAX,MIN=  290.00     -303.12    

 From Nlnmi :
 n =   1 HnCut =  1000.00 Hn =  9766.75
 n =   2 HnCut =  1000.00 Hn =  4582.61
 n =   3 HnCut =  1000.00 Hn =  1601.91

 mods =   3 niter =   3

Global Data of 2 processes  :          Min [U,R]          Max [U,R]      Average
==========================

Real   Time (sec)           :      461.876 [0,0]      461.898 [0,1]      461.887
User   Time (sec)           :      333.050 [0,0]      370.202 [0,1]      351.626
System Time (sec)           :        7.845 [0,1]       17.131 [0,0]       12.488
Vector Time (sec)           :      292.203 [0,0]      317.419 [0,1]      304.811
Instruction Count           :  31027351224 [0,0]  33967338727 [0,1]  32497344976
Vector Instruction Count    :  10329353459 [0,0]  10669539794 [0,1]  10499446627
Vector Element Count        : 1959259456998 [0,0] 1988292669103 [0,1] 1973776063051
FLOP Count                  : 855511626798 [0,0] 868603361942 [0,1] 862057494370
MOPS                        :     5433.771 [0,1]     5944.923 [0,0]     5689.347
MFLOPS                      :     2346.299 [0,1]     2568.717 [0,0]     2457.508
Average Vector Length       :      186.352 [0,1]      189.679 [0,0]      188.016
Vector Operation Ratio (%)  :       98.842 [0,1]       98.955 [0,0]       98.898
Memory size used (MB)       :      901.338 [0,0]      901.994 [0,1]      901.666
MIPS                        :       91.754 [0,1]       93.161 [0,0]       92.457
Instruction Cache miss (sec):       10.794 [0,1]       10.864 [0,0]       10.829
Operand     Cache miss (sec):        6.485 [0,1]        6.705 [0,0]        6.595
Bank     Conflict Time (sec):        2.501 [0,0]        3.212 [0,1]        2.856


Overall Data:
=============

Real   Time (sec)           :      461.898
User   Time (sec)           :      703.252
System Time (sec)           :       24.976
Vector Time (sec)           :      609.621
GOPS   (rel. to User Time)  :       11.352
GFLOPS (rel. to User Time)  :        4.903
Memory size used (GB)       :        1.761

logout
