stty: : Invalid argument
vt100
resize:  can't open terminal /dev/tty
======================================
Welcome to tupan00: SUPER-UX 14.1 SX-6
Today is Mon Feb 13 17:10:21 GMT 2012
======================================
RODANDO MPI
MPI/SX: command Version 7.2.1 (25. June 2007): Copyright (c) NEC Corporation 1996-2007
MPI/SX: daemon  Version 7.2.4 (21. August 2008): Copyright (c) NEC Corporation 1996-2008

Values of significant variables used by MPI/SX:
-----------------------------------------------

  DISPLAY         = 
  MPICOLLORDER    = OFF
  MPICOMMINF      = NO
  MPIMULTITASKMIX = OFF
  MPIPROGINF      = DETAIL
  MPISUSPEND      = OFF
  MPIVERSION      = ON

Derived and further values:
---------------------------

  Wait method              : Busy waiting
  Global memory            : SX Global Memory

/usr/lib/mpi/mpid: Creating 2 processes of '/gfs/home3/modoper/tempo/global/oens/run/mpisep04R.sh' on local host tupan00
+ exec /gfs/home3/modoper/tempo/global/oens/model/exec/ParModel_MPI 
+ exec /gfs/home3/modoper/tempo/global/oens/model/exec/ParModel_MPI 
MPI/SX: library Version 6.7.18 (20. April 2004): Copyright (c) NEC Corporation 1997-2004
**(CreateParallelism)** Process 0 (tupan00) among 2 processes with 1 threads is alive
 * The  /gfs/dk22/modoper/tempo/global/oens/model/datain/desirtable file exists*
**(DumpOptions)**
**(DumpOptions)** model T126L28 runs from 12Z 13/02/2012 to 00Z 15/02/2012 with initial state from 12Z 13/02/2012
**(DumpOptions)** model executes 216 timesteps of length 600 seconds
**(DumpOptions)** model dynamics configuration is  Eulerian, Gaussian and Quadratic Grid
**(DumpOptions)** input file name is /gfs/dk22/modoper/tempo/global/oens/model/datain/GANL04R2012021312S.unf.T126L28
**(DumpOptions)** output file directory is /gfs/dk22/modoper/tempo/global/oens/model/dataout/T126L28
**(DumpOptions)** model physics configuration:
**(DumpOptions)**    Shortwave Radiation is Lacis & Hansen
**(DumpOptions)**    Longwave Radiation is Harshvardhan
**(DumpOptions)**    Using a single global value for co2 concentration,
**(DumpOptions)**    with constant concentration of 0.3700000E+03 ppvm
**(DumpOptions)**    Using old 4-month zonally averaged climatology
**(DumpOptions)**    Deep Convection is KUO
**(DumpOptions)**    Shallow Convection is Tiedke
**(DumpOptions)**
 SST:  IFSST=-1  MAX,MIN=  290.00     -303.63    
**(opnfct)** writes file GFCT04R20120213122012021312F.icn.T126L28 at simulation time
**(opnfct)** 0 days and 0.0 seconds; contains state of the atmosphere at 12Z of 13/02/2012
**(rmsgt)** State of the atmosphere at 12Z of 13/02/2012:
**(rmsgt)** Layers and average means and variances:
**(rmsgt)** LYR  Z.S. DIV.  Z.A. DIV.  Z.S. VOR.  Z.A. VOR.  G.M. TEM.  Z.S. TEM.  Z.A. TEM.  G.M. S.H.  Z.S. S.H.  Z.A. S.H.
**(rmsgt)**  28  1.934D-06  2.668D-05  1.353D-05  2.754D-05   251.04      12.63       5.31    1.931D-06  2.628D-07  1.471D-07
**(rmsgt)**  27  1.517D-06  2.176D-05  1.284D-05  2.174D-05   228.71       7.16       2.87    2.177D-06  4.631D-07  1.776D-07
**(rmsgt)**  26  1.407D-06  1.981D-05  9.742D-06  2.013D-05   221.84       5.68       3.25    2.271D-06  6.052D-07  2.322D-07
**(rmsgt)**  25  1.128D-06  1.870D-05  6.865D-06  1.990D-05   216.66       5.31       3.66    2.268D-06  6.821D-07  2.606D-07
**(rmsgt)**  24  1.511D-06  2.109D-05  5.567D-06  2.237D-05   212.54       6.60       3.84    2.204D-06  7.442D-07  2.668D-07
**(rmsgt)**  23  1.422D-06  1.963D-05  6.028D-06  2.219D-05   207.85       9.38       3.84    2.191D-06  7.190D-07  3.294D-07
**(rmsgt)**  22  1.677D-06  2.047D-05  8.048D-06  2.325D-05   203.90      12.37       3.94    2.176D-06  6.107D-07  4.958D-07
**(rmsgt)**  21  1.797D-06  2.149D-05  1.017D-05  2.670D-05   205.15      11.47       3.90    2.649D-06  7.712D-07  7.611D-07
**(rmsgt)**  20  1.811D-06  2.226D-05  1.209D-05  3.059D-05   209.79       8.61       3.70    5.141D-06  1.628D-06  1.885D-06
**(rmsgt)**  19  1.725D-06  2.258D-05  1.361D-05  3.668D-05   215.34       4.89       3.82    1.324D-05  5.195D-06  6.028D-06
**(rmsgt)**  18  2.075D-06  2.297D-05  1.467D-05  4.418D-05   220.85       2.24       4.05    3.657D-05  2.026D-05  2.118D-05
**(rmsgt)**  17  2.701D-06  2.291D-05  1.454D-05  5.032D-05   227.04       5.69       3.61    9.481D-05  6.169D-05  6.860D-05
**(rmsgt)**  16  1.849D-06  2.194D-05  1.349D-05  5.375D-05   234.69       8.87       3.67    2.084D-04  1.358D-04  1.829D-04
**(rmsgt)**  15  1.660D-06  2.123D-05  1.239D-05  5.226D-05   242.83      10.47       4.33    3.993D-04  2.599D-04  3.821D-04
**(rmsgt)**  14  1.579D-06  2.069D-05  1.121D-05  4.743D-05   250.51      11.09       4.77    6.929D-04  4.628D-04  6.596D-04
**(rmsgt)**  13  1.718D-06  2.015D-05  9.824D-06  4.231D-05   257.22      11.25       4.96    1.115D-03  7.745D-04  9.852D-04
**(rmsgt)**  12  1.461D-06  1.967D-05  8.542D-06  3.832D-05   262.97      11.37       5.06    1.633D-03  1.145D-03  1.310D-03
**(rmsgt)**  11  1.326D-06  1.924D-05  7.603D-06  3.639D-05   267.87      11.60       5.10    2.249D-03  1.551D-03  1.611D-03
**(rmsgt)**  10  1.517D-06  1.892D-05  6.909D-06  3.535D-05   271.92      11.88       5.09    3.034D-03  2.020D-03  1.883D-03
**(rmsgt)**   9  1.462D-06  1.847D-05  6.313D-06  3.517D-05   275.29      12.09       5.11    3.942D-03  2.494D-03  2.099D-03
**(rmsgt)**   8  1.265D-06  1.852D-05  6.001D-06  3.532D-05   277.95      12.32       5.21    4.917D-03  2.961D-03  2.154D-03
**(rmsgt)**   7  1.313D-06  1.862D-05  5.901D-06  3.607D-05   280.00      12.55       5.33    5.914D-03  3.413D-03  2.209D-03
**(rmsgt)**   6  1.406D-06  1.889D-05  5.876D-06  3.692D-05   281.76      12.86       5.39    6.805D-03  3.859D-03  2.316D-03
**(rmsgt)**   5  1.758D-06  1.973D-05  5.882D-06  3.812D-05   283.30      13.29       5.45    7.585D-03  4.324D-03  2.418D-03
**(rmsgt)**   4  2.076D-06  2.095D-05  5.740D-06  3.836D-05   284.70      13.90       5.53    8.140D-03  4.677D-03  2.471D-03
**(rmsgt)**   3  2.225D-06  2.179D-05  5.373D-06  3.707D-05   285.88      14.65       5.70    8.462D-03  4.875D-03  2.521D-03
**(rmsgt)**   2  2.219D-06  2.208D-05  4.900D-06  3.455D-05   286.96      15.15       5.82    8.685D-03  5.006D-03  2.564D-03
**(rmsgt)**   1  2.190D-06  2.166D-05  4.519D-06  3.132D-05   287.81      15.48       5.92    8.909D-03  5.139D-03  2.613D-03
**(rmsgt)** AVE  1.717D-06  2.057D-05  9.848D-06  3.976D-05   251.50      10.82       4.70    2.330D-03  2.119D-03  1.432
**(rmsgt)** Log(surface pressure) mean and variance:
**(rmsgt)**  G.M.LNP.= 4.59    ; Z.S.LNP.=0.402D-01; Z.A.LNP.=0.667D-01

 From Nlnmi :
 n =   1 HnCut =  1000.00 Hn =  9766.75
 n =   2 HnCut =  1000.00 Hn =  4582.61
 n =   3 HnCut =  1000.00 Hn =  1601.91

 mods =   3 niter =   3

**(opnfct)** writes file GFCT04R20120213122012021312F.inz.T126L28 at simulation time
**(opnfct)** 0 days and 0.0 seconds; contains state of the atmosphere at 12Z of 13/02/2012
**(rmsgt)** State of the atmosphere at 12Z of 13/02/2012:
**(rmsgt)** Layers and average means and variances:
**(rmsgt)** LYR  Z.S. DIV.  Z.A. DIV.  Z.S. VOR.  Z.A. VOR.  G.M. TEM.  Z.S. TEM.  Z.A. TEM.  G.M. S.H.  Z.S. S.H.  Z.A. S.H.
**(rmsgt)**  28  5.282D-07  8.239D-06  1.378D-05  2.766D-05   251.04      12.50       5.06    1.931D-06  2.628D-07  1.471D-07
**(rmsgt)**  27  1.315D-06  2.013D-05  1.282D-05  2.173D-05   228.71       7.00       3.85    2.177D-06  4.631D-07  1.776D-07
**(rmsgt)**  26  1.425D-06  1.944D-05  9.531D-06  2.013D-05   221.84       5.67       3.33    2.271D-06  6.052D-07  2.322D-07
**(rmsgt)**  25  1.097D-06  1.822D-05  6.662D-06  1.991D-05   216.66       5.37       3.70    2.268D-06  6.821D-07  2.606D-07
**(rmsgt)**  24  1.402D-06  1.951D-05  5.469D-06  2.237D-05   212.54       6.63       3.96    2.204D-06  7.442D-07  2.668D-07
**(rmsgt)**  23  1.395D-06  1.911D-05  5.951D-06  2.217D-05   207.85       9.38       3.92    2.191D-06  7.190D-07  3.294D-07
**(rmsgt)**  22  1.693D-06  2.014D-05  7.955D-06  2.325D-05   203.90      12.34       4.00    2.176D-06  6.107D-07  4.958D-07
**(rmsgt)**  21  1.810D-06  2.134D-05  1.010D-05  2.667D-05   205.15      11.44       3.92    2.649D-06  7.712D-07  7.611D-07
**(rmsgt)**  20  1.796D-06  2.218D-05  1.204D-05  3.057D-05   209.79       8.56       3.75    5.141D-06  1.628D-06  1.885D-06
**(rmsgt)**  19  1.722D-06  2.249D-05  1.359D-05  3.667D-05   215.34       4.87       3.82    1.324D-05  5.195D-06  6.028D-06
**(rmsgt)**  18  2.074D-06  2.280D-05  1.467D-05  4.418D-05   220.85       2.27       4.07    3.657D-05  2.026D-05  2.118D-05
**(rmsgt)**  17  2.664D-06  2.267D-05  1.455D-05  5.032D-05   227.04       5.69       3.62    9.481D-05  6.169D-05  6.860D-05
**(rmsgt)**  16  1.836D-06  2.164D-05  1.350D-05  5.376D-05   234.69       8.90       3.78    2.084D-04  1.358D-04  1.829D-04
**(rmsgt)**  15  1.644D-06  2.082D-05  1.240D-05  5.226D-05   242.83      10.46       4.31    3.993D-04  2.599D-04  3.821D-04
**(rmsgt)**  14  1.621D-06  2.023D-05  1.123D-05  4.743D-05   250.51      11.12       4.89    6.929D-04  4.628D-04  6.596D-04
**(rmsgt)**  13  1.675D-06  1.958D-05  9.839D-06  4.232D-05   257.22      11.24       4.92    1.115D-03  7.745D-04  9.852D-04
**(rmsgt)**  12  1.452D-06  1.923D-05  8.557D-06  3.832D-05   262.97      11.40       5.20    1.633D-03  1.145D-03  1.310D-03
**(rmsgt)**  11  1.306D-06  1.882D-05  7.619D-06  3.640D-05   267.87      11.58       5.04    2.249D-03  1.551D-03  1.611D-03
**(rmsgt)**  10  1.490D-06  1.854D-05  6.924D-06  3.535D-05   271.92      11.91       5.24    3.034D-03  2.020D-03  1.883D-03
**(rmsgt)**   9  1.425D-06  1.810D-05  6.328D-06  3.517D-05   275.29      12.07       5.04    3.942D-03  2.494D-03  2.099D-03
**(rmsgt)**   8  1.244D-06  1.827D-05  6.014D-06  3.533D-05   277.95      12.35       5.34    4.917D-03  2.961D-03  2.154D-03
**(rmsgt)**   7  1.286D-06  1.837D-05  5.914D-06  3.608D-05   280.00      12.53       5.26    5.914D-03  3.413D-03  2.209D-03
**(rmsgt)**   6  1.401D-06  1.875D-05  5.887D-06  3.692D-05   281.76      12.89       5.50    6.805D-03  3.859D-03  2.316D-03
**(rmsgt)**   5  1.753D-06  1.962D-05  5.893D-06  3.812D-05   283.30      13.27       5.38    7.585D-03  4.324D-03  2.418D-03
**(rmsgt)**   4  2.089D-06  2.095D-05  5.751D-06  3.836D-05   284.70      13.93       5.63    8.140D-03  4.677D-03  2.471D-03
**(rmsgt)**   3  2.246D-06  2.188D-05  5.384D-06  3.708D-05   285.88      14.63       5.64    8.462D-03  4.875D-03  2.521D-03
**(rmsgt)**   2  2.228D-06  2.218D-05  4.911D-06  3.455D-05   286.96      15.19       5.93    8.685D-03  5.006D-03  2.564D-03
**(rmsgt)**   1  2.201D-06  2.181D-05  4.530D-06  3.132D-05   287.81      15.46       5.85    8.909D-03  5.139D-03  2.613D-03
**(rmsgt)** AVE  1.697D-06  2.015D-05  9.847D-06  3.976D-05   251.50      10.82       4.74    2.330D-03  2.119D-03  1.432
**(rmsgt)** Log(surface pressure) mean and variance:
**(rmsgt)**  G.M.LNP.= 4.59    ; Z.S.LNP.=0.403D-01; Z.A.LNP.=0.673D-01
**(Model)** cold start step 1
**(Model)** cold start step 2
**(Model)** timestep 2 at simulation time 0 days and 600.0 seconds
**(Model)** timestep 3 at simulation time 0 days and 1200.0 seconds
**(Model)** timestep 4 at simulation time 0 days and 1800.0 seconds
**(Model)** timestep 5 at simulation time 0 days and 2400.0 seconds
**(Model)** timestep 6 at simulation time 0 days and 3000.0 seconds
**(Model)** timestep 7 at simulation time 0 days and 3600.0 seconds
**(Model)** timestep 8 at simulation time 0 days and 4200.0 seconds
**(Model)** timestep 9 at simulation time 0 days and 4800.0 seconds
**(Model)** timestep 10 at simulation time 0 days and 5400.0 seconds
**(Model)** timestep 11 at simulation time 0 days and 6000.0 seconds
**(Model)** timestep 12 at simulation time 0 days and 6600.0 seconds
**(Model)** timestep 13 at simulation time 0 days and 7200.0 seconds
**(Model)** timestep 14 at simulation time 0 days and 7800.0 seconds
**(Model)** timestep 15 at simulation time 0 days and 8400.0 seconds
**(Model)** timestep 16 at simulation time 0 days and 9000.0 seconds
**(Model)** timestep 17 at simulation time 0 days and 9600.0 seconds
**(Model)** timestep 18 at simulation time 0 days and 10200.0 seconds
**(opnfct)** writes file GFCT04R20120213122012021315F.fct.T126L28 at simulation time
**(opnfct)** 0 days and 10800.0 seconds; contains state of the atmosphere at 15Z of 13/02/2012
**(rmsgt)** State of the atmosphere at 15Z of 13/02/2012:
**(rmsgt)** Layers and average means and variances:
**(rmsgt)** LYR  Z.S. DIV.  Z.A. DIV.  Z.S. VOR.  Z.A. VOR.  G.M. TEM.  Z.S. TEM.  Z.A. TEM.  G.M. S.H.  Z.S. S.H.  Z.A. S.H.
**(rmsgt)**  28  6.825D-07  6.165D-06  1.352D-05  2.109D-05   251.07      12.51       5.13    1.931D-06  2.627D-07  1.396D-07
**(rmsgt)**  27  1.800D-06  1.673D-05  1.250D-05  1.678D-05   228.56       7.00       3.58    2.176D-06  4.626D-07  1.716D-07
**(rmsgt)**  26  1.885D-06  1.495D-05  9.559D-06  1.390D-05   221.68       5.67       3.41    2.272D-06  6.050D-07  2.280D-07
**(rmsgt)**  25  1.261D-06  1.123D-05  6.625D-06  1.301D-05   216.60       5.37       3.79    2.269D-06  6.821D-07  2.567D-07
**(rmsgt)**  24  1.028D-06  1.115D-05  5.273D-06  1.307D-05   212.58       6.60       3.92    2.205D-06  7.436D-07  2.607D-07
**(rmsgt)**  23  1.405D-06  1.238D-05  5.792D-06  1.379D-05   207.97       9.33       3.94    2.192D-06  7.182D-07  3.232D-07
**(rmsgt)**  22  1.241D-06  1.297D-05  7.866D-06  1.626D-05   204.05      12.26       3.95    2.187D-06  6.088D-07  4.898D-07
**(rmsgt)**  21  1.864D-06  1.446D-05  1.006D-05  2.048D-05   205.25      11.41       3.92    2.722D-06  8.093D-07  8.737D-07
**(rmsgt)**  20  1.676D-06  1.513D-05  1.184D-05  2.484D-05   209.85       8.54       3.78    5.334D-06  1.772D-06  2.511D-06
**(rmsgt)**  19  1.268D-06  1.362D-05  1.358D-05  3.021D-05   215.36       4.82       3.86    1.381D-05  5.638D-06  7.894D-06
**(rmsgt)**  18  1.765D-06  1.285D-05  1.452D-05  3.693D-05   220.87       2.27       4.10    3.792D-05  2.067D-05  2.437D-05
**(rmsgt)**  17  2.111D-06  1.269D-05  1.419D-05  4.180D-05   227.07       5.66       3.69    9.790D-05  6.069D-05  7.117D-05
**(rmsgt)**  16  1.522D-06  1.176D-05  1.329D-05  4.348D-05   234.70       8.84       3.90    2.122D-04  1.316D-04  1.778D-04
**(rmsgt)**  15  1.180D-06  1.066D-05  1.215D-05  4.059D-05   242.80      10.45       4.49    4.022D-04  2.499D-04  3.631D-04
**(rmsgt)**  14  1.226D-06  9.805D-06  1.083D-05  3.581D-05   250.48      11.16       4.98    6.909D-04  4.430D-04  6.174D-04
**(rmsgt)**  13  1.141D-06  9.502D-06  9.539D-06  3.118D-05   257.16      11.30       5.04    1.107D-03  7.470D-04  9.180D-04
**(rmsgt)**  12  8.774D-07  8.908D-06  8.411D-06  2.759D-05   262.94      11.47       5.24    1.618D-03  1.111D-03  1.226D-03
**(rmsgt)**  11  8.140D-07  8.882D-06  7.446D-06  2.546D-05   267.80      11.60       5.12    2.226D-03  1.516D-03  1.506D-03
**(rmsgt)**  10  8.811D-07  8.651D-06  6.766D-06  2.423D-05   271.85      11.91       5.19    3.003D-03  1.984D-03  1.759D-03
**(rmsgt)**   9  9.827D-07  8.611D-06  6.287D-06  2.374D-05   275.15      12.03       5.09    3.925D-03  2.465D-03  1.958D-03
**(rmsgt)**   8  1.100D-06  8.689D-06  5.936D-06  2.365D-05   277.76      12.29       5.22    4.918D-03  2.952D-03  1.993D-03
**(rmsgt)**   7  1.212D-06  9.167D-06  5.721D-06  2.402D-05   279.87      12.53       5.23    5.894D-03  3.395D-03  2.061D-03
**(rmsgt)**   6  1.358D-06  9.810D-06  5.695D-06  2.474D-05   281.70      12.91       5.30    6.798D-03  3.840D-03  2.194D-03
**(rmsgt)**   5  1.557D-06  1.103D-05  5.773D-06  2.573D-05   283.32      13.47       5.32    7.537D-03  4.230D-03  2.331D-03
**(rmsgt)**   4  1.790D-06  1.260D-05  5.783D-06  2.611D-05   284.79      14.05       5.42    8.203D-03  4.643D-03  2.435D-03
**(rmsgt)**   3  2.099D-06  1.398D-05  5.552D-06  2.505D-05   286.10      14.71       5.59    8.725D-03  4.987D-03  2.549D-03
**(rmsgt)**   2  2.439D-06  1.464D-05  4.835D-06  2.187D-05   287.28      15.26       5.73    9.069D-03  5.170D-03  2.643D-03
**(rmsgt)**   1  2.396D-06  1.368D-05  3.568D-06  1.664D-05   287.99      15.68       5.94    9.400D-03  5.325D-03  2.746D-03
**(rmsgt)** AVE  1.394D-06  1.109D-05  9.663D-06  2.973D-05   251.49      10.84       4.76    2.340D-03  2.117D-03  1.367
**(rmsgt)** Log(surface pressure) mean and variance:
**(rmsgt)**  G.M.LNP.= 4.59    ; Z.S.LNP.=0.402D-01; Z.A.LNP.=0.668D-01
**(wridia)** file also contains diagnostics at 15Z of 13/02/2012:
**(globme)**TOTAL PRECIPITATION                      Std.Dev.=   3.5871231; Glob.Mean=   10.052862    ; in units of Kg M**-2 Day
**-1
**(globme)**CONVECTIVE PRECIPITATION                 Std.Dev.=   3.0772589; Glob.Mean=   9.6223933    ; in units of Kg M**-2 Day
**-1
**(globme)**SENSIBLE HEAT FLUX FROM SURFACE          Std.Dev.=   27.143012; Glob.Mean=   77.141584    ; in units of W M**-2
**(globme)**LATENT HEAT FLUX FROM SURFACE            Std.Dev.=   128.09885; Glob.Mean=   144.56079    ; in units of W M**-2
**(globme)**OUTGOING LONG WAVE AT TOP                Std.Dev.=   261.13869; Glob.Mean=   33.878616    ; in units of W M**-2
**(globme)**SHORT WAVE ABSORBED AT GROUND            Std.Dev.=   194.86196; Glob.Mean=   272.37582    ; in units of W M**-2
**(globme)**NET LONG WAVE AT BOTTOM                  Std.Dev.=   59.363442; Glob.Mean=   39.036894    ; in units of W M**-2
**(Model)** timestep 19 at simulation time 0 days and 10800.0 seconds
**(Model)** timestep 20 at simulation time 0 days and 11400.0 seconds
**(Model)** timestep 21 at simulation time 0 days and 12000.0 seconds
**(Model)** timestep 22 at simulation time 0 days and 12600.0 seconds
**(Model)** timestep 23 at simulation time 0 days and 13200.0 seconds
**(Model)** timestep 24 at simulation time 0 days and 13800.0 seconds
**(Model)** timestep 25 at simulation time 0 days and 14400.0 seconds
**(Model)** timestep 26 at simulation time 0 days and 15000.0 seconds
**(Model)** timestep 27 at simulation time 0 days and 15600.0 seconds
**(Model)** timestep 28 at simulation time 0 days and 16200.0 seconds
**(Model)** timestep 29 at simulation time 0 days and 16800.0 seconds
**(Model)** timestep 30 at simulation time 0 days and 17400.0 seconds
**(Model)** timestep 31 at simulation time 0 days and 18000.0 seconds
**(Model)** timestep 32 at simulation time 0 days and 18600.0 seconds
**(Model)** timestep 33 at simulation time 0 days and 19200.0 seconds
**(Model)** timestep 34 at simulation time 0 days and 19800.0 seconds
**(Model)** timestep 35 at simulation time 0 days and 20400.0 seconds
**(Model)** timestep 36 at simulation time 0 days and 21000.0 seconds
**(opnfct)** writes file GFCT04R20120213122012021318F.fct.T126L28 at simulation time
**(opnfct)** 0 days and 21600.0 seconds; contains state of the atmosphere at 18Z of 13/02/2012
**(rmsgt)** State of the atmosphere at 18Z of 13/02/2012:
**(rmsgt)** Layers and average means and variances:
**(rmsgt)** LYR  Z.S. DIV.  Z.A. DIV.  Z.S. VOR.  Z.A. VOR.  G.M. TEM.  Z.S. TEM.  Z.A. TEM.  G.M. S.H.  Z.S. S.H.  Z.A. S.H.
**(rmsgt)**  28  6.827D-07  7.177D-06  1.340D-05  2.070D-05   251.06      12.47       5.28    1.932D-06  2.625D-07  1.367D-07
**(rmsgt)**  27  2.006D-06  1.679D-05  1.204D-05  1.810D-05   228.54       6.91       3.66    2.175D-06  4.613D-07  1.704D-07
**(rmsgt)**  26  1.938D-06  1.461D-05  1.006D-05  1.530D-05   221.56       5.68       3.48    2.273D-06  6.047D-07  2.263D-07
**(rmsgt)**  25  1.226D-06  1.165D-05  6.802D-06  1.305D-05   216.58       5.35       3.79    2.271D-06  6.822D-07  2.548D-07
**(rmsgt)**  24  1.204D-06  1.089D-05  5.396D-06  1.252D-05   212.57       6.60       3.93    2.206D-06  7.431D-07  2.572D-07
**(rmsgt)**  23  1.028D-06  1.062D-05  5.721D-06  1.323D-05   207.99       9.35       3.98    2.194D-06  7.156D-07  3.232D-07
**(rmsgt)**  22  1.312D-06  1.119D-05  7.807D-06  1.584D-05   204.11      12.27       3.97    2.199D-06  6.076D-07  5.100D-07
**(rmsgt)**  21  1.620D-06  1.215D-05  1.009D-05  2.039D-05   205.31      11.42       3.92    2.779D-06  8.431D-07  1.024D-06
**(rmsgt)**  20  1.534D-06  1.233D-05  1.171D-05  2.472D-05   209.87       8.54       3.78    5.470D-06  1.896D-06  2.907D-06
**(rmsgt)**  19  1.415D-06  1.140D-05  1.361D-05  2.952D-05   215.35       4.80       3.90    1.405D-05  5.817D-06  8.965D-06
**(rmsgt)**  18  1.654D-06  1.157D-05  1.444D-05  3.546D-05   220.86       2.25       4.09    3.852D-05  2.056D-05  2.672D-05
**(rmsgt)**  17  1.873D-06  1.152D-05  1.419D-05  3.986D-05   227.07       5.65       3.67    9.957D-05  6.001D-05  7.393D-05
**(rmsgt)**  16  1.217D-06  1.028D-05  1.337D-05  4.087D-05   234.70       8.81       3.85    2.147D-04  1.296D-04  1.780D-04
**(rmsgt)**  15  9.212D-07  9.234D-06  1.219D-05  3.819D-05   242.75      10.43       4.50    4.032D-04  2.441D-04  3.547D-04
**(rmsgt)**  14  9.550D-07  8.562D-06  1.092D-05  3.383D-05   250.44      11.18       4.99    6.883D-04  4.309D-04  5.987D-04
**(rmsgt)**  13  8.913D-07  8.211D-06  9.597D-06  2.950D-05   257.14      11.37       5.07    1.101D-03  7.290D-04  8.892D-04
**(rmsgt)**  12  7.791D-07  7.721D-06  8.422D-06  2.612D-05   262.95      11.54       5.24    1.608D-03  1.091D-03  1.192D-03
**(rmsgt)**  11  8.347D-07  7.784D-06  7.469D-06  2.399D-05   267.76      11.64       5.15    2.205D-03  1.490D-03  1.472D-03
**(rmsgt)**  10  9.874D-07  7.901D-06  6.819D-06  2.260D-05   271.77      11.91       5.18    2.972D-03  1.951D-03  1.730D-03
**(rmsgt)**   9  1.061D-06  8.140D-06  6.413D-06  2.184D-05   275.05      12.01       5.11    3.906D-03  2.437D-03  1.924D-03
**(rmsgt)**   8  1.091D-06  8.329D-06  6.104D-06  2.162D-05   277.69      12.29       5.18    4.913D-03  2.933D-03  1.956D-03
**(rmsgt)**   7  1.151D-06  8.877D-06  5.908D-06  2.194D-05   279.90      12.61       5.19    5.874D-03  3.366D-03  2.029D-03
**(rmsgt)**   6  1.389D-06  9.537D-06  5.846D-06  2.273D-05   281.79      13.00       5.25    6.781D-03  3.800D-03  2.176D-03
**(rmsgt)**   5  1.623D-06  1.073D-05  5.861D-06  2.385D-05   283.45      13.59       5.29    7.550D-03  4.192D-03  2.347D-03
**(rmsgt)**   4  1.861D-06  1.237D-05  5.862D-06  2.445D-05   284.95      14.13       5.38    8.280D-03  4.650D-03  2.490D-03
**(rmsgt)**   3  2.123D-06  1.368D-05  5.714D-06  2.379D-05   286.20      14.76       5.57    8.902D-03  5.090D-03  2.595D-03
**(rmsgt)**   2  2.492D-06  1.414D-05  5.021D-06  2.093D-05   287.39      15.21       5.73    9.311D-03  5.319D-03  2.701D-03
**(rmsgt)**   1  2.489D-06  1.331D-05  3.669D-06  1.598D-05   287.89      15.53       6.12    9.688D-03  5.511D-03  2.827D-03
**(rmsgt)** AVE  1.316D-06  1.001D-05  9.702D-06  2.813D-05   251.48      10.86       4.76    2.346D-03  2.118D-03  1.359
**(rmsgt)** Log(surface pressure) mean and variance:
**(rmsgt)**  G.M.LNP.= 4.59    ; Z.S.LNP.=0.402D-01; Z.A.LNP.=0.666D-01
**(wridia)** file also contains diagnostics at 18Z of 13/02/2012:
**(globme)**TOTAL PRECIPITATION                      Std.Dev.=   3.3595427; Glob.Mean=   9.0145685    ; in units of Kg M**-2 Day
**-1
**(globme)**CONVECTIVE PRECIPITATION                 Std.Dev.=   2.7923179; Glob.Mean=   8.6669649    ; in units of Kg M**-2 Day
**-1
**(globme)**SENSIBLE HEAT FLUX FROM SURFACE          Std.Dev.=   19.871939; Glob.Mean=   72.048003    ; in units of W M**-2
**(globme)**LATENT HEAT FLUX FROM SURFACE            Std.Dev.=   109.15000; Glob.Mean=   125.73562    ; in units of W M**-2
**(globme)**OUTGOING LONG WAVE AT TOP                Std.Dev.=   241.51177; Glob.Mean=   47.574879    ; in units of W M**-2
**(globme)**SHORT WAVE ABSORBED AT GROUND            Std.Dev.=   176.80285; Glob.Mean=   245.46879    ; in units of W M**-2
**(globme)**NET LONG WAVE AT BOTTOM                  Std.Dev.=   55.092424; Glob.Mean=   41.356566    ; in units of W M**-2
**(Model)** timestep 37 at simulation time 0 days and 21600.0 seconds
**(Model)** timestep 38 at simulation time 0 days and 22200.0 seconds
**(Model)** timestep 39 at simulation time 0 days and 22800.0 seconds
**(Model)** timestep 40 at simulation time 0 days and 23400.0 seconds
**(Model)** timestep 41 at simulation time 0 days and 24000.0 seconds
**(Model)** timestep 42 at simulation time 0 days and 24600.0 seconds
**(Model)** timestep 43 at simulation time 0 days and 25200.0 seconds
**(Model)** timestep 44 at simulation time 0 days and 25800.0 seconds
**(Model)** timestep 45 at simulation time 0 days and 26400.0 seconds
**(Model)** timestep 46 at simulation time 0 days and 27000.0 seconds
**(Model)** timestep 47 at simulation time 0 days and 27600.0 seconds
**(Model)** timestep 48 at simulation time 0 days and 28200.0 seconds
**(Model)** timestep 49 at simulation time 0 days and 28800.0 seconds
**(Model)** timestep 50 at simulation time 0 days and 29400.0 seconds
**(Model)** timestep 51 at simulation time 0 days and 30000.0 seconds
**(Model)** timestep 52 at simulation time 0 days and 30600.0 seconds
**(Model)** timestep 53 at simulation time 0 days and 31200.0 seconds
**(Model)** timestep 54 at simulation time 0 days and 31800.0 seconds
**(opnfct)** writes file GFCT04R20120213122012021321F.fct.T126L28 at simulation time
**(opnfct)** 0 days and 32400.0 seconds; contains state of the atmosphere at 21Z of 13/02/2012
**(rmsgt)** State of the atmosphere at 21Z of 13/02/2012:
**(rmsgt)** Layers and average means and variances:
**(rmsgt)** LYR  Z.S. DIV.  Z.A. DIV.  Z.S. VOR.  Z.A. VOR.  G.M. TEM.  Z.S. TEM.  Z.A. TEM.  G.M. S.H.  Z.S. S.H.  Z.A. S.H.
**(rmsgt)**  28  7.266D-07  6.607D-06  1.341D-05  2.065D-05   251.06      12.41       5.33    1.932D-06  2.623D-07  1.352D-07
**(rmsgt)**  27  1.993D-06  1.602D-05  1.164D-05  1.810D-05   228.43       6.85       3.76    2.173D-06  4.602D-07  1.695D-07
**(rmsgt)**  26  1.873D-06  1.328D-05  1.047D-05  1.530D-05   221.53       5.65       3.61    2.274D-06  6.042D-07  2.250D-07
**(rmsgt)**  25  1.603D-06  1.114D-05  6.728D-06  1.332D-05   216.58       5.31       3.85    2.272D-06  6.828D-07  2.543D-07
**(rmsgt)**  24  1.059D-06  1.082D-05  5.490D-06  1.261D-05   212.60       6.58       3.94    2.206D-06  7.429D-07  2.546D-07
**(rmsgt)**  23  1.000D-06  1.015D-05  5.733D-06  1.314D-05   208.01       9.36       3.95    2.197D-06  7.128D-07  3.243D-07
**(rmsgt)**  22  1.290D-06  1.093D-05  7.799D-06  1.538D-05   204.14      12.28       3.92    2.214D-06  6.112D-07  5.555D-07
**(rmsgt)**  21  1.258D-06  1.162D-05  1.022D-05  2.014D-05   205.31      11.43       3.91    2.821D-06  8.713D-07  1.171D-06
**(rmsgt)**  20  1.339D-06  1.134D-05  1.185D-05  2.474D-05   209.85       8.54       3.77    5.547D-06  1.958D-06  3.078D-06
**(rmsgt)**  19  1.461D-06  1.085D-05  1.372D-05  2.901D-05   215.34       4.80       3.93    1.413D-05  5.870D-06  9.262D-06
**(rmsgt)**  18  1.245D-06  1.105D-05  1.447D-05  3.469D-05   220.88       2.25       4.05    3.897D-05  2.048D-05  2.753D-05
**(rmsgt)**  17  1.638D-06  1.085D-05  1.412D-05  3.900D-05   227.06       5.67       3.61    1.008D-04  5.958D-05  7.479D-05
**(rmsgt)**  16  1.082D-06  9.486D-06  1.335D-05  3.946D-05   234.67       8.80       3.79    2.165D-04  1.279D-04  1.765D-04
**(rmsgt)**  15  1.036D-06  8.591D-06  1.223D-05  3.690D-05   242.70      10.40       4.46    4.048D-04  2.410D-04  3.468D-04
**(rmsgt)**  14  9.154D-07  8.198D-06  1.095D-05  3.276D-05   250.41      11.18       4.95    6.894D-04  4.251D-04  5.845D-04
**(rmsgt)**  13  8.721D-07  7.693D-06  9.633D-06  2.850D-05   257.12      11.39       5.05    1.100D-03  7.166D-04  8.701D-04
**(rmsgt)**  12  7.837D-07  7.356D-06  8.404D-06  2.526D-05   262.94      11.57       5.22    1.602D-03  1.073D-03  1.167D-03
**(rmsgt)**  11  8.333D-07  7.343D-06  7.447D-06  2.315D-05   267.71      11.64       5.13    2.189D-03  1.464D-03  1.449D-03
**(rmsgt)**  10  1.055D-06  7.578D-06  6.817D-06  2.172D-05   271.67      11.89       5.14    2.943D-03  1.918D-03  1.713D-03
**(rmsgt)**   9  1.138D-06  7.777D-06  6.429D-06  2.089D-05   274.97      12.00       5.10    3.892D-03  2.411D-03  1.902D-03
**(rmsgt)**   8  1.005D-06  8.172D-06  6.163D-06  2.066D-05   277.63      12.28       5.15    4.910D-03  2.916D-03  1.932D-03
**(rmsgt)**   7  9.853D-07  8.605D-06  6.042D-06  2.089D-05   279.90      12.69       5.15    5.855D-03  3.341D-03  2.013D-03
**(rmsgt)**   6  1.265D-06  9.504D-06  6.042D-06  2.173D-05   281.86      13.07       5.22    6.769D-03  3.775D-03  2.171D-03
**(rmsgt)**   5  1.704D-06  1.065D-05  6.016D-06  2.294D-05   283.52      13.64       5.27    7.568D-03  4.183D-03  2.367D-03
**(rmsgt)**   4  2.035D-06  1.232D-05  5.940D-06  2.365D-05   285.02      14.11       5.39    8.305D-03  4.645D-03  2.529D-03
**(rmsgt)**   3  2.281D-06  1.356D-05  5.778D-06  2.322D-05   286.21      14.67       5.64    8.998D-03  5.150D-03  2.617D-03
**(rmsgt)**   2  2.537D-06  1.373D-05  5.107D-06  2.046D-05   287.36      15.08       5.83    9.475D-03  5.432D-03  2.727D-03
**(rmsgt)**   1  2.482D-06  1.297D-05  3.717D-06  1.564D-05   287.68      15.35       6.39    9.897D-03  5.654D-03  2.872D-03
**(rmsgt)** AVE  1.269D-06  9.575D-06  9.735D-06  2.728D-05   251.46      10.86       4.74    2.348D-03  2.119D-03  1.354
**(rmsgt)** Log(surface pressure) mean and variance:
**(rmsgt)**  G.M.LNP.= 4.59    ; Z.S.LNP.=0.402D-01; Z.A.LNP.=0.665D-01
**(wridia)** file also contains diagnostics at 21Z of 13/02/2012:
**(globme)**TOTAL PRECIPITATION                      Std.Dev.=   3.1921632; Glob.Mean=   8.1071126    ; in units of Kg M**-2 Day
**-1
**(globme)**CONVECTIVE PRECIPITATION                 Std.Dev.=   2.5645536; Glob.Mean=   7.6681693    ; in units of Kg M**-2 Day
**-1
**(globme)**SENSIBLE HEAT FLUX FROM SURFACE          Std.Dev.=   13.121669; Glob.Mean=   57.572826    ; in units of W M**-2
**(globme)**LATENT HEAT FLUX FROM SURFACE            Std.Dev.=   96.967460; Glob.Mean=   113.48466    ; in units of W M**-2
**(globme)**OUTGOING LONG WAVE AT TOP                Std.Dev.=   240.31589; Glob.Mean=   46.833914    ; in units of W M**-2
**(globme)**SHORT WAVE ABSORBED AT GROUND            Std.Dev.=   181.36740; Glob.Mean=   261.40241    ; in units of W M**-2
**(globme)**NET LONG WAVE AT BOTTOM                  Std.Dev.=   52.529858; Glob.Mean=   35.652954    ; in units of W M**-2
**(Model)** timestep 55 at simulation time 0 days and 32400.0 seconds
**(Model)** timestep 56 at simulation time 0 days and 33000.0 seconds
**(Model)** timestep 57 at simulation time 0 days and 33600.0 seconds
**(Model)** timestep 58 at simulation time 0 days and 34200.0 seconds
**(Model)** timestep 59 at simulation time 0 days and 34800.0 seconds
**(Model)** timestep 60 at simulation time 0 days and 35400.0 seconds
**(Model)** timestep 61 at simulation time 0 days and 36000.0 seconds
**(Model)** timestep 62 at simulation time 0 days and 36600.0 seconds
**(Model)** timestep 63 at simulation time 0 days and 37200.0 seconds
**(Model)** timestep 64 at simulation time 0 days and 37800.0 seconds
**(Model)** timestep 65 at simulation time 0 days and 38400.0 seconds
**(Model)** timestep 66 at simulation time 0 days and 39000.0 seconds
**(Model)** timestep 67 at simulation time 0 days and 39600.0 seconds
**(Model)** timestep 68 at simulation time 0 days and 40200.0 seconds
**(Model)** timestep 69 at simulation time 0 days and 40800.0 seconds
**(Model)** timestep 70 at simulation time 0 days and 41400.0 seconds
**(Model)** timestep 71 at simulation time 0 days and 42000.0 seconds
**(Model)** timestep 72 at simulation time 0 days and 42600.0 seconds
**(opnfct)** writes file GFCT04R20120213122012021400F.fct.T126L28 at simulation time
**(opnfct)** 0 days and 43200.0 seconds; contains state of the atmosphere at 00Z of 14/02/2012
**(rmsgt)** State of the atmosphere at 00Z of 14/02/2012:
**(rmsgt)** Layers and average means and variances:
**(rmsgt)** LYR  Z.S. DIV.  Z.A. DIV.  Z.S. VOR.  Z.A. VOR.  G.M. TEM.  Z.S. TEM.  Z.A. TEM.  G.M. S.H.  Z.S. S.H.  Z.A. S.H.
**(rmsgt)**  28  7.338D-07  6.084D-06  1.358D-05  2.089D-05   251.07      12.35       5.28    1.933D-06  2.618D-07  1.344D-07
**(rmsgt)**  27  2.107D-06  1.544D-05  1.162D-05  1.783D-05   228.31       6.84       3.81    2.172D-06  4.599D-07  1.692D-07
**(rmsgt)**  26  1.726D-06  1.306D-05  1.056D-05  1.498D-05   221.48       5.63       3.74    2.273D-06  6.036D-07  2.250D-07
**(rmsgt)**  25  1.436D-06  1.071D-05  6.588D-06  1.313D-05   216.59       5.29       3.92    2.273D-06  6.836D-07  2.537D-07
**(rmsgt)**  24  1.150D-06  1.069D-05  5.515D-06  1.258D-05   212.63       6.54       3.98    2.206D-06  7.431D-07  2.537D-07
**(rmsgt)**  23  1.159D-06  1.028D-05  5.732D-06  1.306D-05   208.05       9.32       3.93    2.201D-06  7.101D-07  3.303D-07
**(rmsgt)**  22  1.059D-06  1.065D-05  7.893D-06  1.529D-05   204.15      12.27       3.92    2.234D-06  6.215D-07  6.268D-07
**(rmsgt)**  21  1.168D-06  1.148D-05  1.046D-05  1.999D-05   205.29      11.44       3.90    2.855D-06  9.010D-07  1.292D-06
**(rmsgt)**  20  1.368D-06  1.121D-05  1.207D-05  2.429D-05   209.83       8.55       3.76    5.610D-06  1.998D-06  3.201D-06
**(rmsgt)**  19  1.471D-06  1.044D-05  1.373D-05  2.858D-05   215.35       4.80       3.90    1.420D-05  5.845D-06  9.295D-06
**(rmsgt)**  18  1.013D-06  1.055D-05  1.451D-05  3.419D-05   220.89       2.25       3.98    3.945D-05  2.042D-05  2.789D-05
**(rmsgt)**  17  1.456D-06  9.966D-06  1.416D-05  3.867D-05   227.04       5.68       3.54    1.019D-04  5.905D-05  7.531D-05
**(rmsgt)**  16  1.003D-06  8.956D-06  1.331D-05  3.880D-05   234.64       8.78       3.74    2.186D-04  1.264D-04  1.758D-04
**(rmsgt)**  15  9.614D-07  8.294D-06  1.234D-05  3.611D-05   242.67      10.37       4.43    4.069D-04  2.381D-04  3.433D-04
**(rmsgt)**  14  8.000D-07  7.989D-06  1.101D-05  3.188D-05   250.38      11.15       4.91    6.908D-04  4.189D-04  5.773D-04
**(rmsgt)**  13  7.551D-07  7.434D-06  9.629D-06  2.768D-05   257.09      11.39       5.03    1.099D-03  7.032D-04  8.595D-04
**(rmsgt)**  12  6.575D-07  7.205D-06  8.384D-06  2.454D-05   262.92      11.57       5.20    1.597D-03  1.052D-03  1.151D-03
**(rmsgt)**  11  6.979D-07  7.122D-06  7.393D-06  2.250D-05   267.65      11.61       5.10    2.178D-03  1.437D-03  1.437D-03
**(rmsgt)**  10  9.227D-07  7.221D-06  6.688D-06  2.108D-05   271.57      11.85       5.11    2.922D-03  1.887D-03  1.707D-03
**(rmsgt)**   9  1.019D-06  7.483D-06  6.287D-06  2.022D-05   274.88      11.98       5.09    3.879D-03  2.387D-03  1.889D-03
**(rmsgt)**   8  8.935D-07  7.829D-06  6.034D-06  1.997D-05   277.57      12.28       5.12    4.897D-03  2.900D-03  1.922D-03
**(rmsgt)**   7  8.151D-07  8.376D-06  5.960D-06  2.026D-05   279.87      12.74       5.12    5.828D-03  3.321D-03  2.009D-03
**(rmsgt)**   6  1.137D-06  9.399D-06  6.071D-06  2.124D-05   281.85      13.12       5.20    6.756D-03  3.764D-03  2.173D-03
**(rmsgt)**   5  1.629D-06  1.049D-05  6.117D-06  2.256D-05   283.52      13.63       5.28    7.576D-03  4.187D-03  2.381D-03
**(rmsgt)**   4  2.181D-06  1.184D-05  6.098D-06  2.345D-05   285.00      14.10       5.41    8.317D-03  4.653D-03  2.544D-03
**(rmsgt)**   3  2.493D-06  1.302D-05  5.909D-06  2.308D-05   286.15      14.63       5.71    9.068D-03  5.209D-03  2.622D-03
**(rmsgt)**   2  2.671D-06  1.311D-05  5.160D-06  2.018D-05   287.28      15.02       5.93    9.586D-03  5.519D-03  2.733D-03
**(rmsgt)**   1  2.505D-06  1.208D-05  3.759D-06  1.520D-05   287.55      15.33       6.59    1.005D-02  5.758D-03  2.875D-03
**(rmsgt)** AVE  1.205D-06  9.240D-06  9.756D-06  2.673D-05   251.43      10.85       4.73    2.349D-03  2.120D-03  1.351
**(rmsgt)** Log(surface pressure) mean and variance:
**(rmsgt)**  G.M.LNP.= 4.59    ; Z.S.LNP.=0.402D-01; Z.A.LNP.=0.665D-01
**(wridia)** file also contains diagnostics at 00Z of 14/02/2012:
**(globme)**TOTAL PRECIPITATION                      Std.Dev.=   3.0562316; Glob.Mean=   7.5798797    ; in units of Kg M**-2 Day
**-1
**(globme)**CONVECTIVE PRECIPITATION                 Std.Dev.=   2.4043147; Glob.Mean=   7.1541154    ; in units of Kg M**-2 Day
**-1
**(globme)**SENSIBLE HEAT FLUX FROM SURFACE          Std.Dev.=   7.2939835; Glob.Mean=   40.959907    ; in units of W M**-2
**(globme)**LATENT HEAT FLUX FROM SURFACE            Std.Dev.=   87.398147; Glob.Mean=   106.11068    ; in units of W M**-2
**(globme)**OUTGOING LONG WAVE AT TOP                Std.Dev.=   239.61179; Glob.Mean=   46.448501    ; in units of W M**-2
**(globme)**SHORT WAVE ABSORBED AT GROUND            Std.Dev.=   184.62483; Glob.Mean=   265.21003    ; in units of W M**-2
**(globme)**NET LONG WAVE AT BOTTOM                  Std.Dev.=   50.993407; Glob.Mean=   32.597923    ; in units of W M**-2
**(Model)** timestep 73 at simulation time 0 days and 43200.0 seconds
**(Model)** timestep 74 at simulation time 0 days and 43800.0 seconds
**(Model)** timestep 75 at simulation time 0 days and 44400.0 seconds
**(Model)** timestep 76 at simulation time 0 days and 45000.0 seconds
**(Model)** timestep 77 at simulation time 0 days and 45600.0 seconds
**(Model)** timestep 78 at simulation time 0 days and 46200.0 seconds
**(Model)** timestep 79 at simulation time 0 days and 46800.0 seconds
**(Model)** timestep 80 at simulation time 0 days and 47400.0 seconds
**(Model)** timestep 81 at simulation time 0 days and 48000.0 seconds
**(Model)** timestep 82 at simulation time 0 days and 48600.0 seconds
**(Model)** timestep 83 at simulation time 0 days and 49200.0 seconds
**(Model)** timestep 84 at simulation time 0 days and 49800.0 seconds
**(Model)** timestep 85 at simulation time 0 days and 50400.0 seconds
**(Model)** timestep 86 at simulation time 0 days and 51000.0 seconds
**(Model)** timestep 87 at simulation time 0 days and 51600.0 seconds
**(Model)** timestep 88 at simulation time 0 days and 52200.0 seconds
**(Model)** timestep 89 at simulation time 0 days and 52800.0 seconds
**(Model)** timestep 90 at simulation time 0 days and 53400.0 seconds
**(opnfct)** writes file GFCT04R20120213122012021403F.fct.T126L28 at simulation time
**(opnfct)** 0 days and 54000.0 seconds; contains state of the atmosphere at 03Z of 14/02/2012
**(rmsgt)** State of the atmosphere at 03Z of 14/02/2012:
**(rmsgt)** Layers and average means and variances:
**(rmsgt)** LYR  Z.S. DIV.  Z.A. DIV.  Z.S. VOR.  Z.A. VOR.  G.M. TEM.  Z.S. TEM.  Z.A. TEM.  G.M. S.H.  Z.S. S.H.  Z.A. S.H.
**(rmsgt)**  28  7.878D-07  6.091D-06  1.376D-05  2.105D-05   251.08      12.29       5.20    1.933D-06  2.609D-07  1.339D-07
**(rmsgt)**  27  2.087D-06  1.517D-05  1.161D-05  1.833D-05   228.22       6.79       3.90    2.172D-06  4.600D-07  1.684D-07
**(rmsgt)**  26  1.401D-06  1.257D-05  1.044D-05  1.519D-05   221.43       5.66       3.71    2.273D-06  6.025D-07  2.249D-07
**(rmsgt)**  25  1.289D-06  1.035D-05  6.623D-06  1.341D-05   216.60       5.28       3.97    2.274D-06  6.836D-07  2.529D-07
**(rmsgt)**  24  1.054D-06  1.047D-05  5.603D-06  1.248D-05   212.67       6.50       4.00    2.206D-06  7.427D-07  2.538D-07
**(rmsgt)**  23  1.433D-06  9.950D-06  5.736D-06  1.305D-05   208.08       9.27       3.91    2.204D-06  7.074D-07  3.409D-07
**(rmsgt)**  22  9.141D-07  1.012D-05  8.018D-06  1.550D-05   204.16      12.25       3.93    2.255D-06  6.343D-07  6.983D-07
**(rmsgt)**  21  1.234D-06  1.116D-05  1.055D-05  1.999D-05   205.29      11.45       3.91    2.882D-06  9.240D-07  1.379D-06
**(rmsgt)**  20  1.605D-06  1.142D-05  1.215D-05  2.409D-05   209.82       8.54       3.77    5.656D-06  2.012D-06  3.307D-06
**(rmsgt)**  19  1.420D-06  1.046D-05  1.372D-05  2.848D-05   215.36       4.77       3.86    1.433D-05  5.845D-06  9.285D-06
**(rmsgt)**  18  1.114D-06  1.011D-05  1.459D-05  3.377D-05   220.89       2.25       3.91    4.000D-05  2.045D-05  2.831D-05
**(rmsgt)**  17  1.517D-06  9.319D-06  1.429D-05  3.799D-05   227.04       5.68       3.49    1.031D-04  5.881D-05  7.643D-05
**(rmsgt)**  16  1.070D-06  8.608D-06  1.340D-05  3.814D-05   234.62       8.76       3.69    2.201D-04  1.249D-04  1.754D-04
**(rmsgt)**  15  9.600D-07  8.080D-06  1.243D-05  3.537D-05   242.63      10.36       4.40    4.077D-04  2.339D-04  3.404D-04
**(rmsgt)**  14  8.069D-07  7.685D-06  1.102D-05  3.110D-05   250.33      11.14       4.88    6.917D-04  4.118D-04  5.715D-04
**(rmsgt)**  13  8.022D-07  7.219D-06  9.572D-06  2.705D-05   257.05      11.40       5.01    1.096D-03  6.873D-04  8.521D-04
**(rmsgt)**  12  6.156D-07  7.065D-06  8.315D-06  2.401D-05   262.89      11.59       5.17    1.591D-03  1.028D-03  1.137D-03
**(rmsgt)**  11  6.714D-07  6.993D-06  7.315D-06  2.197D-05   267.58      11.60       5.08    2.168D-03  1.409D-03  1.429D-03
**(rmsgt)**  10  9.089D-07  6.903D-06  6.567D-06  2.057D-05   271.47      11.83       5.08    2.904D-03  1.858D-03  1.704D-03
**(rmsgt)**   9  1.021D-06  7.157D-06  6.116D-06  1.972D-05   274.79      11.97       5.07    3.872D-03  2.367D-03  1.882D-03
**(rmsgt)**   8  9.251D-07  7.518D-06  5.892D-06  1.954D-05   277.50      12.27       5.10    4.888D-03  2.892D-03  1.919D-03
**(rmsgt)**   7  8.389D-07  8.027D-06  5.843D-06  1.997D-05   279.82      12.77       5.10    5.814D-03  3.313D-03  2.011D-03
**(rmsgt)**   6  1.081D-06  9.014D-06  5.994D-06  2.100D-05   281.84      13.15       5.20    6.752D-03  3.765D-03  2.177D-03
**(rmsgt)**   5  1.578D-06  1.004D-05  6.124D-06  2.238D-05   283.52      13.65       5.32    7.591D-03  4.209D-03  2.389D-03
**(rmsgt)**   4  2.127D-06  1.127D-05  6.161D-06  2.329D-05   285.03      14.12       5.46    8.346D-03  4.681D-03  2.542D-03
**(rmsgt)**   3  2.391D-06  1.249D-05  5.964D-06  2.274D-05   286.18      14.65       5.75    9.115D-03  5.249D-03  2.627D-03
**(rmsgt)**   2  2.542D-06  1.258D-05  5.176D-06  1.982D-05   287.32      15.02       5.93    9.650D-03  5.565D-03  2.748D-03
**(rmsgt)**   1  2.440D-06  1.174D-05  3.832D-06  1.489D-05   287.63      15.29       6.46    1.012D-02  5.787D-03  2.910D-03
**(rmsgt)** AVE  1.206D-06  8.939D-06  9.766D-06  2.627D-05   251.40      10.84       4.71    2.349D-03  2.122D-03  1.351
**(rmsgt)** Log(surface pressure) mean and variance:
**(rmsgt)**  G.M.LNP.= 4.59    ; Z.S.LNP.=0.402D-01; Z.A.LNP.=0.663D-01
**(wridia)** file also contains diagnostics at 03Z of 14/02/2012:
**(globme)**TOTAL PRECIPITATION                      Std.Dev.=   2.9799615; Glob.Mean=   7.4414830    ; in units of Kg M**-2 Day
**-1
**(globme)**CONVECTIVE PRECIPITATION                 Std.Dev.=   2.3211348; Glob.Mean=   7.0483071    ; in units of Kg M**-2 Day
**-1
**(globme)**SENSIBLE HEAT FLUX FROM SURFACE          Std.Dev.=   13.292268; Glob.Mean=   62.035286    ; in units of W M**-2
**(globme)**LATENT HEAT FLUX FROM SURFACE            Std.Dev.=   85.332797; Glob.Mean=   105.11609    ; in units of W M**-2
**(globme)**OUTGOING LONG WAVE AT TOP                Std.Dev.=   239.94483; Glob.Mean=   46.760024    ; in units of W M**-2
**(globme)**SHORT WAVE ABSORBED AT GROUND            Std.Dev.=   183.03035; Glob.Mean=   261.63102    ; in units of W M**-2
**(globme)**NET LONG WAVE AT BOTTOM                  Std.Dev.=   50.618928; Glob.Mean=   33.509682    ; in units of W M**-2
**(Model)** timestep 91 at simulation time 0 days and 54000.0 seconds
**(Model)** timestep 92 at simulation time 0 days and 54600.0 seconds
**(Model)** timestep 93 at simulation time 0 days and 55200.0 seconds
**(Model)** timestep 94 at simulation time 0 days and 55800.0 seconds
**(Model)** timestep 95 at simulation time 0 days and 56400.0 seconds
**(Model)** timestep 96 at simulation time 0 days and 57000.0 seconds
**(Model)** timestep 97 at simulation time 0 days and 57600.0 seconds
**(Model)** timestep 98 at simulation time 0 days and 58200.0 seconds
**(Model)** timestep 99 at simulation time 0 days and 58800.0 seconds
**(Model)** timestep 100 at simulation time 0 days and 59400.0 seconds
**(Model)** timestep 101 at simulation time 0 days and 60000.0 seconds
**(Model)** timestep 102 at simulation time 0 days and 60600.0 seconds
**(Model)** timestep 103 at simulation time 0 days and 61200.0 seconds
**(Model)** timestep 104 at simulation time 0 days and 61800.0 seconds
**(Model)** timestep 105 at simulation time 0 days and 62400.0 seconds
**(Model)** timestep 106 at simulation time 0 days and 63000.0 seconds
**(Model)** timestep 107 at simulation time 0 days and 63600.0 seconds
**(Model)** timestep 108 at simulation time 0 days and 64200.0 seconds
**(opnfct)** writes file GFCT04R20120213122012021406F.fct.T126L28 at simulation time
**(opnfct)** 0 days and 64800.0 seconds; contains state of the atmosphere at 06Z of 14/02/2012
**(rmsgt)** State of the atmosphere at 06Z of 14/02/2012:
**(rmsgt)** Layers and average means and variances:
**(rmsgt)** LYR  Z.S. DIV.  Z.A. DIV.  Z.S. VOR.  Z.A. VOR.  G.M. TEM.  Z.S. TEM.  Z.A. TEM.  G.M. S.H.  Z.S. S.H.  Z.A. S.H.
**(rmsgt)**  28  6.221D-07  5.613D-06  1.394D-05  2.113D-05   251.10      12.25       5.15    1.933D-06  2.605D-07  1.337D-07
**(rmsgt)**  27  1.452D-06  1.394D-05  1.169D-05  1.855D-05   228.13       6.73       4.05    2.173D-06  4.606D-07  1.670D-07
**(rmsgt)**  26  1.433D-06  1.213D-05  1.044D-05  1.525D-05   221.38       5.67       3.72    2.273D-06  6.011D-07  2.238D-07
**(rmsgt)**  25  1.497D-06  9.937D-06  6.691D-06  1.321D-05   216.60       5.28       3.95    2.275D-06  6.837D-07  2.521D-07
**(rmsgt)**  24  1.075D-06  9.784D-06  5.658D-06  1.240D-05   212.69       6.48       4.00    2.206D-06  7.418D-07  2.554D-07
**(rmsgt)**  23  1.115D-06  9.848D-06  5.795D-06  1.331D-05   208.10       9.24       3.94    2.207D-06  7.043D-07  3.490D-07
**(rmsgt)**  22  1.182D-06  9.970D-06  8.097D-06  1.553D-05   204.18      12.23       3.96    2.275D-06  6.421D-07  7.383D-07
**(rmsgt)**  21  1.247D-06  1.075D-05  1.045D-05  2.011D-05   205.30      11.47       3.92    2.922D-06  9.453D-07  1.449D-06
**(rmsgt)**  20  1.408D-06  1.190D-05  1.218D-05  2.417D-05   209.81       8.55       3.80    5.722D-06  2.043D-06  3.473D-06
**(rmsgt)**  19  1.201D-06  1.038D-05  1.382D-05  2.842D-05   215.36       4.74       3.86    1.450D-05  5.848D-06  9.654D-06
**(rmsgt)**  18  1.115D-06  9.792D-06  1.470D-05  3.341D-05   220.88       2.22       3.86    4.048D-05  2.037D-05  2.927D-05
**(rmsgt)**  17  1.481D-06  8.964D-06  1.435D-05  3.719D-05   227.03       5.67       3.44    1.038D-04  5.820D-05  7.761D-05
**(rmsgt)**  16  1.136D-06  8.354D-06  1.343D-05  3.750D-05   234.60       8.74       3.65    2.200D-04  1.224D-04  1.741D-04
**(rmsgt)**  15  8.729D-07  7.814D-06  1.242D-05  3.469D-05   242.58      10.36       4.35    4.072D-04  2.295D-04  3.346D-04
**(rmsgt)**  14  8.448D-07  7.305D-06  1.099D-05  3.049D-05   250.28      11.15       4.86    6.913D-04  4.056D-04  5.633D-04
**(rmsgt)**  13  8.274D-07  6.977D-06  9.524D-06  2.664D-05   257.01      11.43       4.99    1.091D-03  6.723D-04  8.426D-04
**(rmsgt)**  12  6.096D-07  6.759D-06  8.290D-06  2.368D-05   262.86      11.62       5.15    1.585D-03  1.006D-03  1.122D-03
**(rmsgt)**  11  6.690D-07  6.819D-06  7.301D-06  2.161D-05   267.53      11.60       5.07    2.159D-03  1.385D-03  1.417D-03
**(rmsgt)**  10  7.728D-07  6.900D-06  6.552D-06  2.017D-05   271.38      11.82       5.06    2.891D-03  1.835D-03  1.697D-03
**(rmsgt)**   9  9.200D-07  7.105D-06  6.075D-06  1.932D-05   274.70      11.97       5.05    3.869D-03  2.356D-03  1.872D-03
**(rmsgt)**   8  9.102D-07  7.389D-06  5.858D-06  1.914D-05   277.44      12.27       5.08    4.883D-03  2.886D-03  1.910D-03
**(rmsgt)**   7  7.785D-07  7.863D-06  5.804D-06  1.958D-05   279.80      12.78       5.11    5.811D-03  3.308D-03  2.011D-03
**(rmsgt)**   6  9.734D-07  8.759D-06  5.880D-06  2.054D-05   281.85      13.18       5.22    6.766D-03  3.768D-03  2.185D-03
**(rmsgt)**   5  1.458D-06  9.939D-06  5.989D-06  2.184D-05   283.56      13.68       5.33    7.620D-03  4.227D-03  2.396D-03
**(rmsgt)**   4  1.925D-06  1.127D-05  6.061D-06  2.276D-05   285.09      14.13       5.43    8.389D-03  4.716D-03  2.527D-03
**(rmsgt)**   3  2.157D-06  1.246D-05  5.933D-06  2.226D-05   286.27      14.66       5.63    9.127D-03  5.250D-03  2.627D-03
**(rmsgt)**   2  2.376D-06  1.272D-05  5.212D-06  1.937D-05   287.43      15.00       5.76    9.669D-03  5.572D-03  2.760D-03
**(rmsgt)**   1  2.332D-06  1.215D-05  3.909D-06  1.486D-05   287.97      15.27       6.12    1.016D-02  5.798D-03  2.927D-03
**(rmsgt)** AVE  1.138D-06  8.756D-06  9.772D-06  2.586D-05   251.38      10.85       4.68    2.350D-03  2.121D-03  1.347
**(rmsgt)** Log(surface pressure) mean and variance:
**(rmsgt)**  G.M.LNP.= 4.59    ; Z.S.LNP.=0.402D-01; Z.A.LNP.=0.662D-01
**(wridia)** file also contains diagnostics at 06Z of 14/02/2012:
**(globme)**TOTAL PRECIPITATION                      Std.Dev.=   2.9649230; Glob.Mean=   7.5895882    ; in units of Kg M**-2 Day
**-1
**(globme)**CONVECTIVE PRECIPITATION                 Std.Dev.=   2.3078670; Glob.Mean=   7.2257033    ; in units of Kg M**-2 Day
**-1
**(globme)**SENSIBLE HEAT FLUX FROM SURFACE          Std.Dev.=   21.162922; Glob.Mean=   73.259276    ; in units of W M**-2
**(globme)**LATENT HEAT FLUX FROM SURFACE            Std.Dev.=   85.805565; Glob.Mean=   103.72512    ; in units of W M**-2
**(globme)**OUTGOING LONG WAVE AT TOP                Std.Dev.=   240.50633; Glob.Mean=   47.729325    ; in units of W M**-2
**(globme)**SHORT WAVE ABSORBED AT GROUND            Std.Dev.=   184.88687; Glob.Mean=   267.59582    ; in units of W M**-2
**(globme)**NET LONG WAVE AT BOTTOM                  Std.Dev.=   52.205624; Glob.Mean=   38.110310    ; in units of W M**-2
**(Model)** timestep 109 at simulation time 0 days and 64800.0 seconds
**(Model)** timestep 110 at simulation time 0 days and 65400.0 seconds
**(Model)** timestep 111 at simulation time 0 days and 66000.0 seconds
**(Model)** timestep 112 at simulation time 0 days and 66600.0 seconds
**(Model)** timestep 113 at simulation time 0 days and 67200.0 seconds
**(Model)** timestep 114 at simulation time 0 days and 67800.0 seconds
**(Model)** timestep 115 at simulation time 0 days and 68400.0 seconds
**(Model)** timestep 116 at simulation time 0 days and 69000.0 seconds
**(Model)** timestep 117 at simulation time 0 days and 69600.0 seconds
**(Model)** timestep 118 at simulation time 0 days and 70200.0 seconds
**(Model)** timestep 119 at simulation time 0 days and 70800.0 seconds
**(Model)** timestep 120 at simulation time 0 days and 71400.0 seconds
**(Model)** timestep 121 at simulation time 0 days and 72000.0 seconds
**(Model)** timestep 122 at simulation time 0 days and 72600.0 seconds
**(Model)** timestep 123 at simulation time 0 days and 73200.0 seconds
**(Model)** timestep 124 at simulation time 0 days and 73800.0 seconds
**(Model)** timestep 125 at simulation time 0 days and 74400.0 seconds
**(Model)** timestep 126 at simulation time 0 days and 75000.0 seconds
**(opnfct)** writes file GFCT04R20120213122012021409F.fct.T126L28 at simulation time
**(opnfct)** 0 days and 75600.0 seconds; contains state of the atmosphere at 09Z of 14/02/2012
**(rmsgt)** State of the atmosphere at 09Z of 14/02/2012:
**(rmsgt)** Layers and average means and variances:
**(rmsgt)** LYR  Z.S. DIV.  Z.A. DIV.  Z.S. VOR.  Z.A. VOR.  G.M. TEM.  Z.S. TEM.  Z.A. TEM.  G.M. S.H.  Z.S. S.H.  Z.A. S.H.
**(rmsgt)**  28  4.900D-07  5.247D-06  1.399D-05  2.134D-05   251.11      12.23       5.23    1.933D-06  2.601D-07  1.323D-07
**(rmsgt)**  27  1.627D-06  1.326D-05  1.193D-05  1.807D-05   228.06       6.70       4.11    2.175D-06  4.621D-07  1.656D-07
**(rmsgt)**  26  1.267D-06  1.139D-05  1.042D-05  1.520D-05   221.30       5.65       3.73    2.273D-06  6.004D-07  2.236D-07
**(rmsgt)**  25  1.524D-06  9.775D-06  6.661D-06  1.319D-05   216.59       5.30       3.92    2.275D-06  6.836D-07  2.515D-07
**(rmsgt)**  24  1.573D-06  9.224D-06  5.648D-06  1.239D-05   212.71       6.49       4.01    2.206D-06  7.401D-07  2.572D-07
**(rmsgt)**  23  1.036D-06  9.747D-06  5.900D-06  1.338D-05   208.14       9.24       3.94    2.209D-06  7.021D-07  3.574D-07
**(rmsgt)**  22  1.131D-06  9.979D-06  8.143D-06  1.568D-05   204.22      12.23       3.96    2.290D-06  6.485D-07  7.612D-07
**(rmsgt)**  21  1.318D-06  1.059D-05  1.046D-05  1.984D-05   205.30      11.49       3.90    2.958D-06  9.608D-07  1.518D-06
**(rmsgt)**  20  1.301D-06  1.171D-05  1.219D-05  2.417D-05   209.80       8.56       3.80    5.768D-06  2.055D-06  3.549D-06
**(rmsgt)**  19  1.165D-06  1.041D-05  1.385D-05  2.810D-05   215.35       4.72       3.85    1.461D-05  5.854D-06  9.838D-06
**(rmsgt)**  18  1.105D-06  9.760D-06  1.469D-05  3.294D-05   220.87       2.22       3.80    4.063D-05  2.020D-05  2.960D-05
**(rmsgt)**  17  1.165D-06  8.929D-06  1.436D-05  3.644D-05   227.00       5.68       3.39    1.043D-04  5.760D-05  7.792D-05
**(rmsgt)**  16  1.032D-06  8.269D-06  1.346D-05  3.678D-05   234.57       8.74       3.61    2.198D-04  1.202D-04  1.723D-04
**(rmsgt)**  15  8.787D-07  7.489D-06  1.244D-05  3.394D-05   242.53      10.36       4.30    4.072D-04  2.261D-04  3.289D-04
**(rmsgt)**  14  8.993D-07  7.051D-06  1.103D-05  2.990D-05   250.24      11.15       4.82    6.925D-04  4.008D-04  5.574D-04
**(rmsgt)**  13  8.246D-07  6.780D-06  9.538D-06  2.626D-05   256.97      11.46       4.97    1.089D-03  6.613D-04  8.352D-04
**(rmsgt)**  12  6.668D-07  6.664D-06  8.313D-06  2.326D-05   262.84      11.65       5.12    1.582D-03  9.877D-04  1.112D-03
**(rmsgt)**  11  6.750D-07  6.820D-06  7.364D-06  2.117D-05   267.48      11.61       5.04    2.153D-03  1.360D-03  1.409D-03
**(rmsgt)**  10  7.324D-07  6.906D-06  6.628D-06  1.974D-05   271.30      11.82       5.04    2.876D-03  1.809D-03  1.694D-03
**(rmsgt)**   9  8.383D-07  7.002D-06  6.157D-06  1.896D-05   274.62      11.97       5.03    3.859D-03  2.338D-03  1.860D-03
**(rmsgt)**   8  8.293D-07  7.323D-06  5.897D-06  1.888D-05   277.39      12.27       5.08    4.884D-03  2.873D-03  1.907D-03
**(rmsgt)**   7  7.672D-07  7.747D-06  5.795D-06  1.930D-05   279.78      12.79       5.11    5.813D-03  3.295D-03  2.012D-03
**(rmsgt)**   6  9.403D-07  8.835D-06  5.851D-06  2.027D-05   281.87      13.20       5.20    6.783D-03  3.775D-03  2.177D-03
**(rmsgt)**   5  1.368D-06  1.001D-05  5.976D-06  2.140D-05   283.61      13.72       5.29    7.659D-03  4.262D-03  2.380D-03
**(rmsgt)**   4  1.787D-06  1.133D-05  6.024D-06  2.232D-05   285.20      14.19       5.35    8.421D-03  4.741D-03  2.515D-03
**(rmsgt)**   3  2.010D-06  1.248D-05  5.878D-06  2.187D-05   286.49      14.70       5.47    9.120D-03  5.234D-03  2.638D-03
**(rmsgt)**   2  2.207D-06  1.305D-05  5.196D-06  1.928D-05   287.72      15.04       5.59    9.665D-03  5.561D-03  2.775D-03
**(rmsgt)**   1  2.235D-06  1.277D-05  3.998D-06  1.505D-05   288.47      15.47       5.80    1.017D-02  5.794D-03  2.946D-03
**(rmsgt)** AVE  1.089D-06  8.671D-06  9.794D-06  2.543D-05   251.37      10.86       4.65    2.350D-03  2.117D-03  1.344
**(rmsgt)** Log(surface pressure) mean and variance:
**(rmsgt)**  G.M.LNP.= 4.59    ; Z.S.LNP.=0.402D-01; Z.A.LNP.=0.663D-01
**(wridia)** file also contains diagnostics at 09Z of 14/02/2012:
**(globme)**TOTAL PRECIPITATION                      Std.Dev.=   2.9946634; Glob.Mean=   7.6229002    ; in units of Kg M**-2 Day
**-1
**(globme)**CONVECTIVE PRECIPITATION                 Std.Dev.=   2.3575264; Glob.Mean=   7.3268992    ; in units of Kg M**-2 Day
**-1
**(globme)**SENSIBLE HEAT FLUX FROM SURFACE          Std.Dev.=   27.479457; Glob.Mean=   76.880946    ; in units of W M**-2
**(globme)**LATENT HEAT FLUX FROM SURFACE            Std.Dev.=   86.716064; Glob.Mean=   101.80719    ; in units of W M**-2
**(globme)**OUTGOING LONG WAVE AT TOP                Std.Dev.=   240.56303; Glob.Mean=   48.507738    ; in units of W M**-2
**(globme)**SHORT WAVE ABSORBED AT GROUND            Std.Dev.=   187.77273; Glob.Mean=   269.29709    ; in units of W M**-2
**(globme)**NET LONG WAVE AT BOTTOM                  Std.Dev.=   55.360891; Glob.Mean=   42.597927    ; in units of W M**-2
**(Model)** timestep 127 at simulation time 0 days and 75600.0 seconds
**(Model)** timestep 128 at simulation time 0 days and 76200.0 seconds
**(Model)** timestep 129 at simulation time 0 days and 76800.0 seconds
**(Model)** timestep 130 at simulation time 0 days and 77400.0 seconds
**(Model)** timestep 131 at simulation time 0 days and 78000.0 seconds
**(Model)** timestep 132 at simulation time 0 days and 78600.0 seconds
**(Model)** timestep 133 at simulation time 0 days and 79200.0 seconds
**(Model)** timestep 134 at simulation time 0 days and 79800.0 seconds
**(Model)** timestep 135 at simulation time 0 days and 80400.0 seconds
**(Model)** timestep 136 at simulation time 0 days and 81000.0 seconds
**(Model)** timestep 137 at simulation time 0 days and 81600.0 seconds
**(Model)** timestep 138 at simulation time 0 days and 82200.0 seconds
**(Model)** timestep 139 at simulation time 0 days and 82800.0 seconds
**(Model)** timestep 140 at simulation time 0 days and 83400.0 seconds
**(Model)** timestep 141 at simulation time 0 days and 84000.0 seconds
**(Model)** timestep 142 at simulation time 0 days and 84600.0 seconds
**(Model)** timestep 143 at simulation time 0 days and 85200.0 seconds
**(Model)** timestep 144 at simulation time 0 days and 85800.0 seconds
**(opnfct)** writes file GFCT04R20120213122012021412F.fct.T126L28 at simulation time
**(opnfct)** 1 days and 0.0 seconds; contains state of the atmosphere at 12Z of 14/02/2012
**(rmsgt)** State of the atmosphere at 12Z of 14/02/2012:
**(rmsgt)** Layers and average means and variances:
**(rmsgt)** LYR  Z.S. DIV.  Z.A. DIV.  Z.S. VOR.  Z.A. VOR.  G.M. TEM.  Z.S. TEM.  Z.A. TEM.  G.M. S.H.  Z.S. S.H.  Z.A. S.H.
**(rmsgt)**  28  7.989D-07  5.064D-06  1.403D-05  2.180D-05   251.13      12.20       5.36    1.933D-06  2.594D-07  1.312D-07
**(rmsgt)**  27  1.793D-06  1.269D-05  1.216D-05  1.745D-05   227.97       6.66       4.14    2.177D-06  4.635D-07  1.646D-07
**(rmsgt)**  26  1.190D-06  1.124D-05  1.048D-05  1.523D-05   221.25       5.62       3.64    2.274D-06  6.003D-07  2.235D-07
**(rmsgt)**  25  1.639D-06  9.884D-06  6.596D-06  1.338D-05   216.59       5.30       3.84    2.276D-06  6.832D-07  2.508D-07
**(rmsgt)**  24  1.755D-06  9.333D-06  5.625D-06  1.262D-05   212.72       6.50       4.01    2.206D-06  7.390D-07  2.579D-07
**(rmsgt)**  23  1.285D-06  9.364D-06  5.931D-06  1.317D-05   208.17       9.23       3.91    2.212D-06  7.003D-07  3.644D-07
**(rmsgt)**  22  1.115D-06  9.699D-06  8.148D-06  1.588D-05   204.26      12.22       3.95    2.304D-06  6.579D-07  7.882D-07
**(rmsgt)**  21  1.181D-06  1.038D-05  1.052D-05  1.946D-05   205.30      11.50       3.85    2.992D-06  9.750D-07  1.546D-06
**(rmsgt)**  20  1.183D-06  1.137D-05  1.224D-05  2.397D-05   209.78       8.58       3.78    5.839D-06  2.100D-06  3.658D-06
**(rmsgt)**  19  1.197D-06  1.048D-05  1.377D-05  2.777D-05   215.35       4.73       3.83    1.476D-05  5.890D-06  1.016D-05
**(rmsgt)**  18  1.317D-06  9.553D-06  1.457D-05  3.237D-05   220.86       2.26       3.75    4.087D-05  2.018D-05  2.999D-05
**(rmsgt)**  17  1.164D-06  8.880D-06  1.431D-05  3.567D-05   226.97       5.70       3.35    1.045D-04  5.728D-05  7.802D-05
**(rmsgt)**  16  9.396D-07  8.183D-06  1.353D-05  3.595D-05   234.54       8.74       3.58    2.195D-04  1.190D-04  1.705D-04
**(rmsgt)**  15  8.359D-07  7.282D-06  1.253D-05  3.321D-05   242.48      10.37       4.26    4.066D-04  2.233D-04  3.241D-04
**(rmsgt)**  14  9.403D-07  6.979D-06  1.111D-05  2.935D-05   250.20      11.16       4.79    6.936D-04  3.953D-04  5.514D-04
**(rmsgt)**  13  8.338D-07  6.682D-06  9.598D-06  2.575D-05   256.95      11.48       4.95    1.088D-03  6.523D-04  8.274D-04
**(rmsgt)**  12  7.546D-07  6.564D-06  8.357D-06  2.273D-05   262.83      11.68       5.10    1.578D-03  9.731D-04  1.104D-03
**(rmsgt)**  11  6.711D-07  6.812D-06  7.458D-06  2.072D-05   267.44      11.62       5.03    2.145D-03  1.336D-03  1.402D-03
**(rmsgt)**  10  6.417D-07  7.014D-06  6.743D-06  1.940D-05   271.23      11.82       5.03    2.861D-03  1.782D-03  1.689D-03
**(rmsgt)**   9  6.968D-07  7.274D-06  6.218D-06  1.869D-05   274.55      11.97       5.03    3.857D-03  2.320D-03  1.849D-03
**(rmsgt)**   8  7.731D-07  7.500D-06  5.881D-06  1.869D-05   277.36      12.28       5.08    4.890D-03  2.866D-03  1.887D-03
**(rmsgt)**   7  8.356D-07  7.855D-06  5.741D-06  1.925D-05   279.80      12.82       5.11    5.834D-03  3.307D-03  1.982D-03
**(rmsgt)**   6  1.043D-06  8.774D-06  5.790D-06  2.020D-05   281.94      13.26       5.20    6.808D-03  3.796D-03  2.168D-03
**(rmsgt)**   5  1.402D-06  1.011D-05  5.915D-06  2.130D-05   283.75      13.80       5.29    7.675D-03  4.272D-03  2.397D-03
**(rmsgt)**   4  1.728D-06  1.164D-05  5.946D-06  2.227D-05   285.38      14.28       5.37    8.401D-03  4.723D-03  2.550D-03
**(rmsgt)**   3  1.942D-06  1.295D-05  5.785D-06  2.196D-05   286.70      14.80       5.48    9.086D-03  5.207D-03  2.667D-03
**(rmsgt)**   2  2.144D-06  1.348D-05  5.127D-06  1.933D-05   287.95      15.16       5.60    9.661D-03  5.562D-03  2.802D-03
**(rmsgt)**   1  2.181D-06  1.286D-05  3.920D-06  1.487D-05   288.66      15.66       5.85    1.022D-02  5.834D-03  2.982D-03
**(rmsgt)** AVE  1.092D-06  8.654D-06  9.814D-06  2.502D-05   251.37      10.89       4.63    2.350D-03  2.114D-03  1.343
**(rmsgt)** Log(surface pressure) mean and variance:
**(rmsgt)**  G.M.LNP.= 4.59    ; Z.S.LNP.=0.402D-01; Z.A.LNP.=0.663D-01
**(wridia)** file also contains diagnostics at 12Z of 14/02/2012:
**(globme)**TOTAL PRECIPITATION                      Std.Dev.=   2.9956707; Glob.Mean=   7.4535310    ; in units of Kg M**-2 Day
**-1
**(globme)**CONVECTIVE PRECIPITATION                 Std.Dev.=   2.3519987; Glob.Mean=   7.1654257    ; in units of Kg M**-2 Day
**-1
**(globme)**SENSIBLE HEAT FLUX FROM SURFACE          Std.Dev.=   29.361847; Glob.Mean=   93.344792    ; in units of W M**-2
**(globme)**LATENT HEAT FLUX FROM SURFACE            Std.Dev.=   85.250058; Glob.Mean=   100.32595    ; in units of W M**-2
**(globme)**OUTGOING LONG WAVE AT TOP                Std.Dev.=   241.16759; Glob.Mean=   50.593791    ; in units of W M**-2
**(globme)**SHORT WAVE ABSORBED AT GROUND            Std.Dev.=   187.82488; Glob.Mean=   266.69371    ; in units of W M**-2
**(globme)**NET LONG WAVE AT BOTTOM                  Std.Dev.=   58.765031; Glob.Mean=   47.692784    ; in units of W M**-2
**(Model)** timestep 145 at simulation time 1 days and 0.0 seconds
**(Model)** timestep 146 at simulation time 1 days and 600.0 seconds
**(Model)** timestep 147 at simulation time 1 days and 1200.0 seconds
**(Model)** timestep 148 at simulation time 1 days and 1800.0 seconds
**(Model)** timestep 149 at simulation time 1 days and 2400.0 seconds
**(Model)** timestep 150 at simulation time 1 days and 3000.0 seconds
**(Model)** timestep 151 at simulation time 1 days and 3600.0 seconds
**(Model)** timestep 152 at simulation time 1 days and 4200.0 seconds
**(Model)** timestep 153 at simulation time 1 days and 4800.0 seconds
**(Model)** timestep 154 at simulation time 1 days and 5400.0 seconds
**(Model)** timestep 155 at simulation time 1 days and 6000.0 seconds
**(Model)** timestep 156 at simulation time 1 days and 6600.0 seconds
**(Model)** timestep 157 at simulation time 1 days and 7200.0 seconds
**(Model)** timestep 158 at simulation time 1 days and 7800.0 seconds
**(Model)** timestep 159 at simulation time 1 days and 8400.0 seconds
**(Model)** timestep 160 at simulation time 1 days and 9000.0 seconds
**(Model)** timestep 161 at simulation time 1 days and 9600.0 seconds
**(Model)** timestep 162 at simulation time 1 days and 10200.0 seconds
**(opnfct)** writes file GFCT04R20120213122012021415F.fct.T126L28 at simulation time
**(opnfct)** 1 days and 10800.0 seconds; contains state of the atmosphere at 15Z of 14/02/2012
**(rmsgt)** State of the atmosphere at 15Z of 14/02/2012:
**(rmsgt)** Layers and average means and variances:
**(rmsgt)** LYR  Z.S. DIV.  Z.A. DIV.  Z.S. VOR.  Z.A. VOR.  G.M. TEM.  Z.S. TEM.  Z.A. TEM.  G.M. S.H.  Z.S. S.H.  Z.A. S.H.
**(rmsgt)**  28  7.665D-07  4.851D-06  1.425D-05  2.216D-05   251.14      12.15       5.44    1.933D-06  2.592D-07  1.303D-07
**(rmsgt)**  27  1.416D-06  1.241D-05  1.223D-05  1.724D-05   227.89       6.60       4.17    2.178D-06  4.636D-07  1.645D-07
**(rmsgt)**  26  1.427D-06  1.078D-05  1.050D-05  1.516D-05   221.20       5.60       3.57    2.273D-06  5.996D-07  2.236D-07
**(rmsgt)**  25  1.176D-06  9.672D-06  6.509D-06  1.337D-05   216.60       5.27       3.78    2.276D-06  6.830D-07  2.506D-07
**(rmsgt)**  24  1.510D-06  9.014D-06  5.600D-06  1.279D-05   212.73       6.48       3.98    2.207D-06  7.395D-07  2.583D-07
**(rmsgt)**  23  1.283D-06  9.306D-06  5.949D-06  1.315D-05   208.20       9.22       3.92    2.216D-06  6.994D-07  3.721D-07
**(rmsgt)**  22  1.030D-06  9.337D-06  8.169D-06  1.593D-05   204.29      12.20       3.96    2.318D-06  6.689D-07  8.296D-07
**(rmsgt)**  21  1.232D-06  1.045D-05  1.054D-05  1.925D-05   205.30      11.51       3.84    3.026D-06  9.921D-07  1.584D-06
**(rmsgt)**  20  1.371D-06  1.119D-05  1.224D-05  2.374D-05   209.76       8.58       3.78    5.900D-06  2.149D-06  3.745D-06
**(rmsgt)**  19  1.261D-06  1.053D-05  1.368D-05  2.758D-05   215.35       4.72       3.81    1.491D-05  5.994D-06  1.046D-05
**(rmsgt)**  18  1.304D-06  9.698D-06  1.445D-05  3.187D-05   220.85       2.29       3.70    4.125D-05  2.037D-05  3.036D-05
**(rmsgt)**  17  1.187D-06  8.744D-06  1.426D-05  3.496D-05   226.96       5.72       3.30    1.050D-04  5.733D-05  7.846D-05
**(rmsgt)**  16  1.155D-06  7.944D-06  1.359D-05  3.518D-05   234.51       8.74       3.53    2.199D-04  1.185D-04  1.686D-04
**(rmsgt)**  15  7.951D-07  7.216D-06  1.258D-05  3.264D-05   242.43      10.38       4.20    4.059D-04  2.214D-04  3.192D-04
**(rmsgt)**  14  1.065D-06  6.928D-06  1.115D-05  2.902D-05   250.17      11.17       4.74    6.940D-04  3.896D-04  5.447D-04
**(rmsgt)**  13  9.097D-07  6.650D-06  9.658D-06  2.532D-05   256.92      11.52       4.92    1.087D-03  6.435D-04  8.160D-04
**(rmsgt)**  12  7.662D-07  6.558D-06  8.397D-06  2.231D-05   262.82      11.72       5.09    1.575D-03  9.599D-04  1.092D-03
**(rmsgt)**  11  6.685D-07  6.888D-06  7.493D-06  2.041D-05   267.40      11.64       5.02    2.140D-03  1.314D-03  1.394D-03
**(rmsgt)**  10  7.438D-07  7.141D-06  6.758D-06  1.916D-05   271.17      11.84       5.02    2.848D-03  1.758D-03  1.687D-03
**(rmsgt)**   9  7.283D-07  7.515D-06  6.198D-06  1.851D-05   274.50      11.99       5.02    3.857D-03  2.307D-03  1.834D-03
**(rmsgt)**   8  7.915D-07  7.715D-06  5.834D-06  1.852D-05   277.34      12.30       5.08    4.896D-03  2.863D-03  1.863D-03
**(rmsgt)**   7  8.103D-07  7.948D-06  5.668D-06  1.908D-05   279.82      12.85       5.11    5.842D-03  3.304D-03  1.977D-03
**(rmsgt)**   6  9.222D-07  8.708D-06  5.751D-06  2.016D-05   282.00      13.30       5.21    6.818D-03  3.801D-03  2.186D-03
**(rmsgt)**   5  1.258D-06  1.001D-05  5.896D-06  2.139D-05   283.84      13.85       5.28    7.679D-03  4.290D-03  2.423D-03
**(rmsgt)**   4  1.647D-06  1.162D-05  5.913D-06  2.237D-05   285.48      14.33       5.36    8.387D-03  4.726D-03  2.578D-03
**(rmsgt)**   3  1.944D-06  1.306D-05  5.723D-06  2.208D-05   286.78      14.90       5.52    9.077D-03  5.209D-03  2.667D-03
**(rmsgt)**   2  2.167D-06  1.361D-05  5.074D-06  1.941D-05   288.01      15.25       5.64    9.676D-03  5.583D-03  2.796D-03
**(rmsgt)**   1  2.226D-06  1.296D-05  3.853D-06  1.481D-05   288.64      15.75       5.94    1.024D-02  5.858D-03  2.995D-03
**(rmsgt)** AVE  1.105D-06  8.639D-06  9.813D-06  2.469D-05   251.36      10.91       4.62    2.350D-03  2.114D-03  1.342
**(rmsgt)** Log(surface pressure) mean and variance:
**(rmsgt)**  G.M.LNP.= 4.59    ; Z.S.LNP.=0.401D-01; Z.A.LNP.=0.662D-01
**(wridia)** file also contains diagnostics at 15Z of 14/02/2012:
**(globme)**TOTAL PRECIPITATION                      Std.Dev.=   3.0382061; Glob.Mean=   7.5890442    ; in units of Kg M**-2 Day
**-1
**(globme)**CONVECTIVE PRECIPITATION                 Std.Dev.=   2.3770966; Glob.Mean=   7.2915321    ; in units of Kg M**-2 Day
**-1
**(globme)**SENSIBLE HEAT FLUX FROM SURFACE          Std.Dev.=   22.747365; Glob.Mean=   75.752534    ; in units of W M**-2
**(globme)**LATENT HEAT FLUX FROM SURFACE            Std.Dev.=   85.476929; Glob.Mean=   99.307031    ; in units of W M**-2
**(globme)**OUTGOING LONG WAVE AT TOP                Std.Dev.=   241.09319; Glob.Mean=   51.244216    ; in units of W M**-2
**(globme)**SHORT WAVE ABSORBED AT GROUND            Std.Dev.=   185.48700; Glob.Mean=   264.99393    ; in units of W M**-2
**(globme)**NET LONG WAVE AT BOTTOM                  Std.Dev.=   58.681224; Glob.Mean=   47.549038    ; in units of W M**-2
**(Model)** timestep 163 at simulation time 1 days and 10800.0 seconds
**(Model)** timestep 164 at simulation time 1 days and 11400.0 seconds
**(Model)** timestep 165 at simulation time 1 days and 12000.0 seconds
**(Model)** timestep 166 at simulation time 1 days and 12600.0 seconds
**(Model)** timestep 167 at simulation time 1 days and 13200.0 seconds
**(Model)** timestep 168 at simulation time 1 days and 13800.0 seconds
**(Model)** timestep 169 at simulation time 1 days and 14400.0 seconds
**(Model)** timestep 170 at simulation time 1 days and 15000.0 seconds
**(Model)** timestep 171 at simulation time 1 days and 15600.0 seconds
**(Model)** timestep 172 at simulation time 1 days and 16200.0 seconds
**(Model)** timestep 173 at simulation time 1 days and 16800.0 seconds
**(Model)** timestep 174 at simulation time 1 days and 17400.0 seconds
**(Model)** timestep 175 at simulation time 1 days and 18000.0 seconds
**(Model)** timestep 176 at simulation time 1 days and 18600.0 seconds
**(Model)** timestep 177 at simulation time 1 days and 19200.0 seconds
**(Model)** timestep 178 at simulation time 1 days and 19800.0 seconds
**(Model)** timestep 179 at simulation time 1 days and 20400.0 seconds
**(Model)** timestep 180 at simulation time 1 days and 21000.0 seconds
**(opnfct)** writes file GFCT04R20120213122012021418F.fct.T126L28 at simulation time
**(opnfct)** 1 days and 21600.0 seconds; contains state of the atmosphere at 18Z of 14/02/2012
**(rmsgt)** State of the atmosphere at 18Z of 14/02/2012:
**(rmsgt)** Layers and average means and variances:
**(rmsgt)** LYR  Z.S. DIV.  Z.A. DIV.  Z.S. VOR.  Z.A. VOR.  G.M. TEM.  Z.S. TEM.  Z.A. TEM.  G.M. S.H.  Z.S. S.H.  Z.A. S.H.
**(rmsgt)**  28  6.419D-07  4.628D-06  1.429D-05  2.238D-05   251.16      12.10       5.30    1.933D-06  2.590D-07  1.302D-07
**(rmsgt)**  27  1.546D-06  1.190D-05  1.215D-05  1.718D-05   227.80       6.54       4.21    2.178D-06  4.626D-07  1.659D-07
**(rmsgt)**  26  1.524D-06  1.053D-05  1.048D-05  1.514D-05   221.15       5.60       3.51    2.273D-06  5.988D-07  2.231D-07
**(rmsgt)**  25  1.185D-06  9.782D-06  6.554D-06  1.349D-05   216.61       5.25       3.73    2.276D-06  6.821D-07  2.510D-07
**(rmsgt)**  24  1.258D-06  8.965D-06  5.555D-06  1.261D-05   212.75       6.44       3.92    2.207D-06  7.400D-07  2.597D-07
**(rmsgt)**  23  1.302D-06  9.138D-06  6.021D-06  1.322D-05   208.21       9.19       3.92    2.219D-06  6.990D-07  3.789D-07
**(rmsgt)**  22  1.275D-06  9.376D-06  8.147D-06  1.574D-05   204.31      12.19       3.97    2.328D-06  6.776D-07  8.718D-07
**(rmsgt)**  21  1.164D-06  1.060D-05  1.051D-05  1.915D-05   205.30      11.53       3.86    3.046D-06  9.975D-07  1.574D-06
**(rmsgt)**  20  1.381D-06  1.092D-05  1.220D-05  2.347D-05   209.77       8.59       3.77    5.965D-06  2.214D-06  3.793D-06
**(rmsgt)**  19  1.209D-06  1.032D-05  1.361D-05  2.734D-05   215.35       4.71       3.77    1.511D-05  6.221D-06  1.083D-05
**(rmsgt)**  18  1.300D-06  9.543D-06  1.442D-05  3.148D-05   220.84       2.31       3.66    4.177D-05  2.075D-05  3.102D-05
**(rmsgt)**  17  1.068D-06  8.515D-06  1.420D-05  3.449D-05   226.94       5.72       3.26    1.057D-04  5.772D-05  7.925D-05
**(rmsgt)**  16  1.184D-06  7.867D-06  1.352D-05  3.470D-05   234.48       8.75       3.48    2.204D-04  1.181D-04  1.684D-04
**(rmsgt)**  15  7.491D-07  7.415D-06  1.248D-05  3.212D-05   242.38      10.40       4.15    4.050D-04  2.194D-04  3.148D-04
**(rmsgt)**  14  9.850D-07  6.957D-06  1.105D-05  2.852D-05   250.13      11.20       4.70    6.946D-04  3.865D-04  5.383D-04
**(rmsgt)**  13  9.180D-07  6.619D-06  9.611D-06  2.488D-05   256.89      11.56       4.89    1.086D-03  6.355D-04  8.064D-04
**(rmsgt)**  12  8.303D-07  6.523D-06  8.362D-06  2.199D-05   262.80      11.77       5.09    1.573D-03  9.473D-04  1.081D-03
**(rmsgt)**  11  7.771D-07  6.842D-06  7.409D-06  2.025D-05   267.37      11.67       5.03    2.137D-03  1.295D-03  1.385D-03
**(rmsgt)**  10  8.427D-07  7.154D-06  6.674D-06  1.908D-05   271.12      11.86       5.03    2.836D-03  1.736D-03  1.684D-03
**(rmsgt)**   9  8.335D-07  7.446D-06  6.129D-06  1.843D-05   274.46      12.01       5.01    3.850D-03  2.295D-03  1.825D-03
**(rmsgt)**   8  7.904D-07  7.720D-06  5.806D-06  1.842D-05   277.33      12.32       5.07    4.897D-03  2.859D-03  1.860D-03
**(rmsgt)**   7  7.884D-07  8.083D-06  5.659D-06  1.897D-05   279.83      12.88       5.11    5.852D-03  3.316D-03  1.985D-03
**(rmsgt)**   6  8.832D-07  8.882D-06  5.772D-06  2.011D-05   282.03      13.32       5.20    6.821D-03  3.817D-03  2.203D-03
**(rmsgt)**   5  1.234D-06  1.032D-05  5.885D-06  2.151D-05   283.87      13.88       5.27    7.677D-03  4.299D-03  2.443D-03
**(rmsgt)**   4  1.608D-06  1.203D-05  5.901D-06  2.257D-05   285.49      14.34       5.36    8.367D-03  4.712D-03  2.597D-03
**(rmsgt)**   3  1.919D-06  1.362D-05  5.711D-06  2.233D-05   286.78      14.88       5.54    9.066D-03  5.196D-03  2.658D-03
**(rmsgt)**   2  2.200D-06  1.412D-05  5.073D-06  1.953D-05   287.98      15.21       5.66    9.689D-03  5.590D-03  2.768D-03
**(rmsgt)**   1  2.283D-06  1.329D-05  3.826D-06  1.481D-05   288.43      15.61       6.09    1.028D-02  5.894D-03  2.967D-03
**(rmsgt)** AVE  1.107D-06  8.663D-06  9.765D-06  2.443D-05   251.34      10.93       4.60    2.349D-03  2.112D-03  1.340
**(rmsgt)** Log(surface pressure) mean and variance:
**(rmsgt)**  G.M.LNP.= 4.59    ; Z.S.LNP.=0.401D-01; Z.A.LNP.=0.662D-01
**(wridia)** file also contains diagnostics at 18Z of 14/02/2012:
**(globme)**TOTAL PRECIPITATION                      Std.Dev.=   3.0349446; Glob.Mean=   7.4667431    ; in units of Kg M**-2 Day
**-1
**(globme)**CONVECTIVE PRECIPITATION                 Std.Dev.=   2.3673282; Glob.Mean=   7.1351661    ; in units of Kg M**-2 Day
**-1
**(globme)**SENSIBLE HEAT FLUX FROM SURFACE          Std.Dev.=   14.835348; Glob.Mean=   68.577395    ; in units of W M**-2
**(globme)**LATENT HEAT FLUX FROM SURFACE            Std.Dev.=   83.211577; Glob.Mean=   99.600069    ; in units of W M**-2
**(globme)**OUTGOING LONG WAVE AT TOP                Std.Dev.=   239.60630; Glob.Mean=   50.343368    ; in units of W M**-2
**(globme)**SHORT WAVE ABSORBED AT GROUND            Std.Dev.=   183.12542; Glob.Mean=   258.81458    ; in units of W M**-2
**(globme)**NET LONG WAVE AT BOTTOM                  Std.Dev.=   55.892254; Glob.Mean=   40.920482    ; in units of W M**-2
**(Model)** timestep 181 at simulation time 1 days and 21600.0 seconds
**(Model)** timestep 182 at simulation time 1 days and 22200.0 seconds
**(Model)** timestep 183 at simulation time 1 days and 22800.0 seconds
**(Model)** timestep 184 at simulation time 1 days and 23400.0 seconds
**(Model)** timestep 185 at simulation time 1 days and 24000.0 seconds
**(Model)** timestep 186 at simulation time 1 days and 24600.0 seconds
**(Model)** timestep 187 at simulation time 1 days and 25200.0 seconds
**(Model)** timestep 188 at simulation time 1 days and 25800.0 seconds
**(Model)** timestep 189 at simulation time 1 days and 26400.0 seconds
**(Model)** timestep 190 at simulation time 1 days and 27000.0 seconds
**(Model)** timestep 191 at simulation time 1 days and 27600.0 seconds
**(Model)** timestep 192 at simulation time 1 days and 28200.0 seconds
**(Model)** timestep 193 at simulation time 1 days and 28800.0 seconds
**(Model)** timestep 194 at simulation time 1 days and 29400.0 seconds
**(Model)** timestep 195 at simulation time 1 days and 30000.0 seconds
**(Model)** timestep 196 at simulation time 1 days and 30600.0 seconds
**(Model)** timestep 197 at simulation time 1 days and 31200.0 seconds
**(Model)** timestep 198 at simulation time 1 days and 31800.0 seconds
**(opnfct)** writes file GFCT04R20120213122012021421F.fct.T126L28 at simulation time
**(opnfct)** 1 days and 32400.0 seconds; contains state of the atmosphere at 21Z of 14/02/2012
**(rmsgt)** State of the atmosphere at 21Z of 14/02/2012:
**(rmsgt)** Layers and average means and variances:
**(rmsgt)** LYR  Z.S. DIV.  Z.A. DIV.  Z.S. VOR.  Z.A. VOR.  G.M. TEM.  Z.S. TEM.  Z.A. TEM.  G.M. S.H.  Z.S. S.H.  Z.A. S.H.
**(rmsgt)**  28  7.257D-07  4.654D-06  1.423D-05  2.250D-05   251.17      12.06       5.07    1.934D-06  2.581D-07  1.310D-07
**(rmsgt)**  27  1.571D-06  1.176D-05  1.190D-05  1.730D-05   227.70       6.51       4.25    2.178D-06  4.616D-07  1.674D-07
**(rmsgt)**  26  1.276D-06  1.029D-05  1.038D-05  1.529D-05   221.11       5.59       3.50    2.271D-06  5.977D-07  2.235D-07
**(rmsgt)**  25  1.091D-06  1.005D-05  6.679D-06  1.338D-05   216.62       5.20       3.73    2.276D-06  6.808D-07  2.521D-07
**(rmsgt)**  24  1.233D-06  9.212D-06  5.609D-06  1.260D-05   212.77       6.40       3.89    2.209D-06  7.399D-07  2.614D-07
**(rmsgt)**  23  1.183D-06  8.543D-06  6.161D-06  1.340D-05   208.23       9.16       3.93    2.223D-06  6.984D-07  3.857D-07
**(rmsgt)**  22  1.199D-06  9.200D-06  8.129D-06  1.548D-05   204.32      12.19       4.00    2.338D-06  6.860D-07  8.974D-07
**(rmsgt)**  21  1.271D-06  1.037D-05  1.047D-05  1.903D-05   205.32      11.55       3.87    3.057D-06  1.001D-06  1.569D-06
**(rmsgt)**  20  1.206D-06  1.106D-05  1.207D-05  2.308D-05   209.78       8.61       3.71    6.009D-06  2.261D-06  3.778D-06
**(rmsgt)**  19  1.230D-06  1.042D-05  1.342D-05  2.704D-05   215.36       4.70       3.69    1.532D-05  6.396D-06  1.105D-05
**(rmsgt)**  18  1.411D-06  9.379D-06  1.429D-05  3.117D-05   220.81       2.34       3.62    4.242D-05  2.123D-05  3.171D-05
**(rmsgt)**  17  9.175D-07  8.388D-06  1.406D-05  3.422D-05   226.91       5.72       3.24    1.065D-04  5.833D-05  8.007D-05
**(rmsgt)**  16  1.387D-06  7.942D-06  1.338D-05  3.440D-05   234.44       8.76       3.47    2.210D-04  1.182D-04  1.681D-04
**(rmsgt)**  15  8.445D-07  7.448D-06  1.234D-05  3.162D-05   242.32      10.42       4.13    4.037D-04  2.175D-04  3.111D-04
**(rmsgt)**  14  8.602D-07  6.889D-06  1.092D-05  2.794D-05   250.08      11.22       4.68    6.941D-04  3.834D-04  5.324D-04
**(rmsgt)**  13  8.107D-07  6.485D-06  9.538D-06  2.444D-05   256.86      11.59       4.89    1.082D-03  6.261D-04  7.985D-04
**(rmsgt)**  12  8.972D-07  6.425D-06  8.305D-06  2.167D-05   262.79      11.80       5.10    1.570D-03  9.326D-04  1.069D-03
**(rmsgt)**  11  8.990D-07  6.745D-06  7.316D-06  2.006D-05   267.33      11.69       5.05    2.132D-03  1.274D-03  1.373D-03
**(rmsgt)**  10  8.045D-07  7.160D-06  6.611D-06  1.897D-05   271.08      11.87       5.05    2.822D-03  1.711D-03  1.680D-03
**(rmsgt)**   9  7.451D-07  7.487D-06  6.100D-06  1.833D-05   274.42      12.02       5.03    3.843D-03  2.281D-03  1.821D-03
**(rmsgt)**   8  6.876D-07  7.722D-06  5.819D-06  1.836D-05   277.31      12.33       5.08    4.894D-03  2.855D-03  1.857D-03
**(rmsgt)**   7  7.433D-07  8.121D-06  5.686D-06  1.896D-05   279.83      12.88       5.12    5.846D-03  3.314D-03  1.986D-03
**(rmsgt)**   6  8.652D-07  9.010D-06  5.810D-06  2.018D-05   282.02      13.33       5.21    6.812D-03  3.818D-03  2.205D-03
**(rmsgt)**   5  1.110D-06  1.044D-05  5.911D-06  2.172D-05   283.85      13.86       5.29    7.665D-03  4.292D-03  2.447D-03
**(rmsgt)**   4  1.469D-06  1.193D-05  5.944D-06  2.292D-05   285.46      14.28       5.41    8.358D-03  4.707D-03  2.602D-03
**(rmsgt)**   3  1.856D-06  1.330D-05  5.787D-06  2.269D-05   286.67      14.78       5.64    9.071D-03  5.206D-03  2.640D-03
**(rmsgt)**   2  2.187D-06  1.352D-05  5.150D-06  1.971D-05   287.82      15.09       5.78    9.719D-03  5.617D-03  2.733D-03
**(rmsgt)**   1  2.263D-06  1.259D-05  3.828D-06  1.479D-05   288.12      15.41       6.33    1.033D-02  5.938D-03  2.939D-03
**(rmsgt)** AVE  1.088D-06  8.598D-06  9.685D-06  2.421D-05   251.31      10.93       4.61    2.347D-03  2.111D-03  1.336
**(rmsgt)** Log(surface pressure) mean and variance:
**(rmsgt)**  G.M.LNP.= 4.59    ; Z.S.LNP.=0.401D-01; Z.A.LNP.=0.662D-01
**(wridia)** file also contains diagnostics at 21Z of 14/02/2012:
**(globme)**TOTAL PRECIPITATION                      Std.Dev.=   2.9642217; Glob.Mean=   7.5510626    ; in units of Kg M**-2 Day
**-1
**(globme)**CONVECTIVE PRECIPITATION                 Std.Dev.=   2.2577095; Glob.Mean=   7.1378138    ; in units of Kg M**-2 Day
**-1
**(globme)**SENSIBLE HEAT FLUX FROM SURFACE          Std.Dev.=   9.0683501; Glob.Mean=   53.778122    ; in units of W M**-2
**(globme)**LATENT HEAT FLUX FROM SURFACE            Std.Dev.=   78.397112; Glob.Mean=   92.059966    ; in units of W M**-2
**(globme)**OUTGOING LONG WAVE AT TOP                Std.Dev.=   238.47073; Glob.Mean=   48.957172    ; in units of W M**-2
**(globme)**SHORT WAVE ABSORBED AT GROUND            Std.Dev.=   186.45888; Glob.Mean=   273.11069    ; in units of W M**-2
**(globme)**NET LONG WAVE AT BOTTOM                  Std.Dev.=   52.917478; Glob.Mean=   34.978627    ; in units of W M**-2
**(Model)** timestep 199 at simulation time 1 days and 32400.0 seconds
**(Model)** timestep 200 at simulation time 1 days and 33000.0 seconds
**(Model)** timestep 201 at simulation time 1 days and 33600.0 seconds
**(Model)** timestep 202 at simulation time 1 days and 34200.0 seconds
**(Model)** timestep 203 at simulation time 1 days and 34800.0 seconds
**(Model)** timestep 204 at simulation time 1 days and 35400.0 seconds
**(Model)** timestep 205 at simulation time 1 days and 36000.0 seconds
**(Model)** timestep 206 at simulation time 1 days and 36600.0 seconds
**(Model)** timestep 207 at simulation time 1 days and 37200.0 seconds
**(Model)** timestep 208 at simulation time 1 days and 37800.0 seconds
**(Model)** timestep 209 at simulation time 1 days and 38400.0 seconds
**(Model)** timestep 210 at simulation time 1 days and 39000.0 seconds
**(Model)** timestep 211 at simulation time 1 days and 39600.0 seconds
**(Model)** timestep 212 at simulation time 1 days and 40200.0 seconds
**(Model)** timestep 213 at simulation time 1 days and 40800.0 seconds
**(Model)** timestep 214 at simulation time 1 days and 41400.0 seconds
**(Model)** timestep 215 at simulation time 1 days and 42000.0 seconds
**(Model)** timestep 216 at simulation time 1 days and 42600.0 seconds
**(opnfct)** writes file GFCT04R20120213122012021500F.fct.T126L28 at simulation time
**(opnfct)** 1 days and 43200.0 seconds; contains state of the atmosphere at 00Z of 15/02/2012
**(rmsgt)** State of the atmosphere at 00Z of 15/02/2012:
**(rmsgt)** Layers and average means and variances:
**(rmsgt)** LYR  Z.S. DIV.  Z.A. DIV.  Z.S. VOR.  Z.A. VOR.  G.M. TEM.  Z.S. TEM.  Z.A. TEM.  G.M. S.H.  Z.S. S.H.  Z.A. S.H.
**(rmsgt)**  28  8.088D-07  4.652D-06  1.436D-05  2.252D-05   251.18      12.01       4.87    1.934D-06  2.574D-07  1.316D-07
**(rmsgt)**  27  1.819D-06  1.194D-05  1.162D-05  1.754D-05   227.61       6.46       4.30    2.178D-06  4.611D-07  1.681D-07
**(rmsgt)**  26  1.456D-06  1.010D-05  1.024D-05  1.547D-05   221.05       5.57       3.57    2.271D-06  5.958D-07  2.245D-07
**(rmsgt)**  25  1.290D-06  9.433D-06  6.679D-06  1.338D-05   216.63       5.17       3.71    2.276D-06  6.800D-07  2.533D-07
**(rmsgt)**  24  1.442D-06  9.098D-06  5.709D-06  1.299D-05   212.78       6.38       3.94    2.212D-06  7.401D-07  2.611D-07
**(rmsgt)**  23  1.102D-06  8.511D-06  6.326D-06  1.347D-05   208.26       9.12       3.96    2.228D-06  6.982D-07  3.913D-07
**(rmsgt)**  22  1.144D-06  9.138D-06  8.161D-06  1.533D-05   204.34      12.19       4.03    2.348D-06  6.958D-07  9.067D-07
**(rmsgt)**  21  1.405D-06  1.032D-05  1.037D-05  1.889D-05   205.34      11.56       3.87    3.077D-06  1.005D-06  1.582D-06
**(rmsgt)**  20  1.348D-06  1.124D-05  1.192D-05  2.280D-05   209.77       8.62       3.69    6.085D-06  2.315D-06  3.797D-06
**(rmsgt)**  19  1.194D-06  1.058D-05  1.326D-05  2.689D-05   215.35       4.69       3.68    1.557D-05  6.596D-06  1.139D-05
**(rmsgt)**  18  1.321D-06  9.488D-06  1.406D-05  3.095D-05   220.78       2.37       3.63    4.297D-05  2.172D-05  3.269D-05
**(rmsgt)**  17  8.075D-07  8.373D-06  1.383D-05  3.393D-05   226.88       5.72       3.25    1.070D-04  5.867D-05  8.151D-05
**(rmsgt)**  16  1.385D-06  8.070D-06  1.324D-05  3.408D-05   234.39       8.75       3.46    2.216D-04  1.179D-04  1.689D-04
**(rmsgt)**  15  1.028D-06  7.666D-06  1.226D-05  3.120D-05   242.27      10.43       4.12    4.032D-04  2.159D-04  3.114D-04
**(rmsgt)**  14  8.528D-07  6.979D-06  1.085D-05  2.746D-05   250.04      11.23       4.68    6.936D-04  3.801D-04  5.316D-04
**(rmsgt)**  13  7.489D-07  6.308D-06  9.512D-06  2.408D-05   256.82      11.61       4.90    1.078D-03  6.169D-04  7.956D-04
**(rmsgt)**  12  8.895D-07  6.430D-06  8.286D-06  2.143D-05   262.77      11.82       5.11    1.567D-03  9.184D-04  1.061D-03
**(rmsgt)**  11  8.770D-07  6.661D-06  7.275D-06  1.988D-05   267.28      11.69       5.06    2.124D-03  1.252D-03  1.366D-03
**(rmsgt)**  10  8.459D-07  7.118D-06  6.567D-06  1.881D-05   271.01      11.87       5.07    2.806D-03  1.684D-03  1.680D-03
**(rmsgt)**   9  8.114D-07  7.455D-06  6.057D-06  1.821D-05   274.35      12.02       5.05    3.834D-03  2.266D-03  1.818D-03
**(rmsgt)**   8  6.658D-07  7.626D-06  5.779D-06  1.834D-05   277.26      12.33       5.12    4.891D-03  2.852D-03  1.860D-03
**(rmsgt)**   7  6.714D-07  7.978D-06  5.669D-06  1.907D-05   279.79      12.88       5.15    5.842D-03  3.315D-03  1.996D-03
**(rmsgt)**   6  8.112D-07  8.713D-06  5.761D-06  2.033D-05   281.98      13.31       5.24    6.801D-03  3.818D-03  2.209D-03
**(rmsgt)**   5  1.107D-06  1.005D-05  5.878D-06  2.192D-05   283.78      13.83       5.33    7.649D-03  4.288D-03  2.441D-03
**(rmsgt)**   4  1.512D-06  1.151D-05  5.997D-06  2.311D-05   285.36      14.22       5.45    8.356D-03  4.713D-03  2.594D-03
**(rmsgt)**   3  1.945D-06  1.276D-05  5.894D-06  2.280D-05   286.54      14.70       5.71    9.089D-03  5.227D-03  2.620D-03
**(rmsgt)**   2  2.252D-06  1.283D-05  5.215D-06  1.958D-05   287.67      15.00       5.88    9.749D-03  5.637D-03  2.710D-03
**(rmsgt)**   1  2.282D-06  1.172D-05  3.862D-06  1.454D-05   287.92      15.34       6.48    1.037D-02  5.965D-03  2.910D-03
**(rmsgt)** AVE  1.108D-06  8.519D-06  9.605D-06  2.402D-05   251.26      10.92       4.63    2.344D-03  2.110D-03  1.333
**(rmsgt)** Log(surface pressure) mean and variance:
**(rmsgt)**  G.M.LNP.= 4.59    ; Z.S.LNP.=0.402D-01; Z.A.LNP.=0.662D-01
**(wridia)** file also contains diagnostics at 00Z of 15/02/2012:
**(globme)**TOTAL PRECIPITATION                      Std.Dev.=   2.8089800; Glob.Mean=   7.4395752    ; in units of Kg M**-2 Day
**-1
**(globme)**CONVECTIVE PRECIPITATION                 Std.Dev.=   2.0885761; Glob.Mean=   6.9468853    ; in units of Kg M**-2 Day
**-1
**(globme)**SENSIBLE HEAT FLUX FROM SURFACE          Std.Dev.=   4.4921938; Glob.Mean=   38.434151    ; in units of W M**-2
**(globme)**LATENT HEAT FLUX FROM SURFACE            Std.Dev.=   73.761570; Glob.Mean=   86.531877    ; in units of W M**-2
**(globme)**OUTGOING LONG WAVE AT TOP                Std.Dev.=   238.15970; Glob.Mean=   48.229979    ; in units of W M**-2
**(globme)**SHORT WAVE ABSORBED AT GROUND            Std.Dev.=   186.81837; Glob.Mean=   269.72461    ; in units of W M**-2
**(globme)**NET LONG WAVE AT BOTTOM                  Std.Dev.=   51.395399; Glob.Mean=   32.512891    ; in units of W M**-2
**(DestroyParallelism)** Process 0 ***MODEL EXECUTION ENDS NORMALY***

MPI Program Information:
========================
Note: It is measured from MPI_Init till MPI_Finalize.
      [U,R] specifies the Universe and the Process Rank in the Universe.

 * The  /gfs/dk22/modoper/tempo/global/oens/model/datain/desirtable file exists*
 SST:  IFSST=-1  MAX,MIN=  290.00     -303.61    

 From Nlnmi :
 n =   1 HnCut =  1000.00 Hn =  9766.75
 n =   2 HnCut =  1000.00 Hn =  4582.61
 n =   3 HnCut =  1000.00 Hn =  1601.91

 mods =   3 niter =   3

Global Data of 2 processes  :          Min [U,R]          Max [U,R]      Average
==========================

Real   Time (sec)           :      405.289 [0,0]      405.310 [0,1]      405.300
User   Time (sec)           :      334.865 [0,0]      354.334 [0,1]      344.599
System Time (sec)           :        7.823 [0,1]       15.814 [0,0]       11.818
Vector Time (sec)           :      284.064 [0,0]      309.347 [0,1]      296.705
Instruction Count           :  32068542894 [0,1]  34354703541 [0,0]  33211623218
Vector Instruction Count    :  10294365282 [0,0]  10737186769 [0,1]  10515776026
Vector Element Count        : 1935529698717 [0,0] 2013030250237 [0,1] 1974279974477
FLOP Count                  : 845278599708 [0,0] 879308086534 [0,1] 862293343121
MOPS                        :     5741.371 [0,1]     5851.883 [0,0]     5796.627
MFLOPS                      :     2481.581 [0,1]     2524.238 [0,0]     2502.910
Average Vector Length       :      187.482 [0,1]      188.018 [0,0]      187.750
Vector Operation Ratio (%)  :       98.772 [0,0]       98.951 [0,1]       98.862
Memory size used (MB)       :      901.338 [0,0]      901.994 [0,1]      901.666
MIPS                        :       90.504 [0,1]      102.593 [0,0]       96.548
Instruction Cache miss (sec):       10.185 [0,0]       10.288 [0,1]       10.237
Operand     Cache miss (sec):        6.233 [0,1]        6.239 [0,0]        6.236
Bank     Conflict Time (sec):        2.448 [0,0]        3.181 [0,1]        2.814


Overall Data:
=============

Real   Time (sec)           :      405.310
User   Time (sec)           :      689.199
System Time (sec)           :       23.637
Vector Time (sec)           :      593.410
GOPS   (rel. to User Time)  :       11.590
GFLOPS (rel. to User Time)  :        5.005
Memory size used (GB)       :        1.761

logout
