stty: : Invalid argument
vt100
resize:  can't open terminal /dev/tty
======================================
Welcome to tupan01: SUPER-UX 14.1 SX-6
Today is Sun Oct  9 16:08:50 GMT 2011
======================================
RODANDO MPI
MPI/SX: command Version 7.2.1 (25. June 2007): Copyright (c) NEC Corporation 1996-2007
MPI/SX: daemon  Version 7.2.4 (21. August 2008): Copyright (c) NEC Corporation 1996-2008

Values of significant variables used by MPI/SX:
-----------------------------------------------

  DISPLAY         = 
  MPICOLLORDER    = OFF
  MPICOMMINF      = NO
  MPIMULTITASKMIX = OFF
  MPIPROGINF      = DETAIL
  MPISUSPEND      = OFF
  MPIVERSION      = ON

Derived and further values:
---------------------------

  Wait method              : Busy waiting
  Global memory            : SX Global Memory

/usr/lib/mpi/mpid: Creating 2 processes of '/gfs/home3/modoper/tempo/global/oens/run/mpisep04R.sh' on local host tupan01
+ exec /gfs/home3/modoper/tempo/global/oens/model/exec/ParModel_MPI+ exec 
 /gfs/home3/modoper/tempo/global/oens/model/exec/ParModel_MPI 
MPI/SX: library Version 6.7.18 (20. April 2004): Copyright (c) NEC Corporation 1997-2004
**(CreateParallelism)** Process 0 (tupan01) among 2 processes with 1 threads is alive
 * The  /gfs/dk22/modoper/tempo/global/oens/model/datain/desirtable file exists*
**(DumpOptions)**
**(DumpOptions)** model T126L28 runs from 12Z 09/10/2011 to 00Z 11/10/2011 with initial state from 12Z 09/10/2011
**(DumpOptions)** model executes 216 timesteps of length 600 seconds
**(DumpOptions)** model dynamics configuration is  Eulerian, Gaussian and Quadratic Grid
**(DumpOptions)** input file name is /gfs/dk22/modoper/tempo/global/oens/model/datain/GANL04R2011100912S.unf.T126L28
**(DumpOptions)** output file directory is /gfs/dk22/modoper/tempo/global/oens/model/dataout/T126L28
**(DumpOptions)** model physics configuration:
**(DumpOptions)**    Shortwave Radiation is Lacis & Hansen
**(DumpOptions)**    Longwave Radiation is Harshvardhan
**(DumpOptions)**    Using a single global value for co2 concentration,
**(DumpOptions)**    with constant concentration of 0.3700000E+03 ppvm
**(DumpOptions)**    Using old 4-month zonally averaged climatology
**(DumpOptions)**    Deep Convection is KUO
**(DumpOptions)**    Shallow Convection is Tiedke
**(DumpOptions)**
 SST:  IFSST=-1  MAX,MIN=  290.00     -306.21    
**(opnfct)** writes file GFCT04R20111009122011100912F.icn.T126L28 at simulation time
**(opnfct)** 0 days and 0.0 seconds; contains state of the atmosphere at 12Z of 09/10/2011
**(rmsgt)** State of the atmosphere at 12Z of 09/10/2011:
**(rmsgt)** Layers and average means and variances:
**(rmsgt)** LYR  Z.S. DIV.  Z.A. DIV.  Z.S. VOR.  Z.A. VOR.  G.M. TEM.  Z.S. TEM.  Z.A. TEM.  G.M. S.H.  Z.S. S.H.  Z.A. S.H.
**(rmsgt)**  28  2.003D-06  2.584D-05  1.254D-05  2.921D-05   250.37       6.69       5.70    1.675D-06  4.163D-07  1.612D-07
**(rmsgt)**  27  1.423D-06  2.075D-05  1.610D-05  2.544D-05   228.05       3.40       4.23    1.788D-06  7.170D-07  2.094D-07
**(rmsgt)**  26  1.298D-06  1.877D-05  1.486D-05  2.239D-05   221.52       2.66       4.93    1.818D-06  8.036D-07  2.316D-07
**(rmsgt)**  25  1.281D-06  1.784D-05  1.331D-05  2.104D-05   216.85       3.76       4.86    1.992D-06  9.610D-07  2.890D-07
**(rmsgt)**  24  1.713D-06  1.958D-05  1.315D-05  2.126D-05   213.27       4.62       4.52    2.286D-06  1.201D-06  3.441D-07
**(rmsgt)**  23  1.249D-06  1.805D-05  1.089D-05  2.081D-05   209.79       5.92       4.31    2.735D-06  1.376D-06  4.507D-07
**(rmsgt)**  22  1.423D-06  1.869D-05  8.514D-06  2.182D-05   206.10       8.08       4.20    3.160D-06  1.289D-06  5.032D-07
**(rmsgt)**  21  1.555D-06  2.022D-05  8.065D-06  2.496D-05   204.45       9.53       4.07    3.528D-06  1.170D-06  8.350D-07
**(rmsgt)**  20  1.857D-06  2.259D-05  8.624D-06  3.081D-05   207.59       7.64       3.68    5.861D-06  1.750D-06  1.724D-06
**(rmsgt)**  19  2.234D-06  2.304D-05  1.027D-05  3.865D-05   213.07       4.49       3.67    1.451D-05  5.606D-06  5.078D-06
**(rmsgt)**  18  2.257D-06  2.311D-05  1.082D-05  4.786D-05   219.16       4.36       3.64    3.828D-05  2.209D-05  1.950D-05
**(rmsgt)**  17  2.240D-06  2.297D-05  1.061D-05  5.638D-05   226.49       7.26       3.03    9.308D-05  6.331D-05  6.933D-05
**(rmsgt)**  16  1.871D-06  2.153D-05  9.595D-06  5.811D-05   234.99       9.28       3.20    1.966D-04  1.324D-04  1.848D-04
**(rmsgt)**  15  1.656D-06  2.065D-05  8.722D-06  5.398D-05   243.61      10.19       3.69    3.792D-04  2.418D-04  3.847D-04
**(rmsgt)**  14  1.546D-06  1.981D-05  8.115D-06  4.769D-05   251.48      10.55       4.07    6.705D-04  4.180D-04  6.777D-04
**(rmsgt)**  13  1.576D-06  1.913D-05  7.116D-06  4.200D-05   258.32      10.68       4.26    1.074D-03  7.056D-04  1.016D-03
**(rmsgt)**  12  1.377D-06  1.892D-05  6.239D-06  3.775D-05   264.14      10.78       4.40    1.610D-03  1.082D-03  1.368D-03
**(rmsgt)**  11  1.235D-06  1.874D-05  5.745D-06  3.517D-05   269.05      10.92       4.50    2.310D-03  1.539D-03  1.712D-03
**(rmsgt)**  10  1.315D-06  1.865D-05  5.398D-06  3.432D-05   273.15      11.11       4.54    3.112D-03  1.999D-03  1.967D-03
**(rmsgt)**   9  1.363D-06  1.840D-05  5.194D-06  3.412D-05   276.61      11.27       4.58    4.067D-03  2.459D-03  2.128D-03
**(rmsgt)**   8  1.326D-06  1.829D-05  5.385D-06  3.464D-05   279.48      11.47       4.66    5.083D-03  2.844D-03  2.231D-03
**(rmsgt)**   7  1.543D-06  1.809D-05  5.688D-06  3.556D-05   281.65      11.61       4.76    6.150D-03  3.202D-03  2.209D-03
**(rmsgt)**   6  1.519D-06  1.841D-05  6.030D-06  3.691D-05   283.46      11.78       4.78    7.144D-03  3.603D-03  2.228D-03
**(rmsgt)**   5  1.834D-06  1.939D-05  6.272D-06  3.818D-05   285.16      12.07       4.71    7.974D-03  4.035D-03  2.312D-03
**(rmsgt)**   4  2.316D-06  2.091D-05  6.432D-06  3.854D-05   286.73      12.53       4.61    8.530D-03  4.326D-03  2.379D-03
**(rmsgt)**   3  2.416D-06  2.184D-05  6.065D-06  3.721D-05   288.07      13.16       4.61    8.867D-03  4.471D-03  2.443D-03
**(rmsgt)**   2  2.584D-06  2.215D-05  5.550D-06  3.445D-05   289.24      13.60       4.64    9.106D-03  4.572D-03  2.504D-03
**(rmsgt)**   1  2.607D-06  2.133D-05  4.947D-06  3.127D-05   290.13      13.91       4.68    9.347D-03  4.684D-03  2.562D-03
**(rmsgt)** AVE  1.716D-06  2.013D-05  8.103D-06  4.065D-05   252.21      10.01       4.23    2.407D-03  1.991D-03  1.441
**(rmsgt)** Log(surface pressure) mean and variance:
**(rmsgt)**  G.M.LNP.= 4.59    ; Z.S.LNP.=0.427D-01; Z.A.LNP.=0.657D-01

 From Nlnmi :
 n =   1 HnCut =  1000.00 Hn =  9766.75
 n =   2 HnCut =  1000.00 Hn =  4582.61
 n =   3 HnCut =  1000.00 Hn =  1601.91

 mods =   3 niter =   3

**(opnfct)** writes file GFCT04R20111009122011100912F.inz.T126L28 at simulation time
**(opnfct)** 0 days and 0.0 seconds; contains state of the atmosphere at 12Z of 09/10/2011
**(rmsgt)** State of the atmosphere at 12Z of 09/10/2011:
**(rmsgt)** Layers and average means and variances:
**(rmsgt)** LYR  Z.S. DIV.  Z.A. DIV.  Z.S. VOR.  Z.A. VOR.  G.M. TEM.  Z.S. TEM.  Z.A. TEM.  G.M. S.H.  Z.S. S.H.  Z.A. S.H.
**(rmsgt)**  28  5.829D-07  8.282D-06  1.317D-05  2.917D-05   250.37       6.69       5.68    1.675D-06  4.163D-07  1.612D-07
**(rmsgt)**  27  1.359D-06  2.047D-05  1.623D-05  2.549D-05   228.05       3.25       5.24    1.788D-06  7.170D-07  2.094D-07
**(rmsgt)**  26  1.300D-06  1.851D-05  1.480D-05  2.251D-05   221.52       2.47       5.08    1.818D-06  8.036D-07  2.316D-07
**(rmsgt)**  25  1.363D-06  1.734D-05  1.325D-05  2.114D-05   216.85       3.64       4.92    1.992D-06  9.610D-07  2.890D-07
**(rmsgt)**  24  1.536D-06  1.839D-05  1.312D-05  2.132D-05   213.27       4.58       4.59    2.286D-06  1.201D-06  3.441D-07
**(rmsgt)**  23  1.264D-06  1.762D-05  1.087D-05  2.082D-05   209.79       5.90       4.37    2.735D-06  1.376D-06  4.507D-07
**(rmsgt)**  22  1.455D-06  1.838D-05  8.497D-06  2.183D-05   206.10       8.07       4.33    3.160D-06  1.289D-06  5.032D-07
**(rmsgt)**  21  1.552D-06  2.006D-05  8.040D-06  2.497D-05   204.45       9.51       4.11    3.528D-06  1.170D-06  8.350D-07
**(rmsgt)**  20  1.812D-06  2.244D-05  8.610D-06  3.081D-05   207.59       7.62       3.73    5.861D-06  1.750D-06  1.724D-06
**(rmsgt)**  19  2.252D-06  2.293D-05  1.026D-05  3.865D-05   213.07       4.49       3.66    1.451D-05  5.606D-06  5.078D-06
**(rmsgt)**  18  2.256D-06  2.295D-05  1.081D-05  4.786D-05   219.16       4.39       3.68    3.828D-05  2.209D-05  1.950D-05
**(rmsgt)**  17  2.208D-06  2.273D-05  1.060D-05  5.638D-05   226.49       7.26       3.04    9.308D-05  6.331D-05  6.933D-05
**(rmsgt)**  16  1.859D-06  2.124D-05  9.591D-06  5.811D-05   234.99       9.30       3.33    1.966D-04  1.324D-04  1.848D-04
**(rmsgt)**  15  1.629D-06  2.022D-05  8.719D-06  5.398D-05   243.61      10.19       3.67    3.792D-04  2.418D-04  3.847D-04
**(rmsgt)**  14  1.587D-06  1.937D-05  8.112D-06  4.769D-05   251.48      10.58       4.24    6.705D-04  4.180D-04  6.777D-04
**(rmsgt)**  13  1.516D-06  1.860D-05  7.113D-06  4.200D-05   258.32      10.68       4.22    1.074D-03  7.056D-04  1.016D-03
**(rmsgt)**  12  1.377D-06  1.847D-05  6.237D-06  3.775D-05   264.14      10.81       4.59    1.610D-03  1.082D-03  1.368D-03
**(rmsgt)**  11  1.215D-06  1.831D-05  5.743D-06  3.517D-05   269.05      10.91       4.43    2.310D-03  1.539D-03  1.712D-03
**(rmsgt)**  10  1.297D-06  1.826D-05  5.397D-06  3.432D-05   273.15      11.14       4.73    3.112D-03  1.999D-03  1.967D-03
**(rmsgt)**   9  1.332D-06  1.800D-05  5.192D-06  3.412D-05   276.61      11.27       4.50    4.067D-03  2.459D-03  2.128D-03
**(rmsgt)**   8  1.314D-06  1.801D-05  5.383D-06  3.464D-05   279.48      11.50       4.83    5.083D-03  2.844D-03  2.231D-03
**(rmsgt)**   7  1.537D-06  1.785D-05  5.686D-06  3.556D-05   281.65      11.60       4.68    6.150D-03  3.202D-03  2.209D-03
**(rmsgt)**   6  1.514D-06  1.830D-05  6.028D-06  3.691D-05   283.46      11.81       4.93    7.144D-03  3.603D-03  2.228D-03
**(rmsgt)**   5  1.822D-06  1.932D-05  6.270D-06  3.818D-05   285.16      12.06       4.63    7.974D-03  4.035D-03  2.312D-03
**(rmsgt)**   4  2.324D-06  2.092D-05  6.431D-06  3.854D-05   286.73      12.56       4.76    8.530D-03  4.326D-03  2.379D-03
**(rmsgt)**   3  2.430D-06  2.194D-05  6.064D-06  3.721D-05   288.07      13.16       4.54    8.867D-03  4.471D-03  2.443D-03
**(rmsgt)**   2  2.584D-06  2.226D-05  5.550D-06  3.445D-05   289.24      13.63       4.79    9.106D-03  4.572D-03  2.504D-03
**(rmsgt)**   1  2.613D-06  2.150D-05  4.946D-06  3.127D-05   290.13      13.90       4.61    9.347D-03  4.684D-03  2.562D-03
**(rmsgt)** AVE  1.697D-06  1.973D-05  8.104D-06  4.065D-05   252.21      10.02       4.29    2.407D-03  1.991D-03  1.441
**(rmsgt)** Log(surface pressure) mean and variance:
**(rmsgt)**  G.M.LNP.= 4.59    ; Z.S.LNP.=0.430D-01; Z.A.LNP.=0.666D-01
**(Model)** cold start step 1
**(Model)** cold start step 2
**(Model)** timestep 2 at simulation time 0 days and 600.0 seconds
**(Model)** timestep 3 at simulation time 0 days and 1200.0 seconds
**(Model)** timestep 4 at simulation time 0 days and 1800.0 seconds
**(Model)** timestep 5 at simulation time 0 days and 2400.0 seconds
**(Model)** timestep 6 at simulation time 0 days and 3000.0 seconds
**(Model)** timestep 7 at simulation time 0 days and 3600.0 seconds
**(Model)** timestep 8 at simulation time 0 days and 4200.0 seconds
**(Model)** timestep 9 at simulation time 0 days and 4800.0 seconds
**(Model)** timestep 10 at simulation time 0 days and 5400.0 seconds
**(Model)** timestep 11 at simulation time 0 days and 6000.0 seconds
**(Model)** timestep 12 at simulation time 0 days and 6600.0 seconds
**(Model)** timestep 13 at simulation time 0 days and 7200.0 seconds
**(Model)** timestep 14 at simulation time 0 days and 7800.0 seconds
**(Model)** timestep 15 at simulation time 0 days and 8400.0 seconds
**(Model)** timestep 16 at simulation time 0 days and 9000.0 seconds
**(Model)** timestep 17 at simulation time 0 days and 9600.0 seconds
**(Model)** timestep 18 at simulation time 0 days and 10200.0 seconds
**(opnfct)** writes file GFCT04R20111009122011100915F.fct.T126L28 at simulation time
**(opnfct)** 0 days and 10800.0 seconds; contains state of the atmosphere at 15Z of 09/10/2011
**(rmsgt)** State of the atmosphere at 15Z of 09/10/2011:
**(rmsgt)** Layers and average means and variances:
**(rmsgt)** LYR  Z.S. DIV.  Z.A. DIV.  Z.S. VOR.  Z.A. VOR.  G.M. TEM.  Z.S. TEM.  Z.A. TEM.  G.M. S.H.  Z.S. S.H.  Z.A. S.H.
**(rmsgt)**  28  9.095D-07  5.893D-06  1.296D-05  2.223D-05   250.43       6.67       5.66    1.675D-06  4.156D-07  1.609D-07
**(rmsgt)**  27  2.143D-06  1.520D-05  1.632D-05  2.069D-05   227.83       3.22       4.76    1.788D-06  7.184D-07  2.044D-07
**(rmsgt)**  26  1.660D-06  1.399D-05  1.484D-05  1.706D-05   221.35       2.58       5.09    1.819D-06  8.035D-07  2.244D-07
**(rmsgt)**  25  1.257D-06  1.098D-05  1.323D-05  1.480D-05   216.81       3.57       5.03    1.995D-06  9.618D-07  2.794D-07
**(rmsgt)**  24  1.283D-06  1.137D-05  1.297D-05  1.382D-05   213.33       4.50       4.60    2.288D-06  1.203D-06  3.367D-07
**(rmsgt)**  23  1.441D-06  1.178D-05  1.075D-05  1.365D-05   209.87       5.85       4.42    2.732D-06  1.376D-06  4.411D-07
**(rmsgt)**  22  1.467D-06  1.281D-05  8.526D-06  1.492D-05   206.26       8.01       4.22    3.163D-06  1.286D-06  5.018D-07
**(rmsgt)**  21  1.791D-06  1.406D-05  8.132D-06  1.875D-05   204.62       9.47       4.05    3.585D-06  1.201D-06  9.054D-07
**(rmsgt)**  20  1.784D-06  1.583D-05  8.752D-06  2.482D-05   207.70       7.60       3.75    6.015D-06  1.840D-06  2.156D-06
**(rmsgt)**  19  2.134D-06  1.455D-05  1.041D-05  3.257D-05   213.15       4.45       3.76    1.504D-05  6.060D-06  6.737D-06
**(rmsgt)**  18  2.229D-06  1.356D-05  1.098D-05  4.080D-05   219.24       4.38       3.79    3.940D-05  2.260D-05  2.166D-05
**(rmsgt)**  17  1.802D-06  1.229D-05  1.050D-05  4.680D-05   226.51       7.24       3.23    9.614D-05  6.302D-05  6.994D-05
**(rmsgt)**  16  1.506D-06  1.087D-05  9.293D-06  4.660D-05   234.97       9.31       3.58    2.017D-04  1.299D-04  1.792D-04
**(rmsgt)**  15  1.122D-06  9.807D-06  8.086D-06  4.172D-05   243.53      10.22       3.95    3.854D-04  2.361D-04  3.668D-04
**(rmsgt)**  14  9.273D-07  8.932D-06  7.570D-06  3.609D-05   251.42      10.63       4.44    6.732D-04  4.059D-04  6.364D-04
**(rmsgt)**  13  8.038D-07  8.663D-06  6.611D-06  3.124D-05   258.26      10.73       4.42    1.071D-03  6.836D-04  9.479D-04
**(rmsgt)**  12  8.780D-07  7.872D-06  5.784D-06  2.745D-05   264.11      10.86       4.69    1.599D-03  1.052D-03  1.284D-03
**(rmsgt)**  11  8.914D-07  8.033D-06  5.211D-06  2.514D-05   268.97      10.94       4.57    2.291D-03  1.501D-03  1.616D-03
**(rmsgt)**  10  8.837D-07  7.915D-06  4.844D-06  2.399D-05   273.07      11.16       4.70    3.088D-03  1.965D-03  1.861D-03
**(rmsgt)**   9  9.626D-07  8.093D-06  4.699D-06  2.347D-05   276.44      11.22       4.60    4.055D-03  2.437D-03  1.996D-03
**(rmsgt)**   8  9.643D-07  8.223D-06  4.918D-06  2.350D-05   279.25      11.44       4.74    5.084D-03  2.839D-03  2.082D-03
**(rmsgt)**   7  1.065D-06  8.492D-06  5.277D-06  2.400D-05   281.47      11.60       4.70    6.124D-03  3.202D-03  2.073D-03
**(rmsgt)**   6  1.256D-06  9.056D-06  5.630D-06  2.523D-05   283.39      11.87       4.73    7.124D-03  3.609D-03  2.101D-03
**(rmsgt)**   5  1.620D-06  1.036D-05  5.924D-06  2.663D-05   285.19      12.24       4.58    7.930D-03  3.963D-03  2.207D-03
**(rmsgt)**   4  1.948D-06  1.184D-05  6.155D-06  2.731D-05   286.83      12.67       4.55    8.611D-03  4.309D-03  2.320D-03
**(rmsgt)**   3  2.217D-06  1.329D-05  6.158D-06  2.629D-05   288.27      13.21       4.56    9.152D-03  4.589D-03  2.447D-03
**(rmsgt)**   2  2.616D-06  1.428D-05  5.524D-06  2.277D-05   289.54      13.71       4.64    9.510D-03  4.733D-03  2.537D-03
**(rmsgt)**   1  2.604D-06  1.363D-05  4.010D-06  1.705D-05   290.26      14.14       4.83    9.849D-03  4.875D-03  2.651D-03
**(rmsgt)** AVE  1.428D-06  1.065D-05  7.855D-06  3.085D-05   252.19      10.04       4.35    2.420D-03  1.995D-03  1.374
**(rmsgt)** Log(surface pressure) mean and variance:
**(rmsgt)**  G.M.LNP.= 4.59    ; Z.S.LNP.=0.431D-01; Z.A.LNP.=0.660D-01
**(wridia)** file also contains diagnostics at 15Z of 09/10/2011:
**(globme)**TOTAL PRECIPITATION                      Std.Dev.=   3.5997082; Glob.Mean=   9.2686177    ; in units of Kg M**-2 Day
**-1
**(globme)**CONVECTIVE PRECIPITATION                 Std.Dev.=   3.0678507; Glob.Mean=   8.8593612    ; in units of Kg M**-2 Day
**-1
**(globme)**SENSIBLE HEAT FLUX FROM SURFACE          Std.Dev.=   27.952946; Glob.Mean=   73.945472    ; in units of W M**-2
**(globme)**LATENT HEAT FLUX FROM SURFACE            Std.Dev.=   132.55018; Glob.Mean=   143.94846    ; in units of W M**-2
**(globme)**OUTGOING LONG WAVE AT TOP                Std.Dev.=   265.94441; Glob.Mean=   33.402248    ; in units of W M**-2
**(globme)**SHORT WAVE ABSORBED AT GROUND            Std.Dev.=   188.61541; Glob.Mean=   264.08524    ; in units of W M**-2
**(globme)**NET LONG WAVE AT BOTTOM                  Std.Dev.=   59.560537; Glob.Mean=   37.335208    ; in units of W M**-2
**(Model)** timestep 19 at simulation time 0 days and 10800.0 seconds
**(Model)** timestep 20 at simulation time 0 days and 11400.0 seconds
**(Model)** timestep 21 at simulation time 0 days and 12000.0 seconds
**(Model)** timestep 22 at simulation time 0 days and 12600.0 seconds
**(Model)** timestep 23 at simulation time 0 days and 13200.0 seconds
**(Model)** timestep 24 at simulation time 0 days and 13800.0 seconds
**(Model)** timestep 25 at simulation time 0 days and 14400.0 seconds
**(Model)** timestep 26 at simulation time 0 days and 15000.0 seconds
**(Model)** timestep 27 at simulation time 0 days and 15600.0 seconds
**(Model)** timestep 28 at simulation time 0 days and 16200.0 seconds
**(Model)** timestep 29 at simulation time 0 days and 16800.0 seconds
**(Model)** timestep 30 at simulation time 0 days and 17400.0 seconds
**(Model)** timestep 31 at simulation time 0 days and 18000.0 seconds
**(Model)** timestep 32 at simulation time 0 days and 18600.0 seconds
**(Model)** timestep 33 at simulation time 0 days and 19200.0 seconds
**(Model)** timestep 34 at simulation time 0 days and 19800.0 seconds
**(Model)** timestep 35 at simulation time 0 days and 20400.0 seconds
**(Model)** timestep 36 at simulation time 0 days and 21000.0 seconds
**(opnfct)** writes file GFCT04R20111009122011100918F.fct.T126L28 at simulation time
**(opnfct)** 0 days and 21600.0 seconds; contains state of the atmosphere at 18Z of 09/10/2011
**(rmsgt)** State of the atmosphere at 18Z of 09/10/2011:
**(rmsgt)** Layers and average means and variances:
**(rmsgt)** LYR  Z.S. DIV.  Z.A. DIV.  Z.S. VOR.  Z.A. VOR.  G.M. TEM.  Z.S. TEM.  Z.A. TEM.  G.M. S.H.  Z.S. S.H.  Z.A. S.H.
**(rmsgt)**  28  7.984D-07  6.706D-06  1.304D-05  2.169D-05   250.43       6.66       5.79    1.676D-06  4.145D-07  1.610D-07
**(rmsgt)**  27  2.233D-06  1.734D-05  1.629D-05  2.062D-05   227.78       3.25       4.84    1.787D-06  7.201D-07  2.024D-07
**(rmsgt)**  26  1.607D-06  1.457D-05  1.498D-05  1.722D-05   221.26       2.68       5.11    1.820D-06  8.034D-07  2.216D-07
**(rmsgt)**  25  1.504D-06  1.218D-05  1.340D-05  1.476D-05   216.79       3.57       5.07    1.998D-06  9.632D-07  2.747D-07
**(rmsgt)**  24  1.362D-06  1.121D-05  1.308D-05  1.341D-05   213.35       4.47       4.65    2.291D-06  1.203D-06  3.339D-07
**(rmsgt)**  23  1.220D-06  1.069D-05  1.078D-05  1.360D-05   209.88       5.86       4.45    2.733D-06  1.375D-06  4.404D-07
**(rmsgt)**  22  1.445D-06  1.068D-05  8.558D-06  1.489D-05   206.26       8.06       4.29    3.169D-06  1.282D-06  5.181D-07
**(rmsgt)**  21  1.610D-06  1.166D-05  8.048D-06  1.836D-05   204.72       9.45       4.04    3.638D-06  1.240D-06  1.028D-06
**(rmsgt)**  20  1.464D-06  1.313D-05  8.755D-06  2.385D-05   207.76       7.61       3.72    6.123D-06  1.908D-06  2.498D-06
**(rmsgt)**  19  1.985D-06  1.180D-05  1.053D-05  3.161D-05   213.17       4.44       3.80    1.522D-05  6.033D-06  7.532D-06
**(rmsgt)**  18  2.147D-06  1.177D-05  1.112D-05  3.934D-05   219.26       4.38       3.80    3.999D-05  2.208D-05  2.316D-05
**(rmsgt)**  17  1.556D-06  1.060D-05  1.045D-05  4.420D-05   226.50       7.23       3.30    9.814D-05  6.231D-05  7.117D-05
**(rmsgt)**  16  1.369D-06  9.395D-06  9.099D-06  4.344D-05   234.93       9.30       3.65    2.044D-04  1.276D-04  1.775D-04
**(rmsgt)**  15  1.101D-06  8.671D-06  7.871D-06  3.896D-05   243.45      10.22       4.05    3.859D-04  2.312D-04  3.550D-04
**(rmsgt)**  14  8.531D-07  7.879D-06  7.289D-06  3.398D-05   251.37      10.67       4.49    6.710D-04  3.963D-04  6.132D-04
**(rmsgt)**  13  9.196D-07  7.223D-06  6.297D-06  2.948D-05   258.23      10.79       4.50    1.067D-03  6.689D-04  9.129D-04
**(rmsgt)**  12  8.658D-07  6.772D-06  5.509D-06  2.597D-05   264.11      10.92       4.72    1.594D-03  1.034D-03  1.248D-03
**(rmsgt)**  11  8.094D-07  6.911D-06  4.941D-06  2.372D-05   268.93      10.96       4.62    2.276D-03  1.475D-03  1.578D-03
**(rmsgt)**  10  8.011D-07  6.919D-06  4.595D-06  2.247D-05   272.99      11.18       4.71    3.066D-03  1.942D-03  1.832D-03
**(rmsgt)**   9  8.132D-07  6.994D-06  4.454D-06  2.185D-05   276.32      11.19       4.65    4.041D-03  2.418D-03  1.964D-03
**(rmsgt)**   8  8.218D-07  7.176D-06  4.621D-06  2.173D-05   279.14      11.42       4.75    5.087D-03  2.835D-03  2.048D-03
**(rmsgt)**   7  8.629D-07  7.516D-06  4.962D-06  2.199D-05   281.47      11.66       4.68    6.111D-03  3.190D-03  2.054D-03
**(rmsgt)**   6  1.074D-06  8.564D-06  5.354D-06  2.296D-05   283.48      11.95       4.69    7.112D-03  3.571D-03  2.093D-03
**(rmsgt)**   5  1.490D-06  1.013D-05  5.688D-06  2.441D-05   285.32      12.33       4.54    7.931D-03  3.913D-03  2.218D-03
**(rmsgt)**   4  2.009D-06  1.179D-05  5.840D-06  2.538D-05   286.97      12.73       4.53    8.710D-03  4.323D-03  2.370D-03
**(rmsgt)**   3  2.246D-06  1.326D-05  5.851D-06  2.488D-05   288.33      13.29       4.57    9.343D-03  4.690D-03  2.491D-03
**(rmsgt)**   2  2.482D-06  1.411D-05  5.340D-06  2.176D-05   289.60      13.71       4.64    9.753D-03  4.878D-03  2.597D-03
**(rmsgt)**   1  2.558D-06  1.375D-05  4.002D-06  1.633D-05   290.19      14.09       4.92    1.013D-02  5.063D-03  2.725D-03
**(rmsgt)** AVE  1.339D-06  9.498D-06  7.730D-06  2.908D-05   252.17      10.07       4.39    2.428D-03  1.999D-03  1.365
**(rmsgt)** Log(surface pressure) mean and variance:
**(rmsgt)**  G.M.LNP.= 4.59    ; Z.S.LNP.=0.431D-01; Z.A.LNP.=0.659D-01
**(wridia)** file also contains diagnostics at 18Z of 09/10/2011:
**(globme)**TOTAL PRECIPITATION                      Std.Dev.=   3.3761309; Glob.Mean=   8.5710606    ; in units of Kg M**-2 Day
**-1
**(globme)**CONVECTIVE PRECIPITATION                 Std.Dev.=   2.8421861; Glob.Mean=   8.3516464    ; in units of Kg M**-2 Day
**-1
**(globme)**SENSIBLE HEAT FLUX FROM SURFACE          Std.Dev.=   21.437693; Glob.Mean=   73.075462    ; in units of W M**-2
**(globme)**LATENT HEAT FLUX FROM SURFACE            Std.Dev.=   116.55631; Glob.Mean=   130.32882    ; in units of W M**-2
**(globme)**OUTGOING LONG WAVE AT TOP                Std.Dev.=   246.12092; Glob.Mean=   49.572413    ; in units of W M**-2
**(globme)**SHORT WAVE ABSORBED AT GROUND            Std.Dev.=   174.93102; Glob.Mean=   242.68182    ; in units of W M**-2
**(globme)**NET LONG WAVE AT BOTTOM                  Std.Dev.=   55.376638; Glob.Mean=   42.431569    ; in units of W M**-2
**(Model)** timestep 37 at simulation time 0 days and 21600.0 seconds
**(Model)** timestep 38 at simulation time 0 days and 22200.0 seconds
**(Model)** timestep 39 at simulation time 0 days and 22800.0 seconds
**(Model)** timestep 40 at simulation time 0 days and 23400.0 seconds
**(Model)** timestep 41 at simulation time 0 days and 24000.0 seconds
**(Model)** timestep 42 at simulation time 0 days and 24600.0 seconds
**(Model)** timestep 43 at simulation time 0 days and 25200.0 seconds
**(Model)** timestep 44 at simulation time 0 days and 25800.0 seconds
**(Model)** timestep 45 at simulation time 0 days and 26400.0 seconds
**(Model)** timestep 46 at simulation time 0 days and 27000.0 seconds
**(Model)** timestep 47 at simulation time 0 days and 27600.0 seconds
**(Model)** timestep 48 at simulation time 0 days and 28200.0 seconds
**(Model)** timestep 49 at simulation time 0 days and 28800.0 seconds
**(Model)** timestep 50 at simulation time 0 days and 29400.0 seconds
**(Model)** timestep 51 at simulation time 0 days and 30000.0 seconds
**(Model)** timestep 52 at simulation time 0 days and 30600.0 seconds
**(Model)** timestep 53 at simulation time 0 days and 31200.0 seconds
**(Model)** timestep 54 at simulation time 0 days and 31800.0 seconds
**(opnfct)** writes file GFCT04R20111009122011100921F.fct.T126L28 at simulation time
**(opnfct)** 0 days and 32400.0 seconds; contains state of the atmosphere at 21Z of 09/10/2011
**(rmsgt)** State of the atmosphere at 21Z of 09/10/2011:
**(rmsgt)** Layers and average means and variances:
**(rmsgt)** LYR  Z.S. DIV.  Z.A. DIV.  Z.S. VOR.  Z.A. VOR.  G.M. TEM.  Z.S. TEM.  Z.A. TEM.  G.M. S.H.  Z.S. S.H.  Z.A. S.H.
**(rmsgt)**  28  8.850D-07  6.197D-06  1.327D-05  2.130D-05   250.43       6.66       5.89    1.676D-06  4.142D-07  1.599D-07
**(rmsgt)**  27  2.071D-06  1.705D-05  1.615D-05  2.084D-05   227.67       3.30       4.95    1.788D-06  7.204D-07  2.023D-07
**(rmsgt)**  26  1.603D-06  1.396D-05  1.499D-05  1.750D-05   221.25       2.75       5.13    1.821D-06  8.017D-07  2.207D-07
**(rmsgt)**  25  1.503D-06  1.203D-05  1.342D-05  1.485D-05   216.79       3.61       5.03    2.000D-06  9.623D-07  2.737D-07
**(rmsgt)**  24  1.209D-06  1.083D-05  1.317D-05  1.323D-05   213.39       4.47       4.61    2.292D-06  1.203D-06  3.318D-07
**(rmsgt)**  23  1.323D-06  1.021D-05  1.089D-05  1.320D-05   209.90       5.87       4.39    2.734D-06  1.374D-06  4.410D-07
**(rmsgt)**  22  1.176D-06  1.007D-05  8.664D-06  1.473D-05   206.24       8.11       4.30    3.170D-06  1.276D-06  5.322D-07
**(rmsgt)**  21  1.273D-06  1.115D-05  7.989D-06  1.815D-05   204.75       9.45       4.06    3.679D-06  1.267D-06  1.131D-06
**(rmsgt)**  20  1.427D-06  1.255D-05  8.725D-06  2.342D-05   207.79       7.59       3.72    6.226D-06  1.987D-06  2.825D-06
**(rmsgt)**  19  1.963D-06  1.182D-05  1.050D-05  3.085D-05   213.17       4.43       3.82    1.546D-05  6.042D-06  8.207D-06
**(rmsgt)**  18  2.077D-06  1.128D-05  1.112D-05  3.835D-05   219.25       4.38       3.80    4.091D-05  2.181D-05  2.472D-05
**(rmsgt)**  17  1.501D-06  9.912D-06  1.039D-05  4.273D-05   226.49       7.23       3.30    1.002D-04  6.186D-05  7.255D-05
**(rmsgt)**  16  1.339D-06  9.135D-06  8.888D-06  4.173D-05   234.92       9.30       3.60    2.066D-04  1.249D-04  1.755D-04
**(rmsgt)**  15  1.128D-06  8.163D-06  7.776D-06  3.765D-05   243.42      10.20       4.02    3.859D-04  2.263D-04  3.440D-04
**(rmsgt)**  14  7.977D-07  7.358D-06  7.105D-06  3.277D-05   251.35      10.67       4.45    6.706D-04  3.884D-04  5.927D-04
**(rmsgt)**  13  8.411D-07  6.968D-06  6.171D-06  2.824D-05   258.22      10.80       4.50    1.068D-03  6.556D-04  8.885D-04
**(rmsgt)**  12  6.948D-07  6.650D-06  5.397D-06  2.492D-05   264.10      10.95       4.71    1.593D-03  1.017D-03  1.226D-03
**(rmsgt)**  11  6.245D-07  6.411D-06  4.818D-06  2.275D-05   268.87      10.95       4.63    2.264D-03  1.453D-03  1.554D-03
**(rmsgt)**  10  6.524D-07  6.572D-06  4.492D-06  2.145D-05   272.90      11.18       4.73    3.043D-03  1.920D-03  1.817D-03
**(rmsgt)**   9  7.014D-07  6.587D-06  4.391D-06  2.078D-05   276.24      11.17       4.68    4.027D-03  2.401D-03  1.953D-03
**(rmsgt)**   8  7.327D-07  6.934D-06  4.539D-06  2.073D-05   279.07      11.40       4.77    5.085D-03  2.827D-03  2.022D-03
**(rmsgt)**   7  8.907D-07  7.367D-06  4.879D-06  2.103D-05   281.47      11.70       4.65    6.094D-03  3.167D-03  2.043D-03
**(rmsgt)**   6  1.146D-06  8.419D-06  5.267D-06  2.201D-05   283.54      12.00       4.65    7.098D-03  3.534D-03  2.100D-03
**(rmsgt)**   5  1.547D-06  9.973D-06  5.587D-06  2.339D-05   285.35      12.39       4.51    7.947D-03  3.894D-03  2.248D-03
**(rmsgt)**   4  1.987D-06  1.173D-05  5.668D-06  2.444D-05   287.01      12.76       4.51    8.751D-03  4.334D-03  2.412D-03
**(rmsgt)**   3  2.267D-06  1.309D-05  5.666D-06  2.424D-05   288.34      13.23       4.56    9.440D-03  4.762D-03  2.531D-03
**(rmsgt)**   2  2.454D-06  1.370D-05  5.216D-06  2.131D-05   289.56      13.62       4.65    9.914D-03  5.000D-03  2.634D-03
**(rmsgt)**   1  2.412D-06  1.335D-05  3.950D-06  1.592D-05   289.93      13.92       5.03    1.034D-02  5.229D-03  2.765D-03
**(rmsgt)** AVE  1.281D-06  9.152D-06  7.660D-06  2.807D-05   252.15      10.07       4.38    2.432D-03  2.002D-03  1.363
**(rmsgt)** Log(surface pressure) mean and variance:
**(rmsgt)**  G.M.LNP.= 4.59    ; Z.S.LNP.=0.433D-01; Z.A.LNP.=0.660D-01
**(wridia)** file also contains diagnostics at 21Z of 09/10/2011:
**(globme)**TOTAL PRECIPITATION                      Std.Dev.=   3.3659705; Glob.Mean=   9.0509546    ; in units of Kg M**-2 Day
**-1
**(globme)**CONVECTIVE PRECIPITATION                 Std.Dev.=   2.7601629; Glob.Mean=   8.8635710    ; in units of Kg M**-2 Day
**-1
**(globme)**SENSIBLE HEAT FLUX FROM SURFACE          Std.Dev.=   14.660454; Glob.Mean=   58.547977    ; in units of W M**-2
**(globme)**LATENT HEAT FLUX FROM SURFACE            Std.Dev.=   106.30158; Glob.Mean=   121.16781    ; in units of W M**-2
**(globme)**OUTGOING LONG WAVE AT TOP                Std.Dev.=   244.88929; Glob.Mean=   48.773199    ; in units of W M**-2
**(globme)**SHORT WAVE ABSORBED AT GROUND            Std.Dev.=   178.17357; Glob.Mean=   256.30839    ; in units of W M**-2
**(globme)**NET LONG WAVE AT BOTTOM                  Std.Dev.=   52.842237; Glob.Mean=   37.229166    ; in units of W M**-2
**(Model)** timestep 55 at simulation time 0 days and 32400.0 seconds
**(Model)** timestep 56 at simulation time 0 days and 33000.0 seconds
**(Model)** timestep 57 at simulation time 0 days and 33600.0 seconds
**(Model)** timestep 58 at simulation time 0 days and 34200.0 seconds
**(Model)** timestep 59 at simulation time 0 days and 34800.0 seconds
**(Model)** timestep 60 at simulation time 0 days and 35400.0 seconds
**(Model)** timestep 61 at simulation time 0 days and 36000.0 seconds
**(Model)** timestep 62 at simulation time 0 days and 36600.0 seconds
**(Model)** timestep 63 at simulation time 0 days and 37200.0 seconds
**(Model)** timestep 64 at simulation time 0 days and 37800.0 seconds
**(Model)** timestep 65 at simulation time 0 days and 38400.0 seconds
**(Model)** timestep 66 at simulation time 0 days and 39000.0 seconds
**(Model)** timestep 67 at simulation time 0 days and 39600.0 seconds
**(Model)** timestep 68 at simulation time 0 days and 40200.0 seconds
**(Model)** timestep 69 at simulation time 0 days and 40800.0 seconds
**(Model)** timestep 70 at simulation time 0 days and 41400.0 seconds
**(Model)** timestep 71 at simulation time 0 days and 42000.0 seconds
**(Model)** timestep 72 at simulation time 0 days and 42600.0 seconds
**(opnfct)** writes file GFCT04R20111009122011101000F.fct.T126L28 at simulation time
**(opnfct)** 0 days and 43200.0 seconds; contains state of the atmosphere at 00Z of 10/10/2011
**(rmsgt)** State of the atmosphere at 00Z of 10/10/2011:
**(rmsgt)** Layers and average means and variances:
**(rmsgt)** LYR  Z.S. DIV.  Z.A. DIV.  Z.S. VOR.  Z.A. VOR.  G.M. TEM.  Z.S. TEM.  Z.A. TEM.  G.M. S.H.  Z.S. S.H.  Z.A. S.H.
**(rmsgt)**  28  9.030D-07  5.803D-06  1.323D-05  2.126D-05   250.44       6.62       5.88    1.677D-06  4.143D-07  1.595D-07
**(rmsgt)**  27  2.170D-06  1.743D-05  1.636D-05  2.092D-05   227.58       3.29       5.05    1.791D-06  7.198D-07  2.006D-07
**(rmsgt)**  26  1.703D-06  1.321D-05  1.502D-05  1.783D-05   221.22       2.72       5.13    1.822D-06  8.007D-07  2.205D-07
**(rmsgt)**  25  1.597D-06  1.173D-05  1.334D-05  1.502D-05   216.80       3.58       4.99    2.001D-06  9.614D-07  2.742D-07
**(rmsgt)**  24  1.187D-06  1.081D-05  1.310D-05  1.309D-05   213.43       4.42       4.58    2.291D-06  1.202D-06  3.323D-07
**(rmsgt)**  23  1.268D-06  1.017D-05  1.093D-05  1.279D-05   209.93       5.84       4.34    2.733D-06  1.373D-06  4.410D-07
**(rmsgt)**  22  9.908D-07  1.001D-05  8.845D-06  1.430D-05   206.23       8.10       4.25    3.171D-06  1.269D-06  5.473D-07
**(rmsgt)**  21  1.035D-06  1.091D-05  8.191D-06  1.812D-05   204.77       9.43       4.06    3.713D-06  1.286D-06  1.252D-06
**(rmsgt)**  20  1.336D-06  1.203D-05  8.863D-06  2.333D-05   207.79       7.54       3.71    6.398D-06  2.118D-06  3.275D-06
**(rmsgt)**  19  1.876D-06  1.164D-05  1.054D-05  3.050D-05   213.17       4.38       3.83    1.588D-05  6.223D-06  9.224D-06
**(rmsgt)**  18  1.811D-06  1.079D-05  1.108D-05  3.765D-05   219.24       4.37       3.77    4.216D-05  2.196D-05  2.720D-05
**(rmsgt)**  17  1.724D-06  9.331D-06  1.042D-05  4.174D-05   226.48       7.23       3.27    1.026D-04  6.191D-05  7.604D-05
**(rmsgt)**  16  1.259D-06  8.728D-06  8.924D-06  4.082D-05   234.92       9.30       3.54    2.090D-04  1.226D-04  1.778D-04
**(rmsgt)**  15  1.190D-06  7.729D-06  7.735D-06  3.684D-05   243.40      10.19       3.97    3.869D-04  2.211D-04  3.419D-04
**(rmsgt)**  14  7.453D-07  7.055D-06  6.969D-06  3.189D-05   251.33      10.66       4.41    6.713D-04  3.800D-04  5.831D-04
**(rmsgt)**  13  7.400D-07  6.632D-06  6.051D-06  2.738D-05   258.19      10.81       4.48    1.069D-03  6.430D-04  8.794D-04
**(rmsgt)**  12  7.236D-07  6.431D-06  5.309D-06  2.419D-05   264.09      10.96       4.70    1.592D-03  1.002D-03  1.216D-03
**(rmsgt)**  11  7.007D-07  6.341D-06  4.721D-06  2.199D-05   268.80      10.94       4.62    2.254D-03  1.436D-03  1.546D-03
**(rmsgt)**  10  7.514D-07  6.568D-06  4.375D-06  2.066D-05   272.81      11.15       4.72    3.025D-03  1.900D-03  1.821D-03
**(rmsgt)**   9  7.977D-07  6.590D-06  4.292D-06  2.004D-05   276.17      11.16       4.69    4.016D-03  2.386D-03  1.967D-03
**(rmsgt)**   8  8.514D-07  6.850D-06  4.448D-06  2.013D-05   279.00      11.39       4.76    5.075D-03  2.815D-03  2.024D-03
**(rmsgt)**   7  1.008D-06  7.196D-06  4.782D-06  2.059D-05   281.43      11.73       4.62    6.074D-03  3.148D-03  2.053D-03
**(rmsgt)**   6  1.167D-06  7.896D-06  5.177D-06  2.166D-05   283.54      12.03       4.62    7.079D-03  3.514D-03  2.122D-03
**(rmsgt)**   5  1.437D-06  9.196D-06  5.456D-06  2.303D-05   285.33      12.38       4.51    7.953D-03  3.896D-03  2.272D-03
**(rmsgt)**   4  1.862D-06  1.060D-05  5.534D-06  2.421D-05   286.98      12.72       4.50    8.756D-03  4.337D-03  2.434D-03
**(rmsgt)**   3  2.095D-06  1.181D-05  5.463D-06  2.396D-05   288.24      13.15       4.57    9.499D-03  4.811D-03  2.548D-03
**(rmsgt)**   2  2.233D-06  1.234D-05  4.981D-06  2.088D-05   289.44      13.51       4.66    1.003D-02  5.100D-03  2.645D-03
**(rmsgt)**   1  2.246D-06  1.209D-05  3.793D-06  1.550D-05   289.72      13.78       5.10    1.051D-02  5.357D-03  2.791D-03
**(rmsgt)** AVE  1.248D-06  8.778D-06  7.631D-06  2.743D-05   252.12      10.06       4.36    2.433D-03  2.005D-03  1.368
**(rmsgt)** Log(surface pressure) mean and variance:
**(rmsgt)**  G.M.LNP.= 4.59    ; Z.S.LNP.=0.433D-01; Z.A.LNP.=0.660D-01
**(wridia)** file also contains diagnostics at 00Z of 10/10/2011:
**(globme)**TOTAL PRECIPITATION                      Std.Dev.=   3.2757124; Glob.Mean=   8.9500602    ; in units of Kg M**-2 Day
**-1
**(globme)**CONVECTIVE PRECIPITATION                 Std.Dev.=   2.5911977; Glob.Mean=   8.7154300    ; in units of Kg M**-2 Day
**-1
**(globme)**SENSIBLE HEAT FLUX FROM SURFACE          Std.Dev.=   7.5814664; Glob.Mean=   37.647354    ; in units of W M**-2
**(globme)**LATENT HEAT FLUX FROM SURFACE            Std.Dev.=   96.606594; Glob.Mean=   114.64337    ; in units of W M**-2
**(globme)**OUTGOING LONG WAVE AT TOP                Std.Dev.=   244.05002; Glob.Mean=   48.603507    ; in units of W M**-2
**(globme)**SHORT WAVE ABSORBED AT GROUND            Std.Dev.=   182.20545; Glob.Mean=   263.15117    ; in units of W M**-2
**(globme)**NET LONG WAVE AT BOTTOM                  Std.Dev.=   51.099637; Glob.Mean=   34.876193    ; in units of W M**-2
**(Model)** timestep 73 at simulation time 0 days and 43200.0 seconds
**(Model)** timestep 74 at simulation time 0 days and 43800.0 seconds
**(Model)** timestep 75 at simulation time 0 days and 44400.0 seconds
**(Model)** timestep 76 at simulation time 0 days and 45000.0 seconds
**(Model)** timestep 77 at simulation time 0 days and 45600.0 seconds
**(Model)** timestep 78 at simulation time 0 days and 46200.0 seconds
**(Model)** timestep 79 at simulation time 0 days and 46800.0 seconds
**(Model)** timestep 80 at simulation time 0 days and 47400.0 seconds
**(Model)** timestep 81 at simulation time 0 days and 48000.0 seconds
**(Model)** timestep 82 at simulation time 0 days and 48600.0 seconds
**(Model)** timestep 83 at simulation time 0 days and 49200.0 seconds
**(Model)** timestep 84 at simulation time 0 days and 49800.0 seconds
**(Model)** timestep 85 at simulation time 0 days and 50400.0 seconds
**(Model)** timestep 86 at simulation time 0 days and 51000.0 seconds
**(Model)** timestep 87 at simulation time 0 days and 51600.0 seconds
**(Model)** timestep 88 at simulation time 0 days and 52200.0 seconds
**(Model)** timestep 89 at simulation time 0 days and 52800.0 seconds
**(Model)** timestep 90 at simulation time 0 days and 53400.0 seconds
**(opnfct)** writes file GFCT04R20111009122011101003F.fct.T126L28 at simulation time
**(opnfct)** 0 days and 54000.0 seconds; contains state of the atmosphere at 03Z of 10/10/2011
**(rmsgt)** State of the atmosphere at 03Z of 10/10/2011:
**(rmsgt)** Layers and average means and variances:
**(rmsgt)** LYR  Z.S. DIV.  Z.A. DIV.  Z.S. VOR.  Z.A. VOR.  G.M. TEM.  Z.S. TEM.  Z.A. TEM.  G.M. S.H.  Z.S. S.H.  Z.A. S.H.
**(rmsgt)**  28  8.161D-07  5.311D-06  1.325D-05  2.118D-05   250.45       6.57       5.85    1.677D-06  4.137D-07  1.605D-07
**(rmsgt)**  27  2.134D-06  1.618D-05  1.661D-05  2.103D-05   227.49       3.29       5.16    1.792D-06  7.192D-07  1.990D-07
**(rmsgt)**  26  1.355D-06  1.310D-05  1.494D-05  1.755D-05   221.17       2.62       5.19    1.821D-06  7.994D-07  2.208D-07
**(rmsgt)**  25  1.324D-06  1.176D-05  1.325D-05  1.492D-05   216.79       3.48       5.13    2.001D-06  9.603D-07  2.733D-07
**(rmsgt)**  24  1.097D-06  1.047D-05  1.300D-05  1.313D-05   213.48       4.35       4.67    2.292D-06  1.202D-06  3.323D-07
**(rmsgt)**  23  1.096D-06  9.680D-06  1.080D-05  1.259D-05   209.98       5.77       4.39    2.732D-06  1.372D-06  4.420D-07
**(rmsgt)**  22  1.097D-06  9.686D-06  8.802D-06  1.393D-05   206.23       8.07       4.24    3.174D-06  1.264D-06  5.593D-07
**(rmsgt)**  21  1.088D-06  1.066D-05  8.307D-06  1.815D-05   204.76       9.42       4.05    3.755D-06  1.320D-06  1.405D-06
**(rmsgt)**  20  1.426D-06  1.198D-05  9.102D-06  2.322D-05   207.80       7.52       3.68    6.569D-06  2.263D-06  3.595D-06
**(rmsgt)**  19  1.997D-06  1.160D-05  1.078D-05  3.040D-05   213.18       4.34       3.82    1.625D-05  6.388D-06  1.005D-05
**(rmsgt)**  18  1.854D-06  1.053D-05  1.100D-05  3.737D-05   219.25       4.38       3.75    4.324D-05  2.221D-05  2.951D-05
**(rmsgt)**  17  1.474D-06  8.805D-06  1.024D-05  4.099D-05   226.48       7.23       3.23    1.041D-04  6.198D-05  7.900D-05
**(rmsgt)**  16  1.006D-06  8.368D-06  8.879D-06  3.999D-05   234.91       9.31       3.49    2.096D-04  1.200D-04  1.788D-04
**(rmsgt)**  15  1.137D-06  7.286D-06  7.750D-06  3.591D-05   243.36      10.21       3.93    3.873D-04  2.156D-04  3.385D-04
**(rmsgt)**  14  7.668D-07  6.696D-06  6.875D-06  3.096D-05   251.28      10.68       4.37    6.727D-04  3.730D-04  5.768D-04
**(rmsgt)**  13  7.126D-07  6.303D-06  5.846D-06  2.668D-05   258.15      10.84       4.47    1.069D-03  6.321D-04  8.732D-04
**(rmsgt)**  12  6.640D-07  6.255D-06  5.133D-06  2.363D-05   264.07      10.99       4.68    1.591D-03  9.892D-04  1.209D-03
**(rmsgt)**  11  6.707D-07  6.192D-06  4.579D-06  2.148D-05   268.72      10.93       4.60    2.249D-03  1.419D-03  1.543D-03
**(rmsgt)**  10  6.970D-07  6.395D-06  4.247D-06  2.016D-05   272.71      11.13       4.71    3.014D-03  1.882D-03  1.830D-03
**(rmsgt)**   9  7.264D-07  6.440D-06  4.161D-06  1.952D-05   276.08      11.16       4.69    4.007D-03  2.368D-03  1.981D-03
**(rmsgt)**   8  7.263D-07  6.657D-06  4.310D-06  1.963D-05   278.92      11.38       4.76    5.067D-03  2.799D-03  2.033D-03
**(rmsgt)**   7  9.380D-07  7.180D-06  4.630D-06  2.018D-05   281.38      11.73       4.62    6.060D-03  3.131D-03  2.071D-03
**(rmsgt)**   6  1.146D-06  7.964D-06  5.021D-06  2.126D-05   283.51      12.03       4.61    7.074D-03  3.505D-03  2.150D-03
**(rmsgt)**   5  1.475D-06  9.255D-06  5.300D-06  2.257D-05   285.31      12.36       4.53    7.973D-03  3.902D-03  2.295D-03
**(rmsgt)**   4  1.910D-06  1.052D-05  5.367D-06  2.369D-05   286.97      12.69       4.52    8.792D-03  4.365D-03  2.444D-03
**(rmsgt)**   3  2.126D-06  1.151D-05  5.237D-06  2.345D-05   288.24      13.09       4.54    9.561D-03  4.872D-03  2.563D-03
**(rmsgt)**   2  2.245D-06  1.193D-05  4.765D-06  2.050D-05   289.44      13.44       4.62    1.011D-02  5.169D-03  2.660D-03
**(rmsgt)**   1  2.190D-06  1.165D-05  3.687D-06  1.517D-05   289.72      13.74       5.05    1.059D-02  5.412D-03  2.805D-03
**(rmsgt)** AVE  1.208D-06  8.540D-06  7.569D-06  2.690D-05   252.09      10.05       4.35    2.436D-03  2.008D-03  1.375
**(rmsgt)** Log(surface pressure) mean and variance:
**(rmsgt)**  G.M.LNP.= 4.59    ; Z.S.LNP.=0.434D-01; Z.A.LNP.=0.659D-01
**(wridia)** file also contains diagnostics at 03Z of 10/10/2011:
**(globme)**TOTAL PRECIPITATION                      Std.Dev.=   3.1165225; Glob.Mean=   8.7841975    ; in units of Kg M**-2 Day
**-1
**(globme)**CONVECTIVE PRECIPITATION                 Std.Dev.=   2.4100027; Glob.Mean=   8.5121893    ; in units of Kg M**-2 Day
**-1
**(globme)**SENSIBLE HEAT FLUX FROM SURFACE          Std.Dev.=   12.038745; Glob.Mean=   55.564129    ; in units of W M**-2
**(globme)**LATENT HEAT FLUX FROM SURFACE            Std.Dev.=   94.595431; Glob.Mean=   113.55010    ; in units of W M**-2
**(globme)**OUTGOING LONG WAVE AT TOP                Std.Dev.=   243.75033; Glob.Mean=   48.357025    ; in units of W M**-2
**(globme)**SHORT WAVE ABSORBED AT GROUND            Std.Dev.=   179.45058; Glob.Mean=   257.08707    ; in units of W M**-2
**(globme)**NET LONG WAVE AT BOTTOM                  Std.Dev.=   50.255137; Glob.Mean=   32.831839    ; in units of W M**-2
**(Model)** timestep 91 at simulation time 0 days and 54000.0 seconds
**(Model)** timestep 92 at simulation time 0 days and 54600.0 seconds
**(Model)** timestep 93 at simulation time 0 days and 55200.0 seconds
**(Model)** timestep 94 at simulation time 0 days and 55800.0 seconds
**(Model)** timestep 95 at simulation time 0 days and 56400.0 seconds
**(Model)** timestep 96 at simulation time 0 days and 57000.0 seconds
**(Model)** timestep 97 at simulation time 0 days and 57600.0 seconds
**(Model)** timestep 98 at simulation time 0 days and 58200.0 seconds
**(Model)** timestep 99 at simulation time 0 days and 58800.0 seconds
**(Model)** timestep 100 at simulation time 0 days and 59400.0 seconds
**(Model)** timestep 101 at simulation time 0 days and 60000.0 seconds
**(Model)** timestep 102 at simulation time 0 days and 60600.0 seconds
**(Model)** timestep 103 at simulation time 0 days and 61200.0 seconds
**(Model)** timestep 104 at simulation time 0 days and 61800.0 seconds
**(Model)** timestep 105 at simulation time 0 days and 62400.0 seconds
**(Model)** timestep 106 at simulation time 0 days and 63000.0 seconds
**(Model)** timestep 107 at simulation time 0 days and 63600.0 seconds
**(Model)** timestep 108 at simulation time 0 days and 64200.0 seconds
**(opnfct)** writes file GFCT04R20111009122011101006F.fct.T126L28 at simulation time
**(opnfct)** 0 days and 64800.0 seconds; contains state of the atmosphere at 06Z of 10/10/2011
**(rmsgt)** State of the atmosphere at 06Z of 10/10/2011:
**(rmsgt)** Layers and average means and variances:
**(rmsgt)** LYR  Z.S. DIV.  Z.A. DIV.  Z.S. VOR.  Z.A. VOR.  G.M. TEM.  Z.S. TEM.  Z.A. TEM.  G.M. S.H.  Z.S. S.H.  Z.A. S.H.
**(rmsgt)**  28  7.673D-07  5.161D-06  1.321D-05  2.116D-05   250.46       6.48       5.80    1.678D-06  4.132D-07  1.615D-07
**(rmsgt)**  27  1.909D-06  1.529D-05  1.658D-05  2.103D-05   227.40       3.33       5.34    1.792D-06  7.188D-07  1.995D-07
**(rmsgt)**  26  1.633D-06  1.280D-05  1.499D-05  1.758D-05   221.14       2.53       5.29    1.820D-06  7.976D-07  2.200D-07
**(rmsgt)**  25  1.388D-06  1.107D-05  1.333D-05  1.498D-05   216.79       3.40       5.22    2.000D-06  9.588D-07  2.725D-07
**(rmsgt)**  24  1.624D-06  1.004D-05  1.300D-05  1.321D-05   213.52       4.27       4.75    2.293D-06  1.200D-06  3.310D-07
**(rmsgt)**  23  1.149D-06  9.708D-06  1.072D-05  1.270D-05   210.02       5.70       4.47    2.734D-06  1.372D-06  4.451D-07
**(rmsgt)**  22  1.357D-06  9.376D-06  8.646D-06  1.373D-05   206.24       8.05       4.29    3.183D-06  1.263D-06  5.930D-07
**(rmsgt)**  21  1.452D-06  1.033D-05  8.217D-06  1.799D-05   204.74       9.44       4.05    3.800D-06  1.355D-06  1.551D-06
**(rmsgt)**  20  1.571D-06  1.166D-05  9.266D-06  2.299D-05   207.81       7.52       3.66    6.707D-06  2.378D-06  3.861D-06
**(rmsgt)**  19  1.943D-06  1.133D-05  1.099D-05  3.002D-05   213.20       4.32       3.80    1.650D-05  6.520D-06  1.059D-05
**(rmsgt)**  18  1.862D-06  1.057D-05  1.106D-05  3.703D-05   219.27       4.39       3.73    4.391D-05  2.232D-05  3.086D-05
**(rmsgt)**  17  1.499D-06  8.700D-06  1.023D-05  4.018D-05   226.48       7.24       3.20    1.045D-04  6.145D-05  8.057D-05
**(rmsgt)**  16  9.291D-07  8.123D-06  8.884D-06  3.892D-05   234.90       9.34       3.44    2.096D-04  1.177D-04  1.779D-04
**(rmsgt)**  15  1.094D-06  7.126D-06  7.783D-06  3.489D-05   243.31      10.25       3.90    3.877D-04  2.114D-04  3.353D-04
**(rmsgt)**  14  7.391D-07  6.500D-06  6.813D-06  3.010D-05   251.24      10.70       4.34    6.720D-04  3.663D-04  5.705D-04
**(rmsgt)**  13  6.187D-07  6.042D-06  5.764D-06  2.598D-05   258.12      10.88       4.45    1.062D-03  6.181D-04  8.627D-04
**(rmsgt)**  12  7.015D-07  6.139D-06  5.049D-06  2.300D-05   264.06      11.03       4.66    1.582D-03  9.695D-04  1.195D-03
**(rmsgt)**  11  6.632D-07  6.315D-06  4.539D-06  2.105D-05   268.66      10.92       4.58    2.239D-03  1.398D-03  1.530D-03
**(rmsgt)**  10  6.870D-07  6.490D-06  4.217D-06  1.986D-05   272.63      11.11       4.70    3.001D-03  1.862D-03  1.825D-03
**(rmsgt)**   9  6.762D-07  6.413D-06  4.135D-06  1.927D-05   276.01      11.15       4.69    4.001D-03  2.352D-03  1.983D-03
**(rmsgt)**   8  6.671D-07  6.654D-06  4.279D-06  1.936D-05   278.86      11.37       4.76    5.067D-03  2.787D-03  2.037D-03
**(rmsgt)**   7  8.801D-07  7.191D-06  4.593D-06  1.997D-05   281.34      11.73       4.64    6.061D-03  3.118D-03  2.080D-03
**(rmsgt)**   6  1.191D-06  8.155D-06  4.980D-06  2.102D-05   283.50      12.03       4.63    7.084D-03  3.502D-03  2.171D-03
**(rmsgt)**   5  1.545D-06  9.577D-06  5.244D-06  2.230D-05   285.35      12.35       4.52    8.006D-03  3.926D-03  2.330D-03
**(rmsgt)**   4  1.947D-06  1.075D-05  5.280D-06  2.333D-05   287.03      12.69       4.47    8.824D-03  4.395D-03  2.468D-03
**(rmsgt)**   3  2.163D-06  1.150D-05  5.128D-06  2.313D-05   288.30      13.08       4.42    9.605D-03  4.911D-03  2.571D-03
**(rmsgt)**   2  2.253D-06  1.199D-05  4.668D-06  2.023D-05   289.53      13.42       4.48    1.015D-02  5.203D-03  2.663D-03
**(rmsgt)**   1  2.221D-06  1.191D-05  3.696D-06  1.506D-05   290.00      13.78       4.89    1.063D-02  5.432D-03  2.788D-03
**(rmsgt)** AVE  1.232D-06  8.442D-06  7.564D-06  2.638D-05   252.07      10.06       4.34    2.437D-03  2.009D-03  1.377
**(rmsgt)** Log(surface pressure) mean and variance:
**(rmsgt)**  G.M.LNP.= 4.59    ; Z.S.LNP.=0.435D-01; Z.A.LNP.=0.659D-01
**(wridia)** file also contains diagnostics at 06Z of 10/10/2011:
**(globme)**TOTAL PRECIPITATION                      Std.Dev.=   3.2679653; Glob.Mean=   9.3197658    ; in units of Kg M**-2 Day
**-1
**(globme)**CONVECTIVE PRECIPITATION                 Std.Dev.=   2.5416694; Glob.Mean=   9.0247441    ; in units of Kg M**-2 Day
**-1
**(globme)**SENSIBLE HEAT FLUX FROM SURFACE          Std.Dev.=   20.616611; Glob.Mean=   70.870392    ; in units of W M**-2
**(globme)**LATENT HEAT FLUX FROM SURFACE            Std.Dev.=   96.376610; Glob.Mean=   115.22429    ; in units of W M**-2
**(globme)**OUTGOING LONG WAVE AT TOP                Std.Dev.=   243.72177; Glob.Mean=   48.696941    ; in units of W M**-2
**(globme)**SHORT WAVE ABSORBED AT GROUND            Std.Dev.=   177.90895; Glob.Mean=   254.77811    ; in units of W M**-2
**(globme)**NET LONG WAVE AT BOTTOM                  Std.Dev.=   51.587395; Glob.Mean=   34.688433    ; in units of W M**-2
**(Model)** timestep 109 at simulation time 0 days and 64800.0 seconds
**(Model)** timestep 110 at simulation time 0 days and 65400.0 seconds
**(Model)** timestep 111 at simulation time 0 days and 66000.0 seconds
**(Model)** timestep 112 at simulation time 0 days and 66600.0 seconds
**(Model)** timestep 113 at simulation time 0 days and 67200.0 seconds
**(Model)** timestep 114 at simulation time 0 days and 67800.0 seconds
**(Model)** timestep 115 at simulation time 0 days and 68400.0 seconds
**(Model)** timestep 116 at simulation time 0 days and 69000.0 seconds
**(Model)** timestep 117 at simulation time 0 days and 69600.0 seconds
**(Model)** timestep 118 at simulation time 0 days and 70200.0 seconds
**(Model)** timestep 119 at simulation time 0 days and 70800.0 seconds
**(Model)** timestep 120 at simulation time 0 days and 71400.0 seconds
**(Model)** timestep 121 at simulation time 0 days and 72000.0 seconds
**(Model)** timestep 122 at simulation time 0 days and 72600.0 seconds
**(Model)** timestep 123 at simulation time 0 days and 73200.0 seconds
**(Model)** timestep 124 at simulation time 0 days and 73800.0 seconds
**(Model)** timestep 125 at simulation time 0 days and 74400.0 seconds
**(Model)** timestep 126 at simulation time 0 days and 75000.0 seconds
**(opnfct)** writes file GFCT04R20111009122011101009F.fct.T126L28 at simulation time
**(opnfct)** 0 days and 75600.0 seconds; contains state of the atmosphere at 09Z of 10/10/2011
**(rmsgt)** State of the atmosphere at 09Z of 10/10/2011:
**(rmsgt)** Layers and average means and variances:
**(rmsgt)** LYR  Z.S. DIV.  Z.A. DIV.  Z.S. VOR.  Z.A. VOR.  G.M. TEM.  Z.S. TEM.  Z.A. TEM.  G.M. S.H.  Z.S. S.H.  Z.A. S.H.
**(rmsgt)**  28  7.432D-07  4.748D-06  1.315D-05  2.134D-05   250.49       6.41       5.79    1.679D-06  4.122D-07  1.625D-07
**(rmsgt)**  27  1.725D-06  1.434D-05  1.621D-05  2.106D-05   227.28       3.32       5.46    1.791D-06  7.178D-07  2.011D-07
**(rmsgt)**  26  1.252D-06  1.195D-05  1.491D-05  1.744D-05   221.11       2.51       5.40    1.819D-06  7.973D-07  2.186D-07
**(rmsgt)**  25  1.237D-06  1.037D-05  1.339D-05  1.520D-05   216.80       3.35       5.21    2.001D-06  9.589D-07  2.721D-07
**(rmsgt)**  24  1.131D-06  9.897D-06  1.306D-05  1.341D-05   213.55       4.22       4.76    2.296D-06  1.199D-06  3.308D-07
**(rmsgt)**  23  9.543D-07  9.247D-06  1.076D-05  1.296D-05   210.05       5.68       4.49    2.738D-06  1.371D-06  4.488D-07
**(rmsgt)**  22  1.395D-06  9.270D-06  8.695D-06  1.376D-05   206.23       8.07       4.34    3.192D-06  1.260D-06  6.268D-07
**(rmsgt)**  21  1.371D-06  1.036D-05  8.240D-06  1.786D-05   204.73       9.49       4.08    3.833D-06  1.378D-06  1.648D-06
**(rmsgt)**  20  1.683D-06  1.127D-05  9.303D-06  2.289D-05   207.83       7.54       3.68    6.832D-06  2.476D-06  4.020D-06
**(rmsgt)**  19  2.088D-06  1.114D-05  1.105D-05  2.949D-05   213.23       4.31       3.81    1.673D-05  6.693D-06  1.089D-05
**(rmsgt)**  18  1.954D-06  1.049D-05  1.116D-05  3.627D-05   219.28       4.38       3.71    4.439D-05  2.264D-05  3.159D-05
**(rmsgt)**  17  1.345D-06  8.633D-06  1.033D-05  3.914D-05   226.48       7.25       3.17    1.046D-04  6.127D-05  8.112D-05
**(rmsgt)**  16  1.142D-06  7.771D-06  8.959D-06  3.777D-05   234.87       9.36       3.41    2.093D-04  1.161D-04  1.757D-04
**(rmsgt)**  15  1.042D-06  7.109D-06  7.800D-06  3.403D-05   243.25      10.27       3.86    3.881D-04  2.088D-04  3.293D-04
**(rmsgt)**  14  6.970D-07  6.386D-06  6.768D-06  2.948D-05   251.20      10.71       4.30    6.724D-04  3.625D-04  5.612D-04
**(rmsgt)**  13  5.253D-07  5.969D-06  5.761D-06  2.543D-05   258.11      10.91       4.42    1.058D-03  6.080D-04  8.517D-04
**(rmsgt)**  12  5.748D-07  6.099D-06  5.087D-06  2.249D-05   264.06      11.05       4.65    1.574D-03  9.528D-04  1.184D-03
**(rmsgt)**  11  6.774D-07  6.234D-06  4.638D-06  2.068D-05   268.63      10.91       4.56    2.229D-03  1.377D-03  1.516D-03
**(rmsgt)**  10  8.207D-07  6.401D-06  4.362D-06  1.961D-05   272.57      11.09       4.69    2.988D-03  1.844D-03  1.815D-03
**(rmsgt)**   9  8.023D-07  6.389D-06  4.287D-06  1.907D-05   275.95      11.13       4.70    3.998D-03  2.341D-03  1.973D-03
**(rmsgt)**   8  6.904D-07  6.636D-06  4.420D-06  1.921D-05   278.81      11.36       4.76    5.069D-03  2.782D-03  2.029D-03
**(rmsgt)**   7  8.387D-07  7.187D-06  4.704D-06  1.993D-05   281.32      11.72       4.65    6.063D-03  3.115D-03  2.079D-03
**(rmsgt)**   6  1.113D-06  8.185D-06  5.044D-06  2.110D-05   283.52      12.03       4.61    7.101D-03  3.514D-03  2.189D-03
**(rmsgt)**   5  1.444D-06  9.667D-06  5.266D-06  2.232D-05   285.39      12.37       4.43    8.048D-03  3.958D-03  2.335D-03
**(rmsgt)**   4  1.789D-06  1.115D-05  5.304D-06  2.315D-05   287.12      12.72       4.35    8.854D-03  4.421D-03  2.475D-03
**(rmsgt)**   3  2.051D-06  1.214D-05  5.129D-06  2.283D-05   288.49      13.16       4.33    9.622D-03  4.927D-03  2.583D-03
**(rmsgt)**   2  2.217D-06  1.276D-05  4.621D-06  2.008D-05   289.77      13.51       4.41    1.018D-02  5.225D-03  2.668D-03
**(rmsgt)**   1  2.212D-06  1.285D-05  3.705D-06  1.541D-05   290.47      14.00       4.77    1.065D-02  5.434D-03  2.790D-03
**(rmsgt)** AVE  1.213D-06  8.382D-06  7.605D-06  2.590D-05   252.07      10.07       4.32    2.439D-03  2.010D-03  1.374
**(rmsgt)** Log(surface pressure) mean and variance:
**(rmsgt)**  G.M.LNP.= 4.59    ; Z.S.LNP.=0.435D-01; Z.A.LNP.=0.659D-01
**(wridia)** file also contains diagnostics at 09Z of 10/10/2011:
**(globme)**TOTAL PRECIPITATION                      Std.Dev.=   3.3061735; Glob.Mean=   9.2615814    ; in units of Kg M**-2 Day
**-1
**(globme)**CONVECTIVE PRECIPITATION                 Std.Dev.=   2.5749660; Glob.Mean=   8.9127564    ; in units of Kg M**-2 Day
**-1
**(globme)**SENSIBLE HEAT FLUX FROM SURFACE          Std.Dev.=   27.574700; Glob.Mean=   71.643249    ; in units of W M**-2
**(globme)**LATENT HEAT FLUX FROM SURFACE            Std.Dev.=   97.335797; Glob.Mean=   111.60057    ; in units of W M**-2
**(globme)**OUTGOING LONG WAVE AT TOP                Std.Dev.=   243.27556; Glob.Mean=   49.897176    ; in units of W M**-2
**(globme)**SHORT WAVE ABSORBED AT GROUND            Std.Dev.=   178.66169; Glob.Mean=   255.28251    ; in units of W M**-2
**(globme)**NET LONG WAVE AT BOTTOM                  Std.Dev.=   54.610030; Glob.Mean=   38.953467    ; in units of W M**-2
**(Model)** timestep 127 at simulation time 0 days and 75600.0 seconds
**(Model)** timestep 128 at simulation time 0 days and 76200.0 seconds
**(Model)** timestep 129 at simulation time 0 days and 76800.0 seconds
**(Model)** timestep 130 at simulation time 0 days and 77400.0 seconds
**(Model)** timestep 131 at simulation time 0 days and 78000.0 seconds
**(Model)** timestep 132 at simulation time 0 days and 78600.0 seconds
**(Model)** timestep 133 at simulation time 0 days and 79200.0 seconds
**(Model)** timestep 134 at simulation time 0 days and 79800.0 seconds
**(Model)** timestep 135 at simulation time 0 days and 80400.0 seconds
**(Model)** timestep 136 at simulation time 0 days and 81000.0 seconds
**(Model)** timestep 137 at simulation time 0 days and 81600.0 seconds
**(Model)** timestep 138 at simulation time 0 days and 82200.0 seconds
**(Model)** timestep 139 at simulation time 0 days and 82800.0 seconds
**(Model)** timestep 140 at simulation time 0 days and 83400.0 seconds
**(Model)** timestep 141 at simulation time 0 days and 84000.0 seconds
**(Model)** timestep 142 at simulation time 0 days and 84600.0 seconds
**(Model)** timestep 143 at simulation time 0 days and 85200.0 seconds
**(Model)** timestep 144 at simulation time 0 days and 85800.0 seconds
**(opnfct)** writes file GFCT04R20111009122011101012F.fct.T126L28 at simulation time
**(opnfct)** 1 days and 0.0 seconds; contains state of the atmosphere at 12Z of 10/10/2011
**(rmsgt)** State of the atmosphere at 12Z of 10/10/2011:
**(rmsgt)** Layers and average means and variances:
**(rmsgt)** LYR  Z.S. DIV.  Z.A. DIV.  Z.S. VOR.  Z.A. VOR.  G.M. TEM.  Z.S. TEM.  Z.A. TEM.  G.M. S.H.  Z.S. S.H.  Z.A. S.H.
**(rmsgt)**  28  8.410D-07  4.610D-06  1.315D-05  2.157D-05   250.50       6.40       5.82    1.680D-06  4.110D-07  1.632D-07
**(rmsgt)**  27  1.893D-06  1.388D-05  1.614D-05  2.092D-05   227.19       3.32       5.61    1.790D-06  7.166D-07  2.017D-07
**(rmsgt)**  26  1.424D-06  1.175D-05  1.484D-05  1.720D-05   221.07       2.53       5.38    1.819D-06  7.965D-07  2.179D-07
**(rmsgt)**  25  1.181D-06  1.040D-05  1.325D-05  1.496D-05   216.79       3.30       5.20    2.002D-06  9.596D-07  2.712D-07
**(rmsgt)**  24  1.170D-06  9.427D-06  1.290D-05  1.350D-05   213.57       4.19       4.80    2.299D-06  1.198D-06  3.293D-07
**(rmsgt)**  23  1.038D-06  9.335D-06  1.077D-05  1.303D-05   210.07       5.69       4.49    2.741D-06  1.370D-06  4.533D-07
**(rmsgt)**  22  1.211D-06  9.177D-06  8.782D-06  1.382D-05   206.24       8.12       4.35    3.196D-06  1.259D-06  6.480D-07
**(rmsgt)**  21  1.527D-06  1.023D-05  8.307D-06  1.766D-05   204.73       9.55       4.10    3.860D-06  1.398D-06  1.721D-06
**(rmsgt)**  20  1.670D-06  1.108D-05  9.338D-06  2.265D-05   207.86       7.55       3.68    6.966D-06  2.565D-06  4.168D-06
**(rmsgt)**  19  2.128D-06  1.088D-05  1.110D-05  2.898D-05   213.26       4.29       3.79    1.699D-05  6.892D-06  1.115D-05
**(rmsgt)**  18  1.842D-06  1.044D-05  1.132D-05  3.555D-05   219.28       4.37       3.67    4.487D-05  2.321D-05  3.222D-05
**(rmsgt)**  17  1.409D-06  8.612D-06  1.056D-05  3.814D-05   226.46       7.26       3.14    1.046D-04  6.179D-05  8.104D-05
**(rmsgt)**  16  1.274D-06  7.747D-06  9.099D-06  3.678D-05   234.83       9.38       3.37    2.086D-04  1.150D-04  1.721D-04
**(rmsgt)**  15  1.019D-06  7.031D-06  7.850D-06  3.330D-05   243.20      10.30       3.84    3.869D-04  2.065D-04  3.211D-04
**(rmsgt)**  14  6.959D-07  6.397D-06  6.771D-06  2.898D-05   251.16      10.73       4.28    6.710D-04  3.591D-04  5.471D-04
**(rmsgt)**  13  5.163D-07  6.004D-06  5.796D-06  2.504D-05   258.09      10.93       4.40    1.055D-03  5.990D-04  8.318D-04
**(rmsgt)**  12  5.928D-07  6.022D-06  5.193D-06  2.219D-05   264.06      11.08       4.62    1.571D-03  9.387D-04  1.166D-03
**(rmsgt)**  11  7.132D-07  6.139D-06  4.780D-06  2.042D-05   268.60      10.91       4.55    2.222D-03  1.361D-03  1.500D-03
**(rmsgt)**  10  8.705D-07  6.439D-06  4.514D-06  1.938D-05   272.52      11.07       4.69    2.979D-03  1.829D-03  1.803D-03
**(rmsgt)**   9  8.243D-07  6.592D-06  4.400D-06  1.882D-05   275.90      11.11       4.70    4.003D-03  2.338D-03  1.961D-03
**(rmsgt)**   8  7.019D-07  6.782D-06  4.479D-06  1.900D-05   278.78      11.35       4.77    5.084D-03  2.788D-03  2.016D-03
**(rmsgt)**   7  7.705D-07  7.117D-06  4.709D-06  1.977D-05   281.34      11.74       4.65    6.093D-03  3.135D-03  2.066D-03
**(rmsgt)**   6  1.010D-06  8.094D-06  5.072D-06  2.109D-05   283.58      12.08       4.59    7.129D-03  3.539D-03  2.182D-03
**(rmsgt)**   5  1.379D-06  9.742D-06  5.378D-06  2.236D-05   285.51      12.44       4.45    8.062D-03  3.978D-03  2.352D-03
**(rmsgt)**   4  1.706D-06  1.141D-05  5.380D-06  2.319D-05   287.28      12.82       4.41    8.839D-03  4.420D-03  2.512D-03
**(rmsgt)**   3  2.002D-06  1.256D-05  5.144D-06  2.293D-05   288.67      13.29       4.44    9.583D-03  4.906D-03  2.638D-03
**(rmsgt)**   2  2.197D-06  1.323D-05  4.595D-06  2.030D-05   289.97      13.65       4.54    1.017D-02  5.215D-03  2.738D-03
**(rmsgt)**   1  2.160D-06  1.307D-05  3.667D-06  1.551D-05   290.65      14.18       4.89    1.065D-02  5.428D-03  2.879D-03
**(rmsgt)** AVE  1.215D-06  8.373D-06  7.672D-06  2.548D-05   252.07      10.09       4.32    2.439D-03  2.011D-03  1.376
**(rmsgt)** Log(surface pressure) mean and variance:
**(rmsgt)**  G.M.LNP.= 4.59    ; Z.S.LNP.=0.436D-01; Z.A.LNP.=0.660D-01
**(wridia)** file also contains diagnostics at 12Z of 10/10/2011:
**(globme)**TOTAL PRECIPITATION                      Std.Dev.=   3.2959996; Glob.Mean=   9.2532685    ; in units of Kg M**-2 Day
**-1
**(globme)**CONVECTIVE PRECIPITATION                 Std.Dev.=   2.5488255; Glob.Mean=   8.8009659    ; in units of Kg M**-2 Day
**-1
**(globme)**SENSIBLE HEAT FLUX FROM SURFACE          Std.Dev.=   30.465624; Glob.Mean=   93.776463    ; in units of W M**-2
**(globme)**LATENT HEAT FLUX FROM SURFACE            Std.Dev.=   95.241062; Glob.Mean=   109.28124    ; in units of W M**-2
**(globme)**OUTGOING LONG WAVE AT TOP                Std.Dev.=   243.90077; Glob.Mean=   52.160955    ; in units of W M**-2
**(globme)**SHORT WAVE ABSORBED AT GROUND            Std.Dev.=   180.62347; Glob.Mean=   256.36426    ; in units of W M**-2
**(globme)**NET LONG WAVE AT BOTTOM                  Std.Dev.=   58.020533; Glob.Mean=   45.410836    ; in units of W M**-2
**(Model)** timestep 145 at simulation time 1 days and 0.0 seconds
**(Model)** timestep 146 at simulation time 1 days and 600.0 seconds
**(Model)** timestep 147 at simulation time 1 days and 1200.0 seconds
**(Model)** timestep 148 at simulation time 1 days and 1800.0 seconds
**(Model)** timestep 149 at simulation time 1 days and 2400.0 seconds
**(Model)** timestep 150 at simulation time 1 days and 3000.0 seconds
**(Model)** timestep 151 at simulation time 1 days and 3600.0 seconds
**(Model)** timestep 152 at simulation time 1 days and 4200.0 seconds
**(Model)** timestep 153 at simulation time 1 days and 4800.0 seconds
**(Model)** timestep 154 at simulation time 1 days and 5400.0 seconds
**(Model)** timestep 155 at simulation time 1 days and 6000.0 seconds
**(Model)** timestep 156 at simulation time 1 days and 6600.0 seconds
**(Model)** timestep 157 at simulation time 1 days and 7200.0 seconds
**(Model)** timestep 158 at simulation time 1 days and 7800.0 seconds
**(Model)** timestep 159 at simulation time 1 days and 8400.0 seconds
**(Model)** timestep 160 at simulation time 1 days and 9000.0 seconds
**(Model)** timestep 161 at simulation time 1 days and 9600.0 seconds
**(Model)** timestep 162 at simulation time 1 days and 10200.0 seconds
**(opnfct)** writes file GFCT04R20111009122011101015F.fct.T126L28 at simulation time
**(opnfct)** 1 days and 10800.0 seconds; contains state of the atmosphere at 15Z of 10/10/2011
**(rmsgt)** State of the atmosphere at 15Z of 10/10/2011:
**(rmsgt)** Layers and average means and variances:
**(rmsgt)** LYR  Z.S. DIV.  Z.A. DIV.  Z.S. VOR.  Z.A. VOR.  G.M. TEM.  Z.S. TEM.  Z.A. TEM.  G.M. S.H.  Z.S. S.H.  Z.A. S.H.
**(rmsgt)**  28  7.912D-07  4.449D-06  1.304D-05  2.157D-05   250.52       6.45       5.82    1.681D-06  4.103D-07  1.639D-07
**(rmsgt)**  27  1.824D-06  1.316D-05  1.623D-05  2.067D-05   227.13       3.39       5.79    1.789D-06  7.162D-07  2.009D-07
**(rmsgt)**  26  1.488D-06  1.190D-05  1.497D-05  1.742D-05   221.04       2.56       5.30    1.821D-06  7.960D-07  2.167D-07
**(rmsgt)**  25  1.486D-06  1.062D-05  1.327D-05  1.488D-05   216.78       3.33       5.13    2.005D-06  9.588D-07  2.709D-07
**(rmsgt)**  24  1.235D-06  9.528D-06  1.271D-05  1.353D-05   213.58       4.18       4.76    2.301D-06  1.198D-06  3.300D-07
**(rmsgt)**  23  1.212D-06  8.957D-06  1.067D-05  1.313D-05   210.10       5.69       4.47    2.741D-06  1.369D-06  4.591D-07
**(rmsgt)**  22  1.225D-06  8.712D-06  8.648D-06  1.385D-05   206.25       8.14       4.29    3.203D-06  1.263D-06  6.915D-07
**(rmsgt)**  21  1.477D-06  1.029D-05  8.253D-06  1.746D-05   204.73       9.58       4.05    3.897D-06  1.432D-06  1.845D-06
**(rmsgt)**  20  1.549D-06  1.126D-05  9.348D-06  2.246D-05   207.87       7.54       3.67    7.086D-06  2.648D-06  4.362D-06
**(rmsgt)**  19  2.117D-06  1.064D-05  1.110D-05  2.871D-05   213.29       4.26       3.78    1.717D-05  6.947D-06  1.140D-05
**(rmsgt)**  18  1.758D-06  9.956D-06  1.148D-05  3.489D-05   219.29       4.38       3.67    4.517D-05  2.360D-05  3.250D-05
**(rmsgt)**  17  1.412D-06  8.600D-06  1.083D-05  3.733D-05   226.45       7.29       3.14    1.046D-04  6.241D-05  8.055D-05
**(rmsgt)**  16  1.107D-06  7.930D-06  9.329D-06  3.602D-05   234.81       9.41       3.35    2.084D-04  1.147D-04  1.691D-04
**(rmsgt)**  15  9.424D-07  7.072D-06  7.949D-06  3.269D-05   243.16      10.34       3.82    3.857D-04  2.049D-04  3.145D-04
**(rmsgt)**  14  7.651D-07  6.403D-06  6.830D-06  2.853D-05   251.13      10.75       4.26    6.703D-04  3.550D-04  5.350D-04
**(rmsgt)**  13  5.681D-07  6.057D-06  5.835D-06  2.472D-05   258.07      10.97       4.39    1.052D-03  5.891D-04  8.140D-04
**(rmsgt)**  12  5.937D-07  6.147D-06  5.212D-06  2.197D-05   264.06      11.11       4.61    1.568D-03  9.241D-04  1.148D-03
**(rmsgt)**  11  6.550D-07  6.211D-06  4.820D-06  2.024D-05   268.58      10.92       4.54    2.215D-03  1.344D-03  1.482D-03
**(rmsgt)**  10  7.411D-07  6.429D-06  4.548D-06  1.919D-05   272.48      11.07       4.69    2.974D-03  1.816D-03  1.791D-03
**(rmsgt)**   9  7.341D-07  6.562D-06  4.405D-06  1.863D-05   275.86      11.11       4.71    4.011D-03  2.337D-03  1.950D-03
**(rmsgt)**   8  5.847D-07  6.747D-06  4.507D-06  1.875D-05   278.77      11.37       4.77    5.101D-03  2.796D-03  2.003D-03
**(rmsgt)**   7  6.587D-07  7.091D-06  4.762D-06  1.951D-05   281.36      11.76       4.67    6.104D-03  3.145D-03  2.069D-03
**(rmsgt)**   6  9.544D-07  8.089D-06  5.139D-06  2.086D-05   283.64      12.13       4.61    7.132D-03  3.548D-03  2.209D-03
**(rmsgt)**   5  1.313D-06  9.578D-06  5.391D-06  2.226D-05   285.59      12.51       4.49    8.062D-03  3.984D-03  2.414D-03
**(rmsgt)**   4  1.598D-06  1.111D-05  5.453D-06  2.332D-05   287.36      12.89       4.45    8.819D-03  4.408D-03  2.585D-03
**(rmsgt)**   3  1.920D-06  1.244D-05  5.244D-06  2.314D-05   288.75      13.38       4.54    9.555D-03  4.882D-03  2.696D-03
**(rmsgt)**   2  2.172D-06  1.327D-05  4.622D-06  2.035D-05   290.03      13.74       4.63    1.016D-02  5.209D-03  2.783D-03
**(rmsgt)**   1  2.133D-06  1.306D-05  3.561D-06  1.516D-05   290.67      14.28       4.96    1.065D-02  5.422D-03  2.929D-03
**(rmsgt)** AVE  1.173D-06  8.325D-06  7.730D-06  2.513D-05   252.07      10.12       4.32    2.439D-03  2.008D-03  1.382
**(rmsgt)** Log(surface pressure) mean and variance:
**(rmsgt)**  G.M.LNP.= 4.59    ; Z.S.LNP.=0.436D-01; Z.A.LNP.=0.659D-01
**(wridia)** file also contains diagnostics at 15Z of 10/10/2011:
**(globme)**TOTAL PRECIPITATION                      Std.Dev.=   3.3828265; Glob.Mean=   9.3368139    ; in units of Kg M**-2 Day
**-1
**(globme)**CONVECTIVE PRECIPITATION                 Std.Dev.=   2.6353552; Glob.Mean=   8.8491503    ; in units of Kg M**-2 Day
**-1
**(globme)**SENSIBLE HEAT FLUX FROM SURFACE          Std.Dev.=   26.270071; Glob.Mean=   82.054772    ; in units of W M**-2
**(globme)**LATENT HEAT FLUX FROM SURFACE            Std.Dev.=   95.357824; Glob.Mean=   107.64007    ; in units of W M**-2
**(globme)**OUTGOING LONG WAVE AT TOP                Std.Dev.=   244.15762; Glob.Mean=   53.162451    ; in units of W M**-2
**(globme)**SHORT WAVE ABSORBED AT GROUND            Std.Dev.=   181.42643; Glob.Mean=   260.68332    ; in units of W M**-2
**(globme)**NET LONG WAVE AT BOTTOM                  Std.Dev.=   58.049622; Glob.Mean=   46.820536    ; in units of W M**-2
**(Model)** timestep 163 at simulation time 1 days and 10800.0 seconds
**(Model)** timestep 164 at simulation time 1 days and 11400.0 seconds
**(Model)** timestep 165 at simulation time 1 days and 12000.0 seconds
**(Model)** timestep 166 at simulation time 1 days and 12600.0 seconds
**(Model)** timestep 167 at simulation time 1 days and 13200.0 seconds
**(Model)** timestep 168 at simulation time 1 days and 13800.0 seconds
**(Model)** timestep 169 at simulation time 1 days and 14400.0 seconds
**(Model)** timestep 170 at simulation time 1 days and 15000.0 seconds
**(Model)** timestep 171 at simulation time 1 days and 15600.0 seconds
**(Model)** timestep 172 at simulation time 1 days and 16200.0 seconds
**(Model)** timestep 173 at simulation time 1 days and 16800.0 seconds
**(Model)** timestep 174 at simulation time 1 days and 17400.0 seconds
**(Model)** timestep 175 at simulation time 1 days and 18000.0 seconds
**(Model)** timestep 176 at simulation time 1 days and 18600.0 seconds
**(Model)** timestep 177 at simulation time 1 days and 19200.0 seconds
**(Model)** timestep 178 at simulation time 1 days and 19800.0 seconds
**(Model)** timestep 179 at simulation time 1 days and 20400.0 seconds
**(Model)** timestep 180 at simulation time 1 days and 21000.0 seconds
**(opnfct)** writes file GFCT04R20111009122011101018F.fct.T126L28 at simulation time
**(opnfct)** 1 days and 21600.0 seconds; contains state of the atmosphere at 18Z of 10/10/2011
**(rmsgt)** State of the atmosphere at 18Z of 10/10/2011:
**(rmsgt)** Layers and average means and variances:
**(rmsgt)** LYR  Z.S. DIV.  Z.A. DIV.  Z.S. VOR.  Z.A. VOR.  G.M. TEM.  Z.S. TEM.  Z.A. TEM.  G.M. S.H.  Z.S. S.H.  Z.A. S.H.
**(rmsgt)**  28  7.432D-07  4.328D-06  1.316D-05  2.164D-05   250.53       6.46       5.73    1.681D-06  4.095D-07  1.639D-07
**(rmsgt)**  27  1.789D-06  1.281D-05  1.608D-05  2.067D-05   227.06       3.46       5.93    1.789D-06  7.173D-07  1.992D-07
**(rmsgt)**  26  1.495D-06  1.149D-05  1.491D-05  1.791D-05   221.01       2.59       5.27    1.823D-06  7.976D-07  2.147D-07
**(rmsgt)**  25  1.741D-06  1.061D-05  1.326D-05  1.499D-05   216.79       3.38       5.07    2.008D-06  9.580D-07  2.732D-07
**(rmsgt)**  24  1.050D-06  9.150D-06  1.270D-05  1.375D-05   213.59       4.18       4.76    2.301D-06  1.197D-06  3.337D-07
**(rmsgt)**  23  1.213D-06  8.615D-06  1.070D-05  1.295D-05   210.13       5.68       4.46    2.740D-06  1.365D-06  4.652D-07
**(rmsgt)**  22  8.148D-07  8.414D-06  8.478D-06  1.370D-05   206.27       8.13       4.31    3.218D-06  1.271D-06  7.695D-07
**(rmsgt)**  21  1.398D-06  9.916D-06  8.153D-06  1.725D-05   204.73       9.58       4.04    3.941D-06  1.464D-06  1.947D-06
**(rmsgt)**  20  1.435D-06  1.132D-05  9.315D-06  2.215D-05   207.87       7.52       3.69    7.182D-06  2.670D-06  4.441D-06
**(rmsgt)**  19  1.920D-06  1.089D-05  1.114D-05  2.841D-05   213.31       4.24       3.77    1.730D-05  6.965D-06  1.151D-05
**(rmsgt)**  18  1.820D-06  9.914D-06  1.163D-05  3.416D-05   219.31       4.38       3.65    4.544D-05  2.387D-05  3.281D-05
**(rmsgt)**  17  1.251D-06  8.583D-06  1.091D-05  3.651D-05   226.45       7.31       3.13    1.048D-04  6.286D-05  8.088D-05
**(rmsgt)**  16  1.132D-06  8.164D-06  9.455D-06  3.541D-05   234.79       9.44       3.33    2.087D-04  1.138D-04  1.684D-04
**(rmsgt)**  15  9.960D-07  7.130D-06  8.031D-06  3.229D-05   243.13      10.37       3.81    3.855D-04  2.025D-04  3.120D-04
**(rmsgt)**  14  7.992D-07  6.522D-06  6.928D-06  2.826D-05   251.11      10.77       4.27    6.705D-04  3.486D-04  5.295D-04
**(rmsgt)**  13  6.530D-07  6.003D-06  5.888D-06  2.449D-05   258.06      10.99       4.40    1.049D-03  5.748D-04  8.033D-04
**(rmsgt)**  12  6.281D-07  6.065D-06  5.217D-06  2.180D-05   264.06      11.13       4.62    1.564D-03  9.062D-04  1.131D-03
**(rmsgt)**  11  6.310D-07  6.114D-06  4.841D-06  2.010D-05   268.56      10.92       4.55    2.211D-03  1.329D-03  1.465D-03
**(rmsgt)**  10  6.318D-07  6.361D-06  4.560D-06  1.908D-05   272.44      11.07       4.69    2.965D-03  1.802D-03  1.781D-03
**(rmsgt)**   9  5.948D-07  6.303D-06  4.453D-06  1.853D-05   275.83      11.12       4.72    4.009D-03  2.330D-03  1.944D-03
**(rmsgt)**   8  4.794D-07  6.486D-06  4.575D-06  1.862D-05   278.76      11.38       4.77    5.101D-03  2.794D-03  2.016D-03
**(rmsgt)**   7  6.673D-07  6.961D-06  4.854D-06  1.932D-05   281.38      11.77       4.66    6.108D-03  3.146D-03  2.098D-03
**(rmsgt)**   6  1.011D-06  8.185D-06  5.215D-06  2.069D-05   283.67      12.14       4.59    7.145D-03  3.554D-03  2.260D-03
**(rmsgt)**   5  1.396D-06  9.868D-06  5.465D-06  2.220D-05   285.62      12.53       4.49    8.058D-03  3.983D-03  2.462D-03
**(rmsgt)**   4  1.696D-06  1.165D-05  5.501D-06  2.336D-05   287.37      12.90       4.45    8.804D-03  4.394D-03  2.621D-03
**(rmsgt)**   3  1.902D-06  1.318D-05  5.247D-06  2.324D-05   288.73      13.38       4.53    9.540D-03  4.861D-03  2.710D-03
**(rmsgt)**   2  2.106D-06  1.397D-05  4.569D-06  2.032D-05   289.99      13.71       4.61    1.017D-02  5.205D-03  2.773D-03
**(rmsgt)**   1  2.100D-06  1.362D-05  3.472D-06  1.487D-05   290.53      14.19       4.95    1.067D-02  5.433D-03  2.908D-03
**(rmsgt)** AVE  1.143D-06  8.359D-06  7.770D-06  2.484D-05   252.06      10.13       4.32    2.438D-03  2.004D-03  1.388
**(rmsgt)** Log(surface pressure) mean and variance:
**(rmsgt)**  G.M.LNP.= 4.59    ; Z.S.LNP.=0.437D-01; Z.A.LNP.=0.659D-01
**(wridia)** file also contains diagnostics at 18Z of 10/10/2011:
**(globme)**TOTAL PRECIPITATION                      Std.Dev.=   3.4161203; Glob.Mean=   9.5630376    ; in units of Kg M**-2 Day
**-1
**(globme)**CONVECTIVE PRECIPITATION                 Std.Dev.=   2.6635240; Glob.Mean=   9.0978618    ; in units of Kg M**-2 Day
**-1
**(globme)**SENSIBLE HEAT FLUX FROM SURFACE          Std.Dev.=   18.563901; Glob.Mean=   75.002868    ; in units of W M**-2
**(globme)**LATENT HEAT FLUX FROM SURFACE            Std.Dev.=   94.012189; Glob.Mean=   107.76905    ; in units of W M**-2
**(globme)**OUTGOING LONG WAVE AT TOP                Std.Dev.=   242.15846; Glob.Mean=   52.657613    ; in units of W M**-2
**(globme)**SHORT WAVE ABSORBED AT GROUND            Std.Dev.=   179.51901; Glob.Mean=   253.28891    ; in units of W M**-2
**(globme)**NET LONG WAVE AT BOTTOM                  Std.Dev.=   55.693642; Glob.Mean=   41.440068    ; in units of W M**-2
**(Model)** timestep 181 at simulation time 1 days and 21600.0 seconds
**(Model)** timestep 182 at simulation time 1 days and 22200.0 seconds
**(Model)** timestep 183 at simulation time 1 days and 22800.0 seconds
**(Model)** timestep 184 at simulation time 1 days and 23400.0 seconds
**(Model)** timestep 185 at simulation time 1 days and 24000.0 seconds
**(Model)** timestep 186 at simulation time 1 days and 24600.0 seconds
**(Model)** timestep 187 at simulation time 1 days and 25200.0 seconds
**(Model)** timestep 188 at simulation time 1 days and 25800.0 seconds
**(Model)** timestep 189 at simulation time 1 days and 26400.0 seconds
**(Model)** timestep 190 at simulation time 1 days and 27000.0 seconds
**(Model)** timestep 191 at simulation time 1 days and 27600.0 seconds
**(Model)** timestep 192 at simulation time 1 days and 28200.0 seconds
**(Model)** timestep 193 at simulation time 1 days and 28800.0 seconds
**(Model)** timestep 194 at simulation time 1 days and 29400.0 seconds
**(Model)** timestep 195 at simulation time 1 days and 30000.0 seconds
**(Model)** timestep 196 at simulation time 1 days and 30600.0 seconds
**(Model)** timestep 197 at simulation time 1 days and 31200.0 seconds
**(Model)** timestep 198 at simulation time 1 days and 31800.0 seconds
**(opnfct)** writes file GFCT04R20111009122011101021F.fct.T126L28 at simulation time
**(opnfct)** 1 days and 32400.0 seconds; contains state of the atmosphere at 21Z of 10/10/2011
**(rmsgt)** State of the atmosphere at 21Z of 10/10/2011:
**(rmsgt)** Layers and average means and variances:
**(rmsgt)** LYR  Z.S. DIV.  Z.A. DIV.  Z.S. VOR.  Z.A. VOR.  G.M. TEM.  Z.S. TEM.  Z.A. TEM.  G.M. S.H.  Z.S. S.H.  Z.A. S.H.
**(rmsgt)**  28  8.220D-07  4.128D-06  1.320D-05  2.167D-05   250.54       6.48       5.67    1.682D-06  4.092D-07  1.641D-07
**(rmsgt)**  27  1.604D-06  1.284D-05  1.607D-05  2.063D-05   226.96       3.45       5.94    1.790D-06  7.166D-07  1.982D-07
**(rmsgt)**  26  1.731D-06  1.126D-05  1.497D-05  1.786D-05   220.98       2.55       5.19    1.825D-06  7.990D-07  2.135D-07
**(rmsgt)**  25  1.437D-06  1.050D-05  1.319D-05  1.536D-05   216.78       3.37       5.01    2.009D-06  9.591D-07  2.744D-07
**(rmsgt)**  24  1.252D-06  9.035D-06  1.269D-05  1.385D-05   213.62       4.12       4.77    2.300D-06  1.196D-06  3.350D-07
**(rmsgt)**  23  1.122D-06  8.513D-06  1.081D-05  1.292D-05   210.16       5.63       4.47    2.739D-06  1.360D-06  4.700D-07
**(rmsgt)**  22  1.069D-06  8.286D-06  8.485D-06  1.374D-05   206.29       8.09       4.35    3.234D-06  1.281D-06  8.226D-07
**(rmsgt)**  21  1.362D-06  9.656D-06  8.176D-06  1.714D-05   204.75       9.56       4.04    3.976D-06  1.486D-06  1.978D-06
**(rmsgt)**  20  1.361D-06  1.145D-05  9.427D-06  2.198D-05   207.88       7.50       3.68    7.284D-06  2.694D-06  4.472D-06
**(rmsgt)**  19  1.717D-06  1.092D-05  1.125D-05  2.808D-05   213.33       4.21       3.75    1.760D-05  7.155D-06  1.180D-05
**(rmsgt)**  18  1.744D-06  9.856D-06  1.181D-05  3.352D-05   219.32       4.38       3.63    4.597D-05  2.441D-05  3.355D-05
**(rmsgt)**  17  1.186D-06  8.601D-06  1.091D-05  3.570D-05   226.43       7.32       3.11    1.053D-04  6.342D-05  8.217D-05
**(rmsgt)**  16  1.224D-06  8.170D-06  9.524D-06  3.483D-05   234.75       9.47       3.32    2.098D-04  1.136D-04  1.685D-04
**(rmsgt)**  15  1.066D-06  7.366D-06  8.106D-06  3.197D-05   243.08      10.39       3.81    3.870D-04  2.016D-04  3.120D-04
**(rmsgt)**  14  8.911D-07  6.713D-06  6.956D-06  2.801D-05   251.08      10.77       4.28    6.724D-04  3.453D-04  5.268D-04
**(rmsgt)**  13  6.886D-07  6.131D-06  5.900D-06  2.427D-05   258.03      11.00       4.41    1.049D-03  5.656D-04  7.981D-04
**(rmsgt)**  12  6.087D-07  6.017D-06  5.235D-06  2.165D-05   264.06      11.14       4.64    1.562D-03  8.942D-04  1.124D-03
**(rmsgt)**  11  6.369D-07  5.963D-06  4.855D-06  1.999D-05   268.53      10.91       4.56    2.207D-03  1.319D-03  1.451D-03
**(rmsgt)**  10  6.358D-07  6.136D-06  4.563D-06  1.897D-05   272.39      11.05       4.71    2.958D-03  1.793D-03  1.771D-03
**(rmsgt)**   9  6.446D-07  6.364D-06  4.476D-06  1.845D-05   275.79      11.10       4.73    4.013D-03  2.328D-03  1.944D-03
**(rmsgt)**   8  6.239D-07  6.586D-06  4.606D-06  1.856D-05   278.74      11.38       4.76    5.097D-03  2.789D-03  2.030D-03
**(rmsgt)**   7  8.515D-07  7.048D-06  4.887D-06  1.931D-05   281.37      11.76       4.65    6.106D-03  3.142D-03  2.127D-03
**(rmsgt)**   6  1.196D-06  8.030D-06  5.228D-06  2.066D-05   283.66      12.13       4.58    7.139D-03  3.553D-03  2.291D-03
**(rmsgt)**   5  1.552D-06  9.547D-06  5.446D-06  2.225D-05   285.59      12.51       4.50    8.049D-03  3.975D-03  2.484D-03
**(rmsgt)**   4  1.798D-06  1.134D-05  5.467D-06  2.351D-05   287.32      12.87       4.46    8.785D-03  4.376D-03  2.642D-03
**(rmsgt)**   3  1.949D-06  1.278D-05  5.215D-06  2.341D-05   288.65      13.29       4.54    9.534D-03  4.859D-03  2.712D-03
**(rmsgt)**   2  2.138D-06  1.344D-05  4.520D-06  2.038D-05   289.86      13.61       4.63    1.018D-02  5.225D-03  2.751D-03
**(rmsgt)**   1  2.125D-06  1.318D-05  3.415D-06  1.490D-05   290.20      13.98       5.08    1.072D-02  5.482D-03  2.880D-03
**(rmsgt)** AVE  1.163D-06  8.304D-06  7.811D-06  2.460D-05   252.03      10.12       4.32    2.437D-03  2.003D-03  1.391
**(rmsgt)** Log(surface pressure) mean and variance:
**(rmsgt)**  G.M.LNP.= 4.59    ; Z.S.LNP.=0.437D-01; Z.A.LNP.=0.659D-01
**(wridia)** file also contains diagnostics at 21Z of 10/10/2011:
**(globme)**TOTAL PRECIPITATION                      Std.Dev.=   3.2324636; Glob.Mean=   9.1474225    ; in units of Kg M**-2 Day
**-1
**(globme)**CONVECTIVE PRECIPITATION                 Std.Dev.=   2.4584567; Glob.Mean=   8.6511976    ; in units of Kg M**-2 Day
**-1
**(globme)**SENSIBLE HEAT FLUX FROM SURFACE          Std.Dev.=   11.823266; Glob.Mean=   58.449526    ; in units of W M**-2
**(globme)**LATENT HEAT FLUX FROM SURFACE            Std.Dev.=   89.386606; Glob.Mean=   103.34659    ; in units of W M**-2
**(globme)**OUTGOING LONG WAVE AT TOP                Std.Dev.=   241.76584; Glob.Mean=   51.591607    ; in units of W M**-2
**(globme)**SHORT WAVE ABSORBED AT GROUND            Std.Dev.=   183.20227; Glob.Mean=   265.41498    ; in units of W M**-2
**(globme)**NET LONG WAVE AT BOTTOM                  Std.Dev.=   53.645987; Glob.Mean=   37.067055    ; in units of W M**-2
**(Model)** timestep 199 at simulation time 1 days and 32400.0 seconds
**(Model)** timestep 200 at simulation time 1 days and 33000.0 seconds
**(Model)** timestep 201 at simulation time 1 days and 33600.0 seconds
**(Model)** timestep 202 at simulation time 1 days and 34200.0 seconds
**(Model)** timestep 203 at simulation time 1 days and 34800.0 seconds
**(Model)** timestep 204 at simulation time 1 days and 35400.0 seconds
**(Model)** timestep 205 at simulation time 1 days and 36000.0 seconds
**(Model)** timestep 206 at simulation time 1 days and 36600.0 seconds
**(Model)** timestep 207 at simulation time 1 days and 37200.0 seconds
**(Model)** timestep 208 at simulation time 1 days and 37800.0 seconds
**(Model)** timestep 209 at simulation time 1 days and 38400.0 seconds
**(Model)** timestep 210 at simulation time 1 days and 39000.0 seconds
**(Model)** timestep 211 at simulation time 1 days and 39600.0 seconds
**(Model)** timestep 212 at simulation time 1 days and 40200.0 seconds
**(Model)** timestep 213 at simulation time 1 days and 40800.0 seconds
**(Model)** timestep 214 at simulation time 1 days and 41400.0 seconds
**(Model)** timestep 215 at simulation time 1 days and 42000.0 seconds
**(Model)** timestep 216 at simulation time 1 days and 42600.0 seconds
**(opnfct)** writes file GFCT04R20111009122011101100F.fct.T126L28 at simulation time
**(opnfct)** 1 days and 43200.0 seconds; contains state of the atmosphere at 00Z of 11/10/2011
**(rmsgt)** State of the atmosphere at 00Z of 11/10/2011:
**(rmsgt)** Layers and average means and variances:
**(rmsgt)** LYR  Z.S. DIV.  Z.A. DIV.  Z.S. VOR.  Z.A. VOR.  G.M. TEM.  Z.S. TEM.  Z.A. TEM.  G.M. S.H.  Z.S. S.H.  Z.A. S.H.
**(rmsgt)**  28  6.525D-07  4.079D-06  1.321D-05  2.156D-05   250.54       6.51       5.64    1.683D-06  4.092D-07  1.641D-07
**(rmsgt)**  27  1.987D-06  1.299D-05  1.609D-05  2.071D-05   226.89       3.46       6.07    1.792D-06  7.141D-07  1.984D-07
**(rmsgt)**  26  1.510D-06  1.140D-05  1.494D-05  1.798D-05   220.93       2.49       5.19    1.827D-06  7.993D-07  2.126D-07
**(rmsgt)**  25  1.202D-06  1.036D-05  1.323D-05  1.560D-05   216.78       3.40       4.99    2.010D-06  9.601D-07  2.753D-07
**(rmsgt)**  24  9.395D-07  9.102D-06  1.272D-05  1.390D-05   213.67       4.09       4.74    2.299D-06  1.195D-06  3.374D-07
**(rmsgt)**  23  1.260D-06  8.455D-06  1.081D-05  1.292D-05   210.20       5.57       4.45    2.739D-06  1.355D-06  4.721D-07
**(rmsgt)**  22  1.139D-06  8.352D-06  8.511D-06  1.397D-05   206.30       8.06       4.34    3.248D-06  1.291D-06  8.497D-07
**(rmsgt)**  21  1.478D-06  9.752D-06  8.168D-06  1.727D-05   204.75       9.54       4.04    4.009D-06  1.496D-06  1.975D-06
**(rmsgt)**  20  1.470D-06  1.135D-05  9.555D-06  2.219D-05   207.89       7.48       3.68    7.382D-06  2.742D-06  4.538D-06
**(rmsgt)**  19  1.626D-06  1.081D-05  1.136D-05  2.790D-05   213.34       4.20       3.73    1.791D-05  7.378D-06  1.222D-05
**(rmsgt)**  18  1.558D-06  9.690D-06  1.192D-05  3.304D-05   219.33       4.39       3.60    4.647D-05  2.480D-05  3.442D-05
**(rmsgt)**  17  1.338D-06  8.560D-06  1.094D-05  3.505D-05   226.41       7.34       3.09    1.057D-04  6.372D-05  8.326D-05
**(rmsgt)**  16  1.133D-06  8.050D-06  9.605D-06  3.438D-05   234.71       9.48       3.31    2.107D-04  1.135D-04  1.677D-04
**(rmsgt)**  15  1.029D-06  7.394D-06  8.193D-06  3.165D-05   243.03      10.41       3.80    3.888D-04  2.007D-04  3.105D-04
**(rmsgt)**  14  8.897D-07  6.722D-06  6.969D-06  2.774D-05   251.04      10.76       4.29    6.756D-04  3.438D-04  5.230D-04
**(rmsgt)**  13  6.799D-07  6.238D-06  5.865D-06  2.412D-05   258.00      10.99       4.42    1.052D-03  5.599D-04  7.948D-04
**(rmsgt)**  12  5.862D-07  6.156D-06  5.208D-06  2.154D-05   264.03      11.13       4.65    1.563D-03  8.851D-04  1.121D-03
**(rmsgt)**  11  6.549D-07  6.234D-06  4.826D-06  1.993D-05   268.49      10.89       4.57    2.204D-03  1.308D-03  1.446D-03
**(rmsgt)**  10  6.738D-07  6.460D-06  4.551D-06  1.888D-05   272.33      11.03       4.71    2.953D-03  1.785D-03  1.768D-03
**(rmsgt)**   9  6.493D-07  6.497D-06  4.458D-06  1.833D-05   275.73      11.08       4.74    4.012D-03  2.323D-03  1.947D-03
**(rmsgt)**   8  5.701D-07  6.598D-06  4.595D-06  1.848D-05   278.69      11.38       4.76    5.089D-03  2.781D-03  2.039D-03
**(rmsgt)**   7  7.995D-07  6.993D-06  4.879D-06  1.927D-05   281.32      11.75       4.65    6.094D-03  3.134D-03  2.145D-03
**(rmsgt)**   6  1.160D-06  7.869D-06  5.221D-06  2.059D-05   283.60      12.10       4.59    7.122D-03  3.544D-03  2.314D-03
**(rmsgt)**   5  1.508D-06  9.099D-06  5.470D-06  2.224D-05   285.51      12.46       4.52    8.025D-03  3.965D-03  2.504D-03
**(rmsgt)**   4  1.737D-06  1.064D-05  5.503D-06  2.345D-05   287.20      12.80       4.48    8.774D-03  4.367D-03  2.647D-03
**(rmsgt)**   3  1.929D-06  1.195D-05  5.237D-06  2.329D-05   288.47      13.20       4.59    9.539D-03  4.867D-03  2.703D-03
**(rmsgt)**   2  2.136D-06  1.243D-05  4.497D-06  2.012D-05   289.65      13.50       4.66    1.020D-02  5.256D-03  2.727D-03
**(rmsgt)**   1  2.100D-06  1.202D-05  3.375D-06  1.459D-05   289.93      13.82       5.14    1.075D-02  5.525D-03  2.865D-03
**(rmsgt)** AVE  1.145D-06  8.217D-06  7.841D-06  2.440D-05   251.99      10.10       4.33    2.435D-03  2.001D-03  1.393
**(rmsgt)** Log(surface pressure) mean and variance:
**(rmsgt)**  G.M.LNP.= 4.59    ; Z.S.LNP.=0.438D-01; Z.A.LNP.=0.658D-01
**(wridia)** file also contains diagnostics at 00Z of 11/10/2011:
**(globme)**TOTAL PRECIPITATION                      Std.Dev.=   3.0725953; Glob.Mean=   8.5730828    ; in units of Kg M**-2 Day
**-1
**(globme)**CONVECTIVE PRECIPITATION                 Std.Dev.=   2.2496810; Glob.Mean=   7.9849809    ; in units of Kg M**-2 Day
**-1
**(globme)**SENSIBLE HEAT FLUX FROM SURFACE          Std.Dev.=   4.7144379; Glob.Mean=   33.961919    ; in units of W M**-2
**(globme)**LATENT HEAT FLUX FROM SURFACE            Std.Dev.=   84.410266; Glob.Mean=   98.378373    ; in units of W M**-2
**(globme)**OUTGOING LONG WAVE AT TOP                Std.Dev.=   241.71315; Glob.Mean=   50.467485    ; in units of W M**-2
**(globme)**SHORT WAVE ABSORBED AT GROUND            Std.Dev.=   184.34086; Glob.Mean=   266.22829    ; in units of W M**-2
**(globme)**NET LONG WAVE AT BOTTOM                  Std.Dev.=   51.832028; Glob.Mean=   34.476039    ; in units of W M**-2
**(DestroyParallelism)** Process 0 ***MODEL EXECUTION ENDS NORMALY***

MPI Program Information:
========================
Note: It is measured from MPI_Init till MPI_Finalize.
      [U,R] specifies the Universe and the Process Rank in the Universe.

 * The  /gfs/dk22/modoper/tempo/global/oens/model/datain/desirtable file exists*
 SST:  IFSST=-1  MAX,MIN=  290.00     -303.12    

 From Nlnmi :
 n =   1 HnCut =  1000.00 Hn =  9766.75
 n =   2 HnCut =  1000.00 Hn =  4582.61
 n =   3 HnCut =  1000.00 Hn =  1601.91

 mods =   3 niter =   3

Global Data of 2 processes  :          Min [U,R]          Max [U,R]      Average
==========================

Real   Time (sec)           :      411.621 [0,1]      411.643 [0,0]      411.632
User   Time (sec)           :      331.403 [0,0]      356.680 [0,1]      344.042
System Time (sec)           :        7.737 [0,1]       15.784 [0,0]       11.761
Vector Time (sec)           :      285.266 [0,0]      309.670 [0,1]      297.468
Instruction Count           :  32290386653 [0,1]  32986350880 [0,0]  32638368767
Vector Instruction Count    :  10340784269 [0,0]  10675001899 [0,1]  10507893084
Vector Element Count        : 1959380397527 [0,0] 1988324852621 [0,1] 1973852625074
FLOP Count                  : 855525404246 [0,0] 868592378333 [0,1] 862058891290
MOPS                        :     5635.130 [0,1]     5980.717 [0,0]     5807.924
MFLOPS                      :     2435.212 [0,1]     2581.528 [0,0]     2508.370
Average Vector Length       :      186.260 [0,1]      189.481 [0,0]      187.870
Vector Operation Ratio (%)  :       98.857 [0,0]       98.925 [0,1]       98.891
Memory size used (MB)       :      901.338 [0,0]      901.994 [0,1]      901.666
MIPS                        :       90.530 [0,1]       99.536 [0,0]       95.033
Instruction Cache miss (sec):       10.182 [0,0]       10.277 [0,1]       10.230
Operand     Cache miss (sec):        6.214 [0,0]        6.228 [0,1]        6.221
Bank     Conflict Time (sec):        2.436 [0,0]        3.148 [0,1]        2.792


Overall Data:
=============

Real   Time (sec)           :      411.643
User   Time (sec)           :      688.083
System Time (sec)           :       23.521
Vector Time (sec)           :      594.936
GOPS   (rel. to User Time)  :       11.603
GFLOPS (rel. to User Time)  :        5.011
Memory size used (GB)       :        1.761

logout
