stty: : Invalid argument
vt100
resize:  can't open terminal /dev/tty
======================================
Welcome to tupan11: SUPER-UX 14.1 SX-6
Today is Sun Oct  9 16:08:29 GMT 2011
======================================
RODANDO MPI
MPI/SX: command Version 7.2.1 (25. June 2007): Copyright (c) NEC Corporation 1996-2007
MPI/SX: daemon  Version 7.2.4 (21. August 2008): Copyright (c) NEC Corporation 1996-2008

Values of significant variables used by MPI/SX:
-----------------------------------------------

  DISPLAY         = 
  MPICOLLORDER    = OFF
  MPICOMMINF      = NO
  MPIMULTITASKMIX = OFF
  MPIPROGINF      = DETAIL
  MPISUSPEND      = OFF
  MPIVERSION      = ON

Derived and further values:
---------------------------

  Wait method              : Busy waiting
  Global memory            : SX Global Memory

/usr/lib/mpi/mpid: Creating 2 processes of '/gfs/home3/modoper/tempo/global/oens/run/mpisep02R.sh' on local host tupan11
+ exec + exec /gfs/home3/modoper/tempo/global/oens/model/exec/ParModel_MPI 
/gfs/home3/modoper/tempo/global/oens/model/exec/ParModel_MPI 
MPI/SX: library Version 6.7.18 (20. April 2004): Copyright (c) NEC Corporation 1997-2004
**(CreateParallelism)** Process 0 (tupan11) among 2 processes with 1 threads is alive
 * The  /gfs/dk22/modoper/tempo/global/oens/model/datain/desirtable file exists*
**(DumpOptions)**
**(DumpOptions)** model T126L28 runs from 12Z 09/10/2011 to 00Z 11/10/2011 with initial state from 12Z 09/10/2011
**(DumpOptions)** model executes 216 timesteps of length 600 seconds
**(DumpOptions)** model dynamics configuration is  Eulerian, Gaussian and Quadratic Grid
**(DumpOptions)** input file name is /gfs/dk22/modoper/tempo/global/oens/model/datain/GANL02R2011100912S.unf.T126L28
**(DumpOptions)** output file directory is /gfs/dk22/modoper/tempo/global/oens/model/dataout/T126L28
**(DumpOptions)** model physics configuration:
**(DumpOptions)**    Shortwave Radiation is Lacis & Hansen
**(DumpOptions)**    Longwave Radiation is Harshvardhan
**(DumpOptions)**    Using a single global value for co2 concentration,
**(DumpOptions)**    with constant concentration of 0.3700000E+03 ppvm
**(DumpOptions)**    Using old 4-month zonally averaged climatology
**(DumpOptions)**    Deep Convection is KUO
**(DumpOptions)**    Shallow Convection is Tiedke
**(DumpOptions)**
 SST:  IFSST=-1  MAX,MIN=  290.00     -306.21    
**(opnfct)** writes file GFCT02R20111009122011100912F.icn.T126L28 at simulation time
**(opnfct)** 0 days and 0.0 seconds; contains state of the atmosphere at 12Z of 09/10/2011
**(rmsgt)** State of the atmosphere at 12Z of 09/10/2011:
**(rmsgt)** Layers and average means and variances:
**(rmsgt)** LYR  Z.S. DIV.  Z.A. DIV.  Z.S. VOR.  Z.A. VOR.  G.M. TEM.  Z.S. TEM.  Z.A. TEM.  G.M. S.H.  Z.S. S.H.  Z.A. S.H.
**(rmsgt)**  28  2.162D-06  2.591D-05  1.251D-05  2.922D-05   250.37       6.69       5.69    1.675D-06  4.163D-07  1.612D-07
**(rmsgt)**  27  1.722D-06  2.071D-05  1.610D-05  2.551D-05   228.06       3.41       4.23    1.788D-06  7.170D-07  2.094D-07
**(rmsgt)**  26  1.590D-06  1.876D-05  1.485D-05  2.221D-05   221.52       2.66       4.93    1.818D-06  8.036D-07  2.316D-07
**(rmsgt)**  25  1.188D-06  1.809D-05  1.329D-05  2.098D-05   216.86       3.76       4.87    1.992D-06  9.610D-07  2.890D-07
**(rmsgt)**  24  1.598D-06  1.952D-05  1.312D-05  2.123D-05   213.28       4.63       4.51    2.286D-06  1.201D-06  3.441D-07
**(rmsgt)**  23  1.220D-06  1.834D-05  1.090D-05  2.096D-05   209.79       5.92       4.31    2.735D-06  1.376D-06  4.507D-07
**(rmsgt)**  22  1.417D-06  1.869D-05  8.498D-06  2.192D-05   206.09       8.08       4.20    3.160D-06  1.289D-06  5.032D-07
**(rmsgt)**  21  1.519D-06  2.019D-05  8.038D-06  2.488D-05   204.46       9.52       4.06    3.528D-06  1.170D-06  8.350D-07
**(rmsgt)**  20  1.709D-06  2.237D-05  8.619D-06  3.082D-05   207.58       7.63       3.67    5.861D-06  1.750D-06  1.724D-06
**(rmsgt)**  19  2.258D-06  2.289D-05  1.026D-05  3.886D-05   213.07       4.49       3.66    1.451D-05  5.606D-06  5.078D-06
**(rmsgt)**  18  2.217D-06  2.313D-05  1.084D-05  4.776D-05   219.15       4.36       3.64    3.828D-05  2.209D-05  1.950D-05
**(rmsgt)**  17  2.090D-06  2.255D-05  1.060D-05  5.644D-05   226.50       7.27       3.03    9.308D-05  6.331D-05  6.933D-05
**(rmsgt)**  16  1.851D-06  2.163D-05  9.586D-06  5.806D-05   234.98       9.28       3.20    1.966D-04  1.324D-04  1.848D-04
**(rmsgt)**  15  1.758D-06  2.066D-05  8.724D-06  5.402D-05   243.62      10.20       3.69    3.792D-04  2.418D-04  3.847D-04
**(rmsgt)**  14  1.574D-06  1.962D-05  8.142D-06  4.772D-05   251.49      10.56       4.06    6.705D-04  4.180D-04  6.777D-04
**(rmsgt)**  13  1.588D-06  1.936D-05  7.076D-06  4.199D-05   258.31      10.68       4.26    1.074D-03  7.056D-04  1.016D-03
**(rmsgt)**  12  1.383D-06  1.895D-05  6.264D-06  3.768D-05   264.14      10.78       4.39    1.610D-03  1.082D-03  1.368D-03
**(rmsgt)**  11  1.333D-06  1.895D-05  5.744D-06  3.532D-05   269.05      10.93       4.50    2.310D-03  1.539D-03  1.712D-03
**(rmsgt)**  10  1.216D-06  1.888D-05  5.357D-06  3.431D-05   273.15      11.12       4.55    3.112D-03  1.999D-03  1.967D-03
**(rmsgt)**   9  1.258D-06  1.862D-05  5.288D-06  3.420D-05   276.61      11.27       4.57    4.067D-03  2.459D-03  2.128D-03
**(rmsgt)**   8  1.396D-06  1.823D-05  5.416D-06  3.463D-05   279.48      11.47       4.65    5.083D-03  2.844D-03  2.231D-03
**(rmsgt)**   7  1.560D-06  1.826D-05  5.708D-06  3.561D-05   281.65      11.61       4.75    6.150D-03  3.202D-03  2.209D-03
**(rmsgt)**   6  1.614D-06  1.846D-05  6.054D-06  3.685D-05   283.46      11.78       4.78    7.144D-03  3.603D-03  2.228D-03
**(rmsgt)**   5  1.781D-06  1.953D-05  6.314D-06  3.829D-05   285.15      12.06       4.71    7.974D-03  4.035D-03  2.312D-03
**(rmsgt)**   4  2.138D-06  2.073D-05  6.450D-06  3.854D-05   286.73      12.53       4.62    8.530D-03  4.326D-03  2.379D-03
**(rmsgt)**   3  2.475D-06  2.208D-05  6.147D-06  3.705D-05   288.06      13.16       4.62    8.867D-03  4.471D-03  2.443D-03
**(rmsgt)**   2  2.750D-06  2.217D-05  5.517D-06  3.443D-05   289.23      13.59       4.64    9.106D-03  4.572D-03  2.504D-03
**(rmsgt)**   1  2.550D-06  2.165D-05  4.968D-06  3.124D-05   290.13      13.90       4.68    9.347D-03  4.684D-03  2.562D-03
**(rmsgt)** AVE  1.709D-06  2.016D-05  8.106D-06  4.066D-05   252.21      10.01       4.23    2.407D-03  1.991D-03  1.441
**(rmsgt)** Log(surface pressure) mean and variance:
**(rmsgt)**  G.M.LNP.= 4.59    ; Z.S.LNP.=0.427D-01; Z.A.LNP.=0.657D-01

 From Nlnmi :
 n =   1 HnCut =  1000.00 Hn =  9766.75
 n =   2 HnCut =  1000.00 Hn =  4582.61
 n =   3 HnCut =  1000.00 Hn =  1601.91

 mods =   3 niter =   3

**(opnfct)** writes file GFCT02R20111009122011100912F.inz.T126L28 at simulation time
**(opnfct)** 0 days and 0.0 seconds; contains state of the atmosphere at 12Z of 09/10/2011
**(rmsgt)** State of the atmosphere at 12Z of 09/10/2011:
**(rmsgt)** Layers and average means and variances:
**(rmsgt)** LYR  Z.S. DIV.  Z.A. DIV.  Z.S. VOR.  Z.A. VOR.  G.M. TEM.  Z.S. TEM.  Z.A. TEM.  G.M. S.H.  Z.S. S.H.  Z.A. S.H.
**(rmsgt)**  28  6.587D-07  8.262D-06  1.315D-05  2.918D-05   250.37       6.69       5.67    1.675D-06  4.163D-07  1.612D-07
**(rmsgt)**  27  1.598D-06  2.040D-05  1.622D-05  2.556D-05   228.06       3.25       5.24    1.788D-06  7.170D-07  2.094D-07
**(rmsgt)**  26  1.421D-06  1.855D-05  1.478D-05  2.233D-05   221.52       2.46       5.08    1.818D-06  8.036D-07  2.316D-07
**(rmsgt)**  25  1.274D-06  1.742D-05  1.323D-05  2.108D-05   216.86       3.64       4.92    1.992D-06  9.610D-07  2.890D-07
**(rmsgt)**  24  1.480D-06  1.847D-05  1.309D-05  2.127D-05   213.28       4.59       4.58    2.286D-06  1.201D-06  3.441D-07
**(rmsgt)**  23  1.288D-06  1.785D-05  1.089D-05  2.097D-05   209.79       5.90       4.36    2.735D-06  1.376D-06  4.507D-07
**(rmsgt)**  22  1.399D-06  1.844D-05  8.481D-06  2.193D-05   206.09       8.07       4.33    3.160D-06  1.289D-06  5.032D-07
**(rmsgt)**  21  1.508D-06  2.003D-05  8.013D-06  2.489D-05   204.46       9.51       4.10    3.528D-06  1.170D-06  8.350D-07
**(rmsgt)**  20  1.739D-06  2.224D-05  8.606D-06  3.081D-05   207.58       7.62       3.72    5.861D-06  1.750D-06  1.724D-06
**(rmsgt)**  19  2.243D-06  2.278D-05  1.025D-05  3.886D-05   213.07       4.49       3.66    1.451D-05  5.606D-06  5.078D-06
**(rmsgt)**  18  2.193D-06  2.292D-05  1.083D-05  4.776D-05   219.15       4.38       3.68    3.828D-05  2.209D-05  1.950D-05
**(rmsgt)**  17  2.056D-06  2.232D-05  1.059D-05  5.644D-05   226.50       7.27       3.04    9.308D-05  6.331D-05  6.933D-05
**(rmsgt)**  16  1.838D-06  2.132D-05  9.582D-06  5.807D-05   234.98       9.30       3.34    1.966D-04  1.324D-04  1.848D-04
**(rmsgt)**  15  1.724D-06  2.030D-05  8.720D-06  5.402D-05   243.62      10.20       3.67    3.792D-04  2.418D-04  3.847D-04
**(rmsgt)**  14  1.529D-06  1.916D-05  8.139D-06  4.773D-05   251.49      10.58       4.24    6.705D-04  4.180D-04  6.777D-04
**(rmsgt)**  13  1.561D-06  1.887D-05  7.074D-06  4.199D-05   258.31      10.67       4.22    1.074D-03  7.056D-04  1.016D-03
**(rmsgt)**  12  1.364D-06  1.849D-05  6.262D-06  3.768D-05   264.14      10.81       4.58    1.610D-03  1.082D-03  1.368D-03
**(rmsgt)**  11  1.332D-06  1.848D-05  5.742D-06  3.532D-05   269.05      10.92       4.43    2.310D-03  1.539D-03  1.712D-03
**(rmsgt)**  10  1.247D-06  1.850D-05  5.356D-06  3.431D-05   273.15      11.15       4.74    3.112D-03  1.999D-03  1.967D-03
**(rmsgt)**   9  1.235D-06  1.825D-05  5.287D-06  3.420D-05   276.61      11.27       4.49    4.067D-03  2.459D-03  2.128D-03
**(rmsgt)**   8  1.389D-06  1.793D-05  5.414D-06  3.463D-05   279.48      11.50       4.83    5.083D-03  2.844D-03  2.231D-03
**(rmsgt)**   7  1.579D-06  1.799D-05  5.705D-06  3.561D-05   281.65      11.60       4.68    6.150D-03  3.202D-03  2.209D-03
**(rmsgt)**   6  1.618D-06  1.834D-05  6.052D-06  3.685D-05   283.46      11.81       4.93    7.144D-03  3.603D-03  2.228D-03
**(rmsgt)**   5  1.787D-06  1.945D-05  6.312D-06  3.829D-05   285.15      12.06       4.63    7.974D-03  4.035D-03  2.312D-03
**(rmsgt)**   4  2.167D-06  2.071D-05  6.449D-06  3.854D-05   286.73      12.55       4.76    8.530D-03  4.326D-03  2.379D-03
**(rmsgt)**   3  2.485D-06  2.214D-05  6.146D-06  3.705D-05   288.06      13.15       4.55    8.867D-03  4.471D-03  2.443D-03
**(rmsgt)**   2  2.761D-06  2.226D-05  5.516D-06  3.443D-05   289.23      13.62       4.79    9.106D-03  4.572D-03  2.504D-03
**(rmsgt)**   1  2.585D-06  2.179D-05  4.968D-06  3.124D-05   290.13      13.89       4.61    9.347D-03  4.684D-03  2.562D-03
**(rmsgt)** AVE  1.689D-06  1.976D-05  8.108D-06  4.066D-05   252.21      10.02       4.29    2.407D-03  1.991D-03  1.441
**(rmsgt)** Log(surface pressure) mean and variance:
**(rmsgt)**  G.M.LNP.= 4.59    ; Z.S.LNP.=0.430D-01; Z.A.LNP.=0.666D-01
**(Model)** cold start step 1
**(Model)** cold start step 2
**(Model)** timestep 2 at simulation time 0 days and 600.0 seconds
**(Model)** timestep 3 at simulation time 0 days and 1200.0 seconds
**(Model)** timestep 4 at simulation time 0 days and 1800.0 seconds
**(Model)** timestep 5 at simulation time 0 days and 2400.0 seconds
**(Model)** timestep 6 at simulation time 0 days and 3000.0 seconds
**(Model)** timestep 7 at simulation time 0 days and 3600.0 seconds
**(Model)** timestep 8 at simulation time 0 days and 4200.0 seconds
**(Model)** timestep 9 at simulation time 0 days and 4800.0 seconds
**(Model)** timestep 10 at simulation time 0 days and 5400.0 seconds
**(Model)** timestep 11 at simulation time 0 days and 6000.0 seconds
**(Model)** timestep 12 at simulation time 0 days and 6600.0 seconds
**(Model)** timestep 13 at simulation time 0 days and 7200.0 seconds
**(Model)** timestep 14 at simulation time 0 days and 7800.0 seconds
**(Model)** timestep 15 at simulation time 0 days and 8400.0 seconds
**(Model)** timestep 16 at simulation time 0 days and 9000.0 seconds
**(Model)** timestep 17 at simulation time 0 days and 9600.0 seconds
**(Model)** timestep 18 at simulation time 0 days and 10200.0 seconds
**(opnfct)** writes file GFCT02R20111009122011100915F.fct.T126L28 at simulation time
**(opnfct)** 0 days and 10800.0 seconds; contains state of the atmosphere at 15Z of 09/10/2011
**(rmsgt)** State of the atmosphere at 15Z of 09/10/2011:
**(rmsgt)** Layers and average means and variances:
**(rmsgt)** LYR  Z.S. DIV.  Z.A. DIV.  Z.S. VOR.  Z.A. VOR.  G.M. TEM.  Z.S. TEM.  Z.A. TEM.  G.M. S.H.  Z.S. S.H.  Z.A. S.H.
**(rmsgt)**  28  9.174D-07  5.877D-06  1.294D-05  2.228D-05   250.43       6.67       5.66    1.675D-06  4.156D-07  1.609D-07
**(rmsgt)**  27  2.109D-06  1.509D-05  1.632D-05  2.075D-05   227.84       3.23       4.76    1.788D-06  7.184D-07  2.044D-07
**(rmsgt)**  26  1.624D-06  1.400D-05  1.484D-05  1.704D-05   221.35       2.57       5.09    1.819D-06  8.035D-07  2.243D-07
**(rmsgt)**  25  1.251D-06  1.090D-05  1.323D-05  1.476D-05   216.82       3.57       5.03    1.995D-06  9.619D-07  2.793D-07
**(rmsgt)**  24  1.244D-06  1.130D-05  1.296D-05  1.381D-05   213.34       4.51       4.59    2.288D-06  1.202D-06  3.365D-07
**(rmsgt)**  23  1.470D-06  1.188D-05  1.076D-05  1.358D-05   209.87       5.85       4.42    2.732D-06  1.376D-06  4.411D-07
**(rmsgt)**  22  1.473D-06  1.275D-05  8.516D-06  1.490D-05   206.26       8.01       4.23    3.163D-06  1.286D-06  5.023D-07
**(rmsgt)**  21  1.850D-06  1.413D-05  8.145D-06  1.877D-05   204.62       9.47       4.04    3.585D-06  1.202D-06  9.078D-07
**(rmsgt)**  20  1.758D-06  1.594D-05  8.768D-06  2.481D-05   207.69       7.60       3.74    6.020D-06  1.842D-06  2.157D-06
**(rmsgt)**  19  2.004D-06  1.456D-05  1.038D-05  3.263D-05   213.15       4.45       3.76    1.503D-05  6.040D-06  6.746D-06
**(rmsgt)**  18  2.141D-06  1.356D-05  1.098D-05  4.081D-05   219.23       4.37       3.78    3.941D-05  2.256D-05  2.169D-05
**(rmsgt)**  17  1.941D-06  1.238D-05  1.049D-05  4.680D-05   226.52       7.25       3.23    9.631D-05  6.310D-05  7.015D-05
**(rmsgt)**  16  1.537D-06  1.088D-05  9.293D-06  4.659D-05   234.96       9.30       3.58    2.021D-04  1.303D-04  1.795D-04
**(rmsgt)**  15  1.161D-06  9.836D-06  8.085D-06  4.175D-05   243.54      10.22       3.95    3.858D-04  2.366D-04  3.678D-04
**(rmsgt)**  14  8.320D-07  8.804D-06  7.532D-06  3.607D-05   251.42      10.64       4.44    6.726D-04  4.055D-04  6.366D-04
**(rmsgt)**  13  8.507D-07  8.601D-06  6.593D-06  3.124D-05   258.25      10.73       4.42    1.070D-03  6.826D-04  9.478D-04
**(rmsgt)**  12  8.637D-07  7.868D-06  5.805D-06  2.743D-05   264.10      10.86       4.69    1.598D-03  1.051D-03  1.283D-03
**(rmsgt)**  11  8.847D-07  8.109D-06  5.202D-06  2.516D-05   268.98      10.94       4.57    2.291D-03  1.503D-03  1.614D-03
**(rmsgt)**  10  8.356D-07  7.957D-06  4.822D-06  2.395D-05   273.07      11.16       4.71    3.087D-03  1.964D-03  1.860D-03
**(rmsgt)**   9  9.277D-07  8.145D-06  4.723D-06  2.343D-05   276.44      11.22       4.60    4.055D-03  2.437D-03  1.994D-03
**(rmsgt)**   8  9.704D-07  8.243D-06  4.937D-06  2.347D-05   279.26      11.45       4.74    5.080D-03  2.837D-03  2.085D-03
**(rmsgt)**   7  1.051D-06  8.432D-06  5.255D-06  2.400D-05   281.46      11.59       4.69    6.126D-03  3.203D-03  2.072D-03
**(rmsgt)**   6  1.268D-06  9.045D-06  5.629D-06  2.523D-05   283.39      11.86       4.73    7.127D-03  3.612D-03  2.103D-03
**(rmsgt)**   5  1.667D-06  1.034D-05  5.936D-06  2.663D-05   285.19      12.24       4.58    7.932D-03  3.965D-03  2.207D-03
**(rmsgt)**   4  1.966D-06  1.184D-05  6.175D-06  2.730D-05   286.83      12.67       4.55    8.615D-03  4.316D-03  2.323D-03
**(rmsgt)**   3  2.241D-06  1.329D-05  6.168D-06  2.629D-05   288.27      13.21       4.56    9.151D-03  4.591D-03  2.447D-03
**(rmsgt)**   2  2.641D-06  1.429D-05  5.530D-06  2.276D-05   289.54      13.71       4.64    9.508D-03  4.734D-03  2.536D-03
**(rmsgt)**   1  2.634D-06  1.366D-05  4.016D-06  1.706D-05   290.26      14.13       4.83    9.847D-03  4.874D-03  2.650D-03
**(rmsgt)** AVE  1.427D-06  1.065D-05  7.851D-06  3.085D-05   252.19      10.04       4.35    2.420D-03  1.996D-03  1.374
**(rmsgt)** Log(surface pressure) mean and variance:
**(rmsgt)**  G.M.LNP.= 4.59    ; Z.S.LNP.=0.431D-01; Z.A.LNP.=0.660D-01
**(wridia)** file also contains diagnostics at 15Z of 09/10/2011:
**(globme)**TOTAL PRECIPITATION                      Std.Dev.=   3.6146863; Glob.Mean=   9.3198412    ; in units of Kg M**-2 Day
**-1
**(globme)**CONVECTIVE PRECIPITATION                 Std.Dev.=   3.0843536; Glob.Mean=   8.9216611    ; in units of Kg M**-2 Day
**-1
**(globme)**SENSIBLE HEAT FLUX FROM SURFACE          Std.Dev.=   28.155820; Glob.Mean=   74.380914    ; in units of W M**-2
**(globme)**LATENT HEAT FLUX FROM SURFACE            Std.Dev.=   132.80974; Glob.Mean=   144.32966    ; in units of W M**-2
**(globme)**OUTGOING LONG WAVE AT TOP                Std.Dev.=   265.96643; Glob.Mean=   33.443417    ; in units of W M**-2
**(globme)**SHORT WAVE ABSORBED AT GROUND            Std.Dev.=   188.79562; Glob.Mean=   264.57194    ; in units of W M**-2
**(globme)**NET LONG WAVE AT BOTTOM                  Std.Dev.=   59.527511; Glob.Mean=   37.403661    ; in units of W M**-2
**(Model)** timestep 19 at simulation time 0 days and 10800.0 seconds
**(Model)** timestep 20 at simulation time 0 days and 11400.0 seconds
**(Model)** timestep 21 at simulation time 0 days and 12000.0 seconds
**(Model)** timestep 22 at simulation time 0 days and 12600.0 seconds
**(Model)** timestep 23 at simulation time 0 days and 13200.0 seconds
**(Model)** timestep 24 at simulation time 0 days and 13800.0 seconds
**(Model)** timestep 25 at simulation time 0 days and 14400.0 seconds
**(Model)** timestep 26 at simulation time 0 days and 15000.0 seconds
**(Model)** timestep 27 at simulation time 0 days and 15600.0 seconds
**(Model)** timestep 28 at simulation time 0 days and 16200.0 seconds
**(Model)** timestep 29 at simulation time 0 days and 16800.0 seconds
**(Model)** timestep 30 at simulation time 0 days and 17400.0 seconds
**(Model)** timestep 31 at simulation time 0 days and 18000.0 seconds
**(Model)** timestep 32 at simulation time 0 days and 18600.0 seconds
**(Model)** timestep 33 at simulation time 0 days and 19200.0 seconds
**(Model)** timestep 34 at simulation time 0 days and 19800.0 seconds
**(Model)** timestep 35 at simulation time 0 days and 20400.0 seconds
**(Model)** timestep 36 at simulation time 0 days and 21000.0 seconds
**(opnfct)** writes file GFCT02R20111009122011100918F.fct.T126L28 at simulation time
**(opnfct)** 0 days and 21600.0 seconds; contains state of the atmosphere at 18Z of 09/10/2011
**(rmsgt)** State of the atmosphere at 18Z of 09/10/2011:
**(rmsgt)** Layers and average means and variances:
**(rmsgt)** LYR  Z.S. DIV.  Z.A. DIV.  Z.S. VOR.  Z.A. VOR.  G.M. TEM.  Z.S. TEM.  Z.A. TEM.  G.M. S.H.  Z.S. S.H.  Z.A. S.H.
**(rmsgt)**  28  7.909D-07  6.749D-06  1.302D-05  2.175D-05   250.43       6.66       5.79    1.676D-06  4.145D-07  1.610D-07
**(rmsgt)**  27  2.218D-06  1.742D-05  1.629D-05  2.066D-05   227.79       3.26       4.84    1.787D-06  7.201D-07  2.025D-07
**(rmsgt)**  26  1.521D-06  1.452D-05  1.497D-05  1.719D-05   221.26       2.68       5.11    1.820D-06  8.034D-07  2.216D-07
**(rmsgt)**  25  1.543D-06  1.218D-05  1.342D-05  1.474D-05   216.80       3.58       5.07    1.998D-06  9.632D-07  2.746D-07
**(rmsgt)**  24  1.360D-06  1.130D-05  1.308D-05  1.339D-05   213.36       4.48       4.64    2.291D-06  1.203D-06  3.339D-07
**(rmsgt)**  23  1.191D-06  1.056D-05  1.078D-05  1.354D-05   209.87       5.86       4.45    2.733D-06  1.375D-06  4.403D-07
**(rmsgt)**  22  1.465D-06  1.064D-05  8.547D-06  1.492D-05   206.26       8.06       4.29    3.169D-06  1.282D-06  5.190D-07
**(rmsgt)**  21  1.588D-06  1.173D-05  8.050D-06  1.839D-05   204.72       9.45       4.03    3.640D-06  1.241D-06  1.031D-06
**(rmsgt)**  20  1.490D-06  1.311D-05  8.774D-06  2.386D-05   207.76       7.61       3.71    6.132D-06  1.915D-06  2.499D-06
**(rmsgt)**  19  1.900D-06  1.204D-05  1.050D-05  3.165D-05   213.17       4.45       3.80    1.523D-05  6.033D-06  7.602D-06
**(rmsgt)**  18  2.070D-06  1.182D-05  1.113D-05  3.935D-05   219.25       4.38       3.80    4.001D-05  2.201D-05  2.336D-05
**(rmsgt)**  17  1.668D-06  1.066D-05  1.044D-05  4.415D-05   226.51       7.23       3.30    9.857D-05  6.264D-05  7.172D-05
**(rmsgt)**  16  1.338D-06  9.507D-06  9.127D-06  4.343D-05   234.93       9.30       3.65    2.050D-04  1.284D-04  1.780D-04
**(rmsgt)**  15  1.147D-06  8.748D-06  7.893D-06  3.900D-05   243.46      10.23       4.05    3.863D-04  2.315D-04  3.562D-04
**(rmsgt)**  14  7.678D-07  7.875D-06  7.265D-06  3.394D-05   251.38      10.67       4.49    6.693D-04  3.951D-04  6.125D-04
**(rmsgt)**  13  8.297D-07  7.203D-06  6.302D-06  2.948D-05   258.23      10.78       4.51    1.065D-03  6.673D-04  9.121D-04
**(rmsgt)**  12  8.756D-07  6.741D-06  5.545D-06  2.594D-05   264.11      10.92       4.72    1.592D-03  1.031D-03  1.245D-03
**(rmsgt)**  11  8.457D-07  6.934D-06  4.941D-06  2.372D-05   268.93      10.97       4.62    2.276D-03  1.477D-03  1.574D-03
**(rmsgt)**  10  8.433D-07  6.923D-06  4.574D-06  2.245D-05   273.00      11.19       4.72    3.064D-03  1.939D-03  1.830D-03
**(rmsgt)**   9  8.909D-07  7.065D-06  4.449D-06  2.179D-05   276.33      11.19       4.65    4.041D-03  2.417D-03  1.961D-03
**(rmsgt)**   8  8.674D-07  7.164D-06  4.633D-06  2.167D-05   279.15      11.42       4.74    5.086D-03  2.835D-03  2.049D-03
**(rmsgt)**   7  8.686D-07  7.545D-06  4.950D-06  2.197D-05   281.47      11.66       4.68    6.113D-03  3.192D-03  2.053D-03
**(rmsgt)**   6  1.073D-06  8.564D-06  5.360D-06  2.298D-05   283.48      11.95       4.70    7.115D-03  3.574D-03  2.093D-03
**(rmsgt)**   5  1.502D-06  1.011D-05  5.702D-06  2.442D-05   285.31      12.33       4.54    7.936D-03  3.918D-03  2.221D-03
**(rmsgt)**   4  2.000D-06  1.176D-05  5.857D-06  2.538D-05   286.97      12.73       4.54    8.712D-03  4.329D-03  2.371D-03
**(rmsgt)**   3  2.242D-06  1.323D-05  5.866D-06  2.487D-05   288.32      13.29       4.57    9.342D-03  4.692D-03  2.497D-03
**(rmsgt)**   2  2.481D-06  1.407D-05  5.357D-06  2.175D-05   289.60      13.71       4.64    9.753D-03  4.881D-03  2.600D-03
**(rmsgt)**   1  2.551D-06  1.370D-05  4.016D-06  1.631D-05   290.19      14.09       4.93    1.013D-02  5.064D-03  2.728D-03
**(rmsgt)** AVE  1.336D-06  9.524D-06  7.734D-06  2.907D-05   252.17      10.07       4.39    2.428D-03  2.000D-03  1.365
**(rmsgt)** Log(surface pressure) mean and variance:
**(rmsgt)**  G.M.LNP.= 4.59    ; Z.S.LNP.=0.431D-01; Z.A.LNP.=0.659D-01
**(wridia)** file also contains diagnostics at 18Z of 09/10/2011:
**(globme)**TOTAL PRECIPITATION                      Std.Dev.=   3.3746745; Glob.Mean=   8.6459607    ; in units of Kg M**-2 Day
**-1
**(globme)**CONVECTIVE PRECIPITATION                 Std.Dev.=   2.8424696; Glob.Mean=   8.4298570    ; in units of Kg M**-2 Day
**-1
**(globme)**SENSIBLE HEAT FLUX FROM SURFACE          Std.Dev.=   21.531568; Glob.Mean=   73.355749    ; in units of W M**-2
**(globme)**LATENT HEAT FLUX FROM SURFACE            Std.Dev.=   116.49296; Glob.Mean=   130.17542    ; in units of W M**-2
**(globme)**OUTGOING LONG WAVE AT TOP                Std.Dev.=   246.05011; Glob.Mean=   49.671338    ; in units of W M**-2
**(globme)**SHORT WAVE ABSORBED AT GROUND            Std.Dev.=   174.80036; Glob.Mean=   242.25466    ; in units of W M**-2
**(globme)**NET LONG WAVE AT BOTTOM                  Std.Dev.=   55.338634; Glob.Mean=   42.475713    ; in units of W M**-2
**(Model)** timestep 37 at simulation time 0 days and 21600.0 seconds
**(Model)** timestep 38 at simulation time 0 days and 22200.0 seconds
**(Model)** timestep 39 at simulation time 0 days and 22800.0 seconds
**(Model)** timestep 40 at simulation time 0 days and 23400.0 seconds
**(Model)** timestep 41 at simulation time 0 days and 24000.0 seconds
**(Model)** timestep 42 at simulation time 0 days and 24600.0 seconds
**(Model)** timestep 43 at simulation time 0 days and 25200.0 seconds
**(Model)** timestep 44 at simulation time 0 days and 25800.0 seconds
**(Model)** timestep 45 at simulation time 0 days and 26400.0 seconds
**(Model)** timestep 46 at simulation time 0 days and 27000.0 seconds
**(Model)** timestep 47 at simulation time 0 days and 27600.0 seconds
**(Model)** timestep 48 at simulation time 0 days and 28200.0 seconds
**(Model)** timestep 49 at simulation time 0 days and 28800.0 seconds
**(Model)** timestep 50 at simulation time 0 days and 29400.0 seconds
**(Model)** timestep 51 at simulation time 0 days and 30000.0 seconds
**(Model)** timestep 52 at simulation time 0 days and 30600.0 seconds
**(Model)** timestep 53 at simulation time 0 days and 31200.0 seconds
**(Model)** timestep 54 at simulation time 0 days and 31800.0 seconds
**(opnfct)** writes file GFCT02R20111009122011100921F.fct.T126L28 at simulation time
**(opnfct)** 0 days and 32400.0 seconds; contains state of the atmosphere at 21Z of 09/10/2011
**(rmsgt)** State of the atmosphere at 21Z of 09/10/2011:
**(rmsgt)** Layers and average means and variances:
**(rmsgt)** LYR  Z.S. DIV.  Z.A. DIV.  Z.S. VOR.  Z.A. VOR.  G.M. TEM.  Z.S. TEM.  Z.A. TEM.  G.M. S.H.  Z.S. S.H.  Z.A. S.H.
**(rmsgt)**  28  8.623D-07  6.191D-06  1.325D-05  2.134D-05   250.44       6.66       5.89    1.676D-06  4.142D-07  1.599D-07
**(rmsgt)**  27  1.999D-06  1.702D-05  1.614D-05  2.085D-05   227.68       3.30       4.95    1.788D-06  7.204D-07  2.024D-07
**(rmsgt)**  26  1.579D-06  1.398D-05  1.498D-05  1.746D-05   221.25       2.75       5.14    1.821D-06  8.017D-07  2.208D-07
**(rmsgt)**  25  1.486D-06  1.212D-05  1.343D-05  1.484D-05   216.80       3.61       5.04    2.000D-06  9.623D-07  2.734D-07
**(rmsgt)**  24  1.174D-06  1.073D-05  1.317D-05  1.323D-05   213.40       4.48       4.60    2.292D-06  1.203D-06  3.319D-07
**(rmsgt)**  23  1.264D-06  1.019D-05  1.090D-05  1.315D-05   209.89       5.87       4.39    2.734D-06  1.374D-06  4.411D-07
**(rmsgt)**  22  1.219D-06  1.002D-05  8.658D-06  1.476D-05   206.23       8.10       4.30    3.170D-06  1.276D-06  5.330D-07
**(rmsgt)**  21  1.268D-06  1.114D-05  7.992D-06  1.822D-05   204.76       9.44       4.06    3.681D-06  1.268D-06  1.135D-06
**(rmsgt)**  20  1.501D-06  1.253D-05  8.750D-06  2.346D-05   207.78       7.59       3.72    6.237D-06  1.998D-06  2.826D-06
**(rmsgt)**  19  1.946D-06  1.185D-05  1.051D-05  3.090D-05   213.18       4.43       3.82    1.549D-05  6.070D-06  8.330D-06
**(rmsgt)**  18  2.083D-06  1.124D-05  1.112D-05  3.834D-05   219.25       4.38       3.80    4.090D-05  2.175D-05  2.501D-05
**(rmsgt)**  17  1.515D-06  1.003D-05  1.036D-05  4.267D-05   226.49       7.24       3.30    1.005D-04  6.224D-05  7.317D-05
**(rmsgt)**  16  1.226D-06  9.287D-06  8.927D-06  4.176D-05   234.92       9.29       3.60    2.071D-04  1.259D-04  1.758D-04
**(rmsgt)**  15  1.142D-06  8.192D-06  7.789D-06  3.767D-05   243.43      10.21       4.02    3.865D-04  2.272D-04  3.456D-04
**(rmsgt)**  14  8.363D-07  7.398D-06  7.093D-06  3.275D-05   251.35      10.67       4.45    6.689D-04  3.871D-04  5.922D-04
**(rmsgt)**  13  7.315D-07  6.973D-06  6.178D-06  2.826D-05   258.21      10.80       4.50    1.065D-03  6.543D-04  8.871D-04
**(rmsgt)**  12  6.895D-07  6.598D-06  5.407D-06  2.491D-05   264.10      10.95       4.71    1.591D-03  1.014D-03  1.224D-03
**(rmsgt)**  11  6.304D-07  6.442D-06  4.830D-06  2.274D-05   268.87      10.96       4.63    2.265D-03  1.456D-03  1.552D-03
**(rmsgt)**  10  6.474D-07  6.545D-06  4.479D-06  2.144D-05   272.91      11.18       4.73    3.041D-03  1.918D-03  1.817D-03
**(rmsgt)**   9  7.018D-07  6.570D-06  4.379D-06  2.075D-05   276.24      11.17       4.69    4.028D-03  2.401D-03  1.950D-03
**(rmsgt)**   8  7.664D-07  6.879D-06  4.543D-06  2.071D-05   279.07      11.40       4.76    5.083D-03  2.826D-03  2.022D-03
**(rmsgt)**   7  9.310D-07  7.344D-06  4.876D-06  2.104D-05   281.47      11.70       4.65    6.096D-03  3.169D-03  2.043D-03
**(rmsgt)**   6  1.170D-06  8.369D-06  5.276D-06  2.202D-05   283.54      11.99       4.65    7.106D-03  3.541D-03  2.101D-03
**(rmsgt)**   5  1.584D-06  9.929D-06  5.598D-06  2.338D-05   285.35      12.39       4.52    7.952D-03  3.898D-03  2.248D-03
**(rmsgt)**   4  2.005D-06  1.171D-05  5.678D-06  2.444D-05   287.01      12.76       4.51    8.749D-03  4.337D-03  2.412D-03
**(rmsgt)**   3  2.279D-06  1.308D-05  5.674D-06  2.424D-05   288.34      13.23       4.56    9.434D-03  4.759D-03  2.538D-03
**(rmsgt)**   2  2.462D-06  1.371D-05  5.223D-06  2.131D-05   289.56      13.62       4.65    9.913D-03  5.000D-03  2.638D-03
**(rmsgt)**   1  2.421D-06  1.338D-05  3.952D-06  1.594D-05   289.93      13.92       5.03    1.035D-02  5.231D-03  2.770D-03
**(rmsgt)** AVE  1.279D-06  9.159D-06  7.663D-06  2.807D-05   252.15      10.07       4.38    2.432D-03  2.003D-03  1.363
**(rmsgt)** Log(surface pressure) mean and variance:
**(rmsgt)**  G.M.LNP.= 4.59    ; Z.S.LNP.=0.432D-01; Z.A.LNP.=0.660D-01
**(wridia)** file also contains diagnostics at 21Z of 09/10/2011:
**(globme)**TOTAL PRECIPITATION                      Std.Dev.=   3.3555697; Glob.Mean=   8.9875416    ; in units of Kg M**-2 Day
**-1
**(globme)**CONVECTIVE PRECIPITATION                 Std.Dev.=   2.7498197; Glob.Mean=   8.8046988    ; in units of Kg M**-2 Day
**-1
**(globme)**SENSIBLE HEAT FLUX FROM SURFACE          Std.Dev.=   14.733860; Glob.Mean=   58.645671    ; in units of W M**-2
**(globme)**LATENT HEAT FLUX FROM SURFACE            Std.Dev.=   106.23126; Glob.Mean=   121.14736    ; in units of W M**-2
**(globme)**OUTGOING LONG WAVE AT TOP                Std.Dev.=   245.00640; Glob.Mean=   48.798430    ; in units of W M**-2
**(globme)**SHORT WAVE ABSORBED AT GROUND            Std.Dev.=   178.54289; Glob.Mean=   256.63342    ; in units of W M**-2
**(globme)**NET LONG WAVE AT BOTTOM                  Std.Dev.=   52.888365; Glob.Mean=   37.279798    ; in units of W M**-2
**(Model)** timestep 55 at simulation time 0 days and 32400.0 seconds
**(Model)** timestep 56 at simulation time 0 days and 33000.0 seconds
**(Model)** timestep 57 at simulation time 0 days and 33600.0 seconds
**(Model)** timestep 58 at simulation time 0 days and 34200.0 seconds
**(Model)** timestep 59 at simulation time 0 days and 34800.0 seconds
**(Model)** timestep 60 at simulation time 0 days and 35400.0 seconds
**(Model)** timestep 61 at simulation time 0 days and 36000.0 seconds
**(Model)** timestep 62 at simulation time 0 days and 36600.0 seconds
**(Model)** timestep 63 at simulation time 0 days and 37200.0 seconds
**(Model)** timestep 64 at simulation time 0 days and 37800.0 seconds
**(Model)** timestep 65 at simulation time 0 days and 38400.0 seconds
**(Model)** timestep 66 at simulation time 0 days and 39000.0 seconds
**(Model)** timestep 67 at simulation time 0 days and 39600.0 seconds
**(Model)** timestep 68 at simulation time 0 days and 40200.0 seconds
**(Model)** timestep 69 at simulation time 0 days and 40800.0 seconds
**(Model)** timestep 70 at simulation time 0 days and 41400.0 seconds
**(Model)** timestep 71 at simulation time 0 days and 42000.0 seconds
**(Model)** timestep 72 at simulation time 0 days and 42600.0 seconds
**(opnfct)** writes file GFCT02R20111009122011101000F.fct.T126L28 at simulation time
**(opnfct)** 0 days and 43200.0 seconds; contains state of the atmosphere at 00Z of 10/10/2011
**(rmsgt)** State of the atmosphere at 00Z of 10/10/2011:
**(rmsgt)** Layers and average means and variances:
**(rmsgt)** LYR  Z.S. DIV.  Z.A. DIV.  Z.S. VOR.  Z.A. VOR.  G.M. TEM.  Z.S. TEM.  Z.A. TEM.  G.M. S.H.  Z.S. S.H.  Z.A. S.H.
**(rmsgt)**  28  8.930D-07  5.813D-06  1.322D-05  2.129D-05   250.44       6.62       5.88    1.677D-06  4.143D-07  1.595D-07
**(rmsgt)**  27  2.106D-06  1.745D-05  1.637D-05  2.090D-05   227.59       3.29       5.06    1.790D-06  7.198D-07  2.006D-07
**(rmsgt)**  26  1.718D-06  1.309D-05  1.501D-05  1.778D-05   221.22       2.72       5.13    1.823D-06  8.007D-07  2.206D-07
**(rmsgt)**  25  1.521D-06  1.166D-05  1.336D-05  1.504D-05   216.80       3.58       4.99    2.001D-06  9.615D-07  2.740D-07
**(rmsgt)**  24  1.141D-06  1.080D-05  1.310D-05  1.307D-05   213.44       4.43       4.57    2.291D-06  1.202D-06  3.326D-07
**(rmsgt)**  23  1.302D-06  1.021D-05  1.094D-05  1.278D-05   209.93       5.84       4.34    2.733D-06  1.373D-06  4.409D-07
**(rmsgt)**  22  9.592D-07  1.015D-05  8.843D-06  1.433D-05   206.23       8.10       4.24    3.171D-06  1.269D-06  5.478D-07
**(rmsgt)**  21  1.016D-06  1.091D-05  8.193D-06  1.819D-05   204.77       9.42       4.06    3.716D-06  1.288D-06  1.256D-06
**(rmsgt)**  20  1.381D-06  1.197D-05  8.868D-06  2.337D-05   207.79       7.54       3.71    6.399D-06  2.124D-06  3.269D-06
**(rmsgt)**  19  1.876D-06  1.163D-05  1.053D-05  3.055D-05   213.17       4.38       3.83    1.590D-05  6.237D-06  9.314D-06
**(rmsgt)**  18  1.882D-06  1.076D-05  1.106D-05  3.766D-05   219.24       4.37       3.78    4.210D-05  2.186D-05  2.740D-05
**(rmsgt)**  17  1.643D-06  9.338D-06  1.036D-05  4.173D-05   226.48       7.23       3.27    1.029D-04  6.228D-05  7.666D-05
**(rmsgt)**  16  1.205D-06  8.733D-06  8.946D-06  4.083D-05   234.92       9.29       3.55    2.096D-04  1.236D-04  1.779D-04
**(rmsgt)**  15  1.120D-06  7.829D-06  7.745D-06  3.681D-05   243.40      10.20       3.97    3.878D-04  2.223D-04  3.434D-04
**(rmsgt)**  14  7.567D-07  7.103D-06  6.959D-06  3.189D-05   251.33      10.67       4.40    6.700D-04  3.786D-04  5.828D-04
**(rmsgt)**  13  6.825D-07  6.639D-06  6.082D-06  2.739D-05   258.19      10.81       4.48    1.066D-03  6.416D-04  8.787D-04
**(rmsgt)**  12  7.020D-07  6.349D-06  5.305D-06  2.419D-05   264.09      10.97       4.69    1.590D-03  9.990D-04  1.216D-03
**(rmsgt)**  11  6.867D-07  6.390D-06  4.715D-06  2.199D-05   268.80      10.95       4.61    2.256D-03  1.439D-03  1.545D-03
**(rmsgt)**  10  7.383D-07  6.596D-06  4.362D-06  2.067D-05   272.81      11.16       4.73    3.023D-03  1.898D-03  1.821D-03
**(rmsgt)**   9  7.956D-07  6.616D-06  4.272D-06  2.001D-05   276.17      11.16       4.69    4.017D-03  2.387D-03  1.963D-03
**(rmsgt)**   8  8.788D-07  6.852D-06  4.448D-06  2.013D-05   279.00      11.39       4.76    5.075D-03  2.815D-03  2.022D-03
**(rmsgt)**   7  1.029D-06  7.215D-06  4.781D-06  2.060D-05   281.43      11.73       4.62    6.076D-03  3.149D-03  2.052D-03
**(rmsgt)**   6  1.178D-06  7.954D-06  5.178D-06  2.166D-05   283.54      12.02       4.62    7.084D-03  3.519D-03  2.123D-03
**(rmsgt)**   5  1.463D-06  9.218D-06  5.449D-06  2.303D-05   285.33      12.38       4.51    7.955D-03  3.898D-03  2.273D-03
**(rmsgt)**   4  1.856D-06  1.058D-05  5.534D-06  2.421D-05   286.98      12.72       4.50    8.754D-03  4.338D-03  2.435D-03
**(rmsgt)**   3  2.083D-06  1.182D-05  5.468D-06  2.397D-05   288.24      13.14       4.58    9.496D-03  4.812D-03  2.554D-03
**(rmsgt)**   2  2.226D-06  1.236D-05  4.984D-06  2.090D-05   289.43      13.50       4.67    1.003D-02  5.098D-03  2.647D-03
**(rmsgt)**   1  2.244D-06  1.209D-05  3.788D-06  1.547D-05   289.71      13.78       5.11    1.050D-02  5.355D-03  2.793D-03
**(rmsgt)** AVE  1.237D-06  8.788D-06  7.628D-06  2.744D-05   252.12      10.06       4.36    2.433D-03  2.006D-03  1.368
**(rmsgt)** Log(surface pressure) mean and variance:
**(rmsgt)**  G.M.LNP.= 4.59    ; Z.S.LNP.=0.433D-01; Z.A.LNP.=0.660D-01
**(wridia)** file also contains diagnostics at 00Z of 10/10/2011:
**(globme)**TOTAL PRECIPITATION                      Std.Dev.=   3.2874716; Glob.Mean=   8.9139552    ; in units of Kg M**-2 Day
**-1
**(globme)**CONVECTIVE PRECIPITATION                 Std.Dev.=   2.6048354; Glob.Mean=   8.6780137    ; in units of Kg M**-2 Day
**-1
**(globme)**SENSIBLE HEAT FLUX FROM SURFACE          Std.Dev.=   7.6078126; Glob.Mean=   37.676688    ; in units of W M**-2
**(globme)**LATENT HEAT FLUX FROM SURFACE            Std.Dev.=   96.786698; Glob.Mean=   114.86015    ; in units of W M**-2
**(globme)**OUTGOING LONG WAVE AT TOP                Std.Dev.=   243.92754; Glob.Mean=   48.622483    ; in units of W M**-2
**(globme)**SHORT WAVE ABSORBED AT GROUND            Std.Dev.=   181.98771; Glob.Mean=   263.07220    ; in units of W M**-2
**(globme)**NET LONG WAVE AT BOTTOM                  Std.Dev.=   51.078666; Glob.Mean=   34.982273    ; in units of W M**-2
**(Model)** timestep 73 at simulation time 0 days and 43200.0 seconds
**(Model)** timestep 74 at simulation time 0 days and 43800.0 seconds
**(Model)** timestep 75 at simulation time 0 days and 44400.0 seconds
**(Model)** timestep 76 at simulation time 0 days and 45000.0 seconds
**(Model)** timestep 77 at simulation time 0 days and 45600.0 seconds
**(Model)** timestep 78 at simulation time 0 days and 46200.0 seconds
**(Model)** timestep 79 at simulation time 0 days and 46800.0 seconds
**(Model)** timestep 80 at simulation time 0 days and 47400.0 seconds
**(Model)** timestep 81 at simulation time 0 days and 48000.0 seconds
**(Model)** timestep 82 at simulation time 0 days and 48600.0 seconds
**(Model)** timestep 83 at simulation time 0 days and 49200.0 seconds
**(Model)** timestep 84 at simulation time 0 days and 49800.0 seconds
**(Model)** timestep 85 at simulation time 0 days and 50400.0 seconds
**(Model)** timestep 86 at simulation time 0 days and 51000.0 seconds
**(Model)** timestep 87 at simulation time 0 days and 51600.0 seconds
**(Model)** timestep 88 at simulation time 0 days and 52200.0 seconds
**(Model)** timestep 89 at simulation time 0 days and 52800.0 seconds
**(Model)** timestep 90 at simulation time 0 days and 53400.0 seconds
**(opnfct)** writes file GFCT02R20111009122011101003F.fct.T126L28 at simulation time
**(opnfct)** 0 days and 54000.0 seconds; contains state of the atmosphere at 03Z of 10/10/2011
**(rmsgt)** State of the atmosphere at 03Z of 10/10/2011:
**(rmsgt)** Layers and average means and variances:
**(rmsgt)** LYR  Z.S. DIV.  Z.A. DIV.  Z.S. VOR.  Z.A. VOR.  G.M. TEM.  Z.S. TEM.  Z.A. TEM.  G.M. S.H.  Z.S. S.H.  Z.A. S.H.
**(rmsgt)**  28  8.055D-07  5.341D-06  1.324D-05  2.120D-05   250.45       6.57       5.85    1.677D-06  4.137D-07  1.606D-07
**(rmsgt)**  27  2.101D-06  1.618D-05  1.662D-05  2.102D-05   227.50       3.29       5.17    1.792D-06  7.192D-07  1.990D-07
**(rmsgt)**  26  1.370D-06  1.307D-05  1.495D-05  1.752D-05   221.17       2.61       5.19    1.821D-06  7.994D-07  2.210D-07
**(rmsgt)**  25  1.301D-06  1.174D-05  1.326D-05  1.489D-05   216.80       3.49       5.13    2.001D-06  9.602D-07  2.732D-07
**(rmsgt)**  24  1.075D-06  1.042D-05  1.300D-05  1.312D-05   213.49       4.36       4.67    2.292D-06  1.202D-06  3.325D-07
**(rmsgt)**  23  1.116D-06  9.697D-06  1.081D-05  1.263D-05   209.98       5.77       4.39    2.732D-06  1.372D-06  4.421D-07
**(rmsgt)**  22  1.121D-06  9.729D-06  8.794D-06  1.396D-05   206.23       8.07       4.24    3.173D-06  1.264D-06  5.602D-07
**(rmsgt)**  21  1.097D-06  1.058D-05  8.312D-06  1.821D-05   204.77       9.42       4.05    3.760D-06  1.323D-06  1.413D-06
**(rmsgt)**  20  1.381D-06  1.188D-05  9.108D-06  2.328D-05   207.80       7.51       3.67    6.559D-06  2.263D-06  3.575D-06
**(rmsgt)**  19  2.023D-06  1.160D-05  1.076D-05  3.044D-05   213.18       4.34       3.82    1.625D-05  6.366D-06  1.009D-05
**(rmsgt)**  18  1.944D-06  1.056D-05  1.102D-05  3.737D-05   219.25       4.38       3.76    4.312D-05  2.203D-05  2.952D-05
**(rmsgt)**  17  1.358D-06  8.903D-06  1.021D-05  4.097D-05   226.48       7.24       3.24    1.043D-04  6.238D-05  7.948D-05
**(rmsgt)**  16  1.029D-06  8.415D-06  8.889D-06  3.998D-05   234.91       9.31       3.50    2.099D-04  1.212D-04  1.786D-04
**(rmsgt)**  15  1.046D-06  7.339D-06  7.742D-06  3.588D-05   243.36      10.22       3.94    3.880D-04  2.172D-04  3.398D-04
**(rmsgt)**  14  7.805D-07  6.671D-06  6.862D-06  3.098D-05   251.28      10.68       4.37    6.710D-04  3.712D-04  5.765D-04
**(rmsgt)**  13  7.076D-07  6.284D-06  5.873D-06  2.670D-05   258.15      10.84       4.47    1.065D-03  6.309D-04  8.722D-04
**(rmsgt)**  12  6.888D-07  6.231D-06  5.126D-06  2.362D-05   264.07      11.00       4.68    1.588D-03  9.852D-04  1.208D-03
**(rmsgt)**  11  6.545D-07  6.256D-06  4.561D-06  2.148D-05   268.73      10.94       4.60    2.250D-03  1.423D-03  1.542D-03
**(rmsgt)**  10  6.987D-07  6.468D-06  4.223D-06  2.015D-05   272.71      11.13       4.71    3.012D-03  1.881D-03  1.830D-03
**(rmsgt)**   9  7.341D-07  6.449D-06  4.135D-06  1.950D-05   276.08      11.16       4.69    4.008D-03  2.370D-03  1.978D-03
**(rmsgt)**   8  7.374D-07  6.655D-06  4.314D-06  1.963D-05   278.93      11.38       4.76    5.066D-03  2.798D-03  2.030D-03
**(rmsgt)**   7  9.613D-07  7.170D-06  4.633D-06  2.019D-05   281.38      11.73       4.62    6.062D-03  3.132D-03  2.067D-03
**(rmsgt)**   6  1.166D-06  7.967D-06  5.018D-06  2.125D-05   283.51      12.02       4.61    7.077D-03  3.509D-03  2.147D-03
**(rmsgt)**   5  1.504D-06  9.233D-06  5.293D-06  2.256D-05   285.31      12.36       4.53    7.971D-03  3.902D-03  2.294D-03
**(rmsgt)**   4  1.910D-06  1.047D-05  5.367D-06  2.368D-05   286.97      12.69       4.52    8.792D-03  4.366D-03  2.449D-03
**(rmsgt)**   3  2.133D-06  1.145D-05  5.245D-06  2.346D-05   288.24      13.09       4.54    9.561D-03  4.873D-03  2.570D-03
**(rmsgt)**   2  2.251D-06  1.188D-05  4.769D-06  2.050D-05   289.44      13.44       4.62    1.011D-02  5.169D-03  2.663D-03
**(rmsgt)**   1  2.198D-06  1.161D-05  3.690D-06  1.518D-05   289.72      13.74       5.05    1.058D-02  5.410D-03  2.808D-03
**(rmsgt)** AVE  1.208D-06  8.542D-06  7.566D-06  2.690D-05   252.09      10.05       4.35    2.435D-03  2.008D-03  1.374
**(rmsgt)** Log(surface pressure) mean and variance:
**(rmsgt)**  G.M.LNP.= 4.59    ; Z.S.LNP.=0.434D-01; Z.A.LNP.=0.659D-01
**(wridia)** file also contains diagnostics at 03Z of 10/10/2011:
**(globme)**TOTAL PRECIPITATION                      Std.Dev.=   3.1499538; Glob.Mean=   8.8397732    ; in units of Kg M**-2 Day
**-1
**(globme)**CONVECTIVE PRECIPITATION                 Std.Dev.=   2.4422823; Glob.Mean=   8.5674235    ; in units of Kg M**-2 Day
**-1
**(globme)**SENSIBLE HEAT FLUX FROM SURFACE          Std.Dev.=   12.044364; Glob.Mean=   55.616456    ; in units of W M**-2
**(globme)**LATENT HEAT FLUX FROM SURFACE            Std.Dev.=   94.806055; Glob.Mean=   113.84028    ; in units of W M**-2
**(globme)**OUTGOING LONG WAVE AT TOP                Std.Dev.=   243.71134; Glob.Mean=   48.365916    ; in units of W M**-2
**(globme)**SHORT WAVE ABSORBED AT GROUND            Std.Dev.=   179.38536; Glob.Mean=   257.19150    ; in units of W M**-2
**(globme)**NET LONG WAVE AT BOTTOM                  Std.Dev.=   50.308443; Glob.Mean=   32.833690    ; in units of W M**-2
**(Model)** timestep 91 at simulation time 0 days and 54000.0 seconds
**(Model)** timestep 92 at simulation time 0 days and 54600.0 seconds
**(Model)** timestep 93 at simulation time 0 days and 55200.0 seconds
**(Model)** timestep 94 at simulation time 0 days and 55800.0 seconds
**(Model)** timestep 95 at simulation time 0 days and 56400.0 seconds
**(Model)** timestep 96 at simulation time 0 days and 57000.0 seconds
**(Model)** timestep 97 at simulation time 0 days and 57600.0 seconds
**(Model)** timestep 98 at simulation time 0 days and 58200.0 seconds
**(Model)** timestep 99 at simulation time 0 days and 58800.0 seconds
**(Model)** timestep 100 at simulation time 0 days and 59400.0 seconds
**(Model)** timestep 101 at simulation time 0 days and 60000.0 seconds
**(Model)** timestep 102 at simulation time 0 days and 60600.0 seconds
**(Model)** timestep 103 at simulation time 0 days and 61200.0 seconds
**(Model)** timestep 104 at simulation time 0 days and 61800.0 seconds
**(Model)** timestep 105 at simulation time 0 days and 62400.0 seconds
**(Model)** timestep 106 at simulation time 0 days and 63000.0 seconds
**(Model)** timestep 107 at simulation time 0 days and 63600.0 seconds
**(Model)** timestep 108 at simulation time 0 days and 64200.0 seconds
**(opnfct)** writes file GFCT02R20111009122011101006F.fct.T126L28 at simulation time
**(opnfct)** 0 days and 64800.0 seconds; contains state of the atmosphere at 06Z of 10/10/2011
**(rmsgt)** State of the atmosphere at 06Z of 10/10/2011:
**(rmsgt)** Layers and average means and variances:
**(rmsgt)** LYR  Z.S. DIV.  Z.A. DIV.  Z.S. VOR.  Z.A. VOR.  G.M. TEM.  Z.S. TEM.  Z.A. TEM.  G.M. S.H.  Z.S. S.H.  Z.A. S.H.
**(rmsgt)**  28  7.521D-07  5.191D-06  1.320D-05  2.119D-05   250.46       6.48       5.80    1.678D-06  4.132D-07  1.616D-07
**(rmsgt)**  27  1.881D-06  1.541D-05  1.659D-05  2.102D-05   227.40       3.33       5.34    1.792D-06  7.187D-07  1.996D-07
**(rmsgt)**  26  1.657D-06  1.287D-05  1.500D-05  1.756D-05   221.14       2.53       5.29    1.820D-06  7.976D-07  2.201D-07
**(rmsgt)**  25  1.367D-06  1.106D-05  1.334D-05  1.495D-05   216.80       3.40       5.22    2.000D-06  9.585D-07  2.724D-07
**(rmsgt)**  24  1.667D-06  1.008D-05  1.298D-05  1.322D-05   213.53       4.28       4.75    2.293D-06  1.200D-06  3.314D-07
**(rmsgt)**  23  1.085D-06  9.646D-06  1.072D-05  1.273D-05   210.01       5.70       4.46    2.734D-06  1.372D-06  4.451D-07
**(rmsgt)**  22  1.351D-06  9.310D-06  8.637D-06  1.375D-05   206.23       8.05       4.28    3.182D-06  1.263D-06  5.935D-07
**(rmsgt)**  21  1.465D-06  1.031D-05  8.217D-06  1.803D-05   204.75       9.44       4.05    3.807D-06  1.357D-06  1.557D-06
**(rmsgt)**  20  1.495D-06  1.172D-05  9.272D-06  2.304D-05   207.81       7.51       3.66    6.692D-06  2.371D-06  3.843D-06
**(rmsgt)**  19  1.993D-06  1.133D-05  1.098D-05  3.009D-05   213.21       4.32       3.81    1.649D-05  6.477D-06  1.058D-05
**(rmsgt)**  18  1.884D-06  1.063D-05  1.111D-05  3.705D-05   219.27       4.39       3.73    4.372D-05  2.209D-05  3.081D-05
**(rmsgt)**  17  1.416D-06  8.808D-06  1.021D-05  4.015D-05   226.49       7.25       3.20    1.047D-04  6.186D-05  8.080D-05
**(rmsgt)**  16  9.682D-07  8.231D-06  8.884D-06  3.895D-05   234.90       9.33       3.45    2.098D-04  1.187D-04  1.775D-04
**(rmsgt)**  15  1.040D-06  7.155D-06  7.760D-06  3.487D-05   243.32      10.25       3.90    3.886D-04  2.132D-04  3.366D-04
**(rmsgt)**  14  7.474D-07  6.514D-06  6.800D-06  3.011D-05   251.24      10.71       4.34    6.707D-04  3.648D-04  5.704D-04
**(rmsgt)**  13  6.287D-07  6.042D-06  5.780D-06  2.599D-05   258.12      10.88       4.45    1.060D-03  6.184D-04  8.624D-04
**(rmsgt)**  12  7.107D-07  6.224D-06  5.053D-06  2.299D-05   264.06      11.03       4.66    1.580D-03  9.670D-04  1.195D-03
**(rmsgt)**  11  6.538D-07  6.295D-06  4.529D-06  2.105D-05   268.67      10.93       4.57    2.240D-03  1.403D-03  1.530D-03
**(rmsgt)**  10  6.966D-07  6.543D-06  4.199D-06  1.983D-05   272.64      11.11       4.70    2.999D-03  1.861D-03  1.826D-03
**(rmsgt)**   9  6.927D-07  6.453D-06  4.116D-06  1.925D-05   276.01      11.15       4.70    4.000D-03  2.353D-03  1.980D-03
**(rmsgt)**   8  6.651D-07  6.642D-06  4.286D-06  1.932D-05   278.86      11.37       4.76    5.065D-03  2.785D-03  2.034D-03
**(rmsgt)**   7  9.107D-07  7.160D-06  4.596D-06  1.995D-05   281.34      11.73       4.64    6.059D-03  3.117D-03  2.077D-03
**(rmsgt)**   6  1.246D-06  8.153D-06  4.982D-06  2.101D-05   283.50      12.03       4.63    7.085D-03  3.505D-03  2.168D-03
**(rmsgt)**   5  1.601D-06  9.550D-06  5.235D-06  2.229D-05   285.35      12.35       4.52    8.007D-03  3.930D-03  2.329D-03
**(rmsgt)**   4  1.978D-06  1.073D-05  5.268D-06  2.333D-05   287.03      12.68       4.47    8.825D-03  4.398D-03  2.475D-03
**(rmsgt)**   3  2.178D-06  1.152D-05  5.125D-06  2.312D-05   288.30      13.08       4.43    9.604D-03  4.912D-03  2.576D-03
**(rmsgt)**   2  2.273D-06  1.199D-05  4.673D-06  2.023D-05   289.53      13.42       4.49    1.015D-02  5.201D-03  2.665D-03
**(rmsgt)**   1  2.245D-06  1.188D-05  3.707D-06  1.507D-05   290.00      13.78       4.89    1.062D-02  5.430D-03  2.792D-03
**(rmsgt)** AVE  1.236D-06  8.466D-06  7.562D-06  2.638D-05   252.07      10.06       4.34    2.437D-03  2.009D-03  1.377
**(rmsgt)** Log(surface pressure) mean and variance:
**(rmsgt)**  G.M.LNP.= 4.59    ; Z.S.LNP.=0.435D-01; Z.A.LNP.=0.659D-01
**(wridia)** file also contains diagnostics at 06Z of 10/10/2011:
**(globme)**TOTAL PRECIPITATION                      Std.Dev.=   3.2787832; Glob.Mean=   9.3474524    ; in units of Kg M**-2 Day
**-1
**(globme)**CONVECTIVE PRECIPITATION                 Std.Dev.=   2.5578792; Glob.Mean=   9.0590188    ; in units of Kg M**-2 Day
**-1
**(globme)**SENSIBLE HEAT FLUX FROM SURFACE          Std.Dev.=   20.637801; Glob.Mean=   71.094919    ; in units of W M**-2
**(globme)**LATENT HEAT FLUX FROM SURFACE            Std.Dev.=   96.478025; Glob.Mean=   115.31197    ; in units of W M**-2
**(globme)**OUTGOING LONG WAVE AT TOP                Std.Dev.=   243.70113; Glob.Mean=   48.732267    ; in units of W M**-2
**(globme)**SHORT WAVE ABSORBED AT GROUND            Std.Dev.=   177.97094; Glob.Mean=   254.99469    ; in units of W M**-2
**(globme)**NET LONG WAVE AT BOTTOM                  Std.Dev.=   51.618968; Glob.Mean=   34.708257    ; in units of W M**-2
**(Model)** timestep 109 at simulation time 0 days and 64800.0 seconds
**(Model)** timestep 110 at simulation time 0 days and 65400.0 seconds
**(Model)** timestep 111 at simulation time 0 days and 66000.0 seconds
**(Model)** timestep 112 at simulation time 0 days and 66600.0 seconds
**(Model)** timestep 113 at simulation time 0 days and 67200.0 seconds
**(Model)** timestep 114 at simulation time 0 days and 67800.0 seconds
**(Model)** timestep 115 at simulation time 0 days and 68400.0 seconds
**(Model)** timestep 116 at simulation time 0 days and 69000.0 seconds
**(Model)** timestep 117 at simulation time 0 days and 69600.0 seconds
**(Model)** timestep 118 at simulation time 0 days and 70200.0 seconds
**(Model)** timestep 119 at simulation time 0 days and 70800.0 seconds
**(Model)** timestep 120 at simulation time 0 days and 71400.0 seconds
**(Model)** timestep 121 at simulation time 0 days and 72000.0 seconds
**(Model)** timestep 122 at simulation time 0 days and 72600.0 seconds
**(Model)** timestep 123 at simulation time 0 days and 73200.0 seconds
**(Model)** timestep 124 at simulation time 0 days and 73800.0 seconds
**(Model)** timestep 125 at simulation time 0 days and 74400.0 seconds
**(Model)** timestep 126 at simulation time 0 days and 75000.0 seconds
**(opnfct)** writes file GFCT02R20111009122011101009F.fct.T126L28 at simulation time
**(opnfct)** 0 days and 75600.0 seconds; contains state of the atmosphere at 09Z of 10/10/2011
**(rmsgt)** State of the atmosphere at 09Z of 10/10/2011:
**(rmsgt)** Layers and average means and variances:
**(rmsgt)** LYR  Z.S. DIV.  Z.A. DIV.  Z.S. VOR.  Z.A. VOR.  G.M. TEM.  Z.S. TEM.  Z.A. TEM.  G.M. S.H.  Z.S. S.H.  Z.A. S.H.
**(rmsgt)**  28  7.480D-07  4.742D-06  1.315D-05  2.136D-05   250.49       6.41       5.78    1.679D-06  4.122D-07  1.625D-07
**(rmsgt)**  27  1.690D-06  1.432D-05  1.620D-05  2.107D-05   227.29       3.32       5.46    1.791D-06  7.178D-07  2.011D-07
**(rmsgt)**  26  1.270D-06  1.202D-05  1.491D-05  1.741D-05   221.11       2.51       5.40    1.819D-06  7.973D-07  2.187D-07
**(rmsgt)**  25  1.258D-06  1.037D-05  1.340D-05  1.520D-05   216.81       3.35       5.22    2.001D-06  9.584D-07  2.721D-07
**(rmsgt)**  24  1.170D-06  9.957D-06  1.305D-05  1.341D-05   213.56       4.24       4.76    2.296D-06  1.199D-06  3.315D-07
**(rmsgt)**  23  9.155D-07  9.292D-06  1.076D-05  1.294D-05   210.04       5.69       4.49    2.738D-06  1.371D-06  4.488D-07
**(rmsgt)**  22  1.406D-06  9.271D-06  8.693D-06  1.379D-05   206.23       8.08       4.34    3.191D-06  1.259D-06  6.275D-07
**(rmsgt)**  21  1.436D-06  1.036D-05  8.244D-06  1.789D-05   204.74       9.49       4.07    3.842D-06  1.381D-06  1.655D-06
**(rmsgt)**  20  1.638D-06  1.137D-05  9.319D-06  2.291D-05   207.83       7.53       3.68    6.814D-06  2.469D-06  4.000D-06
**(rmsgt)**  19  2.063D-06  1.109D-05  1.105D-05  2.959D-05   213.24       4.31       3.81    1.672D-05  6.657D-06  1.086D-05
**(rmsgt)**  18  1.964D-06  1.051D-05  1.120D-05  3.626D-05   219.28       4.38       3.70    4.419D-05  2.238D-05  3.168D-05
**(rmsgt)**  17  1.330D-06  8.775D-06  1.032D-05  3.910D-05   226.48       7.25       3.16    1.048D-04  6.171D-05  8.122D-05
**(rmsgt)**  16  1.171D-06  7.853D-06  8.980D-06  3.780D-05   234.87       9.36       3.41    2.096D-04  1.173D-04  1.753D-04
**(rmsgt)**  15  1.041D-06  7.106D-06  7.793D-06  3.400D-05   243.26      10.28       3.87    3.891D-04  2.108D-04  3.304D-04
**(rmsgt)**  14  7.087D-07  6.396D-06  6.760D-06  2.949D-05   251.21      10.72       4.30    6.709D-04  3.609D-04  5.610D-04
**(rmsgt)**  13  5.325D-07  5.980D-06  5.770D-06  2.542D-05   258.11      10.91       4.42    1.056D-03  6.090D-04  8.508D-04
**(rmsgt)**  12  5.782D-07  6.143D-06  5.089D-06  2.249D-05   264.06      11.06       4.65    1.572D-03  9.511D-04  1.183D-03
**(rmsgt)**  11  6.283D-07  6.209D-06  4.639D-06  2.069D-05   268.64      10.93       4.56    2.230D-03  1.382D-03  1.516D-03
**(rmsgt)**  10  8.432D-07  6.443D-06  4.362D-06  1.960D-05   272.58      11.09       4.69    2.986D-03  1.843D-03  1.817D-03
**(rmsgt)**   9  8.291D-07  6.427D-06  4.285D-06  1.907D-05   275.95      11.13       4.70    3.997D-03  2.342D-03  1.971D-03
**(rmsgt)**   8  6.926D-07  6.621D-06  4.431D-06  1.918D-05   278.82      11.36       4.76    5.066D-03  2.778D-03  2.026D-03
**(rmsgt)**   7  8.637D-07  7.191D-06  4.710D-06  1.992D-05   281.32      11.72       4.65    6.063D-03  3.114D-03  2.077D-03
**(rmsgt)**   6  1.167D-06  8.228D-06  5.044D-06  2.111D-05   283.52      12.03       4.61    7.103D-03  3.517D-03  2.184D-03
**(rmsgt)**   5  1.487D-06  9.707D-06  5.253D-06  2.232D-05   285.39      12.37       4.44    8.047D-03  3.959D-03  2.336D-03
**(rmsgt)**   4  1.820D-06  1.116D-05  5.291D-06  2.315D-05   287.13      12.72       4.35    8.854D-03  4.422D-03  2.482D-03
**(rmsgt)**   3  2.083D-06  1.216D-05  5.130D-06  2.283D-05   288.49      13.16       4.33    9.616D-03  4.924D-03  2.586D-03
**(rmsgt)**   2  2.236D-06  1.273D-05  4.627D-06  2.008D-05   289.78      13.51       4.41    1.018D-02  5.222D-03  2.671D-03
**(rmsgt)**   1  2.220D-06  1.286D-05  3.706D-06  1.538D-05   290.47      14.00       4.77    1.064D-02  5.427D-03  2.795D-03
**(rmsgt)** AVE  1.221D-06  8.409D-06  7.609D-06  2.590D-05   252.07      10.07       4.32    2.438D-03  2.010D-03  1.374
**(rmsgt)** Log(surface pressure) mean and variance:
**(rmsgt)**  G.M.LNP.= 4.59    ; Z.S.LNP.=0.435D-01; Z.A.LNP.=0.659D-01
**(wridia)** file also contains diagnostics at 09Z of 10/10/2011:
**(globme)**TOTAL PRECIPITATION                      Std.Dev.=   3.3320546; Glob.Mean=   9.3672141    ; in units of Kg M**-2 Day
**-1
**(globme)**CONVECTIVE PRECIPITATION                 Std.Dev.=   2.6066245; Glob.Mean=   9.0275279    ; in units of Kg M**-2 Day
**-1
**(globme)**SENSIBLE HEAT FLUX FROM SURFACE          Std.Dev.=   27.752063; Glob.Mean=   72.140266    ; in units of W M**-2
**(globme)**LATENT HEAT FLUX FROM SURFACE            Std.Dev.=   97.418520; Glob.Mean=   111.78780    ; in units of W M**-2
**(globme)**OUTGOING LONG WAVE AT TOP                Std.Dev.=   243.39506; Glob.Mean=   50.004047    ; in units of W M**-2
**(globme)**SHORT WAVE ABSORBED AT GROUND            Std.Dev.=   179.06296; Glob.Mean=   256.00322    ; in units of W M**-2
**(globme)**NET LONG WAVE AT BOTTOM                  Std.Dev.=   54.666741; Glob.Mean=   39.066196    ; in units of W M**-2
**(Model)** timestep 127 at simulation time 0 days and 75600.0 seconds
**(Model)** timestep 128 at simulation time 0 days and 76200.0 seconds
**(Model)** timestep 129 at simulation time 0 days and 76800.0 seconds
**(Model)** timestep 130 at simulation time 0 days and 77400.0 seconds
**(Model)** timestep 131 at simulation time 0 days and 78000.0 seconds
**(Model)** timestep 132 at simulation time 0 days and 78600.0 seconds
**(Model)** timestep 133 at simulation time 0 days and 79200.0 seconds
**(Model)** timestep 134 at simulation time 0 days and 79800.0 seconds
**(Model)** timestep 135 at simulation time 0 days and 80400.0 seconds
**(Model)** timestep 136 at simulation time 0 days and 81000.0 seconds
**(Model)** timestep 137 at simulation time 0 days and 81600.0 seconds
**(Model)** timestep 138 at simulation time 0 days and 82200.0 seconds
**(Model)** timestep 139 at simulation time 0 days and 82800.0 seconds
**(Model)** timestep 140 at simulation time 0 days and 83400.0 seconds
**(Model)** timestep 141 at simulation time 0 days and 84000.0 seconds
**(Model)** timestep 142 at simulation time 0 days and 84600.0 seconds
**(Model)** timestep 143 at simulation time 0 days and 85200.0 seconds
**(Model)** timestep 144 at simulation time 0 days and 85800.0 seconds
**(opnfct)** writes file GFCT02R20111009122011101012F.fct.T126L28 at simulation time
**(opnfct)** 1 days and 0.0 seconds; contains state of the atmosphere at 12Z of 10/10/2011
**(rmsgt)** State of the atmosphere at 12Z of 10/10/2011:
**(rmsgt)** Layers and average means and variances:
**(rmsgt)** LYR  Z.S. DIV.  Z.A. DIV.  Z.S. VOR.  Z.A. VOR.  G.M. TEM.  Z.S. TEM.  Z.A. TEM.  G.M. S.H.  Z.S. S.H.  Z.A. S.H.
**(rmsgt)**  28  8.292D-07  4.636D-06  1.315D-05  2.158D-05   250.51       6.40       5.82    1.681D-06  4.110D-07  1.633D-07
**(rmsgt)**  27  1.889D-06  1.394D-05  1.614D-05  2.092D-05   227.20       3.33       5.61    1.790D-06  7.167D-07  2.017D-07
**(rmsgt)**  26  1.403D-06  1.177D-05  1.484D-05  1.716D-05   221.07       2.53       5.37    1.819D-06  7.966D-07  2.179D-07
**(rmsgt)**  25  1.213D-06  1.046D-05  1.324D-05  1.498D-05   216.80       3.30       5.21    2.002D-06  9.593D-07  2.713D-07
**(rmsgt)**  24  1.166D-06  9.409D-06  1.289D-05  1.347D-05   213.58       4.20       4.80    2.299D-06  1.198D-06  3.300D-07
**(rmsgt)**  23  1.096D-06  9.334D-06  1.076D-05  1.305D-05   210.07       5.70       4.49    2.741D-06  1.370D-06  4.532D-07
**(rmsgt)**  22  1.193D-06  9.211D-06  8.777D-06  1.387D-05   206.23       8.13       4.35    3.196D-06  1.259D-06  6.495D-07
**(rmsgt)**  21  1.604D-06  1.025D-05  8.315D-06  1.768D-05   204.73       9.56       4.09    3.869D-06  1.401D-06  1.727D-06
**(rmsgt)**  20  1.683D-06  1.113D-05  9.367D-06  2.266D-05   207.85       7.55       3.67    6.947D-06  2.560D-06  4.143D-06
**(rmsgt)**  19  2.130D-06  1.089D-05  1.110D-05  2.911D-05   213.27       4.29       3.79    1.699D-05  6.874D-06  1.114D-05
**(rmsgt)**  18  1.848D-06  1.040D-05  1.135D-05  3.548D-05   219.29       4.38       3.67    4.465D-05  2.297D-05  3.236D-05
**(rmsgt)**  17  1.378D-06  8.618D-06  1.058D-05  3.812D-05   226.47       7.27       3.14    1.048D-04  6.237D-05  8.097D-05
**(rmsgt)**  16  1.277D-06  7.749D-06  9.129D-06  3.682D-05   234.83       9.38       3.38    2.090D-04  1.165D-04  1.717D-04
**(rmsgt)**  15  1.058D-06  6.986D-06  7.854D-06  3.330D-05   243.21      10.30       3.85    3.879D-04  2.089D-04  3.216D-04
**(rmsgt)**  14  7.025D-07  6.417D-06  6.774D-06  2.897D-05   251.17      10.74       4.28    6.693D-04  3.575D-04  5.461D-04
**(rmsgt)**  13  5.260D-07  6.023D-06  5.799D-06  2.503D-05   258.09      10.93       4.40    1.053D-03  6.006D-04  8.305D-04
**(rmsgt)**  12  6.000D-07  6.033D-06  5.193D-06  2.220D-05   264.06      11.08       4.63    1.568D-03  9.377D-04  1.164D-03
**(rmsgt)**  11  6.949D-07  6.136D-06  4.773D-06  2.043D-05   268.61      10.93       4.54    2.223D-03  1.366D-03  1.498D-03
**(rmsgt)**  10  8.511D-07  6.438D-06  4.528D-06  1.938D-05   272.53      11.07       4.69    2.977D-03  1.828D-03  1.804D-03
**(rmsgt)**   9  8.233D-07  6.608D-06  4.408D-06  1.883D-05   275.90      11.11       4.71    4.001D-03  2.338D-03  1.959D-03
**(rmsgt)**   8  7.036D-07  6.748D-06  4.486D-06  1.900D-05   278.79      11.35       4.77    5.081D-03  2.784D-03  2.012D-03
**(rmsgt)**   7  8.141D-07  7.100D-06  4.713D-06  1.978D-05   281.34      11.74       4.65    6.091D-03  3.134D-03  2.064D-03
**(rmsgt)**   6  1.074D-06  8.112D-06  5.076D-06  2.111D-05   283.59      12.08       4.59    7.125D-03  3.537D-03  2.181D-03
**(rmsgt)**   5  1.414D-06  9.756D-06  5.372D-06  2.237D-05   285.51      12.45       4.46    8.057D-03  3.976D-03  2.351D-03
**(rmsgt)**   4  1.733D-06  1.143D-05  5.371D-06  2.319D-05   287.28      12.82       4.41    8.840D-03  4.422D-03  2.517D-03
**(rmsgt)**   3  2.014D-06  1.258D-05  5.138D-06  2.293D-05   288.67      13.29       4.44    9.577D-03  4.901D-03  2.638D-03
**(rmsgt)**   2  2.205D-06  1.323D-05  4.593D-06  2.031D-05   289.97      13.65       4.54    1.016D-02  5.210D-03  2.738D-03
**(rmsgt)**   1  2.159D-06  1.307D-05  3.667D-06  1.552D-05   290.66      14.18       4.89    1.064D-02  5.422D-03  2.882D-03
**(rmsgt)** AVE  1.224D-06  8.379D-06  7.679D-06  2.549D-05   252.08      10.10       4.32    2.438D-03  2.010D-03  1.375
**(rmsgt)** Log(surface pressure) mean and variance:
**(rmsgt)**  G.M.LNP.= 4.59    ; Z.S.LNP.=0.436D-01; Z.A.LNP.=0.660D-01
**(wridia)** file also contains diagnostics at 12Z of 10/10/2011:
**(globme)**TOTAL PRECIPITATION                      Std.Dev.=   3.3332285; Glob.Mean=   9.4204423    ; in units of Kg M**-2 Day
**-1
**(globme)**CONVECTIVE PRECIPITATION                 Std.Dev.=   2.5896683; Glob.Mean=   8.9817723    ; in units of Kg M**-2 Day
**-1
**(globme)**SENSIBLE HEAT FLUX FROM SURFACE          Std.Dev.=   30.657654; Glob.Mean=   94.409271    ; in units of W M**-2
**(globme)**LATENT HEAT FLUX FROM SURFACE            Std.Dev.=   95.345507; Glob.Mean=   109.54674    ; in units of W M**-2
**(globme)**OUTGOING LONG WAVE AT TOP                Std.Dev.=   243.80734; Glob.Mean=   52.251682    ; in units of W M**-2
**(globme)**SHORT WAVE ABSORBED AT GROUND            Std.Dev.=   180.73019; Glob.Mean=   256.63730    ; in units of W M**-2
**(globme)**NET LONG WAVE AT BOTTOM                  Std.Dev.=   58.049374; Glob.Mean=   45.488383    ; in units of W M**-2
**(Model)** timestep 145 at simulation time 1 days and 0.0 seconds
**(Model)** timestep 146 at simulation time 1 days and 600.0 seconds
**(Model)** timestep 147 at simulation time 1 days and 1200.0 seconds
**(Model)** timestep 148 at simulation time 1 days and 1800.0 seconds
**(Model)** timestep 149 at simulation time 1 days and 2400.0 seconds
**(Model)** timestep 150 at simulation time 1 days and 3000.0 seconds
**(Model)** timestep 151 at simulation time 1 days and 3600.0 seconds
**(Model)** timestep 152 at simulation time 1 days and 4200.0 seconds
**(Model)** timestep 153 at simulation time 1 days and 4800.0 seconds
**(Model)** timestep 154 at simulation time 1 days and 5400.0 seconds
**(Model)** timestep 155 at simulation time 1 days and 6000.0 seconds
**(Model)** timestep 156 at simulation time 1 days and 6600.0 seconds
**(Model)** timestep 157 at simulation time 1 days and 7200.0 seconds
**(Model)** timestep 158 at simulation time 1 days and 7800.0 seconds
**(Model)** timestep 159 at simulation time 1 days and 8400.0 seconds
**(Model)** timestep 160 at simulation time 1 days and 9000.0 seconds
**(Model)** timestep 161 at simulation time 1 days and 9600.0 seconds
**(Model)** timestep 162 at simulation time 1 days and 10200.0 seconds
**(opnfct)** writes file GFCT02R20111009122011101015F.fct.T126L28 at simulation time
**(opnfct)** 1 days and 10800.0 seconds; contains state of the atmosphere at 15Z of 10/10/2011
**(rmsgt)** State of the atmosphere at 15Z of 10/10/2011:
**(rmsgt)** Layers and average means and variances:
**(rmsgt)** LYR  Z.S. DIV.  Z.A. DIV.  Z.S. VOR.  Z.A. VOR.  G.M. TEM.  Z.S. TEM.  Z.A. TEM.  G.M. S.H.  Z.S. S.H.  Z.A. S.H.
**(rmsgt)**  28  7.780D-07  4.452D-06  1.303D-05  2.159D-05   250.52       6.45       5.81    1.681D-06  4.103D-07  1.639D-07
**(rmsgt)**  27  1.825D-06  1.311D-05  1.625D-05  2.067D-05   227.14       3.39       5.79    1.789D-06  7.162D-07  2.008D-07
**(rmsgt)**  26  1.491D-06  1.187D-05  1.497D-05  1.739D-05   221.04       2.56       5.30    1.821D-06  7.961D-07  2.166D-07
**(rmsgt)**  25  1.436D-06  1.059D-05  1.326D-05  1.488D-05   216.79       3.33       5.13    2.005D-06  9.585D-07  2.710D-07
**(rmsgt)**  24  1.268D-06  9.507D-06  1.270D-05  1.354D-05   213.59       4.19       4.76    2.301D-06  1.198D-06  3.307D-07
**(rmsgt)**  23  1.218D-06  8.975D-06  1.067D-05  1.314D-05   210.10       5.70       4.46    2.741D-06  1.369D-06  4.588D-07
**(rmsgt)**  22  1.326D-06  8.708D-06  8.637D-06  1.392D-05   206.25       8.15       4.29    3.202D-06  1.263D-06  6.926D-07
**(rmsgt)**  21  1.554D-06  1.024D-05  8.268D-06  1.747D-05   204.73       9.59       4.04    3.906D-06  1.434D-06  1.847D-06
**(rmsgt)**  20  1.554D-06  1.128D-05  9.389D-06  2.248D-05   207.87       7.54       3.67    7.062D-06  2.639D-06  4.337D-06
**(rmsgt)**  19  2.121D-06  1.065D-05  1.109D-05  2.886D-05   213.29       4.27       3.78    1.720D-05  6.977D-06  1.140D-05
**(rmsgt)**  18  1.782D-06  9.825D-06  1.150D-05  3.482D-05   219.30       4.38       3.67    4.500D-05  2.347D-05  3.266D-05
**(rmsgt)**  17  1.382D-06  8.578D-06  1.086D-05  3.730D-05   226.46       7.29       3.13    1.048D-04  6.317D-05  8.051D-05
**(rmsgt)**  16  1.093D-06  7.909D-06  9.324D-06  3.603D-05   234.81       9.41       3.35    2.089D-04  1.166D-04  1.688D-04
**(rmsgt)**  15  9.874D-07  7.054D-06  7.953D-06  3.270D-05   243.17      10.34       3.83    3.872D-04  2.082D-04  3.150D-04
**(rmsgt)**  14  7.702D-07  6.371D-06  6.837D-06  2.852D-05   251.14      10.76       4.26    6.690D-04  3.540D-04  5.343D-04
**(rmsgt)**  13  5.678D-07  6.035D-06  5.833D-06  2.473D-05   258.07      10.97       4.39    1.051D-03  5.913D-04  8.133D-04
**(rmsgt)**  12  6.081D-07  6.097D-06  5.219D-06  2.195D-05   264.06      11.11       4.62    1.566D-03  9.246D-04  1.147D-03
**(rmsgt)**  11  6.576D-07  6.202D-06  4.805D-06  2.022D-05   268.59      10.93       4.54    2.217D-03  1.349D-03  1.480D-03
**(rmsgt)**  10  7.187D-07  6.408D-06  4.560D-06  1.918D-05   272.48      11.07       4.69    2.973D-03  1.815D-03  1.792D-03
**(rmsgt)**   9  7.202D-07  6.623D-06  4.415D-06  1.864D-05   275.87      11.11       4.71    4.008D-03  2.336D-03  1.950D-03
**(rmsgt)**   8  5.857D-07  6.759D-06  4.512D-06  1.878D-05   278.78      11.37       4.78    5.099D-03  2.794D-03  2.002D-03
**(rmsgt)**   7  6.778D-07  7.105D-06  4.766D-06  1.955D-05   281.37      11.77       4.67    6.099D-03  3.142D-03  2.069D-03
**(rmsgt)**   6  9.819D-07  8.096D-06  5.135D-06  2.088D-05   283.64      12.13       4.61    7.126D-03  3.545D-03  2.208D-03
**(rmsgt)**   5  1.340D-06  9.605D-06  5.393D-06  2.228D-05   285.60      12.51       4.49    8.058D-03  3.981D-03  2.413D-03
**(rmsgt)**   4  1.634D-06  1.114D-05  5.456D-06  2.331D-05   287.37      12.90       4.45    8.818D-03  4.408D-03  2.583D-03
**(rmsgt)**   3  1.937D-06  1.246D-05  5.244D-06  2.314D-05   288.75      13.38       4.54    9.555D-03  4.883D-03  2.691D-03
**(rmsgt)**   2  2.185D-06  1.328D-05  4.620D-06  2.035D-05   290.03      13.74       4.63    1.016D-02  5.205D-03  2.783D-03
**(rmsgt)**   1  2.127D-06  1.307D-05  3.556D-06  1.515D-05   290.67      14.28       4.96    1.065D-02  5.417D-03  2.930D-03
**(rmsgt)** AVE  1.183D-06  8.313D-06  7.736D-06  2.514D-05   252.07      10.12       4.32    2.438D-03  2.008D-03  1.382
**(rmsgt)** Log(surface pressure) mean and variance:
**(rmsgt)**  G.M.LNP.= 4.59    ; Z.S.LNP.=0.436D-01; Z.A.LNP.=0.659D-01
**(wridia)** file also contains diagnostics at 15Z of 10/10/2011:
**(globme)**TOTAL PRECIPITATION                      Std.Dev.=   3.3754867; Glob.Mean=   9.3611695    ; in units of Kg M**-2 Day
**-1
**(globme)**CONVECTIVE PRECIPITATION                 Std.Dev.=   2.6327867; Glob.Mean=   8.8825296    ; in units of Kg M**-2 Day
**-1
**(globme)**SENSIBLE HEAT FLUX FROM SURFACE          Std.Dev.=   26.222628; Glob.Mean=   82.015184    ; in units of W M**-2
**(globme)**LATENT HEAT FLUX FROM SURFACE            Std.Dev.=   95.454936; Glob.Mean=   107.76018    ; in units of W M**-2
**(globme)**OUTGOING LONG WAVE AT TOP                Std.Dev.=   243.99653; Glob.Mean=   53.097173    ; in units of W M**-2
**(globme)**SHORT WAVE ABSORBED AT GROUND            Std.Dev.=   181.27575; Glob.Mean=   260.42278    ; in units of W M**-2
**(globme)**NET LONG WAVE AT BOTTOM                  Std.Dev.=   58.034645; Glob.Mean=   46.828594    ; in units of W M**-2
**(Model)** timestep 163 at simulation time 1 days and 10800.0 seconds
**(Model)** timestep 164 at simulation time 1 days and 11400.0 seconds
**(Model)** timestep 165 at simulation time 1 days and 12000.0 seconds
**(Model)** timestep 166 at simulation time 1 days and 12600.0 seconds
**(Model)** timestep 167 at simulation time 1 days and 13200.0 seconds
**(Model)** timestep 168 at simulation time 1 days and 13800.0 seconds
**(Model)** timestep 169 at simulation time 1 days and 14400.0 seconds
**(Model)** timestep 170 at simulation time 1 days and 15000.0 seconds
**(Model)** timestep 171 at simulation time 1 days and 15600.0 seconds
**(Model)** timestep 172 at simulation time 1 days and 16200.0 seconds
**(Model)** timestep 173 at simulation time 1 days and 16800.0 seconds
**(Model)** timestep 174 at simulation time 1 days and 17400.0 seconds
**(Model)** timestep 175 at simulation time 1 days and 18000.0 seconds
**(Model)** timestep 176 at simulation time 1 days and 18600.0 seconds
**(Model)** timestep 177 at simulation time 1 days and 19200.0 seconds
**(Model)** timestep 178 at simulation time 1 days and 19800.0 seconds
**(Model)** timestep 179 at simulation time 1 days and 20400.0 seconds
**(Model)** timestep 180 at simulation time 1 days and 21000.0 seconds
**(opnfct)** writes file GFCT02R20111009122011101018F.fct.T126L28 at simulation time
**(opnfct)** 1 days and 21600.0 seconds; contains state of the atmosphere at 18Z of 10/10/2011
**(rmsgt)** State of the atmosphere at 18Z of 10/10/2011:
**(rmsgt)** Layers and average means and variances:
**(rmsgt)** LYR  Z.S. DIV.  Z.A. DIV.  Z.S. VOR.  Z.A. VOR.  G.M. TEM.  Z.S. TEM.  Z.A. TEM.  G.M. S.H.  Z.S. S.H.  Z.A. S.H.
**(rmsgt)**  28  7.360D-07  4.308D-06  1.315D-05  2.167D-05   250.53       6.46       5.73    1.681D-06  4.094D-07  1.640D-07
**(rmsgt)**  27  1.734D-06  1.282D-05  1.608D-05  2.068D-05   227.06       3.46       5.93    1.789D-06  7.173D-07  1.992D-07
**(rmsgt)**  26  1.467D-06  1.139D-05  1.493D-05  1.789D-05   221.01       2.59       5.27    1.823D-06  7.976D-07  2.146D-07
**(rmsgt)**  25  1.745D-06  1.055D-05  1.326D-05  1.496D-05   216.79       3.38       5.07    2.008D-06  9.577D-07  2.732D-07
**(rmsgt)**  24  1.110D-06  9.158D-06  1.270D-05  1.374D-05   213.60       4.18       4.76    2.301D-06  1.196D-06  3.341D-07
**(rmsgt)**  23  1.195D-06  8.615D-06  1.069D-05  1.294D-05   210.12       5.68       4.46    2.740D-06  1.365D-06  4.643D-07
**(rmsgt)**  22  8.465D-07  8.466D-06  8.465D-06  1.376D-05   206.26       8.13       4.30    3.217D-06  1.270D-06  7.694D-07
**(rmsgt)**  21  1.471D-06  9.900D-06  8.169D-06  1.725D-05   204.73       9.58       4.03    3.949D-06  1.467D-06  1.948D-06
**(rmsgt)**  20  1.479D-06  1.140D-05  9.346D-06  2.220D-05   207.87       7.52       3.69    7.156D-06  2.654D-06  4.416D-06
**(rmsgt)**  19  1.963D-06  1.088D-05  1.110D-05  2.854D-05   213.32       4.24       3.77    1.735D-05  7.019D-06  1.152D-05
**(rmsgt)**  18  1.848D-06  9.664D-06  1.164D-05  3.412D-05   219.32       4.38       3.65    4.527D-05  2.377D-05  3.298D-05
**(rmsgt)**  17  1.198D-06  8.601D-06  1.094D-05  3.651D-05   226.46       7.32       3.13    1.050D-04  6.354D-05  8.080D-05
**(rmsgt)**  16  1.119D-06  8.104D-06  9.434D-06  3.541D-05   234.79       9.44       3.33    2.090D-04  1.154D-04  1.681D-04
**(rmsgt)**  15  9.979D-07  7.105D-06  8.048D-06  3.229D-05   243.13      10.37       3.82    3.870D-04  2.060D-04  3.127D-04
**(rmsgt)**  14  8.158D-07  6.484D-06  6.936D-06  2.826D-05   251.11      10.78       4.27    6.691D-04  3.479D-04  5.284D-04
**(rmsgt)**  13  6.301D-07  6.009D-06  5.892D-06  2.451D-05   258.06      10.99       4.40    1.048D-03  5.774D-04  8.024D-04
**(rmsgt)**  12  6.580D-07  6.060D-06  5.224D-06  2.176D-05   264.07      11.13       4.63    1.563D-03  9.089D-04  1.131D-03
**(rmsgt)**  11  6.491D-07  6.146D-06  4.829D-06  2.009D-05   268.57      10.93       4.54    2.213D-03  1.334D-03  1.463D-03
**(rmsgt)**  10  6.144D-07  6.324D-06  4.573D-06  1.907D-05   272.44      11.07       4.69    2.965D-03  1.803D-03  1.782D-03
**(rmsgt)**   9  5.751D-07  6.327D-06  4.463D-06  1.854D-05   275.83      11.12       4.72    4.007D-03  2.330D-03  1.943D-03
**(rmsgt)**   8  4.901D-07  6.502D-06  4.581D-06  1.865D-05   278.77      11.39       4.77    5.098D-03  2.793D-03  2.016D-03
**(rmsgt)**   7  6.753D-07  6.986D-06  4.854D-06  1.935D-05   281.38      11.77       4.66    6.101D-03  3.141D-03  2.101D-03
**(rmsgt)**   6  1.027D-06  8.226D-06  5.212D-06  2.070D-05   283.67      12.14       4.59    7.139D-03  3.548D-03  2.259D-03
**(rmsgt)**   5  1.418D-06  9.906D-06  5.477D-06  2.221D-05   285.63      12.53       4.49    8.056D-03  3.980D-03  2.458D-03
**(rmsgt)**   4  1.713D-06  1.170D-05  5.512D-06  2.337D-05   287.37      12.91       4.45    8.802D-03  4.393D-03  2.617D-03
**(rmsgt)**   3  1.901D-06  1.321D-05  5.250D-06  2.326D-05   288.74      13.38       4.53    9.536D-03  4.861D-03  2.707D-03
**(rmsgt)**   2  2.108D-06  1.398D-05  4.564D-06  2.032D-05   289.99      13.72       4.61    1.016D-02  5.202D-03  2.773D-03
**(rmsgt)**   1  2.094D-06  1.363D-05  3.471D-06  1.487D-05   290.53      14.19       4.95    1.067D-02  5.432D-03  2.909D-03
**(rmsgt)** AVE  1.152D-06  8.350D-06  7.775D-06  2.485D-05   252.06      10.13       4.32    2.437D-03  2.004D-03  1.387
**(rmsgt)** Log(surface pressure) mean and variance:
**(rmsgt)**  G.M.LNP.= 4.59    ; Z.S.LNP.=0.437D-01; Z.A.LNP.=0.659D-01
**(wridia)** file also contains diagnostics at 18Z of 10/10/2011:
**(globme)**TOTAL PRECIPITATION                      Std.Dev.=   3.4016318; Glob.Mean=   9.6329129    ; in units of Kg M**-2 Day
**-1
**(globme)**CONVECTIVE PRECIPITATION                 Std.Dev.=   2.6540367; Glob.Mean=   9.1803391    ; in units of Kg M**-2 Day
**-1
**(globme)**SENSIBLE HEAT FLUX FROM SURFACE          Std.Dev.=   18.571511; Glob.Mean=   75.084629    ; in units of W M**-2
**(globme)**LATENT HEAT FLUX FROM SURFACE            Std.Dev.=   93.977903; Glob.Mean=   107.83686    ; in units of W M**-2
**(globme)**OUTGOING LONG WAVE AT TOP                Std.Dev.=   242.24364; Glob.Mean=   52.638837    ; in units of W M**-2
**(globme)**SHORT WAVE ABSORBED AT GROUND            Std.Dev.=   179.47797; Glob.Mean=   253.13349    ; in units of W M**-2
**(globme)**NET LONG WAVE AT BOTTOM                  Std.Dev.=   55.729723; Glob.Mean=   41.528961    ; in units of W M**-2
**(Model)** timestep 181 at simulation time 1 days and 21600.0 seconds
**(Model)** timestep 182 at simulation time 1 days and 22200.0 seconds
**(Model)** timestep 183 at simulation time 1 days and 22800.0 seconds
**(Model)** timestep 184 at simulation time 1 days and 23400.0 seconds
**(Model)** timestep 185 at simulation time 1 days and 24000.0 seconds
**(Model)** timestep 186 at simulation time 1 days and 24600.0 seconds
**(Model)** timestep 187 at simulation time 1 days and 25200.0 seconds
**(Model)** timestep 188 at simulation time 1 days and 25800.0 seconds
**(Model)** timestep 189 at simulation time 1 days and 26400.0 seconds
**(Model)** timestep 190 at simulation time 1 days and 27000.0 seconds
**(Model)** timestep 191 at simulation time 1 days and 27600.0 seconds
**(Model)** timestep 192 at simulation time 1 days and 28200.0 seconds
**(Model)** timestep 193 at simulation time 1 days and 28800.0 seconds
**(Model)** timestep 194 at simulation time 1 days and 29400.0 seconds
**(Model)** timestep 195 at simulation time 1 days and 30000.0 seconds
**(Model)** timestep 196 at simulation time 1 days and 30600.0 seconds
**(Model)** timestep 197 at simulation time 1 days and 31200.0 seconds
**(Model)** timestep 198 at simulation time 1 days and 31800.0 seconds
**(opnfct)** writes file GFCT02R20111009122011101021F.fct.T126L28 at simulation time
**(opnfct)** 1 days and 32400.0 seconds; contains state of the atmosphere at 21Z of 10/10/2011
**(rmsgt)** State of the atmosphere at 21Z of 10/10/2011:
**(rmsgt)** Layers and average means and variances:
**(rmsgt)** LYR  Z.S. DIV.  Z.A. DIV.  Z.S. VOR.  Z.A. VOR.  G.M. TEM.  Z.S. TEM.  Z.A. TEM.  G.M. S.H.  Z.S. S.H.  Z.A. S.H.
**(rmsgt)**  28  8.272D-07  4.120D-06  1.319D-05  2.170D-05   250.54       6.49       5.67    1.682D-06  4.091D-07  1.642D-07
**(rmsgt)**  27  1.591D-06  1.284D-05  1.604D-05  2.066D-05   226.97       3.45       5.94    1.790D-06  7.166D-07  1.981D-07
**(rmsgt)**  26  1.729D-06  1.126D-05  1.498D-05  1.786D-05   220.98       2.55       5.19    1.825D-06  7.990D-07  2.137D-07
**(rmsgt)**  25  1.446D-06  1.041D-05  1.322D-05  1.530D-05   216.79       3.37       5.01    2.009D-06  9.590D-07  2.743D-07
**(rmsgt)**  24  1.275D-06  9.008D-06  1.268D-05  1.384D-05   213.63       4.13       4.77    2.300D-06  1.195D-06  3.355D-07
**(rmsgt)**  23  1.091D-06  8.524D-06  1.080D-05  1.288D-05   210.15       5.63       4.47    2.739D-06  1.359D-06  4.693D-07
**(rmsgt)**  22  1.124D-06  8.308D-06  8.468D-06  1.382D-05   206.28       8.09       4.35    3.233D-06  1.280D-06  8.212D-07
**(rmsgt)**  21  1.398D-06  9.738D-06  8.199D-06  1.713D-05   204.74       9.57       4.03    3.984D-06  1.490D-06  1.979D-06
**(rmsgt)**  20  1.437D-06  1.150D-05  9.437D-06  2.202D-05   207.88       7.50       3.68    7.257D-06  2.675D-06  4.453D-06
**(rmsgt)**  19  1.790D-06  1.094D-05  1.123D-05  2.817D-05   213.33       4.22       3.74    1.765D-05  7.230D-06  1.181D-05
**(rmsgt)**  18  1.761D-06  9.627D-06  1.181D-05  3.351D-05   219.33       4.38       3.62    4.583D-05  2.441D-05  3.372D-05
**(rmsgt)**  17  1.134D-06  8.617D-06  1.094D-05  3.571D-05   226.44       7.33       3.11    1.056D-04  6.425D-05  8.203D-05
**(rmsgt)**  16  1.176D-06  8.138D-06  9.515D-06  3.479D-05   234.75       9.47       3.32    2.102D-04  1.151D-04  1.683D-04
**(rmsgt)**  15  1.065D-06  7.307D-06  8.123D-06  3.193D-05   243.08      10.39       3.81    3.888D-04  2.054D-04  3.131D-04
**(rmsgt)**  14  8.972D-07  6.686D-06  6.960D-06  2.801D-05   251.08      10.78       4.28    6.713D-04  3.452D-04  5.252D-04
**(rmsgt)**  13  6.605D-07  6.145D-06  5.905D-06  2.428D-05   258.03      11.00       4.41    1.049D-03  5.683D-04  7.970D-04
**(rmsgt)**  12  6.270D-07  6.035D-06  5.252D-06  2.162D-05   264.06      11.14       4.64    1.561D-03  8.984D-04  1.123D-03
**(rmsgt)**  11  6.372D-07  5.985D-06  4.867D-06  1.999D-05   268.54      10.92       4.56    2.208D-03  1.325D-03  1.450D-03
**(rmsgt)**  10  6.124D-07  6.128D-06  4.587D-06  1.896D-05   272.39      11.06       4.71    2.959D-03  1.794D-03  1.772D-03
**(rmsgt)**   9  6.332D-07  6.385D-06  4.485D-06  1.845D-05   275.79      11.11       4.73    4.010D-03  2.328D-03  1.942D-03
**(rmsgt)**   8  6.229D-07  6.634D-06  4.615D-06  1.859D-05   278.74      11.39       4.76    5.094D-03  2.789D-03  2.032D-03
**(rmsgt)**   7  8.382D-07  7.094D-06  4.900D-06  1.935D-05   281.37      11.77       4.65    6.099D-03  3.137D-03  2.129D-03
**(rmsgt)**   6  1.201D-06  8.076D-06  5.245D-06  2.070D-05   283.66      12.13       4.58    7.132D-03  3.546D-03  2.289D-03
**(rmsgt)**   5  1.574D-06  9.575D-06  5.474D-06  2.228D-05   285.60      12.52       4.50    8.045D-03  3.971D-03  2.481D-03
**(rmsgt)**   4  1.818D-06  1.138D-05  5.485D-06  2.353D-05   287.32      12.87       4.46    8.782D-03  4.373D-03  2.635D-03
**(rmsgt)**   3  1.966D-06  1.281D-05  5.226D-06  2.343D-05   288.65      13.29       4.54    9.534D-03  4.862D-03  2.710D-03
**(rmsgt)**   2  2.155D-06  1.345D-05  4.531D-06  2.039D-05   289.86      13.61       4.63    1.018D-02  5.223D-03  2.750D-03
**(rmsgt)**   1  2.139D-06  1.315D-05  3.426D-06  1.490D-05   290.20      13.98       5.08    1.072D-02  5.481D-03  2.883D-03
**(rmsgt)** AVE  1.170D-06  8.302D-06  7.817D-06  2.460D-05   252.04      10.12       4.32    2.436D-03  2.002D-03  1.390
**(rmsgt)** Log(surface pressure) mean and variance:
**(rmsgt)**  G.M.LNP.= 4.59    ; Z.S.LNP.=0.437D-01; Z.A.LNP.=0.659D-01
**(wridia)** file also contains diagnostics at 21Z of 10/10/2011:
**(globme)**TOTAL PRECIPITATION                      Std.Dev.=   3.2275688; Glob.Mean=   9.2247787    ; in units of Kg M**-2 Day
**-1
**(globme)**CONVECTIVE PRECIPITATION                 Std.Dev.=   2.4550260; Glob.Mean=   8.7490220    ; in units of Kg M**-2 Day
**-1
**(globme)**SENSIBLE HEAT FLUX FROM SURFACE          Std.Dev.=   11.821274; Glob.Mean=   58.448038    ; in units of W M**-2
**(globme)**LATENT HEAT FLUX FROM SURFACE            Std.Dev.=   89.348489; Glob.Mean=   103.48405    ; in units of W M**-2
**(globme)**OUTGOING LONG WAVE AT TOP                Std.Dev.=   241.95151; Glob.Mean=   51.528878    ; in units of W M**-2
**(globme)**SHORT WAVE ABSORBED AT GROUND            Std.Dev.=   183.25926; Glob.Mean=   265.47314    ; in units of W M**-2
**(globme)**NET LONG WAVE AT BOTTOM                  Std.Dev.=   53.687012; Glob.Mean=   37.081076    ; in units of W M**-2
**(Model)** timestep 199 at simulation time 1 days and 32400.0 seconds
**(Model)** timestep 200 at simulation time 1 days and 33000.0 seconds
**(Model)** timestep 201 at simulation time 1 days and 33600.0 seconds
**(Model)** timestep 202 at simulation time 1 days and 34200.0 seconds
**(Model)** timestep 203 at simulation time 1 days and 34800.0 seconds
**(Model)** timestep 204 at simulation time 1 days and 35400.0 seconds
**(Model)** timestep 205 at simulation time 1 days and 36000.0 seconds
**(Model)** timestep 206 at simulation time 1 days and 36600.0 seconds
**(Model)** timestep 207 at simulation time 1 days and 37200.0 seconds
**(Model)** timestep 208 at simulation time 1 days and 37800.0 seconds
**(Model)** timestep 209 at simulation time 1 days and 38400.0 seconds
**(Model)** timestep 210 at simulation time 1 days and 39000.0 seconds
**(Model)** timestep 211 at simulation time 1 days and 39600.0 seconds
**(Model)** timestep 212 at simulation time 1 days and 40200.0 seconds
**(Model)** timestep 213 at simulation time 1 days and 40800.0 seconds
**(Model)** timestep 214 at simulation time 1 days and 41400.0 seconds
**(Model)** timestep 215 at simulation time 1 days and 42000.0 seconds
**(Model)** timestep 216 at simulation time 1 days and 42600.0 seconds
**(opnfct)** writes file GFCT02R20111009122011101100F.fct.T126L28 at simulation time
**(opnfct)** 1 days and 43200.0 seconds; contains state of the atmosphere at 00Z of 11/10/2011
**(rmsgt)** State of the atmosphere at 00Z of 11/10/2011:
**(rmsgt)** Layers and average means and variances:
**(rmsgt)** LYR  Z.S. DIV.  Z.A. DIV.  Z.S. VOR.  Z.A. VOR.  G.M. TEM.  Z.S. TEM.  Z.A. TEM.  G.M. S.H.  Z.S. S.H.  Z.A. S.H.
**(rmsgt)**  28  6.614D-07  4.110D-06  1.320D-05  2.159D-05   250.54       6.51       5.64    1.683D-06  4.091D-07  1.642D-07
**(rmsgt)**  27  1.992D-06  1.309D-05  1.608D-05  2.073D-05   226.90       3.46       6.07    1.792D-06  7.142D-07  1.983D-07
**(rmsgt)**  26  1.486D-06  1.142D-05  1.495D-05  1.797D-05   220.93       2.49       5.20    1.827D-06  7.993D-07  2.128D-07
**(rmsgt)**  25  1.216D-06  1.034D-05  1.325D-05  1.553D-05   216.79       3.41       4.99    2.010D-06  9.600D-07  2.752D-07
**(rmsgt)**  24  9.547D-07  9.048D-06  1.274D-05  1.389D-05   213.68       4.10       4.73    2.299D-06  1.194D-06  3.380D-07
**(rmsgt)**  23  1.248D-06  8.504D-06  1.082D-05  1.289D-05   210.20       5.58       4.45    2.738D-06  1.355D-06  4.715D-07
**(rmsgt)**  22  1.135D-06  8.377D-06  8.504D-06  1.402D-05   206.30       8.06       4.34    3.247D-06  1.290D-06  8.483D-07
**(rmsgt)**  21  1.500D-06  9.749D-06  8.201D-06  1.734D-05   204.75       9.55       4.03    4.018D-06  1.502D-06  1.976D-06
**(rmsgt)**  20  1.540D-06  1.138D-05  9.547D-06  2.220D-05   207.88       7.48       3.68    7.361D-06  2.723D-06  4.529D-06
**(rmsgt)**  19  1.662D-06  1.088D-05  1.137D-05  2.798D-05   213.35       4.20       3.73    1.795D-05  7.450D-06  1.223D-05
**(rmsgt)**  18  1.605D-06  9.453D-06  1.192D-05  3.307D-05   219.33       4.39       3.60    4.641D-05  2.489D-05  3.456D-05
**(rmsgt)**  17  1.289D-06  8.576D-06  1.096D-05  3.505D-05   226.42       7.34       3.08    1.059D-04  6.450D-05  8.300D-05
**(rmsgt)**  16  1.118D-06  8.046D-06  9.606D-06  3.431D-05   234.71       9.48       3.31    2.112D-04  1.148D-04  1.674D-04
**(rmsgt)**  15  9.959D-07  7.333D-06  8.199D-06  3.161D-05   243.04      10.41       3.80    3.907D-04  2.044D-04  3.118D-04
**(rmsgt)**  14  8.871D-07  6.711D-06  6.963D-06  2.775D-05   251.04      10.77       4.28    6.746D-04  3.438D-04  5.214D-04
**(rmsgt)**  13  6.680D-07  6.244D-06  5.870D-06  2.413D-05   258.00      11.00       4.42    1.051D-03  5.617D-04  7.941D-04
**(rmsgt)**  12  5.876D-07  6.162D-06  5.228D-06  2.151D-05   264.04      11.14       4.65    1.563D-03  8.891D-04  1.119D-03
**(rmsgt)**  11  6.458D-07  6.293D-06  4.856D-06  1.992D-05   268.51      10.91       4.57    2.206D-03  1.314D-03  1.444D-03
**(rmsgt)**  10  6.659D-07  6.481D-06  4.578D-06  1.887D-05   272.33      11.04       4.71    2.954D-03  1.786D-03  1.770D-03
**(rmsgt)**   9  6.306D-07  6.497D-06  4.474D-06  1.833D-05   275.74      11.09       4.74    4.008D-03  2.323D-03  1.947D-03
**(rmsgt)**   8  5.637D-07  6.606D-06  4.614D-06  1.852D-05   278.69      11.38       4.75    5.087D-03  2.780D-03  2.040D-03
**(rmsgt)**   7  7.707D-07  7.008D-06  4.909D-06  1.933D-05   281.33      11.75       4.65    6.085D-03  3.127D-03  2.144D-03
**(rmsgt)**   6  1.158D-06  7.900D-06  5.255D-06  2.065D-05   283.60      12.10       4.59    7.114D-03  3.537D-03  2.310D-03
**(rmsgt)**   5  1.512D-06  9.138D-06  5.514D-06  2.230D-05   285.51      12.46       4.52    8.021D-03  3.961D-03  2.499D-03
**(rmsgt)**   4  1.747D-06  1.068D-05  5.535D-06  2.350D-05   287.20      12.80       4.48    8.771D-03  4.366D-03  2.644D-03
**(rmsgt)**   3  1.945D-06  1.198D-05  5.260D-06  2.331D-05   288.47      13.20       4.58    9.540D-03  4.868D-03  2.703D-03
**(rmsgt)**   2  2.146D-06  1.247D-05  4.519D-06  2.012D-05   289.65      13.50       4.66    1.020D-02  5.256D-03  2.730D-03
**(rmsgt)**   1  2.105D-06  1.206D-05  3.400D-06  1.460D-05   289.93      13.82       5.14    1.075D-02  5.526D-03  2.867D-03
**(rmsgt)** AVE  1.147D-06  8.219D-06  7.852D-06  2.441D-05   252.00      10.10       4.32    2.434D-03  2.001D-03  1.392
**(rmsgt)** Log(surface pressure) mean and variance:
**(rmsgt)**  G.M.LNP.= 4.59    ; Z.S.LNP.=0.438D-01; Z.A.LNP.=0.658D-01
**(wridia)** file also contains diagnostics at 00Z of 11/10/2011:
**(globme)**TOTAL PRECIPITATION                      Std.Dev.=   3.0719283; Glob.Mean=   8.6625073    ; in units of Kg M**-2 Day
**-1
**(globme)**CONVECTIVE PRECIPITATION                 Std.Dev.=   2.2487901; Glob.Mean=   8.0907424    ; in units of Kg M**-2 Day
**-1
**(globme)**SENSIBLE HEAT FLUX FROM SURFACE          Std.Dev.=   4.6970263; Glob.Mean=   33.948602    ; in units of W M**-2
**(globme)**LATENT HEAT FLUX FROM SURFACE            Std.Dev.=   84.384223; Glob.Mean=   98.632108    ; in units of W M**-2
**(globme)**OUTGOING LONG WAVE AT TOP                Std.Dev.=   241.89335; Glob.Mean=   50.449202    ; in units of W M**-2
**(globme)**SHORT WAVE ABSORBED AT GROUND            Std.Dev.=   184.65541; Glob.Mean=   266.50075    ; in units of W M**-2
**(globme)**NET LONG WAVE AT BOTTOM                  Std.Dev.=   51.922513; Glob.Mean=   34.510526    ; in units of W M**-2
**(DestroyParallelism)** Process 0 ***MODEL EXECUTION ENDS NORMALY***

MPI Program Information:
========================
Note: It is measured from MPI_Init till MPI_Finalize.
      [U,R] specifies the Universe and the Process Rank in the Universe.

Global Data of 2 processes  :          Min [U,R]           * The  /gfs/dk22/modoper/tempo/global/oens/model/datain/desirtable file exists*
 SST:  IFSST=-1  MAX,MIN=  290.00     -303.12    

 From Nlnmi :
 n =   1 HnCut =  1000.00 Hn =  9766.75
 n =   2 HnCut =  1000.00 Hn =  4582.61
 n =   3 HnCut =  1000.00 Hn =  1601.91

 mods =   3 niter =   3

Max [U,R]      Average
==========================

Real   Time (sec)           :      394.978 [0,1]      394.996 [0,0]      394.987
User   Time (sec)           :      322.133 [0,0]      353.238 [0,1]      337.685
System Time (sec)           :        7.144 [0,1]       15.351 [0,0]       11.247
Vector Time (sec)           :      279.462 [0,0]      306.326 [0,1]      292.894
Instruction Count           :  32075984693 [0,0]  32260716847 [0,1]  32168350770
Vector Instruction Count    :  10335325636 [0,0]  10702309203 [0,1]  10518817420
Vector Element Count        : 1959284871484 [0,0] 1988529797027 [0,1] 1973907334256
FLOP Count                  : 855501260771 [0,0] 868587339172 [0,1] 862044299972
MOPS                        :     5690.470 [0,1]     6149.714 [0,0]     5920.092
MFLOPS                      :     2458.932 [0,1]     2655.740 [0,0]     2557.336
Average Vector Length       :      185.804 [0,1]      189.572 [0,0]      187.688
Vector Operation Ratio (%)  :       98.903 [0,0]       98.927 [0,1]       98.915
Memory size used (MB)       :      901.338 [0,0]      901.994 [0,1]      901.666
MIPS                        :       91.329 [0,1]       99.574 [0,0]       95.451
Instruction Cache miss (sec):        9.833 [0,0]        9.921 [0,1]        9.877
Operand     Cache miss (sec):        5.976 [0,0]        6.013 [0,1]        5.994
Bank     Conflict Time (sec):        2.412 [0,0]        3.121 [0,1]        2.767


Overall Data:
=============

Real   Time (sec)           :      394.996
User   Time (sec)           :      675.371
System Time (sec)           :       22.495
Vector Time (sec)           :      585.788
GOPS   (rel. to User Time)  :       11.819
GFLOPS (rel. to User Time)  :        5.106
Memory size used (GB)       :        1.761

logout
