stty: : Invalid argument
vt100
resize:  can't open terminal /dev/tty
======================================
Welcome to tupan00: SUPER-UX 14.1 SX-6
Today is Mon Oct 10 16:35:43 GMT 2011
======================================
RODANDO MPI
MPI/SX: command Version 7.2.1 (25. June 2007): Copyright (c) NEC Corporation 1996-2007
MPI/SX: daemon  Version 7.2.4 (21. August 2008): Copyright (c) NEC Corporation 1996-2008

Values of significant variables used by MPI/SX:
-----------------------------------------------

  DISPLAY         = 
  MPICOLLORDER    = OFF
  MPICOMMINF      = NO
  MPIMULTITASKMIX = OFF
  MPIPROGINF      = DETAIL
  MPISUSPEND      = OFF
  MPIVERSION      = ON

Derived and further values:
---------------------------

  Wait method              : Busy waiting
  Global memory            : SX Global Memory

/usr/lib/mpi/mpid: Creating 2 processes of '/gfs/home3/modoper/tempo/global/oens/run/mpisep01R.sh' on local host tupan00
+ exec /gfs/home3/modoper/tempo/global/oens/model/exec/ParModel_MPI 
+ exec /gfs/home3/modoper/tempo/global/oens/model/exec/ParModel_MPI 
MPI/SX: library Version 6.7.18 (20. April 2004): Copyright (c) NEC Corporation 1997-2004
**(CreateParallelism)** Process 0 (tupan00) among 2 processes with 1 threads is alive
 * The  /gfs/dk22/modoper/tempo/global/oens/model/datain/desirtable file exists*
**(DumpOptions)**
**(DumpOptions)** model T126L28 runs from 12Z 10/10/2011 to 00Z 12/10/2011 with initial state from 12Z 10/10/2011
**(DumpOptions)** model executes 216 timesteps of length 600 seconds
**(DumpOptions)** model dynamics configuration is  Eulerian, Gaussian and Quadratic Grid
**(DumpOptions)** input file name is /gfs/dk22/modoper/tempo/global/oens/model/datain/GANL01R2011101012S.unf.T126L28
**(DumpOptions)** output file directory is /gfs/dk22/modoper/tempo/global/oens/model/dataout/T126L28
**(DumpOptions)** model physics configuration:
**(DumpOptions)**    Shortwave Radiation is Lacis & Hansen
**(DumpOptions)**    Longwave Radiation is Harshvardhan
**(DumpOptions)**    Using a single global value for co2 concentration,
**(DumpOptions)**    with constant concentration of 0.3700000E+03 ppvm
**(DumpOptions)**    Using old 4-month zonally averaged climatology
**(DumpOptions)**    Deep Convection is KUO
**(DumpOptions)**    Shallow Convection is Tiedke
**(DumpOptions)**
 SST:  IFSST=-1  MAX,MIN=  290.00     -306.18    
**(opnfct)** writes file GFCT01R20111010122011101012F.icn.T126L28 at simulation time
**(opnfct)** 0 days and 0.0 seconds; contains state of the atmosphere at 12Z of 10/10/2011
**(rmsgt)** State of the atmosphere at 12Z of 10/10/2011:
**(rmsgt)** Layers and average means and variances:
**(rmsgt)** LYR  Z.S. DIV.  Z.A. DIV.  Z.S. VOR.  Z.A. VOR.  G.M. TEM.  Z.S. TEM.  Z.A. TEM.  G.M. S.H.  Z.S. S.H.  Z.A. S.H.
**(rmsgt)**  28  2.151D-06  2.531D-05  1.244D-05  2.941D-05   250.38       6.96       5.73    1.679D-06  4.123D-07  1.643D-07
**(rmsgt)**  27  1.761D-06  2.016D-05  1.645D-05  2.515D-05   228.08       3.61       4.40    1.792D-06  7.175D-07  2.053D-07
**(rmsgt)**  26  1.444D-06  1.863D-05  1.496D-05  2.219D-05   221.53       2.75       4.80    1.818D-06  8.011D-07  2.318D-07
**(rmsgt)**  25  1.235D-06  1.800D-05  1.347D-05  2.102D-05   216.85       3.69       4.89    2.000D-06  9.620D-07  2.936D-07
**(rmsgt)**  24  1.629D-06  1.946D-05  1.325D-05  2.120D-05   213.35       4.50       4.58    2.289D-06  1.199D-06  3.421D-07
**(rmsgt)**  23  1.497D-06  1.792D-05  1.097D-05  2.057D-05   209.78       5.83       4.33    2.725D-06  1.375D-06  4.391D-07
**(rmsgt)**  22  1.233D-06  1.852D-05  8.902D-06  2.136D-05   206.03       8.04       4.33    3.142D-06  1.283D-06  5.009D-07
**(rmsgt)**  21  1.486D-06  1.996D-05  8.205D-06  2.445D-05   204.38       9.57       4.12    3.514D-06  1.184D-06  8.183D-07
**(rmsgt)**  20  1.771D-06  2.200D-05  9.070D-06  2.986D-05   207.60       7.66       3.70    5.858D-06  1.732D-06  1.705D-06
**(rmsgt)**  19  2.154D-06  2.299D-05  1.108D-05  3.769D-05   213.03       4.42       3.80    1.457D-05  5.592D-06  5.032D-06
**(rmsgt)**  18  2.296D-06  2.278D-05  1.158D-05  4.752D-05   219.14       4.36       3.78    3.856D-05  2.214D-05  1.955D-05
**(rmsgt)**  17  2.012D-06  2.250D-05  1.133D-05  5.596D-05   226.46       7.33       3.03    9.284D-05  6.191D-05  6.861D-05
**(rmsgt)**  16  1.950D-06  2.160D-05  1.041D-05  5.720D-05   234.96       9.32       3.04    1.935D-04  1.304D-04  1.795D-04
**(rmsgt)**  15  2.007D-06  2.041D-05  9.096D-06  5.290D-05   243.56      10.21       3.54    3.712D-04  2.419D-04  3.733D-04
**(rmsgt)**  14  1.486D-06  1.923D-05  8.008D-06  4.717D-05   251.43      10.55       3.92    6.570D-04  4.279D-04  6.474D-04
**(rmsgt)**  13  1.342D-06  1.854D-05  6.927D-06  4.209D-05   258.29      10.66       4.18    1.077D-03  7.334D-04  9.921D-04
**(rmsgt)**  12  1.362D-06  1.854D-05  5.971D-06  3.824D-05   264.13      10.72       4.38    1.613D-03  1.091D-03  1.356D-03
**(rmsgt)**  11  1.468D-06  1.842D-05  5.386D-06  3.597D-05   269.06      10.85       4.52    2.287D-03  1.501D-03  1.682D-03
**(rmsgt)**  10  1.335D-06  1.835D-05  5.169D-06  3.498D-05   273.17      11.01       4.62    3.137D-03  1.983D-03  1.938D-03
**(rmsgt)**   9  1.366D-06  1.816D-05  5.049D-06  3.474D-05   276.66      11.17       4.67    4.127D-03  2.473D-03  2.103D-03
**(rmsgt)**   8  1.387D-06  1.788D-05  4.982D-06  3.484D-05   279.51      11.41       4.74    5.154D-03  2.890D-03  2.182D-03
**(rmsgt)**   7  1.338D-06  1.783D-05  5.096D-06  3.550D-05   281.69      11.61       4.83    6.225D-03  3.264D-03  2.192D-03
**(rmsgt)**   6  1.606D-06  1.810D-05  5.360D-06  3.645D-05   283.49      11.83       4.81    7.195D-03  3.649D-03  2.233D-03
**(rmsgt)**   5  1.926D-06  1.918D-05  5.650D-06  3.762D-05   285.16      12.17       4.70    7.990D-03  4.056D-03  2.319D-03
**(rmsgt)**   4  2.053D-06  2.050D-05  5.601D-06  3.801D-05   286.73      12.66       4.60    8.526D-03  4.326D-03  2.387D-03
**(rmsgt)**   3  2.476D-06  2.172D-05  5.368D-06  3.683D-05   288.04      13.30       4.59    8.868D-03  4.474D-03  2.442D-03
**(rmsgt)**   2  2.409D-06  2.193D-05  4.867D-06  3.409D-05   289.19      13.72       4.64    9.109D-03  4.579D-03  2.501D-03
**(rmsgt)**   1  2.295D-06  2.122D-05  4.319D-06  3.092D-05   290.07      14.03       4.70    9.348D-03  4.694D-03  2.557D-03
**(rmsgt)** AVE  1.707D-06  1.982D-05  8.212D-06  4.041D-05   252.20      10.01       4.23    2.418D-03  2.003D-03  1.428
**(rmsgt)** Log(surface pressure) mean and variance:
**(rmsgt)**  G.M.LNP.= 4.59    ; Z.S.LNP.=0.432D-01; Z.A.LNP.=0.659D-01

 From Nlnmi :
 n =   1 HnCut =  1000.00 Hn =  9766.75
 n =   2 HnCut =  1000.00 Hn =  4582.61
 n =   3 HnCut =  1000.00 Hn =  1601.91

 mods =   3 niter =   3

**(opnfct)** writes file GFCT01R20111010122011101012F.inz.T126L28 at simulation time
**(opnfct)** 0 days and 0.0 seconds; contains state of the atmosphere at 12Z of 10/10/2011
**(rmsgt)** State of the atmosphere at 12Z of 10/10/2011:
**(rmsgt)** Layers and average means and variances:
**(rmsgt)** LYR  Z.S. DIV.  Z.A. DIV.  Z.S. VOR.  Z.A. VOR.  G.M. TEM.  Z.S. TEM.  Z.A. TEM.  G.M. S.H.  Z.S. S.H.  Z.A. S.H.
**(rmsgt)**  28  6.670D-07  8.140D-06  1.309D-05  2.941D-05   250.38       6.95       5.78    1.679D-06  4.123D-07  1.643D-07
**(rmsgt)**  27  1.692D-06  1.964D-05  1.657D-05  2.520D-05   228.08       3.47       5.36    1.792D-06  7.175D-07  2.053D-07
**(rmsgt)**  26  1.293D-06  1.817D-05  1.492D-05  2.229D-05   221.53       2.59       4.94    1.818D-06  8.011D-07  2.318D-07
**(rmsgt)**  25  1.228D-06  1.738D-05  1.344D-05  2.112D-05   216.85       3.58       4.95    2.000D-06  9.620D-07  2.936D-07
**(rmsgt)**  24  1.514D-06  1.836D-05  1.325D-05  2.126D-05   213.35       4.45       4.65    2.289D-06  1.199D-06  3.421D-07
**(rmsgt)**  23  1.493D-06  1.730D-05  1.097D-05  2.057D-05   209.78       5.81       4.40    2.725D-06  1.375D-06  4.391D-07
**(rmsgt)**  22  1.185D-06  1.815D-05  8.894D-06  2.136D-05   206.03       8.03       4.47    3.142D-06  1.283D-06  5.009D-07
**(rmsgt)**  21  1.501D-06  1.985D-05  8.191D-06  2.445D-05   204.38       9.56       4.16    3.514D-06  1.184D-06  8.183D-07
**(rmsgt)**  20  1.752D-06  2.192D-05  9.062D-06  2.985D-05   207.60       7.65       3.75    5.858D-06  1.732D-06  1.705D-06
**(rmsgt)**  19  2.162D-06  2.289D-05  1.107D-05  3.768D-05   213.03       4.42       3.79    1.457D-05  5.592D-06  5.032D-06
**(rmsgt)**  18  2.313D-06  2.257D-05  1.158D-05  4.752D-05   219.14       4.38       3.82    3.856D-05  2.214D-05  1.955D-05
**(rmsgt)**  17  2.015D-06  2.216D-05  1.133D-05  5.596D-05   226.46       7.33       3.04    9.284D-05  6.191D-05  6.861D-05
**(rmsgt)**  16  1.950D-06  2.127D-05  1.040D-05  5.720D-05   234.96       9.35       3.18    1.935D-04  1.304D-04  1.795D-04
**(rmsgt)**  15  1.996D-06  1.998D-05  9.089D-06  5.290D-05   243.56      10.21       3.51    3.712D-04  2.419D-04  3.733D-04
**(rmsgt)**  14  1.427D-06  1.883D-05  8.002D-06  4.718D-05   251.43      10.57       4.10    6.570D-04  4.279D-04  6.474D-04
**(rmsgt)**  13  1.295D-06  1.806D-05  6.921D-06  4.209D-05   258.29      10.65       4.13    1.077D-03  7.334D-04  9.921D-04
**(rmsgt)**  12  1.347D-06  1.802D-05  5.966D-06  3.824D-05   264.13      10.75       4.57    1.613D-03  1.091D-03  1.356D-03
**(rmsgt)**  11  1.458D-06  1.794D-05  5.382D-06  3.597D-05   269.06      10.85       4.46    2.287D-03  1.501D-03  1.682D-03
**(rmsgt)**  10  1.302D-06  1.789D-05  5.166D-06  3.497D-05   273.17      11.04       4.81    3.137D-03  1.983D-03  1.938D-03
**(rmsgt)**   9  1.372D-06  1.783D-05  5.046D-06  3.474D-05   276.66      11.17       4.59    4.127D-03  2.473D-03  2.103D-03
**(rmsgt)**   8  1.377D-06  1.756D-05  4.981D-06  3.484D-05   279.51      11.44       4.92    5.154D-03  2.890D-03  2.182D-03
**(rmsgt)**   7  1.358D-06  1.765D-05  5.095D-06  3.550D-05   281.69      11.61       4.76    6.225D-03  3.264D-03  2.192D-03
**(rmsgt)**   6  1.598D-06  1.794D-05  5.360D-06  3.645D-05   283.49      11.85       4.96    7.195D-03  3.649D-03  2.233D-03
**(rmsgt)**   5  1.914D-06  1.912D-05  5.650D-06  3.762D-05   285.16      12.16       4.63    7.990D-03  4.056D-03  2.319D-03
**(rmsgt)**   4  2.063D-06  2.054D-05  5.601D-06  3.801D-05   286.73      12.69       4.74    8.526D-03  4.326D-03  2.387D-03
**(rmsgt)**   3  2.489D-06  2.178D-05  5.368D-06  3.683D-05   288.04      13.29       4.52    8.868D-03  4.474D-03  2.442D-03
**(rmsgt)**   2  2.417D-06  2.203D-05  4.867D-06  3.409D-05   289.19      13.75       4.79    9.109D-03  4.579D-03  2.501D-03
**(rmsgt)**   1  2.311D-06  2.141D-05  4.320D-06  3.092D-05   290.07      14.02       4.63    9.348D-03  4.694D-03  2.557D-03
**(rmsgt)** AVE  1.688D-06  1.941D-05  8.215D-06  4.041D-05   252.20      10.02       4.30    2.418D-03  2.003D-03  1.428
**(rmsgt)** Log(surface pressure) mean and variance:
**(rmsgt)**  G.M.LNP.= 4.59    ; Z.S.LNP.=0.435D-01; Z.A.LNP.=0.668D-01
**(Model)** cold start step 1
**(Model)** cold start step 2
**(Model)** timestep 2 at simulation time 0 days and 600.0 seconds
**(Model)** timestep 3 at simulation time 0 days and 1200.0 seconds
**(Model)** timestep 4 at simulation time 0 days and 1800.0 seconds
**(Model)** timestep 5 at simulation time 0 days and 2400.0 seconds
**(Model)** timestep 6 at simulation time 0 days and 3000.0 seconds
**(Model)** timestep 7 at simulation time 0 days and 3600.0 seconds
**(Model)** timestep 8 at simulation time 0 days and 4200.0 seconds
**(Model)** timestep 9 at simulation time 0 days and 4800.0 seconds
**(Model)** timestep 10 at simulation time 0 days and 5400.0 seconds
**(Model)** timestep 11 at simulation time 0 days and 6000.0 seconds
**(Model)** timestep 12 at simulation time 0 days and 6600.0 seconds
**(Model)** timestep 13 at simulation time 0 days and 7200.0 seconds
**(Model)** timestep 14 at simulation time 0 days and 7800.0 seconds
**(Model)** timestep 15 at simulation time 0 days and 8400.0 seconds
**(Model)** timestep 16 at simulation time 0 days and 9000.0 seconds
**(Model)** timestep 17 at simulation time 0 days and 9600.0 seconds
**(Model)** timestep 18 at simulation time 0 days and 10200.0 seconds
**(opnfct)** writes file GFCT01R20111010122011101015F.fct.T126L28 at simulation time
**(opnfct)** 0 days and 10800.0 seconds; contains state of the atmosphere at 15Z of 10/10/2011
**(rmsgt)** State of the atmosphere at 15Z of 10/10/2011:
**(rmsgt)** Layers and average means and variances:
**(rmsgt)** LYR  Z.S. DIV.  Z.A. DIV.  Z.S. VOR.  Z.A. VOR.  G.M. TEM.  Z.S. TEM.  Z.A. TEM.  G.M. S.H.  Z.S. S.H.  Z.A. S.H.
**(rmsgt)**  28  9.889D-07  5.698D-06  1.281D-05  2.237D-05   250.43       6.93       5.77    1.680D-06  4.115D-07  1.642D-07
**(rmsgt)**  27  2.235D-06  1.566D-05  1.653D-05  2.066D-05   227.87       3.46       4.99    1.792D-06  7.185D-07  2.011D-07
**(rmsgt)**  26  1.491D-06  1.436D-05  1.502D-05  1.703D-05   221.36       2.67       5.04    1.819D-06  8.014D-07  2.242D-07
**(rmsgt)**  25  1.149D-06  1.101D-05  1.349D-05  1.477D-05   216.80       3.51       5.04    2.003D-06  9.624D-07  2.851D-07
**(rmsgt)**  24  1.307D-06  1.154D-05  1.312D-05  1.384D-05   213.39       4.37       4.67    2.291D-06  1.200D-06  3.349D-07
**(rmsgt)**  23  1.460D-06  1.188D-05  1.092D-05  1.346D-05   209.87       5.75       4.44    2.724D-06  1.375D-06  4.289D-07
**(rmsgt)**  22  1.434D-06  1.332D-05  8.852D-06  1.465D-05   206.20       7.97       4.38    3.145D-06  1.283D-06  5.012D-07
**(rmsgt)**  21  1.483D-06  1.396D-05  8.182D-06  1.819D-05   204.55       9.51       4.10    3.570D-06  1.216D-06  8.802D-07
**(rmsgt)**  20  1.528D-06  1.549D-05  9.071D-06  2.373D-05   207.71       7.63       3.78    6.039D-06  1.832D-06  2.174D-06
**(rmsgt)**  19  2.044D-06  1.436D-05  1.102D-05  3.100D-05   213.13       4.39       3.88    1.514D-05  5.994D-06  6.698D-06
**(rmsgt)**  18  2.376D-06  1.370D-05  1.158D-05  3.968D-05   219.21       4.35       3.90    3.983D-05  2.246D-05  2.178D-05
**(rmsgt)**  17  1.771D-06  1.212D-05  1.126D-05  4.511D-05   226.45       7.33       3.24    9.577D-05  6.181D-05  6.877D-05
**(rmsgt)**  16  1.381D-06  1.052D-05  1.027D-05  4.463D-05   234.91       9.40       3.46    1.976D-04  1.293D-04  1.729D-04
**(rmsgt)**  15  1.304D-06  9.664D-06  8.812D-06  4.035D-05   243.47      10.27       3.80    3.744D-04  2.358D-04  3.520D-04
**(rmsgt)**  14  1.072D-06  8.878D-06  7.534D-06  3.523D-05   251.35      10.64       4.31    6.562D-04  4.113D-04  6.008D-04
**(rmsgt)**  13  9.527D-07  8.616D-06  6.238D-06  3.056D-05   258.22      10.71       4.34    1.071D-03  7.072D-04  9.217D-04
**(rmsgt)**  12  9.864D-07  7.884D-06  5.453D-06  2.725D-05   264.09      10.81       4.66    1.605D-03  1.058D-03  1.271D-03
**(rmsgt)**  11  9.822D-07  8.140D-06  5.085D-06  2.521D-05   268.99      10.86       4.59    2.276D-03  1.465D-03  1.588D-03
**(rmsgt)**  10  8.554D-07  8.057D-06  4.942D-06  2.388D-05   273.10      11.05       4.77    3.116D-03  1.953D-03  1.829D-03
**(rmsgt)**   9  9.486D-07  8.120D-06  4.755D-06  2.316D-05   276.50      11.12       4.68    4.118D-03  2.455D-03  1.983D-03
**(rmsgt)**   8  9.308D-07  8.159D-06  4.707D-06  2.289D-05   279.30      11.38       4.81    5.157D-03  2.887D-03  2.042D-03
**(rmsgt)**   7  1.010D-06  8.359D-06  4.767D-06  2.316D-05   281.51      11.60       4.74    6.199D-03  3.260D-03  2.056D-03
**(rmsgt)**   6  1.178D-06  9.003D-06  4.974D-06  2.423D-05   283.41      11.90       4.75    7.171D-03  3.653D-03  2.118D-03
**(rmsgt)**   5  1.516D-06  1.030D-05  5.199D-06  2.564D-05   285.18      12.34       4.54    7.942D-03  3.987D-03  2.233D-03
**(rmsgt)**   4  1.759D-06  1.167D-05  5.244D-06  2.644D-05   286.81      12.80       4.50    8.612D-03  4.323D-03  2.337D-03
**(rmsgt)**   3  2.029D-06  1.310D-05  5.076D-06  2.563D-05   288.23      13.36       4.51    9.146D-03  4.598D-03  2.439D-03
**(rmsgt)**   2  2.286D-06  1.420D-05  4.477D-06  2.231D-05   289.48      13.85       4.62    9.505D-03  4.743D-03  2.526D-03
**(rmsgt)**   1  2.175D-06  1.360D-05  3.421D-06  1.667D-05   290.20      14.25       4.85    9.845D-03  4.886D-03  2.637D-03
**(rmsgt)** AVE  1.397D-06  1.060D-05  8.002D-06  2.999D-05   252.17      10.04       4.36    2.430D-03  2.008D-03  1.363
**(rmsgt)** Log(surface pressure) mean and variance:
**(rmsgt)**  G.M.LNP.= 4.59    ; Z.S.LNP.=0.434D-01; Z.A.LNP.=0.662D-01
**(wridia)** file also contains diagnostics at 15Z of 10/10/2011:
**(globme)**TOTAL PRECIPITATION                      Std.Dev.=   3.4911965; Glob.Mean=   9.0548121    ; in units of Kg M**-2 Day
**-1
**(globme)**CONVECTIVE PRECIPITATION                 Std.Dev.=   3.0201617; Glob.Mean=   8.7138086    ; in units of Kg M**-2 Day
**-1
**(globme)**SENSIBLE HEAT FLUX FROM SURFACE          Std.Dev.=   26.833023; Glob.Mean=   72.694649    ; in units of W M**-2
**(globme)**LATENT HEAT FLUX FROM SURFACE            Std.Dev.=   129.48361; Glob.Mean=   137.94588    ; in units of W M**-2
**(globme)**OUTGOING LONG WAVE AT TOP                Std.Dev.=   265.95027; Glob.Mean=   33.299228    ; in units of W M**-2
**(globme)**SHORT WAVE ABSORBED AT GROUND            Std.Dev.=   189.60450; Glob.Mean=   266.09388    ; in units of W M**-2
**(globme)**NET LONG WAVE AT BOTTOM                  Std.Dev.=   59.446571; Glob.Mean=   37.185319    ; in units of W M**-2
**(Model)** timestep 19 at simulation time 0 days and 10800.0 seconds
**(Model)** timestep 20 at simulation time 0 days and 11400.0 seconds
**(Model)** timestep 21 at simulation time 0 days and 12000.0 seconds
**(Model)** timestep 22 at simulation time 0 days and 12600.0 seconds
**(Model)** timestep 23 at simulation time 0 days and 13200.0 seconds
**(Model)** timestep 24 at simulation time 0 days and 13800.0 seconds
**(Model)** timestep 25 at simulation time 0 days and 14400.0 seconds
**(Model)** timestep 26 at simulation time 0 days and 15000.0 seconds
**(Model)** timestep 27 at simulation time 0 days and 15600.0 seconds
**(Model)** timestep 28 at simulation time 0 days and 16200.0 seconds
**(Model)** timestep 29 at simulation time 0 days and 16800.0 seconds
**(Model)** timestep 30 at simulation time 0 days and 17400.0 seconds
**(Model)** timestep 31 at simulation time 0 days and 18000.0 seconds
**(Model)** timestep 32 at simulation time 0 days and 18600.0 seconds
**(Model)** timestep 33 at simulation time 0 days and 19200.0 seconds
**(Model)** timestep 34 at simulation time 0 days and 19800.0 seconds
**(Model)** timestep 35 at simulation time 0 days and 20400.0 seconds
**(Model)** timestep 36 at simulation time 0 days and 21000.0 seconds
**(opnfct)** writes file GFCT01R20111010122011101018F.fct.T126L28 at simulation time
**(opnfct)** 0 days and 21600.0 seconds; contains state of the atmosphere at 18Z of 10/10/2011
**(rmsgt)** State of the atmosphere at 18Z of 10/10/2011:
**(rmsgt)** Layers and average means and variances:
**(rmsgt)** LYR  Z.S. DIV.  Z.A. DIV.  Z.S. VOR.  Z.A. VOR.  G.M. TEM.  Z.S. TEM.  Z.A. TEM.  G.M. S.H.  Z.S. S.H.  Z.A. S.H.
**(rmsgt)**  28  9.552D-07  6.768D-06  1.293D-05  2.196D-05   250.43       6.92       5.87    1.680D-06  4.105D-07  1.640D-07
**(rmsgt)**  27  2.369D-06  1.839D-05  1.642D-05  2.087D-05   227.80       3.47       5.24    1.791D-06  7.194D-07  2.007D-07
**(rmsgt)**  26  1.643D-06  1.506D-05  1.512D-05  1.738D-05   221.29       2.75       5.13    1.820D-06  8.018D-07  2.207D-07
**(rmsgt)**  25  1.451D-06  1.254D-05  1.359D-05  1.473D-05   216.79       3.56       5.08    2.004D-06  9.625D-07  2.815D-07
**(rmsgt)**  24  1.359D-06  1.147D-05  1.312D-05  1.354D-05   213.41       4.38       4.70    2.294D-06  1.200D-06  3.327D-07
**(rmsgt)**  23  1.547D-06  1.071D-05  1.096D-05  1.349D-05   209.88       5.77       4.47    2.725D-06  1.374D-06  4.274D-07
**(rmsgt)**  22  1.337D-06  1.042D-05  8.830D-06  1.488D-05   206.21       8.03       4.43    3.153D-06  1.283D-06  5.309D-07
**(rmsgt)**  21  1.285D-06  1.179D-05  8.102D-06  1.796D-05   204.64       9.49       4.08    3.631D-06  1.260D-06  1.016D-06
**(rmsgt)**  20  1.461D-06  1.230D-05  9.020D-06  2.319D-05   207.78       7.62       3.76    6.163D-06  1.906D-06  2.623D-06
**(rmsgt)**  19  1.878D-06  1.210D-05  1.101D-05  2.986D-05   213.16       4.40       3.91    1.530D-05  5.935D-06  7.578D-06
**(rmsgt)**  18  2.240D-06  1.149D-05  1.168D-05  3.745D-05   219.23       4.35       3.90    4.030D-05  2.202D-05  2.310D-05
**(rmsgt)**  17  1.579D-06  1.073D-05  1.131D-05  4.180D-05   226.42       7.32       3.32    9.753D-05  6.174D-05  6.875D-05
**(rmsgt)**  16  1.288D-06  9.650D-06  1.018D-05  4.123D-05   234.87       9.41       3.56    1.995D-04  1.282D-04  1.693D-04
**(rmsgt)**  15  1.229D-06  8.664D-06  8.717D-06  3.755D-05   243.40      10.29       3.92    3.732D-04  2.295D-04  3.366D-04
**(rmsgt)**  14  9.774D-07  7.879D-06  7.386D-06  3.298D-05   251.30      10.68       4.38    6.529D-04  3.986D-04  5.709D-04
**(rmsgt)**  13  7.916D-07  7.196D-06  6.073D-06  2.872D-05   258.18      10.77       4.43    1.065D-03  6.898D-04  8.839D-04
**(rmsgt)**  12  8.930D-07  6.777D-06  5.285D-06  2.561D-05   264.10      10.87       4.67    1.596D-03  1.038D-03  1.231D-03
**(rmsgt)**  11  8.279D-07  6.889D-06  4.901D-06  2.368D-05   268.96      10.88       4.62    2.260D-03  1.441D-03  1.550D-03
**(rmsgt)**  10  8.503D-07  6.982D-06  4.740D-06  2.218D-05   273.04      11.08       4.76    3.089D-03  1.932D-03  1.791D-03
**(rmsgt)**   9  8.972D-07  7.021D-06  4.597D-06  2.139D-05   276.41      11.11       4.70    4.106D-03  2.437D-03  1.947D-03
**(rmsgt)**   8  8.613D-07  7.206D-06  4.610D-06  2.104D-05   279.20      11.36       4.80    5.156D-03  2.879D-03  2.011D-03
**(rmsgt)**   7  9.193D-07  7.745D-06  4.733D-06  2.116D-05   281.51      11.66       4.69    6.173D-03  3.238D-03  2.047D-03
**(rmsgt)**   6  1.141D-06  8.859D-06  4.984D-06  2.199D-05   283.49      11.99       4.68    7.150D-03  3.614D-03  2.114D-03
**(rmsgt)**   5  1.498D-06  1.037D-05  5.189D-06  2.326D-05   285.29      12.42       4.48    7.951D-03  3.942D-03  2.243D-03
**(rmsgt)**   4  1.824D-06  1.190D-05  5.139D-06  2.435D-05   286.93      12.86       4.44    8.717D-03  4.349D-03  2.388D-03
**(rmsgt)**   3  2.045D-06  1.319D-05  4.966D-06  2.416D-05   288.28      13.43       4.52    9.338D-03  4.713D-03  2.488D-03
**(rmsgt)**   2  2.265D-06  1.402D-05  4.393D-06  2.118D-05   289.54      13.85       4.60    9.743D-03  4.893D-03  2.580D-03
**(rmsgt)**   1  2.175D-06  1.359D-05  3.357D-06  1.584D-05   290.12      14.19       4.93    1.012D-02  5.076D-03  2.701D-03
**(rmsgt)** AVE  1.325D-06  9.537D-06  7.946D-06  2.805D-05   252.16      10.07       4.38    2.437D-03  2.013D-03  1.354
**(rmsgt)** Log(surface pressure) mean and variance:
**(rmsgt)**  G.M.LNP.= 4.59    ; Z.S.LNP.=0.435D-01; Z.A.LNP.=0.661D-01
**(wridia)** file also contains diagnostics at 18Z of 10/10/2011:
**(globme)**TOTAL PRECIPITATION                      Std.Dev.=   3.4042648; Glob.Mean=   8.9078892    ; in units of Kg M**-2 Day
**-1
**(globme)**CONVECTIVE PRECIPITATION                 Std.Dev.=   2.8877722; Glob.Mean=   8.6712648    ; in units of Kg M**-2 Day
**-1
**(globme)**SENSIBLE HEAT FLUX FROM SURFACE          Std.Dev.=   20.530026; Glob.Mean=   71.700293    ; in units of W M**-2
**(globme)**LATENT HEAT FLUX FROM SURFACE            Std.Dev.=   113.86564; Glob.Mean=   123.22063    ; in units of W M**-2
**(globme)**OUTGOING LONG WAVE AT TOP                Std.Dev.=   246.06902; Glob.Mean=   49.185937    ; in units of W M**-2
**(globme)**SHORT WAVE ABSORBED AT GROUND            Std.Dev.=   175.81154; Glob.Mean=   243.01931    ; in units of W M**-2
**(globme)**NET LONG WAVE AT BOTTOM                  Std.Dev.=   54.782047; Glob.Mean=   41.984023    ; in units of W M**-2
**(Model)** timestep 37 at simulation time 0 days and 21600.0 seconds
**(Model)** timestep 38 at simulation time 0 days and 22200.0 seconds
**(Model)** timestep 39 at simulation time 0 days and 22800.0 seconds
**(Model)** timestep 40 at simulation time 0 days and 23400.0 seconds
**(Model)** timestep 41 at simulation time 0 days and 24000.0 seconds
**(Model)** timestep 42 at simulation time 0 days and 24600.0 seconds
**(Model)** timestep 43 at simulation time 0 days and 25200.0 seconds
**(Model)** timestep 44 at simulation time 0 days and 25800.0 seconds
**(Model)** timestep 45 at simulation time 0 days and 26400.0 seconds
**(Model)** timestep 46 at simulation time 0 days and 27000.0 seconds
**(Model)** timestep 47 at simulation time 0 days and 27600.0 seconds
**(Model)** timestep 48 at simulation time 0 days and 28200.0 seconds
**(Model)** timestep 49 at simulation time 0 days and 28800.0 seconds
**(Model)** timestep 50 at simulation time 0 days and 29400.0 seconds
**(Model)** timestep 51 at simulation time 0 days and 30000.0 seconds
**(Model)** timestep 52 at simulation time 0 days and 30600.0 seconds
**(Model)** timestep 53 at simulation time 0 days and 31200.0 seconds
**(Model)** timestep 54 at simulation time 0 days and 31800.0 seconds
**(opnfct)** writes file GFCT01R20111010122011101021F.fct.T126L28 at simulation time
**(opnfct)** 0 days and 32400.0 seconds; contains state of the atmosphere at 21Z of 10/10/2011
**(rmsgt)** State of the atmosphere at 21Z of 10/10/2011:
**(rmsgt)** Layers and average means and variances:
**(rmsgt)** LYR  Z.S. DIV.  Z.A. DIV.  Z.S. VOR.  Z.A. VOR.  G.M. TEM.  Z.S. TEM.  Z.A. TEM.  G.M. S.H.  Z.S. S.H.  Z.A. S.H.
**(rmsgt)**  28  8.529D-07  6.173D-06  1.296D-05  2.172D-05   250.43       6.92       5.88    1.681D-06  4.102D-07  1.632D-07
**(rmsgt)**  27  2.009D-06  1.782D-05  1.628D-05  2.134D-05   227.70       3.48       5.53    1.793D-06  7.192D-07  2.016D-07
**(rmsgt)**  26  1.576D-06  1.445D-05  1.505D-05  1.771D-05   221.30       2.76       5.22    1.822D-06  8.003D-07  2.186D-07
**(rmsgt)**  25  1.360D-06  1.246D-05  1.348D-05  1.486D-05   216.78       3.61       5.02    2.005D-06  9.617D-07  2.791D-07
**(rmsgt)**  24  1.305D-06  1.093D-05  1.306D-05  1.357D-05   213.44       4.41       4.67    2.295D-06  1.200D-06  3.317D-07
**(rmsgt)**  23  1.173D-06  9.881D-06  1.103D-05  1.331D-05   209.90       5.79       4.41    2.724D-06  1.372D-06  4.299D-07
**(rmsgt)**  22  1.109D-06  9.964D-06  8.905D-06  1.477D-05   206.21       8.06       4.41    3.154D-06  1.279D-06  5.464D-07
**(rmsgt)**  21  1.199D-06  1.115D-05  8.087D-06  1.821D-05   204.69       9.46       4.10    3.682D-06  1.294D-06  1.131D-06
**(rmsgt)**  20  1.352D-06  1.199D-05  8.946D-06  2.301D-05   207.81       7.57       3.77    6.297D-06  1.982D-06  2.990D-06
**(rmsgt)**  19  1.951D-06  1.158D-05  1.094D-05  2.926D-05   213.17       4.36       3.93    1.552D-05  5.919D-06  8.367D-06
**(rmsgt)**  18  1.861D-06  1.095D-05  1.162D-05  3.626D-05   219.23       4.34       3.87    4.075D-05  2.183D-05  2.432D-05
**(rmsgt)**  17  1.298D-06  1.025D-05  1.122D-05  3.999D-05   226.40       7.32       3.29    9.901D-05  6.178D-05  6.856D-05
**(rmsgt)**  16  1.220D-06  9.343D-06  9.971D-06  3.957D-05   234.85       9.40       3.53    2.017D-04  1.267D-04  1.663D-04
**(rmsgt)**  15  1.019D-06  8.323D-06  8.527D-06  3.616D-05   243.37      10.27       3.90    3.744D-04  2.236D-04  3.267D-04
**(rmsgt)**  14  8.790D-07  7.524D-06  7.235D-06  3.157D-05   251.28      10.68       4.35    6.524D-04  3.878D-04  5.519D-04
**(rmsgt)**  13  8.279D-07  6.864D-06  6.001D-06  2.753D-05   258.17      10.78       4.43    1.064D-03  6.782D-04  8.573D-04
**(rmsgt)**  12  8.163D-07  6.625D-06  5.211D-06  2.459D-05   264.09      10.89       4.67    1.596D-03  1.028D-03  1.206D-03
**(rmsgt)**  11  7.363D-07  6.402D-06  4.729D-06  2.270D-05   268.91      10.87       4.64    2.250D-03  1.424D-03  1.534D-03
**(rmsgt)**  10  7.691D-07  6.494D-06  4.512D-06  2.126D-05   272.96      11.08       4.77    3.063D-03  1.911D-03  1.774D-03
**(rmsgt)**   9  7.201D-07  6.364D-06  4.420D-06  2.041D-05   276.34      11.10       4.72    4.089D-03  2.420D-03  1.930D-03
**(rmsgt)**   8  7.123D-07  6.898D-06  4.491D-06  2.007D-05   279.12      11.35       4.79    5.147D-03  2.867D-03  1.998D-03
**(rmsgt)**   7  8.299D-07  7.469D-06  4.720D-06  2.028D-05   281.49      11.71       4.64    6.145D-03  3.218D-03  2.051D-03
**(rmsgt)**   6  1.110D-06  8.627D-06  5.036D-06  2.110D-05   283.53      12.04       4.61    7.131D-03  3.581D-03  2.121D-03
**(rmsgt)**   5  1.531D-06  1.018D-05  5.250D-06  2.236D-05   285.30      12.49       4.46    7.974D-03  3.933D-03  2.262D-03
**(rmsgt)**   4  1.880D-06  1.194D-05  5.201D-06  2.353D-05   286.94      12.90       4.42    8.752D-03  4.357D-03  2.417D-03
**(rmsgt)**   3  2.093D-06  1.321D-05  5.018D-06  2.349D-05   288.28      13.38       4.49    9.432D-03  4.779D-03  2.527D-03
**(rmsgt)**   2  2.326D-06  1.379D-05  4.414D-06  2.066D-05   289.49      13.76       4.59    9.899D-03  5.011D-03  2.609D-03
**(rmsgt)**   1  2.235D-06  1.348D-05  3.341D-06  1.541D-05   289.85      14.01       5.04    1.033D-02  5.241D-03  2.733D-03
**(rmsgt)** AVE  1.225D-06  9.174D-06  7.862D-06  2.703D-05   252.14      10.07       4.37    2.440D-03  2.016D-03  1.352
**(rmsgt)** Log(surface pressure) mean and variance:
**(rmsgt)**  G.M.LNP.= 4.59    ; Z.S.LNP.=0.436D-01; Z.A.LNP.=0.662D-01
**(wridia)** file also contains diagnostics at 21Z of 10/10/2011:
**(globme)**TOTAL PRECIPITATION                      Std.Dev.=   3.3908677; Glob.Mean=   9.1669910    ; in units of Kg M**-2 Day
**-1
**(globme)**CONVECTIVE PRECIPITATION                 Std.Dev.=   2.7890414; Glob.Mean=   8.8885295    ; in units of Kg M**-2 Day
**-1
**(globme)**SENSIBLE HEAT FLUX FROM SURFACE          Std.Dev.=   13.657698; Glob.Mean=   58.021487    ; in units of W M**-2
**(globme)**LATENT HEAT FLUX FROM SURFACE            Std.Dev.=   103.36516; Glob.Mean=   113.29811    ; in units of W M**-2
**(globme)**OUTGOING LONG WAVE AT TOP                Std.Dev.=   244.84880; Glob.Mean=   48.504987    ; in units of W M**-2
**(globme)**SHORT WAVE ABSORBED AT GROUND            Std.Dev.=   178.27564; Glob.Mean=   255.00466    ; in units of W M**-2
**(globme)**NET LONG WAVE AT BOTTOM                  Std.Dev.=   52.495780; Glob.Mean=   37.121620    ; in units of W M**-2
**(Model)** timestep 55 at simulation time 0 days and 32400.0 seconds
**(Model)** timestep 56 at simulation time 0 days and 33000.0 seconds
**(Model)** timestep 57 at simulation time 0 days and 33600.0 seconds
**(Model)** timestep 58 at simulation time 0 days and 34200.0 seconds
**(Model)** timestep 59 at simulation time 0 days and 34800.0 seconds
**(Model)** timestep 60 at simulation time 0 days and 35400.0 seconds
**(Model)** timestep 61 at simulation time 0 days and 36000.0 seconds
**(Model)** timestep 62 at simulation time 0 days and 36600.0 seconds
**(Model)** timestep 63 at simulation time 0 days and 37200.0 seconds
**(Model)** timestep 64 at simulation time 0 days and 37800.0 seconds
**(Model)** timestep 65 at simulation time 0 days and 38400.0 seconds
**(Model)** timestep 66 at simulation time 0 days and 39000.0 seconds
**(Model)** timestep 67 at simulation time 0 days and 39600.0 seconds
**(Model)** timestep 68 at simulation time 0 days and 40200.0 seconds
**(Model)** timestep 69 at simulation time 0 days and 40800.0 seconds
**(Model)** timestep 70 at simulation time 0 days and 41400.0 seconds
**(Model)** timestep 71 at simulation time 0 days and 42000.0 seconds
**(Model)** timestep 72 at simulation time 0 days and 42600.0 seconds
**(opnfct)** writes file GFCT01R20111010122011101100F.fct.T126L28 at simulation time
**(opnfct)** 0 days and 43200.0 seconds; contains state of the atmosphere at 00Z of 11/10/2011
**(rmsgt)** State of the atmosphere at 00Z of 11/10/2011:
**(rmsgt)** Layers and average means and variances:
**(rmsgt)** LYR  Z.S. DIV.  Z.A. DIV.  Z.S. VOR.  Z.A. VOR.  G.M. TEM.  Z.S. TEM.  Z.A. TEM.  G.M. S.H.  Z.S. S.H.  Z.A. S.H.
**(rmsgt)**  28  9.244D-07  5.651D-06  1.265D-05  2.179D-05   250.42       6.89       5.83    1.682D-06  4.102D-07  1.631D-07
**(rmsgt)**  27  1.988D-06  1.786D-05  1.638D-05  2.178D-05   227.59       3.44       5.80    1.795D-06  7.187D-07  2.005D-07
**(rmsgt)**  26  1.709D-06  1.402D-05  1.512D-05  1.818D-05   221.28       2.66       5.34    1.825D-06  7.989D-07  2.166D-07
**(rmsgt)**  25  1.799D-06  1.215D-05  1.347D-05  1.535D-05   216.79       3.53       5.02    2.007D-06  9.603D-07  2.790D-07
**(rmsgt)**  24  1.249D-06  1.078D-05  1.300D-05  1.358D-05   213.48       4.33       4.66    2.295D-06  1.200D-06  3.342D-07
**(rmsgt)**  23  1.415D-06  1.031D-05  1.101D-05  1.303D-05   209.94       5.74       4.38    2.723D-06  1.371D-06  4.349D-07
**(rmsgt)**  22  1.239D-06  9.728D-06  8.988D-06  1.443D-05   206.21       8.04       4.34    3.154D-06  1.274D-06  5.663D-07
**(rmsgt)**  21  1.219D-06  1.068D-05  8.203D-06  1.816D-05   204.71       9.42       4.07    3.723D-06  1.321D-06  1.270D-06
**(rmsgt)**  20  1.555D-06  1.207D-05  9.038D-06  2.296D-05   207.82       7.51       3.77    6.439D-06  2.075D-06  3.363D-06
**(rmsgt)**  19  1.659D-06  1.131D-05  1.095D-05  2.894D-05   213.17       4.29       3.91    1.591D-05  6.125D-06  9.249D-06
**(rmsgt)**  18  1.572D-06  1.064D-05  1.162D-05  3.560D-05   219.22       4.32       3.84    4.175D-05  2.225D-05  2.656D-05
**(rmsgt)**  17  1.210D-06  1.008D-05  1.113D-05  3.893D-05   226.39       7.31       3.26    1.013D-04  6.276D-05  7.149D-05
**(rmsgt)**  16  1.327D-06  8.961D-06  9.902D-06  3.845D-05   234.83       9.40       3.47    2.054D-04  1.261D-04  1.693D-04
**(rmsgt)**  15  1.095D-06  8.051D-06  8.462D-06  3.515D-05   243.33      10.26       3.87    3.789D-04  2.199D-04  3.298D-04
**(rmsgt)**  14  8.428D-07  7.301D-06  7.175D-06  3.060D-05   251.24      10.67       4.32    6.575D-04  3.810D-04  5.521D-04
**(rmsgt)**  13  8.554D-07  6.756D-06  5.933D-06  2.666D-05   258.14      10.79       4.42    1.069D-03  6.682D-04  8.533D-04
**(rmsgt)**  12  8.263D-07  6.563D-06  5.141D-06  2.385D-05   264.08      10.90       4.66    1.597D-03  1.015D-03  1.203D-03
**(rmsgt)**  11  7.833D-07  6.330D-06  4.674D-06  2.201D-05   268.86      10.86       4.63    2.239D-03  1.402D-03  1.537D-03
**(rmsgt)**  10  8.016D-07  6.471D-06  4.432D-06  2.067D-05   272.86      11.05       4.77    3.039D-03  1.889D-03  1.777D-03
**(rmsgt)**   9  6.679D-07  6.523D-06  4.336D-06  1.976D-05   276.27      11.08       4.72    4.071D-03  2.405D-03  1.934D-03
**(rmsgt)**   8  6.700D-07  6.967D-06  4.409D-06  1.960D-05   279.06      11.33       4.77    5.133D-03  2.855D-03  2.004D-03
**(rmsgt)**   7  7.735D-07  7.409D-06  4.655D-06  2.002D-05   281.44      11.73       4.60    6.118D-03  3.199D-03  2.061D-03
**(rmsgt)**   6  1.053D-06  8.203D-06  4.994D-06  2.101D-05   283.52      12.07       4.57    7.106D-03  3.566D-03  2.141D-03
**(rmsgt)**   5  1.452D-06  9.449D-06  5.242D-06  2.227D-05   285.28      12.48       4.44    7.976D-03  3.934D-03  2.285D-03
**(rmsgt)**   4  1.785D-06  1.094D-05  5.318D-06  2.341D-05   286.89      12.86       4.41    8.760D-03  4.361D-03  2.447D-03
**(rmsgt)**   3  2.057D-06  1.205D-05  5.166D-06  2.332D-05   288.16      13.29       4.50    9.490D-03  4.827D-03  2.552D-03
**(rmsgt)**   2  2.308D-06  1.246D-05  4.481D-06  2.035D-05   289.35      13.64       4.61    1.001D-02  5.109D-03  2.620D-03
**(rmsgt)**   1  2.190D-06  1.224D-05  3.321D-06  1.492D-05   289.63      13.87       5.13    1.048D-02  5.356D-03  2.755D-03
**(rmsgt)** AVE  1.207D-06  8.908D-06  7.835D-06  2.641D-05   252.10      10.05       4.36    2.440D-03  2.019D-03  1.358
**(rmsgt)** Log(surface pressure) mean and variance:
**(rmsgt)**  G.M.LNP.= 4.59    ; Z.S.LNP.=0.437D-01; Z.A.LNP.=0.661D-01
**(wridia)** file also contains diagnostics at 00Z of 11/10/2011:
**(globme)**TOTAL PRECIPITATION                      Std.Dev.=   3.2511093; Glob.Mean=   8.5859355    ; in units of Kg M**-2 Day
**-1
**(globme)**CONVECTIVE PRECIPITATION                 Std.Dev.=   2.5414231; Glob.Mean=   8.1164366    ; in units of Kg M**-2 Day
**-1
**(globme)**SENSIBLE HEAT FLUX FROM SURFACE          Std.Dev.=   6.6258448; Glob.Mean=   35.290134    ; in units of W M**-2
**(globme)**LATENT HEAT FLUX FROM SURFACE            Std.Dev.=   93.509567; Glob.Mean=   104.64382    ; in units of W M**-2
**(globme)**OUTGOING LONG WAVE AT TOP                Std.Dev.=   244.62842; Glob.Mean=   48.108363    ; in units of W M**-2
**(globme)**SHORT WAVE ABSORBED AT GROUND            Std.Dev.=   182.04684; Glob.Mean=   262.37015    ; in units of W M**-2
**(globme)**NET LONG WAVE AT BOTTOM                  Std.Dev.=   51.091773; Glob.Mean=   34.118212    ; in units of W M**-2
**(Model)** timestep 73 at simulation time 0 days and 43200.0 seconds
**(Model)** timestep 74 at simulation time 0 days and 43800.0 seconds
**(Model)** timestep 75 at simulation time 0 days and 44400.0 seconds
**(Model)** timestep 76 at simulation time 0 days and 45000.0 seconds
**(Model)** timestep 77 at simulation time 0 days and 45600.0 seconds
**(Model)** timestep 78 at simulation time 0 days and 46200.0 seconds
**(Model)** timestep 79 at simulation time 0 days and 46800.0 seconds
**(Model)** timestep 80 at simulation time 0 days and 47400.0 seconds
**(Model)** timestep 81 at simulation time 0 days and 48000.0 seconds
**(Model)** timestep 82 at simulation time 0 days and 48600.0 seconds
**(Model)** timestep 83 at simulation time 0 days and 49200.0 seconds
**(Model)** timestep 84 at simulation time 0 days and 49800.0 seconds
**(Model)** timestep 85 at simulation time 0 days and 50400.0 seconds
**(Model)** timestep 86 at simulation time 0 days and 51000.0 seconds
**(Model)** timestep 87 at simulation time 0 days and 51600.0 seconds
**(Model)** timestep 88 at simulation time 0 days and 52200.0 seconds
**(Model)** timestep 89 at simulation time 0 days and 52800.0 seconds
**(Model)** timestep 90 at simulation time 0 days and 53400.0 seconds
**(opnfct)** writes file GFCT01R20111010122011101103F.fct.T126L28 at simulation time
**(opnfct)** 0 days and 54000.0 seconds; contains state of the atmosphere at 03Z of 11/10/2011
**(rmsgt)** State of the atmosphere at 03Z of 11/10/2011:
**(rmsgt)** Layers and average means and variances:
**(rmsgt)** LYR  Z.S. DIV.  Z.A. DIV.  Z.S. VOR.  Z.A. VOR.  G.M. TEM.  Z.S. TEM.  Z.A. TEM.  G.M. S.H.  Z.S. S.H.  Z.A. S.H.
**(rmsgt)**  28  8.477D-07  5.329D-06  1.256D-05  2.188D-05   250.43       6.85       5.78    1.682D-06  4.095D-07  1.643D-07
**(rmsgt)**  27  2.029D-06  1.706D-05  1.633D-05  2.186D-05   227.48       3.45       6.05    1.795D-06  7.187D-07  1.989D-07
**(rmsgt)**  26  1.865D-06  1.380D-05  1.512D-05  1.813D-05   221.25       2.55       5.55    1.824D-06  7.980D-07  2.166D-07
**(rmsgt)**  25  1.604D-06  1.231D-05  1.342D-05  1.578D-05   216.81       3.41       5.17    2.008D-06  9.583D-07  2.780D-07
**(rmsgt)**  24  1.228D-06  1.052D-05  1.286D-05  1.386D-05   213.53       4.22       4.78    2.297D-06  1.198D-06  3.339D-07
**(rmsgt)**  23  1.278D-06  9.706D-06  1.078D-05  1.341D-05   209.99       5.66       4.43    2.723D-06  1.369D-06  4.398D-07
**(rmsgt)**  22  1.080D-06  9.420D-06  8.840D-06  1.455D-05   206.22       8.00       4.36    3.159D-06  1.270D-06  5.930D-07
**(rmsgt)**  21  1.340D-06  1.071D-05  8.182D-06  1.810D-05   204.72       9.38       4.07    3.773D-06  1.355D-06  1.432D-06
**(rmsgt)**  20  1.526D-06  1.193D-05  9.152D-06  2.304D-05   207.83       7.47       3.73    6.585D-06  2.194D-06  3.648D-06
**(rmsgt)**  19  1.657D-06  1.125D-05  1.102D-05  2.881D-05   213.19       4.27       3.85    1.623D-05  6.366D-06  1.005D-05
**(rmsgt)**  18  1.571D-06  1.073D-05  1.164D-05  3.497D-05   219.21       4.31       3.80    4.260D-05  2.273D-05  2.833D-05
**(rmsgt)**  17  1.175D-06  9.471D-06  1.124D-05  3.815D-05   226.37       7.30       3.25    1.032D-04  6.360D-05  7.456D-05
**(rmsgt)**  16  9.811D-07  8.434D-06  1.005D-05  3.759D-05   234.82       9.41       3.44    2.081D-04  1.252D-04  1.734D-04
**(rmsgt)**  15  9.770D-07  7.660D-06  8.545D-06  3.429D-05   243.29      10.28       3.85    3.824D-04  2.167D-04  3.324D-04
**(rmsgt)**  14  7.377D-07  6.980D-06  7.141D-06  2.996D-05   251.20      10.69       4.30    6.615D-04  3.750D-04  5.540D-04
**(rmsgt)**  13  8.184D-07  6.557D-06  5.871D-06  2.612D-05   258.11      10.82       4.42    1.071D-03  6.567D-04  8.524D-04
**(rmsgt)**  12  7.779D-07  6.577D-06  5.086D-06  2.337D-05   264.07      10.93       4.65    1.595D-03  1.000D-03  1.201D-03
**(rmsgt)**  11  6.564D-07  6.441D-06  4.671D-06  2.156D-05   268.80      10.85       4.62    2.224D-03  1.380D-03  1.537D-03
**(rmsgt)**  10  6.871D-07  6.485D-06  4.416D-06  2.027D-05   272.77      11.03       4.76    3.015D-03  1.868D-03  1.780D-03
**(rmsgt)**   9  6.571D-07  6.394D-06  4.314D-06  1.942D-05   276.18      11.07       4.70    4.054D-03  2.391D-03  1.937D-03
**(rmsgt)**   8  7.272D-07  6.694D-06  4.446D-06  1.935D-05   278.98      11.33       4.74    5.115D-03  2.843D-03  2.006D-03
**(rmsgt)**   7  9.268D-07  7.298D-06  4.721D-06  1.988D-05   281.38      11.73       4.58    6.096D-03  3.184D-03  2.065D-03
**(rmsgt)**   6  1.188D-06  8.159D-06  5.101D-06  2.095D-05   283.48      12.07       4.55    7.100D-03  3.557D-03  2.158D-03
**(rmsgt)**   5  1.514D-06  9.315D-06  5.354D-06  2.228D-05   285.25      12.46       4.44    7.991D-03  3.945D-03  2.306D-03
**(rmsgt)**   4  1.847D-06  1.067D-05  5.454D-06  2.330D-05   286.87      12.83       4.42    8.791D-03  4.379D-03  2.456D-03
**(rmsgt)**   3  2.073D-06  1.163D-05  5.300D-06  2.303D-05   288.13      13.23       4.47    9.558D-03  4.884D-03  2.570D-03
**(rmsgt)**   2  2.309D-06  1.199D-05  4.575D-06  2.005D-05   289.33      13.57       4.57    1.009D-02  5.179D-03  2.635D-03
**(rmsgt)**   1  2.186D-06  1.188D-05  3.387D-06  1.476D-05   289.63      13.82       5.07    1.056D-02  5.410D-03  2.758D-03
**(rmsgt)** AVE  1.172D-06  8.701D-06  7.856D-06  2.598D-05   252.07      10.05       4.35    2.441D-03  2.021D-03  1.363
**(rmsgt)** Log(surface pressure) mean and variance:
**(rmsgt)**  G.M.LNP.= 4.59    ; Z.S.LNP.=0.438D-01; Z.A.LNP.=0.660D-01
**(wridia)** file also contains diagnostics at 03Z of 11/10/2011:
**(globme)**TOTAL PRECIPITATION                      Std.Dev.=   3.2124573; Glob.Mean=   8.7365437    ; in units of Kg M**-2 Day
**-1
**(globme)**CONVECTIVE PRECIPITATION                 Std.Dev.=   2.4186780; Glob.Mean=   8.1885223    ; in units of Kg M**-2 Day
**-1
**(globme)**SENSIBLE HEAT FLUX FROM SURFACE          Std.Dev.=   11.170324; Glob.Mean=   55.059010    ; in units of W M**-2
**(globme)**LATENT HEAT FLUX FROM SURFACE            Std.Dev.=   92.308884; Glob.Mean=   104.42990    ; in units of W M**-2
**(globme)**OUTGOING LONG WAVE AT TOP                Std.Dev.=   244.13050; Glob.Mean=   47.980689    ; in units of W M**-2
**(globme)**SHORT WAVE ABSORBED AT GROUND            Std.Dev.=   179.92558; Glob.Mean=   259.23297    ; in units of W M**-2
**(globme)**NET LONG WAVE AT BOTTOM                  Std.Dev.=   49.946481; Glob.Mean=   32.594262    ; in units of W M**-2
**(Model)** timestep 91 at simulation time 0 days and 54000.0 seconds
**(Model)** timestep 92 at simulation time 0 days and 54600.0 seconds
**(Model)** timestep 93 at simulation time 0 days and 55200.0 seconds
**(Model)** timestep 94 at simulation time 0 days and 55800.0 seconds
**(Model)** timestep 95 at simulation time 0 days and 56400.0 seconds
**(Model)** timestep 96 at simulation time 0 days and 57000.0 seconds
**(Model)** timestep 97 at simulation time 0 days and 57600.0 seconds
**(Model)** timestep 98 at simulation time 0 days and 58200.0 seconds
**(Model)** timestep 99 at simulation time 0 days and 58800.0 seconds
**(Model)** timestep 100 at simulation time 0 days and 59400.0 seconds
**(Model)** timestep 101 at simulation time 0 days and 60000.0 seconds
**(Model)** timestep 102 at simulation time 0 days and 60600.0 seconds
**(Model)** timestep 103 at simulation time 0 days and 61200.0 seconds
**(Model)** timestep 104 at simulation time 0 days and 61800.0 seconds
**(Model)** timestep 105 at simulation time 0 days and 62400.0 seconds
**(Model)** timestep 106 at simulation time 0 days and 63000.0 seconds
**(Model)** timestep 107 at simulation time 0 days and 63600.0 seconds
**(Model)** timestep 108 at simulation time 0 days and 64200.0 seconds
**(opnfct)** writes file GFCT01R20111010122011101106F.fct.T126L28 at simulation time
**(opnfct)** 0 days and 64800.0 seconds; contains state of the atmosphere at 06Z of 11/10/2011
**(rmsgt)** State of the atmosphere at 06Z of 11/10/2011:
**(rmsgt)** Layers and average means and variances:
**(rmsgt)** LYR  Z.S. DIV.  Z.A. DIV.  Z.S. VOR.  Z.A. VOR.  G.M. TEM.  Z.S. TEM.  Z.A. TEM.  G.M. S.H.  Z.S. S.H.  Z.A. S.H.
**(rmsgt)**  28  7.632D-07  5.185D-06  1.249D-05  2.205D-05   250.44       6.78       5.69    1.683D-06  4.087D-07  1.653D-07
**(rmsgt)**  27  1.533D-06  1.635D-05  1.627D-05  2.200D-05   227.38       3.52       6.35    1.795D-06  7.185D-07  1.997D-07
**(rmsgt)**  26  1.787D-06  1.343D-05  1.502D-05  1.839D-05   221.23       2.45       5.80    1.823D-06  7.968D-07  2.149D-07
**(rmsgt)**  25  1.440D-06  1.228D-05  1.338D-05  1.568D-05   216.83       3.31       5.29    2.007D-06  9.572D-07  2.790D-07
**(rmsgt)**  24  1.229D-06  1.041D-05  1.286D-05  1.397D-05   213.57       4.14       4.88    2.299D-06  1.197D-06  3.344D-07
**(rmsgt)**  23  1.038D-06  9.554D-06  1.068D-05  1.345D-05   210.03       5.60       4.49    2.727D-06  1.368D-06  4.422D-07
**(rmsgt)**  22  1.094D-06  9.050D-06  8.715D-06  1.448D-05   206.23       7.98       4.39    3.165D-06  1.266D-06  6.284D-07
**(rmsgt)**  21  1.485D-06  1.056D-05  8.188D-06  1.804D-05   204.72       9.36       4.09    3.819D-06  1.382D-06  1.532D-06
**(rmsgt)**  20  1.821D-06  1.132D-05  9.211D-06  2.311D-05   207.83       7.45       3.74    6.712D-06  2.302D-06  3.853D-06
**(rmsgt)**  19  1.857D-06  1.120D-05  1.111D-05  2.877D-05   213.21       4.25       3.84    1.646D-05  6.526D-06  1.051D-05
**(rmsgt)**  18  1.523D-06  1.046D-05  1.168D-05  3.444D-05   219.22       4.30       3.76    4.299D-05  2.281D-05  2.912D-05
**(rmsgt)**  17  1.112D-06  8.938D-06  1.139D-05  3.741D-05   226.36       7.30       3.22    1.036D-04  6.321D-05  7.493D-05
**(rmsgt)**  16  9.363D-07  8.153D-06  1.019D-05  3.678D-05   234.80       9.42       3.41    2.079D-04  1.233D-04  1.716D-04
**(rmsgt)**  15  8.228D-07  7.400D-06  8.585D-06  3.361D-05   243.25      10.30       3.82    3.827D-04  2.126D-04  3.277D-04
**(rmsgt)**  14  6.755D-07  6.678D-06  7.124D-06  2.952D-05   251.16      10.70       4.27    6.622D-04  3.675D-04  5.472D-04
**(rmsgt)**  13  6.991D-07  6.385D-06  5.891D-06  2.577D-05   258.09      10.85       4.41    1.069D-03  6.435D-04  8.409D-04
**(rmsgt)**  12  7.332D-07  6.480D-06  5.138D-06  2.303D-05   264.06      10.96       4.63    1.590D-03  9.824D-04  1.186D-03
**(rmsgt)**  11  6.957D-07  6.513D-06  4.726D-06  2.125D-05   268.75      10.84       4.60    2.213D-03  1.359D-03  1.522D-03
**(rmsgt)**  10  7.772D-07  6.671D-06  4.468D-06  1.996D-05   272.68      11.00       4.73    2.996D-03  1.850D-03  1.771D-03
**(rmsgt)**   9  6.892D-07  6.566D-06  4.365D-06  1.921D-05   276.09      11.06       4.68    4.040D-03  2.380D-03  1.930D-03
**(rmsgt)**   8  6.627D-07  6.757D-06  4.492D-06  1.915D-05   278.92      11.32       4.72    5.107D-03  2.834D-03  2.000D-03
**(rmsgt)**   7  8.924D-07  7.183D-06  4.784D-06  1.966D-05   281.35      11.73       4.57    6.096D-03  3.172D-03  2.063D-03
**(rmsgt)**   6  1.183D-06  8.104D-06  5.179D-06  2.078D-05   283.48      12.09       4.55    7.106D-03  3.554D-03  2.170D-03
**(rmsgt)**   5  1.491D-06  9.305D-06  5.426D-06  2.221D-05   285.28      12.46       4.42    8.022D-03  3.963D-03  2.337D-03
**(rmsgt)**   4  1.799D-06  1.060D-05  5.533D-06  2.319D-05   286.93      12.83       4.38    8.826D-03  4.400D-03  2.482D-03
**(rmsgt)**   3  1.967D-06  1.152D-05  5.361D-06  2.280D-05   288.18      13.22       4.39    9.605D-03  4.919D-03  2.584D-03
**(rmsgt)**   2  2.202D-06  1.192D-05  4.626D-06  1.980D-05   289.41      13.54       4.45    1.014D-02  5.219D-03  2.638D-03
**(rmsgt)**   1  2.182D-06  1.190D-05  3.403D-06  1.472D-05   289.92      13.86       4.86    1.061D-02  5.436D-03  2.742D-03
**(rmsgt)** AVE  1.157D-06  8.543D-06  7.897D-06  2.563D-05   252.05      10.05       4.34    2.441D-03  2.022D-03  1.362
**(rmsgt)** Log(surface pressure) mean and variance:
**(rmsgt)**  G.M.LNP.= 4.59    ; Z.S.LNP.=0.439D-01; Z.A.LNP.=0.659D-01
**(wridia)** file also contains diagnostics at 06Z of 11/10/2011:
**(globme)**TOTAL PRECIPITATION                      Std.Dev.=   3.2634436; Glob.Mean=   9.0858433    ; in units of Kg M**-2 Day
**-1
**(globme)**CONVECTIVE PRECIPITATION                 Std.Dev.=   2.4705151; Glob.Mean=   8.5647072    ; in units of Kg M**-2 Day
**-1
**(globme)**SENSIBLE HEAT FLUX FROM SURFACE          Std.Dev.=   19.520913; Glob.Mean=   68.629931    ; in units of W M**-2
**(globme)**LATENT HEAT FLUX FROM SURFACE            Std.Dev.=   94.854798; Glob.Mean=   106.72247    ; in units of W M**-2
**(globme)**OUTGOING LONG WAVE AT TOP                Std.Dev.=   243.60377; Glob.Mean=   48.528779    ; in units of W M**-2
**(globme)**SHORT WAVE ABSORBED AT GROUND            Std.Dev.=   177.30566; Glob.Mean=   254.87217    ; in units of W M**-2
**(globme)**NET LONG WAVE AT BOTTOM                  Std.Dev.=   51.246752; Glob.Mean=   35.413952    ; in units of W M**-2
**(Model)** timestep 109 at simulation time 0 days and 64800.0 seconds
**(Model)** timestep 110 at simulation time 0 days and 65400.0 seconds
**(Model)** timestep 111 at simulation time 0 days and 66000.0 seconds
**(Model)** timestep 112 at simulation time 0 days and 66600.0 seconds
**(Model)** timestep 113 at simulation time 0 days and 67200.0 seconds
**(Model)** timestep 114 at simulation time 0 days and 67800.0 seconds
**(Model)** timestep 115 at simulation time 0 days and 68400.0 seconds
**(Model)** timestep 116 at simulation time 0 days and 69000.0 seconds
**(Model)** timestep 117 at simulation time 0 days and 69600.0 seconds
**(Model)** timestep 118 at simulation time 0 days and 70200.0 seconds
**(Model)** timestep 119 at simulation time 0 days and 70800.0 seconds
**(Model)** timestep 120 at simulation time 0 days and 71400.0 seconds
**(Model)** timestep 121 at simulation time 0 days and 72000.0 seconds
**(Model)** timestep 122 at simulation time 0 days and 72600.0 seconds
**(Model)** timestep 123 at simulation time 0 days and 73200.0 seconds
**(Model)** timestep 124 at simulation time 0 days and 73800.0 seconds
**(Model)** timestep 125 at simulation time 0 days and 74400.0 seconds
**(Model)** timestep 126 at simulation time 0 days and 75000.0 seconds
**(opnfct)** writes file GFCT01R20111010122011101109F.fct.T126L28 at simulation time
**(opnfct)** 0 days and 75600.0 seconds; contains state of the atmosphere at 09Z of 11/10/2011
**(rmsgt)** State of the atmosphere at 09Z of 11/10/2011:
**(rmsgt)** Layers and average means and variances:
**(rmsgt)** LYR  Z.S. DIV.  Z.A. DIV.  Z.S. VOR.  Z.A. VOR.  G.M. TEM.  Z.S. TEM.  Z.A. TEM.  G.M. S.H.  Z.S. S.H.  Z.A. S.H.
**(rmsgt)**  28  9.829D-07  4.886D-06  1.228D-05  2.225D-05   250.45       6.73       5.62    1.684D-06  4.075D-07  1.668D-07
**(rmsgt)**  27  2.057D-06  1.535D-05  1.591D-05  2.161D-05   227.29       3.59       6.60    1.795D-06  7.174D-07  2.010D-07
**(rmsgt)**  26  1.592D-06  1.275D-05  1.484D-05  1.838D-05   221.20       2.34       5.92    1.821D-06  7.953D-07  2.140D-07
**(rmsgt)**  25  1.448D-06  1.165D-05  1.321D-05  1.616D-05   216.83       3.21       5.36    2.009D-06  9.561D-07  2.793D-07
**(rmsgt)**  24  1.158D-06  1.015D-05  1.286D-05  1.439D-05   213.62       4.06       4.93    2.302D-06  1.196D-06  3.351D-07
**(rmsgt)**  23  9.875D-07  9.612D-06  1.074D-05  1.356D-05   210.06       5.59       4.51    2.732D-06  1.368D-06  4.440D-07
**(rmsgt)**  22  1.267D-06  8.956D-06  8.785D-06  1.438D-05   206.23       8.02       4.40    3.167D-06  1.260D-06  6.459D-07
**(rmsgt)**  21  1.421D-06  1.038D-05  8.344D-06  1.783D-05   204.72       9.38       4.12    3.846D-06  1.397D-06  1.584D-06
**(rmsgt)**  20  1.877D-06  1.111D-05  9.276D-06  2.306D-05   207.84       7.43       3.76    6.810D-06  2.365D-06  3.914D-06
**(rmsgt)**  19  2.090D-06  1.137D-05  1.120D-05  2.858D-05   213.23       4.22       3.85    1.667D-05  6.679D-06  1.084D-05
**(rmsgt)**  18  1.600D-06  1.024D-05  1.175D-05  3.393D-05   219.23       4.28       3.75    4.332D-05  2.293D-05  2.966D-05
**(rmsgt)**  17  1.089D-06  8.781D-06  1.130D-05  3.671D-05   226.34       7.28       3.20    1.038D-04  6.294D-05  7.519D-05
**(rmsgt)**  16  1.028D-06  8.105D-06  1.013D-05  3.605D-05   234.77       9.42       3.37    2.071D-04  1.213D-04  1.687D-04
**(rmsgt)**  15  8.094D-07  7.208D-06  8.504D-06  3.307D-05   243.20      10.31       3.78    3.809D-04  2.065D-04  3.192D-04
**(rmsgt)**  14  6.550D-07  6.583D-06  7.081D-06  2.913D-05   251.13      10.70       4.24    6.611D-04  3.580D-04  5.317D-04
**(rmsgt)**  13  6.056D-07  6.306D-06  5.900D-06  2.547D-05   258.06      10.86       4.40    1.067D-03  6.309D-04  8.221D-04
**(rmsgt)**  12  6.887D-07  6.330D-06  5.143D-06  2.276D-05   264.05      10.98       4.62    1.587D-03  9.689D-04  1.164D-03
**(rmsgt)**  11  7.526D-07  6.531D-06  4.730D-06  2.100D-05   268.71      10.84       4.58    2.205D-03  1.341D-03  1.502D-03
**(rmsgt)**  10  7.804D-07  6.732D-06  4.455D-06  1.972D-05   272.60      10.99       4.72    2.981D-03  1.832D-03  1.756D-03
**(rmsgt)**   9  7.805D-07  6.632D-06  4.363D-06  1.897D-05   276.01      11.06       4.68    4.032D-03  2.371D-03  1.913D-03
**(rmsgt)**   8  7.662D-07  6.802D-06  4.486D-06  1.891D-05   278.86      11.32       4.71    5.104D-03  2.827D-03  1.990D-03
**(rmsgt)**   7  9.529D-07  7.171D-06  4.792D-06  1.945D-05   281.32      11.74       4.56    6.098D-03  3.167D-03  2.062D-03
**(rmsgt)**   6  1.165D-06  8.097D-06  5.184D-06  2.067D-05   283.49      12.10       4.52    7.128D-03  3.563D-03  2.187D-03
**(rmsgt)**   5  1.412D-06  9.357D-06  5.411D-06  2.208D-05   285.32      12.48       4.34    8.062D-03  3.987D-03  2.346D-03
**(rmsgt)**   4  1.681D-06  1.070D-05  5.512D-06  2.290D-05   287.03      12.86       4.27    8.865D-03  4.425D-03  2.482D-03
**(rmsgt)**   3  1.910D-06  1.184D-05  5.281D-06  2.231D-05   288.40      13.28       4.27    9.629D-03  4.934D-03  2.588D-03
**(rmsgt)**   2  2.165D-06  1.244D-05  4.596D-06  1.952D-05   289.69      13.63       4.35    1.018D-02  5.243D-03  2.643D-03
**(rmsgt)**   1  2.180D-06  1.265D-05  3.481D-06  1.502D-05   290.41      14.08       4.66    1.063D-02  5.434D-03  2.748D-03
**(rmsgt)** AVE  1.181D-06  8.491D-06  7.883D-06  2.530D-05   252.05      10.06       4.33    2.443D-03  2.023D-03  1.356
**(rmsgt)** Log(surface pressure) mean and variance:
**(rmsgt)**  G.M.LNP.= 4.59    ; Z.S.LNP.=0.440D-01; Z.A.LNP.=0.660D-01
**(wridia)** file also contains diagnostics at 09Z of 11/10/2011:
**(globme)**TOTAL PRECIPITATION                      Std.Dev.=   3.2462620; Glob.Mean=   8.9826977    ; in units of Kg M**-2 Day
**-1
**(globme)**CONVECTIVE PRECIPITATION                 Std.Dev.=   2.4642088; Glob.Mean=   8.4928821    ; in units of Kg M**-2 Day
**-1
**(globme)**SENSIBLE HEAT FLUX FROM SURFACE          Std.Dev.=   26.469389; Glob.Mean=   68.676590    ; in units of W M**-2
**(globme)**LATENT HEAT FLUX FROM SURFACE            Std.Dev.=   95.975990; Glob.Mean=   102.96490    ; in units of W M**-2
**(globme)**OUTGOING LONG WAVE AT TOP                Std.Dev.=   243.67426; Glob.Mean=   49.622924    ; in units of W M**-2
**(globme)**SHORT WAVE ABSORBED AT GROUND            Std.Dev.=   178.87315; Glob.Mean=   254.47799    ; in units of W M**-2
**(globme)**NET LONG WAVE AT BOTTOM                  Std.Dev.=   54.431614; Glob.Mean=   40.252444    ; in units of W M**-2
**(Model)** timestep 127 at simulation time 0 days and 75600.0 seconds
**(Model)** timestep 128 at simulation time 0 days and 76200.0 seconds
**(Model)** timestep 129 at simulation time 0 days and 76800.0 seconds
**(Model)** timestep 130 at simulation time 0 days and 77400.0 seconds
**(Model)** timestep 131 at simulation time 0 days and 78000.0 seconds
**(Model)** timestep 132 at simulation time 0 days and 78600.0 seconds
**(Model)** timestep 133 at simulation time 0 days and 79200.0 seconds
**(Model)** timestep 134 at simulation time 0 days and 79800.0 seconds
**(Model)** timestep 135 at simulation time 0 days and 80400.0 seconds
**(Model)** timestep 136 at simulation time 0 days and 81000.0 seconds
**(Model)** timestep 137 at simulation time 0 days and 81600.0 seconds
**(Model)** timestep 138 at simulation time 0 days and 82200.0 seconds
**(Model)** timestep 139 at simulation time 0 days and 82800.0 seconds
**(Model)** timestep 140 at simulation time 0 days and 83400.0 seconds
**(Model)** timestep 141 at simulation time 0 days and 84000.0 seconds
**(Model)** timestep 142 at simulation time 0 days and 84600.0 seconds
**(Model)** timestep 143 at simulation time 0 days and 85200.0 seconds
**(Model)** timestep 144 at simulation time 0 days and 85800.0 seconds
**(opnfct)** writes file GFCT01R20111010122011101112F.fct.T126L28 at simulation time
**(opnfct)** 1 days and 0.0 seconds; contains state of the atmosphere at 12Z of 11/10/2011
**(rmsgt)** State of the atmosphere at 12Z of 11/10/2011:
**(rmsgt)** Layers and average means and variances:
**(rmsgt)** LYR  Z.S. DIV.  Z.A. DIV.  Z.S. VOR.  Z.A. VOR.  G.M. TEM.  Z.S. TEM.  Z.A. TEM.  G.M. S.H.  Z.S. S.H.  Z.A. S.H.
**(rmsgt)**  28  8.588D-07  4.817D-06  1.230D-05  2.252D-05   250.47       6.71       5.63    1.686D-06  4.064D-07  1.682D-07
**(rmsgt)**  27  1.920D-06  1.482D-05  1.571D-05  2.139D-05   227.20       3.67       6.87    1.794D-06  7.161D-07  2.018D-07
**(rmsgt)**  26  1.294D-06  1.286D-05  1.489D-05  1.854D-05   221.17       2.32       6.02    1.822D-06  7.940D-07  2.136D-07
**(rmsgt)**  25  1.428D-06  1.120D-05  1.315D-05  1.604D-05   216.83       3.05       5.42    2.010D-06  9.562D-07  2.783D-07
**(rmsgt)**  24  1.313D-06  1.002D-05  1.265D-05  1.448D-05   213.65       3.94       5.03    2.304D-06  1.194D-06  3.372D-07
**(rmsgt)**  23  1.228D-06  9.354D-06  1.057D-05  1.369D-05   210.09       5.57       4.58    2.736D-06  1.368D-06  4.493D-07
**(rmsgt)**  22  1.404D-06  9.194D-06  8.707D-06  1.450D-05   206.23       8.08       4.42    3.168D-06  1.255D-06  6.437D-07
**(rmsgt)**  21  1.564D-06  1.020D-05  8.415D-06  1.772D-05   204.73       9.43       4.14    3.870D-06  1.404D-06  1.590D-06
**(rmsgt)**  20  1.837D-06  1.119D-05  9.296D-06  2.280D-05   207.87       7.43       3.76    6.910D-06  2.419D-06  3.943D-06
**(rmsgt)**  19  2.119D-06  1.152D-05  1.122D-05  2.827D-05   213.26       4.19       3.83    1.692D-05  6.889D-06  1.112D-05
**(rmsgt)**  18  1.690D-06  1.006D-05  1.195D-05  3.351D-05   219.22       4.26       3.72    4.383D-05  2.328D-05  3.030D-05
**(rmsgt)**  17  1.118D-06  8.791D-06  1.132D-05  3.619D-05   226.32       7.28       3.18    1.043D-04  6.310D-05  7.572D-05
**(rmsgt)**  16  1.067D-06  8.135D-06  1.004D-05  3.552D-05   234.74       9.43       3.34    2.067D-04  1.202D-04  1.665D-04
**(rmsgt)**  15  8.107D-07  7.147D-06  8.443D-06  3.268D-05   243.16      10.33       3.76    3.803D-04  2.018D-04  3.123D-04
**(rmsgt)**  14  6.106D-07  6.552D-06  7.042D-06  2.892D-05   251.10      10.71       4.23    6.607D-04  3.491D-04  5.200D-04
**(rmsgt)**  13  6.041D-07  6.260D-06  5.907D-06  2.531D-05   258.04      10.88       4.39    1.064D-03  6.178D-04  8.022D-04
**(rmsgt)**  12  6.452D-07  6.183D-06  5.128D-06  2.258D-05   264.04      11.00       4.61    1.586D-03  9.583D-04  1.138D-03
**(rmsgt)**  11  7.824D-07  6.390D-06  4.712D-06  2.075D-05   268.67      10.84       4.58    2.200D-03  1.326D-03  1.483D-03
**(rmsgt)**  10  6.910D-07  6.661D-06  4.429D-06  1.947D-05   272.54      10.99       4.72    2.969D-03  1.815D-03  1.745D-03
**(rmsgt)**   9  7.727D-07  6.624D-06  4.338D-06  1.867D-05   275.93      11.05       4.70    4.029D-03  2.361D-03  1.900D-03
**(rmsgt)**   8  8.420D-07  6.843D-06  4.465D-06  1.863D-05   278.81      11.33       4.71    5.112D-03  2.825D-03  1.979D-03
**(rmsgt)**   7  9.860D-07  7.142D-06  4.765D-06  1.916D-05   281.32      11.76       4.55    6.120D-03  3.176D-03  2.059D-03
**(rmsgt)**   6  1.073D-06  8.106D-06  5.133D-06  2.039D-05   283.55      12.15       4.51    7.159D-03  3.586D-03  2.188D-03
**(rmsgt)**   5  1.318D-06  9.533D-06  5.406D-06  2.185D-05   285.45      12.55       4.34    8.086D-03  4.006D-03  2.369D-03
**(rmsgt)**   4  1.609D-06  1.104D-05  5.458D-06  2.278D-05   287.20      12.96       4.32    8.853D-03  4.421D-03  2.526D-03
**(rmsgt)**   3  1.840D-06  1.231D-05  5.297D-06  2.239D-05   288.61      13.42       4.35    9.602D-03  4.914D-03  2.640D-03
**(rmsgt)**   2  2.115D-06  1.301D-05  4.691D-06  1.973D-05   289.90      13.77       4.46    1.017D-02  5.236D-03  2.701D-03
**(rmsgt)**   1  2.137D-06  1.295D-05  3.593D-06  1.509D-05   290.61      14.27       4.78    1.064D-02  5.431D-03  2.835D-03
**(rmsgt)** AVE  1.183D-06  8.497D-06  7.871D-06  2.503D-05   252.05      10.08       4.33    2.444D-03  2.022D-03  1.358
**(rmsgt)** Log(surface pressure) mean and variance:
**(rmsgt)**  G.M.LNP.= 4.59    ; Z.S.LNP.=0.441D-01; Z.A.LNP.=0.661D-01
**(wridia)** file also contains diagnostics at 12Z of 11/10/2011:
**(globme)**TOTAL PRECIPITATION                      Std.Dev.=   3.2568449; Glob.Mean=   8.8501589    ; in units of Kg M**-2 Day
**-1
**(globme)**CONVECTIVE PRECIPITATION                 Std.Dev.=   2.4512686; Glob.Mean=   8.3692935    ; in units of Kg M**-2 Day
**-1
**(globme)**SENSIBLE HEAT FLUX FROM SURFACE          Std.Dev.=   30.194157; Glob.Mean=   92.857617    ; in units of W M**-2
**(globme)**LATENT HEAT FLUX FROM SURFACE            Std.Dev.=   94.173489; Glob.Mean=   102.61836    ; in units of W M**-2
**(globme)**OUTGOING LONG WAVE AT TOP                Std.Dev.=   244.60926; Glob.Mean=   51.648798    ; in units of W M**-2
**(globme)**SHORT WAVE ABSORBED AT GROUND            Std.Dev.=   180.53886; Glob.Mean=   256.39163    ; in units of W M**-2
**(globme)**NET LONG WAVE AT BOTTOM                  Std.Dev.=   58.152999; Glob.Mean=   46.236110    ; in units of W M**-2
**(Model)** timestep 145 at simulation time 1 days and 0.0 seconds
**(Model)** timestep 146 at simulation time 1 days and 600.0 seconds
**(Model)** timestep 147 at simulation time 1 days and 1200.0 seconds
**(Model)** timestep 148 at simulation time 1 days and 1800.0 seconds
**(Model)** timestep 149 at simulation time 1 days and 2400.0 seconds
**(Model)** timestep 150 at simulation time 1 days and 3000.0 seconds
**(Model)** timestep 151 at simulation time 1 days and 3600.0 seconds
**(Model)** timestep 152 at simulation time 1 days and 4200.0 seconds
**(Model)** timestep 153 at simulation time 1 days and 4800.0 seconds
**(Model)** timestep 154 at simulation time 1 days and 5400.0 seconds
**(Model)** timestep 155 at simulation time 1 days and 6000.0 seconds
**(Model)** timestep 156 at simulation time 1 days and 6600.0 seconds
**(Model)** timestep 157 at simulation time 1 days and 7200.0 seconds
**(Model)** timestep 158 at simulation time 1 days and 7800.0 seconds
**(Model)** timestep 159 at simulation time 1 days and 8400.0 seconds
**(Model)** timestep 160 at simulation time 1 days and 9000.0 seconds
**(Model)** timestep 161 at simulation time 1 days and 9600.0 seconds
**(Model)** timestep 162 at simulation time 1 days and 10200.0 seconds
**(opnfct)** writes file GFCT01R20111010122011101115F.fct.T126L28 at simulation time
**(opnfct)** 1 days and 10800.0 seconds; contains state of the atmosphere at 15Z of 11/10/2011
**(rmsgt)** State of the atmosphere at 15Z of 11/10/2011:
**(rmsgt)** Layers and average means and variances:
**(rmsgt)** LYR  Z.S. DIV.  Z.A. DIV.  Z.S. VOR.  Z.A. VOR.  G.M. TEM.  Z.S. TEM.  Z.A. TEM.  G.M. S.H.  Z.S. S.H.  Z.A. S.H.
**(rmsgt)**  28  8.431D-07  4.531D-06  1.203D-05  2.269D-05   250.47       6.72       5.60    1.686D-06  4.056D-07  1.695D-07
**(rmsgt)**  27  1.925D-06  1.399D-05  1.561D-05  2.140D-05   227.12       3.85       7.15    1.793D-06  7.156D-07  2.022D-07
**(rmsgt)**  26  1.850D-06  1.265D-05  1.491D-05  1.894D-05   221.17       2.27       6.18    1.825D-06  7.935D-07  2.136D-07
**(rmsgt)**  25  1.237D-06  1.099D-05  1.317D-05  1.581D-05   216.84       2.94       5.46    2.012D-06  9.556D-07  2.783D-07
**(rmsgt)**  24  1.501D-06  9.461D-06  1.257D-05  1.439D-05   213.66       3.86       5.05    2.305D-06  1.192D-06  3.421D-07
**(rmsgt)**  23  1.054D-06  9.310D-06  1.043D-05  1.351D-05   210.11       5.56       4.63    2.738D-06  1.367D-06  4.525D-07
**(rmsgt)**  22  1.472D-06  9.097D-06  8.422D-06  1.449D-05   206.24       8.12       4.38    3.174D-06  1.256D-06  6.568D-07
**(rmsgt)**  21  1.543D-06  1.014D-05  8.343D-06  1.772D-05   204.75       9.47       4.11    3.902D-06  1.423D-06  1.666D-06
**(rmsgt)**  20  1.544D-06  1.152D-05  9.283D-06  2.250D-05   207.89       7.43       3.74    7.016D-06  2.499D-06  4.113D-06
**(rmsgt)**  19  1.987D-06  1.169D-05  1.122D-05  2.803D-05   213.28       4.16       3.81    1.720D-05  7.042D-06  1.160D-05
**(rmsgt)**  18  1.472D-06  9.751D-06  1.204D-05  3.324D-05   219.21       4.25       3.72    4.417D-05  2.347D-05  3.099D-05
**(rmsgt)**  17  1.081D-06  8.727D-06  1.134D-05  3.588D-05   226.30       7.29       3.18    1.048D-04  6.314D-05  7.559D-05
**(rmsgt)**  16  1.031D-06  8.161D-06  9.982D-06  3.523D-05   234.73       9.44       3.32    2.074D-04  1.198D-04  1.647D-04
**(rmsgt)**  15  7.355D-07  7.059D-06  8.399D-06  3.248D-05   243.12      10.35       3.75    3.814D-04  1.986D-04  3.093D-04
**(rmsgt)**  14  7.096D-07  6.494D-06  6.985D-06  2.884D-05   251.07      10.72       4.21    6.620D-04  3.405D-04  5.136D-04
**(rmsgt)**  13  6.793D-07  6.180D-06  5.867D-06  2.524D-05   258.03      10.90       4.39    1.062D-03  6.045D-04  7.896D-04
**(rmsgt)**  12  7.225D-07  6.159D-06  5.134D-06  2.240D-05   264.03      11.02       4.62    1.586D-03  9.469D-04  1.121D-03
**(rmsgt)**  11  7.621D-07  6.367D-06  4.752D-06  2.053D-05   268.64      10.86       4.58    2.197D-03  1.314D-03  1.469D-03
**(rmsgt)**  10  6.551D-07  6.612D-06  4.456D-06  1.926D-05   272.49      11.00       4.71    2.964D-03  1.802D-03  1.739D-03
**(rmsgt)**   9  7.345D-07  6.730D-06  4.342D-06  1.848D-05   275.88      11.06       4.70    4.031D-03  2.356D-03  1.888D-03
**(rmsgt)**   8  8.054D-07  6.868D-06  4.494D-06  1.841D-05   278.78      11.36       4.72    5.124D-03  2.831D-03  1.971D-03
**(rmsgt)**   7  8.843D-07  7.213D-06  4.825D-06  1.895D-05   281.34      11.79       4.56    6.135D-03  3.186D-03  2.065D-03
**(rmsgt)**   6  9.670D-07  8.095D-06  5.180D-06  2.017D-05   283.60      12.20       4.52    7.163D-03  3.588D-03  2.217D-03
**(rmsgt)**   5  1.262D-06  9.450D-06  5.457D-06  2.174D-05   285.54      12.62       4.38    8.080D-03  4.008D-03  2.438D-03
**(rmsgt)**   4  1.550D-06  1.097D-05  5.590D-06  2.285D-05   287.30      13.02       4.36    8.825D-03  4.409D-03  2.597D-03
**(rmsgt)**   3  1.823D-06  1.233D-05  5.464D-06  2.262D-05   288.70      13.50       4.43    9.577D-03  4.893D-03  2.691D-03
**(rmsgt)**   2  2.110D-06  1.303D-05  4.796D-06  1.985D-05   289.98      13.85       4.52    1.017D-02  5.236D-03  2.743D-03
**(rmsgt)**   1  2.164D-06  1.295D-05  3.566D-06  1.494D-05   290.63      14.35       4.87    1.065D-02  5.442D-03  2.881D-03
**(rmsgt)** AVE  1.140D-06  8.458D-06  7.860D-06  2.487D-05   252.04      10.10       4.34    2.444D-03  2.020D-03  1.367
**(rmsgt)** Log(surface pressure) mean and variance:
**(rmsgt)**  G.M.LNP.= 4.59    ; Z.S.LNP.=0.442D-01; Z.A.LNP.=0.660D-01
**(wridia)** file also contains diagnostics at 15Z of 11/10/2011:
**(globme)**TOTAL PRECIPITATION                      Std.Dev.=   3.3021741; Glob.Mean=   8.8203106    ; in units of Kg M**-2 Day
**-1
**(globme)**CONVECTIVE PRECIPITATION                 Std.Dev.=   2.4807699; Glob.Mean=   8.3418900    ; in units of Kg M**-2 Day
**-1
**(globme)**SENSIBLE HEAT FLUX FROM SURFACE          Std.Dev.=   25.843407; Glob.Mean=   79.797531    ; in units of W M**-2
**(globme)**LATENT HEAT FLUX FROM SURFACE            Std.Dev.=   94.323566; Glob.Mean=   101.91904    ; in units of W M**-2
**(globme)**OUTGOING LONG WAVE AT TOP                Std.Dev.=   244.29523; Glob.Mean=   52.584809    ; in units of W M**-2
**(globme)**SHORT WAVE ABSORBED AT GROUND            Std.Dev.=   180.19884; Glob.Mean=   257.72859    ; in units of W M**-2
**(globme)**NET LONG WAVE AT BOTTOM                  Std.Dev.=   58.123890; Glob.Mean=   46.736213    ; in units of W M**-2
**(Model)** timestep 163 at simulation time 1 days and 10800.0 seconds
**(Model)** timestep 164 at simulation time 1 days and 11400.0 seconds
**(Model)** timestep 165 at simulation time 1 days and 12000.0 seconds
**(Model)** timestep 166 at simulation time 1 days and 12600.0 seconds
**(Model)** timestep 167 at simulation time 1 days and 13200.0 seconds
**(Model)** timestep 168 at simulation time 1 days and 13800.0 seconds
**(Model)** timestep 169 at simulation time 1 days and 14400.0 seconds
**(Model)** timestep 170 at simulation time 1 days and 15000.0 seconds
**(Model)** timestep 171 at simulation time 1 days and 15600.0 seconds
**(Model)** timestep 172 at simulation time 1 days and 16200.0 seconds
**(Model)** timestep 173 at simulation time 1 days and 16800.0 seconds
**(Model)** timestep 174 at simulation time 1 days and 17400.0 seconds
**(Model)** timestep 175 at simulation time 1 days and 18000.0 seconds
**(Model)** timestep 176 at simulation time 1 days and 18600.0 seconds
**(Model)** timestep 177 at simulation time 1 days and 19200.0 seconds
**(Model)** timestep 178 at simulation time 1 days and 19800.0 seconds
**(Model)** timestep 179 at simulation time 1 days and 20400.0 seconds
**(Model)** timestep 180 at simulation time 1 days and 21000.0 seconds
**(opnfct)** writes file GFCT01R20111010122011101118F.fct.T126L28 at simulation time
**(opnfct)** 1 days and 21600.0 seconds; contains state of the atmosphere at 18Z of 11/10/2011
**(rmsgt)** State of the atmosphere at 18Z of 11/10/2011:
**(rmsgt)** Layers and average means and variances:
**(rmsgt)** LYR  Z.S. DIV.  Z.A. DIV.  Z.S. VOR.  Z.A. VOR.  G.M. TEM.  Z.S. TEM.  Z.A. TEM.  G.M. S.H.  Z.S. S.H.  Z.A. S.H.
**(rmsgt)**  28  8.142D-07  4.393D-06  1.140D-05  2.306D-05   250.47       6.70       5.46    1.687D-06  4.044D-07  1.708D-07
**(rmsgt)**  27  2.027D-06  1.368D-05  1.540D-05  2.155D-05   227.02       4.05       7.31    1.793D-06  7.160D-07  2.021D-07
**(rmsgt)**  26  2.126D-06  1.259D-05  1.466D-05  1.908D-05   221.16       2.21       6.30    1.827D-06  7.948D-07  2.136D-07
**(rmsgt)**  25  1.325D-06  1.101D-05  1.310D-05  1.620D-05   216.87       2.87       5.49    2.015D-06  9.544D-07  2.799D-07
**(rmsgt)**  24  1.297D-06  9.347D-06  1.258D-05  1.460D-05   213.69       3.80       5.08    2.306D-06  1.190D-06  3.454D-07
**(rmsgt)**  23  1.069D-06  8.807D-06  1.058D-05  1.334D-05   210.15       5.52       4.66    2.737D-06  1.362D-06  4.585D-07
**(rmsgt)**  22  1.158D-06  8.748D-06  8.385D-06  1.426D-05   206.27       8.09       4.38    3.183D-06  1.258D-06  6.919D-07
**(rmsgt)**  21  1.324D-06  9.774D-06  8.337D-06  1.761D-05   204.75       9.46       4.14    3.944D-06  1.453D-06  1.803D-06
**(rmsgt)**  20  1.490D-06  1.142D-05  9.289D-06  2.237D-05   207.90       7.40       3.78    7.138D-06  2.587D-06  4.375D-06
**(rmsgt)**  19  1.741D-06  1.143D-05  1.122D-05  2.778D-05   213.29       4.12       3.82    1.748D-05  7.193D-06  1.187D-05
**(rmsgt)**  18  1.448D-06  9.741D-06  1.203D-05  3.289D-05   219.21       4.24       3.71    4.449D-05  2.365D-05  3.160D-05
**(rmsgt)**  17  1.057D-06  8.831D-06  1.133D-05  3.551D-05   226.29       7.30       3.15    1.052D-04  6.286D-05  7.557D-05
**(rmsgt)**  16  1.015D-06  8.084D-06  1.001D-05  3.507D-05   234.72       9.45       3.30    2.088D-04  1.190D-04  1.630D-04
**(rmsgt)**  15  8.561D-07  6.950D-06  8.425D-06  3.240D-05   243.09      10.36       3.74    3.835D-04  1.963D-04  3.068D-04
**(rmsgt)**  14  8.004D-07  6.442D-06  6.981D-06  2.872D-05   251.04      10.73       4.22    6.648D-04  3.346D-04  5.106D-04
**(rmsgt)**  13  6.351D-07  6.080D-06  5.904D-06  2.498D-05   258.00      10.92       4.40    1.062D-03  5.922D-04  7.834D-04
**(rmsgt)**  12  6.759D-07  6.080D-06  5.232D-06  2.215D-05   264.02      11.05       4.62    1.586D-03  9.348D-04  1.110D-03
**(rmsgt)**  11  7.225D-07  6.226D-06  4.839D-06  2.031D-05   268.61      10.87       4.58    2.196D-03  1.305D-03  1.459D-03
**(rmsgt)**  10  6.979D-07  6.410D-06  4.518D-06  1.912D-05   272.43      11.01       4.70    2.955D-03  1.791D-03  1.736D-03
**(rmsgt)**   9  6.643D-07  6.411D-06  4.425D-06  1.839D-05   275.82      11.07       4.70    4.029D-03  2.350D-03  1.885D-03
**(rmsgt)**   8  6.558D-07  6.514D-06  4.626D-06  1.830D-05   278.75      11.37       4.72    5.126D-03  2.830D-03  1.979D-03
**(rmsgt)**   7  7.619D-07  7.016D-06  4.996D-06  1.886D-05   281.34      11.81       4.56    6.138D-03  3.182D-03  2.106D-03
**(rmsgt)**   6  9.190D-07  8.346D-06  5.371D-06  2.004D-05   283.63      12.22       4.51    7.164D-03  3.584D-03  2.280D-03
**(rmsgt)**   5  1.285D-06  9.931D-06  5.649D-06  2.153D-05   285.57      12.63       4.38    8.073D-03  4.005D-03  2.482D-03
**(rmsgt)**   4  1.596D-06  1.158D-05  5.791D-06  2.276D-05   287.32      13.02       4.35    8.813D-03  4.395D-03  2.629D-03
**(rmsgt)**   3  1.880D-06  1.302D-05  5.645D-06  2.254D-05   288.70      13.49       4.42    9.562D-03  4.874D-03  2.697D-03
**(rmsgt)**   2  2.216D-06  1.369D-05  4.916D-06  1.974D-05   289.96      13.81       4.51    1.018D-02  5.235D-03  2.732D-03
**(rmsgt)**   1  2.265D-06  1.350D-05  3.577D-06  1.467D-05   290.48      14.26       4.92    1.069D-02  5.463D-03  2.847D-03
**(rmsgt)** AVE  1.109D-06  8.428D-06  7.887D-06  2.470D-05   252.03      10.11       4.35    2.443D-03  2.016D-03  1.374
**(rmsgt)** Log(surface pressure) mean and variance:
**(rmsgt)**  G.M.LNP.= 4.59    ; Z.S.LNP.=0.443D-01; Z.A.LNP.=0.660D-01
**(wridia)** file also contains diagnostics at 18Z of 11/10/2011:
**(globme)**TOTAL PRECIPITATION                      Std.Dev.=   3.2864956; Glob.Mean=   8.6143479    ; in units of Kg M**-2 Day
**-1
**(globme)**CONVECTIVE PRECIPITATION                 Std.Dev.=   2.4920015; Glob.Mean=   8.2488751    ; in units of Kg M**-2 Day
**-1
**(globme)**SENSIBLE HEAT FLUX FROM SURFACE          Std.Dev.=   17.472997; Glob.Mean=   70.874543    ; in units of W M**-2
**(globme)**LATENT HEAT FLUX FROM SURFACE            Std.Dev.=   93.335425; Glob.Mean=   103.33422    ; in units of W M**-2
**(globme)**OUTGOING LONG WAVE AT TOP                Std.Dev.=   242.94532; Glob.Mean=   51.921394    ; in units of W M**-2
**(globme)**SHORT WAVE ABSORBED AT GROUND            Std.Dev.=   178.75629; Glob.Mean=   252.14372    ; in units of W M**-2
**(globme)**NET LONG WAVE AT BOTTOM                  Std.Dev.=   56.068053; Glob.Mean=   40.932118    ; in units of W M**-2
**(Model)** timestep 181 at simulation time 1 days and 21600.0 seconds
**(Model)** timestep 182 at simulation time 1 days and 22200.0 seconds
**(Model)** timestep 183 at simulation time 1 days and 22800.0 seconds
**(Model)** timestep 184 at simulation time 1 days and 23400.0 seconds
**(Model)** timestep 185 at simulation time 1 days and 24000.0 seconds
**(Model)** timestep 186 at simulation time 1 days and 24600.0 seconds
**(Model)** timestep 187 at simulation time 1 days and 25200.0 seconds
**(Model)** timestep 188 at simulation time 1 days and 25800.0 seconds
**(Model)** timestep 189 at simulation time 1 days and 26400.0 seconds
**(Model)** timestep 190 at simulation time 1 days and 27000.0 seconds
**(Model)** timestep 191 at simulation time 1 days and 27600.0 seconds
**(Model)** timestep 192 at simulation time 1 days and 28200.0 seconds
**(Model)** timestep 193 at simulation time 1 days and 28800.0 seconds
**(Model)** timestep 194 at simulation time 1 days and 29400.0 seconds
**(Model)** timestep 195 at simulation time 1 days and 30000.0 seconds
**(Model)** timestep 196 at simulation time 1 days and 30600.0 seconds
**(Model)** timestep 197 at simulation time 1 days and 31200.0 seconds
**(Model)** timestep 198 at simulation time 1 days and 31800.0 seconds
**(opnfct)** writes file GFCT01R20111010122011101121F.fct.T126L28 at simulation time
**(opnfct)** 1 days and 32400.0 seconds; contains state of the atmosphere at 21Z of 11/10/2011
**(rmsgt)** State of the atmosphere at 21Z of 11/10/2011:
**(rmsgt)** Layers and average means and variances:
**(rmsgt)** LYR  Z.S. DIV.  Z.A. DIV.  Z.S. VOR.  Z.A. VOR.  G.M. TEM.  Z.S. TEM.  Z.A. TEM.  G.M. S.H.  Z.S. S.H.  Z.A. S.H.
**(rmsgt)**  28  1.032D-06  4.248D-06  1.072D-05  2.317D-05   250.48       6.66       5.32    1.687D-06  4.037D-07  1.724D-07
**(rmsgt)**  27  1.825D-06  1.327D-05  1.528D-05  2.166D-05   226.90       4.19       7.33    1.795D-06  7.146D-07  2.031D-07
**(rmsgt)**  26  2.138D-06  1.231D-05  1.454D-05  1.917D-05   221.14       2.17       6.32    1.829D-06  7.950D-07  2.145D-07
**(rmsgt)**  25  1.472D-06  1.108D-05  1.296D-05  1.644D-05   216.89       2.80       5.51    2.017D-06  9.559D-07  2.805D-07
**(rmsgt)**  24  1.442D-06  9.452D-06  1.256D-05  1.473D-05   213.75       3.70       5.10    2.305D-06  1.189D-06  3.463D-07
**(rmsgt)**  23  1.415D-06  8.854D-06  1.063D-05  1.351D-05   210.18       5.45       4.69    2.737D-06  1.355D-06  4.658D-07
**(rmsgt)**  22  1.239D-06  8.664D-06  8.481D-06  1.412D-05   206.29       8.05       4.42    3.195D-06  1.262D-06  7.405D-07
**(rmsgt)**  21  1.304D-06  9.660D-06  8.433D-06  1.743D-05   204.77       9.42       4.16    3.984D-06  1.492D-06  1.933D-06
**(rmsgt)**  20  1.472D-06  1.145D-05  9.415D-06  2.225D-05   207.90       7.37       3.81    7.266D-06  2.648D-06  4.546D-06
**(rmsgt)**  19  1.755D-06  1.111D-05  1.140D-05  2.747D-05   213.30       4.09       3.83    1.770D-05  7.317D-06  1.205D-05
**(rmsgt)**  18  1.437D-06  9.671D-06  1.209D-05  3.249D-05   219.22       4.25       3.70    4.498D-05  2.398D-05  3.221D-05
**(rmsgt)**  17  1.084D-06  8.760D-06  1.134D-05  3.516D-05   226.27       7.30       3.14    1.061D-04  6.278D-05  7.624D-05
**(rmsgt)**  16  1.075D-06  7.991D-06  1.005D-05  3.490D-05   234.70       9.45       3.30    2.102D-04  1.179D-04  1.628D-04
**(rmsgt)**  15  9.734D-07  7.274D-06  8.504D-06  3.226D-05   243.05      10.37       3.75    3.855D-04  1.943D-04  3.044D-04
**(rmsgt)**  14  7.896D-07  6.528D-06  7.023D-06  2.847D-05   251.00      10.73       4.23    6.691D-04  3.308D-04  5.103D-04
**(rmsgt)**  13  6.316D-07  6.083D-06  5.970D-06  2.465D-05   257.97      10.93       4.42    1.065D-03  5.834D-04  7.827D-04
**(rmsgt)**  12  5.884D-07  6.013D-06  5.317D-06  2.192D-05   264.00      11.06       4.65    1.588D-03  9.248D-04  1.106D-03
**(rmsgt)**  11  6.968D-07  6.029D-06  4.891D-06  2.013D-05   268.57      10.87       4.59    2.193D-03  1.294D-03  1.453D-03
**(rmsgt)**  10  7.181D-07  6.250D-06  4.555D-06  1.897D-05   272.37      11.00       4.70    2.946D-03  1.777D-03  1.737D-03
**(rmsgt)**   9  6.786D-07  6.378D-06  4.497D-06  1.828D-05   275.77      11.07       4.70    4.026D-03  2.344D-03  1.894D-03
**(rmsgt)**   8  6.495D-07  6.703D-06  4.763D-06  1.824D-05   278.72      11.37       4.71    5.128D-03  2.826D-03  2.013D-03
**(rmsgt)**   7  8.038D-07  7.238D-06  5.144D-06  1.880D-05   281.34      11.81       4.56    6.137D-03  3.170D-03  2.148D-03
**(rmsgt)**   6  9.977D-07  8.147D-06  5.509D-06  2.001D-05   283.62      12.20       4.50    7.152D-03  3.568D-03  2.318D-03
**(rmsgt)**   5  1.340D-06  9.599D-06  5.784D-06  2.146D-05   285.55      12.61       4.39    8.059D-03  3.986D-03  2.503D-03
**(rmsgt)**   4  1.674D-06  1.126D-05  5.953D-06  2.264D-05   287.28      12.97       4.37    8.800D-03  4.387D-03  2.642D-03
**(rmsgt)**   3  1.956D-06  1.262D-05  5.857D-06  2.247D-05   288.62      13.39       4.47    9.546D-03  4.868D-03  2.692D-03
**(rmsgt)**   2  2.296D-06  1.306D-05  5.157D-06  1.965D-05   289.84      13.69       4.55    1.020D-02  5.261D-03  2.703D-03
**(rmsgt)**   1  2.404D-06  1.287D-05  3.759D-06  1.464D-05   290.15      14.05       5.08    1.073D-02  5.516D-03  2.820D-03
**(rmsgt)** AVE  1.143D-06  8.338D-06  7.947D-06  2.452D-05   252.00      10.09       4.36    2.443D-03  2.012D-03  1.382
**(rmsgt)** Log(surface pressure) mean and variance:
**(rmsgt)**  G.M.LNP.= 4.59    ; Z.S.LNP.=0.444D-01; Z.A.LNP.=0.660D-01
**(wridia)** file also contains diagnostics at 21Z of 11/10/2011:
**(globme)**TOTAL PRECIPITATION                      Std.Dev.=   3.1678502; Glob.Mean=   8.6976224    ; in units of Kg M**-2 Day
**-1
**(globme)**CONVECTIVE PRECIPITATION                 Std.Dev.=   2.3827592; Glob.Mean=   8.3283907    ; in units of Kg M**-2 Day
**-1
**(globme)**SENSIBLE HEAT FLUX FROM SURFACE          Std.Dev.=   11.014383; Glob.Mean=   56.532361    ; in units of W M**-2
**(globme)**LATENT HEAT FLUX FROM SURFACE            Std.Dev.=   88.749588; Glob.Mean=   98.608304    ; in units of W M**-2
**(globme)**OUTGOING LONG WAVE AT TOP                Std.Dev.=   241.83460; Glob.Mean=   50.884875    ; in units of W M**-2
**(globme)**SHORT WAVE ABSORBED AT GROUND            Std.Dev.=   182.18946; Glob.Mean=   265.40551    ; in units of W M**-2
**(globme)**NET LONG WAVE AT BOTTOM                  Std.Dev.=   54.004683; Glob.Mean=   36.228129    ; in units of W M**-2
**(Model)** timestep 199 at simulation time 1 days and 32400.0 seconds
**(Model)** timestep 200 at simulation time 1 days and 33000.0 seconds
**(Model)** timestep 201 at simulation time 1 days and 33600.0 seconds
**(Model)** timestep 202 at simulation time 1 days and 34200.0 seconds
**(Model)** timestep 203 at simulation time 1 days and 34800.0 seconds
**(Model)** timestep 204 at simulation time 1 days and 35400.0 seconds
**(Model)** timestep 205 at simulation time 1 days and 36000.0 seconds
**(Model)** timestep 206 at simulation time 1 days and 36600.0 seconds
**(Model)** timestep 207 at simulation time 1 days and 37200.0 seconds
**(Model)** timestep 208 at simulation time 1 days and 37800.0 seconds
**(Model)** timestep 209 at simulation time 1 days and 38400.0 seconds
**(Model)** timestep 210 at simulation time 1 days and 39000.0 seconds
**(Model)** timestep 211 at simulation time 1 days and 39600.0 seconds
**(Model)** timestep 212 at simulation time 1 days and 40200.0 seconds
**(Model)** timestep 213 at simulation time 1 days and 40800.0 seconds
**(Model)** timestep 214 at simulation time 1 days and 41400.0 seconds
**(Model)** timestep 215 at simulation time 1 days and 42000.0 seconds
**(Model)** timestep 216 at simulation time 1 days and 42600.0 seconds
**(opnfct)** writes file GFCT01R20111010122011101200F.fct.T126L28 at simulation time
**(opnfct)** 1 days and 43200.0 seconds; contains state of the atmosphere at 00Z of 12/10/2011
**(rmsgt)** State of the atmosphere at 00Z of 12/10/2011:
**(rmsgt)** Layers and average means and variances:
**(rmsgt)** LYR  Z.S. DIV.  Z.A. DIV.  Z.S. VOR.  Z.A. VOR.  G.M. TEM.  Z.S. TEM.  Z.A. TEM.  G.M. S.H.  Z.S. S.H.  Z.A. S.H.
**(rmsgt)**  28  7.179D-07  4.219D-06  1.026D-05  2.318D-05   250.48       6.64       5.25    1.688D-06  4.036D-07  1.736D-07
**(rmsgt)**  27  2.290D-06  1.347D-05  1.522D-05  2.188D-05   226.81       4.32       7.44    1.797D-06  7.117D-07  2.059D-07
**(rmsgt)**  26  2.098D-06  1.220D-05  1.438D-05  1.929D-05   221.10       2.08       6.35    1.831D-06  7.938D-07  2.155D-07
**(rmsgt)**  25  1.125D-06  1.081D-05  1.301D-05  1.657D-05   216.89       2.80       5.58    2.021D-06  9.577D-07  2.822D-07
**(rmsgt)**  24  1.189D-06  9.380D-06  1.269D-05  1.466D-05   213.80       3.64       5.17    2.305D-06  1.189D-06  3.507D-07
**(rmsgt)**  23  1.091D-06  8.801D-06  1.064D-05  1.354D-05   210.23       5.39       4.74    2.737D-06  1.351D-06  4.704D-07
**(rmsgt)**  22  1.012D-06  8.429D-06  8.469D-06  1.422D-05   206.32       8.02       4.44    3.212D-06  1.272D-06  7.776D-07
**(rmsgt)**  21  1.070D-06  9.423D-06  8.447D-06  1.748D-05   204.78       9.40       4.18    4.025D-06  1.520D-06  2.005D-06
**(rmsgt)**  20  1.426D-06  1.143D-05  9.496D-06  2.228D-05   207.91       7.34       3.85    7.359D-06  2.691D-06  4.663D-06
**(rmsgt)**  19  1.685D-06  1.069D-05  1.152D-05  2.719D-05   213.33       4.07       3.84    1.790D-05  7.390D-06  1.226D-05
**(rmsgt)**  18  1.532D-06  9.541D-06  1.218D-05  3.207D-05   219.22       4.26       3.69    4.565D-05  2.425D-05  3.317D-05
**(rmsgt)**  17  1.171D-06  8.365D-06  1.141D-05  3.482D-05   226.25       7.30       3.12    1.072D-04  6.276D-05  7.834D-05
**(rmsgt)**  16  1.047D-06  7.726D-06  1.012D-05  3.472D-05   234.67       9.45       3.30    2.118D-04  1.172D-04  1.641D-04
**(rmsgt)**  15  9.543D-07  7.218D-06  8.550D-06  3.209D-05   243.00      10.37       3.76    3.875D-04  1.927D-04  3.052D-04
**(rmsgt)**  14  7.385D-07  6.508D-06  7.054D-06  2.822D-05   250.95      10.73       4.25    6.737D-04  3.268D-04  5.125D-04
**(rmsgt)**  13  6.238D-07  6.204D-06  6.011D-06  2.443D-05   257.92      10.93       4.43    1.068D-03  5.735D-04  7.836D-04
**(rmsgt)**  12  6.380D-07  6.133D-06  5.330D-06  2.174D-05   263.97      11.07       4.66    1.588D-03  9.112D-04  1.104D-03
**(rmsgt)**  11  7.146D-07  6.262D-06  4.900D-06  1.998D-05   268.51      10.87       4.60    2.192D-03  1.281D-03  1.452D-03
**(rmsgt)**  10  6.416D-07  6.509D-06  4.622D-06  1.876D-05   272.30      10.99       4.71    2.940D-03  1.763D-03  1.742D-03
**(rmsgt)**   9  5.560D-07  6.510D-06  4.606D-06  1.802D-05   275.70      11.06       4.71    4.024D-03  2.338D-03  1.911D-03
**(rmsgt)**   8  5.707D-07  6.741D-06  4.873D-06  1.805D-05   278.68      11.37       4.72    5.126D-03  2.817D-03  2.042D-03
**(rmsgt)**   7  8.190D-07  7.131D-06  5.259D-06  1.869D-05   281.29      11.80       4.56    6.121D-03  3.155D-03  2.172D-03
**(rmsgt)**   6  1.138D-06  7.951D-06  5.647D-06  1.995D-05   283.57      12.18       4.52    7.133D-03  3.552D-03  2.341D-03
**(rmsgt)**   5  1.442D-06  9.089D-06  5.980D-06  2.151D-05   285.48      12.55       4.43    8.033D-03  3.968D-03  2.521D-03
**(rmsgt)**   4  1.745D-06  1.059D-05  6.200D-06  2.273D-05   287.17      12.89       4.42    8.777D-03  4.372D-03  2.647D-03
**(rmsgt)**   3  2.055D-06  1.184D-05  6.136D-06  2.244D-05   288.44      13.26       4.51    9.563D-03  4.892D-03  2.672D-03
**(rmsgt)**   2  2.392D-06  1.210D-05  5.397D-06  1.945D-05   289.64      13.56       4.58    1.023D-02  5.297D-03  2.669D-03
**(rmsgt)**   1  2.512D-06  1.170D-05  3.886D-06  1.431D-05   289.89      13.90       5.15    1.078D-02  5.556D-03  2.808D-03
**(rmsgt)** AVE  1.133D-06  8.181D-06  8.008D-06  2.435D-05   251.96      10.08       4.37    2.442D-03  2.009D-03  1.387
**(rmsgt)** Log(surface pressure) mean and variance:
**(rmsgt)**  G.M.LNP.= 4.59    ; Z.S.LNP.=0.445D-01; Z.A.LNP.=0.659D-01
**(wridia)** file also contains diagnostics at 00Z of 12/10/2011:
**(globme)**TOTAL PRECIPITATION                      Std.Dev.=   2.9899506; Glob.Mean=   8.4302211    ; in units of Kg M**-2 Day
**-1
**(globme)**CONVECTIVE PRECIPITATION                 Std.Dev.=   2.1795034; Glob.Mean=   8.0066916    ; in units of Kg M**-2 Day
**-1
**(globme)**SENSIBLE HEAT FLUX FROM SURFACE          Std.Dev.=   4.4699673; Glob.Mean=   33.774950    ; in units of W M**-2
**(globme)**LATENT HEAT FLUX FROM SURFACE            Std.Dev.=   83.324724; Glob.Mean=   93.747572    ; in units of W M**-2
**(globme)**OUTGOING LONG WAVE AT TOP                Std.Dev.=   241.75012; Glob.Mean=   49.798985    ; in units of W M**-2
**(globme)**SHORT WAVE ABSORBED AT GROUND            Std.Dev.=   185.46693; Glob.Mean=   267.40416    ; in units of W M**-2
**(globme)**NET LONG WAVE AT BOTTOM                  Std.Dev.=   51.510925; Glob.Mean=   33.649252    ; in units of W M**-2
**(DestroyParallelism)** Process 0 ***MODEL EXECUTION ENDS NORMALY***

MPI Program Information:
========================
Note: It is measured from MPI_Init till MPI_Finalize.
      [U,R] specifies the Universe and the Process Rank in the Universe.

 * The  /gfs/dk22/modoper/tempo/global/oens/model/datain/desirtable file exists*
 SST:  IFSST=-1  MAX,MIN=  290.00     -303.22    

 From Nlnmi :
 n =   1 HnCut =  1000.00 Hn =  9766.75
 n =   2 HnCut =  1000.00 Hn =  4582.61
 n =   3 HnCut =  1000.00 Hn =  1601.91

 mods =   3 niter =   3

Global Data of 2 processes  :          Min [U,R]          Max [U,R]      Average
==========================

Real   Time (sec)           :      394.405 [0,1]      394.424 [0,0]      394.415
User   Time (sec)           :      331.924 [0,0]      352.701 [0,1]      342.313
System Time (sec)           :        7.572 [0,1]       16.309 [0,0]       11.941
Vector Time (sec)           :      285.494 [0,0]      306.080 [0,1]      295.787
Instruction Count           :  32480840612 [0,1]  33030633104 [0,0]  32755736858
Vector Instruction Count    :  10330576001 [0,0]  10643450625 [0,1]  10487013313
Vector Element Count        : 1957297232330 [0,0] 1990985661139 [0,1] 1974141446735
FLOP Count                  : 854667338438 [0,0] 869865071589 [0,1] 862266205014
MOPS                        :     5706.876 [0,1]     5965.210 [0,0]     5836.043
MFLOPS                      :     2466.294 [0,1]     2574.887 [0,0]     2520.590
Average Vector Length       :      187.062 [0,1]      189.466 [0,0]      188.264
Vector Operation Ratio (%)  :       98.854 [0,0]       98.915 [0,1]       98.884
Memory size used (MB)       :      901.338 [0,0]      901.994 [0,1]      901.666
MIPS                        :       92.092 [0,1]       99.513 [0,0]       95.802
Instruction Cache miss (sec):       10.266 [0,0]       10.294 [0,1]       10.280
Operand     Cache miss (sec):        6.177 [0,1]        6.271 [0,0]        6.224
Bank     Conflict Time (sec):        2.436 [0,0]        3.149 [0,1]        2.793


Overall Data:
=============

Real   Time (sec)           :      394.424
User   Time (sec)           :      684.626
System Time (sec)           :       23.882
Vector Time (sec)           :      591.574
GOPS   (rel. to User Time)  :       11.664
GFLOPS (rel. to User Time)  :        5.038
Memory size used (GB)       :        1.761

logout
