stty: : Invalid argument
vt100
resize:  can't open terminal /dev/tty
======================================
Welcome to tupan00: SUPER-UX 14.1 SX-6
Today is Sun Feb 12 16:33:17 GMT 2012
======================================
RODANDO MPI
MPI/SX: command Version 7.2.1 (25. June 2007): Copyright (c) NEC Corporation 1996-2007
MPI/SX: daemon  Version 7.2.4 (21. August 2008): Copyright (c) NEC Corporation 1996-2008

Values of significant variables used by MPI/SX:
-----------------------------------------------

  DISPLAY         = 
  MPICOLLORDER    = OFF
  MPICOMMINF      = NO
  MPIMULTITASKMIX = OFF
  MPIPROGINF      = DETAIL
  MPISUSPEND      = OFF
  MPIVERSION      = ON

Derived and further values:
---------------------------

  Wait method              : Busy waiting
  Global memory            : SX Global Memory

/usr/lib/mpi/mpid: Creating 2 processes of '/gfs/home3/modoper/tempo/global/oens/run/mpisep04R.sh' on local host tupan00
+ exec + exec /gfs/home3/modoper/tempo/global/oens/model/exec/ParModel_MPI 
/gfs/home3/modoper/tempo/global/oens/model/exec/ParModel_MPI 
MPI/SX: library Version 6.7.18 (20. April 2004): Copyright (c) NEC Corporation 1997-2004
**(CreateParallelism)** Process 0 (tupan00) among 2 processes with 1 threads is alive
 * The  /gfs/dk22/modoper/tempo/global/oens/model/datain/desirtable file exists*
**(DumpOptions)**
**(DumpOptions)** model T126L28 runs from 12Z 12/02/2012 to 00Z 14/02/2012 with initial state from 12Z 12/02/2012
**(DumpOptions)** model executes 216 timesteps of length 600 seconds
**(DumpOptions)** model dynamics configuration is  Eulerian, Gaussian and Quadratic Grid
**(DumpOptions)** input file name is /gfs/dk22/modoper/tempo/global/oens/model/datain/GANL04R2012021212S.unf.T126L28
**(DumpOptions)** output file directory is /gfs/dk22/modoper/tempo/global/oens/model/dataout/T126L28
**(DumpOptions)** model physics configuration:
**(DumpOptions)**    Shortwave Radiation is Lacis & Hansen
**(DumpOptions)**    Longwave Radiation is Harshvardhan
**(DumpOptions)**    Using a single global value for co2 concentration,
**(DumpOptions)**    with constant concentration of 0.3700000E+03 ppvm
**(DumpOptions)**    Using old 4-month zonally averaged climatology
**(DumpOptions)**    Deep Convection is KUO
**(DumpOptions)**    Shallow Convection is Tiedke
**(DumpOptions)**
 SST:  IFSST=-1  MAX,MIN=  290.00     -303.63    
**(opnfct)** writes file GFCT04R20120212122012021212F.icn.T126L28 at simulation time
**(opnfct)** 0 days and 0.0 seconds; contains state of the atmosphere at 12Z of 12/02/2012
**(rmsgt)** State of the atmosphere at 12Z of 12/02/2012:
**(rmsgt)** Layers and average means and variances:
**(rmsgt)** LYR  Z.S. DIV.  Z.A. DIV.  Z.S. VOR.  Z.A. VOR.  G.M. TEM.  Z.S. TEM.  Z.A. TEM.  G.M. S.H.  Z.S. S.H.  Z.A. S.H.
**(rmsgt)**  28  1.939D-06  2.535D-05  1.362D-05  2.875D-05   251.05      12.70       5.57    1.930D-06  2.615D-07  1.481D-07
**(rmsgt)**  27  1.376D-06  2.122D-05  1.256D-05  2.218D-05   228.73       7.04       2.96    2.173D-06  4.586D-07  1.783D-07
**(rmsgt)**  26  1.520D-06  1.938D-05  9.389D-06  2.030D-05   221.82       5.71       3.28    2.270D-06  6.048D-07  2.326D-07
**(rmsgt)**  25  1.245D-06  1.867D-05  6.621D-06  1.991D-05   216.62       5.46       3.71    2.271D-06  6.828D-07  2.604D-07
**(rmsgt)**  24  1.750D-06  2.086D-05  5.761D-06  2.230D-05   212.54       6.73       3.76    2.209D-06  7.431D-07  2.674D-07
**(rmsgt)**  23  1.397D-06  1.970D-05  5.981D-06  2.235D-05   207.92       9.46       3.74    2.189D-06  7.200D-07  3.339D-07
**(rmsgt)**  22  1.489D-06  2.052D-05  7.799D-06  2.339D-05   203.84      12.47       3.85    2.164D-06  6.129D-07  5.159D-07
**(rmsgt)**  21  1.537D-06  2.225D-05  9.936D-06  2.650D-05   205.20      11.46       3.74    2.651D-06  7.631D-07  7.669D-07
**(rmsgt)**  20  1.877D-06  2.320D-05  1.183D-05  3.083D-05   209.81       8.57       3.51    5.202D-06  1.640D-06  1.938D-06
**(rmsgt)**  19  1.983D-06  2.356D-05  1.324D-05  3.636D-05   215.30       4.80       3.76    1.341D-05  5.252D-06  6.055D-06
**(rmsgt)**  18  2.085D-06  2.353D-05  1.404D-05  4.426D-05   220.79       2.52       4.11    3.681D-05  2.036D-05  2.222D-05
**(rmsgt)**  17  2.004D-06  2.303D-05  1.401D-05  5.067D-05   227.19       5.83       3.67    9.597D-05  6.206D-05  7.209D-05
**(rmsgt)**  16  2.015D-06  2.201D-05  1.325D-05  5.312D-05   234.81       8.97       3.60    2.070D-04  1.354D-04  1.865D-04
**(rmsgt)**  15  1.823D-06  2.099D-05  1.219D-05  5.103D-05   242.91      10.61       4.16    3.949D-04  2.504D-04  3.877D-04
**(rmsgt)**  14  1.450D-06  1.990D-05  1.103D-05  4.668D-05   250.57      11.18       4.65    6.865D-04  4.379D-04  6.678D-04
**(rmsgt)**  13  1.649D-06  1.975D-05  9.664D-06  4.213D-05   257.27      11.32       4.91    1.106D-03  7.582D-04  9.934D-04
**(rmsgt)**  12  1.500D-06  1.956D-05  8.305D-06  3.883D-05   263.01      11.48       5.04    1.638D-03  1.149D-03  1.314D-03
**(rmsgt)**  11  1.279D-06  1.916D-05  7.319D-06  3.655D-05   267.88      11.73       5.04    2.268D-03  1.576D-03  1.612D-03
**(rmsgt)**  10  1.373D-06  1.872D-05  6.677D-06  3.533D-05   271.88      11.99       5.04    3.036D-03  2.033D-03  1.889D-03
**(rmsgt)**   9  1.354D-06  1.847D-05  6.082D-06  3.496D-05   275.24      12.18       5.10    3.929D-03  2.494D-03  2.114D-03
**(rmsgt)**   8  1.269D-06  1.852D-05  5.760D-06  3.504D-05   277.92      12.38       5.22    4.891D-03  2.979D-03  2.183D-03
**(rmsgt)**   7  1.312D-06  1.856D-05  5.744D-06  3.562D-05   279.96      12.56       5.39    5.921D-03  3.489D-03  2.216D-03
**(rmsgt)**   6  1.470D-06  1.881D-05  5.744D-06  3.642D-05   281.68      12.87       5.50    6.835D-03  3.935D-03  2.334D-03
**(rmsgt)**   5  1.819D-06  1.946D-05  5.801D-06  3.755D-05   283.20      13.33       5.59    7.607D-03  4.380D-03  2.452D-03
**(rmsgt)**   4  2.242D-06  2.060D-05  5.802D-06  3.785D-05   284.57      13.96       5.71    8.150D-03  4.702D-03  2.503D-03
**(rmsgt)**   3  2.253D-06  2.154D-05  5.532D-06  3.661D-05   285.73      14.73       5.92    8.475D-03  4.883D-03  2.558D-03
**(rmsgt)**   2  2.323D-06  2.188D-05  5.115D-06  3.426D-05   286.81      15.24       6.07    8.706D-03  5.004D-03  2.608D-03
**(rmsgt)**   1  2.305D-06  2.150D-05  4.541D-06  3.124D-05   287.67      15.56       6.18    8.936D-03  5.134D-03  2.666D-03
**(rmsgt)** AVE  1.684D-06  2.055D-05  9.604D-06  3.951D-05   251.51      10.89       4.69    2.331D-03  2.136D-03  1.445
**(rmsgt)** Log(surface pressure) mean and variance:
**(rmsgt)**  G.M.LNP.= 4.59    ; Z.S.LNP.=0.410D-01; Z.A.LNP.=0.667D-01

 From Nlnmi :
 n =   1 HnCut =  1000.00 Hn =  9766.75
 n =   2 HnCut =  1000.00 Hn =  4582.61
 n =   3 HnCut =  1000.00 Hn =  1601.91

 mods =   3 niter =   3

**(opnfct)** writes file GFCT04R20120212122012021212F.inz.T126L28 at simulation time
**(opnfct)** 0 days and 0.0 seconds; contains state of the atmosphere at 12Z of 12/02/2012
**(rmsgt)** State of the atmosphere at 12Z of 12/02/2012:
**(rmsgt)** Layers and average means and variances:
**(rmsgt)** LYR  Z.S. DIV.  Z.A. DIV.  Z.S. VOR.  Z.A. VOR.  G.M. TEM.  Z.S. TEM.  Z.A. TEM.  G.M. S.H.  Z.S. S.H.  Z.A. S.H.
**(rmsgt)**  28  5.032D-07  8.124D-06  1.391D-05  2.888D-05   251.05      12.54       5.38    1.930D-06  2.615D-07  1.481D-07
**(rmsgt)**  27  1.305D-06  1.978D-05  1.257D-05  2.218D-05   228.73       6.84       3.90    2.173D-06  4.586D-07  1.783D-07
**(rmsgt)**  26  1.450D-06  1.898D-05  9.222D-06  2.028D-05   221.82       5.69       3.35    2.270D-06  6.048D-07  2.326D-07
**(rmsgt)**  25  1.281D-06  1.811D-05  6.466D-06  1.990D-05   216.62       5.51       3.75    2.271D-06  6.828D-07  2.604D-07
**(rmsgt)**  24  1.596D-06  1.941D-05  5.715D-06  2.227D-05   212.54       6.76       3.83    2.209D-06  7.431D-07  2.674D-07
**(rmsgt)**  23  1.382D-06  1.912D-05  5.938D-06  2.230D-05   207.92       9.46       3.77    2.189D-06  7.200D-07  3.339D-07
**(rmsgt)**  22  1.512D-06  2.031D-05  7.724D-06  2.334D-05   203.84      12.44       3.89    2.164D-06  6.129D-07  5.159D-07
**(rmsgt)**  21  1.532D-06  2.208D-05  9.888D-06  2.645D-05   205.20      11.45       3.76    2.651D-06  7.631D-07  7.669D-07
**(rmsgt)**  20  1.844D-06  2.306D-05  1.181D-05  3.081D-05   209.81       8.53       3.58    5.202D-06  1.640D-06  1.938D-06
**(rmsgt)**  19  2.019D-06  2.345D-05  1.322D-05  3.635D-05   215.30       4.79       3.77    1.341D-05  5.252D-06  6.055D-06
**(rmsgt)**  18  2.050D-06  2.336D-05  1.404D-05  4.425D-05   220.79       2.56       4.15    3.681D-05  2.036D-05  2.222D-05
**(rmsgt)**  17  1.997D-06  2.280D-05  1.401D-05  5.067D-05   227.19       5.83       3.68    9.597D-05  6.206D-05  7.209D-05
**(rmsgt)**  16  2.034D-06  2.176D-05  1.326D-05  5.312D-05   234.81       9.00       3.72    2.070D-04  1.354D-04  1.865D-04
**(rmsgt)**  15  1.793D-06  2.062D-05  1.220D-05  5.104D-05   242.91      10.60       4.13    3.949D-04  2.504D-04  3.877D-04
**(rmsgt)**  14  1.453D-06  1.946D-05  1.103D-05  4.669D-05   250.57      11.21       4.78    6.865D-04  4.379D-04  6.678D-04
**(rmsgt)**  13  1.603D-06  1.920D-05  9.673D-06  4.214D-05   257.27      11.31       4.87    1.106D-03  7.582D-04  9.934D-04
**(rmsgt)**  12  1.500D-06  1.907D-05  8.315D-06  3.884D-05   263.01      11.51       5.17    1.638D-03  1.149D-03  1.314D-03
**(rmsgt)**  11  1.269D-06  1.867D-05  7.329D-06  3.655D-05   267.88      11.72       4.98    2.268D-03  1.576D-03  1.612D-03
**(rmsgt)**  10  1.338D-06  1.831D-05  6.686D-06  3.534D-05   271.88      12.02       5.19    3.036D-03  2.033D-03  1.889D-03
**(rmsgt)**   9  1.322D-06  1.810D-05  6.090D-06  3.496D-05   275.24      12.16       5.04    3.929D-03  2.494D-03  2.114D-03
**(rmsgt)**   8  1.243D-06  1.828D-05  5.768D-06  3.504D-05   277.92      12.41       5.35    4.891D-03  2.979D-03  2.183D-03
**(rmsgt)**   7  1.284D-06  1.833D-05  5.751D-06  3.562D-05   279.96      12.54       5.33    5.921D-03  3.489D-03  2.216D-03
**(rmsgt)**   6  1.459D-06  1.870D-05  5.750D-06  3.642D-05   281.68      12.90       5.60    6.835D-03  3.935D-03  2.334D-03
**(rmsgt)**   5  1.802D-06  1.937D-05  5.807D-06  3.755D-05   283.20      13.31       5.53    7.607D-03  4.380D-03  2.452D-03
**(rmsgt)**   4  2.242D-06  2.061D-05  5.808D-06  3.786D-05   284.57      13.99       5.80    8.150D-03  4.702D-03  2.503D-03
**(rmsgt)**   3  2.266D-06  2.163D-05  5.538D-06  3.661D-05   285.73      14.71       5.86    8.475D-03  4.883D-03  2.558D-03
**(rmsgt)**   2  2.326D-06  2.199D-05  5.121D-06  3.426D-05   286.81      15.27       6.17    8.706D-03  5.004D-03  2.608D-03
**(rmsgt)**   1  2.308D-06  2.166D-05  4.547D-06  3.124D-05   287.67      15.54       6.12    8.936D-03  5.134D-03  2.666D-03
**(rmsgt)** AVE  1.663D-06  2.014D-05  9.603D-06  3.951D-05   251.51      10.90       4.73    2.331D-03  2.136D-03  1.445
**(rmsgt)** Log(surface pressure) mean and variance:
**(rmsgt)**  G.M.LNP.= 4.59    ; Z.S.LNP.=0.411D-01; Z.A.LNP.=0.673D-01
**(Model)** cold start step 1
**(Model)** cold start step 2
**(Model)** timestep 2 at simulation time 0 days and 600.0 seconds
**(Model)** timestep 3 at simulation time 0 days and 1200.0 seconds
**(Model)** timestep 4 at simulation time 0 days and 1800.0 seconds
**(Model)** timestep 5 at simulation time 0 days and 2400.0 seconds
**(Model)** timestep 6 at simulation time 0 days and 3000.0 seconds
**(Model)** timestep 7 at simulation time 0 days and 3600.0 seconds
**(Model)** timestep 8 at simulation time 0 days and 4200.0 seconds
**(Model)** timestep 9 at simulation time 0 days and 4800.0 seconds
**(Model)** timestep 10 at simulation time 0 days and 5400.0 seconds
**(Model)** timestep 11 at simulation time 0 days and 6000.0 seconds
**(Model)** timestep 12 at simulation time 0 days and 6600.0 seconds
**(Model)** timestep 13 at simulation time 0 days and 7200.0 seconds
**(Model)** timestep 14 at simulation time 0 days and 7800.0 seconds
**(Model)** timestep 15 at simulation time 0 days and 8400.0 seconds
**(Model)** timestep 16 at simulation time 0 days and 9000.0 seconds
**(Model)** timestep 17 at simulation time 0 days and 9600.0 seconds
**(Model)** timestep 18 at simulation time 0 days and 10200.0 seconds
**(opnfct)** writes file GFCT04R20120212122012021215F.fct.T126L28 at simulation time
**(opnfct)** 0 days and 10800.0 seconds; contains state of the atmosphere at 15Z of 12/02/2012
**(rmsgt)** State of the atmosphere at 15Z of 12/02/2012:
**(rmsgt)** Layers and average means and variances:
**(rmsgt)** LYR  Z.S. DIV.  Z.A. DIV.  Z.S. VOR.  Z.A. VOR.  G.M. TEM.  Z.S. TEM.  Z.A. TEM.  G.M. S.H.  Z.S. S.H.  Z.A. S.H.
**(rmsgt)**  28  5.701D-07  5.963D-06  1.356D-05  2.184D-05   251.08      12.53       5.49    1.931D-06  2.606D-07  1.420D-07
**(rmsgt)**  27  1.582D-06  1.578D-05  1.253D-05  1.653D-05   228.57       6.84       3.56    2.172D-06  4.582D-07  1.724D-07
**(rmsgt)**  26  1.858D-06  1.421D-05  9.236D-06  1.370D-05   221.67       5.68       3.45    2.271D-06  6.046D-07  2.293D-07
**(rmsgt)**  25  1.186D-06  1.114D-05  6.404D-06  1.293D-05   216.58       5.50       3.82    2.272D-06  6.825D-07  2.571D-07
**(rmsgt)**  24  9.075D-07  1.090D-05  5.540D-06  1.319D-05   212.57       6.73       3.80    2.211D-06  7.425D-07  2.616D-07
**(rmsgt)**  23  1.391D-06  1.233D-05  5.860D-06  1.406D-05   208.02       9.40       3.85    2.190D-06  7.191D-07  3.269D-07
**(rmsgt)**  22  1.292D-06  1.342D-05  7.601D-06  1.603D-05   203.99      12.35       3.87    2.174D-06  6.139D-07  5.170D-07
**(rmsgt)**  21  1.262D-06  1.507D-05  9.807D-06  2.028D-05   205.28      11.41       3.79    2.723D-06  7.952D-07  8.853D-07
**(rmsgt)**  20  1.178D-06  1.478D-05  1.170D-05  2.493D-05   209.86       8.49       3.64    5.375D-06  1.763D-06  2.535D-06
**(rmsgt)**  19  1.795D-06  1.345D-05  1.301D-05  3.017D-05   215.34       4.76       3.82    1.400D-05  5.745D-06  8.009D-06
**(rmsgt)**  18  1.787D-06  1.250D-05  1.395D-05  3.740D-05   220.83       2.51       4.17    3.828D-05  2.083D-05  2.602D-05
**(rmsgt)**  17  1.721D-06  1.210D-05  1.381D-05  4.171D-05   227.21       5.78       3.77    9.908D-05  6.145D-05  7.523D-05
**(rmsgt)**  16  1.687D-06  1.172D-05  1.289D-05  4.243D-05   234.81       8.96       3.81    2.117D-04  1.332D-04  1.810D-04
**(rmsgt)**  15  1.145D-06  1.052D-05  1.170D-05  3.957D-05   242.86      10.60       4.33    3.990D-04  2.431D-04  3.658D-04
**(rmsgt)**  14  1.164D-06  9.398D-06  1.055D-05  3.519D-05   250.53      11.26       4.91    6.832D-04  4.181D-04  6.223D-04
**(rmsgt)**  13  1.066D-06  9.106D-06  9.310D-06  3.093D-05   257.22      11.37       5.02    1.097D-03  7.274D-04  9.213D-04
**(rmsgt)**  12  1.002D-06  8.706D-06  8.031D-06  2.768D-05   263.00      11.56       5.24    1.626D-03  1.112D-03  1.223D-03
**(rmsgt)**  11  9.590D-07  8.572D-06  7.026D-06  2.548D-05   267.83      11.74       5.09    2.253D-03  1.536D-03  1.505D-03
**(rmsgt)**  10  9.470D-07  8.310D-06  6.271D-06  2.396D-05   271.83      12.02       5.16    3.013D-03  1.996D-03  1.768D-03
**(rmsgt)**   9  9.303D-07  8.333D-06  5.724D-06  2.316D-05   275.10      12.11       5.10    3.914D-03  2.468D-03  1.980D-03
**(rmsgt)**   8  9.239D-07  8.534D-06  5.427D-06  2.308D-05   277.73      12.33       5.24    4.895D-03  2.971D-03  2.024D-03
**(rmsgt)**   7  1.106D-06  8.886D-06  5.273D-06  2.351D-05   279.82      12.53       5.31    5.896D-03  3.460D-03  2.075D-03
**(rmsgt)**   6  1.374D-06  9.433D-06  5.269D-06  2.439D-05   281.61      12.93       5.42    6.816D-03  3.916D-03  2.216D-03
**(rmsgt)**   5  1.676D-06  1.056D-05  5.341D-06  2.563D-05   283.20      13.51       5.48    7.556D-03  4.301D-03  2.360D-03
**(rmsgt)**   4  1.912D-06  1.206D-05  5.365D-06  2.624D-05   284.66      14.11       5.63    8.211D-03  4.678D-03  2.472D-03
**(rmsgt)**   3  2.072D-06  1.357D-05  5.281D-06  2.522D-05   285.95      14.78       5.83    8.728D-03  4.999D-03  2.602D-03
**(rmsgt)**   2  2.262D-06  1.433D-05  4.757D-06  2.197D-05   287.13      15.34       6.00    9.078D-03  5.176D-03  2.703D-03
**(rmsgt)**   1  2.243D-06  1.347D-05  3.597D-06  1.660D-05   287.83      15.77       6.21    9.419D-03  5.323D-03  2.808D-03
**(rmsgt)** AVE  1.355D-06  1.083D-05  9.312D-06  2.943D-05   251.49      10.91       4.76    2.342D-03  2.135D-03  1.382
**(rmsgt)** Log(surface pressure) mean and variance:
**(rmsgt)**  G.M.LNP.= 4.59    ; Z.S.LNP.=0.409D-01; Z.A.LNP.=0.669D-01
**(wridia)** file also contains diagnostics at 15Z of 12/02/2012:
**(globme)**TOTAL PRECIPITATION                      Std.Dev.=   3.5700843; Glob.Mean=   9.6836943    ; in units of Kg M**-2 Day
**-1
**(globme)**CONVECTIVE PRECIPITATION                 Std.Dev.=   3.0844318; Glob.Mean=   9.2637974    ; in units of Kg M**-2 Day
**-1
**(globme)**SENSIBLE HEAT FLUX FROM SURFACE          Std.Dev.=   27.629982; Glob.Mean=   84.091044    ; in units of W M**-2
**(globme)**LATENT HEAT FLUX FROM SURFACE            Std.Dev.=   127.39905; Glob.Mean=   156.25442    ; in units of W M**-2
**(globme)**OUTGOING LONG WAVE AT TOP                Std.Dev.=   260.91582; Glob.Mean=   33.940068    ; in units of W M**-2
**(globme)**SHORT WAVE ABSORBED AT GROUND            Std.Dev.=   193.66032; Glob.Mean=   269.79530    ; in units of W M**-2
**(globme)**NET LONG WAVE AT BOTTOM                  Std.Dev.=   59.071455; Glob.Mean=   38.604720    ; in units of W M**-2
**(Model)** timestep 19 at simulation time 0 days and 10800.0 seconds
**(Model)** timestep 20 at simulation time 0 days and 11400.0 seconds
**(Model)** timestep 21 at simulation time 0 days and 12000.0 seconds
**(Model)** timestep 22 at simulation time 0 days and 12600.0 seconds
**(Model)** timestep 23 at simulation time 0 days and 13200.0 seconds
**(Model)** timestep 24 at simulation time 0 days and 13800.0 seconds
**(Model)** timestep 25 at simulation time 0 days and 14400.0 seconds
**(Model)** timestep 26 at simulation time 0 days and 15000.0 seconds
**(Model)** timestep 27 at simulation time 0 days and 15600.0 seconds
**(Model)** timestep 28 at simulation time 0 days and 16200.0 seconds
**(Model)** timestep 29 at simulation time 0 days and 16800.0 seconds
**(Model)** timestep 30 at simulation time 0 days and 17400.0 seconds
**(Model)** timestep 31 at simulation time 0 days and 18000.0 seconds
**(Model)** timestep 32 at simulation time 0 days and 18600.0 seconds
**(Model)** timestep 33 at simulation time 0 days and 19200.0 seconds
**(Model)** timestep 34 at simulation time 0 days and 19800.0 seconds
**(Model)** timestep 35 at simulation time 0 days and 20400.0 seconds
**(Model)** timestep 36 at simulation time 0 days and 21000.0 seconds
**(opnfct)** writes file GFCT04R20120212122012021218F.fct.T126L28 at simulation time
**(opnfct)** 0 days and 21600.0 seconds; contains state of the atmosphere at 18Z of 12/02/2012
**(rmsgt)** State of the atmosphere at 18Z of 12/02/2012:
**(rmsgt)** Layers and average means and variances:
**(rmsgt)** LYR  Z.S. DIV.  Z.A. DIV.  Z.S. VOR.  Z.A. VOR.  G.M. TEM.  Z.S. TEM.  Z.A. TEM.  G.M. S.H.  Z.S. S.H.  Z.A. S.H.
**(rmsgt)**  28  6.630D-07  6.889D-06  1.342D-05  2.124D-05   251.07      12.49       5.61    1.931D-06  2.601D-07  1.400D-07
**(rmsgt)**  27  1.749D-06  1.606D-05  1.220D-05  1.775D-05   228.54       6.77       3.67    2.171D-06  4.570D-07  1.713D-07
**(rmsgt)**  26  1.735D-06  1.431D-05  9.633D-06  1.494D-05   221.57       5.66       3.55    2.272D-06  6.043D-07  2.288D-07
**(rmsgt)**  25  1.094D-06  1.167D-05  6.572D-06  1.303D-05   216.56       5.46       3.81    2.273D-06  6.821D-07  2.562D-07
**(rmsgt)**  24  1.361D-06  1.081D-05  5.478D-06  1.254D-05   212.56       6.72       3.84    2.212D-06  7.423D-07  2.605D-07
**(rmsgt)**  23  1.173D-06  1.082D-05  5.812D-06  1.350D-05   208.02       9.43       3.94    2.193D-06  7.178D-07  3.265D-07
**(rmsgt)**  22  1.612D-06  1.155D-05  7.450D-06  1.570D-05   204.04      12.36       3.94    2.187D-06  6.152D-07  5.394D-07
**(rmsgt)**  21  1.235D-06  1.274D-05  9.641D-06  2.032D-05   205.33      11.41       3.81    2.787D-06  8.244D-07  1.063D-06
**(rmsgt)**  20  1.128D-06  1.238D-05  1.164D-05  2.450D-05   209.87       8.49       3.68    5.488D-06  1.863D-06  2.976D-06
**(rmsgt)**  19  1.452D-06  1.102D-05  1.297D-05  2.935D-05   215.34       4.73       3.88    1.415D-05  5.913D-06  8.929D-06
**(rmsgt)**  18  1.573D-06  1.142D-05  1.380D-05  3.550D-05   220.83       2.46       4.16    3.870D-05  2.079D-05  2.738D-05
**(rmsgt)**  17  1.512D-06  1.060D-05  1.376D-05  3.954D-05   227.19       5.76       3.79    9.990D-05  6.080D-05  7.705D-05
**(rmsgt)**  16  1.206D-06  1.021D-05  1.284D-05  3.986D-05   234.79       8.93       3.78    2.135D-04  1.316D-04  1.781D-04
**(rmsgt)**  15  1.227D-06  9.397D-06  1.166D-05  3.719D-05   242.80      10.59       4.36    3.999D-04  2.384D-04  3.549D-04
**(rmsgt)**  14  1.187D-06  8.476D-06  1.046D-05  3.313D-05   250.50      11.28       4.93    6.796D-04  4.061D-04  6.011D-04
**(rmsgt)**  13  9.792D-07  8.056D-06  9.163D-06  2.901D-05   257.21      11.43       5.08    1.091D-03  7.071D-04  8.931D-04
**(rmsgt)**  12  8.572D-07  7.529D-06  7.889D-06  2.593D-05   263.01      11.63       5.26    1.618D-03  1.086D-03  1.192D-03
**(rmsgt)**  11  8.439D-07  7.248D-06  6.912D-06  2.385D-05   267.80      11.77       5.14    2.237D-03  1.506D-03  1.472D-03
**(rmsgt)**  10  9.234D-07  7.267D-06  6.191D-06  2.224D-05   271.77      12.02       5.17    2.989D-03  1.971D-03  1.738D-03
**(rmsgt)**   9  9.337D-07  7.480D-06  5.714D-06  2.135D-05   275.02      12.08       5.12    3.897D-03  2.451D-03  1.945D-03
**(rmsgt)**   8  1.024D-06  7.847D-06  5.434D-06  2.117D-05   277.66      12.31       5.22    4.894D-03  2.960D-03  1.989D-03
**(rmsgt)**   7  1.103D-06  8.361D-06  5.330D-06  2.146D-05   279.84      12.61       5.28    5.875D-03  3.428D-03  2.049D-03
**(rmsgt)**   6  1.274D-06  9.178D-06  5.369D-06  2.233D-05   281.71      13.01       5.39    6.794D-03  3.872D-03  2.204D-03
**(rmsgt)**   5  1.554D-06  1.028D-05  5.352D-06  2.365D-05   283.33      13.64       5.46    7.555D-03  4.253D-03  2.383D-03
**(rmsgt)**   4  1.892D-06  1.186D-05  5.301D-06  2.458D-05   284.80      14.18       5.60    8.287D-03  4.696D-03  2.536D-03
**(rmsgt)**   3  2.103D-06  1.326D-05  5.306D-06  2.407D-05   286.03      14.84       5.80    8.901D-03  5.110D-03  2.665D-03
**(rmsgt)**   2  2.266D-06  1.382D-05  4.835D-06  2.113D-05   287.21      15.29       5.98    9.309D-03  5.326D-03  2.775D-03
**(rmsgt)**   1  2.256D-06  1.308D-05  3.610D-06  1.594D-05   287.71      15.61       6.35    9.693D-03  5.513D-03  2.900D-03
**(rmsgt)** AVE  1.275D-06  9.757D-06  9.249D-06  2.774D-05   251.49      10.93       4.78    2.347D-03  2.138D-03  1.377
**(rmsgt)** Log(surface pressure) mean and variance:
**(rmsgt)**  G.M.LNP.= 4.59    ; Z.S.LNP.=0.408D-01; Z.A.LNP.=0.669D-01
**(wridia)** file also contains diagnostics at 18Z of 12/02/2012:
**(globme)**TOTAL PRECIPITATION                      Std.Dev.=   3.3387858; Glob.Mean=   8.7762141    ; in units of Kg M**-2 Day
**-1
**(globme)**CONVECTIVE PRECIPITATION                 Std.Dev.=   2.7750707; Glob.Mean=   8.4481343    ; in units of Kg M**-2 Day
**-1
**(globme)**SENSIBLE HEAT FLUX FROM SURFACE          Std.Dev.=   21.135279; Glob.Mean=   80.236628    ; in units of W M**-2
**(globme)**LATENT HEAT FLUX FROM SURFACE            Std.Dev.=   109.13780; Glob.Mean=   138.94987    ; in units of W M**-2
**(globme)**OUTGOING LONG WAVE AT TOP                Std.Dev.=   241.16820; Glob.Mean=   47.322653    ; in units of W M**-2
**(globme)**SHORT WAVE ABSORBED AT GROUND            Std.Dev.=   176.20518; Glob.Mean=   244.60704    ; in units of W M**-2
**(globme)**NET LONG WAVE AT BOTTOM                  Std.Dev.=   54.740088; Glob.Mean=   41.646744    ; in units of W M**-2
**(Model)** timestep 37 at simulation time 0 days and 21600.0 seconds
**(Model)** timestep 38 at simulation time 0 days and 22200.0 seconds
**(Model)** timestep 39 at simulation time 0 days and 22800.0 seconds
**(Model)** timestep 40 at simulation time 0 days and 23400.0 seconds
**(Model)** timestep 41 at simulation time 0 days and 24000.0 seconds
**(Model)** timestep 42 at simulation time 0 days and 24600.0 seconds
**(Model)** timestep 43 at simulation time 0 days and 25200.0 seconds
**(Model)** timestep 44 at simulation time 0 days and 25800.0 seconds
**(Model)** timestep 45 at simulation time 0 days and 26400.0 seconds
**(Model)** timestep 46 at simulation time 0 days and 27000.0 seconds
**(Model)** timestep 47 at simulation time 0 days and 27600.0 seconds
**(Model)** timestep 48 at simulation time 0 days and 28200.0 seconds
**(Model)** timestep 49 at simulation time 0 days and 28800.0 seconds
**(Model)** timestep 50 at simulation time 0 days and 29400.0 seconds
**(Model)** timestep 51 at simulation time 0 days and 30000.0 seconds
**(Model)** timestep 52 at simulation time 0 days and 30600.0 seconds
**(Model)** timestep 53 at simulation time 0 days and 31200.0 seconds
**(Model)** timestep 54 at simulation time 0 days and 31800.0 seconds
**(opnfct)** writes file GFCT04R20120212122012021221F.fct.T126L28 at simulation time
**(opnfct)** 0 days and 32400.0 seconds; contains state of the atmosphere at 21Z of 12/02/2012
**(rmsgt)** State of the atmosphere at 21Z of 12/02/2012:
**(rmsgt)** Layers and average means and variances:
**(rmsgt)** LYR  Z.S. DIV.  Z.A. DIV.  Z.S. VOR.  Z.A. VOR.  G.M. TEM.  Z.S. TEM.  Z.A. TEM.  G.M. S.H.  Z.S. S.H.  Z.A. S.H.
**(rmsgt)**  28  7.051D-07  6.353D-06  1.334D-05  2.109D-05   251.07      12.45       5.63    1.932D-06  2.595D-07  1.389D-07
**(rmsgt)**  27  1.776D-06  1.549D-05  1.184D-05  1.808D-05   228.43       6.73       3.78    2.170D-06  4.559D-07  1.710D-07
**(rmsgt)**  26  1.682D-06  1.291D-05  9.901D-06  1.536D-05   221.53       5.63       3.61    2.271D-06  6.035D-07  2.276D-07
**(rmsgt)**  25  1.368D-06  1.087D-05  6.557D-06  1.327D-05   216.56       5.41       3.82    2.274D-06  6.824D-07  2.555D-07
**(rmsgt)**  24  9.113D-07  1.071D-05  5.492D-06  1.245D-05   212.58       6.70       3.87    2.213D-06  7.423D-07  2.591D-07
**(rmsgt)**  23  1.278D-06  1.028D-05  5.758D-06  1.313D-05   208.03       9.44       3.94    2.196D-06  7.166D-07  3.260D-07
**(rmsgt)**  22  1.195D-06  1.130D-05  7.383D-06  1.540D-05   204.05      12.37       3.92    2.202D-06  6.189D-07  5.707D-07
**(rmsgt)**  21  1.073D-06  1.243D-05  9.659D-06  2.011D-05   205.33      11.43       3.82    2.828D-06  8.465D-07  1.205D-06
**(rmsgt)**  20  1.383D-06  1.176D-05  1.179D-05  2.426D-05   209.87       8.49       3.71    5.565D-06  1.913D-06  3.169D-06
**(rmsgt)**  19  1.479D-06  1.071D-05  1.312D-05  2.900D-05   215.35       4.72       3.90    1.423D-05  5.936D-06  9.356D-06
**(rmsgt)**  18  1.608D-06  1.089D-05  1.376D-05  3.433D-05   220.85       2.41       4.13    3.881D-05  2.072D-05  2.753D-05
**(rmsgt)**  17  1.224D-06  1.011D-05  1.381D-05  3.794D-05   227.16       5.75       3.77    1.000D-04  6.018D-05  7.555D-05
**(rmsgt)**  16  1.046D-06  9.559D-06  1.278D-05  3.848D-05   234.75       8.93       3.74    2.149D-04  1.302D-04  1.730D-04
**(rmsgt)**  15  1.168D-06  8.877D-06  1.165D-05  3.601D-05   242.77      10.57       4.35    4.029D-04  2.357D-04  3.452D-04
**(rmsgt)**  14  1.003D-06  8.066D-06  1.041D-05  3.206D-05   250.48      11.28       4.91    6.817D-04  3.994D-04  5.846D-04
**(rmsgt)**  13  8.436D-07  7.611D-06  9.051D-06  2.791D-05   257.19      11.45       5.08    1.092D-03  6.957D-04  8.733D-04
**(rmsgt)**  12  7.515D-07  7.269D-06  7.828D-06  2.481D-05   263.01      11.66       5.27    1.614D-03  1.067D-03  1.171D-03
**(rmsgt)**  11  8.178D-07  7.092D-06  6.848D-06  2.275D-05   267.76      11.75       5.17    2.222D-03  1.483D-03  1.453D-03
**(rmsgt)**  10  9.364D-07  7.245D-06  6.134D-06  2.132D-05   271.71      12.00       5.19    2.960D-03  1.944D-03  1.726D-03
**(rmsgt)**   9  1.045D-06  7.336D-06  5.713D-06  2.059D-05   274.95      12.05       5.14    3.879D-03  2.429D-03  1.930D-03
**(rmsgt)**   8  1.016D-06  7.676D-06  5.496D-06  2.040D-05   277.61      12.29       5.22    4.886D-03  2.943D-03  1.974D-03
**(rmsgt)**   7  9.711D-07  8.173D-06  5.450D-06  2.060D-05   279.84      12.68       5.27    5.850D-03  3.393D-03  2.048D-03
**(rmsgt)**   6  1.067D-06  9.146D-06  5.544D-06  2.140D-05   281.76      13.08       5.38    6.777D-03  3.835D-03  2.211D-03
**(rmsgt)**   5  1.433D-06  1.037D-05  5.536D-06  2.268D-05   283.37      13.68       5.46    7.571D-03  4.235D-03  2.410D-03
**(rmsgt)**   4  1.925D-06  1.186D-05  5.439D-06  2.364D-05   284.86      14.17       5.61    8.315D-03  4.692D-03  2.583D-03
**(rmsgt)**   3  2.258D-06  1.319D-05  5.367D-06  2.331D-05   286.03      14.75       5.86    8.992D-03  5.167D-03  2.691D-03
**(rmsgt)**   2  2.426D-06  1.346D-05  4.859D-06  2.045D-05   287.18      15.16       6.06    9.467D-03  5.440D-03  2.805D-03
**(rmsgt)**   1  2.366D-06  1.263D-05  3.639D-06  1.543D-05   287.50      15.43       6.60    9.893D-03  5.666D-03  2.947D-03
**(rmsgt)** AVE  1.223D-06  9.424D-06  9.250D-06  2.680D-05   251.47      10.92       4.79    2.349D-03  2.137D-03  1.377
**(rmsgt)** Log(surface pressure) mean and variance:
**(rmsgt)**  G.M.LNP.= 4.59    ; Z.S.LNP.=0.406D-01; Z.A.LNP.=0.669D-01
**(wridia)** file also contains diagnostics at 21Z of 12/02/2012:
**(globme)**TOTAL PRECIPITATION                      Std.Dev.=   3.2723807; Glob.Mean=   8.7947522    ; in units of Kg M**-2 Day
**-1
**(globme)**CONVECTIVE PRECIPITATION                 Std.Dev.=   2.6113917; Glob.Mean=   8.3852076    ; in units of Kg M**-2 Day
**-1
**(globme)**SENSIBLE HEAT FLUX FROM SURFACE          Std.Dev.=   14.324582; Glob.Mean=   64.646211    ; in units of W M**-2
**(globme)**LATENT HEAT FLUX FROM SURFACE            Std.Dev.=   98.017707; Glob.Mean=   126.17719    ; in units of W M**-2
**(globme)**OUTGOING LONG WAVE AT TOP                Std.Dev.=   240.13881; Glob.Mean=   46.249114    ; in units of W M**-2
**(globme)**SHORT WAVE ABSORBED AT GROUND            Std.Dev.=   181.83474; Glob.Mean=   261.44400    ; in units of W M**-2
**(globme)**NET LONG WAVE AT BOTTOM                  Std.Dev.=   51.889975; Glob.Mean=   35.368633    ; in units of W M**-2
**(Model)** timestep 55 at simulation time 0 days and 32400.0 seconds
**(Model)** timestep 56 at simulation time 0 days and 33000.0 seconds
**(Model)** timestep 57 at simulation time 0 days and 33600.0 seconds
**(Model)** timestep 58 at simulation time 0 days and 34200.0 seconds
**(Model)** timestep 59 at simulation time 0 days and 34800.0 seconds
**(Model)** timestep 60 at simulation time 0 days and 35400.0 seconds
**(Model)** timestep 61 at simulation time 0 days and 36000.0 seconds
**(Model)** timestep 62 at simulation time 0 days and 36600.0 seconds
**(Model)** timestep 63 at simulation time 0 days and 37200.0 seconds
**(Model)** timestep 64 at simulation time 0 days and 37800.0 seconds
**(Model)** timestep 65 at simulation time 0 days and 38400.0 seconds
**(Model)** timestep 66 at simulation time 0 days and 39000.0 seconds
**(Model)** timestep 67 at simulation time 0 days and 39600.0 seconds
**(Model)** timestep 68 at simulation time 0 days and 40200.0 seconds
**(Model)** timestep 69 at simulation time 0 days and 40800.0 seconds
**(Model)** timestep 70 at simulation time 0 days and 41400.0 seconds
**(Model)** timestep 71 at simulation time 0 days and 42000.0 seconds
**(Model)** timestep 72 at simulation time 0 days and 42600.0 seconds
**(opnfct)** writes file GFCT04R20120212122012021300F.fct.T126L28 at simulation time
**(opnfct)** 0 days and 43200.0 seconds; contains state of the atmosphere at 00Z of 13/02/2012
**(rmsgt)** State of the atmosphere at 00Z of 13/02/2012:
**(rmsgt)** Layers and average means and variances:
**(rmsgt)** LYR  Z.S. DIV.  Z.A. DIV.  Z.S. VOR.  Z.A. VOR.  G.M. TEM.  Z.S. TEM.  Z.A. TEM.  G.M. S.H.  Z.S. S.H.  Z.A. S.H.
**(rmsgt)**  28  6.723D-07  6.012D-06  1.342D-05  2.118D-05   251.08      12.41       5.53    1.932D-06  2.589D-07  1.380D-07
**(rmsgt)**  27  1.917D-06  1.485D-05  1.167D-05  1.800D-05   228.34       6.72       3.85    2.169D-06  4.553D-07  1.708D-07
**(rmsgt)**  26  1.364D-06  1.258D-05  1.004D-05  1.506D-05   221.47       5.61       3.65    2.271D-06  6.028D-07  2.274D-07
**(rmsgt)**  25  1.462D-06  1.042D-05  6.459D-06  1.312D-05   216.58       5.38       3.91    2.274D-06  6.827D-07  2.555D-07
**(rmsgt)**  24  1.457D-06  1.008D-05  5.496D-06  1.255D-05   212.61       6.65       3.89    2.213D-06  7.424D-07  2.590D-07
**(rmsgt)**  23  1.233D-06  1.027D-05  5.752D-06  1.301D-05   208.05       9.40       3.95    2.198D-06  7.158D-07  3.289D-07
**(rmsgt)**  22  1.066D-06  1.093D-05  7.458D-06  1.531D-05   204.06      12.36       3.92    2.217D-06  6.233D-07  6.175D-07
**(rmsgt)**  21  1.097D-06  1.191D-05  9.825D-06  1.982D-05   205.32      11.43       3.81    2.859D-06  8.649D-07  1.275D-06
**(rmsgt)**  20  1.730D-06  1.118D-05  1.195D-05  2.400D-05   209.86       8.49       3.70    5.651D-06  1.966D-06  3.316D-06
**(rmsgt)**  19  1.553D-06  1.081D-05  1.322D-05  2.887D-05   215.36       4.72       3.85    1.440D-05  6.008D-06  9.751D-06
**(rmsgt)**  18  1.562D-06  1.029D-05  1.379D-05  3.373D-05   220.87       2.36       4.07    3.935D-05  2.085D-05  2.808D-05
**(rmsgt)**  17  1.278D-06  9.610D-06  1.385D-05  3.694D-05   227.14       5.74       3.73    1.008D-04  6.027D-05  7.523D-05
**(rmsgt)**  16  9.895D-07  9.084D-06  1.278D-05  3.777D-05   234.71       8.92       3.72    2.169D-04  1.299D-04  1.716D-04
**(rmsgt)**  15  1.206D-06  8.674D-06  1.169D-05  3.553D-05   242.74      10.54       4.34    4.066D-04  2.344D-04  3.410D-04
**(rmsgt)**  14  9.481D-07  7.819D-06  1.040D-05  3.143D-05   250.45      11.25       4.89    6.850D-04  3.952D-04  5.756D-04
**(rmsgt)**  13  9.441D-07  7.428D-06  9.041D-06  2.727D-05   257.17      11.44       5.07    1.092D-03  6.846D-04  8.640D-04
**(rmsgt)**  12  7.695D-07  7.260D-06  7.889D-06  2.410D-05   263.00      11.65       5.27    1.608D-03  1.046D-03  1.158D-03
**(rmsgt)**  11  7.741D-07  7.113D-06  6.875D-06  2.204D-05   267.70      11.71       5.17    2.206D-03  1.455D-03  1.441D-03
**(rmsgt)**  10  8.164D-07  7.316D-06  6.097D-06  2.071D-05   271.62      11.96       5.20    2.934D-03  1.915D-03  1.721D-03
**(rmsgt)**   9  9.796D-07  7.424D-06  5.671D-06  2.001D-05   274.88      12.02       5.16    3.864D-03  2.404D-03  1.920D-03
**(rmsgt)**   8  1.025D-06  7.637D-06  5.478D-06  1.986D-05   277.56      12.26       5.23    4.873D-03  2.922D-03  1.974D-03
**(rmsgt)**   7  9.290D-07  8.049D-06  5.494D-06  2.011D-05   279.81      12.73       5.27    5.824D-03  3.364D-03  2.061D-03
**(rmsgt)**   6  9.522D-07  8.964D-06  5.676D-06  2.095D-05   281.76      13.11       5.38    6.762D-03  3.811D-03  2.228D-03
**(rmsgt)**   5  1.401D-06  1.020D-05  5.714D-06  2.230D-05   283.37      13.66       5.48    7.579D-03  4.229D-03  2.435D-03
**(rmsgt)**   4  1.993D-06  1.161D-05  5.657D-06  2.329D-05   284.84      14.14       5.66    8.328D-03  4.693D-03  2.606D-03
**(rmsgt)**   3  2.400D-06  1.284D-05  5.523D-06  2.303D-05   285.96      14.70       5.93    9.062D-03  5.225D-03  2.699D-03
**(rmsgt)**   2  2.510D-06  1.298D-05  4.926D-06  2.010D-05   287.08      15.09       6.15    9.576D-03  5.530D-03  2.813D-03
**(rmsgt)**   1  2.315D-06  1.191D-05  3.670D-06  1.499D-05   287.36      15.41       6.76    1.004D-02  5.774D-03  2.952D-03
**(rmsgt)** AVE  1.241D-06  9.178D-06  9.289D-06  2.627D-05   251.44      10.90       4.79    2.349D-03  2.136D-03  1.378
**(rmsgt)** Log(surface pressure) mean and variance:
**(rmsgt)**  G.M.LNP.= 4.59    ; Z.S.LNP.=0.405D-01; Z.A.LNP.=0.669D-01
**(wridia)** file also contains diagnostics at 00Z of 13/02/2012:
**(globme)**TOTAL PRECIPITATION                      Std.Dev.=   3.1528832; Glob.Mean=   8.3508788    ; in units of Kg M**-2 Day
**-1
**(globme)**CONVECTIVE PRECIPITATION                 Std.Dev.=   2.4215938; Glob.Mean=   7.8137803    ; in units of Kg M**-2 Day
**-1
**(globme)**SENSIBLE HEAT FLUX FROM SURFACE          Std.Dev.=   8.5515150; Glob.Mean=   50.682570    ; in units of W M**-2
**(globme)**LATENT HEAT FLUX FROM SURFACE            Std.Dev.=   89.186528; Glob.Mean=   119.85411    ; in units of W M**-2
**(globme)**OUTGOING LONG WAVE AT TOP                Std.Dev.=   239.92390; Glob.Mean=   45.906166    ; in units of W M**-2
**(globme)**SHORT WAVE ABSORBED AT GROUND            Std.Dev.=   185.95743; Glob.Mean=   265.74233    ; in units of W M**-2
**(globme)**NET LONG WAVE AT BOTTOM                  Std.Dev.=   50.351737; Glob.Mean=   32.374596    ; in units of W M**-2
**(Model)** timestep 73 at simulation time 0 days and 43200.0 seconds
**(Model)** timestep 74 at simulation time 0 days and 43800.0 seconds
**(Model)** timestep 75 at simulation time 0 days and 44400.0 seconds
**(Model)** timestep 76 at simulation time 0 days and 45000.0 seconds
**(Model)** timestep 77 at simulation time 0 days and 45600.0 seconds
**(Model)** timestep 78 at simulation time 0 days and 46200.0 seconds
**(Model)** timestep 79 at simulation time 0 days and 46800.0 seconds
**(Model)** timestep 80 at simulation time 0 days and 47400.0 seconds
**(Model)** timestep 81 at simulation time 0 days and 48000.0 seconds
**(Model)** timestep 82 at simulation time 0 days and 48600.0 seconds
**(Model)** timestep 83 at simulation time 0 days and 49200.0 seconds
**(Model)** timestep 84 at simulation time 0 days and 49800.0 seconds
**(Model)** timestep 85 at simulation time 0 days and 50400.0 seconds
**(Model)** timestep 86 at simulation time 0 days and 51000.0 seconds
**(Model)** timestep 87 at simulation time 0 days and 51600.0 seconds
**(Model)** timestep 88 at simulation time 0 days and 52200.0 seconds
**(Model)** timestep 89 at simulation time 0 days and 52800.0 seconds
**(Model)** timestep 90 at simulation time 0 days and 53400.0 seconds
**(opnfct)** writes file GFCT04R20120212122012021303F.fct.T126L28 at simulation time
**(opnfct)** 0 days and 54000.0 seconds; contains state of the atmosphere at 03Z of 13/02/2012
**(rmsgt)** State of the atmosphere at 03Z of 13/02/2012:
**(rmsgt)** Layers and average means and variances:
**(rmsgt)** LYR  Z.S. DIV.  Z.A. DIV.  Z.S. VOR.  Z.A. VOR.  G.M. TEM.  Z.S. TEM.  Z.A. TEM.  G.M. S.H.  Z.S. S.H.  Z.A. S.H.
**(rmsgt)**  28  6.663D-07  5.839D-06  1.349D-05  2.141D-05   251.09      12.36       5.43    1.933D-06  2.583D-07  1.371D-07
**(rmsgt)**  27  1.807D-06  1.446D-05  1.161D-05  1.815D-05   228.24       6.67       3.93    2.168D-06  4.551D-07  1.707D-07
**(rmsgt)**  26  1.499D-06  1.214D-05  1.004D-05  1.478D-05   221.40       5.64       3.69    2.270D-06  6.024D-07  2.276D-07
**(rmsgt)**  25  1.299D-06  1.018D-05  6.384D-06  1.330D-05   216.60       5.35       4.03    2.275D-06  6.830D-07  2.558D-07
**(rmsgt)**  24  9.335D-07  9.787D-06  5.491D-06  1.257D-05   212.65       6.59       3.93    2.213D-06  7.421D-07  2.602D-07
**(rmsgt)**  23  1.077D-06  1.005D-05  5.743D-06  1.310D-05   208.08       9.34       3.95    2.201D-06  7.136D-07  3.352D-07
**(rmsgt)**  22  1.206D-06  1.059D-05  7.518D-06  1.582D-05   204.05      12.34       3.98    2.233D-06  6.276D-07  6.675D-07
**(rmsgt)**  21  1.317D-06  1.168D-05  9.907D-06  1.960D-05   205.30      11.43       3.88    2.881D-06  8.738D-07  1.325D-06
**(rmsgt)**  20  1.638D-06  1.127D-05  1.195D-05  2.384D-05   209.85       8.49       3.75    5.707D-06  1.982D-06  3.362D-06
**(rmsgt)**  19  1.438D-06  1.074D-05  1.320D-05  2.884D-05   215.38       4.70       3.85    1.454D-05  5.995D-06  9.886D-06
**(rmsgt)**  18  1.801D-06  1.010D-05  1.388D-05  3.343D-05   220.89       2.32       4.01    3.984D-05  2.072D-05  2.853D-05
**(rmsgt)**  17  1.381D-06  9.510D-06  1.380D-05  3.639D-05   227.13       5.71       3.69    1.017D-04  5.973D-05  7.550D-05
**(rmsgt)**  16  1.005D-06  8.867D-06  1.279D-05  3.717D-05   234.69       8.89       3.71    2.187D-04  1.289D-04  1.710D-04
**(rmsgt)**  15  1.197D-06  8.486D-06  1.169D-05  3.516D-05   242.71      10.52       4.35    4.084D-04  2.317D-04  3.375D-04
**(rmsgt)**  14  9.135D-07  7.715D-06  1.045D-05  3.102D-05   250.41      11.24       4.87    6.848D-04  3.886D-04  5.669D-04
**(rmsgt)**  13  8.751D-07  7.208D-06  9.131D-06  2.695D-05   257.14      11.44       5.06    1.087D-03  6.699D-04  8.518D-04
**(rmsgt)**  12  6.583D-07  7.239D-06  7.987D-06  2.378D-05   262.98      11.65       5.25    1.597D-03  1.021D-03  1.143D-03
**(rmsgt)**  11  7.380D-07  7.113D-06  6.912D-06  2.157D-05   267.63      11.67       5.16    2.189D-03  1.423D-03  1.426D-03
**(rmsgt)**  10  8.235D-07  7.294D-06  6.109D-06  2.019D-05   271.53      11.91       5.18    2.915D-03  1.886D-03  1.710D-03
**(rmsgt)**   9  8.862D-07  7.432D-06  5.658D-06  1.950D-05   274.80      11.99       5.15    3.859D-03  2.385D-03  1.912D-03
**(rmsgt)**   8  8.857D-07  7.666D-06  5.448D-06  1.949D-05   277.49      12.24       5.22    4.872D-03  2.909D-03  1.973D-03
**(rmsgt)**   7  8.023D-07  8.153D-06  5.482D-06  1.990D-05   279.76      12.75       5.26    5.814D-03  3.347D-03  2.069D-03
**(rmsgt)**   6  9.197D-07  8.985D-06  5.700D-06  2.087D-05   281.75      13.14       5.38    6.760D-03  3.804D-03  2.247D-03
**(rmsgt)**   5  1.421D-06  1.013D-05  5.821D-06  2.232D-05   283.38      13.67       5.51    7.596D-03  4.244D-03  2.458D-03
**(rmsgt)**   4  1.952D-06  1.148D-05  5.799D-06  2.324D-05   284.85      14.16       5.70    8.353D-03  4.717D-03  2.614D-03
**(rmsgt)**   3  2.330D-06  1.274D-05  5.621D-06  2.286D-05   285.98      14.71       5.96    9.102D-03  5.261D-03  2.705D-03
**(rmsgt)**   2  2.456D-06  1.275D-05  4.974D-06  1.989D-05   287.11      15.09       6.15    9.636D-03  5.575D-03  2.831D-03
**(rmsgt)**   1  2.252D-06  1.182D-05  3.783D-06  1.490D-05   287.44      15.36       6.66    1.010D-02  5.803D-03  2.977D-03
**(rmsgt)** AVE  1.219D-06  9.073D-06  9.316D-06  2.596D-05   251.41      10.89       4.79    2.349D-03  2.135D-03  1.378
**(rmsgt)** Log(surface pressure) mean and variance:
**(rmsgt)**  G.M.LNP.= 4.59    ; Z.S.LNP.=0.405D-01; Z.A.LNP.=0.668D-01
**(wridia)** file also contains diagnostics at 03Z of 13/02/2012:
**(globme)**TOTAL PRECIPITATION                      Std.Dev.=   3.1163440; Glob.Mean=   8.4087178    ; in units of Kg M**-2 Day
**-1
**(globme)**CONVECTIVE PRECIPITATION                 Std.Dev.=   2.3333287; Glob.Mean=   7.7513705    ; in units of Kg M**-2 Day
**-1
**(globme)**SENSIBLE HEAT FLUX FROM SURFACE          Std.Dev.=   14.887488; Glob.Mean=   68.762619    ; in units of W M**-2
**(globme)**LATENT HEAT FLUX FROM SURFACE            Std.Dev.=   87.894955; Glob.Mean=   119.32628    ; in units of W M**-2
**(globme)**OUTGOING LONG WAVE AT TOP                Std.Dev.=   240.09694; Glob.Mean=   46.547508    ; in units of W M**-2
**(globme)**SHORT WAVE ABSORBED AT GROUND            Std.Dev.=   184.99450; Glob.Mean=   265.16998    ; in units of W M**-2
**(globme)**NET LONG WAVE AT BOTTOM                  Std.Dev.=   49.662104; Glob.Mean=   33.710190    ; in units of W M**-2
**(Model)** timestep 91 at simulation time 0 days and 54000.0 seconds
**(Model)** timestep 92 at simulation time 0 days and 54600.0 seconds
**(Model)** timestep 93 at simulation time 0 days and 55200.0 seconds
**(Model)** timestep 94 at simulation time 0 days and 55800.0 seconds
**(Model)** timestep 95 at simulation time 0 days and 56400.0 seconds
**(Model)** timestep 96 at simulation time 0 days and 57000.0 seconds
**(Model)** timestep 97 at simulation time 0 days and 57600.0 seconds
**(Model)** timestep 98 at simulation time 0 days and 58200.0 seconds
**(Model)** timestep 99 at simulation time 0 days and 58800.0 seconds
**(Model)** timestep 100 at simulation time 0 days and 59400.0 seconds
**(Model)** timestep 101 at simulation time 0 days and 60000.0 seconds
**(Model)** timestep 102 at simulation time 0 days and 60600.0 seconds
**(Model)** timestep 103 at simulation time 0 days and 61200.0 seconds
**(Model)** timestep 104 at simulation time 0 days and 61800.0 seconds
**(Model)** timestep 105 at simulation time 0 days and 62400.0 seconds
**(Model)** timestep 106 at simulation time 0 days and 63000.0 seconds
**(Model)** timestep 107 at simulation time 0 days and 63600.0 seconds
**(Model)** timestep 108 at simulation time 0 days and 64200.0 seconds
**(opnfct)** writes file GFCT04R20120212122012021306F.fct.T126L28 at simulation time
**(opnfct)** 0 days and 64800.0 seconds; contains state of the atmosphere at 06Z of 13/02/2012
**(rmsgt)** State of the atmosphere at 06Z of 13/02/2012:
**(rmsgt)** Layers and average means and variances:
**(rmsgt)** LYR  Z.S. DIV.  Z.A. DIV.  Z.S. VOR.  Z.A. VOR.  G.M. TEM.  Z.S. TEM.  Z.A. TEM.  G.M. S.H.  Z.S. S.H.  Z.A. S.H.
**(rmsgt)**  28  6.768D-07  5.552D-06  1.354D-05  2.150D-05   251.10      12.32       5.35    1.933D-06  2.578D-07  1.366D-07
**(rmsgt)**  27  1.504D-06  1.382D-05  1.158D-05  1.820D-05   228.16       6.65       4.06    2.170D-06  4.554D-07  1.704D-07
**(rmsgt)**  26  1.274D-06  1.154D-05  9.925D-06  1.508D-05   221.35       5.67       3.78    2.270D-06  6.018D-07  2.268D-07
**(rmsgt)**  25  1.226D-06  1.011D-05  6.455D-06  1.329D-05   216.60       5.33       3.96    2.275D-06  6.829D-07  2.551D-07
**(rmsgt)**  24  9.012D-07  9.779D-06  5.502D-06  1.238D-05   212.68       6.57       3.94    2.212D-06  7.423D-07  2.600D-07
**(rmsgt)**  23  1.164D-06  9.642D-06  5.785D-06  1.321D-05   208.10       9.31       3.94    2.204D-06  7.110D-07  3.449D-07
**(rmsgt)**  22  1.361D-06  1.010D-05  7.587D-06  1.621D-05   204.06      12.32       4.04    2.249D-06  6.314D-07  6.959D-07
**(rmsgt)**  21  1.431D-06  1.130D-05  9.853D-06  1.992D-05   205.31      11.43       3.93    2.902D-06  8.803D-07  1.365D-06
**(rmsgt)**  20  1.488D-06  1.136D-05  1.192D-05  2.384D-05   209.83       8.48       3.80    5.760D-06  2.000D-06  3.425D-06
**(rmsgt)**  19  1.305D-06  1.060D-05  1.321D-05  2.882D-05   215.39       4.67       3.87    1.472D-05  5.974D-06  1.014D-05
**(rmsgt)**  18  1.728D-06  1.000D-05  1.399D-05  3.326D-05   220.91       2.27       3.97    4.021D-05  2.046D-05  2.915D-05
**(rmsgt)**  17  1.213D-06  9.223D-06  1.377D-05  3.614D-05   227.13       5.68       3.66    1.022D-04  5.856D-05  7.567D-05
**(rmsgt)**  16  1.120D-06  8.699D-06  1.281D-05  3.663D-05   234.67       8.85       3.71    2.205D-04  1.272D-04  1.706D-04
**(rmsgt)**  15  1.078D-06  8.184D-06  1.171D-05  3.450D-05   242.67      10.51       4.34    4.100D-04  2.282D-04  3.347D-04
**(rmsgt)**  14  9.554D-07  7.649D-06  1.046D-05  3.043D-05   250.37      11.24       4.86    6.845D-04  3.819D-04  5.595D-04
**(rmsgt)**  13  9.066D-07  7.108D-06  9.180D-06  2.650D-05   257.10      11.46       5.06    1.084D-03  6.568D-04  8.397D-04
**(rmsgt)**  12  6.510D-07  7.015D-06  8.026D-06  2.344D-05   262.96      11.66       5.24    1.590D-03  9.989D-04  1.131D-03
**(rmsgt)**  11  7.129D-07  6.970D-06  6.976D-06  2.129D-05   267.57      11.65       5.16    2.176D-03  1.395D-03  1.412D-03
**(rmsgt)**  10  8.622D-07  7.229D-06  6.215D-06  2.004D-05   271.43      11.87       5.19    2.901D-03  1.862D-03  1.699D-03
**(rmsgt)**   9  8.478D-07  7.369D-06  5.735D-06  1.938D-05   274.71      11.98       5.15    3.858D-03  2.374D-03  1.898D-03
**(rmsgt)**   8  8.282D-07  7.685D-06  5.491D-06  1.942D-05   277.43      12.23       5.21    4.873D-03  2.903D-03  1.963D-03
**(rmsgt)**   7  8.321D-07  8.247D-06  5.511D-06  1.993D-05   279.75      12.75       5.26    5.812D-03  3.336D-03  2.077D-03
**(rmsgt)**   6  9.493D-07  9.034D-06  5.691D-06  2.096D-05   281.76      13.17       5.38    6.766D-03  3.797D-03  2.269D-03
**(rmsgt)**   5  1.405D-06  1.012D-05  5.797D-06  2.231D-05   283.43      13.70       5.50    7.621D-03  4.254D-03  2.485D-03
**(rmsgt)**   4  1.877D-06  1.153D-05  5.834D-06  2.318D-05   284.93      14.16       5.65    8.384D-03  4.731D-03  2.616D-03
**(rmsgt)**   3  2.172D-06  1.265D-05  5.691D-06  2.260D-05   286.07      14.73       5.84    9.124D-03  5.268D-03  2.704D-03
**(rmsgt)**   2  2.302D-06  1.285D-05  5.054D-06  1.963D-05   287.23      15.06       5.98    9.660D-03  5.583D-03  2.841D-03
**(rmsgt)**   1  2.219D-06  1.233D-05  3.877D-06  1.496D-05   287.79      15.34       6.33    1.012D-02  5.815D-03  2.985D-03
**(rmsgt)** AVE  1.181D-06  8.952D-06  9.343D-06  2.571D-05   251.40      10.88       4.78    2.349D-03  2.132D-03  1.377
**(rmsgt)** Log(surface pressure) mean and variance:
**(rmsgt)**  G.M.LNP.= 4.59    ; Z.S.LNP.=0.404D-01; Z.A.LNP.=0.668D-01
**(wridia)** file also contains diagnostics at 06Z of 13/02/2012:
**(globme)**TOTAL PRECIPITATION                      Std.Dev.=   3.0697957; Glob.Mean=   8.5673191    ; in units of Kg M**-2 Day
**-1
**(globme)**CONVECTIVE PRECIPITATION                 Std.Dev.=   2.2687721; Glob.Mean=   7.8650696    ; in units of Kg M**-2 Day
**-1
**(globme)**SENSIBLE HEAT FLUX FROM SURFACE          Std.Dev.=   22.591959; Glob.Mean=   77.834816    ; in units of W M**-2
**(globme)**LATENT HEAT FLUX FROM SURFACE            Std.Dev.=   89.097236; Glob.Mean=   116.67010    ; in units of W M**-2
**(globme)**OUTGOING LONG WAVE AT TOP                Std.Dev.=   240.61264; Glob.Mean=   47.640778    ; in units of W M**-2
**(globme)**SHORT WAVE ABSORBED AT GROUND            Std.Dev.=   184.04520; Glob.Mean=   265.47914    ; in units of W M**-2
**(globme)**NET LONG WAVE AT BOTTOM                  Std.Dev.=   51.638877; Glob.Mean=   38.728340    ; in units of W M**-2
**(Model)** timestep 109 at simulation time 0 days and 64800.0 seconds
**(Model)** timestep 110 at simulation time 0 days and 65400.0 seconds
**(Model)** timestep 111 at simulation time 0 days and 66000.0 seconds
**(Model)** timestep 112 at simulation time 0 days and 66600.0 seconds
**(Model)** timestep 113 at simulation time 0 days and 67200.0 seconds
**(Model)** timestep 114 at simulation time 0 days and 67800.0 seconds
**(Model)** timestep 115 at simulation time 0 days and 68400.0 seconds
**(Model)** timestep 116 at simulation time 0 days and 69000.0 seconds
**(Model)** timestep 117 at simulation time 0 days and 69600.0 seconds
**(Model)** timestep 118 at simulation time 0 days and 70200.0 seconds
**(Model)** timestep 119 at simulation time 0 days and 70800.0 seconds
**(Model)** timestep 120 at simulation time 0 days and 71400.0 seconds
**(Model)** timestep 121 at simulation time 0 days and 72000.0 seconds
**(Model)** timestep 122 at simulation time 0 days and 72600.0 seconds
**(Model)** timestep 123 at simulation time 0 days and 73200.0 seconds
**(Model)** timestep 124 at simulation time 0 days and 73800.0 seconds
**(Model)** timestep 125 at simulation time 0 days and 74400.0 seconds
**(Model)** timestep 126 at simulation time 0 days and 75000.0 seconds
**(opnfct)** writes file GFCT04R20120212122012021309F.fct.T126L28 at simulation time
**(opnfct)** 0 days and 75600.0 seconds; contains state of the atmosphere at 09Z of 13/02/2012
**(rmsgt)** State of the atmosphere at 09Z of 13/02/2012:
**(rmsgt)** Layers and average means and variances:
**(rmsgt)** LYR  Z.S. DIV.  Z.A. DIV.  Z.S. VOR.  Z.A. VOR.  G.M. TEM.  Z.S. TEM.  Z.A. TEM.  G.M. S.H.  Z.S. S.H.  Z.A. S.H.
**(rmsgt)**  28  4.971D-07  5.287D-06  1.345D-05  2.171D-05   251.12      12.32       5.43    1.933D-06  2.573D-07  1.354D-07
**(rmsgt)**  27  1.282D-06  1.339D-05  1.165D-05  1.774D-05   228.07       6.65       4.11    2.171D-06  4.561D-07  1.697D-07
**(rmsgt)**  26  1.294D-06  1.141D-05  9.851D-06  1.535D-05   221.28       5.67       3.80    2.271D-06  6.016D-07  2.262D-07
**(rmsgt)**  25  1.408D-06  1.007D-05  6.521D-06  1.337D-05   216.61       5.37       3.90    2.276D-06  6.833D-07  2.542D-07
**(rmsgt)**  24  1.356D-06  9.455D-06  5.451D-06  1.244D-05   212.71       6.57       3.94    2.212D-06  7.411D-07  2.594D-07
**(rmsgt)**  23  9.248D-07  9.253D-06  5.896D-06  1.307D-05   208.14       9.31       3.94    2.206D-06  7.088D-07  3.548D-07
**(rmsgt)**  22  1.500D-06  9.752D-06  7.721D-06  1.626D-05   204.08      12.32       4.03    2.260D-06  6.348D-07  7.071D-07
**(rmsgt)**  21  1.454D-06  1.110D-05  9.817D-06  2.001D-05   205.32      11.42       3.91    2.923D-06  8.930D-07  1.389D-06
**(rmsgt)**  20  1.449D-06  1.138D-05  1.190D-05  2.408D-05   209.82       8.47       3.79    5.800D-06  2.019D-06  3.458D-06
**(rmsgt)**  19  1.304D-06  1.051D-05  1.328D-05  2.866D-05   215.39       4.65       3.86    1.482D-05  5.946D-06  1.022D-05
**(rmsgt)**  18  1.521D-06  9.923D-06  1.400D-05  3.297D-05   220.91       2.25       3.93    4.048D-05  2.022D-05  2.979D-05
**(rmsgt)**  17  1.121D-06  9.056D-06  1.374D-05  3.576D-05   227.11       5.67       3.61    1.026D-04  5.759D-05  7.585D-05
**(rmsgt)**  16  1.036D-06  8.496D-06  1.290D-05  3.621D-05   234.64       8.82       3.70    2.213D-04  1.250D-04  1.700D-04
**(rmsgt)**  15  9.952D-07  8.066D-06  1.182D-05  3.398D-05   242.63      10.49       4.35    4.112D-04  2.251D-04  3.327D-04
**(rmsgt)**  14  9.056D-07  7.515D-06  1.050D-05  2.995D-05   250.34      11.24       4.86    6.847D-04  3.757D-04  5.543D-04
**(rmsgt)**  13  9.149D-07  7.065D-06  9.186D-06  2.610D-05   257.08      11.47       5.06    1.082D-03  6.447D-04  8.319D-04
**(rmsgt)**  12  7.153D-07  6.936D-06  8.018D-06  2.318D-05   262.95      11.67       5.25    1.585D-03  9.802D-04  1.124D-03
**(rmsgt)**  11  8.066D-07  6.965D-06  7.021D-06  2.119D-05   267.51      11.62       5.16    2.164D-03  1.370D-03  1.402D-03
**(rmsgt)**  10  8.908D-07  7.116D-06  6.294D-06  2.011D-05   271.35      11.83       5.19    2.885D-03  1.838D-03  1.691D-03
**(rmsgt)**   9  8.764D-07  7.250D-06  5.831D-06  1.944D-05   274.64      11.96       5.15    3.854D-03  2.361D-03  1.884D-03
**(rmsgt)**   8  7.851D-07  7.619D-06  5.575D-06  1.953D-05   277.39      12.22       5.20    4.875D-03  2.891D-03  1.963D-03
**(rmsgt)**   7  8.380D-07  8.208D-06  5.553D-06  2.004D-05   279.74      12.74       5.25    5.811D-03  3.322D-03  2.086D-03
**(rmsgt)**   6  9.483D-07  9.231D-06  5.668D-06  2.110D-05   281.78      13.18       5.36    6.779D-03  3.799D-03  2.270D-03
**(rmsgt)**   5  1.411D-06  1.038D-05  5.833D-06  2.228D-05   283.48      13.75       5.44    7.655D-03  4.277D-03  2.477D-03
**(rmsgt)**   4  1.810D-06  1.167D-05  5.873D-06  2.307D-05   285.05      14.21       5.55    8.411D-03  4.744D-03  2.609D-03
**(rmsgt)**   3  2.075D-06  1.274D-05  5.677D-06  2.236D-05   286.30      14.77       5.68    9.127D-03  5.258D-03  2.710D-03
**(rmsgt)**   2  2.262D-06  1.325D-05  5.072D-06  1.959D-05   287.53      15.11       5.80    9.675D-03  5.586D-03  2.855D-03
**(rmsgt)**   1  2.213D-06  1.284D-05  3.971D-06  1.515D-05   288.29      15.51       5.97    1.014D-02  5.814D-03  3.005D-03
**(rmsgt)** AVE  1.158D-06  8.893D-06  9.378D-06  2.552D-05   251.39      10.88       4.75    2.350D-03  2.128D-03  1.375
**(rmsgt)** Log(surface pressure) mean and variance:
**(rmsgt)**  G.M.LNP.= 4.59    ; Z.S.LNP.=0.403D-01; Z.A.LNP.=0.668D-01
**(wridia)** file also contains diagnostics at 09Z of 13/02/2012:
**(globme)**TOTAL PRECIPITATION                      Std.Dev.=   3.1143453; Glob.Mean=   8.6375626    ; in units of Kg M**-2 Day
**-1
**(globme)**CONVECTIVE PRECIPITATION                 Std.Dev.=   2.3042364; Glob.Mean=   7.9189663    ; in units of Kg M**-2 Day
**-1
**(globme)**SENSIBLE HEAT FLUX FROM SURFACE          Std.Dev.=   28.893823; Glob.Mean=   81.268160    ; in units of W M**-2
**(globme)**LATENT HEAT FLUX FROM SURFACE            Std.Dev.=   89.866419; Glob.Mean=   112.96121    ; in units of W M**-2
**(globme)**OUTGOING LONG WAVE AT TOP                Std.Dev.=   241.24334; Glob.Mean=   48.163753    ; in units of W M**-2
**(globme)**SHORT WAVE ABSORBED AT GROUND            Std.Dev.=   186.89344; Glob.Mean=   267.36794    ; in units of W M**-2
**(globme)**NET LONG WAVE AT BOTTOM                  Std.Dev.=   55.073154; Glob.Mean=   42.463495    ; in units of W M**-2
**(Model)** timestep 127 at simulation time 0 days and 75600.0 seconds
**(Model)** timestep 128 at simulation time 0 days and 76200.0 seconds
**(Model)** timestep 129 at simulation time 0 days and 76800.0 seconds
**(Model)** timestep 130 at simulation time 0 days and 77400.0 seconds
**(Model)** timestep 131 at simulation time 0 days and 78000.0 seconds
**(Model)** timestep 132 at simulation time 0 days and 78600.0 seconds
**(Model)** timestep 133 at simulation time 0 days and 79200.0 seconds
**(Model)** timestep 134 at simulation time 0 days and 79800.0 seconds
**(Model)** timestep 135 at simulation time 0 days and 80400.0 seconds
**(Model)** timestep 136 at simulation time 0 days and 81000.0 seconds
**(Model)** timestep 137 at simulation time 0 days and 81600.0 seconds
**(Model)** timestep 138 at simulation time 0 days and 82200.0 seconds
**(Model)** timestep 139 at simulation time 0 days and 82800.0 seconds
**(Model)** timestep 140 at simulation time 0 days and 83400.0 seconds
**(Model)** timestep 141 at simulation time 0 days and 84000.0 seconds
**(Model)** timestep 142 at simulation time 0 days and 84600.0 seconds
**(Model)** timestep 143 at simulation time 0 days and 85200.0 seconds
**(Model)** timestep 144 at simulation time 0 days and 85800.0 seconds
**(opnfct)** writes file GFCT04R20120212122012021312F.fct.T126L28 at simulation time
**(opnfct)** 1 days and 0.0 seconds; contains state of the atmosphere at 12Z of 13/02/2012
**(rmsgt)** State of the atmosphere at 12Z of 13/02/2012:
**(rmsgt)** Layers and average means and variances:
**(rmsgt)** LYR  Z.S. DIV.  Z.A. DIV.  Z.S. VOR.  Z.A. VOR.  G.M. TEM.  Z.S. TEM.  Z.A. TEM.  G.M. S.H.  Z.S. S.H.  Z.A. S.H.
**(rmsgt)**  28  7.132D-07  4.839D-06  1.343D-05  2.198D-05   251.13      12.32       5.61    1.933D-06  2.568D-07  1.344D-07
**(rmsgt)**  27  1.794D-06  1.224D-05  1.173D-05  1.712D-05   227.97       6.64       4.07    2.172D-06  4.568D-07  1.683D-07
**(rmsgt)**  26  1.204D-06  1.076D-05  9.925D-06  1.542D-05   221.22       5.66       3.79    2.272D-06  6.022D-07  2.252D-07
**(rmsgt)**  25  1.409D-06  9.541D-06  6.545D-06  1.343D-05   216.61       5.39       3.90    2.277D-06  6.836D-07  2.538D-07
**(rmsgt)**  24  1.593D-06  9.208D-06  5.368D-06  1.237D-05   212.73       6.58       3.97    2.212D-06  7.403D-07  2.600D-07
**(rmsgt)**  23  1.054D-06  8.899D-06  5.946D-06  1.296D-05   208.19       9.31       3.94    2.208D-06  7.074D-07  3.619D-07
**(rmsgt)**  22  1.384D-06  9.818D-06  7.829D-06  1.609D-05   204.10      12.32       3.97    2.269D-06  6.383D-07  7.185D-07
**(rmsgt)**  21  1.469D-06  1.065D-05  9.797D-06  2.010D-05   205.32      11.43       3.88    2.947D-06  9.032D-07  1.409D-06
**(rmsgt)**  20  1.315D-06  1.162D-05  1.177D-05  2.421D-05   209.81       8.47       3.75    5.862D-06  2.063D-06  3.499D-06
**(rmsgt)**  19  1.200D-06  1.056D-05  1.336D-05  2.843D-05   215.37       4.64       3.83    1.502D-05  6.073D-06  1.036D-05
**(rmsgt)**  18  1.523D-06  9.799D-06  1.403D-05  3.263D-05   220.90       2.27       3.88    4.092D-05  2.019D-05  3.053D-05
**(rmsgt)**  17  1.200D-06  8.960D-06  1.376D-05  3.524D-05   227.08       5.67       3.56    1.030D-04  5.684D-05  7.642D-05
**(rmsgt)**  16  9.645D-07  8.306D-06  1.298D-05  3.579D-05   234.60       8.80       3.67    2.219D-04  1.230D-04  1.697D-04
**(rmsgt)**  15  8.975D-07  7.806D-06  1.191D-05  3.365D-05   242.59      10.47       4.34    4.128D-04  2.227D-04  3.307D-04
**(rmsgt)**  14  9.219D-07  7.473D-06  1.057D-05  2.976D-05   250.32      11.23       4.86    6.855D-04  3.711D-04  5.505D-04
**(rmsgt)**  13  7.899D-07  6.970D-06  9.228D-06  2.602D-05   257.06      11.47       5.06    1.080D-03  6.347D-04  8.247D-04
**(rmsgt)**  12  7.240D-07  6.862D-06  8.014D-06  2.308D-05   262.94      11.67       5.24    1.580D-03  9.651D-04  1.116D-03
**(rmsgt)**  11  7.422D-07  7.013D-06  7.040D-06  2.109D-05   267.47      11.60       5.16    2.152D-03  1.347D-03  1.396D-03
**(rmsgt)**  10  7.123D-07  7.125D-06  6.347D-06  2.000D-05   271.28      11.80       5.18    2.867D-03  1.811D-03  1.685D-03
**(rmsgt)**   9  7.204D-07  7.516D-06  5.896D-06  1.940D-05   274.57      11.92       5.15    3.851D-03  2.344D-03  1.878D-03
**(rmsgt)**   8  7.096D-07  7.828D-06  5.637D-06  1.961D-05   277.36      12.20       5.20    4.878D-03  2.883D-03  1.952D-03
**(rmsgt)**   7  7.613D-07  8.305D-06  5.575D-06  2.029D-05   279.74      12.76       5.23    5.829D-03  3.334D-03  2.060D-03
**(rmsgt)**   6  8.993D-07  9.253D-06  5.663D-06  2.129D-05   281.84      13.23       5.34    6.806D-03  3.822D-03  2.263D-03
**(rmsgt)**   5  1.377D-06  1.063D-05  5.787D-06  2.241D-05   283.61      13.82       5.43    7.668D-03  4.284D-03  2.482D-03
**(rmsgt)**   4  1.769D-06  1.215D-05  5.815D-06  2.309D-05   285.24      14.31       5.54    8.396D-03  4.723D-03  2.638D-03
**(rmsgt)**   3  2.024D-06  1.327D-05  5.634D-06  2.244D-05   286.55      14.86       5.67    9.099D-03  5.222D-03  2.744D-03
**(rmsgt)**   2  2.260D-06  1.362D-05  5.007D-06  1.972D-05   287.79      15.22       5.80    9.675D-03  5.581D-03  2.887D-03
**(rmsgt)**   1  2.311D-06  1.305D-05  3.841D-06  1.507D-05   288.49      15.70       6.01    1.018D-02  5.846D-03  3.048D-03
**(rmsgt)** AVE  1.123D-06  8.886D-06  9.408D-06  2.538D-05   251.39      10.89       4.74    2.349D-03  2.124D-03  1.375
**(rmsgt)** Log(surface pressure) mean and variance:
**(rmsgt)**  G.M.LNP.= 4.59    ; Z.S.LNP.=0.403D-01; Z.A.LNP.=0.668D-01
**(wridia)** file also contains diagnostics at 12Z of 13/02/2012:
**(globme)**TOTAL PRECIPITATION                      Std.Dev.=   3.1285715; Glob.Mean=   8.2498976    ; in units of Kg M**-2 Day
**-1
**(globme)**CONVECTIVE PRECIPITATION                 Std.Dev.=   2.3113862; Glob.Mean=   7.5292634    ; in units of Kg M**-2 Day
**-1
**(globme)**SENSIBLE HEAT FLUX FROM SURFACE          Std.Dev.=   30.830658; Glob.Mean=   96.206915    ; in units of W M**-2
**(globme)**LATENT HEAT FLUX FROM SURFACE            Std.Dev.=   88.634014; Glob.Mean=   111.36583    ; in units of W M**-2
**(globme)**OUTGOING LONG WAVE AT TOP                Std.Dev.=   242.59369; Glob.Mean=   50.230467    ; in units of W M**-2
**(globme)**SHORT WAVE ABSORBED AT GROUND            Std.Dev.=   189.88299; Glob.Mean=   270.40329    ; in units of W M**-2
**(globme)**NET LONG WAVE AT BOTTOM                  Std.Dev.=   58.996775; Glob.Mean=   47.480004    ; in units of W M**-2
**(Model)** timestep 145 at simulation time 1 days and 0.0 seconds
**(Model)** timestep 146 at simulation time 1 days and 600.0 seconds
**(Model)** timestep 147 at simulation time 1 days and 1200.0 seconds
**(Model)** timestep 148 at simulation time 1 days and 1800.0 seconds
**(Model)** timestep 149 at simulation time 1 days and 2400.0 seconds
**(Model)** timestep 150 at simulation time 1 days and 3000.0 seconds
**(Model)** timestep 151 at simulation time 1 days and 3600.0 seconds
**(Model)** timestep 152 at simulation time 1 days and 4200.0 seconds
**(Model)** timestep 153 at simulation time 1 days and 4800.0 seconds
**(Model)** timestep 154 at simulation time 1 days and 5400.0 seconds
**(Model)** timestep 155 at simulation time 1 days and 6000.0 seconds
**(Model)** timestep 156 at simulation time 1 days and 6600.0 seconds
**(Model)** timestep 157 at simulation time 1 days and 7200.0 seconds
**(Model)** timestep 158 at simulation time 1 days and 7800.0 seconds
**(Model)** timestep 159 at simulation time 1 days and 8400.0 seconds
**(Model)** timestep 160 at simulation time 1 days and 9000.0 seconds
**(Model)** timestep 161 at simulation time 1 days and 9600.0 seconds
**(Model)** timestep 162 at simulation time 1 days and 10200.0 seconds
**(opnfct)** writes file GFCT04R20120212122012021315F.fct.T126L28 at simulation time
**(opnfct)** 1 days and 10800.0 seconds; contains state of the atmosphere at 15Z of 13/02/2012
**(rmsgt)** State of the atmosphere at 15Z of 13/02/2012:
**(rmsgt)** Layers and average means and variances:
**(rmsgt)** LYR  Z.S. DIV.  Z.A. DIV.  Z.S. VOR.  Z.A. VOR.  G.M. TEM.  Z.S. TEM.  Z.A. TEM.  G.M. S.H.  Z.S. S.H.  Z.A. S.H.
**(rmsgt)**  28  6.674D-07  4.878D-06  1.360D-05  2.210D-05   251.15      12.29       5.66    1.933D-06  2.564D-07  1.338D-07
**(rmsgt)**  27  1.673D-06  1.202D-05  1.173D-05  1.664D-05   227.88       6.63       4.11    2.172D-06  4.568D-07  1.679D-07
**(rmsgt)**  26  1.110D-06  1.050D-05  9.955D-06  1.514D-05   221.18       5.65       3.73    2.273D-06  6.027D-07  2.248D-07
**(rmsgt)**  25  1.315D-06  9.530D-06  6.547D-06  1.326D-05   216.61       5.38       3.88    2.278D-06  6.836D-07  2.534D-07
**(rmsgt)**  24  1.261D-06  8.962D-06  5.342D-06  1.233D-05   212.75       6.56       3.94    2.213D-06  7.405D-07  2.611D-07
**(rmsgt)**  23  1.059D-06  8.901D-06  5.917D-06  1.295D-05   208.23       9.29       3.92    2.211D-06  7.068D-07  3.703D-07
**(rmsgt)**  22  9.143D-07  9.273D-06  7.909D-06  1.599D-05   204.13      12.32       3.96    2.281D-06  6.440D-07  7.474D-07
**(rmsgt)**  21  1.468D-06  1.039D-05  9.877D-06  1.990D-05   205.32      11.44       3.90    2.969D-06  9.157D-07  1.430D-06
**(rmsgt)**  20  1.334D-06  1.199D-05  1.166D-05  2.417D-05   209.80       8.48       3.75    5.961D-06  2.135D-06  3.572D-06
**(rmsgt)**  19  1.151D-06  1.047D-05  1.341D-05  2.827D-05   215.36       4.63       3.82    1.526D-05  6.247D-06  1.062D-05
**(rmsgt)**  18  1.646D-06  9.897D-06  1.412D-05  3.240D-05   220.89       2.30       3.84    4.150D-05  2.043D-05  3.140D-05
**(rmsgt)**  17  1.295D-06  9.100D-06  1.384D-05  3.487D-05   227.07       5.67       3.51    1.033D-04  5.641D-05  7.705D-05
**(rmsgt)**  16  1.069D-06  8.266D-06  1.304D-05  3.551D-05   234.58       8.77       3.63    2.227D-04  1.215D-04  1.696D-04
**(rmsgt)**  15  9.405D-07  7.818D-06  1.198D-05  3.331D-05   242.56      10.46       4.32    4.140D-04  2.202D-04  3.282D-04
**(rmsgt)**  14  8.916D-07  7.596D-06  1.066D-05  2.961D-05   250.30      11.23       4.84    6.865D-04  3.669D-04  5.455D-04
**(rmsgt)**  13  6.743D-07  6.906D-06  9.304D-06  2.595D-05   257.05      11.48       5.04    1.078D-03  6.253D-04  8.157D-04
**(rmsgt)**  12  7.509D-07  6.807D-06  8.049D-06  2.301D-05   262.94      11.69       5.23    1.575D-03  9.514D-04  1.106D-03
**(rmsgt)**  11  7.107D-07  7.120D-06  7.066D-06  2.102D-05   267.44      11.59       5.15    2.140D-03  1.325D-03  1.388D-03
**(rmsgt)**  10  6.240D-07  7.367D-06  6.395D-06  1.986D-05   271.22      11.78       5.18    2.851D-03  1.786D-03  1.677D-03
**(rmsgt)**   9  7.068D-07  7.896D-06  5.944D-06  1.939D-05   274.51      11.92       5.14    3.848D-03  2.330D-03  1.865D-03
**(rmsgt)**   8  7.938D-07  8.142D-06  5.659D-06  1.972D-05   277.34      12.21       5.19    4.885D-03  2.879D-03  1.934D-03
**(rmsgt)**   7  8.572D-07  8.461D-06  5.555D-06  2.044D-05   279.77      12.80       5.21    5.835D-03  3.329D-03  2.058D-03
**(rmsgt)**   6  9.681D-07  9.272D-06  5.661D-06  2.148D-05   281.92      13.27       5.32    6.812D-03  3.823D-03  2.273D-03
**(rmsgt)**   5  1.419D-06  1.069D-05  5.771D-06  2.267D-05   283.72      13.87       5.41    7.676D-03  4.300D-03  2.507D-03
**(rmsgt)**   4  1.814D-06  1.235D-05  5.767D-06  2.339D-05   285.36      14.36       5.52    8.390D-03  4.723D-03  2.671D-03
**(rmsgt)**   3  2.074D-06  1.360D-05  5.577D-06  2.272D-05   286.65      14.95       5.67    9.096D-03  5.224D-03  2.751D-03
**(rmsgt)**   2  2.329D-06  1.403D-05  4.945D-06  1.993D-05   287.88      15.31       5.80    9.686D-03  5.594D-03  2.888D-03
**(rmsgt)**   1  2.316D-06  1.322D-05  3.749D-06  1.498D-05   288.48      15.80       6.09    1.020D-02  5.866D-03  3.061D-03
**(rmsgt)** AVE  1.126D-06  8.965D-06  9.450D-06  2.527D-05   251.39      10.90       4.73    2.348D-03  2.122D-03  1.375
**(rmsgt)** Log(surface pressure) mean and variance:
**(rmsgt)**  G.M.LNP.= 4.59    ; Z.S.LNP.=0.402D-01; Z.A.LNP.=0.667D-01
**(wridia)** file also contains diagnostics at 15Z of 13/02/2012:
**(globme)**TOTAL PRECIPITATION                      Std.Dev.=   3.2069494; Glob.Mean=   8.3933536    ; in units of Kg M**-2 Day
**-1
**(globme)**CONVECTIVE PRECIPITATION                 Std.Dev.=   2.3712643; Glob.Mean=   7.7656908    ; in units of Kg M**-2 Day
**-1
**(globme)**SENSIBLE HEAT FLUX FROM SURFACE          Std.Dev.=   24.794663; Glob.Mean=   81.494695    ; in units of W M**-2
**(globme)**LATENT HEAT FLUX FROM SURFACE            Std.Dev.=   89.188155; Glob.Mean=   110.04274    ; in units of W M**-2
**(globme)**OUTGOING LONG WAVE AT TOP                Std.Dev.=   242.11139; Glob.Mean=   51.592589    ; in units of W M**-2
**(globme)**SHORT WAVE ABSORBED AT GROUND            Std.Dev.=   186.96466; Glob.Mean=   267.50863    ; in units of W M**-2
**(globme)**NET LONG WAVE AT BOTTOM                  Std.Dev.=   58.860610; Glob.Mean=   48.444961    ; in units of W M**-2
**(Model)** timestep 163 at simulation time 1 days and 10800.0 seconds
**(Model)** timestep 164 at simulation time 1 days and 11400.0 seconds
**(Model)** timestep 165 at simulation time 1 days and 12000.0 seconds
**(Model)** timestep 166 at simulation time 1 days and 12600.0 seconds
**(Model)** timestep 167 at simulation time 1 days and 13200.0 seconds
**(Model)** timestep 168 at simulation time 1 days and 13800.0 seconds
**(Model)** timestep 169 at simulation time 1 days and 14400.0 seconds
**(Model)** timestep 170 at simulation time 1 days and 15000.0 seconds
**(Model)** timestep 171 at simulation time 1 days and 15600.0 seconds
**(Model)** timestep 172 at simulation time 1 days and 16200.0 seconds
**(Model)** timestep 173 at simulation time 1 days and 16800.0 seconds
**(Model)** timestep 174 at simulation time 1 days and 17400.0 seconds
**(Model)** timestep 175 at simulation time 1 days and 18000.0 seconds
**(Model)** timestep 176 at simulation time 1 days and 18600.0 seconds
**(Model)** timestep 177 at simulation time 1 days and 19200.0 seconds
**(Model)** timestep 178 at simulation time 1 days and 19800.0 seconds
**(Model)** timestep 179 at simulation time 1 days and 20400.0 seconds
**(Model)** timestep 180 at simulation time 1 days and 21000.0 seconds
**(opnfct)** writes file GFCT04R20120212122012021318F.fct.T126L28 at simulation time
**(opnfct)** 1 days and 21600.0 seconds; contains state of the atmosphere at 18Z of 13/02/2012
**(rmsgt)** State of the atmosphere at 18Z of 13/02/2012:
**(rmsgt)** Layers and average means and variances:
**(rmsgt)** LYR  Z.S. DIV.  Z.A. DIV.  Z.S. VOR.  Z.A. VOR.  G.M. TEM.  Z.S. TEM.  Z.A. TEM.  G.M. S.H.  Z.S. S.H.  Z.A. S.H.
**(rmsgt)**  28  6.361D-07  4.725D-06  1.373D-05  2.202D-05   251.16      12.26       5.48    1.933D-06  2.560D-07  1.335D-07
**(rmsgt)**  27  1.419D-06  1.198D-05  1.164D-05  1.683D-05   227.80       6.59       4.14    2.172D-06  4.563D-07  1.688D-07
**(rmsgt)**  26  1.026D-06  1.038D-05  1.000D-05  1.495D-05   221.14       5.66       3.61    2.272D-06  6.026D-07  2.241D-07
**(rmsgt)**  25  1.233D-06  9.340D-06  6.578D-06  1.313D-05   216.61       5.36       3.77    2.278D-06  6.834D-07  2.529D-07
**(rmsgt)**  24  1.091D-06  8.768D-06  5.412D-06  1.251D-05   212.76       6.52       3.89    2.213D-06  7.407D-07  2.626D-07
**(rmsgt)**  23  9.548D-07  8.714D-06  5.838D-06  1.296D-05   208.26       9.24       3.90    2.215D-06  7.068D-07  3.799D-07
**(rmsgt)**  22  1.272D-06  9.054D-06  7.947D-06  1.589D-05   204.16      12.31       3.96    2.296D-06  6.510D-07  7.843D-07
**(rmsgt)**  21  1.469D-06  1.039D-05  1.004D-05  1.979D-05   205.32      11.46       3.94    2.991D-06  9.307D-07  1.429D-06
**(rmsgt)**  20  1.265D-06  1.181D-05  1.173D-05  2.403D-05   209.79       8.49       3.78    6.052D-06  2.204D-06  3.664D-06
**(rmsgt)**  19  1.237D-06  1.045D-05  1.345D-05  2.807D-05   215.37       4.61       3.82    1.547D-05  6.381D-06  1.100D-05
**(rmsgt)**  18  1.677D-06  9.765D-06  1.427D-05  3.225D-05   220.89       2.32       3.80    4.209D-05  2.084D-05  3.236D-05
**(rmsgt)**  17  1.301D-06  9.151D-06  1.397D-05  3.473D-05   227.06       5.67       3.45    1.038D-04  5.640D-05  7.812D-05
**(rmsgt)**  16  1.144D-06  8.263D-06  1.312D-05  3.539D-05   234.56       8.75       3.59    2.239D-04  1.204D-04  1.703D-04
**(rmsgt)**  15  9.482D-07  7.733D-06  1.202D-05  3.318D-05   242.53      10.45       4.29    4.148D-04  2.180D-04  3.257D-04
**(rmsgt)**  14  8.665D-07  7.553D-06  1.073D-05  2.956D-05   250.28      11.23       4.83    6.882D-04  3.640D-04  5.406D-04
**(rmsgt)**  13  7.098D-07  7.035D-06  9.360D-06  2.584D-05   257.04      11.49       5.03    1.077D-03  6.175D-04  8.100D-04
**(rmsgt)**  12  7.658D-07  6.897D-06  8.119D-06  2.289D-05   262.94      11.71       5.22    1.571D-03  9.410D-04  1.097D-03
**(rmsgt)**  11  7.483D-07  7.131D-06  7.110D-06  2.100D-05   267.41      11.59       5.14    2.134D-03  1.307D-03  1.381D-03
**(rmsgt)**  10  6.440D-07  7.423D-06  6.426D-06  1.993D-05   271.16      11.77       5.17    2.837D-03  1.761D-03  1.675D-03
**(rmsgt)**   9  7.754D-07  7.864D-06  5.980D-06  1.944D-05   274.46      11.93       5.13    3.843D-03  2.315D-03  1.861D-03
**(rmsgt)**   8  8.428D-07  8.114D-06  5.713D-06  1.975D-05   277.32      12.23       5.17    4.885D-03  2.872D-03  1.937D-03
**(rmsgt)**   7  9.450D-07  8.588D-06  5.584D-06  2.049D-05   279.79      12.83       5.19    5.840D-03  3.326D-03  2.069D-03
**(rmsgt)**   6  1.132D-06  9.389D-06  5.673D-06  2.166D-05   281.95      13.30       5.29    6.817D-03  3.828D-03  2.294D-03
**(rmsgt)**   5  1.516D-06  1.093D-05  5.766D-06  2.307D-05   283.76      13.89       5.38    7.672D-03  4.298D-03  2.529D-03
**(rmsgt)**   4  1.805D-06  1.285D-05  5.761D-06  2.386D-05   285.39      14.36       5.49    8.373D-03  4.711D-03  2.689D-03
**(rmsgt)**   3  2.070D-06  1.434D-05  5.614D-06  2.319D-05   286.65      14.94       5.66    9.083D-03  5.211D-03  2.742D-03
**(rmsgt)**   2  2.369D-06  1.468D-05  4.949D-06  2.026D-05   287.85      15.27       5.79    9.693D-03  5.601D-03  2.864D-03
**(rmsgt)**   1  2.380D-06  1.375D-05  3.722D-06  1.527D-05   288.25      15.65       6.22    1.025D-02  5.914D-03  3.037D-03
**(rmsgt)** AVE  1.154D-06  9.023D-06  9.510D-06  2.525D-05   251.38      10.90       4.71    2.347D-03  2.118D-03  1.376
**(rmsgt)** Log(surface pressure) mean and variance:
**(rmsgt)**  G.M.LNP.= 4.59    ; Z.S.LNP.=0.402D-01; Z.A.LNP.=0.665D-01
**(wridia)** file also contains diagnostics at 18Z of 13/02/2012:
**(globme)**TOTAL PRECIPITATION                      Std.Dev.=   3.1977078; Glob.Mean=   8.5088873    ; in units of Kg M**-2 Day
**-1
**(globme)**CONVECTIVE PRECIPITATION                 Std.Dev.=   2.3353277; Glob.Mean=   7.8204844    ; in units of Kg M**-2 Day
**-1
**(globme)**SENSIBLE HEAT FLUX FROM SURFACE          Std.Dev.=   16.845729; Glob.Mean=   74.756753    ; in units of W M**-2
**(globme)**LATENT HEAT FLUX FROM SURFACE            Std.Dev.=   87.137050; Glob.Mean=   109.15455    ; in units of W M**-2
**(globme)**OUTGOING LONG WAVE AT TOP                Std.Dev.=   240.95540; Glob.Mean=   50.684370    ; in units of W M**-2
**(globme)**SHORT WAVE ABSORBED AT GROUND            Std.Dev.=   183.73984; Glob.Mean=   258.99394    ; in units of W M**-2
**(globme)**NET LONG WAVE AT BOTTOM                  Std.Dev.=   56.554834; Glob.Mean=   41.917137    ; in units of W M**-2
**(Model)** timestep 181 at simulation time 1 days and 21600.0 seconds
**(Model)** timestep 182 at simulation time 1 days and 22200.0 seconds
**(Model)** timestep 183 at simulation time 1 days and 22800.0 seconds
**(Model)** timestep 184 at simulation time 1 days and 23400.0 seconds
**(Model)** timestep 185 at simulation time 1 days and 24000.0 seconds
**(Model)** timestep 186 at simulation time 1 days and 24600.0 seconds
**(Model)** timestep 187 at simulation time 1 days and 25200.0 seconds
**(Model)** timestep 188 at simulation time 1 days and 25800.0 seconds
**(Model)** timestep 189 at simulation time 1 days and 26400.0 seconds
**(Model)** timestep 190 at simulation time 1 days and 27000.0 seconds
**(Model)** timestep 191 at simulation time 1 days and 27600.0 seconds
**(Model)** timestep 192 at simulation time 1 days and 28200.0 seconds
**(Model)** timestep 193 at simulation time 1 days and 28800.0 seconds
**(Model)** timestep 194 at simulation time 1 days and 29400.0 seconds
**(Model)** timestep 195 at simulation time 1 days and 30000.0 seconds
**(Model)** timestep 196 at simulation time 1 days and 30600.0 seconds
**(Model)** timestep 197 at simulation time 1 days and 31200.0 seconds
**(Model)** timestep 198 at simulation time 1 days and 31800.0 seconds
**(opnfct)** writes file GFCT04R20120212122012021321F.fct.T126L28 at simulation time
**(opnfct)** 1 days and 32400.0 seconds; contains state of the atmosphere at 21Z of 13/02/2012
**(rmsgt)** State of the atmosphere at 21Z of 13/02/2012:
**(rmsgt)** Layers and average means and variances:
**(rmsgt)** LYR  Z.S. DIV.  Z.A. DIV.  Z.S. VOR.  Z.A. VOR.  G.M. TEM.  Z.S. TEM.  Z.A. TEM.  G.M. S.H.  Z.S. S.H.  Z.A. S.H.
**(rmsgt)**  28  5.899D-07  4.425D-06  1.384D-05  2.192D-05   251.17      12.23       5.21    1.933D-06  2.555D-07  1.339D-07
**(rmsgt)**  27  1.208D-06  1.153D-05  1.146D-05  1.689D-05   227.70       6.54       4.14    2.173D-06  4.553D-07  1.699D-07
**(rmsgt)**  26  1.159D-06  1.006D-05  9.995D-06  1.514D-05   221.09       5.64       3.55    2.271D-06  6.014D-07  2.232D-07
**(rmsgt)**  25  9.520D-07  9.279D-06  6.670D-06  1.300D-05   216.61       5.33       3.72    2.278D-06  6.832D-07  2.528D-07
**(rmsgt)**  24  1.269D-06  8.524D-06  5.544D-06  1.247D-05   212.77       6.49       3.90    2.215D-06  7.404D-07  2.638D-07
**(rmsgt)**  23  8.016D-07  8.442D-06  5.818D-06  1.297D-05   208.30       9.20       3.95    2.217D-06  7.059D-07  3.860D-07
**(rmsgt)**  22  1.256D-06  9.130D-06  7.943D-06  1.594D-05   204.19      12.29       4.00    2.314D-06  6.616D-07  8.079D-07
**(rmsgt)**  21  1.412D-06  1.044D-05  1.019D-05  1.993D-05   205.32      11.48       3.95    3.015D-06  9.443D-07  1.451D-06
**(rmsgt)**  20  1.315D-06  1.148D-05  1.188D-05  2.375D-05   209.78       8.51       3.80    6.130D-06  2.271D-06  3.783D-06
**(rmsgt)**  19  1.328D-06  1.034D-05  1.346D-05  2.778D-05   215.38       4.61       3.80    1.569D-05  6.562D-06  1.124D-05
**(rmsgt)**  18  1.417D-06  9.892D-06  1.432D-05  3.202D-05   220.88       2.33       3.78    4.284D-05  2.140D-05  3.334D-05
**(rmsgt)**  17  1.167D-06  9.249D-06  1.403D-05  3.464D-05   227.03       5.68       3.41    1.044D-04  5.667D-05  8.012D-05
**(rmsgt)**  16  1.114D-06  8.072D-06  1.314D-05  3.528D-05   234.53       8.73       3.58    2.248D-04  1.196D-04  1.706D-04
**(rmsgt)**  15  9.151D-07  7.567D-06  1.204D-05  3.309D-05   242.48      10.44       4.29    4.156D-04  2.170D-04  3.234D-04
**(rmsgt)**  14  9.025D-07  7.378D-06  1.073D-05  2.954D-05   250.26      11.21       4.84    6.917D-04  3.644D-04  5.380D-04
**(rmsgt)**  13  7.932D-07  6.928D-06  9.391D-06  2.577D-05   257.02      11.49       5.05    1.076D-03  6.108D-04  8.061D-04
**(rmsgt)**  12  7.829D-07  6.890D-06  8.210D-06  2.278D-05   262.94      11.71       5.24    1.566D-03  9.294D-04  1.088D-03
**(rmsgt)**  11  7.287D-07  7.079D-06  7.206D-06  2.097D-05   267.37      11.58       5.15    2.126D-03  1.288D-03  1.373D-03
**(rmsgt)**  10  6.186D-07  7.371D-06  6.494D-06  1.995D-05   271.11      11.76       5.18    2.822D-03  1.735D-03  1.674D-03
**(rmsgt)**   9  7.257D-07  7.751D-06  6.031D-06  1.945D-05   274.41      11.93       5.13    3.840D-03  2.300D-03  1.859D-03
**(rmsgt)**   8  7.281D-07  7.995D-06  5.793D-06  1.975D-05   277.29      12.24       5.17    4.888D-03  2.862D-03  1.938D-03
**(rmsgt)**   7  8.539D-07  8.613D-06  5.686D-06  2.056D-05   279.78      12.84       5.17    5.838D-03  3.314D-03  2.080D-03
**(rmsgt)**   6  1.178D-06  9.551D-06  5.798D-06  2.187D-05   281.96      13.30       5.26    6.802D-03  3.816D-03  2.304D-03
**(rmsgt)**   5  1.591D-06  1.090D-05  5.922D-06  2.346D-05   283.75      13.85       5.37    7.656D-03  4.289D-03  2.543D-03
**(rmsgt)**   4  1.908D-06  1.264D-05  5.971D-06  2.436D-05   285.35      14.30       5.49    8.363D-03  4.711D-03  2.693D-03
**(rmsgt)**   3  2.200D-06  1.407D-05  5.813D-06  2.368D-05   286.54      14.84       5.71    9.082D-03  5.220D-03  2.727D-03
**(rmsgt)**   2  2.501D-06  1.424D-05  5.091D-06  2.056D-05   287.70      15.15       5.87    9.713D-03  5.627D-03  2.827D-03
**(rmsgt)**   1  2.451D-06  1.316D-05  3.768D-06  1.541D-05   287.94      15.45       6.45    1.029D-02  5.959D-03  3.009D-03
**(rmsgt)** AVE  1.143D-06  8.921D-06  9.566D-06  2.523D-05   251.35      10.89       4.72    2.345D-03  2.115D-03  1.374
**(rmsgt)** Log(surface pressure) mean and variance:
**(rmsgt)**  G.M.LNP.= 4.59    ; Z.S.LNP.=0.402D-01; Z.A.LNP.=0.665D-01
**(wridia)** file also contains diagnostics at 21Z of 13/02/2012:
**(globme)**TOTAL PRECIPITATION                      Std.Dev.=   3.1066046; Glob.Mean=   8.5939932    ; in units of Kg M**-2 Day
**-1
**(globme)**CONVECTIVE PRECIPITATION                 Std.Dev.=   2.2260528; Glob.Mean=   7.8921989    ; in units of Kg M**-2 Day
**-1
**(globme)**SENSIBLE HEAT FLUX FROM SURFACE          Std.Dev.=   10.060054; Glob.Mean=   55.338687    ; in units of W M**-2
**(globme)**LATENT HEAT FLUX FROM SURFACE            Std.Dev.=   82.681120; Glob.Mean=   101.88505    ; in units of W M**-2
**(globme)**OUTGOING LONG WAVE AT TOP                Std.Dev.=   239.60669; Glob.Mean=   49.111851    ; in units of W M**-2
**(globme)**SHORT WAVE ABSORBED AT GROUND            Std.Dev.=   187.33445; Glob.Mean=   272.19344    ; in units of W M**-2
**(globme)**NET LONG WAVE AT BOTTOM                  Std.Dev.=   53.479993; Glob.Mean=   35.616420    ; in units of W M**-2
**(Model)** timestep 199 at simulation time 1 days and 32400.0 seconds
**(Model)** timestep 200 at simulation time 1 days and 33000.0 seconds
**(Model)** timestep 201 at simulation time 1 days and 33600.0 seconds
**(Model)** timestep 202 at simulation time 1 days and 34200.0 seconds
**(Model)** timestep 203 at simulation time 1 days and 34800.0 seconds
**(Model)** timestep 204 at simulation time 1 days and 35400.0 seconds
**(Model)** timestep 205 at simulation time 1 days and 36000.0 seconds
**(Model)** timestep 206 at simulation time 1 days and 36600.0 seconds
**(Model)** timestep 207 at simulation time 1 days and 37200.0 seconds
**(Model)** timestep 208 at simulation time 1 days and 37800.0 seconds
**(Model)** timestep 209 at simulation time 1 days and 38400.0 seconds
**(Model)** timestep 210 at simulation time 1 days and 39000.0 seconds
**(Model)** timestep 211 at simulation time 1 days and 39600.0 seconds
**(Model)** timestep 212 at simulation time 1 days and 40200.0 seconds
**(Model)** timestep 213 at simulation time 1 days and 40800.0 seconds
**(Model)** timestep 214 at simulation time 1 days and 41400.0 seconds
**(Model)** timestep 215 at simulation time 1 days and 42000.0 seconds
**(Model)** timestep 216 at simulation time 1 days and 42600.0 seconds
**(opnfct)** writes file GFCT04R20120212122012021400F.fct.T126L28 at simulation time
**(opnfct)** 1 days and 43200.0 seconds; contains state of the atmosphere at 00Z of 14/02/2012
**(rmsgt)** State of the atmosphere at 00Z of 14/02/2012:
**(rmsgt)** Layers and average means and variances:
**(rmsgt)** LYR  Z.S. DIV.  Z.A. DIV.  Z.S. VOR.  Z.A. VOR.  G.M. TEM.  Z.S. TEM.  Z.A. TEM.  G.M. S.H.  Z.S. S.H.  Z.A. S.H.
**(rmsgt)**  28  6.626D-07  4.405D-06  1.402D-05  2.193D-05   251.18      12.17       4.94    1.934D-06  2.551D-07  1.340D-07
**(rmsgt)**  27  1.689D-06  1.165D-05  1.140D-05  1.686D-05   227.61       6.51       4.17    2.172D-06  4.548D-07  1.708D-07
**(rmsgt)**  26  1.085D-06  9.919D-06  1.002D-05  1.504D-05   221.05       5.62       3.58    2.270D-06  6.001D-07  2.233D-07
**(rmsgt)**  25  1.384D-06  9.364D-06  6.644D-06  1.300D-05   216.60       5.30       3.73    2.278D-06  6.829D-07  2.529D-07
**(rmsgt)**  24  1.338D-06  8.377D-06  5.686D-06  1.234D-05   212.79       6.46       3.97    2.216D-06  7.405D-07  2.637D-07
**(rmsgt)**  23  9.621D-07  8.137D-06  5.858D-06  1.311D-05   208.32       9.15       4.00    2.220D-06  7.045D-07  3.902D-07
**(rmsgt)**  22  1.222D-06  8.693D-06  7.899D-06  1.604D-05   204.22      12.28       4.02    2.330D-06  6.709D-07  8.184D-07
**(rmsgt)**  21  1.264D-06  1.073D-05  1.016D-05  2.006D-05   205.33      11.49       3.93    3.043D-06  9.551D-07  1.479D-06
**(rmsgt)**  20  1.250D-06  1.154D-05  1.193D-05  2.365D-05   209.76       8.52       3.80    6.215D-06  2.338D-06  3.888D-06
**(rmsgt)**  19  1.154D-06  1.025D-05  1.343D-05  2.752D-05   215.37       4.60       3.79    1.589D-05  6.778D-06  1.150D-05
**(rmsgt)**  18  1.152D-06  9.912D-06  1.424D-05  3.173D-05   220.87       2.34       3.76    4.361D-05  2.196D-05  3.423D-05
**(rmsgt)**  17  9.886D-07  9.049D-06  1.401D-05  3.449D-05   227.01       5.68       3.40    1.054D-04  5.727D-05  8.251D-05
**(rmsgt)**  16  9.538D-07  8.150D-06  1.314D-05  3.531D-05   234.48       8.70       3.57    2.257D-04  1.192D-04  1.727D-04
**(rmsgt)**  15  9.282D-07  7.674D-06  1.210D-05  3.312D-05   242.45      10.42       4.28    4.154D-04  2.158D-04  3.229D-04
**(rmsgt)**  14  9.147D-07  7.289D-06  1.076D-05  2.947D-05   250.23      11.19       4.86    6.936D-04  3.626D-04  5.366D-04
**(rmsgt)**  13  7.358D-07  6.875D-06  9.415D-06  2.561D-05   257.00      11.47       5.06    1.076D-03  6.039D-04  8.041D-04
**(rmsgt)**  12  7.743D-07  6.749D-06  8.230D-06  2.272D-05   262.92      11.70       5.25    1.559D-03  9.170D-04  1.083D-03
**(rmsgt)**  11  7.262D-07  6.922D-06  7.236D-06  2.096D-05   267.32      11.55       5.15    2.118D-03  1.268D-03  1.368D-03
**(rmsgt)**  10  7.582D-07  7.261D-06  6.504D-06  1.993D-05   271.04      11.74       5.18    2.810D-03  1.711D-03  1.676D-03
**(rmsgt)**   9  8.538D-07  7.599D-06  6.026D-06  1.941D-05   274.34      11.92       5.13    3.838D-03  2.284D-03  1.860D-03
**(rmsgt)**   8  7.870D-07  7.902D-06  5.807D-06  1.968D-05   277.24      12.23       5.17    4.884D-03  2.851D-03  1.943D-03
**(rmsgt)**   7  8.016D-07  8.428D-06  5.733D-06  2.049D-05   279.74      12.82       5.18    5.829D-03  3.302D-03  2.085D-03
**(rmsgt)**   6  1.024D-06  9.368D-06  5.900D-06  2.190D-05   281.92      13.27       5.25    6.788D-03  3.806D-03  2.311D-03
**(rmsgt)**   5  1.443D-06  1.064D-05  6.096D-06  2.360D-05   283.69      13.80       5.37    7.639D-03  4.284D-03  2.546D-03
**(rmsgt)**   4  1.873D-06  1.234D-05  6.187D-06  2.460D-05   285.26      14.23       5.50    8.359D-03  4.723D-03  2.681D-03
**(rmsgt)**   3  2.190D-06  1.368D-05  5.986D-06  2.398D-05   286.40      14.75       5.76    9.094D-03  5.246D-03  2.702D-03
**(rmsgt)**   2  2.433D-06  1.373D-05  5.188D-06  2.063D-05   287.52      15.06       5.95    9.735D-03  5.655D-03  2.797D-03
**(rmsgt)**   1  2.412D-06  1.239D-05  3.809D-06  1.515D-05   287.73      15.40       6.60    1.032D-02  5.983D-03  2.969D-03
**(rmsgt)** AVE  1.102D-06  8.806D-06  9.586D-06  2.518D-05   251.31      10.86       4.72    2.343D-03  2.113D-03  1.371
**(rmsgt)** Log(surface pressure) mean and variance:
**(rmsgt)**  G.M.LNP.= 4.59    ; Z.S.LNP.=0.402D-01; Z.A.LNP.=0.663D-01
**(wridia)** file also contains diagnostics at 00Z of 14/02/2012:
**(globme)**TOTAL PRECIPITATION                      Std.Dev.=   2.9283272; Glob.Mean=   8.1304594    ; in units of Kg M**-2 Day
**-1
**(globme)**CONVECTIVE PRECIPITATION                 Std.Dev.=   2.0412460; Glob.Mean=   7.3574413    ; in units of Kg M**-2 Day
**-1
**(globme)**SENSIBLE HEAT FLUX FROM SURFACE          Std.Dev.=   4.8043851; Glob.Mean=   39.238291    ; in units of W M**-2
**(globme)**LATENT HEAT FLUX FROM SURFACE            Std.Dev.=   77.917279; Glob.Mean=   96.360447    ; in units of W M**-2
**(globme)**OUTGOING LONG WAVE AT TOP                Std.Dev.=   239.75323; Glob.Mean=   47.906376    ; in units of W M**-2
**(globme)**SHORT WAVE ABSORBED AT GROUND            Std.Dev.=   189.10881; Glob.Mean=   272.67965    ; in units of W M**-2
**(globme)**NET LONG WAVE AT BOTTOM                  Std.Dev.=   51.956376; Glob.Mean=   32.579219    ; in units of W M**-2
**(DestroyParallelism)** Process 0 ***MODEL EXECUTION ENDS NORMALY***

MPI Program Information:
========================
Note: It is measured from MPI_Init till MPI_Finalize.
      [U,R] specifies the Universe and the Process Rank in the Universe.

 * The  /gfs/dk22/modoper/tempo/global/oens/model/datain/desirtable file exists*
 SST:  IFSST=-1  MAX,MIN=  290.00     -303.58    

 From Nlnmi :
 n =   1 HnCut =  1000.00 Hn =  9766.75
 n =   2 HnCut =  1000.00 Hn =  4582.61
 n =   3 HnCut =  1000.00 Hn =  1601.91

 mods =   3 niter =   3

Global Data of 2 processes  :          Min [U,R]          Max [U,R]      Average
==========================

Real   Time (sec)           :      402.501 [0,1]      402.523 [0,0]      402.512
User   Time (sec)           :      336.891 [0,0]      357.041 [0,1]      346.966
System Time (sec)           :        8.461 [0,1]       16.545 [0,0]       12.503
Vector Time (sec)           :      284.228 [0,0]      310.989 [0,1]      297.609
Instruction Count           :  32318186528 [0,1]  34905130949 [0,0]  33611658739
Vector Instruction Count    :  10288461454 [0,0]  10754619817 [0,1]  10521540636
Vector Element Count        : 1933383642614 [0,0] 2013934247777 [0,1] 1973658945196
FLOP Count                  : 844355343912 [0,0] 879646718340 [0,1] 862001031126
MOPS                        :     5701.017 [0,1]     5811.972 [0,0]     5756.495
MFLOPS                      :     2463.712 [0,1]     2506.317 [0,0]     2485.015
Average Vector Length       :      187.262 [0,1]      187.918 [0,0]      187.590
Vector Operation Ratio (%)  :       98.743 [0,0]       98.941 [0,1]       98.842
Memory size used (MB)       :      901.338 [0,0]      901.994 [0,1]      901.666
MIPS                        :       90.517 [0,1]      103.610 [0,0]       97.063
Instruction Cache miss (sec):       10.220 [0,0]       10.340 [0,1]       10.280
Operand     Cache miss (sec):        6.276 [0,0]        6.282 [0,1]        6.279
Bank     Conflict Time (sec):        2.443 [0,0]        3.186 [0,1]        2.814


Overall Data:
=============

Real   Time (sec)           :      402.523
User   Time (sec)           :      693.932
System Time (sec)           :       25.006
Vector Time (sec)           :      595.217
GOPS   (rel. to User Time)  :       11.510
GFLOPS (rel. to User Time)  :        4.969
Memory size used (GB)       :        1.761

logout
