stty: : Invalid argument
vt100
resize:  can't open terminal /dev/tty
======================================
Welcome to tupan11: SUPER-UX 14.1 SX-6
Today is Tue Oct 11 16:49:51 GMT 2011
======================================
RODANDO MPI
MPI/SX: command Version 7.2.1 (25. June 2007): Copyright (c) NEC Corporation 1996-2007
MPI/SX: daemon  Version 7.2.4 (21. August 2008): Copyright (c) NEC Corporation 1996-2008

Values of significant variables used by MPI/SX:
-----------------------------------------------

  DISPLAY         = 
  MPICOLLORDER    = OFF
  MPICOMMINF      = NO
  MPIMULTITASKMIX = OFF
  MPIPROGINF      = DETAIL
  MPISUSPEND      = OFF
  MPIVERSION      = ON

Derived and further values:
---------------------------

  Wait method              : Busy waiting
  Global memory            : SX Global Memory

/usr/lib/mpi/mpid: Creating 2 processes of '/gfs/home3/modoper/tempo/global/oens/run/mpisep06R.sh' on local host tupan11
+ exec /gfs/home3/modoper/tempo/global/oens/model/exec/ParModel_MPI 
+ exec /gfs/home3/modoper/tempo/global/oens/model/exec/ParModel_MPI 
MPI/SX: library Version 6.7.18 (20. April 2004): Copyright (c) NEC Corporation 1997-2004
**(CreateParallelism)** Process 0 (tupan11) among 2 processes with 1 threads is alive
 * The  /gfs/dk22/modoper/tempo/global/oens/model/datain/desirtable file exists*
**(DumpOptions)**
**(DumpOptions)** model T126L28 runs from 12Z 11/10/2011 to 00Z 13/10/2011 with initial state from 12Z 11/10/2011
**(DumpOptions)** model executes 216 timesteps of length 600 seconds
**(DumpOptions)** model dynamics configuration is  Eulerian, Gaussian and Quadratic Grid
**(DumpOptions)** input file name is /gfs/dk22/modoper/tempo/global/oens/model/datain/GANL06R2011101112S.unf.T126L28
**(DumpOptions)** output file directory is /gfs/dk22/modoper/tempo/global/oens/model/dataout/T126L28
**(DumpOptions)** model physics configuration:
**(DumpOptions)**    Shortwave Radiation is Lacis & Hansen
**(DumpOptions)**    Longwave Radiation is Harshvardhan
**(DumpOptions)**    Using a single global value for co2 concentration,
**(DumpOptions)**    with constant concentration of 0.3700000E+03 ppvm
**(DumpOptions)**    Using old 4-month zonally averaged climatology
**(DumpOptions)**    Deep Convection is KUO
**(DumpOptions)**    Shallow Convection is Tiedke
**(DumpOptions)**
 SST:  IFSST=-1  MAX,MIN=  290.00     -306.21    
**(opnfct)** writes file GFCT06R20111011122011101112F.icn.T126L28 at simulation time
**(opnfct)** 0 days and 0.0 seconds; contains state of the atmosphere at 12Z of 11/10/2011
**(rmsgt)** State of the atmosphere at 12Z of 11/10/2011:
**(rmsgt)** Layers and average means and variances:
**(rmsgt)** LYR  Z.S. DIV.  Z.A. DIV.  Z.S. VOR.  Z.A. VOR.  G.M. TEM.  Z.S. TEM.  Z.A. TEM.  G.M. S.H.  Z.S. S.H.  Z.A. S.H.
**(rmsgt)**  28  2.102D-06  2.407D-05  1.187D-05  2.942D-05   250.26       7.17       5.89    1.682D-06  4.086D-07  1.668D-07
**(rmsgt)**  27  1.791D-06  1.980D-05  1.594D-05  2.507D-05   228.11       3.81       4.75    1.793D-06  7.155D-07  2.029D-07
**(rmsgt)**  26  1.441D-06  1.831D-05  1.468D-05  2.240D-05   221.61       2.57       5.40    1.825D-06  8.005D-07  2.318D-07
**(rmsgt)**  25  1.491D-06  1.780D-05  1.324D-05  2.147D-05   216.91       3.39       5.21    2.004D-06  9.591D-07  2.970D-07
**(rmsgt)**  24  1.605D-06  1.915D-05  1.331D-05  2.141D-05   213.31       4.30       4.86    2.297D-06  1.200D-06  3.474D-07
**(rmsgt)**  23  1.229D-06  1.807D-05  1.077D-05  2.093D-05   209.81       5.71       4.50    2.721D-06  1.367D-06  4.371D-07
**(rmsgt)**  22  1.169D-06  1.854D-05  8.645D-06  2.206D-05   205.99       7.99       4.44    3.139D-06  1.278D-06  5.063D-07
**(rmsgt)**  21  1.600D-06  2.078D-05  7.974D-06  2.488D-05   204.35       9.51       4.22    3.496D-06  1.171D-06  8.124D-07
**(rmsgt)**  20  1.833D-06  2.233D-05  8.854D-06  2.995D-05   207.61       7.54       3.81    5.904D-06  1.667D-06  1.676D-06
**(rmsgt)**  19  1.748D-06  2.298D-05  1.110D-05  3.703D-05   213.09       4.22       3.87    1.470D-05  5.603D-06  5.139D-06
**(rmsgt)**  18  2.069D-06  2.261D-05  1.199D-05  4.531D-05   219.22       4.21       3.71    3.872D-05  2.281D-05  1.929D-05
**(rmsgt)**  17  1.776D-06  2.179D-05  1.139D-05  5.237D-05   226.36       7.32       2.92    9.555D-05  6.749D-05  6.647D-05
**(rmsgt)**  16  1.643D-06  2.109D-05  1.005D-05  5.390D-05   234.87       9.39       2.98    1.964D-04  1.372D-04  1.765D-04
**(rmsgt)**  15  1.550D-06  1.964D-05  8.670D-06  5.083D-05   243.45      10.25       3.47    3.644D-04  2.422D-04  3.664D-04
**(rmsgt)**  14  1.378D-06  1.900D-05  7.611D-06  4.667D-05   251.29      10.51       3.86    6.423D-04  4.209D-04  6.345D-04
**(rmsgt)**  13  1.328D-06  1.858D-05  6.596D-06  4.182D-05   258.18      10.58       4.14    1.076D-03  7.392D-04  9.675D-04
**(rmsgt)**  12  1.408D-06  1.833D-05  5.758D-06  3.799D-05   264.07      10.64       4.34    1.631D-03  1.118D-03  1.323D-03
**(rmsgt)**  11  1.355D-06  1.832D-05  5.388D-06  3.530D-05   269.03      10.76       4.48    2.313D-03  1.518D-03  1.663D-03
**(rmsgt)**  10  1.398D-06  1.848D-05  5.218D-06  3.423D-05   273.16      10.98       4.57    3.169D-03  2.024D-03  1.897D-03
**(rmsgt)**   9  1.395D-06  1.827D-05  5.050D-06  3.379D-05   276.66      11.20       4.61    4.147D-03  2.509D-03  2.055D-03
**(rmsgt)**   8  1.276D-06  1.762D-05  5.093D-06  3.346D-05   279.51      11.49       4.65    5.153D-03  2.884D-03  2.150D-03
**(rmsgt)**   7  1.550D-06  1.773D-05  5.290D-06  3.364D-05   281.67      11.72       4.70    6.204D-03  3.227D-03  2.194D-03
**(rmsgt)**   6  1.652D-06  1.797D-05  5.438D-06  3.489D-05   283.45      11.95       4.67    7.165D-03  3.630D-03  2.224D-03
**(rmsgt)**   5  2.031D-06  1.901D-05  5.551D-06  3.627D-05   285.14      12.32       4.57    7.988D-03  4.071D-03  2.310D-03
**(rmsgt)**   4  2.112D-06  2.024D-05  5.545D-06  3.657D-05   286.69      12.84       4.50    8.529D-03  4.345D-03  2.386D-03
**(rmsgt)**   3  2.218D-06  2.120D-05  5.307D-06  3.544D-05   288.00      13.45       4.52    8.882D-03  4.498D-03  2.437D-03
**(rmsgt)**   2  2.353D-06  2.150D-05  4.818D-06  3.295D-05   289.16      13.87       4.57    9.133D-03  4.604D-03  2.493D-03
**(rmsgt)**   1  2.197D-06  2.084D-05  4.340D-06  2.997D-05   290.05      14.18       4.65    9.379D-03  4.720D-03  2.548D-03
**(rmsgt)** AVE  1.609D-06  1.963D-05  8.100D-06  3.914D-05   252.16      10.01       4.21    2.421D-03  2.010D-03  1.412
**(rmsgt)** Log(surface pressure) mean and variance:
**(rmsgt)**  G.M.LNP.= 4.59    ; Z.S.LNP.=0.436D-01; Z.A.LNP.=0.659D-01

 From Nlnmi :
 n =   1 HnCut =  1000.00 Hn =  9766.75
 n =   2 HnCut =  1000.00 Hn =  4582.61
 n =   3 HnCut =  1000.00 Hn =  1601.91

 mods =   3 niter =   3

**(opnfct)** writes file GFCT06R20111011122011101112F.inz.T126L28 at simulation time
**(opnfct)** 0 days and 0.0 seconds; contains state of the atmosphere at 12Z of 11/10/2011
**(rmsgt)** State of the atmosphere at 12Z of 11/10/2011:
**(rmsgt)** Layers and average means and variances:
**(rmsgt)** LYR  Z.S. DIV.  Z.A. DIV.  Z.S. VOR.  Z.A. VOR.  G.M. TEM.  Z.S. TEM.  Z.A. TEM.  G.M. S.H.  Z.S. S.H.  Z.A. S.H.
**(rmsgt)**  28  7.845D-07  8.327D-06  1.279D-05  2.926D-05   250.26       7.19       5.96    1.682D-06  4.086D-07  1.668D-07
**(rmsgt)**  27  1.629D-06  1.878D-05  1.618D-05  2.512D-05   228.11       3.77       5.84    1.793D-06  7.155D-07  2.029D-07
**(rmsgt)**  26  1.467D-06  1.799D-05  1.465D-05  2.253D-05   221.61       2.36       5.60    1.825D-06  8.005D-07  2.318D-07
**(rmsgt)**  25  1.513D-06  1.719D-05  1.318D-05  2.157D-05   216.91       3.23       5.28    2.004D-06  9.591D-07  2.970D-07
**(rmsgt)**  24  1.498D-06  1.806D-05  1.326D-05  2.144D-05   213.31       4.23       4.96    2.297D-06  1.200D-06  3.474D-07
**(rmsgt)**  23  1.282D-06  1.746D-05  1.073D-05  2.093D-05   209.81       5.68       4.57    2.721D-06  1.367D-06  4.371D-07
**(rmsgt)**  22  1.194D-06  1.819D-05  8.605D-06  2.206D-05   205.99       7.97       4.57    3.139D-06  1.278D-06  5.063D-07
**(rmsgt)**  21  1.560D-06  2.077D-05  7.937D-06  2.488D-05   204.35       9.49       4.27    3.496D-06  1.171D-06  8.124D-07
**(rmsgt)**  20  1.793D-06  2.218D-05  8.833D-06  2.995D-05   207.61       7.52       3.86    5.904D-06  1.667D-06  1.676D-06
**(rmsgt)**  19  1.756D-06  2.283D-05  1.109D-05  3.703D-05   213.09       4.22       3.87    1.470D-05  5.603D-06  5.139D-06
**(rmsgt)**  18  2.089D-06  2.242D-05  1.199D-05  4.531D-05   219.22       4.24       3.75    3.872D-05  2.281D-05  1.929D-05
**(rmsgt)**  17  1.740D-06  2.153D-05  1.139D-05  5.237D-05   226.36       7.32       2.92    9.555D-05  6.749D-05  6.647D-05
**(rmsgt)**  16  1.607D-06  2.073D-05  1.005D-05  5.390D-05   234.87       9.41       3.13    1.964D-04  1.372D-04  1.765D-04
**(rmsgt)**  15  1.534D-06  1.919D-05  8.667D-06  5.083D-05   243.45      10.25       3.44    3.644D-04  2.422D-04  3.664D-04
**(rmsgt)**  14  1.410D-06  1.849D-05  7.606D-06  4.667D-05   251.29      10.54       4.04    6.423D-04  4.209D-04  6.345D-04
**(rmsgt)**  13  1.289D-06  1.811D-05  6.591D-06  4.182D-05   258.18      10.57       4.09    1.076D-03  7.392D-04  9.675D-04
**(rmsgt)**  12  1.393D-06  1.782D-05  5.752D-06  3.799D-05   264.07      10.66       4.54    1.631D-03  1.118D-03  1.323D-03
**(rmsgt)**  11  1.328D-06  1.785D-05  5.383D-06  3.530D-05   269.03      10.76       4.41    2.313D-03  1.518D-03  1.663D-03
**(rmsgt)**  10  1.375D-06  1.797D-05  5.214D-06  3.423D-05   273.16      11.01       4.76    3.169D-03  2.024D-03  1.897D-03
**(rmsgt)**   9  1.333D-06  1.782D-05  5.047D-06  3.379D-05   276.66      11.19       4.53    4.147D-03  2.509D-03  2.055D-03
**(rmsgt)**   8  1.224D-06  1.733D-05  5.091D-06  3.346D-05   279.51      11.51       4.82    5.153D-03  2.884D-03  2.150D-03
**(rmsgt)**   7  1.540D-06  1.753D-05  5.290D-06  3.364D-05   281.67      11.71       4.62    6.204D-03  3.227D-03  2.194D-03
**(rmsgt)**   6  1.653D-06  1.784D-05  5.440D-06  3.489D-05   283.45      11.97       4.81    7.165D-03  3.630D-03  2.224D-03
**(rmsgt)**   5  2.057D-06  1.899D-05  5.555D-06  3.627D-05   285.14      12.32       4.49    7.988D-03  4.071D-03  2.310D-03
**(rmsgt)**   4  2.118D-06  2.027D-05  5.549D-06  3.658D-05   286.69      12.86       4.64    8.529D-03  4.345D-03  2.386D-03
**(rmsgt)**   3  2.222D-06  2.127D-05  5.312D-06  3.544D-05   288.00      13.44       4.45    8.882D-03  4.498D-03  2.437D-03
**(rmsgt)**   2  2.366D-06  2.160D-05  4.823D-06  3.295D-05   289.16      13.90       4.73    9.133D-03  4.604D-03  2.493D-03
**(rmsgt)**   1  2.207D-06  2.102D-05  4.345D-06  2.997D-05   290.05      14.17       4.57    9.379D-03  4.720D-03  2.548D-03
**(rmsgt)** AVE  1.586D-06  1.922D-05  8.103D-06  3.914D-05   252.16      10.02       4.28    2.421D-03  2.010D-03  1.412
**(rmsgt)** Log(surface pressure) mean and variance:
**(rmsgt)**  G.M.LNP.= 4.59    ; Z.S.LNP.=0.439D-01; Z.A.LNP.=0.668D-01
**(Model)** cold start step 1
**(Model)** cold start step 2
**(Model)** timestep 2 at simulation time 0 days and 600.0 seconds
**(Model)** timestep 3 at simulation time 0 days and 1200.0 seconds
**(Model)** timestep 4 at simulation time 0 days and 1800.0 seconds
**(Model)** timestep 5 at simulation time 0 days and 2400.0 seconds
**(Model)** timestep 6 at simulation time 0 days and 3000.0 seconds
**(Model)** timestep 7 at simulation time 0 days and 3600.0 seconds
**(Model)** timestep 8 at simulation time 0 days and 4200.0 seconds
**(Model)** timestep 9 at simulation time 0 days and 4800.0 seconds
**(Model)** timestep 10 at simulation time 0 days and 5400.0 seconds
**(Model)** timestep 11 at simulation time 0 days and 6000.0 seconds
**(Model)** timestep 12 at simulation time 0 days and 6600.0 seconds
**(Model)** timestep 13 at simulation time 0 days and 7200.0 seconds
**(Model)** timestep 14 at simulation time 0 days and 7800.0 seconds
**(Model)** timestep 15 at simulation time 0 days and 8400.0 seconds
**(Model)** timestep 16 at simulation time 0 days and 9000.0 seconds
**(Model)** timestep 17 at simulation time 0 days and 9600.0 seconds
**(Model)** timestep 18 at simulation time 0 days and 10200.0 seconds
**(opnfct)** writes file GFCT06R20111011122011101115F.fct.T126L28 at simulation time
**(opnfct)** 0 days and 10800.0 seconds; contains state of the atmosphere at 15Z of 11/10/2011
**(rmsgt)** State of the atmosphere at 15Z of 11/10/2011:
**(rmsgt)** Layers and average means and variances:
**(rmsgt)** LYR  Z.S. DIV.  Z.A. DIV.  Z.S. VOR.  Z.A. VOR.  G.M. TEM.  Z.S. TEM.  Z.A. TEM.  G.M. S.H.  Z.S. S.H.  Z.A. S.H.
**(rmsgt)**  28  1.033D-06  5.947D-06  1.204D-05  2.191D-05   250.32       7.25       5.79    1.682D-06  4.076D-07  1.675D-07
**(rmsgt)**  27  2.083D-06  1.611D-05  1.630D-05  2.081D-05   227.88       3.69       5.56    1.793D-06  7.157D-07  2.012D-07
**(rmsgt)**  26  1.902D-06  1.436D-05  1.478D-05  1.759D-05   221.45       2.33       5.70    1.826D-06  8.005D-07  2.268D-07
**(rmsgt)**  25  1.238D-06  1.100D-05  1.316D-05  1.524D-05   216.89       3.06       5.45    2.006D-06  9.583D-07  2.886D-07
**(rmsgt)**  24  1.418D-06  1.191D-05  1.318D-05  1.415D-05   213.38       4.09       5.02    2.300D-06  1.199D-06  3.423D-07
**(rmsgt)**  23  1.512D-06  1.235D-05  1.071D-05  1.398D-05   209.89       5.61       4.66    2.721D-06  1.366D-06  4.294D-07
**(rmsgt)**  22  1.497D-06  1.309D-05  8.637D-06  1.538D-05   206.17       7.91       4.50    3.143D-06  1.277D-06  5.078D-07
**(rmsgt)**  21  1.826D-06  1.509D-05  8.066D-06  1.883D-05   204.53       9.44       4.20    3.566D-06  1.210D-06  9.047D-07
**(rmsgt)**  20  1.961D-06  1.582D-05  8.941D-06  2.409D-05   207.72       7.49       3.90    6.147D-06  1.810D-06  2.354D-06
**(rmsgt)**  19  1.913D-06  1.452D-05  1.101D-05  3.040D-05   213.18       4.18       3.97    1.538D-05  6.111D-06  7.509D-06
**(rmsgt)**  18  2.024D-06  1.347D-05  1.194D-05  3.792D-05   219.27       4.21       3.88    3.993D-05  2.324D-05  2.259D-05
**(rmsgt)**  17  1.526D-06  1.190D-05  1.131D-05  4.299D-05   226.36       7.30       3.13    9.858D-05  6.714D-05  6.790D-05
**(rmsgt)**  16  1.160D-06  1.043D-05  9.888D-06  4.310D-05   234.84       9.43       3.39    2.012D-04  1.356D-04  1.714D-04
**(rmsgt)**  15  9.677D-07  9.653D-06  8.265D-06  3.972D-05   243.39      10.30       3.74    3.697D-04  2.365D-04  3.464D-04
**(rmsgt)**  14  7.838D-07  8.233D-06  7.114D-06  3.523D-05   251.23      10.61       4.26    6.440D-04  4.055D-04  5.895D-04
**(rmsgt)**  13  9.949D-07  8.423D-06  6.119D-06  3.082D-05   258.10      10.64       4.30    1.072D-03  7.138D-04  8.990D-04
**(rmsgt)**  12  8.906D-07  7.885D-06  5.417D-06  2.739D-05   264.03      10.73       4.64    1.620D-03  1.086D-03  1.242D-03
**(rmsgt)**  11  9.333D-07  8.191D-06  5.085D-06  2.498D-05   268.95      10.79       4.55    2.295D-03  1.480D-03  1.572D-03
**(rmsgt)**  10  9.240D-07  8.133D-06  4.837D-06  2.366D-05   273.08      11.03       4.72    3.145D-03  1.988D-03  1.791D-03
**(rmsgt)**   9  9.227D-07  8.120D-06  4.641D-06  2.277D-05   276.49      11.16       4.62    4.132D-03  2.483D-03  1.935D-03
**(rmsgt)**   8  8.782D-07  8.039D-06  4.656D-06  2.230D-05   279.28      11.46       4.72    5.147D-03  2.875D-03  2.015D-03
**(rmsgt)**   7  1.018D-06  8.190D-06  4.934D-06  2.244D-05   281.46      11.70       4.63    6.180D-03  3.226D-03  2.047D-03
**(rmsgt)**   6  1.138D-06  8.862D-06  5.248D-06  2.342D-05   283.37      12.05       4.61    7.149D-03  3.630D-03  2.110D-03
**(rmsgt)**   5  1.479D-06  1.007D-05  5.551D-06  2.480D-05   285.15      12.48       4.43    7.938D-03  3.982D-03  2.228D-03
**(rmsgt)**   4  1.778D-06  1.140D-05  5.726D-06  2.556D-05   286.76      12.95       4.42    8.618D-03  4.334D-03  2.330D-03
**(rmsgt)**   3  2.054D-06  1.268D-05  5.613D-06  2.479D-05   288.20      13.50       4.46    9.159D-03  4.620D-03  2.429D-03
**(rmsgt)**   2  2.410D-06  1.369D-05  4.917D-06  2.158D-05   289.46      13.99       4.57    9.519D-03  4.769D-03  2.500D-03
**(rmsgt)**   1  2.372D-06  1.326D-05  3.527D-06  1.608D-05   290.18      14.38       4.78    9.874D-03  4.913D-03  2.606D-03
**(rmsgt)** AVE  1.346D-06  1.056D-05  7.922D-06  2.941D-05   252.13      10.05       4.34    2.433D-03  2.012D-03  1.347
**(rmsgt)** Log(surface pressure) mean and variance:
**(rmsgt)**  G.M.LNP.= 4.59    ; Z.S.LNP.=0.440D-01; Z.A.LNP.=0.662D-01
**(wridia)** file also contains diagnostics at 15Z of 11/10/2011:
**(globme)**TOTAL PRECIPITATION                      Std.Dev.=   3.5099057; Glob.Mean=   8.9637420    ; in units of Kg M**-2 Day
**-1
**(globme)**CONVECTIVE PRECIPITATION                 Std.Dev.=   3.0444023; Glob.Mean=   8.6372666    ; in units of Kg M**-2 Day
**-1
**(globme)**SENSIBLE HEAT FLUX FROM SURFACE          Std.Dev.=   26.616651; Glob.Mean=   71.262337    ; in units of W M**-2
**(globme)**LATENT HEAT FLUX FROM SURFACE            Std.Dev.=   128.33582; Glob.Mean=   129.89274    ; in units of W M**-2
**(globme)**OUTGOING LONG WAVE AT TOP                Std.Dev.=   265.59145; Glob.Mean=   33.268559    ; in units of W M**-2
**(globme)**SHORT WAVE ABSORBED AT GROUND            Std.Dev.=   188.89901; Glob.Mean=   264.48583    ; in units of W M**-2
**(globme)**NET LONG WAVE AT BOTTOM                  Std.Dev.=   59.308169; Glob.Mean=   36.983688    ; in units of W M**-2
**(Model)** timestep 19 at simulation time 0 days and 10800.0 seconds
**(Model)** timestep 20 at simulation time 0 days and 11400.0 seconds
**(Model)** timestep 21 at simulation time 0 days and 12000.0 seconds
**(Model)** timestep 22 at simulation time 0 days and 12600.0 seconds
**(Model)** timestep 23 at simulation time 0 days and 13200.0 seconds
**(Model)** timestep 24 at simulation time 0 days and 13800.0 seconds
**(Model)** timestep 25 at simulation time 0 days and 14400.0 seconds
**(Model)** timestep 26 at simulation time 0 days and 15000.0 seconds
**(Model)** timestep 27 at simulation time 0 days and 15600.0 seconds
**(Model)** timestep 28 at simulation time 0 days and 16200.0 seconds
**(Model)** timestep 29 at simulation time 0 days and 16800.0 seconds
**(Model)** timestep 30 at simulation time 0 days and 17400.0 seconds
**(Model)** timestep 31 at simulation time 0 days and 18000.0 seconds
**(Model)** timestep 32 at simulation time 0 days and 18600.0 seconds
**(Model)** timestep 33 at simulation time 0 days and 19200.0 seconds
**(Model)** timestep 34 at simulation time 0 days and 19800.0 seconds
**(Model)** timestep 35 at simulation time 0 days and 20400.0 seconds
**(Model)** timestep 36 at simulation time 0 days and 21000.0 seconds
**(opnfct)** writes file GFCT06R20111011122011101118F.fct.T126L28 at simulation time
**(opnfct)** 0 days and 21600.0 seconds; contains state of the atmosphere at 18Z of 11/10/2011
**(rmsgt)** State of the atmosphere at 18Z of 11/10/2011:
**(rmsgt)** Layers and average means and variances:
**(rmsgt)** LYR  Z.S. DIV.  Z.A. DIV.  Z.S. VOR.  Z.A. VOR.  G.M. TEM.  Z.S. TEM.  Z.A. TEM.  G.M. S.H.  Z.S. S.H.  Z.A. S.H.
**(rmsgt)**  28  1.067D-06  6.792D-06  1.194D-05  2.205D-05   250.31       7.29       5.67    1.683D-06  4.063D-07  1.686D-07
**(rmsgt)**  27  2.743D-06  1.890D-05  1.560D-05  2.096D-05   227.80       3.76       5.88    1.792D-06  7.161D-07  2.018D-07
**(rmsgt)**  26  1.699D-06  1.550D-05  1.472D-05  1.784D-05   221.38       2.41       5.83    1.828D-06  8.009D-07  2.254D-07
**(rmsgt)**  25  1.496D-06  1.285D-05  1.319D-05  1.528D-05   216.88       3.07       5.59    2.009D-06  9.586D-07  2.866D-07
**(rmsgt)**  24  1.410D-06  1.158D-05  1.324D-05  1.386D-05   213.42       4.04       5.13    2.303D-06  1.200D-06  3.405D-07
**(rmsgt)**  23  1.633D-06  1.116D-05  1.075D-05  1.391D-05   209.90       5.61       4.77    2.724D-06  1.364D-06  4.308D-07
**(rmsgt)**  22  1.620D-06  1.040D-05  8.569D-06  1.543D-05   206.18       7.96       4.56    3.153D-06  1.275D-06  5.535D-07
**(rmsgt)**  21  1.860D-06  1.244D-05  7.989D-06  1.863D-05   204.65       9.41       4.18    3.644D-06  1.268D-06  1.097D-06
**(rmsgt)**  20  1.555D-06  1.254D-05  8.896D-06  2.349D-05   207.81       7.47       3.87    6.317D-06  1.933D-06  2.888D-06
**(rmsgt)**  19  1.784D-06  1.189D-05  1.094D-05  2.940D-05   213.21       4.17       4.01    1.565D-05  6.098D-06  8.689D-06
**(rmsgt)**  18  1.891D-06  1.141D-05  1.188D-05  3.614D-05   219.27       4.21       3.91    4.053D-05  2.287D-05  2.466D-05
**(rmsgt)**  17  1.295D-06  1.028D-05  1.128D-05  4.070D-05   226.32       7.29       3.24    1.001D-04  6.624D-05  6.927D-05
**(rmsgt)**  16  1.068D-06  9.393D-06  9.947D-06  4.088D-05   234.81       9.42       3.49    2.044D-04  1.341D-04  1.688D-04
**(rmsgt)**  15  1.075D-06  8.563D-06  8.323D-06  3.760D-05   243.33      10.31       3.87    3.731D-04  2.313D-04  3.366D-04
**(rmsgt)**  14  8.041D-07  7.323D-06  7.125D-06  3.310D-05   251.18      10.64       4.33    6.451D-04  3.933D-04  5.716D-04
**(rmsgt)**  13  8.314D-07  6.969D-06  6.064D-06  2.892D-05   258.06      10.70       4.40    1.069D-03  6.966D-04  8.695D-04
**(rmsgt)**  12  8.488D-07  6.682D-06  5.312D-06  2.563D-05   264.03      10.80       4.66    1.610D-03  1.065D-03  1.209D-03
**(rmsgt)**  11  7.935D-07  6.906D-06  4.978D-06  2.338D-05   268.91      10.83       4.59    2.275D-03  1.451D-03  1.539D-03
**(rmsgt)**  10  8.267D-07  6.936D-06  4.710D-06  2.197D-05   273.01      11.07       4.72    3.119D-03  1.959D-03  1.769D-03
**(rmsgt)**   9  9.422D-07  7.097D-06  4.611D-06  2.096D-05   276.37      11.15       4.65    4.119D-03  2.460D-03  1.909D-03
**(rmsgt)**   8  9.322D-07  7.348D-06  4.691D-06  2.039D-05   279.16      11.46       4.71    5.146D-03  2.865D-03  1.994D-03
**(rmsgt)**   7  1.068D-06  7.842D-06  4.974D-06  2.032D-05   281.45      11.76       4.58    6.161D-03  3.208D-03  2.039D-03
**(rmsgt)**   6  1.156D-06  8.826D-06  5.326D-06  2.107D-05   283.44      12.14       4.56    7.132D-03  3.586D-03  2.107D-03
**(rmsgt)**   5  1.487D-06  1.028D-05  5.673D-06  2.225D-05   285.25      12.56       4.40    7.942D-03  3.928D-03  2.244D-03
**(rmsgt)**   4  1.855D-06  1.182D-05  5.892D-06  2.326D-05   286.88      13.00       4.39    8.717D-03  4.350D-03  2.387D-03
**(rmsgt)**   3  2.079D-06  1.314D-05  5.832D-06  2.308D-05   288.25      13.54       4.49    9.346D-03  4.723D-03  2.487D-03
**(rmsgt)**   2  2.367D-06  1.385D-05  5.107D-06  2.033D-05   289.51      13.98       4.58    9.757D-03  4.915D-03  2.559D-03
**(rmsgt)**   1  2.346D-06  1.350D-05  3.631D-06  1.523D-05   290.09      14.31       4.90    1.016D-02  5.095D-03  2.677D-03
**(rmsgt)** AVE  1.306D-06  9.490D-06  7.904D-06  2.771D-05   252.12      10.07       4.39    2.441D-03  2.014D-03  1.343
**(rmsgt)** Log(surface pressure) mean and variance:
**(rmsgt)**  G.M.LNP.= 4.59    ; Z.S.LNP.=0.441D-01; Z.A.LNP.=0.661D-01
**(wridia)** file also contains diagnostics at 18Z of 11/10/2011:
**(globme)**TOTAL PRECIPITATION                      Std.Dev.=   3.2950873; Glob.Mean=   8.0949970    ; in units of Kg M**-2 Day
**-1
**(globme)**CONVECTIVE PRECIPITATION                 Std.Dev.=   2.7834313; Glob.Mean=   7.9055084    ; in units of Kg M**-2 Day
**-1
**(globme)**SENSIBLE HEAT FLUX FROM SURFACE          Std.Dev.=   19.999140; Glob.Mean=   68.936228    ; in units of W M**-2
**(globme)**LATENT HEAT FLUX FROM SURFACE            Std.Dev.=   112.55000; Glob.Mean=   115.53316    ; in units of W M**-2
**(globme)**OUTGOING LONG WAVE AT TOP                Std.Dev.=   245.09880; Glob.Mean=   49.282599    ; in units of W M**-2
**(globme)**SHORT WAVE ABSORBED AT GROUND            Std.Dev.=   173.13556; Glob.Mean=   240.45457    ; in units of W M**-2
**(globme)**NET LONG WAVE AT BOTTOM                  Std.Dev.=   54.600881; Glob.Mean=   41.431902    ; in units of W M**-2
**(Model)** timestep 37 at simulation time 0 days and 21600.0 seconds
**(Model)** timestep 38 at simulation time 0 days and 22200.0 seconds
**(Model)** timestep 39 at simulation time 0 days and 22800.0 seconds
**(Model)** timestep 40 at simulation time 0 days and 23400.0 seconds
**(Model)** timestep 41 at simulation time 0 days and 24000.0 seconds
**(Model)** timestep 42 at simulation time 0 days and 24600.0 seconds
**(Model)** timestep 43 at simulation time 0 days and 25200.0 seconds
**(Model)** timestep 44 at simulation time 0 days and 25800.0 seconds
**(Model)** timestep 45 at simulation time 0 days and 26400.0 seconds
**(Model)** timestep 46 at simulation time 0 days and 27000.0 seconds
**(Model)** timestep 47 at simulation time 0 days and 27600.0 seconds
**(Model)** timestep 48 at simulation time 0 days and 28200.0 seconds
**(Model)** timestep 49 at simulation time 0 days and 28800.0 seconds
**(Model)** timestep 50 at simulation time 0 days and 29400.0 seconds
**(Model)** timestep 51 at simulation time 0 days and 30000.0 seconds
**(Model)** timestep 52 at simulation time 0 days and 30600.0 seconds
**(Model)** timestep 53 at simulation time 0 days and 31200.0 seconds
**(Model)** timestep 54 at simulation time 0 days and 31800.0 seconds
**(opnfct)** writes file GFCT06R20111011122011101121F.fct.T126L28 at simulation time
**(opnfct)** 0 days and 32400.0 seconds; contains state of the atmosphere at 21Z of 11/10/2011
**(rmsgt)** State of the atmosphere at 21Z of 11/10/2011:
**(rmsgt)** Layers and average means and variances:
**(rmsgt)** LYR  Z.S. DIV.  Z.A. DIV.  Z.S. VOR.  Z.A. VOR.  G.M. TEM.  Z.S. TEM.  Z.A. TEM.  G.M. S.H.  Z.S. S.H.  Z.A. S.H.
**(rmsgt)**  28  1.073D-06  6.334D-06  1.148D-05  2.234D-05   250.31       7.31       5.46    1.684D-06  4.057D-07  1.691D-07
**(rmsgt)**  27  2.877D-06  1.849D-05  1.535D-05  2.157D-05   227.66       3.84       6.23    1.793D-06  7.155D-07  2.045D-07
**(rmsgt)**  26  2.136D-06  1.463D-05  1.455D-05  1.870D-05   221.39       2.39       5.98    1.831D-06  7.986D-07  2.248D-07
**(rmsgt)**  25  1.609D-06  1.287D-05  1.302D-05  1.542D-05   216.89       2.99       5.67    2.012D-06  9.575D-07  2.855D-07
**(rmsgt)**  24  1.361D-06  1.129D-05  1.313D-05  1.397D-05   213.46       3.98       5.15    2.305D-06  1.200D-06  3.411D-07
**(rmsgt)**  23  1.486D-06  1.025D-05  1.086D-05  1.349D-05   209.92       5.61       4.78    2.725D-06  1.360D-06  4.349D-07
**(rmsgt)**  22  1.457D-06  1.004D-05  8.716D-06  1.523D-05   206.18       8.00       4.57    3.158D-06  1.269D-06  5.889D-07
**(rmsgt)**  21  1.143D-06  1.156D-05  8.122D-06  1.841D-05   204.70       9.37       4.21    3.708D-06  1.309D-06  1.215D-06
**(rmsgt)**  20  1.269D-06  1.215D-05  8.929D-06  2.326D-05   207.85       7.42       3.87    6.487D-06  2.055D-06  3.223D-06
**(rmsgt)**  19  1.536D-06  1.130D-05  1.100D-05  2.889D-05   213.21       4.12       3.99    1.598D-05  6.193D-06  9.397D-06
**(rmsgt)**  18  1.616D-06  1.076D-05  1.185D-05  3.508D-05   219.25       4.20       3.88    4.129D-05  2.274D-05  2.645D-05
**(rmsgt)**  17  1.249D-06  9.599D-06  1.130D-05  3.937D-05   226.29       7.28       3.23    1.016D-04  6.531D-05  7.033D-05
**(rmsgt)**  16  1.235D-06  9.115D-06  1.003D-05  3.964D-05   234.80       9.40       3.47    2.069D-04  1.313D-04  1.669D-04
**(rmsgt)**  15  1.035D-06  8.399D-06  8.455D-06  3.626D-05   243.29      10.29       3.86    3.764D-04  2.253D-04  3.265D-04
**(rmsgt)**  14  7.952D-07  7.280D-06  7.224D-06  3.166D-05   251.15      10.64       4.32    6.482D-04  3.834D-04  5.586D-04
**(rmsgt)**  13  7.869D-07  6.563D-06  6.074D-06  2.766D-05   258.04      10.72       4.41    1.069D-03  6.834D-04  8.503D-04
**(rmsgt)**  12  8.644D-07  6.301D-06  5.289D-06  2.458D-05   264.02      10.83       4.65    1.606D-03  1.049D-03  1.186D-03
**(rmsgt)**  11  7.896D-07  6.314D-06  4.898D-06  2.240D-05   268.85      10.82       4.59    2.264D-03  1.429D-03  1.524D-03
**(rmsgt)**  10  7.895D-07  6.654D-06  4.622D-06  2.095D-05   272.92      11.07       4.72    3.096D-03  1.933D-03  1.767D-03
**(rmsgt)**   9  7.934D-07  6.779D-06  4.535D-06  1.993D-05   276.29      11.15       4.66    4.104D-03  2.439D-03  1.912D-03
**(rmsgt)**   8  8.061D-07  7.147D-06  4.666D-06  1.945D-05   279.07      11.45       4.71    5.140D-03  2.847D-03  1.995D-03
**(rmsgt)**   7  8.315D-07  7.707D-06  4.979D-06  1.944D-05   281.43      11.80       4.55    6.141D-03  3.185D-03  2.048D-03
**(rmsgt)**   6  9.849D-07  8.673D-06  5.312D-06  2.018D-05   283.49      12.18       4.53    7.122D-03  3.554D-03  2.131D-03
**(rmsgt)**   5  1.329D-06  9.907D-06  5.591D-06  2.132D-05   285.27      12.61       4.42    7.968D-03  3.916D-03  2.273D-03
**(rmsgt)**   4  1.719D-06  1.147D-05  5.756D-06  2.241D-05   286.91      13.01       4.40    8.744D-03  4.351D-03  2.420D-03
**(rmsgt)**   3  1.974D-06  1.260D-05  5.778D-06  2.247D-05   288.27      13.47       4.49    9.427D-03  4.780D-03  2.528D-03
**(rmsgt)**   2  2.349D-06  1.314D-05  5.134D-06  1.986D-05   289.47      13.87       4.59    9.906D-03  5.031D-03  2.589D-03
**(rmsgt)**   1  2.414D-06  1.290D-05  3.704D-06  1.487D-05   289.82      14.13       5.05    1.036D-02  5.251D-03  2.710D-03
**(rmsgt)** AVE  1.210D-06  9.093D-06  7.906D-06  2.676D-05   252.09      10.07       4.39    2.444D-03  2.015D-03  1.347
**(rmsgt)** Log(surface pressure) mean and variance:
**(rmsgt)**  G.M.LNP.= 4.59    ; Z.S.LNP.=0.443D-01; Z.A.LNP.=0.661D-01
**(wridia)** file also contains diagnostics at 21Z of 11/10/2011:
**(globme)**TOTAL PRECIPITATION                      Std.Dev.=   3.2593925; Glob.Mean=   8.3887246    ; in units of Kg M**-2 Day
**-1
**(globme)**CONVECTIVE PRECIPITATION                 Std.Dev.=   2.6755408; Glob.Mean=   8.2061229    ; in units of Kg M**-2 Day
**-1
**(globme)**SENSIBLE HEAT FLUX FROM SURFACE          Std.Dev.=   13.192911; Glob.Mean=   55.426572    ; in units of W M**-2
**(globme)**LATENT HEAT FLUX FROM SURFACE            Std.Dev.=   101.55252; Glob.Mean=   106.67601    ; in units of W M**-2
**(globme)**OUTGOING LONG WAVE AT TOP                Std.Dev.=   243.81189; Glob.Mean=   48.584506    ; in units of W M**-2
**(globme)**SHORT WAVE ABSORBED AT GROUND            Std.Dev.=   177.37011; Glob.Mean=   255.33003    ; in units of W M**-2
**(globme)**NET LONG WAVE AT BOTTOM                  Std.Dev.=   52.309877; Glob.Mean=   35.858888    ; in units of W M**-2
**(Model)** timestep 55 at simulation time 0 days and 32400.0 seconds
**(Model)** timestep 56 at simulation time 0 days and 33000.0 seconds
**(Model)** timestep 57 at simulation time 0 days and 33600.0 seconds
**(Model)** timestep 58 at simulation time 0 days and 34200.0 seconds
**(Model)** timestep 59 at simulation time 0 days and 34800.0 seconds
**(Model)** timestep 60 at simulation time 0 days and 35400.0 seconds
**(Model)** timestep 61 at simulation time 0 days and 36000.0 seconds
**(Model)** timestep 62 at simulation time 0 days and 36600.0 seconds
**(Model)** timestep 63 at simulation time 0 days and 37200.0 seconds
**(Model)** timestep 64 at simulation time 0 days and 37800.0 seconds
**(Model)** timestep 65 at simulation time 0 days and 38400.0 seconds
**(Model)** timestep 66 at simulation time 0 days and 39000.0 seconds
**(Model)** timestep 67 at simulation time 0 days and 39600.0 seconds
**(Model)** timestep 68 at simulation time 0 days and 40200.0 seconds
**(Model)** timestep 69 at simulation time 0 days and 40800.0 seconds
**(Model)** timestep 70 at simulation time 0 days and 41400.0 seconds
**(Model)** timestep 71 at simulation time 0 days and 42000.0 seconds
**(Model)** timestep 72 at simulation time 0 days and 42600.0 seconds
**(opnfct)** writes file GFCT06R20111011122011101200F.fct.T126L28 at simulation time
**(opnfct)** 0 days and 43200.0 seconds; contains state of the atmosphere at 00Z of 12/10/2011
**(rmsgt)** State of the atmosphere at 00Z of 12/10/2011:
**(rmsgt)** Layers and average means and variances:
**(rmsgt)** LYR  Z.S. DIV.  Z.A. DIV.  Z.S. VOR.  Z.A. VOR.  G.M. TEM.  Z.S. TEM.  Z.A. TEM.  G.M. S.H.  Z.S. S.H.  Z.A. S.H.
**(rmsgt)**  28  1.048D-06  5.860D-06  1.097D-05  2.259D-05   250.31       7.25       5.31    1.685D-06  4.054D-07  1.702D-07
**(rmsgt)**  27  2.639D-06  1.826D-05  1.528D-05  2.153D-05   227.55       3.96       6.53    1.794D-06  7.152D-07  2.050D-07
**(rmsgt)**  26  2.195D-06  1.422D-05  1.447D-05  1.921D-05   221.36       2.37       6.14    1.833D-06  7.968D-07  2.241D-07
**(rmsgt)**  25  1.588D-06  1.231D-05  1.287D-05  1.579D-05   216.91       2.82       5.79    2.014D-06  9.557D-07  2.854D-07
**(rmsgt)**  24  1.799D-06  1.126D-05  1.288D-05  1.407D-05   213.51       3.87       5.20    2.307D-06  1.199D-06  3.449D-07
**(rmsgt)**  23  1.100D-06  1.026D-05  1.085D-05  1.311D-05   209.97       5.56       4.80    2.725D-06  1.358D-06  4.426D-07
**(rmsgt)**  22  1.316D-06  9.588D-06  8.850D-06  1.494D-05   206.18       8.00       4.56    3.163D-06  1.266D-06  6.209D-07
**(rmsgt)**  21  1.059D-06  1.092D-05  8.296D-06  1.826D-05   204.73       9.32       4.24    3.759D-06  1.349D-06  1.378D-06
**(rmsgt)**  20  1.465D-06  1.227D-05  9.065D-06  2.311D-05   207.86       7.36       3.90    6.663D-06  2.168D-06  3.585D-06
**(rmsgt)**  19  1.480D-06  1.092D-05  1.107D-05  2.862D-05   213.21       4.05       3.98    1.645D-05  6.416D-06  1.038D-05
**(rmsgt)**  18  1.404D-06  1.037D-05  1.189D-05  3.457D-05   219.24       4.17       3.84    4.248D-05  2.290D-05  2.884D-05
**(rmsgt)**  17  1.395D-06  9.451D-06  1.136D-05  3.850D-05   226.27       7.26       3.19    1.040D-04  6.495D-05  7.365D-05
**(rmsgt)**  16  1.145D-06  8.710D-06  1.006D-05  3.877D-05   234.77       9.37       3.41    2.116D-04  1.295D-04  1.711D-04
**(rmsgt)**  15  1.015D-06  8.117D-06  8.586D-06  3.531D-05   243.24      10.28       3.84    3.817D-04  2.202D-04  3.279D-04
**(rmsgt)**  14  7.992D-07  7.194D-06  7.236D-06  3.084D-05   251.11      10.65       4.31    6.534D-04  3.738D-04  5.605D-04
**(rmsgt)**  13  7.808D-07  6.568D-06  6.029D-06  2.677D-05   258.00      10.75       4.41    1.072D-03  6.688D-04  8.520D-04
**(rmsgt)**  12  7.953D-07  6.352D-06  5.220D-06  2.379D-05   264.00      10.86       4.64    1.606D-03  1.030D-03  1.183D-03
**(rmsgt)**  11  8.329D-07  6.229D-06  4.842D-06  2.160D-05   268.78      10.82       4.59    2.255D-03  1.405D-03  1.529D-03
**(rmsgt)**  10  7.140D-07  6.574D-06  4.572D-06  2.016D-05   272.82      11.06       4.71    3.073D-03  1.907D-03  1.782D-03
**(rmsgt)**   9  6.461D-07  6.741D-06  4.463D-06  1.916D-05   276.21      11.14       4.66    4.085D-03  2.414D-03  1.936D-03
**(rmsgt)**   8  6.997D-07  7.078D-06  4.643D-06  1.877D-05   278.99      11.45       4.71    5.127D-03  2.826D-03  2.017D-03
**(rmsgt)**   7  7.981D-07  7.565D-06  4.980D-06  1.897D-05   281.39      11.82       4.55    6.117D-03  3.161D-03  2.071D-03
**(rmsgt)**   6  1.010D-06  8.386D-06  5.376D-06  1.989D-05   283.47      12.19       4.53    7.105D-03  3.534D-03  2.157D-03
**(rmsgt)**   5  1.293D-06  9.389D-06  5.689D-06  2.115D-05   285.25      12.59       4.43    7.972D-03  3.918D-03  2.304D-03
**(rmsgt)**   4  1.695D-06  1.067D-05  5.927D-06  2.232D-05   286.87      12.97       4.42    8.749D-03  4.355D-03  2.454D-03
**(rmsgt)**   3  2.103D-06  1.175D-05  5.992D-06  2.234D-05   288.16      13.37       4.51    9.481D-03  4.828D-03  2.557D-03
**(rmsgt)**   2  2.527D-06  1.212D-05  5.336D-06  1.956D-05   289.34      13.74       4.60    1.002D-02  5.124D-03  2.602D-03
**(rmsgt)**   1  2.501D-06  1.174D-05  3.759D-06  1.438D-05   289.60      13.99       5.13    1.052D-02  5.367D-03  2.730D-03
**(rmsgt)** AVE  1.194D-06  8.830D-06  7.926D-06  2.616D-05   252.05      10.06       4.39    2.445D-03  2.014D-03  1.360
**(rmsgt)** Log(surface pressure) mean and variance:
**(rmsgt)**  G.M.LNP.= 4.59    ; Z.S.LNP.=0.444D-01; Z.A.LNP.=0.660D-01
**(wridia)** file also contains diagnostics at 00Z of 12/10/2011:
**(globme)**TOTAL PRECIPITATION                      Std.Dev.=   3.1127099; Glob.Mean=   8.1268558    ; in units of Kg M**-2 Day
**-1
**(globme)**CONVECTIVE PRECIPITATION                 Std.Dev.=   2.4588731; Glob.Mean=   7.8889816    ; in units of Kg M**-2 Day
**-1
**(globme)**SENSIBLE HEAT FLUX FROM SURFACE          Std.Dev.=   6.3597205; Glob.Mean=   34.383070    ; in units of W M**-2
**(globme)**LATENT HEAT FLUX FROM SURFACE            Std.Dev.=   91.894176; Glob.Mean=   100.41419    ; in units of W M**-2
**(globme)**OUTGOING LONG WAVE AT TOP                Std.Dev.=   243.40320; Glob.Mean=   47.853615    ; in units of W M**-2
**(globme)**SHORT WAVE ABSORBED AT GROUND            Std.Dev.=   182.02212; Glob.Mean=   262.84120    ; in units of W M**-2
**(globme)**NET LONG WAVE AT BOTTOM                  Std.Dev.=   50.595888; Glob.Mean=   33.082537    ; in units of W M**-2
**(Model)** timestep 73 at simulation time 0 days and 43200.0 seconds
**(Model)** timestep 74 at simulation time 0 days and 43800.0 seconds
**(Model)** timestep 75 at simulation time 0 days and 44400.0 seconds
**(Model)** timestep 76 at simulation time 0 days and 45000.0 seconds
**(Model)** timestep 77 at simulation time 0 days and 45600.0 seconds
**(Model)** timestep 78 at simulation time 0 days and 46200.0 seconds
**(Model)** timestep 79 at simulation time 0 days and 46800.0 seconds
**(Model)** timestep 80 at simulation time 0 days and 47400.0 seconds
**(Model)** timestep 81 at simulation time 0 days and 48000.0 seconds
**(Model)** timestep 82 at simulation time 0 days and 48600.0 seconds
**(Model)** timestep 83 at simulation time 0 days and 49200.0 seconds
**(Model)** timestep 84 at simulation time 0 days and 49800.0 seconds
**(Model)** timestep 85 at simulation time 0 days and 50400.0 seconds
**(Model)** timestep 86 at simulation time 0 days and 51000.0 seconds
**(Model)** timestep 87 at simulation time 0 days and 51600.0 seconds
**(Model)** timestep 88 at simulation time 0 days and 52200.0 seconds
**(Model)** timestep 89 at simulation time 0 days and 52800.0 seconds
**(Model)** timestep 90 at simulation time 0 days and 53400.0 seconds
**(opnfct)** writes file GFCT06R20111011122011101203F.fct.T126L28 at simulation time
**(opnfct)** 0 days and 54000.0 seconds; contains state of the atmosphere at 03Z of 12/10/2011
**(rmsgt)** State of the atmosphere at 03Z of 12/10/2011:
**(rmsgt)** Layers and average means and variances:
**(rmsgt)** LYR  Z.S. DIV.  Z.A. DIV.  Z.S. VOR.  Z.A. VOR.  G.M. TEM.  Z.S. TEM.  Z.A. TEM.  G.M. S.H.  Z.S. S.H.  Z.A. S.H.
**(rmsgt)**  28  8.610D-07  5.575D-06  1.056D-05  2.284D-05   250.32       7.15       5.27    1.685D-06  4.048D-07  1.720D-07
**(rmsgt)**  27  2.384D-06  1.710D-05  1.520D-05  2.204D-05   227.44       4.08       6.72    1.794D-06  7.147D-07  2.046D-07
**(rmsgt)**  26  1.949D-06  1.372D-05  1.438D-05  1.910D-05   221.32       2.30       6.27    1.833D-06  7.956D-07  2.244D-07
**(rmsgt)**  25  1.791D-06  1.233D-05  1.289D-05  1.613D-05   216.91       2.61       5.98    2.015D-06  9.529D-07  2.868D-07
**(rmsgt)**  24  1.473D-06  1.060D-05  1.266D-05  1.431D-05   213.56       3.72       5.37    2.310D-06  1.198D-06  3.445D-07
**(rmsgt)**  23  1.336D-06  1.022D-05  1.063D-05  1.337D-05   210.04       5.47       4.94    2.726D-06  1.356D-06  4.511D-07
**(rmsgt)**  22  1.042D-06  9.416D-06  8.712D-06  1.485D-05   206.20       7.96       4.59    3.167D-06  1.262D-06  6.448D-07
**(rmsgt)**  21  1.246D-06  1.106D-05  8.225D-06  1.840D-05   204.75       9.28       4.24    3.812D-06  1.386D-06  1.511D-06
**(rmsgt)**  20  1.871D-06  1.206D-05  9.073D-06  2.304D-05   207.88       7.32       3.85    6.795D-06  2.287D-06  3.889D-06
**(rmsgt)**  19  1.679D-06  1.098D-05  1.108D-05  2.830D-05   213.22       4.04       3.93    1.687D-05  6.698D-06  1.116D-05
**(rmsgt)**  18  1.312D-06  1.009D-05  1.193D-05  3.425D-05   219.24       4.18       3.78    4.358D-05  2.319D-05  3.114D-05
**(rmsgt)**  17  1.349D-06  9.034D-06  1.146D-05  3.808D-05   226.25       7.26       3.15    1.063D-04  6.479D-05  7.832D-05
**(rmsgt)**  16  1.019D-06  8.214D-06  1.013D-05  3.794D-05   234.75       9.36       3.40    2.156D-04  1.281D-04  1.766D-04
**(rmsgt)**  15  9.756D-07  7.711D-06  8.618D-06  3.459D-05   243.20      10.29       3.84    3.858D-04  2.149D-04  3.327D-04
**(rmsgt)**  14  7.994D-07  7.043D-06  7.157D-06  3.026D-05   251.07      10.68       4.30    6.566D-04  3.625D-04  5.642D-04
**(rmsgt)**  13  7.161D-07  6.469D-06  5.908D-06  2.619D-05   257.96      10.79       4.41    1.072D-03  6.498D-04  8.548D-04
**(rmsgt)**  12  6.875D-07  6.414D-06  5.144D-06  2.322D-05   263.97      10.90       4.64    1.602D-03  1.006D-03  1.184D-03
**(rmsgt)**  11  7.615D-07  6.391D-06  4.784D-06  2.104D-05   268.71      10.83       4.58    2.245D-03  1.377D-03  1.529D-03
**(rmsgt)**  10  7.054D-07  6.569D-06  4.550D-06  1.956D-05   272.71      11.06       4.70    3.055D-03  1.876D-03  1.795D-03
**(rmsgt)**   9  7.156D-07  6.623D-06  4.442D-06  1.858D-05   276.12      11.14       4.66    4.069D-03  2.388D-03  1.961D-03
**(rmsgt)**   8  8.421D-07  6.837D-06  4.623D-06  1.827D-05   278.91      11.44       4.71    5.114D-03  2.806D-03  2.043D-03
**(rmsgt)**   7  1.014D-06  7.400D-06  4.992D-06  1.868D-05   281.34      11.83       4.57    6.100D-03  3.140D-03  2.095D-03
**(rmsgt)**   6  1.180D-06  8.288D-06  5.487D-06  1.978D-05   283.44      12.18       4.54    7.101D-03  3.522D-03  2.188D-03
**(rmsgt)**   5  1.385D-06  9.383D-06  5.906D-06  2.110D-05   285.23      12.56       4.45    7.984D-03  3.922D-03  2.335D-03
**(rmsgt)**   4  1.817D-06  1.050D-05  6.182D-06  2.235D-05   286.87      12.92       4.44    8.773D-03  4.371D-03  2.473D-03
**(rmsgt)**   3  2.205D-06  1.148D-05  6.216D-06  2.231D-05   288.12      13.29       4.48    9.548D-03  4.883D-03  2.581D-03
**(rmsgt)**   2  2.537D-06  1.172D-05  5.469D-06  1.937D-05   289.31      13.65       4.57    1.010D-02  5.190D-03  2.629D-03
**(rmsgt)**   1  2.473D-06  1.134D-05  3.838D-06  1.423D-05   289.62      13.95       5.08    1.059D-02  5.417D-03  2.755D-03
**(rmsgt)** AVE  1.217D-06  8.645D-06  7.922D-06  2.574D-05   252.02      10.05       4.39    2.446D-03  2.013D-03  1.373
**(rmsgt)** Log(surface pressure) mean and variance:
**(rmsgt)**  G.M.LNP.= 4.59    ; Z.S.LNP.=0.444D-01; Z.A.LNP.=0.658D-01
**(wridia)** file also contains diagnostics at 03Z of 12/10/2011:
**(globme)**TOTAL PRECIPITATION                      Std.Dev.=   3.0900295; Glob.Mean=   8.5235087    ; in units of Kg M**-2 Day
**-1
**(globme)**CONVECTIVE PRECIPITATION                 Std.Dev.=   2.3605342; Glob.Mean=   8.2319910    ; in units of Kg M**-2 Day
**-1
**(globme)**SENSIBLE HEAT FLUX FROM SURFACE          Std.Dev.=   10.941272; Glob.Mean=   53.062145    ; in units of W M**-2
**(globme)**LATENT HEAT FLUX FROM SURFACE            Std.Dev.=   90.715713; Glob.Mean=   100.82826    ; in units of W M**-2
**(globme)**OUTGOING LONG WAVE AT TOP                Std.Dev.=   243.37918; Glob.Mean=   47.690524    ; in units of W M**-2
**(globme)**SHORT WAVE ABSORBED AT GROUND            Std.Dev.=   181.03943; Glob.Mean=   260.61372    ; in units of W M**-2
**(globme)**NET LONG WAVE AT BOTTOM                  Std.Dev.=   49.434759; Glob.Mean=   31.889632    ; in units of W M**-2
**(Model)** timestep 91 at simulation time 0 days and 54000.0 seconds
**(Model)** timestep 92 at simulation time 0 days and 54600.0 seconds
**(Model)** timestep 93 at simulation time 0 days and 55200.0 seconds
**(Model)** timestep 94 at simulation time 0 days and 55800.0 seconds
**(Model)** timestep 95 at simulation time 0 days and 56400.0 seconds
**(Model)** timestep 96 at simulation time 0 days and 57000.0 seconds
**(Model)** timestep 97 at simulation time 0 days and 57600.0 seconds
**(Model)** timestep 98 at simulation time 0 days and 58200.0 seconds
**(Model)** timestep 99 at simulation time 0 days and 58800.0 seconds
**(Model)** timestep 100 at simulation time 0 days and 59400.0 seconds
**(Model)** timestep 101 at simulation time 0 days and 60000.0 seconds
**(Model)** timestep 102 at simulation time 0 days and 60600.0 seconds
**(Model)** timestep 103 at simulation time 0 days and 61200.0 seconds
**(Model)** timestep 104 at simulation time 0 days and 61800.0 seconds
**(Model)** timestep 105 at simulation time 0 days and 62400.0 seconds
**(Model)** timestep 106 at simulation time 0 days and 63000.0 seconds
**(Model)** timestep 107 at simulation time 0 days and 63600.0 seconds
**(Model)** timestep 108 at simulation time 0 days and 64200.0 seconds
**(opnfct)** writes file GFCT06R20111011122011101206F.fct.T126L28 at simulation time
**(opnfct)** 0 days and 64800.0 seconds; contains state of the atmosphere at 06Z of 12/10/2011
**(rmsgt)** State of the atmosphere at 06Z of 12/10/2011:
**(rmsgt)** Layers and average means and variances:
**(rmsgt)** LYR  Z.S. DIV.  Z.A. DIV.  Z.S. VOR.  Z.A. VOR.  G.M. TEM.  Z.S. TEM.  Z.A. TEM.  G.M. S.H.  Z.S. S.H.  Z.A. S.H.
**(rmsgt)**  28  8.701D-07  5.234D-06  1.012D-05  2.287D-05   250.33       7.00       5.29    1.686D-06  4.040D-07  1.733D-07
**(rmsgt)**  27  2.349D-06  1.613D-05  1.496D-05  2.222D-05   227.34       4.34       7.03    1.795D-06  7.144D-07  2.055D-07
**(rmsgt)**  26  1.881D-06  1.304D-05  1.435D-05  1.907D-05   221.31       2.23       6.37    1.832D-06  7.936D-07  2.241D-07
**(rmsgt)**  25  2.142D-06  1.166D-05  1.288D-05  1.628D-05   216.91       2.43       6.06    2.015D-06  9.514D-07  2.893D-07
**(rmsgt)**  24  1.350D-06  1.043D-05  1.266D-05  1.452D-05   213.58       3.58       5.53    2.314D-06  1.197D-06  3.446D-07
**(rmsgt)**  23  9.981D-07  9.850D-06  1.057D-05  1.354D-05   210.08       5.39       5.07    2.729D-06  1.356D-06  4.565D-07
**(rmsgt)**  22  9.782D-07  9.459D-06  8.647D-06  1.473D-05   206.22       7.94       4.68    3.173D-06  1.259D-06  6.689D-07
**(rmsgt)**  21  1.275D-06  1.096D-05  8.245D-06  1.846D-05   204.76       9.28       4.28    3.859D-06  1.405D-06  1.593D-06
**(rmsgt)**  20  1.886D-06  1.174D-05  9.145D-06  2.310D-05   207.90       7.29       3.84    6.901D-06  2.374D-06  4.055D-06
**(rmsgt)**  19  1.981D-06  1.076D-05  1.110D-05  2.814D-05   213.23       4.02       3.90    1.713D-05  6.858D-06  1.146D-05
**(rmsgt)**  18  1.662D-06  1.007D-05  1.190D-05  3.403D-05   219.23       4.18       3.74    4.419D-05  2.327D-05  3.177D-05
**(rmsgt)**  17  1.257D-06  8.716D-06  1.138D-05  3.760D-05   226.24       7.27       3.15    1.072D-04  6.380D-05  7.967D-05
**(rmsgt)**  16  8.916D-07  8.128D-06  1.012D-05  3.705D-05   234.73       9.37       3.39    2.170D-04  1.259D-04  1.777D-04
**(rmsgt)**  15  8.753D-07  7.487D-06  8.591D-06  3.383D-05   243.16      10.32       3.84    3.869D-04  2.108D-04  3.309D-04
**(rmsgt)**  14  8.569D-07  6.716D-06  7.080D-06  2.964D-05   251.04      10.71       4.28    6.558D-04  3.532D-04  5.567D-04
**(rmsgt)**  13  7.148D-07  6.355D-06  5.876D-06  2.571D-05   257.92      10.83       4.41    1.067D-03  6.304D-04  8.441D-04
**(rmsgt)**  12  6.797D-07  6.455D-06  5.187D-06  2.275D-05   263.94      10.94       4.63    1.594D-03  9.803D-04  1.174D-03
**(rmsgt)**  11  7.433D-07  6.561D-06  4.807D-06  2.068D-05   268.65      10.84       4.58    2.233D-03  1.346D-03  1.519D-03
**(rmsgt)**  10  7.504D-07  6.693D-06  4.596D-06  1.924D-05   272.62      11.06       4.69    3.040D-03  1.845D-03  1.795D-03
**(rmsgt)**   9  7.558D-07  6.657D-06  4.511D-06  1.824D-05   276.03      11.14       4.67    4.059D-03  2.365D-03  1.971D-03
**(rmsgt)**   8  7.893D-07  6.799D-06  4.698D-06  1.802D-05   278.84      11.44       4.72    5.107D-03  2.788D-03  2.058D-03
**(rmsgt)**   7  9.039D-07  7.278D-06  5.065D-06  1.848D-05   281.31      11.83       4.59    6.100D-03  3.122D-03  2.110D-03
**(rmsgt)**   6  1.092D-06  8.216D-06  5.555D-06  1.963D-05   283.45      12.19       4.56    7.108D-03  3.517D-03  2.219D-03
**(rmsgt)**   5  1.404D-06  9.381D-06  5.966D-06  2.104D-05   285.26      12.54       4.43    8.014D-03  3.941D-03  2.377D-03
**(rmsgt)**   4  1.830D-06  1.043D-05  6.221D-06  2.233D-05   286.92      12.89       4.40    8.812D-03  4.401D-03  2.511D-03
**(rmsgt)**   3  2.099D-06  1.130D-05  6.179D-06  2.212D-05   288.17      13.26       4.39    9.595D-03  4.920D-03  2.587D-03
**(rmsgt)**   2  2.417D-06  1.162D-05  5.468D-06  1.916D-05   289.39      13.61       4.46    1.015D-02  5.228D-03  2.632D-03
**(rmsgt)**   1  2.482D-06  1.140D-05  3.949D-06  1.432D-05   289.93      13.97       4.86    1.064D-02  5.435D-03  2.751D-03
**(rmsgt)** AVE  1.226D-06  8.514D-06  7.912D-06  2.537D-05   252.00      10.06       4.40    2.447D-03  2.011D-03  1.379
**(rmsgt)** Log(surface pressure) mean and variance:
**(rmsgt)**  G.M.LNP.= 4.59    ; Z.S.LNP.=0.446D-01; Z.A.LNP.=0.658D-01
**(wridia)** file also contains diagnostics at 06Z of 12/10/2011:
**(globme)**TOTAL PRECIPITATION                      Std.Dev.=   3.1838216; Glob.Mean=   9.0009286    ; in units of Kg M**-2 Day
**-1
**(globme)**CONVECTIVE PRECIPITATION                 Std.Dev.=   2.4260145; Glob.Mean=   8.7293604    ; in units of Kg M**-2 Day
**-1
**(globme)**SENSIBLE HEAT FLUX FROM SURFACE          Std.Dev.=   19.167304; Glob.Mean=   66.728389    ; in units of W M**-2
**(globme)**LATENT HEAT FLUX FROM SURFACE            Std.Dev.=   93.773557; Glob.Mean=   104.41269    ; in units of W M**-2
**(globme)**OUTGOING LONG WAVE AT TOP                Std.Dev.=   242.91144; Glob.Mean=   48.139118    ; in units of W M**-2
**(globme)**SHORT WAVE ABSORBED AT GROUND            Std.Dev.=   178.90093; Glob.Mean=   257.72878    ; in units of W M**-2
**(globme)**NET LONG WAVE AT BOTTOM                  Std.Dev.=   50.677980; Glob.Mean=   34.999622    ; in units of W M**-2
**(Model)** timestep 109 at simulation time 0 days and 64800.0 seconds
**(Model)** timestep 110 at simulation time 0 days and 65400.0 seconds
**(Model)** timestep 111 at simulation time 0 days and 66000.0 seconds
**(Model)** timestep 112 at simulation time 0 days and 66600.0 seconds
**(Model)** timestep 113 at simulation time 0 days and 67200.0 seconds
**(Model)** timestep 114 at simulation time 0 days and 67800.0 seconds
**(Model)** timestep 115 at simulation time 0 days and 68400.0 seconds
**(Model)** timestep 116 at simulation time 0 days and 69000.0 seconds
**(Model)** timestep 117 at simulation time 0 days and 69600.0 seconds
**(Model)** timestep 118 at simulation time 0 days and 70200.0 seconds
**(Model)** timestep 119 at simulation time 0 days and 70800.0 seconds
**(Model)** timestep 120 at simulation time 0 days and 71400.0 seconds
**(Model)** timestep 121 at simulation time 0 days and 72000.0 seconds
**(Model)** timestep 122 at simulation time 0 days and 72600.0 seconds
**(Model)** timestep 123 at simulation time 0 days and 73200.0 seconds
**(Model)** timestep 124 at simulation time 0 days and 73800.0 seconds
**(Model)** timestep 125 at simulation time 0 days and 74400.0 seconds
**(Model)** timestep 126 at simulation time 0 days and 75000.0 seconds
**(opnfct)** writes file GFCT06R20111011122011101209F.fct.T126L28 at simulation time
**(opnfct)** 0 days and 75600.0 seconds; contains state of the atmosphere at 09Z of 12/10/2011
**(rmsgt)** State of the atmosphere at 09Z of 12/10/2011:
**(rmsgt)** Layers and average means and variances:
**(rmsgt)** LYR  Z.S. DIV.  Z.A. DIV.  Z.S. VOR.  Z.A. VOR.  G.M. TEM.  Z.S. TEM.  Z.A. TEM.  G.M. S.H.  Z.S. S.H.  Z.A. S.H.
**(rmsgt)**  28  9.557D-07  5.039D-06  9.645D-06  2.281D-05   250.36       6.89       5.32    1.687D-06  4.029D-07  1.745D-07
**(rmsgt)**  27  2.485D-06  1.520D-05  1.455D-05  2.254D-05   227.22       4.51       7.17    1.795D-06  7.129D-07  2.081D-07
**(rmsgt)**  26  1.890D-06  1.234D-05  1.411D-05  1.908D-05   221.28       2.23       6.39    1.831D-06  7.914D-07  2.239D-07
**(rmsgt)**  25  1.901D-06  1.117D-05  1.266D-05  1.639D-05   216.91       2.28       6.09    2.016D-06  9.505D-07  2.898D-07
**(rmsgt)**  24  1.415D-06  9.851D-06  1.258D-05  1.493D-05   213.61       3.49       5.62    2.318D-06  1.195D-06  3.453D-07
**(rmsgt)**  23  1.083D-06  9.608D-06  1.051D-05  1.351D-05   210.11       5.36       5.14    2.735D-06  1.356D-06  4.648D-07
**(rmsgt)**  22  1.148D-06  9.413D-06  8.720D-06  1.469D-05   206.23       7.97       4.70    3.179D-06  1.256D-06  6.870D-07
**(rmsgt)**  21  1.115D-06  1.100D-05  8.426D-06  1.841D-05   204.77       9.32       4.30    3.886D-06  1.410D-06  1.632D-06
**(rmsgt)**  20  1.752D-06  1.162D-05  9.349D-06  2.297D-05   207.93       7.28       3.86    6.983D-06  2.425D-06  4.111D-06
**(rmsgt)**  19  1.979D-06  1.078D-05  1.124D-05  2.805D-05   213.24       3.98       3.90    1.732D-05  6.992D-06  1.158D-05
**(rmsgt)**  18  1.904D-06  9.737D-06  1.191D-05  3.384D-05   219.23       4.17       3.74    4.459D-05  2.333D-05  3.205D-05
**(rmsgt)**  17  1.320D-06  8.541D-06  1.129D-05  3.702D-05   226.22       7.26       3.15    1.077D-04  6.328D-05  8.008D-05
**(rmsgt)**  16  1.024D-06  7.948D-06  1.006D-05  3.629D-05   234.71       9.36       3.38    2.181D-04  1.242D-04  1.768D-04
**(rmsgt)**  15  9.253D-07  7.373D-06  8.562D-06  3.319D-05   243.12      10.33       3.83    3.876D-04  2.069D-04  3.266D-04
**(rmsgt)**  14  9.754D-07  6.575D-06  7.058D-06  2.914D-05   251.00      10.73       4.27    6.540D-04  3.433D-04  5.452D-04
**(rmsgt)**  13  7.985D-07  6.244D-06  5.872D-06  2.531D-05   257.90      10.86       4.40    1.061D-03  6.129D-04  8.236D-04
**(rmsgt)**  12  6.827D-07  6.492D-06  5.198D-06  2.244D-05   263.93      10.98       4.62    1.587D-03  9.600D-04  1.154D-03
**(rmsgt)**  11  7.079D-07  6.671D-06  4.758D-06  2.049D-05   268.60      10.86       4.57    2.222D-03  1.320D-03  1.502D-03
**(rmsgt)**  10  7.920D-07  6.860D-06  4.566D-06  1.912D-05   272.53      11.06       4.69    3.026D-03  1.816D-03  1.784D-03
**(rmsgt)**   9  8.462D-07  6.796D-06  4.533D-06  1.810D-05   275.95      11.13       4.69    4.052D-03  2.341D-03  1.965D-03
**(rmsgt)**   8  8.179D-07  7.005D-06  4.740D-06  1.793D-05   278.79      11.42       4.73    5.108D-03  2.772D-03  2.059D-03
**(rmsgt)**   7  8.921D-07  7.453D-06  5.079D-06  1.832D-05   281.29      11.82       4.60    6.107D-03  3.115D-03  2.122D-03
**(rmsgt)**   6  1.010D-06  8.339D-06  5.525D-06  1.949D-05   283.46      12.19       4.54    7.123D-03  3.524D-03  2.248D-03
**(rmsgt)**   5  1.264D-06  9.385D-06  5.919D-06  2.092D-05   285.30      12.55       4.37    8.055D-03  3.973D-03  2.398D-03
**(rmsgt)**   4  1.640D-06  1.047D-05  6.147D-06  2.208D-05   287.01      12.91       4.31    8.844D-03  4.429D-03  2.524D-03
**(rmsgt)**   3  1.898D-06  1.160D-05  6.028D-06  2.166D-05   288.38      13.31       4.32    9.625D-03  4.941D-03  2.593D-03
**(rmsgt)**   2  2.229D-06  1.219D-05  5.415D-06  1.896D-05   289.66      13.69       4.41    1.019D-02  5.253D-03  2.643D-03
**(rmsgt)**   1  2.366D-06  1.222D-05  4.065D-06  1.461D-05   290.41      14.19       4.66    1.066D-02  5.435D-03  2.758D-03
**(rmsgt)** AVE  1.231D-06  8.482D-06  7.895D-06  2.507D-05   251.99      10.07       4.39    2.448D-03  2.010D-03  1.379
**(rmsgt)** Log(surface pressure) mean and variance:
**(rmsgt)**  G.M.LNP.= 4.59    ; Z.S.LNP.=0.447D-01; Z.A.LNP.=0.658D-01
**(wridia)** file also contains diagnostics at 09Z of 12/10/2011:
**(globme)**TOTAL PRECIPITATION                      Std.Dev.=   3.2358417; Glob.Mean=   8.8439528    ; in units of Kg M**-2 Day
**-1
**(globme)**CONVECTIVE PRECIPITATION                 Std.Dev.=   2.4644966; Glob.Mean=   8.4794677    ; in units of Kg M**-2 Day
**-1
**(globme)**SENSIBLE HEAT FLUX FROM SURFACE          Std.Dev.=   25.938202; Glob.Mean=   67.345216    ; in units of W M**-2
**(globme)**LATENT HEAT FLUX FROM SURFACE            Std.Dev.=   95.435228; Glob.Mean=   101.95829    ; in units of W M**-2
**(globme)**OUTGOING LONG WAVE AT TOP                Std.Dev.=   242.67542; Glob.Mean=   49.639320    ; in units of W M**-2
**(globme)**SHORT WAVE ABSORBED AT GROUND            Std.Dev.=   178.92563; Glob.Mean=   254.11719    ; in units of W M**-2
**(globme)**NET LONG WAVE AT BOTTOM                  Std.Dev.=   53.963061; Glob.Mean=   40.027510    ; in units of W M**-2
**(Model)** timestep 127 at simulation time 0 days and 75600.0 seconds
**(Model)** timestep 128 at simulation time 0 days and 76200.0 seconds
**(Model)** timestep 129 at simulation time 0 days and 76800.0 seconds
**(Model)** timestep 130 at simulation time 0 days and 77400.0 seconds
**(Model)** timestep 131 at simulation time 0 days and 78000.0 seconds
**(Model)** timestep 132 at simulation time 0 days and 78600.0 seconds
**(Model)** timestep 133 at simulation time 0 days and 79200.0 seconds
**(Model)** timestep 134 at simulation time 0 days and 79800.0 seconds
**(Model)** timestep 135 at simulation time 0 days and 80400.0 seconds
**(Model)** timestep 136 at simulation time 0 days and 81000.0 seconds
**(Model)** timestep 137 at simulation time 0 days and 81600.0 seconds
**(Model)** timestep 138 at simulation time 0 days and 82200.0 seconds
**(Model)** timestep 139 at simulation time 0 days and 82800.0 seconds
**(Model)** timestep 140 at simulation time 0 days and 83400.0 seconds
**(Model)** timestep 141 at simulation time 0 days and 84000.0 seconds
**(Model)** timestep 142 at simulation time 0 days and 84600.0 seconds
**(Model)** timestep 143 at simulation time 0 days and 85200.0 seconds
**(Model)** timestep 144 at simulation time 0 days and 85800.0 seconds
**(opnfct)** writes file GFCT06R20111011122011101212F.fct.T126L28 at simulation time
**(opnfct)** 1 days and 0.0 seconds; contains state of the atmosphere at 12Z of 12/10/2011
**(rmsgt)** State of the atmosphere at 12Z of 12/10/2011:
**(rmsgt)** Layers and average means and variances:
**(rmsgt)** LYR  Z.S. DIV.  Z.A. DIV.  Z.S. VOR.  Z.A. VOR.  G.M. TEM.  Z.S. TEM.  Z.A. TEM.  G.M. S.H.  Z.S. S.H.  Z.A. S.H.
**(rmsgt)**  28  8.459D-07  4.912D-06  9.472D-06  2.298D-05   250.38       6.83       5.34    1.688D-06  4.024D-07  1.753D-07
**(rmsgt)**  27  2.203D-06  1.479D-05  1.419D-05  2.284D-05   227.12       4.65       7.20    1.794D-06  7.115D-07  2.098D-07
**(rmsgt)**  26  2.176D-06  1.234D-05  1.391D-05  1.893D-05   221.25       2.33       6.36    1.832D-06  7.907D-07  2.237D-07
**(rmsgt)**  25  1.450D-06  1.079D-05  1.250D-05  1.627D-05   216.90       2.21       6.09    2.017D-06  9.500D-07  2.901D-07
**(rmsgt)**  24  1.379D-06  9.805D-06  1.242D-05  1.484D-05   213.63       3.41       5.72    2.321D-06  1.193D-06  3.473D-07
**(rmsgt)**  23  1.007D-06  9.320D-06  1.034D-05  1.357D-05   210.13       5.37       5.22    2.743D-06  1.357D-06  4.770D-07
**(rmsgt)**  22  1.070D-06  9.336D-06  8.570D-06  1.458D-05   206.24       8.05       4.75    3.184D-06  1.256D-06  7.025D-07
**(rmsgt)**  21  1.473D-06  1.071D-05  8.339D-06  1.840D-05   204.78       9.39       4.31    3.911D-06  1.415D-06  1.657D-06
**(rmsgt)**  20  1.560D-06  1.159D-05  9.429D-06  2.273D-05   207.97       7.29       3.87    7.099D-06  2.501D-06  4.211D-06
**(rmsgt)**  19  1.744D-06  1.088D-05  1.134D-05  2.787D-05   213.26       3.97       3.91    1.751D-05  7.082D-06  1.180D-05
**(rmsgt)**  18  1.803D-06  9.695D-06  1.195D-05  3.362D-05   219.23       4.17       3.72    4.482D-05  2.324D-05  3.252D-05
**(rmsgt)**  17  1.230D-06  8.719D-06  1.132D-05  3.651D-05   226.20       7.27       3.14    1.084D-04  6.330D-05  7.999D-05
**(rmsgt)**  16  1.018D-06  8.003D-06  1.005D-05  3.581D-05   234.67       9.37       3.36    2.196D-04  1.233D-04  1.755D-04
**(rmsgt)**  15  9.523D-07  7.274D-06  8.528D-06  3.273D-05   243.08      10.35       3.81    3.889D-04  2.034D-04  3.212D-04
**(rmsgt)**  14  9.217D-07  6.594D-06  7.046D-06  2.884D-05   250.97      10.74       4.25    6.548D-04  3.355D-04  5.352D-04
**(rmsgt)**  13  7.515D-07  6.361D-06  5.879D-06  2.506D-05   257.88      10.89       4.39    1.057D-03  5.971D-04  8.092D-04
**(rmsgt)**  12  7.425D-07  6.513D-06  5.171D-06  2.224D-05   263.93      11.02       4.62    1.583D-03  9.421D-04  1.136D-03
**(rmsgt)**  11  7.904D-07  6.627D-06  4.710D-06  2.031D-05   268.57      10.89       4.56    2.218D-03  1.300D-03  1.491D-03
**(rmsgt)**  10  8.257D-07  6.898D-06  4.546D-06  1.894D-05   272.47      11.07       4.69    3.014D-03  1.790D-03  1.780D-03
**(rmsgt)**   9  8.215D-07  6.857D-06  4.529D-06  1.793D-05   275.89      11.13       4.70    4.047D-03  2.319D-03  1.966D-03
**(rmsgt)**   8  8.196D-07  7.089D-06  4.707D-06  1.775D-05   278.76      11.42       4.74    5.119D-03  2.767D-03  2.057D-03
**(rmsgt)**   7  9.108D-07  7.482D-06  4.994D-06  1.821D-05   281.29      11.84       4.61    6.131D-03  3.127D-03  2.132D-03
**(rmsgt)**   6  1.002D-06  8.346D-06  5.428D-06  1.941D-05   283.52      12.23       4.55    7.153D-03  3.547D-03  2.271D-03
**(rmsgt)**   5  1.184D-06  9.639D-06  5.770D-06  2.084D-05   285.43      12.61       4.40    8.071D-03  3.984D-03  2.435D-03
**(rmsgt)**   4  1.455D-06  1.104D-05  5.907D-06  2.215D-05   287.18      12.99       4.38    8.831D-03  4.427D-03  2.573D-03
**(rmsgt)**   3  1.712D-06  1.232D-05  5.867D-06  2.197D-05   288.59      13.44       4.44    9.592D-03  4.929D-03  2.646D-03
**(rmsgt)**   2  2.076D-06  1.296D-05  5.310D-06  1.928D-05   289.87      13.83       4.54    1.017D-02  5.252D-03  2.698D-03
**(rmsgt)**   1  2.188D-06  1.268D-05  4.012D-06  1.464D-05   290.60      14.37       4.81    1.066D-02  5.444D-03  2.839D-03
**(rmsgt)** AVE  1.178D-06  8.545D-06  7.858D-06  2.484D-05   251.99      10.10       4.41    2.449D-03  2.007D-03  1.388
**(rmsgt)** Log(surface pressure) mean and variance:
**(rmsgt)**  G.M.LNP.= 4.59    ; Z.S.LNP.=0.448D-01; Z.A.LNP.=0.658D-01
**(wridia)** file also contains diagnostics at 12Z of 12/10/2011:
**(globme)**TOTAL PRECIPITATION                      Std.Dev.=   3.2553850; Glob.Mean=   8.7246699    ; in units of Kg M**-2 Day
**-1
**(globme)**CONVECTIVE PRECIPITATION                 Std.Dev.=   2.4659295; Glob.Mean=   8.3225202    ; in units of Kg M**-2 Day
**-1
**(globme)**SENSIBLE HEAT FLUX FROM SURFACE          Std.Dev.=   29.612520; Glob.Mean=   91.360163    ; in units of W M**-2
**(globme)**LATENT HEAT FLUX FROM SURFACE            Std.Dev.=   93.747591; Glob.Mean=   102.23671    ; in units of W M**-2
**(globme)**OUTGOING LONG WAVE AT TOP                Std.Dev.=   243.17883; Glob.Mean=   51.975842    ; in units of W M**-2
**(globme)**SHORT WAVE ABSORBED AT GROUND            Std.Dev.=   180.33640; Glob.Mean=   255.46243    ; in units of W M**-2
**(globme)**NET LONG WAVE AT BOTTOM                  Std.Dev.=   57.832616; Glob.Mean=   46.333345    ; in units of W M**-2
**(Model)** timestep 145 at simulation time 1 days and 0.0 seconds
**(Model)** timestep 146 at simulation time 1 days and 600.0 seconds
**(Model)** timestep 147 at simulation time 1 days and 1200.0 seconds
**(Model)** timestep 148 at simulation time 1 days and 1800.0 seconds
**(Model)** timestep 149 at simulation time 1 days and 2400.0 seconds
**(Model)** timestep 150 at simulation time 1 days and 3000.0 seconds
**(Model)** timestep 151 at simulation time 1 days and 3600.0 seconds
**(Model)** timestep 152 at simulation time 1 days and 4200.0 seconds
**(Model)** timestep 153 at simulation time 1 days and 4800.0 seconds
**(Model)** timestep 154 at simulation time 1 days and 5400.0 seconds
**(Model)** timestep 155 at simulation time 1 days and 6000.0 seconds
**(Model)** timestep 156 at simulation time 1 days and 6600.0 seconds
**(Model)** timestep 157 at simulation time 1 days and 7200.0 seconds
**(Model)** timestep 158 at simulation time 1 days and 7800.0 seconds
**(Model)** timestep 159 at simulation time 1 days and 8400.0 seconds
**(Model)** timestep 160 at simulation time 1 days and 9000.0 seconds
**(Model)** timestep 161 at simulation time 1 days and 9600.0 seconds
**(Model)** timestep 162 at simulation time 1 days and 10200.0 seconds
**(opnfct)** writes file GFCT06R20111011122011101215F.fct.T126L28 at simulation time
**(opnfct)** 1 days and 10800.0 seconds; contains state of the atmosphere at 15Z of 12/10/2011
**(rmsgt)** State of the atmosphere at 15Z of 12/10/2011:
**(rmsgt)** Layers and average means and variances:
**(rmsgt)** LYR  Z.S. DIV.  Z.A. DIV.  Z.S. VOR.  Z.A. VOR.  G.M. TEM.  Z.S. TEM.  Z.A. TEM.  G.M. S.H.  Z.S. S.H.  Z.A. S.H.
**(rmsgt)**  28  1.033D-06  4.568D-06  9.441D-06  2.308D-05   250.39       6.79       5.34    1.689D-06  4.021D-07  1.757D-07
**(rmsgt)**  27  2.581D-06  1.369D-05  1.420D-05  2.276D-05   227.03       4.85       7.22    1.793D-06  7.109D-07  2.108D-07
**(rmsgt)**  26  1.925D-06  1.204D-05  1.385D-05  1.910D-05   221.22       2.33       6.41    1.833D-06  7.911D-07  2.226D-07
**(rmsgt)**  25  1.240D-06  1.050D-05  1.248D-05  1.657D-05   216.90       2.20       6.06    2.020D-06  9.499D-07  2.899D-07
**(rmsgt)**  24  1.548D-06  9.707D-06  1.235D-05  1.469D-05   213.64       3.37       5.73    2.322D-06  1.192D-06  3.524D-07
**(rmsgt)**  23  1.279D-06  9.258D-06  1.033D-05  1.337D-05   210.14       5.37       5.25    2.748D-06  1.357D-06  4.848D-07
**(rmsgt)**  22  1.240D-06  9.087D-06  8.369D-06  1.441D-05   206.25       8.11       4.78    3.189D-06  1.257D-06  7.213D-07
**(rmsgt)**  21  1.606D-06  1.042D-05  8.046D-06  1.825D-05   204.80       9.45       4.30    3.933D-06  1.423D-06  1.703D-06
**(rmsgt)**  20  1.388D-06  1.175D-05  9.313D-06  2.245D-05   208.00       7.28       3.83    7.212D-06  2.582D-06  4.362D-06
**(rmsgt)**  19  1.471D-06  1.104D-05  1.133D-05  2.756D-05   213.28       3.94       3.88    1.767D-05  7.171D-06  1.205D-05
**(rmsgt)**  18  1.674D-06  9.651D-06  1.196D-05  3.336D-05   219.22       4.19       3.73    4.529D-05  2.335D-05  3.297D-05
**(rmsgt)**  17  1.176D-06  8.638D-06  1.130D-05  3.600D-05   226.18       7.31       3.17    1.088D-04  6.309D-05  7.996D-05
**(rmsgt)**  16  1.115D-06  8.006D-06  9.968D-06  3.542D-05   234.65       9.39       3.36    2.207D-04  1.220D-04  1.728D-04
**(rmsgt)**  15  9.977D-07  7.266D-06  8.457D-06  3.243D-05   243.05      10.38       3.80    3.902D-04  2.003D-04  3.144D-04
**(rmsgt)**  14  8.208D-07  6.600D-06  6.981D-06  2.863D-05   250.96      10.77       4.25    6.568D-04  3.287D-04  5.272D-04
**(rmsgt)**  13  7.369D-07  6.250D-06  5.832D-06  2.490D-05   257.87      10.93       4.39    1.055D-03  5.827D-04  7.978D-04
**(rmsgt)**  12  7.598D-07  6.420D-06  5.125D-06  2.211D-05   263.93      11.06       4.63    1.580D-03  9.216D-04  1.126D-03
**(rmsgt)**  11  8.659D-07  6.665D-06  4.740D-06  2.018D-05   268.55      10.92       4.57    2.212D-03  1.276D-03  1.483D-03
**(rmsgt)**  10  9.384D-07  6.832D-06  4.608D-06  1.879D-05   272.42      11.08       4.69    3.006D-03  1.767D-03  1.776D-03
**(rmsgt)**   9  8.088D-07  6.846D-06  4.551D-06  1.786D-05   275.84      11.14       4.70    4.044D-03  2.304D-03  1.962D-03
**(rmsgt)**   8  7.484D-07  7.133D-06  4.691D-06  1.772D-05   278.74      11.43       4.74    5.127D-03  2.766D-03  2.050D-03
**(rmsgt)**   7  7.949D-07  7.493D-06  4.946D-06  1.827D-05   281.30      11.86       4.62    6.142D-03  3.134D-03  2.142D-03
**(rmsgt)**   6  9.263D-07  8.171D-06  5.301D-06  1.956D-05   283.57      12.28       4.57    7.158D-03  3.557D-03  2.307D-03
**(rmsgt)**   5  1.120D-06  9.646D-06  5.558D-06  2.109D-05   285.51      12.67       4.45    8.066D-03  3.991D-03  2.502D-03
**(rmsgt)**   4  1.345D-06  1.124D-05  5.709D-06  2.243D-05   287.26      13.06       4.43    8.813D-03  4.429D-03  2.635D-03
**(rmsgt)**   3  1.636D-06  1.257D-05  5.680D-06  2.237D-05   288.67      13.52       4.53    9.569D-03  4.921D-03  2.692D-03
**(rmsgt)**   2  2.028D-06  1.333D-05  5.114D-06  1.960D-05   289.94      13.90       4.62    1.016D-02  5.248D-03  2.749D-03
**(rmsgt)**   1  2.233D-06  1.309D-05  3.843D-06  1.462D-05   290.60      14.46       4.94    1.067D-02  5.446D-03  2.891D-03
**(rmsgt)** AVE  1.156D-06  8.526D-06  7.803D-06  2.468D-05   251.99      10.13       4.42    2.448D-03  2.004D-03  1.398
**(rmsgt)** Log(surface pressure) mean and variance:
**(rmsgt)**  G.M.LNP.= 4.59    ; Z.S.LNP.=0.449D-01; Z.A.LNP.=0.657D-01
**(wridia)** file also contains diagnostics at 15Z of 12/10/2011:
**(globme)**TOTAL PRECIPITATION                      Std.Dev.=   3.3801331; Glob.Mean=   8.8706688    ; in units of Kg M**-2 Day
**-1
**(globme)**CONVECTIVE PRECIPITATION                 Std.Dev.=   2.5824873; Glob.Mean=   8.4867676    ; in units of Kg M**-2 Day
**-1
**(globme)**SENSIBLE HEAT FLUX FROM SURFACE          Std.Dev.=   24.837165; Glob.Mean=   78.918541    ; in units of W M**-2
**(globme)**LATENT HEAT FLUX FROM SURFACE            Std.Dev.=   94.421356; Glob.Mean=   102.26426    ; in units of W M**-2
**(globme)**OUTGOING LONG WAVE AT TOP                Std.Dev.=   242.90230; Glob.Mean=   52.725077    ; in units of W M**-2
**(globme)**SHORT WAVE ABSORBED AT GROUND            Std.Dev.=   180.29153; Glob.Mean=   259.30693    ; in units of W M**-2
**(globme)**NET LONG WAVE AT BOTTOM                  Std.Dev.=   57.855260; Glob.Mean=   46.688556    ; in units of W M**-2
**(Model)** timestep 163 at simulation time 1 days and 10800.0 seconds
**(Model)** timestep 164 at simulation time 1 days and 11400.0 seconds
**(Model)** timestep 165 at simulation time 1 days and 12000.0 seconds
**(Model)** timestep 166 at simulation time 1 days and 12600.0 seconds
**(Model)** timestep 167 at simulation time 1 days and 13200.0 seconds
**(Model)** timestep 168 at simulation time 1 days and 13800.0 seconds
**(Model)** timestep 169 at simulation time 1 days and 14400.0 seconds
**(Model)** timestep 170 at simulation time 1 days and 15000.0 seconds
**(Model)** timestep 171 at simulation time 1 days and 15600.0 seconds
**(Model)** timestep 172 at simulation time 1 days and 16200.0 seconds
**(Model)** timestep 173 at simulation time 1 days and 16800.0 seconds
**(Model)** timestep 174 at simulation time 1 days and 17400.0 seconds
**(Model)** timestep 175 at simulation time 1 days and 18000.0 seconds
**(Model)** timestep 176 at simulation time 1 days and 18600.0 seconds
**(Model)** timestep 177 at simulation time 1 days and 19200.0 seconds
**(Model)** timestep 178 at simulation time 1 days and 19800.0 seconds
**(Model)** timestep 179 at simulation time 1 days and 20400.0 seconds
**(Model)** timestep 180 at simulation time 1 days and 21000.0 seconds
**(opnfct)** writes file GFCT06R20111011122011101218F.fct.T126L28 at simulation time
**(opnfct)** 1 days and 21600.0 seconds; contains state of the atmosphere at 18Z of 12/10/2011
**(rmsgt)** State of the atmosphere at 18Z of 12/10/2011:
**(rmsgt)** Layers and average means and variances:
**(rmsgt)** LYR  Z.S. DIV.  Z.A. DIV.  Z.S. VOR.  Z.A. VOR.  G.M. TEM.  Z.S. TEM.  Z.A. TEM.  G.M. S.H.  Z.S. S.H.  Z.A. S.H.
**(rmsgt)**  28  9.308D-07  4.450D-06  9.493D-06  2.331D-05   250.41       6.74       5.20    1.689D-06  4.014D-07  1.755D-07
**(rmsgt)**  27  2.035D-06  1.367D-05  1.417D-05  2.248D-05   226.94       4.89       7.25    1.793D-06  7.111D-07  2.118D-07
**(rmsgt)**  26  1.925D-06  1.198D-05  1.382D-05  1.915D-05   221.19       2.39       6.36    1.835D-06  7.921D-07  2.216D-07
**(rmsgt)**  25  1.609D-06  1.041D-05  1.231D-05  1.681D-05   216.90       2.19       6.01    2.024D-06  9.494D-07  2.906D-07
**(rmsgt)**  24  1.430D-06  9.325D-06  1.230D-05  1.512D-05   213.67       3.31       5.72    2.322D-06  1.191D-06  3.561D-07
**(rmsgt)**  23  1.273D-06  9.021D-06  1.039D-05  1.344D-05   210.16       5.35       5.27    2.750D-06  1.354D-06  4.963D-07
**(rmsgt)**  22  1.183D-06  9.090D-06  8.357D-06  1.418D-05   206.27       8.10       4.81    3.198D-06  1.258D-06  7.593D-07
**(rmsgt)**  21  1.358D-06  1.009D-05  8.020D-06  1.799D-05   204.82       9.47       4.30    3.959D-06  1.443D-06  1.781D-06
**(rmsgt)**  20  1.278D-06  1.174D-05  9.319D-06  2.221D-05   208.04       7.27       3.81    7.296D-06  2.631D-06  4.505D-06
**(rmsgt)**  19  1.355D-06  1.090D-05  1.129D-05  2.731D-05   213.30       3.90       3.86    1.777D-05  7.174D-06  1.213D-05
**(rmsgt)**  18  1.540D-06  9.626D-06  1.193D-05  3.317D-05   219.22       4.20       3.71    4.554D-05  2.332D-05  3.332D-05
**(rmsgt)**  17  1.368D-06  8.593D-06  1.127D-05  3.567D-05   226.18       7.33       3.18    1.088D-04  6.250D-05  8.016D-05
**(rmsgt)**  16  1.107D-06  7.955D-06  9.952D-06  3.527D-05   234.65       9.40       3.37    2.214D-04  1.203D-04  1.706D-04
**(rmsgt)**  15  9.133D-07  7.287D-06  8.440D-06  3.244D-05   243.03      10.40       3.82    3.916D-04  1.974D-04  3.095D-04
**(rmsgt)**  14  7.908D-07  6.510D-06  6.916D-06  2.857D-05   250.95      10.80       4.27    6.589D-04  3.221D-04  5.229D-04
**(rmsgt)**  13  6.872D-07  6.113D-06  5.779D-06  2.477D-05   257.86      10.96       4.42    1.053D-03  5.687D-04  7.895D-04
**(rmsgt)**  12  6.546D-07  6.181D-06  5.112D-06  2.199D-05   263.94      11.10       4.66    1.576D-03  9.022D-04  1.118D-03
**(rmsgt)**  11  8.241D-07  6.399D-06  4.805D-06  2.011D-05   268.54      10.94       4.58    2.204D-03  1.254D-03  1.475D-03
**(rmsgt)**  10  8.856D-07  6.507D-06  4.662D-06  1.877D-05   272.38      11.09       4.70    2.991D-03  1.744D-03  1.772D-03
**(rmsgt)**   9  7.106D-07  6.493D-06  4.562D-06  1.792D-05   275.79      11.14       4.71    4.034D-03  2.289D-03  1.958D-03
**(rmsgt)**   8  6.388D-07  6.778D-06  4.669D-06  1.787D-05   278.72      11.45       4.73    5.119D-03  2.759D-03  2.055D-03
**(rmsgt)**   7  7.955D-07  7.374D-06  4.889D-06  1.844D-05   281.30      11.88       4.61    6.136D-03  3.130D-03  2.174D-03
**(rmsgt)**   6  9.613D-07  8.707D-06  5.235D-06  1.974D-05   283.58      12.29       4.56    7.152D-03  3.561D-03  2.355D-03
**(rmsgt)**   5  1.196D-06  1.018D-05  5.509D-06  2.128D-05   285.53      12.67       4.46    8.061D-03  3.995D-03  2.542D-03
**(rmsgt)**   4  1.464D-06  1.178D-05  5.658D-06  2.257D-05   287.27      13.05       4.42    8.801D-03  4.422D-03  2.659D-03
**(rmsgt)**   3  1.751D-06  1.331D-05  5.573D-06  2.252D-05   288.67      13.48       4.50    9.548D-03  4.906D-03  2.702D-03
**(rmsgt)**   2  2.123D-06  1.410D-05  4.992D-06  1.969D-05   289.91      13.86       4.57    1.017D-02  5.251D-03  2.746D-03
**(rmsgt)**   1  2.365D-06  1.379D-05  3.711D-06  1.460D-05   290.41      14.38       4.99    1.070D-02  5.471D-03  2.876D-03
**(rmsgt)** AVE  1.124D-06  8.513D-06  7.778D-06  2.462D-05   251.98      10.14       4.42    2.444D-03  1.999D-03  1.405
**(rmsgt)** Log(surface pressure) mean and variance:
**(rmsgt)**  G.M.LNP.= 4.59    ; Z.S.LNP.=0.450D-01; Z.A.LNP.=0.656D-01
**(wridia)** file also contains diagnostics at 18Z of 12/10/2011:
**(globme)**TOTAL PRECIPITATION                      Std.Dev.=   3.5602638; Glob.Mean=   9.4978050    ; in units of Kg M**-2 Day
**-1
**(globme)**CONVECTIVE PRECIPITATION                 Std.Dev.=   2.7874892; Glob.Mean=   9.2090295    ; in units of Kg M**-2 Day
**-1
**(globme)**SENSIBLE HEAT FLUX FROM SURFACE          Std.Dev.=   16.363725; Glob.Mean=   68.514580    ; in units of W M**-2
**(globme)**LATENT HEAT FLUX FROM SURFACE            Std.Dev.=   93.630912; Glob.Mean=   104.61571    ; in units of W M**-2
**(globme)**OUTGOING LONG WAVE AT TOP                Std.Dev.=   241.10195; Glob.Mean=   52.048607    ; in units of W M**-2
**(globme)**SHORT WAVE ABSORBED AT GROUND            Std.Dev.=   177.90907; Glob.Mean=   251.15030    ; in units of W M**-2
**(globme)**NET LONG WAVE AT BOTTOM                  Std.Dev.=   55.287331; Glob.Mean=   40.540974    ; in units of W M**-2
**(Model)** timestep 181 at simulation time 1 days and 21600.0 seconds
**(Model)** timestep 182 at simulation time 1 days and 22200.0 seconds
**(Model)** timestep 183 at simulation time 1 days and 22800.0 seconds
**(Model)** timestep 184 at simulation time 1 days and 23400.0 seconds
**(Model)** timestep 185 at simulation time 1 days and 24000.0 seconds
**(Model)** timestep 186 at simulation time 1 days and 24600.0 seconds
**(Model)** timestep 187 at simulation time 1 days and 25200.0 seconds
**(Model)** timestep 188 at simulation time 1 days and 25800.0 seconds
**(Model)** timestep 189 at simulation time 1 days and 26400.0 seconds
**(Model)** timestep 190 at simulation time 1 days and 27000.0 seconds
**(Model)** timestep 191 at simulation time 1 days and 27600.0 seconds
**(Model)** timestep 192 at simulation time 1 days and 28200.0 seconds
**(Model)** timestep 193 at simulation time 1 days and 28800.0 seconds
**(Model)** timestep 194 at simulation time 1 days and 29400.0 seconds
**(Model)** timestep 195 at simulation time 1 days and 30000.0 seconds
**(Model)** timestep 196 at simulation time 1 days and 30600.0 seconds
**(Model)** timestep 197 at simulation time 1 days and 31200.0 seconds
**(Model)** timestep 198 at simulation time 1 days and 31800.0 seconds
**(opnfct)** writes file GFCT06R20111011122011101221F.fct.T126L28 at simulation time
**(opnfct)** 1 days and 32400.0 seconds; contains state of the atmosphere at 21Z of 12/10/2011
**(rmsgt)** State of the atmosphere at 21Z of 12/10/2011:
**(rmsgt)** Layers and average means and variances:
**(rmsgt)** LYR  Z.S. DIV.  Z.A. DIV.  Z.S. VOR.  Z.A. VOR.  G.M. TEM.  Z.S. TEM.  Z.A. TEM.  G.M. S.H.  Z.S. S.H.  Z.A. S.H.
**(rmsgt)**  28  8.676D-07  4.195D-06  9.424D-06  2.335D-05   250.42       6.70       5.05    1.690D-06  4.013D-07  1.759D-07
**(rmsgt)**  27  2.200D-06  1.356D-05  1.403D-05  2.271D-05   226.84       4.90       7.14    1.795D-06  7.100D-07  2.121D-07
**(rmsgt)**  26  1.867D-06  1.196D-05  1.373D-05  1.947D-05   221.15       2.38       6.21    1.837D-06  7.923D-07  2.210D-07
**(rmsgt)**  25  1.276D-06  1.057D-05  1.219D-05  1.699D-05   216.90       2.21       5.94    2.026D-06  9.520D-07  2.927D-07
**(rmsgt)**  24  1.614D-06  9.340D-06  1.223D-05  1.530D-05   213.70       3.24       5.72    2.321D-06  1.190D-06  3.587D-07
**(rmsgt)**  23  1.395D-06  8.751D-06  1.037D-05  1.387D-05   210.19       5.29       5.28    2.748D-06  1.349D-06  5.030D-07
**(rmsgt)**  22  1.474D-06  9.088D-06  8.398D-06  1.448D-05   206.28       8.07       4.87    3.214D-06  1.263D-06  8.048D-07
**(rmsgt)**  21  1.371D-06  1.005D-05  8.160D-06  1.780D-05   204.83       9.46       4.31    3.988D-06  1.466D-06  1.822D-06
**(rmsgt)**  20  1.336D-06  1.178D-05  9.416D-06  2.214D-05   208.06       7.25       3.83    7.354D-06  2.642D-06  4.566D-06
**(rmsgt)**  19  1.210D-06  1.062D-05  1.131D-05  2.735D-05   213.33       3.87       3.88    1.793D-05  7.247D-06  1.224D-05
**(rmsgt)**  18  1.240D-06  9.502D-06  1.195D-05  3.311D-05   219.25       4.21       3.70    4.591D-05  2.338D-05  3.391D-05
**(rmsgt)**  17  1.422D-06  8.577D-06  1.133D-05  3.547D-05   226.19       7.34       3.19    1.094D-04  6.226D-05  8.162D-05
**(rmsgt)**  16  1.157D-06  7.959D-06  1.005D-05  3.516D-05   234.63       9.39       3.37    2.231D-04  1.189D-04  1.717D-04
**(rmsgt)**  15  9.364D-07  7.388D-06  8.487D-06  3.239D-05   243.00      10.41       3.84    3.940D-04  1.953D-04  3.099D-04
**(rmsgt)**  14  8.906D-07  6.528D-06  6.929D-06  2.853D-05   250.93      10.80       4.30    6.627D-04  3.170D-04  5.241D-04
**(rmsgt)**  13  7.277D-07  6.238D-06  5.787D-06  2.472D-05   257.84      10.96       4.45    1.054D-03  5.560D-04  7.902D-04
**(rmsgt)**  12  7.732D-07  6.117D-06  5.124D-06  2.193D-05   263.93      11.11       4.69    1.576D-03  8.870D-04  1.119D-03
**(rmsgt)**  11  8.447D-07  6.203D-06  4.865D-06  2.005D-05   268.51      10.95       4.60    2.199D-03  1.237D-03  1.478D-03
**(rmsgt)**  10  8.409D-07  6.366D-06  4.698D-06  1.867D-05   272.33      11.09       4.70    2.977D-03  1.723D-03  1.780D-03
**(rmsgt)**   9  7.188D-07  6.524D-06  4.568D-06  1.790D-05   275.75      11.14       4.71    4.023D-03  2.276D-03  1.965D-03
**(rmsgt)**   8  7.424D-07  6.790D-06  4.687D-06  1.799D-05   278.69      11.45       4.71    5.110D-03  2.754D-03  2.081D-03
**(rmsgt)**   7  9.653D-07  7.397D-06  4.876D-06  1.870D-05   281.28      11.87       4.59    6.126D-03  3.124D-03  2.207D-03
**(rmsgt)**   6  1.221D-06  8.349D-06  5.239D-06  2.009D-05   283.56      12.27       4.53    7.142D-03  3.557D-03  2.391D-03
**(rmsgt)**   5  1.493D-06  9.843D-06  5.531D-06  2.154D-05   285.51      12.64       4.45    8.040D-03  3.983D-03  2.567D-03
**(rmsgt)**   4  1.681D-06  1.151D-05  5.707D-06  2.289D-05   287.23      12.99       4.42    8.783D-03  4.413D-03  2.673D-03
**(rmsgt)**   3  1.902D-06  1.304D-05  5.648D-06  2.290D-05   288.59      13.39       4.51    9.530D-03  4.906D-03  2.697D-03
**(rmsgt)**   2  2.249D-06  1.365D-05  5.013D-06  1.991D-05   289.78      13.74       4.58    1.018D-02  5.272D-03  2.718D-03
**(rmsgt)**   1  2.479D-06  1.332D-05  3.692D-06  1.465D-05   290.06      14.17       5.12    1.075D-02  5.521D-03  2.852D-03
**(rmsgt)** AVE  1.177D-06  8.424D-06  7.804D-06  2.463D-05   251.96      10.13       4.42    2.441D-03  1.996D-03  1.412
**(rmsgt)** Log(surface pressure) mean and variance:
**(rmsgt)**  G.M.LNP.= 4.59    ; Z.S.LNP.=0.451D-01; Z.A.LNP.=0.656D-01
**(wridia)** file also contains diagnostics at 21Z of 12/10/2011:
**(globme)**TOTAL PRECIPITATION                      Std.Dev.=   3.3913610; Glob.Mean=   9.2327738    ; in units of Kg M**-2 Day
**-1
**(globme)**CONVECTIVE PRECIPITATION                 Std.Dev.=   2.6253573; Glob.Mean=   8.9106281    ; in units of Kg M**-2 Day
**-1
**(globme)**SENSIBLE HEAT FLUX FROM SURFACE          Std.Dev.=   10.391396; Glob.Mean=   56.731901    ; in units of W M**-2
**(globme)**LATENT HEAT FLUX FROM SURFACE            Std.Dev.=   88.744972; Glob.Mean=   100.91233    ; in units of W M**-2
**(globme)**OUTGOING LONG WAVE AT TOP                Std.Dev.=   240.19676; Glob.Mean=   51.462625    ; in units of W M**-2
**(globme)**SHORT WAVE ABSORBED AT GROUND            Std.Dev.=   180.78310; Glob.Mean=   265.74296    ; in units of W M**-2
**(globme)**NET LONG WAVE AT BOTTOM                  Std.Dev.=   53.225702; Glob.Mean=   35.995553    ; in units of W M**-2
**(Model)** timestep 199 at simulation time 1 days and 32400.0 seconds
**(Model)** timestep 200 at simulation time 1 days and 33000.0 seconds
**(Model)** timestep 201 at simulation time 1 days and 33600.0 seconds
**(Model)** timestep 202 at simulation time 1 days and 34200.0 seconds
**(Model)** timestep 203 at simulation time 1 days and 34800.0 seconds
**(Model)** timestep 204 at simulation time 1 days and 35400.0 seconds
**(Model)** timestep 205 at simulation time 1 days and 36000.0 seconds
**(Model)** timestep 206 at simulation time 1 days and 36600.0 seconds
**(Model)** timestep 207 at simulation time 1 days and 37200.0 seconds
**(Model)** timestep 208 at simulation time 1 days and 37800.0 seconds
**(Model)** timestep 209 at simulation time 1 days and 38400.0 seconds
**(Model)** timestep 210 at simulation time 1 days and 39000.0 seconds
**(Model)** timestep 211 at simulation time 1 days and 39600.0 seconds
**(Model)** timestep 212 at simulation time 1 days and 40200.0 seconds
**(Model)** timestep 213 at simulation time 1 days and 40800.0 seconds
**(Model)** timestep 214 at simulation time 1 days and 41400.0 seconds
**(Model)** timestep 215 at simulation time 1 days and 42000.0 seconds
**(Model)** timestep 216 at simulation time 1 days and 42600.0 seconds
**(opnfct)** writes file GFCT06R20111011122011101300F.fct.T126L28 at simulation time
**(opnfct)** 1 days and 43200.0 seconds; contains state of the atmosphere at 00Z of 13/10/2011
**(rmsgt)** State of the atmosphere at 00Z of 13/10/2011:
**(rmsgt)** Layers and average means and variances:
**(rmsgt)** LYR  Z.S. DIV.  Z.A. DIV.  Z.S. VOR.  Z.A. VOR.  G.M. TEM.  Z.S. TEM.  Z.A. TEM.  G.M. S.H.  Z.S. S.H.  Z.A. S.H.
**(rmsgt)**  28  5.473D-07  4.225D-06  9.421D-06  2.344D-05   250.43       6.68       5.05    1.690D-06  4.016D-07  1.757D-07
**(rmsgt)**  27  1.840D-06  1.345D-05  1.388D-05  2.308D-05   226.75       4.97       6.96    1.797D-06  7.076D-07  2.134D-07
**(rmsgt)**  26  2.057D-06  1.181D-05  1.358D-05  1.960D-05   221.09       2.33       6.20    1.839D-06  7.907D-07  2.235D-07
**(rmsgt)**  25  1.386D-06  1.054D-05  1.220D-05  1.736D-05   216.90       2.30       5.94    2.030D-06  9.539D-07  2.947D-07
**(rmsgt)**  24  1.471D-06  9.106D-06  1.238D-05  1.527D-05   213.74       3.23       5.75    2.320D-06  1.189D-06  3.645D-07
**(rmsgt)**  23  1.286D-06  8.806D-06  1.049D-05  1.380D-05   210.24       5.22       5.32    2.747D-06  1.345D-06  5.103D-07
**(rmsgt)**  22  1.317D-06  9.068D-06  8.428D-06  1.466D-05   206.31       8.02       4.94    3.230D-06  1.271D-06  8.403D-07
**(rmsgt)**  21  1.454D-06  9.813D-06  8.199D-06  1.780D-05   204.82       9.43       4.34    4.011D-06  1.482D-06  1.825D-06
**(rmsgt)**  20  1.205D-06  1.161D-05  9.515D-06  2.218D-05   208.06       7.23       3.85    7.430D-06  2.686D-06  4.619D-06
**(rmsgt)**  19  1.129D-06  1.085D-05  1.140D-05  2.734D-05   213.35       3.84       3.89    1.818D-05  7.390D-06  1.246D-05
**(rmsgt)**  18  1.232D-06  9.652D-06  1.207D-05  3.301D-05   219.27       4.22       3.70    4.662D-05  2.353D-05  3.506D-05
**(rmsgt)**  17  1.347D-06  8.445D-06  1.140D-05  3.523D-05   226.18       7.35       3.19    1.105D-04  6.209D-05  8.458D-05
**(rmsgt)**  16  1.215D-06  7.996D-06  1.009D-05  3.498D-05   234.60       9.39       3.37    2.253D-04  1.180D-04  1.747D-04
**(rmsgt)**  15  9.143D-07  7.425D-06  8.559D-06  3.226D-05   242.96      10.42       3.85    3.965D-04  1.944D-04  3.127D-04
**(rmsgt)**  14  9.743D-07  6.605D-06  7.006D-06  2.848D-05   250.90      10.81       4.32    6.661D-04  3.130D-04  5.289D-04
**(rmsgt)**  13  7.850D-07  6.320D-06  5.863D-06  2.478D-05   257.80      10.97       4.47    1.053D-03  5.430D-04  7.950D-04
**(rmsgt)**  12  8.557D-07  6.354D-06  5.162D-06  2.198D-05   263.90      11.12       4.70    1.575D-03  8.708D-04  1.122D-03
**(rmsgt)**  11  8.808D-07  6.515D-06  4.887D-06  2.006D-05   268.47      10.95       4.59    2.197D-03  1.221D-03  1.484D-03
**(rmsgt)**  10  8.725D-07  6.685D-06  4.716D-06  1.863D-05   272.27      11.08       4.70    2.968D-03  1.705D-03  1.791D-03
**(rmsgt)**   9  7.590D-07  6.786D-06  4.594D-06  1.788D-05   275.68      11.12       4.71    4.017D-03  2.264D-03  1.978D-03
**(rmsgt)**   8  7.843D-07  6.971D-06  4.706D-06  1.807D-05   278.63      11.44       4.71    5.104D-03  2.745D-03  2.106D-03
**(rmsgt)**   7  9.475D-07  7.313D-06  4.913D-06  1.895D-05   281.23      11.86       4.59    6.113D-03  3.117D-03  2.233D-03
**(rmsgt)**   6  1.195D-06  8.150D-06  5.297D-06  2.040D-05   283.51      12.24       4.54    7.122D-03  3.546D-03  2.412D-03
**(rmsgt)**   5  1.451D-06  9.346D-06  5.602D-06  2.205D-05   285.44      12.58       4.48    8.007D-03  3.973D-03  2.587D-03
**(rmsgt)**   4  1.607D-06  1.098D-05  5.851D-06  2.349D-05   287.12      12.91       4.46    8.765D-03  4.414D-03  2.679D-03
**(rmsgt)**   3  1.835D-06  1.250D-05  5.828D-06  2.337D-05   288.42      13.27       4.54    9.533D-03  4.924D-03  2.683D-03
**(rmsgt)**   2  2.234D-06  1.287D-05  5.118D-06  2.001D-05   289.58      13.60       4.61    1.020D-02  5.299D-03  2.694D-03
**(rmsgt)**   1  2.512D-06  1.215D-05  3.707D-06  1.452D-05   289.81      14.02       5.21    1.078D-02  5.557D-03  2.844D-03
**(rmsgt)** AVE  1.168D-06  8.387D-06  7.862D-06  2.465D-05   251.92      10.11       4.43    2.439D-03  1.994D-03  1.420
**(rmsgt)** Log(surface pressure) mean and variance:
**(rmsgt)**  G.M.LNP.= 4.59    ; Z.S.LNP.=0.452D-01; Z.A.LNP.=0.655D-01
**(wridia)** file also contains diagnostics at 00Z of 13/10/2011:
**(globme)**TOTAL PRECIPITATION                      Std.Dev.=   3.1243568; Glob.Mean=   8.6420626    ; in units of Kg M**-2 Day
**-1
**(globme)**CONVECTIVE PRECIPITATION                 Std.Dev.=   2.3254380; Glob.Mean=   8.2416869    ; in units of Kg M**-2 Day
**-1
**(globme)**SENSIBLE HEAT FLUX FROM SURFACE          Std.Dev.=   4.6748254; Glob.Mean=   34.134632    ; in units of W M**-2
**(globme)**LATENT HEAT FLUX FROM SURFACE            Std.Dev.=   83.474026; Glob.Mean=   97.684626    ; in units of W M**-2
**(globme)**OUTGOING LONG WAVE AT TOP                Std.Dev.=   240.76696; Glob.Mean=   50.377734    ; in units of W M**-2
**(globme)**SHORT WAVE ABSORBED AT GROUND            Std.Dev.=   185.39920; Glob.Mean=   268.11548    ; in units of W M**-2
**(globme)**NET LONG WAVE AT BOTTOM                  Std.Dev.=   51.278158; Glob.Mean=   33.909475    ; in units of W M**-2
**(DestroyParallelism)** Process 0 ***MODEL EXECUTION ENDS NORMALY***

MPI Program Information:
========================
Note: It is measured from MPI_Init till MPI_Finalize.
      [U,R] specifies the Universe and the Process Rank in the Universe.

 * The  /gfs/dk22/modoper/tempo/global/oens/model/datain/desirtable file exists*
 SST:  IFSST=-1  MAX,MIN=  290.00     -303.32    

 From Nlnmi :
 n =   1 HnCut =  1000.00 Hn =  9766.75
 n =   2 HnCut =  1000.00 Hn =  4582.61
 n =   3 HnCut =  1000.00 Hn =  1601.91

 mods =   3 niter =   3

Global Data of 2 processes  :          Min [U,R]          Max [U,R]      Average
==========================

Real   Time (sec)           :      387.772 [0,1]      387.791 [0,0]      387.782
User   Time (sec)           :      322.317 [0,0]      351.310 [0,1]      336.814
System Time (sec)           :        5.718 [0,1]       15.942 [0,0]       10.830
Vector Time (sec)           :      279.256 [0,0]      304.719 [0,1]      291.987
Instruction Count           :  32172602178 [0,0]  32386093754 [0,1]  32279347966
Vector Instruction Count    :  10317702882 [0,0]  10696691044 [0,1]  10507196963
Vector Element Count        : 1955088571499 [0,0] 1992296856911 [0,1] 1973692714205
FLOP Count                  : 853732657118 [0,0] 870273628990 [0,1] 862003143054
MOPS                        :     5732.792 [0,1]     6133.529 [0,0]     5933.161
MFLOPS                      :     2477.225 [0,1]     2648.732 [0,0]     2562.979
Average Vector Length       :      186.254 [0,1]      189.489 [0,0]      187.871
Vector Operation Ratio (%)  :       98.895 [0,0]       98.923 [0,1]       98.909
Memory size used (MB)       :      901.338 [0,0]      901.994 [0,1]      901.666
MIPS                        :       92.187 [0,1]       99.817 [0,0]       96.002
Instruction Cache miss (sec):        9.815 [0,1]        9.840 [0,0]        9.828
Operand     Cache miss (sec):        5.856 [0,1]        5.978 [0,0]        5.917
Bank     Conflict Time (sec):        2.415 [0,0]        3.126 [0,1]        2.770


Overall Data:
=============

Real   Time (sec)           :      387.791
User   Time (sec)           :      673.627
System Time (sec)           :       21.660
Vector Time (sec)           :      583.975
GOPS   (rel. to User Time)  :       11.849
GFLOPS (rel. to User Time)  :        5.119
Memory size used (GB)       :        1.761

logout
