stty: : Invalid argument
vt100
resize:  can't open terminal /dev/tty
======================================
Welcome to tupan00: SUPER-UX 14.1 SX-6
Today is Mon Oct 10 16:36:43 GMT 2011
======================================
RODANDO MPI
MPI/SX: command Version 7.2.1 (25. June 2007): Copyright (c) NEC Corporation 1996-2007
MPI/SX: daemon  Version 7.2.4 (21. August 2008): Copyright (c) NEC Corporation 1996-2008

Values of significant variables used by MPI/SX:
-----------------------------------------------

  DISPLAY         = 
  MPICOLLORDER    = OFF
  MPICOMMINF      = NO
  MPIMULTITASKMIX = OFF
  MPIPROGINF      = DETAIL
  MPISUSPEND      = OFF
  MPIVERSION      = ON

Derived and further values:
---------------------------

  Wait method              : Busy waiting
  Global memory            : SX Global Memory

/usr/lib/mpi/mpid: Creating 2 processes of '/gfs/home3/modoper/tempo/global/oens/run/mpisep07R.sh' on local host tupan00
+ exec /gfs/home3/modoper/tempo/global/oens/model/exec/ParModel_MPI + exec 
/gfs/home3/modoper/tempo/global/oens/model/exec/ParModel_MPI 
MPI/SX: library Version 6.7.18 (20. April 2004): Copyright (c) NEC Corporation 1997-2004
**(CreateParallelism)** Process 0 (tupan00) among 2 processes with 1 threads is alive
 * The  /gfs/dk22/modoper/tempo/global/oens/model/datain/desirtable file exists*
**(DumpOptions)**
**(DumpOptions)** model T126L28 runs from 12Z 10/10/2011 to 00Z 12/10/2011 with initial state from 12Z 10/10/2011
**(DumpOptions)** model executes 216 timesteps of length 600 seconds
**(DumpOptions)** model dynamics configuration is  Eulerian, Gaussian and Quadratic Grid
**(DumpOptions)** input file name is /gfs/dk22/modoper/tempo/global/oens/model/datain/GANL07R2011101012S.unf.T126L28
**(DumpOptions)** output file directory is /gfs/dk22/modoper/tempo/global/oens/model/dataout/T126L28
**(DumpOptions)** model physics configuration:
**(DumpOptions)**    Shortwave Radiation is Lacis & Hansen
**(DumpOptions)**    Longwave Radiation is Harshvardhan
**(DumpOptions)**    Using a single global value for co2 concentration,
**(DumpOptions)**    with constant concentration of 0.3700000E+03 ppvm
**(DumpOptions)**    Using old 4-month zonally averaged climatology
**(DumpOptions)**    Deep Convection is KUO
**(DumpOptions)**    Shallow Convection is Tiedke
**(DumpOptions)**
 SST:  IFSST=-1  MAX,MIN=  290.00     -306.18    
**(opnfct)** writes file GFCT07R20111010122011101012F.icn.T126L28 at simulation time
**(opnfct)** 0 days and 0.0 seconds; contains state of the atmosphere at 12Z of 10/10/2011
**(rmsgt)** State of the atmosphere at 12Z of 10/10/2011:
**(rmsgt)** Layers and average means and variances:
**(rmsgt)** LYR  Z.S. DIV.  Z.A. DIV.  Z.S. VOR.  Z.A. VOR.  G.M. TEM.  Z.S. TEM.  Z.A. TEM.  G.M. S.H.  Z.S. S.H.  Z.A. S.H.
**(rmsgt)**  28  2.155D-06  2.513D-05  1.244D-05  2.934D-05   250.38       6.96       5.73    1.679D-06  4.123D-07  1.643D-07
**(rmsgt)**  27  1.764D-06  1.999D-05  1.645D-05  2.515D-05   228.06       3.60       4.41    1.792D-06  7.175D-07  2.053D-07
**(rmsgt)**  26  1.344D-06  1.863D-05  1.498D-05  2.216D-05   221.53       2.75       4.80    1.818D-06  8.011D-07  2.318D-07
**(rmsgt)**  25  1.316D-06  1.798D-05  1.348D-05  2.100D-05   216.85       3.69       4.90    2.000D-06  9.620D-07  2.936D-07
**(rmsgt)**  24  1.511D-06  1.949D-05  1.328D-05  2.134D-05   213.35       4.49       4.58    2.289D-06  1.199D-06  3.421D-07
**(rmsgt)**  23  1.461D-06  1.777D-05  1.099D-05  2.065D-05   209.78       5.82       4.33    2.725D-06  1.375D-06  4.391D-07
**(rmsgt)**  22  1.437D-06  1.837D-05  8.896D-06  2.124D-05   206.02       8.04       4.33    3.142D-06  1.283D-06  5.009D-07
**(rmsgt)**  21  1.654D-06  1.983D-05  8.203D-06  2.437D-05   204.39       9.57       4.11    3.514D-06  1.184D-06  8.183D-07
**(rmsgt)**  20  1.684D-06  2.192D-05  9.010D-06  2.970D-05   207.60       7.66       3.70    5.858D-06  1.732D-06  1.705D-06
**(rmsgt)**  19  2.130D-06  2.293D-05  1.109D-05  3.770D-05   213.03       4.42       3.81    1.457D-05  5.592D-06  5.032D-06
**(rmsgt)**  18  2.478D-06  2.291D-05  1.155D-05  4.742D-05   219.13       4.35       3.78    3.856D-05  2.214D-05  1.955D-05
**(rmsgt)**  17  1.949D-06  2.223D-05  1.137D-05  5.582D-05   226.46       7.33       3.03    9.284D-05  6.191D-05  6.861D-05
**(rmsgt)**  16  2.106D-06  2.147D-05  1.038D-05  5.726D-05   234.96       9.33       3.04    1.935D-04  1.304D-04  1.795D-04
**(rmsgt)**  15  1.908D-06  2.045D-05  9.066D-06  5.293D-05   243.55      10.21       3.54    3.712D-04  2.419D-04  3.733D-04
**(rmsgt)**  14  1.322D-06  1.955D-05  7.990D-06  4.714D-05   251.42      10.55       3.92    6.570D-04  4.279D-04  6.474D-04
**(rmsgt)**  13  1.311D-06  1.850D-05  6.881D-06  4.203D-05   258.28      10.65       4.18    1.077D-03  7.334D-04  9.921D-04
**(rmsgt)**  12  1.238D-06  1.831D-05  5.934D-06  3.826D-05   264.14      10.73       4.38    1.613D-03  1.091D-03  1.356D-03
**(rmsgt)**  11  1.399D-06  1.825D-05  5.424D-06  3.581D-05   269.06      10.84       4.53    2.287D-03  1.501D-03  1.682D-03
**(rmsgt)**  10  1.496D-06  1.844D-05  5.162D-06  3.501D-05   273.18      11.02       4.61    3.137D-03  1.983D-03  1.938D-03
**(rmsgt)**   9  1.365D-06  1.804D-05  5.017D-06  3.485D-05   276.66      11.17       4.67    4.127D-03  2.473D-03  2.103D-03
**(rmsgt)**   8  1.424D-06  1.801D-05  4.940D-06  3.493D-05   279.51      11.41       4.74    5.154D-03  2.890D-03  2.182D-03
**(rmsgt)**   7  1.419D-06  1.799D-05  5.148D-06  3.530D-05   281.69      11.61       4.84    6.225D-03  3.264D-03  2.192D-03
**(rmsgt)**   6  1.410D-06  1.815D-05  5.366D-06  3.629D-05   283.48      11.83       4.82    7.195D-03  3.649D-03  2.233D-03
**(rmsgt)**   5  1.943D-06  1.912D-05  5.623D-06  3.760D-05   285.17      12.17       4.70    7.990D-03  4.056D-03  2.319D-03
**(rmsgt)**   4  2.047D-06  2.057D-05  5.609D-06  3.791D-05   286.74      12.66       4.59    8.526D-03  4.326D-03  2.387D-03
**(rmsgt)**   3  2.385D-06  2.159D-05  5.342D-06  3.675D-05   288.04      13.30       4.59    8.868D-03  4.474D-03  2.442D-03
**(rmsgt)**   2  2.380D-06  2.187D-05  4.805D-06  3.404D-05   289.19      13.72       4.63    9.109D-03  4.579D-03  2.501D-03
**(rmsgt)**   1  2.351D-06  2.122D-05  4.392D-06  3.071D-05   290.08      14.03       4.71    9.348D-03  4.694D-03  2.557D-03
**(rmsgt)** AVE  1.704D-06  1.979D-05  8.202D-06  4.038D-05   252.20      10.01       4.23    2.418D-03  2.003D-03  1.428
**(rmsgt)** Log(surface pressure) mean and variance:
**(rmsgt)**  G.M.LNP.= 4.59    ; Z.S.LNP.=0.432D-01; Z.A.LNP.=0.659D-01

 From Nlnmi :
 n =   1 HnCut =  1000.00 Hn =  9766.75
 n =   2 HnCut =  1000.00 Hn =  4582.61
 n =   3 HnCut =  1000.00 Hn =  1601.91

 mods =   3 niter =   3

**(opnfct)** writes file GFCT07R20111010122011101012F.inz.T126L28 at simulation time
**(opnfct)** 0 days and 0.0 seconds; contains state of the atmosphere at 12Z of 10/10/2011
**(rmsgt)** State of the atmosphere at 12Z of 10/10/2011:
**(rmsgt)** Layers and average means and variances:
**(rmsgt)** LYR  Z.S. DIV.  Z.A. DIV.  Z.S. VOR.  Z.A. VOR.  G.M. TEM.  Z.S. TEM.  Z.A. TEM.  G.M. S.H.  Z.S. S.H.  Z.A. S.H.
**(rmsgt)**  28  6.455D-07  8.169D-06  1.310D-05  2.935D-05   250.38       6.95       5.78    1.679D-06  4.123D-07  1.643D-07
**(rmsgt)**  27  1.580D-06  1.953D-05  1.657D-05  2.520D-05   228.06       3.46       5.36    1.792D-06  7.175D-07  2.053D-07
**(rmsgt)**  26  1.331D-06  1.805D-05  1.494D-05  2.226D-05   221.53       2.59       4.94    1.818D-06  8.011D-07  2.318D-07
**(rmsgt)**  25  1.218D-06  1.747D-05  1.345D-05  2.109D-05   216.85       3.59       4.95    2.000D-06  9.620D-07  2.936D-07
**(rmsgt)**  24  1.433D-06  1.826D-05  1.327D-05  2.138D-05   213.35       4.45       4.65    2.289D-06  1.199D-06  3.421D-07
**(rmsgt)**  23  1.464D-06  1.721D-05  1.099D-05  2.066D-05   209.78       5.80       4.39    2.725D-06  1.375D-06  4.391D-07
**(rmsgt)**  22  1.419D-06  1.798D-05  8.888D-06  2.124D-05   206.02       8.03       4.47    3.142D-06  1.283D-06  5.009D-07
**(rmsgt)**  21  1.662D-06  1.971D-05  8.189D-06  2.437D-05   204.39       9.56       4.15    3.514D-06  1.184D-06  8.183D-07
**(rmsgt)**  20  1.674D-06  2.182D-05  9.003D-06  2.969D-05   207.60       7.65       3.75    5.858D-06  1.732D-06  1.705D-06
**(rmsgt)**  19  2.098D-06  2.273D-05  1.108D-05  3.769D-05   213.03       4.42       3.80    1.457D-05  5.592D-06  5.032D-06
**(rmsgt)**  18  2.490D-06  2.275D-05  1.154D-05  4.742D-05   219.13       4.37       3.82    3.856D-05  2.214D-05  1.955D-05
**(rmsgt)**  17  1.965D-06  2.203D-05  1.136D-05  5.582D-05   226.46       7.33       3.03    9.284D-05  6.191D-05  6.861D-05
**(rmsgt)**  16  2.076D-06  2.115D-05  1.037D-05  5.726D-05   234.96       9.35       3.19    1.935D-04  1.304D-04  1.795D-04
**(rmsgt)**  15  1.894D-06  2.008D-05  9.060D-06  5.293D-05   243.55      10.21       3.52    3.712D-04  2.419D-04  3.733D-04
**(rmsgt)**  14  1.322D-06  1.907D-05  7.984D-06  4.715D-05   251.42      10.57       4.09    6.570D-04  4.279D-04  6.474D-04
**(rmsgt)**  13  1.317D-06  1.802D-05  6.876D-06  4.203D-05   258.28      10.65       4.13    1.077D-03  7.334D-04  9.921D-04
**(rmsgt)**  12  1.228D-06  1.781D-05  5.929D-06  3.826D-05   264.14      10.76       4.57    1.613D-03  1.091D-03  1.356D-03
**(rmsgt)**  11  1.362D-06  1.780D-05  5.420D-06  3.581D-05   269.06      10.84       4.47    2.287D-03  1.501D-03  1.682D-03
**(rmsgt)**  10  1.457D-06  1.801D-05  5.159D-06  3.501D-05   273.18      11.04       4.80    3.137D-03  1.983D-03  1.938D-03
**(rmsgt)**   9  1.403D-06  1.768D-05  5.015D-06  3.485D-05   276.66      11.17       4.59    4.127D-03  2.473D-03  2.103D-03
**(rmsgt)**   8  1.416D-06  1.765D-05  4.939D-06  3.493D-05   279.51      11.44       4.92    5.154D-03  2.890D-03  2.182D-03
**(rmsgt)**   7  1.421D-06  1.773D-05  5.147D-06  3.530D-05   281.69      11.61       4.77    6.225D-03  3.264D-03  2.192D-03
**(rmsgt)**   6  1.409D-06  1.798D-05  5.366D-06  3.629D-05   283.48      11.85       4.96    7.195D-03  3.649D-03  2.233D-03
**(rmsgt)**   5  1.934D-06  1.902D-05  5.623D-06  3.760D-05   285.17      12.17       4.63    7.990D-03  4.056D-03  2.319D-03
**(rmsgt)**   4  2.050D-06  2.056D-05  5.609D-06  3.791D-05   286.74      12.69       4.74    8.526D-03  4.326D-03  2.387D-03
**(rmsgt)**   3  2.379D-06  2.167D-05  5.343D-06  3.675D-05   288.04      13.29       4.52    8.868D-03  4.474D-03  2.442D-03
**(rmsgt)**   2  2.369D-06  2.197D-05  4.806D-06  3.404D-05   289.19      13.75       4.78    9.109D-03  4.579D-03  2.501D-03
**(rmsgt)**   1  2.326D-06  2.136D-05  4.393D-06  3.071D-05   290.08      14.03       4.63    9.348D-03  4.694D-03  2.557D-03
**(rmsgt)** AVE  1.685D-06  1.938D-05  8.205D-06  4.038D-05   252.20      10.02       4.30    2.418D-03  2.003D-03  1.428
**(rmsgt)** Log(surface pressure) mean and variance:
**(rmsgt)**  G.M.LNP.= 4.59    ; Z.S.LNP.=0.435D-01; Z.A.LNP.=0.668D-01
**(Model)** cold start step 1
**(Model)** cold start step 2
**(Model)** timestep 2 at simulation time 0 days and 600.0 seconds
**(Model)** timestep 3 at simulation time 0 days and 1200.0 seconds
**(Model)** timestep 4 at simulation time 0 days and 1800.0 seconds
**(Model)** timestep 5 at simulation time 0 days and 2400.0 seconds
**(Model)** timestep 6 at simulation time 0 days and 3000.0 seconds
**(Model)** timestep 7 at simulation time 0 days and 3600.0 seconds
**(Model)** timestep 8 at simulation time 0 days and 4200.0 seconds
**(Model)** timestep 9 at simulation time 0 days and 4800.0 seconds
**(Model)** timestep 10 at simulation time 0 days and 5400.0 seconds
**(Model)** timestep 11 at simulation time 0 days and 6000.0 seconds
**(Model)** timestep 12 at simulation time 0 days and 6600.0 seconds
**(Model)** timestep 13 at simulation time 0 days and 7200.0 seconds
**(Model)** timestep 14 at simulation time 0 days and 7800.0 seconds
**(Model)** timestep 15 at simulation time 0 days and 8400.0 seconds
**(Model)** timestep 16 at simulation time 0 days and 9000.0 seconds
**(Model)** timestep 17 at simulation time 0 days and 9600.0 seconds
**(Model)** timestep 18 at simulation time 0 days and 10200.0 seconds
**(opnfct)** writes file GFCT07R20111010122011101015F.fct.T126L28 at simulation time
**(opnfct)** 0 days and 10800.0 seconds; contains state of the atmosphere at 15Z of 10/10/2011
**(rmsgt)** State of the atmosphere at 15Z of 10/10/2011:
**(rmsgt)** Layers and average means and variances:
**(rmsgt)** LYR  Z.S. DIV.  Z.A. DIV.  Z.S. VOR.  Z.A. VOR.  G.M. TEM.  Z.S. TEM.  Z.A. TEM.  G.M. S.H.  Z.S. S.H.  Z.A. S.H.
**(rmsgt)**  28  9.765D-07  5.685D-06  1.282D-05  2.236D-05   250.43       6.93       5.78    1.680D-06  4.115D-07  1.642D-07
**(rmsgt)**  27  2.202D-06  1.565D-05  1.652D-05  2.064D-05   227.85       3.45       5.00    1.792D-06  7.185D-07  2.011D-07
**(rmsgt)**  26  1.479D-06  1.442D-05  1.504D-05  1.705D-05   221.36       2.67       5.03    1.819D-06  8.014D-07  2.242D-07
**(rmsgt)**  25  1.160D-06  1.097D-05  1.350D-05  1.480D-05   216.81       3.51       5.04    2.003D-06  9.624D-07  2.852D-07
**(rmsgt)**  24  1.296D-06  1.157D-05  1.314D-05  1.379D-05   213.39       4.37       4.66    2.290D-06  1.200D-06  3.349D-07
**(rmsgt)**  23  1.463D-06  1.169D-05  1.091D-05  1.349D-05   209.87       5.74       4.43    2.724D-06  1.375D-06  4.286D-07
**(rmsgt)**  22  1.394D-06  1.317D-05  8.869D-06  1.461D-05   206.20       7.97       4.39    3.146D-06  1.284D-06  5.010D-07
**(rmsgt)**  21  1.436D-06  1.393D-05  8.185D-06  1.822D-05   204.55       9.52       4.09    3.569D-06  1.215D-06  8.785D-07
**(rmsgt)**  20  1.561D-06  1.544D-05  9.068D-06  2.371D-05   207.71       7.63       3.78    6.037D-06  1.831D-06  2.162D-06
**(rmsgt)**  19  2.094D-06  1.448D-05  1.102D-05  3.095D-05   213.13       4.39       3.88    1.517D-05  6.020D-06  6.759D-06
**(rmsgt)**  18  2.460D-06  1.369D-05  1.157D-05  3.969D-05   219.21       4.35       3.91    3.989D-05  2.255D-05  2.179D-05
**(rmsgt)**  17  1.758D-06  1.221D-05  1.124D-05  4.513D-05   226.45       7.33       3.24    9.581D-05  6.201D-05  6.868D-05
**(rmsgt)**  16  1.453D-06  1.067D-05  1.025D-05  4.465D-05   234.91       9.40       3.46    1.976D-04  1.297D-04  1.724D-04
**(rmsgt)**  15  1.243D-06  9.744D-06  8.813D-06  4.035D-05   243.47      10.27       3.81    3.748D-04  2.364D-04  3.512D-04
**(rmsgt)**  14  1.002D-06  8.856D-06  7.515D-06  3.520D-05   251.35      10.64       4.30    6.569D-04  4.129D-04  6.007D-04
**(rmsgt)**  13  9.406D-07  8.581D-06  6.253D-06  3.056D-05   258.21      10.71       4.34    1.072D-03  7.083D-04  9.210D-04
**(rmsgt)**  12  9.415D-07  7.926D-06  5.429D-06  2.730D-05   264.10      10.82       4.67    1.606D-03  1.058D-03  1.271D-03
**(rmsgt)**  11  9.871D-07  8.025D-06  5.097D-06  2.518D-05   268.99      10.86       4.60    2.275D-03  1.464D-03  1.590D-03
**(rmsgt)**  10  8.694D-07  7.978D-06  4.922D-06  2.388D-05   273.11      11.05       4.77    3.117D-03  1.952D-03  1.829D-03
**(rmsgt)**   9  8.750D-07  8.063D-06  4.742D-06  2.314D-05   276.51      11.12       4.67    4.118D-03  2.455D-03  1.983D-03
**(rmsgt)**   8  8.644D-07  8.094D-06  4.681D-06  2.295D-05   279.30      11.38       4.82    5.154D-03  2.885D-03  2.045D-03
**(rmsgt)**   7  9.379D-07  8.301D-06  4.774D-06  2.316D-05   281.51      11.60       4.75    6.196D-03  3.259D-03  2.056D-03
**(rmsgt)**   6  1.136D-06  8.982D-06  4.979D-06  2.422D-05   283.41      11.91       4.75    7.169D-03  3.651D-03  2.117D-03
**(rmsgt)**   5  1.520D-06  1.030D-05  5.204D-06  2.559D-05   285.18      12.33       4.54    7.941D-03  3.988D-03  2.229D-03
**(rmsgt)**   4  1.782D-06  1.167D-05  5.260D-06  2.639D-05   286.81      12.80       4.50    8.614D-03  4.325D-03  2.334D-03
**(rmsgt)**   3  2.060D-06  1.312D-05  5.084D-06  2.561D-05   288.23      13.36       4.51    9.142D-03  4.595D-03  2.441D-03
**(rmsgt)**   2  2.314D-06  1.422D-05  4.479D-06  2.229D-05   289.48      13.85       4.62    9.500D-03  4.740D-03  2.526D-03
**(rmsgt)**   1  2.184D-06  1.359D-05  3.415D-06  1.665D-05   290.20      14.25       4.84    9.846D-03  4.886D-03  2.637D-03
**(rmsgt)** AVE  1.394D-06  1.060D-05  7.998D-06  2.999D-05   252.17      10.04       4.36    2.430D-03  2.007D-03  1.363
**(rmsgt)** Log(surface pressure) mean and variance:
**(rmsgt)**  G.M.LNP.= 4.59    ; Z.S.LNP.=0.434D-01; Z.A.LNP.=0.662D-01
**(wridia)** file also contains diagnostics at 15Z of 10/10/2011:
**(globme)**TOTAL PRECIPITATION                      Std.Dev.=   3.5030498; Glob.Mean=   8.9569935    ; in units of Kg M**-2 Day
**-1
**(globme)**CONVECTIVE PRECIPITATION                 Std.Dev.=   3.0298333; Glob.Mean=   8.6049608    ; in units of Kg M**-2 Day
**-1
**(globme)**SENSIBLE HEAT FLUX FROM SURFACE          Std.Dev.=   26.808971; Glob.Mean=   72.525091    ; in units of W M**-2
**(globme)**LATENT HEAT FLUX FROM SURFACE            Std.Dev.=   129.56119; Glob.Mean=   138.01740    ; in units of W M**-2
**(globme)**OUTGOING LONG WAVE AT TOP                Std.Dev.=   265.94250; Glob.Mean=   33.289436    ; in units of W M**-2
**(globme)**SHORT WAVE ABSORBED AT GROUND            Std.Dev.=   189.50726; Glob.Mean=   266.00252    ; in units of W M**-2
**(globme)**NET LONG WAVE AT BOTTOM                  Std.Dev.=   59.316445; Glob.Mean=   37.264273    ; in units of W M**-2
**(Model)** timestep 19 at simulation time 0 days and 10800.0 seconds
**(Model)** timestep 20 at simulation time 0 days and 11400.0 seconds
**(Model)** timestep 21 at simulation time 0 days and 12000.0 seconds
**(Model)** timestep 22 at simulation time 0 days and 12600.0 seconds
**(Model)** timestep 23 at simulation time 0 days and 13200.0 seconds
**(Model)** timestep 24 at simulation time 0 days and 13800.0 seconds
**(Model)** timestep 25 at simulation time 0 days and 14400.0 seconds
**(Model)** timestep 26 at simulation time 0 days and 15000.0 seconds
**(Model)** timestep 27 at simulation time 0 days and 15600.0 seconds
**(Model)** timestep 28 at simulation time 0 days and 16200.0 seconds
**(Model)** timestep 29 at simulation time 0 days and 16800.0 seconds
**(Model)** timestep 30 at simulation time 0 days and 17400.0 seconds
**(Model)** timestep 31 at simulation time 0 days and 18000.0 seconds
**(Model)** timestep 32 at simulation time 0 days and 18600.0 seconds
**(Model)** timestep 33 at simulation time 0 days and 19200.0 seconds
**(Model)** timestep 34 at simulation time 0 days and 19800.0 seconds
**(Model)** timestep 35 at simulation time 0 days and 20400.0 seconds
**(Model)** timestep 36 at simulation time 0 days and 21000.0 seconds
**(opnfct)** writes file GFCT07R20111010122011101018F.fct.T126L28 at simulation time
**(opnfct)** 0 days and 21600.0 seconds; contains state of the atmosphere at 18Z of 10/10/2011
**(rmsgt)** State of the atmosphere at 18Z of 10/10/2011:
**(rmsgt)** Layers and average means and variances:
**(rmsgt)** LYR  Z.S. DIV.  Z.A. DIV.  Z.S. VOR.  Z.A. VOR.  G.M. TEM.  Z.S. TEM.  Z.A. TEM.  G.M. S.H.  Z.S. S.H.  Z.A. S.H.
**(rmsgt)**  28  9.426D-07  6.766D-06  1.294D-05  2.198D-05   250.43       6.92       5.87    1.680D-06  4.105D-07  1.640D-07
**(rmsgt)**  27  2.319D-06  1.846D-05  1.641D-05  2.089D-05   227.79       3.47       5.24    1.791D-06  7.194D-07  2.008D-07
**(rmsgt)**  26  1.669D-06  1.498D-05  1.513D-05  1.739D-05   221.29       2.75       5.13    1.820D-06  8.018D-07  2.206D-07
**(rmsgt)**  25  1.456D-06  1.248D-05  1.360D-05  1.473D-05   216.79       3.56       5.08    2.004D-06  9.624D-07  2.815D-07
**(rmsgt)**  24  1.334D-06  1.145D-05  1.314D-05  1.353D-05   213.41       4.38       4.70    2.294D-06  1.200D-06  3.328D-07
**(rmsgt)**  23  1.513D-06  1.076D-05  1.096D-05  1.353D-05   209.88       5.76       4.47    2.725D-06  1.374D-06  4.271D-07
**(rmsgt)**  22  1.390D-06  1.036D-05  8.841D-06  1.486D-05   206.20       8.03       4.43    3.153D-06  1.283D-06  5.298D-07
**(rmsgt)**  21  1.263D-06  1.182D-05  8.089D-06  1.799D-05   204.64       9.49       4.07    3.631D-06  1.259D-06  1.014D-06
**(rmsgt)**  20  1.508D-06  1.236D-05  9.018D-06  2.317D-05   207.78       7.62       3.77    6.161D-06  1.906D-06  2.612D-06
**(rmsgt)**  19  1.882D-06  1.203D-05  1.100D-05  2.977D-05   213.17       4.40       3.92    1.534D-05  5.982D-06  7.635D-06
**(rmsgt)**  18  2.220D-06  1.172D-05  1.170D-05  3.748D-05   219.22       4.35       3.90    4.036D-05  2.213D-05  2.325D-05
**(rmsgt)**  17  1.630D-06  1.081D-05  1.130D-05  4.185D-05   226.42       7.32       3.32    9.762D-05  6.193D-05  6.887D-05
**(rmsgt)**  16  1.292D-06  9.583D-06  1.013D-05  4.128D-05   234.86       9.41       3.56    1.998D-04  1.289D-04  1.692D-04
**(rmsgt)**  15  1.202D-06  8.668D-06  8.699D-06  3.751D-05   243.40      10.28       3.93    3.741D-04  2.304D-04  3.368D-04
**(rmsgt)**  14  9.469D-07  7.884D-06  7.375D-06  3.297D-05   251.30      10.67       4.37    6.541D-04  4.014D-04  5.710D-04
**(rmsgt)**  13  6.848D-07  7.207D-06  6.063D-06  2.874D-05   258.18      10.76       4.43    1.065D-03  6.915D-04  8.830D-04
**(rmsgt)**  12  7.746D-07  6.767D-06  5.287D-06  2.564D-05   264.10      10.87       4.68    1.596D-03  1.038D-03  1.231D-03
**(rmsgt)**  11  7.742D-07  6.818D-06  4.915D-06  2.364D-05   268.96      10.88       4.63    2.260D-03  1.441D-03  1.549D-03
**(rmsgt)**  10  8.279D-07  6.899D-06  4.715D-06  2.218D-05   273.05      11.08       4.76    3.091D-03  1.931D-03  1.790D-03
**(rmsgt)**   9  8.781D-07  6.977D-06  4.574D-06  2.135D-05   276.41      11.11       4.70    4.105D-03  2.437D-03  1.946D-03
**(rmsgt)**   8  8.830D-07  7.191D-06  4.581D-06  2.105D-05   279.20      11.36       4.80    5.154D-03  2.876D-03  2.011D-03
**(rmsgt)**   7  9.004D-07  7.724D-06  4.728D-06  2.114D-05   281.51      11.66       4.70    6.171D-03  3.236D-03  2.044D-03
**(rmsgt)**   6  1.124D-06  8.869D-06  4.993D-06  2.196D-05   283.50      11.99       4.68    7.145D-03  3.612D-03  2.111D-03
**(rmsgt)**   5  1.494D-06  1.040D-05  5.211D-06  2.325D-05   285.29      12.42       4.47    7.950D-03  3.942D-03  2.239D-03
**(rmsgt)**   4  1.811D-06  1.194D-05  5.183D-06  2.432D-05   286.93      12.86       4.44    8.722D-03  4.355D-03  2.385D-03
**(rmsgt)**   3  2.029D-06  1.321D-05  4.993D-06  2.413D-05   288.28      13.42       4.52    9.333D-03  4.706D-03  2.490D-03
**(rmsgt)**   2  2.245D-06  1.401D-05  4.410D-06  2.116D-05   289.54      13.85       4.60    9.740D-03  4.889D-03  2.582D-03
**(rmsgt)**   1  2.160D-06  1.356D-05  3.363D-06  1.582D-05   290.12      14.19       4.93    1.012D-02  5.073D-03  2.703D-03
**(rmsgt)** AVE  1.311D-06  9.541D-06  7.941D-06  2.805D-05   252.16      10.07       4.38    2.437D-03  2.012D-03  1.353
**(rmsgt)** Log(surface pressure) mean and variance:
**(rmsgt)**  G.M.LNP.= 4.59    ; Z.S.LNP.=0.435D-01; Z.A.LNP.=0.661D-01
**(wridia)** file also contains diagnostics at 18Z of 10/10/2011:
**(globme)**TOTAL PRECIPITATION                      Std.Dev.=   3.3968167; Glob.Mean=   8.8855882    ; in units of Kg M**-2 Day
**-1
**(globme)**CONVECTIVE PRECIPITATION                 Std.Dev.=   2.8798653; Glob.Mean=   8.6448411    ; in units of Kg M**-2 Day
**-1
**(globme)**SENSIBLE HEAT FLUX FROM SURFACE          Std.Dev.=   20.413349; Glob.Mean=   71.470661    ; in units of W M**-2
**(globme)**LATENT HEAT FLUX FROM SURFACE            Std.Dev.=   113.57244; Glob.Mean=   122.79525    ; in units of W M**-2
**(globme)**OUTGOING LONG WAVE AT TOP                Std.Dev.=   245.88132; Glob.Mean=   49.234269    ; in units of W M**-2
**(globme)**SHORT WAVE ABSORBED AT GROUND            Std.Dev.=   175.53740; Glob.Mean=   242.85630    ; in units of W M**-2
**(globme)**NET LONG WAVE AT BOTTOM                  Std.Dev.=   54.668337; Glob.Mean=   41.946322    ; in units of W M**-2
**(Model)** timestep 37 at simulation time 0 days and 21600.0 seconds
**(Model)** timestep 38 at simulation time 0 days and 22200.0 seconds
**(Model)** timestep 39 at simulation time 0 days and 22800.0 seconds
**(Model)** timestep 40 at simulation time 0 days and 23400.0 seconds
**(Model)** timestep 41 at simulation time 0 days and 24000.0 seconds
**(Model)** timestep 42 at simulation time 0 days and 24600.0 seconds
**(Model)** timestep 43 at simulation time 0 days and 25200.0 seconds
**(Model)** timestep 44 at simulation time 0 days and 25800.0 seconds
**(Model)** timestep 45 at simulation time 0 days and 26400.0 seconds
**(Model)** timestep 46 at simulation time 0 days and 27000.0 seconds
**(Model)** timestep 47 at simulation time 0 days and 27600.0 seconds
**(Model)** timestep 48 at simulation time 0 days and 28200.0 seconds
**(Model)** timestep 49 at simulation time 0 days and 28800.0 seconds
**(Model)** timestep 50 at simulation time 0 days and 29400.0 seconds
**(Model)** timestep 51 at simulation time 0 days and 30000.0 seconds
**(Model)** timestep 52 at simulation time 0 days and 30600.0 seconds
**(Model)** timestep 53 at simulation time 0 days and 31200.0 seconds
**(Model)** timestep 54 at simulation time 0 days and 31800.0 seconds
**(opnfct)** writes file GFCT07R20111010122011101021F.fct.T126L28 at simulation time
**(opnfct)** 0 days and 32400.0 seconds; contains state of the atmosphere at 21Z of 10/10/2011
**(rmsgt)** State of the atmosphere at 21Z of 10/10/2011:
**(rmsgt)** Layers and average means and variances:
**(rmsgt)** LYR  Z.S. DIV.  Z.A. DIV.  Z.S. VOR.  Z.A. VOR.  G.M. TEM.  Z.S. TEM.  Z.A. TEM.  G.M. S.H.  Z.S. S.H.  Z.A. S.H.
**(rmsgt)**  28  8.810D-07  6.153D-06  1.296D-05  2.174D-05   250.42       6.92       5.88    1.681D-06  4.101D-07  1.632D-07
**(rmsgt)**  27  2.093D-06  1.778D-05  1.626D-05  2.138D-05   227.68       3.47       5.53    1.793D-06  7.191D-07  2.017D-07
**(rmsgt)**  26  1.568D-06  1.448D-05  1.506D-05  1.773D-05   221.30       2.76       5.22    1.822D-06  8.002D-07  2.185D-07
**(rmsgt)**  25  1.354D-06  1.248D-05  1.348D-05  1.485D-05   216.79       3.61       5.03    2.005D-06  9.615D-07  2.792D-07
**(rmsgt)**  24  1.245D-06  1.091D-05  1.309D-05  1.359D-05   213.44       4.41       4.67    2.295D-06  1.200D-06  3.317D-07
**(rmsgt)**  23  1.185D-06  9.883D-06  1.103D-05  1.332D-05   209.90       5.79       4.41    2.725D-06  1.372D-06  4.295D-07
**(rmsgt)**  22  1.098D-06  9.914D-06  8.911D-06  1.475D-05   206.20       8.07       4.41    3.154D-06  1.278D-06  5.450D-07
**(rmsgt)**  21  1.235D-06  1.102D-05  8.073D-06  1.822D-05   204.68       9.47       4.09    3.680D-06  1.291D-06  1.124D-06
**(rmsgt)**  20  1.407D-06  1.198D-05  8.938D-06  2.303D-05   207.81       7.57       3.77    6.298D-06  1.984D-06  2.977D-06
**(rmsgt)**  19  1.906D-06  1.162D-05  1.091D-05  2.918D-05   213.18       4.36       3.93    1.556D-05  5.982D-06  8.413D-06
**(rmsgt)**  18  1.844D-06  1.109D-05  1.163D-05  3.628D-05   219.23       4.34       3.87    4.079D-05  2.197D-05  2.440D-05
**(rmsgt)**  17  1.315D-06  1.032D-05  1.120D-05  4.001D-05   226.40       7.32       3.29    9.912D-05  6.203D-05  6.892D-05
**(rmsgt)**  16  1.217D-06  9.320D-06  9.956D-06  3.961D-05   234.84       9.41       3.52    2.019D-04  1.275D-04  1.663D-04
**(rmsgt)**  15  1.059D-06  8.374D-06  8.520D-06  3.613D-05   243.36      10.26       3.91    3.757D-04  2.249D-04  3.271D-04
**(rmsgt)**  14  9.121D-07  7.475D-06  7.239D-06  3.159D-05   251.27      10.67       4.35    6.540D-04  3.910D-04  5.527D-04
**(rmsgt)**  13  7.896D-07  6.862D-06  5.982D-06  2.755D-05   258.16      10.77       4.43    1.065D-03  6.802D-04  8.576D-04
**(rmsgt)**  12  7.562D-07  6.564D-06  5.213D-06  2.458D-05   264.10      10.90       4.67    1.597D-03  1.029D-03  1.205D-03
**(rmsgt)**  11  7.278D-07  6.333D-06  4.756D-06  2.268D-05   268.91      10.87       4.64    2.251D-03  1.425D-03  1.530D-03
**(rmsgt)**  10  7.714D-07  6.485D-06  4.498D-06  2.128D-05   272.96      11.08       4.77    3.066D-03  1.912D-03  1.775D-03
**(rmsgt)**   9  6.876D-07  6.318D-06  4.393D-06  2.042D-05   276.34      11.10       4.72    4.089D-03  2.419D-03  1.930D-03
**(rmsgt)**   8  7.001D-07  6.882D-06  4.478D-06  2.006D-05   279.13      11.35       4.79    5.147D-03  2.864D-03  1.999D-03
**(rmsgt)**   7  8.248D-07  7.489D-06  4.712D-06  2.025D-05   281.49      11.70       4.64    6.141D-03  3.215D-03  2.050D-03
**(rmsgt)**   6  1.125D-06  8.623D-06  5.042D-06  2.107D-05   283.54      12.04       4.61    7.127D-03  3.579D-03  2.121D-03
**(rmsgt)**   5  1.514D-06  1.015D-05  5.263D-06  2.237D-05   285.30      12.49       4.45    7.973D-03  3.932D-03  2.260D-03
**(rmsgt)**   4  1.850D-06  1.195D-05  5.227D-06  2.350D-05   286.94      12.90       4.42    8.756D-03  4.363D-03  2.421D-03
**(rmsgt)**   3  2.067D-06  1.317D-05  5.044D-06  2.347D-05   288.28      13.37       4.49    9.428D-03  4.774D-03  2.528D-03
**(rmsgt)**   2  2.309D-06  1.375D-05  4.435D-06  2.064D-05   289.49      13.75       4.59    9.896D-03  5.007D-03  2.608D-03
**(rmsgt)**   1  2.228D-06  1.348D-05  3.360D-06  1.541D-05   289.86      14.01       5.04    1.033D-02  5.234D-03  2.735D-03
**(rmsgt)** AVE  1.220D-06  9.170D-06  7.859D-06  2.703D-05   252.14      10.07       4.37    2.440D-03  2.016D-03  1.351
**(rmsgt)** Log(surface pressure) mean and variance:
**(rmsgt)**  G.M.LNP.= 4.59    ; Z.S.LNP.=0.436D-01; Z.A.LNP.=0.662D-01
**(wridia)** file also contains diagnostics at 21Z of 10/10/2011:
**(globme)**TOTAL PRECIPITATION                      Std.Dev.=   3.3614534; Glob.Mean=   9.0278648    ; in units of Kg M**-2 Day
**-1
**(globme)**CONVECTIVE PRECIPITATION                 Std.Dev.=   2.7587928; Glob.Mean=   8.7497208    ; in units of Kg M**-2 Day
**-1
**(globme)**SENSIBLE HEAT FLUX FROM SURFACE          Std.Dev.=   13.686161; Glob.Mean=   58.092285    ; in units of W M**-2
**(globme)**LATENT HEAT FLUX FROM SURFACE            Std.Dev.=   103.21862; Glob.Mean=   113.08719    ; in units of W M**-2
**(globme)**OUTGOING LONG WAVE AT TOP                Std.Dev.=   244.75282; Glob.Mean=   48.484384    ; in units of W M**-2
**(globme)**SHORT WAVE ABSORBED AT GROUND            Std.Dev.=   178.03084; Glob.Mean=   254.60394    ; in units of W M**-2
**(globme)**NET LONG WAVE AT BOTTOM                  Std.Dev.=   52.467731; Glob.Mean=   37.156589    ; in units of W M**-2
**(Model)** timestep 55 at simulation time 0 days and 32400.0 seconds
**(Model)** timestep 56 at simulation time 0 days and 33000.0 seconds
**(Model)** timestep 57 at simulation time 0 days and 33600.0 seconds
**(Model)** timestep 58 at simulation time 0 days and 34200.0 seconds
**(Model)** timestep 59 at simulation time 0 days and 34800.0 seconds
**(Model)** timestep 60 at simulation time 0 days and 35400.0 seconds
**(Model)** timestep 61 at simulation time 0 days and 36000.0 seconds
**(Model)** timestep 62 at simulation time 0 days and 36600.0 seconds
**(Model)** timestep 63 at simulation time 0 days and 37200.0 seconds
**(Model)** timestep 64 at simulation time 0 days and 37800.0 seconds
**(Model)** timestep 65 at simulation time 0 days and 38400.0 seconds
**(Model)** timestep 66 at simulation time 0 days and 39000.0 seconds
**(Model)** timestep 67 at simulation time 0 days and 39600.0 seconds
**(Model)** timestep 68 at simulation time 0 days and 40200.0 seconds
**(Model)** timestep 69 at simulation time 0 days and 40800.0 seconds
**(Model)** timestep 70 at simulation time 0 days and 41400.0 seconds
**(Model)** timestep 71 at simulation time 0 days and 42000.0 seconds
**(Model)** timestep 72 at simulation time 0 days and 42600.0 seconds
**(opnfct)** writes file GFCT07R20111010122011101100F.fct.T126L28 at simulation time
**(opnfct)** 0 days and 43200.0 seconds; contains state of the atmosphere at 00Z of 11/10/2011
**(rmsgt)** State of the atmosphere at 00Z of 11/10/2011:
**(rmsgt)** Layers and average means and variances:
**(rmsgt)** LYR  Z.S. DIV.  Z.A. DIV.  Z.S. VOR.  Z.A. VOR.  G.M. TEM.  Z.S. TEM.  Z.A. TEM.  G.M. S.H.  Z.S. S.H.  Z.A. S.H.
**(rmsgt)**  28  9.313D-07  5.672D-06  1.265D-05  2.180D-05   250.42       6.89       5.83    1.682D-06  4.101D-07  1.631D-07
**(rmsgt)**  27  2.022D-06  1.798D-05  1.637D-05  2.183D-05   227.58       3.44       5.81    1.795D-06  7.186D-07  2.006D-07
**(rmsgt)**  26  1.709D-06  1.397D-05  1.512D-05  1.815D-05   221.28       2.66       5.34    1.825D-06  7.989D-07  2.165D-07
**(rmsgt)**  25  1.836D-06  1.217D-05  1.346D-05  1.532D-05   216.80       3.52       5.03    2.007D-06  9.601D-07  2.791D-07
**(rmsgt)**  24  1.260D-06  1.080D-05  1.304D-05  1.359D-05   213.48       4.32       4.65    2.295D-06  1.199D-06  3.344D-07
**(rmsgt)**  23  1.352D-06  1.032D-05  1.101D-05  1.301D-05   209.94       5.73       4.38    2.723D-06  1.371D-06  4.343D-07
**(rmsgt)**  22  1.226D-06  9.669D-06  8.993D-06  1.439D-05   206.21       8.05       4.34    3.153D-06  1.273D-06  5.641D-07
**(rmsgt)**  21  1.273D-06  1.069D-05  8.187D-06  1.821D-05   204.70       9.43       4.07    3.721D-06  1.319D-06  1.265D-06
**(rmsgt)**  20  1.534D-06  1.205D-05  9.032D-06  2.296D-05   207.82       7.51       3.77    6.443D-06  2.079D-06  3.347D-06
**(rmsgt)**  19  1.640D-06  1.140D-05  1.091D-05  2.894D-05   213.18       4.29       3.91    1.596D-05  6.197D-06  9.262D-06
**(rmsgt)**  18  1.542D-06  1.070D-05  1.161D-05  3.561D-05   219.21       4.32       3.84    4.180D-05  2.244D-05  2.659D-05
**(rmsgt)**  17  1.164D-06  9.977D-06  1.112D-05  3.891D-05   226.39       7.30       3.26    1.015D-04  6.316D-05  7.185D-05
**(rmsgt)**  16  1.307D-06  9.036D-06  9.902D-06  3.847D-05   234.83       9.40       3.47    2.054D-04  1.271D-04  1.695D-04
**(rmsgt)**  15  1.023D-06  8.040D-06  8.467D-06  3.514D-05   243.32      10.26       3.87    3.800D-04  2.213D-04  3.295D-04
**(rmsgt)**  14  8.539D-07  7.269D-06  7.185D-06  3.062D-05   251.23      10.67       4.32    6.584D-04  3.836D-04  5.525D-04
**(rmsgt)**  13  8.251D-07  6.802D-06  5.934D-06  2.667D-05   258.13      10.78       4.42    1.069D-03  6.698D-04  8.526D-04
**(rmsgt)**  12  8.271D-07  6.588D-06  5.147D-06  2.385D-05   264.08      10.91       4.66    1.600D-03  1.016D-03  1.202D-03
**(rmsgt)**  11  7.865D-07  6.277D-06  4.696D-06  2.202D-05   268.85      10.85       4.64    2.240D-03  1.404D-03  1.533D-03
**(rmsgt)**  10  7.827D-07  6.477D-06  4.420D-06  2.067D-05   272.86      11.06       4.77    3.043D-03  1.892D-03  1.777D-03
**(rmsgt)**   9  6.658D-07  6.530D-06  4.318D-06  1.975D-05   276.26      11.08       4.72    4.074D-03  2.407D-03  1.934D-03
**(rmsgt)**   8  6.191D-07  6.947D-06  4.413D-06  1.955D-05   279.06      11.34       4.77    5.134D-03  2.854D-03  2.004D-03
**(rmsgt)**   7  7.388D-07  7.433D-06  4.670D-06  1.998D-05   281.44      11.73       4.59    6.115D-03  3.198D-03  2.062D-03
**(rmsgt)**   6  1.050D-06  8.204D-06  5.003D-06  2.096D-05   283.52      12.07       4.57    7.104D-03  3.564D-03  2.140D-03
**(rmsgt)**   5  1.441D-06  9.425D-06  5.250D-06  2.225D-05   285.28      12.48       4.44    7.975D-03  3.934D-03  2.288D-03
**(rmsgt)**   4  1.767D-06  1.090D-05  5.326D-06  2.339D-05   286.89      12.86       4.41    8.761D-03  4.363D-03  2.453D-03
**(rmsgt)**   3  2.040D-06  1.201D-05  5.179D-06  2.329D-05   288.16      13.29       4.50    9.488D-03  4.823D-03  2.553D-03
**(rmsgt)**   2  2.290D-06  1.245D-05  4.496D-06  2.033D-05   289.35      13.64       4.61    1.001D-02  5.109D-03  2.617D-03
**(rmsgt)**   1  2.179D-06  1.220D-05  3.331D-06  1.491D-05   289.63      13.87       5.13    1.048D-02  5.352D-03  2.755D-03
**(rmsgt)** AVE  1.191D-06  8.910D-06  7.834D-06  2.641D-05   252.10      10.05       4.36    2.441D-03  2.019D-03  1.358
**(rmsgt)** Log(surface pressure) mean and variance:
**(rmsgt)**  G.M.LNP.= 4.59    ; Z.S.LNP.=0.437D-01; Z.A.LNP.=0.661D-01
**(wridia)** file also contains diagnostics at 00Z of 11/10/2011:
**(globme)**TOTAL PRECIPITATION                      Std.Dev.=   3.2115474; Glob.Mean=   8.4831562    ; in units of Kg M**-2 Day
**-1
**(globme)**CONVECTIVE PRECIPITATION                 Std.Dev.=   2.5023559; Glob.Mean=   8.0004948    ; in units of Kg M**-2 Day
**-1
**(globme)**SENSIBLE HEAT FLUX FROM SURFACE          Std.Dev.=   6.6388010; Glob.Mean=   35.290941    ; in units of W M**-2
**(globme)**LATENT HEAT FLUX FROM SURFACE            Std.Dev.=   93.521247; Glob.Mean=   104.60306    ; in units of W M**-2
**(globme)**OUTGOING LONG WAVE AT TOP                Std.Dev.=   244.63035; Glob.Mean=   48.018742    ; in units of W M**-2
**(globme)**SHORT WAVE ABSORBED AT GROUND            Std.Dev.=   181.61032; Glob.Mean=   261.48790    ; in units of W M**-2
**(globme)**NET LONG WAVE AT BOTTOM                  Std.Dev.=   51.075894; Glob.Mean=   34.148805    ; in units of W M**-2
**(Model)** timestep 73 at simulation time 0 days and 43200.0 seconds
**(Model)** timestep 74 at simulation time 0 days and 43800.0 seconds
**(Model)** timestep 75 at simulation time 0 days and 44400.0 seconds
**(Model)** timestep 76 at simulation time 0 days and 45000.0 seconds
**(Model)** timestep 77 at simulation time 0 days and 45600.0 seconds
**(Model)** timestep 78 at simulation time 0 days and 46200.0 seconds
**(Model)** timestep 79 at simulation time 0 days and 46800.0 seconds
**(Model)** timestep 80 at simulation time 0 days and 47400.0 seconds
**(Model)** timestep 81 at simulation time 0 days and 48000.0 seconds
**(Model)** timestep 82 at simulation time 0 days and 48600.0 seconds
**(Model)** timestep 83 at simulation time 0 days and 49200.0 seconds
**(Model)** timestep 84 at simulation time 0 days and 49800.0 seconds
**(Model)** timestep 85 at simulation time 0 days and 50400.0 seconds
**(Model)** timestep 86 at simulation time 0 days and 51000.0 seconds
**(Model)** timestep 87 at simulation time 0 days and 51600.0 seconds
**(Model)** timestep 88 at simulation time 0 days and 52200.0 seconds
**(Model)** timestep 89 at simulation time 0 days and 52800.0 seconds
**(Model)** timestep 90 at simulation time 0 days and 53400.0 seconds
**(opnfct)** writes file GFCT07R20111010122011101103F.fct.T126L28 at simulation time
**(opnfct)** 0 days and 54000.0 seconds; contains state of the atmosphere at 03Z of 11/10/2011
**(rmsgt)** State of the atmosphere at 03Z of 11/10/2011:
**(rmsgt)** Layers and average means and variances:
**(rmsgt)** LYR  Z.S. DIV.  Z.A. DIV.  Z.S. VOR.  Z.A. VOR.  G.M. TEM.  Z.S. TEM.  Z.A. TEM.  G.M. S.H.  Z.S. S.H.  Z.A. S.H.
**(rmsgt)**  28  8.355D-07  5.297D-06  1.257D-05  2.190D-05   250.42       6.85       5.78    1.682D-06  4.095D-07  1.642D-07
**(rmsgt)**  27  2.036D-06  1.707D-05  1.632D-05  2.194D-05   227.47       3.45       6.05    1.795D-06  7.187D-07  1.991D-07
**(rmsgt)**  26  1.862D-06  1.376D-05  1.513D-05  1.811D-05   221.25       2.55       5.55    1.824D-06  7.980D-07  2.166D-07
**(rmsgt)**  25  1.548D-06  1.241D-05  1.341D-05  1.575D-05   216.81       3.41       5.18    2.008D-06  9.582D-07  2.783D-07
**(rmsgt)**  24  1.303D-06  1.050D-05  1.288D-05  1.390D-05   213.53       4.22       4.77    2.297D-06  1.198D-06  3.341D-07
**(rmsgt)**  23  1.295D-06  9.686D-06  1.078D-05  1.340D-05   209.99       5.66       4.43    2.724D-06  1.369D-06  4.394D-07
**(rmsgt)**  22  1.043D-06  9.366D-06  8.858D-06  1.453D-05   206.22       8.01       4.36    3.158D-06  1.270D-06  5.906D-07
**(rmsgt)**  21  1.384D-06  1.069D-05  8.167D-06  1.818D-05   204.72       9.39       4.06    3.769D-06  1.351D-06  1.426D-06
**(rmsgt)**  20  1.435D-06  1.186D-05  9.145D-06  2.301D-05   207.83       7.48       3.73    6.592D-06  2.197D-06  3.618D-06
**(rmsgt)**  19  1.601D-06  1.134D-05  1.099D-05  2.883D-05   213.19       4.27       3.86    1.631D-05  6.441D-06  1.004D-05
**(rmsgt)**  18  1.511D-06  1.066D-05  1.164D-05  3.499D-05   219.21       4.31       3.79    4.271D-05  2.297D-05  2.835D-05
**(rmsgt)**  17  1.193D-06  9.411D-06  1.123D-05  3.812D-05   226.37       7.30       3.24    1.034D-04  6.406D-05  7.493D-05
**(rmsgt)**  16  1.014D-06  8.450D-06  1.005D-05  3.760D-05   234.81       9.41       3.45    2.081D-04  1.262D-04  1.735D-04
**(rmsgt)**  15  9.097D-07  7.648D-06  8.534D-06  3.428D-05   243.28      10.28       3.86    3.837D-04  2.183D-04  3.323D-04
**(rmsgt)**  14  7.288D-07  6.936D-06  7.141D-06  2.997D-05   251.19      10.68       4.30    6.626D-04  3.774D-04  5.557D-04
**(rmsgt)**  13  7.295D-07  6.637D-06  5.877D-06  2.612D-05   258.10      10.81       4.42    1.072D-03  6.580D-04  8.530D-04
**(rmsgt)**  12  7.921D-07  6.599D-06  5.088D-06  2.340D-05   264.07      10.94       4.65    1.598D-03  1.001D-03  1.201D-03
**(rmsgt)**  11  6.533D-07  6.389D-06  4.672D-06  2.156D-05   268.80      10.84       4.62    2.225D-03  1.381D-03  1.533D-03
**(rmsgt)**  10  6.595D-07  6.494D-06  4.397D-06  2.027D-05   272.77      11.03       4.76    3.018D-03  1.870D-03  1.780D-03
**(rmsgt)**   9  6.446D-07  6.383D-06  4.304D-06  1.939D-05   276.18      11.07       4.71    4.056D-03  2.392D-03  1.936D-03
**(rmsgt)**   8  7.026D-07  6.676D-06  4.452D-06  1.931D-05   278.98      11.33       4.74    5.116D-03  2.843D-03  2.006D-03
**(rmsgt)**   7  8.902D-07  7.312D-06  4.741D-06  1.985D-05   281.38      11.73       4.57    6.096D-03  3.184D-03  2.066D-03
**(rmsgt)**   6  1.159D-06  8.168D-06  5.111D-06  2.092D-05   283.48      12.07       4.55    7.097D-03  3.556D-03  2.156D-03
**(rmsgt)**   5  1.493D-06  9.317D-06  5.358D-06  2.227D-05   285.25      12.46       4.44    7.992D-03  3.946D-03  2.312D-03
**(rmsgt)**   4  1.824D-06  1.065D-05  5.452D-06  2.329D-05   286.87      12.83       4.42    8.791D-03  4.380D-03  2.464D-03
**(rmsgt)**   3  2.067D-06  1.164D-05  5.299D-06  2.303D-05   288.13      13.23       4.47    9.556D-03  4.880D-03  2.571D-03
**(rmsgt)**   2  2.299D-06  1.198D-05  4.584D-06  2.005D-05   289.33      13.57       4.57    1.009D-02  5.179D-03  2.631D-03
**(rmsgt)**   1  2.168D-06  1.186D-05  3.391D-06  1.473D-05   289.63      13.82       5.07    1.056D-02  5.406D-03  2.759D-03
**(rmsgt)** AVE  1.152D-06  8.694D-06  7.854D-06  2.598D-05   252.07      10.05       4.35    2.441D-03  2.021D-03  1.363
**(rmsgt)** Log(surface pressure) mean and variance:
**(rmsgt)**  G.M.LNP.= 4.59    ; Z.S.LNP.=0.438D-01; Z.A.LNP.=0.660D-01
**(wridia)** file also contains diagnostics at 03Z of 11/10/2011:
**(globme)**TOTAL PRECIPITATION                      Std.Dev.=   3.2003254; Glob.Mean=   8.7489250    ; in units of Kg M**-2 Day
**-1
**(globme)**CONVECTIVE PRECIPITATION                 Std.Dev.=   2.4043308; Glob.Mean=   8.1994811    ; in units of Kg M**-2 Day
**-1
**(globme)**SENSIBLE HEAT FLUX FROM SURFACE          Std.Dev.=   11.158242; Glob.Mean=   54.911776    ; in units of W M**-2
**(globme)**LATENT HEAT FLUX FROM SURFACE            Std.Dev.=   92.213192; Glob.Mean=   104.27120    ; in units of W M**-2
**(globme)**OUTGOING LONG WAVE AT TOP                Std.Dev.=   244.09324; Glob.Mean=   47.865238    ; in units of W M**-2
**(globme)**SHORT WAVE ABSORBED AT GROUND            Std.Dev.=   179.49976; Glob.Mean=   258.14442    ; in units of W M**-2
**(globme)**NET LONG WAVE AT BOTTOM                  Std.Dev.=   49.921796; Glob.Mean=   32.560958    ; in units of W M**-2
**(Model)** timestep 91 at simulation time 0 days and 54000.0 seconds
**(Model)** timestep 92 at simulation time 0 days and 54600.0 seconds
**(Model)** timestep 93 at simulation time 0 days and 55200.0 seconds
**(Model)** timestep 94 at simulation time 0 days and 55800.0 seconds
**(Model)** timestep 95 at simulation time 0 days and 56400.0 seconds
**(Model)** timestep 96 at simulation time 0 days and 57000.0 seconds
**(Model)** timestep 97 at simulation time 0 days and 57600.0 seconds
**(Model)** timestep 98 at simulation time 0 days and 58200.0 seconds
**(Model)** timestep 99 at simulation time 0 days and 58800.0 seconds
**(Model)** timestep 100 at simulation time 0 days and 59400.0 seconds
**(Model)** timestep 101 at simulation time 0 days and 60000.0 seconds
**(Model)** timestep 102 at simulation time 0 days and 60600.0 seconds
**(Model)** timestep 103 at simulation time 0 days and 61200.0 seconds
**(Model)** timestep 104 at simulation time 0 days and 61800.0 seconds
**(Model)** timestep 105 at simulation time 0 days and 62400.0 seconds
**(Model)** timestep 106 at simulation time 0 days and 63000.0 seconds
**(Model)** timestep 107 at simulation time 0 days and 63600.0 seconds
**(Model)** timestep 108 at simulation time 0 days and 64200.0 seconds
**(opnfct)** writes file GFCT07R20111010122011101106F.fct.T126L28 at simulation time
**(opnfct)** 0 days and 64800.0 seconds; contains state of the atmosphere at 06Z of 11/10/2011
**(rmsgt)** State of the atmosphere at 06Z of 11/10/2011:
**(rmsgt)** Layers and average means and variances:
**(rmsgt)** LYR  Z.S. DIV.  Z.A. DIV.  Z.S. VOR.  Z.A. VOR.  G.M. TEM.  Z.S. TEM.  Z.A. TEM.  G.M. S.H.  Z.S. S.H.  Z.A. S.H.
**(rmsgt)**  28  7.706D-07  5.179D-06  1.248D-05  2.206D-05   250.43       6.78       5.68    1.683D-06  4.087D-07  1.653D-07
**(rmsgt)**  27  1.592D-06  1.626D-05  1.626D-05  2.205D-05   227.37       3.51       6.36    1.795D-06  7.185D-07  1.999D-07
**(rmsgt)**  26  1.764D-06  1.340D-05  1.503D-05  1.836D-05   221.23       2.45       5.79    1.822D-06  7.968D-07  2.149D-07
**(rmsgt)**  25  1.516D-06  1.229D-05  1.337D-05  1.571D-05   216.83       3.31       5.29    2.007D-06  9.572D-07  2.792D-07
**(rmsgt)**  24  1.225D-06  1.040D-05  1.287D-05  1.404D-05   213.58       4.14       4.87    2.299D-06  1.197D-06  3.345D-07
**(rmsgt)**  23  1.030D-06  9.467D-06  1.067D-05  1.343D-05   210.03       5.60       4.49    2.727D-06  1.368D-06  4.417D-07
**(rmsgt)**  22  1.075D-06  9.018D-06  8.736D-06  1.448D-05   206.23       7.98       4.39    3.165D-06  1.266D-06  6.279D-07
**(rmsgt)**  21  1.500D-06  1.059D-05  8.173D-06  1.812D-05   204.71       9.37       4.09    3.815D-06  1.379D-06  1.533D-06
**(rmsgt)**  20  1.689D-06  1.133D-05  9.206D-06  2.308D-05   207.83       7.45       3.74    6.713D-06  2.301D-06  3.818D-06
**(rmsgt)**  19  1.792D-06  1.115D-05  1.109D-05  2.876D-05   213.21       4.25       3.84    1.654D-05  6.609D-06  1.047D-05
**(rmsgt)**  18  1.544D-06  1.041D-05  1.170D-05  3.440D-05   219.22       4.30       3.76    4.318D-05  2.309D-05  2.911D-05
**(rmsgt)**  17  1.139D-06  8.901D-06  1.137D-05  3.739D-05   226.36       7.30       3.21    1.038D-04  6.370D-05  7.517D-05
**(rmsgt)**  16  9.166D-07  8.205D-06  1.018D-05  3.679D-05   234.79       9.42       3.41    2.080D-04  1.244D-04  1.717D-04
**(rmsgt)**  15  8.125D-07  7.416D-06  8.550D-06  3.361D-05   243.24      10.29       3.82    3.845D-04  2.144D-04  3.281D-04
**(rmsgt)**  14  6.360D-07  6.650D-06  7.107D-06  2.953D-05   251.16      10.70       4.27    6.637D-04  3.696D-04  5.497D-04
**(rmsgt)**  13  6.281D-07  6.381D-06  5.883D-06  2.574D-05   258.07      10.84       4.41    1.071D-03  6.444D-04  8.427D-04
**(rmsgt)**  12  7.150D-07  6.503D-06  5.144D-06  2.305D-05   264.06      10.96       4.64    1.594D-03  9.838D-04  1.187D-03
**(rmsgt)**  11  6.514D-07  6.537D-06  4.713D-06  2.123D-05   268.75      10.83       4.60    2.214D-03  1.359D-03  1.520D-03
**(rmsgt)**  10  7.527D-07  6.734D-06  4.445D-06  1.999D-05   272.68      11.01       4.74    2.999D-03  1.851D-03  1.772D-03
**(rmsgt)**   9  6.698D-07  6.566D-06  4.351D-06  1.918D-05   276.09      11.06       4.69    4.043D-03  2.380D-03  1.928D-03
**(rmsgt)**   8  6.366D-07  6.706D-06  4.502D-06  1.910D-05   278.91      11.32       4.71    5.108D-03  2.834D-03  2.001D-03
**(rmsgt)**   7  8.627D-07  7.191D-06  4.806D-06  1.962D-05   281.34      11.73       4.57    6.094D-03  3.172D-03  2.063D-03
**(rmsgt)**   6  1.150D-06  8.093D-06  5.193D-06  2.076D-05   283.48      12.09       4.55    7.104D-03  3.553D-03  2.169D-03
**(rmsgt)**   5  1.465D-06  9.286D-06  5.433D-06  2.218D-05   285.28      12.46       4.42    8.024D-03  3.965D-03  2.341D-03
**(rmsgt)**   4  1.783D-06  1.058D-05  5.538D-06  2.317D-05   286.93      12.83       4.38    8.826D-03  4.402D-03  2.489D-03
**(rmsgt)**   3  1.959D-06  1.151D-05  5.361D-06  2.279D-05   288.18      13.22       4.38    9.603D-03  4.915D-03  2.583D-03
**(rmsgt)**   2  2.186D-06  1.191D-05  4.630D-06  1.979D-05   289.41      13.54       4.45    1.014D-02  5.216D-03  2.631D-03
**(rmsgt)**   1  2.162D-06  1.187D-05  3.409D-06  1.472D-05   289.92      13.86       4.86    1.061D-02  5.429D-03  2.739D-03
**(rmsgt)** AVE  1.135D-06  8.536D-06  7.891D-06  2.562D-05   252.05      10.05       4.34    2.442D-03  2.022D-03  1.362
**(rmsgt)** Log(surface pressure) mean and variance:
**(rmsgt)**  G.M.LNP.= 4.59    ; Z.S.LNP.=0.439D-01; Z.A.LNP.=0.659D-01
**(wridia)** file also contains diagnostics at 06Z of 11/10/2011:
**(globme)**TOTAL PRECIPITATION                      Std.Dev.=   3.2542014; Glob.Mean=   9.0491326    ; in units of Kg M**-2 Day
**-1
**(globme)**CONVECTIVE PRECIPITATION                 Std.Dev.=   2.4618290; Glob.Mean=   8.5210284    ; in units of Kg M**-2 Day
**-1
**(globme)**SENSIBLE HEAT FLUX FROM SURFACE          Std.Dev.=   19.486571; Glob.Mean=   68.479304    ; in units of W M**-2
**(globme)**LATENT HEAT FLUX FROM SURFACE            Std.Dev.=   94.842864; Glob.Mean=   106.64336    ; in units of W M**-2
**(globme)**OUTGOING LONG WAVE AT TOP                Std.Dev.=   243.66383; Glob.Mean=   48.462102    ; in units of W M**-2
**(globme)**SHORT WAVE ABSORBED AT GROUND            Std.Dev.=   177.47461; Glob.Mean=   255.34871    ; in units of W M**-2
**(globme)**NET LONG WAVE AT BOTTOM                  Std.Dev.=   51.236151; Glob.Mean=   35.440678    ; in units of W M**-2
**(Model)** timestep 109 at simulation time 0 days and 64800.0 seconds
**(Model)** timestep 110 at simulation time 0 days and 65400.0 seconds
**(Model)** timestep 111 at simulation time 0 days and 66000.0 seconds
**(Model)** timestep 112 at simulation time 0 days and 66600.0 seconds
**(Model)** timestep 113 at simulation time 0 days and 67200.0 seconds
**(Model)** timestep 114 at simulation time 0 days and 67800.0 seconds
**(Model)** timestep 115 at simulation time 0 days and 68400.0 seconds
**(Model)** timestep 116 at simulation time 0 days and 69000.0 seconds
**(Model)** timestep 117 at simulation time 0 days and 69600.0 seconds
**(Model)** timestep 118 at simulation time 0 days and 70200.0 seconds
**(Model)** timestep 119 at simulation time 0 days and 70800.0 seconds
**(Model)** timestep 120 at simulation time 0 days and 71400.0 seconds
**(Model)** timestep 121 at simulation time 0 days and 72000.0 seconds
**(Model)** timestep 122 at simulation time 0 days and 72600.0 seconds
**(Model)** timestep 123 at simulation time 0 days and 73200.0 seconds
**(Model)** timestep 124 at simulation time 0 days and 73800.0 seconds
**(Model)** timestep 125 at simulation time 0 days and 74400.0 seconds
**(Model)** timestep 126 at simulation time 0 days and 75000.0 seconds
**(opnfct)** writes file GFCT07R20111010122011101109F.fct.T126L28 at simulation time
**(opnfct)** 0 days and 75600.0 seconds; contains state of the atmosphere at 09Z of 11/10/2011
**(rmsgt)** State of the atmosphere at 09Z of 11/10/2011:
**(rmsgt)** Layers and average means and variances:
**(rmsgt)** LYR  Z.S. DIV.  Z.A. DIV.  Z.S. VOR.  Z.A. VOR.  G.M. TEM.  Z.S. TEM.  Z.A. TEM.  G.M. S.H.  Z.S. S.H.  Z.A. S.H.
**(rmsgt)**  28  9.700D-07  4.896D-06  1.228D-05  2.225D-05   250.45       6.73       5.62    1.684D-06  4.074D-07  1.668D-07
**(rmsgt)**  27  1.988D-06  1.530D-05  1.589D-05  2.166D-05   227.28       3.59       6.61    1.795D-06  7.174D-07  2.011D-07
**(rmsgt)**  26  1.607D-06  1.278D-05  1.485D-05  1.840D-05   221.20       2.34       5.91    1.821D-06  7.953D-07  2.141D-07
**(rmsgt)**  25  1.489D-06  1.159D-05  1.321D-05  1.617D-05   216.84       3.21       5.36    2.009D-06  9.561D-07  2.794D-07
**(rmsgt)**  24  1.189D-06  1.017D-05  1.288D-05  1.445D-05   213.62       4.06       4.92    2.301D-06  1.196D-06  3.351D-07
**(rmsgt)**  23  1.025D-06  9.599D-06  1.074D-05  1.353D-05   210.06       5.58       4.51    2.731D-06  1.368D-06  4.432D-07
**(rmsgt)**  22  1.308D-06  8.994D-06  8.805D-06  1.439D-05   206.22       8.02       4.41    3.166D-06  1.259D-06  6.464D-07
**(rmsgt)**  21  1.390D-06  1.032D-05  8.336D-06  1.791D-05   204.71       9.39       4.11    3.844D-06  1.397D-06  1.587D-06
**(rmsgt)**  20  1.775D-06  1.104D-05  9.277D-06  2.308D-05   207.84       7.43       3.76    6.814D-06  2.364D-06  3.892D-06
**(rmsgt)**  19  2.113D-06  1.122D-05  1.120D-05  2.856D-05   213.23       4.22       3.85    1.675D-05  6.758D-06  1.081D-05
**(rmsgt)**  18  1.656D-06  1.007D-05  1.177D-05  3.387D-05   219.22       4.28       3.75    4.355D-05  2.323D-05  2.981D-05
**(rmsgt)**  17  1.110D-06  8.843D-06  1.128D-05  3.671D-05   226.34       7.28       3.20    1.041D-04  6.352D-05  7.548D-05
**(rmsgt)**  16  9.923D-07  8.138D-06  1.011D-05  3.607D-05   234.77       9.42       3.37    2.074D-04  1.225D-04  1.694D-04
**(rmsgt)**  15  8.373D-07  7.188D-06  8.460D-06  3.308D-05   243.19      10.30       3.79    3.827D-04  2.083D-04  3.203D-04
**(rmsgt)**  14  6.193D-07  6.564D-06  7.071D-06  2.912D-05   251.12      10.70       4.24    6.622D-04  3.596D-04  5.343D-04
**(rmsgt)**  13  5.646D-07  6.285D-06  5.877D-06  2.543D-05   258.05      10.85       4.39    1.069D-03  6.310D-04  8.241D-04
**(rmsgt)**  12  6.279D-07  6.326D-06  5.142D-06  2.277D-05   264.05      10.98       4.62    1.591D-03  9.700D-04  1.165D-03
**(rmsgt)**  11  7.623D-07  6.530D-06  4.708D-06  2.097D-05   268.70      10.83       4.59    2.205D-03  1.340D-03  1.502D-03
**(rmsgt)**  10  7.905D-07  6.722D-06  4.432D-06  1.975D-05   272.60      10.99       4.72    2.984D-03  1.833D-03  1.758D-03
**(rmsgt)**   9  7.921D-07  6.623D-06  4.350D-06  1.895D-05   276.00      11.05       4.69    4.036D-03  2.371D-03  1.913D-03
**(rmsgt)**   8  7.775D-07  6.768D-06  4.493D-06  1.886D-05   278.85      11.32       4.71    5.105D-03  2.827D-03  1.991D-03
**(rmsgt)**   7  9.331D-07  7.168D-06  4.810D-06  1.941D-05   281.32      11.74       4.56    6.097D-03  3.168D-03  2.062D-03
**(rmsgt)**   6  1.124D-06  8.101D-06  5.199D-06  2.062D-05   283.49      12.10       4.52    7.126D-03  3.563D-03  2.185D-03
**(rmsgt)**   5  1.384D-06  9.374D-06  5.419D-06  2.204D-05   285.32      12.48       4.34    8.064D-03  3.989D-03  2.347D-03
**(rmsgt)**   4  1.658D-06  1.070D-05  5.508D-06  2.286D-05   287.03      12.86       4.27    8.864D-03  4.425D-03  2.490D-03
**(rmsgt)**   3  1.896D-06  1.182D-05  5.274D-06  2.227D-05   288.40      13.28       4.27    9.632D-03  4.934D-03  2.583D-03
**(rmsgt)**   2  2.149D-06  1.242D-05  4.594D-06  1.950D-05   289.69      13.62       4.35    1.017D-02  5.241D-03  2.636D-03
**(rmsgt)**   1  2.163D-06  1.263D-05  3.494D-06  1.501D-05   290.41      14.08       4.66    1.063D-02  5.426D-03  2.747D-03
**(rmsgt)** AVE  1.174D-06  8.467D-06  7.876D-06  2.529D-05   252.04      10.05       4.33    2.444D-03  2.023D-03  1.357
**(rmsgt)** Log(surface pressure) mean and variance:
**(rmsgt)**  G.M.LNP.= 4.59    ; Z.S.LNP.=0.440D-01; Z.A.LNP.=0.660D-01
**(wridia)** file also contains diagnostics at 09Z of 11/10/2011:
**(globme)**TOTAL PRECIPITATION                      Std.Dev.=   3.2395050; Glob.Mean=   8.9273905    ; in units of Kg M**-2 Day
**-1
**(globme)**CONVECTIVE PRECIPITATION                 Std.Dev.=   2.4546842; Glob.Mean=   8.4175862    ; in units of Kg M**-2 Day
**-1
**(globme)**SENSIBLE HEAT FLUX FROM SURFACE          Std.Dev.=   26.377513; Glob.Mean=   68.429618    ; in units of W M**-2
**(globme)**LATENT HEAT FLUX FROM SURFACE            Std.Dev.=   96.152452; Glob.Mean=   103.20515    ; in units of W M**-2
**(globme)**OUTGOING LONG WAVE AT TOP                Std.Dev.=   243.60087; Glob.Mean=   49.672804    ; in units of W M**-2
**(globme)**SHORT WAVE ABSORBED AT GROUND            Std.Dev.=   178.69593; Glob.Mean=   254.56900    ; in units of W M**-2
**(globme)**NET LONG WAVE AT BOTTOM                  Std.Dev.=   54.461230; Glob.Mean=   40.201892    ; in units of W M**-2
**(Model)** timestep 127 at simulation time 0 days and 75600.0 seconds
**(Model)** timestep 128 at simulation time 0 days and 76200.0 seconds
**(Model)** timestep 129 at simulation time 0 days and 76800.0 seconds
**(Model)** timestep 130 at simulation time 0 days and 77400.0 seconds
**(Model)** timestep 131 at simulation time 0 days and 78000.0 seconds
**(Model)** timestep 132 at simulation time 0 days and 78600.0 seconds
**(Model)** timestep 133 at simulation time 0 days and 79200.0 seconds
**(Model)** timestep 134 at simulation time 0 days and 79800.0 seconds
**(Model)** timestep 135 at simulation time 0 days and 80400.0 seconds
**(Model)** timestep 136 at simulation time 0 days and 81000.0 seconds
**(Model)** timestep 137 at simulation time 0 days and 81600.0 seconds
**(Model)** timestep 138 at simulation time 0 days and 82200.0 seconds
**(Model)** timestep 139 at simulation time 0 days and 82800.0 seconds
**(Model)** timestep 140 at simulation time 0 days and 83400.0 seconds
**(Model)** timestep 141 at simulation time 0 days and 84000.0 seconds
**(Model)** timestep 142 at simulation time 0 days and 84600.0 seconds
**(Model)** timestep 143 at simulation time 0 days and 85200.0 seconds
**(Model)** timestep 144 at simulation time 0 days and 85800.0 seconds
**(opnfct)** writes file GFCT07R20111010122011101112F.fct.T126L28 at simulation time
**(opnfct)** 1 days and 0.0 seconds; contains state of the atmosphere at 12Z of 11/10/2011
**(rmsgt)** State of the atmosphere at 12Z of 11/10/2011:
**(rmsgt)** Layers and average means and variances:
**(rmsgt)** LYR  Z.S. DIV.  Z.A. DIV.  Z.S. VOR.  Z.A. VOR.  G.M. TEM.  Z.S. TEM.  Z.A. TEM.  G.M. S.H.  Z.S. S.H.  Z.A. S.H.
**(rmsgt)**  28  8.575D-07  4.796D-06  1.231D-05  2.253D-05   250.46       6.71       5.63    1.686D-06  4.064D-07  1.682D-07
**(rmsgt)**  27  1.884D-06  1.467D-05  1.568D-05  2.141D-05   227.19       3.66       6.87    1.794D-06  7.160D-07  2.021D-07
**(rmsgt)**  26  1.262D-06  1.280D-05  1.488D-05  1.860D-05   221.17       2.32       6.02    1.822D-06  7.941D-07  2.137D-07
**(rmsgt)**  25  1.384D-06  1.119D-05  1.315D-05  1.600D-05   216.83       3.05       5.42    2.010D-06  9.561D-07  2.786D-07
**(rmsgt)**  24  1.330D-06  1.003D-05  1.267D-05  1.455D-05   213.65       3.94       5.03    2.304D-06  1.194D-06  3.375D-07
**(rmsgt)**  23  1.198D-06  9.405D-06  1.056D-05  1.368D-05   210.09       5.56       4.58    2.736D-06  1.368D-06  4.485D-07
**(rmsgt)**  22  1.379D-06  9.181D-06  8.714D-06  1.453D-05   206.23       8.08       4.43    3.167D-06  1.255D-06  6.431D-07
**(rmsgt)**  21  1.515D-06  1.027D-05  8.418D-06  1.777D-05   204.73       9.44       4.13    3.868D-06  1.405D-06  1.591D-06
**(rmsgt)**  20  1.818D-06  1.105D-05  9.290D-06  2.281D-05   207.86       7.43       3.77    6.918D-06  2.420D-06  3.940D-06
**(rmsgt)**  19  2.184D-06  1.145D-05  1.124D-05  2.825D-05   213.26       4.19       3.83    1.698D-05  6.930D-06  1.114D-05
**(rmsgt)**  18  1.675D-06  1.001D-05  1.194D-05  3.345D-05   219.22       4.26       3.72    4.402D-05  2.348D-05  3.045D-05
**(rmsgt)**  17  1.166D-06  8.889D-06  1.129D-05  3.619D-05   226.32       7.28       3.18    1.046D-04  6.372D-05  7.573D-05
**(rmsgt)**  16  1.040D-06  8.188D-06  1.003D-05  3.556D-05   234.74       9.43       3.34    2.072D-04  1.215D-04  1.675D-04
**(rmsgt)**  15  7.988D-07  7.169D-06  8.412D-06  3.268D-05   243.15      10.32       3.76    3.825D-04  2.038D-04  3.136D-04
**(rmsgt)**  14  5.837D-07  6.533D-06  7.038D-06  2.889D-05   251.09      10.70       4.22    6.618D-04  3.505D-04  5.224D-04
**(rmsgt)**  13  5.623D-07  6.228D-06  5.879D-06  2.529D-05   258.03      10.87       4.38    1.065D-03  6.176D-04  8.046D-04
**(rmsgt)**  12  5.968D-07  6.173D-06  5.120D-06  2.259D-05   264.04      11.01       4.62    1.589D-03  9.589D-04  1.139D-03
**(rmsgt)**  11  7.958D-07  6.415D-06  4.691D-06  2.076D-05   268.67      10.84       4.58    2.200D-03  1.324D-03  1.484D-03
**(rmsgt)**  10  7.040D-07  6.685D-06  4.410D-06  1.949D-05   272.54      10.99       4.72    2.971D-03  1.815D-03  1.748D-03
**(rmsgt)**   9  7.829D-07  6.620D-06  4.330D-06  1.866D-05   275.93      11.05       4.70    4.033D-03  2.361D-03  1.902D-03
**(rmsgt)**   8  8.345D-07  6.886D-06  4.463D-06  1.858D-05   278.81      11.33       4.71    5.115D-03  2.826D-03  1.982D-03
**(rmsgt)**   7  9.477D-07  7.197D-06  4.768D-06  1.912D-05   281.32      11.76       4.55    6.120D-03  3.176D-03  2.058D-03
**(rmsgt)**   6  1.032D-06  8.120D-06  5.135D-06  2.034D-05   283.55      12.15       4.50    7.158D-03  3.585D-03  2.184D-03
**(rmsgt)**   5  1.294D-06  9.557D-06  5.402D-06  2.182D-05   285.45      12.55       4.34    8.090D-03  4.011D-03  2.368D-03
**(rmsgt)**   4  1.588D-06  1.105D-05  5.456D-06  2.275D-05   287.20      12.96       4.31    8.857D-03  4.425D-03  2.529D-03
**(rmsgt)**   3  1.826D-06  1.231D-05  5.301D-06  2.238D-05   288.61      13.42       4.36    9.603D-03  4.914D-03  2.638D-03
**(rmsgt)**   2  2.107D-06  1.300D-05  4.696D-06  1.973D-05   289.90      13.77       4.46    1.016D-02  5.233D-03  2.699D-03
**(rmsgt)**   1  2.137D-06  1.294D-05  3.594D-06  1.506D-05   290.61      14.27       4.78    1.064D-02  5.425D-03  2.836D-03
**(rmsgt)** AVE  1.175D-06  8.498D-06  7.863D-06  2.503D-05   252.04      10.08       4.33    2.445D-03  2.022D-03  1.359
**(rmsgt)** Log(surface pressure) mean and variance:
**(rmsgt)**  G.M.LNP.= 4.59    ; Z.S.LNP.=0.441D-01; Z.A.LNP.=0.661D-01
**(wridia)** file also contains diagnostics at 12Z of 11/10/2011:
**(globme)**TOTAL PRECIPITATION                      Std.Dev.=   3.2496918; Glob.Mean=   8.8854634    ; in units of Kg M**-2 Day
**-1
**(globme)**CONVECTIVE PRECIPITATION                 Std.Dev.=   2.4400571; Glob.Mean=   8.3549061    ; in units of Kg M**-2 Day
**-1
**(globme)**SENSIBLE HEAT FLUX FROM SURFACE          Std.Dev.=   30.219586; Glob.Mean=   92.907684    ; in units of W M**-2
**(globme)**LATENT HEAT FLUX FROM SURFACE            Std.Dev.=   94.356751; Glob.Mean=   102.93789    ; in units of W M**-2
**(globme)**OUTGOING LONG WAVE AT TOP                Std.Dev.=   244.55237; Glob.Mean=   51.660815    ; in units of W M**-2
**(globme)**SHORT WAVE ABSORBED AT GROUND            Std.Dev.=   180.54468; Glob.Mean=   256.32631    ; in units of W M**-2
**(globme)**NET LONG WAVE AT BOTTOM                  Std.Dev.=   58.152428; Glob.Mean=   46.246018    ; in units of W M**-2
**(Model)** timestep 145 at simulation time 1 days and 0.0 seconds
**(Model)** timestep 146 at simulation time 1 days and 600.0 seconds
**(Model)** timestep 147 at simulation time 1 days and 1200.0 seconds
**(Model)** timestep 148 at simulation time 1 days and 1800.0 seconds
**(Model)** timestep 149 at simulation time 1 days and 2400.0 seconds
**(Model)** timestep 150 at simulation time 1 days and 3000.0 seconds
**(Model)** timestep 151 at simulation time 1 days and 3600.0 seconds
**(Model)** timestep 152 at simulation time 1 days and 4200.0 seconds
**(Model)** timestep 153 at simulation time 1 days and 4800.0 seconds
**(Model)** timestep 154 at simulation time 1 days and 5400.0 seconds
**(Model)** timestep 155 at simulation time 1 days and 6000.0 seconds
**(Model)** timestep 156 at simulation time 1 days and 6600.0 seconds
**(Model)** timestep 157 at simulation time 1 days and 7200.0 seconds
**(Model)** timestep 158 at simulation time 1 days and 7800.0 seconds
**(Model)** timestep 159 at simulation time 1 days and 8400.0 seconds
**(Model)** timestep 160 at simulation time 1 days and 9000.0 seconds
**(Model)** timestep 161 at simulation time 1 days and 9600.0 seconds
**(Model)** timestep 162 at simulation time 1 days and 10200.0 seconds
**(opnfct)** writes file GFCT07R20111010122011101115F.fct.T126L28 at simulation time
**(opnfct)** 1 days and 10800.0 seconds; contains state of the atmosphere at 15Z of 11/10/2011
**(rmsgt)** State of the atmosphere at 15Z of 11/10/2011:
**(rmsgt)** Layers and average means and variances:
**(rmsgt)** LYR  Z.S. DIV.  Z.A. DIV.  Z.S. VOR.  Z.A. VOR.  G.M. TEM.  Z.S. TEM.  Z.A. TEM.  G.M. S.H.  Z.S. S.H.  Z.A. S.H.
**(rmsgt)**  28  8.585D-07  4.526D-06  1.204D-05  2.269D-05   250.46       6.72       5.60    1.686D-06  4.056D-07  1.695D-07
**(rmsgt)**  27  1.946D-06  1.397D-05  1.558D-05  2.143D-05   227.11       3.85       7.16    1.793D-06  7.155D-07  2.024D-07
**(rmsgt)**  26  1.829D-06  1.270D-05  1.490D-05  1.897D-05   221.17       2.27       6.18    1.825D-06  7.935D-07  2.138D-07
**(rmsgt)**  25  1.229D-06  1.096D-05  1.318D-05  1.577D-05   216.85       2.94       5.47    2.012D-06  9.553D-07  2.787D-07
**(rmsgt)**  24  1.481D-06  9.480D-06  1.260D-05  1.449D-05   213.67       3.86       5.05    2.305D-06  1.192D-06  3.427D-07
**(rmsgt)**  23  1.017D-06  9.250D-06  1.044D-05  1.349D-05   210.12       5.55       4.62    2.738D-06  1.367D-06  4.517D-07
**(rmsgt)**  22  1.484D-06  9.053D-06  8.425D-06  1.455D-05   206.24       8.12       4.39    3.172D-06  1.256D-06  6.547D-07
**(rmsgt)**  21  1.549D-06  1.009D-05  8.341D-06  1.773D-05   204.74       9.47       4.11    3.898D-06  1.422D-06  1.656D-06
**(rmsgt)**  20  1.560D-06  1.141D-05  9.256D-06  2.256D-05   207.89       7.43       3.75    7.012D-06  2.489D-06  4.099D-06
**(rmsgt)**  19  2.022D-06  1.158D-05  1.122D-05  2.805D-05   213.28       4.16       3.81    1.721D-05  7.021D-06  1.158D-05
**(rmsgt)**  18  1.477D-06  9.912D-06  1.201D-05  3.319D-05   219.21       4.25       3.72    4.430D-05  2.354D-05  3.108D-05
**(rmsgt)**  17  1.116D-06  8.844D-06  1.132D-05  3.586D-05   226.30       7.29       3.18    1.050D-04  6.375D-05  7.541D-05
**(rmsgt)**  16  1.014D-06  8.208D-06  9.988D-06  3.526D-05   234.73       9.44       3.31    2.081D-04  1.211D-04  1.658D-04
**(rmsgt)**  15  7.077D-07  7.098D-06  8.357D-06  3.251D-05   243.11      10.34       3.75    3.839D-04  2.006D-04  3.106D-04
**(rmsgt)**  14  7.036D-07  6.469D-06  6.969D-06  2.883D-05   251.07      10.71       4.21    6.633D-04  3.419D-04  5.160D-04
**(rmsgt)**  13  6.410D-07  6.180D-06  5.834D-06  2.526D-05   258.01      10.89       4.38    1.063D-03  6.044D-04  7.913D-04
**(rmsgt)**  12  6.595D-07  6.194D-06  5.113D-06  2.241D-05   264.03      11.03       4.62    1.588D-03  9.478D-04  1.121D-03
**(rmsgt)**  11  7.622D-07  6.402D-06  4.713D-06  2.055D-05   268.64      10.85       4.58    2.197D-03  1.311D-03  1.470D-03
**(rmsgt)**  10  6.541D-07  6.612D-06  4.432D-06  1.928D-05   272.48      11.00       4.71    2.967D-03  1.800D-03  1.743D-03
**(rmsgt)**   9  7.476D-07  6.714D-06  4.333D-06  1.846D-05   275.87      11.06       4.70    4.034D-03  2.354D-03  1.891D-03
**(rmsgt)**   8  7.896D-07  6.927D-06  4.491D-06  1.836D-05   278.78      11.36       4.72    5.125D-03  2.830D-03  1.973D-03
**(rmsgt)**   7  8.515D-07  7.232D-06  4.818D-06  1.893D-05   281.34      11.79       4.56    6.135D-03  3.186D-03  2.064D-03
**(rmsgt)**   6  9.293D-07  8.090D-06  5.169D-06  2.013D-05   283.61      12.20       4.52    7.165D-03  3.591D-03  2.214D-03
**(rmsgt)**   5  1.235D-06  9.430D-06  5.441D-06  2.171D-05   285.54      12.62       4.38    8.087D-03  4.015D-03  2.437D-03
**(rmsgt)**   4  1.529D-06  1.095D-05  5.577D-06  2.282D-05   287.30      13.03       4.36    8.828D-03  4.412D-03  2.599D-03
**(rmsgt)**   3  1.801D-06  1.229D-05  5.462D-06  2.261D-05   288.70      13.51       4.44    9.576D-03  4.892D-03  2.692D-03
**(rmsgt)**   2  2.089D-06  1.301D-05  4.791D-06  1.985D-05   289.98      13.85       4.53    1.017D-02  5.234D-03  2.747D-03
**(rmsgt)**   1  2.149D-06  1.293D-05  3.563D-06  1.489D-05   290.63      14.36       4.88    1.065D-02  5.440D-03  2.887D-03
**(rmsgt)** AVE  1.133D-06  8.464D-06  7.847D-06  2.487D-05   252.04      10.10       4.34    2.445D-03  2.020D-03  1.368
**(rmsgt)** Log(surface pressure) mean and variance:
**(rmsgt)**  G.M.LNP.= 4.59    ; Z.S.LNP.=0.442D-01; Z.A.LNP.=0.660D-01
**(wridia)** file also contains diagnostics at 15Z of 11/10/2011:
**(globme)**TOTAL PRECIPITATION                      Std.Dev.=   3.3023859; Glob.Mean=   8.8692737    ; in units of Kg M**-2 Day
**-1
**(globme)**CONVECTIVE PRECIPITATION                 Std.Dev.=   2.4728213; Glob.Mean=   8.3433333    ; in units of Kg M**-2 Day
**-1
**(globme)**SENSIBLE HEAT FLUX FROM SURFACE          Std.Dev.=   25.922759; Glob.Mean=   80.088665    ; in units of W M**-2
**(globme)**LATENT HEAT FLUX FROM SURFACE            Std.Dev.=   94.422933; Glob.Mean=   102.03011    ; in units of W M**-2
**(globme)**OUTGOING LONG WAVE AT TOP                Std.Dev.=   244.45532; Glob.Mean=   52.523309    ; in units of W M**-2
**(globme)**SHORT WAVE ABSORBED AT GROUND            Std.Dev.=   180.14942; Glob.Mean=   257.58699    ; in units of W M**-2
**(globme)**NET LONG WAVE AT BOTTOM                  Std.Dev.=   58.155097; Glob.Mean=   46.739620    ; in units of W M**-2
**(Model)** timestep 163 at simulation time 1 days and 10800.0 seconds
**(Model)** timestep 164 at simulation time 1 days and 11400.0 seconds
**(Model)** timestep 165 at simulation time 1 days and 12000.0 seconds
**(Model)** timestep 166 at simulation time 1 days and 12600.0 seconds
**(Model)** timestep 167 at simulation time 1 days and 13200.0 seconds
**(Model)** timestep 168 at simulation time 1 days and 13800.0 seconds
**(Model)** timestep 169 at simulation time 1 days and 14400.0 seconds
**(Model)** timestep 170 at simulation time 1 days and 15000.0 seconds
**(Model)** timestep 171 at simulation time 1 days and 15600.0 seconds
**(Model)** timestep 172 at simulation time 1 days and 16200.0 seconds
**(Model)** timestep 173 at simulation time 1 days and 16800.0 seconds
**(Model)** timestep 174 at simulation time 1 days and 17400.0 seconds
**(Model)** timestep 175 at simulation time 1 days and 18000.0 seconds
**(Model)** timestep 176 at simulation time 1 days and 18600.0 seconds
**(Model)** timestep 177 at simulation time 1 days and 19200.0 seconds
**(Model)** timestep 178 at simulation time 1 days and 19800.0 seconds
**(Model)** timestep 179 at simulation time 1 days and 20400.0 seconds
**(Model)** timestep 180 at simulation time 1 days and 21000.0 seconds
**(opnfct)** writes file GFCT07R20111010122011101118F.fct.T126L28 at simulation time
**(opnfct)** 1 days and 21600.0 seconds; contains state of the atmosphere at 18Z of 11/10/2011
**(rmsgt)** State of the atmosphere at 18Z of 11/10/2011:
**(rmsgt)** Layers and average means and variances:
**(rmsgt)** LYR  Z.S. DIV.  Z.A. DIV.  Z.S. VOR.  Z.A. VOR.  G.M. TEM.  Z.S. TEM.  Z.A. TEM.  G.M. S.H.  Z.S. S.H.  Z.A. S.H.
**(rmsgt)**  28  8.052D-07  4.387D-06  1.142D-05  2.308D-05   250.47       6.69       5.46    1.687D-06  4.044D-07  1.708D-07
**(rmsgt)**  27  1.974D-06  1.374D-05  1.538D-05  2.156D-05   227.01       4.05       7.31    1.793D-06  7.160D-07  2.024D-07
**(rmsgt)**  26  2.140D-06  1.255D-05  1.466D-05  1.911D-05   221.16       2.21       6.30    1.827D-06  7.948D-07  2.137D-07
**(rmsgt)**  25  1.301D-06  1.104D-05  1.310D-05  1.617D-05   216.87       2.87       5.50    2.015D-06  9.542D-07  2.804D-07
**(rmsgt)**  24  1.263D-06  9.316D-06  1.259D-05  1.467D-05   213.69       3.80       5.07    2.306D-06  1.189D-06  3.463D-07
**(rmsgt)**  23  1.082D-06  8.829D-06  1.057D-05  1.330D-05   210.15       5.52       4.66    2.737D-06  1.363D-06  4.576D-07
**(rmsgt)**  22  1.177D-06  8.659D-06  8.391D-06  1.431D-05   206.26       8.10       4.38    3.181D-06  1.257D-06  6.899D-07
**(rmsgt)**  21  1.314D-06  9.664D-06  8.340D-06  1.761D-05   204.75       9.47       4.13    3.941D-06  1.452D-06  1.792D-06
**(rmsgt)**  20  1.536D-06  1.141D-05  9.253D-06  2.245D-05   207.90       7.40       3.78    7.132D-06  2.575D-06  4.347D-06
**(rmsgt)**  19  1.794D-06  1.130D-05  1.120D-05  2.781D-05   213.29       4.12       3.82    1.745D-05  7.153D-06  1.184D-05
**(rmsgt)**  18  1.446D-06  9.833D-06  1.201D-05  3.282D-05   219.21       4.24       3.71    4.452D-05  2.360D-05  3.161D-05
**(rmsgt)**  17  1.082D-06  8.899D-06  1.132D-05  3.551D-05   226.29       7.29       3.15    1.053D-04  6.330D-05  7.517D-05
**(rmsgt)**  16  1.006D-06  8.109D-06  1.002D-05  3.511D-05   234.72       9.45       3.30    2.094D-04  1.199D-04  1.640D-04
**(rmsgt)**  15  8.246D-07  6.920D-06  8.397D-06  3.246D-05   243.08      10.35       3.74    3.859D-04  1.980D-04  3.077D-04
**(rmsgt)**  14  7.917D-07  6.413D-06  6.990D-06  2.871D-05   251.04      10.72       4.22    6.660D-04  3.361D-04  5.123D-04
**(rmsgt)**  13  6.113D-07  6.121D-06  5.888D-06  2.498D-05   257.99      10.91       4.39    1.063D-03  5.920D-04  7.845D-04
**(rmsgt)**  12  6.210D-07  6.130D-06  5.208D-06  2.213D-05   264.03      11.05       4.63    1.588D-03  9.351D-04  1.110D-03
**(rmsgt)**  11  7.077D-07  6.246D-06  4.795D-06  2.030D-05   268.61      10.86       4.58    2.195D-03  1.300D-03  1.461D-03
**(rmsgt)**  10  6.668D-07  6.380D-06  4.493D-06  1.912D-05   272.43      11.01       4.70    2.958D-03  1.788D-03  1.739D-03
**(rmsgt)**   9  6.657D-07  6.383D-06  4.409D-06  1.836D-05   275.82      11.07       4.70    4.031D-03  2.347D-03  1.887D-03
**(rmsgt)**   8  6.707D-07  6.548D-06  4.617D-06  1.827D-05   278.75      11.37       4.72    5.127D-03  2.829D-03  1.981D-03
**(rmsgt)**   7  7.676D-07  7.034D-06  4.981D-06  1.883D-05   281.34      11.81       4.56    6.138D-03  3.182D-03  2.104D-03
**(rmsgt)**   6  9.019D-07  8.346D-06  5.358D-06  2.000D-05   283.63      12.22       4.51    7.168D-03  3.587D-03  2.276D-03
**(rmsgt)**   5  1.248D-06  9.939D-06  5.629D-06  2.151D-05   285.58      12.64       4.38    8.080D-03  4.011D-03  2.481D-03
**(rmsgt)**   4  1.570D-06  1.157D-05  5.775D-06  2.274D-05   287.32      13.02       4.35    8.816D-03  4.397D-03  2.631D-03
**(rmsgt)**   3  1.863D-06  1.300D-05  5.638D-06  2.253D-05   288.70      13.49       4.43    9.561D-03  4.873D-03  2.700D-03
**(rmsgt)**   2  2.210D-06  1.367D-05  4.909D-06  1.972D-05   289.96      13.82       4.51    1.018D-02  5.232D-03  2.738D-03
**(rmsgt)**   1  2.261D-06  1.351D-05  3.567D-06  1.466D-05   290.48      14.26       4.92    1.069D-02  5.460D-03  2.854D-03
**(rmsgt)** AVE  1.105D-06  8.427D-06  7.876D-06  2.470D-05   252.03      10.11       4.35    2.445D-03  2.015D-03  1.375
**(rmsgt)** Log(surface pressure) mean and variance:
**(rmsgt)**  G.M.LNP.= 4.59    ; Z.S.LNP.=0.443D-01; Z.A.LNP.=0.660D-01
**(wridia)** file also contains diagnostics at 18Z of 11/10/2011:
**(globme)**TOTAL PRECIPITATION                      Std.Dev.=   3.2942051; Glob.Mean=   8.6214930    ; in units of Kg M**-2 Day
**-1
**(globme)**CONVECTIVE PRECIPITATION                 Std.Dev.=   2.4972474; Glob.Mean=   8.2319113    ; in units of Kg M**-2 Day
**-1
**(globme)**SENSIBLE HEAT FLUX FROM SURFACE          Std.Dev.=   17.543003; Glob.Mean=   71.114825    ; in units of W M**-2
**(globme)**LATENT HEAT FLUX FROM SURFACE            Std.Dev.=   93.196216; Glob.Mean=   103.24212    ; in units of W M**-2
**(globme)**OUTGOING LONG WAVE AT TOP                Std.Dev.=   243.00236; Glob.Mean=   51.893842    ; in units of W M**-2
**(globme)**SHORT WAVE ABSORBED AT GROUND            Std.Dev.=   178.74649; Glob.Mean=   252.51532    ; in units of W M**-2
**(globme)**NET LONG WAVE AT BOTTOM                  Std.Dev.=   56.108583; Glob.Mean=   40.952165    ; in units of W M**-2
**(Model)** timestep 181 at simulation time 1 days and 21600.0 seconds
**(Model)** timestep 182 at simulation time 1 days and 22200.0 seconds
**(Model)** timestep 183 at simulation time 1 days and 22800.0 seconds
**(Model)** timestep 184 at simulation time 1 days and 23400.0 seconds
**(Model)** timestep 185 at simulation time 1 days and 24000.0 seconds
**(Model)** timestep 186 at simulation time 1 days and 24600.0 seconds
**(Model)** timestep 187 at simulation time 1 days and 25200.0 seconds
**(Model)** timestep 188 at simulation time 1 days and 25800.0 seconds
**(Model)** timestep 189 at simulation time 1 days and 26400.0 seconds
**(Model)** timestep 190 at simulation time 1 days and 27000.0 seconds
**(Model)** timestep 191 at simulation time 1 days and 27600.0 seconds
**(Model)** timestep 192 at simulation time 1 days and 28200.0 seconds
**(Model)** timestep 193 at simulation time 1 days and 28800.0 seconds
**(Model)** timestep 194 at simulation time 1 days and 29400.0 seconds
**(Model)** timestep 195 at simulation time 1 days and 30000.0 seconds
**(Model)** timestep 196 at simulation time 1 days and 30600.0 seconds
**(Model)** timestep 197 at simulation time 1 days and 31200.0 seconds
**(Model)** timestep 198 at simulation time 1 days and 31800.0 seconds
**(opnfct)** writes file GFCT07R20111010122011101121F.fct.T126L28 at simulation time
**(opnfct)** 1 days and 32400.0 seconds; contains state of the atmosphere at 21Z of 11/10/2011
**(rmsgt)** State of the atmosphere at 21Z of 11/10/2011:
**(rmsgt)** Layers and average means and variances:
**(rmsgt)** LYR  Z.S. DIV.  Z.A. DIV.  Z.S. VOR.  Z.A. VOR.  G.M. TEM.  Z.S. TEM.  Z.A. TEM.  G.M. S.H.  Z.S. S.H.  Z.A. S.H.
**(rmsgt)**  28  1.029D-06  4.221D-06  1.075D-05  2.318D-05   250.48       6.66       5.33    1.687D-06  4.037D-07  1.725D-07
**(rmsgt)**  27  1.868D-06  1.327D-05  1.527D-05  2.173D-05   226.90       4.18       7.33    1.795D-06  7.145D-07  2.035D-07
**(rmsgt)**  26  2.187D-06  1.230D-05  1.455D-05  1.920D-05   221.14       2.16       6.32    1.829D-06  7.949D-07  2.146D-07
**(rmsgt)**  25  1.436D-06  1.108D-05  1.296D-05  1.648D-05   216.90       2.80       5.52    2.017D-06  9.558D-07  2.810D-07
**(rmsgt)**  24  1.440D-06  9.393D-06  1.256D-05  1.478D-05   213.75       3.70       5.10    2.305D-06  1.188D-06  3.475D-07
**(rmsgt)**  23  1.408D-06  8.842D-06  1.062D-05  1.351D-05   210.18       5.44       4.69    2.738D-06  1.356D-06  4.649D-07
**(rmsgt)**  22  1.258D-06  8.661D-06  8.486D-06  1.414D-05   206.28       8.06       4.42    3.193D-06  1.261D-06  7.388D-07
**(rmsgt)**  21  1.300D-06  9.640D-06  8.445D-06  1.745D-05   204.77       9.44       4.15    3.981D-06  1.491D-06  1.923D-06
**(rmsgt)**  20  1.565D-06  1.149D-05  9.364D-06  2.230D-05   207.90       7.37       3.81    7.258D-06  2.639D-06  4.515D-06
**(rmsgt)**  19  1.734D-06  1.108D-05  1.134D-05  2.751D-05   213.31       4.09       3.83    1.767D-05  7.287D-06  1.206D-05
**(rmsgt)**  18  1.456D-06  9.712D-06  1.209D-05  3.240D-05   219.21       4.25       3.70    4.496D-05  2.390D-05  3.221D-05
**(rmsgt)**  17  1.079D-06  8.837D-06  1.134D-05  3.516D-05   226.27       7.30       3.14    1.060D-04  6.309D-05  7.586D-05
**(rmsgt)**  16  1.078D-06  8.034D-06  1.005D-05  3.496D-05   234.69       9.45       3.30    2.107D-04  1.189D-04  1.634D-04
**(rmsgt)**  15  9.401D-07  7.257D-06  8.461D-06  3.228D-05   243.04      10.36       3.76    3.881D-04  1.965D-04  3.057D-04
**(rmsgt)**  14  7.838D-07  6.577D-06  7.025D-06  2.843D-05   251.00      10.73       4.23    6.707D-04  3.331D-04  5.124D-04
**(rmsgt)**  13  6.245D-07  6.076D-06  5.950D-06  2.462D-05   257.95      10.92       4.41    1.067D-03  5.841D-04  7.847D-04
**(rmsgt)**  12  5.443D-07  5.986D-06  5.286D-06  2.188D-05   264.01      11.07       4.65    1.591D-03  9.256D-04  1.108D-03
**(rmsgt)**  11  6.654D-07  6.042D-06  4.854D-06  2.011D-05   268.56      10.87       4.59    2.192D-03  1.288D-03  1.457D-03
**(rmsgt)**  10  6.896D-07  6.228D-06  4.535D-06  1.897D-05   272.37      11.00       4.71    2.949D-03  1.774D-03  1.741D-03
**(rmsgt)**   9  6.866D-07  6.361D-06  4.476D-06  1.825D-05   275.76      11.07       4.71    4.028D-03  2.340D-03  1.897D-03
**(rmsgt)**   8  6.579D-07  6.695D-06  4.743D-06  1.821D-05   278.72      11.37       4.71    5.128D-03  2.823D-03  2.016D-03
**(rmsgt)**   7  7.734D-07  7.225D-06  5.125D-06  1.877D-05   281.33      11.81       4.56    6.138D-03  3.170D-03  2.146D-03
**(rmsgt)**   6  9.705D-07  8.121D-06  5.492D-06  1.997D-05   283.62      12.21       4.50    7.158D-03  3.572D-03  2.313D-03
**(rmsgt)**   5  1.307D-06  9.615D-06  5.760D-06  2.142D-05   285.56      12.61       4.39    8.065D-03  3.989D-03  2.502D-03
**(rmsgt)**   4  1.643D-06  1.128D-05  5.938D-06  2.261D-05   287.28      12.97       4.37    8.802D-03  4.388D-03  2.645D-03
**(rmsgt)**   3  1.943D-06  1.264D-05  5.848D-06  2.244D-05   288.62      13.39       4.47    9.548D-03  4.871D-03  2.693D-03
**(rmsgt)**   2  2.294D-06  1.309D-05  5.152D-06  1.962D-05   289.84      13.70       4.55    1.019D-02  5.255D-03  2.711D-03
**(rmsgt)**   1  2.401D-06  1.290D-05  3.760D-06  1.461D-05   290.15      14.05       5.08    1.073D-02  5.510D-03  2.825D-03
**(rmsgt)** AVE  1.138D-06  8.345D-06  7.932D-06  2.452D-05   252.00      10.09       4.36    2.444D-03  2.012D-03  1.383
**(rmsgt)** Log(surface pressure) mean and variance:
**(rmsgt)**  G.M.LNP.= 4.59    ; Z.S.LNP.=0.444D-01; Z.A.LNP.=0.660D-01
**(wridia)** file also contains diagnostics at 21Z of 11/10/2011:
**(globme)**TOTAL PRECIPITATION                      Std.Dev.=   3.1626807; Glob.Mean=   8.6875977    ; in units of Kg M**-2 Day
**-1
**(globme)**CONVECTIVE PRECIPITATION                 Std.Dev.=   2.3798887; Glob.Mean=   8.3169707    ; in units of Kg M**-2 Day
**-1
**(globme)**SENSIBLE HEAT FLUX FROM SURFACE          Std.Dev.=   11.012812; Glob.Mean=   56.495095    ; in units of W M**-2
**(globme)**LATENT HEAT FLUX FROM SURFACE            Std.Dev.=   88.677555; Glob.Mean=   98.550000    ; in units of W M**-2
**(globme)**OUTGOING LONG WAVE AT TOP                Std.Dev.=   241.78243; Glob.Mean=   50.968609    ; in units of W M**-2
**(globme)**SHORT WAVE ABSORBED AT GROUND            Std.Dev.=   182.11984; Glob.Mean=   265.27272    ; in units of W M**-2
**(globme)**NET LONG WAVE AT BOTTOM                  Std.Dev.=   54.021442; Glob.Mean=   36.225059    ; in units of W M**-2
**(Model)** timestep 199 at simulation time 1 days and 32400.0 seconds
**(Model)** timestep 200 at simulation time 1 days and 33000.0 seconds
**(Model)** timestep 201 at simulation time 1 days and 33600.0 seconds
**(Model)** timestep 202 at simulation time 1 days and 34200.0 seconds
**(Model)** timestep 203 at simulation time 1 days and 34800.0 seconds
**(Model)** timestep 204 at simulation time 1 days and 35400.0 seconds
**(Model)** timestep 205 at simulation time 1 days and 36000.0 seconds
**(Model)** timestep 206 at simulation time 1 days and 36600.0 seconds
**(Model)** timestep 207 at simulation time 1 days and 37200.0 seconds
**(Model)** timestep 208 at simulation time 1 days and 37800.0 seconds
**(Model)** timestep 209 at simulation time 1 days and 38400.0 seconds
**(Model)** timestep 210 at simulation time 1 days and 39000.0 seconds
**(Model)** timestep 211 at simulation time 1 days and 39600.0 seconds
**(Model)** timestep 212 at simulation time 1 days and 40200.0 seconds
**(Model)** timestep 213 at simulation time 1 days and 40800.0 seconds
**(Model)** timestep 214 at simulation time 1 days and 41400.0 seconds
**(Model)** timestep 215 at simulation time 1 days and 42000.0 seconds
**(Model)** timestep 216 at simulation time 1 days and 42600.0 seconds
**(opnfct)** writes file GFCT07R20111010122011101200F.fct.T126L28 at simulation time
**(opnfct)** 1 days and 43200.0 seconds; contains state of the atmosphere at 00Z of 12/10/2011
**(rmsgt)** State of the atmosphere at 00Z of 12/10/2011:
**(rmsgt)** Layers and average means and variances:
**(rmsgt)** LYR  Z.S. DIV.  Z.A. DIV.  Z.S. VOR.  Z.A. VOR.  G.M. TEM.  Z.S. TEM.  Z.A. TEM.  G.M. S.H.  Z.S. S.H.  Z.A. S.H.
**(rmsgt)**  28  7.146D-07  4.218D-06  1.027D-05  2.319D-05   250.48       6.64       5.25    1.688D-06  4.035D-07  1.737D-07
**(rmsgt)**  27  2.303D-06  1.345D-05  1.521D-05  2.195D-05   226.80       4.32       7.45    1.797D-06  7.116D-07  2.063D-07
**(rmsgt)**  26  2.104D-06  1.218D-05  1.438D-05  1.933D-05   221.10       2.08       6.36    1.831D-06  7.938D-07  2.157D-07
**(rmsgt)**  25  1.115D-06  1.090D-05  1.298D-05  1.664D-05   216.90       2.80       5.58    2.021D-06  9.575D-07  2.827D-07
**(rmsgt)**  24  1.202D-06  9.348D-06  1.270D-05  1.469D-05   213.80       3.64       5.17    2.304D-06  1.188D-06  3.515D-07
**(rmsgt)**  23  1.076D-06  8.761D-06  1.066D-05  1.353D-05   210.23       5.38       4.74    2.738D-06  1.351D-06  4.694D-07
**(rmsgt)**  22  1.022D-06  8.414D-06  8.477D-06  1.421D-05   206.31       8.03       4.44    3.210D-06  1.270D-06  7.787D-07
**(rmsgt)**  21  1.050D-06  9.461D-06  8.459D-06  1.751D-05   204.77       9.41       4.18    4.017D-06  1.517D-06  1.984D-06
**(rmsgt)**  20  1.525D-06  1.146D-05  9.443D-06  2.229D-05   207.91       7.35       3.85    7.347D-06  2.682D-06  4.617D-06
**(rmsgt)**  19  1.669D-06  1.077D-05  1.144D-05  2.722D-05   213.33       4.07       3.84    1.786D-05  7.380D-06  1.231D-05
**(rmsgt)**  18  1.581D-06  9.596D-06  1.218D-05  3.202D-05   219.22       4.26       3.68    4.563D-05  2.419D-05  3.314D-05
**(rmsgt)**  17  1.143D-06  8.426D-06  1.139D-05  3.482D-05   226.25       7.30       3.12    1.070D-04  6.307D-05  7.800D-05
**(rmsgt)**  16  1.073D-06  7.805D-06  1.008D-05  3.475D-05   234.66       9.45       3.30    2.122D-04  1.182D-04  1.643D-04
**(rmsgt)**  15  9.518D-07  7.298D-06  8.482D-06  3.206D-05   242.99      10.37       3.77    3.902D-04  1.951D-04  3.065D-04
**(rmsgt)**  14  7.429D-07  6.589D-06  7.051D-06  2.817D-05   250.95      10.73       4.25    6.758D-04  3.295D-04  5.147D-04
**(rmsgt)**  13  6.010D-07  6.151D-06  5.986D-06  2.440D-05   257.91      10.92       4.43    1.070D-03  5.744D-04  7.858D-04
**(rmsgt)**  12  6.252D-07  6.104D-06  5.293D-06  2.173D-05   263.97      11.07       4.67    1.591D-03  9.125D-04  1.106D-03
**(rmsgt)**  11  6.770D-07  6.294D-06  4.870D-06  1.997D-05   268.51      10.86       4.60    2.190D-03  1.275D-03  1.457D-03
**(rmsgt)**  10  6.116D-07  6.515D-06  4.614D-06  1.874D-05   272.29      10.99       4.71    2.942D-03  1.760D-03  1.747D-03
**(rmsgt)**   9  5.565D-07  6.501D-06  4.594D-06  1.800D-05   275.70      11.06       4.72    4.026D-03  2.334D-03  1.915D-03
**(rmsgt)**   8  5.750D-07  6.760D-06  4.861D-06  1.801D-05   278.68      11.37       4.72    5.124D-03  2.813D-03  2.045D-03
**(rmsgt)**   7  8.097D-07  7.144D-06  5.245D-06  1.864D-05   281.29      11.80       4.56    6.123D-03  3.155D-03  2.172D-03
**(rmsgt)**   6  1.132D-06  7.957D-06  5.640D-06  1.991D-05   283.57      12.18       4.52    7.140D-03  3.556D-03  2.339D-03
**(rmsgt)**   5  1.426D-06  9.107D-06  5.970D-06  2.147D-05   285.48      12.56       4.43    8.038D-03  3.970D-03  2.519D-03
**(rmsgt)**   4  1.729D-06  1.063D-05  6.197D-06  2.269D-05   287.18      12.90       4.42    8.778D-03  4.373D-03  2.648D-03
**(rmsgt)**   3  2.040D-06  1.188D-05  6.135D-06  2.240D-05   288.45      13.27       4.51    9.563D-03  4.892D-03  2.675D-03
**(rmsgt)**   2  2.387D-06  1.215D-05  5.393D-06  1.942D-05   289.64      13.56       4.58    1.023D-02  5.293D-03  2.680D-03
**(rmsgt)**   1  2.501D-06  1.172D-05  3.890D-06  1.430D-05   289.89      13.90       5.15    1.078D-02  5.554D-03  2.815D-03
**(rmsgt)** AVE  1.133D-06  8.209D-06  7.988D-06  2.434D-05   251.96      10.08       4.37    2.443D-03  2.009D-03  1.389
**(rmsgt)** Log(surface pressure) mean and variance:
**(rmsgt)**  G.M.LNP.= 4.59    ; Z.S.LNP.=0.445D-01; Z.A.LNP.=0.659D-01
**(wridia)** file also contains diagnostics at 00Z of 12/10/2011:
**(globme)**TOTAL PRECIPITATION                      Std.Dev.=   2.9966832; Glob.Mean=   8.4367400    ; in units of Kg M**-2 Day
**-1
**(globme)**CONVECTIVE PRECIPITATION                 Std.Dev.=   2.1861160; Glob.Mean=   8.0232503    ; in units of Kg M**-2 Day
**-1
**(globme)**SENSIBLE HEAT FLUX FROM SURFACE          Std.Dev.=   4.4584506; Glob.Mean=   33.827261    ; in units of W M**-2
**(globme)**LATENT HEAT FLUX FROM SURFACE            Std.Dev.=   83.386731; Glob.Mean=   93.916063    ; in units of W M**-2
**(globme)**OUTGOING LONG WAVE AT TOP                Std.Dev.=   241.77206; Glob.Mean=   49.774303    ; in units of W M**-2
**(globme)**SHORT WAVE ABSORBED AT GROUND            Std.Dev.=   185.13497; Glob.Mean=   267.01101    ; in units of W M**-2
**(globme)**NET LONG WAVE AT BOTTOM                  Std.Dev.=   51.578949; Glob.Mean=   33.625793    ; in units of W M**-2
**(DestroyParallelism)** Process 0 ***MODEL EXECUTION ENDS NORMALY***

MPI Program Information:
========================
Note: It is measured from MPI_Init till MPI_Finalize.
      [U,R] specifies the Universe and the Process Rank in the Universe.

 * The  /gfs/dk22/modoper/tempo/global/oens/model/datain/desirtable file exists*
 SST:  IFSST=-1  MAX,MIN=  290.00     -303.22    

 From Nlnmi :
 n =   1 HnCut =  1000.00 Hn =  9766.75
 n =   2 HnCut =  1000.00 Hn =  4582.61
 n =   3 HnCut =  1000.00 Hn =  1601.91

 mods =   3 niter =   3

Global Data of 2 processes  :          Min [U,R]          Max [U,R]      Average
==========================

Real   Time (sec)           :      395.745 [0,1]      395.765 [0,0]      395.755
User   Time (sec)           :      328.658 [0,0]      354.528 [0,1]      341.593
System Time (sec)           :        7.642 [0,1]       16.084 [0,0]       11.863
Vector Time (sec)           :      285.144 [0,0]      307.289 [0,1]      296.217
Instruction Count           :  32128399628 [0,0]  32571098349 [0,1]  32349748989
Vector Instruction Count    :  10325360819 [0,0]  10657070651 [0,1]  10491215735
Vector Element Count        : 1957269752981 [0,0] 1991097135011 [0,1] 1974183443996
FLOP Count                  : 854671989225 [0,0] 869863499710 [0,1] 862267744468
MOPS                        :     5678.008 [0,1]     6021.670 [0,0]     5849.839
MFLOPS                      :     2453.584 [0,1]     2600.487 [0,0]     2527.035
Average Vector Length       :      186.833 [0,1]      189.559 [0,0]      188.196
Vector Operation Ratio (%)  :       98.898 [0,0]       98.911 [0,1]       98.905
Memory size used (MB)       :      901.338 [0,0]      901.994 [0,1]      901.666
MIPS                        :       91.872 [0,1]       97.756 [0,0]       94.814
Instruction Cache miss (sec):       10.279 [0,0]       10.306 [0,1]       10.292
Operand     Cache miss (sec):        6.176 [0,1]        6.248 [0,0]        6.212
Bank     Conflict Time (sec):        2.439 [0,0]        3.150 [0,1]        2.794


Overall Data:
=============

Real   Time (sec)           :      395.765
User   Time (sec)           :      683.186
System Time (sec)           :       23.726
Vector Time (sec)           :      592.434
GOPS   (rel. to User Time)  :       11.687
GFLOPS (rel. to User Time)  :        5.049
Memory size used (GB)       :        1.761

logout
