stty: : Invalid argument
vt100
resize:  can't open terminal /dev/tty
======================================
Welcome to tupan01: SUPER-UX 14.1 SX-6
Today is Sun Oct  9 15:59:10 GMT 2011
======================================
RODANDO MPI
MPI/SX: command Version 7.2.1 (25. June 2007): Copyright (c) NEC Corporation 1996-2007
MPI/SX: daemon  Version 7.2.4 (21. August 2008): Copyright (c) NEC Corporation 1996-2008

Values of significant variables used by MPI/SX:
-----------------------------------------------

  DISPLAY         = 
  MPICOLLORDER    = OFF
  MPICOMMINF      = NO
  MPIMULTITASKMIX = OFF
  MPIPROGINF      = DETAIL
  MPISUSPEND      = OFF
  MPIVERSION      = ON

Derived and further values:
---------------------------

  Wait method              : Busy waiting
  Global memory            : SX Global Memory

/usr/lib/mpi/mpid: Creating 2 processes of '/gfs/home3/modoper/tempo/global/oens/run/mpisep.sh' on local host tupan01
+ echo exec /gfs/home3/modoper/tempo/global/oens/model/exec/ParModel_MPI < /gfs/home3/modoper/tempo/global/oens/model/datain/MODELINCTR 
+ echo exec /gfs/home3/modoper/tempo/global/oens/model/exec/ParModel_MPI < /gfs/home3/modoper/tempo/global/oens/model/datain/MODELINCTR 
exec /gfs/home3/modoper/tempo/global/oens/model/exec/ParModel_MPI < /gfs/home3/modoper/tempo/global/oens/model/datain/MODELINCTR
exec /gfs/home3/modoper/tempo/global/oens/model/exec/ParModel_MPI < /gfs/home3/modoper/tempo/global/oens/model/datain/MODELINCTR
+ exec /gfs/home3/modoper/tempo/global/oens/model/exec/ParModel_MPI 
+ exec /gfs/home3/modoper/tempo/global/oens/model/exec/ParModel_MPI 
MPI/SX: library Version 6.7.18 (20. April 2004): Copyright (c) NEC Corporation 1997-2004
**(CreateParallelism)** Process 0 (tupan01) among 2 processes with 1 threads is alive
 * The  /gfs/dk22/modoper/tempo/global/oens/model/datain/desirtable file exists*
**(DumpOptions)**
**(DumpOptions)** model T126L28 runs from 12Z 09/10/2011 to 00Z 11/10/2011 with initial state from 12Z 09/10/2011
**(DumpOptions)** model executes 216 timesteps of length 600 seconds
**(DumpOptions)** model dynamics configuration is  Eulerian, Gaussian and Quadratic Grid
**(DumpOptions)** input file name is /gfs/dk22/modoper/tempo/global/oens/model/datain/GANLAVN2011100912S.unf.T126L28
**(DumpOptions)** output file directory is /gfs/dk22/modoper/tempo/global/oens/model/dataout
**(DumpOptions)** model physics configuration:
**(DumpOptions)**    Shortwave Radiation is Lacis & Hansen
**(DumpOptions)**    Longwave Radiation is Harshvardhan
**(DumpOptions)**    Using a single global value for co2 concentration,
**(DumpOptions)**    with constant concentration of 0.3700000E+03 ppvm
**(DumpOptions)**    Using old 4-month zonally averaged climatology
**(DumpOptions)**    Deep Convection is KUO
**(DumpOptions)**    Shallow Convection is Tiedke
**(DumpOptions)**
 SST:  IFSST=-1  MAX,MIN=  290.00     -306.21    
**(opnfct)** writes file GFCTCTR20111009122011100912F.icn.T126L28 at simulation time
**(opnfct)** 0 days and 0.0 seconds; contains state of the atmosphere at 12Z of 09/10/2011
**(rmsgt)** State of the atmosphere at 12Z of 09/10/2011:
**(rmsgt)** Layers and average means and variances:
**(rmsgt)** LYR  Z.S. DIV.  Z.A. DIV.  Z.S. VOR.  Z.A. VOR.  G.M. TEM.  Z.S. TEM.  Z.A. TEM.  G.M. S.H.  Z.S. S.H.  Z.A. S.H.
**(rmsgt)**  28  1.810D-06  2.181D-05  1.250D-05  2.570D-05   250.37       6.69       5.67    1.675D-06  4.163D-07  1.612D-07
**(rmsgt)**  27  1.259D-06  1.525D-05  1.608D-05  2.123D-05   228.05       3.41       4.19    1.788D-06  7.170D-07  2.094D-07
**(rmsgt)**  26  9.940D-07  1.255D-05  1.483D-05  1.738D-05   221.53       2.66       4.90    1.818D-06  8.036D-07  2.316D-07
**(rmsgt)**  25  1.056D-06  1.123D-05  1.328D-05  1.571D-05   216.86       3.76       4.84    1.992D-06  9.610D-07  2.890D-07
**(rmsgt)**  24  1.324D-06  1.377D-05  1.309D-05  1.611D-05   213.28       4.63       4.48    2.286D-06  1.201D-06  3.441D-07
**(rmsgt)**  23  9.714D-07  1.174D-05  1.087D-05  1.557D-05   209.79       5.92       4.27    2.735D-06  1.376D-06  4.507D-07
**(rmsgt)**  22  1.122D-06  1.241D-05  8.471D-06  1.693D-05   206.10       8.08       4.16    3.160D-06  1.289D-06  5.032D-07
**(rmsgt)**  21  1.280D-06  1.469D-05  8.019D-06  2.055D-05   204.46       9.53       4.03    3.528D-06  1.170D-06  8.350D-07
**(rmsgt)**  20  1.514D-06  1.753D-05  8.581D-06  2.746D-05   207.59       7.63       3.64    5.861D-06  1.750D-06  1.724D-06
**(rmsgt)**  19  2.034D-06  1.837D-05  1.025D-05  3.615D-05   213.06       4.49       3.62    1.451D-05  5.606D-06  5.078D-06
**(rmsgt)**  18  2.049D-06  1.845D-05  1.079D-05  4.585D-05   219.16       4.36       3.59    3.828D-05  2.209D-05  1.950D-05
**(rmsgt)**  17  1.903D-06  1.793D-05  1.057D-05  5.461D-05   226.49       7.26       2.99    9.308D-05  6.331D-05  6.933D-05
**(rmsgt)**  16  1.672D-06  1.658D-05  9.538D-06  5.640D-05   234.99       9.28       3.15    1.966D-04  1.324D-04  1.848D-04
**(rmsgt)**  15  1.313D-06  1.515D-05  8.700D-06  5.215D-05   243.61      10.19       3.65    3.792D-04  2.418D-04  3.847D-04
**(rmsgt)**  14  1.361D-06  1.403D-05  8.045D-06  4.567D-05   251.48      10.55       4.03    6.705D-04  4.180D-04  6.777D-04
**(rmsgt)**  13  1.228D-06  1.327D-05  7.051D-06  3.964D-05   258.32      10.68       4.22    1.074D-03  7.056D-04  1.016D-03
**(rmsgt)**  12  1.137D-06  1.278D-05  6.212D-06  3.507D-05   264.14      10.78       4.36    1.610D-03  1.082D-03  1.368D-03
**(rmsgt)**  11  1.126D-06  1.266D-05  5.663D-06  3.241D-05   269.05      10.92       4.46    2.310D-03  1.539D-03  1.712D-03
**(rmsgt)**  10  9.967D-07  1.256D-05  5.313D-06  3.139D-05   273.14      11.11       4.51    3.112D-03  1.999D-03  1.967D-03
**(rmsgt)**   9  1.030D-06  1.229D-05  5.194D-06  3.121D-05   276.61      11.27       4.54    4.067D-03  2.459D-03  2.128D-03
**(rmsgt)**   8  1.098D-06  1.190D-05  5.352D-06  3.171D-05   279.48      11.47       4.62    5.083D-03  2.844D-03  2.231D-03
**(rmsgt)**   7  1.230D-06  1.163D-05  5.658D-06  3.267D-05   281.65      11.61       4.73    6.150D-03  3.202D-03  2.209D-03
**(rmsgt)**   6  1.401D-06  1.210D-05  6.003D-06  3.418D-05   283.46      11.78       4.75    7.144D-03  3.603D-03  2.228D-03
**(rmsgt)**   5  1.655D-06  1.363D-05  6.250D-06  3.562D-05   285.15      12.07       4.67    7.974D-03  4.035D-03  2.312D-03
**(rmsgt)**   4  1.993D-06  1.553D-05  6.335D-06  3.591D-05   286.74      12.53       4.58    8.530D-03  4.326D-03  2.379D-03
**(rmsgt)**   3  2.382D-06  1.691D-05  6.051D-06  3.439D-05   288.07      13.16       4.58    8.867D-03  4.471D-03  2.443D-03
**(rmsgt)**   2  2.554D-06  1.719D-05  5.503D-06  3.151D-05   289.23      13.59       4.60    9.106D-03  4.572D-03  2.504D-03
**(rmsgt)**   1  2.435D-06  1.640D-05  4.870D-06  2.801D-05   290.13      13.90       4.65    9.347D-03  4.684D-03  2.562D-03
**(rmsgt)** AVE  1.479D-06  1.455D-05  8.062D-06  3.820D-05   252.21      10.01       4.19    2.407D-03  1.991D-03  1.441
**(rmsgt)** Log(surface pressure) mean and variance:
**(rmsgt)**  G.M.LNP.= 4.59    ; Z.S.LNP.=0.427D-01; Z.A.LNP.=0.657D-01

 From Nlnmi :
 n =   1 HnCut =  1000.00 Hn =  9766.75
 n =   2 HnCut =  1000.00 Hn =  4582.61
 n =   3 HnCut =  1000.00 Hn =  1601.91

 mods =   3 niter =   3

**(opnfct)** writes file GFCTCTR20111009122011100912F.inz.T126L28 at simulation time
**(opnfct)** 0 days and 0.0 seconds; contains state of the atmosphere at 12Z of 09/10/2011
**(rmsgt)** State of the atmosphere at 12Z of 09/10/2011:
**(rmsgt)** Layers and average means and variances:
**(rmsgt)** LYR  Z.S. DIV.  Z.A. DIV.  Z.S. VOR.  Z.A. VOR.  G.M. TEM.  Z.S. TEM.  Z.A. TEM.  G.M. S.H.  Z.S. S.H.  Z.A. S.H.
**(rmsgt)**  28  5.161D-07  6.479D-06  1.314D-05  2.566D-05   250.37       6.69       5.66    1.675D-06  4.163D-07  1.612D-07
**(rmsgt)**  27  1.213D-06  1.585D-05  1.621D-05  2.130D-05   228.05       3.25       5.23    1.788D-06  7.170D-07  2.094D-07
**(rmsgt)**  26  9.547D-07  1.334D-05  1.476D-05  1.753D-05   221.53       2.47       5.05    1.818D-06  8.036D-07  2.316D-07
**(rmsgt)**  25  1.154D-06  1.205D-05  1.323D-05  1.583D-05   216.86       3.64       4.89    1.992D-06  9.610D-07  2.890D-07
**(rmsgt)**  24  1.239D-06  1.342D-05  1.306D-05  1.617D-05   213.28       4.58       4.55    2.286D-06  1.201D-06  3.441D-07
**(rmsgt)**  23  1.018D-06  1.204D-05  1.085D-05  1.558D-05   209.79       5.90       4.33    2.735D-06  1.376D-06  4.507D-07
**(rmsgt)**  22  1.146D-06  1.254D-05  8.453D-06  1.694D-05   206.10       8.07       4.30    3.160D-06  1.289D-06  5.032D-07
**(rmsgt)**  21  1.271D-06  1.475D-05  7.993D-06  2.056D-05   204.46       9.51       4.07    3.528D-06  1.170D-06  8.350D-07
**(rmsgt)**  20  1.535D-06  1.754D-05  8.567D-06  2.746D-05   207.59       7.62       3.69    5.861D-06  1.750D-06  1.724D-06
**(rmsgt)**  19  2.040D-06  1.839D-05  1.024D-05  3.615D-05   213.06       4.49       3.62    1.451D-05  5.606D-06  5.078D-06
**(rmsgt)**  18  2.050D-06  1.846D-05  1.079D-05  4.584D-05   219.16       4.39       3.64    3.828D-05  2.209D-05  1.950D-05
**(rmsgt)**  17  1.903D-06  1.795D-05  1.056D-05  5.461D-05   226.49       7.26       3.00    9.308D-05  6.331D-05  6.933D-05
**(rmsgt)**  16  1.673D-06  1.660D-05  9.534D-06  5.641D-05   234.99       9.30       3.30    1.966D-04  1.324D-04  1.848D-04
**(rmsgt)**  15  1.310D-06  1.517D-05  8.696D-06  5.216D-05   243.61      10.19       3.63    3.792D-04  2.418D-04  3.847D-04
**(rmsgt)**  14  1.356D-06  1.405D-05  8.042D-06  4.568D-05   251.48      10.58       4.21    6.705D-04  4.180D-04  6.777D-04
**(rmsgt)**  13  1.224D-06  1.328D-05  7.048D-06  3.964D-05   258.32      10.67       4.18    1.074D-03  7.056D-04  1.016D-03
**(rmsgt)**  12  1.141D-06  1.279D-05  6.209D-06  3.507D-05   264.14      10.81       4.55    1.610D-03  1.082D-03  1.368D-03
**(rmsgt)**  11  1.123D-06  1.267D-05  5.661D-06  3.241D-05   269.05      10.92       4.40    2.310D-03  1.539D-03  1.712D-03
**(rmsgt)**  10  9.891D-07  1.254D-05  5.311D-06  3.139D-05   273.14      11.14       4.71    3.112D-03  1.999D-03  1.967D-03
**(rmsgt)**   9  1.022D-06  1.225D-05  5.192D-06  3.121D-05   276.61      11.27       4.46    4.067D-03  2.459D-03  2.128D-03
**(rmsgt)**   8  1.091D-06  1.184D-05  5.350D-06  3.171D-05   279.48      11.50       4.80    5.083D-03  2.844D-03  2.231D-03
**(rmsgt)**   7  1.230D-06  1.156D-05  5.656D-06  3.267D-05   281.65      11.60       4.65    6.150D-03  3.202D-03  2.209D-03
**(rmsgt)**   6  1.404D-06  1.204D-05  6.000D-06  3.418D-05   283.46      11.81       4.90    7.144D-03  3.603D-03  2.228D-03
**(rmsgt)**   5  1.662D-06  1.358D-05  6.248D-06  3.562D-05   285.15      12.06       4.60    7.974D-03  4.035D-03  2.312D-03
**(rmsgt)**   4  2.000D-06  1.551D-05  6.333D-06  3.591D-05   286.74      12.56       4.73    8.530D-03  4.326D-03  2.379D-03
**(rmsgt)**   3  2.389D-06  1.692D-05  6.050D-06  3.439D-05   288.07      13.16       4.51    8.867D-03  4.471D-03  2.443D-03
**(rmsgt)**   2  2.562D-06  1.721D-05  5.502D-06  3.151D-05   289.23      13.62       4.76    9.106D-03  4.572D-03  2.504D-03
**(rmsgt)**   1  2.443D-06  1.642D-05  4.869D-06  2.801D-05   290.13      13.90       4.58    9.347D-03  4.684D-03  2.562D-03
**(rmsgt)** AVE  1.473D-06  1.447D-05  8.063D-06  3.820D-05   252.21      10.02       4.26    2.407D-03  1.991D-03  1.441
**(rmsgt)** Log(surface pressure) mean and variance:
**(rmsgt)**  G.M.LNP.= 4.59    ; Z.S.LNP.=0.430D-01; Z.A.LNP.=0.666D-01
**(Model)** cold start step 1
**(Model)** cold start step 2
**(Model)** timestep 2 at simulation time 0 days and 600.0 seconds
**(Model)** timestep 3 at simulation time 0 days and 1200.0 seconds
**(Model)** timestep 4 at simulation time 0 days and 1800.0 seconds
**(Model)** timestep 5 at simulation time 0 days and 2400.0 seconds
**(Model)** timestep 6 at simulation time 0 days and 3000.0 seconds
**(Model)** timestep 7 at simulation time 0 days and 3600.0 seconds
**(Model)** timestep 8 at simulation time 0 days and 4200.0 seconds
**(Model)** timestep 9 at simulation time 0 days and 4800.0 seconds
**(Model)** timestep 10 at simulation time 0 days and 5400.0 seconds
**(Model)** timestep 11 at simulation time 0 days and 6000.0 seconds
**(Model)** timestep 12 at simulation time 0 days and 6600.0 seconds
**(Model)** timestep 13 at simulation time 0 days and 7200.0 seconds
**(Model)** timestep 14 at simulation time 0 days and 7800.0 seconds
**(Model)** timestep 15 at simulation time 0 days and 8400.0 seconds
**(Model)** timestep 16 at simulation time 0 days and 9000.0 seconds
**(Model)** timestep 17 at simulation time 0 days and 9600.0 seconds
**(Model)** timestep 18 at simulation time 0 days and 10200.0 seconds
**(opnfct)** writes file GFCTCTR20111009122011100915F.fct.T126L28 at simulation time
**(opnfct)** 0 days and 10800.0 seconds; contains state of the atmosphere at 15Z of 09/10/2011
**(rmsgt)** State of the atmosphere at 15Z of 09/10/2011:
**(rmsgt)** Layers and average means and variances:
**(rmsgt)** LYR  Z.S. DIV.  Z.A. DIV.  Z.S. VOR.  Z.A. VOR.  G.M. TEM.  Z.S. TEM.  Z.A. TEM.  G.M. S.H.  Z.S. S.H.  Z.A. S.H.
**(rmsgt)**  28  9.068D-07  5.784D-06  1.294D-05  2.201D-05   250.43       6.67       5.66    1.675D-06  4.156D-07  1.609D-07
**(rmsgt)**  27  2.119D-06  1.476D-05  1.632D-05  2.048D-05   227.84       3.22       4.76    1.788D-06  7.184D-07  2.044D-07
**(rmsgt)**  26  1.632D-06  1.369D-05  1.484D-05  1.675D-05   221.35       2.58       5.08    1.819D-06  8.034D-07  2.243D-07
**(rmsgt)**  25  1.197D-06  1.045D-05  1.324D-05  1.441D-05   216.82       3.57       5.03    1.995D-06  9.617D-07  2.793D-07
**(rmsgt)**  24  1.216D-06  1.087D-05  1.296D-05  1.346D-05   213.34       4.50       4.59    2.288D-06  1.202D-06  3.365D-07
**(rmsgt)**  23  1.440D-06  1.141D-05  1.075D-05  1.326D-05   209.87       5.85       4.41    2.732D-06  1.376D-06  4.411D-07
**(rmsgt)**  22  1.443D-06  1.230D-05  8.517D-06  1.453D-05   206.26       8.01       4.22    3.163D-06  1.286D-06  5.019D-07
**(rmsgt)**  21  1.779D-06  1.356D-05  8.139D-06  1.846D-05   204.62       9.47       4.04    3.583D-06  1.201D-06  9.052D-07
**(rmsgt)**  20  1.744D-06  1.543D-05  8.755D-06  2.463D-05   207.70       7.60       3.74    5.995D-06  1.832D-06  2.133D-06
**(rmsgt)**  19  2.012D-06  1.400D-05  1.040D-05  3.248D-05   213.14       4.45       3.75    1.481D-05  5.790D-06  6.545D-06
**(rmsgt)**  18  2.189D-06  1.301D-05  1.097D-05  4.073D-05   219.23       4.38       3.78    3.893D-05  2.201D-05  2.118D-05
**(rmsgt)**  17  1.805D-06  1.180D-05  1.049D-05  4.668D-05   226.50       7.24       3.23    9.583D-05  6.304D-05  6.989D-05
**(rmsgt)**  16  1.531D-06  1.019D-05  9.287D-06  4.644D-05   234.95       9.29       3.59    2.017D-04  1.304D-04  1.802D-04
**(rmsgt)**  15  1.106D-06  9.145D-06  8.100D-06  4.161D-05   243.52      10.21       3.94    3.862D-04  2.375D-04  3.693D-04
**(rmsgt)**  14  8.267D-07  8.130D-06  7.525D-06  3.594D-05   251.41      10.63       4.43    6.740D-04  4.078D-04  6.389D-04
**(rmsgt)**  13  7.514D-07  7.939D-06  6.578D-06  3.107D-05   258.24      10.72       4.41    1.072D-03  6.869D-04  9.517D-04
**(rmsgt)**  12  8.534D-07  7.140D-06  5.784D-06  2.727D-05   264.10      10.86       4.68    1.602D-03  1.057D-03  1.288D-03
**(rmsgt)**  11  8.777D-07  7.460D-06  5.192D-06  2.497D-05   268.96      10.94       4.56    2.294D-03  1.508D-03  1.620D-03
**(rmsgt)**  10  8.379D-07  7.350D-06  4.819D-06  2.382D-05   273.06      11.16       4.71    3.089D-03  1.969D-03  1.864D-03
**(rmsgt)**   9  9.029D-07  7.648D-06  4.707D-06  2.328D-05   276.44      11.22       4.59    4.053D-03  2.439D-03  1.999D-03
**(rmsgt)**   8  9.186D-07  7.768D-06  4.920D-06  2.333D-05   279.27      11.45       4.74    5.075D-03  2.837D-03  2.091D-03
**(rmsgt)**   7  1.031D-06  8.064D-06  5.255D-06  2.390D-05   281.48      11.61       4.69    6.114D-03  3.198D-03  2.077D-03
**(rmsgt)**   6  1.231D-06  8.713D-06  5.646D-06  2.517D-05   283.40      11.88       4.73    7.110D-03  3.598D-03  2.106D-03
**(rmsgt)**   5  1.648D-06  1.008D-05  5.939D-06  2.660D-05   285.18      12.23       4.58    7.934D-03  3.957D-03  2.215D-03
**(rmsgt)**   4  1.964D-06  1.159D-05  6.168D-06  2.729D-05   286.84      12.67       4.56    8.650D-03  4.340D-03  2.345D-03
**(rmsgt)**   3  2.227D-06  1.307D-05  6.164D-06  2.628D-05   288.28      13.21       4.56    9.207D-03  4.641D-03  2.466D-03
**(rmsgt)**   2  2.626D-06  1.410D-05  5.533D-06  2.274D-05   289.53      13.70       4.64    9.564D-03  4.781D-03  2.559D-03
**(rmsgt)**   1  2.625D-06  1.345D-05  4.027D-06  1.705D-05   290.23      14.12       4.84    9.895D-03  4.911D-03  2.674D-03
**(rmsgt)** AVE  1.403D-06  1.014D-05  7.848D-06  3.072D-05   252.18      10.04       4.35    2.422D-03  2.001D-03  1.380
**(rmsgt)** Log(surface pressure) mean and variance:
**(rmsgt)**  G.M.LNP.= 4.59    ; Z.S.LNP.=0.431D-01; Z.A.LNP.=0.660D-01
**(wridia)** file also contains diagnostics at 15Z of 09/10/2011:
**(globme)**TOTAL PRECIPITATION                      Std.Dev.=   3.3776263; Glob.Mean=   9.0768572    ; in units of Kg M**-2 Day
**-1
**(globme)**CONVECTIVE PRECIPITATION                 Std.Dev.=   2.8825279; Glob.Mean=   8.6846355    ; in units of Kg M**-2 Day
**-1
**(globme)**SENSIBLE HEAT FLUX FROM SURFACE          Std.Dev.=   28.548462; Glob.Mean=   75.275042    ; in units of W M**-2
**(globme)**LATENT HEAT FLUX FROM SURFACE            Std.Dev.=   132.51539; Glob.Mean=   144.81905    ; in units of W M**-2
**(globme)**OUTGOING LONG WAVE AT TOP                Std.Dev.=   266.88523; Glob.Mean=   33.318307    ; in units of W M**-2
**(globme)**SHORT WAVE ABSORBED AT GROUND            Std.Dev.=   191.22135; Glob.Mean=   267.97354    ; in units of W M**-2
**(globme)**NET LONG WAVE AT BOTTOM                  Std.Dev.=   63.159179; Glob.Mean=   35.954447    ; in units of W M**-2
**(Model)** timestep 19 at simulation time 0 days and 10800.0 seconds
**(Model)** timestep 20 at simulation time 0 days and 11400.0 seconds
**(Model)** timestep 21 at simulation time 0 days and 12000.0 seconds
**(Model)** timestep 22 at simulation time 0 days and 12600.0 seconds
**(Model)** timestep 23 at simulation time 0 days and 13200.0 seconds
**(Model)** timestep 24 at simulation time 0 days and 13800.0 seconds
**(Model)** timestep 25 at simulation time 0 days and 14400.0 seconds
**(Model)** timestep 26 at simulation time 0 days and 15000.0 seconds
**(Model)** timestep 27 at simulation time 0 days and 15600.0 seconds
**(Model)** timestep 28 at simulation time 0 days and 16200.0 seconds
**(Model)** timestep 29 at simulation time 0 days and 16800.0 seconds
**(Model)** timestep 30 at simulation time 0 days and 17400.0 seconds
**(Model)** timestep 31 at simulation time 0 days and 18000.0 seconds
**(Model)** timestep 32 at simulation time 0 days and 18600.0 seconds
**(Model)** timestep 33 at simulation time 0 days and 19200.0 seconds
**(Model)** timestep 34 at simulation time 0 days and 19800.0 seconds
**(Model)** timestep 35 at simulation time 0 days and 20400.0 seconds
**(Model)** timestep 36 at simulation time 0 days and 21000.0 seconds
**(opnfct)** writes file GFCTCTR20111009122011100918F.fct.T126L28 at simulation time
**(opnfct)** 0 days and 21600.0 seconds; contains state of the atmosphere at 18Z of 09/10/2011
**(rmsgt)** State of the atmosphere at 18Z of 09/10/2011:
**(rmsgt)** Layers and average means and variances:
**(rmsgt)** LYR  Z.S. DIV.  Z.A. DIV.  Z.S. VOR.  Z.A. VOR.  G.M. TEM.  Z.S. TEM.  Z.A. TEM.  G.M. S.H.  Z.S. S.H.  Z.A. S.H.
**(rmsgt)**  28  8.060D-07  6.658D-06  1.301D-05  2.160D-05   250.44       6.66       5.79    1.676D-06  4.145D-07  1.610D-07
**(rmsgt)**  27  2.224D-06  1.716D-05  1.629D-05  2.052D-05   227.79       3.25       4.84    1.787D-06  7.201D-07  2.025D-07
**(rmsgt)**  26  1.561D-06  1.433D-05  1.498D-05  1.704D-05   221.27       2.68       5.11    1.820D-06  8.034D-07  2.216D-07
**(rmsgt)**  25  1.485D-06  1.197D-05  1.342D-05  1.457D-05   216.79       3.57       5.07    1.998D-06  9.630D-07  2.745D-07
**(rmsgt)**  24  1.332D-06  1.096D-05  1.308D-05  1.323D-05   213.36       4.47       4.64    2.291D-06  1.203D-06  3.337D-07
**(rmsgt)**  23  1.220D-06  1.039D-05  1.077D-05  1.342D-05   209.88       5.86       4.44    2.733D-06  1.375D-06  4.405D-07
**(rmsgt)**  22  1.439D-06  1.041D-05  8.549D-06  1.472D-05   206.26       8.06       4.29    3.169D-06  1.282D-06  5.184D-07
**(rmsgt)**  21  1.632D-06  1.139D-05  8.045D-06  1.821D-05   204.72       9.45       4.03    3.638D-06  1.241D-06  1.030D-06
**(rmsgt)**  20  1.495D-06  1.292D-05  8.765D-06  2.376D-05   207.76       7.61       3.71    6.112D-06  1.905D-06  2.474D-06
**(rmsgt)**  19  1.902D-06  1.166D-05  1.053D-05  3.157D-05   213.16       4.45       3.80    1.501D-05  5.785D-06  7.473D-06
**(rmsgt)**  18  2.105D-06  1.147D-05  1.112D-05  3.932D-05   219.25       4.38       3.80    3.953D-05  2.145D-05  2.297D-05
**(rmsgt)**  17  1.575D-06  1.033D-05  1.043D-05  4.413D-05   226.49       7.22       3.30    9.793D-05  6.226D-05  7.147D-05
**(rmsgt)**  16  1.325D-06  9.103D-06  9.117D-06  4.335D-05   234.92       9.29       3.66    2.043D-04  1.279D-04  1.789D-04
**(rmsgt)**  15  1.053D-06  8.375D-06  7.889D-06  3.892D-05   243.44      10.21       4.05    3.863D-04  2.320D-04  3.578D-04
**(rmsgt)**  14  7.861D-07  7.541D-06  7.250D-06  3.389D-05   251.37      10.66       4.49    6.706D-04  3.973D-04  6.151D-04
**(rmsgt)**  13  8.422D-07  6.838D-06  6.280D-06  2.937D-05   258.22      10.77       4.50    1.067D-03  6.715D-04  9.161D-04
**(rmsgt)**  12  8.618D-07  6.384D-06  5.524D-06  2.586D-05   264.10      10.92       4.71    1.596D-03  1.038D-03  1.252D-03
**(rmsgt)**  11  7.857D-07  6.585D-06  4.939D-06  2.364D-05   268.92      10.95       4.61    2.280D-03  1.482D-03  1.582D-03
**(rmsgt)**  10  8.294D-07  6.621D-06  4.576D-06  2.238D-05   272.99      11.18       4.72    3.068D-03  1.947D-03  1.834D-03
**(rmsgt)**   9  8.403D-07  6.793D-06  4.453D-06  2.175D-05   276.32      11.19       4.65    4.043D-03  2.424D-03  1.965D-03
**(rmsgt)**   8  8.241D-07  6.967D-06  4.624D-06  2.161D-05   279.15      11.43       4.75    5.086D-03  2.840D-03  2.054D-03
**(rmsgt)**   7  8.674D-07  7.383D-06  4.937D-06  2.193D-05   281.48      11.66       4.68    6.107D-03  3.190D-03  2.059D-03
**(rmsgt)**   6  1.065D-06  8.469D-06  5.362D-06  2.293D-05   283.49      11.96       4.70    7.109D-03  3.569D-03  2.097D-03
**(rmsgt)**   5  1.489D-06  1.003D-05  5.698D-06  2.437D-05   285.31      12.32       4.54    7.947D-03  3.925D-03  2.228D-03
**(rmsgt)**   4  2.002D-06  1.172D-05  5.853D-06  2.535D-05   286.97      12.73       4.54    8.733D-03  4.342D-03  2.388D-03
**(rmsgt)**   3  2.234D-06  1.318D-05  5.859D-06  2.486D-05   288.33      13.29       4.58    9.375D-03  4.722D-03  2.503D-03
**(rmsgt)**   2  2.472D-06  1.404D-05  5.349D-06  2.173D-05   289.60      13.71       4.65    9.794D-03  4.916D-03  2.612D-03
**(rmsgt)**   1  2.558D-06  1.368D-05  4.016D-06  1.628D-05   290.19      14.09       4.93    1.017D-02  5.092D-03  2.743D-03
**(rmsgt)** AVE  1.322D-06  9.264D-06  7.729D-06  2.900D-05   252.17      10.06       4.39    2.431D-03  2.006D-03  1.370
**(rmsgt)** Log(surface pressure) mean and variance:
**(rmsgt)**  G.M.LNP.= 4.59    ; Z.S.LNP.=0.431D-01; Z.A.LNP.=0.659D-01
**(wridia)** file also contains diagnostics at 18Z of 09/10/2011:
**(globme)**TOTAL PRECIPITATION                      Std.Dev.=   3.3385178; Glob.Mean=   8.6013999    ; in units of Kg M**-2 Day
**-1
**(globme)**CONVECTIVE PRECIPITATION                 Std.Dev.=   2.7994935; Glob.Mean=   8.3814635    ; in units of Kg M**-2 Day
**-1
**(globme)**SENSIBLE HEAT FLUX FROM SURFACE          Std.Dev.=   21.951454; Glob.Mean=   74.601568    ; in units of W M**-2
**(globme)**LATENT HEAT FLUX FROM SURFACE            Std.Dev.=   116.27947; Glob.Mean=   130.43315    ; in units of W M**-2
**(globme)**OUTGOING LONG WAVE AT TOP                Std.Dev.=   247.43747; Glob.Mean=   49.493302    ; in units of W M**-2
**(globme)**SHORT WAVE ABSORBED AT GROUND            Std.Dev.=   176.50195; Glob.Mean=   245.44375    ; in units of W M**-2
**(globme)**NET LONG WAVE AT BOTTOM                  Std.Dev.=   55.806832; Glob.Mean=   42.423486    ; in units of W M**-2
**(Model)** timestep 37 at simulation time 0 days and 21600.0 seconds
**(Model)** timestep 38 at simulation time 0 days and 22200.0 seconds
**(Model)** timestep 39 at simulation time 0 days and 22800.0 seconds
**(Model)** timestep 40 at simulation time 0 days and 23400.0 seconds
**(Model)** timestep 41 at simulation time 0 days and 24000.0 seconds
**(Model)** timestep 42 at simulation time 0 days and 24600.0 seconds
**(Model)** timestep 43 at simulation time 0 days and 25200.0 seconds
**(Model)** timestep 44 at simulation time 0 days and 25800.0 seconds
**(Model)** timestep 45 at simulation time 0 days and 26400.0 seconds
**(Model)** timestep 46 at simulation time 0 days and 27000.0 seconds
**(Model)** timestep 47 at simulation time 0 days and 27600.0 seconds
**(Model)** timestep 48 at simulation time 0 days and 28200.0 seconds
**(Model)** timestep 49 at simulation time 0 days and 28800.0 seconds
**(Model)** timestep 50 at simulation time 0 days and 29400.0 seconds
**(Model)** timestep 51 at simulation time 0 days and 30000.0 seconds
**(Model)** timestep 52 at simulation time 0 days and 30600.0 seconds
**(Model)** timestep 53 at simulation time 0 days and 31200.0 seconds
**(Model)** timestep 54 at simulation time 0 days and 31800.0 seconds
**(opnfct)** writes file GFCTCTR20111009122011100921F.fct.T126L28 at simulation time
**(opnfct)** 0 days and 32400.0 seconds; contains state of the atmosphere at 21Z of 09/10/2011
**(rmsgt)** State of the atmosphere at 21Z of 09/10/2011:
**(rmsgt)** Layers and average means and variances:
**(rmsgt)** LYR  Z.S. DIV.  Z.A. DIV.  Z.S. VOR.  Z.A. VOR.  G.M. TEM.  Z.S. TEM.  Z.A. TEM.  G.M. S.H.  Z.S. S.H.  Z.A. S.H.
**(rmsgt)**  28  8.755D-07  6.133D-06  1.325D-05  2.124D-05   250.44       6.66       5.89    1.676D-06  4.142D-07  1.599D-07
**(rmsgt)**  27  2.027D-06  1.681D-05  1.615D-05  2.075D-05   227.68       3.30       4.95    1.788D-06  7.204D-07  2.024D-07
**(rmsgt)**  26  1.585D-06  1.380D-05  1.499D-05  1.736D-05   221.25       2.75       5.13    1.821D-06  8.017D-07  2.207D-07
**(rmsgt)**  25  1.441D-06  1.186D-05  1.343D-05  1.474D-05   216.80       3.61       5.03    2.000D-06  9.623D-07  2.735D-07
**(rmsgt)**  24  1.195D-06  1.057D-05  1.317D-05  1.311D-05   213.40       4.47       4.60    2.292D-06  1.202D-06  3.317D-07
**(rmsgt)**  23  1.306D-06  9.978D-06  1.089D-05  1.307D-05   209.90       5.87       4.39    2.734D-06  1.374D-06  4.413D-07
**(rmsgt)**  22  1.190D-06  9.870D-06  8.659D-06  1.461D-05   206.24       8.10       4.29    3.170D-06  1.276D-06  5.326D-07
**(rmsgt)**  21  1.260D-06  1.100D-05  7.989D-06  1.810D-05   204.76       9.44       4.06    3.680D-06  1.268D-06  1.135D-06
**(rmsgt)**  20  1.457D-06  1.243D-05  8.741D-06  2.340D-05   207.78       7.59       3.72    6.224D-06  1.990D-06  2.803D-06
**(rmsgt)**  19  1.941D-06  1.165D-05  1.052D-05  3.081D-05   213.17       4.43       3.82    1.527D-05  5.827D-06  8.251D-06
**(rmsgt)**  18  2.063D-06  1.104D-05  1.112D-05  3.834D-05   219.25       4.38       3.79    4.043D-05  2.115D-05  2.467D-05
**(rmsgt)**  17  1.524D-06  9.798D-06  1.038D-05  4.268D-05   226.48       7.23       3.30    9.990D-05  6.164D-05  7.283D-05
**(rmsgt)**  16  1.295D-06  9.032D-06  8.910D-06  4.168D-05   234.91       9.28       3.60    2.062D-04  1.252D-04  1.766D-04
**(rmsgt)**  15  1.108D-06  7.956D-06  7.790D-06  3.763D-05   243.41      10.20       4.02    3.863D-04  2.274D-04  3.468D-04
**(rmsgt)**  14  8.181D-07  7.153D-06  7.081D-06  3.270D-05   251.35      10.66       4.45    6.699D-04  3.893D-04  5.944D-04
**(rmsgt)**  13  8.033D-07  6.744D-06  6.155D-06  2.818D-05   258.20      10.79       4.50    1.067D-03  6.580D-04  8.908D-04
**(rmsgt)**  12  6.988D-07  6.407D-06  5.405D-06  2.484D-05   264.09      10.94       4.71    1.595D-03  1.021D-03  1.231D-03
**(rmsgt)**  11  6.286D-07  6.260D-06  4.822D-06  2.268D-05   268.85      10.94       4.62    2.268D-03  1.460D-03  1.558D-03
**(rmsgt)**  10  6.451D-07  6.382D-06  4.484D-06  2.138D-05   272.90      11.18       4.73    3.045D-03  1.925D-03  1.821D-03
**(rmsgt)**   9  6.812D-07  6.452D-06  4.385D-06  2.073D-05   276.24      11.17       4.68    4.031D-03  2.408D-03  1.955D-03
**(rmsgt)**   8  7.226D-07  6.794D-06  4.543D-06  2.067D-05   279.07      11.40       4.77    5.085D-03  2.831D-03  2.025D-03
**(rmsgt)**   7  8.848D-07  7.305D-06  4.863D-06  2.101D-05   281.47      11.70       4.65    6.092D-03  3.169D-03  2.047D-03
**(rmsgt)**   6  1.140D-06  8.354D-06  5.267D-06  2.201D-05   283.54      12.00       4.66    7.102D-03  3.539D-03  2.106D-03
**(rmsgt)**   5  1.564D-06  9.924D-06  5.589D-06  2.337D-05   285.35      12.39       4.52    7.969D-03  3.914D-03  2.257D-03
**(rmsgt)**   4  2.000D-06  1.170D-05  5.672D-06  2.442D-05   287.01      12.75       4.51    8.773D-03  4.355D-03  2.424D-03
**(rmsgt)**   3  2.280D-06  1.305D-05  5.670D-06  2.423D-05   288.34      13.23       4.56    9.457D-03  4.779D-03  2.539D-03
**(rmsgt)**   2  2.470D-06  1.369D-05  5.223D-06  2.129D-05   289.56      13.62       4.65    9.940D-03  5.023D-03  2.642D-03
**(rmsgt)**   1  2.433D-06  1.337D-05  3.952D-06  1.590D-05   289.94      13.92       5.04    1.037D-02  5.246D-03  2.779D-03
**(rmsgt)** AVE  1.276D-06  9.009D-06  7.661D-06  2.802D-05   252.15      10.06       4.38    2.435D-03  2.009D-03  1.367
**(rmsgt)** Log(surface pressure) mean and variance:
**(rmsgt)**  G.M.LNP.= 4.59    ; Z.S.LNP.=0.433D-01; Z.A.LNP.=0.660D-01
**(wridia)** file also contains diagnostics at 21Z of 09/10/2011:
**(globme)**TOTAL PRECIPITATION                      Std.Dev.=   3.3604809; Glob.Mean=   9.0780631    ; in units of Kg M**-2 Day
**-1
**(globme)**CONVECTIVE PRECIPITATION                 Std.Dev.=   2.7526975; Glob.Mean=   8.8918448    ; in units of Kg M**-2 Day
**-1
**(globme)**SENSIBLE HEAT FLUX FROM SURFACE          Std.Dev.=   14.863724; Glob.Mean=   58.880966    ; in units of W M**-2
**(globme)**LATENT HEAT FLUX FROM SURFACE            Std.Dev.=   105.97463; Glob.Mean=   121.20261    ; in units of W M**-2
**(globme)**OUTGOING LONG WAVE AT TOP                Std.Dev.=   245.32854; Glob.Mean=   48.750347    ; in units of W M**-2
**(globme)**SHORT WAVE ABSORBED AT GROUND            Std.Dev.=   179.15834; Glob.Mean=   257.58534    ; in units of W M**-2
**(globme)**NET LONG WAVE AT BOTTOM                  Std.Dev.=   52.962388; Glob.Mean=   37.228750    ; in units of W M**-2
**(Model)** timestep 55 at simulation time 0 days and 32400.0 seconds
**(Model)** timestep 56 at simulation time 0 days and 33000.0 seconds
**(Model)** timestep 57 at simulation time 0 days and 33600.0 seconds
**(Model)** timestep 58 at simulation time 0 days and 34200.0 seconds
**(Model)** timestep 59 at simulation time 0 days and 34800.0 seconds
**(Model)** timestep 60 at simulation time 0 days and 35400.0 seconds
**(Model)** timestep 61 at simulation time 0 days and 36000.0 seconds
**(Model)** timestep 62 at simulation time 0 days and 36600.0 seconds
**(Model)** timestep 63 at simulation time 0 days and 37200.0 seconds
**(Model)** timestep 64 at simulation time 0 days and 37800.0 seconds
**(Model)** timestep 65 at simulation time 0 days and 38400.0 seconds
**(Model)** timestep 66 at simulation time 0 days and 39000.0 seconds
**(Model)** timestep 67 at simulation time 0 days and 39600.0 seconds
**(Model)** timestep 68 at simulation time 0 days and 40200.0 seconds
**(Model)** timestep 69 at simulation time 0 days and 40800.0 seconds
**(Model)** timestep 70 at simulation time 0 days and 41400.0 seconds
**(Model)** timestep 71 at simulation time 0 days and 42000.0 seconds
**(Model)** timestep 72 at simulation time 0 days and 42600.0 seconds
**(opnfct)** writes file GFCTCTR20111009122011101000F.fct.T126L28 at simulation time
**(opnfct)** 0 days and 43200.0 seconds; contains state of the atmosphere at 00Z of 10/10/2011
**(rmsgt)** State of the atmosphere at 00Z of 10/10/2011:
**(rmsgt)** Layers and average means and variances:
**(rmsgt)** LYR  Z.S. DIV.  Z.A. DIV.  Z.S. VOR.  Z.A. VOR.  G.M. TEM.  Z.S. TEM.  Z.A. TEM.  G.M. S.H.  Z.S. S.H.  Z.A. S.H.
**(rmsgt)**  28  9.039D-07  5.765D-06  1.322D-05  2.120D-05   250.44       6.63       5.88    1.677D-06  4.143D-07  1.595D-07
**(rmsgt)**  27  2.157D-06  1.734D-05  1.637D-05  2.084D-05   227.58       3.30       5.05    1.790D-06  7.198D-07  2.006D-07
**(rmsgt)**  26  1.683D-06  1.304D-05  1.502D-05  1.771D-05   221.22       2.72       5.13    1.823D-06  8.007D-07  2.205D-07
**(rmsgt)**  25  1.579D-06  1.156D-05  1.335D-05  1.492D-05   216.80       3.58       4.99    2.001D-06  9.614D-07  2.741D-07
**(rmsgt)**  24  1.169D-06  1.063D-05  1.310D-05  1.299D-05   213.44       4.43       4.57    2.291D-06  1.202D-06  3.323D-07
**(rmsgt)**  23  1.265D-06  1.004D-05  1.093D-05  1.269D-05   209.93       5.83       4.34    2.733D-06  1.373D-06  4.412D-07
**(rmsgt)**  22  9.612D-07  9.944D-06  8.845D-06  1.423D-05   206.23       8.09       4.24    3.171D-06  1.269D-06  5.475D-07
**(rmsgt)**  21  1.038D-06  1.081D-05  8.194D-06  1.811D-05   204.78       9.42       4.06    3.715D-06  1.289D-06  1.256D-06
**(rmsgt)**  20  1.330D-06  1.188D-05  8.861D-06  2.334D-05   207.79       7.54       3.71    6.394D-06  2.119D-06  3.250D-06
**(rmsgt)**  19  1.879D-06  1.154D-05  1.054D-05  3.046D-05   213.16       4.38       3.83    1.568D-05  6.017D-06  9.285D-06
**(rmsgt)**  18  1.783D-06  1.068D-05  1.107D-05  3.766D-05   219.24       4.37       3.77    4.161D-05  2.122D-05  2.716D-05
**(rmsgt)**  17  1.686D-06  9.170D-06  1.039D-05  4.174D-05   226.46       7.22       3.27    1.022D-04  6.141D-05  7.620D-05
**(rmsgt)**  16  1.244D-06  8.590D-06  8.935D-06  4.078D-05   234.91       9.29       3.55    2.085D-04  1.224D-04  1.784D-04
**(rmsgt)**  15  1.123D-06  7.635D-06  7.736D-06  3.680D-05   243.39      10.19       3.97    3.873D-04  2.218D-04  3.444D-04
**(rmsgt)**  14  7.447D-07  6.940D-06  6.952D-06  3.183D-05   251.32      10.66       4.40    6.707D-04  3.800D-04  5.851D-04
**(rmsgt)**  13  7.265D-07  6.481D-06  6.053D-06  2.732D-05   258.18      10.80       4.48    1.068D-03  6.439D-04  8.820D-04
**(rmsgt)**  12  7.061D-07  6.247D-06  5.308D-06  2.413D-05   264.08      10.96       4.69    1.593D-03  1.005D-03  1.221D-03
**(rmsgt)**  11  7.259D-07  6.237D-06  4.712D-06  2.195D-05   268.78      10.93       4.61    2.258D-03  1.442D-03  1.551D-03
**(rmsgt)**  10  7.411D-07  6.465D-06  4.367D-06  2.063D-05   272.80      11.16       4.72    3.027D-03  1.905D-03  1.826D-03
**(rmsgt)**   9  7.852D-07  6.524D-06  4.277D-06  2.002D-05   276.17      11.16       4.69    4.021D-03  2.393D-03  1.970D-03
**(rmsgt)**   8  8.494D-07  6.804D-06  4.448D-06  2.012D-05   279.01      11.40       4.77    5.075D-03  2.819D-03  2.025D-03
**(rmsgt)**   7  1.013D-06  7.181D-06  4.773D-06  2.060D-05   281.43      11.73       4.62    6.073D-03  3.149D-03  2.054D-03
**(rmsgt)**   6  1.153D-06  7.903D-06  5.171D-06  2.168D-05   283.54      12.02       4.62    7.085D-03  3.521D-03  2.127D-03
**(rmsgt)**   5  1.451D-06  9.201D-06  5.444D-06  2.303D-05   285.33      12.38       4.51    7.975D-03  3.916D-03  2.282D-03
**(rmsgt)**   4  1.874D-06  1.059D-05  5.523D-06  2.420D-05   286.98      12.72       4.51    8.775D-03  4.357D-03  2.446D-03
**(rmsgt)**   3  2.105D-06  1.181D-05  5.460D-06  2.397D-05   288.25      13.15       4.58    9.512D-03  4.826D-03  2.554D-03
**(rmsgt)**   2  2.244D-06  1.236D-05  4.982D-06  2.089D-05   289.44      13.51       4.67    1.005D-02  5.113D-03  2.646D-03
**(rmsgt)**   1  2.253D-06  1.209D-05  3.792D-06  1.548D-05   289.72      13.78       5.11    1.052D-02  5.365D-03  2.795D-03
**(rmsgt)** AVE  1.238D-06  8.684D-06  7.626D-06  2.741D-05   252.12      10.05       4.36    2.436D-03  2.011D-03  1.371
**(rmsgt)** Log(surface pressure) mean and variance:
**(rmsgt)**  G.M.LNP.= 4.59    ; Z.S.LNP.=0.433D-01; Z.A.LNP.=0.660D-01
**(wridia)** file also contains diagnostics at 00Z of 10/10/2011:
**(globme)**TOTAL PRECIPITATION                      Std.Dev.=   3.3065575; Glob.Mean=   9.0533359    ; in units of Kg M**-2 Day
**-1
**(globme)**CONVECTIVE PRECIPITATION                 Std.Dev.=   2.6202408; Glob.Mean=   8.8200161    ; in units of Kg M**-2 Day
**-1
**(globme)**SENSIBLE HEAT FLUX FROM SURFACE          Std.Dev.=   7.6116011; Glob.Mean=   37.670993    ; in units of W M**-2
**(globme)**LATENT HEAT FLUX FROM SURFACE            Std.Dev.=   96.548391; Glob.Mean=   114.79440    ; in units of W M**-2
**(globme)**OUTGOING LONG WAVE AT TOP                Std.Dev.=   244.16945; Glob.Mean=   48.661771    ; in units of W M**-2
**(globme)**SHORT WAVE ABSORBED AT GROUND            Std.Dev.=   182.37249; Glob.Mean=   263.81359    ; in units of W M**-2
**(globme)**NET LONG WAVE AT BOTTOM                  Std.Dev.=   51.122533; Glob.Mean=   34.894993    ; in units of W M**-2
**(Model)** timestep 73 at simulation time 0 days and 43200.0 seconds
**(Model)** timestep 74 at simulation time 0 days and 43800.0 seconds
**(Model)** timestep 75 at simulation time 0 days and 44400.0 seconds
**(Model)** timestep 76 at simulation time 0 days and 45000.0 seconds
**(Model)** timestep 77 at simulation time 0 days and 45600.0 seconds
**(Model)** timestep 78 at simulation time 0 days and 46200.0 seconds
**(Model)** timestep 79 at simulation time 0 days and 46800.0 seconds
**(Model)** timestep 80 at simulation time 0 days and 47400.0 seconds
**(Model)** timestep 81 at simulation time 0 days and 48000.0 seconds
**(Model)** timestep 82 at simulation time 0 days and 48600.0 seconds
**(Model)** timestep 83 at simulation time 0 days and 49200.0 seconds
**(Model)** timestep 84 at simulation time 0 days and 49800.0 seconds
**(Model)** timestep 85 at simulation time 0 days and 50400.0 seconds
**(Model)** timestep 86 at simulation time 0 days and 51000.0 seconds
**(Model)** timestep 87 at simulation time 0 days and 51600.0 seconds
**(Model)** timestep 88 at simulation time 0 days and 52200.0 seconds
**(Model)** timestep 89 at simulation time 0 days and 52800.0 seconds
**(Model)** timestep 90 at simulation time 0 days and 53400.0 seconds
**(opnfct)** writes file GFCTCTR20111009122011101003F.fct.T126L28 at simulation time
**(opnfct)** 0 days and 54000.0 seconds; contains state of the atmosphere at 03Z of 10/10/2011
**(rmsgt)** State of the atmosphere at 03Z of 10/10/2011:
**(rmsgt)** Layers and average means and variances:
**(rmsgt)** LYR  Z.S. DIV.  Z.A. DIV.  Z.S. VOR.  Z.A. VOR.  G.M. TEM.  Z.S. TEM.  Z.A. TEM.  G.M. S.H.  Z.S. S.H.  Z.A. S.H.
**(rmsgt)**  28  8.097D-07  5.293D-06  1.324D-05  2.113D-05   250.45       6.57       5.85    1.677D-06  4.137D-07  1.605D-07
**(rmsgt)**  27  2.108D-06  1.608D-05  1.662D-05  2.097D-05   227.49       3.30       5.16    1.792D-06  7.192D-07  1.989D-07
**(rmsgt)**  26  1.361D-06  1.300D-05  1.495D-05  1.748D-05   221.17       2.62       5.19    1.821D-06  7.993D-07  2.209D-07
**(rmsgt)**  25  1.282D-06  1.168D-05  1.326D-05  1.483D-05   216.80       3.49       5.13    2.001D-06  9.602D-07  2.733D-07
**(rmsgt)**  24  1.037D-06  1.035D-05  1.300D-05  1.306D-05   213.49       4.36       4.67    2.292D-06  1.202D-06  3.323D-07
**(rmsgt)**  23  1.135D-06  9.618D-06  1.081D-05  1.253D-05   209.98       5.77       4.39    2.733D-06  1.372D-06  4.422D-07
**(rmsgt)**  22  1.109D-06  9.651D-06  8.801D-06  1.388D-05   206.24       8.07       4.24    3.174D-06  1.264D-06  5.594D-07
**(rmsgt)**  21  1.081D-06  1.056D-05  8.318D-06  1.817D-05   204.77       9.42       4.05    3.760D-06  1.324D-06  1.411D-06
**(rmsgt)**  20  1.408D-06  1.180D-05  9.094D-06  2.325D-05   207.80       7.51       3.67    6.560D-06  2.260D-06  3.570D-06
**(rmsgt)**  19  2.010D-06  1.152D-05  1.076D-05  3.038D-05   213.17       4.34       3.82    1.605D-05  6.188D-06  1.009D-05
**(rmsgt)**  18  1.867D-06  1.046D-05  1.101D-05  3.737D-05   219.25       4.38       3.75    4.264D-05  2.139D-05  2.938D-05
**(rmsgt)**  17  1.399D-06  8.709D-06  1.021D-05  4.100D-05   226.46       7.23       3.23    1.036D-04  6.140D-05  7.916D-05
**(rmsgt)**  16  1.007D-06  8.260D-06  8.891D-06  3.997D-05   234.90       9.31       3.50    2.090D-04  1.195D-04  1.794D-04
**(rmsgt)**  15  1.056D-06  7.260D-06  7.751D-06  3.587D-05   243.35      10.21       3.93    3.877D-04  2.162D-04  3.414D-04
**(rmsgt)**  14  7.684D-07  6.602D-06  6.871D-06  3.093D-05   251.28      10.67       4.37    6.721D-04  3.721D-04  5.791D-04
**(rmsgt)**  13  7.027D-07  6.195D-06  5.856D-06  2.665D-05   258.14      10.84       4.46    1.067D-03  6.320D-04  8.760D-04
**(rmsgt)**  12  6.733D-07  6.151D-06  5.127D-06  2.359D-05   264.06      10.99       4.68    1.590D-03  9.899D-04  1.213D-03
**(rmsgt)**  11  6.594D-07  6.132D-06  4.572D-06  2.145D-05   268.71      10.93       4.59    2.252D-03  1.424D-03  1.549D-03
**(rmsgt)**  10  6.604D-07  6.365D-06  4.235D-06  2.014D-05   272.71      11.14       4.71    3.017D-03  1.887D-03  1.837D-03
**(rmsgt)**   9  7.308D-07  6.391D-06  4.138D-06  1.952D-05   276.09      11.16       4.69    4.012D-03  2.376D-03  1.985D-03
**(rmsgt)**   8  7.548D-07  6.625D-06  4.308D-06  1.964D-05   278.93      11.38       4.77    5.068D-03  2.804D-03  2.032D-03
**(rmsgt)**   7  9.604D-07  7.140D-06  4.624D-06  2.019D-05   281.37      11.73       4.62    6.061D-03  3.133D-03  2.070D-03
**(rmsgt)**   6  1.142D-06  7.961D-06  5.011D-06  2.127D-05   283.51      12.02       4.62    7.082D-03  3.513D-03  2.153D-03
**(rmsgt)**   5  1.492D-06  9.257D-06  5.288D-06  2.258D-05   285.31      12.36       4.53    7.988D-03  3.918D-03  2.304D-03
**(rmsgt)**   4  1.919D-06  1.047D-05  5.358D-06  2.369D-05   286.97      12.69       4.52    8.808D-03  4.382D-03  2.456D-03
**(rmsgt)**   3  2.126D-06  1.148D-05  5.234D-06  2.346D-05   288.24      13.09       4.54    9.576D-03  4.887D-03  2.566D-03
**(rmsgt)**   2  2.246D-06  1.192D-05  4.761D-06  2.052D-05   289.44      13.44       4.62    1.012D-02  5.179D-03  2.660D-03
**(rmsgt)**   1  2.198D-06  1.161D-05  3.675D-06  1.517D-05   289.72      13.74       5.05    1.059D-02  5.417D-03  2.809D-03
**(rmsgt)** AVE  1.200D-06  8.473D-06  7.566D-06  2.689D-05   252.08      10.05       4.35    2.438D-03  2.013D-03  1.378
**(rmsgt)** Log(surface pressure) mean and variance:
**(rmsgt)**  G.M.LNP.= 4.59    ; Z.S.LNP.=0.434D-01; Z.A.LNP.=0.659D-01
**(wridia)** file also contains diagnostics at 03Z of 10/10/2011:
**(globme)**TOTAL PRECIPITATION                      Std.Dev.=   3.1492204; Glob.Mean=   8.9087354    ; in units of Kg M**-2 Day
**-1
**(globme)**CONVECTIVE PRECIPITATION                 Std.Dev.=   2.4371638; Glob.Mean=   8.6352909    ; in units of Kg M**-2 Day
**-1
**(globme)**SENSIBLE HEAT FLUX FROM SURFACE          Std.Dev.=   12.003623; Glob.Mean=   55.384986    ; in units of W M**-2
**(globme)**LATENT HEAT FLUX FROM SURFACE            Std.Dev.=   94.616893; Glob.Mean=   113.66434    ; in units of W M**-2
**(globme)**OUTGOING LONG WAVE AT TOP                Std.Dev.=   243.92960; Glob.Mean=   48.433463    ; in units of W M**-2
**(globme)**SHORT WAVE ABSORBED AT GROUND            Std.Dev.=   179.78701; Glob.Mean=   257.66661    ; in units of W M**-2
**(globme)**NET LONG WAVE AT BOTTOM                  Std.Dev.=   50.329102; Glob.Mean=   32.805848    ; in units of W M**-2
**(Model)** timestep 91 at simulation time 0 days and 54000.0 seconds
**(Model)** timestep 92 at simulation time 0 days and 54600.0 seconds
**(Model)** timestep 93 at simulation time 0 days and 55200.0 seconds
**(Model)** timestep 94 at simulation time 0 days and 55800.0 seconds
**(Model)** timestep 95 at simulation time 0 days and 56400.0 seconds
**(Model)** timestep 96 at simulation time 0 days and 57000.0 seconds
**(Model)** timestep 97 at simulation time 0 days and 57600.0 seconds
**(Model)** timestep 98 at simulation time 0 days and 58200.0 seconds
**(Model)** timestep 99 at simulation time 0 days and 58800.0 seconds
**(Model)** timestep 100 at simulation time 0 days and 59400.0 seconds
**(Model)** timestep 101 at simulation time 0 days and 60000.0 seconds
**(Model)** timestep 102 at simulation time 0 days and 60600.0 seconds
**(Model)** timestep 103 at simulation time 0 days and 61200.0 seconds
**(Model)** timestep 104 at simulation time 0 days and 61800.0 seconds
**(Model)** timestep 105 at simulation time 0 days and 62400.0 seconds
**(Model)** timestep 106 at simulation time 0 days and 63000.0 seconds
**(Model)** timestep 107 at simulation time 0 days and 63600.0 seconds
**(Model)** timestep 108 at simulation time 0 days and 64200.0 seconds
**(opnfct)** writes file GFCTCTR20111009122011101006F.fct.T126L28 at simulation time
**(opnfct)** 0 days and 64800.0 seconds; contains state of the atmosphere at 06Z of 10/10/2011
**(rmsgt)** State of the atmosphere at 06Z of 10/10/2011:
**(rmsgt)** Layers and average means and variances:
**(rmsgt)** LYR  Z.S. DIV.  Z.A. DIV.  Z.S. VOR.  Z.A. VOR.  G.M. TEM.  Z.S. TEM.  Z.A. TEM.  G.M. S.H.  Z.S. S.H.  Z.A. S.H.
**(rmsgt)**  28  7.638D-07  5.162D-06  1.320D-05  2.113D-05   250.46       6.48       5.80    1.678D-06  4.132D-07  1.616D-07
**(rmsgt)**  27  1.901D-06  1.528D-05  1.659D-05  2.098D-05   227.40       3.33       5.34    1.792D-06  7.187D-07  1.995D-07
**(rmsgt)**  26  1.658D-06  1.277D-05  1.500D-05  1.751D-05   221.14       2.53       5.29    1.820D-06  7.976D-07  2.201D-07
**(rmsgt)**  25  1.393D-06  1.100D-05  1.335D-05  1.489D-05   216.80       3.40       5.22    2.000D-06  9.586D-07  2.726D-07
**(rmsgt)**  24  1.623D-06  9.965D-06  1.299D-05  1.317D-05   213.53       4.28       4.75    2.294D-06  1.200D-06  3.310D-07
**(rmsgt)**  23  1.157D-06  9.628D-06  1.072D-05  1.265D-05   210.02       5.70       4.46    2.734D-06  1.372D-06  4.452D-07
**(rmsgt)**  22  1.366D-06  9.288D-06  8.645D-06  1.367D-05   206.24       8.05       4.28    3.182D-06  1.263D-06  5.928D-07
**(rmsgt)**  21  1.437D-06  1.026D-05  8.220D-06  1.802D-05   204.75       9.44       4.05    3.805D-06  1.359D-06  1.553D-06
**(rmsgt)**  20  1.507D-06  1.152D-05  9.256D-06  2.300D-05   207.81       7.51       3.66    6.695D-06  2.371D-06  3.830D-06
**(rmsgt)**  19  1.973D-06  1.123D-05  1.097D-05  3.005D-05   213.19       4.32       3.81    1.631D-05  6.331D-06  1.059D-05
**(rmsgt)**  18  1.877D-06  1.053D-05  1.108D-05  3.702D-05   219.27       4.39       3.72    4.332D-05  2.153D-05  3.072D-05
**(rmsgt)**  17  1.423D-06  8.677D-06  1.021D-05  4.017D-05   226.47       7.24       3.20    1.039D-04  6.083D-05  8.073D-05
**(rmsgt)**  16  9.162D-07  8.095D-06  8.899D-06  3.893D-05   234.89       9.33       3.45    2.089D-04  1.170D-04  1.784D-04
**(rmsgt)**  15  1.036D-06  7.082D-06  7.788D-06  3.486D-05   243.30      10.24       3.90    3.879D-04  2.117D-04  3.379D-04
**(rmsgt)**  14  7.419D-07  6.427D-06  6.813D-06  3.007D-05   251.24      10.70       4.34    6.713D-04  3.653D-04  5.722D-04
**(rmsgt)**  13  5.991D-07  5.938D-06  5.774D-06  2.597D-05   258.11      10.87       4.45    1.060D-03  6.184D-04  8.656D-04
**(rmsgt)**  12  7.028D-07  6.124D-06  5.046D-06  2.298D-05   264.05      11.03       4.66    1.581D-03  9.698D-04  1.200D-03
**(rmsgt)**  11  6.617D-07  6.258D-06  4.538D-06  2.103D-05   268.65      10.92       4.57    2.241D-03  1.402D-03  1.536D-03
**(rmsgt)**  10  6.499D-07  6.466D-06  4.204D-06  1.984D-05   272.63      11.12       4.70    3.004D-03  1.867D-03  1.833D-03
**(rmsgt)**   9  6.645D-07  6.428D-06  4.114D-06  1.926D-05   276.01      11.15       4.69    4.006D-03  2.360D-03  1.986D-03
**(rmsgt)**   8  6.692D-07  6.626D-06  4.278D-06  1.936D-05   278.86      11.37       4.76    5.068D-03  2.791D-03  2.035D-03
**(rmsgt)**   7  8.834D-07  7.171D-06  4.589D-06  1.997D-05   281.34      11.72       4.65    6.062D-03  3.122D-03  2.079D-03
**(rmsgt)**   6  1.209D-06  8.150D-06  4.971D-06  2.103D-05   283.50      12.02       4.63    7.091D-03  3.511D-03  2.173D-03
**(rmsgt)**   5  1.592D-06  9.565D-06  5.230D-06  2.232D-05   285.34      12.35       4.52    8.022D-03  3.943D-03  2.336D-03
**(rmsgt)**   4  1.987D-06  1.074D-05  5.265D-06  2.333D-05   287.03      12.69       4.47    8.839D-03  4.412D-03  2.479D-03
**(rmsgt)**   3  2.191D-06  1.151D-05  5.122D-06  2.312D-05   288.30      13.08       4.43    9.614D-03  4.923D-03  2.574D-03
**(rmsgt)**   2  2.291D-06  1.198D-05  4.665D-06  2.024D-05   289.53      13.42       4.49    1.016D-02  5.211D-03  2.663D-03
**(rmsgt)**   1  2.243D-06  1.188D-05  3.694D-06  1.507D-05   290.00      13.78       4.88    1.063D-02  5.437D-03  2.790D-03
**(rmsgt)** AVE  1.228D-06  8.399D-06  7.562D-06  2.637D-05   252.07      10.05       4.34    2.439D-03  2.014D-03  1.379
**(rmsgt)** Log(surface pressure) mean and variance:
**(rmsgt)**  G.M.LNP.= 4.59    ; Z.S.LNP.=0.435D-01; Z.A.LNP.=0.659D-01
**(wridia)** file also contains diagnostics at 06Z of 10/10/2011:
**(globme)**TOTAL PRECIPITATION                      Std.Dev.=   3.2852661; Glob.Mean=   9.4154190    ; in units of Kg M**-2 Day
**-1
**(globme)**CONVECTIVE PRECIPITATION                 Std.Dev.=   2.5621870; Glob.Mean=   9.1276563    ; in units of Kg M**-2 Day
**-1
**(globme)**SENSIBLE HEAT FLUX FROM SURFACE          Std.Dev.=   20.578977; Glob.Mean=   70.696836    ; in units of W M**-2
**(globme)**LATENT HEAT FLUX FROM SURFACE            Std.Dev.=   96.382823; Glob.Mean=   115.31851    ; in units of W M**-2
**(globme)**OUTGOING LONG WAVE AT TOP                Std.Dev.=   243.85886; Glob.Mean=   48.700542    ; in units of W M**-2
**(globme)**SHORT WAVE ABSORBED AT GROUND            Std.Dev.=   178.38707; Glob.Mean=   255.65318    ; in units of W M**-2
**(globme)**NET LONG WAVE AT BOTTOM                  Std.Dev.=   51.565147; Glob.Mean=   34.685078    ; in units of W M**-2
**(Model)** timestep 109 at simulation time 0 days and 64800.0 seconds
**(Model)** timestep 110 at simulation time 0 days and 65400.0 seconds
**(Model)** timestep 111 at simulation time 0 days and 66000.0 seconds
**(Model)** timestep 112 at simulation time 0 days and 66600.0 seconds
**(Model)** timestep 113 at simulation time 0 days and 67200.0 seconds
**(Model)** timestep 114 at simulation time 0 days and 67800.0 seconds
**(Model)** timestep 115 at simulation time 0 days and 68400.0 seconds
**(Model)** timestep 116 at simulation time 0 days and 69000.0 seconds
**(Model)** timestep 117 at simulation time 0 days and 69600.0 seconds
**(Model)** timestep 118 at simulation time 0 days and 70200.0 seconds
**(Model)** timestep 119 at simulation time 0 days and 70800.0 seconds
**(Model)** timestep 120 at simulation time 0 days and 71400.0 seconds
**(Model)** timestep 121 at simulation time 0 days and 72000.0 seconds
**(Model)** timestep 122 at simulation time 0 days and 72600.0 seconds
**(Model)** timestep 123 at simulation time 0 days and 73200.0 seconds
**(Model)** timestep 124 at simulation time 0 days and 73800.0 seconds
**(Model)** timestep 125 at simulation time 0 days and 74400.0 seconds
**(Model)** timestep 126 at simulation time 0 days and 75000.0 seconds
**(opnfct)** writes file GFCTCTR20111009122011101009F.fct.T126L28 at simulation time
**(opnfct)** 0 days and 75600.0 seconds; contains state of the atmosphere at 09Z of 10/10/2011
**(rmsgt)** State of the atmosphere at 09Z of 10/10/2011:
**(rmsgt)** Layers and average means and variances:
**(rmsgt)** LYR  Z.S. DIV.  Z.A. DIV.  Z.S. VOR.  Z.A. VOR.  G.M. TEM.  Z.S. TEM.  Z.A. TEM.  G.M. S.H.  Z.S. S.H.  Z.A. S.H.
**(rmsgt)**  28  7.454D-07  4.731D-06  1.315D-05  2.130D-05   250.49       6.41       5.79    1.679D-06  4.122D-07  1.625D-07
**(rmsgt)**  27  1.704D-06  1.427D-05  1.621D-05  2.101D-05   227.28       3.32       5.46    1.791D-06  7.178D-07  2.011D-07
**(rmsgt)**  26  1.258D-06  1.195D-05  1.491D-05  1.736D-05   221.11       2.51       5.40    1.819D-06  7.973D-07  2.187D-07
**(rmsgt)**  25  1.256D-06  1.028D-05  1.340D-05  1.515D-05   216.81       3.35       5.22    2.001D-06  9.586D-07  2.723D-07
**(rmsgt)**  24  1.170D-06  9.855D-06  1.304D-05  1.337D-05   213.56       4.23       4.76    2.296D-06  1.199D-06  3.309D-07
**(rmsgt)**  23  9.479D-07  9.215D-06  1.075D-05  1.289D-05   210.05       5.69       4.49    2.738D-06  1.371D-06  4.490D-07
**(rmsgt)**  22  1.404D-06  9.205D-06  8.694D-06  1.372D-05   206.23       8.07       4.34    3.191D-06  1.260D-06  6.268D-07
**(rmsgt)**  21  1.412D-06  1.029D-05  8.232D-06  1.789D-05   204.74       9.49       4.08    3.840D-06  1.382D-06  1.652D-06
**(rmsgt)**  20  1.656D-06  1.123D-05  9.299D-06  2.287D-05   207.83       7.53       3.68    6.820D-06  2.467D-06  3.995D-06
**(rmsgt)**  19  2.072D-06  1.107D-05  1.102D-05  2.953D-05   213.23       4.31       3.81    1.656D-05  6.522D-06  1.087D-05
**(rmsgt)**  18  1.955D-06  1.046D-05  1.116D-05  3.625D-05   219.28       4.38       3.70    4.381D-05  2.188D-05  3.153D-05
**(rmsgt)**  17  1.331D-06  8.635D-06  1.032D-05  3.910D-05   226.47       7.24       3.17    1.040D-04  6.067D-05  8.104D-05
**(rmsgt)**  16  1.100D-06  7.752D-06  8.985D-06  3.777D-05   234.86       9.35       3.41    2.087D-04  1.155D-04  1.760D-04
**(rmsgt)**  15  1.019D-06  7.049D-06  7.814D-06  3.400D-05   243.25      10.27       3.86    3.881D-04  2.091D-04  3.314D-04
**(rmsgt)**  14  7.093D-07  6.343D-06  6.765D-06  2.946D-05   251.20      10.71       4.30    6.715D-04  3.615D-04  5.624D-04
**(rmsgt)**  13  5.049D-07  5.879D-06  5.768D-06  2.542D-05   258.10      10.90       4.42    1.057D-03  6.083D-04  8.537D-04
**(rmsgt)**  12  5.726D-07  6.088D-06  5.081D-06  2.249D-05   264.05      11.05       4.64    1.572D-03  9.527D-04  1.188D-03
**(rmsgt)**  11  6.724D-07  6.185D-06  4.638D-06  2.067D-05   268.62      10.91       4.56    2.230D-03  1.380D-03  1.522D-03
**(rmsgt)**  10  8.059D-07  6.410D-06  4.352D-06  1.960D-05   272.58      11.09       4.69    2.991D-03  1.848D-03  1.822D-03
**(rmsgt)**   9  8.058D-07  6.399D-06  4.276D-06  1.907D-05   275.95      11.13       4.70    4.002D-03  2.348D-03  1.976D-03
**(rmsgt)**   8  7.174D-07  6.600D-06  4.424D-06  1.921D-05   278.82      11.36       4.76    5.071D-03  2.785D-03  2.026D-03
**(rmsgt)**   7  8.463D-07  7.204D-06  4.709D-06  1.993D-05   281.32      11.72       4.66    6.066D-03  3.119D-03  2.078D-03
**(rmsgt)**   6  1.133D-06  8.219D-06  5.040D-06  2.112D-05   283.52      12.03       4.61    7.110D-03  3.525D-03  2.189D-03
**(rmsgt)**   5  1.476D-06  9.684D-06  5.252D-06  2.234D-05   285.39      12.37       4.44    8.063D-03  3.977D-03  2.341D-03
**(rmsgt)**   4  1.820D-06  1.116D-05  5.291D-06  2.315D-05   287.13      12.72       4.36    8.866D-03  4.436D-03  2.484D-03
**(rmsgt)**   3  2.075D-06  1.215D-05  5.128D-06  2.283D-05   288.49      13.16       4.33    9.627D-03  4.935D-03  2.584D-03
**(rmsgt)**   2  2.234D-06  1.272D-05  4.624D-06  2.008D-05   289.78      13.51       4.41    1.019D-02  5.230D-03  2.670D-03
**(rmsgt)**   1  2.218D-06  1.285D-05  3.699D-06  1.540D-05   290.47      14.00       4.77    1.065D-02  5.434D-03  2.793D-03
**(rmsgt)** AVE  1.213D-06  8.357D-06  7.605D-06  2.589D-05   252.07      10.07       4.32    2.440D-03  2.015D-03  1.376
**(rmsgt)** Log(surface pressure) mean and variance:
**(rmsgt)**  G.M.LNP.= 4.59    ; Z.S.LNP.=0.435D-01; Z.A.LNP.=0.659D-01
**(wridia)** file also contains diagnostics at 09Z of 10/10/2011:
**(globme)**TOTAL PRECIPITATION                      Std.Dev.=   3.3365129; Glob.Mean=   9.3849614    ; in units of Kg M**-2 Day
**-1
**(globme)**CONVECTIVE PRECIPITATION                 Std.Dev.=   2.6052501; Glob.Mean=   9.0381264    ; in units of Kg M**-2 Day
**-1
**(globme)**SENSIBLE HEAT FLUX FROM SURFACE          Std.Dev.=   27.706803; Glob.Mean=   71.963428    ; in units of W M**-2
**(globme)**LATENT HEAT FLUX FROM SURFACE            Std.Dev.=   97.327748; Glob.Mean=   111.89178    ; in units of W M**-2
**(globme)**OUTGOING LONG WAVE AT TOP                Std.Dev.=   243.40972; Glob.Mean=   50.013085    ; in units of W M**-2
**(globme)**SHORT WAVE ABSORBED AT GROUND            Std.Dev.=   179.19090; Glob.Mean=   256.32934    ; in units of W M**-2
**(globme)**NET LONG WAVE AT BOTTOM                  Std.Dev.=   54.618916; Glob.Mean=   38.993520    ; in units of W M**-2
**(Model)** timestep 127 at simulation time 0 days and 75600.0 seconds
**(Model)** timestep 128 at simulation time 0 days and 76200.0 seconds
**(Model)** timestep 129 at simulation time 0 days and 76800.0 seconds
**(Model)** timestep 130 at simulation time 0 days and 77400.0 seconds
**(Model)** timestep 131 at simulation time 0 days and 78000.0 seconds
**(Model)** timestep 132 at simulation time 0 days and 78600.0 seconds
**(Model)** timestep 133 at simulation time 0 days and 79200.0 seconds
**(Model)** timestep 134 at simulation time 0 days and 79800.0 seconds
**(Model)** timestep 135 at simulation time 0 days and 80400.0 seconds
**(Model)** timestep 136 at simulation time 0 days and 81000.0 seconds
**(Model)** timestep 137 at simulation time 0 days and 81600.0 seconds
**(Model)** timestep 138 at simulation time 0 days and 82200.0 seconds
**(Model)** timestep 139 at simulation time 0 days and 82800.0 seconds
**(Model)** timestep 140 at simulation time 0 days and 83400.0 seconds
**(Model)** timestep 141 at simulation time 0 days and 84000.0 seconds
**(Model)** timestep 142 at simulation time 0 days and 84600.0 seconds
**(Model)** timestep 143 at simulation time 0 days and 85200.0 seconds
**(Model)** timestep 144 at simulation time 0 days and 85800.0 seconds
**(opnfct)** writes file GFCTCTR20111009122011101012F.fct.T126L28 at simulation time
**(opnfct)** 1 days and 0.0 seconds; contains state of the atmosphere at 12Z of 10/10/2011
**(rmsgt)** State of the atmosphere at 12Z of 10/10/2011:
**(rmsgt)** Layers and average means and variances:
**(rmsgt)** LYR  Z.S. DIV.  Z.A. DIV.  Z.S. VOR.  Z.A. VOR.  G.M. TEM.  Z.S. TEM.  Z.A. TEM.  G.M. S.H.  Z.S. S.H.  Z.A. S.H.
**(rmsgt)**  28  8.390D-07  4.616D-06  1.315D-05  2.155D-05   250.51       6.40       5.82    1.680D-06  4.110D-07  1.633D-07
**(rmsgt)**  27  1.924D-06  1.390D-05  1.614D-05  2.087D-05   227.20       3.32       5.61    1.790D-06  7.166D-07  2.016D-07
**(rmsgt)**  26  1.399D-06  1.175D-05  1.485D-05  1.713D-05   221.07       2.53       5.38    1.819D-06  7.966D-07  2.179D-07
**(rmsgt)**  25  1.225D-06  1.038D-05  1.325D-05  1.492D-05   216.80       3.30       5.20    2.002D-06  9.595D-07  2.713D-07
**(rmsgt)**  24  1.136D-06  9.368D-06  1.290D-05  1.346D-05   213.57       4.20       4.80    2.299D-06  1.198D-06  3.294D-07
**(rmsgt)**  23  1.070D-06  9.290D-06  1.077D-05  1.300D-05   210.08       5.69       4.49    2.741D-06  1.370D-06  4.534D-07
**(rmsgt)**  22  1.185D-06  9.127D-06  8.776D-06  1.380D-05   206.24       8.12       4.35    3.196D-06  1.259D-06  6.491D-07
**(rmsgt)**  21  1.608D-06  1.023D-05  8.297D-06  1.768D-05   204.74       9.56       4.09    3.867D-06  1.401D-06  1.725D-06
**(rmsgt)**  20  1.686D-06  1.109D-05  9.346D-06  2.263D-05   207.86       7.55       3.67    6.951D-06  2.555D-06  4.144D-06
**(rmsgt)**  19  2.139D-06  1.085D-05  1.108D-05  2.903D-05   213.26       4.29       3.79    1.682D-05  6.727D-06  1.109D-05
**(rmsgt)**  18  1.841D-06  1.039D-05  1.134D-05  3.552D-05   219.29       4.38       3.67    4.431D-05  2.248D-05  3.217D-05
**(rmsgt)**  17  1.390D-06  8.559D-06  1.057D-05  3.810D-05   226.45       7.26       3.14    1.040D-04  6.121D-05  8.080D-05
**(rmsgt)**  16  1.244D-06  7.707D-06  9.128D-06  3.678D-05   234.82       9.38       3.38    2.082D-04  1.146D-04  1.724D-04
**(rmsgt)**  15  1.025D-06  6.955D-06  7.868D-06  3.330D-05   243.19      10.30       3.84    3.869D-04  2.069D-04  3.228D-04
**(rmsgt)**  14  6.968D-07  6.359D-06  6.769D-06  2.896D-05   251.16      10.73       4.28    6.700D-04  3.580D-04  5.477D-04
**(rmsgt)**  13  5.068D-07  5.951D-06  5.802D-06  2.502D-05   258.08      10.93       4.40    1.053D-03  5.993D-04  8.334D-04
**(rmsgt)**  12  5.961D-07  6.008D-06  5.190D-06  2.219D-05   264.05      11.08       4.62    1.568D-03  9.386D-04  1.169D-03
**(rmsgt)**  11  7.185D-07  6.082D-06  4.772D-06  2.041D-05   268.60      10.91       4.54    2.222D-03  1.362D-03  1.504D-03
**(rmsgt)**  10  8.486D-07  6.415D-06  4.506D-06  1.938D-05   272.53      11.08       4.69    2.981D-03  1.832D-03  1.809D-03
**(rmsgt)**   9  8.123D-07  6.572D-06  4.400D-06  1.884D-05   275.90      11.11       4.71    4.006D-03  2.343D-03  1.964D-03
**(rmsgt)**   8  7.150D-07  6.746D-06  4.486D-06  1.901D-05   278.79      11.35       4.77    5.085D-03  2.791D-03  2.012D-03
**(rmsgt)**   7  7.812D-07  7.124D-06  4.717D-06  1.978D-05   281.33      11.74       4.65    6.096D-03  3.140D-03  2.066D-03
**(rmsgt)**   6  1.029D-06  8.092D-06  5.068D-06  2.111D-05   283.58      12.08       4.59    7.134D-03  3.547D-03  2.184D-03
**(rmsgt)**   5  1.387D-06  9.755D-06  5.368D-06  2.238D-05   285.51      12.44       4.46    8.076D-03  3.995D-03  2.358D-03
**(rmsgt)**   4  1.712D-06  1.144D-05  5.370D-06  2.319D-05   287.28      12.82       4.41    8.851D-03  4.436D-03  2.520D-03
**(rmsgt)**   3  2.000D-06  1.258D-05  5.139D-06  2.292D-05   288.68      13.29       4.44    9.587D-03  4.911D-03  2.638D-03
**(rmsgt)**   2  2.194D-06  1.324D-05  4.597D-06  2.031D-05   289.97      13.66       4.54    1.017D-02  5.216D-03  2.738D-03
**(rmsgt)**   1  2.151D-06  1.309D-05  3.667D-06  1.552D-05   290.66      14.18       4.89    1.065D-02  5.425D-03  2.881D-03
**(rmsgt)** AVE  1.216D-06  8.350D-06  7.674D-06  2.547D-05   252.07      10.09       4.32    2.440D-03  2.014D-03  1.377
**(rmsgt)** Log(surface pressure) mean and variance:
**(rmsgt)**  G.M.LNP.= 4.59    ; Z.S.LNP.=0.436D-01; Z.A.LNP.=0.660D-01
**(wridia)** file also contains diagnostics at 12Z of 10/10/2011:
**(globme)**TOTAL PRECIPITATION                      Std.Dev.=   3.3322020; Glob.Mean=   9.4208850    ; in units of Kg M**-2 Day
**-1
**(globme)**CONVECTIVE PRECIPITATION                 Std.Dev.=   2.5874761; Glob.Mean=   8.9702608    ; in units of Kg M**-2 Day
**-1
**(globme)**SENSIBLE HEAT FLUX FROM SURFACE          Std.Dev.=   30.598947; Glob.Mean=   94.145728    ; in units of W M**-2
**(globme)**LATENT HEAT FLUX FROM SURFACE            Std.Dev.=   95.364885; Glob.Mean=   109.59548    ; in units of W M**-2
**(globme)**OUTGOING LONG WAVE AT TOP                Std.Dev.=   243.73582; Glob.Mean=   52.260063    ; in units of W M**-2
**(globme)**SHORT WAVE ABSORBED AT GROUND            Std.Dev.=   180.72043; Glob.Mean=   256.51083    ; in units of W M**-2
**(globme)**NET LONG WAVE AT BOTTOM                  Std.Dev.=   57.946085; Glob.Mean=   45.460371    ; in units of W M**-2
**(Model)** timestep 145 at simulation time 1 days and 0.0 seconds
**(Model)** timestep 146 at simulation time 1 days and 600.0 seconds
**(Model)** timestep 147 at simulation time 1 days and 1200.0 seconds
**(Model)** timestep 148 at simulation time 1 days and 1800.0 seconds
**(Model)** timestep 149 at simulation time 1 days and 2400.0 seconds
**(Model)** timestep 150 at simulation time 1 days and 3000.0 seconds
**(Model)** timestep 151 at simulation time 1 days and 3600.0 seconds
**(Model)** timestep 152 at simulation time 1 days and 4200.0 seconds
**(Model)** timestep 153 at simulation time 1 days and 4800.0 seconds
**(Model)** timestep 154 at simulation time 1 days and 5400.0 seconds
**(Model)** timestep 155 at simulation time 1 days and 6000.0 seconds
**(Model)** timestep 156 at simulation time 1 days and 6600.0 seconds
**(Model)** timestep 157 at simulation time 1 days and 7200.0 seconds
**(Model)** timestep 158 at simulation time 1 days and 7800.0 seconds
**(Model)** timestep 159 at simulation time 1 days and 8400.0 seconds
**(Model)** timestep 160 at simulation time 1 days and 9000.0 seconds
**(Model)** timestep 161 at simulation time 1 days and 9600.0 seconds
**(Model)** timestep 162 at simulation time 1 days and 10200.0 seconds
**(opnfct)** writes file GFCTCTR20111009122011101015F.fct.T126L28 at simulation time
**(opnfct)** 1 days and 10800.0 seconds; contains state of the atmosphere at 15Z of 10/10/2011
**(rmsgt)** State of the atmosphere at 15Z of 10/10/2011:
**(rmsgt)** Layers and average means and variances:
**(rmsgt)** LYR  Z.S. DIV.  Z.A. DIV.  Z.S. VOR.  Z.A. VOR.  G.M. TEM.  Z.S. TEM.  Z.A. TEM.  G.M. S.H.  Z.S. S.H.  Z.A. S.H.
**(rmsgt)**  28  7.737D-07  4.438D-06  1.303D-05  2.156D-05   250.52       6.45       5.81    1.681D-06  4.103D-07  1.639D-07
**(rmsgt)**  27  1.820D-06  1.313D-05  1.624D-05  2.064D-05   227.13       3.39       5.78    1.789D-06  7.162D-07  2.008D-07
**(rmsgt)**  26  1.529D-06  1.187D-05  1.497D-05  1.736D-05   221.05       2.56       5.30    1.821D-06  7.960D-07  2.167D-07
**(rmsgt)**  25  1.462D-06  1.060D-05  1.327D-05  1.483D-05   216.79       3.33       5.13    2.005D-06  9.587D-07  2.710D-07
**(rmsgt)**  24  1.226D-06  9.450D-06  1.271D-05  1.351D-05   213.59       4.18       4.76    2.301D-06  1.198D-06  3.300D-07
**(rmsgt)**  23  1.193D-06  8.936D-06  1.067D-05  1.309D-05   210.10       5.69       4.46    2.741D-06  1.369D-06  4.593D-07
**(rmsgt)**  22  1.275D-06  8.683D-06  8.640D-06  1.383D-05   206.25       8.15       4.29    3.203D-06  1.263D-06  6.928D-07
**(rmsgt)**  21  1.541D-06  1.025D-05  8.251D-06  1.746D-05   204.74       9.59       4.04    3.904D-06  1.434D-06  1.848D-06
**(rmsgt)**  20  1.540D-06  1.128D-05  9.368D-06  2.245D-05   207.87       7.54       3.67    7.067D-06  2.638D-06  4.336D-06
**(rmsgt)**  19  2.120D-06  1.062D-05  1.109D-05  2.878D-05   213.29       4.26       3.78    1.702D-05  6.807D-06  1.134D-05
**(rmsgt)**  18  1.783D-06  9.894D-06  1.150D-05  3.487D-05   219.30       4.38       3.66    4.470D-05  2.299D-05  3.246D-05
**(rmsgt)**  17  1.371D-06  8.522D-06  1.084D-05  3.728D-05   226.44       7.28       3.14    1.039D-04  6.188D-05  8.030D-05
**(rmsgt)**  16  1.081D-06  7.912D-06  9.343D-06  3.601D-05   234.80       9.41       3.35    2.081D-04  1.146D-04  1.694D-04
**(rmsgt)**  15  9.425D-07  7.003D-06  7.969D-06  3.270D-05   243.16      10.33       3.82    3.859D-04  2.056D-04  3.161D-04
**(rmsgt)**  14  7.695D-07  6.361D-06  6.829D-06  2.853D-05   251.13      10.75       4.26    6.694D-04  3.540D-04  5.357D-04
**(rmsgt)**  13  5.620D-07  5.986D-06  5.841D-06  2.471D-05   258.06      10.96       4.39    1.051D-03  5.894D-04  8.153D-04
**(rmsgt)**  12  6.010D-07  6.110D-06  5.221D-06  2.195D-05   264.06      11.11       4.61    1.566D-03  9.249D-04  1.151D-03
**(rmsgt)**  11  6.577D-07  6.164D-06  4.807D-06  2.022D-05   268.58      10.92       4.54    2.215D-03  1.345D-03  1.485D-03
**(rmsgt)**  10  7.307D-07  6.374D-06  4.540D-06  1.918D-05   272.48      11.08       4.69    2.977D-03  1.819D-03  1.797D-03
**(rmsgt)**   9  7.256D-07  6.553D-06  4.407D-06  1.864D-05   275.86      11.12       4.71    4.013D-03  2.340D-03  1.955D-03
**(rmsgt)**   8  5.902D-07  6.716D-06  4.513D-06  1.878D-05   278.77      11.37       4.78    5.103D-03  2.799D-03  2.003D-03
**(rmsgt)**   7  6.561D-07  7.091D-06  4.766D-06  1.953D-05   281.36      11.76       4.67    6.105D-03  3.148D-03  2.070D-03
**(rmsgt)**   6  9.455D-07  8.082D-06  5.134D-06  2.086D-05   283.64      12.12       4.61    7.138D-03  3.557D-03  2.213D-03
**(rmsgt)**   5  1.310D-06  9.583D-06  5.386D-06  2.227D-05   285.59      12.51       4.49    8.073D-03  3.998D-03  2.418D-03
**(rmsgt)**   4  1.608D-06  1.111D-05  5.443D-06  2.331D-05   287.37      12.90       4.45    8.829D-03  4.422D-03  2.586D-03
**(rmsgt)**   3  1.920D-06  1.245D-05  5.238D-06  2.314D-05   288.75      13.38       4.54    9.560D-03  4.890D-03  2.694D-03
**(rmsgt)**   2  2.173D-06  1.327D-05  4.619D-06  2.035D-05   290.03      13.74       4.63    1.016D-02  5.210D-03  2.785D-03
**(rmsgt)**   1  2.125D-06  1.306D-05  3.558D-06  1.514D-05   290.67      14.28       4.96    1.065D-02  5.423D-03  2.932D-03
**(rmsgt)** AVE  1.173D-06  8.295D-06  7.734D-06  2.513D-05   252.07      10.12       4.32    2.440D-03  2.012D-03  1.384
**(rmsgt)** Log(surface pressure) mean and variance:
**(rmsgt)**  G.M.LNP.= 4.59    ; Z.S.LNP.=0.436D-01; Z.A.LNP.=0.659D-01
**(wridia)** file also contains diagnostics at 15Z of 10/10/2011:
**(globme)**TOTAL PRECIPITATION                      Std.Dev.=   3.3960357; Glob.Mean=   9.4347409    ; in units of Kg M**-2 Day
**-1
**(globme)**CONVECTIVE PRECIPITATION                 Std.Dev.=   2.6476519; Glob.Mean=   8.9484180    ; in units of Kg M**-2 Day
**-1
**(globme)**SENSIBLE HEAT FLUX FROM SURFACE          Std.Dev.=   26.239003; Glob.Mean=   82.062115    ; in units of W M**-2
**(globme)**LATENT HEAT FLUX FROM SURFACE            Std.Dev.=   95.446705; Glob.Mean=   107.83707    ; in units of W M**-2
**(globme)**OUTGOING LONG WAVE AT TOP                Std.Dev.=   244.16041; Glob.Mean=   53.112249    ; in units of W M**-2
**(globme)**SHORT WAVE ABSORBED AT GROUND            Std.Dev.=   181.42972; Glob.Mean=   260.64773    ; in units of W M**-2
**(globme)**NET LONG WAVE AT BOTTOM                  Std.Dev.=   58.000060; Glob.Mean=   46.792337    ; in units of W M**-2
**(Model)** timestep 163 at simulation time 1 days and 10800.0 seconds
**(Model)** timestep 164 at simulation time 1 days and 11400.0 seconds
**(Model)** timestep 165 at simulation time 1 days and 12000.0 seconds
**(Model)** timestep 166 at simulation time 1 days and 12600.0 seconds
**(Model)** timestep 167 at simulation time 1 days and 13200.0 seconds
**(Model)** timestep 168 at simulation time 1 days and 13800.0 seconds
**(Model)** timestep 169 at simulation time 1 days and 14400.0 seconds
**(Model)** timestep 170 at simulation time 1 days and 15000.0 seconds
**(Model)** timestep 171 at simulation time 1 days and 15600.0 seconds
**(Model)** timestep 172 at simulation time 1 days and 16200.0 seconds
**(Model)** timestep 173 at simulation time 1 days and 16800.0 seconds
**(Model)** timestep 174 at simulation time 1 days and 17400.0 seconds
**(Model)** timestep 175 at simulation time 1 days and 18000.0 seconds
**(Model)** timestep 176 at simulation time 1 days and 18600.0 seconds
**(Model)** timestep 177 at simulation time 1 days and 19200.0 seconds
**(Model)** timestep 178 at simulation time 1 days and 19800.0 seconds
**(Model)** timestep 179 at simulation time 1 days and 20400.0 seconds
**(Model)** timestep 180 at simulation time 1 days and 21000.0 seconds
**(opnfct)** writes file GFCTCTR20111009122011101018F.fct.T126L28 at simulation time
**(opnfct)** 1 days and 21600.0 seconds; contains state of the atmosphere at 18Z of 10/10/2011
**(rmsgt)** State of the atmosphere at 18Z of 10/10/2011:
**(rmsgt)** Layers and average means and variances:
**(rmsgt)** LYR  Z.S. DIV.  Z.A. DIV.  Z.S. VOR.  Z.A. VOR.  G.M. TEM.  Z.S. TEM.  Z.A. TEM.  G.M. S.H.  Z.S. S.H.  Z.A. S.H.
**(rmsgt)**  28  7.405D-07  4.298D-06  1.315D-05  2.163D-05   250.53       6.46       5.73    1.681D-06  4.095D-07  1.640D-07
**(rmsgt)**  27  1.747D-06  1.279D-05  1.609D-05  2.064D-05   227.06       3.46       5.92    1.789D-06  7.173D-07  1.992D-07
**(rmsgt)**  26  1.485D-06  1.139D-05  1.492D-05  1.789D-05   221.02       2.59       5.27    1.823D-06  7.976D-07  2.147D-07
**(rmsgt)**  25  1.768D-06  1.054D-05  1.327D-05  1.496D-05   216.79       3.38       5.07    2.008D-06  9.579D-07  2.733D-07
**(rmsgt)**  24  1.089D-06  9.138D-06  1.270D-05  1.372D-05   213.60       4.18       4.77    2.301D-06  1.196D-06  3.338D-07
**(rmsgt)**  23  1.211D-06  8.572D-06  1.069D-05  1.290D-05   210.13       5.67       4.46    2.740D-06  1.366D-06  4.648D-07
**(rmsgt)**  22  8.227D-07  8.443D-06  8.468D-06  1.369D-05   206.26       8.13       4.31    3.218D-06  1.271D-06  7.699D-07
**(rmsgt)**  21  1.436D-06  9.884D-06  8.147D-06  1.723D-05   204.74       9.59       4.03    3.946D-06  1.466D-06  1.946D-06
**(rmsgt)**  20  1.458D-06  1.135D-05  9.332D-06  2.216D-05   207.88       7.52       3.69    7.164D-06  2.657D-06  4.407D-06
**(rmsgt)**  19  1.950D-06  1.081D-05  1.112D-05  2.848D-05   213.31       4.24       3.77    1.718D-05  6.864D-06  1.148D-05
**(rmsgt)**  18  1.902D-06  9.769D-06  1.165D-05  3.416D-05   219.32       4.38       3.64    4.505D-05  2.337D-05  3.283D-05
**(rmsgt)**  17  1.215D-06  8.542D-06  1.094D-05  3.648D-05   226.44       7.30       3.13    1.041D-04  6.223D-05  8.065D-05
**(rmsgt)**  16  1.101D-06  8.131D-06  9.463D-06  3.540D-05   234.79       9.44       3.34    2.083D-04  1.135D-04  1.686D-04
**(rmsgt)**  15  9.919D-07  7.085D-06  8.057D-06  3.230D-05   243.12      10.36       3.81    3.855D-04  2.032D-04  3.135D-04
**(rmsgt)**  14  8.245D-07  6.476D-06  6.929D-06  2.826D-05   251.10      10.77       4.27    6.694D-04  3.479D-04  5.296D-04
**(rmsgt)**  13  6.417D-07  5.959D-06  5.898D-06  2.448D-05   258.05      10.99       4.40    1.048D-03  5.756D-04  8.038D-04
**(rmsgt)**  12  6.546D-07  6.039D-06  5.228D-06  2.177D-05   264.06      11.13       4.62    1.562D-03  9.088D-04  1.134D-03
**(rmsgt)**  11  6.492D-07  6.092D-06  4.827D-06  2.010D-05   268.55      10.92       4.54    2.211D-03  1.331D-03  1.468D-03
**(rmsgt)**  10  6.192D-07  6.301D-06  4.561D-06  1.906D-05   272.44      11.08       4.69    2.969D-03  1.806D-03  1.787D-03
**(rmsgt)**   9  5.711D-07  6.292D-06  4.461D-06  1.854D-05   275.83      11.12       4.72    4.012D-03  2.334D-03  1.948D-03
**(rmsgt)**   8  4.666D-07  6.475D-06  4.579D-06  1.866D-05   278.76      11.38       4.77    5.102D-03  2.798D-03  2.015D-03
**(rmsgt)**   7  6.547D-07  6.960D-06  4.858D-06  1.934D-05   281.38      11.77       4.66    6.110D-03  3.150D-03  2.102D-03
**(rmsgt)**   6  1.009D-06  8.211D-06  5.212D-06  2.069D-05   283.67      12.13       4.59    7.150D-03  3.561D-03  2.263D-03
**(rmsgt)**   5  1.404D-06  9.868D-06  5.462D-06  2.221D-05   285.63      12.53       4.49    8.069D-03  3.996D-03  2.466D-03
**(rmsgt)**   4  1.700D-06  1.165D-05  5.499D-06  2.338D-05   287.38      12.91       4.45    8.813D-03  4.405D-03  2.621D-03
**(rmsgt)**   3  1.897D-06  1.316D-05  5.240D-06  2.325D-05   288.74      13.38       4.54    9.544D-03  4.870D-03  2.710D-03
**(rmsgt)**   2  2.108D-06  1.398D-05  4.567D-06  2.033D-05   289.99      13.72       4.61    1.017D-02  5.207D-03  2.777D-03
**(rmsgt)**   1  2.096D-06  1.365D-05  3.470D-06  1.488D-05   290.53      14.19       4.95    1.068D-02  5.436D-03  2.912D-03
**(rmsgt)** AVE  1.151D-06  8.329D-06  7.777D-06  2.484D-05   252.06      10.13       4.32    2.439D-03  2.008D-03  1.390
**(rmsgt)** Log(surface pressure) mean and variance:
**(rmsgt)**  G.M.LNP.= 4.59    ; Z.S.LNP.=0.437D-01; Z.A.LNP.=0.659D-01
**(wridia)** file also contains diagnostics at 18Z of 10/10/2011:
**(globme)**TOTAL PRECIPITATION                      Std.Dev.=   3.4076893; Glob.Mean=   9.6526198    ; in units of Kg M**-2 Day
**-1
**(globme)**CONVECTIVE PRECIPITATION                 Std.Dev.=   2.6557672; Glob.Mean=   9.1924251    ; in units of Kg M**-2 Day
**-1
**(globme)**SENSIBLE HEAT FLUX FROM SURFACE          Std.Dev.=   18.556967; Glob.Mean=   75.082117    ; in units of W M**-2
**(globme)**LATENT HEAT FLUX FROM SURFACE            Std.Dev.=   94.007933; Glob.Mean=   107.95767    ; in units of W M**-2
**(globme)**OUTGOING LONG WAVE AT TOP                Std.Dev.=   242.22363; Glob.Mean=   52.665006    ; in units of W M**-2
**(globme)**SHORT WAVE ABSORBED AT GROUND            Std.Dev.=   179.50467; Glob.Mean=   253.21115    ; in units of W M**-2
**(globme)**NET LONG WAVE AT BOTTOM                  Std.Dev.=   55.708171; Glob.Mean=   41.500779    ; in units of W M**-2
**(Model)** timestep 181 at simulation time 1 days and 21600.0 seconds
**(Model)** timestep 182 at simulation time 1 days and 22200.0 seconds
**(Model)** timestep 183 at simulation time 1 days and 22800.0 seconds
**(Model)** timestep 184 at simulation time 1 days and 23400.0 seconds
**(Model)** timestep 185 at simulation time 1 days and 24000.0 seconds
**(Model)** timestep 186 at simulation time 1 days and 24600.0 seconds
**(Model)** timestep 187 at simulation time 1 days and 25200.0 seconds
**(Model)** timestep 188 at simulation time 1 days and 25800.0 seconds
**(Model)** timestep 189 at simulation time 1 days and 26400.0 seconds
**(Model)** timestep 190 at simulation time 1 days and 27000.0 seconds
**(Model)** timestep 191 at simulation time 1 days and 27600.0 seconds
**(Model)** timestep 192 at simulation time 1 days and 28200.0 seconds
**(Model)** timestep 193 at simulation time 1 days and 28800.0 seconds
**(Model)** timestep 194 at simulation time 1 days and 29400.0 seconds
**(Model)** timestep 195 at simulation time 1 days and 30000.0 seconds
**(Model)** timestep 196 at simulation time 1 days and 30600.0 seconds
**(Model)** timestep 197 at simulation time 1 days and 31200.0 seconds
**(Model)** timestep 198 at simulation time 1 days and 31800.0 seconds
**(opnfct)** writes file GFCTCTR20111009122011101021F.fct.T126L28 at simulation time
**(opnfct)** 1 days and 32400.0 seconds; contains state of the atmosphere at 21Z of 10/10/2011
**(rmsgt)** State of the atmosphere at 21Z of 10/10/2011:
**(rmsgt)** Layers and average means and variances:
**(rmsgt)** LYR  Z.S. DIV.  Z.A. DIV.  Z.S. VOR.  Z.A. VOR.  G.M. TEM.  Z.S. TEM.  Z.A. TEM.  G.M. S.H.  Z.S. S.H.  Z.A. S.H.
**(rmsgt)**  28  8.185D-07  4.100D-06  1.319D-05  2.166D-05   250.54       6.48       5.67    1.682D-06  4.092D-07  1.641D-07
**(rmsgt)**  27  1.586D-06  1.282D-05  1.606D-05  2.061D-05   226.96       3.45       5.94    1.790D-06  7.166D-07  1.981D-07
**(rmsgt)**  26  1.743D-06  1.122D-05  1.498D-05  1.785D-05   220.98       2.55       5.19    1.825D-06  7.990D-07  2.136D-07
**(rmsgt)**  25  1.444D-06  1.044D-05  1.322D-05  1.532D-05   216.79       3.37       5.01    2.009D-06  9.591D-07  2.747D-07
**(rmsgt)**  24  1.277D-06  8.975D-06  1.268D-05  1.381D-05   213.63       4.13       4.78    2.300D-06  1.195D-06  3.353D-07
**(rmsgt)**  23  1.130D-06  8.507D-06  1.080D-05  1.287D-05   210.16       5.63       4.47    2.740D-06  1.360D-06  4.695D-07
**(rmsgt)**  22  1.115D-06  8.253D-06  8.478D-06  1.378D-05   206.29       8.09       4.35    3.234D-06  1.281D-06  8.227D-07
**(rmsgt)**  21  1.393D-06  9.713D-06  8.172D-06  1.714D-05   204.75       9.57       4.04    3.980D-06  1.488D-06  1.974D-06
**(rmsgt)**  20  1.381D-06  1.148D-05  9.435D-06  2.198D-05   207.88       7.50       3.68    7.268D-06  2.682D-06  4.440D-06
**(rmsgt)**  19  1.740D-06  1.088D-05  1.125D-05  2.812D-05   213.33       4.22       3.74    1.749D-05  7.067D-06  1.181D-05
**(rmsgt)**  18  1.822D-06  9.707D-06  1.183D-05  3.355D-05   219.33       4.39       3.62    4.562D-05  2.400D-05  3.362D-05
**(rmsgt)**  17  1.159D-06  8.560D-06  1.094D-05  3.568D-05   226.43       7.32       3.11    1.046D-04  6.286D-05  8.200D-05
**(rmsgt)**  16  1.194D-06  8.100D-06  9.536D-06  3.481D-05   234.75       9.46       3.32    2.096D-04  1.133D-04  1.687D-04
**(rmsgt)**  15  1.061D-06  7.315D-06  8.124D-06  3.196D-05   243.07      10.39       3.81    3.869D-04  2.023D-04  3.137D-04
**(rmsgt)**  14  9.102D-07  6.701D-06  6.951D-06  2.802D-05   251.07      10.77       4.28    6.710D-04  3.448D-04  5.265D-04
**(rmsgt)**  13  6.676D-07  6.121D-06  5.904D-06  2.426D-05   258.03      10.99       4.41    1.047D-03  5.658D-04  7.985D-04
**(rmsgt)**  12  6.319D-07  6.002D-06  5.252D-06  2.163D-05   264.05      11.14       4.64    1.560D-03  8.972D-04  1.125D-03
**(rmsgt)**  11  6.578D-07  5.935D-06  4.858D-06  2.000D-05   268.53      10.91       4.56    2.206D-03  1.321D-03  1.454D-03
**(rmsgt)**  10  6.226D-07  6.112D-06  4.575D-06  1.894D-05   272.39      11.06       4.71    2.962D-03  1.796D-03  1.777D-03
**(rmsgt)**   9  6.388D-07  6.369D-06  4.492D-06  1.846D-05   275.79      11.10       4.73    4.013D-03  2.329D-03  1.945D-03
**(rmsgt)**   8  5.913D-07  6.621D-06  4.614D-06  1.860D-05   278.74      11.38       4.76    5.098D-03  2.792D-03  2.030D-03
**(rmsgt)**   7  8.303D-07  7.060D-06  4.901D-06  1.935D-05   281.37      11.76       4.65    6.108D-03  3.146D-03  2.130D-03
**(rmsgt)**   6  1.197D-06  8.052D-06  5.238D-06  2.069D-05   283.66      12.12       4.58    7.145D-03  3.560D-03  2.293D-03
**(rmsgt)**   5  1.553D-06  9.535D-06  5.451D-06  2.228D-05   285.60      12.52       4.50    8.058D-03  3.987D-03  2.486D-03
**(rmsgt)**   4  1.793D-06  1.134D-05  5.471D-06  2.353D-05   287.32      12.88       4.46    8.793D-03  4.386D-03  2.641D-03
**(rmsgt)**   3  1.941D-06  1.277D-05  5.215D-06  2.343D-05   288.65      13.29       4.54    9.539D-03  4.868D-03  2.714D-03
**(rmsgt)**   2  2.132D-06  1.343D-05  4.523D-06  2.040D-05   289.86      13.61       4.63    1.019D-02  5.229D-03  2.751D-03
**(rmsgt)**   1  2.113D-06  1.320D-05  3.422D-06  1.490D-05   290.20      13.98       5.08    1.072D-02  5.484D-03  2.884D-03
**(rmsgt)** AVE  1.169D-06  8.282D-06  7.819D-06  2.460D-05   252.03      10.12       4.32    2.437D-03  2.006D-03  1.392
**(rmsgt)** Log(surface pressure) mean and variance:
**(rmsgt)**  G.M.LNP.= 4.59    ; Z.S.LNP.=0.437D-01; Z.A.LNP.=0.659D-01
**(wridia)** file also contains diagnostics at 21Z of 10/10/2011:
**(globme)**TOTAL PRECIPITATION                      Std.Dev.=   3.2491793; Glob.Mean=   9.2512017    ; in units of Kg M**-2 Day
**-1
**(globme)**CONVECTIVE PRECIPITATION                 Std.Dev.=   2.4724766; Glob.Mean=   8.7711604    ; in units of Kg M**-2 Day
**-1
**(globme)**SENSIBLE HEAT FLUX FROM SURFACE          Std.Dev.=   11.833923; Glob.Mean=   58.480945    ; in units of W M**-2
**(globme)**LATENT HEAT FLUX FROM SURFACE            Std.Dev.=   89.410499; Glob.Mean=   103.61405    ; in units of W M**-2
**(globme)**OUTGOING LONG WAVE AT TOP                Std.Dev.=   242.00470; Glob.Mean=   51.551304    ; in units of W M**-2
**(globme)**SHORT WAVE ABSORBED AT GROUND            Std.Dev.=   183.21052; Glob.Mean=   265.35790    ; in units of W M**-2
**(globme)**NET LONG WAVE AT BOTTOM                  Std.Dev.=   53.677925; Glob.Mean=   37.098767    ; in units of W M**-2
**(Model)** timestep 199 at simulation time 1 days and 32400.0 seconds
**(Model)** timestep 200 at simulation time 1 days and 33000.0 seconds
**(Model)** timestep 201 at simulation time 1 days and 33600.0 seconds
**(Model)** timestep 202 at simulation time 1 days and 34200.0 seconds
**(Model)** timestep 203 at simulation time 1 days and 34800.0 seconds
**(Model)** timestep 204 at simulation time 1 days and 35400.0 seconds
**(Model)** timestep 205 at simulation time 1 days and 36000.0 seconds
**(Model)** timestep 206 at simulation time 1 days and 36600.0 seconds
**(Model)** timestep 207 at simulation time 1 days and 37200.0 seconds
**(Model)** timestep 208 at simulation time 1 days and 37800.0 seconds
**(Model)** timestep 209 at simulation time 1 days and 38400.0 seconds
**(Model)** timestep 210 at simulation time 1 days and 39000.0 seconds
**(Model)** timestep 211 at simulation time 1 days and 39600.0 seconds
**(Model)** timestep 212 at simulation time 1 days and 40200.0 seconds
**(Model)** timestep 213 at simulation time 1 days and 40800.0 seconds
**(Model)** timestep 214 at simulation time 1 days and 41400.0 seconds
**(Model)** timestep 215 at simulation time 1 days and 42000.0 seconds
**(Model)** timestep 216 at simulation time 1 days and 42600.0 seconds
**(opnfct)** writes file GFCTCTR20111009122011101100F.fct.T126L28 at simulation time
**(opnfct)** 1 days and 43200.0 seconds; contains state of the atmosphere at 00Z of 11/10/2011
**(rmsgt)** State of the atmosphere at 00Z of 11/10/2011:
**(rmsgt)** Layers and average means and variances:
**(rmsgt)** LYR  Z.S. DIV.  Z.A. DIV.  Z.S. VOR.  Z.A. VOR.  G.M. TEM.  Z.S. TEM.  Z.A. TEM.  G.M. S.H.  Z.S. S.H.  Z.A. S.H.
**(rmsgt)**  28  6.543D-07  4.088D-06  1.320D-05  2.156D-05   250.54       6.51       5.64    1.683D-06  4.091D-07  1.642D-07
**(rmsgt)**  27  2.005D-06  1.302D-05  1.608D-05  2.069D-05   226.89       3.46       6.06    1.792D-06  7.141D-07  1.983D-07
**(rmsgt)**  26  1.497D-06  1.138D-05  1.495D-05  1.794D-05   220.94       2.49       5.20    1.827D-06  7.993D-07  2.128D-07
**(rmsgt)**  25  1.207D-06  1.032D-05  1.325D-05  1.553D-05   216.79       3.41       4.99    2.010D-06  9.600D-07  2.756D-07
**(rmsgt)**  24  9.640D-07  9.043D-06  1.274D-05  1.389D-05   213.68       4.09       4.73    2.299D-06  1.194D-06  3.378D-07
**(rmsgt)**  23  1.267D-06  8.435D-06  1.082D-05  1.289D-05   210.20       5.57       4.45    2.739D-06  1.356D-06  4.718D-07
**(rmsgt)**  22  1.152D-06  8.326D-06  8.508D-06  1.400D-05   206.30       8.05       4.34    3.248D-06  1.291D-06  8.502D-07
**(rmsgt)**  21  1.508D-06  9.777D-06  8.166D-06  1.732D-05   204.75       9.55       4.03    4.013D-06  1.499D-06  1.969D-06
**(rmsgt)**  20  1.477D-06  1.138D-05  9.555D-06  2.217D-05   207.89       7.48       3.68    7.365D-06  2.730D-06  4.512D-06
**(rmsgt)**  19  1.640D-06  1.085D-05  1.137D-05  2.792D-05   213.35       4.20       3.73    1.779D-05  7.289D-06  1.224D-05
**(rmsgt)**  18  1.601D-06  9.528D-06  1.193D-05  3.310D-05   219.34       4.40       3.60    4.617D-05  2.444D-05  3.451D-05
**(rmsgt)**  17  1.296D-06  8.527D-06  1.096D-05  3.504D-05   226.41       7.33       3.09    1.049D-04  6.307D-05  8.302D-05
**(rmsgt)**  16  1.119D-06  8.029D-06  9.623D-06  3.437D-05   234.71       9.48       3.31    2.105D-04  1.131D-04  1.680D-04
**(rmsgt)**  15  1.010D-06  7.335D-06  8.198D-06  3.163D-05   243.03      10.41       3.80    3.885D-04  2.013D-04  3.124D-04
**(rmsgt)**  14  8.994D-07  6.732D-06  6.960D-06  2.776D-05   251.03      10.77       4.28    6.739D-04  3.434D-04  5.227D-04
**(rmsgt)**  13  6.541D-07  6.249D-06  5.865D-06  2.412D-05   257.99      10.99       4.42    1.050D-03  5.595D-04  7.952D-04
**(rmsgt)**  12  5.901D-07  6.153D-06  5.228D-06  2.152D-05   264.03      11.13       4.64    1.561D-03  8.877D-04  1.122D-03
**(rmsgt)**  11  6.653D-07  6.246D-06  4.847D-06  1.993D-05   268.49      10.89       4.57    2.203D-03  1.310D-03  1.449D-03
**(rmsgt)**  10  6.769D-07  6.486D-06  4.565D-06  1.886D-05   272.33      11.04       4.71    2.956D-03  1.787D-03  1.775D-03
**(rmsgt)**   9  6.507D-07  6.508D-06  4.477D-06  1.834D-05   275.73      11.09       4.74    4.012D-03  2.323D-03  1.949D-03
**(rmsgt)**   8  5.557D-07  6.605D-06  4.609D-06  1.852D-05   278.69      11.38       4.76    5.089D-03  2.783D-03  2.039D-03
**(rmsgt)**   7  7.824D-07  6.991D-06  4.903D-06  1.932D-05   281.32      11.75       4.66    6.095D-03  3.136D-03  2.144D-03
**(rmsgt)**   6  1.162D-06  7.891D-06  5.238D-06  2.064D-05   283.60      12.10       4.59    7.127D-03  3.551D-03  2.314D-03
**(rmsgt)**   5  1.506D-06  9.119D-06  5.488D-06  2.229D-05   285.51      12.46       4.52    8.037D-03  3.978D-03  2.506D-03
**(rmsgt)**   4  1.735D-06  1.068D-05  5.515D-06  2.350D-05   287.20      12.81       4.48    8.782D-03  4.378D-03  2.649D-03
**(rmsgt)**   3  1.932D-06  1.201D-05  5.247D-06  2.332D-05   288.47      13.20       4.59    9.545D-03  4.876D-03  2.705D-03
**(rmsgt)**   2  2.135D-06  1.249D-05  4.508D-06  2.014D-05   289.65      13.50       4.66    1.021D-02  5.261D-03  2.730D-03
**(rmsgt)**   1  2.094D-06  1.206D-05  3.381D-06  1.459D-05   289.93      13.82       5.14    1.076D-02  5.528D-03  2.869D-03
**(rmsgt)** AVE  1.145D-06  8.214D-06  7.851D-06  2.441D-05   251.99      10.10       4.33    2.436D-03  2.004D-03  1.394
**(rmsgt)** Log(surface pressure) mean and variance:
**(rmsgt)**  G.M.LNP.= 4.59    ; Z.S.LNP.=0.438D-01; Z.A.LNP.=0.658D-01
**(wridia)** file also contains diagnostics at 00Z of 11/10/2011:
**(globme)**TOTAL PRECIPITATION                      Std.Dev.=   3.0824993; Glob.Mean=   8.6788379    ; in units of Kg M**-2 Day
**-1
**(globme)**CONVECTIVE PRECIPITATION                 Std.Dev.=   2.2590909; Glob.Mean=   8.1040477    ; in units of Kg M**-2 Day
**-1
**(globme)**SENSIBLE HEAT FLUX FROM SURFACE          Std.Dev.=   4.7122624; Glob.Mean=   33.988763    ; in units of W M**-2
**(globme)**LATENT HEAT FLUX FROM SURFACE            Std.Dev.=   84.423889; Glob.Mean=   98.604788    ; in units of W M**-2
**(globme)**OUTGOING LONG WAVE AT TOP                Std.Dev.=   241.66362; Glob.Mean=   50.514494    ; in units of W M**-2
**(globme)**SHORT WAVE ABSORBED AT GROUND            Std.Dev.=   184.38876; Glob.Mean=   266.17579    ; in units of W M**-2
**(globme)**NET LONG WAVE AT BOTTOM                  Std.Dev.=   51.863657; Glob.Mean=   34.576831    ; in units of W M**-2
**(DestroyParallelism)** Process 0 ***MODEL EXECUTION ENDS NORMALY***

MPI Program Information:
========================
Note: It is measured from MPI_Init till MPI_Finalize.
      [U,R] specifies the Universe and the Process Rank in the Universe.

 * The  /gfs/dk22/modoper/tempo/global/oens/model/datain/desirtable file exists*
 SST:  IFSST=-1  MAX,MIN=  290.00     -303.12    

 From Nlnmi :
 n =   1 HnCut =  1000.00 Hn =  9766.75
 n =   2 HnCut =  1000.00 Hn =  4582.61
 n =   3 HnCut =  1000.00 Hn =  1601.91

 mods =   3 niter =   3

Global Data of 2 processes  :          Min [U,R]          Max [U,R]      Average
==========================

Real   Time (sec)           :      371.037 [0,1]      371.056 [0,0]      371.047
User   Time (sec)           :      311.025 [0,0]      339.276 [0,1]      325.150
System Time (sec)           :        5.870 [0,1]       15.083 [0,0]       10.477
Vector Time (sec)           :      271.402 [0,0]      295.657 [0,1]      283.529
Instruction Count           :  31335390414 [0,0]  31614142462 [0,1]  31474766438
Vector Instruction Count    :  10330881266 [0,0]  10675376773 [0,1]  10503129020
Vector Element Count        : 1959288106515 [0,0] 1988332487959 [0,1] 1973810297237
FLOP Count                  : 855518168434 [0,0] 868591296264 [0,1] 862054732349
MOPS                        :     5922.239 [0,1]     6366.994 [0,0]     6144.616
MFLOPS                      :     2560.135 [0,1]     2750.643 [0,0]     2655.389
Average Vector Length       :      186.254 [0,1]      189.654 [0,0]      187.954
Vector Operation Ratio (%)  :       98.939 [0,0]       98.958 [0,1]       98.949
Memory size used (MB)       :      901.338 [0,0]      901.994 [0,1]      901.666
MIPS                        :       93.181 [0,1]      100.749 [0,0]       96.965
Instruction Cache miss (sec):        9.418 [0,1]        9.432 [0,0]        9.425
Operand     Cache miss (sec):        5.531 [0,1]        5.656 [0,0]        5.594
Bank     Conflict Time (sec):        2.385 [0,0]        3.094 [0,1]        2.739


Overall Data:
=============

Real   Time (sec)           :      371.056
User   Time (sec)           :      650.300
System Time (sec)           :       20.953
Vector Time (sec)           :      567.059
GOPS   (rel. to User Time)  :       12.270
GFLOPS (rel. to User Time)  :        5.303
Memory size used (GB)       :        1.761

logout
