stty: : Invalid argument
vt100
resize:  can't open terminal /dev/tty
======================================
Welcome to tupan00: SUPER-UX 14.1 SX-6
Today is Mon Oct 10 16:33:03 GMT 2011
======================================
+ DATE=20111010
+ HOUR=16:33
+ echo Date: 20111010
Date: 20111010
+ echo Hour: 16:33
Hour: 16:33
+ export DATE HOUR
+ LABELI=2011101012
+ echo 2011101012
2011101012
+ export LABELI
+ cd /gfs/dk22/modoper/tempo/global/oens/model/dataout
+ rm -f GFCTCTR20111010122011101012F.dic.T126L28 GFCTCTR20111010122011101012F.din.T126L28 GFCTCTR20111010122011101012F.icn.T126L28 GFCTCTR20111010122011101012F.inz.T126L28
+ rm -f GFCTCTR20111010122011101015F.dir.T126L28 GFCTCTR20111010122011101018F.dir.T126L28 GFCTCTR20111010122011101021F.dir.T126L28 GFCTCTR20111010122011101100F.dir.T126L28 GFCTCTR20111010122011101103F.dir.T126L28 GFCTCTR20111010122011101106F.dir.T126L28 GFCTCTR20111010122011101109F.dir.T126L28 GFCTCTR20111010122011101112F.dir.T126L28 GFCTCTR20111010122011101115F.dir.T126L28 GFCTCTR20111010122011101118F.dir.T126L28 GFCTCTR20111010122011101121F.dir.T126L28 GFCTCTR20111010122011101200F.dir.T126L28
+ rm -f GFCTCTR20111010122011101200F.dir.T126L28.files
+ cd /gfs/dk22/modoper/tempo/global/oens/model/datain
+ rm -f lst.GFCTCTR2011101012.dr
+ ls -l GFCTCTR20111010122011101015F.fct.T126L28 GFCTCTR20111010122011101018F.fct.T126L28 GFCTCTR20111010122011101021F.fct.T126L28 GFCTCTR20111010122011101100F.fct.T126L28 GFCTCTR20111010122011101103F.fct.T126L28 GFCTCTR20111010122011101106F.fct.T126L28 GFCTCTR20111010122011101109F.fct.T126L28 GFCTCTR20111010122011101112F.fct.T126L28 GFCTCTR20111010122011101115F.fct.T126L28 GFCTCTR20111010122011101118F.fct.T126L28 GFCTCTR20111010122011101121F.fct.T126L28 GFCTCTR20111010122011101200F.fct.T126L28
+ 1> lst.GFCTCTR2011101012.dr
+ awk { print $9 } lst.GFCTCTR2011101012.dr
+ 1> lst.GFCTCTR2011101012
+ + awk { print substr($1,18,10) } lst.GFCTCTR2011101012
xx=2011101015
2011101018
2011101021
2011101100
2011101103
2011101106
2011101109
2011101112
2011101115
2011101118
2011101121
2011101200
+ echo

+ cd /gfs/home3/modoper/tempo/global/oens/run
+ runrecfct1.sx6 run 126 28 FCTCTR 2011101012 2011101015
sx6
PNT-EN
11101016:33
out
/gfs/home3/modoper/tempo/global/oens
/gfs/home3/modoper/tempo/global/oens
/gfs/dk22/modoper/tempo/global/oens
/gfs/dk22/modoper/tempo/global/oens/model/datain
/gfs/home3/modoper/tempo/global/oens/run/setrecfct.1.FCTCTRT126L28.sx6
Date: 20111010
Hour: 16:33
FCTCTR
2011101012
2011101015
GFCTCTR
GFCTCTR
GFCTCTR
F.fct
F.fct
R.fct
/gfs/home3/modoper/tempo/global/oens
/gfs/home3/modoper/tempo/global/oens
/gfs/dk22/modoper/tempo/global/oens
/gfs/dk22/modoper/tempo/global/oens/model/datain
run
run
GFCTCTR20111010122011101015F.fct.T126L28
/gfs/home3/modoper/tempo/global/oens/recfct/datain/GFCTCTR20111010122011101015F.fct.T126L28
+ echo Recomposition  -x-  RUNNING ...
Recomposition  -x-  RUNNING ...
+ source=/gfs/home3/modoper/tempo/global/oens/recfct/source
+ bin=/gfs/home3/modoper/tempo/global/oens/recfct/bin/T126L28
+ input=/gfs/home3/modoper/tempo/global/oens/recfct/datain
+ out=/gfs/home3/modoper/tempo/global/oens/recfct/output
+ echo run
run
+ [ run = make ]
+ echo run
run
+ [ run = clean ]
+ cd /gfs/home3/modoper/tempo/global/oens/recfct/bin/T126L28
+ echo ./recfct.T126L28 < /gfs/home3/modoper/tempo/global/oens/recfct/datain/recfctFCTCTR.nml > /gfs/home3/modoper/tempo/global/oens/recfct/output/recfct.out.2011101012.16:33.T126L28
./recfct.T126L28 < /gfs/home3/modoper/tempo/global/oens/recfct/datain/recfctFCTCTR.nml > /gfs/home3/modoper/tempo/global/oens/recfct/output/recfct.out.2011101012.16:33.T126L28
+ ./recfct.T126L28
+ 0< /gfs/home3/modoper/tempo/global/oens/recfct/datain/recfctFCTCTR.nml 1> /gfs/home3/modoper/tempo/global/oens/recfct/output/recfct.out.2011101012.16:33.T126L28
 
 
     ******  Program Information  ******
  Real Time (sec)       :          5.302142
  User Time (sec)       :          4.120669
  Sys  Time (sec)       :          0.059760
  Vector Time (sec)     :          0.341696
  Inst. Count           :        1596985644.
  V. Inst. Count        :          16052480.
  V. Element Count      :        1289251883.
  FLOP Count            :         534710007.
  MOPS                  :        696.533717
  MFLOPS                :        129.762905
  VLEN                  :         80.314810
  V. Op. Ratio (%)      :         44.918772
  Memory Size (MB)      :        192.031250
  MIPS                  :        387.554924
  I-Cache (sec)         :          0.000781
  O-Cache (sec)         :          0.864948
  Bank (sec)            :          0.001191
 
  Start Time (date)  :  2011/10/10 16:33:05
  End   Time (date)  :  2011/10/10 16:33:10
+ runrecfct1.sx6 run 126 28 FCTCTR 2011101012 2011101018
sx6
PNT-EN
11101016:33
out
/gfs/home3/modoper/tempo/global/oens
/gfs/home3/modoper/tempo/global/oens
/gfs/dk22/modoper/tempo/global/oens
/gfs/dk22/modoper/tempo/global/oens/model/datain
/gfs/home3/modoper/tempo/global/oens/run/setrecfct.1.FCTCTRT126L28.sx6
Date: 20111010
Hour: 16:33
FCTCTR
2011101012
2011101018
GFCTCTR
GFCTCTR
GFCTCTR
F.fct
F.fct
R.fct
/gfs/home3/modoper/tempo/global/oens
/gfs/home3/modoper/tempo/global/oens
/gfs/dk22/modoper/tempo/global/oens
/gfs/dk22/modoper/tempo/global/oens/model/datain
run
run
GFCTCTR20111010122011101018F.fct.T126L28
/gfs/home3/modoper/tempo/global/oens/recfct/datain/GFCTCTR20111010122011101018F.fct.T126L28
+ echo Recomposition  -x-  RUNNING ...
Recomposition  -x-  RUNNING ...
+ source=/gfs/home3/modoper/tempo/global/oens/recfct/source
+ bin=/gfs/home3/modoper/tempo/global/oens/recfct/bin/T126L28
+ input=/gfs/home3/modoper/tempo/global/oens/recfct/datain
+ out=/gfs/home3/modoper/tempo/global/oens/recfct/output
+ echo run
run
+ [ run = make ]
+ echo run
run
+ [ run = clean ]
+ cd /gfs/home3/modoper/tempo/global/oens/recfct/bin/T126L28
+ echo ./recfct.T126L28 < /gfs/home3/modoper/tempo/global/oens/recfct/datain/recfctFCTCTR.nml > /gfs/home3/modoper/tempo/global/oens/recfct/output/recfct.out.2011101012.16:33.T126L28
./recfct.T126L28 < /gfs/home3/modoper/tempo/global/oens/recfct/datain/recfctFCTCTR.nml > /gfs/home3/modoper/tempo/global/oens/recfct/output/recfct.out.2011101012.16:33.T126L28
+ ./recfct.T126L28
+ 0< /gfs/home3/modoper/tempo/global/oens/recfct/datain/recfctFCTCTR.nml 1> /gfs/home3/modoper/tempo/global/oens/recfct/output/recfct.out.2011101012.16:33.T126L28
 
 
     ******  Program Information  ******
  Real Time (sec)       :          5.385911
  User Time (sec)       :          4.121036
  Sys  Time (sec)       :          0.055681
  Vector Time (sec)     :          0.341637
  Inst. Count           :        1596985644.
  V. Inst. Count        :          16052480.
  V. Element Count      :        1289251883.
  FLOP Count            :         534710007.
  MOPS                  :        696.471751
  MFLOPS                :        129.751361
  VLEN                  :         80.314810
  V. Op. Ratio (%)      :         44.918772
  Memory Size (MB)      :        192.031250
  MIPS                  :        387.520445
  I-Cache (sec)         :          0.000792
  O-Cache (sec)         :          0.864946
  Bank (sec)            :          0.001191
 
  Start Time (date)  :  2011/10/10 16:33:11
  End   Time (date)  :  2011/10/10 16:33:17
+ runrecfct1.sx6 run 126 28 FCTCTR 2011101012 2011101021
sx6
PNT-EN
11101016:33
out
/gfs/home3/modoper/tempo/global/oens
/gfs/home3/modoper/tempo/global/oens
/gfs/dk22/modoper/tempo/global/oens
/gfs/dk22/modoper/tempo/global/oens/model/datain
/gfs/home3/modoper/tempo/global/oens/run/setrecfct.1.FCTCTRT126L28.sx6
Date: 20111010
Hour: 16:33
FCTCTR
2011101012
2011101021
GFCTCTR
GFCTCTR
GFCTCTR
F.fct
F.fct
R.fct
/gfs/home3/modoper/tempo/global/oens
/gfs/home3/modoper/tempo/global/oens
/gfs/dk22/modoper/tempo/global/oens
/gfs/dk22/modoper/tempo/global/oens/model/datain
run
run
GFCTCTR20111010122011101021F.fct.T126L28
/gfs/home3/modoper/tempo/global/oens/recfct/datain/GFCTCTR20111010122011101021F.fct.T126L28
+ echo Recomposition  -x-  RUNNING ...
Recomposition  -x-  RUNNING ...
+ source=/gfs/home3/modoper/tempo/global/oens/recfct/source
+ bin=/gfs/home3/modoper/tempo/global/oens/recfct/bin/T126L28
+ input=/gfs/home3/modoper/tempo/global/oens/recfct/datain
+ out=/gfs/home3/modoper/tempo/global/oens/recfct/output
+ echo run
run
+ [ run = make ]
+ echo run
run
+ [ run = clean ]
+ cd /gfs/home3/modoper/tempo/global/oens/recfct/bin/T126L28
+ echo ./recfct.T126L28 < /gfs/home3/modoper/tempo/global/oens/recfct/datain/recfctFCTCTR.nml > /gfs/home3/modoper/tempo/global/oens/recfct/output/recfct.out.2011101012.16:33.T126L28
./recfct.T126L28 < /gfs/home3/modoper/tempo/global/oens/recfct/datain/recfctFCTCTR.nml > /gfs/home3/modoper/tempo/global/oens/recfct/output/recfct.out.2011101012.16:33.T126L28
+ ./recfct.T126L28
+ 0< /gfs/home3/modoper/tempo/global/oens/recfct/datain/recfctFCTCTR.nml 1> /gfs/home3/modoper/tempo/global/oens/recfct/output/recfct.out.2011101012.16:33.T126L28
 
 
     ******  Program Information  ******
  Real Time (sec)       :          5.696688
  User Time (sec)       :          4.120967
  Sys  Time (sec)       :          0.056709
  Vector Time (sec)     :          0.341689
  Inst. Count           :        1596985644.
  V. Inst. Count        :          16052480.
  V. Element Count      :        1289251883.
  FLOP Count            :         534710007.
  MOPS                  :        696.483453
  MFLOPS                :        129.753541
  VLEN                  :         80.314810
  V. Op. Ratio (%)      :         44.918772
  Memory Size (MB)      :        192.031250
  MIPS                  :        387.526956
  I-Cache (sec)         :          0.000814
  O-Cache (sec)         :          0.864910
  Bank (sec)            :          0.001191
 
  Start Time (date)  :  2011/10/10 16:33:17
  End   Time (date)  :  2011/10/10 16:33:23
+ runrecfct1.sx6 run 126 28 FCTCTR 2011101012 2011101100
sx6
PNT-EN
11101016:33
out
/gfs/home3/modoper/tempo/global/oens
/gfs/home3/modoper/tempo/global/oens
/gfs/dk22/modoper/tempo/global/oens
/gfs/dk22/modoper/tempo/global/oens/model/datain
/gfs/home3/modoper/tempo/global/oens/run/setrecfct.1.FCTCTRT126L28.sx6
Date: 20111010
Hour: 16:33
FCTCTR
2011101012
2011101100
GFCTCTR
GFCTCTR
GFCTCTR
F.fct
F.fct
R.fct
/gfs/home3/modoper/tempo/global/oens
/gfs/home3/modoper/tempo/global/oens
/gfs/dk22/modoper/tempo/global/oens
/gfs/dk22/modoper/tempo/global/oens/model/datain
run
run
GFCTCTR20111010122011101100F.fct.T126L28
/gfs/home3/modoper/tempo/global/oens/recfct/datain/GFCTCTR20111010122011101100F.fct.T126L28
+ echo Recomposition  -x-  RUNNING ...
Recomposition  -x-  RUNNING ...
+ source=/gfs/home3/modoper/tempo/global/oens/recfct/source
+ bin=/gfs/home3/modoper/tempo/global/oens/recfct/bin/T126L28
+ input=/gfs/home3/modoper/tempo/global/oens/recfct/datain
+ out=/gfs/home3/modoper/tempo/global/oens/recfct/output
+ echo run
run
+ [ run = make ]
+ echo run
run
+ [ run = clean ]
+ cd /gfs/home3/modoper/tempo/global/oens/recfct/bin/T126L28
+ echo ./recfct.T126L28 < /gfs/home3/modoper/tempo/global/oens/recfct/datain/recfctFCTCTR.nml > /gfs/home3/modoper/tempo/global/oens/recfct/output/recfct.out.2011101012.16:33.T126L28
./recfct.T126L28 < /gfs/home3/modoper/tempo/global/oens/recfct/datain/recfctFCTCTR.nml > /gfs/home3/modoper/tempo/global/oens/recfct/output/recfct.out.2011101012.16:33.T126L28
+ ./recfct.T126L28
+ 0< /gfs/home3/modoper/tempo/global/oens/recfct/datain/recfctFCTCTR.nml 1> /gfs/home3/modoper/tempo/global/oens/recfct/output/recfct.out.2011101012.16:33.T126L28
 
 
     ******  Program Information  ******
  Real Time (sec)       :          5.520630
  User Time (sec)       :          4.121007
  Sys  Time (sec)       :          0.056877
  Vector Time (sec)     :          0.341666
  Inst. Count           :        1596985613.
  V. Inst. Count        :          16052480.
  V. Element Count      :        1289251883.
  FLOP Count            :         534710006.
  MOPS                  :        696.476547
  MFLOPS                :        129.752255
  VLEN                  :         80.314810
  V. Op. Ratio (%)      :         44.918773
  Memory Size (MB)      :        192.031250
  MIPS                  :        387.523110
  I-Cache (sec)         :          0.000857
  O-Cache (sec)         :          0.864934
  Bank (sec)            :          0.001191
 
  Start Time (date)  :  2011/10/10 16:33:24
  End   Time (date)  :  2011/10/10 16:33:29
+ runrecfct1.sx6 run 126 28 FCTCTR 2011101012 2011101103
sx6
PNT-EN
11101016:33
out
/gfs/home3/modoper/tempo/global/oens
/gfs/home3/modoper/tempo/global/oens
/gfs/dk22/modoper/tempo/global/oens
/gfs/dk22/modoper/tempo/global/oens/model/datain
/gfs/home3/modoper/tempo/global/oens/run/setrecfct.1.FCTCTRT126L28.sx6
Date: 20111010
Hour: 16:33
FCTCTR
2011101012
2011101103
GFCTCTR
GFCTCTR
GFCTCTR
F.fct
F.fct
R.fct
/gfs/home3/modoper/tempo/global/oens
/gfs/home3/modoper/tempo/global/oens
/gfs/dk22/modoper/tempo/global/oens
/gfs/dk22/modoper/tempo/global/oens/model/datain
run
run
GFCTCTR20111010122011101103F.fct.T126L28
/gfs/home3/modoper/tempo/global/oens/recfct/datain/GFCTCTR20111010122011101103F.fct.T126L28
+ echo Recomposition  -x-  RUNNING ...
Recomposition  -x-  RUNNING ...
+ source=/gfs/home3/modoper/tempo/global/oens/recfct/source
+ bin=/gfs/home3/modoper/tempo/global/oens/recfct/bin/T126L28
+ input=/gfs/home3/modoper/tempo/global/oens/recfct/datain
+ out=/gfs/home3/modoper/tempo/global/oens/recfct/output
+ echo run
run
+ [ run = make ]
+ echo run
run
+ [ run = clean ]
+ cd /gfs/home3/modoper/tempo/global/oens/recfct/bin/T126L28
+ echo ./recfct.T126L28 < /gfs/home3/modoper/tempo/global/oens/recfct/datain/recfctFCTCTR.nml > /gfs/home3/modoper/tempo/global/oens/recfct/output/recfct.out.2011101012.16:33.T126L28
./recfct.T126L28 < /gfs/home3/modoper/tempo/global/oens/recfct/datain/recfctFCTCTR.nml > /gfs/home3/modoper/tempo/global/oens/recfct/output/recfct.out.2011101012.16:33.T126L28
+ ./recfct.T126L28
+ 0< /gfs/home3/modoper/tempo/global/oens/recfct/datain/recfctFCTCTR.nml 1> /gfs/home3/modoper/tempo/global/oens/recfct/output/recfct.out.2011101012.16:33.T126L28
 
 
     ******  Program Information  ******
  Real Time (sec)       :          5.829733
  User Time (sec)       :          4.120947
  Sys  Time (sec)       :          0.056910
  Vector Time (sec)     :          0.341742
  Inst. Count           :        1596985613.
  V. Inst. Count        :          16052480.
  V. Element Count      :        1289251883.
  FLOP Count            :         534710006.
  MOPS                  :        696.486751
  MFLOPS                :        129.754156
  VLEN                  :         80.314810
  V. Op. Ratio (%)      :         44.918773
  Memory Size (MB)      :        192.031250
  MIPS                  :        387.528788
  I-Cache (sec)         :          0.000806
  O-Cache (sec)         :          0.864916
  Bank (sec)            :          0.001191
 
  Start Time (date)  :  2011/10/10 16:33:30
  End   Time (date)  :  2011/10/10 16:33:36
+ runrecfct1.sx6 run 126 28 FCTCTR 2011101012 2011101106
sx6
PNT-EN
11101016:33
out
/gfs/home3/modoper/tempo/global/oens
/gfs/home3/modoper/tempo/global/oens
/gfs/dk22/modoper/tempo/global/oens
/gfs/dk22/modoper/tempo/global/oens/model/datain
/gfs/home3/modoper/tempo/global/oens/run/setrecfct.1.FCTCTRT126L28.sx6
Date: 20111010
Hour: 16:33
FCTCTR
2011101012
2011101106
GFCTCTR
GFCTCTR
GFCTCTR
F.fct
F.fct
R.fct
/gfs/home3/modoper/tempo/global/oens
/gfs/home3/modoper/tempo/global/oens
/gfs/dk22/modoper/tempo/global/oens
/gfs/dk22/modoper/tempo/global/oens/model/datain
run
run
GFCTCTR20111010122011101106F.fct.T126L28
/gfs/home3/modoper/tempo/global/oens/recfct/datain/GFCTCTR20111010122011101106F.fct.T126L28
+ echo Recomposition  -x-  RUNNING ...
Recomposition  -x-  RUNNING ...
+ source=/gfs/home3/modoper/tempo/global/oens/recfct/source
+ bin=/gfs/home3/modoper/tempo/global/oens/recfct/bin/T126L28
+ input=/gfs/home3/modoper/tempo/global/oens/recfct/datain
+ out=/gfs/home3/modoper/tempo/global/oens/recfct/output
+ echo run
run
+ [ run = make ]
+ echo run
run
+ [ run = clean ]
+ cd /gfs/home3/modoper/tempo/global/oens/recfct/bin/T126L28
+ echo ./recfct.T126L28 < /gfs/home3/modoper/tempo/global/oens/recfct/datain/recfctFCTCTR.nml > /gfs/home3/modoper/tempo/global/oens/recfct/output/recfct.out.2011101012.16:33.T126L28
./recfct.T126L28 < /gfs/home3/modoper/tempo/global/oens/recfct/datain/recfctFCTCTR.nml > /gfs/home3/modoper/tempo/global/oens/recfct/output/recfct.out.2011101012.16:33.T126L28
+ ./recfct.T126L28
+ 0< /gfs/home3/modoper/tempo/global/oens/recfct/datain/recfctFCTCTR.nml 1> /gfs/home3/modoper/tempo/global/oens/recfct/output/recfct.out.2011101012.16:33.T126L28
 
 
     ******  Program Information  ******
  Real Time (sec)       :          9.639767
  User Time (sec)       :          4.121089
  Sys  Time (sec)       :          0.057666
  Vector Time (sec)     :          0.341683
  Inst. Count           :        1596985613.
  V. Inst. Count        :          16052480.
  V. Element Count      :        1289251883.
  FLOP Count            :         534710006.
  MOPS                  :        696.462812
  MFLOPS                :        129.749696
  VLEN                  :         80.314810
  V. Op. Ratio (%)      :         44.918773
  Memory Size (MB)      :        192.031250
  MIPS                  :        387.515468
  I-Cache (sec)         :          0.000805
  O-Cache (sec)         :          0.865006
  Bank (sec)            :          0.001191
 
  Start Time (date)  :  2011/10/10 16:33:37
  End   Time (date)  :  2011/10/10 16:33:47
+ runrecfct1.sx6 run 126 28 FCTCTR 2011101012 2011101109
sx6
PNT-EN
11101016:33
out
/gfs/home3/modoper/tempo/global/oens
/gfs/home3/modoper/tempo/global/oens
/gfs/dk22/modoper/tempo/global/oens
/gfs/dk22/modoper/tempo/global/oens/model/datain
/gfs/home3/modoper/tempo/global/oens/run/setrecfct.1.FCTCTRT126L28.sx6
Date: 20111010
Hour: 16:33
FCTCTR
2011101012
2011101109
GFCTCTR
GFCTCTR
GFCTCTR
F.fct
F.fct
R.fct
/gfs/home3/modoper/tempo/global/oens
/gfs/home3/modoper/tempo/global/oens
/gfs/dk22/modoper/tempo/global/oens
/gfs/dk22/modoper/tempo/global/oens/model/datain
run
run
GFCTCTR20111010122011101109F.fct.T126L28
/gfs/home3/modoper/tempo/global/oens/recfct/datain/GFCTCTR20111010122011101109F.fct.T126L28
+ echo Recomposition  -x-  RUNNING ...
Recomposition  -x-  RUNNING ...
+ source=/gfs/home3/modoper/tempo/global/oens/recfct/source
+ bin=/gfs/home3/modoper/tempo/global/oens/recfct/bin/T126L28
+ input=/gfs/home3/modoper/tempo/global/oens/recfct/datain
+ out=/gfs/home3/modoper/tempo/global/oens/recfct/output
+ echo run
run
+ [ run = make ]
+ echo run
run
+ [ run = clean ]
+ cd /gfs/home3/modoper/tempo/global/oens/recfct/bin/T126L28
+ echo ./recfct.T126L28 < /gfs/home3/modoper/tempo/global/oens/recfct/datain/recfctFCTCTR.nml > /gfs/home3/modoper/tempo/global/oens/recfct/output/recfct.out.2011101012.16:33.T126L28
./recfct.T126L28 < /gfs/home3/modoper/tempo/global/oens/recfct/datain/recfctFCTCTR.nml > /gfs/home3/modoper/tempo/global/oens/recfct/output/recfct.out.2011101012.16:33.T126L28
+ ./recfct.T126L28
+ 0< /gfs/home3/modoper/tempo/global/oens/recfct/datain/recfctFCTCTR.nml 1> /gfs/home3/modoper/tempo/global/oens/recfct/output/recfct.out.2011101012.16:33.T126L28
 
 
     ******  Program Information  ******
  Real Time (sec)       :          5.638274
  User Time (sec)       :          4.120939
  Sys  Time (sec)       :          0.056501
  Vector Time (sec)     :          0.341764
  Inst. Count           :        1596985613.
  V. Inst. Count        :          16052480.
  V. Element Count      :        1289251883.
  FLOP Count            :         534710006.
  MOPS                  :        696.488159
  MFLOPS                :        129.754418
  VLEN                  :         80.314810
  V. Op. Ratio (%)      :         44.918773
  Memory Size (MB)      :        192.031250
  MIPS                  :        387.529571
  I-Cache (sec)         :          0.000824
  O-Cache (sec)         :          0.864986
  Bank (sec)            :          0.001191
 
  Start Time (date)  :  2011/10/10 16:33:47
  End   Time (date)  :  2011/10/10 16:33:53
+ runrecfct1.sx6 run 126 28 FCTCTR 2011101012 2011101112
sx6
PNT-EN
11101016:33
out
/gfs/home3/modoper/tempo/global/oens
/gfs/home3/modoper/tempo/global/oens
/gfs/dk22/modoper/tempo/global/oens
/gfs/dk22/modoper/tempo/global/oens/model/datain
/gfs/home3/modoper/tempo/global/oens/run/setrecfct.1.FCTCTRT126L28.sx6
Date: 20111010
Hour: 16:33
FCTCTR
2011101012
2011101112
GFCTCTR
GFCTCTR
GFCTCTR
F.fct
F.fct
R.fct
/gfs/home3/modoper/tempo/global/oens
/gfs/home3/modoper/tempo/global/oens
/gfs/dk22/modoper/tempo/global/oens
/gfs/dk22/modoper/tempo/global/oens/model/datain
run
run
GFCTCTR20111010122011101112F.fct.T126L28
/gfs/home3/modoper/tempo/global/oens/recfct/datain/GFCTCTR20111010122011101112F.fct.T126L28
+ echo Recomposition  -x-  RUNNING ...
Recomposition  -x-  RUNNING ...
+ source=/gfs/home3/modoper/tempo/global/oens/recfct/source
+ bin=/gfs/home3/modoper/tempo/global/oens/recfct/bin/T126L28
+ input=/gfs/home3/modoper/tempo/global/oens/recfct/datain
+ out=/gfs/home3/modoper/tempo/global/oens/recfct/output
+ echo run
run
+ [ run = make ]
+ echo run
run
+ [ run = clean ]
+ cd /gfs/home3/modoper/tempo/global/oens/recfct/bin/T126L28
+ echo ./recfct.T126L28 < /gfs/home3/modoper/tempo/global/oens/recfct/datain/recfctFCTCTR.nml > /gfs/home3/modoper/tempo/global/oens/recfct/output/recfct.out.2011101012.16:33.T126L28
./recfct.T126L28 < /gfs/home3/modoper/tempo/global/oens/recfct/datain/recfctFCTCTR.nml > /gfs/home3/modoper/tempo/global/oens/recfct/output/recfct.out.2011101012.16:33.T126L28
+ ./recfct.T126L28
+ 0< /gfs/home3/modoper/tempo/global/oens/recfct/datain/recfctFCTCTR.nml 1> /gfs/home3/modoper/tempo/global/oens/recfct/output/recfct.out.2011101012.16:33.T126L28
 
 
     ******  Program Information  ******
  Real Time (sec)       :          9.081032
  User Time (sec)       :          4.120668
  Sys  Time (sec)       :          0.058807
  Vector Time (sec)     :          0.341695
  Inst. Count           :        1596985644.
  V. Inst. Count        :          16052480.
  V. Element Count      :        1289251883.
  FLOP Count            :         534710007.
  MOPS                  :        696.533883
  MFLOPS                :        129.762936
  VLEN                  :         80.314810
  V. Op. Ratio (%)      :         44.918772
  Memory Size (MB)      :        192.031250
  MIPS                  :        387.555016
  I-Cache (sec)         :          0.000793
  O-Cache (sec)         :          0.864766
  Bank (sec)            :          0.001191
 
  Start Time (date)  :  2011/10/10 16:33:54
  End   Time (date)  :  2011/10/10 16:34:03
+ runrecfct1.sx6 run 126 28 FCTCTR 2011101012 2011101115
sx6
PNT-EN
11101016:34
out
/gfs/home3/modoper/tempo/global/oens
/gfs/home3/modoper/tempo/global/oens
/gfs/dk22/modoper/tempo/global/oens
/gfs/dk22/modoper/tempo/global/oens/model/datain
/gfs/home3/modoper/tempo/global/oens/run/setrecfct.1.FCTCTRT126L28.sx6
Date: 20111010
Hour: 16:34
FCTCTR
2011101012
2011101115
GFCTCTR
GFCTCTR
GFCTCTR
F.fct
F.fct
R.fct
/gfs/home3/modoper/tempo/global/oens
/gfs/home3/modoper/tempo/global/oens
/gfs/dk22/modoper/tempo/global/oens
/gfs/dk22/modoper/tempo/global/oens/model/datain
run
run
GFCTCTR20111010122011101115F.fct.T126L28
/gfs/home3/modoper/tempo/global/oens/recfct/datain/GFCTCTR20111010122011101115F.fct.T126L28
+ echo Recomposition  -x-  RUNNING ...
Recomposition  -x-  RUNNING ...
+ source=/gfs/home3/modoper/tempo/global/oens/recfct/source
+ bin=/gfs/home3/modoper/tempo/global/oens/recfct/bin/T126L28
+ input=/gfs/home3/modoper/tempo/global/oens/recfct/datain
+ out=/gfs/home3/modoper/tempo/global/oens/recfct/output
+ echo run
run
+ [ run = make ]
+ echo run
run
+ [ run = clean ]
+ cd /gfs/home3/modoper/tempo/global/oens/recfct/bin/T126L28
+ echo ./recfct.T126L28 < /gfs/home3/modoper/tempo/global/oens/recfct/datain/recfctFCTCTR.nml > /gfs/home3/modoper/tempo/global/oens/recfct/output/recfct.out.2011101012.16:34.T126L28
./recfct.T126L28 < /gfs/home3/modoper/tempo/global/oens/recfct/datain/recfctFCTCTR.nml > /gfs/home3/modoper/tempo/global/oens/recfct/output/recfct.out.2011101012.16:34.T126L28
+ ./recfct.T126L28
+ 0< /gfs/home3/modoper/tempo/global/oens/recfct/datain/recfctFCTCTR.nml 1> /gfs/home3/modoper/tempo/global/oens/recfct/output/recfct.out.2011101012.16:34.T126L28
 
 
     ******  Program Information  ******
  Real Time (sec)       :          5.511287
  User Time (sec)       :          4.118950
  Sys  Time (sec)       :          0.056446
  Vector Time (sec)     :          0.341526
  Inst. Count           :        1596985644.
  V. Inst. Count        :          16052480.
  V. Element Count      :        1289251883.
  FLOP Count            :         534710007.
  MOPS                  :        696.824414
  MFLOPS                :        129.817061
  VLEN                  :         80.314810
  V. Op. Ratio (%)      :         44.918772
  Memory Size (MB)      :        192.031250
  MIPS                  :        387.716669
  I-Cache (sec)         :          0.000786
  O-Cache (sec)         :          0.858453
  Bank (sec)            :          0.001191
 
  Start Time (date)  :  2011/10/10 16:34:04
  End   Time (date)  :  2011/10/10 16:34:09
+ runrecfct1.sx6 run 126 28 FCTCTR 2011101012 2011101118
sx6
PNT-EN
11101016:34
out
/gfs/home3/modoper/tempo/global/oens
/gfs/home3/modoper/tempo/global/oens
/gfs/dk22/modoper/tempo/global/oens
/gfs/dk22/modoper/tempo/global/oens/model/datain
/gfs/home3/modoper/tempo/global/oens/run/setrecfct.1.FCTCTRT126L28.sx6
Date: 20111010
Hour: 16:34
FCTCTR
2011101012
2011101118
GFCTCTR
GFCTCTR
GFCTCTR
F.fct
F.fct
R.fct
/gfs/home3/modoper/tempo/global/oens
/gfs/home3/modoper/tempo/global/oens
/gfs/dk22/modoper/tempo/global/oens
/gfs/dk22/modoper/tempo/global/oens/model/datain
run
run
GFCTCTR20111010122011101118F.fct.T126L28
/gfs/home3/modoper/tempo/global/oens/recfct/datain/GFCTCTR20111010122011101118F.fct.T126L28
+ echo Recomposition  -x-  RUNNING ...
Recomposition  -x-  RUNNING ...
+ source=/gfs/home3/modoper/tempo/global/oens/recfct/source
+ bin=/gfs/home3/modoper/tempo/global/oens/recfct/bin/T126L28
+ input=/gfs/home3/modoper/tempo/global/oens/recfct/datain
+ out=/gfs/home3/modoper/tempo/global/oens/recfct/output
+ echo run
run
+ [ run = make ]
+ echo run
run
+ [ run = clean ]
+ cd /gfs/home3/modoper/tempo/global/oens/recfct/bin/T126L28
+ echo ./recfct.T126L28 < /gfs/home3/modoper/tempo/global/oens/recfct/datain/recfctFCTCTR.nml > /gfs/home3/modoper/tempo/global/oens/recfct/output/recfct.out.2011101012.16:34.T126L28
./recfct.T126L28 < /gfs/home3/modoper/tempo/global/oens/recfct/datain/recfctFCTCTR.nml > /gfs/home3/modoper/tempo/global/oens/recfct/output/recfct.out.2011101012.16:34.T126L28
+ ./recfct.T126L28
+ 0< /gfs/home3/modoper/tempo/global/oens/recfct/datain/recfctFCTCTR.nml 1> /gfs/home3/modoper/tempo/global/oens/recfct/output/recfct.out.2011101012.16:34.T126L28
 
 
     ******  Program Information  ******
  Real Time (sec)       :          5.301268
  User Time (sec)       :          4.120871
  Sys  Time (sec)       :          0.056890
  Vector Time (sec)     :          0.341684
  Inst. Count           :        1596985644.
  V. Inst. Count        :          16052480.
  V. Element Count      :        1289251883.
  FLOP Count            :         534710007.
  MOPS                  :        696.499633
  MFLOPS                :        129.756555
  VLEN                  :         80.314810
  V. Op. Ratio (%)      :         44.918772
  Memory Size (MB)      :        192.031250
  MIPS                  :        387.535959
  I-Cache (sec)         :          0.000808
  O-Cache (sec)         :          0.864850
  Bank (sec)            :          0.001191
 
  Start Time (date)  :  2011/10/10 16:34:10
  End   Time (date)  :  2011/10/10 16:34:15
+ runrecfct1.sx6 run 126 28 FCTCTR 2011101012 2011101121
sx6
PNT-EN
11101016:34
out
/gfs/home3/modoper/tempo/global/oens
/gfs/home3/modoper/tempo/global/oens
/gfs/dk22/modoper/tempo/global/oens
/gfs/dk22/modoper/tempo/global/oens/model/datain
/gfs/home3/modoper/tempo/global/oens/run/setrecfct.1.FCTCTRT126L28.sx6
Date: 20111010
Hour: 16:34
FCTCTR
2011101012
2011101121
GFCTCTR
GFCTCTR
GFCTCTR
F.fct
F.fct
R.fct
/gfs/home3/modoper/tempo/global/oens
/gfs/home3/modoper/tempo/global/oens
/gfs/dk22/modoper/tempo/global/oens
/gfs/dk22/modoper/tempo/global/oens/model/datain
run
run
GFCTCTR20111010122011101121F.fct.T126L28
/gfs/home3/modoper/tempo/global/oens/recfct/datain/GFCTCTR20111010122011101121F.fct.T126L28
+ echo Recomposition  -x-  RUNNING ...
Recomposition  -x-  RUNNING ...
+ source=/gfs/home3/modoper/tempo/global/oens/recfct/source
+ bin=/gfs/home3/modoper/tempo/global/oens/recfct/bin/T126L28
+ input=/gfs/home3/modoper/tempo/global/oens/recfct/datain
+ out=/gfs/home3/modoper/tempo/global/oens/recfct/output
+ echo run
run
+ [ run = make ]
+ echo run
run
+ [ run = clean ]
+ cd /gfs/home3/modoper/tempo/global/oens/recfct/bin/T126L28
+ echo ./recfct.T126L28 < /gfs/home3/modoper/tempo/global/oens/recfct/datain/recfctFCTCTR.nml > /gfs/home3/modoper/tempo/global/oens/recfct/output/recfct.out.2011101012.16:34.T126L28
./recfct.T126L28 < /gfs/home3/modoper/tempo/global/oens/recfct/datain/recfctFCTCTR.nml > /gfs/home3/modoper/tempo/global/oens/recfct/output/recfct.out.2011101012.16:34.T126L28
+ ./recfct.T126L28
+ 0< /gfs/home3/modoper/tempo/global/oens/recfct/datain/recfctFCTCTR.nml 1> /gfs/home3/modoper/tempo/global/oens/recfct/output/recfct.out.2011101012.16:34.T126L28
 
 
     ******  Program Information  ******
  Real Time (sec)       :          5.595431
  User Time (sec)       :          4.120969
  Sys  Time (sec)       :          0.055653
  Vector Time (sec)     :          0.341712
  Inst. Count           :        1596985644.
  V. Inst. Count        :          16052480.
  V. Element Count      :        1289251883.
  FLOP Count            :         534710007.
  MOPS                  :        696.483076
  MFLOPS                :        129.753470
  VLEN                  :         80.314810
  V. Op. Ratio (%)      :         44.918772
  Memory Size (MB)      :        192.031250
  MIPS                  :        387.526747
  I-Cache (sec)         :          0.000822
  O-Cache (sec)         :          0.864897
  Bank (sec)            :          0.001191
 
  Start Time (date)  :  2011/10/10 16:34:16
  End   Time (date)  :  2011/10/10 16:34:22
+ runrecfct1.sx6 run 126 28 FCTCTR 2011101012 2011101200
sx6
PNT-EN
11101016:34
out
/gfs/home3/modoper/tempo/global/oens
/gfs/home3/modoper/tempo/global/oens
/gfs/dk22/modoper/tempo/global/oens
/gfs/dk22/modoper/tempo/global/oens/model/datain
/gfs/home3/modoper/tempo/global/oens/run/setrecfct.1.FCTCTRT126L28.sx6
Date: 20111010
Hour: 16:34
FCTCTR
2011101012
2011101200
GFCTCTR
GFCTCTR
GFCTCTR
F.fct
F.fct
R.fct
/gfs/home3/modoper/tempo/global/oens
/gfs/home3/modoper/tempo/global/oens
/gfs/dk22/modoper/tempo/global/oens
/gfs/dk22/modoper/tempo/global/oens/model/datain
run
run
GFCTCTR20111010122011101200F.fct.T126L28
/gfs/home3/modoper/tempo/global/oens/recfct/datain/GFCTCTR20111010122011101200F.fct.T126L28
+ echo Recomposition  -x-  RUNNING ...
Recomposition  -x-  RUNNING ...
+ source=/gfs/home3/modoper/tempo/global/oens/recfct/source
+ bin=/gfs/home3/modoper/tempo/global/oens/recfct/bin/T126L28
+ input=/gfs/home3/modoper/tempo/global/oens/recfct/datain
+ out=/gfs/home3/modoper/tempo/global/oens/recfct/output
+ echo run
run
+ [ run = make ]
+ echo run
run
+ [ run = clean ]
+ cd /gfs/home3/modoper/tempo/global/oens/recfct/bin/T126L28
+ echo ./recfct.T126L28 < /gfs/home3/modoper/tempo/global/oens/recfct/datain/recfctFCTCTR.nml > /gfs/home3/modoper/tempo/global/oens/recfct/output/recfct.out.2011101012.16:34.T126L28
./recfct.T126L28 < /gfs/home3/modoper/tempo/global/oens/recfct/datain/recfctFCTCTR.nml > /gfs/home3/modoper/tempo/global/oens/recfct/output/recfct.out.2011101012.16:34.T126L28
+ ./recfct.T126L28
+ 0< /gfs/home3/modoper/tempo/global/oens/recfct/datain/recfctFCTCTR.nml 1> /gfs/home3/modoper/tempo/global/oens/recfct/output/recfct.out.2011101012.16:34.T126L28
 
 
     ******  Program Information  ******
  Real Time (sec)       :          5.561705
  User Time (sec)       :          4.121013
  Sys  Time (sec)       :          0.057105
  Vector Time (sec)     :          0.341692
  Inst. Count           :        1596985613.
  V. Inst. Count        :          16052480.
  V. Element Count      :        1289251883.
  FLOP Count            :         534710006.
  MOPS                  :        696.475537
  MFLOPS                :        129.752067
  VLEN                  :         80.314810
  V. Op. Ratio (%)      :         44.918773
  Memory Size (MB)      :        192.031250
  MIPS                  :        387.522548
  I-Cache (sec)         :          0.000805
  O-Cache (sec)         :          0.864918
  Bank (sec)            :          0.001191
 
  Start Time (date)  :  2011/10/10 16:34:23
  End   Time (date)  :  2011/10/10 16:34:28
logout
