stty: : Invalid argument
vt100
resize:  can't open terminal /dev/tty
======================================
Welcome to tupan00: SUPER-UX 14.1 SX-6
Today is Tue Oct 11 16:46:18 GMT 2011
======================================
+ DATE=20111011
+ HOUR=16:46
+ echo Date: 20111011
Date: 20111011
+ echo Hour: 16:46
Hour: 16:46
+ export DATE HOUR
+ LABELI=2011101112
+ echo 2011101112
2011101112
+ export LABELI
+ cd /gfs/dk22/modoper/tempo/global/oens/model/dataout
+ rm -f GFCTCTR20111011122011101112F.dic.T126L28 GFCTCTR20111011122011101112F.din.T126L28 GFCTCTR20111011122011101112F.icn.T126L28 GFCTCTR20111011122011101112F.inz.T126L28
+ rm -f GFCTCTR20111011122011101115F.dir.T126L28 GFCTCTR20111011122011101118F.dir.T126L28 GFCTCTR20111011122011101121F.dir.T126L28 GFCTCTR20111011122011101200F.dir.T126L28 GFCTCTR20111011122011101203F.dir.T126L28 GFCTCTR20111011122011101206F.dir.T126L28 GFCTCTR20111011122011101209F.dir.T126L28 GFCTCTR20111011122011101212F.dir.T126L28 GFCTCTR20111011122011101215F.dir.T126L28 GFCTCTR20111011122011101218F.dir.T126L28 GFCTCTR20111011122011101221F.dir.T126L28 GFCTCTR20111011122011101300F.dir.T126L28
+ rm -f GFCTCTR20111011122011101300F.dir.T126L28.files
+ cd /gfs/dk22/modoper/tempo/global/oens/model/datain
+ rm -f lst.GFCTCTR2011101112.dr
+ ls -l GFCTCTR20111011122011101115F.fct.T126L28 GFCTCTR20111011122011101118F.fct.T126L28 GFCTCTR20111011122011101121F.fct.T126L28 GFCTCTR20111011122011101200F.fct.T126L28 GFCTCTR20111011122011101203F.fct.T126L28 GFCTCTR20111011122011101206F.fct.T126L28 GFCTCTR20111011122011101209F.fct.T126L28 GFCTCTR20111011122011101212F.fct.T126L28 GFCTCTR20111011122011101215F.fct.T126L28 GFCTCTR20111011122011101218F.fct.T126L28 GFCTCTR20111011122011101221F.fct.T126L28 GFCTCTR20111011122011101300F.fct.T126L28
+ 1> lst.GFCTCTR2011101112.dr
+ awk { print $9 } lst.GFCTCTR2011101112.dr
+ 1> lst.GFCTCTR2011101112
+ + awk { print substr($1,18,10) } lst.GFCTCTR2011101112
xx=2011101115
2011101118
2011101121
2011101200
2011101203
2011101206
2011101209
2011101212
2011101215
2011101218
2011101221
2011101300
+ echo

+ cd /gfs/home3/modoper/tempo/global/oens/run
+ runrecfct1.sx6 run 126 28 FCTCTR 2011101112 2011101115
sx6
PNT-EN
11101116:46
out
/gfs/home3/modoper/tempo/global/oens
/gfs/home3/modoper/tempo/global/oens
/gfs/dk22/modoper/tempo/global/oens
/gfs/dk22/modoper/tempo/global/oens/model/datain
/gfs/home3/modoper/tempo/global/oens/run/setrecfct.1.FCTCTRT126L28.sx6
Date: 20111011
Hour: 16:46
FCTCTR
2011101112
2011101115
GFCTCTR
GFCTCTR
GFCTCTR
F.fct
F.fct
R.fct
/gfs/home3/modoper/tempo/global/oens
/gfs/home3/modoper/tempo/global/oens
/gfs/dk22/modoper/tempo/global/oens
/gfs/dk22/modoper/tempo/global/oens/model/datain
run
run
GFCTCTR20111011122011101115F.fct.T126L28
/gfs/home3/modoper/tempo/global/oens/recfct/datain/GFCTCTR20111011122011101115F.fct.T126L28
+ echo Recomposition  -x-  RUNNING ...
Recomposition  -x-  RUNNING ...
+ source=/gfs/home3/modoper/tempo/global/oens/recfct/source
+ bin=/gfs/home3/modoper/tempo/global/oens/recfct/bin/T126L28
+ input=/gfs/home3/modoper/tempo/global/oens/recfct/datain
+ out=/gfs/home3/modoper/tempo/global/oens/recfct/output
+ echo run
run
+ [ run = make ]
+ echo run
run
+ [ run = clean ]
+ cd /gfs/home3/modoper/tempo/global/oens/recfct/bin/T126L28
+ echo ./recfct.T126L28 < /gfs/home3/modoper/tempo/global/oens/recfct/datain/recfctFCTCTR.nml > /gfs/home3/modoper/tempo/global/oens/recfct/output/recfct.out.2011101112.16:46.T126L28
./recfct.T126L28 < /gfs/home3/modoper/tempo/global/oens/recfct/datain/recfctFCTCTR.nml > /gfs/home3/modoper/tempo/global/oens/recfct/output/recfct.out.2011101112.16:46.T126L28
+ ./recfct.T126L28
+ 0< /gfs/home3/modoper/tempo/global/oens/recfct/datain/recfctFCTCTR.nml 1> /gfs/home3/modoper/tempo/global/oens/recfct/output/recfct.out.2011101112.16:46.T126L28
 
 
     ******  Program Information  ******
  Real Time (sec)       :          6.235688
  User Time (sec)       :          4.151069
  Sys  Time (sec)       :          0.221763
  Vector Time (sec)     :          0.347734
  Inst. Count           :        1596985644.
  V. Inst. Count        :          16052480.
  V. Element Count      :        1289251883.
  FLOP Count            :         534710007.
  MOPS                  :        691.432777
  MFLOPS                :        128.812609
  VLEN                  :         80.314810
  V. Op. Ratio (%)      :         44.918772
  Memory Size (MB)      :        192.031250
  MIPS                  :        384.716734
  I-Cache (sec)         :          0.012393
  O-Cache (sec)         :          0.889537
  Bank (sec)            :          0.001190
 
  Start Time (date)  :  2011/10/11 16:46:21
  End   Time (date)  :  2011/10/11 16:46:28
+ runrecfct1.sx6 run 126 28 FCTCTR 2011101112 2011101118
sx6
PNT-EN
11101116:46
out
/gfs/home3/modoper/tempo/global/oens
/gfs/home3/modoper/tempo/global/oens
/gfs/dk22/modoper/tempo/global/oens
/gfs/dk22/modoper/tempo/global/oens/model/datain
/gfs/home3/modoper/tempo/global/oens/run/setrecfct.1.FCTCTRT126L28.sx6
Date: 20111011
Hour: 16:46
FCTCTR
2011101112
2011101118
GFCTCTR
GFCTCTR
GFCTCTR
F.fct
F.fct
R.fct
/gfs/home3/modoper/tempo/global/oens
/gfs/home3/modoper/tempo/global/oens
/gfs/dk22/modoper/tempo/global/oens
/gfs/dk22/modoper/tempo/global/oens/model/datain
run
run
GFCTCTR20111011122011101118F.fct.T126L28
/gfs/home3/modoper/tempo/global/oens/recfct/datain/GFCTCTR20111011122011101118F.fct.T126L28
+ echo Recomposition  -x-  RUNNING ...
Recomposition  -x-  RUNNING ...
+ source=/gfs/home3/modoper/tempo/global/oens/recfct/source
+ bin=/gfs/home3/modoper/tempo/global/oens/recfct/bin/T126L28
+ input=/gfs/home3/modoper/tempo/global/oens/recfct/datain
+ out=/gfs/home3/modoper/tempo/global/oens/recfct/output
+ echo run
run
+ [ run = make ]
+ echo run
run
+ [ run = clean ]
+ cd /gfs/home3/modoper/tempo/global/oens/recfct/bin/T126L28
+ echo ./recfct.T126L28 < /gfs/home3/modoper/tempo/global/oens/recfct/datain/recfctFCTCTR.nml > /gfs/home3/modoper/tempo/global/oens/recfct/output/recfct.out.2011101112.16:46.T126L28
./recfct.T126L28 < /gfs/home3/modoper/tempo/global/oens/recfct/datain/recfctFCTCTR.nml > /gfs/home3/modoper/tempo/global/oens/recfct/output/recfct.out.2011101112.16:46.T126L28
+ ./recfct.T126L28
+ 0< /gfs/home3/modoper/tempo/global/oens/recfct/datain/recfctFCTCTR.nml 1> /gfs/home3/modoper/tempo/global/oens/recfct/output/recfct.out.2011101112.16:46.T126L28
 
 
     ******  Program Information  ******
  Real Time (sec)       :          5.648980
  User Time (sec)       :          4.132742
  Sys  Time (sec)       :          0.067091
  Vector Time (sec)     :          0.345695
  Inst. Count           :        1596985644.
  V. Inst. Count        :          16052480.
  V. Element Count      :        1289251883.
  FLOP Count            :         534710007.
  MOPS                  :        694.499048
  MFLOPS                :        129.383850
  VLEN                  :         80.314810
  V. Op. Ratio (%)      :         44.918772
  Memory Size (MB)      :        192.031250
  MIPS                  :        386.422823
  I-Cache (sec)         :          0.001824
  O-Cache (sec)         :          0.870252
  Bank (sec)            :          0.001190
 
  Start Time (date)  :  2011/10/11 16:46:29
  End   Time (date)  :  2011/10/11 16:46:34
+ runrecfct1.sx6 run 126 28 FCTCTR 2011101112 2011101121
sx6
PNT-EN
11101116:46
out
/gfs/home3/modoper/tempo/global/oens
/gfs/home3/modoper/tempo/global/oens
/gfs/dk22/modoper/tempo/global/oens
/gfs/dk22/modoper/tempo/global/oens/model/datain
/gfs/home3/modoper/tempo/global/oens/run/setrecfct.1.FCTCTRT126L28.sx6
Date: 20111011
Hour: 16:46
FCTCTR
2011101112
2011101121
GFCTCTR
GFCTCTR
GFCTCTR
F.fct
F.fct
R.fct
/gfs/home3/modoper/tempo/global/oens
/gfs/home3/modoper/tempo/global/oens
/gfs/dk22/modoper/tempo/global/oens
/gfs/dk22/modoper/tempo/global/oens/model/datain
run
run
GFCTCTR20111011122011101121F.fct.T126L28
/gfs/home3/modoper/tempo/global/oens/recfct/datain/GFCTCTR20111011122011101121F.fct.T126L28
+ echo Recomposition  -x-  RUNNING ...
Recomposition  -x-  RUNNING ...
+ source=/gfs/home3/modoper/tempo/global/oens/recfct/source
+ bin=/gfs/home3/modoper/tempo/global/oens/recfct/bin/T126L28
+ input=/gfs/home3/modoper/tempo/global/oens/recfct/datain
+ out=/gfs/home3/modoper/tempo/global/oens/recfct/output
+ echo run
run
+ [ run = make ]
+ echo run
run
+ [ run = clean ]
+ cd /gfs/home3/modoper/tempo/global/oens/recfct/bin/T126L28
+ echo ./recfct.T126L28 < /gfs/home3/modoper/tempo/global/oens/recfct/datain/recfctFCTCTR.nml > /gfs/home3/modoper/tempo/global/oens/recfct/output/recfct.out.2011101112.16:46.T126L28
./recfct.T126L28 < /gfs/home3/modoper/tempo/global/oens/recfct/datain/recfctFCTCTR.nml > /gfs/home3/modoper/tempo/global/oens/recfct/output/recfct.out.2011101112.16:46.T126L28
+ ./recfct.T126L28
+ 0< /gfs/home3/modoper/tempo/global/oens/recfct/datain/recfctFCTCTR.nml 1> /gfs/home3/modoper/tempo/global/oens/recfct/output/recfct.out.2011101112.16:46.T126L28
 
 
     ******  Program Information  ******
  Real Time (sec)       :          5.661322
  User Time (sec)       :          4.136221
  Sys  Time (sec)       :          0.071186
  Vector Time (sec)     :          0.347411
  Inst. Count           :        1596985644.
  V. Inst. Count        :          16052480.
  V. Element Count      :        1289251883.
  FLOP Count            :         534710007.
  MOPS                  :        693.914743
  MFLOPS                :        129.274995
  VLEN                  :         80.314810
  V. Op. Ratio (%)      :         44.918772
  Memory Size (MB)      :        192.031250
  MIPS                  :        386.097713
  I-Cache (sec)         :          0.002646
  O-Cache (sec)         :          0.872370
  Bank (sec)            :          0.001191
 
  Start Time (date)  :  2011/10/11 16:46:35
  End   Time (date)  :  2011/10/11 16:46:41
+ runrecfct1.sx6 run 126 28 FCTCTR 2011101112 2011101200
sx6
PNT-EN
11101116:46
out
/gfs/home3/modoper/tempo/global/oens
/gfs/home3/modoper/tempo/global/oens
/gfs/dk22/modoper/tempo/global/oens
/gfs/dk22/modoper/tempo/global/oens/model/datain
/gfs/home3/modoper/tempo/global/oens/run/setrecfct.1.FCTCTRT126L28.sx6
Date: 20111011
Hour: 16:46
FCTCTR
2011101112
2011101200
GFCTCTR
GFCTCTR
GFCTCTR
F.fct
F.fct
R.fct
/gfs/home3/modoper/tempo/global/oens
/gfs/home3/modoper/tempo/global/oens
/gfs/dk22/modoper/tempo/global/oens
/gfs/dk22/modoper/tempo/global/oens/model/datain
run
run
GFCTCTR20111011122011101200F.fct.T126L28
/gfs/home3/modoper/tempo/global/oens/recfct/datain/GFCTCTR20111011122011101200F.fct.T126L28
+ echo Recomposition  -x-  RUNNING ...
Recomposition  -x-  RUNNING ...
+ source=/gfs/home3/modoper/tempo/global/oens/recfct/source
+ bin=/gfs/home3/modoper/tempo/global/oens/recfct/bin/T126L28
+ input=/gfs/home3/modoper/tempo/global/oens/recfct/datain
+ out=/gfs/home3/modoper/tempo/global/oens/recfct/output
+ echo run
run
+ [ run = make ]
+ echo run
run
+ [ run = clean ]
+ cd /gfs/home3/modoper/tempo/global/oens/recfct/bin/T126L28
+ echo ./recfct.T126L28 < /gfs/home3/modoper/tempo/global/oens/recfct/datain/recfctFCTCTR.nml > /gfs/home3/modoper/tempo/global/oens/recfct/output/recfct.out.2011101112.16:46.T126L28
./recfct.T126L28 < /gfs/home3/modoper/tempo/global/oens/recfct/datain/recfctFCTCTR.nml > /gfs/home3/modoper/tempo/global/oens/recfct/output/recfct.out.2011101112.16:46.T126L28
+ ./recfct.T126L28
+ 0< /gfs/home3/modoper/tempo/global/oens/recfct/datain/recfctFCTCTR.nml 1> /gfs/home3/modoper/tempo/global/oens/recfct/output/recfct.out.2011101112.16:46.T126L28
 
 
     ******  Program Information  ******
  Real Time (sec)       :          5.984498
  User Time (sec)       :          4.142076
  Sys  Time (sec)       :          0.099131
  Vector Time (sec)     :          0.347711
  Inst. Count           :        1596985613.
  V. Inst. Count        :          16052480.
  V. Element Count      :        1289251883.
  FLOP Count            :         534710006.
  MOPS                  :        692.933941
  MFLOPS                :        129.092274
  VLEN                  :         80.314810
  V. Op. Ratio (%)      :         44.918773
  Memory Size (MB)      :        192.031250
  MIPS                  :        385.551986
  I-Cache (sec)         :          0.007263
  O-Cache (sec)         :          0.877660
  Bank (sec)            :          0.001190
 
  Start Time (date)  :  2011/10/11 16:46:42
  End   Time (date)  :  2011/10/11 16:46:48
+ runrecfct1.sx6 run 126 28 FCTCTR 2011101112 2011101203
sx6
PNT-EN
11101116:46
out
/gfs/home3/modoper/tempo/global/oens
/gfs/home3/modoper/tempo/global/oens
/gfs/dk22/modoper/tempo/global/oens
/gfs/dk22/modoper/tempo/global/oens/model/datain
/gfs/home3/modoper/tempo/global/oens/run/setrecfct.1.FCTCTRT126L28.sx6
Date: 20111011
Hour: 16:46
FCTCTR
2011101112
2011101203
GFCTCTR
GFCTCTR
GFCTCTR
F.fct
F.fct
R.fct
/gfs/home3/modoper/tempo/global/oens
/gfs/home3/modoper/tempo/global/oens
/gfs/dk22/modoper/tempo/global/oens
/gfs/dk22/modoper/tempo/global/oens/model/datain
run
run
GFCTCTR20111011122011101203F.fct.T126L28
/gfs/home3/modoper/tempo/global/oens/recfct/datain/GFCTCTR20111011122011101203F.fct.T126L28
+ echo Recomposition  -x-  RUNNING ...
Recomposition  -x-  RUNNING ...
+ source=/gfs/home3/modoper/tempo/global/oens/recfct/source
+ bin=/gfs/home3/modoper/tempo/global/oens/recfct/bin/T126L28
+ input=/gfs/home3/modoper/tempo/global/oens/recfct/datain
+ out=/gfs/home3/modoper/tempo/global/oens/recfct/output
+ echo run
run
+ [ run = make ]
+ echo run
run
+ [ run = clean ]
+ cd /gfs/home3/modoper/tempo/global/oens/recfct/bin/T126L28
+ echo ./recfct.T126L28 < /gfs/home3/modoper/tempo/global/oens/recfct/datain/recfctFCTCTR.nml > /gfs/home3/modoper/tempo/global/oens/recfct/output/recfct.out.2011101112.16:46.T126L28
./recfct.T126L28 < /gfs/home3/modoper/tempo/global/oens/recfct/datain/recfctFCTCTR.nml > /gfs/home3/modoper/tempo/global/oens/recfct/output/recfct.out.2011101112.16:46.T126L28
+ ./recfct.T126L28
+ 0< /gfs/home3/modoper/tempo/global/oens/recfct/datain/recfctFCTCTR.nml 1> /gfs/home3/modoper/tempo/global/oens/recfct/output/recfct.out.2011101112.16:46.T126L28
 
 
     ******  Program Information  ******
  Real Time (sec)       :          5.685753
  User Time (sec)       :          4.141830
  Sys  Time (sec)       :          0.097255
  Vector Time (sec)     :          0.347804
  Inst. Count           :        1596985613.
  V. Inst. Count        :          16052480.
  V. Element Count      :        1289251883.
  FLOP Count            :         534710006.
  MOPS                  :        692.975093
  MFLOPS                :        129.099941
  VLEN                  :         80.314810
  V. Op. Ratio (%)      :         44.918773
  Memory Size (MB)      :        192.031250
  MIPS                  :        385.574884
  I-Cache (sec)         :          0.007027
  O-Cache (sec)         :          0.877335
  Bank (sec)            :          0.001190
 
  Start Time (date)  :  2011/10/11 16:46:49
  End   Time (date)  :  2011/10/11 16:46:54
+ runrecfct1.sx6 run 126 28 FCTCTR 2011101112 2011101206
sx6
PNT-EN
11101116:46
out
/gfs/home3/modoper/tempo/global/oens
/gfs/home3/modoper/tempo/global/oens
/gfs/dk22/modoper/tempo/global/oens
/gfs/dk22/modoper/tempo/global/oens/model/datain
/gfs/home3/modoper/tempo/global/oens/run/setrecfct.1.FCTCTRT126L28.sx6
Date: 20111011
Hour: 16:46
FCTCTR
2011101112
2011101206
GFCTCTR
GFCTCTR
GFCTCTR
F.fct
F.fct
R.fct
/gfs/home3/modoper/tempo/global/oens
/gfs/home3/modoper/tempo/global/oens
/gfs/dk22/modoper/tempo/global/oens
/gfs/dk22/modoper/tempo/global/oens/model/datain
run
run
GFCTCTR20111011122011101206F.fct.T126L28
/gfs/home3/modoper/tempo/global/oens/recfct/datain/GFCTCTR20111011122011101206F.fct.T126L28
+ echo Recomposition  -x-  RUNNING ...
Recomposition  -x-  RUNNING ...
+ source=/gfs/home3/modoper/tempo/global/oens/recfct/source
+ bin=/gfs/home3/modoper/tempo/global/oens/recfct/bin/T126L28
+ input=/gfs/home3/modoper/tempo/global/oens/recfct/datain
+ out=/gfs/home3/modoper/tempo/global/oens/recfct/output
+ echo run
run
+ [ run = make ]
+ echo run
run
+ [ run = clean ]
+ cd /gfs/home3/modoper/tempo/global/oens/recfct/bin/T126L28
+ echo ./recfct.T126L28 < /gfs/home3/modoper/tempo/global/oens/recfct/datain/recfctFCTCTR.nml > /gfs/home3/modoper/tempo/global/oens/recfct/output/recfct.out.2011101112.16:46.T126L28
./recfct.T126L28 < /gfs/home3/modoper/tempo/global/oens/recfct/datain/recfctFCTCTR.nml > /gfs/home3/modoper/tempo/global/oens/recfct/output/recfct.out.2011101112.16:46.T126L28
+ ./recfct.T126L28
+ 0< /gfs/home3/modoper/tempo/global/oens/recfct/datain/recfctFCTCTR.nml 1> /gfs/home3/modoper/tempo/global/oens/recfct/output/recfct.out.2011101112.16:46.T126L28
 
 
     ******  Program Information  ******
  Real Time (sec)       :          5.676498
  User Time (sec)       :          4.126972
  Sys  Time (sec)       :          0.068434
  Vector Time (sec)     :          0.344173
  Inst. Count           :        1596985613.
  V. Inst. Count        :          16052480.
  V. Element Count      :        1289251883.
  FLOP Count            :         534710006.
  MOPS                  :        695.469876
  MFLOPS                :        129.564714
  VLEN                  :         80.314810
  V. Op. Ratio (%)      :         44.918773
  Memory Size (MB)      :        192.031250
  MIPS                  :        386.962994
  I-Cache (sec)         :          0.002593
  O-Cache (sec)         :          0.867506
  Bank (sec)            :          0.001190
 
  Start Time (date)  :  2011/10/11 16:46:55
  End   Time (date)  :  2011/10/11 16:47:01
+ runrecfct1.sx6 run 126 28 FCTCTR 2011101112 2011101209
sx6
PNT-EN
11101116:47
out
/gfs/home3/modoper/tempo/global/oens
/gfs/home3/modoper/tempo/global/oens
/gfs/dk22/modoper/tempo/global/oens
/gfs/dk22/modoper/tempo/global/oens/model/datain
/gfs/home3/modoper/tempo/global/oens/run/setrecfct.1.FCTCTRT126L28.sx6
Date: 20111011
Hour: 16:47
FCTCTR
2011101112
2011101209
GFCTCTR
GFCTCTR
GFCTCTR
F.fct
F.fct
R.fct
/gfs/home3/modoper/tempo/global/oens
/gfs/home3/modoper/tempo/global/oens
/gfs/dk22/modoper/tempo/global/oens
/gfs/dk22/modoper/tempo/global/oens/model/datain
run
run
GFCTCTR20111011122011101209F.fct.T126L28
/gfs/home3/modoper/tempo/global/oens/recfct/datain/GFCTCTR20111011122011101209F.fct.T126L28
+ echo Recomposition  -x-  RUNNING ...
Recomposition  -x-  RUNNING ...
+ source=/gfs/home3/modoper/tempo/global/oens/recfct/source
+ bin=/gfs/home3/modoper/tempo/global/oens/recfct/bin/T126L28
+ input=/gfs/home3/modoper/tempo/global/oens/recfct/datain
+ out=/gfs/home3/modoper/tempo/global/oens/recfct/output
+ echo run
run
+ [ run = make ]
+ echo run
run
+ [ run = clean ]
+ cd /gfs/home3/modoper/tempo/global/oens/recfct/bin/T126L28
+ echo ./recfct.T126L28 < /gfs/home3/modoper/tempo/global/oens/recfct/datain/recfctFCTCTR.nml > /gfs/home3/modoper/tempo/global/oens/recfct/output/recfct.out.2011101112.16:47.T126L28
./recfct.T126L28 < /gfs/home3/modoper/tempo/global/oens/recfct/datain/recfctFCTCTR.nml > /gfs/home3/modoper/tempo/global/oens/recfct/output/recfct.out.2011101112.16:47.T126L28
+ ./recfct.T126L28
+ 0< /gfs/home3/modoper/tempo/global/oens/recfct/datain/recfctFCTCTR.nml 1> /gfs/home3/modoper/tempo/global/oens/recfct/output/recfct.out.2011101112.16:47.T126L28
 
 
     ******  Program Information  ******
  Real Time (sec)       :          5.517016
  User Time (sec)       :          4.134812
  Sys  Time (sec)       :          0.060172
  Vector Time (sec)     :          0.347589
  Inst. Count           :        1596985613.
  V. Inst. Count        :          16052480.
  V. Element Count      :        1289251883.
  FLOP Count            :         534710006.
  MOPS                  :        694.151268
  MFLOPS                :        129.319060
  VLEN                  :         80.314810
  V. Op. Ratio (%)      :         44.918773
  Memory Size (MB)      :        192.031250
  MIPS                  :        386.229313
  I-Cache (sec)         :          0.001142
  O-Cache (sec)         :          0.873466
  Bank (sec)            :          0.001190
 
  Start Time (date)  :  2011/10/11 16:47:02
  End   Time (date)  :  2011/10/11 16:47:07
+ runrecfct1.sx6 run 126 28 FCTCTR 2011101112 2011101212
sx6
PNT-EN
11101116:47
out
/gfs/home3/modoper/tempo/global/oens
/gfs/home3/modoper/tempo/global/oens
/gfs/dk22/modoper/tempo/global/oens
/gfs/dk22/modoper/tempo/global/oens/model/datain
/gfs/home3/modoper/tempo/global/oens/run/setrecfct.1.FCTCTRT126L28.sx6
Date: 20111011
Hour: 16:47
FCTCTR
2011101112
2011101212
GFCTCTR
GFCTCTR
GFCTCTR
F.fct
F.fct
R.fct
/gfs/home3/modoper/tempo/global/oens
/gfs/home3/modoper/tempo/global/oens
/gfs/dk22/modoper/tempo/global/oens
/gfs/dk22/modoper/tempo/global/oens/model/datain
run
run
GFCTCTR20111011122011101212F.fct.T126L28
/gfs/home3/modoper/tempo/global/oens/recfct/datain/GFCTCTR20111011122011101212F.fct.T126L28
+ echo Recomposition  -x-  RUNNING ...
Recomposition  -x-  RUNNING ...
+ source=/gfs/home3/modoper/tempo/global/oens/recfct/source
+ bin=/gfs/home3/modoper/tempo/global/oens/recfct/bin/T126L28
+ input=/gfs/home3/modoper/tempo/global/oens/recfct/datain
+ out=/gfs/home3/modoper/tempo/global/oens/recfct/output
+ echo run
run
+ [ run = make ]
+ echo run
run
+ [ run = clean ]
+ cd /gfs/home3/modoper/tempo/global/oens/recfct/bin/T126L28
+ echo ./recfct.T126L28 < /gfs/home3/modoper/tempo/global/oens/recfct/datain/recfctFCTCTR.nml > /gfs/home3/modoper/tempo/global/oens/recfct/output/recfct.out.2011101112.16:47.T126L28
./recfct.T126L28 < /gfs/home3/modoper/tempo/global/oens/recfct/datain/recfctFCTCTR.nml > /gfs/home3/modoper/tempo/global/oens/recfct/output/recfct.out.2011101112.16:47.T126L28
+ ./recfct.T126L28
+ 0< /gfs/home3/modoper/tempo/global/oens/recfct/datain/recfctFCTCTR.nml 1> /gfs/home3/modoper/tempo/global/oens/recfct/output/recfct.out.2011101112.16:47.T126L28
 
 
     ******  Program Information  ******
  Real Time (sec)       :          5.676285
  User Time (sec)       :          4.142099
  Sys  Time (sec)       :          0.099854
  Vector Time (sec)     :          0.347751
  Inst. Count           :        1596985644.
  V. Inst. Count        :          16052480.
  V. Element Count      :        1289251883.
  FLOP Count            :         534710007.
  MOPS                  :        692.930135
  MFLOPS                :        129.091564
  VLEN                  :         80.314810
  V. Op. Ratio (%)      :         44.918772
  Memory Size (MB)      :        192.031250
  MIPS                  :        385.549872
  I-Cache (sec)         :          0.007431
  O-Cache (sec)         :          0.877568
  Bank (sec)            :          0.001190
 
  Start Time (date)  :  2011/10/11 16:47:08
  End   Time (date)  :  2011/10/11 16:47:14
+ runrecfct1.sx6 run 126 28 FCTCTR 2011101112 2011101215
sx6
PNT-EN
11101116:47
out
/gfs/home3/modoper/tempo/global/oens
/gfs/home3/modoper/tempo/global/oens
/gfs/dk22/modoper/tempo/global/oens
/gfs/dk22/modoper/tempo/global/oens/model/datain
/gfs/home3/modoper/tempo/global/oens/run/setrecfct.1.FCTCTRT126L28.sx6
Date: 20111011
Hour: 16:47
FCTCTR
2011101112
2011101215
GFCTCTR
GFCTCTR
GFCTCTR
F.fct
F.fct
R.fct
/gfs/home3/modoper/tempo/global/oens
/gfs/home3/modoper/tempo/global/oens
/gfs/dk22/modoper/tempo/global/oens
/gfs/dk22/modoper/tempo/global/oens/model/datain
run
run
GFCTCTR20111011122011101215F.fct.T126L28
/gfs/home3/modoper/tempo/global/oens/recfct/datain/GFCTCTR20111011122011101215F.fct.T126L28
+ echo Recomposition  -x-  RUNNING ...
Recomposition  -x-  RUNNING ...
+ source=/gfs/home3/modoper/tempo/global/oens/recfct/source
+ bin=/gfs/home3/modoper/tempo/global/oens/recfct/bin/T126L28
+ input=/gfs/home3/modoper/tempo/global/oens/recfct/datain
+ out=/gfs/home3/modoper/tempo/global/oens/recfct/output
+ echo run
run
+ [ run = make ]
+ echo run
run
+ [ run = clean ]
+ cd /gfs/home3/modoper/tempo/global/oens/recfct/bin/T126L28
+ echo ./recfct.T126L28 < /gfs/home3/modoper/tempo/global/oens/recfct/datain/recfctFCTCTR.nml > /gfs/home3/modoper/tempo/global/oens/recfct/output/recfct.out.2011101112.16:47.T126L28
./recfct.T126L28 < /gfs/home3/modoper/tempo/global/oens/recfct/datain/recfctFCTCTR.nml > /gfs/home3/modoper/tempo/global/oens/recfct/output/recfct.out.2011101112.16:47.T126L28
+ ./recfct.T126L28
+ 0< /gfs/home3/modoper/tempo/global/oens/recfct/datain/recfctFCTCTR.nml 1> /gfs/home3/modoper/tempo/global/oens/recfct/output/recfct.out.2011101112.16:47.T126L28
 
 
     ******  Program Information  ******
  Real Time (sec)       :          5.898609
  User Time (sec)       :          4.216994
  Sys  Time (sec)       :          0.105304
  Vector Time (sec)     :          0.372090
  Inst. Count           :        1596985644.
  V. Inst. Count        :          16052480.
  V. Element Count      :        1289251883.
  FLOP Count            :         534710007.
  MOPS                  :        680.623424
  MFLOPS                :        126.798847
  VLEN                  :         80.314810
  V. Op. Ratio (%)      :         44.918772
  Memory Size (MB)      :        192.031250
  MIPS                  :        378.702355
  I-Cache (sec)         :          0.004678
  O-Cache (sec)         :          0.930957
  Bank (sec)            :          0.001202
 
  Start Time (date)  :  2011/10/11 16:47:15
  End   Time (date)  :  2011/10/11 16:47:21
+ runrecfct1.sx6 run 126 28 FCTCTR 2011101112 2011101218
sx6
PNT-EN
11101116:47
out
/gfs/home3/modoper/tempo/global/oens
/gfs/home3/modoper/tempo/global/oens
/gfs/dk22/modoper/tempo/global/oens
/gfs/dk22/modoper/tempo/global/oens/model/datain
/gfs/home3/modoper/tempo/global/oens/run/setrecfct.1.FCTCTRT126L28.sx6
Date: 20111011
Hour: 16:47
FCTCTR
2011101112
2011101218
GFCTCTR
GFCTCTR
GFCTCTR
F.fct
F.fct
R.fct
/gfs/home3/modoper/tempo/global/oens
/gfs/home3/modoper/tempo/global/oens
/gfs/dk22/modoper/tempo/global/oens
/gfs/dk22/modoper/tempo/global/oens/model/datain
run
run
GFCTCTR20111011122011101218F.fct.T126L28
/gfs/home3/modoper/tempo/global/oens/recfct/datain/GFCTCTR20111011122011101218F.fct.T126L28
+ echo Recomposition  -x-  RUNNING ...
Recomposition  -x-  RUNNING ...
+ source=/gfs/home3/modoper/tempo/global/oens/recfct/source
+ bin=/gfs/home3/modoper/tempo/global/oens/recfct/bin/T126L28
+ input=/gfs/home3/modoper/tempo/global/oens/recfct/datain
+ out=/gfs/home3/modoper/tempo/global/oens/recfct/output
+ echo run
run
+ [ run = make ]
+ echo run
run
+ [ run = clean ]
+ cd /gfs/home3/modoper/tempo/global/oens/recfct/bin/T126L28
+ echo ./recfct.T126L28 < /gfs/home3/modoper/tempo/global/oens/recfct/datain/recfctFCTCTR.nml > /gfs/home3/modoper/tempo/global/oens/recfct/output/recfct.out.2011101112.16:47.T126L28
./recfct.T126L28 < /gfs/home3/modoper/tempo/global/oens/recfct/datain/recfctFCTCTR.nml > /gfs/home3/modoper/tempo/global/oens/recfct/output/recfct.out.2011101112.16:47.T126L28
+ ./recfct.T126L28
+ 0< /gfs/home3/modoper/tempo/global/oens/recfct/datain/recfctFCTCTR.nml 1> /gfs/home3/modoper/tempo/global/oens/recfct/output/recfct.out.2011101112.16:47.T126L28
 
 
     ******  Program Information  ******
  Real Time (sec)       :          5.783155
  User Time (sec)       :          4.438352
  Sys  Time (sec)       :          0.064159
  Vector Time (sec)     :          0.468568
  Inst. Count           :        1596985644.
  V. Inst. Count        :          16052480.
  V. Element Count      :        1289251883.
  FLOP Count            :         534710007.
  MOPS                  :        646.678047
  MFLOPS                :        120.474888
  VLEN                  :         80.314810
  V. Op. Ratio (%)      :         44.918772
  Memory Size (MB)      :        192.031250
  MIPS                  :        359.814974
  I-Cache (sec)         :          0.001026
  O-Cache (sec)         :          1.053473
  Bank (sec)            :          0.001242
 
  Start Time (date)  :  2011/10/11 16:47:22
  End   Time (date)  :  2011/10/11 16:47:28
+ runrecfct1.sx6 run 126 28 FCTCTR 2011101112 2011101221
sx6
PNT-EN
11101116:47
out
/gfs/home3/modoper/tempo/global/oens
/gfs/home3/modoper/tempo/global/oens
/gfs/dk22/modoper/tempo/global/oens
/gfs/dk22/modoper/tempo/global/oens/model/datain
/gfs/home3/modoper/tempo/global/oens/run/setrecfct.1.FCTCTRT126L28.sx6
Date: 20111011
Hour: 16:47
FCTCTR
2011101112
2011101221
GFCTCTR
GFCTCTR
GFCTCTR
F.fct
F.fct
R.fct
/gfs/home3/modoper/tempo/global/oens
/gfs/home3/modoper/tempo/global/oens
/gfs/dk22/modoper/tempo/global/oens
/gfs/dk22/modoper/tempo/global/oens/model/datain
run
run
GFCTCTR20111011122011101221F.fct.T126L28
/gfs/home3/modoper/tempo/global/oens/recfct/datain/GFCTCTR20111011122011101221F.fct.T126L28
+ echo Recomposition  -x-  RUNNING ...
Recomposition  -x-  RUNNING ...
+ source=/gfs/home3/modoper/tempo/global/oens/recfct/source
+ bin=/gfs/home3/modoper/tempo/global/oens/recfct/bin/T126L28
+ input=/gfs/home3/modoper/tempo/global/oens/recfct/datain
+ out=/gfs/home3/modoper/tempo/global/oens/recfct/output
+ echo run
run
+ [ run = make ]
+ echo run
run
+ [ run = clean ]
+ cd /gfs/home3/modoper/tempo/global/oens/recfct/bin/T126L28
+ echo ./recfct.T126L28 < /gfs/home3/modoper/tempo/global/oens/recfct/datain/recfctFCTCTR.nml > /gfs/home3/modoper/tempo/global/oens/recfct/output/recfct.out.2011101112.16:47.T126L28
./recfct.T126L28 < /gfs/home3/modoper/tempo/global/oens/recfct/datain/recfctFCTCTR.nml > /gfs/home3/modoper/tempo/global/oens/recfct/output/recfct.out.2011101112.16:47.T126L28
+ ./recfct.T126L28
+ 0< /gfs/home3/modoper/tempo/global/oens/recfct/datain/recfctFCTCTR.nml 1> /gfs/home3/modoper/tempo/global/oens/recfct/output/recfct.out.2011101112.16:47.T126L28
 
 
     ******  Program Information  ******
  Real Time (sec)       :          5.860361
  User Time (sec)       :          4.265988
  Sys  Time (sec)       :          0.059372
  Vector Time (sec)     :          0.432688
  Inst. Count           :        1596985644.
  V. Inst. Count        :          16052480.
  V. Element Count      :        1289251883.
  FLOP Count            :         534710007.
  MOPS                  :        672.806689
  MFLOPS                :        125.342605
  VLEN                  :         80.314810
  V. Op. Ratio (%)      :         44.918772
  Memory Size (MB)      :        192.031250
  MIPS                  :        374.353084
  I-Cache (sec)         :          0.001068
  O-Cache (sec)         :          0.914711
  Bank (sec)            :          0.001202
 
  Start Time (date)  :  2011/10/11 16:47:28
  End   Time (date)  :  2011/10/11 16:47:34
+ runrecfct1.sx6 run 126 28 FCTCTR 2011101112 2011101300
sx6
PNT-EN
11101116:47
out
/gfs/home3/modoper/tempo/global/oens
/gfs/home3/modoper/tempo/global/oens
/gfs/dk22/modoper/tempo/global/oens
/gfs/dk22/modoper/tempo/global/oens/model/datain
/gfs/home3/modoper/tempo/global/oens/run/setrecfct.1.FCTCTRT126L28.sx6
Date: 20111011
Hour: 16:47
FCTCTR
2011101112
2011101300
GFCTCTR
GFCTCTR
GFCTCTR
F.fct
F.fct
R.fct
/gfs/home3/modoper/tempo/global/oens
/gfs/home3/modoper/tempo/global/oens
/gfs/dk22/modoper/tempo/global/oens
/gfs/dk22/modoper/tempo/global/oens/model/datain
run
run
GFCTCTR20111011122011101300F.fct.T126L28
/gfs/home3/modoper/tempo/global/oens/recfct/datain/GFCTCTR20111011122011101300F.fct.T126L28
+ echo Recomposition  -x-  RUNNING ...
Recomposition  -x-  RUNNING ...
+ source=/gfs/home3/modoper/tempo/global/oens/recfct/source
+ bin=/gfs/home3/modoper/tempo/global/oens/recfct/bin/T126L28
+ input=/gfs/home3/modoper/tempo/global/oens/recfct/datain
+ out=/gfs/home3/modoper/tempo/global/oens/recfct/output
+ echo run
run
+ [ run = make ]
+ echo run
run
+ [ run = clean ]
+ cd /gfs/home3/modoper/tempo/global/oens/recfct/bin/T126L28
+ echo ./recfct.T126L28 < /gfs/home3/modoper/tempo/global/oens/recfct/datain/recfctFCTCTR.nml > /gfs/home3/modoper/tempo/global/oens/recfct/output/recfct.out.2011101112.16:47.T126L28
./recfct.T126L28 < /gfs/home3/modoper/tempo/global/oens/recfct/datain/recfctFCTCTR.nml > /gfs/home3/modoper/tempo/global/oens/recfct/output/recfct.out.2011101112.16:47.T126L28
+ ./recfct.T126L28
+ 0< /gfs/home3/modoper/tempo/global/oens/recfct/datain/recfctFCTCTR.nml 1> /gfs/home3/modoper/tempo/global/oens/recfct/output/recfct.out.2011101112.16:47.T126L28
 
 
     ******  Program Information  ******
  Real Time (sec)       :          5.464651
  User Time (sec)       :          4.178345
  Sys  Time (sec)       :          0.060829
  Vector Time (sec)     :          0.358977
  Inst. Count           :        1596985613.
  V. Inst. Count        :          16052480.
  V. Element Count      :        1289251883.
  FLOP Count            :         534710006.
  MOPS                  :        686.919175
  MFLOPS                :        127.971735
  VLEN                  :         80.314810
  V. Op. Ratio (%)      :         44.918773
  Memory Size (MB)      :        192.031250
  MIPS                  :        382.205340
  I-Cache (sec)         :          0.001024
  O-Cache (sec)         :          0.900715
  Bank (sec)            :          0.001195
 
  Start Time (date)  :  2011/10/11 16:47:35
  End   Time (date)  :  2011/10/11 16:47:41
logout
