stty: : Invalid argument
vt100
resize:  can't open terminal /dev/tty
======================================
Welcome to tupan00: SUPER-UX 14.1 SX-6
Today is Mon Feb 13 16:58:12 GMT 2012
======================================
cp: ERROR: Cannot access /gfs/dk20/modoper/tempo/global/glbT126/model/datain/orgwav.T126: No such file or directory

+++
+++ runrecanl1.sx6 run 126 28 ANLAVN 2012021312
+++

sx6
Inter
12021316:58
out
/gfs/home3/modoper/tempo/global/oens
/gfs/home3/modoper/tempo/global/oens
/gfs/dk22/modoper/tempo/global/oens
/gfs/dk22/modoper/tempo/global/oens/model/datain
/gfs/home3/modoper/tempo/global/oens/run/setrecanl.1.ANLAVNT126L28.sx6
Date: 20120213
Hour: 16:58
ANLAVN
2012021312

GANLAVN
GANLAVN
GANLAVN
S.unf
S.unf
R.unf
/gfs/home3/modoper/tempo/global/oens
/gfs/home3/modoper/tempo/global/oens
/gfs/dk22/modoper/tempo/global/oens
/gfs/dk22/modoper/tempo/global/oens/model/datain
run
run
GANLAVN2012021312S.unf.T126L28
/gfs/home3/modoper/tempo/global/oens/recanl/datain/GANLAVN2012021312S.unf.T126L28
+ echo Recomposition  -x-  RUNNING ...
Recomposition  -x-  RUNNING ...
+ source=/gfs/home3/modoper/tempo/global/oens/recanl/source
+ bin=/gfs/home3/modoper/tempo/global/oens/recanl/bin/T126L28
+ input=/gfs/home3/modoper/tempo/global/oens/recanl/datain
+ out=/gfs/home3/modoper/tempo/global/oens/recanl/output
+ echo run
run
+ [ run = make ]
+ echo run
run
+ [ run = clean ]
+ cd /gfs/home3/modoper/tempo/global/oens/recanl/bin/T126L28
+ echo ./recanl.T126L28 < /gfs/home3/modoper/tempo/global/oens/recanl/datain/recanlANLAVN.nml > /gfs/home3/modoper/tempo/global/oens/recanl/output/recanl.out.2012021312.16:58.T126L28
./recanl.T126L28 < /gfs/home3/modoper/tempo/global/oens/recanl/datain/recanlANLAVN.nml > /gfs/home3/modoper/tempo/global/oens/recanl/output/recanl.out.2012021312.16:58.T126L28
+ ./recanl.T126L28
+ 0< /gfs/home3/modoper/tempo/global/oens/recanl/datain/recanlANLAVN.nml 1> /gfs/home3/modoper/tempo/global/oens/recanl/output/recanl.out.2012021312.16:58.T126L28
 
 
     ******  Program Information  ******
  Real Time (sec)       :          5.139797
  User Time (sec)       :          4.118903
  Sys  Time (sec)       :          0.052184
  Vector Time (sec)     :          0.341312
  Inst. Count           :        1596949068.
  V. Inst. Count        :          16042610.
  V. Element Count      :        1286735581.
  FLOP Count            :         534711132.
  MOPS                  :        696.214990
  MFLOPS                :        129.818820
  VLEN                  :         80.207372
  V. Op. Ratio (%)      :         44.870858
  Memory Size (MB)      :        192.031250
  MIPS                  :        387.712227
  I-Cache (sec)         :          0.000792
  O-Cache (sec)         :          0.858432
  Bank (sec)            :          0.001190
 
  Start Time (date)  :  2012/02/13 16:58:17
  End   Time (date)  :  2012/02/13 16:58:22

+++
+++ runrdpt1.sx6 run 07 126 28 2012021312 NO
+++

sx6
Inter
2012021316:58
out
/gfs/home3/modoper/tempo/global/oens
/gfs/home3/modoper/tempo/global/oens
/gfs/dk22/modoper/tempo/global/oens
/gfs/dk22/modoper/tempo/global/oens/model/datain
/gfs/home3/modoper/tempo/global/oens/run/setrdpt.1.T126L28.sx6
Date: 20120213
Hour: 16:58
2012021312 07
/gfs/home3/modoper/tempo/global/oens
/gfs/home3/modoper/tempo/global/oens
/gfs/dk22/modoper/tempo/global/oens
/gfs/dk22/modoper/tempo/global/oens/model/datain
cp  /gfs/dk22/modoper/tempo/global/oens/recanl/dataout/T126L28/GANLAVN2012021312R.unf.T126L28 /gfs/dk22/modoper/tempo/global/oens/model/datain
run
run
+ echo Random Perturbation  -x-  RUNNING ...
Random Perturbation  -x-  RUNNING ...
+ source=/gfs/home3/modoper/tempo/global/oens/rdpert/source
+ bin=/gfs/home3/modoper/tempo/global/oens/rdpert/bin/T126L28
+ input=/gfs/home3/modoper/tempo/global/oens/rdpert/datain
+ out=/gfs/home3/modoper/tempo/global/oens/rdpert/output
+ echo run
run
+ [ run = make ]
+ echo run
run
+ [ run = clean ]
+ cd /gfs/home3/modoper/tempo/global/oens/rdpert/bin/T126L28
+ ./rdpert.T126L28
+ 0< /gfs/home3/modoper/tempo/global/oens/rdpert/datain/rdpert.nml 1> /gfs/home3/modoper/tempo/global/oens/rdpert/output/rdpert.out.2012021312.16:58.T126L28
 
 
     ******  Program Information  ******
  Real Time (sec)       :         54.697708
  User Time (sec)       :         46.980703
  Sys  Time (sec)       :          0.302384
  Vector Time (sec)     :          0.292104
  Inst. Count           :       11892323917.
  V. Inst. Count        :           8723442.
  V. Element Count      :        2218673340.
  FLOP Count            :        2547977663.
  MOPS                  :        300.171623
  MFLOPS                :         54.234558
  VLEN                  :        254.334624
  V. Op. Ratio (%)      :         15.732735
  Memory Size (MB)      :        192.031250
  MIPS                  :        253.132099
  I-Cache (sec)         :          0.007439
  O-Cache (sec)         :          8.654441
  Bank (sec)            :          0.000000
 
  Start Time (date)  :  2012/02/13 16:58:27
  End   Time (date)  :  2012/02/13 16:59:22

+++
+++ rundrpt1.sx6 run 07 126 28 2012021312 NO
+++

sx6
Inter
2012021316:59
out
/gfs/home3/modoper/tempo/global/oens
/gfs/home3/modoper/tempo/global/oens
/gfs/dk22/modoper/tempo/global/oens
/gfs/dk22/modoper/tempo/global/oens/model/datain
/gfs/home3/modoper/tempo/global/oens/run/setdrpt.1.T126L28.sx6
Date: 20120213
Hour: 16:59
2012021312
/gfs/home3/modoper/tempo/global/oens
/gfs/home3/modoper/tempo/global/oens
/gfs/dk22/modoper/tempo/global/oens
/gfs/dk22/modoper/tempo/global/oens/model/datain
run
run
+ echo Decomposition  -x-  RUNNING ...
Decomposition  -x-  RUNNING ...
+ source=/gfs/home3/modoper/tempo/global/oens/decanl/source
+ bin=/gfs/home3/modoper/tempo/global/oens/decanl/bin/T126L28
+ input=/gfs/home3/modoper/tempo/global/oens/decanl/datain
+ out=/gfs/home3/modoper/tempo/global/oens/decanl/output
+ echo run
run
+ [ run = make ]
+ echo run
run
+ [ run = clean ]
+ cd /gfs/home3/modoper/tempo/global/oens/decanl/bin/T126L28
+ ./decanl.T126L28
+ 0< /gfs/home3/modoper/tempo/global/oens/decanl/datain/decanl.nml 1> /gfs/home3/modoper/tempo/global/oens/decanl/output/decanl.2012021312.16:59.T126L28
 
 
     ******  Program Information  ******
  Real Time (sec)       :          2.308739
  User Time (sec)       :          0.819834
  Sys  Time (sec)       :          0.057347
  Vector Time (sec)     :          0.628380
  Inst. Count           :         173578589.
  V. Inst. Count        :          21078077.
  V. Element Count      :        2292782609.
  FLOP Count            :         590251095.
  MOPS                  :       2982.656800
  MFLOPS                :        719.964256
  VLEN                  :        108.775701
  V. Op. Ratio (%)      :         93.763482
  Memory Size (MB)      :        192.031250
  MIPS                  :        211.724096
  I-Cache (sec)         :          0.000836
  O-Cache (sec)         :          0.026632
  Bank (sec)            :          0.015384
 
  Start Time (date)  :  2012/02/13 16:59:23
  End   Time (date)  :  2012/02/13 16:59:25
1
+ echo Decomposition  -x-  RUNNING ...
Decomposition  -x-  RUNNING ...
+ source=/gfs/home3/modoper/tempo/global/oens/decanl/source
+ bin=/gfs/home3/modoper/tempo/global/oens/decanl/bin/T126L28
+ input=/gfs/home3/modoper/tempo/global/oens/decanl/datain
+ out=/gfs/home3/modoper/tempo/global/oens/decanl/output
+ echo run
run
+ [ run = make ]
+ echo run
run
+ [ run = clean ]
+ cd /gfs/home3/modoper/tempo/global/oens/decanl/bin/T126L28
+ ./decanl.T126L28
+ 0< /gfs/home3/modoper/tempo/global/oens/decanl/datain/decanl.nml 1> /gfs/home3/modoper/tempo/global/oens/decanl/output/decanl.2012021312.16:59.T126L28
 
 
     ******  Program Information  ******
  Real Time (sec)       :          1.858800
  User Time (sec)       :          0.819822
  Sys  Time (sec)       :          0.054401
  Vector Time (sec)     :          0.628357
  Inst. Count           :         173578589.
  V. Inst. Count        :          21078077.
  V. Element Count      :        2292782609.
  FLOP Count            :         590251095.
  MOPS                  :       2982.698297
  MFLOPS                :        719.974272
  VLEN                  :        108.775701
  V. Op. Ratio (%)      :         93.763482
  Memory Size (MB)      :        192.031250
  MIPS                  :        211.727042
  I-Cache (sec)         :          0.000835
  O-Cache (sec)         :          0.026632
  Bank (sec)            :          0.015384
 
  Start Time (date)  :  2012/02/13 16:59:25
  End   Time (date)  :  2012/02/13 16:59:27
2
+ echo Decomposition  -x-  RUNNING ...
Decomposition  -x-  RUNNING ...
+ source=/gfs/home3/modoper/tempo/global/oens/decanl/source
+ bin=/gfs/home3/modoper/tempo/global/oens/decanl/bin/T126L28
+ input=/gfs/home3/modoper/tempo/global/oens/decanl/datain
+ out=/gfs/home3/modoper/tempo/global/oens/decanl/output
+ echo run
run
+ [ run = make ]
+ echo run
run
+ [ run = clean ]
+ cd /gfs/home3/modoper/tempo/global/oens/decanl/bin/T126L28
+ ./decanl.T126L28
+ 0< /gfs/home3/modoper/tempo/global/oens/decanl/datain/decanl.nml 1> /gfs/home3/modoper/tempo/global/oens/decanl/output/decanl.2012021312.16:59.T126L28
 
 
     ******  Program Information  ******
  Real Time (sec)       :          1.819609
  User Time (sec)       :          0.819756
  Sys  Time (sec)       :          0.054333
  Vector Time (sec)     :          0.628380
  Inst. Count           :         173578589.
  V. Inst. Count        :          21078077.
  V. Element Count      :        2292782609.
  FLOP Count            :         590251095.
  MOPS                  :       2982.940637
  MFLOPS                :        720.032769
  VLEN                  :        108.775701
  V. Op. Ratio (%)      :         93.763482
  Memory Size (MB)      :        192.031250
  MIPS                  :        211.744244
  I-Cache (sec)         :          0.000848
  O-Cache (sec)         :          0.026609
  Bank (sec)            :          0.015385
 
  Start Time (date)  :  2012/02/13 16:59:27
  End   Time (date)  :  2012/02/13 16:59:29
3
+ echo Decomposition  -x-  RUNNING ...
Decomposition  -x-  RUNNING ...
+ source=/gfs/home3/modoper/tempo/global/oens/decanl/source
+ bin=/gfs/home3/modoper/tempo/global/oens/decanl/bin/T126L28
+ input=/gfs/home3/modoper/tempo/global/oens/decanl/datain
+ out=/gfs/home3/modoper/tempo/global/oens/decanl/output
+ echo run
run
+ [ run = make ]
+ echo run
run
+ [ run = clean ]
+ cd /gfs/home3/modoper/tempo/global/oens/decanl/bin/T126L28
+ ./decanl.T126L28
+ 0< /gfs/home3/modoper/tempo/global/oens/decanl/datain/decanl.nml 1> /gfs/home3/modoper/tempo/global/oens/decanl/output/decanl.2012021312.16:59.T126L28
 
 
     ******  Program Information  ******
  Real Time (sec)       :          1.860261
  User Time (sec)       :          0.819903
  Sys  Time (sec)       :          0.054225
  Vector Time (sec)     :          0.628460
  Inst. Count           :         173578589.
  V. Inst. Count        :          21078077.
  V. Element Count      :        2292782609.
  FLOP Count            :         590251095.
  MOPS                  :       2982.403754
  MFLOPS                :        719.903175
  VLEN                  :        108.775701
  V. Op. Ratio (%)      :         93.763482
  Memory Size (MB)      :        192.031250
  MIPS                  :        211.706134
  I-Cache (sec)         :          0.000835
  O-Cache (sec)         :          0.026630
  Bank (sec)            :          0.015384
 
  Start Time (date)  :  2012/02/13 16:59:29
  End   Time (date)  :  2012/02/13 16:59:31
4
+ echo Decomposition  -x-  RUNNING ...
Decomposition  -x-  RUNNING ...
+ source=/gfs/home3/modoper/tempo/global/oens/decanl/source
+ bin=/gfs/home3/modoper/tempo/global/oens/decanl/bin/T126L28
+ input=/gfs/home3/modoper/tempo/global/oens/decanl/datain
+ out=/gfs/home3/modoper/tempo/global/oens/decanl/output
+ echo run
run
+ [ run = make ]
+ echo run
run
+ [ run = clean ]
+ cd /gfs/home3/modoper/tempo/global/oens/decanl/bin/T126L28
+ ./decanl.T126L28
+ 0< /gfs/home3/modoper/tempo/global/oens/decanl/datain/decanl.nml 1> /gfs/home3/modoper/tempo/global/oens/decanl/output/decanl.2012021312.16:59.T126L28
 
 
     ******  Program Information  ******
  Real Time (sec)       :          1.814325
  User Time (sec)       :          0.820002
  Sys  Time (sec)       :          0.054332
  Vector Time (sec)     :          0.628559
  Inst. Count           :         173578589.
  V. Inst. Count        :          21078077.
  V. Element Count      :        2292782609.
  FLOP Count            :         590251095.
  MOPS                  :       2982.044870
  MFLOPS                :        719.816546
  VLEN                  :        108.775701
  V. Op. Ratio (%)      :         93.763482
  Memory Size (MB)      :        192.031250
  MIPS                  :        211.680658
  I-Cache (sec)         :          0.000837
  O-Cache (sec)         :          0.026596
  Bank (sec)            :          0.015385
 
  Start Time (date)  :  2012/02/13 16:59:31
  End   Time (date)  :  2012/02/13 16:59:33
5
+ echo Decomposition  -x-  RUNNING ...
Decomposition  -x-  RUNNING ...
+ source=/gfs/home3/modoper/tempo/global/oens/decanl/source
+ bin=/gfs/home3/modoper/tempo/global/oens/decanl/bin/T126L28
+ input=/gfs/home3/modoper/tempo/global/oens/decanl/datain
+ out=/gfs/home3/modoper/tempo/global/oens/decanl/output
+ echo run
run
+ [ run = make ]
+ echo run
run
+ [ run = clean ]
+ cd /gfs/home3/modoper/tempo/global/oens/decanl/bin/T126L28
+ ./decanl.T126L28
+ 0< /gfs/home3/modoper/tempo/global/oens/decanl/datain/decanl.nml 1> /gfs/home3/modoper/tempo/global/oens/decanl/output/decanl.2012021312.16:59.T126L28
 
 
     ******  Program Information  ******
  Real Time (sec)       :          1.943452
  User Time (sec)       :          0.820041
  Sys  Time (sec)       :          0.055297
  Vector Time (sec)     :          0.628552
  Inst. Count           :         173578589.
  V. Inst. Count        :          21078077.
  V. Element Count      :        2292782609.
  FLOP Count            :         590251095.
  MOPS                  :       2981.901957
  MFLOPS                :        719.782049
  VLEN                  :        108.775701
  V. Op. Ratio (%)      :         93.763482
  Memory Size (MB)      :        192.031250
  MIPS                  :        211.670514
  I-Cache (sec)         :          0.000849
  O-Cache (sec)         :          0.026647
  Bank (sec)            :          0.015385
 
  Start Time (date)  :  2012/02/13 16:59:33
  End   Time (date)  :  2012/02/13 16:59:35
6
+ echo Decomposition  -x-  RUNNING ...
Decomposition  -x-  RUNNING ...
+ source=/gfs/home3/modoper/tempo/global/oens/decanl/source
+ bin=/gfs/home3/modoper/tempo/global/oens/decanl/bin/T126L28
+ input=/gfs/home3/modoper/tempo/global/oens/decanl/datain
+ out=/gfs/home3/modoper/tempo/global/oens/decanl/output
+ echo run
run
+ [ run = make ]
+ echo run
run
+ [ run = clean ]
+ cd /gfs/home3/modoper/tempo/global/oens/decanl/bin/T126L28
+ ./decanl.T126L28
+ 0< /gfs/home3/modoper/tempo/global/oens/decanl/datain/decanl.nml 1> /gfs/home3/modoper/tempo/global/oens/decanl/output/decanl.2012021312.16:59.T126L28
 
 
     ******  Program Information  ******
  Real Time (sec)       :          1.840289
  User Time (sec)       :          0.819945
  Sys  Time (sec)       :          0.054644
  Vector Time (sec)     :          0.628363
  Inst. Count           :         173578589.
  V. Inst. Count        :          21078077.
  V. Element Count      :        2292782609.
  FLOP Count            :         590251095.
  MOPS                  :       2982.254296
  MFLOPS                :        719.867098
  VLEN                  :        108.775701
  V. Op. Ratio (%)      :         93.763482
  Memory Size (MB)      :        192.031250
  MIPS                  :        211.695524
  I-Cache (sec)         :          0.000893
  O-Cache (sec)         :          0.026705
  Bank (sec)            :          0.015384
 
  Start Time (date)  :  2012/02/13 16:59:35
  End   Time (date)  :  2012/02/13 16:59:37
7

+++
+++ runctrpntg.sx6 126 28 2012021312 2012021500 sstwkl
+++

logout
