stty: : Invalid argument
vt100
resize:  can't open terminal /dev/tty
======================================
Welcome to tupan00: SUPER-UX 14.1 SX-6
Today is Mon Feb 13 19:14:11 GMT 2012
======================================
/gfs/home3/modoper/tempo/global/oens
/gfs/home3/modoper/tempo/global/oens
/gfs/dk22/modoper/tempo/global/oens
run
 F_SETBUF = 2048
MODEL  -- SUBMITTED ...
MPI/SX: command Version 7.2.1 (25. June 2007): Copyright (c) NEC Corporation 1996-2007
MPI/SX: daemon  Version 7.2.4 (21. August 2008): Copyright (c) NEC Corporation 1996-2008

Values of significant variables used by MPI/SX:
-----------------------------------------------

  DISPLAY         = 
  MPICOLLORDER    = OFF
  MPICOMMINF      = NO
  MPIMULTITASKMIX = OFF
  MPIPROGINF      = DETAIL
  MPISUSPEND      = OFF
  MPIVERSION      = ON

Derived and further values:
---------------------------

  Wait method              : Busy waiting
  Global memory            : SX Global Memory

/usr/lib/mpi/mpid: Creating 4 processes of '/gfs/home3/modoper/tempo/global/oens/run/MpisepEnsmed2012021312.scr' on local host tupan00

MPI Program Information:
========================
Note: It is measured from MPI_Init till MPI_Finalize.
      [U,R] specifies the Universe and the Process Rank in the Universe.

 
 
 
Global Data of 4 processes  :          Min [U,R]          Max [U,R]      Average
==========================

 
 
 
Real   Time (sec)           :     2125.291 [0,2]     2125.324 [0,1]     2125.303
     ******  Program Information  ******
     ******  Program Information  ******
     ******  Program Information  ******
User   Time (sec)           :      373.810 [0,1]      498.752 [0,3]      430.745
  Real Time (sec)       :       2125.497567
  Real Time (sec)       :       2125.518788
  Real Time (sec)       :       2125.480811
System Time (sec)           :      138.449 [0,2]      147.171 [0,1]      142.003
  User Time (sec)       :        373.907182
  User Time (sec)       :        498.866505
  User Time (sec)       :        449.623878
Vector Time (sec)           :       11.881 [0,1]       17.525 [0,3]       14.480
  Sys  Time (sec)       :        138.529960
  Sys  Time (sec)       :        138.477824
  Sys  Time (sec)       :        147.220301
Instruction Count           : 120498986541 [0,2] 123693655325 [0,3] 121752373334
  Vector Time (sec)     :         15.377225
  Vector Time (sec)     :         11.881667
  Vector Time (sec)     :         17.525273
Vector Instruction Count    :    284028326 [0,1]    318415364 [0,3]    298367539
  Inst. Count           :      121699959594.
  Inst. Count           :      123709092108.
  Inst. Count           :      120514424989.
Vector Element Count        :  68544613150 [0,2]  72705179174 [0,1]  70276240312
  V. Inst. Count        :         318419893.
  V. Inst. Count        :         301099676.
  V. Inst. Count        :         284032885.
FLOP Count                  :  14667521470 [0,2]  15645356909 [0,1]  15063670486
  V. Element Count      :       68545205408.
  V. Element Count      :       72705771633.
  V. Element Count      :       68735667913.
MOPS                        :      385.182 [0,3]      519.262 [0,1]      450.787
  FLOP Count            :       15645358352.
  FLOP Count            :       14667522966.
  FLOP Count            :       14667522911.
MFLOPS                      :       29.408 [0,3]       41.854 [0,1]       35.498
  MOPS                  :        385.125757
  MOPS                  :        419.814294
  MOPS                  :        519.170821
Average Vector Length       :      215.866 [0,3]      255.979 [0,1]      236.199
  MFLOPS                :         32.621762
  MFLOPS                :         41.842893
  MFLOPS                :         29.401699
Vector Operation Ratio (%)  :       35.779 [0,3]       37.456 [0,1]       36.650
  VLEN                  :        255.976598
  VLEN                  :        215.864867
  VLEN                  :        227.649549
Memory size used (MB)       :       89.004 [0,0]       89.004 [0,0]       89.004
  V. Op. Ratio (%)      :         35.776285
  V. Op. Ratio (%)      :         36.313699
  V. Op. Ratio (%)      :         37.453707
MIPS                        :      248.006 [0,3]      325.525 [0,1]      285.936
  Memory Size (MB)      :         48.031250
  Memory Size (MB)      :         48.031250
  Memory Size (MB)      :         48.031250
Instruction Cache miss (sec):        1.467 [0,2]        1.543 [0,1]        1.511
  MIPS                  :        325.481739
  MIPS                  :        247.980353
  MIPS                  :        268.033863
Operand     Cache miss (sec):        1.950 [0,2]        2.053 [0,1]        2.005
  I-Cache (sec)         :          1.512358
  I-Cache (sec)         :          1.473472
  I-Cache (sec)         :          1.545624
Bank     Conflict Time (sec):        0.005 [0,2]        0.005 [0,1]        0.005


Overall Data:
=============

Real   Time (sec)           :     2125.324
User   Time (sec)           :     1722.980
System Time (sec)           :      568.012
Vector Time (sec)           :       57.919
GOPS   (rel. to User Time)  :        1.780
GFLOPS (rel. to User Time)  :        0.140
Memory size used (GB)       :        0.348

  O-Cache (sec)         :          2.053673
  O-Cache (sec)         :          1.991572
  O-Cache (sec)         :          1.953211
 
  Bank (sec)            :          0.038651
  Bank (sec)            :          0.050352
  Bank (sec)            :          0.049509
 
 
 
 
     ******  Program Information  ******
  Start Time (date)  :  2012/02/13 19:14:13
  Start Time (date)  :  2012/02/13 19:14:13
  Start Time (date)  :  2012/02/13 19:14:13
  Real Time (sec)       :       2125.820876
  End   Time (date)  :  2012/02/13 19:49:39
  End   Time (date)  :  2012/02/13 19:49:39
  End   Time (date)  :  2012/02/13 19:49:39
  User Time (sec)       :        401.022182
  Sys  Time (sec)       :        144.024508
  Vector Time (sec)     :         13.135779
  Inst. Count           :      121147917768.
  V. Inst. Count        :         289937063.
  V. Element Count      :       71120868832.
  FLOP Count            :       15274317774.
  MOPS                  :        478.723767
  MFLOPS                :         38.088461
  VLEN                  :        245.297611
  V. Op. Ratio (%)      :         37.046200
  Memory Size (MB)      :         48.031250
  MIPS                  :        302.097797
  I-Cache (sec)         :          1.527638
  O-Cache (sec)         :          2.025230
  Bank (sec)            :          0.048994
 
  Start Time (date)  :  2012/02/13 19:14:13
  End   Time (date)  :  2012/02/13 19:49:39
logout
