Warning: no access to tty (Bad file descriptor).
Thus no job control in this shell.
stty: standard input: Inappropriate ioctl for device
vt100
resize:  can't open terminal /dev/tty
======================================
Welcome to tupay: Linux 2.4.18-nec3.3.060 ia64
Today is Mon Oct 10 19:29:09 GST 2011
======================================
PARAMETROS - 2011101012 2011102512 126 28 15
  HOUR = 19:29
resol=t126
nivel=l28
LABELR  = 2011100812
rm -f /bangu/samfs/modoper/tempo/global/oens/nmc/T126L28/RECPRD/GHPREC/2011/10/08/PREC*2011100812*
rmdir: `/bangu/samfs/modoper/tempo/global/oens/nmc/T126L28/RECPRD/GHPREC/2011/10/08': No such file or directory
LABELR  = 2011100712
rm -f /bangu/samfs/modoper/tempo/global/oens/nmc/T126L28/RECPRD/GHPREC/2011/10/07/PREC*2011100712*
rmdir: `/bangu/samfs/modoper/tempo/global/oens/nmc/T126L28/RECPRD/GHPREC/2011/10/07': No such file or directory
LABELR  = 2011100612
rm -f /bangu/samfs/modoper/tempo/global/oens/nmc/T126L28/RECPRD/GHPREC/2011/10/06/PREC*2011100612*
rmdir: `/bangu/samfs/modoper/tempo/global/oens/nmc/T126L28/RECPRD/GHPREC/2011/10/06': No such file or directory
LABELR  = 2011100512
rm -f /bangu/samfs/modoper/tempo/global/oens/nmc/T126L28/RECPRD/GHPREC/2011/10/05/PREC*2011100512*
rmdir: `/bangu/samfs/modoper/tempo/global/oens/nmc/T126L28/RECPRD/GHPREC/2011/10/05': No such file or directory
LABELR  = 2011100412
rm -f /bangu/samfs/modoper/tempo/global/oens/nmc/T126L28/RECPRD/GHPREC/2011/10/04/PREC*2011100412*
rmdir: `/bangu/samfs/modoper/tempo/global/oens/nmc/T126L28/RECPRD/GHPREC/2011/10/04': No such file or directory

Grid Analysis and Display System (GrADS) Version 1.8SL11
Copyright (c) 1988-2001 by Brian Doty 
Center for Ocean-Land-Atmosphere Studies
Institute for Global Environment and Society 
All Rights Reserved

Config: v1.8SL11 32-bit little-endian readline printim

Issue 'q config' command for more information.

GX Package Initialization: Size = 11 8.5 
Running in Batch mode
ga-> 
ga-> run rec_gridhistory_prec.gs
resol lev labeli labelf nmemb tmax stt nloc dirinp dirout
*************INICIO DO RECORTE DO GH************
fileinp=/gfs/dk22/modoper/tempo/global/oens/plumes/dataout/T126L28/PREC20111010122011102512.T126L28.ctl
fileout=/gfs/dk22/modoper/tempo/global/oens/produtos/recortes/dataout/t126l28/PRECSC20111010122011102512.T126L28.bin
stt =SC
nloc=5
loc =55 58 59 60 61
No hardcopy metafile open
All files closed; all defined objects released
All GrADS attributes have been reinitialized
open /gfs/dk22/modoper/tempo/global/oens/plumes/dataout/T126L28/PREC20111010122011102512.T126L28.ctl
tt=1
tt=2
tt=3
tt=4
tt=5
tt=6
tt=7
tt=8
tt=9
tt=10
tt=11
tt=12
tt=13
tt=14
tt=15
tt=16
tt=17
tt=18
tt=19
tt=20
tt=21
tt=22
tt=23
tt=24
tt=25
tt=26
tt=27
tt=28
tt=29
tt=30
tt=31
tt=32
tt=33
tt=34
tt=35
tt=36
tt=37
tt=38
tt=39
tt=40
tt=41
tt=42
tt=43
tt=44
tt=45
tt=46
tt=47
tt=48
tt=49
tt=50
tt=51
tt=52
tt=53
tt=54
tt=55
tt=56
tt=57
tt=58
tt=59
tt=60
tt=61
tt=62
tt=63
tt=64
tt=65
tt=66
tt=67
tt=68
tt=69
tt=70
tt=71
tt=72
tt=73
tt=74
tt=75
tt=76
tt=77
tt=78
tt=79
tt=80
tt=81
tt=82
tt=83
tt=84
tt=85
tt=86
tt=87
tt=88
tt=89
tt=90
tt=91
tt=92
tt=93
tt=94
tt=95
tt=96
tt=97
tt=98
tt=99
tt=100
tt=101
tt=102
tt=103
tt=104
tt=105
tt=106
tt=107
tt=108
tt=109
tt=110
tt=111
tt=112
tt=113
tt=114
tt=115
tt=116
tt=117
tt=118
tt=119
tt=120
tt=121
tt=122
tt=123
tt=124
tt=125
tt=126
tt=127
tt=128
tt=129
tt=130
tt=131
tt=132
tt=133
tt=134
tt=135
tt=136
tt=137
tt=138
tt=139
tt=140
tt=141
tt=142
tt=143
tt=144
tt=145
tt=146
tt=147
tt=148
tt=149
tt=150
tt=151
tt=152
tt=153
tt=154
tt=155
tt=156
tt=157
tt=158
tt=159
tt=160
tt=161
tt=162
tt=163
tt=164
tt=165
tt=166
tt=167
tt=168
tt=169
tt=170
tt=171
tt=172
tt=173
tt=174
tt=175
tt=176
tt=177
tt=178
tt=179
tt=180
tt=181
tt=182
tt=183
tt=184
tt=185
tt=186
tt=187
tt=188
tt=189
tt=190
tt=191
tt=192
tt=193
tt=194
tt=195
tt=196
tt=197
tt=198
tt=199
tt=200
tt=201
tt=202
tt=203
tt=204
tt=205
tt=206
tt=207
tt=208
tt=209
tt=210
tt=211
tt=212
tt=213
tt=214
tt=215
tt=216
tt=217
tt=218
tt=219
tt=220
tt=221
tt=222
tt=223
tt=224
tt=225
tt=226
tt=227
tt=228
tt=229
tt=230
tt=231
tt=232
tt=233
tt=234
tt=235
tt=236
tt=237
tt=238
tt=239
tt=240
tt=241
tt=242
tt=243
tt=244
tt=245
tt=246
tt=247
tt=248
tt=249
tt=250
tt=251
tt=252
tt=253
tt=254
tt=255
tt=256
tt=257
tt=258
tt=259
tt=260
tt=261
tt=262
tt=263
tt=264
tt=265
tt=266
tt=267
tt=268
tt=269
tt=270
tt=271
tt=272
tt=273
tt=274
tt=275
tt=276
tt=277
tt=278
tt=279
tt=280
tt=281
tt=282
tt=283
tt=284
tt=285
tt=286
tt=287
tt=288
tt=289
tt=290
tt=291
tt=292
tt=293
tt=294
tt=295
tt=296
tt=297
tt=298
tt=299
tt=300
tt=301
tt=302
tt=303
tt=304
tt=305
tt=306
tt=307
tt=308
tt=309
tt=310
tt=311
tt=312
tt=313
tt=314
tt=315
tt=316
tt=317
tt=318
tt=319
tt=320
tt=321
tt=322
tt=323
tt=324
tt=325
tt=326
tt=327
tt=328
tt=329
tt=330
tt=331
tt=332
tt=333
tt=334
tt=335
tt=336
tt=337
tt=338
tt=339
tt=340
tt=341
tt=342
tt=343
tt=344
tt=345
tt=346
tt=347
tt=348
tt=349
tt=350
tt=351
tt=352
tt=353
tt=354
tt=355
tt=356
tt=357
tt=358
tt=359
tt=360
*************FIM DO RECORTE DO GH************
No hardcopy metafile open
GX package terminated 
lats4d -i /gfs/dk22/modoper/tempo/global/oens/produtos/recortes/dataout/t126l28/PRECSC20111010122011102512.T126L28.ctl -o /gfs/dk22/modoper/tempo/global/oens/produtos/recortes/dataout/t126l28/PRECSC20111010122011102512.T126L28 -center cptec002 -format grads_grib -ftype ctl -table cptec.table -v -title CPTEC GLOBAL ENSEMBLE SURFACE PRODUCTS T126L28  COLD
/usr/local/grads/bin/gradshdf -blc 'run /usr/local/grads/bin/lats4d.gs -q -i /gfs/dk22/modoper/tempo/global/oens/produtos/recortes/dataout/t126l28/PRECSC20111010122011102512.T126L28.ctl -o /gfs/dk22/modoper/tempo/global/oens/produtos/recortes/dataout/t126l28/PRECSC20111010122011102512.T126L28 -center cptec002 -format grads_grib -ftype ctl -table cptec.table -v -title CPTEC GLOBAL ENSEMBLE SURFACE PRODUCTS T126L28 COLD '

Grid Analysis and Display System (GrADS) Version 1.8SL11
Copyright (c) 1988-2001 by Brian Doty 
Center for Ocean-Land-Atmosphere Studies
Institute for Global Environment and Society 
All Rights Reserved

Config: v1.8SL11 32-bit little-endian readline sdf/xdf hdf-sds lats printim

Issue 'q config' command for more information.

GX Package Initialization: Size = 11 8.5 
Running in Batch mode
lats4d: Version 1.4 of 19 Dec 2002
No hardcopy metafile open
All files closed; all defined objects released
All GrADS attributes have been reinitialized
lats4d: Data file is 
File 1 : TOTAL PRECIPITATION
  Descriptor: /gfs/dk22/modoper/tempo/global/oens/produtos/recortes/dataout/t126l28/PRECSC20111010122011102512.T126L28.ctl
  Binary: /gfs/dk22/modoper/tempo/global/oens/produtos/recortes/dataout/t126l28/PRECSC20111010122011102512.T126L28.bin
  Type = Gridded
  Xsize = 5  Ysize = 15  Zsize = 1  Tsize = 360
  Number of Variables = 1
    prec 0 99 membros

lats4d: Dimension environment file same as data file
lats4d: time range: 13Z10OCT2011 13Z10OCT2011 by 1, delta t: 1 hourly
lats4d: vertical levels:  1000
lats4d: using PRESSURE for vertical coordinate
lats4d: latitudinal  range: 1 15
lats4d: longitudinal range: 1 5
lats4d: surface   variables:  prec
lats4d: writing to grads_grib file /gfs/dk22/modoper/tempo/global/oens/produtos/recortes/dataout/t126l28/PRECSC20111010122011102512.T126L28.grb on 13Z10OCT2011
lats4d: writing to grads_grib file /gfs/dk22/modoper/tempo/global/oens/produtos/recortes/dataout/t126l28/PRECSC20111010122011102512.T126L28.grb on 14Z10OCT2011
lats4d: writing to grads_grib file /gfs/dk22/modoper/tempo/global/oens/produtos/recortes/dataout/t126l28/PRECSC20111010122011102512.T126L28.grb on 15Z10OCT2011
lats4d: writing to grads_grib file /gfs/dk22/modoper/tempo/global/oens/produtos/recortes/dataout/t126l28/PRECSC20111010122011102512.T126L28.grb on 16Z10OCT2011
lats4d: writing to grads_grib file /gfs/dk22/modoper/tempo/global/oens/produtos/recortes/dataout/t126l28/PRECSC20111010122011102512.T126L28.grb on 17Z10OCT2011
lats4d: writing to grads_grib file /gfs/dk22/modoper/tempo/global/oens/produtos/recortes/dataout/t126l28/PRECSC20111010122011102512.T126L28.grb on 18Z10OCT2011
lats4d: writing to grads_grib file /gfs/dk22/modoper/tempo/global/oens/produtos/recortes/dataout/t126l28/PRECSC20111010122011102512.T126L28.grb on 19Z10OCT2011
lats4d: writing to grads_grib file /gfs/dk22/modoper/tempo/global/oens/produtos/recortes/dataout/t126l28/PRECSC20111010122011102512.T126L28.grb on 20Z10OCT2011
lats4d: writing to grads_grib file /gfs/dk22/modoper/tempo/global/oens/produtos/recortes/dataout/t126l28/PRECSC20111010122011102512.T126L28.grb on 21Z10OCT2011
lats4d: writing to grads_grib file /gfs/dk22/modoper/tempo/global/oens/produtos/recortes/dataout/t126l28/PRECSC20111010122011102512.T126L28.grb on 22Z10OCT2011
lats4d: writing to grads_grib file /gfs/dk22/modoper/tempo/global/oens/produtos/recortes/dataout/t126l28/PRECSC20111010122011102512.T126L28.grb on 23Z10OCT2011
lats4d: writing to grads_grib file /gfs/dk22/modoper/tempo/global/oens/produtos/recortes/dataout/t126l28/PRECSC20111010122011102512.T126L28.grb on 00Z11OCT2011
lats4d: writing to grads_grib file /gfs/dk22/modoper/tempo/global/oens/produtos/recortes/dataout/t126l28/PRECSC20111010122011102512.T126L28.grb on 01Z11OCT2011
lats4d: writing to grads_grib file /gfs/dk22/modoper/tempo/global/oens/produtos/recortes/dataout/t126l28/PRECSC20111010122011102512.T126L28.grb on 02Z11OCT2011
lats4d: writing to grads_grib file /gfs/dk22/modoper/tempo/global/oens/produtos/recortes/dataout/t126l28/PRECSC20111010122011102512.T126L28.grb on 03Z11OCT2011
lats4d: writing to grads_grib file /gfs/dk22/modoper/tempo/global/oens/produtos/recortes/dataout/t126l28/PRECSC20111010122011102512.T126L28.grb on 04Z11OCT2011
lats4d: writing to grads_grib file /gfs/dk22/modoper/tempo/global/oens/produtos/recortes/dataout/t126l28/PRECSC20111010122011102512.T126L28.grb on 05Z11OCT2011
lats4d: writing to grads_grib file /gfs/dk22/modoper/tempo/global/oens/produtos/recortes/dataout/t126l28/PRECSC20111010122011102512.T126L28.grb on 06Z11OCT2011
lats4d: writing to grads_grib file /gfs/dk22/modoper/tempo/global/oens/produtos/recortes/dataout/t126l28/PRECSC20111010122011102512.T126L28.grb on 07Z11OCT2011
lats4d: writing to grads_grib file /gfs/dk22/modoper/tempo/global/oens/produtos/recortes/dataout/t126l28/PRECSC20111010122011102512.T126L28.grb on 08Z11OCT2011
lats4d: writing to grads_grib file /gfs/dk22/modoper/tempo/global/oens/produtos/recortes/dataout/t126l28/PRECSC20111010122011102512.T126L28.grb on 09Z11OCT2011
lats4d: writing to grads_grib file /gfs/dk22/modoper/tempo/global/oens/produtos/recortes/dataout/t126l28/PRECSC20111010122011102512.T126L28.grb on 10Z11OCT2011
lats4d: writing to grads_grib file /gfs/dk22/modoper/tempo/global/oens/produtos/recortes/dataout/t126l28/PRECSC20111010122011102512.T126L28.grb on 11Z11OCT2011
lats4d: writing to grads_grib file /gfs/dk22/modoper/tempo/global/oens/produtos/recortes/dataout/t126l28/PRECSC20111010122011102512.T126L28.grb on 12Z11OCT2011
lats4d: writing to grads_grib file /gfs/dk22/modoper/tempo/global/oens/produtos/recortes/dataout/t126l28/PRECSC20111010122011102512.T126L28.grb on 13Z11OCT2011
lats4d: writing to grads_grib file /gfs/dk22/modoper/tempo/global/oens/produtos/recortes/dataout/t126l28/PRECSC20111010122011102512.T126L28.grb on 14Z11OCT2011
lats4d: writing to grads_grib file /gfs/dk22/modoper/tempo/global/oens/produtos/recortes/dataout/t126l28/PRECSC20111010122011102512.T126L28.grb on 15Z11OCT2011
lats4d: writing to grads_grib file /gfs/dk22/modoper/tempo/global/oens/produtos/recortes/dataout/t126l28/PRECSC20111010122011102512.T126L28.grb on 16Z11OCT2011
lats4d: writing to grads_grib file /gfs/dk22/modoper/tempo/global/oens/produtos/recortes/dataout/t126l28/PRECSC20111010122011102512.T126L28.grb on 17Z11OCT2011
lats4d: writing to grads_grib file /gfs/dk22/modoper/tempo/global/oens/produtos/recortes/dataout/t126l28/PRECSC20111010122011102512.T126L28.grb on 18Z11OCT2011
lats4d: writing to grads_grib file /gfs/dk22/modoper/tempo/global/oens/produtos/recortes/dataout/t126l28/PRECSC20111010122011102512.T126L28.grb on 19Z11OCT2011
lats4d: writing to grads_grib file /gfs/dk22/modoper/tempo/global/oens/produtos/recortes/dataout/t126l28/PRECSC20111010122011102512.T126L28.grb on 20Z11OCT2011
lats4d: writing to grads_grib file /gfs/dk22/modoper/tempo/global/oens/produtos/recortes/dataout/t126l28/PRECSC20111010122011102512.T126L28.grb on 21Z11OCT2011
lats4d: writing to grads_grib file /gfs/dk22/modoper/tempo/global/oens/produtos/recortes/dataout/t126l28/PRECSC20111010122011102512.T126L28.grb on 22Z11OCT2011
lats4d: writing to grads_grib file /gfs/dk22/modoper/tempo/global/oens/produtos/recortes/dataout/t126l28/PRECSC20111010122011102512.T126L28.grb on 23Z11OCT2011
lats4d: writing to grads_grib file /gfs/dk22/modoper/tempo/global/oens/produtos/recortes/dataout/t126l28/PRECSC20111010122011102512.T126L28.grb on 00Z12OCT2011
lats4d: writing to grads_grib file /gfs/dk22/modoper/tempo/global/oens/produtos/recortes/dataout/t126l28/PRECSC20111010122011102512.T126L28.grb on 01Z12OCT2011
lats4d: writing to grads_grib file /gfs/dk22/modoper/tempo/global/oens/produtos/recortes/dataout/t126l28/PRECSC20111010122011102512.T126L28.grb on 02Z12OCT2011
lats4d: writing to grads_grib file /gfs/dk22/modoper/tempo/global/oens/produtos/recortes/dataout/t126l28/PRECSC20111010122011102512.T126L28.grb on 03Z12OCT2011
lats4d: writing to grads_grib file /gfs/dk22/modoper/tempo/global/oens/produtos/recortes/dataout/t126l28/PRECSC20111010122011102512.T126L28.grb on 04Z12OCT2011
lats4d: writing to grads_grib file /gfs/dk22/modoper/tempo/global/oens/produtos/recortes/dataout/t126l28/PRECSC20111010122011102512.T126L28.grb on 05Z12OCT2011
lats4d: writing to grads_grib file /gfs/dk22/modoper/tempo/global/oens/produtos/recortes/dataout/t126l28/PRECSC20111010122011102512.T126L28.grb on 06Z12OCT2011
lats4d: writing to grads_grib file /gfs/dk22/modoper/tempo/global/oens/produtos/recortes/dataout/t126l28/PRECSC20111010122011102512.T126L28.grb on 07Z12OCT2011
lats4d: writing to grads_grib file /gfs/dk22/modoper/tempo/global/oens/produtos/recortes/dataout/t126l28/PRECSC20111010122011102512.T126L28.grb on 08Z12OCT2011
lats4d: writing to grads_grib file /gfs/dk22/modoper/tempo/global/oens/produtos/recortes/dataout/t126l28/PRECSC20111010122011102512.T126L28.grb on 09Z12OCT2011
lats4d: writing to grads_grib file /gfs/dk22/modoper/tempo/global/oens/produtos/recortes/dataout/t126l28/PRECSC20111010122011102512.T126L28.grb on 10Z12OCT2011
lats4d: writing to grads_grib file /gfs/dk22/modoper/tempo/global/oens/produtos/recortes/dataout/t126l28/PRECSC20111010122011102512.T126L28.grb on 11Z12OCT2011
lats4d: writing to grads_grib file /gfs/dk22/modoper/tempo/global/oens/produtos/recortes/dataout/t126l28/PRECSC20111010122011102512.T126L28.grb on 12Z12OCT2011
lats4d: writing to grads_grib file /gfs/dk22/modoper/tempo/global/oens/produtos/recortes/dataout/t126l28/PRECSC20111010122011102512.T126L28.grb on 13Z12OCT2011
lats4d: writing to grads_grib file /gfs/dk22/modoper/tempo/global/oens/produtos/recortes/dataout/t126l28/PRECSC20111010122011102512.T126L28.grb on 14Z12OCT2011
lats4d: writing to grads_grib file /gfs/dk22/modoper/tempo/global/oens/produtos/recortes/dataout/t126l28/PRECSC20111010122011102512.T126L28.grb on 15Z12OCT2011
lats4d: writing to grads_grib file /gfs/dk22/modoper/tempo/global/oens/produtos/recortes/dataout/t126l28/PRECSC20111010122011102512.T126L28.grb on 16Z12OCT2011
lats4d: writing to grads_grib file /gfs/dk22/modoper/tempo/global/oens/produtos/recortes/dataout/t126l28/PRECSC20111010122011102512.T126L28.grb on 17Z12OCT2011
lats4d: writing to grads_grib file /gfs/dk22/modoper/tempo/global/oens/produtos/recortes/dataout/t126l28/PRECSC20111010122011102512.T126L28.grb on 18Z12OCT2011
lats4d: writing to grads_grib file /gfs/dk22/modoper/tempo/global/oens/produtos/recortes/dataout/t126l28/PRECSC20111010122011102512.T126L28.grb on 19Z12OCT2011
lats4d: writing to grads_grib file /gfs/dk22/modoper/tempo/global/oens/produtos/recortes/dataout/t126l28/PRECSC20111010122011102512.T126L28.grb on 20Z12OCT2011
lats4d: writing to grads_grib file /gfs/dk22/modoper/tempo/global/oens/produtos/recortes/dataout/t126l28/PRECSC20111010122011102512.T126L28.grb on 21Z12OCT2011
lats4d: writing to grads_grib file /gfs/dk22/modoper/tempo/global/oens/produtos/recortes/dataout/t126l28/PRECSC20111010122011102512.T126L28.grb on 22Z12OCT2011
lats4d: writing to grads_grib file /gfs/dk22/modoper/tempo/global/oens/produtos/recortes/dataout/t126l28/PRECSC20111010122011102512.T126L28.grb on 23Z12OCT2011
lats4d: writing to grads_grib file /gfs/dk22/modoper/tempo/global/oens/produtos/recortes/dataout/t126l28/PRECSC20111010122011102512.T126L28.grb on 00Z13OCT2011
lats4d: writing to grads_grib file /gfs/dk22/modoper/tempo/global/oens/produtos/recortes/dataout/t126l28/PRECSC20111010122011102512.T126L28.grb on 01Z13OCT2011
lats4d: writing to grads_grib file /gfs/dk22/modoper/tempo/global/oens/produtos/recortes/dataout/t126l28/PRECSC20111010122011102512.T126L28.grb on 02Z13OCT2011
lats4d: writing to grads_grib file /gfs/dk22/modoper/tempo/global/oens/produtos/recortes/dataout/t126l28/PRECSC20111010122011102512.T126L28.grb on 03Z13OCT2011
lats4d: writing to grads_grib file /gfs/dk22/modoper/tempo/global/oens/produtos/recortes/dataout/t126l28/PRECSC20111010122011102512.T126L28.grb on 04Z13OCT2011
lats4d: writing to grads_grib file /gfs/dk22/modoper/tempo/global/oens/produtos/recortes/dataout/t126l28/PRECSC20111010122011102512.T126L28.grb on 05Z13OCT2011
lats4d: writing to grads_grib file /gfs/dk22/modoper/tempo/global/oens/produtos/recortes/dataout/t126l28/PRECSC20111010122011102512.T126L28.grb on 06Z13OCT2011
lats4d: writing to grads_grib file /gfs/dk22/modoper/tempo/global/oens/produtos/recortes/dataout/t126l28/PRECSC20111010122011102512.T126L28.grb on 07Z13OCT2011
lats4d: writing to grads_grib file /gfs/dk22/modoper/tempo/global/oens/produtos/recortes/dataout/t126l28/PRECSC20111010122011102512.T126L28.grb on 08Z13OCT2011
lats4d: writing to grads_grib file /gfs/dk22/modoper/tempo/global/oens/produtos/recortes/dataout/t126l28/PRECSC20111010122011102512.T126L28.grb on 09Z13OCT2011
lats4d: writing to grads_grib file /gfs/dk22/modoper/tempo/global/oens/produtos/recortes/dataout/t126l28/PRECSC20111010122011102512.T126L28.grb on 10Z13OCT2011
lats4d: writing to grads_grib file /gfs/dk22/modoper/tempo/global/oens/produtos/recortes/dataout/t126l28/PRECSC20111010122011102512.T126L28.grb on 11Z13OCT2011
lats4d: writing to grads_grib file /gfs/dk22/modoper/tempo/global/oens/produtos/recortes/dataout/t126l28/PRECSC20111010122011102512.T126L28.grb on 12Z13OCT2011
lats4d: writing to grads_grib file /gfs/dk22/modoper/tempo/global/oens/produtos/recortes/dataout/t126l28/PRECSC20111010122011102512.T126L28.grb on 13Z13OCT2011
lats4d: writing to grads_grib file /gfs/dk22/modoper/tempo/global/oens/produtos/recortes/dataout/t126l28/PRECSC20111010122011102512.T126L28.grb on 14Z13OCT2011
lats4d: writing to grads_grib file /gfs/dk22/modoper/tempo/global/oens/produtos/recortes/dataout/t126l28/PRECSC20111010122011102512.T126L28.grb on 15Z13OCT2011
lats4d: writing to grads_grib file /gfs/dk22/modoper/tempo/global/oens/produtos/recortes/dataout/t126l28/PRECSC20111010122011102512.T126L28.grb on 16Z13OCT2011
lats4d: writing to grads_grib file /gfs/dk22/modoper/tempo/global/oens/produtos/recortes/dataout/t126l28/PRECSC20111010122011102512.T126L28.grb on 17Z13OCT2011
lats4d: writing to grads_grib file /gfs/dk22/modoper/tempo/global/oens/produtos/recortes/dataout/t126l28/PRECSC20111010122011102512.T126L28.grb on 18Z13OCT2011
lats4d: writing to grads_grib file /gfs/dk22/modoper/tempo/global/oens/produtos/recortes/dataout/t126l28/PRECSC20111010122011102512.T126L28.grb on 19Z13OCT2011
lats4d: writing to grads_grib file /gfs/dk22/modoper/tempo/global/oens/produtos/recortes/dataout/t126l28/PRECSC20111010122011102512.T126L28.grb on 20Z13OCT2011
lats4d: writing to grads_grib file /gfs/dk22/modoper/tempo/global/oens/produtos/recortes/dataout/t126l28/PRECSC20111010122011102512.T126L28.grb on 21Z13OCT2011
lats4d: writing to grads_grib file /gfs/dk22/modoper/tempo/global/oens/produtos/recortes/dataout/t126l28/PRECSC20111010122011102512.T126L28.grb on 22Z13OCT2011
lats4d: writing to grads_grib file /gfs/dk22/modoper/tempo/global/oens/produtos/recortes/dataout/t126l28/PRECSC20111010122011102512.T126L28.grb on 23Z13OCT2011
lats4d: writing to grads_grib file /gfs/dk22/modoper/tempo/global/oens/produtos/recortes/dataout/t126l28/PRECSC20111010122011102512.T126L28.grb on 00Z14OCT2011
lats4d: writing to grads_grib file /gfs/dk22/modoper/tempo/global/oens/produtos/recortes/dataout/t126l28/PRECSC20111010122011102512.T126L28.grb on 01Z14OCT2011
lats4d: writing to grads_grib file /gfs/dk22/modoper/tempo/global/oens/produtos/recortes/dataout/t126l28/PRECSC20111010122011102512.T126L28.grb on 02Z14OCT2011
lats4d: writing to grads_grib file /gfs/dk22/modoper/tempo/global/oens/produtos/recortes/dataout/t126l28/PRECSC20111010122011102512.T126L28.grb on 03Z14OCT2011
lats4d: writing to grads_grib file /gfs/dk22/modoper/tempo/global/oens/produtos/recortes/dataout/t126l28/PRECSC20111010122011102512.T126L28.grb on 04Z14OCT2011
lats4d: writing to grads_grib file /gfs/dk22/modoper/tempo/global/oens/produtos/recortes/dataout/t126l28/PRECSC20111010122011102512.T126L28.grb on 05Z14OCT2011
lats4d: writing to grads_grib file /gfs/dk22/modoper/tempo/global/oens/produtos/recortes/dataout/t126l28/PRECSC20111010122011102512.T126L28.grb on 06Z14OCT2011
lats4d: writing to grads_grib file /gfs/dk22/modoper/tempo/global/oens/produtos/recortes/dataout/t126l28/PRECSC20111010122011102512.T126L28.grb on 07Z14OCT2011
lats4d: writing to grads_grib file /gfs/dk22/modoper/tempo/global/oens/produtos/recortes/dataout/t126l28/PRECSC20111010122011102512.T126L28.grb on 08Z14OCT2011
lats4d: writing to grads_grib file /gfs/dk22/modoper/tempo/global/oens/produtos/recortes/dataout/t126l28/PRECSC20111010122011102512.T126L28.grb on 09Z14OCT2011
lats4d: writing to grads_grib file /gfs/dk22/modoper/tempo/global/oens/produtos/recortes/dataout/t126l28/PRECSC20111010122011102512.T126L28.grb on 10Z14OCT2011
lats4d: writing to grads_grib file /gfs/dk22/modoper/tempo/global/oens/produtos/recortes/dataout/t126l28/PRECSC20111010122011102512.T126L28.grb on 11Z14OCT2011
lats4d: writing to grads_grib file /gfs/dk22/modoper/tempo/global/oens/produtos/recortes/dataout/t126l28/PRECSC20111010122011102512.T126L28.grb on 12Z14OCT2011
lats4d: writing to grads_grib file /gfs/dk22/modoper/tempo/global/oens/produtos/recortes/dataout/t126l28/PRECSC20111010122011102512.T126L28.grb on 13Z14OCT2011
lats4d: writing to grads_grib file /gfs/dk22/modoper/tempo/global/oens/produtos/recortes/dataout/t126l28/PRECSC20111010122011102512.T126L28.grb on 14Z14OCT2011
lats4d: writing to grads_grib file /gfs/dk22/modoper/tempo/global/oens/produtos/recortes/dataout/t126l28/PRECSC20111010122011102512.T126L28.grb on 15Z14OCT2011
lats4d: writing to grads_grib file /gfs/dk22/modoper/tempo/global/oens/produtos/recortes/dataout/t126l28/PRECSC20111010122011102512.T126L28.grb on 16Z14OCT2011
lats4d: writing to grads_grib file /gfs/dk22/modoper/tempo/global/oens/produtos/recortes/dataout/t126l28/PRECSC20111010122011102512.T126L28.grb on 17Z14OCT2011
lats4d: writing to grads_grib file /gfs/dk22/modoper/tempo/global/oens/produtos/recortes/dataout/t126l28/PRECSC20111010122011102512.T126L28.grb on 18Z14OCT2011
lats4d: writing to grads_grib file /gfs/dk22/modoper/tempo/global/oens/produtos/recortes/dataout/t126l28/PRECSC20111010122011102512.T126L28.grb on 19Z14OCT2011
lats4d: writing to grads_grib file /gfs/dk22/modoper/tempo/global/oens/produtos/recortes/dataout/t126l28/PRECSC20111010122011102512.T126L28.grb on 20Z14OCT2011
lats4d: writing to grads_grib file /gfs/dk22/modoper/tempo/global/oens/produtos/recortes/dataout/t126l28/PRECSC20111010122011102512.T126L28.grb on 21Z14OCT2011
lats4d: writing to grads_grib file /gfs/dk22/modoper/tempo/global/oens/produtos/recortes/dataout/t126l28/PRECSC20111010122011102512.T126L28.grb on 22Z14OCT2011
lats4d: writing to grads_grib file /gfs/dk22/modoper/tempo/global/oens/produtos/recortes/dataout/t126l28/PRECSC20111010122011102512.T126L28.grb on 23Z14OCT2011
lats4d: writing to grads_grib file /gfs/dk22/modoper/tempo/global/oens/produtos/recortes/dataout/t126l28/PRECSC20111010122011102512.T126L28.grb on 00Z15OCT2011
lats4d: writing to grads_grib file /gfs/dk22/modoper/tempo/global/oens/produtos/recortes/dataout/t126l28/PRECSC20111010122011102512.T126L28.grb on 01Z15OCT2011
lats4d: writing to grads_grib file /gfs/dk22/modoper/tempo/global/oens/produtos/recortes/dataout/t126l28/PRECSC20111010122011102512.T126L28.grb on 02Z15OCT2011
lats4d: writing to grads_grib file /gfs/dk22/modoper/tempo/global/oens/produtos/recortes/dataout/t126l28/PRECSC20111010122011102512.T126L28.grb on 03Z15OCT2011
lats4d: writing to grads_grib file /gfs/dk22/modoper/tempo/global/oens/produtos/recortes/dataout/t126l28/PRECSC20111010122011102512.T126L28.grb on 04Z15OCT2011
lats4d: writing to grads_grib file /gfs/dk22/modoper/tempo/global/oens/produtos/recortes/dataout/t126l28/PRECSC20111010122011102512.T126L28.grb on 05Z15OCT2011
lats4d: writing to grads_grib file /gfs/dk22/modoper/tempo/global/oens/produtos/recortes/dataout/t126l28/PRECSC20111010122011102512.T126L28.grb on 06Z15OCT2011
lats4d: writing to grads_grib file /gfs/dk22/modoper/tempo/global/oens/produtos/recortes/dataout/t126l28/PRECSC20111010122011102512.T126L28.grb on 07Z15OCT2011
lats4d: writing to grads_grib file /gfs/dk22/modoper/tempo/global/oens/produtos/recortes/dataout/t126l28/PRECSC20111010122011102512.T126L28.grb on 08Z15OCT2011
lats4d: writing to grads_grib file /gfs/dk22/modoper/tempo/global/oens/produtos/recortes/dataout/t126l28/PRECSC20111010122011102512.T126L28.grb on 09Z15OCT2011
lats4d: writing to grads_grib file /gfs/dk22/modoper/tempo/global/oens/produtos/recortes/dataout/t126l28/PRECSC20111010122011102512.T126L28.grb on 10Z15OCT2011
lats4d: writing to grads_grib file /gfs/dk22/modoper/tempo/global/oens/produtos/recortes/dataout/t126l28/PRECSC20111010122011102512.T126L28.grb on 11Z15OCT2011
lats4d: writing to grads_grib file /gfs/dk22/modoper/tempo/global/oens/produtos/recortes/dataout/t126l28/PRECSC20111010122011102512.T126L28.grb on 12Z15OCT2011
lats4d: writing to grads_grib file /gfs/dk22/modoper/tempo/global/oens/produtos/recortes/dataout/t126l28/PRECSC20111010122011102512.T126L28.grb on 13Z15OCT2011
lats4d: writing to grads_grib file /gfs/dk22/modoper/tempo/global/oens/produtos/recortes/dataout/t126l28/PRECSC20111010122011102512.T126L28.grb on 14Z15OCT2011
lats4d: writing to grads_grib file /gfs/dk22/modoper/tempo/global/oens/produtos/recortes/dataout/t126l28/PRECSC20111010122011102512.T126L28.grb on 15Z15OCT2011
lats4d: writing to grads_grib file /gfs/dk22/modoper/tempo/global/oens/produtos/recortes/dataout/t126l28/PRECSC20111010122011102512.T126L28.grb on 16Z15OCT2011
lats4d: writing to grads_grib file /gfs/dk22/modoper/tempo/global/oens/produtos/recortes/dataout/t126l28/PRECSC20111010122011102512.T126L28.grb on 17Z15OCT2011
lats4d: writing to grads_grib file /gfs/dk22/modoper/tempo/global/oens/produtos/recortes/dataout/t126l28/PRECSC20111010122011102512.T126L28.grb on 18Z15OCT2011
lats4d: writing to grads_grib file /gfs/dk22/modoper/tempo/global/oens/produtos/recortes/dataout/t126l28/PRECSC20111010122011102512.T126L28.grb on 19Z15OCT2011
lats4d: writing to grads_grib file /gfs/dk22/modoper/tempo/global/oens/produtos/recortes/dataout/t126l28/PRECSC20111010122011102512.T126L28.grb on 20Z15OCT2011
lats4d: writing to grads_grib file /gfs/dk22/modoper/tempo/global/oens/produtos/recortes/dataout/t126l28/PRECSC20111010122011102512.T126L28.grb on 21Z15OCT2011
lats4d: writing to grads_grib file /gfs/dk22/modoper/tempo/global/oens/produtos/recortes/dataout/t126l28/PRECSC20111010122011102512.T126L28.grb on 22Z15OCT2011
lats4d: writing to grads_grib file /gfs/dk22/modoper/tempo/global/oens/produtos/recortes/dataout/t126l28/PRECSC20111010122011102512.T126L28.grb on 23Z15OCT2011
lats4d: writing to grads_grib file /gfs/dk22/modoper/tempo/global/oens/produtos/recortes/dataout/t126l28/PRECSC20111010122011102512.T126L28.grb on 00Z16OCT2011
lats4d: writing to grads_grib file /gfs/dk22/modoper/tempo/global/oens/produtos/recortes/dataout/t126l28/PRECSC20111010122011102512.T126L28.grb on 01Z16OCT2011
lats4d: writing to grads_grib file /gfs/dk22/modoper/tempo/global/oens/produtos/recortes/dataout/t126l28/PRECSC20111010122011102512.T126L28.grb on 02Z16OCT2011
lats4d: writing to grads_grib file /gfs/dk22/modoper/tempo/global/oens/produtos/recortes/dataout/t126l28/PRECSC20111010122011102512.T126L28.grb on 03Z16OCT2011
lats4d: writing to grads_grib file /gfs/dk22/modoper/tempo/global/oens/produtos/recortes/dataout/t126l28/PRECSC20111010122011102512.T126L28.grb on 04Z16OCT2011
lats4d: writing to grads_grib file /gfs/dk22/modoper/tempo/global/oens/produtos/recortes/dataout/t126l28/PRECSC20111010122011102512.T126L28.grb on 05Z16OCT2011
lats4d: writing to grads_grib file /gfs/dk22/modoper/tempo/global/oens/produtos/recortes/dataout/t126l28/PRECSC20111010122011102512.T126L28.grb on 06Z16OCT2011
lats4d: writing to grads_grib file /gfs/dk22/modoper/tempo/global/oens/produtos/recortes/dataout/t126l28/PRECSC20111010122011102512.T126L28.grb on 07Z16OCT2011
lats4d: writing to grads_grib file /gfs/dk22/modoper/tempo/global/oens/produtos/recortes/dataout/t126l28/PRECSC20111010122011102512.T126L28.grb on 08Z16OCT2011
lats4d: writing to grads_grib file /gfs/dk22/modoper/tempo/global/oens/produtos/recortes/dataout/t126l28/PRECSC20111010122011102512.T126L28.grb on 09Z16OCT2011
lats4d: writing to grads_grib file /gfs/dk22/modoper/tempo/global/oens/produtos/recortes/dataout/t126l28/PRECSC20111010122011102512.T126L28.grb on 10Z16OCT2011
lats4d: writing to grads_grib file /gfs/dk22/modoper/tempo/global/oens/produtos/recortes/dataout/t126l28/PRECSC20111010122011102512.T126L28.grb on 11Z16OCT2011
lats4d: writing to grads_grib file /gfs/dk22/modoper/tempo/global/oens/produtos/recortes/dataout/t126l28/PRECSC20111010122011102512.T126L28.grb on 12Z16OCT2011
lats4d: writing to grads_grib file /gfs/dk22/modoper/tempo/global/oens/produtos/recortes/dataout/t126l28/PRECSC20111010122011102512.T126L28.grb on 13Z16OCT2011
lats4d: writing to grads_grib file /gfs/dk22/modoper/tempo/global/oens/produtos/recortes/dataout/t126l28/PRECSC20111010122011102512.T126L28.grb on 14Z16OCT2011
lats4d: writing to grads_grib file /gfs/dk22/modoper/tempo/global/oens/produtos/recortes/dataout/t126l28/PRECSC20111010122011102512.T126L28.grb on 15Z16OCT2011
lats4d: writing to grads_grib file /gfs/dk22/modoper/tempo/global/oens/produtos/recortes/dataout/t126l28/PRECSC20111010122011102512.T126L28.grb on 16Z16OCT2011
lats4d: writing to grads_grib file /gfs/dk22/modoper/tempo/global/oens/produtos/recortes/dataout/t126l28/PRECSC20111010122011102512.T126L28.grb on 17Z16OCT2011
lats4d: writing to grads_grib file /gfs/dk22/modoper/tempo/global/oens/produtos/recortes/dataout/t126l28/PRECSC20111010122011102512.T126L28.grb on 18Z16OCT2011
lats4d: writing to grads_grib file /gfs/dk22/modoper/tempo/global/oens/produtos/recortes/dataout/t126l28/PRECSC20111010122011102512.T126L28.grb on 19Z16OCT2011
lats4d: writing to grads_grib file /gfs/dk22/modoper/tempo/global/oens/produtos/recortes/dataout/t126l28/PRECSC20111010122011102512.T126L28.grb on 20Z16OCT2011
lats4d: writing to grads_grib file /gfs/dk22/modoper/tempo/global/oens/produtos/recortes/dataout/t126l28/PRECSC20111010122011102512.T126L28.grb on 21Z16OCT2011
lats4d: writing to grads_grib file /gfs/dk22/modoper/tempo/global/oens/produtos/recortes/dataout/t126l28/PRECSC20111010122011102512.T126L28.grb on 22Z16OCT2011
lats4d: writing to grads_grib file /gfs/dk22/modoper/tempo/global/oens/produtos/recortes/dataout/t126l28/PRECSC20111010122011102512.T126L28.grb on 23Z16OCT2011
lats4d: writing to grads_grib file /gfs/dk22/modoper/tempo/global/oens/produtos/recortes/dataout/t126l28/PRECSC20111010122011102512.T126L28.grb on 00Z17OCT2011
lats4d: writing to grads_grib file /gfs/dk22/modoper/tempo/global/oens/produtos/recortes/dataout/t126l28/PRECSC20111010122011102512.T126L28.grb on 01Z17OCT2011
lats4d: writing to grads_grib file /gfs/dk22/modoper/tempo/global/oens/produtos/recortes/dataout/t126l28/PRECSC20111010122011102512.T126L28.grb on 02Z17OCT2011
lats4d: writing to grads_grib file /gfs/dk22/modoper/tempo/global/oens/produtos/recortes/dataout/t126l28/PRECSC20111010122011102512.T126L28.grb on 03Z17OCT2011
lats4d: writing to grads_grib file /gfs/dk22/modoper/tempo/global/oens/produtos/recortes/dataout/t126l28/PRECSC20111010122011102512.T126L28.grb on 04Z17OCT2011
lats4d: writing to grads_grib file /gfs/dk22/modoper/tempo/global/oens/produtos/recortes/dataout/t126l28/PRECSC20111010122011102512.T126L28.grb on 05Z17OCT2011
lats4d: writing to grads_grib file /gfs/dk22/modoper/tempo/global/oens/produtos/recortes/dataout/t126l28/PRECSC20111010122011102512.T126L28.grb on 06Z17OCT2011
lats4d: writing to grads_grib file /gfs/dk22/modoper/tempo/global/oens/produtos/recortes/dataout/t126l28/PRECSC20111010122011102512.T126L28.grb on 07Z17OCT2011
lats4d: writing to grads_grib file /gfs/dk22/modoper/tempo/global/oens/produtos/recortes/dataout/t126l28/PRECSC20111010122011102512.T126L28.grb on 08Z17OCT2011
lats4d: writing to grads_grib file /gfs/dk22/modoper/tempo/global/oens/produtos/recortes/dataout/t126l28/PRECSC20111010122011102512.T126L28.grb on 09Z17OCT2011
lats4d: writing to grads_grib file /gfs/dk22/modoper/tempo/global/oens/produtos/recortes/dataout/t126l28/PRECSC20111010122011102512.T126L28.grb on 10Z17OCT2011
lats4d: writing to grads_grib file /gfs/dk22/modoper/tempo/global/oens/produtos/recortes/dataout/t126l28/PRECSC20111010122011102512.T126L28.grb on 11Z17OCT2011
lats4d: writing to grads_grib file /gfs/dk22/modoper/tempo/global/oens/produtos/recortes/dataout/t126l28/PRECSC20111010122011102512.T126L28.grb on 12Z17OCT2011
lats4d: writing to grads_grib file /gfs/dk22/modoper/tempo/global/oens/produtos/recortes/dataout/t126l28/PRECSC20111010122011102512.T126L28.grb on 13Z17OCT2011
lats4d: writing to grads_grib file /gfs/dk22/modoper/tempo/global/oens/produtos/recortes/dataout/t126l28/PRECSC20111010122011102512.T126L28.grb on 14Z17OCT2011
lats4d: writing to grads_grib file /gfs/dk22/modoper/tempo/global/oens/produtos/recortes/dataout/t126l28/PRECSC20111010122011102512.T126L28.grb on 15Z17OCT2011
lats4d: writing to grads_grib file /gfs/dk22/modoper/tempo/global/oens/produtos/recortes/dataout/t126l28/PRECSC20111010122011102512.T126L28.grb on 16Z17OCT2011
lats4d: writing to grads_grib file /gfs/dk22/modoper/tempo/global/oens/produtos/recortes/dataout/t126l28/PRECSC20111010122011102512.T126L28.grb on 17Z17OCT2011
lats4d: writing to grads_grib file /gfs/dk22/modoper/tempo/global/oens/produtos/recortes/dataout/t126l28/PRECSC20111010122011102512.T126L28.grb on 18Z17OCT2011
lats4d: writing to grads_grib file /gfs/dk22/modoper/tempo/global/oens/produtos/recortes/dataout/t126l28/PRECSC20111010122011102512.T126L28.grb on 19Z17OCT2011
lats4d: writing to grads_grib file /gfs/dk22/modoper/tempo/global/oens/produtos/recortes/dataout/t126l28/PRECSC20111010122011102512.T126L28.grb on 20Z17OCT2011
lats4d: writing to grads_grib file /gfs/dk22/modoper/tempo/global/oens/produtos/recortes/dataout/t126l28/PRECSC20111010122011102512.T126L28.grb on 21Z17OCT2011
lats4d: writing to grads_grib file /gfs/dk22/modoper/tempo/global/oens/produtos/recortes/dataout/t126l28/PRECSC20111010122011102512.T126L28.grb on 22Z17OCT2011
lats4d: writing to grads_grib file /gfs/dk22/modoper/tempo/global/oens/produtos/recortes/dataout/t126l28/PRECSC20111010122011102512.T126L28.grb on 23Z17OCT2011
lats4d: writing to grads_grib file /gfs/dk22/modoper/tempo/global/oens/produtos/recortes/dataout/t126l28/PRECSC20111010122011102512.T126L28.grb on 00Z18OCT2011
lats4d: writing to grads_grib file /gfs/dk22/modoper/tempo/global/oens/produtos/recortes/dataout/t126l28/PRECSC20111010122011102512.T126L28.grb on 01Z18OCT2011
lats4d: writing to grads_grib file /gfs/dk22/modoper/tempo/global/oens/produtos/recortes/dataout/t126l28/PRECSC20111010122011102512.T126L28.grb on 02Z18OCT2011
lats4d: writing to grads_grib file /gfs/dk22/modoper/tempo/global/oens/produtos/recortes/dataout/t126l28/PRECSC20111010122011102512.T126L28.grb on 03Z18OCT2011
lats4d: writing to grads_grib file /gfs/dk22/modoper/tempo/global/oens/produtos/recortes/dataout/t126l28/PRECSC20111010122011102512.T126L28.grb on 04Z18OCT2011
lats4d: writing to grads_grib file /gfs/dk22/modoper/tempo/global/oens/produtos/recortes/dataout/t126l28/PRECSC20111010122011102512.T126L28.grb on 05Z18OCT2011
lats4d: writing to grads_grib file /gfs/dk22/modoper/tempo/global/oens/produtos/recortes/dataout/t126l28/PRECSC20111010122011102512.T126L28.grb on 06Z18OCT2011
lats4d: writing to grads_grib file /gfs/dk22/modoper/tempo/global/oens/produtos/recortes/dataout/t126l28/PRECSC20111010122011102512.T126L28.grb on 07Z18OCT2011
lats4d: writing to grads_grib file /gfs/dk22/modoper/tempo/global/oens/produtos/recortes/dataout/t126l28/PRECSC20111010122011102512.T126L28.grb on 08Z18OCT2011
lats4d: writing to grads_grib file /gfs/dk22/modoper/tempo/global/oens/produtos/recortes/dataout/t126l28/PRECSC20111010122011102512.T126L28.grb on 09Z18OCT2011
lats4d: writing to grads_grib file /gfs/dk22/modoper/tempo/global/oens/produtos/recortes/dataout/t126l28/PRECSC20111010122011102512.T126L28.grb on 10Z18OCT2011
lats4d: writing to grads_grib file /gfs/dk22/modoper/tempo/global/oens/produtos/recortes/dataout/t126l28/PRECSC20111010122011102512.T126L28.grb on 11Z18OCT2011
lats4d: writing to grads_grib file /gfs/dk22/modoper/tempo/global/oens/produtos/recortes/dataout/t126l28/PRECSC20111010122011102512.T126L28.grb on 12Z18OCT2011
lats4d: writing to grads_grib file /gfs/dk22/modoper/tempo/global/oens/produtos/recortes/dataout/t126l28/PRECSC20111010122011102512.T126L28.grb on 13Z18OCT2011
lats4d: writing to grads_grib file /gfs/dk22/modoper/tempo/global/oens/produtos/recortes/dataout/t126l28/PRECSC20111010122011102512.T126L28.grb on 14Z18OCT2011
lats4d: writing to grads_grib file /gfs/dk22/modoper/tempo/global/oens/produtos/recortes/dataout/t126l28/PRECSC20111010122011102512.T126L28.grb on 15Z18OCT2011
lats4d: writing to grads_grib file /gfs/dk22/modoper/tempo/global/oens/produtos/recortes/dataout/t126l28/PRECSC20111010122011102512.T126L28.grb on 16Z18OCT2011
lats4d: writing to grads_grib file /gfs/dk22/modoper/tempo/global/oens/produtos/recortes/dataout/t126l28/PRECSC20111010122011102512.T126L28.grb on 17Z18OCT2011
lats4d: writing to grads_grib file /gfs/dk22/modoper/tempo/global/oens/produtos/recortes/dataout/t126l28/PRECSC20111010122011102512.T126L28.grb on 18Z18OCT2011
lats4d: writing to grads_grib file /gfs/dk22/modoper/tempo/global/oens/produtos/recortes/dataout/t126l28/PRECSC20111010122011102512.T126L28.grb on 19Z18OCT2011
lats4d: writing to grads_grib file /gfs/dk22/modoper/tempo/global/oens/produtos/recortes/dataout/t126l28/PRECSC20111010122011102512.T126L28.grb on 20Z18OCT2011
lats4d: writing to grads_grib file /gfs/dk22/modoper/tempo/global/oens/produtos/recortes/dataout/t126l28/PRECSC20111010122011102512.T126L28.grb on 21Z18OCT2011
lats4d: writing to grads_grib file /gfs/dk22/modoper/tempo/global/oens/produtos/recortes/dataout/t126l28/PRECSC20111010122011102512.T126L28.grb on 22Z18OCT2011
lats4d: writing to grads_grib file /gfs/dk22/modoper/tempo/global/oens/produtos/recortes/dataout/t126l28/PRECSC20111010122011102512.T126L28.grb on 23Z18OCT2011
lats4d: writing to grads_grib file /gfs/dk22/modoper/tempo/global/oens/produtos/recortes/dataout/t126l28/PRECSC20111010122011102512.T126L28.grb on 00Z19OCT2011
lats4d: writing to grads_grib file /gfs/dk22/modoper/tempo/global/oens/produtos/recortes/dataout/t126l28/PRECSC20111010122011102512.T126L28.grb on 01Z19OCT2011
lats4d: writing to grads_grib file /gfs/dk22/modoper/tempo/global/oens/produtos/recortes/dataout/t126l28/PRECSC20111010122011102512.T126L28.grb on 02Z19OCT2011
lats4d: writing to grads_grib file /gfs/dk22/modoper/tempo/global/oens/produtos/recortes/dataout/t126l28/PRECSC20111010122011102512.T126L28.grb on 03Z19OCT2011
lats4d: writing to grads_grib file /gfs/dk22/modoper/tempo/global/oens/produtos/recortes/dataout/t126l28/PRECSC20111010122011102512.T126L28.grb on 04Z19OCT2011
lats4d: writing to grads_grib file /gfs/dk22/modoper/tempo/global/oens/produtos/recortes/dataout/t126l28/PRECSC20111010122011102512.T126L28.grb on 05Z19OCT2011
lats4d: writing to grads_grib file /gfs/dk22/modoper/tempo/global/oens/produtos/recortes/dataout/t126l28/PRECSC20111010122011102512.T126L28.grb on 06Z19OCT2011
lats4d: writing to grads_grib file /gfs/dk22/modoper/tempo/global/oens/produtos/recortes/dataout/t126l28/PRECSC20111010122011102512.T126L28.grb on 07Z19OCT2011
lats4d: writing to grads_grib file /gfs/dk22/modoper/tempo/global/oens/produtos/recortes/dataout/t126l28/PRECSC20111010122011102512.T126L28.grb on 08Z19OCT2011
lats4d: writing to grads_grib file /gfs/dk22/modoper/tempo/global/oens/produtos/recortes/dataout/t126l28/PRECSC20111010122011102512.T126L28.grb on 09Z19OCT2011
lats4d: writing to grads_grib file /gfs/dk22/modoper/tempo/global/oens/produtos/recortes/dataout/t126l28/PRECSC20111010122011102512.T126L28.grb on 10Z19OCT2011
lats4d: writing to grads_grib file /gfs/dk22/modoper/tempo/global/oens/produtos/recortes/dataout/t126l28/PRECSC20111010122011102512.T126L28.grb on 11Z19OCT2011
lats4d: writing to grads_grib file /gfs/dk22/modoper/tempo/global/oens/produtos/recortes/dataout/t126l28/PRECSC20111010122011102512.T126L28.grb on 12Z19OCT2011
lats4d: writing to grads_grib file /gfs/dk22/modoper/tempo/global/oens/produtos/recortes/dataout/t126l28/PRECSC20111010122011102512.T126L28.grb on 13Z19OCT2011
lats4d: writing to grads_grib file /gfs/dk22/modoper/tempo/global/oens/produtos/recortes/dataout/t126l28/PRECSC20111010122011102512.T126L28.grb on 14Z19OCT2011
lats4d: writing to grads_grib file /gfs/dk22/modoper/tempo/global/oens/produtos/recortes/dataout/t126l28/PRECSC20111010122011102512.T126L28.grb on 15Z19OCT2011
lats4d: writing to grads_grib file /gfs/dk22/modoper/tempo/global/oens/produtos/recortes/dataout/t126l28/PRECSC20111010122011102512.T126L28.grb on 16Z19OCT2011
lats4d: writing to grads_grib file /gfs/dk22/modoper/tempo/global/oens/produtos/recortes/dataout/t126l28/PRECSC20111010122011102512.T126L28.grb on 17Z19OCT2011
lats4d: writing to grads_grib file /gfs/dk22/modoper/tempo/global/oens/produtos/recortes/dataout/t126l28/PRECSC20111010122011102512.T126L28.grb on 18Z19OCT2011
lats4d: writing to grads_grib file /gfs/dk22/modoper/tempo/global/oens/produtos/recortes/dataout/t126l28/PRECSC20111010122011102512.T126L28.grb on 19Z19OCT2011
lats4d: writing to grads_grib file /gfs/dk22/modoper/tempo/global/oens/produtos/recortes/dataout/t126l28/PRECSC20111010122011102512.T126L28.grb on 20Z19OCT2011
lats4d: writing to grads_grib file /gfs/dk22/modoper/tempo/global/oens/produtos/recortes/dataout/t126l28/PRECSC20111010122011102512.T126L28.grb on 21Z19OCT2011
lats4d: writing to grads_grib file /gfs/dk22/modoper/tempo/global/oens/produtos/recortes/dataout/t126l28/PRECSC20111010122011102512.T126L28.grb on 22Z19OCT2011
lats4d: writing to grads_grib file /gfs/dk22/modoper/tempo/global/oens/produtos/recortes/dataout/t126l28/PRECSC20111010122011102512.T126L28.grb on 23Z19OCT2011
lats4d: writing to grads_grib file /gfs/dk22/modoper/tempo/global/oens/produtos/recortes/dataout/t126l28/PRECSC20111010122011102512.T126L28.grb on 00Z20OCT2011
lats4d: writing to grads_grib file /gfs/dk22/modoper/tempo/global/oens/produtos/recortes/dataout/t126l28/PRECSC20111010122011102512.T126L28.grb on 01Z20OCT2011
lats4d: writing to grads_grib file /gfs/dk22/modoper/tempo/global/oens/produtos/recortes/dataout/t126l28/PRECSC20111010122011102512.T126L28.grb on 02Z20OCT2011
lats4d: writing to grads_grib file /gfs/dk22/modoper/tempo/global/oens/produtos/recortes/dataout/t126l28/PRECSC20111010122011102512.T126L28.grb on 03Z20OCT2011
lats4d: writing to grads_grib file /gfs/dk22/modoper/tempo/global/oens/produtos/recortes/dataout/t126l28/PRECSC20111010122011102512.T126L28.grb on 04Z20OCT2011
lats4d: writing to grads_grib file /gfs/dk22/modoper/tempo/global/oens/produtos/recortes/dataout/t126l28/PRECSC20111010122011102512.T126L28.grb on 05Z20OCT2011
lats4d: writing to grads_grib file /gfs/dk22/modoper/tempo/global/oens/produtos/recortes/dataout/t126l28/PRECSC20111010122011102512.T126L28.grb on 06Z20OCT2011
lats4d: writing to grads_grib file /gfs/dk22/modoper/tempo/global/oens/produtos/recortes/dataout/t126l28/PRECSC20111010122011102512.T126L28.grb on 07Z20OCT2011
lats4d: writing to grads_grib file /gfs/dk22/modoper/tempo/global/oens/produtos/recortes/dataout/t126l28/PRECSC20111010122011102512.T126L28.grb on 08Z20OCT2011
lats4d: writing to grads_grib file /gfs/dk22/modoper/tempo/global/oens/produtos/recortes/dataout/t126l28/PRECSC20111010122011102512.T126L28.grb on 09Z20OCT2011
lats4d: writing to grads_grib file /gfs/dk22/modoper/tempo/global/oens/produtos/recortes/dataout/t126l28/PRECSC20111010122011102512.T126L28.grb on 10Z20OCT2011
lats4d: writing to grads_grib file /gfs/dk22/modoper/tempo/global/oens/produtos/recortes/dataout/t126l28/PRECSC20111010122011102512.T126L28.grb on 11Z20OCT2011
lats4d: writing to grads_grib file /gfs/dk22/modoper/tempo/global/oens/produtos/recortes/dataout/t126l28/PRECSC20111010122011102512.T126L28.grb on 12Z20OCT2011
lats4d: writing to grads_grib file /gfs/dk22/modoper/tempo/global/oens/produtos/recortes/dataout/t126l28/PRECSC20111010122011102512.T126L28.grb on 13Z20OCT2011
lats4d: writing to grads_grib file /gfs/dk22/modoper/tempo/global/oens/produtos/recortes/dataout/t126l28/PRECSC20111010122011102512.T126L28.grb on 14Z20OCT2011
lats4d: writing to grads_grib file /gfs/dk22/modoper/tempo/global/oens/produtos/recortes/dataout/t126l28/PRECSC20111010122011102512.T126L28.grb on 15Z20OCT2011
lats4d: writing to grads_grib file /gfs/dk22/modoper/tempo/global/oens/produtos/recortes/dataout/t126l28/PRECSC20111010122011102512.T126L28.grb on 16Z20OCT2011
lats4d: writing to grads_grib file /gfs/dk22/modoper/tempo/global/oens/produtos/recortes/dataout/t126l28/PRECSC20111010122011102512.T126L28.grb on 17Z20OCT2011
lats4d: writing to grads_grib file /gfs/dk22/modoper/tempo/global/oens/produtos/recortes/dataout/t126l28/PRECSC20111010122011102512.T126L28.grb on 18Z20OCT2011
lats4d: writing to grads_grib file /gfs/dk22/modoper/tempo/global/oens/produtos/recortes/dataout/t126l28/PRECSC20111010122011102512.T126L28.grb on 19Z20OCT2011
lats4d: writing to grads_grib file /gfs/dk22/modoper/tempo/global/oens/produtos/recortes/dataout/t126l28/PRECSC20111010122011102512.T126L28.grb on 20Z20OCT2011
lats4d: writing to grads_grib file /gfs/dk22/modoper/tempo/global/oens/produtos/recortes/dataout/t126l28/PRECSC20111010122011102512.T126L28.grb on 21Z20OCT2011
lats4d: writing to grads_grib file /gfs/dk22/modoper/tempo/global/oens/produtos/recortes/dataout/t126l28/PRECSC20111010122011102512.T126L28.grb on 22Z20OCT2011
lats4d: writing to grads_grib file /gfs/dk22/modoper/tempo/global/oens/produtos/recortes/dataout/t126l28/PRECSC20111010122011102512.T126L28.grb on 23Z20OCT2011
lats4d: writing to grads_grib file /gfs/dk22/modoper/tempo/global/oens/produtos/recortes/dataout/t126l28/PRECSC20111010122011102512.T126L28.grb on 00Z21OCT2011
lats4d: writing to grads_grib file /gfs/dk22/modoper/tempo/global/oens/produtos/recortes/dataout/t126l28/PRECSC20111010122011102512.T126L28.grb on 01Z21OCT2011
lats4d: writing to grads_grib file /gfs/dk22/modoper/tempo/global/oens/produtos/recortes/dataout/t126l28/PRECSC20111010122011102512.T126L28.grb on 02Z21OCT2011
lats4d: writing to grads_grib file /gfs/dk22/modoper/tempo/global/oens/produtos/recortes/dataout/t126l28/PRECSC20111010122011102512.T126L28.grb on 03Z21OCT2011
lats4d: writing to grads_grib file /gfs/dk22/modoper/tempo/global/oens/produtos/recortes/dataout/t126l28/PRECSC20111010122011102512.T126L28.grb on 04Z21OCT2011
lats4d: writing to grads_grib file /gfs/dk22/modoper/tempo/global/oens/produtos/recortes/dataout/t126l28/PRECSC20111010122011102512.T126L28.grb on 05Z21OCT2011
lats4d: writing to grads_grib file /gfs/dk22/modoper/tempo/global/oens/produtos/recortes/dataout/t126l28/PRECSC20111010122011102512.T126L28.grb on 06Z21OCT2011
lats4d: writing to grads_grib file /gfs/dk22/modoper/tempo/global/oens/produtos/recortes/dataout/t126l28/PRECSC20111010122011102512.T126L28.grb on 07Z21OCT2011
lats4d: writing to grads_grib file /gfs/dk22/modoper/tempo/global/oens/produtos/recortes/dataout/t126l28/PRECSC20111010122011102512.T126L28.grb on 08Z21OCT2011
lats4d: writing to grads_grib file /gfs/dk22/modoper/tempo/global/oens/produtos/recortes/dataout/t126l28/PRECSC20111010122011102512.T126L28.grb on 09Z21OCT2011
lats4d: writing to grads_grib file /gfs/dk22/modoper/tempo/global/oens/produtos/recortes/dataout/t126l28/PRECSC20111010122011102512.T126L28.grb on 10Z21OCT2011
lats4d: writing to grads_grib file /gfs/dk22/modoper/tempo/global/oens/produtos/recortes/dataout/t126l28/PRECSC20111010122011102512.T126L28.grb on 11Z21OCT2011
lats4d: writing to grads_grib file /gfs/dk22/modoper/tempo/global/oens/produtos/recortes/dataout/t126l28/PRECSC20111010122011102512.T126L28.grb on 12Z21OCT2011
lats4d: writing to grads_grib file /gfs/dk22/modoper/tempo/global/oens/produtos/recortes/dataout/t126l28/PRECSC20111010122011102512.T126L28.grb on 13Z21OCT2011
lats4d: writing to grads_grib file /gfs/dk22/modoper/tempo/global/oens/produtos/recortes/dataout/t126l28/PRECSC20111010122011102512.T126L28.grb on 14Z21OCT2011
lats4d: writing to grads_grib file /gfs/dk22/modoper/tempo/global/oens/produtos/recortes/dataout/t126l28/PRECSC20111010122011102512.T126L28.grb on 15Z21OCT2011
lats4d: writing to grads_grib file /gfs/dk22/modoper/tempo/global/oens/produtos/recortes/dataout/t126l28/PRECSC20111010122011102512.T126L28.grb on 16Z21OCT2011
lats4d: writing to grads_grib file /gfs/dk22/modoper/tempo/global/oens/produtos/recortes/dataout/t126l28/PRECSC20111010122011102512.T126L28.grb on 17Z21OCT2011
lats4d: writing to grads_grib file /gfs/dk22/modoper/tempo/global/oens/produtos/recortes/dataout/t126l28/PRECSC20111010122011102512.T126L28.grb on 18Z21OCT2011
lats4d: writing to grads_grib file /gfs/dk22/modoper/tempo/global/oens/produtos/recortes/dataout/t126l28/PRECSC20111010122011102512.T126L28.grb on 19Z21OCT2011
lats4d: writing to grads_grib file /gfs/dk22/modoper/tempo/global/oens/produtos/recortes/dataout/t126l28/PRECSC20111010122011102512.T126L28.grb on 20Z21OCT2011
lats4d: writing to grads_grib file /gfs/dk22/modoper/tempo/global/oens/produtos/recortes/dataout/t126l28/PRECSC20111010122011102512.T126L28.grb on 21Z21OCT2011
lats4d: writing to grads_grib file /gfs/dk22/modoper/tempo/global/oens/produtos/recortes/dataout/t126l28/PRECSC20111010122011102512.T126L28.grb on 22Z21OCT2011
lats4d: writing to grads_grib file /gfs/dk22/modoper/tempo/global/oens/produtos/recortes/dataout/t126l28/PRECSC20111010122011102512.T126L28.grb on 23Z21OCT2011
lats4d: writing to grads_grib file /gfs/dk22/modoper/tempo/global/oens/produtos/recortes/dataout/t126l28/PRECSC20111010122011102512.T126L28.grb on 00Z22OCT2011
lats4d: writing to grads_grib file /gfs/dk22/modoper/tempo/global/oens/produtos/recortes/dataout/t126l28/PRECSC20111010122011102512.T126L28.grb on 01Z22OCT2011
lats4d: writing to grads_grib file /gfs/dk22/modoper/tempo/global/oens/produtos/recortes/dataout/t126l28/PRECSC20111010122011102512.T126L28.grb on 02Z22OCT2011
lats4d: writing to grads_grib file /gfs/dk22/modoper/tempo/global/oens/produtos/recortes/dataout/t126l28/PRECSC20111010122011102512.T126L28.grb on 03Z22OCT2011
lats4d: writing to grads_grib file /gfs/dk22/modoper/tempo/global/oens/produtos/recortes/dataout/t126l28/PRECSC20111010122011102512.T126L28.grb on 04Z22OCT2011
lats4d: writing to grads_grib file /gfs/dk22/modoper/tempo/global/oens/produtos/recortes/dataout/t126l28/PRECSC20111010122011102512.T126L28.grb on 05Z22OCT2011
lats4d: writing to grads_grib file /gfs/dk22/modoper/tempo/global/oens/produtos/recortes/dataout/t126l28/PRECSC20111010122011102512.T126L28.grb on 06Z22OCT2011
lats4d: writing to grads_grib file /gfs/dk22/modoper/tempo/global/oens/produtos/recortes/dataout/t126l28/PRECSC20111010122011102512.T126L28.grb on 07Z22OCT2011
lats4d: writing to grads_grib file /gfs/dk22/modoper/tempo/global/oens/produtos/recortes/dataout/t126l28/PRECSC20111010122011102512.T126L28.grb on 08Z22OCT2011
lats4d: writing to grads_grib file /gfs/dk22/modoper/tempo/global/oens/produtos/recortes/dataout/t126l28/PRECSC20111010122011102512.T126L28.grb on 09Z22OCT2011
lats4d: writing to grads_grib file /gfs/dk22/modoper/tempo/global/oens/produtos/recortes/dataout/t126l28/PRECSC20111010122011102512.T126L28.grb on 10Z22OCT2011
lats4d: writing to grads_grib file /gfs/dk22/modoper/tempo/global/oens/produtos/recortes/dataout/t126l28/PRECSC20111010122011102512.T126L28.grb on 11Z22OCT2011
lats4d: writing to grads_grib file /gfs/dk22/modoper/tempo/global/oens/produtos/recortes/dataout/t126l28/PRECSC20111010122011102512.T126L28.grb on 12Z22OCT2011
lats4d: writing to grads_grib file /gfs/dk22/modoper/tempo/global/oens/produtos/recortes/dataout/t126l28/PRECSC20111010122011102512.T126L28.grb on 13Z22OCT2011
lats4d: writing to grads_grib file /gfs/dk22/modoper/tempo/global/oens/produtos/recortes/dataout/t126l28/PRECSC20111010122011102512.T126L28.grb on 14Z22OCT2011
lats4d: writing to grads_grib file /gfs/dk22/modoper/tempo/global/oens/produtos/recortes/dataout/t126l28/PRECSC20111010122011102512.T126L28.grb on 15Z22OCT2011
lats4d: writing to grads_grib file /gfs/dk22/modoper/tempo/global/oens/produtos/recortes/dataout/t126l28/PRECSC20111010122011102512.T126L28.grb on 16Z22OCT2011
lats4d: writing to grads_grib file /gfs/dk22/modoper/tempo/global/oens/produtos/recortes/dataout/t126l28/PRECSC20111010122011102512.T126L28.grb on 17Z22OCT2011
lats4d: writing to grads_grib file /gfs/dk22/modoper/tempo/global/oens/produtos/recortes/dataout/t126l28/PRECSC20111010122011102512.T126L28.grb on 18Z22OCT2011
lats4d: writing to grads_grib file /gfs/dk22/modoper/tempo/global/oens/produtos/recortes/dataout/t126l28/PRECSC20111010122011102512.T126L28.grb on 19Z22OCT2011
lats4d: writing to grads_grib file /gfs/dk22/modoper/tempo/global/oens/produtos/recortes/dataout/t126l28/PRECSC20111010122011102512.T126L28.grb on 20Z22OCT2011
lats4d: writing to grads_grib file /gfs/dk22/modoper/tempo/global/oens/produtos/recortes/dataout/t126l28/PRECSC20111010122011102512.T126L28.grb on 21Z22OCT2011
lats4d: writing to grads_grib file /gfs/dk22/modoper/tempo/global/oens/produtos/recortes/dataout/t126l28/PRECSC20111010122011102512.T126L28.grb on 22Z22OCT2011
lats4d: writing to grads_grib file /gfs/dk22/modoper/tempo/global/oens/produtos/recortes/dataout/t126l28/PRECSC20111010122011102512.T126L28.grb on 23Z22OCT2011
lats4d: writing to grads_grib file /gfs/dk22/modoper/tempo/global/oens/produtos/recortes/dataout/t126l28/PRECSC20111010122011102512.T126L28.grb on 00Z23OCT2011
lats4d: writing to grads_grib file /gfs/dk22/modoper/tempo/global/oens/produtos/recortes/dataout/t126l28/PRECSC20111010122011102512.T126L28.grb on 01Z23OCT2011
lats4d: writing to grads_grib file /gfs/dk22/modoper/tempo/global/oens/produtos/recortes/dataout/t126l28/PRECSC20111010122011102512.T126L28.grb on 02Z23OCT2011
lats4d: writing to grads_grib file /gfs/dk22/modoper/tempo/global/oens/produtos/recortes/dataout/t126l28/PRECSC20111010122011102512.T126L28.grb on 03Z23OCT2011
lats4d: writing to grads_grib file /gfs/dk22/modoper/tempo/global/oens/produtos/recortes/dataout/t126l28/PRECSC20111010122011102512.T126L28.grb on 04Z23OCT2011
lats4d: writing to grads_grib file /gfs/dk22/modoper/tempo/global/oens/produtos/recortes/dataout/t126l28/PRECSC20111010122011102512.T126L28.grb on 05Z23OCT2011
lats4d: writing to grads_grib file /gfs/dk22/modoper/tempo/global/oens/produtos/recortes/dataout/t126l28/PRECSC20111010122011102512.T126L28.grb on 06Z23OCT2011
lats4d: writing to grads_grib file /gfs/dk22/modoper/tempo/global/oens/produtos/recortes/dataout/t126l28/PRECSC20111010122011102512.T126L28.grb on 07Z23OCT2011
lats4d: writing to grads_grib file /gfs/dk22/modoper/tempo/global/oens/produtos/recortes/dataout/t126l28/PRECSC20111010122011102512.T126L28.grb on 08Z23OCT2011
lats4d: writing to grads_grib file /gfs/dk22/modoper/tempo/global/oens/produtos/recortes/dataout/t126l28/PRECSC20111010122011102512.T126L28.grb on 09Z23OCT2011
lats4d: writing to grads_grib file /gfs/dk22/modoper/tempo/global/oens/produtos/recortes/dataout/t126l28/PRECSC20111010122011102512.T126L28.grb on 10Z23OCT2011
lats4d: writing to grads_grib file /gfs/dk22/modoper/tempo/global/oens/produtos/recortes/dataout/t126l28/PRECSC20111010122011102512.T126L28.grb on 11Z23OCT2011
lats4d: writing to grads_grib file /gfs/dk22/modoper/tempo/global/oens/produtos/recortes/dataout/t126l28/PRECSC20111010122011102512.T126L28.grb on 12Z23OCT2011
lats4d: writing to grads_grib file /gfs/dk22/modoper/tempo/global/oens/produtos/recortes/dataout/t126l28/PRECSC20111010122011102512.T126L28.grb on 13Z23OCT2011
lats4d: writing to grads_grib file /gfs/dk22/modoper/tempo/global/oens/produtos/recortes/dataout/t126l28/PRECSC20111010122011102512.T126L28.grb on 14Z23OCT2011
lats4d: writing to grads_grib file /gfs/dk22/modoper/tempo/global/oens/produtos/recortes/dataout/t126l28/PRECSC20111010122011102512.T126L28.grb on 15Z23OCT2011
lats4d: writing to grads_grib file /gfs/dk22/modoper/tempo/global/oens/produtos/recortes/dataout/t126l28/PRECSC20111010122011102512.T126L28.grb on 16Z23OCT2011
lats4d: writing to grads_grib file /gfs/dk22/modoper/tempo/global/oens/produtos/recortes/dataout/t126l28/PRECSC20111010122011102512.T126L28.grb on 17Z23OCT2011
lats4d: writing to grads_grib file /gfs/dk22/modoper/tempo/global/oens/produtos/recortes/dataout/t126l28/PRECSC20111010122011102512.T126L28.grb on 18Z23OCT2011
lats4d: writing to grads_grib file /gfs/dk22/modoper/tempo/global/oens/produtos/recortes/dataout/t126l28/PRECSC20111010122011102512.T126L28.grb on 19Z23OCT2011
lats4d: writing to grads_grib file /gfs/dk22/modoper/tempo/global/oens/produtos/recortes/dataout/t126l28/PRECSC20111010122011102512.T126L28.grb on 20Z23OCT2011
lats4d: writing to grads_grib file /gfs/dk22/modoper/tempo/global/oens/produtos/recortes/dataout/t126l28/PRECSC20111010122011102512.T126L28.grb on 21Z23OCT2011
lats4d: writing to grads_grib file /gfs/dk22/modoper/tempo/global/oens/produtos/recortes/dataout/t126l28/PRECSC20111010122011102512.T126L28.grb on 22Z23OCT2011
lats4d: writing to grads_grib file /gfs/dk22/modoper/tempo/global/oens/produtos/recortes/dataout/t126l28/PRECSC20111010122011102512.T126L28.grb on 23Z23OCT2011
lats4d: writing to grads_grib file /gfs/dk22/modoper/tempo/global/oens/produtos/recortes/dataout/t126l28/PRECSC20111010122011102512.T126L28.grb on 00Z24OCT2011
lats4d: writing to grads_grib file /gfs/dk22/modoper/tempo/global/oens/produtos/recortes/dataout/t126l28/PRECSC20111010122011102512.T126L28.grb on 01Z24OCT2011
lats4d: writing to grads_grib file /gfs/dk22/modoper/tempo/global/oens/produtos/recortes/dataout/t126l28/PRECSC20111010122011102512.T126L28.grb on 02Z24OCT2011
lats4d: writing to grads_grib file /gfs/dk22/modoper/tempo/global/oens/produtos/recortes/dataout/t126l28/PRECSC20111010122011102512.T126L28.grb on 03Z24OCT2011
lats4d: writing to grads_grib file /gfs/dk22/modoper/tempo/global/oens/produtos/recortes/dataout/t126l28/PRECSC20111010122011102512.T126L28.grb on 04Z24OCT2011
lats4d: writing to grads_grib file /gfs/dk22/modoper/tempo/global/oens/produtos/recortes/dataout/t126l28/PRECSC20111010122011102512.T126L28.grb on 05Z24OCT2011
lats4d: writing to grads_grib file /gfs/dk22/modoper/tempo/global/oens/produtos/recortes/dataout/t126l28/PRECSC20111010122011102512.T126L28.grb on 06Z24OCT2011
lats4d: writing to grads_grib file /gfs/dk22/modoper/tempo/global/oens/produtos/recortes/dataout/t126l28/PRECSC20111010122011102512.T126L28.grb on 07Z24OCT2011
lats4d: writing to grads_grib file /gfs/dk22/modoper/tempo/global/oens/produtos/recortes/dataout/t126l28/PRECSC20111010122011102512.T126L28.grb on 08Z24OCT2011
lats4d: writing to grads_grib file /gfs/dk22/modoper/tempo/global/oens/produtos/recortes/dataout/t126l28/PRECSC20111010122011102512.T126L28.grb on 09Z24OCT2011
lats4d: writing to grads_grib file /gfs/dk22/modoper/tempo/global/oens/produtos/recortes/dataout/t126l28/PRECSC20111010122011102512.T126L28.grb on 10Z24OCT2011
lats4d: writing to grads_grib file /gfs/dk22/modoper/tempo/global/oens/produtos/recortes/dataout/t126l28/PRECSC20111010122011102512.T126L28.grb on 11Z24OCT2011
lats4d: writing to grads_grib file /gfs/dk22/modoper/tempo/global/oens/produtos/recortes/dataout/t126l28/PRECSC20111010122011102512.T126L28.grb on 12Z24OCT2011
lats4d: writing to grads_grib file /gfs/dk22/modoper/tempo/global/oens/produtos/recortes/dataout/t126l28/PRECSC20111010122011102512.T126L28.grb on 13Z24OCT2011
lats4d: writing to grads_grib file /gfs/dk22/modoper/tempo/global/oens/produtos/recortes/dataout/t126l28/PRECSC20111010122011102512.T126L28.grb on 14Z24OCT2011
lats4d: writing to grads_grib file /gfs/dk22/modoper/tempo/global/oens/produtos/recortes/dataout/t126l28/PRECSC20111010122011102512.T126L28.grb on 15Z24OCT2011
lats4d: writing to grads_grib file /gfs/dk22/modoper/tempo/global/oens/produtos/recortes/dataout/t126l28/PRECSC20111010122011102512.T126L28.grb on 16Z24OCT2011
lats4d: writing to grads_grib file /gfs/dk22/modoper/tempo/global/oens/produtos/recortes/dataout/t126l28/PRECSC20111010122011102512.T126L28.grb on 17Z24OCT2011
lats4d: writing to grads_grib file /gfs/dk22/modoper/tempo/global/oens/produtos/recortes/dataout/t126l28/PRECSC20111010122011102512.T126L28.grb on 18Z24OCT2011
lats4d: writing to grads_grib file /gfs/dk22/modoper/tempo/global/oens/produtos/recortes/dataout/t126l28/PRECSC20111010122011102512.T126L28.grb on 19Z24OCT2011
lats4d: writing to grads_grib file /gfs/dk22/modoper/tempo/global/oens/produtos/recortes/dataout/t126l28/PRECSC20111010122011102512.T126L28.grb on 20Z24OCT2011
lats4d: writing to grads_grib file /gfs/dk22/modoper/tempo/global/oens/produtos/recortes/dataout/t126l28/PRECSC20111010122011102512.T126L28.grb on 21Z24OCT2011
lats4d: writing to grads_grib file /gfs/dk22/modoper/tempo/global/oens/produtos/recortes/dataout/t126l28/PRECSC20111010122011102512.T126L28.grb on 22Z24OCT2011
lats4d: writing to grads_grib file /gfs/dk22/modoper/tempo/global/oens/produtos/recortes/dataout/t126l28/PRECSC20111010122011102512.T126L28.grb on 23Z24OCT2011
lats4d: writing to grads_grib file /gfs/dk22/modoper/tempo/global/oens/produtos/recortes/dataout/t126l28/PRECSC20111010122011102512.T126L28.grb on 00Z25OCT2011
lats4d: writing to grads_grib file /gfs/dk22/modoper/tempo/global/oens/produtos/recortes/dataout/t126l28/PRECSC20111010122011102512.T126L28.grb on 01Z25OCT2011
lats4d: writing to grads_grib file /gfs/dk22/modoper/tempo/global/oens/produtos/recortes/dataout/t126l28/PRECSC20111010122011102512.T126L28.grb on 02Z25OCT2011
lats4d: writing to grads_grib file /gfs/dk22/modoper/tempo/global/oens/produtos/recortes/dataout/t126l28/PRECSC20111010122011102512.T126L28.grb on 03Z25OCT2011
lats4d: writing to grads_grib file /gfs/dk22/modoper/tempo/global/oens/produtos/recortes/dataout/t126l28/PRECSC20111010122011102512.T126L28.grb on 04Z25OCT2011
lats4d: writing to grads_grib file /gfs/dk22/modoper/tempo/global/oens/produtos/recortes/dataout/t126l28/PRECSC20111010122011102512.T126L28.grb on 05Z25OCT2011
lats4d: writing to grads_grib file /gfs/dk22/modoper/tempo/global/oens/produtos/recortes/dataout/t126l28/PRECSC20111010122011102512.T126L28.grb on 06Z25OCT2011
lats4d: writing to grads_grib file /gfs/dk22/modoper/tempo/global/oens/produtos/recortes/dataout/t126l28/PRECSC20111010122011102512.T126L28.grb on 07Z25OCT2011
lats4d: writing to grads_grib file /gfs/dk22/modoper/tempo/global/oens/produtos/recortes/dataout/t126l28/PRECSC20111010122011102512.T126L28.grb on 08Z25OCT2011
lats4d: writing to grads_grib file /gfs/dk22/modoper/tempo/global/oens/produtos/recortes/dataout/t126l28/PRECSC20111010122011102512.T126L28.grb on 09Z25OCT2011
lats4d: writing to grads_grib file /gfs/dk22/modoper/tempo/global/oens/produtos/recortes/dataout/t126l28/PRECSC20111010122011102512.T126L28.grb on 10Z25OCT2011
lats4d: writing to grads_grib file /gfs/dk22/modoper/tempo/global/oens/produtos/recortes/dataout/t126l28/PRECSC20111010122011102512.T126L28.grb on 11Z25OCT2011
lats4d: writing to grads_grib file /gfs/dk22/modoper/tempo/global/oens/produtos/recortes/dataout/t126l28/PRECSC20111010122011102512.T126L28.grb on 12Z25OCT2011

gribmap:  Scanning binary GRIB file(s):
gribmap:  Opening GRIB file /gfs/dk22/modoper/tempo/global/oens/produtos/recortes/dataout/t126l28/precsc20111010122011102512.t126l28.grb
gribmap:  Reached EOF
gribmap:  Writing the map...

LATS_GRIB: SUCCESS -- gribmap for GrADS/VCS seems to have worked...

lats4d: created grads_grib file /gfs/dk22/modoper/tempo/global/oens/produtos/recortes/dataout/t126l28/PRECSC20111010122011102512.T126L28.grb
lats4d: exiting from GrADS...
No hardcopy metafile open
GX package terminated 
