stty: : Invalid argument
vt100
resize:  can't open terminal /dev/tty
======================================
Welcome to tupan03: SUPER-UX 14.1 SX-6
Today is Mon Feb 13 06:24:47 GMT 2012
======================================
+ echo cd /gfs/home3/modoper/tempo/global/oens/grh/exec
cd /gfs/home3/modoper/tempo/global/oens/grh/exec
+ cd /gfs/home3/modoper/tempo/global/oens/grh/exec
+ echo ./PostGridHistory < /gfs/home3/modoper/tempo/global/oens/grh/datain/postgrh.02P.nml
./PostGridHistory < /gfs/home3/modoper/tempo/global/oens/grh/datain/postgrh.02P.nml
+ ./PostGridHistory
+ 0< /gfs/home3/modoper/tempo/global/oens/grh/datain/postgrh.02P.nml

 &InputDim
     Mend =          126
     Kmax =           28
     mUTC =            0
     DelT =     600.0000000
    TMean =    3600.0000000
   LabelI = 2012021300
   LabelF = 2012022800
  Preffix = 02P
   GrdBox =     
  DirMain = /gfs/dk22/modoper/tempo/global/oens/
 /

 GRID POINT HISTORY  
 0003 SEQU  384   96   28   28  971   10   10    0    2   13 2012 TAPE
                          CPTEC AGCM R1.2
  0.99999905E-02  0.15820026E-01  0.19589961E-01  0.24049997E-01  0.29190004E-01
  0.34930050E-01  0.41149974E-01  0.47540009E-01  0.53719997E-01  0.59189975E-01
  0.63470006E-01  0.66060007E-01  0.66689998E-01  0.65259993E-01  0.61970025E-01
  0.57159990E-01  0.51349998E-01  0.45029998E-01  0.38670003E-01  0.32619998E-01
  0.27089998E-01  0.22220001E-01  0.18030003E-01  0.14509998E-01  0.11600001E-01
  0.92299990E-02  0.72900001E-02  0.65700002E-02
 SURFACE PRESSURE                            1    131 PSLC
 SNOW DEPTH                                  1    110 PNEV
 SNOWFALL                                    1    120 NEVE
 TOTAL PRECIPITATION                         1    120 PREC
 TEMPERATURE OF CANOPY AIR SPACE             1     40 TADL
 CLOUD COVER                                 1      0 CBNV
 SURFACE ZONAL WIND (U)                      1     60 UVES
 SURFACE MERIDIONAL WIND (V)                 1     60 VVES
 SURFACE VIRTUAL TEMPERATURE                 1     40 TEVS
 SURFACE SPECIFIC HUMIDITY                   1      0 UESS
     1  OSLO (NORWAY)                            01019E6019N
     2  HELSINKI (FINLAND)                       02519E6019N
     3  STOCKHOLM (SWEDEN)                       01749E5923N
     4  MOSCOW (RUSSIAN)                         03730E5538N
     5  BERLIN (GERMANY)                         01308E5346N
     6  AMSTERDAN (NETHERLANDS)                  00441E5250N
     7  LONDON (U. K.)                           00000E5154N
     8  BRUSSEL (BELGIUM)                        00441E5058N
     9  FRANKFURT (GERMANY)                      00826E5002N
    10  PARIS (FRANCE)                           00152E4905N
    11  GENEVA (SWITZERLAND)                     00634E4617N
    12  OTTAWA (CANADA)                          07556W4521N
    13  MONTREAL (CANADA)                        07308W4521N
    14  TORONTO (CANADA)                         07941W4329N
    15  ROMA (ITALY)                             01211E4137N
    16  CHICAGO (U.S.A.)                         08808W4137N
    17  NEW YORK CITY (U.S.A.)                   07404W4041N
    18  MADRID (SPAIN)                           00345W4041N
    19  PEKING (CHINA)                           11615E3944N
    20  WASHINGTON, D.C. (U.S.A.)                07653W3848N
    21  LISBOA (PORTUGAL)                        00923W3848N
    22  SAN FRANCISCO (U.S.A.)                   12249W3752N
    23  TOKYO (JAPAN)                            13941E3560N
    24  LOS ANGELES (U.S.A.)                     11808W3408N
    25  ATLANTA (U.S.A.)                         08422W3408N
    26  CAIRO (EGYPT)                            03056E3023N
    27  DELHI (INDIA)                            07653E2831N
    28  ORLANDO (U.S.A.)                         08134W2831N
    29  MIAMI (U.S.A.)                           08038W2543N
    30  HAVANA (CUBA)                            08230W2255N
    31  HONG KONG (ASIA)                         11423E2158N
    32  CANCUM (MEXICO)                          08711W2102N
    33  MEXICO CITY (MEXICO)                     09922W1910N
    34  ACAPULCO (MEXICO)                        10019W1718N
    35  CARTAGENA (COLOMBIA)                     07556W1045N
    36  CARACAS (VENEZUELA)                      06634W1045N
    37  PORT OF SPAIN (TRINIDADE AND TOBAGO)     06153W1045N
    38  SAN JOSE (COSTA RICA)                    08422W0949N
    39  PANAMA (PANAMA)                          07941W0853N
    40  GEORGETOWN (GUYANA)                      05808W0701N
    41  PARAMARIBO (SURINAM)                     05519W0605N
    42  PROX01: NORMANDIA (RR)                   06056W0509N
    43  PROX02: NORMANDIA (RR)                   06000W0509N
    44  CAYENNE (FRENCH GUIANA)                  05326W0509N
    45  BOGOTA (COLOMBIA)                        07404W0412N
    46  PROX06: ALTO ALEGRE (RR)                 06249W0412N
    47  PROX07: ALTO ALEGRE (RR)                 06153W0412N
    48  PROX01: BOA VISTA (RR)                   06056W0412N
    49  NORMANDIA (RR)                           06000W0412N
    50  PROX01: OIAPOQUE (AP)                    05230W0412N
    51  OIAPOQUE (AP)                            05134W0412N
    52  PROX02: OIAPOQUE (AP)                    05038W0412N
    53  PROX04: CUCUI (AM)                       06441W0316N
    54  PROX04: ALTO ALEGRE (RR)                 06345W0316N
    55  PROX05: ALTO ALEGRE (RR)                 06249W0316N
    56  ALTO ALEGRE (RR)                         06153W0316N
    57  BOA VISTA (RR)                           06056W0316N
    58  BONFIM (RR)                              06000W0316N
    59  PROX01: VILA VELHA (AP)                  05230W0316N
    60  VILA VELHA (AP)                          05134W0316N
    61  PROX01: AMAPA (AP)                       05038W0316N
    62  PROX03: CUCUI (AM)                       06441W0220N
    63  PROX01: ALTO ALEGRE (RR)                 06345W0220N
    64  PROX02: ALTO ALEGRE (RR)                 06249W0220N
    65  PROX03: ALTO ALEGRE (RR)                 06153W0220N
    66  MUCAJAI (RR)                             06056W0220N
    67  PROX01: BONFIM (RR)                      06000W0220N
    68  PROX09: ORIXIMINA (PA)                   05615W0220N
    69  PROX03: LOURENCO (AP)                    05519W0220N
    70  PROX04: LOURENCO (AP)                    05423W0220N
    71  PROX05: LOURENCO (AP)                    05326W0220N
    72  PROX06: LOURENCO (AP)                    05230W0220N
    73  LOURENCO (AP)                            05134W0220N
    74  AMAPA (AP)                               05038W0220N
    75  SINGAPORE (ASIA)                         10404E0124N
    76  PROX04: SAO FELIPE (AM)                  06923W0124N
    77  PROX05: SAO FELIPE (AM)                  06826W0124N
    78  PROX06: SAO FELIPE (AM)                  06730W0124N
    79  CUCUI (AM)                               06634W0124N
    80  PROX02: CUCUI (AM)                       06538W0124N
    81  PROX06: SANTA ISABEL DO RIO NEGRO (AM)   06441W0124N
    82  PROX07: SANTA ISABEL DO RIO NEGRO (AM)   06345W0124N
    83  PROX04: CARACARAI (RR)                   06249W0124N
    84  PROX05: CARACARAI (RR)                   06153W0124N
    85  CARACARAI (RR)                           06056W0124N
    86  SAO JOAO DA BALIZA (RR)                  06000W0124N
    87  PROX05: SAO JOAO DA BALIZA (RR)          05904W0124N
    88  PROX06: SAO JOAO DA BALIZA (RR)          05808W0124N
    89  PROX07: SAO JOAO DA BALIZA (RR)          05711W0124N
    90  PROX07: ORIXIMINA (PA)                   05615W0124N
    91  PROX08: ORIXIMINA (PA)                   05519W0124N
    92  PROX03: MONTE DOURADO (PA)               05423W0124N
    93  PROX04: MONTE DOURADO (PA)               05326W0124N
    94  PROX01: LOURENCO (AP)                    05230W0124N
    95  PROX02: LOURENCO (AP)                    05134W0124N
    96  TARTARUGALZINHO (AP)                     05038W0124N
    97  BAILIQUE (AP)                            04941W0124N
    98  PROX01: SAO FELIPE (AM)                  07019W0028N
    99  PROX02: SAO FELIPE (AM)                  06923W0028N
   100  PROX03: SAO FELIPE (AM)                  06826W0028N
   101  SAO FELIPE (AM)                          06730W0028N
   102  PROX01: CUCUI (AM)                       06634W0028N
   103  PROX03: SANTA ISABEL DO RIO NEGRO (AM)   06538W0028N
   104  PROX04: SANTA ISABEL DO RIO NEGRO (AM)   06441W0028N
   105  PROX05: SANTA ISABEL DO RIO NEGRO (AM)   06345W0028N
   106  PROX07: BARCELOS (AM)                    06249W0028N
   107  PROX02: CARACARAI (RR)                   06153W0028N
   108  PROX03: CARACARAI (RR)                   06056W0028N
   109  PROX02: SAO JOAO DA BALIZA (RR)          06000W0028N
   110  PROX03: SAO JOAO DA BALIZA (RR)          05904W0028N
   111  PROX04: SAO JOAO DA BALIZA (RR)          05808W0028N
   112  PROX04: ORIXIMINA (PA)                   05711W0028N
   113  PROX05: ORIXIMINA (PA)                   05615W0028N
   114  PROX06: ORIXIMINA (PA)                   05519W0028N
   115  PROX04: PRAINHA (PA)                     05423W0028N
   116  PROX01: MONTE DOURADO (PA)               05326W0028N
   117  PROX02: MONTE DOURADO (PA)               05230W0028N
   118  PORTO GRANDE (AP)                        05134W0028N
   119  MACAPA (AP)                              05038W0028N
   120  SAO SEBASTIAO DE VICOSA (PA)             04941W0028N
   121  QUITO (ECUADOR)                          07845W0028S
   122  PROX03: SAO GABRIEL DA CACHOEIRA (AM)    07019W0028S
   123  PROX04: SAO GABRIEL DA CACHOEIRA (AM)    06923W0028S
   124  PROX05: SAO GABRIEL DA CACHOEIRA (AM)    06826W0028S
   125  SAO GABRIEL DA CACHOEIRA (AM)            06730W0028S
   126  PROX01: JAPURA (AM)                      06634W0028S
   127  PROX01: MARAA (AM)                       06538W0028S
   128  SANTA ISABEL DO RIO NEGRO (AM)           06441W0028S
   129  PROX02: SANTA ISABEL DO RIO NEGRO (AM)   06345W0028S
   130  PROX05: BARCELOS (AM)                    06249W0028S
   131  PROX06: BARCELOS (AM)                    06153W0028S
   132  PROX01: CARACARAI (RR)                   06056W0028S
   133  PROX01: SAO JOAO DA BALIZA (RR)          06000W0028S
   134  PROX02: BALBINA (AM)                     05904W0028S
   135  PROX02: URUCARA (AM)                     05808W0028S
   136  PROX01: ORIXIMINA (PA)                   05711W0028S
   137  PROX02: ORIXIMINA (PA)                   05615W0028S
   138  PROX03: ORIXIMINA (PA)                   05519W0028S
   139  PROX02: PRAINHA (PA)                     05423W0028S
   140  PROX03: PRAINHA (PA)                     05326W0028S
   141  MONTE DOURADO (PA)                       05230W0028S
   142  SANTANA (AP)                             05134W0028S
   143  AFUA (PA)                                05038W0028S
   144  CHAVES (PA)                              04941W0028S
   145  SOURE (PA)                               04845W0028S
   146  VIGIA (PA)                               04749W0028S
   147  SAO JOAO DE PIRABAS (PA)                 04653W0028S
   148  PROX03: SANTA RITA (AM)                  06923W0124S
   149  PROX01: SAO GABRIEL DA CACHOEIRA (AM)    06826W0124S
   150  PROX02: SAO GABRIEL DA CACHOEIRA (AM)    06730W0124S
   151  JAPURA (AM)                              06634W0124S
   152  MARAA (AM)                               06538W0124S
   153  PROX01: SANTA ISABEL DO RIO NEGRO (AM)   06441W0124S
   154  PROX03: BARCELOS (AM)                    06345W0124S
   155  BARCELOS (AM)                            06249W0124S
   156  PROX04: BARCELOS (AM)                    06153W0124S
   157  PROX02: NOVO AIRAO (AM)                  06056W0124S
   158  PROX01: PRESIDENTE FIGUEIREDO (AM)       06000W0124S
   159  PROX01: BALBINA (AM)                     05904W0124S
   160  PROX01: URUCARA (AM)                     05808W0124S
   161  PROX01: PARINTINS (AM)                   05711W0124S
   162  ORIXIMINA (PA)                           05615W0124S
   163  PROX01: OBIDOS (PA)                      05519W0124S
   164  PROX02: SANTAREM (PA)                    05423W0124S
   165  PRAINHA (PA)                             05326W0124S
   166  ALMEIRIM (PA)                            05230W0124S
   167  LARANJAL DO JARI (AP)                    05134W0124S
   168  BREVES (PA)                              05038W0124S
   169  CURRALINHO (PA)                          04941W0124S
   170  BELEM (PA)                               04845W0124S
   171  CASTANHAL (PA)                           04749W0124S
   172  BRAGANCA (PA)                            04653W0124S
   173  VISEU (PA)                               04556W0124S
   174  TURIACU (MA)                             04460W0124S
   175  PROX02: SANTA RITA (AM)                  06923W0220S
   176  PROX02: SAO PAULO DE OLIVENCA (AM)       06826W0220S
   177  PROX02: SANTO ANTONIO DO ICA (AM)        06730W0220S
   178  JUTAI (AM)                               06634W0220S
   179  FONTE BOA (AM)                           06538W0220S
   180  PROX02: TEFE (AM)                        06441W0220S
   181  PROX01: BARCELOS (AM)                    06345W0220S
   182  PROX02: BARCELOS (AM)                    06249W0220S
   183  PROX01: NOVO AIRAO (AM)                  06153W0220S
   184  NOVO AIRAO (AM)                          06056W0220S
   185  PRESIDENTE FIGUEIREDO (AM)               06000W0220S
   186  BALBINA (AM)                             05904W0220S
   187  URUCARA (AM)                             05808W0220S
   188  PARINTINS (AM)                           05711W0220S
   189  JURUTI (PA)                              05615W0220S
   190  OBIDOS (PA)                              05519W0220S
   191  SANTAREM (PA)                            05423W0220S
   192  PROX01: PRAINHA (PA)                     05326W0220S
   193  VEIROS (PA)                              05230W0220S
   194  SENADOR JOSE PORFIRIO (PA)               05134W0220S
   195  PORTEL (PA)                              05038W0220S
   196  CAMETA (PA)                              04941W0220S
   197  IGARAPE-MIRI (PA)                        04845W0220S
   198  TOME-ACU (PA)                            04749W0220S
   199  GARRAFAO DO NORTE (PA)                   04653W0220S
   200  SANTA LUZIA DO PARUA (MA)                04556W0220S
   201  PINHEIRO (MA)                            04460W0220S
   202  SAO LUIS (MA)                            04404W0220S
   203  BARREIRINHAS (MA)                        04308W0220S
   204  TUTOIA (MA)                              04211W0220S
   205  JIJOCA DE JERICOACOARA (CE)              04019W0220S
   206  SANTA RITA (AM)                          06923W0316S
   207  SAO PAULO DE OLIVENCA (AM)               06826W0316S
   208  SANTO ANTONIO DO ICA (AM)                06730W0316S
   209  PROX01: JUTAI (AM)                       06634W0316S
   210  JURUA (AM)                               06538W0316S
   211  TEFE (AM)                                06441W0316S
   212  PROX01: BADAJOS (AM)                     06345W0316S
   213  BADAJOS (AM)                             06249W0316S
   214  PROX02: CODAJAS (AM)                     06153W0316S
   215  MANACAPURU (AM)                          06056W0316S
   216  MANAUS (AM)                              06000W0316S
   217  AUTAZES (AM)                             05904W0316S
   218  ITACOATIARA (AM)                         05808W0316S
   219  BOA VISTA DO RAMOS (AM)                  05711W0316S
   220  PROX01: JURUTI (PA)                      05615W0316S
   221  AVEIRO (PA)                              05519W0316S
   222  PROX01: SANTAREM (PA)                    05423W0316S
   223  URUARA (PA)                              05326W0316S
   224  ALTAMIRA (PA)                            05230W0316S
   225  VITORIA DO XINGU (PA)                    05134W0316S
   226  PROX01: PORTEL (PA)                      05038W0316S
   227  SAO JOAQUIM DO ITUQUARA (PA)             04941W0316S
   228  TAILANDIA (PA)                           04845W0316S
   229  PARAGOMINAS (PA)                         04749W0316S
   230  PROX01: GARRAFAO DO NORTE (PA)           04653W0316S
   231  ZE DOCA (MA)                             04556W0316S
   232  SANTA INES (MA)                          04460W0316S
   233  ITAPECURU MIRIM (MA)                     04404W0316S
   234  BREJO (MA)                               04308W0316S
   235  PARNAIBA (PI)                            04211W0316S
   236  CAMOCIM (CE)                             04115W0316S
   237  SOBRAL (CE)                              04019W0316S
   238  ITAPIPOCA (CE)                           03923W0316S
   239  FORTALEZA (CE)                           03826W0316S
   240  PROX04: TABATINGA (AM)                   07115W0412S
   241  TABATINGA (AM)                           07019W0412S
   242  PROX01: SANTA RITA (AM)                  06923W0412S
   243  PROX01: SAO PAULO DE OLIVENCA (AM)       06826W0412S
   244  PROX01: SANTO ANTONIO DO ICA (AM)        06730W0412S
   245  PROX04: CARAUARI (AM)                    06634W0412S
   246  PROX01: JURUA (AM)                       06538W0412S
   247  PROX01: TEFE (AM)                        06441W0412S
   248  PROX03: COARI (AM)                       06345W0412S
   249  COARI (AM)                               06249W0412S
   250  CODAJAS (AM)                             06153W0412S
   251  BERURI (AM)                              06056W0412S
   252  CAREIRO (AM)                             06000W0412S
   253  NOVA OLINDA DO NORTE (AM)                05904W0412S
   254  OSORIO DA FONSECA (AM)                   05808W0412S
   255  PROX01: BOA VISTA DO RAMOS (AM)          05711W0412S
   256  ITAITUBA (PA)                            05615W0412S
   257  RUROPOLIS (PA)                           05519W0412S
   258  PROX03: RUROPOLIS (PA)                   05423W0412S
   259  PROX02: URUARA (PA)                      05326W0412S
   260  PROX02: ALTAMIRA (PA)                    05230W0412S
   261  PROX01: VITORIA DO XINGU (PA)            05134W0412S
   262  PACAJA (PA)                              05038W0412S
   263  TUCURUI (PA)                             04941W0412S
   264  JACUNDA (PA)                             04845W0412S
   265  DOM ELISEU (PA)                          04749W0412S
   266  PROX01: AMARANTE DO MARANHAO (MA)        04653W0412S
   267  SANTA LUZIA (MA)                         04556W0412S
   268  BACABAL (MA)                             04460W0412S
   269  CODO (MA)                                04404W0412S
   270  CHAPADINHA (MA)                          04308W0412S
   271  PIRIPIRI (PI)                            04211W0412S
   272  PEDRO II (PI)                            04115W0412S
   273  SANTA QUITERIA (CE)                      04019W0412S
   274  CANINDE (CE)                             03923W0412S
   275  MARACANAU (CE)                           03826W0412S
   276  ARACATI (CE)                             03730W0412S
   277  FERNANDO DE NORONHA (PE)                 03153W0412S
   278  PROX04: IPIXUNA (AM)                     07308W0509S
   279  PROX05: IPIXUNA (AM)                     07211W0509S
   280  PROX01: TABATINGA (AM)                   07115W0509S
   281  PROX02: TABATINGA (AM)                   07019W0509S
   282  PROX03: TABATINGA (AM)                   06923W0509S
   283  PROX05: ITAMARATI (AM)                   06826W0509S
   284  PROX02: CARAUARI (AM)                    06730W0509S
   285  CARAUARI (AM)                            06634W0509S
   286  PROX03: CARAUARI (AM)                    06538W0509S
   287  PROX02: CANUTAMA (AM)                    06441W0509S
   288  PROX01: COARI (AM)                       06345W0509S
   289  PROX02: COARI (AM)                       06249W0509S
   290  PROX01: CODAJAS (AM)                     06153W0509S
   291  PROX01: BERURI (AM)                      06056W0509S
   292  NOVO ARIPUANA (AM)                       06000W0509S
   293  PROX01: NOVA OLINDA DO NORTE (AM)        05904W0509S
   294  PROX01: OSORIO DA FONSECA (AM)           05808W0509S
   295  PROX01: ITAITUBA (PA)                    05711W0509S
   296  PROX02: ITAITUBA (PA)                    05615W0509S
   297  PROX01: RUROPOLIS (PA)                   05519W0509S
   298  PROX02: RUROPOLIS (PA)                   05423W0509S
   299  PROX01: URUARA (PA)                      05326W0509S
   300  PROX01: ALTAMIRA (PA)                    05230W0509S
   301  PROX01: PACAJA (PA)                      05134W0509S
   302  PROX02: PACAJA (PA)                      05038W0509S
   303  ITUPIRANGA (PA)                          04941W0509S
   304  MARABA (PA)                              04845W0509S
   305  IMPERATRIZ (MA)                          04749W0509S
   306  AMARANTE DO MARANHAO (MA)                04653W0509S
   307  ARAME (MA)                               04556W0509S
   308  BARRA DO CORDA (MA)                      04460W0509S
   309  PRESIDENTE DUTRA (MA)                    04404W0509S
   310  TERESINA (PI)                            04308W0509S
   311  CAMPO MAIOR (PI)                         04211W0509S
   312  SAO MIGUEL DO TAPUIO (PI)                04115W0509S
   313  CRATEUS (CE)                             04019W0509S
   314  QUIXADA (CE)                             03923W0509S
   315  MORADA NOVA (CE)                         03826W0509S
   316  MOSSORO (RN)                             03730W0509S
   317  ACU (RN)                                 03634W0509S
   318  TOUROS (RN)                              03538W0509S
   319  PROX04: CRUZEIRO DO SUL (AC)             07308W0605S
   320  PROX02: IPIXUNA (AM)                     07211W0605S
   321  PROX03: IPIXUNA (AM)                     07115W0605S
   322  PROX02: EIRUNEPE (AM)                    07019W0605S
   323  PROX03: ITAMARATI (AM)                   06923W0605S
   324  ITAMARATI (AM)                           06826W0605S
   325  PROX04: ITAMARATI (AM)                   06730W0605S
   326  PROX01: CARAUARI (AM)                    06634W0605S
   327  PROX01: CANUTAMA (AM)                    06538W0605S
   328  CANUTAMA (AM)                            06441W0605S
   329  PROX02: TAPAUA (AM)                      06345W0605S
   330  TAPAUA (AM)                              06249W0605S
   331  PROX03: MANICORE (AM)                    06153W0605S
   332  MANICORE (AM)                            06056W0605S
   333  PROX05: APUI (AM)                        06000W0605S
   334  PROX03: JACAREACANGA (PA)                05904W0605S
   335  JACAREACANGA (PA)                        05808W0605S
   336  PROX04: JACAREACANGA (PA)                05711W0605S
   337  PROX06: NOVO PROGRESSO (PA)              05615W0605S
   338  PROX07: NOVO PROGRESSO (PA)              05519W0605S
   339  PROX08: NOVO PROGRESSO (PA)              05423W0605S
   340  PROX06: TUCUMA (PA)                      05326W0605S
   341  PROX07: TUCUMA (PA)                      05230W0605S
   342  PROX08: TUCUMA (PA)                      05134W0605S
   343  PROX01: OURILANDIA DO NORTE (PA)         05038W0605S
   344  PARAUAPEBAS (PA)                         04941W0605S
   345  SAO GERALDO DO ARAGUAIA (PA)             04845W0605S
   346  PORTO FRANCO (MA)                        04749W0605S
   347  MONTES ALTOS (MA)                        04653W0605S
   348  GRAJAU (MA)                              04556W0605S
   349  SAO JOAQUIM DOS MELOS (MA)               04460W0605S
   350  COLINAS (MA)                             04404W0605S
   351  PARNARAMA (MA)                           04308W0605S
   352  VALENCA DO PIAUI (PI)                    04211W0605S
   353  PIMENTEIRAS (PI)                         04115W0605S
   354  TAUA (CE)                                04019W0605S
   355  IGUATU (CE)                              03923W0605S
   356  ICO (CE)                                 03826W0605S
   357  CAICO (RN)                               03730W0605S
   358  CURRAIS NOVOS (RN)                       03634W0605S
   359  NATAL (RN)                               03538W0605S
   360  CANGUARETAMA (RN)                        03441W0605S
   361  PROX02: CRUZEIRO DO SUL (AC)             07404W0701S
   362  PROX03: CRUZEIRO DO SUL (AC)             07308W0701S
   363  PROX02: GUAJARA (AM)                     07211W0701S
   364  IPIXUNA (AM)                             07115W0701S
   365  EIRUNEPE (AM)                            07019W0701S
   366  PROX01: EIRUNEPE (AM)                    06923W0701S
   367  PROX01: ITAMARATI (AM)                   06826W0701S
   368  PROX02: ITAMARATI (AM)                   06730W0701S
   369  PROX03: PAUINI (AM)                      06634W0701S
   370  PROX01: LABREA (AM)                      06538W0701S
   371  LABREA (AM)                              06441W0701S
   372  PROX02: LABREA (AM)                      06345W0701S
   373  PROX01: TAPAUA (AM)                      06249W0701S
   374  PROX01: MANICORE (AM)                    06153W0701S
   375  PROX02: MANICORE (AM)                    06056W0701S
   376  APUI (AM)                                06000W0701S
   377  PROX04: APUI (AM)                        05904W0701S
   378  PROX01: JACAREACANGA (PA)                05808W0701S
   379  PROX02: JACAREACANGA (PA)                05711W0701S
   380  PROX04: NOVO PROGRESSO (PA)              05615W0701S
   381  NOVO PROGRESSO (PA)                      05519W0701S
   382  PROX05: NOVO PROGRESSO (PA)              05423W0701S
   383  PROX04: TUCUMA (PA)                      05326W0701S
   384  PROX05: TUCUMA (PA)                      05230W0701S
   385  TUCUMA (PA)                              05134W0701S
   386  OURILANDIA DO NORTE (PA)                 05038W0701S
   387  XINGUARA (PA)                            04941W0701S
   388  SANTA FE DO ARAGUAIA (TO)                04845W0701S
   389  ARAGUAINA (TO)                           04749W0701S
   390  RIACHAO (MA)                             04653W0701S
   391  SAO RAIMUNDO D MANGABEIRAS (MA)          04556W0701S
   392  URUCUI (PI)                              04460W0701S
   393  PASTOS BONS (MA)                         04404W0701S
   394  FLORIANO (PI)                            04308W0701S
   395  OEIRAS (PI)                              04211W0701S
   396  PICOS (PI)                               04115W0701S
   397  CAMPOS SALES (CE)                        04019W0701S
   398  JUAZEIRO DO NORTE (CE)                   03923W0701S
   399  SOUSA (PB)                               03826W0701S
   400  PATOS (PB)                               03730W0701S
   401  PICUI (PB)                               03634W0701S
   402  CAMPINA GRANDE (PB)                      03538W0701S
   403  JOAO PESSOA (PB)                         03441W0701S
   404  PROX01: CRUZEIRO DO SUL (AC)             07404W0757S
   405  CRUZEIRO DO SUL (AC)                     07308W0757S
   406  GUAJARA (AM)                             07211W0757S
   407  PROX01: IPIXUNA (AM)                     07115W0757S
   408  TARAUACA (AC)                            07019W0757S
   409  PROX02: MANOEL URBANO (AC)               06923W0757S
   410  PROX02: SENA MADUREIRA (AC)              06826W0757S
   411  PROX01: BOCA DO ACRE (AM)                06730W0757S
   412  PAUINI (AM)                              06634W0757S
   413  PROX02: PAUINI (AM)                      06538W0757S
   414  PROX02: JACI PARANA (RO)                 06441W0757S
   415  PROX01: PORTO VELHO (RO)                 06345W0757S
   416  HUMAITA (AM)                             06249W0757S
   417  PROX01: HUMAITA (AM)                     06153W0757S
   418  PROX01: APUI (AM)                        06056W0757S
   419  PROX02: APUI (AM)                        06000W0757S
   420  PROX03: APUI (AM)                        05904W0757S
   421  PROX02: NOVA BANDEIRANTES (MT)           05808W0757S
   422  PROX02: APIACAS (MT)                     05711W0757S
   423  PROX01: NOVO PROGRESSO (PA)              05615W0757S
   424  PROX02: NOVO PROGRESSO (PA)              05519W0757S
   425  PROX03: NOVO PROGRESSO (PA)              05423W0757S
   426  PROX01: TUCUMA (PA)                      05326W0757S
   427  PROX02: TUCUMA (PA)                      05230W0757S
   428  PROX03: TUCUMA (PA)                      05134W0757S
   429  CUMARU DO NORTE (PA)                     05038W0757S
   430  CONCEICAO DO ARAGUAIA (PA)               04941W0757S
   431  COLINAS DO TOCANTINS (TO)                04845W0757S
   432  ITACAJA (TO)                             04749W0757S
   433  GOIATINS (TO)                            04653W0757S
   434  BALSAS (MA)                              04556W0757S
   435  BAIXA GRANDE DO RIBEIRO (PI)             04460W0757S
   436  BERTOLINIA (PI)                          04404W0757S
   437  CANTO DO BURITI (PI)                     04308W0757S
   438  SAO JOAO DO PIAUI (PI)                   04211W0757S
   439  PAULISTANA (PI)                          04115W0757S
   440  OURICURI (PE)                            04019W0757S
   441  SALGUEIRO (PE)                           03923W0757S
   442  SERRA TALHADA (PE)                       03826W0757S
   443  SERTANIA (PE)                            03730W0757S
   444  BELO JARDIM (PE)                         03634W0757S
   445  CARUARU (PE)                             03538W0757S
   446  RECIFE (PE)                              03441W0757S
   447  PROX02: MARECHAL THAUMATURGO (AC)        07404W0853S
   448  MARECHAL THAUMATURGO (AC)                07308W0853S
   449  PROX01: GUAJARA (AM)                     07211W0853S
   450  PROX01: TARAUACA (AC)                    07115W0853S
   451  PROX02: TARAUACA (AC)                    07019W0853S
   452  MANOEL URBANO (AC)                       06923W0853S
   453  SENA MADUREIRA (AC)                      06826W0853S
   454  BOCA DO ACRE (AM)                        06730W0853S
   455  PROX01: PAUINI (AM)                      06634W0853S
   456  PROX01: ABUNA (RO)                       06538W0853S
   457  JACI PARANA (RO)                         06441W0853S
   458  PORTO VELHO (RO)                         06345W0853S
   459  JAMARI (RO)                              06249W0853S
   460  PROX02: MACHADINHO D OESTE (RO)          06153W0853S
   461  PROX03: MACHADINHO D OESTE (RO)          06056W0853S
   462  PROX02: ARIPUANA (MT)                    06000W0853S
   463  PROX03: ARIPUANA (MT)                    05904W0853S
   464  PROX01: NOVA BANDEIRANTES (MT)           05808W0853S
   465  PROX01: APIACAS (MT)                     05711W0853S
   466  PROX01: ALTA FLORESTA (MT)               05615W0853S
   467  PROX01: PEIXOTO DE AZEVEDO (MT)          05519W0853S
   468  PROX02: PEIXOTO DE AZEVEDO (MT)          05423W0853S
   469  PROX06: SAO JOSE DO XINGU (MT)           05326W0853S
   470  PROX01: VILA RICA (MT)                   05230W0853S
   471  PROX02: VILA RICA (MT)                   05134W0853S
   472  PROX01: CUMARU DO NORTE (PA)             05038W0853S
   473  SANTANA DO ARAGUAIA (PA)                 04941W0853S
   474  GUARAI (TO)                              04845W0853S
   475  PEDRO AFONSO (TO)                        04749W0853S
   476  RECURSOLANDIA (TO)                       04653W0853S
   477  ALTO PARNAIBA (MA)                       04556W0853S
   478  PROX01: BAIXA GRANDE DO RIBEIRO (PI)     04460W0853S
   479  BOM JESUS (PI)                           04404W0853S
   480  SAO RAIMUNDO NONATO (PI)                 04308W0853S
   481  DOM INOCENCIO (PI)                       04211W0853S
   482  CASA NOVA (BA)                           04115W0853S
   483  CURACA (BA)                              04019W0853S
   484  SANTA MARIA DA BOA VISTA (PE)            03923W0853S
   485  PETROLANDIA (PE)                         03826W0853S
   486  ARCOVERDE (PE)                           03730W0853S
   487  GARANHUNS (PE)                           03634W0853S
   488  UNIAO DOS PALMARES (AL)                  03538W0853S
   489  SIRINHAEM (PE)                           03441W0853S
   490  PROX01: MARECHAL THAUMATURGO (AC)        07308W0949S
   491  JORDAO (AC)                              07211W0949S
   492  PROX03: SANTA ROSA DO PURUS (AC)         07115W0949S
   493  SANTA ROSA DO PURUS (AC)                 07019W0949S
   494  PROX01: MANOEL URBANO (AC)               06923W0949S
   495  PROX01: SENA MADUREIRA (AC)              06826W0949S
   496  RIO BRANCO (AC)                          06730W0949S
   497  ACRELANDIA (AC)                          06634W0949S
   498  ABUNA (RO)                               06538W0949S
   499  PROX01: JACI PARANA (RO)                 06441W0949S
   500  ALTO PARAISO (RO)                        06345W0949S
   501  ARIQUEMES (RO)                           06249W0949S
   502  MACHADINHO D OESTE (RO)                  06153W0949S
   503  PROX01: MACHADINHO D OESTE (RO)          06056W0949S
   504  PROX01: ARIPUANA (MT)                    06000W0949S
   505  ARIPUANA (MT)                            05904W0949S
   506  NOVA BANDEIRANTES (MT)                   05808W0949S
   507  APIACAS (MT)                             05711W0949S
   508  ALTA FLORESTA (MT)                       05615W0949S
   509  PEIXOTO DE AZEVEDO (MT)                  05519W0949S
   510  PROX02: MARCELANDIA (MT)                 05423W0949S
   511  PROX04: SAO JOSE DO XINGU (MT)           05326W0949S
   512  PROX05: SAO JOSE DO XINGU (MT)           05230W0949S
   513  VILA RICA (MT)                           05134W0949S
   514  PROX01: SANTA TEREZINHA (MT)             05038W0949S
   515  MARIANOPOLIS DO TOCANTINS (TO)           04941W0949S
   516  PALMAS (TO)                              04845W0949S
   517  APARECIDA DO RIO NEGRO (TO)              04749W0949S
   518  LIZARDA (TO)                             04653W0949S
   519  BARREIRAS DO PIAUI (PI)                  04556W0949S
   520  PARNAGUA (PI)                            04460W0949S
   521  CURIMATA (PI)                            04404W0949S
   522  CAMPO ALEGRE DE LOURDES (BA)             04308W0949S
   523  REMANSO (BA)                             04211W0949S
   524  SOBRADINHO (BA)                          04115W0949S
   525  PETROLINA (PE)                           04019W0949S
   526  UAUA (BA)                                03923W0949S
   527  PAULO AFONSO (BA)                        03826W0949S
   528  SANTANA DO IPANEMA (AL)                  03730W0949S
   529  ARAPIRACA (AL)                           03634W0949S
   530  MACEIO (AL)                              03538W0949S
   531  PROX01: JORDAO (AC)                      07211W1045S
   532  PROX01: SANTA ROSA DO PURUS (AC)         07115W1045S
   533  PROX02: SANTA ROSA DO PURUS (AC)         07019W1045S
   534  ASSIS BRASIL (AC)                        06923W1045S
   535  BRASILEIA (AC)                           06826W1045S
   536  PLACIDO DE CASTRO (AC)                   06730W1045S
   537  PROX01: ACRELANDIA (AC)                  06634W1045S
   538  GUAJARA-MIRIM (RO)                       06538W1045S
   539  PROX02: MONTE NEGRO (RO)                 06441W1045S
   540  MONTE NEGRO (RO)                         06345W1045S
   541  JARU (RO)                                06249W1045S
   542  JI-PARANA (RO)                           06153W1045S
   543  PROX01: PIMENTA BUENO (RO)               06056W1045S
   544  PROX01: CASTANHEIRA (MT)                 06000W1045S
   545  CASTANHEIRA (MT)                         05904W1045S
   546  JURUENA (MT)                             05808W1045S
   547  PROX01: JUARA (MT)                       05711W1045S
   548  NOVA CANAA DO NORTE (MT)                 05615W1045S
   549  COLIDER (MT)                             05519W1045S
   550  MARCELANDIA (MT)                         05423W1045S
   551  PROX03: SAO JOSE DO XINGU (MT)           05326W1045S
   552  SAO JOSE DO XINGU (MT)                   05230W1045S
   553  PORTO ALEGRE DO NORTE (MT)               05134W1045S
   554  SANTA TEREZINHA (MT)                     05038W1045S
   555  LAGOA DA CONFUSAO (TO)                   04941W1045S
   556  PORTO NACIONAL (TO)                      04845W1045S
   557  MONTE DO CARMO (TO)                      04749W1045S
   558  MATEIROS (TO)                            04653W1045S
   559  PROX01: BARREIRAS DO PIAUI (PI)          04556W1045S
   560  CORRENTE (PI)                            04460W1045S
   561  SANTA RITA DE CASSIA (BA)                04404W1045S
   562  XIQUE-XIQUE (BA)                         04308W1045S
   563  ITAGUACU DA BAHIA (BA)                   04211W1045S
   564  OUROLANDIA (BA)                          04115W1045S
   565  SENHOR DO BONFIM (BA)                    04019W1045S
   566  EUCLIDES DA CUNHA (BA)                   03923W1045S
   567  TUCANO (BA)                              03826W1045S
   568  ARACAJU (SE)                             03730W1045S
   569  PENEDO (AL)                              03634W1045S
   570  LIMA (PERU)                              07653W1141S
   571  PROX01: GUAJARA-MIRIM (RO)               06538W1141S
   572  PROX01: COSTA MARQUES (RO)               06441W1141S
   573  PROX01: MONTE NEGRO (RO)                 06345W1141S
   574  SAO MIGUEL DO GUAPORE (RO)               06249W1141S
   575  CACOAL (RO)                              06153W1141S
   576  PIMENTA BUENO (RO)                       06056W1141S
   577  PROX01: VILHENA (RO)                     06000W1141S
   578  JUINA (MT)                               05904W1141S
   579  BRASNORTE (MT)                           05808W1141S
   580  JUARA (MT)                               05711W1141S
   581  PROX01: NOVA CANAA DO NORTE (MT)         05615W1141S
   582  SINOP (MT)                               05519W1141S
   583  PROX01: MARCELANDIA (MT)                 05423W1141S
   584  PROX01: SAO JOSE DO XINGU (MT)           05326W1141S
   585  PROX02: SAO JOSE DO XINGU (MT)           05230W1141S
   586  ALTO BOA VISTA (MT)                      05134W1141S
   587  SAO FELIX DO ARAGUAIA (MT)               05038W1141S
   588  FORMOSO DO ARAGUAIA (TO)                 04941W1141S
   589  GURUPI (TO)                              04845W1141S
   590  NATIVIDADE (TO)                          04749W1141S
   591  DIANOPOLIS (TO)                          04653W1141S
   592  PROX01: BARREIRAS (BA)                   04556W1141S
   593  BARREIRAS (BA)                           04460W1141S
   594  WANDERLEY (BA)                           04404W1141S
   595  MORPARA (BA)                             04308W1141S
   596  IRECE (BA)                               04211W1141S
   597  MORRO DO CHAPEU (BA)                     04115W1141S
   598  MUNDO NOVO (BA)                          04019W1141S
   599  SERRINHA (BA)                            03923W1141S
   600  ALAGOINHAS (BA)                          03826W1141S
   601  ESTANCIA (SE)                            03730W1141S
   602  DARWIN (AUSTRALIA)                       13115E1237S
   603  COSTA MARQUES (RO)                       06441W1237S
   604  PROX01: PEDRAS NEGRAS (RO)               06345W1237S
   605  PEDRAS NEGRAS (RO)                       06249W1237S
   606  PROX01: CACOAL (RO)                      06153W1237S
   607  CORUMBIARA (RO)                          06056W1237S
   608  VILHENA (RO)                             06000W1237S
   609  PROX02: CAMPOS DE JULIO (MT)             05904W1237S
   610  PROX01: CAMPO NOVO DO PARECIS (MT)       05808W1237S
   611  NOVA MARINGA (MT)                        05711W1237S
   612  TAPURAH (MT)                             05615W1237S
   613  SORRISO (MT)                             05519W1237S
   614  PROX01: SORRISO (MT)                     05423W1237S
   615  PROX01: GAUCHA DO NORTE (MT)             05326W1237S
   616  QUERENCIA (MT)                           05230W1237S
   617  RIBEIRAO CASCALHEIRA (MT)                05134W1237S
   618  PROX01: SAO MIGUEL DO ARAGUAIA (GO)      05038W1237S
   619  ARAGUACU (TO)                            04941W1237S
   620  ALVORADA (TO)                            04845W1237S
   621  PARANA (TO)                              04749W1237S
   622  CAMPOS BELOS (GO)                        04653W1237S
   623  PROX01: SAO DOMINGOS (GO)                04556W1237S
   624  SAO DESIDERIO (BA)                       04460W1237S
   625  SANTANA (BA)                             04404W1237S
   626  MACAUBAS (BA)                            04308W1237S
   627  SEABRA (BA)                              04211W1237S
   628  IRAQUARA (BA)                            04115W1237S
   629  ITABERABA (BA)                           04019W1237S
   630  FEIRA DE SANTANA (BA)                    03923W1237S
   631  SALVADOR (BA)                            03826W1237S
   632  SUBAUMA (BA)                             03730W1237S
   633  PROX01: COLORADO DO OESTE (RO)           06153W1334S
   634  COLORADO DO OESTE (RO)                   06056W1334S
   635  COMODORO (MT)                            06000W1334S
   636  CAMPOS DE JULIO (MT)                     05904W1334S
   637  CAMPO NOVO DO PARECIS (MT)               05808W1334S
   638  SAO JOSE DO RIO CLARO (MT)               05711W1334S
   639  NOVA MUTUM (MT)                          05615W1334S
   640  BOA ESPERANCA (MT)                       05519W1334S
   641  PROX01: PARANATINGA (MT)                 05423W1334S
   642  GAUCHA DO NORTE (MT)                     05326W1334S
   643  CANARANA (MT)                            05230W1334S
   644  PROX01: RIBEIRAO CASCALHEIRA (MT)        05134W1334S
   645  SAO MIGUEL DO ARAGUAIA (GO)              05038W1334S
   646  NOVO PLANALTO (GO)                       04941W1334S
   647  PORANGATU (GO)                           04845W1334S
   648  MINACU (GO)                              04749W1334S
   649  MONTE ALEGRE DE GOIAS (GO)               04653W1334S
   650  SAO DOMINGOS (GO)                        04556W1334S
   651  CORRENTINA (BA)                          04460W1334S
   652  SANTA MARIA DA VITORIA (BA)              04404W1334S
   653  BOM JESUS DA LAPA (BA)                   04308W1334S
   654  LIVRAMENTO DO BRUMADO (BA)               04211W1334S
   655  TANHACU (BA)                             04115W1334S
   656  JEQUIE (BA)                              04019W1334S
   657  VALENCA (BA)                             03923W1334S
   658  JAGUARIPE (BA)                           03826W1334S
   659  NOVA LACERDA (MT)                        06000W1430S
   660  PROX01: CAMPOS DE JULIO (MT)             05904W1430S
   661  SAO JORGE (MT)                           05808W1430S
   662  TANGARA DA SERRA (MT)                    05711W1430S
   663  ROSARIO OESTE (MT)                       05615W1430S
   664  NOVA BRASILANDIA (MT)                    05519W1430S
   665  PARANATINGA (MT)                         05423W1430S
   666  NOVO SAO JOAQUIM (MT)                    05326W1430S
   667  AGUA BOA (MT)                            05230W1430S
   668  PROX01: BRITANIA (GO)                    05134W1430S
   669  NOVA CRIXAS (GO)                         05038W1430S
   670  CRIXAS (GO)                              04941W1430S
   671  NIQUELANDIA (GO)                         04845W1430S
   672  SAO JOAO D ALIANCA (GO)                  04749W1430S
   673  IACIARA (GO)                             04653W1430S
   674  POSSE (GO)                               04556W1430S
   675  COCOS (BA)                               04460W1430S
   676  MANGA (MG)                               04404W1430S
   677  GUANAMBI (BA)                            04308W1430S
   678  CAETITE (BA)                             04211W1430S
   679  VITORIA DA CONQUISTA (BA)                04115W1430S
   680  POCOES (BA)                              04019W1430S
   681  ILHEUS (BA)                              03923W1430S
   682  VILA BELA DA SANT TRINDADE (MT)          06000W1526S
   683  PONTES E LACERDA (MT)                    05904W1526S
   684  MIRASSOL D OESTE (MT)                    05808W1526S
   685  BARRA DO BUGRES (MT)                     05711W1526S
   686  CUIABA (MT)                              05615W1526S
   687  CHAPADA DOS GUIMARAES (MT)               05519W1526S
   688  POXOREO (MT)                             05423W1526S
   689  BATOVI (MT)                              05326W1526S
   690  BARRA DO GARCAS (MT)                     05230W1526S
   691  BRITANIA (GO)                            05134W1526S
   692  JUSSARA (GO)                             05038W1526S
   693  ITAPURANGA (GO)                          04941W1526S
   694  GOIANESIA (GO)                           04845W1526S
   695  BRASILIA (DF)                            04749W1526S
   696  FORMOSA (GO)                             04653W1526S
   697  PROX01: ARINOS (MG)                      04556W1526S
   698  SERRA DAS ARARAS (MG)                    04460W1526S
   699  JANUARIA (MG)                            04404W1526S
   700  PORTEIRINHA (MG)                         04308W1526S
   701  RIO PARDO DE MINAS (MG)                  04211W1526S
   702  CANDIDO SALES (BA)                       04115W1526S
   703  ITAPETINGA (BA)                          04019W1526S
   704  CAMACAN (BA)                             03923W1526S
   705  BELMONTE (BA)                            03826W1526S
   706  LA PAZ (BOLIVIA)                         06826W1622S
   707  AGUAPEI (MT)                             06000W1622S
   708  PROX01: PONTES E LACERDA (MT)            05904W1622S
   709  CACERES (MT)                             05808W1622S
   710  PROX01: BARRA DO BUGRES (MT)             05711W1622S
   711  POCONE (MT)                              05615W1622S
   712  JACIARA (MT)                             05519W1622S
   713  RONDONOPOLIS (MT)                        05423W1622S
   714  GUIRATINGA (MT)                          05326W1622S
   715  ARAGARCAS (GO)                           05230W1622S
   716  IPORA (GO)                               05134W1622S
   717  SAO LUIS DE MONTES BELOS (GO)            05038W1622S
   718  GOIANIA (GO)                             04941W1622S
   719  ANAPOLIS (GO)                            04845W1622S
   720  LUZIANIA (GO)                            04749W1622S
   721  UNAI (MG)                                04653W1622S
   722  ARINOS (MG)                              04556W1622S
   723  SAO FRANCISCO (MG)                       04460W1622S
   724  MONTES CLAROS (MG)                       04404W1622S
   725  FRANCISCO SA (MG)                        04308W1622S
   726  SALINAS (MG)                             04211W1622S
   727  JEQUITINHONHA (MG)                       04115W1622S
   728  ALMENARA (MG)                            04019W1622S
   729  EUNAPOLIS (BA)                           03923W1622S
   730  TAHITI (SW PACIFIC)                      14904W1718S
   731  SANTA CRUZ (BOLIVIA)                     06249W1718S
   732  PROX01: CACERES (MT)                     05808W1718S
   733  PROX03: PAIAGUAS (MS)                    05711W1718S
   734  PROX01: POCONE (MT)                      05615W1718S
   735  PROX01: JACIARA (MT)                     05519W1718S
   736  ITIQUIRA (MT)                            05423W1718S
   737  ALTO ARAGUAIA (MT)                       05326W1718S
   738  MINEIROS (GO)                            05230W1718S
   739  CAIAPONIA (GO)                           05134W1718S
   740  ACREUNA (GO)                             05038W1718S
   741  PONTALINA (GO)                           04941W1718S
   742  MORRINHOS (GO)                           04845W1718S
   743  PIRES DO RIO (GO)                        04749W1718S
   744  PARACATU (MG)                            04653W1718S
   745  JOAO PINHEIRO (MG)                       04556W1718S
   746  PIRAPORA (MG)                            04460W1718S
   747  BOCAIUVA (MG)                            04404W1718S
   748  TURMALINA (MG)                           04308W1718S
   749  MINAS NOVAS (MG)                         04211W1718S
   750  CARAI (MG)                               04115W1718S
   751  CARLOS CHAGAS (MG)                       04019W1718S
   752  TEIXEIRA DE FREITAS (BA)                 03923W1718S
   753  PROX01: PAIAGUAS (MS)                    05808W1814S
   754  PAIAGUAS (MS)                            05711W1814S
   755  PROX02: PAIAGUAS (MS)                    05615W1814S
   756  PROX01: RIO VERDE DE MATO GROSSO (MS)    05519W1814S
   757  COXIM (MS)                               05423W1814S
   758  COSTA RICA (MS)                          05326W1814S
   759  CHAPADAO DO CEU (GO)                     05230W1814S
   760  JATAI (GO)                               05134W1814S
   761  RIO VERDE (GO)                           05038W1814S
   762  GOIATUBA (GO)                            04941W1814S
   763  ITUMBIARA (GO)                           04845W1814S
   764  ARAGUARI (MG)                            04749W1814S
   765  PATOS DE MINAS (MG)                      04653W1814S
   766  SAO GONCALO DO ABAETE (MG)               04556W1814S
   767  TRES MARIAS (MG)                         04460W1814S
   768  DIAMANTINA (MG)                          04404W1814S
   769  ITAMARANDIBA (MG)                        04308W1814S
   770  PECANHA (MG)                             04211W1814S
   771  TEOFILO OTONI (MG)                       04115W1814S
   772  NANUQUE (MG)                             04019W1814S
   773  NOVA VICOSA (BA)                         03923W1814S
   774  PROX02: COIMBRA (MS)                     05808W1910S
   775  CORUMBA (MS)                             05711W1910S
   776  PROX01: AQUIDAUANA (MS)                  05615W1910S
   777  RIO VERDE DE MATO GROSSO (MS)            05519W1910S
   778  CAMAPUA (MS)                             05423W1910S
   779  PARAISO (MS)                             05326W1910S
   780  CHAPADAO DO SUL (MS)                     05230W1910S
   781  CASSILANDIA (MS)                         05134W1910S
   782  SAO SIMAO (GO)                           05038W1910S
   783  ITUIUTABA (MG)                           04941W1910S
   784  PRATA (MG)                               04845W1910S
   785  UBERLANDIA (MG)                          04749W1910S
   786  ARAXA (MG)                               04653W1910S
   787  CARMO DO PARANAIBA (MG)                  04556W1910S
   788  POMPEU (MG)                              04460W1910S
   789  SETE LAGOAS (MG)                         04404W1910S
   790  ITABIRA (MG)                             04308W1910S
   791  GOVERNADOR VALADARES (MG)                04211W1910S
   792  BARRA DE SAO FRANCISCO (ES)              04115W1910S
   793  LINHARES (ES)                            04019W1910S
   794  BARRA NOVA (ES)                          03923W1910S
   795  ILHA TRINDADE (ES)                       03000W1910S
   796  COIMBRA (MS)                             05808W2006S
   797  MORRARIA DO SUL (MS)                     05711W2006S
   798  AQUIDAUANA (MS)                          05615W2006S
   799  TERENOS (MS)                             05519W2006S
   800  CAMPO GRANDE (MS)                        05423W2006S
   801  RIBAS DO RIO PARDO (MS)                  05326W2006S
   802  AGUA CLARA (MS)                          05230W2006S
   803  PARANAIBA (MS)                           05134W2006S
   804  FERNANDOPOLIS (SP)                       05038W2006S
   805  VOTUPORANGA (SP)                         04941W2006S
   806  BARRETOS (SP)                            04845W2006S
   807  FRANCA (SP)                              04749W2006S
   808  IBIRACI (MG)                             04653W2006S
   809  LAGOA DA PRATA (MG)                      04556W2006S
   810  DIVINOPOLIS (MG)                         04460W2006S
   811  BELO HORIZONTE (MG)                      04404W2006S
   812  OURO PRETO (MG)                          04308W2006S
   813  CARATINGA (MG)                           04211W2006S
   814  AFONSO CLAUDIO (ES)                      04115W2006S
   815  VITORIA (ES)                             04019W2006S
   816  REGENCIA (ES)                            03923W2006S
   817  PROX01: COIMBRA (MS)                     05808W2102S
   818  PROX01: MORRARIA DO SUL (MS)             05711W2102S
   819  JARDIM (MS)                              05615W2102S
   820  SIDROLANDIA (MS)                         05519W2102S
   821  NOVA ALVORADA DO SUL (MS)                05423W2102S
   822  PROX01: RIBAS DO RIO PARDO (MS)          05326W2102S
   823  BRASILANDIA (MS)                         05230W2102S
   824  TRES LAGOAS (MS)                         05134W2102S
   825  ARACATUBA (SP)                           05038W2102S
   826  SAO JOSE DO RIO PRETO (SP)               04941W2102S
   827  CATANDUVA (SP)                           04845W2102S
   828  RIBEIRAO PRETO (SP)                      04749W2102S
   829  PASSOS (MG)                              04653W2102S
   830  ALFENAS (MG)                             04556W2102S
   831  LAVRAS (MG)                              04460W2102S
   832  BARBACENA (MG)                           04404W2102S
   833  UBA (MG)                                 04308W2102S
   834  MURIAE (MG)                              04211W2102S
   835  CACHOEIRO DE ITAPEMIRIM (ES)             04115W2102S
   836  GUARAPARI (ES)                           04019W2102S
   837  PORTO MURTINHO (MS)                      05808W2158S
   838  CARACOL (MS)                             05711W2158S
   839  BELA VISTA (MS)                          05615W2158S
   840  MARACAJU (MS)                            05519W2158S
   841  DOURADOS (MS)                            05423W2158S
   842  NOVA ANDRADINA (MS)                      05326W2158S
   843  PRESIDENTE EPITACIO (SP)                 05230W2158S
   844  PRESIDENTE PRUDENTE (SP)                 05134W2158S
   845  TUPA (SP)                                05038W2158S
   846  MARILIA (SP)                             04941W2158S
   847  BAURU (SP)                               04845W2158S
   848  ARARAQUARA (SP)                          04749W2158S
   849  POCOS DE CALDAS (MG)                     04653W2158S
   850  POUSO ALEGRE (MG)                        04556W2158S
   851  VARGINHA (MG)                            04460W2158S
   852  VALENCA (RJ)                             04404W2158S
   853  JUIZ DE FORA (MG)                        04308W2158S
   854  NOVA FRIBURGO (RJ)                       04211W2158S
   855  CAMPOS DOS GOYTACAZES (RJ)               04115W2158S
   856  MACHACALIS (MG)                          04019W2158S
   857  PONTA PORA (MS)                          05519W2255S
   858  NAVIRAI (MS)                             05423W2255S
   859  ROSANA (SP)                              05326W2255S
   860  PARANAVAI (PR)                           05230W2255S
   861  LONDRINA (PR)                            05134W2255S
   862  ASSIS (SP)                               05038W2255S
   863  OURINHOS (SP)                            04941W2255S
   864  BOTUCATU (SP)                            04845W2255S
   865  PIRACICABA (SP)                          04749W2255S
   866  CAMPINAS (SP)                            04653W2255S
   867  SAO JOSE DOS CAMPOS (SP)                 04556W2255S
   868  PINDAMONH (SP) - CACH PAULISTA (SP)      04460W2255S
   869  VOLTA REDONDA (RJ)                       04404W2255S
   870  RIO DE JANEIRO (RJ)                      04308W2255S
   871  CABO FRIO (RJ)                           04211W2255S
   872  ANTOFAGASTA (CHILE)                      07019W2351S
   873  SETE QUEDAS (MS)                         05519W2351S
   874  GUAIRA (PR)                              05423W2351S
   875  UMUARAMA (PR)                            05326W2351S
   876  CAMPO MOURAO (PR)                        05230W2351S
   877  MARINGA (PR)                             05134W2351S
   878  ORTIGUEIRA (PR)                          05038W2351S
   879  ITARARE (SP)                             04941W2351S
   880  ITAPEVA (SP)                             04845W2351S
   881  SOROCABA (SP)                            04749W2351S
   882  SAO PAULO (SP)                           04653W2351S
   883  SANTOS (SP)                              04556W2351S
   884  CARAGUATATUBA (SP)                       04460W2351S
   885  ASUNCION (PARAGUAY)                      05711W2447S
   886  MARECHAL CANDIDO RONDON (PR)             05423W2447S
   887  CASCAVEL (PR)                            05326W2447S
   888  GUARANIACU (PR)                          05230W2447S
   889  PITANGA (PR)                             05134W2447S
   890  PONTA GROSSA (PR)                        05038W2447S
   891  CASTRO (PR)                              04941W2447S
   892  APIAI (SP)                               04845W2447S
   893  REGISTRO (SP)                            04749W2447S
   894  PERUIBE (SP)                             04653W2447S
   895  JOHANNESBURG (SOUTH AFRICA)              02808E2543S
   896  FOZ DO IGUACU (PR)                       05423W2543S
   897  FRANCISCO BELTRAO (PR)                   05326W2543S
   898  QUEDAS DO IGUACU (PR)                    05230W2543S
   899  GUARAPUAVA (PR)                          05134W2543S
   900  CANOINHAS (SC)                           05038W2543S
   901  CURITIBA (PR)                            04941W2543S
   902  SAO JOSE DOS PINHAIS (PR)                04845W2543S
   903  PROX01: REGISTRO (SP)                    04749W2543S
   904  SAO MIGUEL D OESTE (SC)                  05326W2639S
   905  CHAPECO (SC)                             05230W2639S
   906  VIDEIRA (SC)                             05134W2639S
   907  CACADOR (SC)                             05038W2639S
   908  SAO BENTO DO SUL (SC)                    04941W2639S
   909  JOINVILLE (SC)                           04845W2639S
   910  SANTIAGO DEL ESTERO (ARGENTINA)          06441W2735S
   911  PORTO XAVIER (RS)                        05519W2735S
   912  SANTA ROSA (RS)                          05423W2735S
   913  PALMEIRA DAS MISSOES (RS)                05326W2735S
   914  ERECHIM (RS)                             05230W2735S
   915  CONCORDIA (SC)                           05134W2735S
   916  LAGES (SC)                               05038W2735S
   917  RIO DO SUL (SC)                          04941W2735S
   918  FLORIANOPOLIS (SC)                       04845W2735S
   919  SAO BORJA (RS)                           05615W2831S
   920  SAO LUIZ GONZAGA (RS)                    05519W2831S
   921  IJUI (RS)                                05423W2831S
   922  CRUZ ALTA (RS)                           05326W2831S
   923  PASSO FUNDO (RS)                         05230W2831S
   924  LAGOA VERMELHA (RS)                      05134W2831S
   925  VACARIA (RS)                             05038W2831S
   926  CRICIUMA (SC)                            04941W2831S
   927  TUBARAO (SC)                             04845W2831S
   928  URUGUAIANA (RS)                          05711W2927S
   929  ALEGRETE (RS)                            05615W2927S
   930  SANTIAGO (RS)                            05519W2927S
   931  SAO PEDRO DO SUL (RS)                    05423W2927S
   932  SANTA MARIA (RS)                         05326W2927S
   933  SANTA CRUZ DO SUL (RS)                   05230W2927S
   934  CAXIAS DO SUL (RS)                       05134W2927S
   935  SAPIRANGA (RS)                           05038W2927S
   936  TORRES (RS)                              04941W2927S
   937  BARRA DO QUARAI (RS)                     05711W3023S
   938  QUARAI (RS)                              05615W3023S
   939  ROSARIO DO SUL (RS)                      05519W3023S
   940  SAO GABRIEL (RS)                         05423W3023S
   941  CACAPAVA DO SUL (RS)                     05326W3023S
   942  CACHOEIRA DO SUL (RS)                    05230W3023S
   943  PORTO ALEGRE (RS)                        05134W3023S
   944  GRAVATAI (RS)                            05038W3023S
   945  TRAMANDAI (RS)                           04941W3023S
   946  CORDOBA (ARGENTINA)                      06345W3119S
   947  ESPINILHO (RS)                           05615W3119S
   948  SANTANA DO LIVRAMENTO (RS)               05519W3119S
   949  BAGE (RS)                                05423W3119S
   950  PIRATINI (RS)                            05326W3119S
   951  PELOTAS (RS)                             05230W3119S
   952  SAO LOURENCO DO SUL (RS)                 05134W3119S
   953  MOSTARDAS (RS)                           05038W3119S
   954  ACEGUA (RS)                              05423W3216S
   955  JAGUARAO (RS)                            05326W3216S
   956  RIO GRANDE (RS)                          05230W3216S
   957  ESTREITO (RS)                            05134W3216S
   958  SANTIAGO (CHILE)                         07019W3312S
   959  SANTA VITORIA DO PALMAR (RS)             05326W3312S
   960  CURRAL ALTO (RS)                         05230W3312S
   961  SYDNEY (AUSTRALIA)                       15056E3408S
   962  BUENOS AIRES (ARGENTINA)                 05808W3408S
   963  CHUI (RS)                                05326W3408S
   964  MONTEVIDEO (URUGUAY)                     05615W3504S
   965  MELBOURNE (AUSTRALIA)                    14519E3752S
   966  MAR DEL PLATA (ARGENTINA)                05711W3752S
   967  BAHIA BLANCA (ARGENTINA)                 06153W3848S
   968  SAN CARLOS DE BARILOCHE (ARGENTINA)      07115W4137S
   969  COMODORO RIVADAVIA (ARGENTINA)           06730W4617S
   970  PUNTA ARENAS (CHILE)                     07115W5250S
   971  BASE COMANDANTE FERRAZ (ANTARTIDA)       05808W6211S



 nTmp =   971 nPmp =   971

  623.44   54.41   18.30  179.01   13.15  -15.44   49.34   95.66  297.26  106.67
 1056.09  204.63  253.33  240.54  200.34  217.44  108.74  943.20  353.42   82.49
   44.87   11.37  407.49  548.73  344.62   85.45  136.22   16.19   -1.83   13.44
    9.23   10.95 2151.82  514.25  -18.17  180.72    5.34  366.95   88.88    0.48
   11.45  871.28  639.14   41.64 1450.77  801.35  712.17  613.37  476.05   79.26
   33.86    1.85  730.06  713.79  546.64  344.30  246.54  229.69  149.78   77.14
   20.41  492.73  520.32  356.79  164.97  111.21  173.07  326.06  316.48  278.41
  245.66  195.83  111.07   36.02    9.99  154.33  124.37  116.97  170.29  283.29
  370.53  342.57  224.80  128.13  129.14  212.65  289.45  298.23  288.19  310.71
  319.38  285.00  246.12  197.32  112.24   33.57    1.46  155.65  132.85  119.37
  123.64  179.17  244.70  236.72  162.14  102.22   88.32  111.96  179.87  249.25
  253.05  235.96  272.56  311.78  289.83  239.00  177.02   89.30   16.85   -4.17
 1773.75  124.75  116.18  104.48   98.16  116.22  127.00   92.39   43.19   31.70
   51.58   76.88  117.09  161.11  170.07  171.73  218.90  271.77  267.50  217.12
  143.29   56.66   -0.26   -6.71    0.73   -0.24    0.21   98.17   97.16   90.58
   74.07   47.81   29.40   24.96   25.86   41.23   72.14   93.98   96.60   93.87
  103.91  136.88  175.93  186.96  154.84   90.07   23.56   -7.69   -0.50   15.86
   24.08   23.84   16.72    8.06   83.65   84.44   83.37   72.00   43.51   34.68
   44.59   32.86   27.68   59.72   78.30   60.11   48.54   56.36   67.74   86.63
  103.21   88.70   47.86   15.71    8.75   20.00   44.01   69.37   70.97   46.91
   25.24   14.51    6.00    9.99   25.72   92.40   75.81   63.01   73.46   60.21
   41.63   45.62   35.92   20.49   36.33   53.53   47.97   46.60   53.92   60.04
   75.17   88.78   78.49   60.10   56.77   58.85   60.98   83.75  121.08  125.60
   84.77   44.16   30.25   35.67   70.46  127.21  144.13   92.44   25.71   85.81
   81.63  106.15   83.67   62.37   83.64   80.34   47.64   40.69   46.52   40.16
   39.18   49.33   60.43   68.70   74.85   90.85  117.97  130.73  124.63  125.66
  134.98  129.95  116.29  125.95  159.86  171.19  133.19   83.15   62.50   81.97
  156.90  266.20  306.74  218.24   85.96   15.13    0.01  115.99  126.29  105.91
   90.40   98.38   88.30   76.90   90.09   90.80   66.19   51.18   55.45   61.42
   62.96   68.65   80.80   87.03   91.49  117.74  155.31  173.92  184.89  207.11
  219.03  202.20  173.70  162.92  184.09  211.31  202.32  161.43  127.90  136.54
  224.53  370.04  436.39  333.94  171.08   90.78   76.67   47.58  148.92  149.79
  153.51  128.21   99.23   92.06   87.88   77.11   76.90   82.52   72.91   61.35
   69.41   82.20   87.00   94.54  105.09  121.20  156.11  193.56  213.52  236.43
  270.79  285.54  265.42  225.35  194.55  208.14  256.55  280.62  255.60  209.62
  189.09  258.25  414.03  508.76  436.81  311.35  266.56  244.78  150.94   34.98
  155.34  192.42  174.83  186.75  175.69  128.99  109.44  104.68   79.88   70.80
   88.68   88.68   74.72   82.07   94.79   93.76  101.87  132.67  178.27  230.59
  268.05  277.51  283.76  305.65  323.67  309.61  258.83  213.20  230.75  296.18
  335.12  321.71  279.35  243.61  286.17  426.78  534.85  514.60  471.04  488.50
  450.90  270.89   69.11  122.39  220.14  208.59  194.63  194.72  157.77  122.44
  115.30  106.12   93.74   91.93   90.92   93.46  106.67  111.56  104.48  115.30
  159.63  227.27  299.89  347.33  348.82  326.96  322.34  336.71  325.23  264.40
  214.11  245.75  324.79  367.09  362.30  338.14  310.55  332.88  432.19  513.79
  515.37  530.08  589.85  543.12  320.63   83.82  102.72  202.99  253.87  221.38
  211.37  195.46  149.78  121.59  124.39  123.65  111.05  110.86  128.81  143.39
  143.11  140.29  149.95  180.66  238.48  312.99  368.87  377.00  350.93  332.54
  333.23  312.48  251.62  217.09  273.82  373.39  424.75  419.88  400.02  386.58
  404.20  456.76  482.15  456.36  456.28  491.84  435.97  244.23   55.66  166.91
  266.21  254.56  226.21  236.25  214.40  164.40  145.58  152.02  158.26  174.65
  195.49  198.09  193.38  197.94  201.27  206.73  239.93  297.66  343.94  356.47
  344.86  329.38  313.01  280.06  237.28  239.25  328.77  458.33  527.45  505.08
  459.68  461.02  504.29  532.71  499.55  418.05  347.68  302.70  226.17  102.38
  306.01  272.06  173.85  170.07  212.71  204.86  177.55  176.69  197.26  228.47
  251.81  253.54  253.52  261.14  256.77  248.96  268.98  307.76  328.70  324.64
  314.91  304.93  282.78  250.47  234.93  271.24  383.48  540.18  631.69  589.72
  512.73  535.88  623.57  638.76  542.29  397.31  260.41  150.27   65.61 2102.05
  184.49  195.69  216.44  244.62  273.07  303.93  329.49  331.36  320.49  324.74
  339.11  335.26  309.96  288.70  281.10  269.17  253.02  259.94  308.78  417.66
  580.99  693.03  653.10  566.52  608.39  721.09  708.09  539.32  334.70  169.94
   57.30   75.36  190.91  190.99  207.49  251.98  321.95  395.63  433.76  422.39
  390.41  370.18  359.94  339.94  312.98  294.93  284.86  287.46  319.28  376.21
  464.47  601.77  711.15  684.37  604.66  646.24  752.79  713.03  495.95  251.63
   85.01    5.09  231.57  305.95  422.88  504.24  493.87  431.06  396.20  412.17
  429.40  403.71  348.50  309.25  328.50  410.78  504.35  576.19  653.52  712.85
  678.39  605.98  637.26  729.28  688.47  467.10  206.89   38.75  391.66  467.21
  446.61  386.73  383.18  452.80  520.70  504.26  409.87  336.79  381.25  534.58
  684.47  744.95  740.78  713.00  653.58  601.96  638.78  717.21  676.44  462.22
  195.72  337.20  349.99  299.42  258.81  301.48  418.95  534.97  556.95  475.56
  407.23  474.96  664.05  835.21  873.75  795.60  694.28  634.75  638.94  699.21
  744.29  666.79  443.49  181.62   14.55 3593.63  309.85  266.27  185.83  145.89
  197.15  327.30  484.37  580.07  571.23  537.50  589.26  731.71  864.40  881.35
  775.49  656.81  636.38  707.52  773.77  749.65  605.39  373.26  144.12    7.71
  315.68  174.86  111.55  131.11  249.20  437.79  603.43  665.78  652.21  648.22
  701.85  789.06  823.40  751.69  659.77  673.33  765.98  795.44  690.50  490.44
  265.36   84.66  193.26  113.76  109.18  220.82  418.67  596.77  669.45  648.66
  605.99  617.03  709.20  802.69  795.67  732.79  737.90  795.34  774.50  626.74
  410.07  193.59   37.73  168.87  116.95  131.12  245.42  411.87  531.66  558.37
  528.09  500.68  533.79  656.76  800.26  851.61  819.84  807.07  820.62  771.71
  623.76  412.97  192.14   30.54    0.42  130.60  146.89  208.15  312.65  408.43
  440.57  418.24  396.99  410.61  470.94  592.42  747.00  857.88  896.24  901.84
  884.09  801.41  636.06  414.44  188.81   31.72  120.93  199.60  301.68  380.08
  398.09  365.94  330.90  335.60  380.55  443.39  535.94  686.34  863.46  988.02
 1012.15  936.03  774.84  553.23  314.54  116.35  116.75  214.73  336.74  395.65
  368.12  317.79  305.39  345.21  416.49  483.95  554.80  686.18  874.45 1006.08
  980.70  812.85  579.33  341.55  142.89   19.68  351.76  330.01  309.33  344.97
  428.31  528.69  600.15  629.16  674.09  759.09  790.23  678.73  467.05  258.51
  105.75  819.94  290.81  315.95  364.17  468.56  598.79  707.38  731.52  647.62
  532.17  458.62  386.86  257.94   97.13  333.89  456.06  626.82  790.93  870.13
  788.14  550.84  290.97  130.49 1387.01  349.92  511.87  719.23  899.75  940.82
  758.30  411.00   97.84  503.76  721.96  915.07  945.28  719.45  334.30  417.83
  188.43  299.90  459.43  670.03  863.57  899.83  681.95  311.69   91.66  163.85
  258.12  385.22  546.56  692.26  715.37  537.95  239.50   62.14  100.60  159.54
  219.54  282.31  349.44  398.91  383.90  268.61   83.35  126.63  173.66  196.13
  195.79  178.24  142.57   94.27   39.29  402.64  146.26  181.36  177.86  147.32
   99.94   38.44  -13.15  140.75  101.52   60.32   16.62 2012.11   50.68   17.69
  229.14   28.68   21.57   31.90  237.81   14.62  104.03 1034.82  199.03  181.47
   29.29


 lVar:
   1   1   1   1   1   1   1   1   1   1
 lVari:
   1   2   3   4   5   6   7   8   9  10
 0
 0
 0
 0
 0
 0
 0
 0
 0
 0
 0
 0
 0
 0
 0
 0
 0
 0
 0
 0
 0
 0
 0
 0
 0
 0
 0
 0
 0
 0
 0
 0
 0
 0
 0
 0
 0
 0
 0
 0
 0
 0
 0
 0
 0
 0
 0
 0
 0
 0
 0
 0
 0
 0
 0
 0
 0
 0
 0
 0
 0
 0
 0
 0
 0
 0
 0
 0
 0
 0
 0
 0
 0
 0
 0
 0
 0
 0
 0
 0
 0
 0
 0
 0
 0
 0
 0
 0
 0
 0
 0
 0
 0
 0
 0
 0
 0
 0
 0
 0
 0
 0
 0
 0
 0
 0
 0
 0
 0
 0
 0
 0
 0
 0
 0
 0
 0
 0
 0
 0
 0
 0
 0
 0
 0
 0
 0
 0
 0
 0
 0
 0
 0
 0
 0
 0
 0
 0
 0
 0
 0
 0
 0
 0
 0
 0
 0
 0
 0
 0
 0
 0
 0
 0
 0
 0
 0
 0
 0
 0
 0
 0
 0
 0
 0
 0
 0
 0
 0
 0
 0
 0
 0
 0
 0
 0
 0
 0
 0
 0
 0
 0
 0
 0
 0
 0
 0
 0
 0
 0
 0
 0
 0
 0
 0
 0
 0
 0
 0
 0
 0
 0
 0
 0
 0
 0
 0
 0
 0
 0
 0
 0
 0
 0
 0
 0
 0
 0
 0
 0
 0
 0
 0
 0
 0
 0
 0
 0
 0
 0
 0
 0
 0
 0
 0
 0
 0
 0
 0
 0
 0
 0
 0
 0
 0
 0
 0
 0
 0
 0
 0
 0
 0
 0
 0
 0
 0
 0
 0
 0
 0
 0
 0
 0
 0
 0
 0
 0
 0
 0
 0
 0
 0
 0
 0
 0
 0
 0
 0
 0
 0
 0
 0
 0
 0
 0
 0
 0
 0
 0
 0
 0
 0
 0
 0
 0
 0
 0
 0
 0
 0
 0
 0
 0
 0
 0
 0
 0
 0
 0
 0
 0
 0
 0
 0
 0
 0
 0
 0
 0
 0
 0
 0
 0
 0
 0
 0
 0
 0
 0
 0
 0
 0
 0
 0
 0
 0
 0
 0
 0
 0
 0
 0
 0
 0
 0
 0
 0
 0
 0
 0
 0
 0
 0
 0
 0
 0
 0
 0
 0
 0
 0
 0
 0
 0
 0
 0
 0
 0
 0
 0
 0
 0
 0
 0
 0
 0
 0
 0
 0
 0
 0
 0
 0
 0
 0
 0
 0
 0
 0
 0
 0
 0
 0
 0
 0
 0
 0
 0
 0
 0
 0
 0
 0
 0
 0
 0
 0
 0
 0
 0
 0
 0
 0
 0
 0
 0
 0
 0
 0
 0
 0
 0
 0
 0
 0
 0
 0
 0
 0
 0
 0
 0
 0
 0
 0
 0
 0
 0
 0
 0
 0
 0
 0
 0
 0
 0
 0
 0
 0
 0
 0
 0
 0
 0
 0
 0
 0
 0
 0
 0
 0
 0
 0
 0
 0
 0
 0
 0
 0
 0
 0
 0
 0
 0
 0
 0
 0
 0
 0
 0
 0
 0
 0
 0
 0
 0
 0
 0
 0
 0
 0
 0
 0
 0
 0
 0
 0
 0
 0
 0
 0
 0
 0
 0
 0
 0
 0
 0
 0
 0
 0
 0
 0
 0
 0
 0
 0
 0
 0
 0
 0
 0
 0
 0
 0
 0
 0
 0
 0
 0
 0
 0
 0
 0
 0
 0
 0
 0
 0
 0
 0
 0
 0
 0
 0
 0
 0
 0
 0
 0
 0
 0
 0
 0
 0
 0
 0
 0
 0
 0
 0
 0
 0
 0
 0
 0
 0
 0
 0
 0
 0
 0
 0
 0
 0
 0
 0
 0
 0
 0
 0
 0
 0
 0
 0
 0
 0
 0
 0
 0
 0
 0
 0
 0
 0
 0
 0
 0
 0
 0
 0
 0
 0
 0
 0
 0
 0
 0
 0
 0
 0
 0
 0
 0
 0
 0
 0
 0
 0
 0
 0
 0
 0
 0
 0
 0
 0
 0
 0
 0
 0
 0
 0
 0
 0
 0
 0
 0
 0
 0
 0
 0
 0
 0
 0
 0
 0
 0
 0
 0
 0
 0
 0
 0
 0
 0
 0
 0
 0
 0
 0
 0
 0
 0
 0
 0
 0
 0
 0
 0
 0
 0
 0
 0
 0
 0
 0
 0
 0
 0
 0
 0
 0
 0
 0
 0
 0
 0
 0
 0
 0
 0
 0
 0
 0
 0
 0
 0
 0
 0
 0
 0
 0
 0
 0
 0
 0
 0
 0
 0
 0
 0
 0
 0
 0
 0
 0
 0
 0
 0
 0
 0
 0
 0
 0
 0
 0
 0
 0
 0
 0
 0
 0
 0
 0
 0
 0
 0
 0
 0
 0
 0
 0
 0
 0
 0
 0
 0
 0
 0
 0
 0
 0
 0
 0
 0
 0
 0
 0
 0
 0
 0
 0
 0
 0
 0
 0
 0
 0
 0
 0
 0
 0
 0
 0
 0
 0
 0
 0
 0
 0
 0
 0
 0
 0
 0
 0
 0
 0
 0
 0
 0
 0
 0
 0
 0
 0
 0
 0
 0
 0
 0
 0
 0
 0
 0
 0
 0
 0
 0
 0
 0
 0
 0
 0
 0
 0
 0
 0
 0
 0
 0
 0
 0
 0
 0
 0
 0
 0
 0
 0
 0
 0
 0
 0
 0
 0
 0
 0
 0
 0
 0
 0
 0
 0
 0
 0
 0
 0
 0
 0
 0
 0
 0
 0
 0
 0
 0
 0
 0
 0
 0
 0
 0
 0
 0
 0
 0
 0
 0
 0
 0
 0
 0
 0
 0
 0
 0
 0
 0
 0
 0
 0
 0
 0
 0
 0
 0
 0
 0
 0
 0
 0
 0
 0
 0
 0
 0
 0
 0
 0
 0
 0
 0
 0
 0
 0
 0
 0
 0
 0
 0
 0
 0
 0
 0
 0
 0
 0
 0
 0
 0
 0
 0
 0
 0
 0
 0
 0
 0
 0
 0
 0
 0
 0
 0
 0
 0
 0
 0
 0
 0
 0
 0
 0
 0
 0
 0
 0
 0
 0
 0
 0
 0
 0
 0
 0
 0
 0
 0
 0
 0
 0
 0
 0
 0
 0
 0
 0
 0
 0
 0
 0
 0
 0
 0
 0
 0
 0
 0
 0
 0
 0
 0
 0
 0
 0
 0
 0
 0
 0
 0
 0
 0
 0
 0
 0
 0
 0
 0
 0
 0
 0
 0
 0
 0
 0
 0
 0
 0
 0
 0
 0
 0
 0
 0
 0
 0
 0
 0
 0
 0
 0
 0
 0
 0
 0
 0
 0
 0
 0
 0
 0
 0
 0
 0
 0
 0
 0
 0
 0
 0
 0
 0
 0
 0
 0
 0
 0
 0
 0
 0
 0
 0
 0
 0
 0
 0
 0
 0
 0
 0
 0
 0
 0
 0
 0
 0
 0
 0
 0
 0
 0
 0
 0
 0
 0
 0
 0
 0
 0
 0
 0
 0
 0
 0
 0
 0
 0
 0
 0
 0
 0
 0
 0
 0
 0
 0
 0
 0
 0
 0
 0
 0
 0
 0
 0
 0
 0
 0
 0
 0
 0
 0
 0
 0
 0
 0
 0
 0
 0
 0
 0
 0
 0
 0
 0
 0
 0
 0
 0
 0
 0
 0
 0
 0
 0
 0
 0
 0
 0
 0
 0
 0
 0
 0
 0
 0
 0
 0
 0
 0
 0
 0
 0
 0
 0
 0
 0
 0
 0
 0
 0
 0
 0
 0
 0
 0
 0
 0
 0
 0
 0
 0
 0
 0
 0
 0
 0
 0
 0
 0
 0
 0
 0
 0
 0
 0
 0
 0
 0
 0
 0
 0
 0
 0
 0
 0
 0
 0
 0
 0
 0
 0
 0
 0
 0
 0
 0
 0
 0
 0
 0
 0
 0
 0
 0
 0
 0
 0
 0
 0
 0
 0
 0
 0
 0
 0
 0
 0
 0
 0
 0
 0
 0
 0
 0
 0
 0
 0
 0
 0
 0
 0
 0
 0
 0
 0
 0
 0
 0
 0
 0
 0
 0
 0
 0
 0
 0
 0
 0
 0
 0
 0
 0
 0
 0
 0
 0
 0
 0
 0
 0
 0
 0
 0
 0
 0
 0
 0
 0
 0
 0
 0
 0
 0
 0
 0
 0
 0
 0
 0
 0
 0
 0
 0
 0
 0
 0
 0
 0
 0
 0
 0
 0
 0
 0
 0
 0
 0
 0
 0
 0
 0
 0
 0
 0
 0
 0
 0
 0
 0
 0
 0
 0
 0
 0
 0
 0
 0
 0
 0
 0
 0
 0
 0
 0
 0
 0
 0
 0
 0
 0
 0
 0
 0
 0
 0
 0
 0
 0
 0
 0
 0
 0
 0
 0
 0
 0
 0
 0
 0
 0
 0
 0
 0
 0
 0
 0
 0
 0
 0
 0
 0
 0
 0
 0
 0
 0
 0
 0
 0
 0
 0
 0
 0
 0
 0
 0
 0
 0
 0
 0
 0
 0
 0
 0
 0
 0
 0
 0
 0
 0
 0
 0
 0
 0
 0
 0
 0
 0
 0
 0
 0
 0
 0
 0
 0
 0
 0
 0
 0
 0
 0
 0
 0
 0
 0
 0
 0
 0
 0
 0
 0
 0
 0
 0
 0
 0
 0
 0
 0
 0
 0
 0
 0
 0
 0
 0
 0
 0
 0
 0
 0
 0
 0
 0
 0
 0
 0
 0
 0
 0
 0
 0
 0
 0
 0
 0
 0
 0
 0
 0
 0
 0
 0
 0
 0
 0
 0
 0
 0
 0
 0
 0
 0
 0
 0
 0
 0
 0
 0
 0
 0
 0
 0
 0
 0
 0
 0
 0
 0
 0
 0
 0
 0
 0
 0
 0
 0
 0
 0
 0
 0
 0
 0
 0
 0
 0
 0
 0
 0
 0
 0
 0
 0
 0
 0
 0
 0
 0
 0
 0
 0
 0
 0
 0
 0
 0
 0
 0
 0
 0
 0
 0
 0
 0
 0
 0
 0
 0
 0
 0
 0
 0
 0
 0
 0
 0
 0
 0
 0
 0
 0
 0
 0
 0
 0
 0
 0
 0
 0
 0
 0
 0
 0
 0
 0
 0
 0
 0
 0
 0
 0
 0
 0
 0
 0
 0
 0
 0
 0
 0
 0
 0
 0
 0
 0
 0
 0
 0
 0
 0
 0
 0
 0
 0
 0
 0
 0
 0
 0
 0
 0
 0
 0
 0
 0
 0
 0
 0
 0
 0
 0
 0
 0
 0
 0
 0
 0
 0
 0
 0
 0
 0
 0
 0
 0
 0
 0
 0
 0
 0
 0
 0
 0
 0
 0
 0
 0
 0
 0
 0
 0
 0
 0
 0
 0
 0
 0
 0
 0
 0
 0
 0
 0
 0
 0
 0
 0
 0
 0
 0
 0
 0
 0
 0
 0
 0
 0
 0
  STOP  End of Grid History Post-Processing
0
 0
 0
 0
 0
 0
 0
 0
 0
 0
 0
 0
 0
 0
 0
 0
 0
 0
 0
 0
 0
 0
 0
 0
 0
 0
 0
 0
 0
 0
 0
 0
 0
 0
 0
 0
 0
 0
 0
 0
 0
 0
 0
 0
 0
 0
 0
 0
 0
 0
 0
 0
 0
 0
 0
 0
 0
 0
 0
 0
 0
 0
 0
 0
 0
 0
 0
 0
 0
 0
 0
 0
 0
 0
 0
 0
 0
 0
 0
 0
 0
 0
 0
 0
 0
 0
 0
 0
 0
 0
 0
 0
 0
 0
 0
 0
 0
 0
 0
 0
 0
 0
 0
 0
 0
 0
 0
 0
 0
 0
 0
 0
 0
 0
 0
 0
 0
 0
 0
 0
 0
 0
 0
 0
 0
 0
 0
 0
 0
 0
 0
 0
 0
 0
 0
 0
 0
 0
 0
 0
 0
 0
 0
 0
 0
 0
 0
 0
 0
 0
 0
 0
 0
 0
 0
 0
 0
 0
 0
 0
 0
 0
 0
 0
 0
 0
 0
 0
 0
 0
 0
 0
 0
 0
 0
 0
 0
 0
 0
 0
 0
 0
 0
 0
 0
 0
 0
 0
 0
 0
 0
 0
 0
 0
 0
 0
 0
 0
 0
 0
 0
 0
 0
 0
 0
 0
 0
 0
 0
 0
 0
 0
 0
 0
 0
 0
 0
 0
 0
 0
 0
 0
 0
 0
 0
 0
 0
 0
 0
 0
 0
 0
 0
 0
 0
 0
 0
 0
 0
 0
 0
 0
 0
 0
 0
 0
 0
 0
 0
 0
 0
 0
 0
 0
 0
 0
 0
 0
 0
 0
 0
 0
 0
 0
 0
 0
 0
 0
 0
 0
 0
 0
 0
 0
 0
 0
 0
 0
 0
 0
 0
 0
 0
 0
 0
 0
 0
 0
 0
 0
 0
 0
 0
 0
 0
 0
 0
 0
 0
 0
 0
 0
 0
 0
 0
 0
 0
 0
 0
 0
 0
 0
 0
 0
 0
 0
 0
 0
 0
 0
 0
 0
 0
 0
 0
 0
 0
 0
 0
 0
 0
 0
 0
 0
 0
 0
 0
 0
 0
 0
 0
 0
 0
 0
 0
 0
 0
 0
 0
 0
 0
 0
 0
 0
 0
 0
 0
 0
 0
 0
 0
 0
 0
 0
 0
 0
 0
 0
 0
 0
 0
 0
 0
 0
 0
 0
 0
 0
 0
 0
 0
 0
 0
 0
 0
 0
 0
 0
 0
 0
 0
 0
 0
 0
 0
 0
 0
 0
 0
 0
 0
 0
 0
 0
 0
 0
 0
 0
 0
 0
 0
 0
 0
 0
 0
 0
 0
 0
 0
 0
 0
 0
 0
 0
 0
 0
 0
 0
 0
 0
 0
 0
 0
 0
 0
 0
 0
 0
 0
 0
 0
 0
 0
 0
 0
 0
 0
 0
 0
 0
 0
 0
 0
 0
 0
 0
 0
 0
 0
 0
 0
 0
 0
 0
 0
 0
 0
 0
 0
 0
 0
 0
 0
 0
 0
 0
 0
 0
 -1
 
 
     ******  Program Information  ******
  Real Time (sec)       :        143.469095
  User Time (sec)       :        131.536806
  Sys  Time (sec)       :          0.508649
  Vector Time (sec)     :         22.174365
  Inst. Count           :       25662899921.
  V. Inst. Count        :         232887035.
  V. Element Count      :        3294588442.
  FLOP Count            :         167862783.
  MOPS                  :        218.376910
  MFLOPS                :          1.276166
  VLEN                  :         14.146723
  V. Op. Ratio (%)      :         11.469571
  Memory Size (MB)      :         80.031250
  MIPS                  :        195.100525
  I-Cache (sec)         :          0.125933
  O-Cache (sec)         :         50.866048
  Bank (sec)            :          0.000206
 
  Start Time (date)  :  2012/02/13 06:24:47
  End   Time (date)  :  2012/02/13 06:27:10
+ exit 0
131.5u 0.6s 2:23 91% 955+34375k 144+156io 0w
logout
