AFD_WORK_DIR
CVSROOT
CVS_RSH
DATUSDIR
FLMOD
F_PROGINF
GADDIR
GASCRP
GAUDFT
GRADSB
GROUP
HOME
HOST
HOSTNAME
HOSTTYPE
IOPERM
KDEDIR
LABELF
LABELI
LABELS
LAMHELPFILE
LANG
LD_LIBRARY_PATH
LESSOPEN
LM_LICENSE_FILE
LOGNAME
LS_COLORS
MACHTYPE
MAIL
MANPATH
NFDAYS
NIVEL
NUMPERT
OPERM
OSTYPE
PATH
PVM_ROOT
PVM_RSH
PWD
QTDIR
REMOTEHOST
RESOL
RMTCPR
RMUSCF
ROPERM
SHELL
SHLVL
SMSNAME
SMSNODE
SMSPASS
SMSTRYNO
SMS_PROG
SOPERM
SSH_ASKPASS
SUPPORTED
TERM
TMP
TMPDIR
TZ
USER
VENDOR
_
AFD_WORK_DIR
CVSROOT
CVS_RSH
DATUSDIR
FLMOD
F_PROGINF
GADDIR
GASCRP
GAUDFT
GRADSB
GROUP
HOME
HOST
HOSTNAME
HOSTTYPE
IOPERM
KDEDIR
LABELF
LABELI
LABELS
LAMHELPFILE
LANG
LD_LIBRARY_PATH
LESSOPEN
LM_LICENSE_FILE
LOGNAME
LS_COLORS
MACHTYPE
MAIL
MANPATH
NFDAYS
NIVEL
NUMPERT
OPERM
OSTYPE
PATH
PVM_ROOT
PVM_RSH
PWD
QTDIR
REMOTEHOST
RESOL
RMTCPR
RMUSCF
ROPERM
SHELL
SHLVL
SMSNAME
SMSNODE
SMSPASS
SMSTRYNO
SMS_PROG
SOPERM
SSH_ASKPASS
SUPPORTED
TERM
TMP
TMPDIR
TZ
USER
VENDOR
_
/bangu/samfs/modoper/tempo/global/oens/nmc/T126L28 
/bangu/samfs/modoper/tempo/global/oens/nmc/T126L28/T126L28/ANL
/bangu/samfs/modoper/tempo/global/oens/nmc/T126L28/T126L28/GFCT
/bangu/samfs/modoper/tempo/global/oens/nmc/T126L28/T126L28/GPOS
/bangu/samfs/modoper/tempo/global/oens/nmc/T126L28/T126L28/GFGH
/bangu/samfs/modoper/tempo/global/oens/nmc/T126L28/T126L28/GPRG
/bangu/samfs/modoper/tempo/global/oens/nmc/T126L28/T126L28/GDHN
/bangu/samfs/modoper/tempo/global/oens/nmc/T126L28/T126L28/PLUMES
/bangu/samfs/modoper/tempo/global/oens/nmc/T126L28/T126L28/ENSMED
/bangu/samfs/modoper/tempo/global/oens/nmc/T126L28/T126L28/RECPRD 
  
rm -f /bangu/samfs/modoper/tempo/global/oens/nmc/T126L28/T126L28/ANL/2011
mkdir /bangu/samfs/modoper/tempo/global/oens/nmc/T126L28/T126L28/ANL/2011
rm -f /bangu/samfs/modoper/tempo/global/oens/nmc/T126L28/T126L28/ANL/2011/10
mkdir /bangu/samfs/modoper/tempo/global/oens/nmc/T126L28/T126L28/ANL/2011/10
rm -f /bangu/samfs/modoper/tempo/global/oens/nmc/T126L28/T126L28/ANL/2011/10/11
mkdir /bangu/samfs/modoper/tempo/global/oens/nmc/T126L28/T126L28/ANL/2011/10/11
  
/bangu/samfs/modoper/tempo/global/oens/nmc/T126L28/T126L28/GFCT/2011 has alread been created
/bangu/samfs/modoper/tempo/global/oens/nmc/T126L28/T126L28/GFCT/2011/10 has alread been created
rm -f /bangu/samfs/modoper/tempo/global/oens/nmc/T126L28/T126L28/GFCT/2011/10/11
mkdir /bangu/samfs/modoper/tempo/global/oens/nmc/T126L28/T126L28/GFCT/2011/10/11
  
rm -f /bangu/samfs/modoper/tempo/global/oens/nmc/T126L28/T126L28/GPOS/2011
mkdir /bangu/samfs/modoper/tempo/global/oens/nmc/T126L28/T126L28/GPOS/2011
rm -f /bangu/samfs/modoper/tempo/global/oens/nmc/T126L28/T126L28/GPOS/2011/10
mkdir /bangu/samfs/modoper/tempo/global/oens/nmc/T126L28/T126L28/GPOS/2011/10
rm -f /bangu/samfs/modoper/tempo/global/oens/nmc/T126L28/T126L28/GPOS/2011/10/11
mkdir /bangu/samfs/modoper/tempo/global/oens/nmc/T126L28/T126L28/GPOS/2011/10/11
  
rm -f /bangu/samfs/modoper/tempo/global/oens/nmc/T126L28/T126L28/GFGH/2011
mkdir /bangu/samfs/modoper/tempo/global/oens/nmc/T126L28/T126L28/GFGH/2011
rm -f /bangu/samfs/modoper/tempo/global/oens/nmc/T126L28/T126L28/GFGH/2011/10
mkdir /bangu/samfs/modoper/tempo/global/oens/nmc/T126L28/T126L28/GFGH/2011/10
rm -f /bangu/samfs/modoper/tempo/global/oens/nmc/T126L28/T126L28/GFGH/2011/10/11
mkdir /bangu/samfs/modoper/tempo/global/oens/nmc/T126L28/T126L28/GFGH/2011/10/11
  
rm -f /bangu/samfs/modoper/tempo/global/oens/nmc/T126L28/T126L28/PLUMES/2011
mkdir /bangu/samfs/modoper/tempo/global/oens/nmc/T126L28/T126L28/PLUMES/2011
rm -f /bangu/samfs/modoper/tempo/global/oens/nmc/T126L28/T126L28/PLUMES/2011/10
mkdir /bangu/samfs/modoper/tempo/global/oens/nmc/T126L28/T126L28/PLUMES/2011/10
rm -f /bangu/samfs/modoper/tempo/global/oens/nmc/T126L28/T126L28/PLUMES/2011/10/11
mkdir /bangu/samfs/modoper/tempo/global/oens/nmc/T126L28/T126L28/PLUMES/2011/10/11
  
rm -f /bangu/samfs/modoper/tempo/global/oens/nmc/T126L28/T126L28/ENSMED/2011
mkdir /bangu/samfs/modoper/tempo/global/oens/nmc/T126L28/T126L28/ENSMED/2011
rm -f /bangu/samfs/modoper/tempo/global/oens/nmc/T126L28/T126L28/ENSMED/2011/10
mkdir /bangu/samfs/modoper/tempo/global/oens/nmc/T126L28/T126L28/ENSMED/2011/10
rm -f /bangu/samfs/modoper/tempo/global/oens/nmc/T126L28/T126L28/ENSMED/2011/10/11
mkdir /bangu/samfs/modoper/tempo/global/oens/nmc/T126L28/T126L28/ENSMED/2011/10/11
  
rm -f /bangu/samfs/modoper/tempo/global/oens/nmc/T126L28/T126L28/RECPRD/GESFAM/2011
mkdir /bangu/samfs/modoper/tempo/global/oens/nmc/T126L28/T126L28/RECPRD/GESFAM/2011
rm -f /bangu/samfs/modoper/tempo/global/oens/nmc/T126L28/T126L28/RECPRD/GESFAM/2011/10
mkdir /bangu/samfs/modoper/tempo/global/oens/nmc/T126L28/T126L28/RECPRD/GESFAM/2011/10
rm -f /bangu/samfs/modoper/tempo/global/oens/nmc/T126L28/T126L28/RECPRD/GESFAM/2011/10/11
mkdir /bangu/samfs/modoper/tempo/global/oens/nmc/T126L28/T126L28/RECPRD/GESFAM/2011/10/11
  
rm -f /bangu/samfs/modoper/tempo/global/oens/nmc/T126L28/T126L28/RECPRD/GHPREC/2011
mkdir /bangu/samfs/modoper/tempo/global/oens/nmc/T126L28/T126L28/RECPRD/GHPREC/2011
rm -f /bangu/samfs/modoper/tempo/global/oens/nmc/T126L28/T126L28/RECPRD/GHPREC/2011/10
mkdir /bangu/samfs/modoper/tempo/global/oens/nmc/T126L28/T126L28/RECPRD/GHPREC/2011/10
rm -f /bangu/samfs/modoper/tempo/global/oens/nmc/T126L28/T126L28/RECPRD/GHPREC/2011/10/11
mkdir /bangu/samfs/modoper/tempo/global/oens/nmc/T126L28/T126L28/RECPRD/GHPREC/2011/10/11
/gfs/dk22/modoper/tempo/global/oens/Chopping has alread been created
/gfs/dk22/modoper/tempo/global/oens/ensmed has alread been created
/gfs/dk22/modoper/tempo/global/oens/eof has alread been created
/gfs/dk22/modoper/tempo/global/oens/model has alread been created
/gfs/dk22/modoper/tempo/global/oens/pos has alread been created
/gfs/dk22/modoper/tempo/global/oens/prcmed has alread been created
/gfs/dk22/modoper/tempo/global/oens/rdpert has alread been created
/gfs/dk22/modoper/tempo/global/oens/recanl has alread been created
/gfs/dk22/modoper/tempo/global/oens/recfct has alread been created
