Warning: no access to tty (Bad file descriptor).
Thus no job control in this shell.
vt100
======================================
Welcome to tupay: Linux 2.4.18-nec3.3.060 ia64
Today is Sun Oct  9 19:32:47 GST 2011
======================================
sx6
PNT-EN
2011100919:32:47

/gfs/home3/modoper/tempo/global/oens
/gfs/home3/modoper/tempo/global/oens
/gfs/dk22/modoper/tempo/global/oens
week mean prec probability  -- Run script ...
week mean prec probability  -- SUBMITTED TO NQS QUEUE ...
qsub -q PNT-EN /gfs/home3/modoper/tempo/global/oens/run/setprobagrT126L28.sx6


Script: /gfs/home3/modoper/tempo/global/oens/run/setprobagrT126L28.sx6
Fila: PNT-EN
Rodando Sem Label(SMS)...
Rodando Sem Medidor(SMS)...


Stdout = /gfs/home3/modoper/tempo/global/oens/run/setout/setprobagrT126L28.sx6.2011100919:32:47.

+--------------------------------------------+
Job       Status       Elapse        User Time
                         
+--------------------------------------------+

+--------------------------------------------+
Job       Status       Elapse        User Time
setproba  QUE          0             0.00
+--------------------------------------------+
99773.siox.cpte setproba modoper PNT-EN 0 QUE - 0.00B 0.00 0 Y Y 1
+--------------------------------------------+
Job       Status       Elapse        User Time
setproba  RUN          51             16.24
+--------------------------------------------+
99773.siox.cpte setproba modoper PNT-EN 0 RUN - 30.30M 16.24 51 Y Y 1
/gfs/dk22/modoper/tempo/global/oens/probagr/gif has already been created
nblst=3
T126L28 T126 2011100912 3 05 4 /gfs/dk22/modoper/tempo/global/oens/probagr/dataout/T126L28 /gfs/dk22/modoper/tempo/global/oens/probagr/gif

Grid Analysis and Display System (GrADS) Version 1.8SL11
Copyright (c) 1988-2001 by Brian Doty 
Center for Ocean-Land-Atmosphere Studies
Institute for Global Environment and Society 
All Rights Reserved

Config: v1.8SL11 32-bit little-endian readline printim

Issue 'q config' command for more information.

GX Package Initialization: Size = 11 8.5 
Running in Batch mode
ga-> run plot_precprob_agric.gs
Enter with: resol trc labeli nblst ndacc noutpday dirbct dirfig
resol   : T126L28
trc     : T126
labeli  : 2011100912
nblst   : 3
ndacc   : 05
noutpday: 4
dirbct  : /gfs/dk22/modoper/tempo/global/oens/probagr/dataout/T126L28
dirfig  : /gfs/dk22/modoper/tempo/global/oens/probagr/gif
flist=filefct2011100912.T126
No hardcopy metafile open
All files closed; all defined objects released
All GrADS attributes have been reinitialized
open /gfs/dk22/modoper/tempo/global/oens/probagr/dataout/T126L28/wmaprecprob20111009122011101412.T126L28.ctl
set t -19 1
Time = 12Z09OCT2011 to 12Z14OCT2011  Sun to Fri

labelii= 12Z09OCT2011
labelff= 12Z14OCT2011
No hardcopy metafile open
All files closed; all defined objects released
All GrADS attributes have been reinitialized
open /gfs/dk22/modoper/tempo/global/oens/probagr/dataout/T126L28/wmaprecprob20111009122011101912.T126L28.ctl
set t -19 1
Time = 12Z14OCT2011 to 12Z19OCT2011  Fri to Wed

labelii= 12Z14OCT2011
labelff= 12Z19OCT2011
No hardcopy metafile open
All files closed; all defined objects released
All GrADS attributes have been reinitialized
open /gfs/dk22/modoper/tempo/global/oens/probagr/dataout/T126L28/wmaprecprob20111009122011102412.T126L28.ctl
set t -19 1
Time = 12Z19OCT2011 to 12Z24OCT2011  Wed to Mon

labelii= 12Z19OCT2011
labelff= 12Z24OCT2011
No hardcopy metafile open
GX package terminated 
LABELI=2011100912
LABELF=2011102412
sx6
Expressa
2011100919:35:11
out
/gfs/home3/modoper/tempo/global/oens
/gfs/home3/modoper/tempo/global/oens
/gfs/dk22/modoper/tempo/global/oens
weekly prec probability  -- Run script ...
weekly prec probability  -- SUBMITTED TO NQS QUEUE ...
qsub -q Expressa /gfs/home3/modoper/tempo/global/oens/run/setprobweekT126L28.sx6


Script: /gfs/home3/modoper/tempo/global/oens/run/setprobweekT126L28.sx6
Fila: Expressa
SmsLabel: Info
Rodando Sem Medidor(SMS)...


Stdout = /gfs/home3/modoper/tempo/global/oens/run/setout/setprobweekT126L28.sx6.2011100919:35:11.out

+--------------------------------------------+
Job       Status       Elapse        User Time
                         
+--------------------------------------------+

+--------------------------------------------+
Job       Status       Elapse        User Time
                         
+--------------------------------------------+

