stty: : Invalid argument
vt100
resize:  can't open terminal /dev/tty
======================================
Welcome to tupan01: SUPER-UX 14.1 SX-6
Today is Sun Oct  9 16:16:55 GMT 2011
======================================
runperreco1.sx6 126 28 07 2011100912 15 NO 07 
sx6
2011100916:16
out
/gfs/home3/modoper/tempo/global/oens
/gfs/home3/modoper/tempo/global/oens
/gfs/dk22/modoper/tempo/global/oens
/gfs/dk22/modoper/tempo/global/oens/model/datain
/gfs/home3/modoper/tempo/global/oens/run/setperreco.1.07T126L28.sx6
Date: 20111009
Hour: 16:16
2011100912


rm: ERROR: Cannot access templ072011100912: No such file or directory
-rw-r--r--    1 modoper  pnt             200 Oct  9 16:16 /gfs/home3/modoper/tempo/global/oens/eof/datain/templ072011100912
ls: ERROR: Cannot access /gfs/dk22/modoper/tempo/global/oens/recfct/dataout/T126L28/GFCT07R2011100912*.fct*: No such file or directory
sx6
PNT-EN
11100916:16
out
/gfs/home3/modoper/tempo/global/oens
/gfs/home3/modoper/tempo/global/oens
/gfs/dk22/modoper/tempo/global/oens
/gfs/dk22/modoper/tempo/global/oens/model/datain
/gfs/home3/modoper/tempo/global/oens/run/setrecfct.1.FCT07RT126L28.sx6
Date: 20111009
Hour: 16:16
FCT07R
2011100912
2011100915
GFCT07R
GFCT07R
GFCT07R
F.fct
F.fct
R.fct
/gfs/home3/modoper/tempo/global/oens
/gfs/home3/modoper/tempo/global/oens
/gfs/dk22/modoper/tempo/global/oens
/gfs/dk22/modoper/tempo/global/oens/model/datain
run
run
GFCT07R20111009122011100915F.fct.T126L28
/gfs/home3/modoper/tempo/global/oens/recfct/datain/GFCT07R20111009122011100915F.fct.T126L28
+ echo Recomposition  -x-  RUNNING ...
Recomposition  -x-  RUNNING ...
+ source=/gfs/home3/modoper/tempo/global/oens/recfct/source
+ bin=/gfs/home3/modoper/tempo/global/oens/recfct/bin/T126L28
+ input=/gfs/home3/modoper/tempo/global/oens/recfct/datain
+ out=/gfs/home3/modoper/tempo/global/oens/recfct/output
+ echo run
run
+ [ run = make ]
+ echo run
run
+ [ run = clean ]
+ cd /gfs/home3/modoper/tempo/global/oens/recfct/bin/T126L28
+ echo ./recfct.T126L28 < /gfs/home3/modoper/tempo/global/oens/recfct/datain/recfctFCT07R.nml > /gfs/home3/modoper/tempo/global/oens/recfct/output/recfct.out.2011100912.16:16.T126L28
./recfct.T126L28 < /gfs/home3/modoper/tempo/global/oens/recfct/datain/recfctFCT07R.nml > /gfs/home3/modoper/tempo/global/oens/recfct/output/recfct.out.2011100912.16:16.T126L28
+ ./recfct.T126L28
+ 0< /gfs/home3/modoper/tempo/global/oens/recfct/datain/recfctFCT07R.nml 1> /gfs/home3/modoper/tempo/global/oens/recfct/output/recfct.out.2011100912.16:16.T126L28
 
 
     ******  Program Information  ******
  Real Time (sec)       :         16.539742
  User Time (sec)       :          4.135884
  Sys  Time (sec)       :          0.065642
  Vector Time (sec)     :          0.345508
  Inst. Count           :        1596986079.
  V. Inst. Count        :          16052480.
  V. Element Count      :        1289251883.
  FLOP Count            :         534710005.
  MOPS                  :        693.971487
  MFLOPS                :        129.285546
  VLEN                  :         80.314810
  V. Op. Ratio (%)      :         44.918765
  Memory Size (MB)      :        192.031250
  MIPS                  :        386.129332
  I-Cache (sec)         :          0.000788
  O-Cache (sec)         :          0.875831
  Bank (sec)            :          0.001190
 
  Start Time (date)  :  2011/10/09 16:16:58
  End   Time (date)  :  2011/10/09 16:17:14
-rw-r--r--    1 modoper  pnt             400 Oct  9 16:17 /gfs/home3/modoper/tempo/global/oens/eof/datain/templ072011100912
sx6
PNT-EN
11100916:17
out
/gfs/home3/modoper/tempo/global/oens
/gfs/home3/modoper/tempo/global/oens
/gfs/dk22/modoper/tempo/global/oens
/gfs/dk22/modoper/tempo/global/oens/model/datain
/gfs/home3/modoper/tempo/global/oens/run/setrecfct.1.FCT07RT126L28.sx6
Date: 20111009
Hour: 16:17
FCT07R
2011100912
2011100918
GFCT07R
GFCT07R
GFCT07R
F.fct
F.fct
R.fct
/gfs/home3/modoper/tempo/global/oens
/gfs/home3/modoper/tempo/global/oens
/gfs/dk22/modoper/tempo/global/oens
/gfs/dk22/modoper/tempo/global/oens/model/datain
run
run
GFCT07R20111009122011100918F.fct.T126L28
/gfs/home3/modoper/tempo/global/oens/recfct/datain/GFCT07R20111009122011100918F.fct.T126L28
+ echo Recomposition  -x-  RUNNING ...
Recomposition  -x-  RUNNING ...
+ source=/gfs/home3/modoper/tempo/global/oens/recfct/source
+ bin=/gfs/home3/modoper/tempo/global/oens/recfct/bin/T126L28
+ input=/gfs/home3/modoper/tempo/global/oens/recfct/datain
+ out=/gfs/home3/modoper/tempo/global/oens/recfct/output
+ echo run
run
+ [ run = make ]
+ echo run
run
+ [ run = clean ]
+ cd /gfs/home3/modoper/tempo/global/oens/recfct/bin/T126L28
+ echo ./recfct.T126L28 < /gfs/home3/modoper/tempo/global/oens/recfct/datain/recfctFCT07R.nml > /gfs/home3/modoper/tempo/global/oens/recfct/output/recfct.out.2011100912.16:17.T126L28
./recfct.T126L28 < /gfs/home3/modoper/tempo/global/oens/recfct/datain/recfctFCT07R.nml > /gfs/home3/modoper/tempo/global/oens/recfct/output/recfct.out.2011100912.16:17.T126L28
+ ./recfct.T126L28
+ 0< /gfs/home3/modoper/tempo/global/oens/recfct/datain/recfctFCT07R.nml 1> /gfs/home3/modoper/tempo/global/oens/recfct/output/recfct.out.2011100912.16:17.T126L28
 
 
     ******  Program Information  ******
  Real Time (sec)       :         11.235566
  User Time (sec)       :          4.133392
  Sys  Time (sec)       :          0.089834
  Vector Time (sec)     :          0.345077
  Inst. Count           :        1596986079.
  V. Inst. Count        :          16052480.
  V. Element Count      :        1289251883.
  FLOP Count            :         534710005.
  MOPS                  :        694.389926
  MFLOPS                :        129.363500
  VLEN                  :         80.314810
  V. Op. Ratio (%)      :         44.918765
  Memory Size (MB)      :        192.031250
  MIPS                  :        386.362154
  I-Cache (sec)         :          0.003555
  O-Cache (sec)         :          0.874086
  Bank (sec)            :          0.001191
 
  Start Time (date)  :  2011/10/09 16:17:15
  End   Time (date)  :  2011/10/09 16:17:27
-rw-r--r--    1 modoper  pnt             600 Oct  9 16:17 /gfs/home3/modoper/tempo/global/oens/eof/datain/templ072011100912
sx6
PNT-EN
11100916:17
out
/gfs/home3/modoper/tempo/global/oens
/gfs/home3/modoper/tempo/global/oens
/gfs/dk22/modoper/tempo/global/oens
/gfs/dk22/modoper/tempo/global/oens/model/datain
/gfs/home3/modoper/tempo/global/oens/run/setrecfct.1.FCT07RT126L28.sx6
Date: 20111009
Hour: 16:17
FCT07R
2011100912
2011100921
GFCT07R
GFCT07R
GFCT07R
F.fct
F.fct
R.fct
/gfs/home3/modoper/tempo/global/oens
/gfs/home3/modoper/tempo/global/oens
/gfs/dk22/modoper/tempo/global/oens
/gfs/dk22/modoper/tempo/global/oens/model/datain
run
run
GFCT07R20111009122011100921F.fct.T126L28
/gfs/home3/modoper/tempo/global/oens/recfct/datain/GFCT07R20111009122011100921F.fct.T126L28
+ echo Recomposition  -x-  RUNNING ...
Recomposition  -x-  RUNNING ...
+ source=/gfs/home3/modoper/tempo/global/oens/recfct/source
+ bin=/gfs/home3/modoper/tempo/global/oens/recfct/bin/T126L28
+ input=/gfs/home3/modoper/tempo/global/oens/recfct/datain
+ out=/gfs/home3/modoper/tempo/global/oens/recfct/output
+ echo run
run
+ [ run = make ]
+ echo run
run
+ [ run = clean ]
+ cd /gfs/home3/modoper/tempo/global/oens/recfct/bin/T126L28
+ echo ./recfct.T126L28 < /gfs/home3/modoper/tempo/global/oens/recfct/datain/recfctFCT07R.nml > /gfs/home3/modoper/tempo/global/oens/recfct/output/recfct.out.2011100912.16:17.T126L28
./recfct.T126L28 < /gfs/home3/modoper/tempo/global/oens/recfct/datain/recfctFCT07R.nml > /gfs/home3/modoper/tempo/global/oens/recfct/output/recfct.out.2011100912.16:17.T126L28
+ ./recfct.T126L28
+ 0< /gfs/home3/modoper/tempo/global/oens/recfct/datain/recfctFCT07R.nml 1> /gfs/home3/modoper/tempo/global/oens/recfct/output/recfct.out.2011100912.16:17.T126L28
 
 
     ******  Program Information  ******
  Real Time (sec)       :         12.427084
  User Time (sec)       :          4.135790
  Sys  Time (sec)       :          0.063623
  Vector Time (sec)     :          0.346873
  Inst. Count           :        1596986079.
  V. Inst. Count        :          16052480.
  V. Element Count      :        1289251883.
  FLOP Count            :         534710005.
  MOPS                  :        693.987320
  MFLOPS                :        129.288496
  VLEN                  :         80.314810
  V. Op. Ratio (%)      :         44.918765
  Memory Size (MB)      :        192.031250
  MIPS                  :        386.138142
  I-Cache (sec)         :          0.000983
  O-Cache (sec)         :          0.874860
  Bank (sec)            :          0.001190
 
  Start Time (date)  :  2011/10/09 16:17:28
  End   Time (date)  :  2011/10/09 16:17:40
-rw-r--r--    1 modoper  pnt             800 Oct  9 16:17 /gfs/home3/modoper/tempo/global/oens/eof/datain/templ072011100912
sx6
PNT-EN
11100916:17
out
/gfs/home3/modoper/tempo/global/oens
/gfs/home3/modoper/tempo/global/oens
/gfs/dk22/modoper/tempo/global/oens
/gfs/dk22/modoper/tempo/global/oens/model/datain
/gfs/home3/modoper/tempo/global/oens/run/setrecfct.1.FCT07RT126L28.sx6
Date: 20111009
Hour: 16:17
FCT07R
2011100912
2011101000
GFCT07R
GFCT07R
GFCT07R
F.fct
F.fct
R.fct
/gfs/home3/modoper/tempo/global/oens
/gfs/home3/modoper/tempo/global/oens
/gfs/dk22/modoper/tempo/global/oens
/gfs/dk22/modoper/tempo/global/oens/model/datain
run
run
GFCT07R20111009122011101000F.fct.T126L28
/gfs/home3/modoper/tempo/global/oens/recfct/datain/GFCT07R20111009122011101000F.fct.T126L28
+ echo Recomposition  -x-  RUNNING ...
Recomposition  -x-  RUNNING ...
+ source=/gfs/home3/modoper/tempo/global/oens/recfct/source
+ bin=/gfs/home3/modoper/tempo/global/oens/recfct/bin/T126L28
+ input=/gfs/home3/modoper/tempo/global/oens/recfct/datain
+ out=/gfs/home3/modoper/tempo/global/oens/recfct/output
+ echo run
run
+ [ run = make ]
+ echo run
run
+ [ run = clean ]
+ cd /gfs/home3/modoper/tempo/global/oens/recfct/bin/T126L28
+ echo ./recfct.T126L28 < /gfs/home3/modoper/tempo/global/oens/recfct/datain/recfctFCT07R.nml > /gfs/home3/modoper/tempo/global/oens/recfct/output/recfct.out.2011100912.16:17.T126L28
./recfct.T126L28 < /gfs/home3/modoper/tempo/global/oens/recfct/datain/recfctFCT07R.nml > /gfs/home3/modoper/tempo/global/oens/recfct/output/recfct.out.2011100912.16:17.T126L28
+ ./recfct.T126L28
+ 0< /gfs/home3/modoper/tempo/global/oens/recfct/datain/recfctFCT07R.nml 1> /gfs/home3/modoper/tempo/global/oens/recfct/output/recfct.out.2011100912.16:17.T126L28
 
 
     ******  Program Information  ******
  Real Time (sec)       :         17.750427
  User Time (sec)       :          4.131031
  Sys  Time (sec)       :          0.102979
  Vector Time (sec)     :          0.343844
  Inst. Count           :        1596986079.
  V. Inst. Count        :          16052480.
  V. Element Count      :        1289251883.
  FLOP Count            :         534710005.
  MOPS                  :        694.786710
  MFLOPS                :        129.437420
  VLEN                  :         80.314810
  V. Op. Ratio (%)      :         44.918765
  Memory Size (MB)      :        192.031250
  MIPS                  :        386.582927
  I-Cache (sec)         :          0.004241
  O-Cache (sec)         :          0.872681
  Bank (sec)            :          0.001192
 
  Start Time (date)  :  2011/10/09 16:17:41
  End   Time (date)  :  2011/10/09 16:17:59
-rw-r--r--    1 modoper  pnt            1000 Oct  9 16:17 /gfs/home3/modoper/tempo/global/oens/eof/datain/templ072011100912
sx6
PNT-EN
11100916:17
out
/gfs/home3/modoper/tempo/global/oens
/gfs/home3/modoper/tempo/global/oens
/gfs/dk22/modoper/tempo/global/oens
/gfs/dk22/modoper/tempo/global/oens/model/datain
/gfs/home3/modoper/tempo/global/oens/run/setrecfct.1.FCT07RT126L28.sx6
Date: 20111009
Hour: 16:18
FCT07R
2011100912
2011101003
GFCT07R
GFCT07R
GFCT07R
F.fct
F.fct
R.fct
/gfs/home3/modoper/tempo/global/oens
/gfs/home3/modoper/tempo/global/oens
/gfs/dk22/modoper/tempo/global/oens
/gfs/dk22/modoper/tempo/global/oens/model/datain
run
run
GFCT07R20111009122011101003F.fct.T126L28
/gfs/home3/modoper/tempo/global/oens/recfct/datain/GFCT07R20111009122011101003F.fct.T126L28
+ echo Recomposition  -x-  RUNNING ...
Recomposition  -x-  RUNNING ...
+ source=/gfs/home3/modoper/tempo/global/oens/recfct/source
+ bin=/gfs/home3/modoper/tempo/global/oens/recfct/bin/T126L28
+ input=/gfs/home3/modoper/tempo/global/oens/recfct/datain
+ out=/gfs/home3/modoper/tempo/global/oens/recfct/output
+ echo run
run
+ [ run = make ]
+ echo run
run
+ [ run = clean ]
+ cd /gfs/home3/modoper/tempo/global/oens/recfct/bin/T126L28
+ echo ./recfct.T126L28 < /gfs/home3/modoper/tempo/global/oens/recfct/datain/recfctFCT07R.nml > /gfs/home3/modoper/tempo/global/oens/recfct/output/recfct.out.2011100912.16:18.T126L28
./recfct.T126L28 < /gfs/home3/modoper/tempo/global/oens/recfct/datain/recfctFCT07R.nml > /gfs/home3/modoper/tempo/global/oens/recfct/output/recfct.out.2011100912.16:18.T126L28
+ ./recfct.T126L28
+ 0< /gfs/home3/modoper/tempo/global/oens/recfct/datain/recfctFCT07R.nml 1> /gfs/home3/modoper/tempo/global/oens/recfct/output/recfct.out.2011100912.16:18.T126L28
 
 
     ******  Program Information  ******
  Real Time (sec)       :         20.585682
  User Time (sec)       :          4.126252
  Sys  Time (sec)       :          0.101703
  Vector Time (sec)     :          0.342733
  Inst. Count           :        1596986079.
  V. Inst. Count        :          16052480.
  V. Element Count      :        1289251883.
  FLOP Count            :         534710005.
  MOPS                  :        695.591489
  MFLOPS                :        129.587349
  VLEN                  :         80.314810
  V. Op. Ratio (%)      :         44.918765
  Memory Size (MB)      :        192.031250
  MIPS                  :        387.030710
  I-Cache (sec)         :          0.003877
  O-Cache (sec)         :          0.869486
  Bank (sec)            :          0.001192
 
  Start Time (date)  :  2011/10/09 16:18:00
  End   Time (date)  :  2011/10/09 16:18:21
-rw-r--r--    1 modoper  pnt            1200 Oct  9 16:18 /gfs/home3/modoper/tempo/global/oens/eof/datain/templ072011100912
sx6
PNT-EN
11100916:18
out
/gfs/home3/modoper/tempo/global/oens
/gfs/home3/modoper/tempo/global/oens
/gfs/dk22/modoper/tempo/global/oens
/gfs/dk22/modoper/tempo/global/oens/model/datain
/gfs/home3/modoper/tempo/global/oens/run/setrecfct.1.FCT07RT126L28.sx6
Date: 20111009
Hour: 16:18
FCT07R
2011100912
2011101006
GFCT07R
GFCT07R
GFCT07R
F.fct
F.fct
R.fct
/gfs/home3/modoper/tempo/global/oens
/gfs/home3/modoper/tempo/global/oens
/gfs/dk22/modoper/tempo/global/oens
/gfs/dk22/modoper/tempo/global/oens/model/datain
run
run
GFCT07R20111009122011101006F.fct.T126L28
/gfs/home3/modoper/tempo/global/oens/recfct/datain/GFCT07R20111009122011101006F.fct.T126L28
+ echo Recomposition  -x-  RUNNING ...
Recomposition  -x-  RUNNING ...
+ source=/gfs/home3/modoper/tempo/global/oens/recfct/source
+ bin=/gfs/home3/modoper/tempo/global/oens/recfct/bin/T126L28
+ input=/gfs/home3/modoper/tempo/global/oens/recfct/datain
+ out=/gfs/home3/modoper/tempo/global/oens/recfct/output
+ echo run
run
+ [ run = make ]
+ echo run
run
+ [ run = clean ]
+ cd /gfs/home3/modoper/tempo/global/oens/recfct/bin/T126L28
+ echo ./recfct.T126L28 < /gfs/home3/modoper/tempo/global/oens/recfct/datain/recfctFCT07R.nml > /gfs/home3/modoper/tempo/global/oens/recfct/output/recfct.out.2011100912.16:18.T126L28
./recfct.T126L28 < /gfs/home3/modoper/tempo/global/oens/recfct/datain/recfctFCT07R.nml > /gfs/home3/modoper/tempo/global/oens/recfct/output/recfct.out.2011100912.16:18.T126L28
+ ./recfct.T126L28
+ 0< /gfs/home3/modoper/tempo/global/oens/recfct/datain/recfctFCT07R.nml 1> /gfs/home3/modoper/tempo/global/oens/recfct/output/recfct.out.2011100912.16:18.T126L28
 
 
     ******  Program Information  ******
  Real Time (sec)       :         11.315195
  User Time (sec)       :          4.123761
  Sys  Time (sec)       :          0.064438
  Vector Time (sec)     :          0.343294
  Inst. Count           :        1596986079.
  V. Inst. Count        :          16052480.
  V. Element Count      :        1289251883.
  FLOP Count            :         534710005.
  MOPS                  :        696.011673
  MFLOPS                :        129.665629
  VLEN                  :         80.314810
  V. Op. Ratio (%)      :         44.918765
  Memory Size (MB)      :        192.031250
  MIPS                  :        387.264503
  I-Cache (sec)         :          0.001034
  O-Cache (sec)         :          0.866490
  Bank (sec)            :          0.001192
 
  Start Time (date)  :  2011/10/09 16:18:22
  End   Time (date)  :  2011/10/09 16:18:33
-rw-r--r--    1 modoper  pnt            1400 Oct  9 16:18 /gfs/home3/modoper/tempo/global/oens/eof/datain/templ072011100912
sx6
PNT-EN
11100916:18
out
/gfs/home3/modoper/tempo/global/oens
/gfs/home3/modoper/tempo/global/oens
/gfs/dk22/modoper/tempo/global/oens
/gfs/dk22/modoper/tempo/global/oens/model/datain
/gfs/home3/modoper/tempo/global/oens/run/setrecfct.1.FCT07RT126L28.sx6
Date: 20111009
Hour: 16:18
FCT07R
2011100912
2011101009
GFCT07R
GFCT07R
GFCT07R
F.fct
F.fct
R.fct
/gfs/home3/modoper/tempo/global/oens
/gfs/home3/modoper/tempo/global/oens
/gfs/dk22/modoper/tempo/global/oens
/gfs/dk22/modoper/tempo/global/oens/model/datain
run
run
GFCT07R20111009122011101009F.fct.T126L28
/gfs/home3/modoper/tempo/global/oens/recfct/datain/GFCT07R20111009122011101009F.fct.T126L28
+ echo Recomposition  -x-  RUNNING ...
Recomposition  -x-  RUNNING ...
+ source=/gfs/home3/modoper/tempo/global/oens/recfct/source
+ bin=/gfs/home3/modoper/tempo/global/oens/recfct/bin/T126L28
+ input=/gfs/home3/modoper/tempo/global/oens/recfct/datain
+ out=/gfs/home3/modoper/tempo/global/oens/recfct/output
+ echo run
run
+ [ run = make ]
+ echo run
run
+ [ run = clean ]
+ cd /gfs/home3/modoper/tempo/global/oens/recfct/bin/T126L28
+ echo ./recfct.T126L28 < /gfs/home3/modoper/tempo/global/oens/recfct/datain/recfctFCT07R.nml > /gfs/home3/modoper/tempo/global/oens/recfct/output/recfct.out.2011100912.16:18.T126L28
./recfct.T126L28 < /gfs/home3/modoper/tempo/global/oens/recfct/datain/recfctFCT07R.nml > /gfs/home3/modoper/tempo/global/oens/recfct/output/recfct.out.2011100912.16:18.T126L28
+ ./recfct.T126L28
+ 0< /gfs/home3/modoper/tempo/global/oens/recfct/datain/recfctFCT07R.nml 1> /gfs/home3/modoper/tempo/global/oens/recfct/output/recfct.out.2011100912.16:18.T126L28
 
 
     ******  Program Information  ******
  Real Time (sec)       :          8.994594
  User Time (sec)       :          4.127065
  Sys  Time (sec)       :          0.069659
  Vector Time (sec)     :          0.343986
  Inst. Count           :        1596986079.
  V. Inst. Count        :          16052480.
  V. Element Count      :        1289251883.
  FLOP Count            :         534710005.
  MOPS                  :        695.454410
  MFLOPS                :        129.561812
  VLEN                  :         80.314810
  V. Op. Ratio (%)      :         44.918765
  Memory Size (MB)      :        192.031250
  MIPS                  :        386.954439
  I-Cache (sec)         :          0.001740
  O-Cache (sec)         :          0.868812
  Bank (sec)            :          0.001191
 
  Start Time (date)  :  2011/10/09 16:18:34
  End   Time (date)  :  2011/10/09 16:18:43
-rw-r--r--    1 modoper  pnt            1600 Oct  9 16:18 /gfs/home3/modoper/tempo/global/oens/eof/datain/templ072011100912
sx6
PNT-EN
11100916:18
out
/gfs/home3/modoper/tempo/global/oens
/gfs/home3/modoper/tempo/global/oens
/gfs/dk22/modoper/tempo/global/oens
/gfs/dk22/modoper/tempo/global/oens/model/datain
/gfs/home3/modoper/tempo/global/oens/run/setrecfct.1.FCT07RT126L28.sx6
Date: 20111009
Hour: 16:18
FCT07R
2011100912
2011101012
GFCT07R
GFCT07R
GFCT07R
F.fct
F.fct
R.fct
/gfs/home3/modoper/tempo/global/oens
/gfs/home3/modoper/tempo/global/oens
/gfs/dk22/modoper/tempo/global/oens
/gfs/dk22/modoper/tempo/global/oens/model/datain
run
run
GFCT07R20111009122011101012F.fct.T126L28
/gfs/home3/modoper/tempo/global/oens/recfct/datain/GFCT07R20111009122011101012F.fct.T126L28
+ echo Recomposition  -x-  RUNNING ...
Recomposition  -x-  RUNNING ...
+ source=/gfs/home3/modoper/tempo/global/oens/recfct/source
+ bin=/gfs/home3/modoper/tempo/global/oens/recfct/bin/T126L28
+ input=/gfs/home3/modoper/tempo/global/oens/recfct/datain
+ out=/gfs/home3/modoper/tempo/global/oens/recfct/output
+ echo run
run
+ [ run = make ]
+ echo run
run
+ [ run = clean ]
+ cd /gfs/home3/modoper/tempo/global/oens/recfct/bin/T126L28
+ echo ./recfct.T126L28 < /gfs/home3/modoper/tempo/global/oens/recfct/datain/recfctFCT07R.nml > /gfs/home3/modoper/tempo/global/oens/recfct/output/recfct.out.2011100912.16:18.T126L28
./recfct.T126L28 < /gfs/home3/modoper/tempo/global/oens/recfct/datain/recfctFCT07R.nml > /gfs/home3/modoper/tempo/global/oens/recfct/output/recfct.out.2011100912.16:18.T126L28
+ ./recfct.T126L28
+ 0< /gfs/home3/modoper/tempo/global/oens/recfct/datain/recfctFCT07R.nml 1> /gfs/home3/modoper/tempo/global/oens/recfct/output/recfct.out.2011100912.16:18.T126L28
 
 
     ******  Program Information  ******
  Real Time (sec)       :         18.348642
  User Time (sec)       :          4.131219
  Sys  Time (sec)       :          0.066326
  Vector Time (sec)     :          0.345878
  Inst. Count           :        1596986110.
  V. Inst. Count        :          16052480.
  V. Element Count      :        1289251883.
  FLOP Count            :         534710006.
  MOPS                  :        694.755101
  MFLOPS                :        129.431531
  VLEN                  :         80.314810
  V. Op. Ratio (%)      :         44.918765
  Memory Size (MB)      :        192.031250
  MIPS                  :        386.565342
  I-Cache (sec)         :          0.000788
  O-Cache (sec)         :          0.871333
  Bank (sec)            :          0.001191
 
  Start Time (date)  :  2011/10/09 16:18:44
  End   Time (date)  :  2011/10/09 16:19:03
-rw-r--r--    1 modoper  pnt            1800 Oct  9 16:19 /gfs/home3/modoper/tempo/global/oens/eof/datain/templ072011100912
sx6
PNT-EN
11100916:19
out
/gfs/home3/modoper/tempo/global/oens
/gfs/home3/modoper/tempo/global/oens
/gfs/dk22/modoper/tempo/global/oens
/gfs/dk22/modoper/tempo/global/oens/model/datain
/gfs/home3/modoper/tempo/global/oens/run/setrecfct.1.FCT07RT126L28.sx6
Date: 20111009
Hour: 16:19
FCT07R
2011100912
2011101015
GFCT07R
GFCT07R
GFCT07R
F.fct
F.fct
R.fct
/gfs/home3/modoper/tempo/global/oens
/gfs/home3/modoper/tempo/global/oens
/gfs/dk22/modoper/tempo/global/oens
/gfs/dk22/modoper/tempo/global/oens/model/datain
run
run
GFCT07R20111009122011101015F.fct.T126L28
/gfs/home3/modoper/tempo/global/oens/recfct/datain/GFCT07R20111009122011101015F.fct.T126L28
+ echo Recomposition  -x-  RUNNING ...
Recomposition  -x-  RUNNING ...
+ source=/gfs/home3/modoper/tempo/global/oens/recfct/source
+ bin=/gfs/home3/modoper/tempo/global/oens/recfct/bin/T126L28
+ input=/gfs/home3/modoper/tempo/global/oens/recfct/datain
+ out=/gfs/home3/modoper/tempo/global/oens/recfct/output
+ echo run
run
+ [ run = make ]
+ echo run
run
+ [ run = clean ]
+ cd /gfs/home3/modoper/tempo/global/oens/recfct/bin/T126L28
+ echo ./recfct.T126L28 < /gfs/home3/modoper/tempo/global/oens/recfct/datain/recfctFCT07R.nml > /gfs/home3/modoper/tempo/global/oens/recfct/output/recfct.out.2011100912.16:19.T126L28
./recfct.T126L28 < /gfs/home3/modoper/tempo/global/oens/recfct/datain/recfctFCT07R.nml > /gfs/home3/modoper/tempo/global/oens/recfct/output/recfct.out.2011100912.16:19.T126L28
+ ./recfct.T126L28
+ 0< /gfs/home3/modoper/tempo/global/oens/recfct/datain/recfctFCT07R.nml 1> /gfs/home3/modoper/tempo/global/oens/recfct/output/recfct.out.2011100912.16:19.T126L28
 
 
     ******  Program Information  ******
  Real Time (sec)       :          7.696800
  User Time (sec)       :          4.124829
  Sys  Time (sec)       :          0.062858
  Vector Time (sec)     :          0.343263
  Inst. Count           :        1596986110.
  V. Inst. Count        :          16052480.
  V. Element Count      :        1289251883.
  FLOP Count            :         534710006.
  MOPS                  :        695.831379
  MFLOPS                :        129.632039
  VLEN                  :         80.314810
  V. Op. Ratio (%)      :         44.918765
  Memory Size (MB)      :        192.031250
  MIPS                  :        387.164189
  I-Cache (sec)         :          0.001249
  O-Cache (sec)         :          0.867424
  Bank (sec)            :          0.001192
 
  Start Time (date)  :  2011/10/09 16:19:04
  End   Time (date)  :  2011/10/09 16:19:12
-rw-r--r--    1 modoper  pnt            2000 Oct  9 16:19 /gfs/home3/modoper/tempo/global/oens/eof/datain/templ072011100912
sx6
PNT-EN
11100916:19
out
/gfs/home3/modoper/tempo/global/oens
/gfs/home3/modoper/tempo/global/oens
/gfs/dk22/modoper/tempo/global/oens
/gfs/dk22/modoper/tempo/global/oens/model/datain
/gfs/home3/modoper/tempo/global/oens/run/setrecfct.1.FCT07RT126L28.sx6
Date: 20111009
Hour: 16:19
FCT07R
2011100912
2011101018
GFCT07R
GFCT07R
GFCT07R
F.fct
F.fct
R.fct
/gfs/home3/modoper/tempo/global/oens
/gfs/home3/modoper/tempo/global/oens
/gfs/dk22/modoper/tempo/global/oens
/gfs/dk22/modoper/tempo/global/oens/model/datain
run
run
GFCT07R20111009122011101018F.fct.T126L28
/gfs/home3/modoper/tempo/global/oens/recfct/datain/GFCT07R20111009122011101018F.fct.T126L28
+ echo Recomposition  -x-  RUNNING ...
Recomposition  -x-  RUNNING ...
+ source=/gfs/home3/modoper/tempo/global/oens/recfct/source
+ bin=/gfs/home3/modoper/tempo/global/oens/recfct/bin/T126L28
+ input=/gfs/home3/modoper/tempo/global/oens/recfct/datain
+ out=/gfs/home3/modoper/tempo/global/oens/recfct/output
+ echo run
run
+ [ run = make ]
+ echo run
run
+ [ run = clean ]
+ cd /gfs/home3/modoper/tempo/global/oens/recfct/bin/T126L28
+ echo ./recfct.T126L28 < /gfs/home3/modoper/tempo/global/oens/recfct/datain/recfctFCT07R.nml > /gfs/home3/modoper/tempo/global/oens/recfct/output/recfct.out.2011100912.16:19.T126L28
./recfct.T126L28 < /gfs/home3/modoper/tempo/global/oens/recfct/datain/recfctFCT07R.nml > /gfs/home3/modoper/tempo/global/oens/recfct/output/recfct.out.2011100912.16:19.T126L28
+ ./recfct.T126L28
+ 0< /gfs/home3/modoper/tempo/global/oens/recfct/datain/recfctFCT07R.nml 1> /gfs/home3/modoper/tempo/global/oens/recfct/output/recfct.out.2011100912.16:19.T126L28
 
 
     ******  Program Information  ******
  Real Time (sec)       :         11.370237
  User Time (sec)       :          4.128892
  Sys  Time (sec)       :          0.066388
  Vector Time (sec)     :          0.343558
  Inst. Count           :        1596986110.
  V. Inst. Count        :          16052480.
  V. Element Count      :        1289251883.
  FLOP Count            :         534710006.
  MOPS                  :        695.146595
  MFLOPS                :        129.504465
  VLEN                  :         80.314810
  V. Op. Ratio (%)      :         44.918765
  Memory Size (MB)      :        192.031250
  MIPS                  :        386.783172
  I-Cache (sec)         :          0.000784
  O-Cache (sec)         :          0.870412
  Bank (sec)            :          0.001190
 
  Start Time (date)  :  2011/10/09 16:19:13
  End   Time (date)  :  2011/10/09 16:19:24
-rw-r--r--    1 modoper  pnt            2200 Oct  9 16:19 /gfs/home3/modoper/tempo/global/oens/eof/datain/templ072011100912
sx6
PNT-EN
11100916:19
out
/gfs/home3/modoper/tempo/global/oens
/gfs/home3/modoper/tempo/global/oens
/gfs/dk22/modoper/tempo/global/oens
/gfs/dk22/modoper/tempo/global/oens/model/datain
/gfs/home3/modoper/tempo/global/oens/run/setrecfct.1.FCT07RT126L28.sx6
Date: 20111009
Hour: 16:19
FCT07R
2011100912
2011101021
GFCT07R
GFCT07R
GFCT07R
F.fct
F.fct
R.fct
/gfs/home3/modoper/tempo/global/oens
/gfs/home3/modoper/tempo/global/oens
/gfs/dk22/modoper/tempo/global/oens
/gfs/dk22/modoper/tempo/global/oens/model/datain
run
run
GFCT07R20111009122011101021F.fct.T126L28
/gfs/home3/modoper/tempo/global/oens/recfct/datain/GFCT07R20111009122011101021F.fct.T126L28
+ echo Recomposition  -x-  RUNNING ...
Recomposition  -x-  RUNNING ...
+ source=/gfs/home3/modoper/tempo/global/oens/recfct/source
+ bin=/gfs/home3/modoper/tempo/global/oens/recfct/bin/T126L28
+ input=/gfs/home3/modoper/tempo/global/oens/recfct/datain
+ out=/gfs/home3/modoper/tempo/global/oens/recfct/output
+ echo run
run
+ [ run = make ]
+ echo run
run
+ [ run = clean ]
+ cd /gfs/home3/modoper/tempo/global/oens/recfct/bin/T126L28
+ echo ./recfct.T126L28 < /gfs/home3/modoper/tempo/global/oens/recfct/datain/recfctFCT07R.nml > /gfs/home3/modoper/tempo/global/oens/recfct/output/recfct.out.2011100912.16:19.T126L28
./recfct.T126L28 < /gfs/home3/modoper/tempo/global/oens/recfct/datain/recfctFCT07R.nml > /gfs/home3/modoper/tempo/global/oens/recfct/output/recfct.out.2011100912.16:19.T126L28
+ ./recfct.T126L28
+ 0< /gfs/home3/modoper/tempo/global/oens/recfct/datain/recfctFCT07R.nml 1> /gfs/home3/modoper/tempo/global/oens/recfct/output/recfct.out.2011100912.16:19.T126L28
 
 
     ******  Program Information  ******
  Real Time (sec)       :          9.710503
  User Time (sec)       :          4.122736
  Sys  Time (sec)       :          0.068943
  Vector Time (sec)     :          0.342447
  Inst. Count           :        1596986110.
  V. Inst. Count        :          16052480.
  V. Element Count      :        1289251883.
  FLOP Count            :         534710006.
  MOPS                  :        696.184622
  MFLOPS                :        129.697848
  VLEN                  :         80.314810
  V. Op. Ratio (%)      :         44.918765
  Memory Size (MB)      :        192.031250
  MIPS                  :        387.360736
  I-Cache (sec)         :          0.001779
  O-Cache (sec)         :          0.865922
  Bank (sec)            :          0.001192
 
  Start Time (date)  :  2011/10/09 16:19:26
  End   Time (date)  :  2011/10/09 16:19:35
-rw-r--r--    1 modoper  pnt            2400 Oct  9 16:19 /gfs/home3/modoper/tempo/global/oens/eof/datain/templ072011100912
sx6
PNT-EN
11100916:19
out
/gfs/home3/modoper/tempo/global/oens
/gfs/home3/modoper/tempo/global/oens
/gfs/dk22/modoper/tempo/global/oens
/gfs/dk22/modoper/tempo/global/oens/model/datain
/gfs/home3/modoper/tempo/global/oens/run/setrecfct.1.FCT07RT126L28.sx6
Date: 20111009
Hour: 16:19
FCT07R
2011100912
2011101100
GFCT07R
GFCT07R
GFCT07R
F.fct
F.fct
R.fct
/gfs/home3/modoper/tempo/global/oens
/gfs/home3/modoper/tempo/global/oens
/gfs/dk22/modoper/tempo/global/oens
/gfs/dk22/modoper/tempo/global/oens/model/datain
run
run
GFCT07R20111009122011101100F.fct.T126L28
/gfs/home3/modoper/tempo/global/oens/recfct/datain/GFCT07R20111009122011101100F.fct.T126L28
+ echo Recomposition  -x-  RUNNING ...
Recomposition  -x-  RUNNING ...
+ source=/gfs/home3/modoper/tempo/global/oens/recfct/source
+ bin=/gfs/home3/modoper/tempo/global/oens/recfct/bin/T126L28
+ input=/gfs/home3/modoper/tempo/global/oens/recfct/datain
+ out=/gfs/home3/modoper/tempo/global/oens/recfct/output
+ echo run
run
+ [ run = make ]
+ echo run
run
+ [ run = clean ]
+ cd /gfs/home3/modoper/tempo/global/oens/recfct/bin/T126L28
+ echo ./recfct.T126L28 < /gfs/home3/modoper/tempo/global/oens/recfct/datain/recfctFCT07R.nml > /gfs/home3/modoper/tempo/global/oens/recfct/output/recfct.out.2011100912.16:19.T126L28
./recfct.T126L28 < /gfs/home3/modoper/tempo/global/oens/recfct/datain/recfctFCT07R.nml > /gfs/home3/modoper/tempo/global/oens/recfct/output/recfct.out.2011100912.16:19.T126L28
+ ./recfct.T126L28
+ 0< /gfs/home3/modoper/tempo/global/oens/recfct/datain/recfctFCT07R.nml 1> /gfs/home3/modoper/tempo/global/oens/recfct/output/recfct.out.2011100912.16:19.T126L28
 
 
     ******  Program Information  ******
  Real Time (sec)       :          7.300285
  User Time (sec)       :          4.122050
  Sys  Time (sec)       :          0.065300
  Vector Time (sec)     :          0.342086
  Inst. Count           :        1596986079.
  V. Inst. Count        :          16052480.
  V. Element Count      :        1289251883.
  FLOP Count            :         534710005.
  MOPS                  :        696.300502
  MFLOPS                :        129.719437
  VLEN                  :         80.314810
  V. Op. Ratio (%)      :         44.918765
  Memory Size (MB)      :        192.031250
  MIPS                  :        387.425208
  I-Cache (sec)         :          0.001654
  O-Cache (sec)         :          0.865390
  Bank (sec)            :          0.001192
 
  Start Time (date)  :  2011/10/09 16:19:37
  End   Time (date)  :  2011/10/09 16:19:45
sx6
2011100916:19
out
/gfs/home3/modoper/tempo/global/oens
/gfs/home3/modoper/tempo/global/oens
/gfs/dk22/modoper/tempo/global/oens
/gfs/dk22/modoper/tempo/global/oens/model/datain
/gfs/home3/modoper/tempo/global/oens/run/seteofs.1.07T126L28.sx6
07
Date: 20111009
Hour: 16:19
2011100912
/gfs/home3/modoper/tempo/global/oens
/gfs/home3/modoper/tempo/global/oens
/gfs/dk22/modoper/tempo/global/oens
/gfs/dk22/modoper/tempo/global/oens/model/datain
run
run
Vai chamar eoft
+ echo EOFT           -x-  RUNNING ...
EOFT           -x-  RUNNING ...
+ source=/gfs/home3/modoper/tempo/global/oens/eoftemp/source
+ bin=/gfs/home3/modoper/tempo/global/oens/eof/bin/T126L28
+ inp=/gfs/home3/modoper/tempo/global/oens/eof/datain
+ outp=/gfs/home3/modoper/tempo/global/oens/eoftemp/output
+ echo run
run
+ [ run = make ]
+ echo run
run
+ [ run = clean ]
+ cd /gfs/home3/modoper/tempo/global/oens/eof/bin/T126L28
+ echo ./eoftem.T126L28 < /gfs/home3/modoper/tempo/global/oens/eof/datain/eoftem07.nml > /gfs/home3/modoper/tempo/global/oens/eoftemp/output/eoftem.2011100912.16:19.T126L28
./eoftem.T126L28 < /gfs/home3/modoper/tempo/global/oens/eof/datain/eoftem07.nml > /gfs/home3/modoper/tempo/global/oens/eoftemp/output/eoftem.2011100912.16:19.T126L28
+ ./eoftem.T126L28
+ 0< /gfs/home3/modoper/tempo/global/oens/eof/datain/eoftem07.nml 1> /gfs/home3/modoper/tempo/global/oens/eoftemp/output/eoftem.2011100912.16:19.T126L28
 entrou no eoft fortran
 &DATAIN DIRI=/gfs/home3/modoper/tempo/global/oens/eof/datain/                ,
 DIRA=/gfs/dk22/modoper/tempo/global/oens/model/datain/               ,
 DIRO=/gfs/dk22/modoper/tempo/global/oens/eof/dataout/T126L28/        ,
 NAMEL=templ072011100912                                               ,
 ANAME=GANLAVN2011100912R.unf.T126L28                                                      ,
 TEMOUT=temout072011100912                                              ,
 TEMPCM=tempcm072011100912                                              ,
 TEMPER1=tempe1072011100912                                              ,
 TEMPEN1=tempn1072011100912                                               /
 
 
     ******  Program Information  ******
  Real Time (sec)       :         21.481778
  User Time (sec)       :          6.580339
  Sys  Time (sec)       :          0.385226
  Vector Time (sec)     :          5.900688
  Inst. Count           :         597133398.
  V. Inst. Count        :          72972065.
  V. Element Count      :        9156489542.
  FLOP Count            :        3164565527.
  MOPS                  :       1471.147850
  MFLOPS                :        480.912268
  VLEN                  :        125.479381
  V. Op. Ratio (%)      :         94.585474
  Memory Size (MB)      :        304.031250
  MIPS                  :         90.745088
  I-Cache (sec)         :          0.004029
  O-Cache (sec)         :          0.003766
  Bank (sec)            :          0.281368
 
  Start Time (date)  :  2011/10/09 16:19:47
  End   Time (date)  :  2011/10/09 16:20:08
Vai chamar eofw
+ echo EOFW           -x-  RUNNING ...
EOFW           -x-  RUNNING ...
+ source=/gfs/home3/modoper/tempo/global/oens/eofwind/source
+ bin=/gfs/home3/modoper/tempo/global/oens/eof/bin/T126L28
+ out=/gfs/dk22/modoper/tempo/global/oens/eof/dataout/T126L28
+ inp=/gfs/home3/modoper/tempo/global/oens/eof/datain
+ outp=/gfs/home3/modoper/tempo/global/oens/eofwind/output
+ echo run
run
+ [ run = make ]
+ echo run
run
+ [ run = clean ]
+ cd /gfs/home3/modoper/tempo/global/oens/eof/bin/T126L28
+ echo ./eofwin.T126L28 < /gfs/home3/modoper/tempo/global/oens/eof/datain/eofwin07.nml > /gfs/home3/modoper/tempo/global/oens/eofwind/output/eofwin.2011100912.16:19.T126L28
./eofwin.T126L28 < /gfs/home3/modoper/tempo/global/oens/eof/datain/eofwin07.nml > /gfs/home3/modoper/tempo/global/oens/eofwind/output/eofwin.2011100912.16:19.T126L28
+ ./eofwin.T126L28
+ 0< /gfs/home3/modoper/tempo/global/oens/eof/datain/eofwin07.nml 1> /gfs/home3/modoper/tempo/global/oens/eofwind/output/eofwin.2011100912.16:19.T126L28
 
 
     ******  Program Information  ******
  Real Time (sec)       :         71.530138
  User Time (sec)       :         11.986494
  Sys  Time (sec)       :          0.634017
  Vector Time (sec)     :         10.943185
  Inst. Count           :        1009389041.
  V. Inst. Count        :         235339329.
  V. Element Count      :       26880732787.
  FLOP Count            :        7609521075.
  MOPS                  :       2307.161896
  MFLOPS                :        634.841264
  VLEN                  :        114.221167
  V. Op. Ratio (%)      :         97.201028
  Memory Size (MB)      :        624.031250
  MIPS                  :         84.210532
  I-Cache (sec)         :          0.008943
  O-Cache (sec)         :          0.019051
  Bank (sec)            :          0.599880
 
  Start Time (date)  :  2011/10/09 16:20:08
  End   Time (date)  :  2011/10/09 16:21:20
sx6
2011100916:21
out
/gfs/home3/modoper/tempo/global/oens
/gfs/home3/modoper/tempo/global/oens
/gfs/dk22/modoper/tempo/global/oens
/gfs/dk22/modoper/tempo/global/oens/model/datain
/gfs/home3/modoper/tempo/global/oens/run/setdeco07T126L28.sx6
Date: 20111009
Hour: 16:21
2011100912
/gfs/home3/modoper/tempo/global/oens
/gfs/home3/modoper/tempo/global/oens
/gfs/dk22/modoper/tempo/global/oens
/gfs/dk22/modoper/tempo/global/oens/model/datain
run
run
+ echo Decomposition  -x-  RUNNING ...
Decomposition  -x-  RUNNING ...
+ source=/gfs/home3/modoper/tempo/global/oens/decanl/source
+ bin=/gfs/home3/modoper/tempo/global/oens/decanl/bin/T126L28
+ input=/gfs/home3/modoper/tempo/global/oens/decanl/datain
+ out=/gfs/home3/modoper/tempo/global/oens/decanl/output
+ echo run
run
+ [ run = make ]
+ echo run
run
+ [ run = clean ]
+ cd /gfs/home3/modoper/tempo/global/oens/decanl/bin/T126L28
+ ./decanl.T126L28
+ 0< /gfs/home3/modoper/tempo/global/oens/decanl/datain/decanl07.nml 1> /gfs/home3/modoper/tempo/global/oens/decanl/output/decanl.2011100912.16:21.T126L28
 
 
     ******  Program Information  ******
  Real Time (sec)       :          2.094211
  User Time (sec)       :          0.819448
  Sys  Time (sec)       :          0.060154
  Vector Time (sec)     :          0.628135
  Inst. Count           :         173583932.
  V. Inst. Count        :          21078079.
  V. Element Count      :        2292782635.
  FLOP Count            :         590251095.
  MOPS                  :       2984.068793
  MFLOPS                :        720.303507
  VLEN                  :        108.775692
  V. Op. Ratio (%)      :         93.763278
  Memory Size (MB)      :        192.031250
  MIPS                  :        211.830382
  I-Cache (sec)         :          0.000840
  O-Cache (sec)         :          0.026590
  Bank (sec)            :          0.015384
 
  Start Time (date)  :  2011/10/09 16:21:21
  End   Time (date)  :  2011/10/09 16:21:23
+ echo Decomposition  -x-  RUNNING ...
Decomposition  -x-  RUNNING ...
+ source=/gfs/home3/modoper/tempo/global/oens/decanl/source
+ bin=/gfs/home3/modoper/tempo/global/oens/decanl/bin/T126L28
+ input=/gfs/home3/modoper/tempo/global/oens/decanl/datain
+ out=/gfs/home3/modoper/tempo/global/oens/decanl/output
+ echo run
run
+ [ run = make ]
+ echo run
run
+ [ run = clean ]
+ cd /gfs/home3/modoper/tempo/global/oens/decanl/bin/T126L28
+ ./decanl.T126L28
+ 0< /gfs/home3/modoper/tempo/global/oens/decanl/datain/decanl07.nml 1> /gfs/home3/modoper/tempo/global/oens/decanl/output/decanl.2011100912.16:21.T126L28
 
 
     ******  Program Information  ******
  Real Time (sec)       :          1.389406
  User Time (sec)       :          0.819604
  Sys  Time (sec)       :          0.054418
  Vector Time (sec)     :          0.628128
  Inst. Count           :         173583827.
  V. Inst. Count        :          21078079.
  V. Element Count      :        2292782629.
  FLOP Count            :         590251095.
  MOPS                  :       2983.500129
  MFLOPS                :        720.166273
  VLEN                  :        108.775692
  V. Op. Ratio (%)      :         93.763282
  Memory Size (MB)      :        192.031250
  MIPS                  :        211.789896
  I-Cache (sec)         :          0.000849
  O-Cache (sec)         :          0.026610
  Bank (sec)            :          0.015382
 
  Start Time (date)  :  2011/10/09 16:21:23
  End   Time (date)  :  2011/10/09 16:21:24
logout
