stty: : Invalid argument
vt100
resize:  can't open terminal /dev/tty
======================================
Welcome to tupan00: SUPER-UX 14.1 SX-6
Today is Sun Feb 12 16:40:53 GMT 2012
======================================
runperreco1.sx6 126 28 04 2012021212 15 NO 07 
sx6
2012021216:40
out
/gfs/home3/modoper/tempo/global/oens
/gfs/home3/modoper/tempo/global/oens
/gfs/dk22/modoper/tempo/global/oens
/gfs/dk22/modoper/tempo/global/oens/model/datain
/gfs/home3/modoper/tempo/global/oens/run/setperreco.1.04T126L28.sx6
Date: 20120212
Hour: 16:40
2012021212


rm: ERROR: Cannot access templ042012021212: No such file or directory
-rw-r--r--    1 modoper  pnt             200 Feb 12 16:40 /gfs/home3/modoper/tempo/global/oens/eof/datain/templ042012021212
ls: ERROR: Cannot access /gfs/dk22/modoper/tempo/global/oens/recfct/dataout/T126L28/GFCT04R2012021212*.fct*: No such file or directory
sx6
PNT-EN
12021216:40
out
/gfs/home3/modoper/tempo/global/oens
/gfs/home3/modoper/tempo/global/oens
/gfs/dk22/modoper/tempo/global/oens
/gfs/dk22/modoper/tempo/global/oens/model/datain
/gfs/home3/modoper/tempo/global/oens/run/setrecfct.1.FCT04RT126L28.sx6
Date: 20120212
Hour: 16:40
FCT04R
2012021212
2012021215
GFCT04R
GFCT04R
GFCT04R
F.fct
F.fct
R.fct
/gfs/home3/modoper/tempo/global/oens
/gfs/home3/modoper/tempo/global/oens
/gfs/dk22/modoper/tempo/global/oens
/gfs/dk22/modoper/tempo/global/oens/model/datain
run
run
GFCT04R20120212122012021215F.fct.T126L28
/gfs/home3/modoper/tempo/global/oens/recfct/datain/GFCT04R20120212122012021215F.fct.T126L28
+ echo Recomposition  -x-  RUNNING ...
Recomposition  -x-  RUNNING ...
+ source=/gfs/home3/modoper/tempo/global/oens/recfct/source
+ bin=/gfs/home3/modoper/tempo/global/oens/recfct/bin/T126L28
+ input=/gfs/home3/modoper/tempo/global/oens/recfct/datain
+ out=/gfs/home3/modoper/tempo/global/oens/recfct/output
+ echo run
run
+ [ run = make ]
+ echo run
run
+ [ run = clean ]
+ cd /gfs/home3/modoper/tempo/global/oens/recfct/bin/T126L28
+ echo ./recfct.T126L28 < /gfs/home3/modoper/tempo/global/oens/recfct/datain/recfctFCT04R.nml > /gfs/home3/modoper/tempo/global/oens/recfct/output/recfct.out.2012021212.16:40.T126L28
./recfct.T126L28 < /gfs/home3/modoper/tempo/global/oens/recfct/datain/recfctFCT04R.nml > /gfs/home3/modoper/tempo/global/oens/recfct/output/recfct.out.2012021212.16:40.T126L28
+ ./recfct.T126L28
+ 0< /gfs/home3/modoper/tempo/global/oens/recfct/datain/recfctFCT04R.nml 1> /gfs/home3/modoper/tempo/global/oens/recfct/output/recfct.out.2012021212.16:40.T126L28
 
 
     ******  Program Information  ******
  Real Time (sec)       :          5.962127
  User Time (sec)       :          4.119071
  Sys  Time (sec)       :          0.063067
  Vector Time (sec)     :          0.341669
  Inst. Count           :        1596986079.
  V. Inst. Count        :          16052480.
  V. Element Count      :        1289251883.
  FLOP Count            :         534710005.
  MOPS                  :        696.804047
  MFLOPS                :        129.813246
  VLEN                  :         80.314810
  V. Op. Ratio (%)      :         44.918765
  Memory Size (MB)      :        192.031250
  MIPS                  :        387.705383
  I-Cache (sec)         :          0.000802
  O-Cache (sec)         :          0.858326
  Bank (sec)            :          0.001191
 
  Start Time (date)  :  2012/02/12 16:40:56
  End   Time (date)  :  2012/02/12 16:41:02
-rw-r--r--    1 modoper  pnt             400 Feb 12 16:41 /gfs/home3/modoper/tempo/global/oens/eof/datain/templ042012021212
sx6
PNT-EN
12021216:41
out
/gfs/home3/modoper/tempo/global/oens
/gfs/home3/modoper/tempo/global/oens
/gfs/dk22/modoper/tempo/global/oens
/gfs/dk22/modoper/tempo/global/oens/model/datain
/gfs/home3/modoper/tempo/global/oens/run/setrecfct.1.FCT04RT126L28.sx6
Date: 20120212
Hour: 16:41
FCT04R
2012021212
2012021218
GFCT04R
GFCT04R
GFCT04R
F.fct
F.fct
R.fct
/gfs/home3/modoper/tempo/global/oens
/gfs/home3/modoper/tempo/global/oens
/gfs/dk22/modoper/tempo/global/oens
/gfs/dk22/modoper/tempo/global/oens/model/datain
run
run
GFCT04R20120212122012021218F.fct.T126L28
/gfs/home3/modoper/tempo/global/oens/recfct/datain/GFCT04R20120212122012021218F.fct.T126L28
+ echo Recomposition  -x-  RUNNING ...
Recomposition  -x-  RUNNING ...
+ source=/gfs/home3/modoper/tempo/global/oens/recfct/source
+ bin=/gfs/home3/modoper/tempo/global/oens/recfct/bin/T126L28
+ input=/gfs/home3/modoper/tempo/global/oens/recfct/datain
+ out=/gfs/home3/modoper/tempo/global/oens/recfct/output
+ echo run
run
+ [ run = make ]
+ echo run
run
+ [ run = clean ]
+ cd /gfs/home3/modoper/tempo/global/oens/recfct/bin/T126L28
+ echo ./recfct.T126L28 < /gfs/home3/modoper/tempo/global/oens/recfct/datain/recfctFCT04R.nml > /gfs/home3/modoper/tempo/global/oens/recfct/output/recfct.out.2012021212.16:41.T126L28
./recfct.T126L28 < /gfs/home3/modoper/tempo/global/oens/recfct/datain/recfctFCT04R.nml > /gfs/home3/modoper/tempo/global/oens/recfct/output/recfct.out.2012021212.16:41.T126L28
+ ./recfct.T126L28
+ 0< /gfs/home3/modoper/tempo/global/oens/recfct/datain/recfctFCT04R.nml 1> /gfs/home3/modoper/tempo/global/oens/recfct/output/recfct.out.2012021212.16:41.T126L28
 
 
     ******  Program Information  ******
  Real Time (sec)       :          5.986447
  User Time (sec)       :          4.134353
  Sys  Time (sec)       :          0.112881
  Vector Time (sec)     :          0.344920
  Inst. Count           :        1596986079.
  V. Inst. Count        :          16052480.
  V. Element Count      :        1289251883.
  FLOP Count            :         534710005.
  MOPS                  :        694.228516
  MFLOPS                :        129.333430
  VLEN                  :         80.314810
  V. Op. Ratio (%)      :         44.918765
  Memory Size (MB)      :        192.031250
  MIPS                  :        386.272345
  I-Cache (sec)         :          0.005448
  O-Cache (sec)         :          0.869984
  Bank (sec)            :          0.001190
 
  Start Time (date)  :  2012/02/12 16:41:03
  End   Time (date)  :  2012/02/12 16:41:09
-rw-r--r--    1 modoper  pnt             600 Feb 12 16:41 /gfs/home3/modoper/tempo/global/oens/eof/datain/templ042012021212
sx6
PNT-EN
12021216:41
out
/gfs/home3/modoper/tempo/global/oens
/gfs/home3/modoper/tempo/global/oens
/gfs/dk22/modoper/tempo/global/oens
/gfs/dk22/modoper/tempo/global/oens/model/datain
/gfs/home3/modoper/tempo/global/oens/run/setrecfct.1.FCT04RT126L28.sx6
Date: 20120212
Hour: 16:41
FCT04R
2012021212
2012021221
GFCT04R
GFCT04R
GFCT04R
F.fct
F.fct
R.fct
/gfs/home3/modoper/tempo/global/oens
/gfs/home3/modoper/tempo/global/oens
/gfs/dk22/modoper/tempo/global/oens
/gfs/dk22/modoper/tempo/global/oens/model/datain
run
run
GFCT04R20120212122012021221F.fct.T126L28
/gfs/home3/modoper/tempo/global/oens/recfct/datain/GFCT04R20120212122012021221F.fct.T126L28
+ echo Recomposition  -x-  RUNNING ...
Recomposition  -x-  RUNNING ...
+ source=/gfs/home3/modoper/tempo/global/oens/recfct/source
+ bin=/gfs/home3/modoper/tempo/global/oens/recfct/bin/T126L28
+ input=/gfs/home3/modoper/tempo/global/oens/recfct/datain
+ out=/gfs/home3/modoper/tempo/global/oens/recfct/output
+ echo run
run
+ [ run = make ]
+ echo run
run
+ [ run = clean ]
+ cd /gfs/home3/modoper/tempo/global/oens/recfct/bin/T126L28
+ echo ./recfct.T126L28 < /gfs/home3/modoper/tempo/global/oens/recfct/datain/recfctFCT04R.nml > /gfs/home3/modoper/tempo/global/oens/recfct/output/recfct.out.2012021212.16:41.T126L28
./recfct.T126L28 < /gfs/home3/modoper/tempo/global/oens/recfct/datain/recfctFCT04R.nml > /gfs/home3/modoper/tempo/global/oens/recfct/output/recfct.out.2012021212.16:41.T126L28
+ ./recfct.T126L28
+ 0< /gfs/home3/modoper/tempo/global/oens/recfct/datain/recfctFCT04R.nml 1> /gfs/home3/modoper/tempo/global/oens/recfct/output/recfct.out.2012021212.16:41.T126L28
 
 
     ******  Program Information  ******
  Real Time (sec)       :          5.396309
  User Time (sec)       :          4.124425
  Sys  Time (sec)       :          0.060933
  Vector Time (sec)     :          0.343942
  Inst. Count           :        1596986079.
  V. Inst. Count        :          16052480.
  V. Element Count      :        1289251883.
  FLOP Count            :         534710005.
  MOPS                  :        695.899584
  MFLOPS                :        129.644747
  VLEN                  :         80.314810
  V. Op. Ratio (%)      :         44.918765
  Memory Size (MB)      :        192.031250
  MIPS                  :        387.202135
  I-Cache (sec)         :          0.000781
  O-Cache (sec)         :          0.860425
  Bank (sec)            :          0.001191
 
  Start Time (date)  :  2012/02/12 16:41:10
  End   Time (date)  :  2012/02/12 16:41:15
-rw-r--r--    1 modoper  pnt             800 Feb 12 16:41 /gfs/home3/modoper/tempo/global/oens/eof/datain/templ042012021212
sx6
PNT-EN
12021216:41
out
/gfs/home3/modoper/tempo/global/oens
/gfs/home3/modoper/tempo/global/oens
/gfs/dk22/modoper/tempo/global/oens
/gfs/dk22/modoper/tempo/global/oens/model/datain
/gfs/home3/modoper/tempo/global/oens/run/setrecfct.1.FCT04RT126L28.sx6
Date: 20120212
Hour: 16:41
FCT04R
2012021212
2012021300
GFCT04R
GFCT04R
GFCT04R
F.fct
F.fct
R.fct
/gfs/home3/modoper/tempo/global/oens
/gfs/home3/modoper/tempo/global/oens
/gfs/dk22/modoper/tempo/global/oens
/gfs/dk22/modoper/tempo/global/oens/model/datain
run
run
GFCT04R20120212122012021300F.fct.T126L28
/gfs/home3/modoper/tempo/global/oens/recfct/datain/GFCT04R20120212122012021300F.fct.T126L28
+ echo Recomposition  -x-  RUNNING ...
Recomposition  -x-  RUNNING ...
+ source=/gfs/home3/modoper/tempo/global/oens/recfct/source
+ bin=/gfs/home3/modoper/tempo/global/oens/recfct/bin/T126L28
+ input=/gfs/home3/modoper/tempo/global/oens/recfct/datain
+ out=/gfs/home3/modoper/tempo/global/oens/recfct/output
+ echo run
run
+ [ run = make ]
+ echo run
run
+ [ run = clean ]
+ cd /gfs/home3/modoper/tempo/global/oens/recfct/bin/T126L28
+ echo ./recfct.T126L28 < /gfs/home3/modoper/tempo/global/oens/recfct/datain/recfctFCT04R.nml > /gfs/home3/modoper/tempo/global/oens/recfct/output/recfct.out.2012021212.16:41.T126L28
./recfct.T126L28 < /gfs/home3/modoper/tempo/global/oens/recfct/datain/recfctFCT04R.nml > /gfs/home3/modoper/tempo/global/oens/recfct/output/recfct.out.2012021212.16:41.T126L28
+ ./recfct.T126L28
+ 0< /gfs/home3/modoper/tempo/global/oens/recfct/datain/recfctFCT04R.nml 1> /gfs/home3/modoper/tempo/global/oens/recfct/output/recfct.out.2012021212.16:41.T126L28
 
 
     ******  Program Information  ******
  Real Time (sec)       :          6.246793
  User Time (sec)       :          4.137168
  Sys  Time (sec)       :          0.140381
  Vector Time (sec)     :          0.345229
  Inst. Count           :        1596986048.
  V. Inst. Count        :          16052480.
  V. Element Count      :        1289251883.
  FLOP Count            :         534710004.
  MOPS                  :        693.756063
  MFLOPS                :        129.245414
  VLEN                  :         80.314810
  V. Op. Ratio (%)      :         44.918766
  Memory Size (MB)      :        192.031250
  MIPS                  :        386.009466
  I-Cache (sec)         :          0.007538
  O-Cache (sec)         :          0.873084
  Bank (sec)            :          0.001190
 
  Start Time (date)  :  2012/02/12 16:41:16
  End   Time (date)  :  2012/02/12 16:41:22
-rw-r--r--    1 modoper  pnt            1000 Feb 12 16:41 /gfs/home3/modoper/tempo/global/oens/eof/datain/templ042012021212
sx6
PNT-EN
12021216:41
out
/gfs/home3/modoper/tempo/global/oens
/gfs/home3/modoper/tempo/global/oens
/gfs/dk22/modoper/tempo/global/oens
/gfs/dk22/modoper/tempo/global/oens/model/datain
/gfs/home3/modoper/tempo/global/oens/run/setrecfct.1.FCT04RT126L28.sx6
Date: 20120212
Hour: 16:41
FCT04R
2012021212
2012021303
GFCT04R
GFCT04R
GFCT04R
F.fct
F.fct
R.fct
/gfs/home3/modoper/tempo/global/oens
/gfs/home3/modoper/tempo/global/oens
/gfs/dk22/modoper/tempo/global/oens
/gfs/dk22/modoper/tempo/global/oens/model/datain
run
run
GFCT04R20120212122012021303F.fct.T126L28
/gfs/home3/modoper/tempo/global/oens/recfct/datain/GFCT04R20120212122012021303F.fct.T126L28
+ echo Recomposition  -x-  RUNNING ...
Recomposition  -x-  RUNNING ...
+ source=/gfs/home3/modoper/tempo/global/oens/recfct/source
+ bin=/gfs/home3/modoper/tempo/global/oens/recfct/bin/T126L28
+ input=/gfs/home3/modoper/tempo/global/oens/recfct/datain
+ out=/gfs/home3/modoper/tempo/global/oens/recfct/output
+ echo run
run
+ [ run = make ]
+ echo run
run
+ [ run = clean ]
+ cd /gfs/home3/modoper/tempo/global/oens/recfct/bin/T126L28
+ echo ./recfct.T126L28 < /gfs/home3/modoper/tempo/global/oens/recfct/datain/recfctFCT04R.nml > /gfs/home3/modoper/tempo/global/oens/recfct/output/recfct.out.2012021212.16:41.T126L28
./recfct.T126L28 < /gfs/home3/modoper/tempo/global/oens/recfct/datain/recfctFCT04R.nml > /gfs/home3/modoper/tempo/global/oens/recfct/output/recfct.out.2012021212.16:41.T126L28
+ ./recfct.T126L28
+ 0< /gfs/home3/modoper/tempo/global/oens/recfct/datain/recfctFCT04R.nml 1> /gfs/home3/modoper/tempo/global/oens/recfct/output/recfct.out.2012021212.16:41.T126L28
 
 
     ******  Program Information  ******
  Real Time (sec)       :          6.779736
  User Time (sec)       :          4.134131
  Sys  Time (sec)       :          0.058646
  Vector Time (sec)     :          0.346358
  Inst. Count           :        1596986048.
  V. Inst. Count        :          16052480.
  V. Element Count      :        1289251883.
  FLOP Count            :         534710004.
  MOPS                  :        694.265751
  MFLOPS                :        129.340368
  VLEN                  :         80.314810
  V. Op. Ratio (%)      :         44.918766
  Memory Size (MB)      :        192.031250
  MIPS                  :        386.293059
  I-Cache (sec)         :          0.001072
  O-Cache (sec)         :          0.871319
  Bank (sec)            :          0.001190
 
  Start Time (date)  :  2012/02/12 16:41:24
  End   Time (date)  :  2012/02/12 16:41:30
-rw-r--r--    1 modoper  pnt            1200 Feb 12 16:41 /gfs/home3/modoper/tempo/global/oens/eof/datain/templ042012021212
sx6
PNT-EN
12021216:41
out
/gfs/home3/modoper/tempo/global/oens
/gfs/home3/modoper/tempo/global/oens
/gfs/dk22/modoper/tempo/global/oens
/gfs/dk22/modoper/tempo/global/oens/model/datain
/gfs/home3/modoper/tempo/global/oens/run/setrecfct.1.FCT04RT126L28.sx6
Date: 20120212
Hour: 16:41
FCT04R
2012021212
2012021306
GFCT04R
GFCT04R
GFCT04R
F.fct
F.fct
R.fct
/gfs/home3/modoper/tempo/global/oens
/gfs/home3/modoper/tempo/global/oens
/gfs/dk22/modoper/tempo/global/oens
/gfs/dk22/modoper/tempo/global/oens/model/datain
run
run
GFCT04R20120212122012021306F.fct.T126L28
/gfs/home3/modoper/tempo/global/oens/recfct/datain/GFCT04R20120212122012021306F.fct.T126L28
+ echo Recomposition  -x-  RUNNING ...
Recomposition  -x-  RUNNING ...
+ source=/gfs/home3/modoper/tempo/global/oens/recfct/source
+ bin=/gfs/home3/modoper/tempo/global/oens/recfct/bin/T126L28
+ input=/gfs/home3/modoper/tempo/global/oens/recfct/datain
+ out=/gfs/home3/modoper/tempo/global/oens/recfct/output
+ echo run
run
+ [ run = make ]
+ echo run
run
+ [ run = clean ]
+ cd /gfs/home3/modoper/tempo/global/oens/recfct/bin/T126L28
+ echo ./recfct.T126L28 < /gfs/home3/modoper/tempo/global/oens/recfct/datain/recfctFCT04R.nml > /gfs/home3/modoper/tempo/global/oens/recfct/output/recfct.out.2012021212.16:41.T126L28
./recfct.T126L28 < /gfs/home3/modoper/tempo/global/oens/recfct/datain/recfctFCT04R.nml > /gfs/home3/modoper/tempo/global/oens/recfct/output/recfct.out.2012021212.16:41.T126L28
+ ./recfct.T126L28
+ 0< /gfs/home3/modoper/tempo/global/oens/recfct/datain/recfctFCT04R.nml 1> /gfs/home3/modoper/tempo/global/oens/recfct/output/recfct.out.2012021212.16:41.T126L28
 
 
     ******  Program Information  ******
  Real Time (sec)       :          5.779583
  User Time (sec)       :          4.131259
  Sys  Time (sec)       :          0.057426
  Vector Time (sec)     :          0.346329
  Inst. Count           :        1596986048.
  V. Inst. Count        :          16052480.
  V. Element Count      :        1289251883.
  FLOP Count            :         534710004.
  MOPS                  :        694.748359
  MFLOPS                :        129.430277
  VLEN                  :         80.314810
  V. Op. Ratio (%)      :         44.918766
  Memory Size (MB)      :        192.031250
  MIPS                  :        386.561585
  I-Cache (sec)         :          0.000857
  O-Cache (sec)         :          0.865246
  Bank (sec)            :          0.001190
 
  Start Time (date)  :  2012/02/12 16:41:31
  End   Time (date)  :  2012/02/12 16:41:37
-rw-r--r--    1 modoper  pnt            1400 Feb 12 16:41 /gfs/home3/modoper/tempo/global/oens/eof/datain/templ042012021212
sx6
PNT-EN
12021216:41
out
/gfs/home3/modoper/tempo/global/oens
/gfs/home3/modoper/tempo/global/oens
/gfs/dk22/modoper/tempo/global/oens
/gfs/dk22/modoper/tempo/global/oens/model/datain
/gfs/home3/modoper/tempo/global/oens/run/setrecfct.1.FCT04RT126L28.sx6
Date: 20120212
Hour: 16:41
FCT04R
2012021212
2012021309
GFCT04R
GFCT04R
GFCT04R
F.fct
F.fct
R.fct
/gfs/home3/modoper/tempo/global/oens
/gfs/home3/modoper/tempo/global/oens
/gfs/dk22/modoper/tempo/global/oens
/gfs/dk22/modoper/tempo/global/oens/model/datain
run
run
GFCT04R20120212122012021309F.fct.T126L28
/gfs/home3/modoper/tempo/global/oens/recfct/datain/GFCT04R20120212122012021309F.fct.T126L28
+ echo Recomposition  -x-  RUNNING ...
Recomposition  -x-  RUNNING ...
+ source=/gfs/home3/modoper/tempo/global/oens/recfct/source
+ bin=/gfs/home3/modoper/tempo/global/oens/recfct/bin/T126L28
+ input=/gfs/home3/modoper/tempo/global/oens/recfct/datain
+ out=/gfs/home3/modoper/tempo/global/oens/recfct/output
+ echo run
run
+ [ run = make ]
+ echo run
run
+ [ run = clean ]
+ cd /gfs/home3/modoper/tempo/global/oens/recfct/bin/T126L28
+ echo ./recfct.T126L28 < /gfs/home3/modoper/tempo/global/oens/recfct/datain/recfctFCT04R.nml > /gfs/home3/modoper/tempo/global/oens/recfct/output/recfct.out.2012021212.16:41.T126L28
./recfct.T126L28 < /gfs/home3/modoper/tempo/global/oens/recfct/datain/recfctFCT04R.nml > /gfs/home3/modoper/tempo/global/oens/recfct/output/recfct.out.2012021212.16:41.T126L28
+ ./recfct.T126L28
+ 0< /gfs/home3/modoper/tempo/global/oens/recfct/datain/recfctFCT04R.nml 1> /gfs/home3/modoper/tempo/global/oens/recfct/output/recfct.out.2012021212.16:41.T126L28
 
 
     ******  Program Information  ******
  Real Time (sec)       :          5.869523
  User Time (sec)       :          4.138790
  Sys  Time (sec)       :          0.095895
  Vector Time (sec)     :          0.346757
  Inst. Count           :        1596986048.
  V. Inst. Count        :          16052480.
  V. Element Count      :        1289251883.
  FLOP Count            :         534710004.
  MOPS                  :        693.484161
  MFLOPS                :        129.194759
  VLEN                  :         80.314810
  V. Op. Ratio (%)      :         44.918766
  Memory Size (MB)      :        192.031250
  MIPS                  :        385.858178
  I-Cache (sec)         :          0.004167
  O-Cache (sec)         :          0.873329
  Bank (sec)            :          0.001191
 
  Start Time (date)  :  2012/02/12 16:41:38
  End   Time (date)  :  2012/02/12 16:41:44
-rw-r--r--    1 modoper  pnt            1600 Feb 12 16:41 /gfs/home3/modoper/tempo/global/oens/eof/datain/templ042012021212
sx6
PNT-EN
12021216:41
out
/gfs/home3/modoper/tempo/global/oens
/gfs/home3/modoper/tempo/global/oens
/gfs/dk22/modoper/tempo/global/oens
/gfs/dk22/modoper/tempo/global/oens/model/datain
/gfs/home3/modoper/tempo/global/oens/run/setrecfct.1.FCT04RT126L28.sx6
Date: 20120212
Hour: 16:41
FCT04R
2012021212
2012021312
GFCT04R
GFCT04R
GFCT04R
F.fct
F.fct
R.fct
/gfs/home3/modoper/tempo/global/oens
/gfs/home3/modoper/tempo/global/oens
/gfs/dk22/modoper/tempo/global/oens
/gfs/dk22/modoper/tempo/global/oens/model/datain
run
run
GFCT04R20120212122012021312F.fct.T126L28
/gfs/home3/modoper/tempo/global/oens/recfct/datain/GFCT04R20120212122012021312F.fct.T126L28
+ echo Recomposition  -x-  RUNNING ...
Recomposition  -x-  RUNNING ...
+ source=/gfs/home3/modoper/tempo/global/oens/recfct/source
+ bin=/gfs/home3/modoper/tempo/global/oens/recfct/bin/T126L28
+ input=/gfs/home3/modoper/tempo/global/oens/recfct/datain
+ out=/gfs/home3/modoper/tempo/global/oens/recfct/output
+ echo run
run
+ [ run = make ]
+ echo run
run
+ [ run = clean ]
+ cd /gfs/home3/modoper/tempo/global/oens/recfct/bin/T126L28
+ echo ./recfct.T126L28 < /gfs/home3/modoper/tempo/global/oens/recfct/datain/recfctFCT04R.nml > /gfs/home3/modoper/tempo/global/oens/recfct/output/recfct.out.2012021212.16:41.T126L28
./recfct.T126L28 < /gfs/home3/modoper/tempo/global/oens/recfct/datain/recfctFCT04R.nml > /gfs/home3/modoper/tempo/global/oens/recfct/output/recfct.out.2012021212.16:41.T126L28
+ ./recfct.T126L28
+ 0< /gfs/home3/modoper/tempo/global/oens/recfct/datain/recfctFCT04R.nml 1> /gfs/home3/modoper/tempo/global/oens/recfct/output/recfct.out.2012021212.16:41.T126L28
 
 
     ******  Program Information  ******
  Real Time (sec)       :         11.090841
  User Time (sec)       :          4.135179
  Sys  Time (sec)       :          0.062742
  Vector Time (sec)     :          0.346617
  Inst. Count           :        1596986079.
  V. Inst. Count        :          16052480.
  V. Element Count      :        1289251883.
  FLOP Count            :         534710005.
  MOPS                  :        694.089858
  MFLOPS                :        129.307598
  VLEN                  :         80.314810
  V. Op. Ratio (%)      :         44.918765
  Memory Size (MB)      :        192.031250
  MIPS                  :        386.195195
  I-Cache (sec)         :          0.001309
  O-Cache (sec)         :          0.872030
  Bank (sec)            :          0.001190
 
  Start Time (date)  :  2012/02/12 16:41:45
  End   Time (date)  :  2012/02/12 16:41:56
-rw-r--r--    1 modoper  pnt            1800 Feb 12 16:41 /gfs/home3/modoper/tempo/global/oens/eof/datain/templ042012021212
sx6
PNT-EN
12021216:41
out
/gfs/home3/modoper/tempo/global/oens
/gfs/home3/modoper/tempo/global/oens
/gfs/dk22/modoper/tempo/global/oens
/gfs/dk22/modoper/tempo/global/oens/model/datain
/gfs/home3/modoper/tempo/global/oens/run/setrecfct.1.FCT04RT126L28.sx6
Date: 20120212
Hour: 16:41
FCT04R
2012021212
2012021315
GFCT04R
GFCT04R
GFCT04R
F.fct
F.fct
R.fct
/gfs/home3/modoper/tempo/global/oens
/gfs/home3/modoper/tempo/global/oens
/gfs/dk22/modoper/tempo/global/oens
/gfs/dk22/modoper/tempo/global/oens/model/datain
run
run
GFCT04R20120212122012021315F.fct.T126L28
/gfs/home3/modoper/tempo/global/oens/recfct/datain/GFCT04R20120212122012021315F.fct.T126L28
+ echo Recomposition  -x-  RUNNING ...
Recomposition  -x-  RUNNING ...
+ source=/gfs/home3/modoper/tempo/global/oens/recfct/source
+ bin=/gfs/home3/modoper/tempo/global/oens/recfct/bin/T126L28
+ input=/gfs/home3/modoper/tempo/global/oens/recfct/datain
+ out=/gfs/home3/modoper/tempo/global/oens/recfct/output
+ echo run
run
+ [ run = make ]
+ echo run
run
+ [ run = clean ]
+ cd /gfs/home3/modoper/tempo/global/oens/recfct/bin/T126L28
+ echo ./recfct.T126L28 < /gfs/home3/modoper/tempo/global/oens/recfct/datain/recfctFCT04R.nml > /gfs/home3/modoper/tempo/global/oens/recfct/output/recfct.out.2012021212.16:41.T126L28
./recfct.T126L28 < /gfs/home3/modoper/tempo/global/oens/recfct/datain/recfctFCT04R.nml > /gfs/home3/modoper/tempo/global/oens/recfct/output/recfct.out.2012021212.16:41.T126L28
+ ./recfct.T126L28
+ 0< /gfs/home3/modoper/tempo/global/oens/recfct/datain/recfctFCT04R.nml 1> /gfs/home3/modoper/tempo/global/oens/recfct/output/recfct.out.2012021212.16:41.T126L28
 
 
     ******  Program Information  ******
  Real Time (sec)       :         12.003591
  User Time (sec)       :          4.131870
  Sys  Time (sec)       :          0.063926
  Vector Time (sec)     :          0.346036
  Inst. Count           :        1596986079.
  V. Inst. Count        :          16052480.
  V. Element Count      :        1289251883.
  FLOP Count            :         534710005.
  MOPS                  :        694.645703
  MFLOPS                :        129.411151
  VLEN                  :         80.314810
  V. Op. Ratio (%)      :         44.918765
  Memory Size (MB)      :        192.031250
  MIPS                  :        386.504470
  I-Cache (sec)         :          0.000770
  O-Cache (sec)         :          0.869494
  Bank (sec)            :          0.001190
 
  Start Time (date)  :  2012/02/12 16:41:58
  End   Time (date)  :  2012/02/12 16:42:10
-rw-r--r--    1 modoper  pnt            2000 Feb 12 16:42 /gfs/home3/modoper/tempo/global/oens/eof/datain/templ042012021212
sx6
PNT-EN
12021216:42
out
/gfs/home3/modoper/tempo/global/oens
/gfs/home3/modoper/tempo/global/oens
/gfs/dk22/modoper/tempo/global/oens
/gfs/dk22/modoper/tempo/global/oens/model/datain
/gfs/home3/modoper/tempo/global/oens/run/setrecfct.1.FCT04RT126L28.sx6
Date: 20120212
Hour: 16:42
FCT04R
2012021212
2012021318
GFCT04R
GFCT04R
GFCT04R
F.fct
F.fct
R.fct
/gfs/home3/modoper/tempo/global/oens
/gfs/home3/modoper/tempo/global/oens
/gfs/dk22/modoper/tempo/global/oens
/gfs/dk22/modoper/tempo/global/oens/model/datain
run
run
GFCT04R20120212122012021318F.fct.T126L28
/gfs/home3/modoper/tempo/global/oens/recfct/datain/GFCT04R20120212122012021318F.fct.T126L28
+ echo Recomposition  -x-  RUNNING ...
Recomposition  -x-  RUNNING ...
+ source=/gfs/home3/modoper/tempo/global/oens/recfct/source
+ bin=/gfs/home3/modoper/tempo/global/oens/recfct/bin/T126L28
+ input=/gfs/home3/modoper/tempo/global/oens/recfct/datain
+ out=/gfs/home3/modoper/tempo/global/oens/recfct/output
+ echo run
run
+ [ run = make ]
+ echo run
run
+ [ run = clean ]
+ cd /gfs/home3/modoper/tempo/global/oens/recfct/bin/T126L28
+ echo ./recfct.T126L28 < /gfs/home3/modoper/tempo/global/oens/recfct/datain/recfctFCT04R.nml > /gfs/home3/modoper/tempo/global/oens/recfct/output/recfct.out.2012021212.16:42.T126L28
./recfct.T126L28 < /gfs/home3/modoper/tempo/global/oens/recfct/datain/recfctFCT04R.nml > /gfs/home3/modoper/tempo/global/oens/recfct/output/recfct.out.2012021212.16:42.T126L28
+ ./recfct.T126L28
+ 0< /gfs/home3/modoper/tempo/global/oens/recfct/datain/recfctFCT04R.nml 1> /gfs/home3/modoper/tempo/global/oens/recfct/output/recfct.out.2012021212.16:42.T126L28
 
 
     ******  Program Information  ******
  Real Time (sec)       :          9.313542
  User Time (sec)       :          4.126805
  Sys  Time (sec)       :          0.100983
  Vector Time (sec)     :          0.343187
  Inst. Count           :        1596986079.
  V. Inst. Count        :          16052480.
  V. Element Count      :        1289251883.
  FLOP Count            :         534710005.
  MOPS                  :        695.498129
  MFLOPS                :        129.569957
  VLEN                  :         80.314810
  V. Op. Ratio (%)      :         44.918765
  Memory Size (MB)      :        192.031250
  MIPS                  :        386.978764
  I-Cache (sec)         :          0.004045
  O-Cache (sec)         :          0.864640
  Bank (sec)            :          0.001191
 
  Start Time (date)  :  2012/02/12 16:42:11
  End   Time (date)  :  2012/02/12 16:42:20
-rw-r--r--    1 modoper  pnt            2200 Feb 12 16:42 /gfs/home3/modoper/tempo/global/oens/eof/datain/templ042012021212
sx6
PNT-EN
12021216:42
out
/gfs/home3/modoper/tempo/global/oens
/gfs/home3/modoper/tempo/global/oens
/gfs/dk22/modoper/tempo/global/oens
/gfs/dk22/modoper/tempo/global/oens/model/datain
/gfs/home3/modoper/tempo/global/oens/run/setrecfct.1.FCT04RT126L28.sx6
Date: 20120212
Hour: 16:42
FCT04R
2012021212
2012021321
GFCT04R
GFCT04R
GFCT04R
F.fct
F.fct
R.fct
/gfs/home3/modoper/tempo/global/oens
/gfs/home3/modoper/tempo/global/oens
/gfs/dk22/modoper/tempo/global/oens
/gfs/dk22/modoper/tempo/global/oens/model/datain
run
run
GFCT04R20120212122012021321F.fct.T126L28
/gfs/home3/modoper/tempo/global/oens/recfct/datain/GFCT04R20120212122012021321F.fct.T126L28
+ echo Recomposition  -x-  RUNNING ...
Recomposition  -x-  RUNNING ...
+ source=/gfs/home3/modoper/tempo/global/oens/recfct/source
+ bin=/gfs/home3/modoper/tempo/global/oens/recfct/bin/T126L28
+ input=/gfs/home3/modoper/tempo/global/oens/recfct/datain
+ out=/gfs/home3/modoper/tempo/global/oens/recfct/output
+ echo run
run
+ [ run = make ]
+ echo run
run
+ [ run = clean ]
+ cd /gfs/home3/modoper/tempo/global/oens/recfct/bin/T126L28
+ echo ./recfct.T126L28 < /gfs/home3/modoper/tempo/global/oens/recfct/datain/recfctFCT04R.nml > /gfs/home3/modoper/tempo/global/oens/recfct/output/recfct.out.2012021212.16:42.T126L28
./recfct.T126L28 < /gfs/home3/modoper/tempo/global/oens/recfct/datain/recfctFCT04R.nml > /gfs/home3/modoper/tempo/global/oens/recfct/output/recfct.out.2012021212.16:42.T126L28
+ ./recfct.T126L28
+ 0< /gfs/home3/modoper/tempo/global/oens/recfct/datain/recfctFCT04R.nml 1> /gfs/home3/modoper/tempo/global/oens/recfct/output/recfct.out.2012021212.16:42.T126L28
 
 
     ******  Program Information  ******
  Real Time (sec)       :         14.355429
  User Time (sec)       :          4.130687
  Sys  Time (sec)       :          0.119332
  Vector Time (sec)     :          0.343936
  Inst. Count           :        1596986079.
  V. Inst. Count        :          16052480.
  V. Element Count      :        1289251883.
  FLOP Count            :         534710005.
  MOPS                  :        694.844594
  MFLOPS                :        129.448204
  VLEN                  :         80.314810
  V. Op. Ratio (%)      :         44.918765
  Memory Size (MB)      :        192.031250
  MIPS                  :        386.615134
  I-Cache (sec)         :          0.005716
  O-Cache (sec)         :          0.867930
  Bank (sec)            :          0.001190
 
  Start Time (date)  :  2012/02/12 16:42:21
  End   Time (date)  :  2012/02/12 16:42:36
-rw-r--r--    1 modoper  pnt            2400 Feb 12 16:42 /gfs/home3/modoper/tempo/global/oens/eof/datain/templ042012021212
sx6
PNT-EN
12021216:42
out
/gfs/home3/modoper/tempo/global/oens
/gfs/home3/modoper/tempo/global/oens
/gfs/dk22/modoper/tempo/global/oens
/gfs/dk22/modoper/tempo/global/oens/model/datain
/gfs/home3/modoper/tempo/global/oens/run/setrecfct.1.FCT04RT126L28.sx6
Date: 20120212
Hour: 16:42
FCT04R
2012021212
2012021400
GFCT04R
GFCT04R
GFCT04R
F.fct
F.fct
R.fct
/gfs/home3/modoper/tempo/global/oens
/gfs/home3/modoper/tempo/global/oens
/gfs/dk22/modoper/tempo/global/oens
/gfs/dk22/modoper/tempo/global/oens/model/datain
run
run
GFCT04R20120212122012021400F.fct.T126L28
/gfs/home3/modoper/tempo/global/oens/recfct/datain/GFCT04R20120212122012021400F.fct.T126L28
+ echo Recomposition  -x-  RUNNING ...
Recomposition  -x-  RUNNING ...
+ source=/gfs/home3/modoper/tempo/global/oens/recfct/source
+ bin=/gfs/home3/modoper/tempo/global/oens/recfct/bin/T126L28
+ input=/gfs/home3/modoper/tempo/global/oens/recfct/datain
+ out=/gfs/home3/modoper/tempo/global/oens/recfct/output
+ echo run
run
+ [ run = make ]
+ echo run
run
+ [ run = clean ]
+ cd /gfs/home3/modoper/tempo/global/oens/recfct/bin/T126L28
+ echo ./recfct.T126L28 < /gfs/home3/modoper/tempo/global/oens/recfct/datain/recfctFCT04R.nml > /gfs/home3/modoper/tempo/global/oens/recfct/output/recfct.out.2012021212.16:42.T126L28
./recfct.T126L28 < /gfs/home3/modoper/tempo/global/oens/recfct/datain/recfctFCT04R.nml > /gfs/home3/modoper/tempo/global/oens/recfct/output/recfct.out.2012021212.16:42.T126L28
+ ./recfct.T126L28
+ 0< /gfs/home3/modoper/tempo/global/oens/recfct/datain/recfctFCT04R.nml 1> /gfs/home3/modoper/tempo/global/oens/recfct/output/recfct.out.2012021212.16:42.T126L28
 
 
     ******  Program Information  ******
  Real Time (sec)       :          5.497663
  User Time (sec)       :          4.133280
  Sys  Time (sec)       :          0.062346
  Vector Time (sec)     :          0.346209
  Inst. Count           :        1596986048.
  V. Inst. Count        :          16052480.
  V. Element Count      :        1289251883.
  FLOP Count            :         534710004.
  MOPS                  :        694.408657
  MFLOPS                :        129.366991
  VLEN                  :         80.314810
  V. Op. Ratio (%)      :         44.918766
  Memory Size (MB)      :        192.031250
  MIPS                  :        386.372572
  I-Cache (sec)         :          0.000976
  O-Cache (sec)         :          0.870766
  Bank (sec)            :          0.001190
 
  Start Time (date)  :  2012/02/12 16:42:37
  End   Time (date)  :  2012/02/12 16:42:43
sx6
2012021216:42
out
/gfs/home3/modoper/tempo/global/oens
/gfs/home3/modoper/tempo/global/oens
/gfs/dk22/modoper/tempo/global/oens
/gfs/dk22/modoper/tempo/global/oens/model/datain
/gfs/home3/modoper/tempo/global/oens/run/seteofs.1.04T126L28.sx6
04
Date: 20120212
Hour: 16:42
2012021212
/gfs/home3/modoper/tempo/global/oens
/gfs/home3/modoper/tempo/global/oens
/gfs/dk22/modoper/tempo/global/oens
/gfs/dk22/modoper/tempo/global/oens/model/datain
run
run
Vai chamar eoft
+ echo EOFT           -x-  RUNNING ...
EOFT           -x-  RUNNING ...
+ source=/gfs/home3/modoper/tempo/global/oens/eoftemp/source
+ bin=/gfs/home3/modoper/tempo/global/oens/eof/bin/T126L28
+ inp=/gfs/home3/modoper/tempo/global/oens/eof/datain
+ outp=/gfs/home3/modoper/tempo/global/oens/eoftemp/output
+ echo run
run
+ [ run = make ]
+ echo run
run
+ [ run = clean ]
+ cd /gfs/home3/modoper/tempo/global/oens/eof/bin/T126L28
+ echo ./eoftem.T126L28 < /gfs/home3/modoper/tempo/global/oens/eof/datain/eoftem04.nml > /gfs/home3/modoper/tempo/global/oens/eoftemp/output/eoftem.2012021212.16:42.T126L28
./eoftem.T126L28 < /gfs/home3/modoper/tempo/global/oens/eof/datain/eoftem04.nml > /gfs/home3/modoper/tempo/global/oens/eoftemp/output/eoftem.2012021212.16:42.T126L28
+ ./eoftem.T126L28
+ 0< /gfs/home3/modoper/tempo/global/oens/eof/datain/eoftem04.nml 1> /gfs/home3/modoper/tempo/global/oens/eoftemp/output/eoftem.2012021212.16:42.T126L28
 entrou no eoft fortran
 &DATAIN DIRI=/gfs/home3/modoper/tempo/global/oens/eof/datain/                ,
 DIRA=/gfs/dk22/modoper/tempo/global/oens/model/datain/               ,
 DIRO=/gfs/dk22/modoper/tempo/global/oens/eof/dataout/T126L28/        ,
 NAMEL=templ042012021212                                               ,
 ANAME=GANLAVN2012021212R.unf.T126L28                                                      ,
 TEMOUT=temout042012021212                                              ,
 TEMPCM=tempcm042012021212                                              ,
 TEMPER1=tempe1042012021212                                              ,
 TEMPEN1=tempn1042012021212                                               /
 
 
     ******  Program Information  ******
  Real Time (sec)       :         17.411391
  User Time (sec)       :          6.580909
  Sys  Time (sec)       :          0.486348
  Vector Time (sec)     :          5.902965
  Inst. Count           :         597132375.
  V. Inst. Count        :          72972029.
  V. Element Count      :        9156489137.
  FLOP Count            :        3164565239.
  MOPS                  :       1471.020075
  MFLOPS                :        480.870525
  VLEN                  :        125.479437
  V. Op. Ratio (%)      :         94.585484
  Memory Size (MB)      :        304.031250
  MIPS                  :         90.737064
  I-Cache (sec)         :          0.006812
  O-Cache (sec)         :          0.007910
  Bank (sec)            :          0.281362
 
  Start Time (date)  :  2012/02/12 16:42:45
  End   Time (date)  :  2012/02/12 16:43:02
Vai chamar eofw
+ echo EOFW           -x-  RUNNING ...
EOFW           -x-  RUNNING ...
+ source=/gfs/home3/modoper/tempo/global/oens/eofwind/source
+ bin=/gfs/home3/modoper/tempo/global/oens/eof/bin/T126L28
+ out=/gfs/dk22/modoper/tempo/global/oens/eof/dataout/T126L28
+ inp=/gfs/home3/modoper/tempo/global/oens/eof/datain
+ outp=/gfs/home3/modoper/tempo/global/oens/eofwind/output
+ echo run
run
+ [ run = make ]
+ echo run
run
+ [ run = clean ]
+ cd /gfs/home3/modoper/tempo/global/oens/eof/bin/T126L28
+ echo ./eofwin.T126L28 < /gfs/home3/modoper/tempo/global/oens/eof/datain/eofwin04.nml > /gfs/home3/modoper/tempo/global/oens/eofwind/output/eofwin.2012021212.16:42.T126L28
./eofwin.T126L28 < /gfs/home3/modoper/tempo/global/oens/eof/datain/eofwin04.nml > /gfs/home3/modoper/tempo/global/oens/eofwind/output/eofwin.2012021212.16:42.T126L28
+ ./eofwin.T126L28
+ 0< /gfs/home3/modoper/tempo/global/oens/eof/datain/eofwin04.nml 1> /gfs/home3/modoper/tempo/global/oens/eofwind/output/eofwin.2012021212.16:42.T126L28
 
 
     ******  Program Information  ******
  Real Time (sec)       :         65.560652
  User Time (sec)       :         12.001195
  Sys  Time (sec)       :          0.604447
  Vector Time (sec)     :         10.955015
  Inst. Count           :        1009391348.
  V. Inst. Count        :         235339315.
  V. Element Count      :       26880732630.
  FLOP Count            :        7609521211.
  MOPS                  :       2304.335980
  MFLOPS                :        634.063643
  VLEN                  :        114.221173
  V. Op. Ratio (%)      :         97.201019
  Memory Size (MB)      :        624.031250
  MIPS                  :         84.107572
  I-Cache (sec)         :          0.007683
  O-Cache (sec)         :          0.018588
  Bank (sec)            :          0.599880
 
  Start Time (date)  :  2012/02/12 16:43:02
  End   Time (date)  :  2012/02/12 16:44:08
sx6
2012021216:44
out
/gfs/home3/modoper/tempo/global/oens
/gfs/home3/modoper/tempo/global/oens
/gfs/dk22/modoper/tempo/global/oens
/gfs/dk22/modoper/tempo/global/oens/model/datain
/gfs/home3/modoper/tempo/global/oens/run/setdeco04T126L28.sx6
Date: 20120212
Hour: 16:44
2012021212
/gfs/home3/modoper/tempo/global/oens
/gfs/home3/modoper/tempo/global/oens
/gfs/dk22/modoper/tempo/global/oens
/gfs/dk22/modoper/tempo/global/oens/model/datain
run
run
+ echo Decomposition  -x-  RUNNING ...
Decomposition  -x-  RUNNING ...
+ source=/gfs/home3/modoper/tempo/global/oens/decanl/source
+ bin=/gfs/home3/modoper/tempo/global/oens/decanl/bin/T126L28
+ input=/gfs/home3/modoper/tempo/global/oens/decanl/datain
+ out=/gfs/home3/modoper/tempo/global/oens/decanl/output
+ echo run
run
+ [ run = make ]
+ echo run
run
+ [ run = clean ]
+ cd /gfs/home3/modoper/tempo/global/oens/decanl/bin/T126L28
+ ./decanl.T126L28
+ 0< /gfs/home3/modoper/tempo/global/oens/decanl/datain/decanl04.nml 1> /gfs/home3/modoper/tempo/global/oens/decanl/output/decanl.2012021212.16:44.T126L28
 
 
     ******  Program Information  ******
  Real Time (sec)       :          4.894814
  User Time (sec)       :          0.823413
  Sys  Time (sec)       :          0.067998
  Vector Time (sec)     :          0.631257
  Inst. Count           :         173583932.
  V. Inst. Count        :          21078079.
  V. Element Count      :        2292782635.
  FLOP Count            :         590251095.
  MOPS                  :       2969.698003
  MFLOPS                :        716.834642
  VLEN                  :        108.775692
  V. Op. Ratio (%)      :         93.763278
  Memory Size (MB)      :        192.031250
  MIPS                  :        210.810241
  I-Cache (sec)         :          0.001536
  O-Cache (sec)         :          0.027326
  Bank (sec)            :          0.015382
 
  Start Time (date)  :  2012/02/12 16:44:09
  End   Time (date)  :  2012/02/12 16:44:14
+ echo Decomposition  -x-  RUNNING ...
Decomposition  -x-  RUNNING ...
+ source=/gfs/home3/modoper/tempo/global/oens/decanl/source
+ bin=/gfs/home3/modoper/tempo/global/oens/decanl/bin/T126L28
+ input=/gfs/home3/modoper/tempo/global/oens/decanl/datain
+ out=/gfs/home3/modoper/tempo/global/oens/decanl/output
+ echo run
run
+ [ run = make ]
+ echo run
run
+ [ run = clean ]
+ cd /gfs/home3/modoper/tempo/global/oens/decanl/bin/T126L28
+ ./decanl.T126L28
+ 0< /gfs/home3/modoper/tempo/global/oens/decanl/datain/decanl04.nml 1> /gfs/home3/modoper/tempo/global/oens/decanl/output/decanl.2012021212.16:44.T126L28
 
 
     ******  Program Information  ******
  Real Time (sec)       :          4.074482
  User Time (sec)       :          0.823470
  Sys  Time (sec)       :          0.057249
  Vector Time (sec)     :          0.632048
  Inst. Count           :         173583827.
  V. Inst. Count        :          21078079.
  V. Element Count      :        2292782629.
  FLOP Count            :         590251095.
  MOPS                  :       2969.491846
  MFLOPS                :        716.784912
  VLEN                  :        108.775692
  V. Op. Ratio (%)      :         93.763282
  Memory Size (MB)      :        192.031250
  MIPS                  :        210.795489
  I-Cache (sec)         :          0.001001
  O-Cache (sec)         :          0.026593
  Bank (sec)            :          0.015383
 
  Start Time (date)  :  2012/02/12 16:44:14
  End   Time (date)  :  2012/02/12 16:44:18
logout
