stty: : Invalid argument
vt100
resize:  can't open terminal /dev/tty
======================================
Welcome to tupan01: SUPER-UX 14.1 SX-6
Today is Tue Oct 11 04:19:40 GMT 2011
======================================
runperreco1.sx6 126 28 05 2011101100 15 NO 07 
sx6
2011101104:19
out
/gfs/home3/modoper/tempo/global/oens
/gfs/home3/modoper/tempo/global/oens
/gfs/dk22/modoper/tempo/global/oens
/gfs/dk22/modoper/tempo/global/oens/model/datain
/gfs/home3/modoper/tempo/global/oens/run/setperreco.1.05T126L28.sx6
Date: 20111011
Hour: 04:19
2011101100


rm: ERROR: Cannot access templ052011101100: No such file or directory
-rw-r--r--    1 modoper  pnt             200 Oct 11 04:19 /gfs/home3/modoper/tempo/global/oens/eof/datain/templ052011101100
ls: ERROR: Cannot access /gfs/dk22/modoper/tempo/global/oens/recfct/dataout/T126L28/GFCT05R2011101100*.fct*: No such file or directory
sx6
PNT-EN
11101104:19
out
/gfs/home3/modoper/tempo/global/oens
/gfs/home3/modoper/tempo/global/oens
/gfs/dk22/modoper/tempo/global/oens
/gfs/dk22/modoper/tempo/global/oens/model/datain
/gfs/home3/modoper/tempo/global/oens/run/setrecfct.1.FCT05RT126L28.sx6
Date: 20111011
Hour: 04:19
FCT05R
2011101100
2011101103
GFCT05R
GFCT05R
GFCT05R
F.fct
F.fct
R.fct
/gfs/home3/modoper/tempo/global/oens
/gfs/home3/modoper/tempo/global/oens
/gfs/dk22/modoper/tempo/global/oens
/gfs/dk22/modoper/tempo/global/oens/model/datain
run
run
GFCT05R20111011002011101103F.fct.T126L28
/gfs/home3/modoper/tempo/global/oens/recfct/datain/GFCT05R20111011002011101103F.fct.T126L28
+ echo Recomposition  -x-  RUNNING ...
Recomposition  -x-  RUNNING ...
+ source=/gfs/home3/modoper/tempo/global/oens/recfct/source
+ bin=/gfs/home3/modoper/tempo/global/oens/recfct/bin/T126L28
+ input=/gfs/home3/modoper/tempo/global/oens/recfct/datain
+ out=/gfs/home3/modoper/tempo/global/oens/recfct/output
+ echo run
run
+ [ run = make ]
+ echo run
run
+ [ run = clean ]
+ cd /gfs/home3/modoper/tempo/global/oens/recfct/bin/T126L28
+ echo ./recfct.T126L28 < /gfs/home3/modoper/tempo/global/oens/recfct/datain/recfctFCT05R.nml > /gfs/home3/modoper/tempo/global/oens/recfct/output/recfct.out.2011101100.04:19.T126L28
./recfct.T126L28 < /gfs/home3/modoper/tempo/global/oens/recfct/datain/recfctFCT05R.nml > /gfs/home3/modoper/tempo/global/oens/recfct/output/recfct.out.2011101100.04:19.T126L28
+ ./recfct.T126L28
+ 0< /gfs/home3/modoper/tempo/global/oens/recfct/datain/recfctFCT05R.nml 1> /gfs/home3/modoper/tempo/global/oens/recfct/output/recfct.out.2011101100.04:19.T126L28
 
 
     ******  Program Information  ******
  Real Time (sec)       :          6.957300
  User Time (sec)       :          4.138280
  Sys  Time (sec)       :          0.100880
  Vector Time (sec)     :          0.346280
  Inst. Count           :        1596986079.
  V. Inst. Count        :          16052480.
  V. Element Count      :        1289251883.
  FLOP Count            :         534710005.
  MOPS                  :        693.569659
  MFLOPS                :        129.210686
  VLEN                  :         80.314810
  V. Op. Ratio (%)      :         44.918765
  Memory Size (MB)      :        192.031250
  MIPS                  :        385.905753
  I-Cache (sec)         :          0.004851
  O-Cache (sec)         :          0.877606
  Bank (sec)            :          0.001191
 
  Start Time (date)  :  2011/10/11 04:19:44
  End   Time (date)  :  2011/10/11 04:19:51
-rw-r--r--    1 modoper  pnt             400 Oct 11 04:19 /gfs/home3/modoper/tempo/global/oens/eof/datain/templ052011101100
sx6
PNT-EN
11101104:19
out
/gfs/home3/modoper/tempo/global/oens
/gfs/home3/modoper/tempo/global/oens
/gfs/dk22/modoper/tempo/global/oens
/gfs/dk22/modoper/tempo/global/oens/model/datain
/gfs/home3/modoper/tempo/global/oens/run/setrecfct.1.FCT05RT126L28.sx6
Date: 20111011
Hour: 04:19
FCT05R
2011101100
2011101106
GFCT05R
GFCT05R
GFCT05R
F.fct
F.fct
R.fct
/gfs/home3/modoper/tempo/global/oens
/gfs/home3/modoper/tempo/global/oens
/gfs/dk22/modoper/tempo/global/oens
/gfs/dk22/modoper/tempo/global/oens/model/datain
run
run
GFCT05R20111011002011101106F.fct.T126L28
/gfs/home3/modoper/tempo/global/oens/recfct/datain/GFCT05R20111011002011101106F.fct.T126L28
+ echo Recomposition  -x-  RUNNING ...
Recomposition  -x-  RUNNING ...
+ source=/gfs/home3/modoper/tempo/global/oens/recfct/source
+ bin=/gfs/home3/modoper/tempo/global/oens/recfct/bin/T126L28
+ input=/gfs/home3/modoper/tempo/global/oens/recfct/datain
+ out=/gfs/home3/modoper/tempo/global/oens/recfct/output
+ echo run
run
+ [ run = make ]
+ echo run
run
+ [ run = clean ]
+ cd /gfs/home3/modoper/tempo/global/oens/recfct/bin/T126L28
+ echo ./recfct.T126L28 < /gfs/home3/modoper/tempo/global/oens/recfct/datain/recfctFCT05R.nml > /gfs/home3/modoper/tempo/global/oens/recfct/output/recfct.out.2011101100.04:19.T126L28
./recfct.T126L28 < /gfs/home3/modoper/tempo/global/oens/recfct/datain/recfctFCT05R.nml > /gfs/home3/modoper/tempo/global/oens/recfct/output/recfct.out.2011101100.04:19.T126L28
+ ./recfct.T126L28
+ 0< /gfs/home3/modoper/tempo/global/oens/recfct/datain/recfctFCT05R.nml 1> /gfs/home3/modoper/tempo/global/oens/recfct/output/recfct.out.2011101100.04:19.T126L28
 
 
     ******  Program Information  ******
  Real Time (sec)       :          8.558699
  User Time (sec)       :          4.132366
  Sys  Time (sec)       :          0.063310
  Vector Time (sec)     :          0.345963
  Inst. Count           :        1596986079.
  V. Inst. Count        :          16052480.
  V. Element Count      :        1289251883.
  FLOP Count            :         534710005.
  MOPS                  :        694.562307
  MFLOPS                :        129.395615
  VLEN                  :         80.314810
  V. Op. Ratio (%)      :         44.918765
  Memory Size (MB)      :        192.031250
  MIPS                  :        386.458068
  I-Cache (sec)         :          0.000968
  O-Cache (sec)         :          0.872310
  Bank (sec)            :          0.001190
 
  Start Time (date)  :  2011/10/11 04:19:52
  End   Time (date)  :  2011/10/11 04:20:00
-rw-r--r--    1 modoper  pnt             600 Oct 11 04:20 /gfs/home3/modoper/tempo/global/oens/eof/datain/templ052011101100
sx6
PNT-EN
11101104:20
out
/gfs/home3/modoper/tempo/global/oens
/gfs/home3/modoper/tempo/global/oens
/gfs/dk22/modoper/tempo/global/oens
/gfs/dk22/modoper/tempo/global/oens/model/datain
/gfs/home3/modoper/tempo/global/oens/run/setrecfct.1.FCT05RT126L28.sx6
Date: 20111011
Hour: 04:20
FCT05R
2011101100
2011101109
GFCT05R
GFCT05R
GFCT05R
F.fct
F.fct
R.fct
/gfs/home3/modoper/tempo/global/oens
/gfs/home3/modoper/tempo/global/oens
/gfs/dk22/modoper/tempo/global/oens
/gfs/dk22/modoper/tempo/global/oens/model/datain
run
run
GFCT05R20111011002011101109F.fct.T126L28
/gfs/home3/modoper/tempo/global/oens/recfct/datain/GFCT05R20111011002011101109F.fct.T126L28
+ echo Recomposition  -x-  RUNNING ...
Recomposition  -x-  RUNNING ...
+ source=/gfs/home3/modoper/tempo/global/oens/recfct/source
+ bin=/gfs/home3/modoper/tempo/global/oens/recfct/bin/T126L28
+ input=/gfs/home3/modoper/tempo/global/oens/recfct/datain
+ out=/gfs/home3/modoper/tempo/global/oens/recfct/output
+ echo run
run
+ [ run = make ]
+ echo run
run
+ [ run = clean ]
+ cd /gfs/home3/modoper/tempo/global/oens/recfct/bin/T126L28
+ echo ./recfct.T126L28 < /gfs/home3/modoper/tempo/global/oens/recfct/datain/recfctFCT05R.nml > /gfs/home3/modoper/tempo/global/oens/recfct/output/recfct.out.2011101100.04:20.T126L28
./recfct.T126L28 < /gfs/home3/modoper/tempo/global/oens/recfct/datain/recfctFCT05R.nml > /gfs/home3/modoper/tempo/global/oens/recfct/output/recfct.out.2011101100.04:20.T126L28
+ ./recfct.T126L28
+ 0< /gfs/home3/modoper/tempo/global/oens/recfct/datain/recfctFCT05R.nml 1> /gfs/home3/modoper/tempo/global/oens/recfct/output/recfct.out.2011101100.04:20.T126L28
 
 
     ******  Program Information  ******
  Real Time (sec)       :         10.875167
  User Time (sec)       :          4.130679
  Sys  Time (sec)       :          0.097257
  Vector Time (sec)     :          0.343879
  Inst. Count           :        1596986079.
  V. Inst. Count        :          16052480.
  V. Element Count      :        1289251883.
  FLOP Count            :         534710005.
  MOPS                  :        694.845983
  MFLOPS                :        129.448463
  VLEN                  :         80.314810
  V. Op. Ratio (%)      :         44.918765
  Memory Size (MB)      :        192.031250
  MIPS                  :        386.615907
  I-Cache (sec)         :          0.004061
  O-Cache (sec)         :          0.872250
  Bank (sec)            :          0.001191
 
  Start Time (date)  :  2011/10/11 04:20:01
  End   Time (date)  :  2011/10/11 04:20:12
-rw-r--r--    1 modoper  pnt             800 Oct 11 04:20 /gfs/home3/modoper/tempo/global/oens/eof/datain/templ052011101100
sx6
PNT-EN
11101104:20
out
/gfs/home3/modoper/tempo/global/oens
/gfs/home3/modoper/tempo/global/oens
/gfs/dk22/modoper/tempo/global/oens
/gfs/dk22/modoper/tempo/global/oens/model/datain
/gfs/home3/modoper/tempo/global/oens/run/setrecfct.1.FCT05RT126L28.sx6
Date: 20111011
Hour: 04:20
FCT05R
2011101100
2011101112
GFCT05R
GFCT05R
GFCT05R
F.fct
F.fct
R.fct
/gfs/home3/modoper/tempo/global/oens
/gfs/home3/modoper/tempo/global/oens
/gfs/dk22/modoper/tempo/global/oens
/gfs/dk22/modoper/tempo/global/oens/model/datain
run
run
GFCT05R20111011002011101112F.fct.T126L28
/gfs/home3/modoper/tempo/global/oens/recfct/datain/GFCT05R20111011002011101112F.fct.T126L28
+ echo Recomposition  -x-  RUNNING ...
Recomposition  -x-  RUNNING ...
+ source=/gfs/home3/modoper/tempo/global/oens/recfct/source
+ bin=/gfs/home3/modoper/tempo/global/oens/recfct/bin/T126L28
+ input=/gfs/home3/modoper/tempo/global/oens/recfct/datain
+ out=/gfs/home3/modoper/tempo/global/oens/recfct/output
+ echo run
run
+ [ run = make ]
+ echo run
run
+ [ run = clean ]
+ cd /gfs/home3/modoper/tempo/global/oens/recfct/bin/T126L28
+ echo ./recfct.T126L28 < /gfs/home3/modoper/tempo/global/oens/recfct/datain/recfctFCT05R.nml > /gfs/home3/modoper/tempo/global/oens/recfct/output/recfct.out.2011101100.04:20.T126L28
./recfct.T126L28 < /gfs/home3/modoper/tempo/global/oens/recfct/datain/recfctFCT05R.nml > /gfs/home3/modoper/tempo/global/oens/recfct/output/recfct.out.2011101100.04:20.T126L28
+ ./recfct.T126L28
+ 0< /gfs/home3/modoper/tempo/global/oens/recfct/datain/recfctFCT05R.nml 1> /gfs/home3/modoper/tempo/global/oens/recfct/output/recfct.out.2011101100.04:20.T126L28
 
 
     ******  Program Information  ******
  Real Time (sec)       :          9.923446
  User Time (sec)       :          4.134679
  Sys  Time (sec)       :          0.063502
  Vector Time (sec)     :          0.346452
  Inst. Count           :        1596986110.
  V. Inst. Count        :          16052480.
  V. Element Count      :        1289251883.
  FLOP Count            :         534710006.
  MOPS                  :        694.173756
  MFLOPS                :        129.323227
  VLEN                  :         80.314810
  V. Op. Ratio (%)      :         44.918765
  Memory Size (MB)      :        192.031250
  MIPS                  :        386.241879
  I-Cache (sec)         :          0.001166
  O-Cache (sec)         :          0.874166
  Bank (sec)            :          0.001191
 
  Start Time (date)  :  2011/10/11 04:20:13
  End   Time (date)  :  2011/10/11 04:20:23
-rw-r--r--    1 modoper  pnt            1000 Oct 11 04:20 /gfs/home3/modoper/tempo/global/oens/eof/datain/templ052011101100
sx6
PNT-EN
11101104:20
out
/gfs/home3/modoper/tempo/global/oens
/gfs/home3/modoper/tempo/global/oens
/gfs/dk22/modoper/tempo/global/oens
/gfs/dk22/modoper/tempo/global/oens/model/datain
/gfs/home3/modoper/tempo/global/oens/run/setrecfct.1.FCT05RT126L28.sx6
Date: 20111011
Hour: 04:20
FCT05R
2011101100
2011101115
GFCT05R
GFCT05R
GFCT05R
F.fct
F.fct
R.fct
/gfs/home3/modoper/tempo/global/oens
/gfs/home3/modoper/tempo/global/oens
/gfs/dk22/modoper/tempo/global/oens
/gfs/dk22/modoper/tempo/global/oens/model/datain
run
run
GFCT05R20111011002011101115F.fct.T126L28
/gfs/home3/modoper/tempo/global/oens/recfct/datain/GFCT05R20111011002011101115F.fct.T126L28
+ echo Recomposition  -x-  RUNNING ...
Recomposition  -x-  RUNNING ...
+ source=/gfs/home3/modoper/tempo/global/oens/recfct/source
+ bin=/gfs/home3/modoper/tempo/global/oens/recfct/bin/T126L28
+ input=/gfs/home3/modoper/tempo/global/oens/recfct/datain
+ out=/gfs/home3/modoper/tempo/global/oens/recfct/output
+ echo run
run
+ [ run = make ]
+ echo run
run
+ [ run = clean ]
+ cd /gfs/home3/modoper/tempo/global/oens/recfct/bin/T126L28
+ echo ./recfct.T126L28 < /gfs/home3/modoper/tempo/global/oens/recfct/datain/recfctFCT05R.nml > /gfs/home3/modoper/tempo/global/oens/recfct/output/recfct.out.2011101100.04:20.T126L28
./recfct.T126L28 < /gfs/home3/modoper/tempo/global/oens/recfct/datain/recfctFCT05R.nml > /gfs/home3/modoper/tempo/global/oens/recfct/output/recfct.out.2011101100.04:20.T126L28
+ ./recfct.T126L28
+ 0< /gfs/home3/modoper/tempo/global/oens/recfct/datain/recfctFCT05R.nml 1> /gfs/home3/modoper/tempo/global/oens/recfct/output/recfct.out.2011101100.04:20.T126L28
 
 
     ******  Program Information  ******
  Real Time (sec)       :          9.474999
  User Time (sec)       :          4.120382
  Sys  Time (sec)       :          0.061107
  Vector Time (sec)     :          0.341964
  Inst. Count           :        1596986110.
  V. Inst. Count        :          16052480.
  V. Element Count      :        1289251883.
  FLOP Count            :         534710006.
  MOPS                  :        696.582410
  MFLOPS                :        129.771955
  VLEN                  :         80.314810
  V. Op. Ratio (%)      :         44.918765
  Memory Size (MB)      :        192.031250
  MIPS                  :        387.582067
  I-Cache (sec)         :          0.000989
  O-Cache (sec)         :          0.864449
  Bank (sec)            :          0.001192
 
  Start Time (date)  :  2011/10/11 04:20:24
  End   Time (date)  :  2011/10/11 04:20:34
-rw-r--r--    1 modoper  pnt            1200 Oct 11 04:20 /gfs/home3/modoper/tempo/global/oens/eof/datain/templ052011101100
sx6
PNT-EN
11101104:20
out
/gfs/home3/modoper/tempo/global/oens
/gfs/home3/modoper/tempo/global/oens
/gfs/dk22/modoper/tempo/global/oens
/gfs/dk22/modoper/tempo/global/oens/model/datain
/gfs/home3/modoper/tempo/global/oens/run/setrecfct.1.FCT05RT126L28.sx6
Date: 20111011
Hour: 04:20
FCT05R
2011101100
2011101118
GFCT05R
GFCT05R
GFCT05R
F.fct
F.fct
R.fct
/gfs/home3/modoper/tempo/global/oens
/gfs/home3/modoper/tempo/global/oens
/gfs/dk22/modoper/tempo/global/oens
/gfs/dk22/modoper/tempo/global/oens/model/datain
run
run
GFCT05R20111011002011101118F.fct.T126L28
/gfs/home3/modoper/tempo/global/oens/recfct/datain/GFCT05R20111011002011101118F.fct.T126L28
+ echo Recomposition  -x-  RUNNING ...
Recomposition  -x-  RUNNING ...
+ source=/gfs/home3/modoper/tempo/global/oens/recfct/source
+ bin=/gfs/home3/modoper/tempo/global/oens/recfct/bin/T126L28
+ input=/gfs/home3/modoper/tempo/global/oens/recfct/datain
+ out=/gfs/home3/modoper/tempo/global/oens/recfct/output
+ echo run
run
+ [ run = make ]
+ echo run
run
+ [ run = clean ]
+ cd /gfs/home3/modoper/tempo/global/oens/recfct/bin/T126L28
+ echo ./recfct.T126L28 < /gfs/home3/modoper/tempo/global/oens/recfct/datain/recfctFCT05R.nml > /gfs/home3/modoper/tempo/global/oens/recfct/output/recfct.out.2011101100.04:20.T126L28
./recfct.T126L28 < /gfs/home3/modoper/tempo/global/oens/recfct/datain/recfctFCT05R.nml > /gfs/home3/modoper/tempo/global/oens/recfct/output/recfct.out.2011101100.04:20.T126L28
+ ./recfct.T126L28
+ 0< /gfs/home3/modoper/tempo/global/oens/recfct/datain/recfctFCT05R.nml 1> /gfs/home3/modoper/tempo/global/oens/recfct/output/recfct.out.2011101100.04:20.T126L28
 
 
     ******  Program Information  ******
  Real Time (sec)       :         15.726529
  User Time (sec)       :          4.125554
  Sys  Time (sec)       :          0.064733
  Vector Time (sec)     :          0.343975
  Inst. Count           :        1596986110.
  V. Inst. Count        :          16052480.
  V. Element Count      :        1289251883.
  FLOP Count            :         534710006.
  MOPS                  :        695.709149
  MFLOPS                :        129.609268
  VLEN                  :         80.314810
  V. Op. Ratio (%)      :         44.918765
  Memory Size (MB)      :        192.031250
  MIPS                  :        387.096180
  I-Cache (sec)         :          0.000874
  O-Cache (sec)         :          0.867420
  Bank (sec)            :          0.001190
 
  Start Time (date)  :  2011/10/11 04:20:35
  End   Time (date)  :  2011/10/11 04:20:51
-rw-r--r--    1 modoper  pnt            1400 Oct 11 04:20 /gfs/home3/modoper/tempo/global/oens/eof/datain/templ052011101100
sx6
PNT-EN
11101104:20
out
/gfs/home3/modoper/tempo/global/oens
/gfs/home3/modoper/tempo/global/oens
/gfs/dk22/modoper/tempo/global/oens
/gfs/dk22/modoper/tempo/global/oens/model/datain
/gfs/home3/modoper/tempo/global/oens/run/setrecfct.1.FCT05RT126L28.sx6
Date: 20111011
Hour: 04:20
FCT05R
2011101100
2011101121
GFCT05R
GFCT05R
GFCT05R
F.fct
F.fct
R.fct
/gfs/home3/modoper/tempo/global/oens
/gfs/home3/modoper/tempo/global/oens
/gfs/dk22/modoper/tempo/global/oens
/gfs/dk22/modoper/tempo/global/oens/model/datain
run
run
GFCT05R20111011002011101121F.fct.T126L28
/gfs/home3/modoper/tempo/global/oens/recfct/datain/GFCT05R20111011002011101121F.fct.T126L28
+ echo Recomposition  -x-  RUNNING ...
Recomposition  -x-  RUNNING ...
+ source=/gfs/home3/modoper/tempo/global/oens/recfct/source
+ bin=/gfs/home3/modoper/tempo/global/oens/recfct/bin/T126L28
+ input=/gfs/home3/modoper/tempo/global/oens/recfct/datain
+ out=/gfs/home3/modoper/tempo/global/oens/recfct/output
+ echo run
run
+ [ run = make ]
+ echo run
run
+ [ run = clean ]
+ cd /gfs/home3/modoper/tempo/global/oens/recfct/bin/T126L28
+ echo ./recfct.T126L28 < /gfs/home3/modoper/tempo/global/oens/recfct/datain/recfctFCT05R.nml > /gfs/home3/modoper/tempo/global/oens/recfct/output/recfct.out.2011101100.04:20.T126L28
./recfct.T126L28 < /gfs/home3/modoper/tempo/global/oens/recfct/datain/recfctFCT05R.nml > /gfs/home3/modoper/tempo/global/oens/recfct/output/recfct.out.2011101100.04:20.T126L28
+ ./recfct.T126L28
+ 0< /gfs/home3/modoper/tempo/global/oens/recfct/datain/recfctFCT05R.nml 1> /gfs/home3/modoper/tempo/global/oens/recfct/output/recfct.out.2011101100.04:20.T126L28
 
 
     ******  Program Information  ******
  Real Time (sec)       :          7.943229
  User Time (sec)       :          4.137999
  Sys  Time (sec)       :          0.059818
  Vector Time (sec)     :          0.346210
  Inst. Count           :        1596986110.
  V. Inst. Count        :          16052480.
  V. Element Count      :        1289251883.
  FLOP Count            :         534710006.
  MOPS                  :        693.616830
  MFLOPS                :        129.219473
  VLEN                  :         80.314810
  V. Op. Ratio (%)      :         44.918765
  Memory Size (MB)      :        192.031250
  MIPS                  :        385.932003
  I-Cache (sec)         :          0.000793
  O-Cache (sec)         :          0.876982
  Bank (sec)            :          0.001190
 
  Start Time (date)  :  2011/10/11 04:20:52
  End   Time (date)  :  2011/10/11 04:21:00
-rw-r--r--    1 modoper  pnt            1600 Oct 11 04:21 /gfs/home3/modoper/tempo/global/oens/eof/datain/templ052011101100
sx6
PNT-EN
11101104:21
out
/gfs/home3/modoper/tempo/global/oens
/gfs/home3/modoper/tempo/global/oens
/gfs/dk22/modoper/tempo/global/oens
/gfs/dk22/modoper/tempo/global/oens/model/datain
/gfs/home3/modoper/tempo/global/oens/run/setrecfct.1.FCT05RT126L28.sx6
Date: 20111011
Hour: 04:21
FCT05R
2011101100
2011101200
GFCT05R
GFCT05R
GFCT05R
F.fct
F.fct
R.fct
/gfs/home3/modoper/tempo/global/oens
/gfs/home3/modoper/tempo/global/oens
/gfs/dk22/modoper/tempo/global/oens
/gfs/dk22/modoper/tempo/global/oens/model/datain
run
run
GFCT05R20111011002011101200F.fct.T126L28
/gfs/home3/modoper/tempo/global/oens/recfct/datain/GFCT05R20111011002011101200F.fct.T126L28
+ echo Recomposition  -x-  RUNNING ...
Recomposition  -x-  RUNNING ...
+ source=/gfs/home3/modoper/tempo/global/oens/recfct/source
+ bin=/gfs/home3/modoper/tempo/global/oens/recfct/bin/T126L28
+ input=/gfs/home3/modoper/tempo/global/oens/recfct/datain
+ out=/gfs/home3/modoper/tempo/global/oens/recfct/output
+ echo run
run
+ [ run = make ]
+ echo run
run
+ [ run = clean ]
+ cd /gfs/home3/modoper/tempo/global/oens/recfct/bin/T126L28
+ echo ./recfct.T126L28 < /gfs/home3/modoper/tempo/global/oens/recfct/datain/recfctFCT05R.nml > /gfs/home3/modoper/tempo/global/oens/recfct/output/recfct.out.2011101100.04:21.T126L28
./recfct.T126L28 < /gfs/home3/modoper/tempo/global/oens/recfct/datain/recfctFCT05R.nml > /gfs/home3/modoper/tempo/global/oens/recfct/output/recfct.out.2011101100.04:21.T126L28
+ ./recfct.T126L28
+ 0< /gfs/home3/modoper/tempo/global/oens/recfct/datain/recfctFCT05R.nml 1> /gfs/home3/modoper/tempo/global/oens/recfct/output/recfct.out.2011101100.04:21.T126L28
 
 
     ******  Program Information  ******
  Real Time (sec)       :         14.423437
  User Time (sec)       :          4.128129
  Sys  Time (sec)       :          0.065262
  Vector Time (sec)     :          0.344593
  Inst. Count           :        1596986079.
  V. Inst. Count        :          16052480.
  V. Element Count      :        1289251883.
  FLOP Count            :         534710005.
  MOPS                  :        695.275220
  MFLOPS                :        129.528429
  VLEN                  :         80.314810
  V. Op. Ratio (%)      :         44.918765
  Memory Size (MB)      :        192.031250
  MIPS                  :        386.854736
  I-Cache (sec)         :          0.000787
  O-Cache (sec)         :          0.869337
  Bank (sec)            :          0.001190
 
  Start Time (date)  :  2011/10/11 04:21:01
  End   Time (date)  :  2011/10/11 04:21:15
-rw-r--r--    1 modoper  pnt            1800 Oct 11 04:21 /gfs/home3/modoper/tempo/global/oens/eof/datain/templ052011101100
sx6
PNT-EN
11101104:21
out
/gfs/home3/modoper/tempo/global/oens
/gfs/home3/modoper/tempo/global/oens
/gfs/dk22/modoper/tempo/global/oens
/gfs/dk22/modoper/tempo/global/oens/model/datain
/gfs/home3/modoper/tempo/global/oens/run/setrecfct.1.FCT05RT126L28.sx6
Date: 20111011
Hour: 04:21
FCT05R
2011101100
2011101203
GFCT05R
GFCT05R
GFCT05R
F.fct
F.fct
R.fct
/gfs/home3/modoper/tempo/global/oens
/gfs/home3/modoper/tempo/global/oens
/gfs/dk22/modoper/tempo/global/oens
/gfs/dk22/modoper/tempo/global/oens/model/datain
run
run
GFCT05R20111011002011101203F.fct.T126L28
/gfs/home3/modoper/tempo/global/oens/recfct/datain/GFCT05R20111011002011101203F.fct.T126L28
+ echo Recomposition  -x-  RUNNING ...
Recomposition  -x-  RUNNING ...
+ source=/gfs/home3/modoper/tempo/global/oens/recfct/source
+ bin=/gfs/home3/modoper/tempo/global/oens/recfct/bin/T126L28
+ input=/gfs/home3/modoper/tempo/global/oens/recfct/datain
+ out=/gfs/home3/modoper/tempo/global/oens/recfct/output
+ echo run
run
+ [ run = make ]
+ echo run
run
+ [ run = clean ]
+ cd /gfs/home3/modoper/tempo/global/oens/recfct/bin/T126L28
+ echo ./recfct.T126L28 < /gfs/home3/modoper/tempo/global/oens/recfct/datain/recfctFCT05R.nml > /gfs/home3/modoper/tempo/global/oens/recfct/output/recfct.out.2011101100.04:21.T126L28
./recfct.T126L28 < /gfs/home3/modoper/tempo/global/oens/recfct/datain/recfctFCT05R.nml > /gfs/home3/modoper/tempo/global/oens/recfct/output/recfct.out.2011101100.04:21.T126L28
+ ./recfct.T126L28
+ 0< /gfs/home3/modoper/tempo/global/oens/recfct/datain/recfctFCT05R.nml 1> /gfs/home3/modoper/tempo/global/oens/recfct/output/recfct.out.2011101100.04:21.T126L28
 
 
     ******  Program Information  ******
  Real Time (sec)       :          7.325005
  User Time (sec)       :          4.139822
  Sys  Time (sec)       :          0.074235
  Vector Time (sec)     :          0.347712
  Inst. Count           :        1596986079.
  V. Inst. Count        :          16052480.
  V. Element Count      :        1289251883.
  FLOP Count            :         534710005.
  MOPS                  :        693.311285
  MFLOPS                :        129.162552
  VLEN                  :         80.314810
  V. Op. Ratio (%)      :         44.918765
  Memory Size (MB)      :        192.031250
  MIPS                  :        385.761993
  I-Cache (sec)         :          0.001936
  O-Cache (sec)         :          0.877822
  Bank (sec)            :          0.001190
 
  Start Time (date)  :  2011/10/11 04:21:17
  End   Time (date)  :  2011/10/11 04:21:24
-rw-r--r--    1 modoper  pnt            2000 Oct 11 04:21 /gfs/home3/modoper/tempo/global/oens/eof/datain/templ052011101100
sx6
PNT-EN
11101104:21
out
/gfs/home3/modoper/tempo/global/oens
/gfs/home3/modoper/tempo/global/oens
/gfs/dk22/modoper/tempo/global/oens
/gfs/dk22/modoper/tempo/global/oens/model/datain
/gfs/home3/modoper/tempo/global/oens/run/setrecfct.1.FCT05RT126L28.sx6
Date: 20111011
Hour: 04:21
FCT05R
2011101100
2011101206
GFCT05R
GFCT05R
GFCT05R
F.fct
F.fct
R.fct
/gfs/home3/modoper/tempo/global/oens
/gfs/home3/modoper/tempo/global/oens
/gfs/dk22/modoper/tempo/global/oens
/gfs/dk22/modoper/tempo/global/oens/model/datain
run
run
GFCT05R20111011002011101206F.fct.T126L28
/gfs/home3/modoper/tempo/global/oens/recfct/datain/GFCT05R20111011002011101206F.fct.T126L28
+ echo Recomposition  -x-  RUNNING ...
Recomposition  -x-  RUNNING ...
+ source=/gfs/home3/modoper/tempo/global/oens/recfct/source
+ bin=/gfs/home3/modoper/tempo/global/oens/recfct/bin/T126L28
+ input=/gfs/home3/modoper/tempo/global/oens/recfct/datain
+ out=/gfs/home3/modoper/tempo/global/oens/recfct/output
+ echo run
run
+ [ run = make ]
+ echo run
run
+ [ run = clean ]
+ cd /gfs/home3/modoper/tempo/global/oens/recfct/bin/T126L28
+ echo ./recfct.T126L28 < /gfs/home3/modoper/tempo/global/oens/recfct/datain/recfctFCT05R.nml > /gfs/home3/modoper/tempo/global/oens/recfct/output/recfct.out.2011101100.04:21.T126L28
./recfct.T126L28 < /gfs/home3/modoper/tempo/global/oens/recfct/datain/recfctFCT05R.nml > /gfs/home3/modoper/tempo/global/oens/recfct/output/recfct.out.2011101100.04:21.T126L28
+ ./recfct.T126L28
+ 0< /gfs/home3/modoper/tempo/global/oens/recfct/datain/recfctFCT05R.nml 1> /gfs/home3/modoper/tempo/global/oens/recfct/output/recfct.out.2011101100.04:21.T126L28
 
 
     ******  Program Information  ******
  Real Time (sec)       :          6.979505
  User Time (sec)       :          4.133901
  Sys  Time (sec)       :          0.065152
  Vector Time (sec)     :          0.346302
  Inst. Count           :        1596986079.
  V. Inst. Count        :          16052480.
  V. Element Count      :        1289251883.
  FLOP Count            :         534710005.
  MOPS                  :        694.304377
  MFLOPS                :        129.347563
  VLEN                  :         80.314810
  V. Op. Ratio (%)      :         44.918765
  Memory Size (MB)      :        192.031250
  MIPS                  :        386.314554
  I-Cache (sec)         :          0.000931
  O-Cache (sec)         :          0.873714
  Bank (sec)            :          0.001190
 
  Start Time (date)  :  2011/10/11 04:21:26
  End   Time (date)  :  2011/10/11 04:21:33
-rw-r--r--    1 modoper  pnt            2200 Oct 11 04:21 /gfs/home3/modoper/tempo/global/oens/eof/datain/templ052011101100
sx6
PNT-EN
11101104:21
out
/gfs/home3/modoper/tempo/global/oens
/gfs/home3/modoper/tempo/global/oens
/gfs/dk22/modoper/tempo/global/oens
/gfs/dk22/modoper/tempo/global/oens/model/datain
/gfs/home3/modoper/tempo/global/oens/run/setrecfct.1.FCT05RT126L28.sx6
Date: 20111011
Hour: 04:21
FCT05R
2011101100
2011101209
GFCT05R
GFCT05R
GFCT05R
F.fct
F.fct
R.fct
/gfs/home3/modoper/tempo/global/oens
/gfs/home3/modoper/tempo/global/oens
/gfs/dk22/modoper/tempo/global/oens
/gfs/dk22/modoper/tempo/global/oens/model/datain
run
run
GFCT05R20111011002011101209F.fct.T126L28
/gfs/home3/modoper/tempo/global/oens/recfct/datain/GFCT05R20111011002011101209F.fct.T126L28
+ echo Recomposition  -x-  RUNNING ...
Recomposition  -x-  RUNNING ...
+ source=/gfs/home3/modoper/tempo/global/oens/recfct/source
+ bin=/gfs/home3/modoper/tempo/global/oens/recfct/bin/T126L28
+ input=/gfs/home3/modoper/tempo/global/oens/recfct/datain
+ out=/gfs/home3/modoper/tempo/global/oens/recfct/output
+ echo run
run
+ [ run = make ]
+ echo run
run
+ [ run = clean ]
+ cd /gfs/home3/modoper/tempo/global/oens/recfct/bin/T126L28
+ echo ./recfct.T126L28 < /gfs/home3/modoper/tempo/global/oens/recfct/datain/recfctFCT05R.nml > /gfs/home3/modoper/tempo/global/oens/recfct/output/recfct.out.2011101100.04:21.T126L28
./recfct.T126L28 < /gfs/home3/modoper/tempo/global/oens/recfct/datain/recfctFCT05R.nml > /gfs/home3/modoper/tempo/global/oens/recfct/output/recfct.out.2011101100.04:21.T126L28
+ ./recfct.T126L28
+ 0< /gfs/home3/modoper/tempo/global/oens/recfct/datain/recfctFCT05R.nml 1> /gfs/home3/modoper/tempo/global/oens/recfct/output/recfct.out.2011101100.04:21.T126L28
 
 
     ******  Program Information  ******
  Real Time (sec)       :         18.774472
  User Time (sec)       :          4.124872
  Sys  Time (sec)       :          0.069837
  Vector Time (sec)     :          0.343201
  Inst. Count           :        1596986079.
  V. Inst. Count        :          16052480.
  V. Element Count      :        1289251883.
  FLOP Count            :         534710005.
  MOPS                  :        695.824060
  MFLOPS                :        129.630677
  VLEN                  :         80.314810
  V. Op. Ratio (%)      :         44.918765
  Memory Size (MB)      :        192.031250
  MIPS                  :        387.160114
  I-Cache (sec)         :          0.000822
  O-Cache (sec)         :          0.867395
  Bank (sec)            :          0.001192
 
  Start Time (date)  :  2011/10/11 04:21:34
  End   Time (date)  :  2011/10/11 04:21:53
-rw-r--r--    1 modoper  pnt            2400 Oct 11 04:21 /gfs/home3/modoper/tempo/global/oens/eof/datain/templ052011101100
sx6
PNT-EN
11101104:21
out
/gfs/home3/modoper/tempo/global/oens
/gfs/home3/modoper/tempo/global/oens
/gfs/dk22/modoper/tempo/global/oens
/gfs/dk22/modoper/tempo/global/oens/model/datain
/gfs/home3/modoper/tempo/global/oens/run/setrecfct.1.FCT05RT126L28.sx6
Date: 20111011
Hour: 04:21
FCT05R
2011101100
2011101212
GFCT05R
GFCT05R
GFCT05R
F.fct
F.fct
R.fct
/gfs/home3/modoper/tempo/global/oens
/gfs/home3/modoper/tempo/global/oens
/gfs/dk22/modoper/tempo/global/oens
/gfs/dk22/modoper/tempo/global/oens/model/datain
run
run
GFCT05R20111011002011101212F.fct.T126L28
/gfs/home3/modoper/tempo/global/oens/recfct/datain/GFCT05R20111011002011101212F.fct.T126L28
+ echo Recomposition  -x-  RUNNING ...
Recomposition  -x-  RUNNING ...
+ source=/gfs/home3/modoper/tempo/global/oens/recfct/source
+ bin=/gfs/home3/modoper/tempo/global/oens/recfct/bin/T126L28
+ input=/gfs/home3/modoper/tempo/global/oens/recfct/datain
+ out=/gfs/home3/modoper/tempo/global/oens/recfct/output
+ echo run
run
+ [ run = make ]
+ echo run
run
+ [ run = clean ]
+ cd /gfs/home3/modoper/tempo/global/oens/recfct/bin/T126L28
+ echo ./recfct.T126L28 < /gfs/home3/modoper/tempo/global/oens/recfct/datain/recfctFCT05R.nml > /gfs/home3/modoper/tempo/global/oens/recfct/output/recfct.out.2011101100.04:21.T126L28
./recfct.T126L28 < /gfs/home3/modoper/tempo/global/oens/recfct/datain/recfctFCT05R.nml > /gfs/home3/modoper/tempo/global/oens/recfct/output/recfct.out.2011101100.04:21.T126L28
+ ./recfct.T126L28
+ 0< /gfs/home3/modoper/tempo/global/oens/recfct/datain/recfctFCT05R.nml 1> /gfs/home3/modoper/tempo/global/oens/recfct/output/recfct.out.2011101100.04:21.T126L28
 
 
     ******  Program Information  ******
  Real Time (sec)       :          7.856582
  User Time (sec)       :          4.133188
  Sys  Time (sec)       :          0.127268
  Vector Time (sec)     :          0.343979
  Inst. Count           :        1596986110.
  V. Inst. Count        :          16052480.
  V. Element Count      :        1289251883.
  FLOP Count            :         534710006.
  MOPS                  :        694.424216
  MFLOPS                :        129.369887
  VLEN                  :         80.314810
  V. Op. Ratio (%)      :         44.918765
  Memory Size (MB)      :        192.031250
  MIPS                  :        386.381237
  I-Cache (sec)         :          0.006847
  O-Cache (sec)         :          0.875103
  Bank (sec)            :          0.001192
 
  Start Time (date)  :  2011/10/11 04:21:54
  End   Time (date)  :  2011/10/11 04:22:02
-rw-r--r--    1 modoper  pnt            2600 Oct 11 04:22 /gfs/home3/modoper/tempo/global/oens/eof/datain/templ052011101100
sx6
PNT-EN
11101104:22
out
/gfs/home3/modoper/tempo/global/oens
/gfs/home3/modoper/tempo/global/oens
/gfs/dk22/modoper/tempo/global/oens
/gfs/dk22/modoper/tempo/global/oens/model/datain
/gfs/home3/modoper/tempo/global/oens/run/setrecfct.1.FCT05RT126L28.sx6
Date: 20111011
Hour: 04:22
FCT05R
2011101100
2011101215
GFCT05R
GFCT05R
GFCT05R
F.fct
F.fct
R.fct
/gfs/home3/modoper/tempo/global/oens
/gfs/home3/modoper/tempo/global/oens
/gfs/dk22/modoper/tempo/global/oens
/gfs/dk22/modoper/tempo/global/oens/model/datain
run
run
GFCT05R20111011002011101215F.fct.T126L28
/gfs/home3/modoper/tempo/global/oens/recfct/datain/GFCT05R20111011002011101215F.fct.T126L28
+ echo Recomposition  -x-  RUNNING ...
Recomposition  -x-  RUNNING ...
+ source=/gfs/home3/modoper/tempo/global/oens/recfct/source
+ bin=/gfs/home3/modoper/tempo/global/oens/recfct/bin/T126L28
+ input=/gfs/home3/modoper/tempo/global/oens/recfct/datain
+ out=/gfs/home3/modoper/tempo/global/oens/recfct/output
+ echo run
run
+ [ run = make ]
+ echo run
run
+ [ run = clean ]
+ cd /gfs/home3/modoper/tempo/global/oens/recfct/bin/T126L28
+ echo ./recfct.T126L28 < /gfs/home3/modoper/tempo/global/oens/recfct/datain/recfctFCT05R.nml > /gfs/home3/modoper/tempo/global/oens/recfct/output/recfct.out.2011101100.04:22.T126L28
./recfct.T126L28 < /gfs/home3/modoper/tempo/global/oens/recfct/datain/recfctFCT05R.nml > /gfs/home3/modoper/tempo/global/oens/recfct/output/recfct.out.2011101100.04:22.T126L28
+ ./recfct.T126L28
+ 0< /gfs/home3/modoper/tempo/global/oens/recfct/datain/recfctFCT05R.nml 1> /gfs/home3/modoper/tempo/global/oens/recfct/output/recfct.out.2011101100.04:22.T126L28
 
 
     ******  Program Information  ******
  Real Time (sec)       :         16.549068
  User Time (sec)       :          4.123087
  Sys  Time (sec)       :          0.065640
  Vector Time (sec)     :          0.342769
  Inst. Count           :        1596986110.
  V. Inst. Count        :          16052480.
  V. Element Count      :        1289251883.
  FLOP Count            :         534710006.
  MOPS                  :        696.125341
  MFLOPS                :        129.686804
  VLEN                  :         80.314810
  V. Op. Ratio (%)      :         44.918765
  Memory Size (MB)      :        192.031250
  MIPS                  :        387.327751
  I-Cache (sec)         :          0.000832
  O-Cache (sec)         :          0.866019
  Bank (sec)            :          0.001190
 
  Start Time (date)  :  2011/10/11 04:22:04
  End   Time (date)  :  2011/10/11 04:22:20
-rw-r--r--    1 modoper  pnt            2800 Oct 11 04:22 /gfs/home3/modoper/tempo/global/oens/eof/datain/templ052011101100
sx6
PNT-EN
11101104:22
out
/gfs/home3/modoper/tempo/global/oens
/gfs/home3/modoper/tempo/global/oens
/gfs/dk22/modoper/tempo/global/oens
/gfs/dk22/modoper/tempo/global/oens/model/datain
/gfs/home3/modoper/tempo/global/oens/run/setrecfct.1.FCT05RT126L28.sx6
Date: 20111011
Hour: 04:22
FCT05R
2011101100
2011101218
GFCT05R
GFCT05R
GFCT05R
F.fct
F.fct
R.fct
/gfs/home3/modoper/tempo/global/oens
/gfs/home3/modoper/tempo/global/oens
/gfs/dk22/modoper/tempo/global/oens
/gfs/dk22/modoper/tempo/global/oens/model/datain
run
run
GFCT05R20111011002011101218F.fct.T126L28
/gfs/home3/modoper/tempo/global/oens/recfct/datain/GFCT05R20111011002011101218F.fct.T126L28
+ echo Recomposition  -x-  RUNNING ...
Recomposition  -x-  RUNNING ...
+ source=/gfs/home3/modoper/tempo/global/oens/recfct/source
+ bin=/gfs/home3/modoper/tempo/global/oens/recfct/bin/T126L28
+ input=/gfs/home3/modoper/tempo/global/oens/recfct/datain
+ out=/gfs/home3/modoper/tempo/global/oens/recfct/output
+ echo run
run
+ [ run = make ]
+ echo run
run
+ [ run = clean ]
+ cd /gfs/home3/modoper/tempo/global/oens/recfct/bin/T126L28
+ echo ./recfct.T126L28 < /gfs/home3/modoper/tempo/global/oens/recfct/datain/recfctFCT05R.nml > /gfs/home3/modoper/tempo/global/oens/recfct/output/recfct.out.2011101100.04:22.T126L28
./recfct.T126L28 < /gfs/home3/modoper/tempo/global/oens/recfct/datain/recfctFCT05R.nml > /gfs/home3/modoper/tempo/global/oens/recfct/output/recfct.out.2011101100.04:22.T126L28
+ ./recfct.T126L28
+ 0< /gfs/home3/modoper/tempo/global/oens/recfct/datain/recfctFCT05R.nml 1> /gfs/home3/modoper/tempo/global/oens/recfct/output/recfct.out.2011101100.04:22.T126L28
 
 
     ******  Program Information  ******
  Real Time (sec)       :         12.831347
  User Time (sec)       :          4.141007
  Sys  Time (sec)       :          0.062113
  Vector Time (sec)     :          0.346960
  Inst. Count           :        1596986110.
  V. Inst. Count        :          16052480.
  V. Element Count      :        1289251883.
  FLOP Count            :         534710006.
  MOPS                  :        693.112897
  MFLOPS                :        129.125591
  VLEN                  :         80.314810
  V. Op. Ratio (%)      :         44.918765
  Memory Size (MB)      :        192.031250
  MIPS                  :        385.651612
  I-Cache (sec)         :          0.000842
  O-Cache (sec)         :          0.879198
  Bank (sec)            :          0.001190
 
  Start Time (date)  :  2011/10/11 04:22:22
  End   Time (date)  :  2011/10/11 04:22:35
-rw-r--r--    1 modoper  pnt            3000 Oct 11 04:22 /gfs/home3/modoper/tempo/global/oens/eof/datain/templ052011101100
sx6
PNT-EN
11101104:22
out
/gfs/home3/modoper/tempo/global/oens
/gfs/home3/modoper/tempo/global/oens
/gfs/dk22/modoper/tempo/global/oens
/gfs/dk22/modoper/tempo/global/oens/model/datain
/gfs/home3/modoper/tempo/global/oens/run/setrecfct.1.FCT05RT126L28.sx6
Date: 20111011
Hour: 04:22
FCT05R
2011101100
2011101221
GFCT05R
GFCT05R
GFCT05R
F.fct
F.fct
R.fct
/gfs/home3/modoper/tempo/global/oens
/gfs/home3/modoper/tempo/global/oens
/gfs/dk22/modoper/tempo/global/oens
/gfs/dk22/modoper/tempo/global/oens/model/datain
run
run
GFCT05R20111011002011101221F.fct.T126L28
/gfs/home3/modoper/tempo/global/oens/recfct/datain/GFCT05R20111011002011101221F.fct.T126L28
+ echo Recomposition  -x-  RUNNING ...
Recomposition  -x-  RUNNING ...
+ source=/gfs/home3/modoper/tempo/global/oens/recfct/source
+ bin=/gfs/home3/modoper/tempo/global/oens/recfct/bin/T126L28
+ input=/gfs/home3/modoper/tempo/global/oens/recfct/datain
+ out=/gfs/home3/modoper/tempo/global/oens/recfct/output
+ echo run
run
+ [ run = make ]
+ echo run
run
+ [ run = clean ]
+ cd /gfs/home3/modoper/tempo/global/oens/recfct/bin/T126L28
+ echo ./recfct.T126L28 < /gfs/home3/modoper/tempo/global/oens/recfct/datain/recfctFCT05R.nml > /gfs/home3/modoper/tempo/global/oens/recfct/output/recfct.out.2011101100.04:22.T126L28
./recfct.T126L28 < /gfs/home3/modoper/tempo/global/oens/recfct/datain/recfctFCT05R.nml > /gfs/home3/modoper/tempo/global/oens/recfct/output/recfct.out.2011101100.04:22.T126L28
+ ./recfct.T126L28
+ 0< /gfs/home3/modoper/tempo/global/oens/recfct/datain/recfctFCT05R.nml 1> /gfs/home3/modoper/tempo/global/oens/recfct/output/recfct.out.2011101100.04:22.T126L28
 
 
     ******  Program Information  ******
  Real Time (sec)       :         14.551135
  User Time (sec)       :          4.129827
  Sys  Time (sec)       :          0.123853
  Vector Time (sec)     :          0.342894
  Inst. Count           :        1596986110.
  V. Inst. Count        :          16052480.
  V. Element Count      :        1289251883.
  FLOP Count            :         534710006.
  MOPS                  :        694.989346
  MFLOPS                :        129.475170
  VLEN                  :         80.314810
  V. Op. Ratio (%)      :         44.918765
  Memory Size (MB)      :        192.031250
  MIPS                  :        386.695678
  I-Cache (sec)         :          0.005952
  O-Cache (sec)         :          0.872563
  Bank (sec)            :          0.001192
 
  Start Time (date)  :  2011/10/11 04:22:36
  End   Time (date)  :  2011/10/11 04:22:51
-rw-r--r--    1 modoper  pnt            3200 Oct 11 04:22 /gfs/home3/modoper/tempo/global/oens/eof/datain/templ052011101100
sx6
PNT-EN
11101104:22
out
/gfs/home3/modoper/tempo/global/oens
/gfs/home3/modoper/tempo/global/oens
/gfs/dk22/modoper/tempo/global/oens
/gfs/dk22/modoper/tempo/global/oens/model/datain
/gfs/home3/modoper/tempo/global/oens/run/setrecfct.1.FCT05RT126L28.sx6
Date: 20111011
Hour: 04:22
FCT05R
2011101100
2011101300
GFCT05R
GFCT05R
GFCT05R
F.fct
F.fct
R.fct
/gfs/home3/modoper/tempo/global/oens
/gfs/home3/modoper/tempo/global/oens
/gfs/dk22/modoper/tempo/global/oens
/gfs/dk22/modoper/tempo/global/oens/model/datain
run
run
GFCT05R20111011002011101300F.fct.T126L28
/gfs/home3/modoper/tempo/global/oens/recfct/datain/GFCT05R20111011002011101300F.fct.T126L28
+ echo Recomposition  -x-  RUNNING ...
Recomposition  -x-  RUNNING ...
+ source=/gfs/home3/modoper/tempo/global/oens/recfct/source
+ bin=/gfs/home3/modoper/tempo/global/oens/recfct/bin/T126L28
+ input=/gfs/home3/modoper/tempo/global/oens/recfct/datain
+ out=/gfs/home3/modoper/tempo/global/oens/recfct/output
+ echo run
run
+ [ run = make ]
+ echo run
run
+ [ run = clean ]
+ cd /gfs/home3/modoper/tempo/global/oens/recfct/bin/T126L28
+ echo ./recfct.T126L28 < /gfs/home3/modoper/tempo/global/oens/recfct/datain/recfctFCT05R.nml > /gfs/home3/modoper/tempo/global/oens/recfct/output/recfct.out.2011101100.04:22.T126L28
./recfct.T126L28 < /gfs/home3/modoper/tempo/global/oens/recfct/datain/recfctFCT05R.nml > /gfs/home3/modoper/tempo/global/oens/recfct/output/recfct.out.2011101100.04:22.T126L28
+ ./recfct.T126L28
+ 0< /gfs/home3/modoper/tempo/global/oens/recfct/datain/recfctFCT05R.nml 1> /gfs/home3/modoper/tempo/global/oens/recfct/output/recfct.out.2011101100.04:22.T126L28
 
 
     ******  Program Information  ******
  Real Time (sec)       :         15.004781
  User Time (sec)       :          4.122181
  Sys  Time (sec)       :          0.066628
  Vector Time (sec)     :          0.342437
  Inst. Count           :        1596986079.
  V. Inst. Count        :          16052480.
  V. Element Count      :        1289251883.
  FLOP Count            :         534710005.
  MOPS                  :        696.278413
  MFLOPS                :        129.715322
  VLEN                  :         80.314810
  V. Op. Ratio (%)      :         44.918765
  Memory Size (MB)      :        192.031250
  MIPS                  :        387.412918
  I-Cache (sec)         :          0.000986
  O-Cache (sec)         :          0.865204
  Bank (sec)            :          0.001191
 
  Start Time (date)  :  2011/10/11 04:22:53
  End   Time (date)  :  2011/10/11 04:23:08
-rw-r--r--    1 modoper  pnt            3400 Oct 11 04:23 /gfs/home3/modoper/tempo/global/oens/eof/datain/templ052011101100
sx6
PNT-EN
11101104:23
out
/gfs/home3/modoper/tempo/global/oens
/gfs/home3/modoper/tempo/global/oens
/gfs/dk22/modoper/tempo/global/oens
/gfs/dk22/modoper/tempo/global/oens/model/datain
/gfs/home3/modoper/tempo/global/oens/run/setrecfct.1.FCT05RT126L28.sx6
Date: 20111011
Hour: 04:23
FCT05R
2011101100
2011101303
GFCT05R
GFCT05R
GFCT05R
F.fct
F.fct
R.fct
/gfs/home3/modoper/tempo/global/oens
/gfs/home3/modoper/tempo/global/oens
/gfs/dk22/modoper/tempo/global/oens
/gfs/dk22/modoper/tempo/global/oens/model/datain
run
run
GFCT05R20111011002011101303F.fct.T126L28
/gfs/home3/modoper/tempo/global/oens/recfct/datain/GFCT05R20111011002011101303F.fct.T126L28
+ echo Recomposition  -x-  RUNNING ...
Recomposition  -x-  RUNNING ...
+ source=/gfs/home3/modoper/tempo/global/oens/recfct/source
+ bin=/gfs/home3/modoper/tempo/global/oens/recfct/bin/T126L28
+ input=/gfs/home3/modoper/tempo/global/oens/recfct/datain
+ out=/gfs/home3/modoper/tempo/global/oens/recfct/output
+ echo run
run
+ [ run = make ]
+ echo run
run
+ [ run = clean ]
+ cd /gfs/home3/modoper/tempo/global/oens/recfct/bin/T126L28
+ echo ./recfct.T126L28 < /gfs/home3/modoper/tempo/global/oens/recfct/datain/recfctFCT05R.nml > /gfs/home3/modoper/tempo/global/oens/recfct/output/recfct.out.2011101100.04:23.T126L28
./recfct.T126L28 < /gfs/home3/modoper/tempo/global/oens/recfct/datain/recfctFCT05R.nml > /gfs/home3/modoper/tempo/global/oens/recfct/output/recfct.out.2011101100.04:23.T126L28
+ ./recfct.T126L28
+ 0< /gfs/home3/modoper/tempo/global/oens/recfct/datain/recfctFCT05R.nml 1> /gfs/home3/modoper/tempo/global/oens/recfct/output/recfct.out.2011101100.04:23.T126L28
 
 
     ******  Program Information  ******
  Real Time (sec)       :         15.541061
  User Time (sec)       :          4.137521
  Sys  Time (sec)       :          0.062805
  Vector Time (sec)     :          0.346339
  Inst. Count           :        1596986079.
  V. Inst. Count        :          16052480.
  V. Element Count      :        1289251883.
  FLOP Count            :         534710005.
  MOPS                  :        693.696835
  MFLOPS                :        129.234379
  VLEN                  :         80.314810
  V. Op. Ratio (%)      :         44.918765
  Memory Size (MB)      :        192.031250
  MIPS                  :        385.976515
  I-Cache (sec)         :          0.000820
  O-Cache (sec)         :          0.876608
  Bank (sec)            :          0.001190
 
  Start Time (date)  :  2011/10/11 04:23:09
  End   Time (date)  :  2011/10/11 04:23:25
-rw-r--r--    1 modoper  pnt            3600 Oct 11 04:23 /gfs/home3/modoper/tempo/global/oens/eof/datain/templ052011101100
sx6
PNT-EN
11101104:23
out
/gfs/home3/modoper/tempo/global/oens
/gfs/home3/modoper/tempo/global/oens
/gfs/dk22/modoper/tempo/global/oens
/gfs/dk22/modoper/tempo/global/oens/model/datain
/gfs/home3/modoper/tempo/global/oens/run/setrecfct.1.FCT05RT126L28.sx6
Date: 20111011
Hour: 04:23
FCT05R
2011101100
2011101306
GFCT05R
GFCT05R
GFCT05R
F.fct
F.fct
R.fct
/gfs/home3/modoper/tempo/global/oens
/gfs/home3/modoper/tempo/global/oens
/gfs/dk22/modoper/tempo/global/oens
/gfs/dk22/modoper/tempo/global/oens/model/datain
run
run
GFCT05R20111011002011101306F.fct.T126L28
/gfs/home3/modoper/tempo/global/oens/recfct/datain/GFCT05R20111011002011101306F.fct.T126L28
+ echo Recomposition  -x-  RUNNING ...
Recomposition  -x-  RUNNING ...
+ source=/gfs/home3/modoper/tempo/global/oens/recfct/source
+ bin=/gfs/home3/modoper/tempo/global/oens/recfct/bin/T126L28
+ input=/gfs/home3/modoper/tempo/global/oens/recfct/datain
+ out=/gfs/home3/modoper/tempo/global/oens/recfct/output
+ echo run
run
+ [ run = make ]
+ echo run
run
+ [ run = clean ]
+ cd /gfs/home3/modoper/tempo/global/oens/recfct/bin/T126L28
+ echo ./recfct.T126L28 < /gfs/home3/modoper/tempo/global/oens/recfct/datain/recfctFCT05R.nml > /gfs/home3/modoper/tempo/global/oens/recfct/output/recfct.out.2011101100.04:23.T126L28
./recfct.T126L28 < /gfs/home3/modoper/tempo/global/oens/recfct/datain/recfctFCT05R.nml > /gfs/home3/modoper/tempo/global/oens/recfct/output/recfct.out.2011101100.04:23.T126L28
+ ./recfct.T126L28
+ 0< /gfs/home3/modoper/tempo/global/oens/recfct/datain/recfctFCT05R.nml 1> /gfs/home3/modoper/tempo/global/oens/recfct/output/recfct.out.2011101100.04:23.T126L28
 
 
     ******  Program Information  ******
  Real Time (sec)       :          7.656172
  User Time (sec)       :          4.122868
  Sys  Time (sec)       :          0.074110
  Vector Time (sec)     :          0.342237
  Inst. Count           :        1596986079.
  V. Inst. Count        :          16052480.
  V. Element Count      :        1289251883.
  FLOP Count            :         534710005.
  MOPS                  :        696.162401
  MFLOPS                :        129.693709
  VLEN                  :         80.314810
  V. Op. Ratio (%)      :         44.918765
  Memory Size (MB)      :        192.031250
  MIPS                  :        387.348368
  I-Cache (sec)         :          0.001970
  O-Cache (sec)         :          0.866231
  Bank (sec)            :          0.001192
 
  Start Time (date)  :  2011/10/11 04:23:26
  End   Time (date)  :  2011/10/11 04:23:34
-rw-r--r--    1 modoper  pnt            3800 Oct 11 04:23 /gfs/home3/modoper/tempo/global/oens/eof/datain/templ052011101100
sx6
PNT-EN
11101104:23
out
/gfs/home3/modoper/tempo/global/oens
/gfs/home3/modoper/tempo/global/oens
/gfs/dk22/modoper/tempo/global/oens
/gfs/dk22/modoper/tempo/global/oens/model/datain
/gfs/home3/modoper/tempo/global/oens/run/setrecfct.1.FCT05RT126L28.sx6
Date: 20111011
Hour: 04:23
FCT05R
2011101100
2011101309
GFCT05R
GFCT05R
GFCT05R
F.fct
F.fct
R.fct
/gfs/home3/modoper/tempo/global/oens
/gfs/home3/modoper/tempo/global/oens
/gfs/dk22/modoper/tempo/global/oens
/gfs/dk22/modoper/tempo/global/oens/model/datain
run
run
GFCT05R20111011002011101309F.fct.T126L28
/gfs/home3/modoper/tempo/global/oens/recfct/datain/GFCT05R20111011002011101309F.fct.T126L28
+ echo Recomposition  -x-  RUNNING ...
Recomposition  -x-  RUNNING ...
+ source=/gfs/home3/modoper/tempo/global/oens/recfct/source
+ bin=/gfs/home3/modoper/tempo/global/oens/recfct/bin/T126L28
+ input=/gfs/home3/modoper/tempo/global/oens/recfct/datain
+ out=/gfs/home3/modoper/tempo/global/oens/recfct/output
+ echo run
run
+ [ run = make ]
+ echo run
run
+ [ run = clean ]
+ cd /gfs/home3/modoper/tempo/global/oens/recfct/bin/T126L28
+ echo ./recfct.T126L28 < /gfs/home3/modoper/tempo/global/oens/recfct/datain/recfctFCT05R.nml > /gfs/home3/modoper/tempo/global/oens/recfct/output/recfct.out.2011101100.04:23.T126L28
./recfct.T126L28 < /gfs/home3/modoper/tempo/global/oens/recfct/datain/recfctFCT05R.nml > /gfs/home3/modoper/tempo/global/oens/recfct/output/recfct.out.2011101100.04:23.T126L28
+ ./recfct.T126L28
+ 0< /gfs/home3/modoper/tempo/global/oens/recfct/datain/recfctFCT05R.nml 1> /gfs/home3/modoper/tempo/global/oens/recfct/output/recfct.out.2011101100.04:23.T126L28
 
 
     ******  Program Information  ******
  Real Time (sec)       :         11.390606
  User Time (sec)       :          4.128726
  Sys  Time (sec)       :          0.064046
  Vector Time (sec)     :          0.344826
  Inst. Count           :        1596986079.
  V. Inst. Count        :          16052480.
  V. Element Count      :        1289251883.
  FLOP Count            :         534710005.
  MOPS                  :        695.174553
  MFLOPS                :        129.509675
  VLEN                  :         80.314810
  V. Op. Ratio (%)      :         44.918765
  Memory Size (MB)      :        192.031250
  MIPS                  :        386.798724
  I-Cache (sec)         :          0.001034
  O-Cache (sec)         :          0.869796
  Bank (sec)            :          0.001190
 
  Start Time (date)  :  2011/10/11 04:23:36
  End   Time (date)  :  2011/10/11 04:23:47
-rw-r--r--    1 modoper  pnt            4000 Oct 11 04:23 /gfs/home3/modoper/tempo/global/oens/eof/datain/templ052011101100
sx6
PNT-EN
11101104:23
out
/gfs/home3/modoper/tempo/global/oens
/gfs/home3/modoper/tempo/global/oens
/gfs/dk22/modoper/tempo/global/oens
/gfs/dk22/modoper/tempo/global/oens/model/datain
/gfs/home3/modoper/tempo/global/oens/run/setrecfct.1.FCT05RT126L28.sx6
Date: 20111011
Hour: 04:23
FCT05R
2011101100
2011101312
GFCT05R
GFCT05R
GFCT05R
F.fct
F.fct
R.fct
/gfs/home3/modoper/tempo/global/oens
/gfs/home3/modoper/tempo/global/oens
/gfs/dk22/modoper/tempo/global/oens
/gfs/dk22/modoper/tempo/global/oens/model/datain
run
run
GFCT05R20111011002011101312F.fct.T126L28
/gfs/home3/modoper/tempo/global/oens/recfct/datain/GFCT05R20111011002011101312F.fct.T126L28
+ echo Recomposition  -x-  RUNNING ...
Recomposition  -x-  RUNNING ...
+ source=/gfs/home3/modoper/tempo/global/oens/recfct/source
+ bin=/gfs/home3/modoper/tempo/global/oens/recfct/bin/T126L28
+ input=/gfs/home3/modoper/tempo/global/oens/recfct/datain
+ out=/gfs/home3/modoper/tempo/global/oens/recfct/output
+ echo run
run
+ [ run = make ]
+ echo run
run
+ [ run = clean ]
+ cd /gfs/home3/modoper/tempo/global/oens/recfct/bin/T126L28
+ echo ./recfct.T126L28 < /gfs/home3/modoper/tempo/global/oens/recfct/datain/recfctFCT05R.nml > /gfs/home3/modoper/tempo/global/oens/recfct/output/recfct.out.2011101100.04:23.T126L28
./recfct.T126L28 < /gfs/home3/modoper/tempo/global/oens/recfct/datain/recfctFCT05R.nml > /gfs/home3/modoper/tempo/global/oens/recfct/output/recfct.out.2011101100.04:23.T126L28
+ ./recfct.T126L28
+ 0< /gfs/home3/modoper/tempo/global/oens/recfct/datain/recfctFCT05R.nml 1> /gfs/home3/modoper/tempo/global/oens/recfct/output/recfct.out.2011101100.04:23.T126L28
 
 
     ******  Program Information  ******
  Real Time (sec)       :          8.171067
  User Time (sec)       :          4.122557
  Sys  Time (sec)       :          0.069226
  Vector Time (sec)     :          0.342241
  Inst. Count           :        1596986110.
  V. Inst. Count        :          16052480.
  V. Element Count      :        1289251883.
  FLOP Count            :         534710006.
  MOPS                  :        696.214867
  MFLOPS                :        129.703482
  VLEN                  :         80.314810
  V. Op. Ratio (%)      :         44.918765
  Memory Size (MB)      :        192.031250
  MIPS                  :        387.377564
  I-Cache (sec)         :          0.001776
  O-Cache (sec)         :          0.865810
  Bank (sec)            :          0.001192
 
  Start Time (date)  :  2011/10/11 04:23:49
  End   Time (date)  :  2011/10/11 04:23:57
sx6
2011101104:23
out
/gfs/home3/modoper/tempo/global/oens
/gfs/home3/modoper/tempo/global/oens
/gfs/dk22/modoper/tempo/global/oens
/gfs/dk22/modoper/tempo/global/oens/model/datain
/gfs/home3/modoper/tempo/global/oens/run/seteofs.1.05T126L28.sx6
05
Date: 20111011
Hour: 04:23
2011101100
/gfs/home3/modoper/tempo/global/oens
/gfs/home3/modoper/tempo/global/oens
/gfs/dk22/modoper/tempo/global/oens
/gfs/dk22/modoper/tempo/global/oens/model/datain
run
run
Vai chamar eoft
+ echo EOFT           -x-  RUNNING ...
EOFT           -x-  RUNNING ...
+ source=/gfs/home3/modoper/tempo/global/oens/eoftemp/source
+ bin=/gfs/home3/modoper/tempo/global/oens/eof/bin/T126L28
+ inp=/gfs/home3/modoper/tempo/global/oens/eof/datain
+ outp=/gfs/home3/modoper/tempo/global/oens/eoftemp/output
+ echo run
run
+ [ run = make ]
+ echo run
run
+ [ run = clean ]
+ cd /gfs/home3/modoper/tempo/global/oens/eof/bin/T126L28
+ echo ./eoftem.T126L28 < /gfs/home3/modoper/tempo/global/oens/eof/datain/eoftem05.nml > /gfs/home3/modoper/tempo/global/oens/eoftemp/output/eoftem.2011101100.04:23.T126L28
./eoftem.T126L28 < /gfs/home3/modoper/tempo/global/oens/eof/datain/eoftem05.nml > /gfs/home3/modoper/tempo/global/oens/eoftemp/output/eoftem.2011101100.04:23.T126L28
+ ./eoftem.T126L28
+ 0< /gfs/home3/modoper/tempo/global/oens/eof/datain/eoftem05.nml 1> /gfs/home3/modoper/tempo/global/oens/eoftemp/output/eoftem.2011101100.04:23.T126L28
 entrou no eoft fortran
 &DATAIN DIRI=/gfs/home3/modoper/tempo/global/oens/eof/datain/                ,
 DIRA=/gfs/dk22/modoper/tempo/global/oens/model/datain/               ,
 DIRO=/gfs/dk22/modoper/tempo/global/oens/eof/dataout/T126L28/        ,
 NAMEL=templ052011101100                                               ,
 ANAME=GANLAVN2011101100R.unf.T126L28                                                      ,
 TEMOUT=temout052011101100                                              ,
 TEMPCM=tempcm052011101100                                              ,
 TEMPER1=tempe1052011101100                                              ,
 TEMPEN1=tempn1052011101100                                               /
 
 
     ******  Program Information  ******
  Real Time (sec)       :         30.649219
  User Time (sec)       :          6.579609
  Sys  Time (sec)       :          0.388577
  Vector Time (sec)     :          5.899941
  Inst. Count           :         597132652.
  V. Inst. Count        :          72972047.
  V. Element Count      :        9156489436.
  FLOP Count            :        3164565531.
  MOPS                  :       1471.310863
  MFLOPS                :        480.965599
  VLEN                  :        125.479410
  V. Op. Ratio (%)      :         94.585481
  Memory Size (MB)      :        304.031250
  MIPS                  :         90.755037
  I-Cache (sec)         :          0.003876
  O-Cache (sec)         :          0.003629
  Bank (sec)            :          0.281361
 
  Start Time (date)  :  2011/10/11 04:23:59
  End   Time (date)  :  2011/10/11 04:24:29
Vai chamar eofw
+ echo EOFW           -x-  RUNNING ...
EOFW           -x-  RUNNING ...
+ source=/gfs/home3/modoper/tempo/global/oens/eofwind/source
+ bin=/gfs/home3/modoper/tempo/global/oens/eof/bin/T126L28
+ out=/gfs/dk22/modoper/tempo/global/oens/eof/dataout/T126L28
+ inp=/gfs/home3/modoper/tempo/global/oens/eof/datain
+ outp=/gfs/home3/modoper/tempo/global/oens/eofwind/output
+ echo run
run
+ [ run = make ]
+ echo run
run
+ [ run = clean ]
+ cd /gfs/home3/modoper/tempo/global/oens/eof/bin/T126L28
+ echo ./eofwin.T126L28 < /gfs/home3/modoper/tempo/global/oens/eof/datain/eofwin05.nml > /gfs/home3/modoper/tempo/global/oens/eofwind/output/eofwin.2011101100.04:23.T126L28
./eofwin.T126L28 < /gfs/home3/modoper/tempo/global/oens/eof/datain/eofwin05.nml > /gfs/home3/modoper/tempo/global/oens/eofwind/output/eofwin.2011101100.04:23.T126L28
+ ./eofwin.T126L28
+ 0< /gfs/home3/modoper/tempo/global/oens/eof/datain/eofwin05.nml 1> /gfs/home3/modoper/tempo/global/oens/eofwind/output/eofwin.2011101100.04:23.T126L28
 
 
     ******  Program Information  ******
  Real Time (sec)       :         80.217362
  User Time (sec)       :         11.994969
  Sys  Time (sec)       :          0.635358
  Vector Time (sec)     :         10.949633
  Inst. Count           :        1009389303.
  V. Inst. Count        :         235339369.
  V. Element Count      :       26880733239.
  FLOP Count            :        7609521441.
  MOPS                  :       2305.531900
  MFLOPS                :        634.392767
  VLEN                  :        114.221149
  V. Op. Ratio (%)      :         97.201027
  Memory Size (MB)      :        624.031250
  MIPS                  :         84.151057
  I-Cache (sec)         :          0.008702
  O-Cache (sec)         :          0.018853
  Bank (sec)            :          0.599880
 
  Start Time (date)  :  2011/10/11 04:24:29
  End   Time (date)  :  2011/10/11 04:25:50
sx6
2011101104:25
out
/gfs/home3/modoper/tempo/global/oens
/gfs/home3/modoper/tempo/global/oens
/gfs/dk22/modoper/tempo/global/oens
/gfs/dk22/modoper/tempo/global/oens/model/datain
/gfs/home3/modoper/tempo/global/oens/run/setdeco05T126L28.sx6
Date: 20111011
Hour: 04:25
2011101100
/gfs/home3/modoper/tempo/global/oens
/gfs/home3/modoper/tempo/global/oens
/gfs/dk22/modoper/tempo/global/oens
/gfs/dk22/modoper/tempo/global/oens/model/datain
run
run
+ echo Decomposition  -x-  RUNNING ...
Decomposition  -x-  RUNNING ...
+ source=/gfs/home3/modoper/tempo/global/oens/decanl/source
+ bin=/gfs/home3/modoper/tempo/global/oens/decanl/bin/T126L28
+ input=/gfs/home3/modoper/tempo/global/oens/decanl/datain
+ out=/gfs/home3/modoper/tempo/global/oens/decanl/output
+ echo run
run
+ [ run = make ]
+ echo run
run
+ [ run = clean ]
+ cd /gfs/home3/modoper/tempo/global/oens/decanl/bin/T126L28
+ ./decanl.T126L28
+ 0< /gfs/home3/modoper/tempo/global/oens/decanl/datain/decanl05.nml 1> /gfs/home3/modoper/tempo/global/oens/decanl/output/decanl.2011101100.04:25.T126L28
 
 
     ******  Program Information  ******
  Real Time (sec)       :          5.274380
  User Time (sec)       :          0.819534
  Sys  Time (sec)       :          0.064454
  Vector Time (sec)     :          0.628207
  Inst. Count           :         173583932.
  V. Inst. Count        :          21078079.
  V. Element Count      :        2292782635.
  FLOP Count            :         590251095.
  MOPS                  :       2983.756438
  MFLOPS                :        720.228109
  VLEN                  :        108.775692
  V. Op. Ratio (%)      :         93.763278
  Memory Size (MB)      :        192.031250
  MIPS                  :        211.808209
  I-Cache (sec)         :          0.000860
  O-Cache (sec)         :          0.026604
  Bank (sec)            :          0.015383
 
  Start Time (date)  :  2011/10/11 04:25:51
  End   Time (date)  :  2011/10/11 04:25:56
+ echo Decomposition  -x-  RUNNING ...
Decomposition  -x-  RUNNING ...
+ source=/gfs/home3/modoper/tempo/global/oens/decanl/source
+ bin=/gfs/home3/modoper/tempo/global/oens/decanl/bin/T126L28
+ input=/gfs/home3/modoper/tempo/global/oens/decanl/datain
+ out=/gfs/home3/modoper/tempo/global/oens/decanl/output
+ echo run
run
+ [ run = make ]
+ echo run
run
+ [ run = clean ]
+ cd /gfs/home3/modoper/tempo/global/oens/decanl/bin/T126L28
+ ./decanl.T126L28
+ 0< /gfs/home3/modoper/tempo/global/oens/decanl/datain/decanl05.nml 1> /gfs/home3/modoper/tempo/global/oens/decanl/output/decanl.2011101100.04:25.T126L28
 
 
     ******  Program Information  ******
  Real Time (sec)       :          3.789099
  User Time (sec)       :          0.819601
  Sys  Time (sec)       :          0.058013
  Vector Time (sec)     :          0.628291
  Inst. Count           :         173583827.
  V. Inst. Count        :          21078079.
  V. Element Count      :        2292782629.
  FLOP Count            :         590251095.
  MOPS                  :       2983.510183
  MFLOPS                :        720.168700
  VLEN                  :        108.775692
  V. Op. Ratio (%)      :         93.763282
  Memory Size (MB)      :        192.031250
  MIPS                  :        211.790609
  I-Cache (sec)         :          0.000873
  O-Cache (sec)         :          0.026590
  Bank (sec)            :          0.015381
 
  Start Time (date)  :  2011/10/11 04:25:56
  End   Time (date)  :  2011/10/11 04:26:00
105.3u 24.6s 6:22 33% 839+176445k 90840+9876io 0w
logout
