Warning: no access to tty (Bad file descriptor).
Thus no job control in this shell.
vt100
======================================
Welcome to tupay: Linux 2.4.18-nec3.3.060 ia64
Today is Mon Oct 10 07:59:21 GST 2011
======================================
LABELI=2011101000
LABELF=2011102500
sx6
PNT-EN
2011101007:59:21
AVN
/gfs/home3/modoper/tempo/global/oens
/gfs/home3/modoper/tempo/global/oens
/gfs/dk22/modoper/tempo/global/oens
prcmed  -- Run script ...
prcmed  -- SUBMITTED TO NQS QUEUE ...
qsub -q PNT-EN /gfs/home3/modoper/tempo/global/oens/run/setprcmedT126L28.sx6


Script: /gfs/home3/modoper/tempo/global/oens/run/setprcmedT126L28.sx6
Fila: PNT-EN
SmsLabel: Info
Rodando Sem Medidor(SMS)...


Stdout = /gfs/home3/modoper/tempo/global/oens/run/setout/setprcmedT126L28.sx6.2011101007:59:21.AVN

+--------------------------------------------+
Job       Status       Elapse        User Time
                         
+--------------------------------------------+

+--------------------------------------------+
Job       Status       Elapse        User Time
                         
+--------------------------------------------+

INICIANDO... \(set \-x\)
resol=t126
nivel=l28
lats4d -i /gfs/dk22/modoper/tempo/global/oens/prcmed/dataout/T126L28/GPRCENM20111010002011101700P.fct.T126L28.ctl -o /gfs/dk22/modoper/tempo/global/oens/prcmed/dataout/T126L28/grib/GPRCENM20111010002011101700P.fct.T126L28 -center cptec002 -format grads_grib -ftype ctl -table /gfs/home3/modoper/tempo/global/oens/prcmed/scripts/cptec.table -v -title CPTEC GLOBAL ENSEMBLE WEEK MEAN PRECIPITATION T126L28  COLD
/usr/local/grads/bin/gradshdf -blc 'run /usr/local/grads/bin/lats4d.gs -q -i /gfs/dk22/modoper/tempo/global/oens/prcmed/dataout/T126L28/GPRCENM20111010002011101700P.fct.T126L28.ctl -o /gfs/dk22/modoper/tempo/global/oens/prcmed/dataout/T126L28/grib/GPRCENM20111010002011101700P.fct.T126L28 -center cptec002 -format grads_grib -ftype ctl -table /gfs/home3/modoper/tempo/global/oens/prcmed/scripts/cptec.table -v -title CPTEC GLOBAL ENSEMBLE WEEK MEAN PRECIPITATION T126L28 COLD '

Grid Analysis and Display System (GrADS) Version 1.8SL11
Copyright (c) 1988-2001 by Brian Doty 
Center for Ocean-Land-Atmosphere Studies
Institute for Global Environment and Society 
All Rights Reserved

Config: v1.8SL11 32-bit little-endian readline sdf/xdf hdf-sds lats printim

Issue 'q config' command for more information.

GX Package Initialization: Size = 11 8.5 
Running in Batch mode
lats4d: Version 1.4 of 19 Dec 2002
No hardcopy metafile open
All files closed; all defined objects released
All GrADS attributes have been reinitialized
lats4d: Data file is 
File 1 : WEEK PREC MEAN FROM ENS CPTEC AGCM v3.0 1999 T126L28  COLD
  Descriptor: /gfs/dk22/modoper/tempo/global/oens/prcmed/dataout/T126L28/GPRCENM20111010002011101700P.fct.T126L28.ctl
  Binary: /gfs/dk22/modoper/tempo/global/oens/prcmed/dataout/T126L28/GPRCENM20111010002011101700P.fct.T126L28
  Type = Gridded
  Xsize = 384  Ysize = 192  Zsize = 1  Tsize = 1
  Number of Variables = 2
    prec 0 99 WEEK MEAN OF TOTAL PRECIPITATION    (Kg M**-2 Day**-1)
    tsmt 0 99 WEEK MEAN OF TIME MEAN SURFACE ABSOLUTE TEMPERATURE  (K)

lats4d: Dimension environment file same as data file
lats4d:  only 1 time step on file, assuming frequency is 6 hourly
lats4d: time range: 00Z17OCT2011 00Z17OCT2011 by 1, delta t: 6 hourly
lats4d: vertical levels:  1000
lats4d: using PRESSURE for vertical coordinate
lats4d: latitudinal  range: -89.2837 89.2837
lats4d: longitudinal range: 0 359.063
lats4d: surface   variables:  prec tsmt
lats4d: writing to grads_grib file /gfs/dk22/modoper/tempo/global/oens/prcmed/dataout/T126L28/grib/GPRCENM20111010002011101700P.fct.T126L28.grb on 00Z17OCT2011

gribmap:  Scanning binary GRIB file(s):
gribmap:  Opening GRIB file /gfs/dk22/modoper/tempo/global/oens/prcmed/dataout/t126l28/grib/gprcenm20111010002011101700p.fct.t126l28.grb
gribmap:  Reached EOF
gribmap:  Writing the map...

LATS_GRIB: SUCCESS -- gribmap for GrADS/VCS seems to have worked...

lats4d: created grads_grib file /gfs/dk22/modoper/tempo/global/oens/prcmed/dataout/T126L28/grib/GPRCENM20111010002011101700P.fct.T126L28.grb
lats4d: exiting from GrADS...
No hardcopy metafile open
GX package terminated 
lats4d -i /gfs/dk22/modoper/tempo/global/oens/prcmed/dataout/T126L28/GPRCENM20111010002011102400P.fct.T126L28.ctl -o /gfs/dk22/modoper/tempo/global/oens/prcmed/dataout/T126L28/grib/GPRCENM20111010002011102400P.fct.T126L28 -center cptec002 -format grads_grib -ftype ctl -table /gfs/home3/modoper/tempo/global/oens/prcmed/scripts/cptec.table -v -title CPTEC GLOBAL ENSEMBLE WEEK MEAN PRECIPITATION T126L28  COLD
/usr/local/grads/bin/gradshdf -blc 'run /usr/local/grads/bin/lats4d.gs -q -i /gfs/dk22/modoper/tempo/global/oens/prcmed/dataout/T126L28/GPRCENM20111010002011102400P.fct.T126L28.ctl -o /gfs/dk22/modoper/tempo/global/oens/prcmed/dataout/T126L28/grib/GPRCENM20111010002011102400P.fct.T126L28 -center cptec002 -format grads_grib -ftype ctl -table /gfs/home3/modoper/tempo/global/oens/prcmed/scripts/cptec.table -v -title CPTEC GLOBAL ENSEMBLE WEEK MEAN PRECIPITATION T126L28 COLD '

Grid Analysis and Display System (GrADS) Version 1.8SL11
Copyright (c) 1988-2001 by Brian Doty 
Center for Ocean-Land-Atmosphere Studies
Institute for Global Environment and Society 
All Rights Reserved

Config: v1.8SL11 32-bit little-endian readline sdf/xdf hdf-sds lats printim

Issue 'q config' command for more information.

GX Package Initialization: Size = 11 8.5 
Running in Batch mode
lats4d: Version 1.4 of 19 Dec 2002
No hardcopy metafile open
All files closed; all defined objects released
All GrADS attributes have been reinitialized
lats4d: Data file is 
File 1 : WEEK PREC MEAN FROM ENS CPTEC AGCM v3.0 1999 T126L28  COLD
  Descriptor: /gfs/dk22/modoper/tempo/global/oens/prcmed/dataout/T126L28/GPRCENM20111010002011102400P.fct.T126L28.ctl
  Binary: /gfs/dk22/modoper/tempo/global/oens/prcmed/dataout/T126L28/GPRCENM20111010002011102400P.fct.T126L28
  Type = Gridded
  Xsize = 384  Ysize = 192  Zsize = 1  Tsize = 1
  Number of Variables = 2
    prec 0 99 WEEK MEAN OF TOTAL PRECIPITATION    (Kg M**-2 Day**-1)
    tsmt 0 99 WEEK MEAN OF TIME MEAN SURFACE ABSOLUTE TEMPERATURE  (K)

lats4d: Dimension environment file same as data file
lats4d:  only 1 time step on file, assuming frequency is 6 hourly
lats4d: time range: 00Z24OCT2011 00Z24OCT2011 by 1, delta t: 6 hourly
lats4d: vertical levels:  1000
lats4d: using PRESSURE for vertical coordinate
lats4d: latitudinal  range: -89.2837 89.2837
lats4d: longitudinal range: 0 359.063
lats4d: surface   variables:  prec tsmt
lats4d: writing to grads_grib file /gfs/dk22/modoper/tempo/global/oens/prcmed/dataout/T126L28/grib/GPRCENM20111010002011102400P.fct.T126L28.grb on 00Z24OCT2011

gribmap:  Scanning binary GRIB file(s):
gribmap:  Opening GRIB file /gfs/dk22/modoper/tempo/global/oens/prcmed/dataout/t126l28/grib/gprcenm20111010002011102400p.fct.t126l28.grb
gribmap:  Reached EOF
gribmap:  Writing the map...

LATS_GRIB: SUCCESS -- gribmap for GrADS/VCS seems to have worked...

lats4d: created grads_grib file /gfs/dk22/modoper/tempo/global/oens/prcmed/dataout/T126L28/grib/GPRCENM20111010002011102400P.fct.T126L28.grb
lats4d: exiting from GrADS...
No hardcopy metafile open
GX package terminated 
mv -f /gfs/dk22/modoper/tempo/global/oens/prcmed/dataout/T126L28/grib/GPRCENM2011101000* /gfs/dk22/modoper/tempo/global/oens/prcmed/dataout/T126L28
date2: 2011101100
date3: 2011101700
 fnmd: cprec20111010002011101700
 fnme: ctast20111010002011101700
 date:   2011101100
  
 fnmi(           9 ): 
 climatologia50yr.sep.bin                                                       
                                                                                
                                           
 fnmi(          10 ): 
 climatologia50yr.oct.bin                                                       
                                                                                
                                           
  
 f1:   0.8196721    
 f2:   0.1803279    
 date:   2011101200
  
 fnmi(           9 ): 
 climatologia50yr.sep.bin                                                       
                                                                                
                                           
 fnmi(          10 ): 
 climatologia50yr.oct.bin                                                       
                                                                                
                                           
  
 f1:   0.8524590    
 f2:   0.1475410    
 date:   2011101300
  
 fnmi(           9 ): 
 climatologia50yr.sep.bin                                                       
                                                                                
                                           
 fnmi(          10 ): 
 climatologia50yr.oct.bin                                                       
                                                                                
                                           
  
 f1:   0.8852459    
 f2:   0.1147541    
 date:   2011101400
  
 fnmi(           9 ): 
 climatologia50yr.sep.bin                                                       
                                                                                
                                           
 fnmi(          10 ): 
 climatologia50yr.oct.bin                                                       
                                                                                
                                           
  
 f1:   0.9180328    
 f2:   8.1967235E-02
 date:   2011101500
  
 fnmi(           9 ): 
 climatologia50yr.sep.bin                                                       
                                                                                
                                           
 fnmi(          10 ): 
 climatologia50yr.oct.bin                                                       
                                                                                
                                           
  
 f1:   0.9508197    
 f2:   4.9180329E-02
 date:   2011101600
  
 fnmi(           9 ): 
 climatologia50yr.sep.bin                                                       
                                                                                
                                           
 fnmi(          10 ): 
 climatologia50yr.oct.bin                                                       
                                                                                
                                           
  
 f1:   0.9836066    
 f2:   1.6393423E-02
 date:   2011101700
  
 fnmi(          10 ): 
 climatologia50yr.oct.bin                                                       
                                                                                
                                           
 fnmi(          11 ): 
 climatologia50yr.nov.bin                                                       
                                                                                
                                           
  
 f1:   1.6393442E-02
 f2:   0.9836066    
 nd:            7
date2: 2011101100
date3: 2011101700
 fnmd: clim_prec_inmet20111010002011101700
 date:   2011101100
  
 fnmi(           9 ): 
 prec09.bin                                                                     
                                                                                
                                           
 fnmi(          10 ): 
 prec10.bin                                                                     
                                                                                
                                           
  
 f1:   0.8196721    
 f2:   0.1803279    
 date:   2011101200
  
 fnmi(           9 ): 
 prec09.bin                                                                     
                                                                                
                                           
 fnmi(          10 ): 
 prec10.bin                                                                     
                                                                                
                                           
  
 f1:   0.8524590    
 f2:   0.1475410    
 date:   2011101300
  
 fnmi(           9 ): 
 prec09.bin                                                                     
                                                                                
                                           
 fnmi(          10 ): 
 prec10.bin                                                                     
                                                                                
                                           
  
 f1:   0.8852459    
 f2:   0.1147541    
 date:   2011101400
  
 fnmi(           9 ): 
 prec09.bin                                                                     
                                                                                
                                           
 fnmi(          10 ): 
 prec10.bin                                                                     
                                                                                
                                           
  
 f1:   0.9180328    
 f2:   8.1967235E-02
 date:   2011101500
  
 fnmi(           9 ): 
 prec09.bin                                                                     
                                                                                
                                           
 fnmi(          10 ): 
 prec10.bin                                                                     
                                                                                
                                           
  
 f1:   0.9508197    
 f2:   4.9180329E-02
 date:   2011101600
  
 fnmi(           9 ): 
 prec09.bin                                                                     
                                                                                
                                           
 fnmi(          10 ): 
 prec10.bin                                                                     
                                                                                
                                           
  
 f1:   0.9836066    
 f2:   1.6393423E-02
 date:   2011101700
  
 fnmi(          10 ): 
 prec10.bin                                                                     
                                                                                
                                           
 fnmi(          11 ): 
 prec11.bin                                                                     
                                                                                
                                           
  
 f1:   1.6393442E-02
 f2:   0.9836066    
 nd:            7
date2: 2011101100
date3: 2011101700
 fnmd: clim_temp_inmet20111010002011101700
 date:   2011101100
  
 fnmi(           9 ): 
 cl09te.bin                                                                     
                                                                                
                                           
 fnmi(          10 ): 
 cl10te.bin                                                                     
                                                                                
                                           
  
 f1:   0.8196721    
 f2:   0.1803279    
 date:   2011101200
  
 fnmi(           9 ): 
 cl09te.bin                                                                     
                                                                                
                                           
 fnmi(          10 ): 
 cl10te.bin                                                                     
                                                                                
                                           
  
 f1:   0.8524590    
 f2:   0.1475410    
 date:   2011101300
  
 fnmi(           9 ): 
 cl09te.bin                                                                     
                                                                                
                                           
 fnmi(          10 ): 
 cl10te.bin                                                                     
                                                                                
                                           
  
 f1:   0.8852459    
 f2:   0.1147541    
 date:   2011101400
  
 fnmi(           9 ): 
 cl09te.bin                                                                     
                                                                                
                                           
 fnmi(          10 ): 
 cl10te.bin                                                                     
                                                                                
                                           
  
 f1:   0.9180328    
 f2:   8.1967235E-02
 date:   2011101500
  
 fnmi(           9 ): 
 cl09te.bin                                                                     
                                                                                
                                           
 fnmi(          10 ): 
 cl10te.bin                                                                     
                                                                                
                                           
  
 f1:   0.9508197    
 f2:   4.9180329E-02
 date:   2011101600
  
 fnmi(           9 ): 
 cl09te.bin                                                                     
                                                                                
                                           
 fnmi(          10 ): 
 cl10te.bin                                                                     
                                                                                
                                           
  
 f1:   0.9836066    
 f2:   1.6393423E-02
 date:   2011101700
  
 fnmi(          10 ): 
 cl10te.bin                                                                     
                                                                                
                                           
 fnmi(          11 ): 
 cl11te.bin                                                                     
                                                                                
                                           
  
 f1:   1.6393442E-02
 f2:   0.9836066    
 nd:            7
date2: 2011101800
date3: 2011102400
 fnmd: cprec20111010002011102400
 fnme: ctast20111010002011102400
 date:   2011101800
  
 fnmi(          10 ): 
 climatologia50yr.oct.bin                                                       
                                                                                
                                           
 fnmi(          11 ): 
 climatologia50yr.nov.bin                                                       
                                                                                
                                           
  
 f1:   4.9180329E-02
 f2:   0.9508197    
 date:   2011101900
  
 fnmi(          10 ): 
 climatologia50yr.oct.bin                                                       
                                                                                
                                           
 fnmi(          11 ): 
 climatologia50yr.nov.bin                                                       
                                                                                
                                           
  
 f1:   8.1967212E-02
 f2:   0.9180328    
 date:   2011102000
  
 fnmi(          10 ): 
 climatologia50yr.oct.bin                                                       
                                                                                
                                           
 fnmi(          11 ): 
 climatologia50yr.nov.bin                                                       
                                                                                
                                           
  
 f1:   0.1147541    
 f2:   0.8852459    
 date:   2011102100
  
 fnmi(          10 ): 
 climatologia50yr.oct.bin                                                       
                                                                                
                                           
 fnmi(          11 ): 
 climatologia50yr.nov.bin                                                       
                                                                                
                                           
  
 f1:   0.1475410    
 f2:   0.8524590    
 date:   2011102200
  
 fnmi(          10 ): 
 climatologia50yr.oct.bin                                                       
                                                                                
                                           
 fnmi(          11 ): 
 climatologia50yr.nov.bin                                                       
                                                                                
                                           
  
 f1:   0.1803279    
 f2:   0.8196721    
 date:   2011102300
  
 fnmi(          10 ): 
 climatologia50yr.oct.bin                                                       
                                                                                
                                           
 fnmi(          11 ): 
 climatologia50yr.nov.bin                                                       
                                                                                
                                           
  
 f1:   0.2131148    
 f2:   0.7868853    
 date:   2011102400
  
 fnmi(          10 ): 
 climatologia50yr.oct.bin                                                       
                                                                                
                                           
 fnmi(          11 ): 
 climatologia50yr.nov.bin                                                       
                                                                                
                                           
  
 f1:   0.2459016    
 f2:   0.7540984    
 nd:            7
date2: 2011101800
date3: 2011102400
 fnmd: clim_prec_inmet20111010002011102400
 date:   2011101800
  
 fnmi(          10 ): 
 prec10.bin                                                                     
                                                                                
                                           
 fnmi(          11 ): 
 prec11.bin                                                                     
                                                                                
                                           
  
 f1:   4.9180329E-02
 f2:   0.9508197    
 date:   2011101900
  
 fnmi(          10 ): 
 prec10.bin                                                                     
                                                                                
                                           
 fnmi(          11 ): 
 prec11.bin                                                                     
                                                                                
                                           
  
 f1:   8.1967212E-02
 f2:   0.9180328    
 date:   2011102000
  
 fnmi(          10 ): 
 prec10.bin                                                                     
                                                                                
                                           
 fnmi(          11 ): 
 prec11.bin                                                                     
                                                                                
                                           
  
 f1:   0.1147541    
 f2:   0.8852459    
 date:   2011102100
  
 fnmi(          10 ): 
 prec10.bin                                                                     
                                                                                
                                           
 fnmi(          11 ): 
 prec11.bin                                                                     
                                                                                
                                           
  
 f1:   0.1475410    
 f2:   0.8524590    
 date:   2011102200
  
 fnmi(          10 ): 
 prec10.bin                                                                     
                                                                                
                                           
 fnmi(          11 ): 
 prec11.bin                                                                     
                                                                                
                                           
  
 f1:   0.1803279    
 f2:   0.8196721    
 date:   2011102300
  
 fnmi(          10 ): 
 prec10.bin                                                                     
                                                                                
                                           
 fnmi(          11 ): 
 prec11.bin                                                                     
                                                                                
                                           
  
 f1:   0.2131148    
 f2:   0.7868853    
 date:   2011102400
  
 fnmi(          10 ): 
 prec10.bin                                                                     
                                                                                
                                           
 fnmi(          11 ): 
 prec11.bin                                                                     
                                                                                
                                           
  
 f1:   0.2459016    
 f2:   0.7540984    
 nd:            7
date2: 2011101800
date3: 2011102400
 fnmd: clim_temp_inmet20111010002011102400
 date:   2011101800
  
 fnmi(          10 ): 
 cl10te.bin                                                                     
                                                                                
                                           
 fnmi(          11 ): 
 cl11te.bin                                                                     
                                                                                
                                           
  
 f1:   4.9180329E-02
 f2:   0.9508197    
 date:   2011101900
  
 fnmi(          10 ): 
 cl10te.bin                                                                     
                                                                                
                                           
 fnmi(          11 ): 
 cl11te.bin                                                                     
                                                                                
                                           
  
 f1:   8.1967212E-02
 f2:   0.9180328    
 date:   2011102000
  
 fnmi(          10 ): 
 cl10te.bin                                                                     
                                                                                
                                           
 fnmi(          11 ): 
 cl11te.bin                                                                     
                                                                                
                                           
  
 f1:   0.1147541    
 f2:   0.8852459    
 date:   2011102100
  
 fnmi(          10 ): 
 cl10te.bin                                                                     
                                                                                
                                           
 fnmi(          11 ): 
 cl11te.bin                                                                     
                                                                                
                                           
  
 f1:   0.1475410    
 f2:   0.8524590    
 date:   2011102200
  
 fnmi(          10 ): 
 cl10te.bin                                                                     
                                                                                
                                           
 fnmi(          11 ): 
 cl11te.bin                                                                     
                                                                                
                                           
  
 f1:   0.1803279    
 f2:   0.8196721    
 date:   2011102300
  
 fnmi(          10 ): 
 cl10te.bin                                                                     
                                                                                
                                           
 fnmi(          11 ): 
 cl11te.bin                                                                     
                                                                                
                                           
  
 f1:   0.2131148    
 f2:   0.7868853    
 date:   2011102400
  
 fnmi(          10 ): 
 cl10te.bin                                                                     
                                                                                
                                           
 fnmi(          11 ): 
 cl11te.bin                                                                     
                                                                                
                                           
  
 f1:   0.2459016    
 f2:   0.7540984    
 nd:            7

Grid Analysis and Display System (GrADS) Version 1.9b4
Copyright (c) 1988-2005 by Brian Doty and IGES 
Center for Ocean-Land-Atmosphere Studies (COLA)
Institute for Global Environment and Society (IGES)
GrADS comes with ABSOLUTELY NO WARRANTY
See file COPYRIGHT for more information

Config: v1.9b4 32-bit little-endian readline lats printim

Issue 'q config' command for more information.

GX Package Initialization: Size = 11 8.5 
Running in Batch mode
ga-> run plot_wmp.gs
put datei nweek case dirfig dirbia dirscr
ctime=2011101000 2 T126L28 /gfs/dk22/modoper/tempo/global/oens/prcmed/gif /gfs/home3/modoper/tempo/global/oens/prcmed /gfs/home3/modoper/tempo/global/oens/prcmed/scripts
 
biasfl=/gfs/home3/modoper/tempo/global/oens/prcmed/bias_week_mean_prec_2011101000.txt
 
Enter trc nweek date
trc=T126
nweek=2
date=2011101000
No hardcopy metafile open
All files closed; all defined objects released
All GrADS attributes have been reinitialized
opnfct=cprec20111010002011101700.ctl
opnfct=cprec20111010002011102400.ctl
opnfct=/gfs/dk22/modoper/tempo/global/oens/prcmed/dataout/T126L28/GPRCENM20111010002011101700P.fct.T126L28.ctl
opnfct=/gfs/dk22/modoper/tempo/global/oens/prcmed/dataout/T126L28/GPRCENM20111010002011102400P.fct.T126L28.ctl
 
bias=   -0.214666
 
bias=   -0.149843
No hardcopy metafile open
GX package terminated 

Grid Analysis and Display System (GrADS) Version 1.9b4
Copyright (c) 1988-2005 by Brian Doty and IGES 
Center for Ocean-Land-Atmosphere Studies (COLA)
Institute for Global Environment and Society (IGES)
GrADS comes with ABSOLUTELY NO WARRANTY
See file COPYRIGHT for more information

Config: v1.9b4 32-bit little-endian readline lats printim

Issue 'q config' command for more information.

GX Package Initialization: Size = 11 8.5 
Running in Batch mode
ga-> run plot_wmp_as.gs
put datei nweek case dirfig dirbia dirscr
ctime=2011101000 2 T126L28 /gfs/dk22/modoper/tempo/global/oens/prcmed/gif /gfs/home3/modoper/tempo/global/oens/prcmed /gfs/home3/modoper/tempo/global/oens/prcmed/scripts
Enter trc nweek date
trc=T126
nweek=2
date=2011101000
No hardcopy metafile open
All files closed; all defined objects released
All GrADS attributes have been reinitialized
opnfct=cprec20111010002011101700.ctl
opnfct=cprec20111010002011102400.ctl
opnfct=/gfs/dk22/modoper/tempo/global/oens/prcmed/dataout/T126L28/GPRCENM20111010002011101700P.fct.T126L28.ctl
opnfct=/gfs/dk22/modoper/tempo/global/oens/prcmed/dataout/T126L28/GPRCENM20111010002011102400P.fct.T126L28.ctl
++++ 2 - 3 - 1
++++ 2 - 4 - 2
No hardcopy metafile open
GX package terminated 
