stty: : Invalid argument
vt100
resize:  can't open terminal /dev/tty
======================================
Welcome to tupan11: SUPER-UX 14.1 SX-6
Today is Sun Feb 12 16:42:17 GMT 2012
======================================
runperreco1.sx6 126 28 06 2012021212 15 NO 07 
sx6
2012021216:42
out
/gfs/home3/modoper/tempo/global/oens
/gfs/home3/modoper/tempo/global/oens
/gfs/dk22/modoper/tempo/global/oens
/gfs/dk22/modoper/tempo/global/oens/model/datain
/gfs/home3/modoper/tempo/global/oens/run/setperreco.1.06T126L28.sx6
Date: 20120212
Hour: 16:42
2012021212


rm: ERROR: Cannot access templ062012021212: No such file or directory
-rw-r--r--    1 modoper  pnt             200 Feb 12 16:42 /gfs/home3/modoper/tempo/global/oens/eof/datain/templ062012021212
ls: ERROR: Cannot access /gfs/dk22/modoper/tempo/global/oens/recfct/dataout/T126L28/GFCT06R2012021212*.fct*: No such file or directory
sx6
PNT-EN
12021216:42
out
/gfs/home3/modoper/tempo/global/oens
/gfs/home3/modoper/tempo/global/oens
/gfs/dk22/modoper/tempo/global/oens
/gfs/dk22/modoper/tempo/global/oens/model/datain
/gfs/home3/modoper/tempo/global/oens/run/setrecfct.1.FCT06RT126L28.sx6
Date: 20120212
Hour: 16:42
FCT06R
2012021212
2012021215
GFCT06R
GFCT06R
GFCT06R
F.fct
F.fct
R.fct
/gfs/home3/modoper/tempo/global/oens
/gfs/home3/modoper/tempo/global/oens
/gfs/dk22/modoper/tempo/global/oens
/gfs/dk22/modoper/tempo/global/oens/model/datain
run
run
GFCT06R20120212122012021215F.fct.T126L28
/gfs/home3/modoper/tempo/global/oens/recfct/datain/GFCT06R20120212122012021215F.fct.T126L28
+ echo Recomposition  -x-  RUNNING ...
Recomposition  -x-  RUNNING ...
+ source=/gfs/home3/modoper/tempo/global/oens/recfct/source
+ bin=/gfs/home3/modoper/tempo/global/oens/recfct/bin/T126L28
+ input=/gfs/home3/modoper/tempo/global/oens/recfct/datain
+ out=/gfs/home3/modoper/tempo/global/oens/recfct/output
+ echo run
run
+ [ run = make ]
+ echo run
run
+ [ run = clean ]
+ cd /gfs/home3/modoper/tempo/global/oens/recfct/bin/T126L28
+ echo ./recfct.T126L28 < /gfs/home3/modoper/tempo/global/oens/recfct/datain/recfctFCT06R.nml > /gfs/home3/modoper/tempo/global/oens/recfct/output/recfct.out.2012021212.16:42.T126L28
./recfct.T126L28 < /gfs/home3/modoper/tempo/global/oens/recfct/datain/recfctFCT06R.nml > /gfs/home3/modoper/tempo/global/oens/recfct/output/recfct.out.2012021212.16:42.T126L28
+ ./recfct.T126L28
+ 0< /gfs/home3/modoper/tempo/global/oens/recfct/datain/recfctFCT06R.nml 1> /gfs/home3/modoper/tempo/global/oens/recfct/output/recfct.out.2012021212.16:42.T126L28
 
 
     ******  Program Information  ******
  Real Time (sec)       :          8.467633
  User Time (sec)       :          4.128126
  Sys  Time (sec)       :          0.070556
  Vector Time (sec)     :          0.344765
  Inst. Count           :        1596986079.
  V. Inst. Count        :          16052480.
  V. Element Count      :        1289251883.
  FLOP Count            :         534710005.
  MOPS                  :        695.275632
  MFLOPS                :        129.528506
  VLEN                  :         80.314810
  V. Op. Ratio (%)      :         44.918765
  Memory Size (MB)      :        192.031250
  MIPS                  :        386.854966
  I-Cache (sec)         :          0.001013
  O-Cache (sec)         :          0.873524
  Bank (sec)            :          0.001190
 
  Start Time (date)  :  2012/02/12 16:42:21
  End   Time (date)  :  2012/02/12 16:42:29
-rw-r--r--    1 modoper  pnt             400 Feb 12 16:42 /gfs/home3/modoper/tempo/global/oens/eof/datain/templ062012021212
sx6
PNT-EN
12021216:42
out
/gfs/home3/modoper/tempo/global/oens
/gfs/home3/modoper/tempo/global/oens
/gfs/dk22/modoper/tempo/global/oens
/gfs/dk22/modoper/tempo/global/oens/model/datain
/gfs/home3/modoper/tempo/global/oens/run/setrecfct.1.FCT06RT126L28.sx6
Date: 20120212
Hour: 16:42
FCT06R
2012021212
2012021218
GFCT06R
GFCT06R
GFCT06R
F.fct
F.fct
R.fct
/gfs/home3/modoper/tempo/global/oens
/gfs/home3/modoper/tempo/global/oens
/gfs/dk22/modoper/tempo/global/oens
/gfs/dk22/modoper/tempo/global/oens/model/datain
run
run
GFCT06R20120212122012021218F.fct.T126L28
/gfs/home3/modoper/tempo/global/oens/recfct/datain/GFCT06R20120212122012021218F.fct.T126L28
+ echo Recomposition  -x-  RUNNING ...
Recomposition  -x-  RUNNING ...
+ source=/gfs/home3/modoper/tempo/global/oens/recfct/source
+ bin=/gfs/home3/modoper/tempo/global/oens/recfct/bin/T126L28
+ input=/gfs/home3/modoper/tempo/global/oens/recfct/datain
+ out=/gfs/home3/modoper/tempo/global/oens/recfct/output
+ echo run
run
+ [ run = make ]
+ echo run
run
+ [ run = clean ]
+ cd /gfs/home3/modoper/tempo/global/oens/recfct/bin/T126L28
+ echo ./recfct.T126L28 < /gfs/home3/modoper/tempo/global/oens/recfct/datain/recfctFCT06R.nml > /gfs/home3/modoper/tempo/global/oens/recfct/output/recfct.out.2012021212.16:42.T126L28
./recfct.T126L28 < /gfs/home3/modoper/tempo/global/oens/recfct/datain/recfctFCT06R.nml > /gfs/home3/modoper/tempo/global/oens/recfct/output/recfct.out.2012021212.16:42.T126L28
+ ./recfct.T126L28
+ 0< /gfs/home3/modoper/tempo/global/oens/recfct/datain/recfctFCT06R.nml 1> /gfs/home3/modoper/tempo/global/oens/recfct/output/recfct.out.2012021212.16:42.T126L28
 
 
     ******  Program Information  ******
  Real Time (sec)       :          8.769753
  User Time (sec)       :          4.122394
  Sys  Time (sec)       :          0.064475
  Vector Time (sec)     :          0.342037
  Inst. Count           :        1596986079.
  V. Inst. Count        :          16052480.
  V. Element Count      :        1289251883.
  FLOP Count            :         534710005.
  MOPS                  :        696.242406
  MFLOPS                :        129.708614
  VLEN                  :         80.314810
  V. Op. Ratio (%)      :         44.918765
  Memory Size (MB)      :        192.031250
  MIPS                  :        387.392883
  I-Cache (sec)         :          0.001294
  O-Cache (sec)         :          0.868130
  Bank (sec)            :          0.001190
 
  Start Time (date)  :  2012/02/12 16:42:30
  End   Time (date)  :  2012/02/12 16:42:39
-rw-r--r--    1 modoper  pnt             600 Feb 12 16:42 /gfs/home3/modoper/tempo/global/oens/eof/datain/templ062012021212
sx6
PNT-EN
12021216:42
out
/gfs/home3/modoper/tempo/global/oens
/gfs/home3/modoper/tempo/global/oens
/gfs/dk22/modoper/tempo/global/oens
/gfs/dk22/modoper/tempo/global/oens/model/datain
/gfs/home3/modoper/tempo/global/oens/run/setrecfct.1.FCT06RT126L28.sx6
Date: 20120212
Hour: 16:42
FCT06R
2012021212
2012021221
GFCT06R
GFCT06R
GFCT06R
F.fct
F.fct
R.fct
/gfs/home3/modoper/tempo/global/oens
/gfs/home3/modoper/tempo/global/oens
/gfs/dk22/modoper/tempo/global/oens
/gfs/dk22/modoper/tempo/global/oens/model/datain
run
run
GFCT06R20120212122012021221F.fct.T126L28
/gfs/home3/modoper/tempo/global/oens/recfct/datain/GFCT06R20120212122012021221F.fct.T126L28
+ echo Recomposition  -x-  RUNNING ...
Recomposition  -x-  RUNNING ...
+ source=/gfs/home3/modoper/tempo/global/oens/recfct/source
+ bin=/gfs/home3/modoper/tempo/global/oens/recfct/bin/T126L28
+ input=/gfs/home3/modoper/tempo/global/oens/recfct/datain
+ out=/gfs/home3/modoper/tempo/global/oens/recfct/output
+ echo run
run
+ [ run = make ]
+ echo run
run
+ [ run = clean ]
+ cd /gfs/home3/modoper/tempo/global/oens/recfct/bin/T126L28
+ echo ./recfct.T126L28 < /gfs/home3/modoper/tempo/global/oens/recfct/datain/recfctFCT06R.nml > /gfs/home3/modoper/tempo/global/oens/recfct/output/recfct.out.2012021212.16:42.T126L28
./recfct.T126L28 < /gfs/home3/modoper/tempo/global/oens/recfct/datain/recfctFCT06R.nml > /gfs/home3/modoper/tempo/global/oens/recfct/output/recfct.out.2012021212.16:42.T126L28
+ ./recfct.T126L28
+ 0< /gfs/home3/modoper/tempo/global/oens/recfct/datain/recfctFCT06R.nml 1> /gfs/home3/modoper/tempo/global/oens/recfct/output/recfct.out.2012021212.16:42.T126L28
 
 
     ******  Program Information  ******
  Real Time (sec)       :          6.585185
  User Time (sec)       :          4.123337
  Sys  Time (sec)       :          0.064981
  Vector Time (sec)     :          0.342859
  Inst. Count           :        1596986079.
  V. Inst. Count        :          16052480.
  V. Element Count      :        1289251883.
  FLOP Count            :         534710005.
  MOPS                  :        696.083193
  MFLOPS                :        129.678953
  VLEN                  :         80.314810
  V. Op. Ratio (%)      :         44.918765
  Memory Size (MB)      :        192.031250
  MIPS                  :        387.304296
  I-Cache (sec)         :          0.001528
  O-Cache (sec)         :          0.868659
  Bank (sec)            :          0.001190
 
  Start Time (date)  :  2012/02/12 16:42:40
  End   Time (date)  :  2012/02/12 16:42:46
-rw-r--r--    1 modoper  pnt             800 Feb 12 16:42 /gfs/home3/modoper/tempo/global/oens/eof/datain/templ062012021212
sx6
PNT-EN
12021216:42
out
/gfs/home3/modoper/tempo/global/oens
/gfs/home3/modoper/tempo/global/oens
/gfs/dk22/modoper/tempo/global/oens
/gfs/dk22/modoper/tempo/global/oens/model/datain
/gfs/home3/modoper/tempo/global/oens/run/setrecfct.1.FCT06RT126L28.sx6
Date: 20120212
Hour: 16:42
FCT06R
2012021212
2012021300
GFCT06R
GFCT06R
GFCT06R
F.fct
F.fct
R.fct
/gfs/home3/modoper/tempo/global/oens
/gfs/home3/modoper/tempo/global/oens
/gfs/dk22/modoper/tempo/global/oens
/gfs/dk22/modoper/tempo/global/oens/model/datain
run
run
GFCT06R20120212122012021300F.fct.T126L28
/gfs/home3/modoper/tempo/global/oens/recfct/datain/GFCT06R20120212122012021300F.fct.T126L28
+ echo Recomposition  -x-  RUNNING ...
Recomposition  -x-  RUNNING ...
+ source=/gfs/home3/modoper/tempo/global/oens/recfct/source
+ bin=/gfs/home3/modoper/tempo/global/oens/recfct/bin/T126L28
+ input=/gfs/home3/modoper/tempo/global/oens/recfct/datain
+ out=/gfs/home3/modoper/tempo/global/oens/recfct/output
+ echo run
run
+ [ run = make ]
+ echo run
run
+ [ run = clean ]
+ cd /gfs/home3/modoper/tempo/global/oens/recfct/bin/T126L28
+ echo ./recfct.T126L28 < /gfs/home3/modoper/tempo/global/oens/recfct/datain/recfctFCT06R.nml > /gfs/home3/modoper/tempo/global/oens/recfct/output/recfct.out.2012021212.16:42.T126L28
./recfct.T126L28 < /gfs/home3/modoper/tempo/global/oens/recfct/datain/recfctFCT06R.nml > /gfs/home3/modoper/tempo/global/oens/recfct/output/recfct.out.2012021212.16:42.T126L28
+ ./recfct.T126L28
+ 0< /gfs/home3/modoper/tempo/global/oens/recfct/datain/recfctFCT06R.nml 1> /gfs/home3/modoper/tempo/global/oens/recfct/output/recfct.out.2012021212.16:42.T126L28
 
 
     ******  Program Information  ******
  Real Time (sec)       :          5.792665
  User Time (sec)       :          4.138506
  Sys  Time (sec)       :          0.061413
  Vector Time (sec)     :          0.352450
  Inst. Count           :        1596986048.
  V. Inst. Count        :          16052480.
  V. Element Count      :        1289251883.
  FLOP Count            :         534710004.
  MOPS                  :        693.531708
  MFLOPS                :        129.203617
  VLEN                  :         80.314810
  V. Op. Ratio (%)      :         44.918766
  Memory Size (MB)      :        192.031250
  MIPS                  :        385.884634
  I-Cache (sec)         :          0.000782
  O-Cache (sec)         :          0.874916
  Bank (sec)            :          0.001190
 
  Start Time (date)  :  2012/02/12 16:42:47
  End   Time (date)  :  2012/02/12 16:42:53
-rw-r--r--    1 modoper  pnt            1000 Feb 12 16:42 /gfs/home3/modoper/tempo/global/oens/eof/datain/templ062012021212
sx6
PNT-EN
12021216:42
out
/gfs/home3/modoper/tempo/global/oens
/gfs/home3/modoper/tempo/global/oens
/gfs/dk22/modoper/tempo/global/oens
/gfs/dk22/modoper/tempo/global/oens/model/datain
/gfs/home3/modoper/tempo/global/oens/run/setrecfct.1.FCT06RT126L28.sx6
Date: 20120212
Hour: 16:42
FCT06R
2012021212
2012021303
GFCT06R
GFCT06R
GFCT06R
F.fct
F.fct
R.fct
/gfs/home3/modoper/tempo/global/oens
/gfs/home3/modoper/tempo/global/oens
/gfs/dk22/modoper/tempo/global/oens
/gfs/dk22/modoper/tempo/global/oens/model/datain
run
run
GFCT06R20120212122012021303F.fct.T126L28
/gfs/home3/modoper/tempo/global/oens/recfct/datain/GFCT06R20120212122012021303F.fct.T126L28
+ echo Recomposition  -x-  RUNNING ...
Recomposition  -x-  RUNNING ...
+ source=/gfs/home3/modoper/tempo/global/oens/recfct/source
+ bin=/gfs/home3/modoper/tempo/global/oens/recfct/bin/T126L28
+ input=/gfs/home3/modoper/tempo/global/oens/recfct/datain
+ out=/gfs/home3/modoper/tempo/global/oens/recfct/output
+ echo run
run
+ [ run = make ]
+ echo run
run
+ [ run = clean ]
+ cd /gfs/home3/modoper/tempo/global/oens/recfct/bin/T126L28
+ echo ./recfct.T126L28 < /gfs/home3/modoper/tempo/global/oens/recfct/datain/recfctFCT06R.nml > /gfs/home3/modoper/tempo/global/oens/recfct/output/recfct.out.2012021212.16:42.T126L28
./recfct.T126L28 < /gfs/home3/modoper/tempo/global/oens/recfct/datain/recfctFCT06R.nml > /gfs/home3/modoper/tempo/global/oens/recfct/output/recfct.out.2012021212.16:42.T126L28
+ ./recfct.T126L28
+ 0< /gfs/home3/modoper/tempo/global/oens/recfct/datain/recfctFCT06R.nml 1> /gfs/home3/modoper/tempo/global/oens/recfct/output/recfct.out.2012021212.16:42.T126L28
 
 
     ******  Program Information  ******
  Real Time (sec)       :         11.911819
  User Time (sec)       :          4.123564
  Sys  Time (sec)       :          0.068418
  Vector Time (sec)     :          0.342720
  Inst. Count           :        1596986048.
  V. Inst. Count        :          16052480.
  V. Element Count      :        1289251883.
  FLOP Count            :         534710004.
  MOPS                  :        696.044783
  MFLOPS                :        129.671798
  VLEN                  :         80.314810
  V. Op. Ratio (%)      :         44.918766
  Memory Size (MB)      :        192.031250
  MIPS                  :        387.282922
  I-Cache (sec)         :          0.001512
  O-Cache (sec)         :          0.868507
  Bank (sec)            :          0.001190
 
  Start Time (date)  :  2012/02/12 16:42:54
  End   Time (date)  :  2012/02/12 16:43:06
-rw-r--r--    1 modoper  pnt            1200 Feb 12 16:43 /gfs/home3/modoper/tempo/global/oens/eof/datain/templ062012021212
sx6
PNT-EN
12021216:43
out
/gfs/home3/modoper/tempo/global/oens
/gfs/home3/modoper/tempo/global/oens
/gfs/dk22/modoper/tempo/global/oens
/gfs/dk22/modoper/tempo/global/oens/model/datain
/gfs/home3/modoper/tempo/global/oens/run/setrecfct.1.FCT06RT126L28.sx6
Date: 20120212
Hour: 16:43
FCT06R
2012021212
2012021306
GFCT06R
GFCT06R
GFCT06R
F.fct
F.fct
R.fct
/gfs/home3/modoper/tempo/global/oens
/gfs/home3/modoper/tempo/global/oens
/gfs/dk22/modoper/tempo/global/oens
/gfs/dk22/modoper/tempo/global/oens/model/datain
run
run
GFCT06R20120212122012021306F.fct.T126L28
/gfs/home3/modoper/tempo/global/oens/recfct/datain/GFCT06R20120212122012021306F.fct.T126L28
+ echo Recomposition  -x-  RUNNING ...
Recomposition  -x-  RUNNING ...
+ source=/gfs/home3/modoper/tempo/global/oens/recfct/source
+ bin=/gfs/home3/modoper/tempo/global/oens/recfct/bin/T126L28
+ input=/gfs/home3/modoper/tempo/global/oens/recfct/datain
+ out=/gfs/home3/modoper/tempo/global/oens/recfct/output
+ echo run
run
+ [ run = make ]
+ echo run
run
+ [ run = clean ]
+ cd /gfs/home3/modoper/tempo/global/oens/recfct/bin/T126L28
+ echo ./recfct.T126L28 < /gfs/home3/modoper/tempo/global/oens/recfct/datain/recfctFCT06R.nml > /gfs/home3/modoper/tempo/global/oens/recfct/output/recfct.out.2012021212.16:43.T126L28
./recfct.T126L28 < /gfs/home3/modoper/tempo/global/oens/recfct/datain/recfctFCT06R.nml > /gfs/home3/modoper/tempo/global/oens/recfct/output/recfct.out.2012021212.16:43.T126L28
+ ./recfct.T126L28
+ 0< /gfs/home3/modoper/tempo/global/oens/recfct/datain/recfctFCT06R.nml 1> /gfs/home3/modoper/tempo/global/oens/recfct/output/recfct.out.2012021212.16:43.T126L28
 
 
     ******  Program Information  ******
  Real Time (sec)       :          7.855641
  User Time (sec)       :          4.132003
  Sys  Time (sec)       :          0.093177
  Vector Time (sec)     :          0.343050
  Inst. Count           :        1596986048.
  V. Inst. Count        :          16052480.
  V. Element Count      :        1289251883.
  FLOP Count            :         534710004.
  MOPS                  :        694.623200
  MFLOPS                :        129.406960
  VLEN                  :         80.314810
  V. Op. Ratio (%)      :         44.918766
  Memory Size (MB)      :        192.031250
  MIPS                  :        386.491946
  I-Cache (sec)         :          0.003556
  O-Cache (sec)         :          0.876642
  Bank (sec)            :          0.001190
 
  Start Time (date)  :  2012/02/12 16:43:07
  End   Time (date)  :  2012/02/12 16:43:15
-rw-r--r--    1 modoper  pnt            1400 Feb 12 16:43 /gfs/home3/modoper/tempo/global/oens/eof/datain/templ062012021212
sx6
PNT-EN
12021216:43
out
/gfs/home3/modoper/tempo/global/oens
/gfs/home3/modoper/tempo/global/oens
/gfs/dk22/modoper/tempo/global/oens
/gfs/dk22/modoper/tempo/global/oens/model/datain
/gfs/home3/modoper/tempo/global/oens/run/setrecfct.1.FCT06RT126L28.sx6
Date: 20120212
Hour: 16:43
FCT06R
2012021212
2012021309
GFCT06R
GFCT06R
GFCT06R
F.fct
F.fct
R.fct
/gfs/home3/modoper/tempo/global/oens
/gfs/home3/modoper/tempo/global/oens
/gfs/dk22/modoper/tempo/global/oens
/gfs/dk22/modoper/tempo/global/oens/model/datain
run
run
GFCT06R20120212122012021309F.fct.T126L28
/gfs/home3/modoper/tempo/global/oens/recfct/datain/GFCT06R20120212122012021309F.fct.T126L28
+ echo Recomposition  -x-  RUNNING ...
Recomposition  -x-  RUNNING ...
+ source=/gfs/home3/modoper/tempo/global/oens/recfct/source
+ bin=/gfs/home3/modoper/tempo/global/oens/recfct/bin/T126L28
+ input=/gfs/home3/modoper/tempo/global/oens/recfct/datain
+ out=/gfs/home3/modoper/tempo/global/oens/recfct/output
+ echo run
run
+ [ run = make ]
+ echo run
run
+ [ run = clean ]
+ cd /gfs/home3/modoper/tempo/global/oens/recfct/bin/T126L28
+ echo ./recfct.T126L28 < /gfs/home3/modoper/tempo/global/oens/recfct/datain/recfctFCT06R.nml > /gfs/home3/modoper/tempo/global/oens/recfct/output/recfct.out.2012021212.16:43.T126L28
./recfct.T126L28 < /gfs/home3/modoper/tempo/global/oens/recfct/datain/recfctFCT06R.nml > /gfs/home3/modoper/tempo/global/oens/recfct/output/recfct.out.2012021212.16:43.T126L28
+ ./recfct.T126L28
+ 0< /gfs/home3/modoper/tempo/global/oens/recfct/datain/recfctFCT06R.nml 1> /gfs/home3/modoper/tempo/global/oens/recfct/output/recfct.out.2012021212.16:43.T126L28
 
 
     ******  Program Information  ******
  Real Time (sec)       :          6.068092
  User Time (sec)       :          4.134319
  Sys  Time (sec)       :          0.098347
  Vector Time (sec)     :          0.344407
  Inst. Count           :        1596986048.
  V. Inst. Count        :          16052480.
  V. Element Count      :        1289251883.
  FLOP Count            :         534710004.
  MOPS                  :        694.234136
  MFLOPS                :        129.334478
  VLEN                  :         80.314810
  V. Op. Ratio (%)      :         44.918766
  Memory Size (MB)      :        192.031250
  MIPS                  :        386.275468
  I-Cache (sec)         :          0.004313
  O-Cache (sec)         :          0.877553
  Bank (sec)            :          0.001190
 
  Start Time (date)  :  2012/02/12 16:43:16
  End   Time (date)  :  2012/02/12 16:43:22
-rw-r--r--    1 modoper  pnt            1600 Feb 12 16:43 /gfs/home3/modoper/tempo/global/oens/eof/datain/templ062012021212
sx6
PNT-EN
12021216:43
out
/gfs/home3/modoper/tempo/global/oens
/gfs/home3/modoper/tempo/global/oens
/gfs/dk22/modoper/tempo/global/oens
/gfs/dk22/modoper/tempo/global/oens/model/datain
/gfs/home3/modoper/tempo/global/oens/run/setrecfct.1.FCT06RT126L28.sx6
Date: 20120212
Hour: 16:43
FCT06R
2012021212
2012021312
GFCT06R
GFCT06R
GFCT06R
F.fct
F.fct
R.fct
/gfs/home3/modoper/tempo/global/oens
/gfs/home3/modoper/tempo/global/oens
/gfs/dk22/modoper/tempo/global/oens
/gfs/dk22/modoper/tempo/global/oens/model/datain
run
run
GFCT06R20120212122012021312F.fct.T126L28
/gfs/home3/modoper/tempo/global/oens/recfct/datain/GFCT06R20120212122012021312F.fct.T126L28
+ echo Recomposition  -x-  RUNNING ...
Recomposition  -x-  RUNNING ...
+ source=/gfs/home3/modoper/tempo/global/oens/recfct/source
+ bin=/gfs/home3/modoper/tempo/global/oens/recfct/bin/T126L28
+ input=/gfs/home3/modoper/tempo/global/oens/recfct/datain
+ out=/gfs/home3/modoper/tempo/global/oens/recfct/output
+ echo run
run
+ [ run = make ]
+ echo run
run
+ [ run = clean ]
+ cd /gfs/home3/modoper/tempo/global/oens/recfct/bin/T126L28
+ echo ./recfct.T126L28 < /gfs/home3/modoper/tempo/global/oens/recfct/datain/recfctFCT06R.nml > /gfs/home3/modoper/tempo/global/oens/recfct/output/recfct.out.2012021212.16:43.T126L28
./recfct.T126L28 < /gfs/home3/modoper/tempo/global/oens/recfct/datain/recfctFCT06R.nml > /gfs/home3/modoper/tempo/global/oens/recfct/output/recfct.out.2012021212.16:43.T126L28
+ ./recfct.T126L28
+ 0< /gfs/home3/modoper/tempo/global/oens/recfct/datain/recfctFCT06R.nml 1> /gfs/home3/modoper/tempo/global/oens/recfct/output/recfct.out.2012021212.16:43.T126L28
 
 
     ******  Program Information  ******
  Real Time (sec)       :          7.054249
  User Time (sec)       :          4.138618
  Sys  Time (sec)       :          0.187847
  Vector Time (sec)     :          0.343877
  Inst. Count           :        1596986079.
  V. Inst. Count        :          16052480.
  V. Element Count      :        1289251883.
  FLOP Count            :         534710005.
  MOPS                  :        693.513050
  MFLOPS                :        129.200140
  VLEN                  :         80.314810
  V. Op. Ratio (%)      :         44.918765
  Memory Size (MB)      :        192.031250
  MIPS                  :        385.874255
  I-Cache (sec)         :          0.010553
  O-Cache (sec)         :          0.882097
  Bank (sec)            :          0.001189
 
  Start Time (date)  :  2012/02/12 16:43:24
  End   Time (date)  :  2012/02/12 16:43:31
-rw-r--r--    1 modoper  pnt            1800 Feb 12 16:43 /gfs/home3/modoper/tempo/global/oens/eof/datain/templ062012021212
sx6
PNT-EN
12021216:43
out
/gfs/home3/modoper/tempo/global/oens
/gfs/home3/modoper/tempo/global/oens
/gfs/dk22/modoper/tempo/global/oens
/gfs/dk22/modoper/tempo/global/oens/model/datain
/gfs/home3/modoper/tempo/global/oens/run/setrecfct.1.FCT06RT126L28.sx6
Date: 20120212
Hour: 16:43
FCT06R
2012021212
2012021315
GFCT06R
GFCT06R
GFCT06R
F.fct
F.fct
R.fct
/gfs/home3/modoper/tempo/global/oens
/gfs/home3/modoper/tempo/global/oens
/gfs/dk22/modoper/tempo/global/oens
/gfs/dk22/modoper/tempo/global/oens/model/datain
run
run
GFCT06R20120212122012021315F.fct.T126L28
/gfs/home3/modoper/tempo/global/oens/recfct/datain/GFCT06R20120212122012021315F.fct.T126L28
+ echo Recomposition  -x-  RUNNING ...
Recomposition  -x-  RUNNING ...
+ source=/gfs/home3/modoper/tempo/global/oens/recfct/source
+ bin=/gfs/home3/modoper/tempo/global/oens/recfct/bin/T126L28
+ input=/gfs/home3/modoper/tempo/global/oens/recfct/datain
+ out=/gfs/home3/modoper/tempo/global/oens/recfct/output
+ echo run
run
+ [ run = make ]
+ echo run
run
+ [ run = clean ]
+ cd /gfs/home3/modoper/tempo/global/oens/recfct/bin/T126L28
+ echo ./recfct.T126L28 < /gfs/home3/modoper/tempo/global/oens/recfct/datain/recfctFCT06R.nml > /gfs/home3/modoper/tempo/global/oens/recfct/output/recfct.out.2012021212.16:43.T126L28
./recfct.T126L28 < /gfs/home3/modoper/tempo/global/oens/recfct/datain/recfctFCT06R.nml > /gfs/home3/modoper/tempo/global/oens/recfct/output/recfct.out.2012021212.16:43.T126L28
+ ./recfct.T126L28
+ 0< /gfs/home3/modoper/tempo/global/oens/recfct/datain/recfctFCT06R.nml 1> /gfs/home3/modoper/tempo/global/oens/recfct/output/recfct.out.2012021212.16:43.T126L28
 
 
     ******  Program Information  ******
  Real Time (sec)       :          5.937752
  User Time (sec)       :          4.121087
  Sys  Time (sec)       :          0.062160
  Vector Time (sec)     :          0.341700
  Inst. Count           :        1596986079.
  V. Inst. Count        :          16052480.
  V. Element Count      :        1289251883.
  FLOP Count            :         534710005.
  MOPS                  :        696.463257
  MFLOPS                :        129.749758
  VLEN                  :         80.314810
  V. Op. Ratio (%)      :         44.918765
  Memory Size (MB)      :        192.031250
  MIPS                  :        387.515766
  I-Cache (sec)         :          0.000775
  O-Cache (sec)         :          0.867440
  Bank (sec)            :          0.001190
 
  Start Time (date)  :  2012/02/12 16:43:32
  End   Time (date)  :  2012/02/12 16:43:38
-rw-r--r--    1 modoper  pnt            2000 Feb 12 16:43 /gfs/home3/modoper/tempo/global/oens/eof/datain/templ062012021212
sx6
PNT-EN
12021216:43
out
/gfs/home3/modoper/tempo/global/oens
/gfs/home3/modoper/tempo/global/oens
/gfs/dk22/modoper/tempo/global/oens
/gfs/dk22/modoper/tempo/global/oens/model/datain
/gfs/home3/modoper/tempo/global/oens/run/setrecfct.1.FCT06RT126L28.sx6
Date: 20120212
Hour: 16:43
FCT06R
2012021212
2012021318
GFCT06R
GFCT06R
GFCT06R
F.fct
F.fct
R.fct
/gfs/home3/modoper/tempo/global/oens
/gfs/home3/modoper/tempo/global/oens
/gfs/dk22/modoper/tempo/global/oens
/gfs/dk22/modoper/tempo/global/oens/model/datain
run
run
GFCT06R20120212122012021318F.fct.T126L28
/gfs/home3/modoper/tempo/global/oens/recfct/datain/GFCT06R20120212122012021318F.fct.T126L28
+ echo Recomposition  -x-  RUNNING ...
Recomposition  -x-  RUNNING ...
+ source=/gfs/home3/modoper/tempo/global/oens/recfct/source
+ bin=/gfs/home3/modoper/tempo/global/oens/recfct/bin/T126L28
+ input=/gfs/home3/modoper/tempo/global/oens/recfct/datain
+ out=/gfs/home3/modoper/tempo/global/oens/recfct/output
+ echo run
run
+ [ run = make ]
+ echo run
run
+ [ run = clean ]
+ cd /gfs/home3/modoper/tempo/global/oens/recfct/bin/T126L28
+ echo ./recfct.T126L28 < /gfs/home3/modoper/tempo/global/oens/recfct/datain/recfctFCT06R.nml > /gfs/home3/modoper/tempo/global/oens/recfct/output/recfct.out.2012021212.16:43.T126L28
./recfct.T126L28 < /gfs/home3/modoper/tempo/global/oens/recfct/datain/recfctFCT06R.nml > /gfs/home3/modoper/tempo/global/oens/recfct/output/recfct.out.2012021212.16:43.T126L28
+ ./recfct.T126L28
+ 0< /gfs/home3/modoper/tempo/global/oens/recfct/datain/recfctFCT06R.nml 1> /gfs/home3/modoper/tempo/global/oens/recfct/output/recfct.out.2012021212.16:43.T126L28
 
 
     ******  Program Information  ******
  Real Time (sec)       :          6.153701
  User Time (sec)       :          4.121042
  Sys  Time (sec)       :          0.064506
  Vector Time (sec)     :          0.341738
  Inst. Count           :        1596986079.
  V. Inst. Count        :          16052480.
  V. Element Count      :        1289251883.
  FLOP Count            :         534710005.
  MOPS                  :        696.470796
  MFLOPS                :        129.751162
  VLEN                  :         80.314810
  V. Op. Ratio (%)      :         44.918765
  Memory Size (MB)      :        192.031250
  MIPS                  :        387.519961
  I-Cache (sec)         :          0.000773
  O-Cache (sec)         :          0.867407
  Bank (sec)            :          0.001190
 
  Start Time (date)  :  2012/02/12 16:43:39
  End   Time (date)  :  2012/02/12 16:43:45
-rw-r--r--    1 modoper  pnt            2200 Feb 12 16:43 /gfs/home3/modoper/tempo/global/oens/eof/datain/templ062012021212
sx6
PNT-EN
12021216:43
out
/gfs/home3/modoper/tempo/global/oens
/gfs/home3/modoper/tempo/global/oens
/gfs/dk22/modoper/tempo/global/oens
/gfs/dk22/modoper/tempo/global/oens/model/datain
/gfs/home3/modoper/tempo/global/oens/run/setrecfct.1.FCT06RT126L28.sx6
Date: 20120212
Hour: 16:43
FCT06R
2012021212
2012021321
GFCT06R
GFCT06R
GFCT06R
F.fct
F.fct
R.fct
/gfs/home3/modoper/tempo/global/oens
/gfs/home3/modoper/tempo/global/oens
/gfs/dk22/modoper/tempo/global/oens
/gfs/dk22/modoper/tempo/global/oens/model/datain
run
run
GFCT06R20120212122012021321F.fct.T126L28
/gfs/home3/modoper/tempo/global/oens/recfct/datain/GFCT06R20120212122012021321F.fct.T126L28
+ echo Recomposition  -x-  RUNNING ...
Recomposition  -x-  RUNNING ...
+ source=/gfs/home3/modoper/tempo/global/oens/recfct/source
+ bin=/gfs/home3/modoper/tempo/global/oens/recfct/bin/T126L28
+ input=/gfs/home3/modoper/tempo/global/oens/recfct/datain
+ out=/gfs/home3/modoper/tempo/global/oens/recfct/output
+ echo run
run
+ [ run = make ]
+ echo run
run
+ [ run = clean ]
+ cd /gfs/home3/modoper/tempo/global/oens/recfct/bin/T126L28
+ echo ./recfct.T126L28 < /gfs/home3/modoper/tempo/global/oens/recfct/datain/recfctFCT06R.nml > /gfs/home3/modoper/tempo/global/oens/recfct/output/recfct.out.2012021212.16:43.T126L28
./recfct.T126L28 < /gfs/home3/modoper/tempo/global/oens/recfct/datain/recfctFCT06R.nml > /gfs/home3/modoper/tempo/global/oens/recfct/output/recfct.out.2012021212.16:43.T126L28
+ ./recfct.T126L28
+ 0< /gfs/home3/modoper/tempo/global/oens/recfct/datain/recfctFCT06R.nml 1> /gfs/home3/modoper/tempo/global/oens/recfct/output/recfct.out.2012021212.16:43.T126L28
 
 
     ******  Program Information  ******
  Real Time (sec)       :          5.907003
  User Time (sec)       :          4.121028
  Sys  Time (sec)       :          0.060591
  Vector Time (sec)     :          0.341677
  Inst. Count           :        1596986079.
  V. Inst. Count        :          16052480.
  V. Element Count      :        1289251883.
  FLOP Count            :         534710005.
  MOPS                  :        696.473184
  MFLOPS                :        129.751607
  VLEN                  :         80.314810
  V. Op. Ratio (%)      :         44.918765
  Memory Size (MB)      :        192.031250
  MIPS                  :        387.521289
  I-Cache (sec)         :          0.000787
  O-Cache (sec)         :          0.867406
  Bank (sec)            :          0.001190
 
  Start Time (date)  :  2012/02/12 16:43:47
  End   Time (date)  :  2012/02/12 16:43:53
-rw-r--r--    1 modoper  pnt            2400 Feb 12 16:43 /gfs/home3/modoper/tempo/global/oens/eof/datain/templ062012021212
sx6
PNT-EN
12021216:43
out
/gfs/home3/modoper/tempo/global/oens
/gfs/home3/modoper/tempo/global/oens
/gfs/dk22/modoper/tempo/global/oens
/gfs/dk22/modoper/tempo/global/oens/model/datain
/gfs/home3/modoper/tempo/global/oens/run/setrecfct.1.FCT06RT126L28.sx6
Date: 20120212
Hour: 16:43
FCT06R
2012021212
2012021400
GFCT06R
GFCT06R
GFCT06R
F.fct
F.fct
R.fct
/gfs/home3/modoper/tempo/global/oens
/gfs/home3/modoper/tempo/global/oens
/gfs/dk22/modoper/tempo/global/oens
/gfs/dk22/modoper/tempo/global/oens/model/datain
run
run
GFCT06R20120212122012021400F.fct.T126L28
/gfs/home3/modoper/tempo/global/oens/recfct/datain/GFCT06R20120212122012021400F.fct.T126L28
+ echo Recomposition  -x-  RUNNING ...
Recomposition  -x-  RUNNING ...
+ source=/gfs/home3/modoper/tempo/global/oens/recfct/source
+ bin=/gfs/home3/modoper/tempo/global/oens/recfct/bin/T126L28
+ input=/gfs/home3/modoper/tempo/global/oens/recfct/datain
+ out=/gfs/home3/modoper/tempo/global/oens/recfct/output
+ echo run
run
+ [ run = make ]
+ echo run
run
+ [ run = clean ]
+ cd /gfs/home3/modoper/tempo/global/oens/recfct/bin/T126L28
+ echo ./recfct.T126L28 < /gfs/home3/modoper/tempo/global/oens/recfct/datain/recfctFCT06R.nml > /gfs/home3/modoper/tempo/global/oens/recfct/output/recfct.out.2012021212.16:43.T126L28
./recfct.T126L28 < /gfs/home3/modoper/tempo/global/oens/recfct/datain/recfctFCT06R.nml > /gfs/home3/modoper/tempo/global/oens/recfct/output/recfct.out.2012021212.16:43.T126L28
+ ./recfct.T126L28
+ 0< /gfs/home3/modoper/tempo/global/oens/recfct/datain/recfctFCT06R.nml 1> /gfs/home3/modoper/tempo/global/oens/recfct/output/recfct.out.2012021212.16:43.T126L28
 
 
     ******  Program Information  ******
  Real Time (sec)       :         11.780874
  User Time (sec)       :          4.121172
  Sys  Time (sec)       :          0.062386
  Vector Time (sec)     :          0.341640
  Inst. Count           :        1596986048.
  V. Inst. Count        :          16052480.
  V. Element Count      :        1289251883.
  FLOP Count            :         534710004.
  MOPS                  :        696.448793
  MFLOPS                :        129.747064
  VLEN                  :         80.314810
  V. Op. Ratio (%)      :         44.918766
  Memory Size (MB)      :        192.031250
  MIPS                  :        387.507715
  I-Cache (sec)         :          0.000774
  O-Cache (sec)         :          0.867467
  Bank (sec)            :          0.001190
 
  Start Time (date)  :  2012/02/12 16:43:54
  End   Time (date)  :  2012/02/12 16:44:06
sx6
2012021216:44
out
/gfs/home3/modoper/tempo/global/oens
/gfs/home3/modoper/tempo/global/oens
/gfs/dk22/modoper/tempo/global/oens
/gfs/dk22/modoper/tempo/global/oens/model/datain
/gfs/home3/modoper/tempo/global/oens/run/seteofs.1.06T126L28.sx6
06
Date: 20120212
Hour: 16:44
2012021212
/gfs/home3/modoper/tempo/global/oens
/gfs/home3/modoper/tempo/global/oens
/gfs/dk22/modoper/tempo/global/oens
/gfs/dk22/modoper/tempo/global/oens/model/datain
run
run
Vai chamar eoft
+ echo EOFT           -x-  RUNNING ...
EOFT           -x-  RUNNING ...
+ source=/gfs/home3/modoper/tempo/global/oens/eoftemp/source
+ bin=/gfs/home3/modoper/tempo/global/oens/eof/bin/T126L28
+ inp=/gfs/home3/modoper/tempo/global/oens/eof/datain
+ outp=/gfs/home3/modoper/tempo/global/oens/eoftemp/output
+ echo run
run
+ [ run = make ]
+ echo run
run
+ [ run = clean ]
+ cd /gfs/home3/modoper/tempo/global/oens/eof/bin/T126L28
+ echo ./eoftem.T126L28 < /gfs/home3/modoper/tempo/global/oens/eof/datain/eoftem06.nml > /gfs/home3/modoper/tempo/global/oens/eoftemp/output/eoftem.2012021212.16:44.T126L28
./eoftem.T126L28 < /gfs/home3/modoper/tempo/global/oens/eof/datain/eoftem06.nml > /gfs/home3/modoper/tempo/global/oens/eoftemp/output/eoftem.2012021212.16:44.T126L28
+ ./eoftem.T126L28
+ 0< /gfs/home3/modoper/tempo/global/oens/eof/datain/eoftem06.nml 1> /gfs/home3/modoper/tempo/global/oens/eoftemp/output/eoftem.2012021212.16:44.T126L28
 entrou no eoft fortran
 &DATAIN DIRI=/gfs/home3/modoper/tempo/global/oens/eof/datain/                ,
 DIRA=/gfs/dk22/modoper/tempo/global/oens/model/datain/               ,
 DIRO=/gfs/dk22/modoper/tempo/global/oens/eof/dataout/T126L28/        ,
 NAMEL=templ062012021212                                               ,
 ANAME=GANLAVN2012021212R.unf.T126L28                                                      ,
 TEMOUT=temout062012021212                                              ,
 TEMPCM=tempcm062012021212                                              ,
 TEMPER1=tempe1062012021212                                              ,
 TEMPEN1=tempn1062012021212                                               /
 
 
     ******  Program Information  ******
  Real Time (sec)       :         17.972673
  User Time (sec)       :          6.594481
  Sys  Time (sec)       :          0.495242
  Vector Time (sec)     :          5.913843
  Inst. Count           :         597133653.
  V. Inst. Count        :          72972072.
  V. Element Count      :        9156489607.
  FLOP Count            :        3164565669.
  MOPS                  :       1467.992860
  MFLOPS                :        479.880921
  VLEN                  :        125.479370
  V. Op. Ratio (%)      :         94.585472
  Memory Size (MB)      :        304.031250
  MIPS                  :         90.550514
  I-Cache (sec)         :          0.007753
  O-Cache (sec)         :          0.009481
  Bank (sec)            :          0.281362
 
  Start Time (date)  :  2012/02/12 16:44:08
  End   Time (date)  :  2012/02/12 16:44:26
Vai chamar eofw
+ echo EOFW           -x-  RUNNING ...
EOFW           -x-  RUNNING ...
+ source=/gfs/home3/modoper/tempo/global/oens/eofwind/source
+ bin=/gfs/home3/modoper/tempo/global/oens/eof/bin/T126L28
+ out=/gfs/dk22/modoper/tempo/global/oens/eof/dataout/T126L28
+ inp=/gfs/home3/modoper/tempo/global/oens/eof/datain
+ outp=/gfs/home3/modoper/tempo/global/oens/eofwind/output
+ echo run
run
+ [ run = make ]
+ echo run
run
+ [ run = clean ]
+ cd /gfs/home3/modoper/tempo/global/oens/eof/bin/T126L28
+ echo ./eofwin.T126L28 < /gfs/home3/modoper/tempo/global/oens/eof/datain/eofwin06.nml > /gfs/home3/modoper/tempo/global/oens/eofwind/output/eofwin.2012021212.16:44.T126L28
./eofwin.T126L28 < /gfs/home3/modoper/tempo/global/oens/eof/datain/eofwin06.nml > /gfs/home3/modoper/tempo/global/oens/eofwind/output/eofwin.2012021212.16:44.T126L28
+ ./eofwin.T126L28
+ 0< /gfs/home3/modoper/tempo/global/oens/eof/datain/eofwin06.nml 1> /gfs/home3/modoper/tempo/global/oens/eofwind/output/eofwin.2012021212.16:44.T126L28
 
 
     ******  Program Information  ******
  Real Time (sec)       :         37.689898
  User Time (sec)       :         12.014370
  Sys  Time (sec)       :          0.915405
  Vector Time (sec)     :         10.964538
  Inst. Count           :        1009390825.
  V. Inst. Count        :         235339325.
  V. Element Count      :       26880732743.
  FLOP Count            :        7609521244.
  MOPS                  :       2301.808957
  MFLOPS                :        633.368317
  VLEN                  :        114.221169
  V. Op. Ratio (%)      :         97.201021
  Memory Size (MB)      :        624.031250
  MIPS                  :         84.015294
  I-Cache (sec)         :          0.021337
  O-Cache (sec)         :          0.038147
  Bank (sec)            :          0.599880
 
  Start Time (date)  :  2012/02/12 16:44:26
  End   Time (date)  :  2012/02/12 16:45:03
sx6
2012021216:45
out
/gfs/home3/modoper/tempo/global/oens
/gfs/home3/modoper/tempo/global/oens
/gfs/dk22/modoper/tempo/global/oens
/gfs/dk22/modoper/tempo/global/oens/model/datain
/gfs/home3/modoper/tempo/global/oens/run/setdeco06T126L28.sx6
Date: 20120212
Hour: 16:45
2012021212
/gfs/home3/modoper/tempo/global/oens
/gfs/home3/modoper/tempo/global/oens
/gfs/dk22/modoper/tempo/global/oens
/gfs/dk22/modoper/tempo/global/oens/model/datain
run
run
+ echo Decomposition  -x-  RUNNING ...
Decomposition  -x-  RUNNING ...
+ source=/gfs/home3/modoper/tempo/global/oens/decanl/source
+ bin=/gfs/home3/modoper/tempo/global/oens/decanl/bin/T126L28
+ input=/gfs/home3/modoper/tempo/global/oens/decanl/datain
+ out=/gfs/home3/modoper/tempo/global/oens/decanl/output
+ echo run
run
+ [ run = make ]
+ echo run
run
+ [ run = clean ]
+ cd /gfs/home3/modoper/tempo/global/oens/decanl/bin/T126L28
+ ./decanl.T126L28
+ 0< /gfs/home3/modoper/tempo/global/oens/decanl/datain/decanl06.nml 1> /gfs/home3/modoper/tempo/global/oens/decanl/output/decanl.2012021212.16:45.T126L28
 
 
     ******  Program Information  ******
  Real Time (sec)       :          6.694415
  User Time (sec)       :          0.825212
  Sys  Time (sec)       :          0.071887
  Vector Time (sec)     :          0.632162
  Inst. Count           :         173583932.
  V. Inst. Count        :          21078079.
  V. Element Count      :        2292782635.
  FLOP Count            :         590251095.
  MOPS                  :       2963.222986
  MFLOPS                :        715.271683
  VLEN                  :        108.775692
  V. Op. Ratio (%)      :         93.763278
  Memory Size (MB)      :        192.031250
  MIPS                  :        210.350599
  I-Cache (sec)         :          0.002366
  O-Cache (sec)         :          0.027346
  Bank (sec)            :          0.015378
 
  Start Time (date)  :  2012/02/12 16:45:05
  End   Time (date)  :  2012/02/12 16:45:11
+ echo Decomposition  -x-  RUNNING ...
Decomposition  -x-  RUNNING ...
+ source=/gfs/home3/modoper/tempo/global/oens/decanl/source
+ bin=/gfs/home3/modoper/tempo/global/oens/decanl/bin/T126L28
+ input=/gfs/home3/modoper/tempo/global/oens/decanl/datain
+ out=/gfs/home3/modoper/tempo/global/oens/decanl/output
+ echo run
run
+ [ run = make ]
+ echo run
run
+ [ run = clean ]
+ cd /gfs/home3/modoper/tempo/global/oens/decanl/bin/T126L28
+ ./decanl.T126L28
+ 0< /gfs/home3/modoper/tempo/global/oens/decanl/datain/decanl06.nml 1> /gfs/home3/modoper/tempo/global/oens/decanl/output/decanl.2012021212.16:45.T126L28
 
 
     ******  Program Information  ******
  Real Time (sec)       :          2.057809
  User Time (sec)       :          0.831937
  Sys  Time (sec)       :          0.091365
  Vector Time (sec)     :          0.634344
  Inst. Count           :         173583827.
  V. Inst. Count        :          21078079.
  V. Element Count      :        2292782629.
  FLOP Count            :         590251095.
  MOPS                  :       2939.270600
  MFLOPS                :        709.490016
  VLEN                  :        108.775692
  V. Op. Ratio (%)      :         93.763282
  Memory Size (MB)      :        192.031250
  MIPS                  :        208.650172
  I-Cache (sec)         :          0.006282
  O-Cache (sec)         :          0.030088
  Bank (sec)            :          0.015359
 
  Start Time (date)  :  2012/02/12 16:45:12
  End   Time (date)  :  2012/02/12 16:45:14
logout
