stty: : Invalid argument
vt100
resize:  can't open terminal /dev/tty
======================================
Welcome to tupan11: SUPER-UX 14.1 SX-6
Today is Mon Feb 13 17:19:22 GMT 2012
======================================
runperreco1.sx6 126 28 06 2012021312 15 NO 07 
sx6
2012021317:19
out
/gfs/home3/modoper/tempo/global/oens
/gfs/home3/modoper/tempo/global/oens
/gfs/dk22/modoper/tempo/global/oens
/gfs/dk22/modoper/tempo/global/oens/model/datain
/gfs/home3/modoper/tempo/global/oens/run/setperreco.1.06T126L28.sx6
Date: 20120213
Hour: 17:19
2012021312


rm: ERROR: Cannot access templ062012021312: No such file or directory
-rw-r--r--    1 modoper  pnt             200 Feb 13 17:19 /gfs/home3/modoper/tempo/global/oens/eof/datain/templ062012021312
ls: ERROR: Cannot access /gfs/dk22/modoper/tempo/global/oens/recfct/dataout/T126L28/GFCT06R2012021312*.fct*: No such file or directory
sx6
PNT-EN
12021317:19
out
/gfs/home3/modoper/tempo/global/oens
/gfs/home3/modoper/tempo/global/oens
/gfs/dk22/modoper/tempo/global/oens
/gfs/dk22/modoper/tempo/global/oens/model/datain
/gfs/home3/modoper/tempo/global/oens/run/setrecfct.1.FCT06RT126L28.sx6
Date: 20120213
Hour: 17:19
FCT06R
2012021312
2012021315
GFCT06R
GFCT06R
GFCT06R
F.fct
F.fct
R.fct
/gfs/home3/modoper/tempo/global/oens
/gfs/home3/modoper/tempo/global/oens
/gfs/dk22/modoper/tempo/global/oens
/gfs/dk22/modoper/tempo/global/oens/model/datain
run
run
GFCT06R20120213122012021315F.fct.T126L28
/gfs/home3/modoper/tempo/global/oens/recfct/datain/GFCT06R20120213122012021315F.fct.T126L28
+ echo Recomposition  -x-  RUNNING ...
Recomposition  -x-  RUNNING ...
+ source=/gfs/home3/modoper/tempo/global/oens/recfct/source
+ bin=/gfs/home3/modoper/tempo/global/oens/recfct/bin/T126L28
+ input=/gfs/home3/modoper/tempo/global/oens/recfct/datain
+ out=/gfs/home3/modoper/tempo/global/oens/recfct/output
+ echo run
run
+ [ run = make ]
+ echo run
run
+ [ run = clean ]
+ cd /gfs/home3/modoper/tempo/global/oens/recfct/bin/T126L28
+ echo ./recfct.T126L28 < /gfs/home3/modoper/tempo/global/oens/recfct/datain/recfctFCT06R.nml > /gfs/home3/modoper/tempo/global/oens/recfct/output/recfct.out.2012021312.17:19.T126L28
./recfct.T126L28 < /gfs/home3/modoper/tempo/global/oens/recfct/datain/recfctFCT06R.nml > /gfs/home3/modoper/tempo/global/oens/recfct/output/recfct.out.2012021312.17:19.T126L28
+ ./recfct.T126L28
+ 0< /gfs/home3/modoper/tempo/global/oens/recfct/datain/recfctFCT06R.nml 1> /gfs/home3/modoper/tempo/global/oens/recfct/output/recfct.out.2012021312.17:19.T126L28
 
 
     ******  Program Information  ******
  Real Time (sec)       :          8.222951
  User Time (sec)       :          4.130835
  Sys  Time (sec)       :          0.070176
  Vector Time (sec)     :          0.344743
  Inst. Count           :        1596986079.
  V. Inst. Count        :          16052480.
  V. Element Count      :        1289251883.
  FLOP Count            :         534710005.
  MOPS                  :        694.819700
  MFLOPS                :        129.443567
  VLEN                  :         80.314810
  V. Op. Ratio (%)      :         44.918765
  Memory Size (MB)      :        192.031250
  MIPS                  :        386.601283
  I-Cache (sec)         :          0.001416
  O-Cache (sec)         :          0.873825
  Bank (sec)            :          0.001191
 
  Start Time (date)  :  2012/02/13 17:19:26
  End   Time (date)  :  2012/02/13 17:19:34
-rw-r--r--    1 modoper  pnt             400 Feb 13 17:19 /gfs/home3/modoper/tempo/global/oens/eof/datain/templ062012021312
sx6
PNT-EN
12021317:19
out
/gfs/home3/modoper/tempo/global/oens
/gfs/home3/modoper/tempo/global/oens
/gfs/dk22/modoper/tempo/global/oens
/gfs/dk22/modoper/tempo/global/oens/model/datain
/gfs/home3/modoper/tempo/global/oens/run/setrecfct.1.FCT06RT126L28.sx6
Date: 20120213
Hour: 17:19
FCT06R
2012021312
2012021318
GFCT06R
GFCT06R
GFCT06R
F.fct
F.fct
R.fct
/gfs/home3/modoper/tempo/global/oens
/gfs/home3/modoper/tempo/global/oens
/gfs/dk22/modoper/tempo/global/oens
/gfs/dk22/modoper/tempo/global/oens/model/datain
run
run
GFCT06R20120213122012021318F.fct.T126L28
/gfs/home3/modoper/tempo/global/oens/recfct/datain/GFCT06R20120213122012021318F.fct.T126L28
+ echo Recomposition  -x-  RUNNING ...
Recomposition  -x-  RUNNING ...
+ source=/gfs/home3/modoper/tempo/global/oens/recfct/source
+ bin=/gfs/home3/modoper/tempo/global/oens/recfct/bin/T126L28
+ input=/gfs/home3/modoper/tempo/global/oens/recfct/datain
+ out=/gfs/home3/modoper/tempo/global/oens/recfct/output
+ echo run
run
+ [ run = make ]
+ echo run
run
+ [ run = clean ]
+ cd /gfs/home3/modoper/tempo/global/oens/recfct/bin/T126L28
+ echo ./recfct.T126L28 < /gfs/home3/modoper/tempo/global/oens/recfct/datain/recfctFCT06R.nml > /gfs/home3/modoper/tempo/global/oens/recfct/output/recfct.out.2012021312.17:19.T126L28
./recfct.T126L28 < /gfs/home3/modoper/tempo/global/oens/recfct/datain/recfctFCT06R.nml > /gfs/home3/modoper/tempo/global/oens/recfct/output/recfct.out.2012021312.17:19.T126L28
+ ./recfct.T126L28
+ 0< /gfs/home3/modoper/tempo/global/oens/recfct/datain/recfctFCT06R.nml 1> /gfs/home3/modoper/tempo/global/oens/recfct/output/recfct.out.2012021312.17:19.T126L28
 
 
     ******  Program Information  ******
  Real Time (sec)       :          5.916575
  User Time (sec)       :          4.129207
  Sys  Time (sec)       :          0.058117
  Vector Time (sec)     :          0.344620
  Inst. Count           :        1596986079.
  V. Inst. Count        :          16052480.
  V. Element Count      :        1289251883.
  FLOP Count            :         534710005.
  MOPS                  :        695.093671
  MFLOPS                :        129.494607
  VLEN                  :         80.314810
  V. Op. Ratio (%)      :         44.918765
  Memory Size (MB)      :        192.031250
  MIPS                  :        386.753721
  I-Cache (sec)         :          0.000801
  O-Cache (sec)         :          0.872681
  Bank (sec)            :          0.001190
 
  Start Time (date)  :  2012/02/13 17:19:35
  End   Time (date)  :  2012/02/13 17:19:41
-rw-r--r--    1 modoper  pnt             600 Feb 13 17:19 /gfs/home3/modoper/tempo/global/oens/eof/datain/templ062012021312
sx6
PNT-EN
12021317:19
out
/gfs/home3/modoper/tempo/global/oens
/gfs/home3/modoper/tempo/global/oens
/gfs/dk22/modoper/tempo/global/oens
/gfs/dk22/modoper/tempo/global/oens/model/datain
/gfs/home3/modoper/tempo/global/oens/run/setrecfct.1.FCT06RT126L28.sx6
Date: 20120213
Hour: 17:19
FCT06R
2012021312
2012021321
GFCT06R
GFCT06R
GFCT06R
F.fct
F.fct
R.fct
/gfs/home3/modoper/tempo/global/oens
/gfs/home3/modoper/tempo/global/oens
/gfs/dk22/modoper/tempo/global/oens
/gfs/dk22/modoper/tempo/global/oens/model/datain
run
run
GFCT06R20120213122012021321F.fct.T126L28
/gfs/home3/modoper/tempo/global/oens/recfct/datain/GFCT06R20120213122012021321F.fct.T126L28
+ echo Recomposition  -x-  RUNNING ...
Recomposition  -x-  RUNNING ...
+ source=/gfs/home3/modoper/tempo/global/oens/recfct/source
+ bin=/gfs/home3/modoper/tempo/global/oens/recfct/bin/T126L28
+ input=/gfs/home3/modoper/tempo/global/oens/recfct/datain
+ out=/gfs/home3/modoper/tempo/global/oens/recfct/output
+ echo run
run
+ [ run = make ]
+ echo run
run
+ [ run = clean ]
+ cd /gfs/home3/modoper/tempo/global/oens/recfct/bin/T126L28
+ echo ./recfct.T126L28 < /gfs/home3/modoper/tempo/global/oens/recfct/datain/recfctFCT06R.nml > /gfs/home3/modoper/tempo/global/oens/recfct/output/recfct.out.2012021312.17:19.T126L28
./recfct.T126L28 < /gfs/home3/modoper/tempo/global/oens/recfct/datain/recfctFCT06R.nml > /gfs/home3/modoper/tempo/global/oens/recfct/output/recfct.out.2012021312.17:19.T126L28
+ ./recfct.T126L28
+ 0< /gfs/home3/modoper/tempo/global/oens/recfct/datain/recfctFCT06R.nml 1> /gfs/home3/modoper/tempo/global/oens/recfct/output/recfct.out.2012021312.17:19.T126L28
 
 
     ******  Program Information  ******
  Real Time (sec)       :         11.133519
  User Time (sec)       :          4.130219
  Sys  Time (sec)       :          0.103028
  Vector Time (sec)     :          0.343428
  Inst. Count           :        1596986079.
  V. Inst. Count        :          16052480.
  V. Element Count      :        1289251883.
  FLOP Count            :         534710005.
  MOPS                  :        694.923279
  MFLOPS                :        129.462863
  VLEN                  :         80.314810
  V. Op. Ratio (%)      :         44.918765
  Memory Size (MB)      :        192.031250
  MIPS                  :        386.658915
  I-Cache (sec)         :          0.004388
  O-Cache (sec)         :          0.874566
  Bank (sec)            :          0.001190
 
  Start Time (date)  :  2012/02/13 17:19:42
  End   Time (date)  :  2012/02/13 17:19:53
-rw-r--r--    1 modoper  pnt             800 Feb 13 17:19 /gfs/home3/modoper/tempo/global/oens/eof/datain/templ062012021312
sx6
PNT-EN
12021317:19
out
/gfs/home3/modoper/tempo/global/oens
/gfs/home3/modoper/tempo/global/oens
/gfs/dk22/modoper/tempo/global/oens
/gfs/dk22/modoper/tempo/global/oens/model/datain
/gfs/home3/modoper/tempo/global/oens/run/setrecfct.1.FCT06RT126L28.sx6
Date: 20120213
Hour: 17:19
FCT06R
2012021312
2012021400
GFCT06R
GFCT06R
GFCT06R
F.fct
F.fct
R.fct
/gfs/home3/modoper/tempo/global/oens
/gfs/home3/modoper/tempo/global/oens
/gfs/dk22/modoper/tempo/global/oens
/gfs/dk22/modoper/tempo/global/oens/model/datain
run
run
GFCT06R20120213122012021400F.fct.T126L28
/gfs/home3/modoper/tempo/global/oens/recfct/datain/GFCT06R20120213122012021400F.fct.T126L28
+ echo Recomposition  -x-  RUNNING ...
Recomposition  -x-  RUNNING ...
+ source=/gfs/home3/modoper/tempo/global/oens/recfct/source
+ bin=/gfs/home3/modoper/tempo/global/oens/recfct/bin/T126L28
+ input=/gfs/home3/modoper/tempo/global/oens/recfct/datain
+ out=/gfs/home3/modoper/tempo/global/oens/recfct/output
+ echo run
run
+ [ run = make ]
+ echo run
run
+ [ run = clean ]
+ cd /gfs/home3/modoper/tempo/global/oens/recfct/bin/T126L28
+ echo ./recfct.T126L28 < /gfs/home3/modoper/tempo/global/oens/recfct/datain/recfctFCT06R.nml > /gfs/home3/modoper/tempo/global/oens/recfct/output/recfct.out.2012021312.17:19.T126L28
./recfct.T126L28 < /gfs/home3/modoper/tempo/global/oens/recfct/datain/recfctFCT06R.nml > /gfs/home3/modoper/tempo/global/oens/recfct/output/recfct.out.2012021312.17:19.T126L28
+ ./recfct.T126L28
+ 0< /gfs/home3/modoper/tempo/global/oens/recfct/datain/recfctFCT06R.nml 1> /gfs/home3/modoper/tempo/global/oens/recfct/output/recfct.out.2012021312.17:19.T126L28
 
 
     ******  Program Information  ******
  Real Time (sec)       :          6.719103
  User Time (sec)       :          4.132920
  Sys  Time (sec)       :          0.099837
  Vector Time (sec)     :          0.344316
  Inst. Count           :        1596986048.
  V. Inst. Count        :          16052480.
  V. Element Count      :        1289251883.
  FLOP Count            :         534710004.
  MOPS                  :        694.469085
  MFLOPS                :        129.378249
  VLEN                  :         80.314810
  V. Op. Ratio (%)      :         44.918766
  Memory Size (MB)      :        192.031250
  MIPS                  :        386.406195
  I-Cache (sec)         :          0.004517
  O-Cache (sec)         :          0.876117
  Bank (sec)            :          0.001190
 
  Start Time (date)  :  2012/02/13 17:19:54
  End   Time (date)  :  2012/02/13 17:20:01
-rw-r--r--    1 modoper  pnt            1000 Feb 13 17:20 /gfs/home3/modoper/tempo/global/oens/eof/datain/templ062012021312
sx6
PNT-EN
12021317:20
out
/gfs/home3/modoper/tempo/global/oens
/gfs/home3/modoper/tempo/global/oens
/gfs/dk22/modoper/tempo/global/oens
/gfs/dk22/modoper/tempo/global/oens/model/datain
/gfs/home3/modoper/tempo/global/oens/run/setrecfct.1.FCT06RT126L28.sx6
Date: 20120213
Hour: 17:20
FCT06R
2012021312
2012021403
GFCT06R
GFCT06R
GFCT06R
F.fct
F.fct
R.fct
/gfs/home3/modoper/tempo/global/oens
/gfs/home3/modoper/tempo/global/oens
/gfs/dk22/modoper/tempo/global/oens
/gfs/dk22/modoper/tempo/global/oens/model/datain
run
run
GFCT06R20120213122012021403F.fct.T126L28
/gfs/home3/modoper/tempo/global/oens/recfct/datain/GFCT06R20120213122012021403F.fct.T126L28
+ echo Recomposition  -x-  RUNNING ...
Recomposition  -x-  RUNNING ...
+ source=/gfs/home3/modoper/tempo/global/oens/recfct/source
+ bin=/gfs/home3/modoper/tempo/global/oens/recfct/bin/T126L28
+ input=/gfs/home3/modoper/tempo/global/oens/recfct/datain
+ out=/gfs/home3/modoper/tempo/global/oens/recfct/output
+ echo run
run
+ [ run = make ]
+ echo run
run
+ [ run = clean ]
+ cd /gfs/home3/modoper/tempo/global/oens/recfct/bin/T126L28
+ echo ./recfct.T126L28 < /gfs/home3/modoper/tempo/global/oens/recfct/datain/recfctFCT06R.nml > /gfs/home3/modoper/tempo/global/oens/recfct/output/recfct.out.2012021312.17:20.T126L28
./recfct.T126L28 < /gfs/home3/modoper/tempo/global/oens/recfct/datain/recfctFCT06R.nml > /gfs/home3/modoper/tempo/global/oens/recfct/output/recfct.out.2012021312.17:20.T126L28
+ ./recfct.T126L28
+ 0< /gfs/home3/modoper/tempo/global/oens/recfct/datain/recfctFCT06R.nml 1> /gfs/home3/modoper/tempo/global/oens/recfct/output/recfct.out.2012021312.17:20.T126L28
 
 
     ******  Program Information  ******
  Real Time (sec)       :          6.697501
  User Time (sec)       :          4.144146
  Sys  Time (sec)       :          0.118313
  Vector Time (sec)     :          0.348424
  Inst. Count           :        1596986048.
  V. Inst. Count        :          16052480.
  V. Element Count      :        1289251883.
  FLOP Count            :         534710004.
  MOPS                  :        692.587904
  MFLOPS                :        129.027788
  VLEN                  :         80.314810
  V. Op. Ratio (%)      :         44.918766
  Memory Size (MB)      :        192.031250
  MIPS                  :        385.359496
  I-Cache (sec)         :          0.005959
  O-Cache (sec)         :          0.883807
  Bank (sec)            :          0.001190
 
  Start Time (date)  :  2012/02/13 17:20:02
  End   Time (date)  :  2012/02/13 17:20:08
-rw-r--r--    1 modoper  pnt            1200 Feb 13 17:20 /gfs/home3/modoper/tempo/global/oens/eof/datain/templ062012021312
sx6
PNT-EN
12021317:20
out
/gfs/home3/modoper/tempo/global/oens
/gfs/home3/modoper/tempo/global/oens
/gfs/dk22/modoper/tempo/global/oens
/gfs/dk22/modoper/tempo/global/oens/model/datain
/gfs/home3/modoper/tempo/global/oens/run/setrecfct.1.FCT06RT126L28.sx6
Date: 20120213
Hour: 17:20
FCT06R
2012021312
2012021406
GFCT06R
GFCT06R
GFCT06R
F.fct
F.fct
R.fct
/gfs/home3/modoper/tempo/global/oens
/gfs/home3/modoper/tempo/global/oens
/gfs/dk22/modoper/tempo/global/oens
/gfs/dk22/modoper/tempo/global/oens/model/datain
run
run
GFCT06R20120213122012021406F.fct.T126L28
/gfs/home3/modoper/tempo/global/oens/recfct/datain/GFCT06R20120213122012021406F.fct.T126L28
+ echo Recomposition  -x-  RUNNING ...
Recomposition  -x-  RUNNING ...
+ source=/gfs/home3/modoper/tempo/global/oens/recfct/source
+ bin=/gfs/home3/modoper/tempo/global/oens/recfct/bin/T126L28
+ input=/gfs/home3/modoper/tempo/global/oens/recfct/datain
+ out=/gfs/home3/modoper/tempo/global/oens/recfct/output
+ echo run
run
+ [ run = make ]
+ echo run
run
+ [ run = clean ]
+ cd /gfs/home3/modoper/tempo/global/oens/recfct/bin/T126L28
+ echo ./recfct.T126L28 < /gfs/home3/modoper/tempo/global/oens/recfct/datain/recfctFCT06R.nml > /gfs/home3/modoper/tempo/global/oens/recfct/output/recfct.out.2012021312.17:20.T126L28
./recfct.T126L28 < /gfs/home3/modoper/tempo/global/oens/recfct/datain/recfctFCT06R.nml > /gfs/home3/modoper/tempo/global/oens/recfct/output/recfct.out.2012021312.17:20.T126L28
+ ./recfct.T126L28
+ 0< /gfs/home3/modoper/tempo/global/oens/recfct/datain/recfctFCT06R.nml 1> /gfs/home3/modoper/tempo/global/oens/recfct/output/recfct.out.2012021312.17:20.T126L28
 
 
     ******  Program Information  ******
  Real Time (sec)       :          6.976564
  User Time (sec)       :          4.140649
  Sys  Time (sec)       :          0.065893
  Vector Time (sec)     :          0.353742
  Inst. Count           :        1596986048.
  V. Inst. Count        :          16052480.
  V. Element Count      :        1289251883.
  FLOP Count            :         534710004.
  MOPS                  :        693.172893
  MFLOPS                :        129.136771
  VLEN                  :         80.314810
  V. Op. Ratio (%)      :         44.918766
  Memory Size (MB)      :        192.031250
  MIPS                  :        385.684987
  I-Cache (sec)         :          0.001369
  O-Cache (sec)         :          0.875256
  Bank (sec)            :          0.001190
 
  Start Time (date)  :  2012/02/13 17:20:10
  End   Time (date)  :  2012/02/13 17:20:16
-rw-r--r--    1 modoper  pnt            1400 Feb 13 17:20 /gfs/home3/modoper/tempo/global/oens/eof/datain/templ062012021312
sx6
PNT-EN
12021317:20
out
/gfs/home3/modoper/tempo/global/oens
/gfs/home3/modoper/tempo/global/oens
/gfs/dk22/modoper/tempo/global/oens
/gfs/dk22/modoper/tempo/global/oens/model/datain
/gfs/home3/modoper/tempo/global/oens/run/setrecfct.1.FCT06RT126L28.sx6
Date: 20120213
Hour: 17:20
FCT06R
2012021312
2012021409
GFCT06R
GFCT06R
GFCT06R
F.fct
F.fct
R.fct
/gfs/home3/modoper/tempo/global/oens
/gfs/home3/modoper/tempo/global/oens
/gfs/dk22/modoper/tempo/global/oens
/gfs/dk22/modoper/tempo/global/oens/model/datain
run
run
GFCT06R20120213122012021409F.fct.T126L28
/gfs/home3/modoper/tempo/global/oens/recfct/datain/GFCT06R20120213122012021409F.fct.T126L28
+ echo Recomposition  -x-  RUNNING ...
Recomposition  -x-  RUNNING ...
+ source=/gfs/home3/modoper/tempo/global/oens/recfct/source
+ bin=/gfs/home3/modoper/tempo/global/oens/recfct/bin/T126L28
+ input=/gfs/home3/modoper/tempo/global/oens/recfct/datain
+ out=/gfs/home3/modoper/tempo/global/oens/recfct/output
+ echo run
run
+ [ run = make ]
+ echo run
run
+ [ run = clean ]
+ cd /gfs/home3/modoper/tempo/global/oens/recfct/bin/T126L28
+ echo ./recfct.T126L28 < /gfs/home3/modoper/tempo/global/oens/recfct/datain/recfctFCT06R.nml > /gfs/home3/modoper/tempo/global/oens/recfct/output/recfct.out.2012021312.17:20.T126L28
./recfct.T126L28 < /gfs/home3/modoper/tempo/global/oens/recfct/datain/recfctFCT06R.nml > /gfs/home3/modoper/tempo/global/oens/recfct/output/recfct.out.2012021312.17:20.T126L28
+ ./recfct.T126L28
+ 0< /gfs/home3/modoper/tempo/global/oens/recfct/datain/recfctFCT06R.nml 1> /gfs/home3/modoper/tempo/global/oens/recfct/output/recfct.out.2012021312.17:20.T126L28
 
 
     ******  Program Information  ******
  Real Time (sec)       :         13.934839
  User Time (sec)       :          4.130882
  Sys  Time (sec)       :          0.070466
  Vector Time (sec)     :          0.345380
  Inst. Count           :        1596986048.
  V. Inst. Count        :          16052480.
  V. Element Count      :        1289251883.
  FLOP Count            :         534710004.
  MOPS                  :        694.811846
  MFLOPS                :        129.442105
  VLEN                  :         80.314810
  V. Op. Ratio (%)      :         44.918766
  Memory Size (MB)      :        192.031250
  MIPS                  :        386.596909
  I-Cache (sec)         :          0.001212
  O-Cache (sec)         :          0.873712
  Bank (sec)            :          0.001190
 
  Start Time (date)  :  2012/02/13 17:20:18
  End   Time (date)  :  2012/02/13 17:20:32
-rw-r--r--    1 modoper  pnt            1600 Feb 13 17:20 /gfs/home3/modoper/tempo/global/oens/eof/datain/templ062012021312
sx6
PNT-EN
12021317:20
out
/gfs/home3/modoper/tempo/global/oens
/gfs/home3/modoper/tempo/global/oens
/gfs/dk22/modoper/tempo/global/oens
/gfs/dk22/modoper/tempo/global/oens/model/datain
/gfs/home3/modoper/tempo/global/oens/run/setrecfct.1.FCT06RT126L28.sx6
Date: 20120213
Hour: 17:20
FCT06R
2012021312
2012021412
GFCT06R
GFCT06R
GFCT06R
F.fct
F.fct
R.fct
/gfs/home3/modoper/tempo/global/oens
/gfs/home3/modoper/tempo/global/oens
/gfs/dk22/modoper/tempo/global/oens
/gfs/dk22/modoper/tempo/global/oens/model/datain
run
run
GFCT06R20120213122012021412F.fct.T126L28
/gfs/home3/modoper/tempo/global/oens/recfct/datain/GFCT06R20120213122012021412F.fct.T126L28
+ echo Recomposition  -x-  RUNNING ...
Recomposition  -x-  RUNNING ...
+ source=/gfs/home3/modoper/tempo/global/oens/recfct/source
+ bin=/gfs/home3/modoper/tempo/global/oens/recfct/bin/T126L28
+ input=/gfs/home3/modoper/tempo/global/oens/recfct/datain
+ out=/gfs/home3/modoper/tempo/global/oens/recfct/output
+ echo run
run
+ [ run = make ]
+ echo run
run
+ [ run = clean ]
+ cd /gfs/home3/modoper/tempo/global/oens/recfct/bin/T126L28
+ echo ./recfct.T126L28 < /gfs/home3/modoper/tempo/global/oens/recfct/datain/recfctFCT06R.nml > /gfs/home3/modoper/tempo/global/oens/recfct/output/recfct.out.2012021312.17:20.T126L28
./recfct.T126L28 < /gfs/home3/modoper/tempo/global/oens/recfct/datain/recfctFCT06R.nml > /gfs/home3/modoper/tempo/global/oens/recfct/output/recfct.out.2012021312.17:20.T126L28
+ ./recfct.T126L28
+ 0< /gfs/home3/modoper/tempo/global/oens/recfct/datain/recfctFCT06R.nml 1> /gfs/home3/modoper/tempo/global/oens/recfct/output/recfct.out.2012021312.17:20.T126L28
 
 
     ******  Program Information  ******
  Real Time (sec)       :          9.412279
  User Time (sec)       :          4.131084
  Sys  Time (sec)       :          0.062899
  Vector Time (sec)     :          0.346048
  Inst. Count           :        1596986079.
  V. Inst. Count        :          16052480.
  V. Element Count      :        1289251883.
  FLOP Count            :         534710005.
  MOPS                  :        694.777761
  MFLOPS                :        129.435753
  VLEN                  :         80.314810
  V. Op. Ratio (%)      :         44.918765
  Memory Size (MB)      :        192.031250
  MIPS                  :        386.577947
  I-Cache (sec)         :          0.001069
  O-Cache (sec)         :          0.873120
  Bank (sec)            :          0.001190
 
  Start Time (date)  :  2012/02/13 17:20:33
  End   Time (date)  :  2012/02/13 17:20:42
-rw-r--r--    1 modoper  pnt            1800 Feb 13 17:20 /gfs/home3/modoper/tempo/global/oens/eof/datain/templ062012021312
sx6
PNT-EN
12021317:20
out
/gfs/home3/modoper/tempo/global/oens
/gfs/home3/modoper/tempo/global/oens
/gfs/dk22/modoper/tempo/global/oens
/gfs/dk22/modoper/tempo/global/oens/model/datain
/gfs/home3/modoper/tempo/global/oens/run/setrecfct.1.FCT06RT126L28.sx6
Date: 20120213
Hour: 17:20
FCT06R
2012021312
2012021415
GFCT06R
GFCT06R
GFCT06R
F.fct
F.fct
R.fct
/gfs/home3/modoper/tempo/global/oens
/gfs/home3/modoper/tempo/global/oens
/gfs/dk22/modoper/tempo/global/oens
/gfs/dk22/modoper/tempo/global/oens/model/datain
run
run
GFCT06R20120213122012021415F.fct.T126L28
/gfs/home3/modoper/tempo/global/oens/recfct/datain/GFCT06R20120213122012021415F.fct.T126L28
+ echo Recomposition  -x-  RUNNING ...
Recomposition  -x-  RUNNING ...
+ source=/gfs/home3/modoper/tempo/global/oens/recfct/source
+ bin=/gfs/home3/modoper/tempo/global/oens/recfct/bin/T126L28
+ input=/gfs/home3/modoper/tempo/global/oens/recfct/datain
+ out=/gfs/home3/modoper/tempo/global/oens/recfct/output
+ echo run
run
+ [ run = make ]
+ echo run
run
+ [ run = clean ]
+ cd /gfs/home3/modoper/tempo/global/oens/recfct/bin/T126L28
+ echo ./recfct.T126L28 < /gfs/home3/modoper/tempo/global/oens/recfct/datain/recfctFCT06R.nml > /gfs/home3/modoper/tempo/global/oens/recfct/output/recfct.out.2012021312.17:20.T126L28
./recfct.T126L28 < /gfs/home3/modoper/tempo/global/oens/recfct/datain/recfctFCT06R.nml > /gfs/home3/modoper/tempo/global/oens/recfct/output/recfct.out.2012021312.17:20.T126L28
+ ./recfct.T126L28
+ 0< /gfs/home3/modoper/tempo/global/oens/recfct/datain/recfctFCT06R.nml 1> /gfs/home3/modoper/tempo/global/oens/recfct/output/recfct.out.2012021312.17:20.T126L28
 
 
     ******  Program Information  ******
  Real Time (sec)       :          6.933778
  User Time (sec)       :          4.126403
  Sys  Time (sec)       :          0.073720
  Vector Time (sec)     :          0.343655
  Inst. Count           :        1596986079.
  V. Inst. Count        :          16052480.
  V. Element Count      :        1289251883.
  FLOP Count            :         534710005.
  MOPS                  :        695.565953
  MFLOPS                :        129.582592
  VLEN                  :         80.314810
  V. Op. Ratio (%)      :         44.918765
  Memory Size (MB)      :        192.031250
  MIPS                  :        387.016502
  I-Cache (sec)         :          0.001597
  O-Cache (sec)         :          0.872864
  Bank (sec)            :          0.001189
 
  Start Time (date)  :  2012/02/13 17:20:44
  End   Time (date)  :  2012/02/13 17:20:51
-rw-r--r--    1 modoper  pnt            2000 Feb 13 17:20 /gfs/home3/modoper/tempo/global/oens/eof/datain/templ062012021312
sx6
PNT-EN
12021317:20
out
/gfs/home3/modoper/tempo/global/oens
/gfs/home3/modoper/tempo/global/oens
/gfs/dk22/modoper/tempo/global/oens
/gfs/dk22/modoper/tempo/global/oens/model/datain
/gfs/home3/modoper/tempo/global/oens/run/setrecfct.1.FCT06RT126L28.sx6
Date: 20120213
Hour: 17:20
FCT06R
2012021312
2012021418
GFCT06R
GFCT06R
GFCT06R
F.fct
F.fct
R.fct
/gfs/home3/modoper/tempo/global/oens
/gfs/home3/modoper/tempo/global/oens
/gfs/dk22/modoper/tempo/global/oens
/gfs/dk22/modoper/tempo/global/oens/model/datain
run
run
GFCT06R20120213122012021418F.fct.T126L28
/gfs/home3/modoper/tempo/global/oens/recfct/datain/GFCT06R20120213122012021418F.fct.T126L28
+ echo Recomposition  -x-  RUNNING ...
Recomposition  -x-  RUNNING ...
+ source=/gfs/home3/modoper/tempo/global/oens/recfct/source
+ bin=/gfs/home3/modoper/tempo/global/oens/recfct/bin/T126L28
+ input=/gfs/home3/modoper/tempo/global/oens/recfct/datain
+ out=/gfs/home3/modoper/tempo/global/oens/recfct/output
+ echo run
run
+ [ run = make ]
+ echo run
run
+ [ run = clean ]
+ cd /gfs/home3/modoper/tempo/global/oens/recfct/bin/T126L28
+ echo ./recfct.T126L28 < /gfs/home3/modoper/tempo/global/oens/recfct/datain/recfctFCT06R.nml > /gfs/home3/modoper/tempo/global/oens/recfct/output/recfct.out.2012021312.17:20.T126L28
./recfct.T126L28 < /gfs/home3/modoper/tempo/global/oens/recfct/datain/recfctFCT06R.nml > /gfs/home3/modoper/tempo/global/oens/recfct/output/recfct.out.2012021312.17:20.T126L28
+ ./recfct.T126L28
+ 0< /gfs/home3/modoper/tempo/global/oens/recfct/datain/recfctFCT06R.nml 1> /gfs/home3/modoper/tempo/global/oens/recfct/output/recfct.out.2012021312.17:20.T126L28
 
 
     ******  Program Information  ******
  Real Time (sec)       :          6.623130
  User Time (sec)       :          4.122650
  Sys  Time (sec)       :          0.065819
  Vector Time (sec)     :          0.342053
  Inst. Count           :        1596986079.
  V. Inst. Count        :          16052480.
  V. Element Count      :        1289251883.
  FLOP Count            :         534710005.
  MOPS                  :        696.199138
  MFLOPS                :        129.700553
  VLEN                  :         80.314810
  V. Op. Ratio (%)      :         44.918765
  Memory Size (MB)      :        192.031250
  MIPS                  :        387.368809
  I-Cache (sec)         :          0.001423
  O-Cache (sec)         :          0.868404
  Bank (sec)            :          0.001190
 
  Start Time (date)  :  2012/02/13 17:20:52
  End   Time (date)  :  2012/02/13 17:20:58
-rw-r--r--    1 modoper  pnt            2200 Feb 13 17:20 /gfs/home3/modoper/tempo/global/oens/eof/datain/templ062012021312
sx6
PNT-EN
12021317:20
out
/gfs/home3/modoper/tempo/global/oens
/gfs/home3/modoper/tempo/global/oens
/gfs/dk22/modoper/tempo/global/oens
/gfs/dk22/modoper/tempo/global/oens/model/datain
/gfs/home3/modoper/tempo/global/oens/run/setrecfct.1.FCT06RT126L28.sx6
Date: 20120213
Hour: 17:20
FCT06R
2012021312
2012021421
GFCT06R
GFCT06R
GFCT06R
F.fct
F.fct
R.fct
/gfs/home3/modoper/tempo/global/oens
/gfs/home3/modoper/tempo/global/oens
/gfs/dk22/modoper/tempo/global/oens
/gfs/dk22/modoper/tempo/global/oens/model/datain
run
run
GFCT06R20120213122012021421F.fct.T126L28
/gfs/home3/modoper/tempo/global/oens/recfct/datain/GFCT06R20120213122012021421F.fct.T126L28
+ echo Recomposition  -x-  RUNNING ...
Recomposition  -x-  RUNNING ...
+ source=/gfs/home3/modoper/tempo/global/oens/recfct/source
+ bin=/gfs/home3/modoper/tempo/global/oens/recfct/bin/T126L28
+ input=/gfs/home3/modoper/tempo/global/oens/recfct/datain
+ out=/gfs/home3/modoper/tempo/global/oens/recfct/output
+ echo run
run
+ [ run = make ]
+ echo run
run
+ [ run = clean ]
+ cd /gfs/home3/modoper/tempo/global/oens/recfct/bin/T126L28
+ echo ./recfct.T126L28 < /gfs/home3/modoper/tempo/global/oens/recfct/datain/recfctFCT06R.nml > /gfs/home3/modoper/tempo/global/oens/recfct/output/recfct.out.2012021312.17:20.T126L28
./recfct.T126L28 < /gfs/home3/modoper/tempo/global/oens/recfct/datain/recfctFCT06R.nml > /gfs/home3/modoper/tempo/global/oens/recfct/output/recfct.out.2012021312.17:20.T126L28
+ ./recfct.T126L28
+ 0< /gfs/home3/modoper/tempo/global/oens/recfct/datain/recfctFCT06R.nml 1> /gfs/home3/modoper/tempo/global/oens/recfct/output/recfct.out.2012021312.17:20.T126L28
 
 
     ******  Program Information  ******
  Real Time (sec)       :          6.913792
  User Time (sec)       :          4.122262
  Sys  Time (sec)       :          0.060595
  Vector Time (sec)     :          0.342960
  Inst. Count           :        1596986079.
  V. Inst. Count        :          16052480.
  V. Element Count      :        1289251883.
  FLOP Count            :         534710005.
  MOPS                  :        696.264638
  MFLOPS                :        129.712756
  VLEN                  :         80.314810
  V. Op. Ratio (%)      :         44.918765
  Memory Size (MB)      :        192.031250
  MIPS                  :        387.405254
  I-Cache (sec)         :          0.000792
  O-Cache (sec)         :          0.867661
  Bank (sec)            :          0.001190
 
  Start Time (date)  :  2012/02/13 17:21:00
  End   Time (date)  :  2012/02/13 17:21:07
-rw-r--r--    1 modoper  pnt            2400 Feb 13 17:21 /gfs/home3/modoper/tempo/global/oens/eof/datain/templ062012021312
sx6
PNT-EN
12021317:21
out
/gfs/home3/modoper/tempo/global/oens
/gfs/home3/modoper/tempo/global/oens
/gfs/dk22/modoper/tempo/global/oens
/gfs/dk22/modoper/tempo/global/oens/model/datain
/gfs/home3/modoper/tempo/global/oens/run/setrecfct.1.FCT06RT126L28.sx6
Date: 20120213
Hour: 17:21
FCT06R
2012021312
2012021500
GFCT06R
GFCT06R
GFCT06R
F.fct
F.fct
R.fct
/gfs/home3/modoper/tempo/global/oens
/gfs/home3/modoper/tempo/global/oens
/gfs/dk22/modoper/tempo/global/oens
/gfs/dk22/modoper/tempo/global/oens/model/datain
run
run
GFCT06R20120213122012021500F.fct.T126L28
/gfs/home3/modoper/tempo/global/oens/recfct/datain/GFCT06R20120213122012021500F.fct.T126L28
+ echo Recomposition  -x-  RUNNING ...
Recomposition  -x-  RUNNING ...
+ source=/gfs/home3/modoper/tempo/global/oens/recfct/source
+ bin=/gfs/home3/modoper/tempo/global/oens/recfct/bin/T126L28
+ input=/gfs/home3/modoper/tempo/global/oens/recfct/datain
+ out=/gfs/home3/modoper/tempo/global/oens/recfct/output
+ echo run
run
+ [ run = make ]
+ echo run
run
+ [ run = clean ]
+ cd /gfs/home3/modoper/tempo/global/oens/recfct/bin/T126L28
+ echo ./recfct.T126L28 < /gfs/home3/modoper/tempo/global/oens/recfct/datain/recfctFCT06R.nml > /gfs/home3/modoper/tempo/global/oens/recfct/output/recfct.out.2012021312.17:21.T126L28
./recfct.T126L28 < /gfs/home3/modoper/tempo/global/oens/recfct/datain/recfctFCT06R.nml > /gfs/home3/modoper/tempo/global/oens/recfct/output/recfct.out.2012021312.17:21.T126L28
+ ./recfct.T126L28
+ 0< /gfs/home3/modoper/tempo/global/oens/recfct/datain/recfctFCT06R.nml 1> /gfs/home3/modoper/tempo/global/oens/recfct/output/recfct.out.2012021312.17:21.T126L28
 
 
     ******  Program Information  ******
  Real Time (sec)       :          5.932377
  User Time (sec)       :          4.138828
  Sys  Time (sec)       :          0.060097
  Vector Time (sec)     :          0.352986
  Inst. Count           :        1596986048.
  V. Inst. Count        :          16052480.
  V. Element Count      :        1289251883.
  FLOP Count            :         534710004.
  MOPS                  :        693.477839
  MFLOPS                :        129.193581
  VLEN                  :         80.314810
  V. Op. Ratio (%)      :         44.918766
  Memory Size (MB)      :        192.031250
  MIPS                  :        385.854660
  I-Cache (sec)         :          0.000793
  O-Cache (sec)         :          0.874336
  Bank (sec)            :          0.001190
 
  Start Time (date)  :  2012/02/13 17:21:08
  End   Time (date)  :  2012/02/13 17:21:14
sx6
2012021317:21
out
/gfs/home3/modoper/tempo/global/oens
/gfs/home3/modoper/tempo/global/oens
/gfs/dk22/modoper/tempo/global/oens
/gfs/dk22/modoper/tempo/global/oens/model/datain
/gfs/home3/modoper/tempo/global/oens/run/seteofs.1.06T126L28.sx6
06
Date: 20120213
Hour: 17:21
2012021312
/gfs/home3/modoper/tempo/global/oens
/gfs/home3/modoper/tempo/global/oens
/gfs/dk22/modoper/tempo/global/oens
/gfs/dk22/modoper/tempo/global/oens/model/datain
run
run
Vai chamar eoft
+ echo EOFT           -x-  RUNNING ...
EOFT           -x-  RUNNING ...
+ source=/gfs/home3/modoper/tempo/global/oens/eoftemp/source
+ bin=/gfs/home3/modoper/tempo/global/oens/eof/bin/T126L28
+ inp=/gfs/home3/modoper/tempo/global/oens/eof/datain
+ outp=/gfs/home3/modoper/tempo/global/oens/eoftemp/output
+ echo run
run
+ [ run = make ]
+ echo run
run
+ [ run = clean ]
+ cd /gfs/home3/modoper/tempo/global/oens/eof/bin/T126L28
+ echo ./eoftem.T126L28 < /gfs/home3/modoper/tempo/global/oens/eof/datain/eoftem06.nml > /gfs/home3/modoper/tempo/global/oens/eoftemp/output/eoftem.2012021312.17:21.T126L28
./eoftem.T126L28 < /gfs/home3/modoper/tempo/global/oens/eof/datain/eoftem06.nml > /gfs/home3/modoper/tempo/global/oens/eoftemp/output/eoftem.2012021312.17:21.T126L28
+ ./eoftem.T126L28
+ 0< /gfs/home3/modoper/tempo/global/oens/eof/datain/eoftem06.nml 1> /gfs/home3/modoper/tempo/global/oens/eoftemp/output/eoftem.2012021312.17:21.T126L28
 entrou no eoft fortran
 &DATAIN DIRI=/gfs/home3/modoper/tempo/global/oens/eof/datain/                ,
 DIRA=/gfs/dk22/modoper/tempo/global/oens/model/datain/               ,
 DIRO=/gfs/dk22/modoper/tempo/global/oens/eof/dataout/T126L28/        ,
 NAMEL=templ062012021312                                               ,
 ANAME=GANLAVN2012021312R.unf.T126L28                                                      ,
 TEMOUT=temout062012021312                                              ,
 TEMPCM=tempcm062012021312                                              ,
 TEMPER1=tempe1062012021312                                              ,
 TEMPEN1=tempn1062012021312                                               /
 
 
     ******  Program Information  ******
  Real Time (sec)       :         15.615249
  User Time (sec)       :          6.588037
  Sys  Time (sec)       :          0.369887
  Vector Time (sec)     :          5.908632
  Inst. Count           :         597133688.
  V. Inst. Count        :          72972112.
  V. Element Count      :        9156489958.
  FLOP Count            :        3164565948.
  MOPS                  :       1469.428891
  MFLOPS                :        480.350379
  VLEN                  :        125.479306
  V. Op. Ratio (%)      :         94.585472
  Memory Size (MB)      :        304.031250
  MIPS                  :         90.639095
  I-Cache (sec)         :          0.003530
  O-Cache (sec)         :          0.003239
  Bank (sec)            :          0.281363
 
  Start Time (date)  :  2012/02/13 17:21:18
  End   Time (date)  :  2012/02/13 17:21:33
Vai chamar eofw
+ echo EOFW           -x-  RUNNING ...
EOFW           -x-  RUNNING ...
+ source=/gfs/home3/modoper/tempo/global/oens/eofwind/source
+ bin=/gfs/home3/modoper/tempo/global/oens/eof/bin/T126L28
+ out=/gfs/dk22/modoper/tempo/global/oens/eof/dataout/T126L28
+ inp=/gfs/home3/modoper/tempo/global/oens/eof/datain
+ outp=/gfs/home3/modoper/tempo/global/oens/eofwind/output
+ echo run
run
+ [ run = make ]
+ echo run
run
+ [ run = clean ]
+ cd /gfs/home3/modoper/tempo/global/oens/eof/bin/T126L28
+ echo ./eofwin.T126L28 < /gfs/home3/modoper/tempo/global/oens/eof/datain/eofwin06.nml > /gfs/home3/modoper/tempo/global/oens/eofwind/output/eofwin.2012021312.17:21.T126L28
./eofwin.T126L28 < /gfs/home3/modoper/tempo/global/oens/eof/datain/eofwin06.nml > /gfs/home3/modoper/tempo/global/oens/eofwind/output/eofwin.2012021312.17:21.T126L28
+ ./eofwin.T126L28
+ 0< /gfs/home3/modoper/tempo/global/oens/eof/datain/eofwin06.nml 1> /gfs/home3/modoper/tempo/global/oens/eofwind/output/eofwin.2012021312.17:21.T126L28
 
 
     ******  Program Information  ******
  Real Time (sec)       :         37.731681
  User Time (sec)       :         11.994730
  Sys  Time (sec)       :          0.614932
  Vector Time (sec)     :         10.935510
  Inst. Count           :        1009390824.
  V. Inst. Count        :         235339325.
  V. Element Count      :       26880732743.
  FLOP Count            :        7609521251.
  MOPS                  :       2305.577881
  MFLOPS                :        634.405379
  VLEN                  :        114.221169
  V. Op. Ratio (%)      :         97.201021
  Memory Size (MB)      :        624.031250
  MIPS                  :         84.152859
  I-Cache (sec)         :          0.008964
  O-Cache (sec)         :          0.018764
  Bank (sec)            :          0.599880
 
  Start Time (date)  :  2012/02/13 17:21:34
  End   Time (date)  :  2012/02/13 17:22:11
sx6
2012021317:22
out
/gfs/home3/modoper/tempo/global/oens
/gfs/home3/modoper/tempo/global/oens
/gfs/dk22/modoper/tempo/global/oens
/gfs/dk22/modoper/tempo/global/oens/model/datain
/gfs/home3/modoper/tempo/global/oens/run/setdeco06T126L28.sx6
Date: 20120213
Hour: 17:22
2012021312
/gfs/home3/modoper/tempo/global/oens
/gfs/home3/modoper/tempo/global/oens
/gfs/dk22/modoper/tempo/global/oens
/gfs/dk22/modoper/tempo/global/oens/model/datain
run
run
+ echo Decomposition  -x-  RUNNING ...
Decomposition  -x-  RUNNING ...
+ source=/gfs/home3/modoper/tempo/global/oens/decanl/source
+ bin=/gfs/home3/modoper/tempo/global/oens/decanl/bin/T126L28
+ input=/gfs/home3/modoper/tempo/global/oens/decanl/datain
+ out=/gfs/home3/modoper/tempo/global/oens/decanl/output
+ echo run
run
+ [ run = make ]
+ echo run
run
+ [ run = clean ]
+ cd /gfs/home3/modoper/tempo/global/oens/decanl/bin/T126L28
+ ./decanl.T126L28
+ 0< /gfs/home3/modoper/tempo/global/oens/decanl/datain/decanl06.nml 1> /gfs/home3/modoper/tempo/global/oens/decanl/output/decanl.2012021312.17:22.T126L28
 
 
     ******  Program Information  ******
  Real Time (sec)       :          2.919873
  User Time (sec)       :          0.820256
  Sys  Time (sec)       :          0.059363
  Vector Time (sec)     :          0.628731
  Inst. Count           :         173583932.
  V. Inst. Count        :          21078079.
  V. Element Count      :        2292782635.
  FLOP Count            :         590251095.
  MOPS                  :       2981.128060
  MFLOPS                :        719.593664
  VLEN                  :        108.775692
  V. Op. Ratio (%)      :         93.763278
  Memory Size (MB)      :        192.031250
  MIPS                  :        211.621628
  I-Cache (sec)         :          0.000829
  O-Cache (sec)         :          0.026693
  Bank (sec)            :          0.015381
 
  Start Time (date)  :  2012/02/13 17:22:12
  End   Time (date)  :  2012/02/13 17:22:15
+ echo Decomposition  -x-  RUNNING ...
Decomposition  -x-  RUNNING ...
+ source=/gfs/home3/modoper/tempo/global/oens/decanl/source
+ bin=/gfs/home3/modoper/tempo/global/oens/decanl/bin/T126L28
+ input=/gfs/home3/modoper/tempo/global/oens/decanl/datain
+ out=/gfs/home3/modoper/tempo/global/oens/decanl/output
+ echo run
run
+ [ run = make ]
+ echo run
run
+ [ run = clean ]
+ cd /gfs/home3/modoper/tempo/global/oens/decanl/bin/T126L28
+ ./decanl.T126L28
+ 0< /gfs/home3/modoper/tempo/global/oens/decanl/datain/decanl06.nml 1> /gfs/home3/modoper/tempo/global/oens/decanl/output/decanl.2012021312.17:22.T126L28
 
 
     ******  Program Information  ******
  Real Time (sec)       :          3.732791
  User Time (sec)       :          0.820002
  Sys  Time (sec)       :          0.056709
  Vector Time (sec)     :          0.628486
  Inst. Count           :         173583827.
  V. Inst. Count        :          21078079.
  V. Element Count      :        2292782629.
  FLOP Count            :         590251095.
  MOPS                  :       2982.050487
  MFLOPS                :        719.816354
  VLEN                  :        108.775692
  V. Op. Ratio (%)      :         93.763282
  Memory Size (MB)      :        192.031250
  MIPS                  :        211.686990
  I-Cache (sec)         :          0.000828
  O-Cache (sec)         :          0.026696
  Bank (sec)            :          0.015380
 
  Start Time (date)  :  2012/02/13 17:22:15
  End   Time (date)  :  2012/02/13 17:22:19
logout
