stty: : Invalid argument
vt100
resize:  can't open terminal /dev/tty
======================================
Welcome to tupan11: SUPER-UX 14.1 SX-6
Today is Tue Feb 14 05:01:48 GMT 2012
======================================
runperreco1.sx6 126 28 03 2012021400 15 NO 07 
sx6
2012021405:01
out
/gfs/home3/modoper/tempo/global/oens
/gfs/home3/modoper/tempo/global/oens
/gfs/dk22/modoper/tempo/global/oens
/gfs/dk22/modoper/tempo/global/oens/model/datain
/gfs/home3/modoper/tempo/global/oens/run/setperreco.1.03T126L28.sx6
Date: 20120214
Hour: 05:01
2012021400


rm: ERROR: Cannot access templ032012021400: No such file or directory
-rw-r--r--    1 modoper  pnt             200 Feb 14 05:01 /gfs/home3/modoper/tempo/global/oens/eof/datain/templ032012021400
ls: ERROR: Cannot access /gfs/dk22/modoper/tempo/global/oens/recfct/dataout/T126L28/GFCT03R2012021400*.fct*: No such file or directory
sx6
PNT-EN
12021405:01
out
/gfs/home3/modoper/tempo/global/oens
/gfs/home3/modoper/tempo/global/oens
/gfs/dk22/modoper/tempo/global/oens
/gfs/dk22/modoper/tempo/global/oens/model/datain
/gfs/home3/modoper/tempo/global/oens/run/setrecfct.1.FCT03RT126L28.sx6
Date: 20120214
Hour: 05:01
FCT03R
2012021400
2012021403
GFCT03R
GFCT03R
GFCT03R
F.fct
F.fct
R.fct
/gfs/home3/modoper/tempo/global/oens
/gfs/home3/modoper/tempo/global/oens
/gfs/dk22/modoper/tempo/global/oens
/gfs/dk22/modoper/tempo/global/oens/model/datain
run
run
GFCT03R20120214002012021403F.fct.T126L28
/gfs/home3/modoper/tempo/global/oens/recfct/datain/GFCT03R20120214002012021403F.fct.T126L28
+ echo Recomposition  -x-  RUNNING ...
Recomposition  -x-  RUNNING ...
+ source=/gfs/home3/modoper/tempo/global/oens/recfct/source
+ bin=/gfs/home3/modoper/tempo/global/oens/recfct/bin/T126L28
+ input=/gfs/home3/modoper/tempo/global/oens/recfct/datain
+ out=/gfs/home3/modoper/tempo/global/oens/recfct/output
+ echo run
run
+ [ run = make ]
+ echo run
run
+ [ run = clean ]
+ cd /gfs/home3/modoper/tempo/global/oens/recfct/bin/T126L28
+ echo ./recfct.T126L28 < /gfs/home3/modoper/tempo/global/oens/recfct/datain/recfctFCT03R.nml > /gfs/home3/modoper/tempo/global/oens/recfct/output/recfct.out.2012021400.05:01.T126L28
./recfct.T126L28 < /gfs/home3/modoper/tempo/global/oens/recfct/datain/recfctFCT03R.nml > /gfs/home3/modoper/tempo/global/oens/recfct/output/recfct.out.2012021400.05:01.T126L28
+ ./recfct.T126L28
+ 0< /gfs/home3/modoper/tempo/global/oens/recfct/datain/recfctFCT03R.nml 1> /gfs/home3/modoper/tempo/global/oens/recfct/output/recfct.out.2012021400.05:01.T126L28
 
 
     ******  Program Information  ******
  Real Time (sec)       :          7.228507
  User Time (sec)       :          4.135028
  Sys  Time (sec)       :          0.165637
  Vector Time (sec)     :          0.343243
  Inst. Count           :        1596986017.
  V. Inst. Count        :          16052480.
  V. Element Count      :        1289251883.
  FLOP Count            :         534710003.
  MOPS                  :        694.115130
  MFLOPS                :        129.312309
  VLEN                  :         80.314810
  V. Op. Ratio (%)      :         44.918766
  Memory Size (MB)      :        192.031250
  MIPS                  :        386.209249
  I-Cache (sec)         :          0.008699
  O-Cache (sec)         :          0.879764
  Bank (sec)            :          0.001190
 
  Start Time (date)  :  2012/02/14 05:01:51
  End   Time (date)  :  2012/02/14 05:01:59
-rw-r--r--    1 modoper  pnt             400 Feb 14 05:01 /gfs/home3/modoper/tempo/global/oens/eof/datain/templ032012021400
sx6
PNT-EN
12021405:01
out
/gfs/home3/modoper/tempo/global/oens
/gfs/home3/modoper/tempo/global/oens
/gfs/dk22/modoper/tempo/global/oens
/gfs/dk22/modoper/tempo/global/oens/model/datain
/gfs/home3/modoper/tempo/global/oens/run/setrecfct.1.FCT03RT126L28.sx6
Date: 20120214
Hour: 05:01
FCT03R
2012021400
2012021406
GFCT03R
GFCT03R
GFCT03R
F.fct
F.fct
R.fct
/gfs/home3/modoper/tempo/global/oens
/gfs/home3/modoper/tempo/global/oens
/gfs/dk22/modoper/tempo/global/oens
/gfs/dk22/modoper/tempo/global/oens/model/datain
run
run
GFCT03R20120214002012021406F.fct.T126L28
/gfs/home3/modoper/tempo/global/oens/recfct/datain/GFCT03R20120214002012021406F.fct.T126L28
+ echo Recomposition  -x-  RUNNING ...
Recomposition  -x-  RUNNING ...
+ source=/gfs/home3/modoper/tempo/global/oens/recfct/source
+ bin=/gfs/home3/modoper/tempo/global/oens/recfct/bin/T126L28
+ input=/gfs/home3/modoper/tempo/global/oens/recfct/datain
+ out=/gfs/home3/modoper/tempo/global/oens/recfct/output
+ echo run
run
+ [ run = make ]
+ echo run
run
+ [ run = clean ]
+ cd /gfs/home3/modoper/tempo/global/oens/recfct/bin/T126L28
+ echo ./recfct.T126L28 < /gfs/home3/modoper/tempo/global/oens/recfct/datain/recfctFCT03R.nml > /gfs/home3/modoper/tempo/global/oens/recfct/output/recfct.out.2012021400.05:01.T126L28
./recfct.T126L28 < /gfs/home3/modoper/tempo/global/oens/recfct/datain/recfctFCT03R.nml > /gfs/home3/modoper/tempo/global/oens/recfct/output/recfct.out.2012021400.05:01.T126L28
+ ./recfct.T126L28
+ 0< /gfs/home3/modoper/tempo/global/oens/recfct/datain/recfctFCT03R.nml 1> /gfs/home3/modoper/tempo/global/oens/recfct/output/recfct.out.2012021400.05:01.T126L28
 
 
     ******  Program Information  ******
  Real Time (sec)       :          6.100997
  User Time (sec)       :          4.130094
  Sys  Time (sec)       :          0.133037
  Vector Time (sec)     :          0.342807
  Inst. Count           :        1596986017.
  V. Inst. Count        :          16052480.
  V. Element Count      :        1289251883.
  FLOP Count            :         534710003.
  MOPS                  :        694.944406
  MFLOPS                :        129.466801
  VLEN                  :         80.314810
  V. Op. Ratio (%)      :         44.918766
  Memory Size (MB)      :        192.031250
  MIPS                  :        386.670663
  I-Cache (sec)         :          0.005924
  O-Cache (sec)         :          0.875212
  Bank (sec)            :          0.001190
 
  Start Time (date)  :  2012/02/14 05:02:00
  End   Time (date)  :  2012/02/14 05:02:06
-rw-r--r--    1 modoper  pnt             600 Feb 14 05:02 /gfs/home3/modoper/tempo/global/oens/eof/datain/templ032012021400
sx6
PNT-EN
12021405:02
out
/gfs/home3/modoper/tempo/global/oens
/gfs/home3/modoper/tempo/global/oens
/gfs/dk22/modoper/tempo/global/oens
/gfs/dk22/modoper/tempo/global/oens/model/datain
/gfs/home3/modoper/tempo/global/oens/run/setrecfct.1.FCT03RT126L28.sx6
Date: 20120214
Hour: 05:02
FCT03R
2012021400
2012021409
GFCT03R
GFCT03R
GFCT03R
F.fct
F.fct
R.fct
/gfs/home3/modoper/tempo/global/oens
/gfs/home3/modoper/tempo/global/oens
/gfs/dk22/modoper/tempo/global/oens
/gfs/dk22/modoper/tempo/global/oens/model/datain
run
run
GFCT03R20120214002012021409F.fct.T126L28
/gfs/home3/modoper/tempo/global/oens/recfct/datain/GFCT03R20120214002012021409F.fct.T126L28
+ echo Recomposition  -x-  RUNNING ...
Recomposition  -x-  RUNNING ...
+ source=/gfs/home3/modoper/tempo/global/oens/recfct/source
+ bin=/gfs/home3/modoper/tempo/global/oens/recfct/bin/T126L28
+ input=/gfs/home3/modoper/tempo/global/oens/recfct/datain
+ out=/gfs/home3/modoper/tempo/global/oens/recfct/output
+ echo run
run
+ [ run = make ]
+ echo run
run
+ [ run = clean ]
+ cd /gfs/home3/modoper/tempo/global/oens/recfct/bin/T126L28
+ echo ./recfct.T126L28 < /gfs/home3/modoper/tempo/global/oens/recfct/datain/recfctFCT03R.nml > /gfs/home3/modoper/tempo/global/oens/recfct/output/recfct.out.2012021400.05:02.T126L28
./recfct.T126L28 < /gfs/home3/modoper/tempo/global/oens/recfct/datain/recfctFCT03R.nml > /gfs/home3/modoper/tempo/global/oens/recfct/output/recfct.out.2012021400.05:02.T126L28
+ ./recfct.T126L28
+ 0< /gfs/home3/modoper/tempo/global/oens/recfct/datain/recfctFCT03R.nml 1> /gfs/home3/modoper/tempo/global/oens/recfct/output/recfct.out.2012021400.05:02.T126L28
 
 
     ******  Program Information  ******
  Real Time (sec)       :          6.337512
  User Time (sec)       :          4.126178
  Sys  Time (sec)       :          0.079699
  Vector Time (sec)     :          0.343281
  Inst. Count           :        1596986017.
  V. Inst. Count        :          16052480.
  V. Element Count      :        1289251883.
  FLOP Count            :         534710003.
  MOPS                  :        695.603814
  MFLOPS                :        129.589648
  VLEN                  :         80.314810
  V. Op. Ratio (%)      :         44.918766
  Memory Size (MB)      :        192.031250
  MIPS                  :        387.037561
  I-Cache (sec)         :          0.003541
  O-Cache (sec)         :          0.869490
  Bank (sec)            :          0.001190
 
  Start Time (date)  :  2012/02/14 05:02:07
  End   Time (date)  :  2012/02/14 05:02:13
-rw-r--r--    1 modoper  pnt             800 Feb 14 05:02 /gfs/home3/modoper/tempo/global/oens/eof/datain/templ032012021400
sx6
PNT-EN
12021405:02
out
/gfs/home3/modoper/tempo/global/oens
/gfs/home3/modoper/tempo/global/oens
/gfs/dk22/modoper/tempo/global/oens
/gfs/dk22/modoper/tempo/global/oens/model/datain
/gfs/home3/modoper/tempo/global/oens/run/setrecfct.1.FCT03RT126L28.sx6
Date: 20120214
Hour: 05:02
FCT03R
2012021400
2012021412
GFCT03R
GFCT03R
GFCT03R
F.fct
F.fct
R.fct
/gfs/home3/modoper/tempo/global/oens
/gfs/home3/modoper/tempo/global/oens
/gfs/dk22/modoper/tempo/global/oens
/gfs/dk22/modoper/tempo/global/oens/model/datain
run
run
GFCT03R20120214002012021412F.fct.T126L28
/gfs/home3/modoper/tempo/global/oens/recfct/datain/GFCT03R20120214002012021412F.fct.T126L28
+ echo Recomposition  -x-  RUNNING ...
Recomposition  -x-  RUNNING ...
+ source=/gfs/home3/modoper/tempo/global/oens/recfct/source
+ bin=/gfs/home3/modoper/tempo/global/oens/recfct/bin/T126L28
+ input=/gfs/home3/modoper/tempo/global/oens/recfct/datain
+ out=/gfs/home3/modoper/tempo/global/oens/recfct/output
+ echo run
run
+ [ run = make ]
+ echo run
run
+ [ run = clean ]
+ cd /gfs/home3/modoper/tempo/global/oens/recfct/bin/T126L28
+ echo ./recfct.T126L28 < /gfs/home3/modoper/tempo/global/oens/recfct/datain/recfctFCT03R.nml > /gfs/home3/modoper/tempo/global/oens/recfct/output/recfct.out.2012021400.05:02.T126L28
./recfct.T126L28 < /gfs/home3/modoper/tempo/global/oens/recfct/datain/recfctFCT03R.nml > /gfs/home3/modoper/tempo/global/oens/recfct/output/recfct.out.2012021400.05:02.T126L28
+ ./recfct.T126L28
+ 0< /gfs/home3/modoper/tempo/global/oens/recfct/datain/recfctFCT03R.nml 1> /gfs/home3/modoper/tempo/global/oens/recfct/output/recfct.out.2012021400.05:02.T126L28
 
 
     ******  Program Information  ******
  Real Time (sec)       :         12.949428
  User Time (sec)       :          4.134692
  Sys  Time (sec)       :          0.083663
  Vector Time (sec)     :          0.346047
  Inst. Count           :        1596986048.
  V. Inst. Count        :          16052480.
  V. Element Count      :        1289251883.
  FLOP Count            :         534710004.
  MOPS                  :        694.171524
  MFLOPS                :        129.322814
  VLEN                  :         80.314810
  V. Op. Ratio (%)      :         44.918766
  Memory Size (MB)      :        192.031250
  MIPS                  :        386.240631
  I-Cache (sec)         :          0.003277
  O-Cache (sec)         :          0.875220
  Bank (sec)            :          0.001190
 
  Start Time (date)  :  2012/02/14 05:02:14
  End   Time (date)  :  2012/02/14 05:02:27
-rw-r--r--    1 modoper  pnt            1000 Feb 14 05:02 /gfs/home3/modoper/tempo/global/oens/eof/datain/templ032012021400
sx6
PNT-EN
12021405:02
out
/gfs/home3/modoper/tempo/global/oens
/gfs/home3/modoper/tempo/global/oens
/gfs/dk22/modoper/tempo/global/oens
/gfs/dk22/modoper/tempo/global/oens/model/datain
/gfs/home3/modoper/tempo/global/oens/run/setrecfct.1.FCT03RT126L28.sx6
Date: 20120214
Hour: 05:02
FCT03R
2012021400
2012021415
GFCT03R
GFCT03R
GFCT03R
F.fct
F.fct
R.fct
/gfs/home3/modoper/tempo/global/oens
/gfs/home3/modoper/tempo/global/oens
/gfs/dk22/modoper/tempo/global/oens
/gfs/dk22/modoper/tempo/global/oens/model/datain
run
run
GFCT03R20120214002012021415F.fct.T126L28
/gfs/home3/modoper/tempo/global/oens/recfct/datain/GFCT03R20120214002012021415F.fct.T126L28
+ echo Recomposition  -x-  RUNNING ...
Recomposition  -x-  RUNNING ...
+ source=/gfs/home3/modoper/tempo/global/oens/recfct/source
+ bin=/gfs/home3/modoper/tempo/global/oens/recfct/bin/T126L28
+ input=/gfs/home3/modoper/tempo/global/oens/recfct/datain
+ out=/gfs/home3/modoper/tempo/global/oens/recfct/output
+ echo run
run
+ [ run = make ]
+ echo run
run
+ [ run = clean ]
+ cd /gfs/home3/modoper/tempo/global/oens/recfct/bin/T126L28
+ echo ./recfct.T126L28 < /gfs/home3/modoper/tempo/global/oens/recfct/datain/recfctFCT03R.nml > /gfs/home3/modoper/tempo/global/oens/recfct/output/recfct.out.2012021400.05:02.T126L28
./recfct.T126L28 < /gfs/home3/modoper/tempo/global/oens/recfct/datain/recfctFCT03R.nml > /gfs/home3/modoper/tempo/global/oens/recfct/output/recfct.out.2012021400.05:02.T126L28
+ ./recfct.T126L28
+ 0< /gfs/home3/modoper/tempo/global/oens/recfct/datain/recfctFCT03R.nml 1> /gfs/home3/modoper/tempo/global/oens/recfct/output/recfct.out.2012021400.05:02.T126L28
 
 
     ******  Program Information  ******
  Real Time (sec)       :         16.506947
  User Time (sec)       :          4.134919
  Sys  Time (sec)       :          0.163076
  Vector Time (sec)     :          0.344112
  Inst. Count           :        1596986048.
  V. Inst. Count        :          16052480.
  V. Element Count      :        1289251883.
  FLOP Count            :         534710004.
  MOPS                  :        694.133431
  MFLOPS                :        129.315717
  VLEN                  :         80.314810
  V. Op. Ratio (%)      :         44.918766
  Memory Size (MB)      :        192.031250
  MIPS                  :        386.219435
  I-Cache (sec)         :          0.007324
  O-Cache (sec)         :          0.880012
  Bank (sec)            :          0.001192
 
  Start Time (date)  :  2012/02/14 05:02:30
  End   Time (date)  :  2012/02/14 05:02:46
-rw-r--r--    1 modoper  pnt            1200 Feb 14 05:02 /gfs/home3/modoper/tempo/global/oens/eof/datain/templ032012021400
sx6
PNT-EN
12021405:02
out
/gfs/home3/modoper/tempo/global/oens
/gfs/home3/modoper/tempo/global/oens
/gfs/dk22/modoper/tempo/global/oens
/gfs/dk22/modoper/tempo/global/oens/model/datain
/gfs/home3/modoper/tempo/global/oens/run/setrecfct.1.FCT03RT126L28.sx6
Date: 20120214
Hour: 05:02
FCT03R
2012021400
2012021418
GFCT03R
GFCT03R
GFCT03R
F.fct
F.fct
R.fct
/gfs/home3/modoper/tempo/global/oens
/gfs/home3/modoper/tempo/global/oens
/gfs/dk22/modoper/tempo/global/oens
/gfs/dk22/modoper/tempo/global/oens/model/datain
run
run
GFCT03R20120214002012021418F.fct.T126L28
/gfs/home3/modoper/tempo/global/oens/recfct/datain/GFCT03R20120214002012021418F.fct.T126L28
+ echo Recomposition  -x-  RUNNING ...
Recomposition  -x-  RUNNING ...
+ source=/gfs/home3/modoper/tempo/global/oens/recfct/source
+ bin=/gfs/home3/modoper/tempo/global/oens/recfct/bin/T126L28
+ input=/gfs/home3/modoper/tempo/global/oens/recfct/datain
+ out=/gfs/home3/modoper/tempo/global/oens/recfct/output
+ echo run
run
+ [ run = make ]
+ echo run
run
+ [ run = clean ]
+ cd /gfs/home3/modoper/tempo/global/oens/recfct/bin/T126L28
+ echo ./recfct.T126L28 < /gfs/home3/modoper/tempo/global/oens/recfct/datain/recfctFCT03R.nml > /gfs/home3/modoper/tempo/global/oens/recfct/output/recfct.out.2012021400.05:02.T126L28
./recfct.T126L28 < /gfs/home3/modoper/tempo/global/oens/recfct/datain/recfctFCT03R.nml > /gfs/home3/modoper/tempo/global/oens/recfct/output/recfct.out.2012021400.05:02.T126L28
+ ./recfct.T126L28
+ 0< /gfs/home3/modoper/tempo/global/oens/recfct/datain/recfctFCT03R.nml 1> /gfs/home3/modoper/tempo/global/oens/recfct/output/recfct.out.2012021400.05:02.T126L28
 
 
     ******  Program Information  ******
  Real Time (sec)       :         13.142827
  User Time (sec)       :          4.137786
  Sys  Time (sec)       :          0.164814
  Vector Time (sec)     :          0.344490
  Inst. Count           :        1596986048.
  V. Inst. Count        :          16052480.
  V. Element Count      :        1289251883.
  FLOP Count            :         534710004.
  MOPS                  :        693.652516
  MFLOPS                :        129.226123
  VLEN                  :         80.314810
  V. Op. Ratio (%)      :         44.918766
  Memory Size (MB)      :        192.031250
  MIPS                  :        385.951852
  I-Cache (sec)         :          0.007933
  O-Cache (sec)         :          0.881873
  Bank (sec)            :          0.001189
 
  Start Time (date)  :  2012/02/14 05:02:48
  End   Time (date)  :  2012/02/14 05:03:01
-rw-r--r--    1 modoper  pnt            1400 Feb 14 05:03 /gfs/home3/modoper/tempo/global/oens/eof/datain/templ032012021400
sx6
PNT-EN
12021405:03
out
/gfs/home3/modoper/tempo/global/oens
/gfs/home3/modoper/tempo/global/oens
/gfs/dk22/modoper/tempo/global/oens
/gfs/dk22/modoper/tempo/global/oens/model/datain
/gfs/home3/modoper/tempo/global/oens/run/setrecfct.1.FCT03RT126L28.sx6
Date: 20120214
Hour: 05:03
FCT03R
2012021400
2012021421
GFCT03R
GFCT03R
GFCT03R
F.fct
F.fct
R.fct
/gfs/home3/modoper/tempo/global/oens
/gfs/home3/modoper/tempo/global/oens
/gfs/dk22/modoper/tempo/global/oens
/gfs/dk22/modoper/tempo/global/oens/model/datain
run
run
GFCT03R20120214002012021421F.fct.T126L28
/gfs/home3/modoper/tempo/global/oens/recfct/datain/GFCT03R20120214002012021421F.fct.T126L28
+ echo Recomposition  -x-  RUNNING ...
Recomposition  -x-  RUNNING ...
+ source=/gfs/home3/modoper/tempo/global/oens/recfct/source
+ bin=/gfs/home3/modoper/tempo/global/oens/recfct/bin/T126L28
+ input=/gfs/home3/modoper/tempo/global/oens/recfct/datain
+ out=/gfs/home3/modoper/tempo/global/oens/recfct/output
+ echo run
run
+ [ run = make ]
+ echo run
run
+ [ run = clean ]
+ cd /gfs/home3/modoper/tempo/global/oens/recfct/bin/T126L28
+ echo ./recfct.T126L28 < /gfs/home3/modoper/tempo/global/oens/recfct/datain/recfctFCT03R.nml > /gfs/home3/modoper/tempo/global/oens/recfct/output/recfct.out.2012021400.05:03.T126L28
./recfct.T126L28 < /gfs/home3/modoper/tempo/global/oens/recfct/datain/recfctFCT03R.nml > /gfs/home3/modoper/tempo/global/oens/recfct/output/recfct.out.2012021400.05:03.T126L28
+ ./recfct.T126L28
+ 0< /gfs/home3/modoper/tempo/global/oens/recfct/datain/recfctFCT03R.nml 1> /gfs/home3/modoper/tempo/global/oens/recfct/output/recfct.out.2012021400.05:03.T126L28
 
 
     ******  Program Information  ******
  Real Time (sec)       :         10.575853
  User Time (sec)       :          4.132991
  Sys  Time (sec)       :          0.153519
  Vector Time (sec)     :          0.343314
  Inst. Count           :        1596986048.
  V. Inst. Count        :          16052480.
  V. Element Count      :        1289251883.
  FLOP Count            :         534710004.
  MOPS                  :        694.457222
  MFLOPS                :        129.376039
  VLEN                  :         80.314810
  V. Op. Ratio (%)      :         44.918766
  Memory Size (MB)      :        192.031250
  MIPS                  :        386.399594
  I-Cache (sec)         :          0.007405
  O-Cache (sec)         :          0.877685
  Bank (sec)            :          0.001190
 
  Start Time (date)  :  2012/02/14 05:03:02
  End   Time (date)  :  2012/02/14 05:03:13
-rw-r--r--    1 modoper  pnt            1600 Feb 14 05:03 /gfs/home3/modoper/tempo/global/oens/eof/datain/templ032012021400
sx6
PNT-EN
12021405:03
out
/gfs/home3/modoper/tempo/global/oens
/gfs/home3/modoper/tempo/global/oens
/gfs/dk22/modoper/tempo/global/oens
/gfs/dk22/modoper/tempo/global/oens/model/datain
/gfs/home3/modoper/tempo/global/oens/run/setrecfct.1.FCT03RT126L28.sx6
Date: 20120214
Hour: 05:03
FCT03R
2012021400
2012021500
GFCT03R
GFCT03R
GFCT03R
F.fct
F.fct
R.fct
/gfs/home3/modoper/tempo/global/oens
/gfs/home3/modoper/tempo/global/oens
/gfs/dk22/modoper/tempo/global/oens
/gfs/dk22/modoper/tempo/global/oens/model/datain
run
run
GFCT03R20120214002012021500F.fct.T126L28
/gfs/home3/modoper/tempo/global/oens/recfct/datain/GFCT03R20120214002012021500F.fct.T126L28
+ echo Recomposition  -x-  RUNNING ...
Recomposition  -x-  RUNNING ...
+ source=/gfs/home3/modoper/tempo/global/oens/recfct/source
+ bin=/gfs/home3/modoper/tempo/global/oens/recfct/bin/T126L28
+ input=/gfs/home3/modoper/tempo/global/oens/recfct/datain
+ out=/gfs/home3/modoper/tempo/global/oens/recfct/output
+ echo run
run
+ [ run = make ]
+ echo run
run
+ [ run = clean ]
+ cd /gfs/home3/modoper/tempo/global/oens/recfct/bin/T126L28
+ echo ./recfct.T126L28 < /gfs/home3/modoper/tempo/global/oens/recfct/datain/recfctFCT03R.nml > /gfs/home3/modoper/tempo/global/oens/recfct/output/recfct.out.2012021400.05:03.T126L28
./recfct.T126L28 < /gfs/home3/modoper/tempo/global/oens/recfct/datain/recfctFCT03R.nml > /gfs/home3/modoper/tempo/global/oens/recfct/output/recfct.out.2012021400.05:03.T126L28
+ ./recfct.T126L28
+ 0< /gfs/home3/modoper/tempo/global/oens/recfct/datain/recfctFCT03R.nml 1> /gfs/home3/modoper/tempo/global/oens/recfct/output/recfct.out.2012021400.05:03.T126L28
 
 
     ******  Program Information  ******
  Real Time (sec)       :         16.013981
  User Time (sec)       :          4.128918
  Sys  Time (sec)       :          0.121987
  Vector Time (sec)     :          0.342637
  Inst. Count           :        1596986017.
  V. Inst. Count        :          16052480.
  V. Element Count      :        1289251883.
  FLOP Count            :         534710003.
  MOPS                  :        695.142217
  MFLOPS                :        129.503653
  VLEN                  :         80.314810
  V. Op. Ratio (%)      :         44.918766
  Memory Size (MB)      :        192.031250
  MIPS                  :        386.780726
  I-Cache (sec)         :          0.005257
  O-Cache (sec)         :          0.873986
  Bank (sec)            :          0.001190
 
  Start Time (date)  :  2012/02/14 05:03:14
  End   Time (date)  :  2012/02/14 05:03:30
-rw-r--r--    1 modoper  pnt            1800 Feb 14 05:03 /gfs/home3/modoper/tempo/global/oens/eof/datain/templ032012021400
sx6
PNT-EN
12021405:03
out
/gfs/home3/modoper/tempo/global/oens
/gfs/home3/modoper/tempo/global/oens
/gfs/dk22/modoper/tempo/global/oens
/gfs/dk22/modoper/tempo/global/oens/model/datain
/gfs/home3/modoper/tempo/global/oens/run/setrecfct.1.FCT03RT126L28.sx6
Date: 20120214
Hour: 05:03
FCT03R
2012021400
2012021503
GFCT03R
GFCT03R
GFCT03R
F.fct
F.fct
R.fct
/gfs/home3/modoper/tempo/global/oens
/gfs/home3/modoper/tempo/global/oens
/gfs/dk22/modoper/tempo/global/oens
/gfs/dk22/modoper/tempo/global/oens/model/datain
run
run
GFCT03R20120214002012021503F.fct.T126L28
/gfs/home3/modoper/tempo/global/oens/recfct/datain/GFCT03R20120214002012021503F.fct.T126L28
+ echo Recomposition  -x-  RUNNING ...
Recomposition  -x-  RUNNING ...
+ source=/gfs/home3/modoper/tempo/global/oens/recfct/source
+ bin=/gfs/home3/modoper/tempo/global/oens/recfct/bin/T126L28
+ input=/gfs/home3/modoper/tempo/global/oens/recfct/datain
+ out=/gfs/home3/modoper/tempo/global/oens/recfct/output
+ echo run
run
+ [ run = make ]
+ echo run
run
+ [ run = clean ]
+ cd /gfs/home3/modoper/tempo/global/oens/recfct/bin/T126L28
+ echo ./recfct.T126L28 < /gfs/home3/modoper/tempo/global/oens/recfct/datain/recfctFCT03R.nml > /gfs/home3/modoper/tempo/global/oens/recfct/output/recfct.out.2012021400.05:03.T126L28
./recfct.T126L28 < /gfs/home3/modoper/tempo/global/oens/recfct/datain/recfctFCT03R.nml > /gfs/home3/modoper/tempo/global/oens/recfct/output/recfct.out.2012021400.05:03.T126L28
+ ./recfct.T126L28
+ 0< /gfs/home3/modoper/tempo/global/oens/recfct/datain/recfctFCT03R.nml 1> /gfs/home3/modoper/tempo/global/oens/recfct/output/recfct.out.2012021400.05:03.T126L28
 
 
     ******  Program Information  ******
  Real Time (sec)       :         12.815344
  User Time (sec)       :          4.131360
  Sys  Time (sec)       :          0.072214
  Vector Time (sec)     :          0.345541
  Inst. Count           :        1596986017.
  V. Inst. Count        :          16052480.
  V. Element Count      :        1289251883.
  FLOP Count            :         534710003.
  MOPS                  :        694.731408
  MFLOPS                :        129.427120
  VLEN                  :         80.314810
  V. Op. Ratio (%)      :         44.918766
  Memory Size (MB)      :        192.031250
  MIPS                  :        386.552150
  I-Cache (sec)         :          0.000867
  O-Cache (sec)         :          0.876056
  Bank (sec)            :          0.001190
 
  Start Time (date)  :  2012/02/14 05:03:31
  End   Time (date)  :  2012/02/14 05:03:44
-rw-r--r--    1 modoper  pnt            2000 Feb 14 05:03 /gfs/home3/modoper/tempo/global/oens/eof/datain/templ032012021400
sx6
PNT-EN
12021405:03
out
/gfs/home3/modoper/tempo/global/oens
/gfs/home3/modoper/tempo/global/oens
/gfs/dk22/modoper/tempo/global/oens
/gfs/dk22/modoper/tempo/global/oens/model/datain
/gfs/home3/modoper/tempo/global/oens/run/setrecfct.1.FCT03RT126L28.sx6
Date: 20120214
Hour: 05:03
FCT03R
2012021400
2012021506
GFCT03R
GFCT03R
GFCT03R
F.fct
F.fct
R.fct
/gfs/home3/modoper/tempo/global/oens
/gfs/home3/modoper/tempo/global/oens
/gfs/dk22/modoper/tempo/global/oens
/gfs/dk22/modoper/tempo/global/oens/model/datain
run
run
GFCT03R20120214002012021506F.fct.T126L28
/gfs/home3/modoper/tempo/global/oens/recfct/datain/GFCT03R20120214002012021506F.fct.T126L28
+ echo Recomposition  -x-  RUNNING ...
Recomposition  -x-  RUNNING ...
+ source=/gfs/home3/modoper/tempo/global/oens/recfct/source
+ bin=/gfs/home3/modoper/tempo/global/oens/recfct/bin/T126L28
+ input=/gfs/home3/modoper/tempo/global/oens/recfct/datain
+ out=/gfs/home3/modoper/tempo/global/oens/recfct/output
+ echo run
run
+ [ run = make ]
+ echo run
run
+ [ run = clean ]
+ cd /gfs/home3/modoper/tempo/global/oens/recfct/bin/T126L28
+ echo ./recfct.T126L28 < /gfs/home3/modoper/tempo/global/oens/recfct/datain/recfctFCT03R.nml > /gfs/home3/modoper/tempo/global/oens/recfct/output/recfct.out.2012021400.05:03.T126L28
./recfct.T126L28 < /gfs/home3/modoper/tempo/global/oens/recfct/datain/recfctFCT03R.nml > /gfs/home3/modoper/tempo/global/oens/recfct/output/recfct.out.2012021400.05:03.T126L28
+ ./recfct.T126L28
+ 0< /gfs/home3/modoper/tempo/global/oens/recfct/datain/recfctFCT03R.nml 1> /gfs/home3/modoper/tempo/global/oens/recfct/output/recfct.out.2012021400.05:03.T126L28
 
 
     ******  Program Information  ******
  Real Time (sec)       :         17.329014
  User Time (sec)       :          4.130342
  Sys  Time (sec)       :          0.069368
  Vector Time (sec)     :          0.345447
  Inst. Count           :        1596986017.
  V. Inst. Count        :          16052480.
  V. Element Count      :        1289251883.
  FLOP Count            :         534710003.
  MOPS                  :        694.902535
  MFLOPS                :        129.459001
  VLEN                  :         80.314810
  V. Op. Ratio (%)      :         44.918766
  Memory Size (MB)      :        192.031250
  MIPS                  :        386.647366
  I-Cache (sec)         :          0.000818
  O-Cache (sec)         :          0.873375
  Bank (sec)            :          0.001190
 
  Start Time (date)  :  2012/02/14 05:03:46
  End   Time (date)  :  2012/02/14 05:04:03
-rw-r--r--    1 modoper  pnt            2200 Feb 14 05:04 /gfs/home3/modoper/tempo/global/oens/eof/datain/templ032012021400
sx6
PNT-EN
12021405:04
out
/gfs/home3/modoper/tempo/global/oens
/gfs/home3/modoper/tempo/global/oens
/gfs/dk22/modoper/tempo/global/oens
/gfs/dk22/modoper/tempo/global/oens/model/datain
/gfs/home3/modoper/tempo/global/oens/run/setrecfct.1.FCT03RT126L28.sx6
Date: 20120214
Hour: 05:04
FCT03R
2012021400
2012021509
GFCT03R
GFCT03R
GFCT03R
F.fct
F.fct
R.fct
/gfs/home3/modoper/tempo/global/oens
/gfs/home3/modoper/tempo/global/oens
/gfs/dk22/modoper/tempo/global/oens
/gfs/dk22/modoper/tempo/global/oens/model/datain
run
run
GFCT03R20120214002012021509F.fct.T126L28
/gfs/home3/modoper/tempo/global/oens/recfct/datain/GFCT03R20120214002012021509F.fct.T126L28
+ echo Recomposition  -x-  RUNNING ...
Recomposition  -x-  RUNNING ...
+ source=/gfs/home3/modoper/tempo/global/oens/recfct/source
+ bin=/gfs/home3/modoper/tempo/global/oens/recfct/bin/T126L28
+ input=/gfs/home3/modoper/tempo/global/oens/recfct/datain
+ out=/gfs/home3/modoper/tempo/global/oens/recfct/output
+ echo run
run
+ [ run = make ]
+ echo run
run
+ [ run = clean ]
+ cd /gfs/home3/modoper/tempo/global/oens/recfct/bin/T126L28
+ echo ./recfct.T126L28 < /gfs/home3/modoper/tempo/global/oens/recfct/datain/recfctFCT03R.nml > /gfs/home3/modoper/tempo/global/oens/recfct/output/recfct.out.2012021400.05:04.T126L28
./recfct.T126L28 < /gfs/home3/modoper/tempo/global/oens/recfct/datain/recfctFCT03R.nml > /gfs/home3/modoper/tempo/global/oens/recfct/output/recfct.out.2012021400.05:04.T126L28
+ ./recfct.T126L28
+ 0< /gfs/home3/modoper/tempo/global/oens/recfct/datain/recfctFCT03R.nml 1> /gfs/home3/modoper/tempo/global/oens/recfct/output/recfct.out.2012021400.05:04.T126L28
 
 
     ******  Program Information  ******
  Real Time (sec)       :          5.670313
  User Time (sec)       :          4.134366
  Sys  Time (sec)       :          0.083654
  Vector Time (sec)     :          0.345790
  Inst. Count           :        1596986017.
  V. Inst. Count        :          16052480.
  V. Element Count      :        1289251883.
  FLOP Count            :         534710003.
  MOPS                  :        694.226203
  MFLOPS                :        129.333001
  VLEN                  :         80.314810
  V. Op. Ratio (%)      :         44.918766
  Memory Size (MB)      :        192.031250
  MIPS                  :        386.271051
  I-Cache (sec)         :          0.003529
  O-Cache (sec)         :          0.874962
  Bank (sec)            :          0.001190
 
  Start Time (date)  :  2012/02/14 05:04:05
  End   Time (date)  :  2012/02/14 05:04:10
-rw-r--r--    1 modoper  pnt            2400 Feb 14 05:04 /gfs/home3/modoper/tempo/global/oens/eof/datain/templ032012021400
sx6
PNT-EN
12021405:04
out
/gfs/home3/modoper/tempo/global/oens
/gfs/home3/modoper/tempo/global/oens
/gfs/dk22/modoper/tempo/global/oens
/gfs/dk22/modoper/tempo/global/oens/model/datain
/gfs/home3/modoper/tempo/global/oens/run/setrecfct.1.FCT03RT126L28.sx6
Date: 20120214
Hour: 05:04
FCT03R
2012021400
2012021512
GFCT03R
GFCT03R
GFCT03R
F.fct
F.fct
R.fct
/gfs/home3/modoper/tempo/global/oens
/gfs/home3/modoper/tempo/global/oens
/gfs/dk22/modoper/tempo/global/oens
/gfs/dk22/modoper/tempo/global/oens/model/datain
run
run
GFCT03R20120214002012021512F.fct.T126L28
/gfs/home3/modoper/tempo/global/oens/recfct/datain/GFCT03R20120214002012021512F.fct.T126L28
+ echo Recomposition  -x-  RUNNING ...
Recomposition  -x-  RUNNING ...
+ source=/gfs/home3/modoper/tempo/global/oens/recfct/source
+ bin=/gfs/home3/modoper/tempo/global/oens/recfct/bin/T126L28
+ input=/gfs/home3/modoper/tempo/global/oens/recfct/datain
+ out=/gfs/home3/modoper/tempo/global/oens/recfct/output
+ echo run
run
+ [ run = make ]
+ echo run
run
+ [ run = clean ]
+ cd /gfs/home3/modoper/tempo/global/oens/recfct/bin/T126L28
+ echo ./recfct.T126L28 < /gfs/home3/modoper/tempo/global/oens/recfct/datain/recfctFCT03R.nml > /gfs/home3/modoper/tempo/global/oens/recfct/output/recfct.out.2012021400.05:04.T126L28
./recfct.T126L28 < /gfs/home3/modoper/tempo/global/oens/recfct/datain/recfctFCT03R.nml > /gfs/home3/modoper/tempo/global/oens/recfct/output/recfct.out.2012021400.05:04.T126L28
+ ./recfct.T126L28
+ 0< /gfs/home3/modoper/tempo/global/oens/recfct/datain/recfctFCT03R.nml 1> /gfs/home3/modoper/tempo/global/oens/recfct/output/recfct.out.2012021400.05:04.T126L28
 
 
     ******  Program Information  ******
  Real Time (sec)       :          9.093187
  User Time (sec)       :          4.133859
  Sys  Time (sec)       :          0.131133
  Vector Time (sec)     :          0.344153
  Inst. Count           :        1596986048.
  V. Inst. Count        :          16052480.
  V. Element Count      :        1289251883.
  FLOP Count            :         534710004.
  MOPS                  :        694.311368
  MFLOPS                :        129.348866
  VLEN                  :         80.314810
  V. Op. Ratio (%)      :         44.918766
  Memory Size (MB)      :        192.031250
  MIPS                  :        386.318441
  I-Cache (sec)         :          0.006408
  O-Cache (sec)         :          0.877153
  Bank (sec)            :          0.001190
 
  Start Time (date)  :  2012/02/14 05:04:12
  End   Time (date)  :  2012/02/14 05:04:21
-rw-r--r--    1 modoper  pnt            2600 Feb 14 05:04 /gfs/home3/modoper/tempo/global/oens/eof/datain/templ032012021400
sx6
PNT-EN
12021405:04
out
/gfs/home3/modoper/tempo/global/oens
/gfs/home3/modoper/tempo/global/oens
/gfs/dk22/modoper/tempo/global/oens
/gfs/dk22/modoper/tempo/global/oens/model/datain
/gfs/home3/modoper/tempo/global/oens/run/setrecfct.1.FCT03RT126L28.sx6
Date: 20120214
Hour: 05:04
FCT03R
2012021400
2012021515
GFCT03R
GFCT03R
GFCT03R
F.fct
F.fct
R.fct
/gfs/home3/modoper/tempo/global/oens
/gfs/home3/modoper/tempo/global/oens
/gfs/dk22/modoper/tempo/global/oens
/gfs/dk22/modoper/tempo/global/oens/model/datain
run
run
GFCT03R20120214002012021515F.fct.T126L28
/gfs/home3/modoper/tempo/global/oens/recfct/datain/GFCT03R20120214002012021515F.fct.T126L28
+ echo Recomposition  -x-  RUNNING ...
Recomposition  -x-  RUNNING ...
+ source=/gfs/home3/modoper/tempo/global/oens/recfct/source
+ bin=/gfs/home3/modoper/tempo/global/oens/recfct/bin/T126L28
+ input=/gfs/home3/modoper/tempo/global/oens/recfct/datain
+ out=/gfs/home3/modoper/tempo/global/oens/recfct/output
+ echo run
run
+ [ run = make ]
+ echo run
run
+ [ run = clean ]
+ cd /gfs/home3/modoper/tempo/global/oens/recfct/bin/T126L28
+ echo ./recfct.T126L28 < /gfs/home3/modoper/tempo/global/oens/recfct/datain/recfctFCT03R.nml > /gfs/home3/modoper/tempo/global/oens/recfct/output/recfct.out.2012021400.05:04.T126L28
./recfct.T126L28 < /gfs/home3/modoper/tempo/global/oens/recfct/datain/recfctFCT03R.nml > /gfs/home3/modoper/tempo/global/oens/recfct/output/recfct.out.2012021400.05:04.T126L28
+ ./recfct.T126L28
+ 0< /gfs/home3/modoper/tempo/global/oens/recfct/datain/recfctFCT03R.nml 1> /gfs/home3/modoper/tempo/global/oens/recfct/output/recfct.out.2012021400.05:04.T126L28
 
 
     ******  Program Information  ******
  Real Time (sec)       :          6.298107
  User Time (sec)       :          4.141569
  Sys  Time (sec)       :          0.167991
  Vector Time (sec)     :          0.345983
  Inst. Count           :        1596986048.
  V. Inst. Count        :          16052480.
  V. Element Count      :        1289251883.
  FLOP Count            :         534710004.
  MOPS                  :        693.018824
  MFLOPS                :        129.108068
  VLEN                  :         80.314810
  V. Op. Ratio (%)      :         44.918766
  Memory Size (MB)      :        192.031250
  MIPS                  :        385.599262
  I-Cache (sec)         :          0.008298
  O-Cache (sec)         :          0.884077
  Bank (sec)            :          0.001190
 
  Start Time (date)  :  2012/02/14 05:04:22
  End   Time (date)  :  2012/02/14 05:04:29
-rw-r--r--    1 modoper  pnt            2800 Feb 14 05:04 /gfs/home3/modoper/tempo/global/oens/eof/datain/templ032012021400
sx6
PNT-EN
12021405:04
out
/gfs/home3/modoper/tempo/global/oens
/gfs/home3/modoper/tempo/global/oens
/gfs/dk22/modoper/tempo/global/oens
/gfs/dk22/modoper/tempo/global/oens/model/datain
/gfs/home3/modoper/tempo/global/oens/run/setrecfct.1.FCT03RT126L28.sx6
Date: 20120214
Hour: 05:04
FCT03R
2012021400
2012021518
GFCT03R
GFCT03R
GFCT03R
F.fct
F.fct
R.fct
/gfs/home3/modoper/tempo/global/oens
/gfs/home3/modoper/tempo/global/oens
/gfs/dk22/modoper/tempo/global/oens
/gfs/dk22/modoper/tempo/global/oens/model/datain
run
run
GFCT03R20120214002012021518F.fct.T126L28
/gfs/home3/modoper/tempo/global/oens/recfct/datain/GFCT03R20120214002012021518F.fct.T126L28
+ echo Recomposition  -x-  RUNNING ...
Recomposition  -x-  RUNNING ...
+ source=/gfs/home3/modoper/tempo/global/oens/recfct/source
+ bin=/gfs/home3/modoper/tempo/global/oens/recfct/bin/T126L28
+ input=/gfs/home3/modoper/tempo/global/oens/recfct/datain
+ out=/gfs/home3/modoper/tempo/global/oens/recfct/output
+ echo run
run
+ [ run = make ]
+ echo run
run
+ [ run = clean ]
+ cd /gfs/home3/modoper/tempo/global/oens/recfct/bin/T126L28
+ echo ./recfct.T126L28 < /gfs/home3/modoper/tempo/global/oens/recfct/datain/recfctFCT03R.nml > /gfs/home3/modoper/tempo/global/oens/recfct/output/recfct.out.2012021400.05:04.T126L28
./recfct.T126L28 < /gfs/home3/modoper/tempo/global/oens/recfct/datain/recfctFCT03R.nml > /gfs/home3/modoper/tempo/global/oens/recfct/output/recfct.out.2012021400.05:04.T126L28
+ ./recfct.T126L28
+ 0< /gfs/home3/modoper/tempo/global/oens/recfct/datain/recfctFCT03R.nml 1> /gfs/home3/modoper/tempo/global/oens/recfct/output/recfct.out.2012021400.05:04.T126L28
 
 
     ******  Program Information  ******
  Real Time (sec)       :          8.072192
  User Time (sec)       :          4.127242
  Sys  Time (sec)       :          0.078801
  Vector Time (sec)     :          0.343836
  Inst. Count           :        1596986048.
  V. Inst. Count        :          16052480.
  V. Element Count      :        1289251883.
  FLOP Count            :         534710004.
  MOPS                  :        695.424545
  MFLOPS                :        129.556249
  VLEN                  :         80.314810
  V. Op. Ratio (%)      :         44.918766
  Memory Size (MB)      :        192.031250
  MIPS                  :        386.937818
  I-Cache (sec)         :          0.003619
  O-Cache (sec)         :          0.869873
  Bank (sec)            :          0.001190
 
  Start Time (date)  :  2012/02/14 05:04:35
  End   Time (date)  :  2012/02/14 05:04:43
-rw-r--r--    1 modoper  pnt            3000 Feb 14 05:04 /gfs/home3/modoper/tempo/global/oens/eof/datain/templ032012021400
sx6
PNT-EN
12021405:04
out
/gfs/home3/modoper/tempo/global/oens
/gfs/home3/modoper/tempo/global/oens
/gfs/dk22/modoper/tempo/global/oens
/gfs/dk22/modoper/tempo/global/oens/model/datain
/gfs/home3/modoper/tempo/global/oens/run/setrecfct.1.FCT03RT126L28.sx6
Date: 20120214
Hour: 05:04
FCT03R
2012021400
2012021521
GFCT03R
GFCT03R
GFCT03R
F.fct
F.fct
R.fct
/gfs/home3/modoper/tempo/global/oens
/gfs/home3/modoper/tempo/global/oens
/gfs/dk22/modoper/tempo/global/oens
/gfs/dk22/modoper/tempo/global/oens/model/datain
run
run
GFCT03R20120214002012021521F.fct.T126L28
/gfs/home3/modoper/tempo/global/oens/recfct/datain/GFCT03R20120214002012021521F.fct.T126L28
+ echo Recomposition  -x-  RUNNING ...
Recomposition  -x-  RUNNING ...
+ source=/gfs/home3/modoper/tempo/global/oens/recfct/source
+ bin=/gfs/home3/modoper/tempo/global/oens/recfct/bin/T126L28
+ input=/gfs/home3/modoper/tempo/global/oens/recfct/datain
+ out=/gfs/home3/modoper/tempo/global/oens/recfct/output
+ echo run
run
+ [ run = make ]
+ echo run
run
+ [ run = clean ]
+ cd /gfs/home3/modoper/tempo/global/oens/recfct/bin/T126L28
+ echo ./recfct.T126L28 < /gfs/home3/modoper/tempo/global/oens/recfct/datain/recfctFCT03R.nml > /gfs/home3/modoper/tempo/global/oens/recfct/output/recfct.out.2012021400.05:04.T126L28
./recfct.T126L28 < /gfs/home3/modoper/tempo/global/oens/recfct/datain/recfctFCT03R.nml > /gfs/home3/modoper/tempo/global/oens/recfct/output/recfct.out.2012021400.05:04.T126L28
+ ./recfct.T126L28
+ 0< /gfs/home3/modoper/tempo/global/oens/recfct/datain/recfctFCT03R.nml 1> /gfs/home3/modoper/tempo/global/oens/recfct/output/recfct.out.2012021400.05:04.T126L28
 
 
     ******  Program Information  ******
  Real Time (sec)       :         17.295361
  User Time (sec)       :          4.124864
  Sys  Time (sec)       :          0.073210
  Vector Time (sec)     :          0.343584
  Inst. Count           :        1596986048.
  V. Inst. Count        :          16052480.
  V. Element Count      :        1289251883.
  FLOP Count            :         534710004.
  MOPS                  :        695.825551
  MFLOPS                :        129.630956
  VLEN                  :         80.314810
  V. Op. Ratio (%)      :         44.918766
  Memory Size (MB)      :        192.031250
  MIPS                  :        387.160940
  I-Cache (sec)         :          0.000887
  O-Cache (sec)         :          0.869546
  Bank (sec)            :          0.001190
 
  Start Time (date)  :  2012/02/14 05:04:45
  End   Time (date)  :  2012/02/14 05:05:02
-rw-r--r--    1 modoper  pnt            3200 Feb 14 05:05 /gfs/home3/modoper/tempo/global/oens/eof/datain/templ032012021400
sx6
PNT-EN
12021405:05
out
/gfs/home3/modoper/tempo/global/oens
/gfs/home3/modoper/tempo/global/oens
/gfs/dk22/modoper/tempo/global/oens
/gfs/dk22/modoper/tempo/global/oens/model/datain
/gfs/home3/modoper/tempo/global/oens/run/setrecfct.1.FCT03RT126L28.sx6
Date: 20120214
Hour: 05:05
FCT03R
2012021400
2012021600
GFCT03R
GFCT03R
GFCT03R
F.fct
F.fct
R.fct
/gfs/home3/modoper/tempo/global/oens
/gfs/home3/modoper/tempo/global/oens
/gfs/dk22/modoper/tempo/global/oens
/gfs/dk22/modoper/tempo/global/oens/model/datain
run
run
GFCT03R20120214002012021600F.fct.T126L28
/gfs/home3/modoper/tempo/global/oens/recfct/datain/GFCT03R20120214002012021600F.fct.T126L28
+ echo Recomposition  -x-  RUNNING ...
Recomposition  -x-  RUNNING ...
+ source=/gfs/home3/modoper/tempo/global/oens/recfct/source
+ bin=/gfs/home3/modoper/tempo/global/oens/recfct/bin/T126L28
+ input=/gfs/home3/modoper/tempo/global/oens/recfct/datain
+ out=/gfs/home3/modoper/tempo/global/oens/recfct/output
+ echo run
run
+ [ run = make ]
+ echo run
run
+ [ run = clean ]
+ cd /gfs/home3/modoper/tempo/global/oens/recfct/bin/T126L28
+ echo ./recfct.T126L28 < /gfs/home3/modoper/tempo/global/oens/recfct/datain/recfctFCT03R.nml > /gfs/home3/modoper/tempo/global/oens/recfct/output/recfct.out.2012021400.05:05.T126L28
./recfct.T126L28 < /gfs/home3/modoper/tempo/global/oens/recfct/datain/recfctFCT03R.nml > /gfs/home3/modoper/tempo/global/oens/recfct/output/recfct.out.2012021400.05:05.T126L28
+ ./recfct.T126L28
+ 0< /gfs/home3/modoper/tempo/global/oens/recfct/datain/recfctFCT03R.nml 1> /gfs/home3/modoper/tempo/global/oens/recfct/output/recfct.out.2012021400.05:05.T126L28
 
 
     ******  Program Information  ******
  Real Time (sec)       :         10.084945
  User Time (sec)       :          4.145088
  Sys  Time (sec)       :          0.206451
  Vector Time (sec)     :          0.345399
  Inst. Count           :        1596986017.
  V. Inst. Count        :          16052480.
  V. Element Count      :        1289251883.
  FLOP Count            :         534710003.
  MOPS                  :        692.430462
  MFLOPS                :        128.998458
  VLEN                  :         80.314810
  V. Op. Ratio (%)      :         44.918766
  Memory Size (MB)      :        192.031250
  MIPS                  :        385.271891
  I-Cache (sec)         :          0.011328
  O-Cache (sec)         :          0.887858
  Bank (sec)            :          0.001190
 
  Start Time (date)  :  2012/02/14 05:05:03
  End   Time (date)  :  2012/02/14 05:05:14
-rw-r--r--    1 modoper  pnt            3400 Feb 14 05:05 /gfs/home3/modoper/tempo/global/oens/eof/datain/templ032012021400
sx6
PNT-EN
12021405:05
out
/gfs/home3/modoper/tempo/global/oens
/gfs/home3/modoper/tempo/global/oens
/gfs/dk22/modoper/tempo/global/oens
/gfs/dk22/modoper/tempo/global/oens/model/datain
/gfs/home3/modoper/tempo/global/oens/run/setrecfct.1.FCT03RT126L28.sx6
Date: 20120214
Hour: 05:05
FCT03R
2012021400
2012021603
GFCT03R
GFCT03R
GFCT03R
F.fct
F.fct
R.fct
/gfs/home3/modoper/tempo/global/oens
/gfs/home3/modoper/tempo/global/oens
/gfs/dk22/modoper/tempo/global/oens
/gfs/dk22/modoper/tempo/global/oens/model/datain
run
run
GFCT03R20120214002012021603F.fct.T126L28
/gfs/home3/modoper/tempo/global/oens/recfct/datain/GFCT03R20120214002012021603F.fct.T126L28
+ echo Recomposition  -x-  RUNNING ...
Recomposition  -x-  RUNNING ...
+ source=/gfs/home3/modoper/tempo/global/oens/recfct/source
+ bin=/gfs/home3/modoper/tempo/global/oens/recfct/bin/T126L28
+ input=/gfs/home3/modoper/tempo/global/oens/recfct/datain
+ out=/gfs/home3/modoper/tempo/global/oens/recfct/output
+ echo run
run
+ [ run = make ]
+ echo run
run
+ [ run = clean ]
+ cd /gfs/home3/modoper/tempo/global/oens/recfct/bin/T126L28
+ echo ./recfct.T126L28 < /gfs/home3/modoper/tempo/global/oens/recfct/datain/recfctFCT03R.nml > /gfs/home3/modoper/tempo/global/oens/recfct/output/recfct.out.2012021400.05:05.T126L28
./recfct.T126L28 < /gfs/home3/modoper/tempo/global/oens/recfct/datain/recfctFCT03R.nml > /gfs/home3/modoper/tempo/global/oens/recfct/output/recfct.out.2012021400.05:05.T126L28
+ ./recfct.T126L28
+ 0< /gfs/home3/modoper/tempo/global/oens/recfct/datain/recfctFCT03R.nml 1> /gfs/home3/modoper/tempo/global/oens/recfct/output/recfct.out.2012021400.05:05.T126L28
 
 
     ******  Program Information  ******
  Real Time (sec)       :          6.364548
  User Time (sec)       :          4.132264
  Sys  Time (sec)       :          0.066804
  Vector Time (sec)     :          0.344960
  Inst. Count           :        1596986017.
  V. Inst. Count        :          16052480.
  V. Element Count      :        1289251883.
  FLOP Count            :         534710003.
  MOPS                  :        694.579322
  MFLOPS                :        129.398787
  VLEN                  :         80.314810
  V. Op. Ratio (%)      :         44.918766
  Memory Size (MB)      :        192.031250
  MIPS                  :        386.467528
  I-Cache (sec)         :          0.003375
  O-Cache (sec)         :          0.873689
  Bank (sec)            :          0.001190
 
  Start Time (date)  :  2012/02/14 05:05:15
  End   Time (date)  :  2012/02/14 05:05:22
-rw-r--r--    1 modoper  pnt            3600 Feb 14 05:05 /gfs/home3/modoper/tempo/global/oens/eof/datain/templ032012021400
sx6
PNT-EN
12021405:05
out
/gfs/home3/modoper/tempo/global/oens
/gfs/home3/modoper/tempo/global/oens
/gfs/dk22/modoper/tempo/global/oens
/gfs/dk22/modoper/tempo/global/oens/model/datain
/gfs/home3/modoper/tempo/global/oens/run/setrecfct.1.FCT03RT126L28.sx6
Date: 20120214
Hour: 05:05
FCT03R
2012021400
2012021606
GFCT03R
GFCT03R
GFCT03R
F.fct
F.fct
R.fct
/gfs/home3/modoper/tempo/global/oens
/gfs/home3/modoper/tempo/global/oens
/gfs/dk22/modoper/tempo/global/oens
/gfs/dk22/modoper/tempo/global/oens/model/datain
run
run
GFCT03R20120214002012021606F.fct.T126L28
/gfs/home3/modoper/tempo/global/oens/recfct/datain/GFCT03R20120214002012021606F.fct.T126L28
+ echo Recomposition  -x-  RUNNING ...
Recomposition  -x-  RUNNING ...
+ source=/gfs/home3/modoper/tempo/global/oens/recfct/source
+ bin=/gfs/home3/modoper/tempo/global/oens/recfct/bin/T126L28
+ input=/gfs/home3/modoper/tempo/global/oens/recfct/datain
+ out=/gfs/home3/modoper/tempo/global/oens/recfct/output
+ echo run
run
+ [ run = make ]
+ echo run
run
+ [ run = clean ]
+ cd /gfs/home3/modoper/tempo/global/oens/recfct/bin/T126L28
+ echo ./recfct.T126L28 < /gfs/home3/modoper/tempo/global/oens/recfct/datain/recfctFCT03R.nml > /gfs/home3/modoper/tempo/global/oens/recfct/output/recfct.out.2012021400.05:05.T126L28
./recfct.T126L28 < /gfs/home3/modoper/tempo/global/oens/recfct/datain/recfctFCT03R.nml > /gfs/home3/modoper/tempo/global/oens/recfct/output/recfct.out.2012021400.05:05.T126L28
+ ./recfct.T126L28
+ 0< /gfs/home3/modoper/tempo/global/oens/recfct/datain/recfctFCT03R.nml 1> /gfs/home3/modoper/tempo/global/oens/recfct/output/recfct.out.2012021400.05:05.T126L28
 
 
     ******  Program Information  ******
  Real Time (sec)       :          6.513313
  User Time (sec)       :          4.128419
  Sys  Time (sec)       :          0.056319
  Vector Time (sec)     :          0.344398
  Inst. Count           :        1596986017.
  V. Inst. Count        :          16052480.
  V. Element Count      :        1289251883.
  FLOP Count            :         534710003.
  MOPS                  :        695.226303
  MFLOPS                :        129.519318
  VLEN                  :         80.314810
  V. Op. Ratio (%)      :         44.918766
  Memory Size (MB)      :        192.031250
  MIPS                  :        386.827512
  I-Cache (sec)         :          0.000944
  O-Cache (sec)         :          0.871867
  Bank (sec)            :          0.001190
 
  Start Time (date)  :  2012/02/14 05:05:23
  End   Time (date)  :  2012/02/14 05:05:30
-rw-r--r--    1 modoper  pnt            3800 Feb 14 05:05 /gfs/home3/modoper/tempo/global/oens/eof/datain/templ032012021400
sx6
PNT-EN
12021405:05
out
/gfs/home3/modoper/tempo/global/oens
/gfs/home3/modoper/tempo/global/oens
/gfs/dk22/modoper/tempo/global/oens
/gfs/dk22/modoper/tempo/global/oens/model/datain
/gfs/home3/modoper/tempo/global/oens/run/setrecfct.1.FCT03RT126L28.sx6
Date: 20120214
Hour: 05:05
FCT03R
2012021400
2012021609
GFCT03R
GFCT03R
GFCT03R
F.fct
F.fct
R.fct
/gfs/home3/modoper/tempo/global/oens
/gfs/home3/modoper/tempo/global/oens
/gfs/dk22/modoper/tempo/global/oens
/gfs/dk22/modoper/tempo/global/oens/model/datain
run
run
GFCT03R20120214002012021609F.fct.T126L28
/gfs/home3/modoper/tempo/global/oens/recfct/datain/GFCT03R20120214002012021609F.fct.T126L28
+ echo Recomposition  -x-  RUNNING ...
Recomposition  -x-  RUNNING ...
+ source=/gfs/home3/modoper/tempo/global/oens/recfct/source
+ bin=/gfs/home3/modoper/tempo/global/oens/recfct/bin/T126L28
+ input=/gfs/home3/modoper/tempo/global/oens/recfct/datain
+ out=/gfs/home3/modoper/tempo/global/oens/recfct/output
+ echo run
run
+ [ run = make ]
+ echo run
run
+ [ run = clean ]
+ cd /gfs/home3/modoper/tempo/global/oens/recfct/bin/T126L28
+ echo ./recfct.T126L28 < /gfs/home3/modoper/tempo/global/oens/recfct/datain/recfctFCT03R.nml > /gfs/home3/modoper/tempo/global/oens/recfct/output/recfct.out.2012021400.05:05.T126L28
./recfct.T126L28 < /gfs/home3/modoper/tempo/global/oens/recfct/datain/recfctFCT03R.nml > /gfs/home3/modoper/tempo/global/oens/recfct/output/recfct.out.2012021400.05:05.T126L28
+ ./recfct.T126L28
+ 0< /gfs/home3/modoper/tempo/global/oens/recfct/datain/recfctFCT03R.nml 1> /gfs/home3/modoper/tempo/global/oens/recfct/output/recfct.out.2012021400.05:05.T126L28
 
 
     ******  Program Information  ******
  Real Time (sec)       :          6.734399
  User Time (sec)       :          4.128266
  Sys  Time (sec)       :          0.057102
  Vector Time (sec)     :          0.344489
  Inst. Count           :        1596986017.
  V. Inst. Count        :          16052480.
  V. Element Count      :        1289251883.
  FLOP Count            :         534710003.
  MOPS                  :        695.252012
  MFLOPS                :        129.524108
  VLEN                  :         80.314810
  V. Op. Ratio (%)      :         44.918766
  Memory Size (MB)      :        192.031250
  MIPS                  :        386.841817
  I-Cache (sec)         :          0.000933
  O-Cache (sec)         :          0.871850
  Bank (sec)            :          0.001190
 
  Start Time (date)  :  2012/02/14 05:05:32
  End   Time (date)  :  2012/02/14 05:05:38
-rw-r--r--    1 modoper  pnt            4000 Feb 14 05:05 /gfs/home3/modoper/tempo/global/oens/eof/datain/templ032012021400
sx6
PNT-EN
12021405:05
out
/gfs/home3/modoper/tempo/global/oens
/gfs/home3/modoper/tempo/global/oens
/gfs/dk22/modoper/tempo/global/oens
/gfs/dk22/modoper/tempo/global/oens/model/datain
/gfs/home3/modoper/tempo/global/oens/run/setrecfct.1.FCT03RT126L28.sx6
Date: 20120214
Hour: 05:05
FCT03R
2012021400
2012021612
GFCT03R
GFCT03R
GFCT03R
F.fct
F.fct
R.fct
/gfs/home3/modoper/tempo/global/oens
/gfs/home3/modoper/tempo/global/oens
/gfs/dk22/modoper/tempo/global/oens
/gfs/dk22/modoper/tempo/global/oens/model/datain
run
run
GFCT03R20120214002012021612F.fct.T126L28
/gfs/home3/modoper/tempo/global/oens/recfct/datain/GFCT03R20120214002012021612F.fct.T126L28
+ echo Recomposition  -x-  RUNNING ...
Recomposition  -x-  RUNNING ...
+ source=/gfs/home3/modoper/tempo/global/oens/recfct/source
+ bin=/gfs/home3/modoper/tempo/global/oens/recfct/bin/T126L28
+ input=/gfs/home3/modoper/tempo/global/oens/recfct/datain
+ out=/gfs/home3/modoper/tempo/global/oens/recfct/output
+ echo run
run
+ [ run = make ]
+ echo run
run
+ [ run = clean ]
+ cd /gfs/home3/modoper/tempo/global/oens/recfct/bin/T126L28
+ echo ./recfct.T126L28 < /gfs/home3/modoper/tempo/global/oens/recfct/datain/recfctFCT03R.nml > /gfs/home3/modoper/tempo/global/oens/recfct/output/recfct.out.2012021400.05:05.T126L28
./recfct.T126L28 < /gfs/home3/modoper/tempo/global/oens/recfct/datain/recfctFCT03R.nml > /gfs/home3/modoper/tempo/global/oens/recfct/output/recfct.out.2012021400.05:05.T126L28
+ ./recfct.T126L28
+ 0< /gfs/home3/modoper/tempo/global/oens/recfct/datain/recfctFCT03R.nml 1> /gfs/home3/modoper/tempo/global/oens/recfct/output/recfct.out.2012021400.05:05.T126L28
 
 
     ******  Program Information  ******
  Real Time (sec)       :         11.025705
  User Time (sec)       :          4.128242
  Sys  Time (sec)       :          0.063655
  Vector Time (sec)     :          0.344233
  Inst. Count           :        1596986048.
  V. Inst. Count        :          16052480.
  V. Element Count      :        1289251883.
  FLOP Count            :         534710004.
  MOPS                  :        695.256071
  MFLOPS                :        129.524863
  VLEN                  :         80.314810
  V. Op. Ratio (%)      :         44.918766
  Memory Size (MB)      :        192.031250
  MIPS                  :        386.844078
  I-Cache (sec)         :          0.000844
  O-Cache (sec)         :          0.871876
  Bank (sec)            :          0.001190
 
  Start Time (date)  :  2012/02/14 05:05:40
  End   Time (date)  :  2012/02/14 05:05:51
sx6
2012021405:05
out
/gfs/home3/modoper/tempo/global/oens
/gfs/home3/modoper/tempo/global/oens
/gfs/dk22/modoper/tempo/global/oens
/gfs/dk22/modoper/tempo/global/oens/model/datain
/gfs/home3/modoper/tempo/global/oens/run/seteofs.1.03T126L28.sx6
03
Date: 20120214
Hour: 05:05
2012021400
/gfs/home3/modoper/tempo/global/oens
/gfs/home3/modoper/tempo/global/oens
/gfs/dk22/modoper/tempo/global/oens
/gfs/dk22/modoper/tempo/global/oens/model/datain
run
run
Vai chamar eoft
+ echo EOFT           -x-  RUNNING ...
EOFT           -x-  RUNNING ...
+ source=/gfs/home3/modoper/tempo/global/oens/eoftemp/source
+ bin=/gfs/home3/modoper/tempo/global/oens/eof/bin/T126L28
+ inp=/gfs/home3/modoper/tempo/global/oens/eof/datain
+ outp=/gfs/home3/modoper/tempo/global/oens/eoftemp/output
+ echo run
run
+ [ run = make ]
+ echo run
run
+ [ run = clean ]
+ cd /gfs/home3/modoper/tempo/global/oens/eof/bin/T126L28
+ echo ./eoftem.T126L28 < /gfs/home3/modoper/tempo/global/oens/eof/datain/eoftem03.nml > /gfs/home3/modoper/tempo/global/oens/eoftemp/output/eoftem.2012021400.05:05.T126L28
./eoftem.T126L28 < /gfs/home3/modoper/tempo/global/oens/eof/datain/eoftem03.nml > /gfs/home3/modoper/tempo/global/oens/eoftemp/output/eoftem.2012021400.05:05.T126L28
+ ./eoftem.T126L28
+ 0< /gfs/home3/modoper/tempo/global/oens/eof/datain/eoftem03.nml 1> /gfs/home3/modoper/tempo/global/oens/eoftemp/output/eoftem.2012021400.05:05.T126L28
 entrou no eoft fortran
 &DATAIN DIRI=/gfs/home3/modoper/tempo/global/oens/eof/datain/                ,
 DIRA=/gfs/dk22/modoper/tempo/global/oens/model/datain/               ,
 DIRO=/gfs/dk22/modoper/tempo/global/oens/eof/dataout/T126L28/        ,
 NAMEL=templ032012021400                                               ,
 ANAME=GANLAVN2012021400R.unf.T126L28                                                      ,
 TEMOUT=temout032012021400                                              ,
 TEMPCM=tempcm032012021400                                              ,
 TEMPER1=tempe1032012021400                                              ,
 TEMPEN1=tempn1032012021400                                               /
 
 
     ******  Program Information  ******
  Real Time (sec)       :         14.469698
  User Time (sec)       :          6.581188
  Sys  Time (sec)       :          0.401439
  Vector Time (sec)     :          5.902796
  Inst. Count           :         597133654.
  V. Inst. Count        :          72972092.
  V. Element Count      :        9156489841.
  FLOP Count            :        3164565851.
  MOPS                  :       1470.957988
  MFLOPS                :        480.850226
  VLEN                  :        125.479339
  V. Op. Ratio (%)      :         94.585472
  Memory Size (MB)      :        304.031250
  MIPS                  :         90.733411
  I-Cache (sec)         :          0.003637
  O-Cache (sec)         :          0.003293
  Bank (sec)            :          0.281361
 
  Start Time (date)  :  2012/02/14 05:05:53
  End   Time (date)  :  2012/02/14 05:06:08
Vai chamar eofw
+ echo EOFW           -x-  RUNNING ...
EOFW           -x-  RUNNING ...
+ source=/gfs/home3/modoper/tempo/global/oens/eofwind/source
+ bin=/gfs/home3/modoper/tempo/global/oens/eof/bin/T126L28
+ out=/gfs/dk22/modoper/tempo/global/oens/eof/dataout/T126L28
+ inp=/gfs/home3/modoper/tempo/global/oens/eof/datain
+ outp=/gfs/home3/modoper/tempo/global/oens/eofwind/output
+ echo run
run
+ [ run = make ]
+ echo run
run
+ [ run = clean ]
+ cd /gfs/home3/modoper/tempo/global/oens/eof/bin/T126L28
+ echo ./eofwin.T126L28 < /gfs/home3/modoper/tempo/global/oens/eof/datain/eofwin03.nml > /gfs/home3/modoper/tempo/global/oens/eofwind/output/eofwin.2012021400.05:05.T126L28
./eofwin.T126L28 < /gfs/home3/modoper/tempo/global/oens/eof/datain/eofwin03.nml > /gfs/home3/modoper/tempo/global/oens/eofwind/output/eofwin.2012021400.05:05.T126L28
+ ./eofwin.T126L28
+ 0< /gfs/home3/modoper/tempo/global/oens/eof/datain/eofwin03.nml 1> /gfs/home3/modoper/tempo/global/oens/eofwind/output/eofwin.2012021400.05:05.T126L28
 
 
     ******  Program Information  ******
  Real Time (sec)       :         41.150579
  User Time (sec)       :         11.994265
  Sys  Time (sec)       :          0.605294
  Vector Time (sec)     :         10.938924
  Inst. Count           :        1009390608.
  V. Inst. Count        :         235339299.
  V. Element Count      :       26880732448.
  FLOP Count            :        7609520917.
  MOPS                  :       2305.667167
  MFLOPS                :        634.429930
  VLEN                  :        114.221180
  V. Op. Ratio (%)      :         97.201022
  Memory Size (MB)      :        624.031250
  MIPS                  :         84.156101
  I-Cache (sec)         :          0.007901
  O-Cache (sec)         :          0.018441
  Bank (sec)            :          0.599880
 
  Start Time (date)  :  2012/02/14 05:06:08
  End   Time (date)  :  2012/02/14 05:06:49
sx6
2012021405:06
out
/gfs/home3/modoper/tempo/global/oens
/gfs/home3/modoper/tempo/global/oens
/gfs/dk22/modoper/tempo/global/oens
/gfs/dk22/modoper/tempo/global/oens/model/datain
/gfs/home3/modoper/tempo/global/oens/run/setdeco03T126L28.sx6
Date: 20120214
Hour: 05:06
2012021400
/gfs/home3/modoper/tempo/global/oens
/gfs/home3/modoper/tempo/global/oens
/gfs/dk22/modoper/tempo/global/oens
/gfs/dk22/modoper/tempo/global/oens/model/datain
run
run
+ echo Decomposition  -x-  RUNNING ...
Decomposition  -x-  RUNNING ...
+ source=/gfs/home3/modoper/tempo/global/oens/decanl/source
+ bin=/gfs/home3/modoper/tempo/global/oens/decanl/bin/T126L28
+ input=/gfs/home3/modoper/tempo/global/oens/decanl/datain
+ out=/gfs/home3/modoper/tempo/global/oens/decanl/output
+ echo run
run
+ [ run = make ]
+ echo run
run
+ [ run = clean ]
+ cd /gfs/home3/modoper/tempo/global/oens/decanl/bin/T126L28
+ ./decanl.T126L28
+ 0< /gfs/home3/modoper/tempo/global/oens/decanl/datain/decanl03.nml 1> /gfs/home3/modoper/tempo/global/oens/decanl/output/decanl.2012021400.05:06.T126L28
 
 
     ******  Program Information  ******
  Real Time (sec)       :          2.902534
  User Time (sec)       :          0.828739
  Sys  Time (sec)       :          0.075080
  Vector Time (sec)     :          0.635848
  Inst. Count           :         173583870.
  V. Inst. Count        :          21078079.
  V. Element Count      :        2292782635.
  FLOP Count            :         590251093.
  MOPS                  :       2950.614024
  MFLOPS                :        712.228109
  VLEN                  :        108.775692
  V. Op. Ratio (%)      :         93.763280
  Memory Size (MB)      :        192.031250
  MIPS                  :        209.455456
  I-Cache (sec)         :          0.002583
  O-Cache (sec)         :          0.027590
  Bank (sec)            :          0.015368
 
  Start Time (date)  :  2012/02/14 05:06:50
  End   Time (date)  :  2012/02/14 05:06:53
+ echo Decomposition  -x-  RUNNING ...
Decomposition  -x-  RUNNING ...
+ source=/gfs/home3/modoper/tempo/global/oens/decanl/source
+ bin=/gfs/home3/modoper/tempo/global/oens/decanl/bin/T126L28
+ input=/gfs/home3/modoper/tempo/global/oens/decanl/datain
+ out=/gfs/home3/modoper/tempo/global/oens/decanl/output
+ echo run
run
+ [ run = make ]
+ echo run
run
+ [ run = clean ]
+ cd /gfs/home3/modoper/tempo/global/oens/decanl/bin/T126L28
+ ./decanl.T126L28
+ 0< /gfs/home3/modoper/tempo/global/oens/decanl/datain/decanl03.nml 1> /gfs/home3/modoper/tempo/global/oens/decanl/output/decanl.2012021400.05:06.T126L28
 
 
     ******  Program Information  ******
  Real Time (sec)       :          3.444338
  User Time (sec)       :          0.820740
  Sys  Time (sec)       :          0.060019
  Vector Time (sec)     :          0.629208
  Inst. Count           :         173583765.
  V. Inst. Count        :          21078079.
  V. Element Count      :        2292782629.
  FLOP Count            :         590251093.
  MOPS                  :       2979.371063
  MFLOPS                :        719.169603
  VLEN                  :        108.775692
  V. Op. Ratio (%)      :         93.763284
  Memory Size (MB)      :        192.031250
  MIPS                  :        211.496715
  I-Cache (sec)         :          0.001008
  O-Cache (sec)         :          0.026754
  Bank (sec)            :          0.015381
 
  Start Time (date)  :  2012/02/14 05:06:53
  End   Time (date)  :  2012/02/14 05:06:57
105.4u 26.0s 5:12 42% 838+175301k 91598+9874io 0w
logout
