Warning: no access to tty (Bad file descriptor).
Thus no job control in this shell.
vt100
======================================
Welcome to tupay: Linux 2.4.18-nec3.3.060 ia64
Today is Sun Oct  9 19:34:51 GST 2011
======================================
LABELI=2011100912
LABELF=2011102412
sx6
PNT-EN
2011100919:34:51
AVN
/gfs/home3/modoper/tempo/global/oens
/gfs/home3/modoper/tempo/global/oens
/gfs/dk22/modoper/tempo/global/oens
prcmed  -- Run script ...
prcmed  -- SUBMITTED TO NQS QUEUE ...
qsub -q PNT-EN /gfs/home3/modoper/tempo/global/oens/run/setprcmedT126L28.sx6


Script: /gfs/home3/modoper/tempo/global/oens/run/setprcmedT126L28.sx6
Fila: PNT-EN
SmsLabel: Info
Rodando Sem Medidor(SMS)...


Stdout = /gfs/home3/modoper/tempo/global/oens/run/setout/setprcmedT126L28.sx6.2011100919:34:51.AVN

+--------------------------------------------+
Job       Status       Elapse        User Time
                         
+--------------------------------------------+

+--------------------------------------------+
Job       Status       Elapse        User Time
setprcme  RUN          6             0.68
+--------------------------------------------+
99777.siox.cpte setprcme modoper PNT-EN 0 RUN - 24.68M 0.68 6 Y Y 1
INICIANDO... \(set \-x\)
resol=t126
nivel=l28
lats4d -i /gfs/dk22/modoper/tempo/global/oens/prcmed/dataout/T126L28/GPRCENM20111009122011101612P.fct.T126L28.ctl -o /gfs/dk22/modoper/tempo/global/oens/prcmed/dataout/T126L28/grib/GPRCENM20111009122011101612P.fct.T126L28 -center cptec002 -format grads_grib -ftype ctl -table /gfs/home3/modoper/tempo/global/oens/prcmed/scripts/cptec.table -v -title CPTEC GLOBAL ENSEMBLE WEEK MEAN PRECIPITATION T126L28  COLD
/usr/local/grads/bin/gradshdf -blc 'run /usr/local/grads/bin/lats4d.gs -q -i /gfs/dk22/modoper/tempo/global/oens/prcmed/dataout/T126L28/GPRCENM20111009122011101612P.fct.T126L28.ctl -o /gfs/dk22/modoper/tempo/global/oens/prcmed/dataout/T126L28/grib/GPRCENM20111009122011101612P.fct.T126L28 -center cptec002 -format grads_grib -ftype ctl -table /gfs/home3/modoper/tempo/global/oens/prcmed/scripts/cptec.table -v -title CPTEC GLOBAL ENSEMBLE WEEK MEAN PRECIPITATION T126L28 COLD '

Grid Analysis and Display System (GrADS) Version 1.8SL11
Copyright (c) 1988-2001 by Brian Doty 
Center for Ocean-Land-Atmosphere Studies
Institute for Global Environment and Society 
All Rights Reserved

Config: v1.8SL11 32-bit little-endian readline sdf/xdf hdf-sds lats printim

Issue 'q config' command for more information.

GX Package Initialization: Size = 11 8.5 
Running in Batch mode
lats4d: Version 1.4 of 19 Dec 2002
No hardcopy metafile open
All files closed; all defined objects released
All GrADS attributes have been reinitialized
lats4d: Data file is 
File 1 : WEEK PREC MEAN FROM ENS CPTEC AGCM v3.0 1999 T126L28  COLD
  Descriptor: /gfs/dk22/modoper/tempo/global/oens/prcmed/dataout/T126L28/GPRCENM20111009122011101612P.fct.T126L28.ctl
  Binary: /gfs/dk22/modoper/tempo/global/oens/prcmed/dataout/T126L28/GPRCENM20111009122011101612P.fct.T126L28
  Type = Gridded
  Xsize = 384  Ysize = 192  Zsize = 1  Tsize = 1
  Number of Variables = 2
    prec 0 99 WEEK MEAN OF TOTAL PRECIPITATION    (Kg M**-2 Day**-1)
    tsmt 0 99 WEEK MEAN OF TIME MEAN SURFACE ABSOLUTE TEMPERATURE  (K)

lats4d: Dimension environment file same as data file
lats4d:  only 1 time step on file, assuming frequency is 6 hourly
lats4d: time range: 12Z16OCT2011 12Z16OCT2011 by 1, delta t: 6 hourly
lats4d: vertical levels:  1000
lats4d: using PRESSURE for vertical coordinate
lats4d: latitudinal  range: -89.2837 89.2837
lats4d: longitudinal range: 0 359.063
lats4d: surface   variables:  prec tsmt
lats4d: writing to grads_grib file /gfs/dk22/modoper/tempo/global/oens/prcmed/dataout/T126L28/grib/GPRCENM20111009122011101612P.fct.T126L28.grb on 12Z16OCT2011

gribmap:  Scanning binary GRIB file(s):
gribmap:  Opening GRIB file /gfs/dk22/modoper/tempo/global/oens/prcmed/dataout/t126l28/grib/gprcenm20111009122011101612p.fct.t126l28.grb
gribmap:  Reached EOF
gribmap:  Writing the map...

LATS_GRIB: SUCCESS -- gribmap for GrADS/VCS seems to have worked...

lats4d: created grads_grib file /gfs/dk22/modoper/tempo/global/oens/prcmed/dataout/T126L28/grib/GPRCENM20111009122011101612P.fct.T126L28.grb
lats4d: exiting from GrADS...
No hardcopy metafile open
GX package terminated 
lats4d -i /gfs/dk22/modoper/tempo/global/oens/prcmed/dataout/T126L28/GPRCENM20111009122011102312P.fct.T126L28.ctl -o /gfs/dk22/modoper/tempo/global/oens/prcmed/dataout/T126L28/grib/GPRCENM20111009122011102312P.fct.T126L28 -center cptec002 -format grads_grib -ftype ctl -table /gfs/home3/modoper/tempo/global/oens/prcmed/scripts/cptec.table -v -title CPTEC GLOBAL ENSEMBLE WEEK MEAN PRECIPITATION T126L28  COLD
/usr/local/grads/bin/gradshdf -blc 'run /usr/local/grads/bin/lats4d.gs -q -i /gfs/dk22/modoper/tempo/global/oens/prcmed/dataout/T126L28/GPRCENM20111009122011102312P.fct.T126L28.ctl -o /gfs/dk22/modoper/tempo/global/oens/prcmed/dataout/T126L28/grib/GPRCENM20111009122011102312P.fct.T126L28 -center cptec002 -format grads_grib -ftype ctl -table /gfs/home3/modoper/tempo/global/oens/prcmed/scripts/cptec.table -v -title CPTEC GLOBAL ENSEMBLE WEEK MEAN PRECIPITATION T126L28 COLD '

Grid Analysis and Display System (GrADS) Version 1.8SL11
Copyright (c) 1988-2001 by Brian Doty 
Center for Ocean-Land-Atmosphere Studies
Institute for Global Environment and Society 
All Rights Reserved

Config: v1.8SL11 32-bit little-endian readline sdf/xdf hdf-sds lats printim

Issue 'q config' command for more information.

GX Package Initialization: Size = 11 8.5 
Running in Batch mode
lats4d: Version 1.4 of 19 Dec 2002
No hardcopy metafile open
All files closed; all defined objects released
All GrADS attributes have been reinitialized
lats4d: Data file is 
File 1 : WEEK PREC MEAN FROM ENS CPTEC AGCM v3.0 1999 T126L28  COLD
  Descriptor: /gfs/dk22/modoper/tempo/global/oens/prcmed/dataout/T126L28/GPRCENM20111009122011102312P.fct.T126L28.ctl
  Binary: /gfs/dk22/modoper/tempo/global/oens/prcmed/dataout/T126L28/GPRCENM20111009122011102312P.fct.T126L28
  Type = Gridded
  Xsize = 384  Ysize = 192  Zsize = 1  Tsize = 1
  Number of Variables = 2
    prec 0 99 WEEK MEAN OF TOTAL PRECIPITATION    (Kg M**-2 Day**-1)
    tsmt 0 99 WEEK MEAN OF TIME MEAN SURFACE ABSOLUTE TEMPERATURE  (K)

lats4d: Dimension environment file same as data file
lats4d:  only 1 time step on file, assuming frequency is 6 hourly
lats4d: time range: 12Z23OCT2011 12Z23OCT2011 by 1, delta t: 6 hourly
lats4d: vertical levels:  1000
lats4d: using PRESSURE for vertical coordinate
lats4d: latitudinal  range: -89.2837 89.2837
lats4d: longitudinal range: 0 359.063
lats4d: surface   variables:  prec tsmt
lats4d: writing to grads_grib file /gfs/dk22/modoper/tempo/global/oens/prcmed/dataout/T126L28/grib/GPRCENM20111009122011102312P.fct.T126L28.grb on 12Z23OCT2011

gribmap:  Scanning binary GRIB file(s):
gribmap:  Opening GRIB file /gfs/dk22/modoper/tempo/global/oens/prcmed/dataout/t126l28/grib/gprcenm20111009122011102312p.fct.t126l28.grb
gribmap:  Reached EOF
gribmap:  Writing the map...

LATS_GRIB: SUCCESS -- gribmap for GrADS/VCS seems to have worked...

lats4d: created grads_grib file /gfs/dk22/modoper/tempo/global/oens/prcmed/dataout/T126L28/grib/GPRCENM20111009122011102312P.fct.T126L28.grb
lats4d: exiting from GrADS...
No hardcopy metafile open
GX package terminated 
mv -f /gfs/dk22/modoper/tempo/global/oens/prcmed/dataout/T126L28/grib/GPRCENM2011100912* /gfs/dk22/modoper/tempo/global/oens/prcmed/dataout/T126L28
date2: 2011101012
date3: 2011101612
 fnmd: cprec20111009122011101612
 fnme: ctast20111009122011101612
 date:   2011101012
  
 fnmi(           9 ): 
 climatologia50yr.sep.bin                                                       
                                                                                
                                           
 fnmi(          10 ): 
 climatologia50yr.oct.bin                                                       
                                                                                
                                           
  
 f1:   0.8032787    
 f2:   0.1967213    
 date:   2011101112
  
 fnmi(           9 ): 
 climatologia50yr.sep.bin                                                       
                                                                                
                                           
 fnmi(          10 ): 
 climatologia50yr.oct.bin                                                       
                                                                                
                                           
  
 f1:   0.8360656    
 f2:   0.1639344    
 date:   2011101212
  
 fnmi(           9 ): 
 climatologia50yr.sep.bin                                                       
                                                                                
                                           
 fnmi(          10 ): 
 climatologia50yr.oct.bin                                                       
                                                                                
                                           
  
 f1:   0.8688524    
 f2:   0.1311476    
 date:   2011101312
  
 fnmi(           9 ): 
 climatologia50yr.sep.bin                                                       
                                                                                
                                           
 fnmi(          10 ): 
 climatologia50yr.oct.bin                                                       
                                                                                
                                           
  
 f1:   0.9016393    
 f2:   9.8360658E-02
 date:   2011101412
  
 fnmi(           9 ): 
 climatologia50yr.sep.bin                                                       
                                                                                
                                           
 fnmi(          10 ): 
 climatologia50yr.oct.bin                                                       
                                                                                
                                           
  
 f1:   0.9344262    
 f2:   6.5573752E-02
 date:   2011101512
  
 fnmi(           9 ): 
 climatologia50yr.sep.bin                                                       
                                                                                
                                           
 fnmi(          10 ): 
 climatologia50yr.oct.bin                                                       
                                                                                
                                           
  
 f1:   0.9672131    
 f2:   3.2786906E-02
 date:   2011101612
  
 fnmi(           9 ): 
 climatologia50yr.sep.bin                                                       
                                                                                
                                           
 fnmi(          10 ): 
 climatologia50yr.oct.bin                                                       
                                                                                
                                           
  
 f1:    1.000000    
 f2:   0.0000000E+00
 nd:            7
date2: 2011101012
date3: 2011101612
 fnmd: clim_prec_inmet20111009122011101612
 date:   2011101012
  
 fnmi(           9 ): 
 prec09.bin                                                                     
                                                                                
                                           
 fnmi(          10 ): 
 prec10.bin                                                                     
                                                                                
                                           
  
 f1:   0.8032787    
 f2:   0.1967213    
 date:   2011101112
  
 fnmi(           9 ): 
 prec09.bin                                                                     
                                                                                
                                           
 fnmi(          10 ): 
 prec10.bin                                                                     
                                                                                
                                           
  
 f1:   0.8360656    
 f2:   0.1639344    
 date:   2011101212
  
 fnmi(           9 ): 
 prec09.bin                                                                     
                                                                                
                                           
 fnmi(          10 ): 
 prec10.bin                                                                     
                                                                                
                                           
  
 f1:   0.8688524    
 f2:   0.1311476    
 date:   2011101312
  
 fnmi(           9 ): 
 prec09.bin                                                                     
                                                                                
                                           
 fnmi(          10 ): 
 prec10.bin                                                                     
                                                                                
                                           
  
 f1:   0.9016393    
 f2:   9.8360658E-02
 date:   2011101412
  
 fnmi(           9 ): 
 prec09.bin                                                                     
                                                                                
                                           
 fnmi(          10 ): 
 prec10.bin                                                                     
                                                                                
                                           
  
 f1:   0.9344262    
 f2:   6.5573752E-02
 date:   2011101512
  
 fnmi(           9 ): 
 prec09.bin                                                                     
                                                                                
                                           
 fnmi(          10 ): 
 prec10.bin                                                                     
                                                                                
                                           
  
 f1:   0.9672131    
 f2:   3.2786906E-02
 date:   2011101612
  
 fnmi(           9 ): 
 prec09.bin                                                                     
                                                                                
                                           
 fnmi(          10 ): 
 prec10.bin                                                                     
                                                                                
                                           
  
 f1:    1.000000    
 f2:   0.0000000E+00
 nd:            7
date2: 2011101012
date3: 2011101612
 fnmd: clim_temp_inmet20111009122011101612
 date:   2011101012
  
 fnmi(           9 ): 
 cl09te.bin                                                                     
                                                                                
                                           
 fnmi(          10 ): 
 cl10te.bin                                                                     
                                                                                
                                           
  
 f1:   0.8032787    
 f2:   0.1967213    
 date:   2011101112
  
 fnmi(           9 ): 
 cl09te.bin                                                                     
                                                                                
                                           
 fnmi(          10 ): 
 cl10te.bin                                                                     
                                                                                
                                           
  
 f1:   0.8360656    
 f2:   0.1639344    
 date:   2011101212
  
 fnmi(           9 ): 
 cl09te.bin                                                                     
                                                                                
                                           
 fnmi(          10 ): 
 cl10te.bin                                                                     
                                                                                
                                           
  
 f1:   0.8688524    
 f2:   0.1311476    
 date:   2011101312
  
 fnmi(           9 ): 
 cl09te.bin                                                                     
                                                                                
                                           
 fnmi(          10 ): 
 cl10te.bin                                                                     
                                                                                
                                           
  
 f1:   0.9016393    
 f2:   9.8360658E-02
 date:   2011101412
  
 fnmi(           9 ): 
 cl09te.bin                                                                     
                                                                                
                                           
 fnmi(          10 ): 
 cl10te.bin                                                                     
                                                                                
                                           
  
 f1:   0.9344262    
 f2:   6.5573752E-02
 date:   2011101512
  
 fnmi(           9 ): 
 cl09te.bin                                                                     
                                                                                
                                           
 fnmi(          10 ): 
 cl10te.bin                                                                     
                                                                                
                                           
  
 f1:   0.9672131    
 f2:   3.2786906E-02
 date:   2011101612
  
 fnmi(           9 ): 
 cl09te.bin                                                                     
                                                                                
                                           
 fnmi(          10 ): 
 cl10te.bin                                                                     
                                                                                
                                           
  
 f1:    1.000000    
 f2:   0.0000000E+00
 nd:            7
date2: 2011101712
date3: 2011102312
 fnmd: cprec20111009122011102312
 fnme: ctast20111009122011102312
 date:   2011101712
  
 fnmi(          10 ): 
 climatologia50yr.oct.bin                                                       
                                                                                
                                           
 fnmi(          11 ): 
 climatologia50yr.nov.bin                                                       
                                                                                
                                           
  
 f1:   3.2786883E-02
 f2:   0.9672131    
 date:   2011101812
  
 fnmi(          10 ): 
 climatologia50yr.oct.bin                                                       
                                                                                
                                           
 fnmi(          11 ): 
 climatologia50yr.nov.bin                                                       
                                                                                
                                           
  
 f1:   6.5573767E-02
 f2:   0.9344262    
 date:   2011101912
  
 fnmi(          10 ): 
 climatologia50yr.oct.bin                                                       
                                                                                
                                           
 fnmi(          11 ): 
 climatologia50yr.nov.bin                                                       
                                                                                
                                           
  
 f1:   9.8360658E-02
 f2:   0.9016393    
 date:   2011102012
  
 fnmi(          10 ): 
 climatologia50yr.oct.bin                                                       
                                                                                
                                           
 fnmi(          11 ): 
 climatologia50yr.nov.bin                                                       
                                                                                
                                           
  
 f1:   0.1311475    
 f2:   0.8688525    
 date:   2011102112
  
 fnmi(          10 ): 
 climatologia50yr.oct.bin                                                       
                                                                                
                                           
 fnmi(          11 ): 
 climatologia50yr.nov.bin                                                       
                                                                                
                                           
  
 f1:   0.1639344    
 f2:   0.8360656    
 date:   2011102212
  
 fnmi(          10 ): 
 climatologia50yr.oct.bin                                                       
                                                                                
                                           
 fnmi(          11 ): 
 climatologia50yr.nov.bin                                                       
                                                                                
                                           
  
 f1:   0.1967213    
 f2:   0.8032787    
 date:   2011102312
  
 fnmi(          10 ): 
 climatologia50yr.oct.bin                                                       
                                                                                
                                           
 fnmi(          11 ): 
 climatologia50yr.nov.bin                                                       
                                                                                
                                           
  
 f1:   0.2295082    
 f2:   0.7704918    
 nd:            7
date2: 2011101712
date3: 2011102312
 fnmd: clim_prec_inmet20111009122011102312
 date:   2011101712
  
 fnmi(          10 ): 
 prec10.bin                                                                     
                                                                                
                                           
 fnmi(          11 ): 
 prec11.bin                                                                     
                                                                                
                                           
  
 f1:   3.2786883E-02
 f2:   0.9672131    
 date:   2011101812
  
 fnmi(          10 ): 
 prec10.bin                                                                     
                                                                                
                                           
 fnmi(          11 ): 
 prec11.bin                                                                     
                                                                                
                                           
  
 f1:   6.5573767E-02
 f2:   0.9344262    
 date:   2011101912
  
 fnmi(          10 ): 
 prec10.bin                                                                     
                                                                                
                                           
 fnmi(          11 ): 
 prec11.bin                                                                     
                                                                                
                                           
  
 f1:   9.8360658E-02
 f2:   0.9016393    
 date:   2011102012
  
 fnmi(          10 ): 
 prec10.bin                                                                     
                                                                                
                                           
 fnmi(          11 ): 
 prec11.bin                                                                     
                                                                                
                                           
  
 f1:   0.1311475    
 f2:   0.8688525    
 date:   2011102112
  
 fnmi(          10 ): 
 prec10.bin                                                                     
                                                                                
                                           
 fnmi(          11 ): 
 prec11.bin                                                                     
                                                                                
                                           
  
 f1:   0.1639344    
 f2:   0.8360656    
 date:   2011102212
  
 fnmi(          10 ): 
 prec10.bin                                                                     
                                                                                
                                           
 fnmi(          11 ): 
 prec11.bin                                                                     
                                                                                
                                           
  
 f1:   0.1967213    
 f2:   0.8032787    
 date:   2011102312
  
 fnmi(          10 ): 
 prec10.bin                                                                     
                                                                                
                                           
 fnmi(          11 ): 
 prec11.bin                                                                     
                                                                                
                                           
  
 f1:   0.2295082    
 f2:   0.7704918    
 nd:            7
date2: 2011101712
date3: 2011102312
 fnmd: clim_temp_inmet20111009122011102312
 date:   2011101712
  
 fnmi(          10 ): 
 cl10te.bin                                                                     
                                                                                
                                           
 fnmi(          11 ): 
 cl11te.bin                                                                     
                                                                                
                                           
  
 f1:   3.2786883E-02
 f2:   0.9672131    
 date:   2011101812
  
 fnmi(          10 ): 
 cl10te.bin                                                                     
                                                                                
                                           
 fnmi(          11 ): 
 cl11te.bin                                                                     
                                                                                
                                           
  
 f1:   6.5573767E-02
 f2:   0.9344262    
 date:   2011101912
  
 fnmi(          10 ): 
 cl10te.bin                                                                     
                                                                                
                                           
 fnmi(          11 ): 
 cl11te.bin                                                                     
                                                                                
                                           
  
 f1:   9.8360658E-02
 f2:   0.9016393    
 date:   2011102012
  
 fnmi(          10 ): 
 cl10te.bin                                                                     
                                                                                
                                           
 fnmi(          11 ): 
 cl11te.bin                                                                     
                                                                                
                                           
  
 f1:   0.1311475    
 f2:   0.8688525    
 date:   2011102112
  
 fnmi(          10 ): 
 cl10te.bin                                                                     
                                                                                
                                           
 fnmi(          11 ): 
 cl11te.bin                                                                     
                                                                                
                                           
  
 f1:   0.1639344    
 f2:   0.8360656    
 date:   2011102212
  
 fnmi(          10 ): 
 cl10te.bin                                                                     
                                                                                
                                           
 fnmi(          11 ): 
 cl11te.bin                                                                     
                                                                                
                                           
  
 f1:   0.1967213    
 f2:   0.8032787    
 date:   2011102312
  
 fnmi(          10 ): 
 cl10te.bin                                                                     
                                                                                
                                           
 fnmi(          11 ): 
 cl11te.bin                                                                     
                                                                                
                                           
  
 f1:   0.2295082    
 f2:   0.7704918    
 nd:            7

Grid Analysis and Display System (GrADS) Version 1.9b4
Copyright (c) 1988-2005 by Brian Doty and IGES 
Center for Ocean-Land-Atmosphere Studies (COLA)
Institute for Global Environment and Society (IGES)
GrADS comes with ABSOLUTELY NO WARRANTY
See file COPYRIGHT for more information

Config: v1.9b4 32-bit little-endian readline lats printim

Issue 'q config' command for more information.

GX Package Initialization: Size = 11 8.5 
Running in Batch mode
ga-> run plot_wmp.gs
put datei nweek case dirfig dirbia dirscr
ctime=2011100912 2 T126L28 /gfs/dk22/modoper/tempo/global/oens/prcmed/gif /gfs/home3/modoper/tempo/global/oens/prcmed /gfs/home3/modoper/tempo/global/oens/prcmed/scripts
 
biasfl=/gfs/home3/modoper/tempo/global/oens/prcmed/bias_week_mean_prec_2011100912.txt
 
Enter trc nweek date
trc=T126
nweek=2
date=2011100912
No hardcopy metafile open
All files closed; all defined objects released
All GrADS attributes have been reinitialized
opnfct=cprec20111009122011101612.ctl
opnfct=cprec20111009122011102312.ctl
opnfct=/gfs/dk22/modoper/tempo/global/oens/prcmed/dataout/T126L28/GPRCENM20111009122011101612P.fct.T126L28.ctl
opnfct=/gfs/dk22/modoper/tempo/global/oens/prcmed/dataout/T126L28/GPRCENM20111009122011102312P.fct.T126L28.ctl
 
bias=   -0.239634
 
bias=   -0.150003
No hardcopy metafile open
GX package terminated 

Grid Analysis and Display System (GrADS) Version 1.9b4
Copyright (c) 1988-2005 by Brian Doty and IGES 
Center for Ocean-Land-Atmosphere Studies (COLA)
Institute for Global Environment and Society (IGES)
GrADS comes with ABSOLUTELY NO WARRANTY
See file COPYRIGHT for more information

Config: v1.9b4 32-bit little-endian readline lats printim

Issue 'q config' command for more information.

GX Package Initialization: Size = 11 8.5 
Running in Batch mode
ga-> run plot_wmp_as.gs
put datei nweek case dirfig dirbia dirscr
ctime=2011100912 2 T126L28 /gfs/dk22/modoper/tempo/global/oens/prcmed/gif /gfs/home3/modoper/tempo/global/oens/prcmed /gfs/home3/modoper/tempo/global/oens/prcmed/scripts
Enter trc nweek date
trc=T126
nweek=2
date=2011100912
No hardcopy metafile open
All files closed; all defined objects released
All GrADS attributes have been reinitialized
opnfct=cprec20111009122011101612.ctl
opnfct=cprec20111009122011102312.ctl
opnfct=/gfs/dk22/modoper/tempo/global/oens/prcmed/dataout/T126L28/GPRCENM20111009122011101612P.fct.T126L28.ctl
opnfct=/gfs/dk22/modoper/tempo/global/oens/prcmed/dataout/T126L28/GPRCENM20111009122011102312P.fct.T126L28.ctl
++++ 2 - 3 - 1
++++ 2 - 4 - 2
No hardcopy metafile open
GX package terminated 
