stty: : Invalid argument
vt100
resize:  can't open terminal /dev/tty
======================================
Welcome to tupan11: SUPER-UX 14.1 SX-6
Today is Tue Oct 11 04:22:00 GMT 2011
======================================
runperreco1.sx6 126 28 06 2011101100 15 NO 07 
sx6
2011101104:22
out
/gfs/home3/modoper/tempo/global/oens
/gfs/home3/modoper/tempo/global/oens
/gfs/dk22/modoper/tempo/global/oens
/gfs/dk22/modoper/tempo/global/oens/model/datain
/gfs/home3/modoper/tempo/global/oens/run/setperreco.1.06T126L28.sx6
Date: 20111011
Hour: 04:22
2011101100


rm: ERROR: Cannot access templ062011101100: No such file or directory
-rw-r--r--    1 modoper  pnt             200 Oct 11 04:22 /gfs/home3/modoper/tempo/global/oens/eof/datain/templ062011101100
ls: ERROR: Cannot access /gfs/dk22/modoper/tempo/global/oens/recfct/dataout/T126L28/GFCT06R2011101100*.fct*: No such file or directory
sx6
PNT-EN
11101104:22
out
/gfs/home3/modoper/tempo/global/oens
/gfs/home3/modoper/tempo/global/oens
/gfs/dk22/modoper/tempo/global/oens
/gfs/dk22/modoper/tempo/global/oens/model/datain
/gfs/home3/modoper/tempo/global/oens/run/setrecfct.1.FCT06RT126L28.sx6
Date: 20111011
Hour: 04:22
FCT06R
2011101100
2011101103
GFCT06R
GFCT06R
GFCT06R
F.fct
F.fct
R.fct
/gfs/home3/modoper/tempo/global/oens
/gfs/home3/modoper/tempo/global/oens
/gfs/dk22/modoper/tempo/global/oens
/gfs/dk22/modoper/tempo/global/oens/model/datain
run
run
GFCT06R20111011002011101103F.fct.T126L28
/gfs/home3/modoper/tempo/global/oens/recfct/datain/GFCT06R20111011002011101103F.fct.T126L28
+ echo Recomposition  -x-  RUNNING ...
Recomposition  -x-  RUNNING ...
+ source=/gfs/home3/modoper/tempo/global/oens/recfct/source
+ bin=/gfs/home3/modoper/tempo/global/oens/recfct/bin/T126L28
+ input=/gfs/home3/modoper/tempo/global/oens/recfct/datain
+ out=/gfs/home3/modoper/tempo/global/oens/recfct/output
+ echo run
run
+ [ run = make ]
+ echo run
run
+ [ run = clean ]
+ cd /gfs/home3/modoper/tempo/global/oens/recfct/bin/T126L28
+ echo ./recfct.T126L28 < /gfs/home3/modoper/tempo/global/oens/recfct/datain/recfctFCT06R.nml > /gfs/home3/modoper/tempo/global/oens/recfct/output/recfct.out.2011101100.04:22.T126L28
./recfct.T126L28 < /gfs/home3/modoper/tempo/global/oens/recfct/datain/recfctFCT06R.nml > /gfs/home3/modoper/tempo/global/oens/recfct/output/recfct.out.2011101100.04:22.T126L28
+ ./recfct.T126L28
+ 0< /gfs/home3/modoper/tempo/global/oens/recfct/datain/recfctFCT06R.nml 1> /gfs/home3/modoper/tempo/global/oens/recfct/output/recfct.out.2011101100.04:22.T126L28
 
 
     ******  Program Information  ******
  Real Time (sec)       :         17.254217
  User Time (sec)       :          4.121946
  Sys  Time (sec)       :          0.060421
  Vector Time (sec)     :          0.343073
  Inst. Count           :        1596986079.
  V. Inst. Count        :          16052480.
  V. Element Count      :        1289251883.
  FLOP Count            :         534710005.
  MOPS                  :        696.318132
  MFLOPS                :        129.722721
  VLEN                  :         80.314810
  V. Op. Ratio (%)      :         44.918765
  Memory Size (MB)      :        192.031250
  MIPS                  :        387.435018
  I-Cache (sec)         :          0.001015
  O-Cache (sec)         :          0.860180
  Bank (sec)            :          0.001190
 
  Start Time (date)  :  2011/10/11 04:22:03
  End   Time (date)  :  2011/10/11 04:22:21
-rw-r--r--    1 modoper  pnt             400 Oct 11 04:22 /gfs/home3/modoper/tempo/global/oens/eof/datain/templ062011101100
sx6
PNT-EN
11101104:22
out
/gfs/home3/modoper/tempo/global/oens
/gfs/home3/modoper/tempo/global/oens
/gfs/dk22/modoper/tempo/global/oens
/gfs/dk22/modoper/tempo/global/oens/model/datain
/gfs/home3/modoper/tempo/global/oens/run/setrecfct.1.FCT06RT126L28.sx6
Date: 20111011
Hour: 04:22
FCT06R
2011101100
2011101106
GFCT06R
GFCT06R
GFCT06R
F.fct
F.fct
R.fct
/gfs/home3/modoper/tempo/global/oens
/gfs/home3/modoper/tempo/global/oens
/gfs/dk22/modoper/tempo/global/oens
/gfs/dk22/modoper/tempo/global/oens/model/datain
run
run
GFCT06R20111011002011101106F.fct.T126L28
/gfs/home3/modoper/tempo/global/oens/recfct/datain/GFCT06R20111011002011101106F.fct.T126L28
+ echo Recomposition  -x-  RUNNING ...
Recomposition  -x-  RUNNING ...
+ source=/gfs/home3/modoper/tempo/global/oens/recfct/source
+ bin=/gfs/home3/modoper/tempo/global/oens/recfct/bin/T126L28
+ input=/gfs/home3/modoper/tempo/global/oens/recfct/datain
+ out=/gfs/home3/modoper/tempo/global/oens/recfct/output
+ echo run
run
+ [ run = make ]
+ echo run
run
+ [ run = clean ]
+ cd /gfs/home3/modoper/tempo/global/oens/recfct/bin/T126L28
+ echo ./recfct.T126L28 < /gfs/home3/modoper/tempo/global/oens/recfct/datain/recfctFCT06R.nml > /gfs/home3/modoper/tempo/global/oens/recfct/output/recfct.out.2011101100.04:22.T126L28
./recfct.T126L28 < /gfs/home3/modoper/tempo/global/oens/recfct/datain/recfctFCT06R.nml > /gfs/home3/modoper/tempo/global/oens/recfct/output/recfct.out.2011101100.04:22.T126L28
+ ./recfct.T126L28
+ 0< /gfs/home3/modoper/tempo/global/oens/recfct/datain/recfctFCT06R.nml 1> /gfs/home3/modoper/tempo/global/oens/recfct/output/recfct.out.2011101100.04:22.T126L28
 
 
     ******  Program Information  ******
  Real Time (sec)       :         12.713700
  User Time (sec)       :          4.137061
  Sys  Time (sec)       :          0.055866
  Vector Time (sec)     :          0.346842
  Inst. Count           :        1596986079.
  V. Inst. Count        :          16052480.
  V. Element Count      :        1289251883.
  FLOP Count            :         534710005.
  MOPS                  :        693.774064
  MFLOPS                :        129.248766
  VLEN                  :         80.314810
  V. Op. Ratio (%)      :         44.918765
  Memory Size (MB)      :        192.031250
  MIPS                  :        386.019485
  I-Cache (sec)         :          0.000799
  O-Cache (sec)         :          0.877908
  Bank (sec)            :          0.001190
 
  Start Time (date)  :  2011/10/11 04:22:22
  End   Time (date)  :  2011/10/11 04:22:35
-rw-r--r--    1 modoper  pnt             600 Oct 11 04:22 /gfs/home3/modoper/tempo/global/oens/eof/datain/templ062011101100
sx6
PNT-EN
11101104:22
out
/gfs/home3/modoper/tempo/global/oens
/gfs/home3/modoper/tempo/global/oens
/gfs/dk22/modoper/tempo/global/oens
/gfs/dk22/modoper/tempo/global/oens/model/datain
/gfs/home3/modoper/tempo/global/oens/run/setrecfct.1.FCT06RT126L28.sx6
Date: 20111011
Hour: 04:22
FCT06R
2011101100
2011101109
GFCT06R
GFCT06R
GFCT06R
F.fct
F.fct
R.fct
/gfs/home3/modoper/tempo/global/oens
/gfs/home3/modoper/tempo/global/oens
/gfs/dk22/modoper/tempo/global/oens
/gfs/dk22/modoper/tempo/global/oens/model/datain
run
run
GFCT06R20111011002011101109F.fct.T126L28
/gfs/home3/modoper/tempo/global/oens/recfct/datain/GFCT06R20111011002011101109F.fct.T126L28
+ echo Recomposition  -x-  RUNNING ...
Recomposition  -x-  RUNNING ...
+ source=/gfs/home3/modoper/tempo/global/oens/recfct/source
+ bin=/gfs/home3/modoper/tempo/global/oens/recfct/bin/T126L28
+ input=/gfs/home3/modoper/tempo/global/oens/recfct/datain
+ out=/gfs/home3/modoper/tempo/global/oens/recfct/output
+ echo run
run
+ [ run = make ]
+ echo run
run
+ [ run = clean ]
+ cd /gfs/home3/modoper/tempo/global/oens/recfct/bin/T126L28
+ echo ./recfct.T126L28 < /gfs/home3/modoper/tempo/global/oens/recfct/datain/recfctFCT06R.nml > /gfs/home3/modoper/tempo/global/oens/recfct/output/recfct.out.2011101100.04:22.T126L28
./recfct.T126L28 < /gfs/home3/modoper/tempo/global/oens/recfct/datain/recfctFCT06R.nml > /gfs/home3/modoper/tempo/global/oens/recfct/output/recfct.out.2011101100.04:22.T126L28
+ ./recfct.T126L28
+ 0< /gfs/home3/modoper/tempo/global/oens/recfct/datain/recfctFCT06R.nml 1> /gfs/home3/modoper/tempo/global/oens/recfct/output/recfct.out.2011101100.04:22.T126L28
 
 
     ******  Program Information  ******
  Real Time (sec)       :         26.895124
  User Time (sec)       :          4.128341
  Sys  Time (sec)       :          0.061136
  Vector Time (sec)     :          0.345025
  Inst. Count           :        1596986079.
  V. Inst. Count        :          16052480.
  V. Element Count      :        1289251883.
  FLOP Count            :         534710005.
  MOPS                  :        695.239418
  MFLOPS                :        129.521759
  VLEN                  :         80.314810
  V. Op. Ratio (%)      :         44.918765
  Memory Size (MB)      :        192.031250
  MIPS                  :        386.834816
  I-Cache (sec)         :          0.000857
  O-Cache (sec)         :          0.864730
  Bank (sec)            :          0.001190
 
  Start Time (date)  :  2011/10/11 04:22:36
  End   Time (date)  :  2011/10/11 04:23:03
-rw-r--r--    1 modoper  pnt             800 Oct 11 04:23 /gfs/home3/modoper/tempo/global/oens/eof/datain/templ062011101100
sx6
PNT-EN
11101104:23
out
/gfs/home3/modoper/tempo/global/oens
/gfs/home3/modoper/tempo/global/oens
/gfs/dk22/modoper/tempo/global/oens
/gfs/dk22/modoper/tempo/global/oens/model/datain
/gfs/home3/modoper/tempo/global/oens/run/setrecfct.1.FCT06RT126L28.sx6
Date: 20111011
Hour: 04:23
FCT06R
2011101100
2011101112
GFCT06R
GFCT06R
GFCT06R
F.fct
F.fct
R.fct
/gfs/home3/modoper/tempo/global/oens
/gfs/home3/modoper/tempo/global/oens
/gfs/dk22/modoper/tempo/global/oens
/gfs/dk22/modoper/tempo/global/oens/model/datain
run
run
GFCT06R20111011002011101112F.fct.T126L28
/gfs/home3/modoper/tempo/global/oens/recfct/datain/GFCT06R20111011002011101112F.fct.T126L28
+ echo Recomposition  -x-  RUNNING ...
Recomposition  -x-  RUNNING ...
+ source=/gfs/home3/modoper/tempo/global/oens/recfct/source
+ bin=/gfs/home3/modoper/tempo/global/oens/recfct/bin/T126L28
+ input=/gfs/home3/modoper/tempo/global/oens/recfct/datain
+ out=/gfs/home3/modoper/tempo/global/oens/recfct/output
+ echo run
run
+ [ run = make ]
+ echo run
run
+ [ run = clean ]
+ cd /gfs/home3/modoper/tempo/global/oens/recfct/bin/T126L28
+ echo ./recfct.T126L28 < /gfs/home3/modoper/tempo/global/oens/recfct/datain/recfctFCT06R.nml > /gfs/home3/modoper/tempo/global/oens/recfct/output/recfct.out.2011101100.04:23.T126L28
./recfct.T126L28 < /gfs/home3/modoper/tempo/global/oens/recfct/datain/recfctFCT06R.nml > /gfs/home3/modoper/tempo/global/oens/recfct/output/recfct.out.2011101100.04:23.T126L28
+ ./recfct.T126L28
+ 0< /gfs/home3/modoper/tempo/global/oens/recfct/datain/recfctFCT06R.nml 1> /gfs/home3/modoper/tempo/global/oens/recfct/output/recfct.out.2011101100.04:23.T126L28
 
 
     ******  Program Information  ******
  Real Time (sec)       :         21.725889
  User Time (sec)       :          4.120412
  Sys  Time (sec)       :          0.066815
  Vector Time (sec)     :          0.342533
  Inst. Count           :        1596986110.
  V. Inst. Count        :          16052480.
  V. Element Count      :        1289251883.
  FLOP Count            :         534710006.
  MOPS                  :        696.577247
  MFLOPS                :        129.770993
  VLEN                  :         80.314810
  V. Op. Ratio (%)      :         44.918765
  Memory Size (MB)      :        192.031250
  MIPS                  :        387.579194
  I-Cache (sec)         :          0.001066
  O-Cache (sec)         :          0.858946
  Bank (sec)            :          0.001190
 
  Start Time (date)  :  2011/10/11 04:23:04
  End   Time (date)  :  2011/10/11 04:23:25
-rw-r--r--    1 modoper  pnt            1000 Oct 11 04:23 /gfs/home3/modoper/tempo/global/oens/eof/datain/templ062011101100
sx6
PNT-EN
11101104:23
out
/gfs/home3/modoper/tempo/global/oens
/gfs/home3/modoper/tempo/global/oens
/gfs/dk22/modoper/tempo/global/oens
/gfs/dk22/modoper/tempo/global/oens/model/datain
/gfs/home3/modoper/tempo/global/oens/run/setrecfct.1.FCT06RT126L28.sx6
Date: 20111011
Hour: 04:23
FCT06R
2011101100
2011101115
GFCT06R
GFCT06R
GFCT06R
F.fct
F.fct
R.fct
/gfs/home3/modoper/tempo/global/oens
/gfs/home3/modoper/tempo/global/oens
/gfs/dk22/modoper/tempo/global/oens
/gfs/dk22/modoper/tempo/global/oens/model/datain
run
run
GFCT06R20111011002011101115F.fct.T126L28
/gfs/home3/modoper/tempo/global/oens/recfct/datain/GFCT06R20111011002011101115F.fct.T126L28
+ echo Recomposition  -x-  RUNNING ...
Recomposition  -x-  RUNNING ...
+ source=/gfs/home3/modoper/tempo/global/oens/recfct/source
+ bin=/gfs/home3/modoper/tempo/global/oens/recfct/bin/T126L28
+ input=/gfs/home3/modoper/tempo/global/oens/recfct/datain
+ out=/gfs/home3/modoper/tempo/global/oens/recfct/output
+ echo run
run
+ [ run = make ]
+ echo run
run
+ [ run = clean ]
+ cd /gfs/home3/modoper/tempo/global/oens/recfct/bin/T126L28
+ echo ./recfct.T126L28 < /gfs/home3/modoper/tempo/global/oens/recfct/datain/recfctFCT06R.nml > /gfs/home3/modoper/tempo/global/oens/recfct/output/recfct.out.2011101100.04:23.T126L28
./recfct.T126L28 < /gfs/home3/modoper/tempo/global/oens/recfct/datain/recfctFCT06R.nml > /gfs/home3/modoper/tempo/global/oens/recfct/output/recfct.out.2011101100.04:23.T126L28
+ ./recfct.T126L28
+ 0< /gfs/home3/modoper/tempo/global/oens/recfct/datain/recfctFCT06R.nml 1> /gfs/home3/modoper/tempo/global/oens/recfct/output/recfct.out.2011101100.04:23.T126L28
 
 
     ******  Program Information  ******
  Real Time (sec)       :         19.415118
  User Time (sec)       :          4.136875
  Sys  Time (sec)       :          0.061195
  Vector Time (sec)     :          0.347047
  Inst. Count           :        1596986110.
  V. Inst. Count        :          16052480.
  V. Element Count      :        1289251883.
  FLOP Count            :         534710006.
  MOPS                  :        693.805285
  MFLOPS                :        129.254582
  VLEN                  :         80.314810
  V. Op. Ratio (%)      :         44.918765
  Memory Size (MB)      :        192.031250
  MIPS                  :        386.036860
  I-Cache (sec)         :          0.000793
  O-Cache (sec)         :          0.877895
  Bank (sec)            :          0.001190
 
  Start Time (date)  :  2011/10/11 04:23:27
  End   Time (date)  :  2011/10/11 04:23:46
-rw-r--r--    1 modoper  pnt            1200 Oct 11 04:23 /gfs/home3/modoper/tempo/global/oens/eof/datain/templ062011101100
sx6
PNT-EN
11101104:23
out
/gfs/home3/modoper/tempo/global/oens
/gfs/home3/modoper/tempo/global/oens
/gfs/dk22/modoper/tempo/global/oens
/gfs/dk22/modoper/tempo/global/oens/model/datain
/gfs/home3/modoper/tempo/global/oens/run/setrecfct.1.FCT06RT126L28.sx6
Date: 20111011
Hour: 04:23
FCT06R
2011101100
2011101118
GFCT06R
GFCT06R
GFCT06R
F.fct
F.fct
R.fct
/gfs/home3/modoper/tempo/global/oens
/gfs/home3/modoper/tempo/global/oens
/gfs/dk22/modoper/tempo/global/oens
/gfs/dk22/modoper/tempo/global/oens/model/datain
run
run
GFCT06R20111011002011101118F.fct.T126L28
/gfs/home3/modoper/tempo/global/oens/recfct/datain/GFCT06R20111011002011101118F.fct.T126L28
+ echo Recomposition  -x-  RUNNING ...
Recomposition  -x-  RUNNING ...
+ source=/gfs/home3/modoper/tempo/global/oens/recfct/source
+ bin=/gfs/home3/modoper/tempo/global/oens/recfct/bin/T126L28
+ input=/gfs/home3/modoper/tempo/global/oens/recfct/datain
+ out=/gfs/home3/modoper/tempo/global/oens/recfct/output
+ echo run
run
+ [ run = make ]
+ echo run
run
+ [ run = clean ]
+ cd /gfs/home3/modoper/tempo/global/oens/recfct/bin/T126L28
+ echo ./recfct.T126L28 < /gfs/home3/modoper/tempo/global/oens/recfct/datain/recfctFCT06R.nml > /gfs/home3/modoper/tempo/global/oens/recfct/output/recfct.out.2011101100.04:23.T126L28
./recfct.T126L28 < /gfs/home3/modoper/tempo/global/oens/recfct/datain/recfctFCT06R.nml > /gfs/home3/modoper/tempo/global/oens/recfct/output/recfct.out.2011101100.04:23.T126L28
+ ./recfct.T126L28
+ 0< /gfs/home3/modoper/tempo/global/oens/recfct/datain/recfctFCT06R.nml 1> /gfs/home3/modoper/tempo/global/oens/recfct/output/recfct.out.2011101100.04:23.T126L28
 
 
     ******  Program Information  ******
  Real Time (sec)       :         20.571729
  User Time (sec)       :          4.135154
  Sys  Time (sec)       :          0.151388
  Vector Time (sec)     :          0.344401
  Inst. Count           :        1596986110.
  V. Inst. Count        :          16052480.
  V. Element Count      :        1289251883.
  FLOP Count            :         534710006.
  MOPS                  :        694.093972
  MFLOPS                :        129.308364
  VLEN                  :         80.314810
  V. Op. Ratio (%)      :         44.918765
  Memory Size (MB)      :        192.031250
  MIPS                  :        386.197487
  I-Cache (sec)         :          0.008359
  O-Cache (sec)         :          0.871497
  Bank (sec)            :          0.001190
 
  Start Time (date)  :  2011/10/11 04:23:47
  End   Time (date)  :  2011/10/11 04:24:08
-rw-r--r--    1 modoper  pnt            1400 Oct 11 04:24 /gfs/home3/modoper/tempo/global/oens/eof/datain/templ062011101100
sx6
PNT-EN
11101104:24
out
/gfs/home3/modoper/tempo/global/oens
/gfs/home3/modoper/tempo/global/oens
/gfs/dk22/modoper/tempo/global/oens
/gfs/dk22/modoper/tempo/global/oens/model/datain
/gfs/home3/modoper/tempo/global/oens/run/setrecfct.1.FCT06RT126L28.sx6
Date: 20111011
Hour: 04:24
FCT06R
2011101100
2011101121
GFCT06R
GFCT06R
GFCT06R
F.fct
F.fct
R.fct
/gfs/home3/modoper/tempo/global/oens
/gfs/home3/modoper/tempo/global/oens
/gfs/dk22/modoper/tempo/global/oens
/gfs/dk22/modoper/tempo/global/oens/model/datain
run
run
GFCT06R20111011002011101121F.fct.T126L28
/gfs/home3/modoper/tempo/global/oens/recfct/datain/GFCT06R20111011002011101121F.fct.T126L28
+ echo Recomposition  -x-  RUNNING ...
Recomposition  -x-  RUNNING ...
+ source=/gfs/home3/modoper/tempo/global/oens/recfct/source
+ bin=/gfs/home3/modoper/tempo/global/oens/recfct/bin/T126L28
+ input=/gfs/home3/modoper/tempo/global/oens/recfct/datain
+ out=/gfs/home3/modoper/tempo/global/oens/recfct/output
+ echo run
run
+ [ run = make ]
+ echo run
run
+ [ run = clean ]
+ cd /gfs/home3/modoper/tempo/global/oens/recfct/bin/T126L28
+ echo ./recfct.T126L28 < /gfs/home3/modoper/tempo/global/oens/recfct/datain/recfctFCT06R.nml > /gfs/home3/modoper/tempo/global/oens/recfct/output/recfct.out.2011101100.04:24.T126L28
./recfct.T126L28 < /gfs/home3/modoper/tempo/global/oens/recfct/datain/recfctFCT06R.nml > /gfs/home3/modoper/tempo/global/oens/recfct/output/recfct.out.2011101100.04:24.T126L28
+ ./recfct.T126L28
+ 0< /gfs/home3/modoper/tempo/global/oens/recfct/datain/recfctFCT06R.nml 1> /gfs/home3/modoper/tempo/global/oens/recfct/output/recfct.out.2011101100.04:24.T126L28
 
 
     ******  Program Information  ******
  Real Time (sec)       :          6.994563
  User Time (sec)       :          4.134496
  Sys  Time (sec)       :          0.066957
  Vector Time (sec)     :          0.346512
  Inst. Count           :        1596986110.
  V. Inst. Count        :          16052480.
  V. Element Count      :        1289251883.
  FLOP Count            :         534710006.
  MOPS                  :        694.204373
  MFLOPS                :        129.328931
  VLEN                  :         80.314810
  V. Op. Ratio (%)      :         44.918765
  Memory Size (MB)      :        192.031250
  MIPS                  :        386.258915
  I-Cache (sec)         :          0.001287
  O-Cache (sec)         :          0.876622
  Bank (sec)            :          0.001189
 
  Start Time (date)  :  2011/10/11 04:24:09
  End   Time (date)  :  2011/10/11 04:24:16
-rw-r--r--    1 modoper  pnt            1600 Oct 11 04:24 /gfs/home3/modoper/tempo/global/oens/eof/datain/templ062011101100
sx6
PNT-EN
11101104:24
out
/gfs/home3/modoper/tempo/global/oens
/gfs/home3/modoper/tempo/global/oens
/gfs/dk22/modoper/tempo/global/oens
/gfs/dk22/modoper/tempo/global/oens/model/datain
/gfs/home3/modoper/tempo/global/oens/run/setrecfct.1.FCT06RT126L28.sx6
Date: 20111011
Hour: 04:24
FCT06R
2011101100
2011101200
GFCT06R
GFCT06R
GFCT06R
F.fct
F.fct
R.fct
/gfs/home3/modoper/tempo/global/oens
/gfs/home3/modoper/tempo/global/oens
/gfs/dk22/modoper/tempo/global/oens
/gfs/dk22/modoper/tempo/global/oens/model/datain
run
run
GFCT06R20111011002011101200F.fct.T126L28
/gfs/home3/modoper/tempo/global/oens/recfct/datain/GFCT06R20111011002011101200F.fct.T126L28
+ echo Recomposition  -x-  RUNNING ...
Recomposition  -x-  RUNNING ...
+ source=/gfs/home3/modoper/tempo/global/oens/recfct/source
+ bin=/gfs/home3/modoper/tempo/global/oens/recfct/bin/T126L28
+ input=/gfs/home3/modoper/tempo/global/oens/recfct/datain
+ out=/gfs/home3/modoper/tempo/global/oens/recfct/output
+ echo run
run
+ [ run = make ]
+ echo run
run
+ [ run = clean ]
+ cd /gfs/home3/modoper/tempo/global/oens/recfct/bin/T126L28
+ echo ./recfct.T126L28 < /gfs/home3/modoper/tempo/global/oens/recfct/datain/recfctFCT06R.nml > /gfs/home3/modoper/tempo/global/oens/recfct/output/recfct.out.2011101100.04:24.T126L28
./recfct.T126L28 < /gfs/home3/modoper/tempo/global/oens/recfct/datain/recfctFCT06R.nml > /gfs/home3/modoper/tempo/global/oens/recfct/output/recfct.out.2011101100.04:24.T126L28
+ ./recfct.T126L28
+ 0< /gfs/home3/modoper/tempo/global/oens/recfct/datain/recfctFCT06R.nml 1> /gfs/home3/modoper/tempo/global/oens/recfct/output/recfct.out.2011101100.04:24.T126L28
 
 
     ******  Program Information  ******
  Real Time (sec)       :         10.912702
  User Time (sec)       :          4.133830
  Sys  Time (sec)       :          0.064504
  Vector Time (sec)     :          0.346728
  Inst. Count           :        1596986079.
  V. Inst. Count        :          16052480.
  V. Element Count      :        1289251883.
  FLOP Count            :         534710005.
  MOPS                  :        694.316229
  MFLOPS                :        129.349771
  VLEN                  :         80.314810
  V. Op. Ratio (%)      :         44.918765
  Memory Size (MB)      :        192.031250
  MIPS                  :        386.321149
  I-Cache (sec)         :          0.001018
  O-Cache (sec)         :          0.868805
  Bank (sec)            :          0.001190
 
  Start Time (date)  :  2011/10/11 04:24:17
  End   Time (date)  :  2011/10/11 04:24:28
-rw-r--r--    1 modoper  pnt            1800 Oct 11 04:24 /gfs/home3/modoper/tempo/global/oens/eof/datain/templ062011101100
sx6
PNT-EN
11101104:24
out
/gfs/home3/modoper/tempo/global/oens
/gfs/home3/modoper/tempo/global/oens
/gfs/dk22/modoper/tempo/global/oens
/gfs/dk22/modoper/tempo/global/oens/model/datain
/gfs/home3/modoper/tempo/global/oens/run/setrecfct.1.FCT06RT126L28.sx6
Date: 20111011
Hour: 04:24
FCT06R
2011101100
2011101203
GFCT06R
GFCT06R
GFCT06R
F.fct
F.fct
R.fct
/gfs/home3/modoper/tempo/global/oens
/gfs/home3/modoper/tempo/global/oens
/gfs/dk22/modoper/tempo/global/oens
/gfs/dk22/modoper/tempo/global/oens/model/datain
run
run
GFCT06R20111011002011101203F.fct.T126L28
/gfs/home3/modoper/tempo/global/oens/recfct/datain/GFCT06R20111011002011101203F.fct.T126L28
+ echo Recomposition  -x-  RUNNING ...
Recomposition  -x-  RUNNING ...
+ source=/gfs/home3/modoper/tempo/global/oens/recfct/source
+ bin=/gfs/home3/modoper/tempo/global/oens/recfct/bin/T126L28
+ input=/gfs/home3/modoper/tempo/global/oens/recfct/datain
+ out=/gfs/home3/modoper/tempo/global/oens/recfct/output
+ echo run
run
+ [ run = make ]
+ echo run
run
+ [ run = clean ]
+ cd /gfs/home3/modoper/tempo/global/oens/recfct/bin/T126L28
+ echo ./recfct.T126L28 < /gfs/home3/modoper/tempo/global/oens/recfct/datain/recfctFCT06R.nml > /gfs/home3/modoper/tempo/global/oens/recfct/output/recfct.out.2011101100.04:24.T126L28
./recfct.T126L28 < /gfs/home3/modoper/tempo/global/oens/recfct/datain/recfctFCT06R.nml > /gfs/home3/modoper/tempo/global/oens/recfct/output/recfct.out.2011101100.04:24.T126L28
+ ./recfct.T126L28
+ 0< /gfs/home3/modoper/tempo/global/oens/recfct/datain/recfctFCT06R.nml 1> /gfs/home3/modoper/tempo/global/oens/recfct/output/recfct.out.2011101100.04:24.T126L28
 
 
     ******  Program Information  ******
  Real Time (sec)       :          7.535592
  User Time (sec)       :          4.124736
  Sys  Time (sec)       :          0.062184
  Vector Time (sec)     :          0.343384
  Inst. Count           :        1596986079.
  V. Inst. Count        :          16052480.
  V. Element Count      :        1289251883.
  FLOP Count            :         534710005.
  MOPS                  :        695.847127
  MFLOPS                :        129.634974
  VLEN                  :         80.314810
  V. Op. Ratio (%)      :         44.918765
  Memory Size (MB)      :        192.031250
  MIPS                  :        387.172948
  I-Cache (sec)         :          0.001024
  O-Cache (sec)         :          0.868952
  Bank (sec)            :          0.001190
 
  Start Time (date)  :  2011/10/11 04:24:29
  End   Time (date)  :  2011/10/11 04:24:37
-rw-r--r--    1 modoper  pnt            2000 Oct 11 04:24 /gfs/home3/modoper/tempo/global/oens/eof/datain/templ062011101100
sx6
PNT-EN
11101104:24
out
/gfs/home3/modoper/tempo/global/oens
/gfs/home3/modoper/tempo/global/oens
/gfs/dk22/modoper/tempo/global/oens
/gfs/dk22/modoper/tempo/global/oens/model/datain
/gfs/home3/modoper/tempo/global/oens/run/setrecfct.1.FCT06RT126L28.sx6
Date: 20111011
Hour: 04:24
FCT06R
2011101100
2011101206
GFCT06R
GFCT06R
GFCT06R
F.fct
F.fct
R.fct
/gfs/home3/modoper/tempo/global/oens
/gfs/home3/modoper/tempo/global/oens
/gfs/dk22/modoper/tempo/global/oens
/gfs/dk22/modoper/tempo/global/oens/model/datain
run
run
GFCT06R20111011002011101206F.fct.T126L28
/gfs/home3/modoper/tempo/global/oens/recfct/datain/GFCT06R20111011002011101206F.fct.T126L28
+ echo Recomposition  -x-  RUNNING ...
Recomposition  -x-  RUNNING ...
+ source=/gfs/home3/modoper/tempo/global/oens/recfct/source
+ bin=/gfs/home3/modoper/tempo/global/oens/recfct/bin/T126L28
+ input=/gfs/home3/modoper/tempo/global/oens/recfct/datain
+ out=/gfs/home3/modoper/tempo/global/oens/recfct/output
+ echo run
run
+ [ run = make ]
+ echo run
run
+ [ run = clean ]
+ cd /gfs/home3/modoper/tempo/global/oens/recfct/bin/T126L28
+ echo ./recfct.T126L28 < /gfs/home3/modoper/tempo/global/oens/recfct/datain/recfctFCT06R.nml > /gfs/home3/modoper/tempo/global/oens/recfct/output/recfct.out.2011101100.04:24.T126L28
./recfct.T126L28 < /gfs/home3/modoper/tempo/global/oens/recfct/datain/recfctFCT06R.nml > /gfs/home3/modoper/tempo/global/oens/recfct/output/recfct.out.2011101100.04:24.T126L28
+ ./recfct.T126L28
+ 0< /gfs/home3/modoper/tempo/global/oens/recfct/datain/recfctFCT06R.nml 1> /gfs/home3/modoper/tempo/global/oens/recfct/output/recfct.out.2011101100.04:24.T126L28
 
 
     ******  Program Information  ******
  Real Time (sec)       :          6.715583
  User Time (sec)       :          4.128733
  Sys  Time (sec)       :          0.072575
  Vector Time (sec)     :          0.344481
  Inst. Count           :        1596986079.
  V. Inst. Count        :          16052480.
  V. Element Count      :        1289251883.
  FLOP Count            :         534710005.
  MOPS                  :        695.173388
  MFLOPS                :        129.509458
  VLEN                  :         80.314810
  V. Op. Ratio (%)      :         44.918765
  Memory Size (MB)      :        192.031250
  MIPS                  :        386.798076
  I-Cache (sec)         :          0.002308
  O-Cache (sec)         :          0.865509
  Bank (sec)            :          0.001190
 
  Start Time (date)  :  2011/10/11 04:24:38
  End   Time (date)  :  2011/10/11 04:24:45
-rw-r--r--    1 modoper  pnt            2200 Oct 11 04:24 /gfs/home3/modoper/tempo/global/oens/eof/datain/templ062011101100
sx6
PNT-EN
11101104:24
out
/gfs/home3/modoper/tempo/global/oens
/gfs/home3/modoper/tempo/global/oens
/gfs/dk22/modoper/tempo/global/oens
/gfs/dk22/modoper/tempo/global/oens/model/datain
/gfs/home3/modoper/tempo/global/oens/run/setrecfct.1.FCT06RT126L28.sx6
Date: 20111011
Hour: 04:24
FCT06R
2011101100
2011101209
GFCT06R
GFCT06R
GFCT06R
F.fct
F.fct
R.fct
/gfs/home3/modoper/tempo/global/oens
/gfs/home3/modoper/tempo/global/oens
/gfs/dk22/modoper/tempo/global/oens
/gfs/dk22/modoper/tempo/global/oens/model/datain
run
run
GFCT06R20111011002011101209F.fct.T126L28
/gfs/home3/modoper/tempo/global/oens/recfct/datain/GFCT06R20111011002011101209F.fct.T126L28
+ echo Recomposition  -x-  RUNNING ...
Recomposition  -x-  RUNNING ...
+ source=/gfs/home3/modoper/tempo/global/oens/recfct/source
+ bin=/gfs/home3/modoper/tempo/global/oens/recfct/bin/T126L28
+ input=/gfs/home3/modoper/tempo/global/oens/recfct/datain
+ out=/gfs/home3/modoper/tempo/global/oens/recfct/output
+ echo run
run
+ [ run = make ]
+ echo run
run
+ [ run = clean ]
+ cd /gfs/home3/modoper/tempo/global/oens/recfct/bin/T126L28
+ echo ./recfct.T126L28 < /gfs/home3/modoper/tempo/global/oens/recfct/datain/recfctFCT06R.nml > /gfs/home3/modoper/tempo/global/oens/recfct/output/recfct.out.2011101100.04:24.T126L28
./recfct.T126L28 < /gfs/home3/modoper/tempo/global/oens/recfct/datain/recfctFCT06R.nml > /gfs/home3/modoper/tempo/global/oens/recfct/output/recfct.out.2011101100.04:24.T126L28
+ ./recfct.T126L28
+ 0< /gfs/home3/modoper/tempo/global/oens/recfct/datain/recfctFCT06R.nml 1> /gfs/home3/modoper/tempo/global/oens/recfct/output/recfct.out.2011101100.04:24.T126L28
 
 
     ******  Program Information  ******
  Real Time (sec)       :         11.904092
  User Time (sec)       :          4.127056
  Sys  Time (sec)       :          0.078813
  Vector Time (sec)     :          0.343862
  Inst. Count           :        1596986079.
  V. Inst. Count        :          16052480.
  V. Element Count      :        1289251883.
  FLOP Count            :         534710005.
  MOPS                  :        695.455842
  MFLOPS                :        129.562078
  VLEN                  :         80.314810
  V. Op. Ratio (%)      :         44.918765
  Memory Size (MB)      :        192.031250
  MIPS                  :        386.955235
  I-Cache (sec)         :          0.002579
  O-Cache (sec)         :          0.863900
  Bank (sec)            :          0.001190
 
  Start Time (date)  :  2011/10/11 04:24:46
  End   Time (date)  :  2011/10/11 04:24:58
-rw-r--r--    1 modoper  pnt            2400 Oct 11 04:24 /gfs/home3/modoper/tempo/global/oens/eof/datain/templ062011101100
sx6
PNT-EN
11101104:24
out
/gfs/home3/modoper/tempo/global/oens
/gfs/home3/modoper/tempo/global/oens
/gfs/dk22/modoper/tempo/global/oens
/gfs/dk22/modoper/tempo/global/oens/model/datain
/gfs/home3/modoper/tempo/global/oens/run/setrecfct.1.FCT06RT126L28.sx6
Date: 20111011
Hour: 04:24
FCT06R
2011101100
2011101212
GFCT06R
GFCT06R
GFCT06R
F.fct
F.fct
R.fct
/gfs/home3/modoper/tempo/global/oens
/gfs/home3/modoper/tempo/global/oens
/gfs/dk22/modoper/tempo/global/oens
/gfs/dk22/modoper/tempo/global/oens/model/datain
run
run
GFCT06R20111011002011101212F.fct.T126L28
/gfs/home3/modoper/tempo/global/oens/recfct/datain/GFCT06R20111011002011101212F.fct.T126L28
+ echo Recomposition  -x-  RUNNING ...
Recomposition  -x-  RUNNING ...
+ source=/gfs/home3/modoper/tempo/global/oens/recfct/source
+ bin=/gfs/home3/modoper/tempo/global/oens/recfct/bin/T126L28
+ input=/gfs/home3/modoper/tempo/global/oens/recfct/datain
+ out=/gfs/home3/modoper/tempo/global/oens/recfct/output
+ echo run
run
+ [ run = make ]
+ echo run
run
+ [ run = clean ]
+ cd /gfs/home3/modoper/tempo/global/oens/recfct/bin/T126L28
+ echo ./recfct.T126L28 < /gfs/home3/modoper/tempo/global/oens/recfct/datain/recfctFCT06R.nml > /gfs/home3/modoper/tempo/global/oens/recfct/output/recfct.out.2011101100.04:24.T126L28
./recfct.T126L28 < /gfs/home3/modoper/tempo/global/oens/recfct/datain/recfctFCT06R.nml > /gfs/home3/modoper/tempo/global/oens/recfct/output/recfct.out.2011101100.04:24.T126L28
+ ./recfct.T126L28
+ 0< /gfs/home3/modoper/tempo/global/oens/recfct/datain/recfctFCT06R.nml 1> /gfs/home3/modoper/tempo/global/oens/recfct/output/recfct.out.2011101100.04:24.T126L28
 
 
     ******  Program Information  ******
  Real Time (sec)       :         11.970021
  User Time (sec)       :          4.121381
  Sys  Time (sec)       :          0.067752
  Vector Time (sec)     :          0.342251
  Inst. Count           :        1596986110.
  V. Inst. Count        :          16052480.
  V. Element Count      :        1289251883.
  FLOP Count            :         534710006.
  MOPS                  :        696.413527
  MFLOPS                :        129.740492
  VLEN                  :         80.314810
  V. Op. Ratio (%)      :         44.918765
  Memory Size (MB)      :        192.031250
  MIPS                  :        387.488100
  I-Cache (sec)         :          0.001658
  O-Cache (sec)         :          0.859881
  Bank (sec)            :          0.001190
 
  Start Time (date)  :  2011/10/11 04:24:59
  End   Time (date)  :  2011/10/11 04:25:11
-rw-r--r--    1 modoper  pnt            2600 Oct 11 04:25 /gfs/home3/modoper/tempo/global/oens/eof/datain/templ062011101100
sx6
PNT-EN
11101104:25
out
/gfs/home3/modoper/tempo/global/oens
/gfs/home3/modoper/tempo/global/oens
/gfs/dk22/modoper/tempo/global/oens
/gfs/dk22/modoper/tempo/global/oens/model/datain
/gfs/home3/modoper/tempo/global/oens/run/setrecfct.1.FCT06RT126L28.sx6
Date: 20111011
Hour: 04:25
FCT06R
2011101100
2011101215
GFCT06R
GFCT06R
GFCT06R
F.fct
F.fct
R.fct
/gfs/home3/modoper/tempo/global/oens
/gfs/home3/modoper/tempo/global/oens
/gfs/dk22/modoper/tempo/global/oens
/gfs/dk22/modoper/tempo/global/oens/model/datain
run
run
GFCT06R20111011002011101215F.fct.T126L28
/gfs/home3/modoper/tempo/global/oens/recfct/datain/GFCT06R20111011002011101215F.fct.T126L28
+ echo Recomposition  -x-  RUNNING ...
Recomposition  -x-  RUNNING ...
+ source=/gfs/home3/modoper/tempo/global/oens/recfct/source
+ bin=/gfs/home3/modoper/tempo/global/oens/recfct/bin/T126L28
+ input=/gfs/home3/modoper/tempo/global/oens/recfct/datain
+ out=/gfs/home3/modoper/tempo/global/oens/recfct/output
+ echo run
run
+ [ run = make ]
+ echo run
run
+ [ run = clean ]
+ cd /gfs/home3/modoper/tempo/global/oens/recfct/bin/T126L28
+ echo ./recfct.T126L28 < /gfs/home3/modoper/tempo/global/oens/recfct/datain/recfctFCT06R.nml > /gfs/home3/modoper/tempo/global/oens/recfct/output/recfct.out.2011101100.04:25.T126L28
./recfct.T126L28 < /gfs/home3/modoper/tempo/global/oens/recfct/datain/recfctFCT06R.nml > /gfs/home3/modoper/tempo/global/oens/recfct/output/recfct.out.2011101100.04:25.T126L28
+ ./recfct.T126L28
+ 0< /gfs/home3/modoper/tempo/global/oens/recfct/datain/recfctFCT06R.nml 1> /gfs/home3/modoper/tempo/global/oens/recfct/output/recfct.out.2011101100.04:25.T126L28
 
 
     ******  Program Information  ******
  Real Time (sec)       :          6.586983
  User Time (sec)       :          4.132246
  Sys  Time (sec)       :          0.059300
  Vector Time (sec)     :          0.346080
  Inst. Count           :        1596986110.
  V. Inst. Count        :          16052480.
  V. Element Count      :        1289251883.
  FLOP Count            :         534710006.
  MOPS                  :        694.582426
  MFLOPS                :        129.399362
  VLEN                  :         80.314810
  V. Op. Ratio (%)      :         44.918765
  Memory Size (MB)      :        192.031250
  MIPS                  :        386.469266
  I-Cache (sec)         :          0.000782
  O-Cache (sec)         :          0.874824
  Bank (sec)            :          0.001190
 
  Start Time (date)  :  2011/10/11 04:25:13
  End   Time (date)  :  2011/10/11 04:25:19
-rw-r--r--    1 modoper  pnt            2800 Oct 11 04:25 /gfs/home3/modoper/tempo/global/oens/eof/datain/templ062011101100
sx6
PNT-EN
11101104:25
out
/gfs/home3/modoper/tempo/global/oens
/gfs/home3/modoper/tempo/global/oens
/gfs/dk22/modoper/tempo/global/oens
/gfs/dk22/modoper/tempo/global/oens/model/datain
/gfs/home3/modoper/tempo/global/oens/run/setrecfct.1.FCT06RT126L28.sx6
Date: 20111011
Hour: 04:25
FCT06R
2011101100
2011101218
GFCT06R
GFCT06R
GFCT06R
F.fct
F.fct
R.fct
/gfs/home3/modoper/tempo/global/oens
/gfs/home3/modoper/tempo/global/oens
/gfs/dk22/modoper/tempo/global/oens
/gfs/dk22/modoper/tempo/global/oens/model/datain
run
run
GFCT06R20111011002011101218F.fct.T126L28
/gfs/home3/modoper/tempo/global/oens/recfct/datain/GFCT06R20111011002011101218F.fct.T126L28
+ echo Recomposition  -x-  RUNNING ...
Recomposition  -x-  RUNNING ...
+ source=/gfs/home3/modoper/tempo/global/oens/recfct/source
+ bin=/gfs/home3/modoper/tempo/global/oens/recfct/bin/T126L28
+ input=/gfs/home3/modoper/tempo/global/oens/recfct/datain
+ out=/gfs/home3/modoper/tempo/global/oens/recfct/output
+ echo run
run
+ [ run = make ]
+ echo run
run
+ [ run = clean ]
+ cd /gfs/home3/modoper/tempo/global/oens/recfct/bin/T126L28
+ echo ./recfct.T126L28 < /gfs/home3/modoper/tempo/global/oens/recfct/datain/recfctFCT06R.nml > /gfs/home3/modoper/tempo/global/oens/recfct/output/recfct.out.2011101100.04:25.T126L28
./recfct.T126L28 < /gfs/home3/modoper/tempo/global/oens/recfct/datain/recfctFCT06R.nml > /gfs/home3/modoper/tempo/global/oens/recfct/output/recfct.out.2011101100.04:25.T126L28
+ ./recfct.T126L28
+ 0< /gfs/home3/modoper/tempo/global/oens/recfct/datain/recfctFCT06R.nml 1> /gfs/home3/modoper/tempo/global/oens/recfct/output/recfct.out.2011101100.04:25.T126L28
 
 
     ******  Program Information  ******
  Real Time (sec)       :          5.924584
  User Time (sec)       :          4.141022
  Sys  Time (sec)       :          0.059334
  Vector Time (sec)     :          0.354451
  Inst. Count           :        1596986110.
  V. Inst. Count        :          16052480.
  V. Element Count      :        1289251883.
  FLOP Count            :         534710006.
  MOPS                  :        693.110433
  MFLOPS                :        129.125132
  VLEN                  :         80.314810
  V. Op. Ratio (%)      :         44.918765
  Memory Size (MB)      :        192.031250
  MIPS                  :        385.650241
  I-Cache (sec)         :          0.000791
  O-Cache (sec)         :          0.875520
  Bank (sec)            :          0.001190
 
  Start Time (date)  :  2011/10/11 04:25:21
  End   Time (date)  :  2011/10/11 04:25:27
-rw-r--r--    1 modoper  pnt            3000 Oct 11 04:25 /gfs/home3/modoper/tempo/global/oens/eof/datain/templ062011101100
sx6
PNT-EN
11101104:25
out
/gfs/home3/modoper/tempo/global/oens
/gfs/home3/modoper/tempo/global/oens
/gfs/dk22/modoper/tempo/global/oens
/gfs/dk22/modoper/tempo/global/oens/model/datain
/gfs/home3/modoper/tempo/global/oens/run/setrecfct.1.FCT06RT126L28.sx6
Date: 20111011
Hour: 04:25
FCT06R
2011101100
2011101221
GFCT06R
GFCT06R
GFCT06R
F.fct
F.fct
R.fct
/gfs/home3/modoper/tempo/global/oens
/gfs/home3/modoper/tempo/global/oens
/gfs/dk22/modoper/tempo/global/oens
/gfs/dk22/modoper/tempo/global/oens/model/datain
run
run
GFCT06R20111011002011101221F.fct.T126L28
/gfs/home3/modoper/tempo/global/oens/recfct/datain/GFCT06R20111011002011101221F.fct.T126L28
+ echo Recomposition  -x-  RUNNING ...
Recomposition  -x-  RUNNING ...
+ source=/gfs/home3/modoper/tempo/global/oens/recfct/source
+ bin=/gfs/home3/modoper/tempo/global/oens/recfct/bin/T126L28
+ input=/gfs/home3/modoper/tempo/global/oens/recfct/datain
+ out=/gfs/home3/modoper/tempo/global/oens/recfct/output
+ echo run
run
+ [ run = make ]
+ echo run
run
+ [ run = clean ]
+ cd /gfs/home3/modoper/tempo/global/oens/recfct/bin/T126L28
+ echo ./recfct.T126L28 < /gfs/home3/modoper/tempo/global/oens/recfct/datain/recfctFCT06R.nml > /gfs/home3/modoper/tempo/global/oens/recfct/output/recfct.out.2011101100.04:25.T126L28
./recfct.T126L28 < /gfs/home3/modoper/tempo/global/oens/recfct/datain/recfctFCT06R.nml > /gfs/home3/modoper/tempo/global/oens/recfct/output/recfct.out.2011101100.04:25.T126L28
+ ./recfct.T126L28
+ 0< /gfs/home3/modoper/tempo/global/oens/recfct/datain/recfctFCT06R.nml 1> /gfs/home3/modoper/tempo/global/oens/recfct/output/recfct.out.2011101100.04:25.T126L28
 
 
     ******  Program Information  ******
  Real Time (sec)       :          7.219239
  User Time (sec)       :          4.138241
  Sys  Time (sec)       :          0.062474
  Vector Time (sec)     :          0.353491
  Inst. Count           :        1596986110.
  V. Inst. Count        :          16052480.
  V. Element Count      :        1289251883.
  FLOP Count            :         534710006.
  MOPS                  :        693.576185
  MFLOPS                :        129.211901
  VLEN                  :         80.314810
  V. Op. Ratio (%)      :         44.918765
  Memory Size (MB)      :        192.031250
  MIPS                  :        385.909387
  I-Cache (sec)         :          0.000917
  O-Cache (sec)         :          0.866597
  Bank (sec)            :          0.001190
 
  Start Time (date)  :  2011/10/11 04:25:28
  End   Time (date)  :  2011/10/11 04:25:35
-rw-r--r--    1 modoper  pnt            3200 Oct 11 04:25 /gfs/home3/modoper/tempo/global/oens/eof/datain/templ062011101100
sx6
PNT-EN
11101104:25
out
/gfs/home3/modoper/tempo/global/oens
/gfs/home3/modoper/tempo/global/oens
/gfs/dk22/modoper/tempo/global/oens
/gfs/dk22/modoper/tempo/global/oens/model/datain
/gfs/home3/modoper/tempo/global/oens/run/setrecfct.1.FCT06RT126L28.sx6
Date: 20111011
Hour: 04:25
FCT06R
2011101100
2011101300
GFCT06R
GFCT06R
GFCT06R
F.fct
F.fct
R.fct
/gfs/home3/modoper/tempo/global/oens
/gfs/home3/modoper/tempo/global/oens
/gfs/dk22/modoper/tempo/global/oens
/gfs/dk22/modoper/tempo/global/oens/model/datain
run
run
GFCT06R20111011002011101300F.fct.T126L28
/gfs/home3/modoper/tempo/global/oens/recfct/datain/GFCT06R20111011002011101300F.fct.T126L28
+ echo Recomposition  -x-  RUNNING ...
Recomposition  -x-  RUNNING ...
+ source=/gfs/home3/modoper/tempo/global/oens/recfct/source
+ bin=/gfs/home3/modoper/tempo/global/oens/recfct/bin/T126L28
+ input=/gfs/home3/modoper/tempo/global/oens/recfct/datain
+ out=/gfs/home3/modoper/tempo/global/oens/recfct/output
+ echo run
run
+ [ run = make ]
+ echo run
run
+ [ run = clean ]
+ cd /gfs/home3/modoper/tempo/global/oens/recfct/bin/T126L28
+ echo ./recfct.T126L28 < /gfs/home3/modoper/tempo/global/oens/recfct/datain/recfctFCT06R.nml > /gfs/home3/modoper/tempo/global/oens/recfct/output/recfct.out.2011101100.04:25.T126L28
./recfct.T126L28 < /gfs/home3/modoper/tempo/global/oens/recfct/datain/recfctFCT06R.nml > /gfs/home3/modoper/tempo/global/oens/recfct/output/recfct.out.2011101100.04:25.T126L28
+ ./recfct.T126L28
+ 0< /gfs/home3/modoper/tempo/global/oens/recfct/datain/recfctFCT06R.nml 1> /gfs/home3/modoper/tempo/global/oens/recfct/output/recfct.out.2011101100.04:25.T126L28
 
 
     ******  Program Information  ******
  Real Time (sec)       :         17.520554
  User Time (sec)       :          4.132305
  Sys  Time (sec)       :          0.100993
  Vector Time (sec)     :          0.343996
  Inst. Count           :        1596986079.
  V. Inst. Count        :          16052480.
  V. Element Count      :        1289251883.
  FLOP Count            :         534710005.
  MOPS                  :        694.572572
  MFLOPS                :        129.397527
  VLEN                  :         80.314810
  V. Op. Ratio (%)      :         44.918765
  Memory Size (MB)      :        192.031250
  MIPS                  :        386.463779
  I-Cache (sec)         :          0.003786
  O-Cache (sec)         :          0.869153
  Bank (sec)            :          0.001190
 
  Start Time (date)  :  2011/10/11 04:25:37
  End   Time (date)  :  2011/10/11 04:25:54
-rw-r--r--    1 modoper  pnt            3400 Oct 11 04:25 /gfs/home3/modoper/tempo/global/oens/eof/datain/templ062011101100
sx6
PNT-EN
11101104:25
out
/gfs/home3/modoper/tempo/global/oens
/gfs/home3/modoper/tempo/global/oens
/gfs/dk22/modoper/tempo/global/oens
/gfs/dk22/modoper/tempo/global/oens/model/datain
/gfs/home3/modoper/tempo/global/oens/run/setrecfct.1.FCT06RT126L28.sx6
Date: 20111011
Hour: 04:25
FCT06R
2011101100
2011101303
GFCT06R
GFCT06R
GFCT06R
F.fct
F.fct
R.fct
/gfs/home3/modoper/tempo/global/oens
/gfs/home3/modoper/tempo/global/oens
/gfs/dk22/modoper/tempo/global/oens
/gfs/dk22/modoper/tempo/global/oens/model/datain
run
run
GFCT06R20111011002011101303F.fct.T126L28
/gfs/home3/modoper/tempo/global/oens/recfct/datain/GFCT06R20111011002011101303F.fct.T126L28
+ echo Recomposition  -x-  RUNNING ...
Recomposition  -x-  RUNNING ...
+ source=/gfs/home3/modoper/tempo/global/oens/recfct/source
+ bin=/gfs/home3/modoper/tempo/global/oens/recfct/bin/T126L28
+ input=/gfs/home3/modoper/tempo/global/oens/recfct/datain
+ out=/gfs/home3/modoper/tempo/global/oens/recfct/output
+ echo run
run
+ [ run = make ]
+ echo run
run
+ [ run = clean ]
+ cd /gfs/home3/modoper/tempo/global/oens/recfct/bin/T126L28
+ echo ./recfct.T126L28 < /gfs/home3/modoper/tempo/global/oens/recfct/datain/recfctFCT06R.nml > /gfs/home3/modoper/tempo/global/oens/recfct/output/recfct.out.2011101100.04:25.T126L28
./recfct.T126L28 < /gfs/home3/modoper/tempo/global/oens/recfct/datain/recfctFCT06R.nml > /gfs/home3/modoper/tempo/global/oens/recfct/output/recfct.out.2011101100.04:25.T126L28
+ ./recfct.T126L28
+ 0< /gfs/home3/modoper/tempo/global/oens/recfct/datain/recfctFCT06R.nml 1> /gfs/home3/modoper/tempo/global/oens/recfct/output/recfct.out.2011101100.04:25.T126L28
 
 
     ******  Program Information  ******
  Real Time (sec)       :          9.517294
  User Time (sec)       :          4.149115
  Sys  Time (sec)       :          0.216646
  Vector Time (sec)     :          0.346491
  Inst. Count           :        1596986079.
  V. Inst. Count        :          16052480.
  V. Element Count      :        1289251883.
  FLOP Count            :         534710005.
  MOPS                  :        691.758449
  MFLOPS                :        128.873261
  VLEN                  :         80.314810
  V. Op. Ratio (%)      :         44.918765
  Memory Size (MB)      :        192.031250
  MIPS                  :        384.897987
  I-Cache (sec)         :          0.012121
  O-Cache (sec)         :          0.884103
  Bank (sec)            :          0.001190
 
  Start Time (date)  :  2011/10/11 04:25:56
  End   Time (date)  :  2011/10/11 04:26:06
-rw-r--r--    1 modoper  pnt            3600 Oct 11 04:26 /gfs/home3/modoper/tempo/global/oens/eof/datain/templ062011101100
sx6
PNT-EN
11101104:26
out
/gfs/home3/modoper/tempo/global/oens
/gfs/home3/modoper/tempo/global/oens
/gfs/dk22/modoper/tempo/global/oens
/gfs/dk22/modoper/tempo/global/oens/model/datain
/gfs/home3/modoper/tempo/global/oens/run/setrecfct.1.FCT06RT126L28.sx6
Date: 20111011
Hour: 04:26
FCT06R
2011101100
2011101306
GFCT06R
GFCT06R
GFCT06R
F.fct
F.fct
R.fct
/gfs/home3/modoper/tempo/global/oens
/gfs/home3/modoper/tempo/global/oens
/gfs/dk22/modoper/tempo/global/oens
/gfs/dk22/modoper/tempo/global/oens/model/datain
run
run
GFCT06R20111011002011101306F.fct.T126L28
/gfs/home3/modoper/tempo/global/oens/recfct/datain/GFCT06R20111011002011101306F.fct.T126L28
+ echo Recomposition  -x-  RUNNING ...
Recomposition  -x-  RUNNING ...
+ source=/gfs/home3/modoper/tempo/global/oens/recfct/source
+ bin=/gfs/home3/modoper/tempo/global/oens/recfct/bin/T126L28
+ input=/gfs/home3/modoper/tempo/global/oens/recfct/datain
+ out=/gfs/home3/modoper/tempo/global/oens/recfct/output
+ echo run
run
+ [ run = make ]
+ echo run
run
+ [ run = clean ]
+ cd /gfs/home3/modoper/tempo/global/oens/recfct/bin/T126L28
+ echo ./recfct.T126L28 < /gfs/home3/modoper/tempo/global/oens/recfct/datain/recfctFCT06R.nml > /gfs/home3/modoper/tempo/global/oens/recfct/output/recfct.out.2011101100.04:26.T126L28
./recfct.T126L28 < /gfs/home3/modoper/tempo/global/oens/recfct/datain/recfctFCT06R.nml > /gfs/home3/modoper/tempo/global/oens/recfct/output/recfct.out.2011101100.04:26.T126L28
+ ./recfct.T126L28
+ 0< /gfs/home3/modoper/tempo/global/oens/recfct/datain/recfctFCT06R.nml 1> /gfs/home3/modoper/tempo/global/oens/recfct/output/recfct.out.2011101100.04:26.T126L28
 
 
     ******  Program Information  ******
  Real Time (sec)       :          6.366936
  User Time (sec)       :          4.135315
  Sys  Time (sec)       :          0.122137
  Vector Time (sec)     :          0.344726
  Inst. Count           :        1596986079.
  V. Inst. Count        :          16052480.
  V. Element Count      :        1289251883.
  FLOP Count            :         534710005.
  MOPS                  :        694.066993
  MFLOPS                :        129.303339
  VLEN                  :         80.314810
  V. Op. Ratio (%)      :         44.918765
  Memory Size (MB)      :        192.031250
  MIPS                  :        386.182473
  I-Cache (sec)         :          0.006059
  O-Cache (sec)         :          0.871922
  Bank (sec)            :          0.001190
 
  Start Time (date)  :  2011/10/11 04:26:07
  End   Time (date)  :  2011/10/11 04:26:14
-rw-r--r--    1 modoper  pnt            3800 Oct 11 04:26 /gfs/home3/modoper/tempo/global/oens/eof/datain/templ062011101100
sx6
PNT-EN
11101104:26
out
/gfs/home3/modoper/tempo/global/oens
/gfs/home3/modoper/tempo/global/oens
/gfs/dk22/modoper/tempo/global/oens
/gfs/dk22/modoper/tempo/global/oens/model/datain
/gfs/home3/modoper/tempo/global/oens/run/setrecfct.1.FCT06RT126L28.sx6
Date: 20111011
Hour: 04:26
FCT06R
2011101100
2011101309
GFCT06R
GFCT06R
GFCT06R
F.fct
F.fct
R.fct
/gfs/home3/modoper/tempo/global/oens
/gfs/home3/modoper/tempo/global/oens
/gfs/dk22/modoper/tempo/global/oens
/gfs/dk22/modoper/tempo/global/oens/model/datain
run
run
GFCT06R20111011002011101309F.fct.T126L28
/gfs/home3/modoper/tempo/global/oens/recfct/datain/GFCT06R20111011002011101309F.fct.T126L28
+ echo Recomposition  -x-  RUNNING ...
Recomposition  -x-  RUNNING ...
+ source=/gfs/home3/modoper/tempo/global/oens/recfct/source
+ bin=/gfs/home3/modoper/tempo/global/oens/recfct/bin/T126L28
+ input=/gfs/home3/modoper/tempo/global/oens/recfct/datain
+ out=/gfs/home3/modoper/tempo/global/oens/recfct/output
+ echo run
run
+ [ run = make ]
+ echo run
run
+ [ run = clean ]
+ cd /gfs/home3/modoper/tempo/global/oens/recfct/bin/T126L28
+ echo ./recfct.T126L28 < /gfs/home3/modoper/tempo/global/oens/recfct/datain/recfctFCT06R.nml > /gfs/home3/modoper/tempo/global/oens/recfct/output/recfct.out.2011101100.04:26.T126L28
./recfct.T126L28 < /gfs/home3/modoper/tempo/global/oens/recfct/datain/recfctFCT06R.nml > /gfs/home3/modoper/tempo/global/oens/recfct/output/recfct.out.2011101100.04:26.T126L28
+ ./recfct.T126L28
+ 0< /gfs/home3/modoper/tempo/global/oens/recfct/datain/recfctFCT06R.nml 1> /gfs/home3/modoper/tempo/global/oens/recfct/output/recfct.out.2011101100.04:26.T126L28
 
 
     ******  Program Information  ******
  Real Time (sec)       :          5.511575
  User Time (sec)       :          4.125397
  Sys  Time (sec)       :          0.078762
  Vector Time (sec)     :          0.343560
  Inst. Count           :        1596986079.
  V. Inst. Count        :          16052480.
  V. Element Count      :        1289251883.
  FLOP Count            :         534710005.
  MOPS                  :        695.735519
  MFLOPS                :        129.614182
  VLEN                  :         80.314810
  V. Op. Ratio (%)      :         44.918765
  Memory Size (MB)      :        192.031250
  MIPS                  :        387.110849
  I-Cache (sec)         :          0.003191
  O-Cache (sec)         :          0.861688
  Bank (sec)            :          0.001190
 
  Start Time (date)  :  2011/10/11 04:26:15
  End   Time (date)  :  2011/10/11 04:26:21
-rw-r--r--    1 modoper  pnt            4000 Oct 11 04:26 /gfs/home3/modoper/tempo/global/oens/eof/datain/templ062011101100
sx6
PNT-EN
11101104:26
out
/gfs/home3/modoper/tempo/global/oens
/gfs/home3/modoper/tempo/global/oens
/gfs/dk22/modoper/tempo/global/oens
/gfs/dk22/modoper/tempo/global/oens/model/datain
/gfs/home3/modoper/tempo/global/oens/run/setrecfct.1.FCT06RT126L28.sx6
Date: 20111011
Hour: 04:26
FCT06R
2011101100
2011101312
GFCT06R
GFCT06R
GFCT06R
F.fct
F.fct
R.fct
/gfs/home3/modoper/tempo/global/oens
/gfs/home3/modoper/tempo/global/oens
/gfs/dk22/modoper/tempo/global/oens
/gfs/dk22/modoper/tempo/global/oens/model/datain
run
run
GFCT06R20111011002011101312F.fct.T126L28
/gfs/home3/modoper/tempo/global/oens/recfct/datain/GFCT06R20111011002011101312F.fct.T126L28
+ echo Recomposition  -x-  RUNNING ...
Recomposition  -x-  RUNNING ...
+ source=/gfs/home3/modoper/tempo/global/oens/recfct/source
+ bin=/gfs/home3/modoper/tempo/global/oens/recfct/bin/T126L28
+ input=/gfs/home3/modoper/tempo/global/oens/recfct/datain
+ out=/gfs/home3/modoper/tempo/global/oens/recfct/output
+ echo run
run
+ [ run = make ]
+ echo run
run
+ [ run = clean ]
+ cd /gfs/home3/modoper/tempo/global/oens/recfct/bin/T126L28
+ echo ./recfct.T126L28 < /gfs/home3/modoper/tempo/global/oens/recfct/datain/recfctFCT06R.nml > /gfs/home3/modoper/tempo/global/oens/recfct/output/recfct.out.2011101100.04:26.T126L28
./recfct.T126L28 < /gfs/home3/modoper/tempo/global/oens/recfct/datain/recfctFCT06R.nml > /gfs/home3/modoper/tempo/global/oens/recfct/output/recfct.out.2011101100.04:26.T126L28
+ ./recfct.T126L28
+ 0< /gfs/home3/modoper/tempo/global/oens/recfct/datain/recfctFCT06R.nml 1> /gfs/home3/modoper/tempo/global/oens/recfct/output/recfct.out.2011101100.04:26.T126L28
 
 
     ******  Program Information  ******
  Real Time (sec)       :          5.694098
  User Time (sec)       :          4.119035
  Sys  Time (sec)       :          0.059327
  Vector Time (sec)     :          0.341787
  Inst. Count           :        1596986110.
  V. Inst. Count        :          16052480.
  V. Element Count      :        1289251883.
  FLOP Count            :         534710006.
  MOPS                  :        696.810140
  MFLOPS                :        129.814380
  VLEN                  :         80.314810
  V. Op. Ratio (%)      :         44.918765
  Memory Size (MB)      :        192.031250
  MIPS                  :        387.708777
  I-Cache (sec)         :          0.000801
  O-Cache (sec)         :          0.858420
  Bank (sec)            :          0.001190
 
  Start Time (date)  :  2011/10/11 04:26:22
  End   Time (date)  :  2011/10/11 04:26:28
sx6
2011101104:26
out
/gfs/home3/modoper/tempo/global/oens
/gfs/home3/modoper/tempo/global/oens
/gfs/dk22/modoper/tempo/global/oens
/gfs/dk22/modoper/tempo/global/oens/model/datain
/gfs/home3/modoper/tempo/global/oens/run/seteofs.1.06T126L28.sx6
06
Date: 20111011
Hour: 04:26
2011101100
/gfs/home3/modoper/tempo/global/oens
/gfs/home3/modoper/tempo/global/oens
/gfs/dk22/modoper/tempo/global/oens
/gfs/dk22/modoper/tempo/global/oens/model/datain
run
run
Vai chamar eoft
+ echo EOFT           -x-  RUNNING ...
EOFT           -x-  RUNNING ...
+ source=/gfs/home3/modoper/tempo/global/oens/eoftemp/source
+ bin=/gfs/home3/modoper/tempo/global/oens/eof/bin/T126L28
+ inp=/gfs/home3/modoper/tempo/global/oens/eof/datain
+ outp=/gfs/home3/modoper/tempo/global/oens/eoftemp/output
+ echo run
run
+ [ run = make ]
+ echo run
run
+ [ run = clean ]
+ cd /gfs/home3/modoper/tempo/global/oens/eof/bin/T126L28
+ echo ./eoftem.T126L28 < /gfs/home3/modoper/tempo/global/oens/eof/datain/eoftem06.nml > /gfs/home3/modoper/tempo/global/oens/eoftemp/output/eoftem.2011101100.04:26.T126L28
./eoftem.T126L28 < /gfs/home3/modoper/tempo/global/oens/eof/datain/eoftem06.nml > /gfs/home3/modoper/tempo/global/oens/eoftemp/output/eoftem.2011101100.04:26.T126L28
+ ./eoftem.T126L28
+ 0< /gfs/home3/modoper/tempo/global/oens/eof/datain/eoftem06.nml 1> /gfs/home3/modoper/tempo/global/oens/eoftemp/output/eoftem.2011101100.04:26.T126L28
 entrou no eoft fortran
 &DATAIN DIRI=/gfs/home3/modoper/tempo/global/oens/eof/datain/                ,
 DIRA=/gfs/dk22/modoper/tempo/global/oens/model/datain/               ,
 DIRO=/gfs/dk22/modoper/tempo/global/oens/eof/dataout/T126L28/        ,
 NAMEL=templ062011101100                                               ,
 ANAME=GANLAVN2011101100R.unf.T126L28                                                      ,
 TEMOUT=temout062011101100                                              ,
 TEMPCM=tempcm062011101100                                              ,
 TEMPER1=tempe1062011101100                                              ,
 TEMPEN1=tempn1062011101100                                               /
 
 
     ******  Program Information  ******
  Real Time (sec)       :         16.743294
  User Time (sec)       :          6.578047
  Sys  Time (sec)       :          0.388198
  Vector Time (sec)     :          5.898356
  Inst. Count           :         597132926.
  V. Inst. Count        :          72972059.
  V. Element Count      :        9156489498.
  FLOP Count            :        3164565523.
  MOPS                  :       1471.660210
  MFLOPS                :        481.079781
  VLEN                  :        125.479391
  V. Op. Ratio (%)      :         94.585479
  Memory Size (MB)      :        304.031250
  MIPS                  :         90.776625
  I-Cache (sec)         :          0.003575
  O-Cache (sec)         :          0.003249
  Bank (sec)            :          0.281362
 
  Start Time (date)  :  2011/10/11 04:26:30
  End   Time (date)  :  2011/10/11 04:26:47
Vai chamar eofw
+ echo EOFW           -x-  RUNNING ...
EOFW           -x-  RUNNING ...
+ source=/gfs/home3/modoper/tempo/global/oens/eofwind/source
+ bin=/gfs/home3/modoper/tempo/global/oens/eof/bin/T126L28
+ out=/gfs/dk22/modoper/tempo/global/oens/eof/dataout/T126L28
+ inp=/gfs/home3/modoper/tempo/global/oens/eof/datain
+ outp=/gfs/home3/modoper/tempo/global/oens/eofwind/output
+ echo run
run
+ [ run = make ]
+ echo run
run
+ [ run = clean ]
+ cd /gfs/home3/modoper/tempo/global/oens/eof/bin/T126L28
+ echo ./eofwin.T126L28 < /gfs/home3/modoper/tempo/global/oens/eof/datain/eofwin06.nml > /gfs/home3/modoper/tempo/global/oens/eofwind/output/eofwin.2011101100.04:26.T126L28
./eofwin.T126L28 < /gfs/home3/modoper/tempo/global/oens/eof/datain/eofwin06.nml > /gfs/home3/modoper/tempo/global/oens/eofwind/output/eofwin.2011101100.04:26.T126L28
+ ./eofwin.T126L28
+ 0< /gfs/home3/modoper/tempo/global/oens/eof/datain/eofwin06.nml 1> /gfs/home3/modoper/tempo/global/oens/eofwind/output/eofwin.2011101100.04:26.T126L28
 
 
     ******  Program Information  ******
  Real Time (sec)       :         28.981731
  User Time (sec)       :         11.977552
  Sys  Time (sec)       :          0.581242
  Vector Time (sec)     :         10.931338
  Inst. Count           :        1009389346.
  V. Inst. Count        :         235339369.
  V. Element Count      :       26880733239.
  FLOP Count            :        7609521488.
  MOPS                  :       2308.884483
  MFLOPS                :        635.315271
  VLEN                  :        114.221149
  V. Op. Ratio (%)      :         97.201027
  Memory Size (MB)      :        624.031250
  MIPS                  :         84.273429
  I-Cache (sec)         :          0.007307
  O-Cache (sec)         :          0.017949
  Bank (sec)            :          0.599880
 
  Start Time (date)  :  2011/10/11 04:26:47
  End   Time (date)  :  2011/10/11 04:27:16
sx6
2011101104:27
out
/gfs/home3/modoper/tempo/global/oens
/gfs/home3/modoper/tempo/global/oens
/gfs/dk22/modoper/tempo/global/oens
/gfs/dk22/modoper/tempo/global/oens/model/datain
/gfs/home3/modoper/tempo/global/oens/run/setdeco06T126L28.sx6
Date: 20111011
Hour: 04:27
2011101100
/gfs/home3/modoper/tempo/global/oens
/gfs/home3/modoper/tempo/global/oens
/gfs/dk22/modoper/tempo/global/oens
/gfs/dk22/modoper/tempo/global/oens/model/datain
run
run
+ echo Decomposition  -x-  RUNNING ...
Decomposition  -x-  RUNNING ...
+ source=/gfs/home3/modoper/tempo/global/oens/decanl/source
+ bin=/gfs/home3/modoper/tempo/global/oens/decanl/bin/T126L28
+ input=/gfs/home3/modoper/tempo/global/oens/decanl/datain
+ out=/gfs/home3/modoper/tempo/global/oens/decanl/output
+ echo run
run
+ [ run = make ]
+ echo run
run
+ [ run = clean ]
+ cd /gfs/home3/modoper/tempo/global/oens/decanl/bin/T126L28
+ ./decanl.T126L28
+ 0< /gfs/home3/modoper/tempo/global/oens/decanl/datain/decanl06.nml 1> /gfs/home3/modoper/tempo/global/oens/decanl/output/decanl.2011101100.04:27.T126L28
 
 
     ******  Program Information  ******
  Real Time (sec)       :          2.716819
  User Time (sec)       :          0.819889
  Sys  Time (sec)       :          0.059794
  Vector Time (sec)     :          0.628597
  Inst. Count           :         173583932.
  V. Inst. Count        :          21078079.
  V. Element Count      :        2292782635.
  FLOP Count            :         590251095.
  MOPS                  :       2982.461539
  MFLOPS                :        719.915543
  VLEN                  :        108.775692
  V. Op. Ratio (%)      :         93.763278
  Memory Size (MB)      :        192.031250
  MIPS                  :        211.716288
  I-Cache (sec)         :          0.000835
  O-Cache (sec)         :          0.026517
  Bank (sec)            :          0.015382
 
  Start Time (date)  :  2011/10/11 04:27:17
  End   Time (date)  :  2011/10/11 04:27:20
+ echo Decomposition  -x-  RUNNING ...
Decomposition  -x-  RUNNING ...
+ source=/gfs/home3/modoper/tempo/global/oens/decanl/source
+ bin=/gfs/home3/modoper/tempo/global/oens/decanl/bin/T126L28
+ input=/gfs/home3/modoper/tempo/global/oens/decanl/datain
+ out=/gfs/home3/modoper/tempo/global/oens/decanl/output
+ echo run
run
+ [ run = make ]
+ echo run
run
+ [ run = clean ]
+ cd /gfs/home3/modoper/tempo/global/oens/decanl/bin/T126L28
+ ./decanl.T126L28
+ 0< /gfs/home3/modoper/tempo/global/oens/decanl/datain/decanl06.nml 1> /gfs/home3/modoper/tempo/global/oens/decanl/output/decanl.2011101100.04:27.T126L28
 
 
     ******  Program Information  ******
  Real Time (sec)       :          1.942689
  User Time (sec)       :          0.819672
  Sys  Time (sec)       :          0.056616
  Vector Time (sec)     :          0.628593
  Inst. Count           :         173583827.
  V. Inst. Count        :          21078079.
  V. Element Count      :        2292782629.
  FLOP Count            :         590251095.
  MOPS                  :       2983.254052
  MFLOPS                :        720.106875
  VLEN                  :        108.775692
  V. Op. Ratio (%)      :         93.763282
  Memory Size (MB)      :        192.031250
  MIPS                  :        211.772427
  I-Cache (sec)         :          0.000818
  O-Cache (sec)         :          0.026490
  Bank (sec)            :          0.015382
 
  Start Time (date)  :  2011/10/11 04:27:20
  End   Time (date)  :  2011/10/11 04:27:22
105.3u 24.8s 5:24 40% 839+176085k 92003+9874io 0w
logout
