Warning: no access to tty (Bad file descriptor).
Thus no job control in this shell.
stty: standard input: Inappropriate ioctl for device
vt100
resize:  can't open terminal /dev/tty
======================================
Welcome to tupay: Linux 2.4.18-nec3.3.060 ia64
Today is Mon Feb 13 20:30:10 GST 2012
======================================
/gfs/dk22/modoper/tempo/global/oens/probability/gif has already been created
nblst=57
T126L28 T126 2012021312 57 /gfs/dk22/modoper/tempo/global/oens/probability/dataout/T126L28 /gfs/dk22/modoper/tempo/global/oens/probability/gif

Grid Analysis and Display System (GrADS) Version 1.8SL11
Copyright (c) 1988-2001 by Brian Doty 
Center for Ocean-Land-Atmosphere Studies
Institute for Global Environment and Society 
All Rights Reserved

Config: v1.8SL11 32-bit little-endian readline printim

Issue 'q config' command for more information.

GX Package Initialization: Size = 11 8.5 
Running in Batch mode
ga-> run plot_precprob.gs
Enter with: resol trc labeli nblst dirbct dirfig
flist=filefct2012021312.T126
No hardcopy metafile open
All files closed; all defined objects released
All GrADS attributes have been reinitialized
open /gfs/dk22/modoper/tempo/global/oens/probability/dataout/T126L28/prob20120213122012021412.T126L28.ctl
No hardcopy metafile open
All files closed; all defined objects released
All GrADS attributes have been reinitialized
open /gfs/dk22/modoper/tempo/global/oens/probability/dataout/T126L28/prob20120213122012021418.T126L28.ctl
No hardcopy metafile open
All files closed; all defined objects released
All GrADS attributes have been reinitialized
open /gfs/dk22/modoper/tempo/global/oens/probability/dataout/T126L28/prob20120213122012021500.T126L28.ctl
No hardcopy metafile open
All files closed; all defined objects released
All GrADS attributes have been reinitialized
open /gfs/dk22/modoper/tempo/global/oens/probability/dataout/T126L28/prob20120213122012021506.T126L28.ctl
No hardcopy metafile open
All files closed; all defined objects released
All GrADS attributes have been reinitialized
open /gfs/dk22/modoper/tempo/global/oens/probability/dataout/T126L28/prob20120213122012021512.T126L28.ctl
No hardcopy metafile open
All files closed; all defined objects released
All GrADS attributes have been reinitialized
open /gfs/dk22/modoper/tempo/global/oens/probability/dataout/T126L28/prob20120213122012021518.T126L28.ctl
No hardcopy metafile open
All files closed; all defined objects released
All GrADS attributes have been reinitialized
open /gfs/dk22/modoper/tempo/global/oens/probability/dataout/T126L28/prob20120213122012021600.T126L28.ctl
No hardcopy metafile open
All files closed; all defined objects released
All GrADS attributes have been reinitialized
open /gfs/dk22/modoper/tempo/global/oens/probability/dataout/T126L28/prob20120213122012021606.T126L28.ctl
No hardcopy metafile open
All files closed; all defined objects released
All GrADS attributes have been reinitialized
open /gfs/dk22/modoper/tempo/global/oens/probability/dataout/T126L28/prob20120213122012021612.T126L28.ctl
No hardcopy metafile open
All files closed; all defined objects released
All GrADS attributes have been reinitialized
open /gfs/dk22/modoper/tempo/global/oens/probability/dataout/T126L28/prob20120213122012021618.T126L28.ctl
No hardcopy metafile open
All files closed; all defined objects released
All GrADS attributes have been reinitialized
open /gfs/dk22/modoper/tempo/global/oens/probability/dataout/T126L28/prob20120213122012021700.T126L28.ctl
No hardcopy metafile open
All files closed; all defined objects released
All GrADS attributes have been reinitialized
open /gfs/dk22/modoper/tempo/global/oens/probability/dataout/T126L28/prob20120213122012021706.T126L28.ctl
No hardcopy metafile open
All files closed; all defined objects released
All GrADS attributes have been reinitialized
open /gfs/dk22/modoper/tempo/global/oens/probability/dataout/T126L28/prob20120213122012021712.T126L28.ctl
No hardcopy metafile open
All files closed; all defined objects released
All GrADS attributes have been reinitialized
open /gfs/dk22/modoper/tempo/global/oens/probability/dataout/T126L28/prob20120213122012021718.T126L28.ctl
No hardcopy metafile open
All files closed; all defined objects released
All GrADS attributes have been reinitialized
open /gfs/dk22/modoper/tempo/global/oens/probability/dataout/T126L28/prob20120213122012021800.T126L28.ctl
No hardcopy metafile open
All files closed; all defined objects released
All GrADS attributes have been reinitialized
open /gfs/dk22/modoper/tempo/global/oens/probability/dataout/T126L28/prob20120213122012021806.T126L28.ctl
No hardcopy metafile open
All files closed; all defined objects released
All GrADS attributes have been reinitialized
open /gfs/dk22/modoper/tempo/global/oens/probability/dataout/T126L28/prob20120213122012021812.T126L28.ctl
No hardcopy metafile open
All files closed; all defined objects released
All GrADS attributes have been reinitialized
open /gfs/dk22/modoper/tempo/global/oens/probability/dataout/T126L28/prob20120213122012021818.T126L28.ctl
No hardcopy metafile open
All files closed; all defined objects released
All GrADS attributes have been reinitialized
open /gfs/dk22/modoper/tempo/global/oens/probability/dataout/T126L28/prob20120213122012021900.T126L28.ctl
No hardcopy metafile open
All files closed; all defined objects released
All GrADS attributes have been reinitialized
open /gfs/dk22/modoper/tempo/global/oens/probability/dataout/T126L28/prob20120213122012021906.T126L28.ctl
No hardcopy metafile open
All files closed; all defined objects released
All GrADS attributes have been reinitialized
open /gfs/dk22/modoper/tempo/global/oens/probability/dataout/T126L28/prob20120213122012021912.T126L28.ctl
No hardcopy metafile open
All files closed; all defined objects released
All GrADS attributes have been reinitialized
open /gfs/dk22/modoper/tempo/global/oens/probability/dataout/T126L28/prob20120213122012021918.T126L28.ctl
No hardcopy metafile open
All files closed; all defined objects released
All GrADS attributes have been reinitialized
open /gfs/dk22/modoper/tempo/global/oens/probability/dataout/T126L28/prob20120213122012022000.T126L28.ctl
No hardcopy metafile open
All files closed; all defined objects released
All GrADS attributes have been reinitialized
open /gfs/dk22/modoper/tempo/global/oens/probability/dataout/T126L28/prob20120213122012022006.T126L28.ctl
No hardcopy metafile open
All files closed; all defined objects released
All GrADS attributes have been reinitialized
open /gfs/dk22/modoper/tempo/global/oens/probability/dataout/T126L28/prob20120213122012022012.T126L28.ctl
No hardcopy metafile open
All files closed; all defined objects released
All GrADS attributes have been reinitialized
open /gfs/dk22/modoper/tempo/global/oens/probability/dataout/T126L28/prob20120213122012022018.T126L28.ctl
No hardcopy metafile open
All files closed; all defined objects released
All GrADS attributes have been reinitialized
open /gfs/dk22/modoper/tempo/global/oens/probability/dataout/T126L28/prob20120213122012022100.T126L28.ctl
No hardcopy metafile open
All files closed; all defined objects released
All GrADS attributes have been reinitialized
open /gfs/dk22/modoper/tempo/global/oens/probability/dataout/T126L28/prob20120213122012022106.T126L28.ctl
No hardcopy metafile open
All files closed; all defined objects released
All GrADS attributes have been reinitialized
open /gfs/dk22/modoper/tempo/global/oens/probability/dataout/T126L28/prob20120213122012022112.T126L28.ctl
No hardcopy metafile open
All files closed; all defined objects released
All GrADS attributes have been reinitialized
open /gfs/dk22/modoper/tempo/global/oens/probability/dataout/T126L28/prob20120213122012022118.T126L28.ctl
No hardcopy metafile open
All files closed; all defined objects released
All GrADS attributes have been reinitialized
open /gfs/dk22/modoper/tempo/global/oens/probability/dataout/T126L28/prob20120213122012022200.T126L28.ctl
No hardcopy metafile open
All files closed; all defined objects released
All GrADS attributes have been reinitialized
open /gfs/dk22/modoper/tempo/global/oens/probability/dataout/T126L28/prob20120213122012022206.T126L28.ctl
No hardcopy metafile open
All files closed; all defined objects released
All GrADS attributes have been reinitialized
open /gfs/dk22/modoper/tempo/global/oens/probability/dataout/T126L28/prob20120213122012022212.T126L28.ctl
No hardcopy metafile open
All files closed; all defined objects released
All GrADS attributes have been reinitialized
open /gfs/dk22/modoper/tempo/global/oens/probability/dataout/T126L28/prob20120213122012022218.T126L28.ctl
No hardcopy metafile open
All files closed; all defined objects released
All GrADS attributes have been reinitialized
open /gfs/dk22/modoper/tempo/global/oens/probability/dataout/T126L28/prob20120213122012022300.T126L28.ctl
No hardcopy metafile open
All files closed; all defined objects released
All GrADS attributes have been reinitialized
open /gfs/dk22/modoper/tempo/global/oens/probability/dataout/T126L28/prob20120213122012022306.T126L28.ctl
No hardcopy metafile open
All files closed; all defined objects released
All GrADS attributes have been reinitialized
open /gfs/dk22/modoper/tempo/global/oens/probability/dataout/T126L28/prob20120213122012022312.T126L28.ctl
No hardcopy metafile open
All files closed; all defined objects released
All GrADS attributes have been reinitialized
open /gfs/dk22/modoper/tempo/global/oens/probability/dataout/T126L28/prob20120213122012022318.T126L28.ctl
No hardcopy metafile open
All files closed; all defined objects released
All GrADS attributes have been reinitialized
open /gfs/dk22/modoper/tempo/global/oens/probability/dataout/T126L28/prob20120213122012022400.T126L28.ctl
No hardcopy metafile open
All files closed; all defined objects released
All GrADS attributes have been reinitialized
open /gfs/dk22/modoper/tempo/global/oens/probability/dataout/T126L28/prob20120213122012022406.T126L28.ctl
No hardcopy metafile open
All files closed; all defined objects released
All GrADS attributes have been reinitialized
open /gfs/dk22/modoper/tempo/global/oens/probability/dataout/T126L28/prob20120213122012022412.T126L28.ctl
No hardcopy metafile open
All files closed; all defined objects released
All GrADS attributes have been reinitialized
open /gfs/dk22/modoper/tempo/global/oens/probability/dataout/T126L28/prob20120213122012022418.T126L28.ctl
No hardcopy metafile open
All files closed; all defined objects released
All GrADS attributes have been reinitialized
open /gfs/dk22/modoper/tempo/global/oens/probability/dataout/T126L28/prob20120213122012022500.T126L28.ctl
No hardcopy metafile open
All files closed; all defined objects released
All GrADS attributes have been reinitialized
open /gfs/dk22/modoper/tempo/global/oens/probability/dataout/T126L28/prob20120213122012022506.T126L28.ctl
No hardcopy metafile open
All files closed; all defined objects released
All GrADS attributes have been reinitialized
open /gfs/dk22/modoper/tempo/global/oens/probability/dataout/T126L28/prob20120213122012022512.T126L28.ctl
No hardcopy metafile open
All files closed; all defined objects released
All GrADS attributes have been reinitialized
open /gfs/dk22/modoper/tempo/global/oens/probability/dataout/T126L28/prob20120213122012022518.T126L28.ctl
No hardcopy metafile open
All files closed; all defined objects released
All GrADS attributes have been reinitialized
open /gfs/dk22/modoper/tempo/global/oens/probability/dataout/T126L28/prob20120213122012022600.T126L28.ctl
No hardcopy metafile open
All files closed; all defined objects released
All GrADS attributes have been reinitialized
open /gfs/dk22/modoper/tempo/global/oens/probability/dataout/T126L28/prob20120213122012022606.T126L28.ctl
No hardcopy metafile open
All files closed; all defined objects released
All GrADS attributes have been reinitialized
open /gfs/dk22/modoper/tempo/global/oens/probability/dataout/T126L28/prob20120213122012022612.T126L28.ctl
No hardcopy metafile open
All files closed; all defined objects released
All GrADS attributes have been reinitialized
open /gfs/dk22/modoper/tempo/global/oens/probability/dataout/T126L28/prob20120213122012022618.T126L28.ctl
No hardcopy metafile open
All files closed; all defined objects released
All GrADS attributes have been reinitialized
open /gfs/dk22/modoper/tempo/global/oens/probability/dataout/T126L28/prob20120213122012022700.T126L28.ctl
No hardcopy metafile open
All files closed; all defined objects released
All GrADS attributes have been reinitialized
open /gfs/dk22/modoper/tempo/global/oens/probability/dataout/T126L28/prob20120213122012022706.T126L28.ctl
No hardcopy metafile open
All files closed; all defined objects released
All GrADS attributes have been reinitialized
open /gfs/dk22/modoper/tempo/global/oens/probability/dataout/T126L28/prob20120213122012022712.T126L28.ctl
No hardcopy metafile open
All files closed; all defined objects released
All GrADS attributes have been reinitialized
open /gfs/dk22/modoper/tempo/global/oens/probability/dataout/T126L28/prob20120213122012022718.T126L28.ctl
No hardcopy metafile open
All files closed; all defined objects released
All GrADS attributes have been reinitialized
open /gfs/dk22/modoper/tempo/global/oens/probability/dataout/T126L28/prob20120213122012022800.T126L28.ctl
No hardcopy metafile open
All files closed; all defined objects released
All GrADS attributes have been reinitialized
open /gfs/dk22/modoper/tempo/global/oens/probability/dataout/T126L28/prob20120213122012022806.T126L28.ctl
No hardcopy metafile open
All files closed; all defined objects released
All GrADS attributes have been reinitialized
open /gfs/dk22/modoper/tempo/global/oens/probability/dataout/T126L28/prob20120213122012022812.T126L28.ctl
No hardcopy metafile open
GX package terminated 
Inicio: 20120213
/gfs/home3/modoper/tools/dataman.ksh[356]: cannot create /gfs/home3/io_dop/tools/report0_7664.log: Permission denied
/gfs/home3/modoper/tools/dataman.ksh[357]: cannot create /gfs/home3/io_dop/tools/reportX_7664.log: Permission denied
 
Input: /gfs/dk22/modoper/tempo/global/oens/probability/dataout/T126L28
File: prob2012021312*
Output: /bangu/samfs/modoper/tempo/global/oens/nmc/T126L28/produtos/probability/binctl/2012/02/13
`/gfs/dk22/modoper/tempo/global/oens/probability/dataout/T126L28/prob20120213122012022812.T126L28.lst' -> `/bangu/samfs/modoper/tempo/global/oens/nmc/T126L28/produtos/probability/binctl/2012/02/13/prob20120213122012022812.T126L28.lst'
`/gfs/dk22/modoper/tempo/global/oens/probability/dataout/T126L28/prob20120213122012021412.T126L28.ctl' -> `/bangu/samfs/modoper/tempo/global/oens/nmc/T126L28/produtos/probability/binctl/2012/02/13/prob20120213122012021412.T126L28.ctl'
`/gfs/dk22/modoper/tempo/global/oens/probability/dataout/T126L28/prob20120213122012021412.T126L28.bin' -> `/bangu/samfs/modoper/tempo/global/oens/nmc/T126L28/produtos/probability/binctl/2012/02/13/prob20120213122012021412.T126L28.bin'
`/gfs/dk22/modoper/tempo/global/oens/probability/dataout/T126L28/prob20120213122012021418.T126L28.ctl' -> `/bangu/samfs/modoper/tempo/global/oens/nmc/T126L28/produtos/probability/binctl/2012/02/13/prob20120213122012021418.T126L28.ctl'
`/gfs/dk22/modoper/tempo/global/oens/probability/dataout/T126L28/prob20120213122012021418.T126L28.bin' -> `/bangu/samfs/modoper/tempo/global/oens/nmc/T126L28/produtos/probability/binctl/2012/02/13/prob20120213122012021418.T126L28.bin'
`/gfs/dk22/modoper/tempo/global/oens/probability/dataout/T126L28/prob20120213122012021500.T126L28.ctl' -> `/bangu/samfs/modoper/tempo/global/oens/nmc/T126L28/produtos/probability/binctl/2012/02/13/prob20120213122012021500.T126L28.ctl'
`/gfs/dk22/modoper/tempo/global/oens/probability/dataout/T126L28/prob20120213122012021500.T126L28.bin' -> `/bangu/samfs/modoper/tempo/global/oens/nmc/T126L28/produtos/probability/binctl/2012/02/13/prob20120213122012021500.T126L28.bin'
`/gfs/dk22/modoper/tempo/global/oens/probability/dataout/T126L28/prob20120213122012021506.T126L28.ctl' -> `/bangu/samfs/modoper/tempo/global/oens/nmc/T126L28/produtos/probability/binctl/2012/02/13/prob20120213122012021506.T126L28.ctl'
`/gfs/dk22/modoper/tempo/global/oens/probability/dataout/T126L28/prob20120213122012021506.T126L28.bin' -> `/bangu/samfs/modoper/tempo/global/oens/nmc/T126L28/produtos/probability/binctl/2012/02/13/prob20120213122012021506.T126L28.bin'
`/gfs/dk22/modoper/tempo/global/oens/probability/dataout/T126L28/prob20120213122012021512.T126L28.ctl' -> `/bangu/samfs/modoper/tempo/global/oens/nmc/T126L28/produtos/probability/binctl/2012/02/13/prob20120213122012021512.T126L28.ctl'
`/gfs/dk22/modoper/tempo/global/oens/probability/dataout/T126L28/prob20120213122012021512.T126L28.bin' -> `/bangu/samfs/modoper/tempo/global/oens/nmc/T126L28/produtos/probability/binctl/2012/02/13/prob20120213122012021512.T126L28.bin'
`/gfs/dk22/modoper/tempo/global/oens/probability/dataout/T126L28/prob20120213122012021518.T126L28.ctl' -> `/bangu/samfs/modoper/tempo/global/oens/nmc/T126L28/produtos/probability/binctl/2012/02/13/prob20120213122012021518.T126L28.ctl'
`/gfs/dk22/modoper/tempo/global/oens/probability/dataout/T126L28/prob20120213122012021518.T126L28.bin' -> `/bangu/samfs/modoper/tempo/global/oens/nmc/T126L28/produtos/probability/binctl/2012/02/13/prob20120213122012021518.T126L28.bin'
`/gfs/dk22/modoper/tempo/global/oens/probability/dataout/T126L28/prob20120213122012021600.T126L28.ctl' -> `/bangu/samfs/modoper/tempo/global/oens/nmc/T126L28/produtos/probability/binctl/2012/02/13/prob20120213122012021600.T126L28.ctl'
`/gfs/dk22/modoper/tempo/global/oens/probability/dataout/T126L28/prob20120213122012021600.T126L28.bin' -> `/bangu/samfs/modoper/tempo/global/oens/nmc/T126L28/produtos/probability/binctl/2012/02/13/prob20120213122012021600.T126L28.bin'
`/gfs/dk22/modoper/tempo/global/oens/probability/dataout/T126L28/prob20120213122012021606.T126L28.ctl' -> `/bangu/samfs/modoper/tempo/global/oens/nmc/T126L28/produtos/probability/binctl/2012/02/13/prob20120213122012021606.T126L28.ctl'
`/gfs/dk22/modoper/tempo/global/oens/probability/dataout/T126L28/prob20120213122012021606.T126L28.bin' -> `/bangu/samfs/modoper/tempo/global/oens/nmc/T126L28/produtos/probability/binctl/2012/02/13/prob20120213122012021606.T126L28.bin'
`/gfs/dk22/modoper/tempo/global/oens/probability/dataout/T126L28/prob20120213122012021612.T126L28.ctl' -> `/bangu/samfs/modoper/tempo/global/oens/nmc/T126L28/produtos/probability/binctl/2012/02/13/prob20120213122012021612.T126L28.ctl'
`/gfs/dk22/modoper/tempo/global/oens/probability/dataout/T126L28/prob20120213122012021612.T126L28.bin' -> `/bangu/samfs/modoper/tempo/global/oens/nmc/T126L28/produtos/probability/binctl/2012/02/13/prob20120213122012021612.T126L28.bin'
`/gfs/dk22/modoper/tempo/global/oens/probability/dataout/T126L28/prob20120213122012021618.T126L28.ctl' -> `/bangu/samfs/modoper/tempo/global/oens/nmc/T126L28/produtos/probability/binctl/2012/02/13/prob20120213122012021618.T126L28.ctl'
`/gfs/dk22/modoper/tempo/global/oens/probability/dataout/T126L28/prob20120213122012021618.T126L28.bin' -> `/bangu/samfs/modoper/tempo/global/oens/nmc/T126L28/produtos/probability/binctl/2012/02/13/prob20120213122012021618.T126L28.bin'
`/gfs/dk22/modoper/tempo/global/oens/probability/dataout/T126L28/prob20120213122012021700.T126L28.ctl' -> `/bangu/samfs/modoper/tempo/global/oens/nmc/T126L28/produtos/probability/binctl/2012/02/13/prob20120213122012021700.T126L28.ctl'
`/gfs/dk22/modoper/tempo/global/oens/probability/dataout/T126L28/prob20120213122012021700.T126L28.bin' -> `/bangu/samfs/modoper/tempo/global/oens/nmc/T126L28/produtos/probability/binctl/2012/02/13/prob20120213122012021700.T126L28.bin'
`/gfs/dk22/modoper/tempo/global/oens/probability/dataout/T126L28/prob20120213122012021706.T126L28.ctl' -> `/bangu/samfs/modoper/tempo/global/oens/nmc/T126L28/produtos/probability/binctl/2012/02/13/prob20120213122012021706.T126L28.ctl'
`/gfs/dk22/modoper/tempo/global/oens/probability/dataout/T126L28/prob20120213122012021706.T126L28.bin' -> `/bangu/samfs/modoper/tempo/global/oens/nmc/T126L28/produtos/probability/binctl/2012/02/13/prob20120213122012021706.T126L28.bin'
`/gfs/dk22/modoper/tempo/global/oens/probability/dataout/T126L28/prob20120213122012021712.T126L28.ctl' -> `/bangu/samfs/modoper/tempo/global/oens/nmc/T126L28/produtos/probability/binctl/2012/02/13/prob20120213122012021712.T126L28.ctl'
`/gfs/dk22/modoper/tempo/global/oens/probability/dataout/T126L28/prob20120213122012021712.T126L28.bin' -> `/bangu/samfs/modoper/tempo/global/oens/nmc/T126L28/produtos/probability/binctl/2012/02/13/prob20120213122012021712.T126L28.bin'
`/gfs/dk22/modoper/tempo/global/oens/probability/dataout/T126L28/prob20120213122012021718.T126L28.ctl' -> `/bangu/samfs/modoper/tempo/global/oens/nmc/T126L28/produtos/probability/binctl/2012/02/13/prob20120213122012021718.T126L28.ctl'
`/gfs/dk22/modoper/tempo/global/oens/probability/dataout/T126L28/prob20120213122012021718.T126L28.bin' -> `/bangu/samfs/modoper/tempo/global/oens/nmc/T126L28/produtos/probability/binctl/2012/02/13/prob20120213122012021718.T126L28.bin'
`/gfs/dk22/modoper/tempo/global/oens/probability/dataout/T126L28/prob20120213122012021800.T126L28.ctl' -> `/bangu/samfs/modoper/tempo/global/oens/nmc/T126L28/produtos/probability/binctl/2012/02/13/prob20120213122012021800.T126L28.ctl'
`/gfs/dk22/modoper/tempo/global/oens/probability/dataout/T126L28/prob20120213122012021800.T126L28.bin' -> `/bangu/samfs/modoper/tempo/global/oens/nmc/T126L28/produtos/probability/binctl/2012/02/13/prob20120213122012021800.T126L28.bin'
`/gfs/dk22/modoper/tempo/global/oens/probability/dataout/T126L28/prob20120213122012021806.T126L28.ctl' -> `/bangu/samfs/modoper/tempo/global/oens/nmc/T126L28/produtos/probability/binctl/2012/02/13/prob20120213122012021806.T126L28.ctl'
`/gfs/dk22/modoper/tempo/global/oens/probability/dataout/T126L28/prob20120213122012021806.T126L28.bin' -> `/bangu/samfs/modoper/tempo/global/oens/nmc/T126L28/produtos/probability/binctl/2012/02/13/prob20120213122012021806.T126L28.bin'
`/gfs/dk22/modoper/tempo/global/oens/probability/dataout/T126L28/prob20120213122012021812.T126L28.ctl' -> `/bangu/samfs/modoper/tempo/global/oens/nmc/T126L28/produtos/probability/binctl/2012/02/13/prob20120213122012021812.T126L28.ctl'
`/gfs/dk22/modoper/tempo/global/oens/probability/dataout/T126L28/prob20120213122012021812.T126L28.bin' -> `/bangu/samfs/modoper/tempo/global/oens/nmc/T126L28/produtos/probability/binctl/2012/02/13/prob20120213122012021812.T126L28.bin'
`/gfs/dk22/modoper/tempo/global/oens/probability/dataout/T126L28/prob20120213122012021818.T126L28.ctl' -> `/bangu/samfs/modoper/tempo/global/oens/nmc/T126L28/produtos/probability/binctl/2012/02/13/prob20120213122012021818.T126L28.ctl'
`/gfs/dk22/modoper/tempo/global/oens/probability/dataout/T126L28/prob20120213122012021818.T126L28.bin' -> `/bangu/samfs/modoper/tempo/global/oens/nmc/T126L28/produtos/probability/binctl/2012/02/13/prob20120213122012021818.T126L28.bin'
`/gfs/dk22/modoper/tempo/global/oens/probability/dataout/T126L28/prob20120213122012021900.T126L28.ctl' -> `/bangu/samfs/modoper/tempo/global/oens/nmc/T126L28/produtos/probability/binctl/2012/02/13/prob20120213122012021900.T126L28.ctl'
`/gfs/dk22/modoper/tempo/global/oens/probability/dataout/T126L28/prob20120213122012021900.T126L28.bin' -> `/bangu/samfs/modoper/tempo/global/oens/nmc/T126L28/produtos/probability/binctl/2012/02/13/prob20120213122012021900.T126L28.bin'
`/gfs/dk22/modoper/tempo/global/oens/probability/dataout/T126L28/prob20120213122012021906.T126L28.ctl' -> `/bangu/samfs/modoper/tempo/global/oens/nmc/T126L28/produtos/probability/binctl/2012/02/13/prob20120213122012021906.T126L28.ctl'
`/gfs/dk22/modoper/tempo/global/oens/probability/dataout/T126L28/prob20120213122012021906.T126L28.bin' -> `/bangu/samfs/modoper/tempo/global/oens/nmc/T126L28/produtos/probability/binctl/2012/02/13/prob20120213122012021906.T126L28.bin'
`/gfs/dk22/modoper/tempo/global/oens/probability/dataout/T126L28/prob20120213122012021912.T126L28.ctl' -> `/bangu/samfs/modoper/tempo/global/oens/nmc/T126L28/produtos/probability/binctl/2012/02/13/prob20120213122012021912.T126L28.ctl'
`/gfs/dk22/modoper/tempo/global/oens/probability/dataout/T126L28/prob20120213122012021912.T126L28.bin' -> `/bangu/samfs/modoper/tempo/global/oens/nmc/T126L28/produtos/probability/binctl/2012/02/13/prob20120213122012021912.T126L28.bin'
`/gfs/dk22/modoper/tempo/global/oens/probability/dataout/T126L28/prob20120213122012021918.T126L28.ctl' -> `/bangu/samfs/modoper/tempo/global/oens/nmc/T126L28/produtos/probability/binctl/2012/02/13/prob20120213122012021918.T126L28.ctl'
`/gfs/dk22/modoper/tempo/global/oens/probability/dataout/T126L28/prob20120213122012021918.T126L28.bin' -> `/bangu/samfs/modoper/tempo/global/oens/nmc/T126L28/produtos/probability/binctl/2012/02/13/prob20120213122012021918.T126L28.bin'
`/gfs/dk22/modoper/tempo/global/oens/probability/dataout/T126L28/prob20120213122012022000.T126L28.ctl' -> `/bangu/samfs/modoper/tempo/global/oens/nmc/T126L28/produtos/probability/binctl/2012/02/13/prob20120213122012022000.T126L28.ctl'
`/gfs/dk22/modoper/tempo/global/oens/probability/dataout/T126L28/prob20120213122012022000.T126L28.bin' -> `/bangu/samfs/modoper/tempo/global/oens/nmc/T126L28/produtos/probability/binctl/2012/02/13/prob20120213122012022000.T126L28.bin'
`/gfs/dk22/modoper/tempo/global/oens/probability/dataout/T126L28/prob20120213122012022006.T126L28.ctl' -> `/bangu/samfs/modoper/tempo/global/oens/nmc/T126L28/produtos/probability/binctl/2012/02/13/prob20120213122012022006.T126L28.ctl'
`/gfs/dk22/modoper/tempo/global/oens/probability/dataout/T126L28/prob20120213122012022006.T126L28.bin' -> `/bangu/samfs/modoper/tempo/global/oens/nmc/T126L28/produtos/probability/binctl/2012/02/13/prob20120213122012022006.T126L28.bin'
`/gfs/dk22/modoper/tempo/global/oens/probability/dataout/T126L28/prob20120213122012022012.T126L28.ctl' -> `/bangu/samfs/modoper/tempo/global/oens/nmc/T126L28/produtos/probability/binctl/2012/02/13/prob20120213122012022012.T126L28.ctl'
`/gfs/dk22/modoper/tempo/global/oens/probability/dataout/T126L28/prob20120213122012022012.T126L28.bin' -> `/bangu/samfs/modoper/tempo/global/oens/nmc/T126L28/produtos/probability/binctl/2012/02/13/prob20120213122012022012.T126L28.bin'
`/gfs/dk22/modoper/tempo/global/oens/probability/dataout/T126L28/prob20120213122012022018.T126L28.ctl' -> `/bangu/samfs/modoper/tempo/global/oens/nmc/T126L28/produtos/probability/binctl/2012/02/13/prob20120213122012022018.T126L28.ctl'
`/gfs/dk22/modoper/tempo/global/oens/probability/dataout/T126L28/prob20120213122012022018.T126L28.bin' -> `/bangu/samfs/modoper/tempo/global/oens/nmc/T126L28/produtos/probability/binctl/2012/02/13/prob20120213122012022018.T126L28.bin'
`/gfs/dk22/modoper/tempo/global/oens/probability/dataout/T126L28/prob20120213122012022100.T126L28.ctl' -> `/bangu/samfs/modoper/tempo/global/oens/nmc/T126L28/produtos/probability/binctl/2012/02/13/prob20120213122012022100.T126L28.ctl'
`/gfs/dk22/modoper/tempo/global/oens/probability/dataout/T126L28/prob20120213122012022100.T126L28.bin' -> `/bangu/samfs/modoper/tempo/global/oens/nmc/T126L28/produtos/probability/binctl/2012/02/13/prob20120213122012022100.T126L28.bin'
`/gfs/dk22/modoper/tempo/global/oens/probability/dataout/T126L28/prob20120213122012022106.T126L28.ctl' -> `/bangu/samfs/modoper/tempo/global/oens/nmc/T126L28/produtos/probability/binctl/2012/02/13/prob20120213122012022106.T126L28.ctl'
`/gfs/dk22/modoper/tempo/global/oens/probability/dataout/T126L28/prob20120213122012022106.T126L28.bin' -> `/bangu/samfs/modoper/tempo/global/oens/nmc/T126L28/produtos/probability/binctl/2012/02/13/prob20120213122012022106.T126L28.bin'
`/gfs/dk22/modoper/tempo/global/oens/probability/dataout/T126L28/prob20120213122012022112.T126L28.ctl' -> `/bangu/samfs/modoper/tempo/global/oens/nmc/T126L28/produtos/probability/binctl/2012/02/13/prob20120213122012022112.T126L28.ctl'
`/gfs/dk22/modoper/tempo/global/oens/probability/dataout/T126L28/prob20120213122012022112.T126L28.bin' -> `/bangu/samfs/modoper/tempo/global/oens/nmc/T126L28/produtos/probability/binctl/2012/02/13/prob20120213122012022112.T126L28.bin'
`/gfs/dk22/modoper/tempo/global/oens/probability/dataout/T126L28/prob20120213122012022118.T126L28.ctl' -> `/bangu/samfs/modoper/tempo/global/oens/nmc/T126L28/produtos/probability/binctl/2012/02/13/prob20120213122012022118.T126L28.ctl'
`/gfs/dk22/modoper/tempo/global/oens/probability/dataout/T126L28/prob20120213122012022118.T126L28.bin' -> `/bangu/samfs/modoper/tempo/global/oens/nmc/T126L28/produtos/probability/binctl/2012/02/13/prob20120213122012022118.T126L28.bin'
`/gfs/dk22/modoper/tempo/global/oens/probability/dataout/T126L28/prob20120213122012022200.T126L28.ctl' -> `/bangu/samfs/modoper/tempo/global/oens/nmc/T126L28/produtos/probability/binctl/2012/02/13/prob20120213122012022200.T126L28.ctl'
`/gfs/dk22/modoper/tempo/global/oens/probability/dataout/T126L28/prob20120213122012022200.T126L28.bin' -> `/bangu/samfs/modoper/tempo/global/oens/nmc/T126L28/produtos/probability/binctl/2012/02/13/prob20120213122012022200.T126L28.bin'
`/gfs/dk22/modoper/tempo/global/oens/probability/dataout/T126L28/prob20120213122012022206.T126L28.ctl' -> `/bangu/samfs/modoper/tempo/global/oens/nmc/T126L28/produtos/probability/binctl/2012/02/13/prob20120213122012022206.T126L28.ctl'
`/gfs/dk22/modoper/tempo/global/oens/probability/dataout/T126L28/prob20120213122012022206.T126L28.bin' -> `/bangu/samfs/modoper/tempo/global/oens/nmc/T126L28/produtos/probability/binctl/2012/02/13/prob20120213122012022206.T126L28.bin'
`/gfs/dk22/modoper/tempo/global/oens/probability/dataout/T126L28/prob20120213122012022212.T126L28.ctl' -> `/bangu/samfs/modoper/tempo/global/oens/nmc/T126L28/produtos/probability/binctl/2012/02/13/prob20120213122012022212.T126L28.ctl'
`/gfs/dk22/modoper/tempo/global/oens/probability/dataout/T126L28/prob20120213122012022212.T126L28.bin' -> `/bangu/samfs/modoper/tempo/global/oens/nmc/T126L28/produtos/probability/binctl/2012/02/13/prob20120213122012022212.T126L28.bin'
`/gfs/dk22/modoper/tempo/global/oens/probability/dataout/T126L28/prob20120213122012022218.T126L28.ctl' -> `/bangu/samfs/modoper/tempo/global/oens/nmc/T126L28/produtos/probability/binctl/2012/02/13/prob20120213122012022218.T126L28.ctl'
`/gfs/dk22/modoper/tempo/global/oens/probability/dataout/T126L28/prob20120213122012022218.T126L28.bin' -> `/bangu/samfs/modoper/tempo/global/oens/nmc/T126L28/produtos/probability/binctl/2012/02/13/prob20120213122012022218.T126L28.bin'
`/gfs/dk22/modoper/tempo/global/oens/probability/dataout/T126L28/prob20120213122012022300.T126L28.ctl' -> `/bangu/samfs/modoper/tempo/global/oens/nmc/T126L28/produtos/probability/binctl/2012/02/13/prob20120213122012022300.T126L28.ctl'
`/gfs/dk22/modoper/tempo/global/oens/probability/dataout/T126L28/prob20120213122012022300.T126L28.bin' -> `/bangu/samfs/modoper/tempo/global/oens/nmc/T126L28/produtos/probability/binctl/2012/02/13/prob20120213122012022300.T126L28.bin'
`/gfs/dk22/modoper/tempo/global/oens/probability/dataout/T126L28/prob20120213122012022306.T126L28.ctl' -> `/bangu/samfs/modoper/tempo/global/oens/nmc/T126L28/produtos/probability/binctl/2012/02/13/prob20120213122012022306.T126L28.ctl'
`/gfs/dk22/modoper/tempo/global/oens/probability/dataout/T126L28/prob20120213122012022306.T126L28.bin' -> `/bangu/samfs/modoper/tempo/global/oens/nmc/T126L28/produtos/probability/binctl/2012/02/13/prob20120213122012022306.T126L28.bin'
`/gfs/dk22/modoper/tempo/global/oens/probability/dataout/T126L28/prob20120213122012022312.T126L28.ctl' -> `/bangu/samfs/modoper/tempo/global/oens/nmc/T126L28/produtos/probability/binctl/2012/02/13/prob20120213122012022312.T126L28.ctl'
`/gfs/dk22/modoper/tempo/global/oens/probability/dataout/T126L28/prob20120213122012022312.T126L28.bin' -> `/bangu/samfs/modoper/tempo/global/oens/nmc/T126L28/produtos/probability/binctl/2012/02/13/prob20120213122012022312.T126L28.bin'
`/gfs/dk22/modoper/tempo/global/oens/probability/dataout/T126L28/prob20120213122012022318.T126L28.ctl' -> `/bangu/samfs/modoper/tempo/global/oens/nmc/T126L28/produtos/probability/binctl/2012/02/13/prob20120213122012022318.T126L28.ctl'
`/gfs/dk22/modoper/tempo/global/oens/probability/dataout/T126L28/prob20120213122012022318.T126L28.bin' -> `/bangu/samfs/modoper/tempo/global/oens/nmc/T126L28/produtos/probability/binctl/2012/02/13/prob20120213122012022318.T126L28.bin'
`/gfs/dk22/modoper/tempo/global/oens/probability/dataout/T126L28/prob20120213122012022400.T126L28.ctl' -> `/bangu/samfs/modoper/tempo/global/oens/nmc/T126L28/produtos/probability/binctl/2012/02/13/prob20120213122012022400.T126L28.ctl'
`/gfs/dk22/modoper/tempo/global/oens/probability/dataout/T126L28/prob20120213122012022406.T126L28.ctl' -> `/bangu/samfs/modoper/tempo/global/oens/nmc/T126L28/produtos/probability/binctl/2012/02/13/prob20120213122012022406.T126L28.ctl'
`/gfs/dk22/modoper/tempo/global/oens/probability/dataout/T126L28/prob20120213122012022412.T126L28.ctl' -> `/bangu/samfs/modoper/tempo/global/oens/nmc/T126L28/produtos/probability/binctl/2012/02/13/prob20120213122012022412.T126L28.ctl'
`/gfs/dk22/modoper/tempo/global/oens/probability/dataout/T126L28/prob20120213122012022418.T126L28.ctl' -> `/bangu/samfs/modoper/tempo/global/oens/nmc/T126L28/produtos/probability/binctl/2012/02/13/prob20120213122012022418.T126L28.ctl'
`/gfs/dk22/modoper/tempo/global/oens/probability/dataout/T126L28/prob20120213122012022500.T126L28.ctl' -> `/bangu/samfs/modoper/tempo/global/oens/nmc/T126L28/produtos/probability/binctl/2012/02/13/prob20120213122012022500.T126L28.ctl'
`/gfs/dk22/modoper/tempo/global/oens/probability/dataout/T126L28/prob20120213122012022506.T126L28.ctl' -> `/bangu/samfs/modoper/tempo/global/oens/nmc/T126L28/produtos/probability/binctl/2012/02/13/prob20120213122012022506.T126L28.ctl'
`/gfs/dk22/modoper/tempo/global/oens/probability/dataout/T126L28/prob20120213122012022512.T126L28.ctl' -> `/bangu/samfs/modoper/tempo/global/oens/nmc/T126L28/produtos/probability/binctl/2012/02/13/prob20120213122012022512.T126L28.ctl'
`/gfs/dk22/modoper/tempo/global/oens/probability/dataout/T126L28/prob20120213122012022518.T126L28.ctl' -> `/bangu/samfs/modoper/tempo/global/oens/nmc/T126L28/produtos/probability/binctl/2012/02/13/prob20120213122012022518.T126L28.ctl'
`/gfs/dk22/modoper/tempo/global/oens/probability/dataout/T126L28/prob20120213122012022600.T126L28.ctl' -> `/bangu/samfs/modoper/tempo/global/oens/nmc/T126L28/produtos/probability/binctl/2012/02/13/prob20120213122012022600.T126L28.ctl'
`/gfs/dk22/modoper/tempo/global/oens/probability/dataout/T126L28/prob20120213122012022606.T126L28.ctl' -> `/bangu/samfs/modoper/tempo/global/oens/nmc/T126L28/produtos/probability/binctl/2012/02/13/prob20120213122012022606.T126L28.ctl'
`/gfs/dk22/modoper/tempo/global/oens/probability/dataout/T126L28/prob20120213122012022612.T126L28.ctl' -> `/bangu/samfs/modoper/tempo/global/oens/nmc/T126L28/produtos/probability/binctl/2012/02/13/prob20120213122012022612.T126L28.ctl'
`/gfs/dk22/modoper/tempo/global/oens/probability/dataout/T126L28/prob20120213122012022618.T126L28.ctl' -> `/bangu/samfs/modoper/tempo/global/oens/nmc/T126L28/produtos/probability/binctl/2012/02/13/prob20120213122012022618.T126L28.ctl'
`/gfs/dk22/modoper/tempo/global/oens/probability/dataout/T126L28/prob20120213122012022700.T126L28.ctl' -> `/bangu/samfs/modoper/tempo/global/oens/nmc/T126L28/produtos/probability/binctl/2012/02/13/prob20120213122012022700.T126L28.ctl'
`/gfs/dk22/modoper/tempo/global/oens/probability/dataout/T126L28/prob20120213122012022706.T126L28.ctl' -> `/bangu/samfs/modoper/tempo/global/oens/nmc/T126L28/produtos/probability/binctl/2012/02/13/prob20120213122012022706.T126L28.ctl'
`/gfs/dk22/modoper/tempo/global/oens/probability/dataout/T126L28/prob20120213122012022712.T126L28.ctl' -> `/bangu/samfs/modoper/tempo/global/oens/nmc/T126L28/produtos/probability/binctl/2012/02/13/prob20120213122012022712.T126L28.ctl'
`/gfs/dk22/modoper/tempo/global/oens/probability/dataout/T126L28/prob20120213122012022718.T126L28.ctl' -> `/bangu/samfs/modoper/tempo/global/oens/nmc/T126L28/produtos/probability/binctl/2012/02/13/prob20120213122012022718.T126L28.ctl'
`/gfs/dk22/modoper/tempo/global/oens/probability/dataout/T126L28/prob20120213122012022800.T126L28.ctl' -> `/bangu/samfs/modoper/tempo/global/oens/nmc/T126L28/produtos/probability/binctl/2012/02/13/prob20120213122012022800.T126L28.ctl'
`/gfs/dk22/modoper/tempo/global/oens/probability/dataout/T126L28/prob20120213122012022806.T126L28.ctl' -> `/bangu/samfs/modoper/tempo/global/oens/nmc/T126L28/produtos/probability/binctl/2012/02/13/prob20120213122012022806.T126L28.ctl'
`/gfs/dk22/modoper/tempo/global/oens/probability/dataout/T126L28/prob20120213122012022812.T126L28.ctl' -> `/bangu/samfs/modoper/tempo/global/oens/nmc/T126L28/produtos/probability/binctl/2012/02/13/prob20120213122012022812.T126L28.ctl'
`/gfs/dk22/modoper/tempo/global/oens/probability/dataout/T126L28/prob20120213122012021312.T126L28.lst' -> `/bangu/samfs/modoper/tempo/global/oens/nmc/T126L28/produtos/probability/binctl/2012/02/13/prob20120213122012021312.T126L28.lst'
`/gfs/dk22/modoper/tempo/global/oens/probability/dataout/T126L28/prob20120213122012022400.T126L28.bin' -> `/bangu/samfs/modoper/tempo/global/oens/nmc/T126L28/produtos/probability/binctl/2012/02/13/prob20120213122012022400.T126L28.bin'
`/gfs/dk22/modoper/tempo/global/oens/probability/dataout/T126L28/prob20120213122012022406.T126L28.bin' -> `/bangu/samfs/modoper/tempo/global/oens/nmc/T126L28/produtos/probability/binctl/2012/02/13/prob20120213122012022406.T126L28.bin'
`/gfs/dk22/modoper/tempo/global/oens/probability/dataout/T126L28/prob20120213122012022412.T126L28.bin' -> `/bangu/samfs/modoper/tempo/global/oens/nmc/T126L28/produtos/probability/binctl/2012/02/13/prob20120213122012022412.T126L28.bin'
`/gfs/dk22/modoper/tempo/global/oens/probability/dataout/T126L28/prob20120213122012022418.T126L28.bin' -> `/bangu/samfs/modoper/tempo/global/oens/nmc/T126L28/produtos/probability/binctl/2012/02/13/prob20120213122012022418.T126L28.bin'
`/gfs/dk22/modoper/tempo/global/oens/probability/dataout/T126L28/prob20120213122012022500.T126L28.bin' -> `/bangu/samfs/modoper/tempo/global/oens/nmc/T126L28/produtos/probability/binctl/2012/02/13/prob20120213122012022500.T126L28.bin'
`/gfs/dk22/modoper/tempo/global/oens/probability/dataout/T126L28/prob20120213122012022506.T126L28.bin' -> `/bangu/samfs/modoper/tempo/global/oens/nmc/T126L28/produtos/probability/binctl/2012/02/13/prob20120213122012022506.T126L28.bin'
`/gfs/dk22/modoper/tempo/global/oens/probability/dataout/T126L28/prob20120213122012022512.T126L28.bin' -> `/bangu/samfs/modoper/tempo/global/oens/nmc/T126L28/produtos/probability/binctl/2012/02/13/prob20120213122012022512.T126L28.bin'
`/gfs/dk22/modoper/tempo/global/oens/probability/dataout/T126L28/prob20120213122012022518.T126L28.bin' -> `/bangu/samfs/modoper/tempo/global/oens/nmc/T126L28/produtos/probability/binctl/2012/02/13/prob20120213122012022518.T126L28.bin'
`/gfs/dk22/modoper/tempo/global/oens/probability/dataout/T126L28/prob20120213122012022600.T126L28.bin' -> `/bangu/samfs/modoper/tempo/global/oens/nmc/T126L28/produtos/probability/binctl/2012/02/13/prob20120213122012022600.T126L28.bin'
`/gfs/dk22/modoper/tempo/global/oens/probability/dataout/T126L28/prob20120213122012022606.T126L28.bin' -> `/bangu/samfs/modoper/tempo/global/oens/nmc/T126L28/produtos/probability/binctl/2012/02/13/prob20120213122012022606.T126L28.bin'
`/gfs/dk22/modoper/tempo/global/oens/probability/dataout/T126L28/prob20120213122012022612.T126L28.bin' -> `/bangu/samfs/modoper/tempo/global/oens/nmc/T126L28/produtos/probability/binctl/2012/02/13/prob20120213122012022612.T126L28.bin'
`/gfs/dk22/modoper/tempo/global/oens/probability/dataout/T126L28/prob20120213122012022618.T126L28.bin' -> `/bangu/samfs/modoper/tempo/global/oens/nmc/T126L28/produtos/probability/binctl/2012/02/13/prob20120213122012022618.T126L28.bin'
`/gfs/dk22/modoper/tempo/global/oens/probability/dataout/T126L28/prob20120213122012022700.T126L28.bin' -> `/bangu/samfs/modoper/tempo/global/oens/nmc/T126L28/produtos/probability/binctl/2012/02/13/prob20120213122012022700.T126L28.bin'
`/gfs/dk22/modoper/tempo/global/oens/probability/dataout/T126L28/prob20120213122012022706.T126L28.bin' -> `/bangu/samfs/modoper/tempo/global/oens/nmc/T126L28/produtos/probability/binctl/2012/02/13/prob20120213122012022706.T126L28.bin'
`/gfs/dk22/modoper/tempo/global/oens/probability/dataout/T126L28/prob20120213122012022712.T126L28.bin' -> `/bangu/samfs/modoper/tempo/global/oens/nmc/T126L28/produtos/probability/binctl/2012/02/13/prob20120213122012022712.T126L28.bin'
`/gfs/dk22/modoper/tempo/global/oens/probability/dataout/T126L28/prob20120213122012022718.T126L28.bin' -> `/bangu/samfs/modoper/tempo/global/oens/nmc/T126L28/produtos/probability/binctl/2012/02/13/prob20120213122012022718.T126L28.bin'
`/gfs/dk22/modoper/tempo/global/oens/probability/dataout/T126L28/prob20120213122012022800.T126L28.bin' -> `/bangu/samfs/modoper/tempo/global/oens/nmc/T126L28/produtos/probability/binctl/2012/02/13/prob20120213122012022800.T126L28.bin'
`/gfs/dk22/modoper/tempo/global/oens/probability/dataout/T126L28/prob20120213122012022806.T126L28.bin' -> `/bangu/samfs/modoper/tempo/global/oens/nmc/T126L28/produtos/probability/binctl/2012/02/13/prob20120213122012022806.T126L28.bin'
`/gfs/dk22/modoper/tempo/global/oens/probability/dataout/T126L28/prob20120213122012022812.T126L28.bin' -> `/bangu/samfs/modoper/tempo/global/oens/nmc/T126L28/produtos/probability/binctl/2012/02/13/prob20120213122012022812.T126L28.bin'
`/gfs/dk22/modoper/tempo/global/oens/probability/dataout/T126L28/prob2012021312.ctl' -> `/bangu/samfs/modoper/tempo/global/oens/nmc/T126L28/produtos/probability/binctl/2012/02/13/prob2012021312.ctl'
Apagando: /gfs/dk22/modoper/tempo/global/oens/probability/dataout/T126L28/prob20120211122012022612.T126L28.lst
Apagando: /gfs/dk22/modoper/tempo/global/oens/probability/dataout/T126L28/prob20120211122012021212.T126L28.ctl
Apagando: /gfs/dk22/modoper/tempo/global/oens/probability/dataout/T126L28/prob20120211122012021212.T126L28.bin
Apagando: /gfs/dk22/modoper/tempo/global/oens/probability/dataout/T126L28/prob20120211122012021218.T126L28.ctl
Apagando: /gfs/dk22/modoper/tempo/global/oens/probability/dataout/T126L28/prob20120211122012021218.T126L28.bin
Apagando: /gfs/dk22/modoper/tempo/global/oens/probability/dataout/T126L28/prob20120211122012021300.T126L28.ctl
Apagando: /gfs/dk22/modoper/tempo/global/oens/probability/dataout/T126L28/prob20120211122012021300.T126L28.bin
Apagando: /gfs/dk22/modoper/tempo/global/oens/probability/dataout/T126L28/prob20120211122012021306.T126L28.ctl
Apagando: /gfs/dk22/modoper/tempo/global/oens/probability/dataout/T126L28/prob20120211122012021306.T126L28.bin
Apagando: /gfs/dk22/modoper/tempo/global/oens/probability/dataout/T126L28/prob20120211122012021312.T126L28.ctl
Apagando: /gfs/dk22/modoper/tempo/global/oens/probability/dataout/T126L28/prob20120211122012021312.T126L28.bin
Apagando: /gfs/dk22/modoper/tempo/global/oens/probability/dataout/T126L28/prob20120211122012021318.T126L28.ctl
Apagando: /gfs/dk22/modoper/tempo/global/oens/probability/dataout/T126L28/prob20120211122012021318.T126L28.bin
Apagando: /gfs/dk22/modoper/tempo/global/oens/probability/dataout/T126L28/prob20120211122012021400.T126L28.ctl
Apagando: /gfs/dk22/modoper/tempo/global/oens/probability/dataout/T126L28/prob20120211122012021400.T126L28.bin
Apagando: /gfs/dk22/modoper/tempo/global/oens/probability/dataout/T126L28/prob20120211122012021406.T126L28.ctl
Apagando: /gfs/dk22/modoper/tempo/global/oens/probability/dataout/T126L28/prob20120211122012021406.T126L28.bin
Apagando: /gfs/dk22/modoper/tempo/global/oens/probability/dataout/T126L28/prob20120211122012021412.T126L28.ctl
Apagando: /gfs/dk22/modoper/tempo/global/oens/probability/dataout/T126L28/prob20120211122012021412.T126L28.bin
Apagando: /gfs/dk22/modoper/tempo/global/oens/probability/dataout/T126L28/prob20120211122012021418.T126L28.ctl
Apagando: /gfs/dk22/modoper/tempo/global/oens/probability/dataout/T126L28/prob20120211122012021418.T126L28.bin
Apagando: /gfs/dk22/modoper/tempo/global/oens/probability/dataout/T126L28/prob20120211122012021500.T126L28.ctl
Apagando: /gfs/dk22/modoper/tempo/global/oens/probability/dataout/T126L28/prob20120211122012021500.T126L28.bin
Apagando: /gfs/dk22/modoper/tempo/global/oens/probability/dataout/T126L28/prob20120211122012021506.T126L28.ctl
Apagando: /gfs/dk22/modoper/tempo/global/oens/probability/dataout/T126L28/prob20120211122012021506.T126L28.bin
Apagando: /gfs/dk22/modoper/tempo/global/oens/probability/dataout/T126L28/prob20120211122012021512.T126L28.ctl
Apagando: /gfs/dk22/modoper/tempo/global/oens/probability/dataout/T126L28/prob20120211122012021512.T126L28.bin
Apagando: /gfs/dk22/modoper/tempo/global/oens/probability/dataout/T126L28/prob20120211122012021518.T126L28.ctl
Apagando: /gfs/dk22/modoper/tempo/global/oens/probability/dataout/T126L28/prob20120211122012021518.T126L28.bin
Apagando: /gfs/dk22/modoper/tempo/global/oens/probability/dataout/T126L28/prob20120211122012021600.T126L28.ctl
Apagando: /gfs/dk22/modoper/tempo/global/oens/probability/dataout/T126L28/prob20120211122012021600.T126L28.bin
Apagando: /gfs/dk22/modoper/tempo/global/oens/probability/dataout/T126L28/prob20120211122012021606.T126L28.ctl
Apagando: /gfs/dk22/modoper/tempo/global/oens/probability/dataout/T126L28/prob20120211122012021606.T126L28.bin
Apagando: /gfs/dk22/modoper/tempo/global/oens/probability/dataout/T126L28/prob20120211122012021612.T126L28.ctl
Apagando: /gfs/dk22/modoper/tempo/global/oens/probability/dataout/T126L28/prob20120211122012021612.T126L28.bin
Apagando: /gfs/dk22/modoper/tempo/global/oens/probability/dataout/T126L28/prob20120211122012021618.T126L28.ctl
Apagando: /gfs/dk22/modoper/tempo/global/oens/probability/dataout/T126L28/prob20120211122012021618.T126L28.bin
Apagando: /gfs/dk22/modoper/tempo/global/oens/probability/dataout/T126L28/prob20120211122012021700.T126L28.ctl
Apagando: /gfs/dk22/modoper/tempo/global/oens/probability/dataout/T126L28/prob20120211122012021700.T126L28.bin
Apagando: /gfs/dk22/modoper/tempo/global/oens/probability/dataout/T126L28/prob20120211122012021706.T126L28.ctl
Apagando: /gfs/dk22/modoper/tempo/global/oens/probability/dataout/T126L28/prob20120211122012021706.T126L28.bin
Apagando: /gfs/dk22/modoper/tempo/global/oens/probability/dataout/T126L28/prob20120211122012021712.T126L28.ctl
Apagando: /gfs/dk22/modoper/tempo/global/oens/probability/dataout/T126L28/prob20120211122012021712.T126L28.bin
Apagando: /gfs/dk22/modoper/tempo/global/oens/probability/dataout/T126L28/prob20120211122012021718.T126L28.ctl
Apagando: /gfs/dk22/modoper/tempo/global/oens/probability/dataout/T126L28/prob20120211122012021718.T126L28.bin
Apagando: /gfs/dk22/modoper/tempo/global/oens/probability/dataout/T126L28/prob20120211122012021800.T126L28.ctl
Apagando: /gfs/dk22/modoper/tempo/global/oens/probability/dataout/T126L28/prob20120211122012021800.T126L28.bin
Apagando: /gfs/dk22/modoper/tempo/global/oens/probability/dataout/T126L28/prob20120211122012021806.T126L28.ctl
Apagando: /gfs/dk22/modoper/tempo/global/oens/probability/dataout/T126L28/prob20120211122012021806.T126L28.bin
Apagando: /gfs/dk22/modoper/tempo/global/oens/probability/dataout/T126L28/prob20120211122012021812.T126L28.ctl
Apagando: /gfs/dk22/modoper/tempo/global/oens/probability/dataout/T126L28/prob20120211122012021812.T126L28.bin
Apagando: /gfs/dk22/modoper/tempo/global/oens/probability/dataout/T126L28/prob20120211122012021818.T126L28.ctl
Apagando: /gfs/dk22/modoper/tempo/global/oens/probability/dataout/T126L28/prob20120211122012021818.T126L28.bin
Apagando: /gfs/dk22/modoper/tempo/global/oens/probability/dataout/T126L28/prob20120211122012021900.T126L28.ctl
Apagando: /gfs/dk22/modoper/tempo/global/oens/probability/dataout/T126L28/prob20120211122012021900.T126L28.bin
Apagando: /gfs/dk22/modoper/tempo/global/oens/probability/dataout/T126L28/prob20120211122012021906.T126L28.ctl
Apagando: /gfs/dk22/modoper/tempo/global/oens/probability/dataout/T126L28/prob20120211122012021912.T126L28.ctl
Apagando: /gfs/dk22/modoper/tempo/global/oens/probability/dataout/T126L28/prob20120211122012021918.T126L28.ctl
Apagando: /gfs/dk22/modoper/tempo/global/oens/probability/dataout/T126L28/prob20120211122012022000.T126L28.ctl
Apagando: /gfs/dk22/modoper/tempo/global/oens/probability/dataout/T126L28/prob20120211122012022006.T126L28.ctl
Apagando: /gfs/dk22/modoper/tempo/global/oens/probability/dataout/T126L28/prob20120211122012022012.T126L28.ctl
Apagando: /gfs/dk22/modoper/tempo/global/oens/probability/dataout/T126L28/prob20120211122012022018.T126L28.bin
Apagando: /gfs/dk22/modoper/tempo/global/oens/probability/dataout/T126L28/prob20120211122012022106.T126L28.ctl
Apagando: /gfs/dk22/modoper/tempo/global/oens/probability/dataout/T126L28/prob20120211122012022112.T126L28.bin
Apagando: /gfs/dk22/modoper/tempo/global/oens/probability/dataout/T126L28/prob20120211122012022200.T126L28.ctl
Apagando: /gfs/dk22/modoper/tempo/global/oens/probability/dataout/T126L28/prob20120211122012022206.T126L28.bin
Apagando: /gfs/dk22/modoper/tempo/global/oens/probability/dataout/T126L28/prob20120211122012022218.T126L28.ctl
Apagando: /gfs/dk22/modoper/tempo/global/oens/probability/dataout/T126L28/prob20120211122012022300.T126L28.bin
Apagando: /gfs/dk22/modoper/tempo/global/oens/probability/dataout/T126L28/prob20120211122012022312.T126L28.ctl
Apagando: /gfs/dk22/modoper/tempo/global/oens/probability/dataout/T126L28/prob20120211122012022318.T126L28.bin
Apagando: /gfs/dk22/modoper/tempo/global/oens/probability/dataout/T126L28/prob20120211122012022406.T126L28.ctl
Apagando: /gfs/dk22/modoper/tempo/global/oens/probability/dataout/T126L28/prob20120211122012022412.T126L28.bin
Apagando: /gfs/dk22/modoper/tempo/global/oens/probability/dataout/T126L28/prob20120211122012022500.T126L28.ctl
Apagando: /gfs/dk22/modoper/tempo/global/oens/probability/dataout/T126L28/prob20120211122012022506.T126L28.bin
Apagando: /gfs/dk22/modoper/tempo/global/oens/probability/dataout/T126L28/prob20120211122012022518.T126L28.ctl
Apagando: /gfs/dk22/modoper/tempo/global/oens/probability/dataout/T126L28/prob20120211122012022600.T126L28.bin
Apagando: /gfs/dk22/modoper/tempo/global/oens/probability/dataout/T126L28/prob20120211122012022612.T126L28.ctl
Apagando: /gfs/dk22/modoper/tempo/global/oens/probability/dataout/T126L28/prob2012021112.ctl
Apagando: /gfs/dk22/modoper/tempo/global/oens/probability/dataout/T126L28/prob20120211122012021906.T126L28.bin
Apagando: /gfs/dk22/modoper/tempo/global/oens/probability/dataout/T126L28/prob20120211122012021912.T126L28.bin
Apagando: /gfs/dk22/modoper/tempo/global/oens/probability/dataout/T126L28/prob20120211122012021918.T126L28.bin
Apagando: /gfs/dk22/modoper/tempo/global/oens/probability/dataout/T126L28/prob20120211122012022000.T126L28.bin
Apagando: /gfs/dk22/modoper/tempo/global/oens/probability/dataout/T126L28/prob20120211122012022006.T126L28.bin
Apagando: /gfs/dk22/modoper/tempo/global/oens/probability/dataout/T126L28/prob20120211122012022012.T126L28.bin
Apagando: /gfs/dk22/modoper/tempo/global/oens/probability/dataout/T126L28/prob20120211122012022100.T126L28.ctl
Apagando: /gfs/dk22/modoper/tempo/global/oens/probability/dataout/T126L28/prob20120211122012022106.T126L28.bin
Apagando: /gfs/dk22/modoper/tempo/global/oens/probability/dataout/T126L28/prob20120211122012022118.T126L28.ctl
Apagando: /gfs/dk22/modoper/tempo/global/oens/probability/dataout/T126L28/prob20120211122012022200.T126L28.bin
Apagando: /gfs/dk22/modoper/tempo/global/oens/probability/dataout/T126L28/prob20120211122012022212.T126L28.ctl
Apagando: /gfs/dk22/modoper/tempo/global/oens/probability/dataout/T126L28/prob20120211122012022218.T126L28.bin
Apagando: /gfs/dk22/modoper/tempo/global/oens/probability/dataout/T126L28/prob20120211122012022306.T126L28.ctl
Apagando: /gfs/dk22/modoper/tempo/global/oens/probability/dataout/T126L28/prob20120211122012022312.T126L28.bin
Apagando: /gfs/dk22/modoper/tempo/global/oens/probability/dataout/T126L28/prob20120211122012022400.T126L28.ctl
Apagando: /gfs/dk22/modoper/tempo/global/oens/probability/dataout/T126L28/prob20120211122012022406.T126L28.bin
Apagando: /gfs/dk22/modoper/tempo/global/oens/probability/dataout/T126L28/prob20120211122012022418.T126L28.ctl
Apagando: /gfs/dk22/modoper/tempo/global/oens/probability/dataout/T126L28/prob20120211122012022500.T126L28.bin
Apagando: /gfs/dk22/modoper/tempo/global/oens/probability/dataout/T126L28/prob20120211122012022512.T126L28.ctl
Apagando: /gfs/dk22/modoper/tempo/global/oens/probability/dataout/T126L28/prob20120211122012022518.T126L28.bin
Apagando: /gfs/dk22/modoper/tempo/global/oens/probability/dataout/T126L28/prob20120211122012022606.T126L28.ctl
Apagando: /gfs/dk22/modoper/tempo/global/oens/probability/dataout/T126L28/prob20120211122012022612.T126L28.bin
Apagando: /gfs/dk22/modoper/tempo/global/oens/probability/dataout/T126L28/prob20120211122012022018.T126L28.ctl
Apagando: /gfs/dk22/modoper/tempo/global/oens/probability/dataout/T126L28/prob20120211122012022100.T126L28.bin
Apagando: /gfs/dk22/modoper/tempo/global/oens/probability/dataout/T126L28/prob20120211122012022112.T126L28.ctl
Apagando: /gfs/dk22/modoper/tempo/global/oens/probability/dataout/T126L28/prob20120211122012022118.T126L28.bin
Apagando: /gfs/dk22/modoper/tempo/global/oens/probability/dataout/T126L28/prob20120211122012022206.T126L28.ctl
Apagando: /gfs/dk22/modoper/tempo/global/oens/probability/dataout/T126L28/prob20120211122012022212.T126L28.bin
Apagando: /gfs/dk22/modoper/tempo/global/oens/probability/dataout/T126L28/prob20120211122012022300.T126L28.ctl
Apagando: /gfs/dk22/modoper/tempo/global/oens/probability/dataout/T126L28/prob20120211122012022306.T126L28.bin
Apagando: /gfs/dk22/modoper/tempo/global/oens/probability/dataout/T126L28/prob20120211122012022318.T126L28.ctl
Apagando: /gfs/dk22/modoper/tempo/global/oens/probability/dataout/T126L28/prob20120211122012022400.T126L28.bin
Apagando: /gfs/dk22/modoper/tempo/global/oens/probability/dataout/T126L28/prob20120211122012022412.T126L28.ctl
Apagando: /gfs/dk22/modoper/tempo/global/oens/probability/dataout/T126L28/prob20120211122012022418.T126L28.bin
Apagando: /gfs/dk22/modoper/tempo/global/oens/probability/dataout/T126L28/prob20120211122012022506.T126L28.ctl
Apagando: /gfs/dk22/modoper/tempo/global/oens/probability/dataout/T126L28/prob20120211122012022512.T126L28.bin
Apagando: /gfs/dk22/modoper/tempo/global/oens/probability/dataout/T126L28/prob20120211122012022600.T126L28.ctl
Apagando: /gfs/dk22/modoper/tempo/global/oens/probability/dataout/T126L28/prob20120211122012022606.T126L28.bin
Apagando: /gfs/dk22/modoper/tempo/global/oens/probability/dataout/T126L28/prob20120211122012021112.T126L28.lst
Apagando: /gfs/dk22/modoper/tempo/global/oens/probability/dataout/T126L28/prob2012021100.ctl
Apagando: /gfs/dk22/modoper/tempo/global/oens/probability/dataout/T126L28/prob20120211002012021918.T126L28.bin
Apagando: /gfs/dk22/modoper/tempo/global/oens/probability/dataout/T126L28/prob20120211002012022006.T126L28.ctl
Apagando: /gfs/dk22/modoper/tempo/global/oens/probability/dataout/T126L28/prob20120211002012022012.T126L28.bin
Apagando: /gfs/dk22/modoper/tempo/global/oens/probability/dataout/T126L28/prob20120211002012022100.T126L28.ctl
Apagando: /gfs/dk22/modoper/tempo/global/oens/probability/dataout/T126L28/prob20120211002012022106.T126L28.bin
Apagando: /gfs/dk22/modoper/tempo/global/oens/probability/dataout/T126L28/prob20120211002012022118.T126L28.ctl
Apagando: /gfs/dk22/modoper/tempo/global/oens/probability/dataout/T126L28/prob20120211002012022200.T126L28.bin
Apagando: /gfs/dk22/modoper/tempo/global/oens/probability/dataout/T126L28/prob20120211002012022212.T126L28.ctl
Apagando: /gfs/dk22/modoper/tempo/global/oens/probability/dataout/T126L28/prob20120211002012022218.T126L28.bin
Apagando: /gfs/dk22/modoper/tempo/global/oens/probability/dataout/T126L28/prob20120211002012022306.T126L28.ctl
Apagando: /gfs/dk22/modoper/tempo/global/oens/probability/dataout/T126L28/prob20120211002012022312.T126L28.bin
Apagando: /gfs/dk22/modoper/tempo/global/oens/probability/dataout/T126L28/prob20120211002012022400.T126L28.ctl
Apagando: /gfs/dk22/modoper/tempo/global/oens/probability/dataout/T126L28/prob20120211002012022406.T126L28.bin
Apagando: /gfs/dk22/modoper/tempo/global/oens/probability/dataout/T126L28/prob20120211002012022418.T126L28.ctl
Apagando: /gfs/dk22/modoper/tempo/global/oens/probability/dataout/T126L28/prob20120211002012022500.T126L28.bin
Apagando: /gfs/dk22/modoper/tempo/global/oens/probability/dataout/T126L28/prob20120211002012022512.T126L28.ctl
Apagando: /gfs/dk22/modoper/tempo/global/oens/probability/dataout/T126L28/prob20120211002012022518.T126L28.bin
Apagando: /gfs/dk22/modoper/tempo/global/oens/probability/dataout/T126L28/prob20120211002012021100.T126L28.lst
Apagando: /gfs/dk22/modoper/tempo/global/oens/probability/dataout/T126L28/prob20120211002012022000.T126L28.bin
Apagando: /gfs/dk22/modoper/tempo/global/oens/probability/dataout/T126L28/prob20120211002012022012.T126L28.ctl
Apagando: /gfs/dk22/modoper/tempo/global/oens/probability/dataout/T126L28/prob20120211002012022018.T126L28.bin
Apagando: /gfs/dk22/modoper/tempo/global/oens/probability/dataout/T126L28/prob20120211002012022106.T126L28.ctl
Apagando: /gfs/dk22/modoper/tempo/global/oens/probability/dataout/T126L28/prob20120211002012022112.T126L28.bin
Apagando: /gfs/dk22/modoper/tempo/global/oens/probability/dataout/T126L28/prob20120211002012022200.T126L28.ctl
Apagando: /gfs/dk22/modoper/tempo/global/oens/probability/dataout/T126L28/prob20120211002012022206.T126L28.bin
Apagando: /gfs/dk22/modoper/tempo/global/oens/probability/dataout/T126L28/prob20120211002012022218.T126L28.ctl
Apagando: /gfs/dk22/modoper/tempo/global/oens/probability/dataout/T126L28/prob20120211002012022300.T126L28.bin
Apagando: /gfs/dk22/modoper/tempo/global/oens/probability/dataout/T126L28/prob20120211002012022312.T126L28.ctl
Apagando: /gfs/dk22/modoper/tempo/global/oens/probability/dataout/T126L28/prob20120211002012022318.T126L28.bin
Apagando: /gfs/dk22/modoper/tempo/global/oens/probability/dataout/T126L28/prob20120211002012022406.T126L28.ctl
Apagando: /gfs/dk22/modoper/tempo/global/oens/probability/dataout/T126L28/prob20120211002012022412.T126L28.bin
Apagando: /gfs/dk22/modoper/tempo/global/oens/probability/dataout/T126L28/prob20120211002012022500.T126L28.ctl
Apagando: /gfs/dk22/modoper/tempo/global/oens/probability/dataout/T126L28/prob20120211002012022506.T126L28.bin
Apagando: /gfs/dk22/modoper/tempo/global/oens/probability/dataout/T126L28/prob20120211002012022518.T126L28.ctl
Apagando: /gfs/dk22/modoper/tempo/global/oens/probability/dataout/T126L28/prob20120211002012022600.T126L28.bin
Apagando: /gfs/dk22/modoper/tempo/global/oens/probability/dataout/T126L28/prob20120211002012022600.T126L28.lst
Apagando: /gfs/dk22/modoper/tempo/global/oens/probability/dataout/T126L28/prob20120211002012021200.T126L28.ctl
Apagando: /gfs/dk22/modoper/tempo/global/oens/probability/dataout/T126L28/prob20120211002012021200.T126L28.bin
Apagando: /gfs/dk22/modoper/tempo/global/oens/probability/dataout/T126L28/prob20120211002012021206.T126L28.ctl
Apagando: /gfs/dk22/modoper/tempo/global/oens/probability/dataout/T126L28/prob20120211002012021206.T126L28.bin
Apagando: /gfs/dk22/modoper/tempo/global/oens/probability/dataout/T126L28/prob20120211002012021212.T126L28.ctl
Apagando: /gfs/dk22/modoper/tempo/global/oens/probability/dataout/T126L28/prob20120211002012021212.T126L28.bin
Apagando: /gfs/dk22/modoper/tempo/global/oens/probability/dataout/T126L28/prob20120211002012021218.T126L28.ctl
Apagando: /gfs/dk22/modoper/tempo/global/oens/probability/dataout/T126L28/prob20120211002012021218.T126L28.bin
Apagando: /gfs/dk22/modoper/tempo/global/oens/probability/dataout/T126L28/prob20120211002012021300.T126L28.ctl
Apagando: /gfs/dk22/modoper/tempo/global/oens/probability/dataout/T126L28/prob20120211002012021300.T126L28.bin
Apagando: /gfs/dk22/modoper/tempo/global/oens/probability/dataout/T126L28/prob20120211002012021306.T126L28.ctl
Apagando: /gfs/dk22/modoper/tempo/global/oens/probability/dataout/T126L28/prob20120211002012021306.T126L28.bin
Apagando: /gfs/dk22/modoper/tempo/global/oens/probability/dataout/T126L28/prob20120211002012021312.T126L28.ctl
Apagando: /gfs/dk22/modoper/tempo/global/oens/probability/dataout/T126L28/prob20120211002012021312.T126L28.bin
Apagando: /gfs/dk22/modoper/tempo/global/oens/probability/dataout/T126L28/prob20120211002012021318.T126L28.ctl
Apagando: /gfs/dk22/modoper/tempo/global/oens/probability/dataout/T126L28/prob20120211002012021318.T126L28.bin
Apagando: /gfs/dk22/modoper/tempo/global/oens/probability/dataout/T126L28/prob20120211002012021400.T126L28.ctl
Apagando: /gfs/dk22/modoper/tempo/global/oens/probability/dataout/T126L28/prob20120211002012021400.T126L28.bin
Apagando: /gfs/dk22/modoper/tempo/global/oens/probability/dataout/T126L28/prob20120211002012021406.T126L28.ctl
Apagando: /gfs/dk22/modoper/tempo/global/oens/probability/dataout/T126L28/prob20120211002012021406.T126L28.bin
Apagando: /gfs/dk22/modoper/tempo/global/oens/probability/dataout/T126L28/prob20120211002012021412.T126L28.ctl
Apagando: /gfs/dk22/modoper/tempo/global/oens/probability/dataout/T126L28/prob20120211002012021412.T126L28.bin
Apagando: /gfs/dk22/modoper/tempo/global/oens/probability/dataout/T126L28/prob20120211002012021418.T126L28.ctl
Apagando: /gfs/dk22/modoper/tempo/global/oens/probability/dataout/T126L28/prob20120211002012021418.T126L28.bin
Apagando: /gfs/dk22/modoper/tempo/global/oens/probability/dataout/T126L28/prob20120211002012021500.T126L28.ctl
Apagando: /gfs/dk22/modoper/tempo/global/oens/probability/dataout/T126L28/prob20120211002012021500.T126L28.bin
Apagando: /gfs/dk22/modoper/tempo/global/oens/probability/dataout/T126L28/prob20120211002012021506.T126L28.ctl
Apagando: /gfs/dk22/modoper/tempo/global/oens/probability/dataout/T126L28/prob20120211002012021506.T126L28.bin
Apagando: /gfs/dk22/modoper/tempo/global/oens/probability/dataout/T126L28/prob20120211002012021512.T126L28.ctl
Apagando: /gfs/dk22/modoper/tempo/global/oens/probability/dataout/T126L28/prob20120211002012021512.T126L28.bin
Apagando: /gfs/dk22/modoper/tempo/global/oens/probability/dataout/T126L28/prob20120211002012021518.T126L28.ctl
Apagando: /gfs/dk22/modoper/tempo/global/oens/probability/dataout/T126L28/prob20120211002012021518.T126L28.bin
Apagando: /gfs/dk22/modoper/tempo/global/oens/probability/dataout/T126L28/prob20120211002012021600.T126L28.ctl
Apagando: /gfs/dk22/modoper/tempo/global/oens/probability/dataout/T126L28/prob20120211002012021600.T126L28.bin
Apagando: /gfs/dk22/modoper/tempo/global/oens/probability/dataout/T126L28/prob20120211002012021606.T126L28.ctl
Apagando: /gfs/dk22/modoper/tempo/global/oens/probability/dataout/T126L28/prob20120211002012021606.T126L28.bin
Apagando: /gfs/dk22/modoper/tempo/global/oens/probability/dataout/T126L28/prob20120211002012021612.T126L28.ctl
Apagando: /gfs/dk22/modoper/tempo/global/oens/probability/dataout/T126L28/prob20120211002012021612.T126L28.bin
Apagando: /gfs/dk22/modoper/tempo/global/oens/probability/dataout/T126L28/prob20120211002012021618.T126L28.ctl
Apagando: /gfs/dk22/modoper/tempo/global/oens/probability/dataout/T126L28/prob20120211002012021618.T126L28.bin
Apagando: /gfs/dk22/modoper/tempo/global/oens/probability/dataout/T126L28/prob20120211002012021700.T126L28.ctl
Apagando: /gfs/dk22/modoper/tempo/global/oens/probability/dataout/T126L28/prob20120211002012021700.T126L28.bin
Apagando: /gfs/dk22/modoper/tempo/global/oens/probability/dataout/T126L28/prob20120211002012021706.T126L28.ctl
Apagando: /gfs/dk22/modoper/tempo/global/oens/probability/dataout/T126L28/prob20120211002012021706.T126L28.bin
Apagando: /gfs/dk22/modoper/tempo/global/oens/probability/dataout/T126L28/prob20120211002012021712.T126L28.ctl
Apagando: /gfs/dk22/modoper/tempo/global/oens/probability/dataout/T126L28/prob20120211002012021712.T126L28.bin
Apagando: /gfs/dk22/modoper/tempo/global/oens/probability/dataout/T126L28/prob20120211002012021718.T126L28.ctl
Apagando: /gfs/dk22/modoper/tempo/global/oens/probability/dataout/T126L28/prob20120211002012021718.T126L28.bin
Apagando: /gfs/dk22/modoper/tempo/global/oens/probability/dataout/T126L28/prob20120211002012021800.T126L28.ctl
Apagando: /gfs/dk22/modoper/tempo/global/oens/probability/dataout/T126L28/prob20120211002012021800.T126L28.bin
Apagando: /gfs/dk22/modoper/tempo/global/oens/probability/dataout/T126L28/prob20120211002012021806.T126L28.ctl
Apagando: /gfs/dk22/modoper/tempo/global/oens/probability/dataout/T126L28/prob20120211002012021806.T126L28.bin
Apagando: /gfs/dk22/modoper/tempo/global/oens/probability/dataout/T126L28/prob20120211002012021812.T126L28.ctl
Apagando: /gfs/dk22/modoper/tempo/global/oens/probability/dataout/T126L28/prob20120211002012021812.T126L28.bin
Apagando: /gfs/dk22/modoper/tempo/global/oens/probability/dataout/T126L28/prob20120211002012021818.T126L28.ctl
Apagando: /gfs/dk22/modoper/tempo/global/oens/probability/dataout/T126L28/prob20120211002012021818.T126L28.bin
Apagando: /gfs/dk22/modoper/tempo/global/oens/probability/dataout/T126L28/prob20120211002012021900.T126L28.ctl
Apagando: /gfs/dk22/modoper/tempo/global/oens/probability/dataout/T126L28/prob20120211002012021900.T126L28.bin
Apagando: /gfs/dk22/modoper/tempo/global/oens/probability/dataout/T126L28/prob20120211002012021906.T126L28.ctl
Apagando: /gfs/dk22/modoper/tempo/global/oens/probability/dataout/T126L28/prob20120211002012021906.T126L28.bin
Apagando: /gfs/dk22/modoper/tempo/global/oens/probability/dataout/T126L28/prob20120211002012021912.T126L28.ctl
Apagando: /gfs/dk22/modoper/tempo/global/oens/probability/dataout/T126L28/prob20120211002012021912.T126L28.bin
Apagando: /gfs/dk22/modoper/tempo/global/oens/probability/dataout/T126L28/prob20120211002012021918.T126L28.ctl
Apagando: /gfs/dk22/modoper/tempo/global/oens/probability/dataout/T126L28/prob20120211002012022000.T126L28.ctl
Apagando: /gfs/dk22/modoper/tempo/global/oens/probability/dataout/T126L28/prob20120211002012022006.T126L28.bin
Apagando: /gfs/dk22/modoper/tempo/global/oens/probability/dataout/T126L28/prob20120211002012022018.T126L28.ctl
Apagando: /gfs/dk22/modoper/tempo/global/oens/probability/dataout/T126L28/prob20120211002012022100.T126L28.bin
Apagando: /gfs/dk22/modoper/tempo/global/oens/probability/dataout/T126L28/prob20120211002012022112.T126L28.ctl
Apagando: /gfs/dk22/modoper/tempo/global/oens/probability/dataout/T126L28/prob20120211002012022118.T126L28.bin
Apagando: /gfs/dk22/modoper/tempo/global/oens/probability/dataout/T126L28/prob20120211002012022206.T126L28.ctl
Apagando: /gfs/dk22/modoper/tempo/global/oens/probability/dataout/T126L28/prob20120211002012022212.T126L28.bin
Apagando: /gfs/dk22/modoper/tempo/global/oens/probability/dataout/T126L28/prob20120211002012022300.T126L28.ctl
Apagando: /gfs/dk22/modoper/tempo/global/oens/probability/dataout/T126L28/prob20120211002012022306.T126L28.bin
Apagando: /gfs/dk22/modoper/tempo/global/oens/probability/dataout/T126L28/prob20120211002012022318.T126L28.ctl
Apagando: /gfs/dk22/modoper/tempo/global/oens/probability/dataout/T126L28/prob20120211002012022400.T126L28.bin
Apagando: /gfs/dk22/modoper/tempo/global/oens/probability/dataout/T126L28/prob20120211002012022412.T126L28.ctl
Apagando: /gfs/dk22/modoper/tempo/global/oens/probability/dataout/T126L28/prob20120211002012022418.T126L28.bin
Apagando: /gfs/dk22/modoper/tempo/global/oens/probability/dataout/T126L28/prob20120211002012022506.T126L28.ctl
Apagando: /gfs/dk22/modoper/tempo/global/oens/probability/dataout/T126L28/prob20120211002012022512.T126L28.bin
Apagando: /gfs/dk22/modoper/tempo/global/oens/probability/dataout/T126L28/prob20120211002012022600.T126L28.ctl
Tentando remover o arquivo /gfs/dk22/modoper/tempo/global/oens/probability/dataout/T126L28/prob20110301002011031600.T126L28.lst, mas ele nao encontra-se no diretorio backup (/bangu/samfs/modoper/tempo/global/oens/nmc/T126L28/produtos/probability/binctl), enviando email...
/gfs/home3/modoper/tools/dataman.ksh[647]: cannot create /gfs/home3/io_dop/tools/report_7664.log: Permission denied
385.439u 53.520s 9:54.78 73.8%	0+0k 0+0io 1251503pf+0w
