stty: : Invalid argument
vt100
resize:  can't open terminal /dev/tty
======================================
Welcome to tupan00: SUPER-UX 14.1 SX-6
Today is Sun Feb 12 04:46:54 GMT 2012
======================================
runperreco1.sx6 126 28 03 2012021200 15 NO 07 
sx6
2012021204:46
out
/gfs/home3/modoper/tempo/global/oens
/gfs/home3/modoper/tempo/global/oens
/gfs/dk22/modoper/tempo/global/oens
/gfs/dk22/modoper/tempo/global/oens/model/datain
/gfs/home3/modoper/tempo/global/oens/run/setperreco.1.03T126L28.sx6
Date: 20120212
Hour: 04:46
2012021200


rm: ERROR: Cannot access templ032012021200: No such file or directory
-rw-r--r--    1 modoper  pnt             200 Feb 12 04:46 /gfs/home3/modoper/tempo/global/oens/eof/datain/templ032012021200
ls: ERROR: Cannot access /gfs/dk22/modoper/tempo/global/oens/recfct/dataout/T126L28/GFCT03R2012021200*.fct*: No such file or directory
sx6
PNT-EN
12021204:46
out
/gfs/home3/modoper/tempo/global/oens
/gfs/home3/modoper/tempo/global/oens
/gfs/dk22/modoper/tempo/global/oens
/gfs/dk22/modoper/tempo/global/oens/model/datain
/gfs/home3/modoper/tempo/global/oens/run/setrecfct.1.FCT03RT126L28.sx6
Date: 20120212
Hour: 04:46
FCT03R
2012021200
2012021203
GFCT03R
GFCT03R
GFCT03R
F.fct
F.fct
R.fct
/gfs/home3/modoper/tempo/global/oens
/gfs/home3/modoper/tempo/global/oens
/gfs/dk22/modoper/tempo/global/oens
/gfs/dk22/modoper/tempo/global/oens/model/datain
run
run
GFCT03R20120212002012021203F.fct.T126L28
/gfs/home3/modoper/tempo/global/oens/recfct/datain/GFCT03R20120212002012021203F.fct.T126L28
+ echo Recomposition  -x-  RUNNING ...
Recomposition  -x-  RUNNING ...
+ source=/gfs/home3/modoper/tempo/global/oens/recfct/source
+ bin=/gfs/home3/modoper/tempo/global/oens/recfct/bin/T126L28
+ input=/gfs/home3/modoper/tempo/global/oens/recfct/datain
+ out=/gfs/home3/modoper/tempo/global/oens/recfct/output
+ echo run
run
+ [ run = make ]
+ echo run
run
+ [ run = clean ]
+ cd /gfs/home3/modoper/tempo/global/oens/recfct/bin/T126L28
+ echo ./recfct.T126L28 < /gfs/home3/modoper/tempo/global/oens/recfct/datain/recfctFCT03R.nml > /gfs/home3/modoper/tempo/global/oens/recfct/output/recfct.out.2012021200.04:46.T126L28
./recfct.T126L28 < /gfs/home3/modoper/tempo/global/oens/recfct/datain/recfctFCT03R.nml > /gfs/home3/modoper/tempo/global/oens/recfct/output/recfct.out.2012021200.04:46.T126L28
+ ./recfct.T126L28
+ 0< /gfs/home3/modoper/tempo/global/oens/recfct/datain/recfctFCT03R.nml 1> /gfs/home3/modoper/tempo/global/oens/recfct/output/recfct.out.2012021200.04:46.T126L28
 
 
     ******  Program Information  ******
  Real Time (sec)       :         13.930757
  User Time (sec)       :          4.137629
  Sys  Time (sec)       :          0.098395
  Vector Time (sec)     :          0.346532
  Inst. Count           :        1596986017.
  V. Inst. Count        :          16052480.
  V. Element Count      :        1289251883.
  FLOP Count            :         534710003.
  MOPS                  :        693.678841
  MFLOPS                :        129.231029
  VLEN                  :         80.314810
  V. Op. Ratio (%)      :         44.918766
  Memory Size (MB)      :        192.031250
  MIPS                  :        385.966496
  I-Cache (sec)         :          0.003566
  O-Cache (sec)         :          0.872534
  Bank (sec)            :          0.001190
 
  Start Time (date)  :  2012/02/12 04:46:58
  End   Time (date)  :  2012/02/12 04:47:12
-rw-r--r--    1 modoper  pnt             400 Feb 12 04:47 /gfs/home3/modoper/tempo/global/oens/eof/datain/templ032012021200
sx6
PNT-EN
12021204:47
out
/gfs/home3/modoper/tempo/global/oens
/gfs/home3/modoper/tempo/global/oens
/gfs/dk22/modoper/tempo/global/oens
/gfs/dk22/modoper/tempo/global/oens/model/datain
/gfs/home3/modoper/tempo/global/oens/run/setrecfct.1.FCT03RT126L28.sx6
Date: 20120212
Hour: 04:47
FCT03R
2012021200
2012021206
GFCT03R
GFCT03R
GFCT03R
F.fct
F.fct
R.fct
/gfs/home3/modoper/tempo/global/oens
/gfs/home3/modoper/tempo/global/oens
/gfs/dk22/modoper/tempo/global/oens
/gfs/dk22/modoper/tempo/global/oens/model/datain
run
run
GFCT03R20120212002012021206F.fct.T126L28
/gfs/home3/modoper/tempo/global/oens/recfct/datain/GFCT03R20120212002012021206F.fct.T126L28
+ echo Recomposition  -x-  RUNNING ...
Recomposition  -x-  RUNNING ...
+ source=/gfs/home3/modoper/tempo/global/oens/recfct/source
+ bin=/gfs/home3/modoper/tempo/global/oens/recfct/bin/T126L28
+ input=/gfs/home3/modoper/tempo/global/oens/recfct/datain
+ out=/gfs/home3/modoper/tempo/global/oens/recfct/output
+ echo run
run
+ [ run = make ]
+ echo run
run
+ [ run = clean ]
+ cd /gfs/home3/modoper/tempo/global/oens/recfct/bin/T126L28
+ echo ./recfct.T126L28 < /gfs/home3/modoper/tempo/global/oens/recfct/datain/recfctFCT03R.nml > /gfs/home3/modoper/tempo/global/oens/recfct/output/recfct.out.2012021200.04:47.T126L28
./recfct.T126L28 < /gfs/home3/modoper/tempo/global/oens/recfct/datain/recfctFCT03R.nml > /gfs/home3/modoper/tempo/global/oens/recfct/output/recfct.out.2012021200.04:47.T126L28
+ ./recfct.T126L28
+ 0< /gfs/home3/modoper/tempo/global/oens/recfct/datain/recfctFCT03R.nml 1> /gfs/home3/modoper/tempo/global/oens/recfct/output/recfct.out.2012021200.04:47.T126L28
 
 
     ******  Program Information  ******
  Real Time (sec)       :         13.810354
  User Time (sec)       :          4.148859
  Sys  Time (sec)       :          0.144227
  Vector Time (sec)     :          0.348349
  Inst. Count           :        1596986017.
  V. Inst. Count        :          16052480.
  V. Element Count      :        1289251883.
  FLOP Count            :         534710003.
  MOPS                  :        691.801122
  MFLOPS                :        128.881213
  VLEN                  :         80.314810
  V. Op. Ratio (%)      :         44.918766
  Memory Size (MB)      :        192.031250
  MIPS                  :        384.921723
  I-Cache (sec)         :          0.007633
  O-Cache (sec)         :          0.881723
  Bank (sec)            :          0.001190
 
  Start Time (date)  :  2012/02/12 04:47:13
  End   Time (date)  :  2012/02/12 04:47:27
-rw-r--r--    1 modoper  pnt             600 Feb 12 04:47 /gfs/home3/modoper/tempo/global/oens/eof/datain/templ032012021200
sx6
PNT-EN
12021204:47
out
/gfs/home3/modoper/tempo/global/oens
/gfs/home3/modoper/tempo/global/oens
/gfs/dk22/modoper/tempo/global/oens
/gfs/dk22/modoper/tempo/global/oens/model/datain
/gfs/home3/modoper/tempo/global/oens/run/setrecfct.1.FCT03RT126L28.sx6
Date: 20120212
Hour: 04:47
FCT03R
2012021200
2012021209
GFCT03R
GFCT03R
GFCT03R
F.fct
F.fct
R.fct
/gfs/home3/modoper/tempo/global/oens
/gfs/home3/modoper/tempo/global/oens
/gfs/dk22/modoper/tempo/global/oens
/gfs/dk22/modoper/tempo/global/oens/model/datain
run
run
GFCT03R20120212002012021209F.fct.T126L28
/gfs/home3/modoper/tempo/global/oens/recfct/datain/GFCT03R20120212002012021209F.fct.T126L28
+ echo Recomposition  -x-  RUNNING ...
Recomposition  -x-  RUNNING ...
+ source=/gfs/home3/modoper/tempo/global/oens/recfct/source
+ bin=/gfs/home3/modoper/tempo/global/oens/recfct/bin/T126L28
+ input=/gfs/home3/modoper/tempo/global/oens/recfct/datain
+ out=/gfs/home3/modoper/tempo/global/oens/recfct/output
+ echo run
run
+ [ run = make ]
+ echo run
run
+ [ run = clean ]
+ cd /gfs/home3/modoper/tempo/global/oens/recfct/bin/T126L28
+ echo ./recfct.T126L28 < /gfs/home3/modoper/tempo/global/oens/recfct/datain/recfctFCT03R.nml > /gfs/home3/modoper/tempo/global/oens/recfct/output/recfct.out.2012021200.04:47.T126L28
./recfct.T126L28 < /gfs/home3/modoper/tempo/global/oens/recfct/datain/recfctFCT03R.nml > /gfs/home3/modoper/tempo/global/oens/recfct/output/recfct.out.2012021200.04:47.T126L28
+ ./recfct.T126L28
+ 0< /gfs/home3/modoper/tempo/global/oens/recfct/datain/recfctFCT03R.nml 1> /gfs/home3/modoper/tempo/global/oens/recfct/output/recfct.out.2012021200.04:47.T126L28
 
 
     ******  Program Information  ******
  Real Time (sec)       :          8.382885
  User Time (sec)       :          4.142548
  Sys  Time (sec)       :          0.118848
  Vector Time (sec)     :          0.346904
  Inst. Count           :        1596986017.
  V. Inst. Count        :          16052480.
  V. Element Count      :        1289251883.
  FLOP Count            :         534710003.
  MOPS                  :        692.855083
  MFLOPS                :        129.077564
  VLEN                  :         80.314810
  V. Op. Ratio (%)      :         44.918766
  Memory Size (MB)      :        192.031250
  MIPS                  :        385.508153
  I-Cache (sec)         :          0.006028
  O-Cache (sec)         :          0.876653
  Bank (sec)            :          0.001190
 
  Start Time (date)  :  2012/02/12 04:47:28
  End   Time (date)  :  2012/02/12 04:47:36
-rw-r--r--    1 modoper  pnt             800 Feb 12 04:47 /gfs/home3/modoper/tempo/global/oens/eof/datain/templ032012021200
sx6
PNT-EN
12021204:47
out
/gfs/home3/modoper/tempo/global/oens
/gfs/home3/modoper/tempo/global/oens
/gfs/dk22/modoper/tempo/global/oens
/gfs/dk22/modoper/tempo/global/oens/model/datain
/gfs/home3/modoper/tempo/global/oens/run/setrecfct.1.FCT03RT126L28.sx6
Date: 20120212
Hour: 04:47
FCT03R
2012021200
2012021212
GFCT03R
GFCT03R
GFCT03R
F.fct
F.fct
R.fct
/gfs/home3/modoper/tempo/global/oens
/gfs/home3/modoper/tempo/global/oens
/gfs/dk22/modoper/tempo/global/oens
/gfs/dk22/modoper/tempo/global/oens/model/datain
run
run
GFCT03R20120212002012021212F.fct.T126L28
/gfs/home3/modoper/tempo/global/oens/recfct/datain/GFCT03R20120212002012021212F.fct.T126L28
+ echo Recomposition  -x-  RUNNING ...
Recomposition  -x-  RUNNING ...
+ source=/gfs/home3/modoper/tempo/global/oens/recfct/source
+ bin=/gfs/home3/modoper/tempo/global/oens/recfct/bin/T126L28
+ input=/gfs/home3/modoper/tempo/global/oens/recfct/datain
+ out=/gfs/home3/modoper/tempo/global/oens/recfct/output
+ echo run
run
+ [ run = make ]
+ echo run
run
+ [ run = clean ]
+ cd /gfs/home3/modoper/tempo/global/oens/recfct/bin/T126L28
+ echo ./recfct.T126L28 < /gfs/home3/modoper/tempo/global/oens/recfct/datain/recfctFCT03R.nml > /gfs/home3/modoper/tempo/global/oens/recfct/output/recfct.out.2012021200.04:47.T126L28
./recfct.T126L28 < /gfs/home3/modoper/tempo/global/oens/recfct/datain/recfctFCT03R.nml > /gfs/home3/modoper/tempo/global/oens/recfct/output/recfct.out.2012021200.04:47.T126L28
+ ./recfct.T126L28
+ 0< /gfs/home3/modoper/tempo/global/oens/recfct/datain/recfctFCT03R.nml 1> /gfs/home3/modoper/tempo/global/oens/recfct/output/recfct.out.2012021200.04:47.T126L28
 
 
     ******  Program Information  ******
  Real Time (sec)       :         13.753895
  User Time (sec)       :          4.132059
  Sys  Time (sec)       :          0.064101
  Vector Time (sec)     :          0.346037
  Inst. Count           :        1596986048.
  V. Inst. Count        :          16052480.
  V. Element Count      :        1289251883.
  FLOP Count            :         534710004.
  MOPS                  :        694.613802
  MFLOPS                :        129.405209
  VLEN                  :         80.314810
  V. Op. Ratio (%)      :         44.918766
  Memory Size (MB)      :        192.031250
  MIPS                  :        386.486717
  I-Cache (sec)         :          0.000820
  O-Cache (sec)         :          0.867380
  Bank (sec)            :          0.001190
 
  Start Time (date)  :  2012/02/12 04:47:37
  End   Time (date)  :  2012/02/12 04:47:51
-rw-r--r--    1 modoper  pnt            1000 Feb 12 04:47 /gfs/home3/modoper/tempo/global/oens/eof/datain/templ032012021200
sx6
PNT-EN
12021204:47
out
/gfs/home3/modoper/tempo/global/oens
/gfs/home3/modoper/tempo/global/oens
/gfs/dk22/modoper/tempo/global/oens
/gfs/dk22/modoper/tempo/global/oens/model/datain
/gfs/home3/modoper/tempo/global/oens/run/setrecfct.1.FCT03RT126L28.sx6
Date: 20120212
Hour: 04:47
FCT03R
2012021200
2012021215
GFCT03R
GFCT03R
GFCT03R
F.fct
F.fct
R.fct
/gfs/home3/modoper/tempo/global/oens
/gfs/home3/modoper/tempo/global/oens
/gfs/dk22/modoper/tempo/global/oens
/gfs/dk22/modoper/tempo/global/oens/model/datain
run
run
GFCT03R20120212002012021215F.fct.T126L28
/gfs/home3/modoper/tempo/global/oens/recfct/datain/GFCT03R20120212002012021215F.fct.T126L28
+ echo Recomposition  -x-  RUNNING ...
Recomposition  -x-  RUNNING ...
+ source=/gfs/home3/modoper/tempo/global/oens/recfct/source
+ bin=/gfs/home3/modoper/tempo/global/oens/recfct/bin/T126L28
+ input=/gfs/home3/modoper/tempo/global/oens/recfct/datain
+ out=/gfs/home3/modoper/tempo/global/oens/recfct/output
+ echo run
run
+ [ run = make ]
+ echo run
run
+ [ run = clean ]
+ cd /gfs/home3/modoper/tempo/global/oens/recfct/bin/T126L28
+ echo ./recfct.T126L28 < /gfs/home3/modoper/tempo/global/oens/recfct/datain/recfctFCT03R.nml > /gfs/home3/modoper/tempo/global/oens/recfct/output/recfct.out.2012021200.04:47.T126L28
./recfct.T126L28 < /gfs/home3/modoper/tempo/global/oens/recfct/datain/recfctFCT03R.nml > /gfs/home3/modoper/tempo/global/oens/recfct/output/recfct.out.2012021200.04:47.T126L28
+ ./recfct.T126L28
+ 0< /gfs/home3/modoper/tempo/global/oens/recfct/datain/recfctFCT03R.nml 1> /gfs/home3/modoper/tempo/global/oens/recfct/output/recfct.out.2012021200.04:47.T126L28
 
 
     ******  Program Information  ******
  Real Time (sec)       :         17.222142
  User Time (sec)       :          4.137085
  Sys  Time (sec)       :          0.072817
  Vector Time (sec)     :          0.347128
  Inst. Count           :        1596986048.
  V. Inst. Count        :          16052480.
  V. Element Count      :        1289251883.
  FLOP Count            :         534710004.
  MOPS                  :        693.770073
  MFLOPS                :        129.248024
  VLEN                  :         80.314810
  V. Op. Ratio (%)      :         44.918766
  Memory Size (MB)      :        192.031250
  MIPS                  :        386.017261
  I-Cache (sec)         :          0.001324
  O-Cache (sec)         :          0.873546
  Bank (sec)            :          0.001190
 
  Start Time (date)  :  2012/02/12 04:47:52
  End   Time (date)  :  2012/02/12 04:48:09
-rw-r--r--    1 modoper  pnt            1200 Feb 12 04:48 /gfs/home3/modoper/tempo/global/oens/eof/datain/templ032012021200
sx6
PNT-EN
12021204:48
out
/gfs/home3/modoper/tempo/global/oens
/gfs/home3/modoper/tempo/global/oens
/gfs/dk22/modoper/tempo/global/oens
/gfs/dk22/modoper/tempo/global/oens/model/datain
/gfs/home3/modoper/tempo/global/oens/run/setrecfct.1.FCT03RT126L28.sx6
Date: 20120212
Hour: 04:48
FCT03R
2012021200
2012021218
GFCT03R
GFCT03R
GFCT03R
F.fct
F.fct
R.fct
/gfs/home3/modoper/tempo/global/oens
/gfs/home3/modoper/tempo/global/oens
/gfs/dk22/modoper/tempo/global/oens
/gfs/dk22/modoper/tempo/global/oens/model/datain
run
run
GFCT03R20120212002012021218F.fct.T126L28
/gfs/home3/modoper/tempo/global/oens/recfct/datain/GFCT03R20120212002012021218F.fct.T126L28
+ echo Recomposition  -x-  RUNNING ...
Recomposition  -x-  RUNNING ...
+ source=/gfs/home3/modoper/tempo/global/oens/recfct/source
+ bin=/gfs/home3/modoper/tempo/global/oens/recfct/bin/T126L28
+ input=/gfs/home3/modoper/tempo/global/oens/recfct/datain
+ out=/gfs/home3/modoper/tempo/global/oens/recfct/output
+ echo run
run
+ [ run = make ]
+ echo run
run
+ [ run = clean ]
+ cd /gfs/home3/modoper/tempo/global/oens/recfct/bin/T126L28
+ echo ./recfct.T126L28 < /gfs/home3/modoper/tempo/global/oens/recfct/datain/recfctFCT03R.nml > /gfs/home3/modoper/tempo/global/oens/recfct/output/recfct.out.2012021200.04:48.T126L28
./recfct.T126L28 < /gfs/home3/modoper/tempo/global/oens/recfct/datain/recfctFCT03R.nml > /gfs/home3/modoper/tempo/global/oens/recfct/output/recfct.out.2012021200.04:48.T126L28
+ ./recfct.T126L28
+ 0< /gfs/home3/modoper/tempo/global/oens/recfct/datain/recfctFCT03R.nml 1> /gfs/home3/modoper/tempo/global/oens/recfct/output/recfct.out.2012021200.04:48.T126L28
 
 
     ******  Program Information  ******
  Real Time (sec)       :          7.009163
  User Time (sec)       :          4.140030
  Sys  Time (sec)       :          0.063120
  Vector Time (sec)     :          0.348114
  Inst. Count           :        1596986048.
  V. Inst. Count        :          16052480.
  V. Element Count      :        1289251883.
  FLOP Count            :         534710004.
  MOPS                  :        693.276550
  MFLOPS                :        129.156082
  VLEN                  :         80.314810
  V. Op. Ratio (%)      :         44.918766
  Memory Size (MB)      :        192.031250
  MIPS                  :        385.742662
  I-Cache (sec)         :          0.001002
  O-Cache (sec)         :          0.875630
  Bank (sec)            :          0.001191
 
  Start Time (date)  :  2012/02/12 04:48:10
  End   Time (date)  :  2012/02/12 04:48:17
-rw-r--r--    1 modoper  pnt            1400 Feb 12 04:48 /gfs/home3/modoper/tempo/global/oens/eof/datain/templ032012021200
sx6
PNT-EN
12021204:48
out
/gfs/home3/modoper/tempo/global/oens
/gfs/home3/modoper/tempo/global/oens
/gfs/dk22/modoper/tempo/global/oens
/gfs/dk22/modoper/tempo/global/oens/model/datain
/gfs/home3/modoper/tempo/global/oens/run/setrecfct.1.FCT03RT126L28.sx6
Date: 20120212
Hour: 04:48
FCT03R
2012021200
2012021221
GFCT03R
GFCT03R
GFCT03R
F.fct
F.fct
R.fct
/gfs/home3/modoper/tempo/global/oens
/gfs/home3/modoper/tempo/global/oens
/gfs/dk22/modoper/tempo/global/oens
/gfs/dk22/modoper/tempo/global/oens/model/datain
run
run
GFCT03R20120212002012021221F.fct.T126L28
/gfs/home3/modoper/tempo/global/oens/recfct/datain/GFCT03R20120212002012021221F.fct.T126L28
+ echo Recomposition  -x-  RUNNING ...
Recomposition  -x-  RUNNING ...
+ source=/gfs/home3/modoper/tempo/global/oens/recfct/source
+ bin=/gfs/home3/modoper/tempo/global/oens/recfct/bin/T126L28
+ input=/gfs/home3/modoper/tempo/global/oens/recfct/datain
+ out=/gfs/home3/modoper/tempo/global/oens/recfct/output
+ echo run
run
+ [ run = make ]
+ echo run
run
+ [ run = clean ]
+ cd /gfs/home3/modoper/tempo/global/oens/recfct/bin/T126L28
+ echo ./recfct.T126L28 < /gfs/home3/modoper/tempo/global/oens/recfct/datain/recfctFCT03R.nml > /gfs/home3/modoper/tempo/global/oens/recfct/output/recfct.out.2012021200.04:48.T126L28
./recfct.T126L28 < /gfs/home3/modoper/tempo/global/oens/recfct/datain/recfctFCT03R.nml > /gfs/home3/modoper/tempo/global/oens/recfct/output/recfct.out.2012021200.04:48.T126L28
+ ./recfct.T126L28
+ 0< /gfs/home3/modoper/tempo/global/oens/recfct/datain/recfctFCT03R.nml 1> /gfs/home3/modoper/tempo/global/oens/recfct/output/recfct.out.2012021200.04:48.T126L28
 
 
     ******  Program Information  ******
  Real Time (sec)       :         13.828156
  User Time (sec)       :          4.120140
  Sys  Time (sec)       :          0.064888
  Vector Time (sec)     :          0.342121
  Inst. Count           :        1596986048.
  V. Inst. Count        :          16052480.
  V. Element Count      :        1289251883.
  FLOP Count            :         534710004.
  MOPS                  :        696.623296
  MFLOPS                :        129.779574
  VLEN                  :         80.314810
  V. Op. Ratio (%)      :         44.918766
  Memory Size (MB)      :        192.031250
  MIPS                  :        387.604809
  I-Cache (sec)         :          0.001246
  O-Cache (sec)         :          0.858896
  Bank (sec)            :          0.001191
 
  Start Time (date)  :  2012/02/12 04:48:19
  End   Time (date)  :  2012/02/12 04:48:32
-rw-r--r--    1 modoper  pnt            1600 Feb 12 04:48 /gfs/home3/modoper/tempo/global/oens/eof/datain/templ032012021200
sx6
PNT-EN
12021204:48
out
/gfs/home3/modoper/tempo/global/oens
/gfs/home3/modoper/tempo/global/oens
/gfs/dk22/modoper/tempo/global/oens
/gfs/dk22/modoper/tempo/global/oens/model/datain
/gfs/home3/modoper/tempo/global/oens/run/setrecfct.1.FCT03RT126L28.sx6
Date: 20120212
Hour: 04:48
FCT03R
2012021200
2012021300
GFCT03R
GFCT03R
GFCT03R
F.fct
F.fct
R.fct
/gfs/home3/modoper/tempo/global/oens
/gfs/home3/modoper/tempo/global/oens
/gfs/dk22/modoper/tempo/global/oens
/gfs/dk22/modoper/tempo/global/oens/model/datain
run
run
GFCT03R20120212002012021300F.fct.T126L28
/gfs/home3/modoper/tempo/global/oens/recfct/datain/GFCT03R20120212002012021300F.fct.T126L28
+ echo Recomposition  -x-  RUNNING ...
Recomposition  -x-  RUNNING ...
+ source=/gfs/home3/modoper/tempo/global/oens/recfct/source
+ bin=/gfs/home3/modoper/tempo/global/oens/recfct/bin/T126L28
+ input=/gfs/home3/modoper/tempo/global/oens/recfct/datain
+ out=/gfs/home3/modoper/tempo/global/oens/recfct/output
+ echo run
run
+ [ run = make ]
+ echo run
run
+ [ run = clean ]
+ cd /gfs/home3/modoper/tempo/global/oens/recfct/bin/T126L28
+ echo ./recfct.T126L28 < /gfs/home3/modoper/tempo/global/oens/recfct/datain/recfctFCT03R.nml > /gfs/home3/modoper/tempo/global/oens/recfct/output/recfct.out.2012021200.04:48.T126L28
./recfct.T126L28 < /gfs/home3/modoper/tempo/global/oens/recfct/datain/recfctFCT03R.nml > /gfs/home3/modoper/tempo/global/oens/recfct/output/recfct.out.2012021200.04:48.T126L28
+ ./recfct.T126L28
+ 0< /gfs/home3/modoper/tempo/global/oens/recfct/datain/recfctFCT03R.nml 1> /gfs/home3/modoper/tempo/global/oens/recfct/output/recfct.out.2012021200.04:48.T126L28
 
 
     ******  Program Information  ******
  Real Time (sec)       :         14.189778
  User Time (sec)       :          4.130627
  Sys  Time (sec)       :          0.057579
  Vector Time (sec)     :          0.346180
  Inst. Count           :        1596986017.
  V. Inst. Count        :          16052480.
  V. Element Count      :        1289251883.
  FLOP Count            :         534710003.
  MOPS                  :        694.854629
  MFLOPS                :        129.450076
  VLEN                  :         80.314810
  V. Op. Ratio (%)      :         44.918766
  Memory Size (MB)      :        192.031250
  MIPS                  :        386.620710
  I-Cache (sec)         :          0.000795
  O-Cache (sec)         :          0.868455
  Bank (sec)            :          0.001190
 
  Start Time (date)  :  2012/02/12 04:48:34
  End   Time (date)  :  2012/02/12 04:48:48
-rw-r--r--    1 modoper  pnt            1800 Feb 12 04:48 /gfs/home3/modoper/tempo/global/oens/eof/datain/templ032012021200
sx6
PNT-EN
12021204:48
out
/gfs/home3/modoper/tempo/global/oens
/gfs/home3/modoper/tempo/global/oens
/gfs/dk22/modoper/tempo/global/oens
/gfs/dk22/modoper/tempo/global/oens/model/datain
/gfs/home3/modoper/tempo/global/oens/run/setrecfct.1.FCT03RT126L28.sx6
Date: 20120212
Hour: 04:48
FCT03R
2012021200
2012021303
GFCT03R
GFCT03R
GFCT03R
F.fct
F.fct
R.fct
/gfs/home3/modoper/tempo/global/oens
/gfs/home3/modoper/tempo/global/oens
/gfs/dk22/modoper/tempo/global/oens
/gfs/dk22/modoper/tempo/global/oens/model/datain
run
run
GFCT03R20120212002012021303F.fct.T126L28
/gfs/home3/modoper/tempo/global/oens/recfct/datain/GFCT03R20120212002012021303F.fct.T126L28
+ echo Recomposition  -x-  RUNNING ...
Recomposition  -x-  RUNNING ...
+ source=/gfs/home3/modoper/tempo/global/oens/recfct/source
+ bin=/gfs/home3/modoper/tempo/global/oens/recfct/bin/T126L28
+ input=/gfs/home3/modoper/tempo/global/oens/recfct/datain
+ out=/gfs/home3/modoper/tempo/global/oens/recfct/output
+ echo run
run
+ [ run = make ]
+ echo run
run
+ [ run = clean ]
+ cd /gfs/home3/modoper/tempo/global/oens/recfct/bin/T126L28
+ echo ./recfct.T126L28 < /gfs/home3/modoper/tempo/global/oens/recfct/datain/recfctFCT03R.nml > /gfs/home3/modoper/tempo/global/oens/recfct/output/recfct.out.2012021200.04:48.T126L28
./recfct.T126L28 < /gfs/home3/modoper/tempo/global/oens/recfct/datain/recfctFCT03R.nml > /gfs/home3/modoper/tempo/global/oens/recfct/output/recfct.out.2012021200.04:48.T126L28
+ ./recfct.T126L28
+ 0< /gfs/home3/modoper/tempo/global/oens/recfct/datain/recfctFCT03R.nml 1> /gfs/home3/modoper/tempo/global/oens/recfct/output/recfct.out.2012021200.04:48.T126L28
 
 
     ******  Program Information  ******
  Real Time (sec)       :          7.869049
  User Time (sec)       :          4.138468
  Sys  Time (sec)       :          0.062507
  Vector Time (sec)     :          0.348040
  Inst. Count           :        1596986017.
  V. Inst. Count        :          16052480.
  V. Element Count      :        1289251883.
  FLOP Count            :         534710003.
  MOPS                  :        693.538162
  MFLOPS                :        129.204821
  VLEN                  :         80.314810
  V. Op. Ratio (%)      :         44.918766
  Memory Size (MB)      :        192.031250
  MIPS                  :        385.888221
  I-Cache (sec)         :          0.000772
  O-Cache (sec)         :          0.874556
  Bank (sec)            :          0.001190
 
  Start Time (date)  :  2012/02/12 04:48:50
  End   Time (date)  :  2012/02/12 04:48:57
-rw-r--r--    1 modoper  pnt            2000 Feb 12 04:48 /gfs/home3/modoper/tempo/global/oens/eof/datain/templ032012021200
sx6
PNT-EN
12021204:48
out
/gfs/home3/modoper/tempo/global/oens
/gfs/home3/modoper/tempo/global/oens
/gfs/dk22/modoper/tempo/global/oens
/gfs/dk22/modoper/tempo/global/oens/model/datain
/gfs/home3/modoper/tempo/global/oens/run/setrecfct.1.FCT03RT126L28.sx6
Date: 20120212
Hour: 04:48
FCT03R
2012021200
2012021306
GFCT03R
GFCT03R
GFCT03R
F.fct
F.fct
R.fct
/gfs/home3/modoper/tempo/global/oens
/gfs/home3/modoper/tempo/global/oens
/gfs/dk22/modoper/tempo/global/oens
/gfs/dk22/modoper/tempo/global/oens/model/datain
run
run
GFCT03R20120212002012021306F.fct.T126L28
/gfs/home3/modoper/tempo/global/oens/recfct/datain/GFCT03R20120212002012021306F.fct.T126L28
+ echo Recomposition  -x-  RUNNING ...
Recomposition  -x-  RUNNING ...
+ source=/gfs/home3/modoper/tempo/global/oens/recfct/source
+ bin=/gfs/home3/modoper/tempo/global/oens/recfct/bin/T126L28
+ input=/gfs/home3/modoper/tempo/global/oens/recfct/datain
+ out=/gfs/home3/modoper/tempo/global/oens/recfct/output
+ echo run
run
+ [ run = make ]
+ echo run
run
+ [ run = clean ]
+ cd /gfs/home3/modoper/tempo/global/oens/recfct/bin/T126L28
+ echo ./recfct.T126L28 < /gfs/home3/modoper/tempo/global/oens/recfct/datain/recfctFCT03R.nml > /gfs/home3/modoper/tempo/global/oens/recfct/output/recfct.out.2012021200.04:48.T126L28
./recfct.T126L28 < /gfs/home3/modoper/tempo/global/oens/recfct/datain/recfctFCT03R.nml > /gfs/home3/modoper/tempo/global/oens/recfct/output/recfct.out.2012021200.04:48.T126L28
+ ./recfct.T126L28
+ 0< /gfs/home3/modoper/tempo/global/oens/recfct/datain/recfctFCT03R.nml 1> /gfs/home3/modoper/tempo/global/oens/recfct/output/recfct.out.2012021200.04:48.T126L28
 
 
     ******  Program Information  ******
  Real Time (sec)       :          5.746503
  User Time (sec)       :          4.137216
  Sys  Time (sec)       :          0.056958
  Vector Time (sec)     :          0.348051
  Inst. Count           :        1596986017.
  V. Inst. Count        :          16052480.
  V. Element Count      :        1289251883.
  FLOP Count            :         534710003.
  MOPS                  :        693.748049
  MFLOPS                :        129.243922
  VLEN                  :         80.314810
  V. Op. Ratio (%)      :         44.918766
  Memory Size (MB)      :        192.031250
  MIPS                  :        386.005003
  I-Cache (sec)         :          0.000900
  O-Cache (sec)         :          0.869766
  Bank (sec)            :          0.001191
 
  Start Time (date)  :  2012/02/12 04:48:59
  End   Time (date)  :  2012/02/12 04:49:05
-rw-r--r--    1 modoper  pnt            2200 Feb 12 04:49 /gfs/home3/modoper/tempo/global/oens/eof/datain/templ032012021200
sx6
PNT-EN
12021204:49
out
/gfs/home3/modoper/tempo/global/oens
/gfs/home3/modoper/tempo/global/oens
/gfs/dk22/modoper/tempo/global/oens
/gfs/dk22/modoper/tempo/global/oens/model/datain
/gfs/home3/modoper/tempo/global/oens/run/setrecfct.1.FCT03RT126L28.sx6
Date: 20120212
Hour: 04:49
FCT03R
2012021200
2012021309
GFCT03R
GFCT03R
GFCT03R
F.fct
F.fct
R.fct
/gfs/home3/modoper/tempo/global/oens
/gfs/home3/modoper/tempo/global/oens
/gfs/dk22/modoper/tempo/global/oens
/gfs/dk22/modoper/tempo/global/oens/model/datain
run
run
GFCT03R20120212002012021309F.fct.T126L28
/gfs/home3/modoper/tempo/global/oens/recfct/datain/GFCT03R20120212002012021309F.fct.T126L28
+ echo Recomposition  -x-  RUNNING ...
Recomposition  -x-  RUNNING ...
+ source=/gfs/home3/modoper/tempo/global/oens/recfct/source
+ bin=/gfs/home3/modoper/tempo/global/oens/recfct/bin/T126L28
+ input=/gfs/home3/modoper/tempo/global/oens/recfct/datain
+ out=/gfs/home3/modoper/tempo/global/oens/recfct/output
+ echo run
run
+ [ run = make ]
+ echo run
run
+ [ run = clean ]
+ cd /gfs/home3/modoper/tempo/global/oens/recfct/bin/T126L28
+ echo ./recfct.T126L28 < /gfs/home3/modoper/tempo/global/oens/recfct/datain/recfctFCT03R.nml > /gfs/home3/modoper/tempo/global/oens/recfct/output/recfct.out.2012021200.04:49.T126L28
./recfct.T126L28 < /gfs/home3/modoper/tempo/global/oens/recfct/datain/recfctFCT03R.nml > /gfs/home3/modoper/tempo/global/oens/recfct/output/recfct.out.2012021200.04:49.T126L28
+ ./recfct.T126L28
+ 0< /gfs/home3/modoper/tempo/global/oens/recfct/datain/recfctFCT03R.nml 1> /gfs/home3/modoper/tempo/global/oens/recfct/output/recfct.out.2012021200.04:49.T126L28
 
 
     ******  Program Information  ******
  Real Time (sec)       :          7.635040
  User Time (sec)       :          4.138086
  Sys  Time (sec)       :          0.063502
  Vector Time (sec)     :          0.347916
  Inst. Count           :        1596986017.
  V. Inst. Count        :          16052480.
  V. Element Count      :        1289251883.
  FLOP Count            :         534710003.
  MOPS                  :        693.602131
  MFLOPS                :        129.216738
  VLEN                  :         80.314810
  V. Op. Ratio (%)      :         44.918766
  Memory Size (MB)      :        192.031250
  MIPS                  :        385.923814
  I-Cache (sec)         :          0.000778
  O-Cache (sec)         :          0.873847
  Bank (sec)            :          0.001190
 
  Start Time (date)  :  2012/02/12 04:49:06
  End   Time (date)  :  2012/02/12 04:49:14
-rw-r--r--    1 modoper  pnt            2400 Feb 12 04:49 /gfs/home3/modoper/tempo/global/oens/eof/datain/templ032012021200
sx6
PNT-EN
12021204:49
out
/gfs/home3/modoper/tempo/global/oens
/gfs/home3/modoper/tempo/global/oens
/gfs/dk22/modoper/tempo/global/oens
/gfs/dk22/modoper/tempo/global/oens/model/datain
/gfs/home3/modoper/tempo/global/oens/run/setrecfct.1.FCT03RT126L28.sx6
Date: 20120212
Hour: 04:49
FCT03R
2012021200
2012021312
GFCT03R
GFCT03R
GFCT03R
F.fct
F.fct
R.fct
/gfs/home3/modoper/tempo/global/oens
/gfs/home3/modoper/tempo/global/oens
/gfs/dk22/modoper/tempo/global/oens
/gfs/dk22/modoper/tempo/global/oens/model/datain
run
run
GFCT03R20120212002012021312F.fct.T126L28
/gfs/home3/modoper/tempo/global/oens/recfct/datain/GFCT03R20120212002012021312F.fct.T126L28
+ echo Recomposition  -x-  RUNNING ...
Recomposition  -x-  RUNNING ...
+ source=/gfs/home3/modoper/tempo/global/oens/recfct/source
+ bin=/gfs/home3/modoper/tempo/global/oens/recfct/bin/T126L28
+ input=/gfs/home3/modoper/tempo/global/oens/recfct/datain
+ out=/gfs/home3/modoper/tempo/global/oens/recfct/output
+ echo run
run
+ [ run = make ]
+ echo run
run
+ [ run = clean ]
+ cd /gfs/home3/modoper/tempo/global/oens/recfct/bin/T126L28
+ echo ./recfct.T126L28 < /gfs/home3/modoper/tempo/global/oens/recfct/datain/recfctFCT03R.nml > /gfs/home3/modoper/tempo/global/oens/recfct/output/recfct.out.2012021200.04:49.T126L28
./recfct.T126L28 < /gfs/home3/modoper/tempo/global/oens/recfct/datain/recfctFCT03R.nml > /gfs/home3/modoper/tempo/global/oens/recfct/output/recfct.out.2012021200.04:49.T126L28
+ ./recfct.T126L28
+ 0< /gfs/home3/modoper/tempo/global/oens/recfct/datain/recfctFCT03R.nml 1> /gfs/home3/modoper/tempo/global/oens/recfct/output/recfct.out.2012021200.04:49.T126L28
 
 
     ******  Program Information  ******
  Real Time (sec)       :         15.357439
  User Time (sec)       :          4.131486
  Sys  Time (sec)       :          0.067730
  Vector Time (sec)     :          0.345501
  Inst. Count           :        1596986048.
  V. Inst. Count        :          16052480.
  V. Element Count      :        1289251883.
  FLOP Count            :         534710004.
  MOPS                  :        694.710161
  MFLOPS                :        129.423161
  VLEN                  :         80.314810
  V. Op. Ratio (%)      :         44.918766
  Memory Size (MB)      :        192.031250
  MIPS                  :        386.540331
  I-Cache (sec)         :          0.000799
  O-Cache (sec)         :          0.869364
  Bank (sec)            :          0.001189
 
  Start Time (date)  :  2012/02/12 04:49:15
  End   Time (date)  :  2012/02/12 04:49:30
-rw-r--r--    1 modoper  pnt            2600 Feb 12 04:49 /gfs/home3/modoper/tempo/global/oens/eof/datain/templ032012021200
sx6
PNT-EN
12021204:49
out
/gfs/home3/modoper/tempo/global/oens
/gfs/home3/modoper/tempo/global/oens
/gfs/dk22/modoper/tempo/global/oens
/gfs/dk22/modoper/tempo/global/oens/model/datain
/gfs/home3/modoper/tempo/global/oens/run/setrecfct.1.FCT03RT126L28.sx6
Date: 20120212
Hour: 04:49
FCT03R
2012021200
2012021315
GFCT03R
GFCT03R
GFCT03R
F.fct
F.fct
R.fct
/gfs/home3/modoper/tempo/global/oens
/gfs/home3/modoper/tempo/global/oens
/gfs/dk22/modoper/tempo/global/oens
/gfs/dk22/modoper/tempo/global/oens/model/datain
run
run
GFCT03R20120212002012021315F.fct.T126L28
/gfs/home3/modoper/tempo/global/oens/recfct/datain/GFCT03R20120212002012021315F.fct.T126L28
+ echo Recomposition  -x-  RUNNING ...
Recomposition  -x-  RUNNING ...
+ source=/gfs/home3/modoper/tempo/global/oens/recfct/source
+ bin=/gfs/home3/modoper/tempo/global/oens/recfct/bin/T126L28
+ input=/gfs/home3/modoper/tempo/global/oens/recfct/datain
+ out=/gfs/home3/modoper/tempo/global/oens/recfct/output
+ echo run
run
+ [ run = make ]
+ echo run
run
+ [ run = clean ]
+ cd /gfs/home3/modoper/tempo/global/oens/recfct/bin/T126L28
+ echo ./recfct.T126L28 < /gfs/home3/modoper/tempo/global/oens/recfct/datain/recfctFCT03R.nml > /gfs/home3/modoper/tempo/global/oens/recfct/output/recfct.out.2012021200.04:49.T126L28
./recfct.T126L28 < /gfs/home3/modoper/tempo/global/oens/recfct/datain/recfctFCT03R.nml > /gfs/home3/modoper/tempo/global/oens/recfct/output/recfct.out.2012021200.04:49.T126L28
+ ./recfct.T126L28
+ 0< /gfs/home3/modoper/tempo/global/oens/recfct/datain/recfctFCT03R.nml 1> /gfs/home3/modoper/tempo/global/oens/recfct/output/recfct.out.2012021200.04:49.T126L28
 
 
     ******  Program Information  ******
  Real Time (sec)       :         13.188310
  User Time (sec)       :          4.146560
  Sys  Time (sec)       :          0.063055
  Vector Time (sec)     :          0.350436
  Inst. Count           :        1596986048.
  V. Inst. Count        :          16052480.
  V. Element Count      :        1289251883.
  FLOP Count            :         534710004.
  MOPS                  :        692.184649
  MFLOPS                :        128.952663
  VLEN                  :         80.314810
  V. Op. Ratio (%)      :         44.918766
  Memory Size (MB)      :        192.031250
  MIPS                  :        385.135123
  I-Cache (sec)         :          0.000782
  O-Cache (sec)         :          0.880429
  Bank (sec)            :          0.001190
 
  Start Time (date)  :  2012/02/12 04:49:32
  End   Time (date)  :  2012/02/12 04:49:45
-rw-r--r--    1 modoper  pnt            2800 Feb 12 04:49 /gfs/home3/modoper/tempo/global/oens/eof/datain/templ032012021200
sx6
PNT-EN
12021204:49
out
/gfs/home3/modoper/tempo/global/oens
/gfs/home3/modoper/tempo/global/oens
/gfs/dk22/modoper/tempo/global/oens
/gfs/dk22/modoper/tempo/global/oens/model/datain
/gfs/home3/modoper/tempo/global/oens/run/setrecfct.1.FCT03RT126L28.sx6
Date: 20120212
Hour: 04:49
FCT03R
2012021200
2012021318
GFCT03R
GFCT03R
GFCT03R
F.fct
F.fct
R.fct
/gfs/home3/modoper/tempo/global/oens
/gfs/home3/modoper/tempo/global/oens
/gfs/dk22/modoper/tempo/global/oens
/gfs/dk22/modoper/tempo/global/oens/model/datain
run
run
GFCT03R20120212002012021318F.fct.T126L28
/gfs/home3/modoper/tempo/global/oens/recfct/datain/GFCT03R20120212002012021318F.fct.T126L28
+ echo Recomposition  -x-  RUNNING ...
Recomposition  -x-  RUNNING ...
+ source=/gfs/home3/modoper/tempo/global/oens/recfct/source
+ bin=/gfs/home3/modoper/tempo/global/oens/recfct/bin/T126L28
+ input=/gfs/home3/modoper/tempo/global/oens/recfct/datain
+ out=/gfs/home3/modoper/tempo/global/oens/recfct/output
+ echo run
run
+ [ run = make ]
+ echo run
run
+ [ run = clean ]
+ cd /gfs/home3/modoper/tempo/global/oens/recfct/bin/T126L28
+ echo ./recfct.T126L28 < /gfs/home3/modoper/tempo/global/oens/recfct/datain/recfctFCT03R.nml > /gfs/home3/modoper/tempo/global/oens/recfct/output/recfct.out.2012021200.04:49.T126L28
./recfct.T126L28 < /gfs/home3/modoper/tempo/global/oens/recfct/datain/recfctFCT03R.nml > /gfs/home3/modoper/tempo/global/oens/recfct/output/recfct.out.2012021200.04:49.T126L28
+ ./recfct.T126L28
+ 0< /gfs/home3/modoper/tempo/global/oens/recfct/datain/recfctFCT03R.nml 1> /gfs/home3/modoper/tempo/global/oens/recfct/output/recfct.out.2012021200.04:49.T126L28
 
 
     ******  Program Information  ******
  Real Time (sec)       :          9.970116
  User Time (sec)       :          4.139717
  Sys  Time (sec)       :          0.074645
  Vector Time (sec)     :          0.347257
  Inst. Count           :        1596986048.
  V. Inst. Count        :          16052480.
  V. Element Count      :        1289251883.
  FLOP Count            :         534710004.
  MOPS                  :        693.328855
  MFLOPS                :        129.165826
  VLEN                  :         80.314810
  V. Op. Ratio (%)      :         44.918766
  Memory Size (MB)      :        192.031250
  MIPS                  :        385.771765
  I-Cache (sec)         :          0.002235
  O-Cache (sec)         :          0.873352
  Bank (sec)            :          0.001190
 
  Start Time (date)  :  2012/02/12 04:49:48
  End   Time (date)  :  2012/02/12 04:49:57
-rw-r--r--    1 modoper  pnt            3000 Feb 12 04:49 /gfs/home3/modoper/tempo/global/oens/eof/datain/templ032012021200
sx6
PNT-EN
12021204:49
out
/gfs/home3/modoper/tempo/global/oens
/gfs/home3/modoper/tempo/global/oens
/gfs/dk22/modoper/tempo/global/oens
/gfs/dk22/modoper/tempo/global/oens/model/datain
/gfs/home3/modoper/tempo/global/oens/run/setrecfct.1.FCT03RT126L28.sx6
Date: 20120212
Hour: 04:49
FCT03R
2012021200
2012021321
GFCT03R
GFCT03R
GFCT03R
F.fct
F.fct
R.fct
/gfs/home3/modoper/tempo/global/oens
/gfs/home3/modoper/tempo/global/oens
/gfs/dk22/modoper/tempo/global/oens
/gfs/dk22/modoper/tempo/global/oens/model/datain
run
run
GFCT03R20120212002012021321F.fct.T126L28
/gfs/home3/modoper/tempo/global/oens/recfct/datain/GFCT03R20120212002012021321F.fct.T126L28
+ echo Recomposition  -x-  RUNNING ...
Recomposition  -x-  RUNNING ...
+ source=/gfs/home3/modoper/tempo/global/oens/recfct/source
+ bin=/gfs/home3/modoper/tempo/global/oens/recfct/bin/T126L28
+ input=/gfs/home3/modoper/tempo/global/oens/recfct/datain
+ out=/gfs/home3/modoper/tempo/global/oens/recfct/output
+ echo run
run
+ [ run = make ]
+ echo run
run
+ [ run = clean ]
+ cd /gfs/home3/modoper/tempo/global/oens/recfct/bin/T126L28
+ echo ./recfct.T126L28 < /gfs/home3/modoper/tempo/global/oens/recfct/datain/recfctFCT03R.nml > /gfs/home3/modoper/tempo/global/oens/recfct/output/recfct.out.2012021200.04:49.T126L28
./recfct.T126L28 < /gfs/home3/modoper/tempo/global/oens/recfct/datain/recfctFCT03R.nml > /gfs/home3/modoper/tempo/global/oens/recfct/output/recfct.out.2012021200.04:49.T126L28
+ ./recfct.T126L28
+ 0< /gfs/home3/modoper/tempo/global/oens/recfct/datain/recfctFCT03R.nml 1> /gfs/home3/modoper/tempo/global/oens/recfct/output/recfct.out.2012021200.04:49.T126L28
 
 
     ******  Program Information  ******
  Real Time (sec)       :         11.815616
  User Time (sec)       :          4.143430
  Sys  Time (sec)       :          0.082436
  Vector Time (sec)     :          0.349151
  Inst. Count           :        1596986048.
  V. Inst. Count        :          16052480.
  V. Element Count      :        1289251883.
  FLOP Count            :         534710004.
  MOPS                  :        692.707616
  MFLOPS                :        129.050090
  VLEN                  :         80.314810
  V. Op. Ratio (%)      :         44.918766
  Memory Size (MB)      :        192.031250
  MIPS                  :        385.426105
  I-Cache (sec)         :          0.003929
  O-Cache (sec)         :          0.876234
  Bank (sec)            :          0.001192
 
  Start Time (date)  :  2012/02/12 04:49:59
  End   Time (date)  :  2012/02/12 04:50:11
-rw-r--r--    1 modoper  pnt            3200 Feb 12 04:50 /gfs/home3/modoper/tempo/global/oens/eof/datain/templ032012021200
sx6
PNT-EN
12021204:50
out
/gfs/home3/modoper/tempo/global/oens
/gfs/home3/modoper/tempo/global/oens
/gfs/dk22/modoper/tempo/global/oens
/gfs/dk22/modoper/tempo/global/oens/model/datain
/gfs/home3/modoper/tempo/global/oens/run/setrecfct.1.FCT03RT126L28.sx6
Date: 20120212
Hour: 04:50
FCT03R
2012021200
2012021400
GFCT03R
GFCT03R
GFCT03R
F.fct
F.fct
R.fct
/gfs/home3/modoper/tempo/global/oens
/gfs/home3/modoper/tempo/global/oens
/gfs/dk22/modoper/tempo/global/oens
/gfs/dk22/modoper/tempo/global/oens/model/datain
run
run
GFCT03R20120212002012021400F.fct.T126L28
/gfs/home3/modoper/tempo/global/oens/recfct/datain/GFCT03R20120212002012021400F.fct.T126L28
+ echo Recomposition  -x-  RUNNING ...
Recomposition  -x-  RUNNING ...
+ source=/gfs/home3/modoper/tempo/global/oens/recfct/source
+ bin=/gfs/home3/modoper/tempo/global/oens/recfct/bin/T126L28
+ input=/gfs/home3/modoper/tempo/global/oens/recfct/datain
+ out=/gfs/home3/modoper/tempo/global/oens/recfct/output
+ echo run
run
+ [ run = make ]
+ echo run
run
+ [ run = clean ]
+ cd /gfs/home3/modoper/tempo/global/oens/recfct/bin/T126L28
+ echo ./recfct.T126L28 < /gfs/home3/modoper/tempo/global/oens/recfct/datain/recfctFCT03R.nml > /gfs/home3/modoper/tempo/global/oens/recfct/output/recfct.out.2012021200.04:50.T126L28
./recfct.T126L28 < /gfs/home3/modoper/tempo/global/oens/recfct/datain/recfctFCT03R.nml > /gfs/home3/modoper/tempo/global/oens/recfct/output/recfct.out.2012021200.04:50.T126L28
+ ./recfct.T126L28
+ 0< /gfs/home3/modoper/tempo/global/oens/recfct/datain/recfctFCT03R.nml 1> /gfs/home3/modoper/tempo/global/oens/recfct/output/recfct.out.2012021200.04:50.T126L28
 
 
     ******  Program Information  ******
  Real Time (sec)       :          9.066273
  User Time (sec)       :          4.132450
  Sys  Time (sec)       :          0.062648
  Vector Time (sec)     :          0.346816
  Inst. Count           :        1596986017.
  V. Inst. Count        :          16052480.
  V. Element Count      :        1289251883.
  FLOP Count            :         534710003.
  MOPS                  :        694.548213
  MFLOPS                :        129.392991
  VLEN                  :         80.314810
  V. Op. Ratio (%)      :         44.918766
  Memory Size (MB)      :        192.031250
  MIPS                  :        386.450219
  I-Cache (sec)         :          0.000814
  O-Cache (sec)         :          0.870096
  Bank (sec)            :          0.001191
 
  Start Time (date)  :  2012/02/12 04:50:12
  End   Time (date)  :  2012/02/12 04:50:21
-rw-r--r--    1 modoper  pnt            3400 Feb 12 04:50 /gfs/home3/modoper/tempo/global/oens/eof/datain/templ032012021200
sx6
PNT-EN
12021204:50
out
/gfs/home3/modoper/tempo/global/oens
/gfs/home3/modoper/tempo/global/oens
/gfs/dk22/modoper/tempo/global/oens
/gfs/dk22/modoper/tempo/global/oens/model/datain
/gfs/home3/modoper/tempo/global/oens/run/setrecfct.1.FCT03RT126L28.sx6
Date: 20120212
Hour: 04:50
FCT03R
2012021200
2012021403
GFCT03R
GFCT03R
GFCT03R
F.fct
F.fct
R.fct
/gfs/home3/modoper/tempo/global/oens
/gfs/home3/modoper/tempo/global/oens
/gfs/dk22/modoper/tempo/global/oens
/gfs/dk22/modoper/tempo/global/oens/model/datain
run
run
GFCT03R20120212002012021403F.fct.T126L28
/gfs/home3/modoper/tempo/global/oens/recfct/datain/GFCT03R20120212002012021403F.fct.T126L28
+ echo Recomposition  -x-  RUNNING ...
Recomposition  -x-  RUNNING ...
+ source=/gfs/home3/modoper/tempo/global/oens/recfct/source
+ bin=/gfs/home3/modoper/tempo/global/oens/recfct/bin/T126L28
+ input=/gfs/home3/modoper/tempo/global/oens/recfct/datain
+ out=/gfs/home3/modoper/tempo/global/oens/recfct/output
+ echo run
run
+ [ run = make ]
+ echo run
run
+ [ run = clean ]
+ cd /gfs/home3/modoper/tempo/global/oens/recfct/bin/T126L28
+ echo ./recfct.T126L28 < /gfs/home3/modoper/tempo/global/oens/recfct/datain/recfctFCT03R.nml > /gfs/home3/modoper/tempo/global/oens/recfct/output/recfct.out.2012021200.04:50.T126L28
./recfct.T126L28 < /gfs/home3/modoper/tempo/global/oens/recfct/datain/recfctFCT03R.nml > /gfs/home3/modoper/tempo/global/oens/recfct/output/recfct.out.2012021200.04:50.T126L28
+ ./recfct.T126L28
+ 0< /gfs/home3/modoper/tempo/global/oens/recfct/datain/recfctFCT03R.nml 1> /gfs/home3/modoper/tempo/global/oens/recfct/output/recfct.out.2012021200.04:50.T126L28
 
 
     ******  Program Information  ******
  Real Time (sec)       :          9.480211
  User Time (sec)       :          4.150090
  Sys  Time (sec)       :          0.110048
  Vector Time (sec)     :          0.353954
  Inst. Count           :        1596986017.
  V. Inst. Count        :          16052480.
  V. Element Count      :        1289251883.
  FLOP Count            :         534710003.
  MOPS                  :        691.595941
  MFLOPS                :        128.842989
  VLEN                  :         80.314810
  V. Op. Ratio (%)      :         44.918766
  Memory Size (MB)      :        192.031250
  MIPS                  :        384.807560
  I-Cache (sec)         :          0.005014
  O-Cache (sec)         :          0.877242
  Bank (sec)            :          0.001191
 
  Start Time (date)  :  2012/02/12 04:50:23
  End   Time (date)  :  2012/02/12 04:50:32
-rw-r--r--    1 modoper  pnt            3600 Feb 12 04:50 /gfs/home3/modoper/tempo/global/oens/eof/datain/templ032012021200
sx6
PNT-EN
12021204:50
out
/gfs/home3/modoper/tempo/global/oens
/gfs/home3/modoper/tempo/global/oens
/gfs/dk22/modoper/tempo/global/oens
/gfs/dk22/modoper/tempo/global/oens/model/datain
/gfs/home3/modoper/tempo/global/oens/run/setrecfct.1.FCT03RT126L28.sx6
Date: 20120212
Hour: 04:50
FCT03R
2012021200
2012021406
GFCT03R
GFCT03R
GFCT03R
F.fct
F.fct
R.fct
/gfs/home3/modoper/tempo/global/oens
/gfs/home3/modoper/tempo/global/oens
/gfs/dk22/modoper/tempo/global/oens
/gfs/dk22/modoper/tempo/global/oens/model/datain
run
run
GFCT03R20120212002012021406F.fct.T126L28
/gfs/home3/modoper/tempo/global/oens/recfct/datain/GFCT03R20120212002012021406F.fct.T126L28
+ echo Recomposition  -x-  RUNNING ...
Recomposition  -x-  RUNNING ...
+ source=/gfs/home3/modoper/tempo/global/oens/recfct/source
+ bin=/gfs/home3/modoper/tempo/global/oens/recfct/bin/T126L28
+ input=/gfs/home3/modoper/tempo/global/oens/recfct/datain
+ out=/gfs/home3/modoper/tempo/global/oens/recfct/output
+ echo run
run
+ [ run = make ]
+ echo run
run
+ [ run = clean ]
+ cd /gfs/home3/modoper/tempo/global/oens/recfct/bin/T126L28
+ echo ./recfct.T126L28 < /gfs/home3/modoper/tempo/global/oens/recfct/datain/recfctFCT03R.nml > /gfs/home3/modoper/tempo/global/oens/recfct/output/recfct.out.2012021200.04:50.T126L28
./recfct.T126L28 < /gfs/home3/modoper/tempo/global/oens/recfct/datain/recfctFCT03R.nml > /gfs/home3/modoper/tempo/global/oens/recfct/output/recfct.out.2012021200.04:50.T126L28
+ ./recfct.T126L28
+ 0< /gfs/home3/modoper/tempo/global/oens/recfct/datain/recfctFCT03R.nml 1> /gfs/home3/modoper/tempo/global/oens/recfct/output/recfct.out.2012021200.04:50.T126L28
 
 
     ******  Program Information  ******
  Real Time (sec)       :         11.352309
  User Time (sec)       :          4.125615
  Sys  Time (sec)       :          0.062338
  Vector Time (sec)     :          0.344135
  Inst. Count           :        1596986017.
  V. Inst. Count        :          16052480.
  V. Element Count      :        1289251883.
  FLOP Count            :         534710003.
  MOPS                  :        695.698813
  MFLOPS                :        129.607346
  VLEN                  :         80.314810
  V. Op. Ratio (%)      :         44.918766
  Memory Size (MB)      :        192.031250
  MIPS                  :        387.090419
  I-Cache (sec)         :          0.000773
  O-Cache (sec)         :          0.865100
  Bank (sec)            :          0.001190
 
  Start Time (date)  :  2012/02/12 04:50:34
  End   Time (date)  :  2012/02/12 04:50:45
-rw-r--r--    1 modoper  pnt            3800 Feb 12 04:50 /gfs/home3/modoper/tempo/global/oens/eof/datain/templ032012021200
sx6
PNT-EN
12021204:50
out
/gfs/home3/modoper/tempo/global/oens
/gfs/home3/modoper/tempo/global/oens
/gfs/dk22/modoper/tempo/global/oens
/gfs/dk22/modoper/tempo/global/oens/model/datain
/gfs/home3/modoper/tempo/global/oens/run/setrecfct.1.FCT03RT126L28.sx6
Date: 20120212
Hour: 04:50
FCT03R
2012021200
2012021409
GFCT03R
GFCT03R
GFCT03R
F.fct
F.fct
R.fct
/gfs/home3/modoper/tempo/global/oens
/gfs/home3/modoper/tempo/global/oens
/gfs/dk22/modoper/tempo/global/oens
/gfs/dk22/modoper/tempo/global/oens/model/datain
run
run
GFCT03R20120212002012021409F.fct.T126L28
/gfs/home3/modoper/tempo/global/oens/recfct/datain/GFCT03R20120212002012021409F.fct.T126L28
+ echo Recomposition  -x-  RUNNING ...
Recomposition  -x-  RUNNING ...
+ source=/gfs/home3/modoper/tempo/global/oens/recfct/source
+ bin=/gfs/home3/modoper/tempo/global/oens/recfct/bin/T126L28
+ input=/gfs/home3/modoper/tempo/global/oens/recfct/datain
+ out=/gfs/home3/modoper/tempo/global/oens/recfct/output
+ echo run
run
+ [ run = make ]
+ echo run
run
+ [ run = clean ]
+ cd /gfs/home3/modoper/tempo/global/oens/recfct/bin/T126L28
+ echo ./recfct.T126L28 < /gfs/home3/modoper/tempo/global/oens/recfct/datain/recfctFCT03R.nml > /gfs/home3/modoper/tempo/global/oens/recfct/output/recfct.out.2012021200.04:50.T126L28
./recfct.T126L28 < /gfs/home3/modoper/tempo/global/oens/recfct/datain/recfctFCT03R.nml > /gfs/home3/modoper/tempo/global/oens/recfct/output/recfct.out.2012021200.04:50.T126L28
+ ./recfct.T126L28
+ 0< /gfs/home3/modoper/tempo/global/oens/recfct/datain/recfctFCT03R.nml 1> /gfs/home3/modoper/tempo/global/oens/recfct/output/recfct.out.2012021200.04:50.T126L28
 
 
     ******  Program Information  ******
  Real Time (sec)       :          7.761220
  User Time (sec)       :          4.147994
  Sys  Time (sec)       :          0.062036
  Vector Time (sec)     :          0.350101
  Inst. Count           :        1596986017.
  V. Inst. Count        :          16052480.
  V. Element Count      :        1289251883.
  FLOP Count            :         534710003.
  MOPS                  :        691.945405
  MFLOPS                :        128.908093
  VLEN                  :         80.314810
  V. Op. Ratio (%)      :         44.918766
  Memory Size (MB)      :        192.031250
  MIPS                  :        385.002003
  I-Cache (sec)         :          0.000862
  O-Cache (sec)         :          0.882499
  Bank (sec)            :          0.001190
 
  Start Time (date)  :  2012/02/12 04:50:53
  End   Time (date)  :  2012/02/12 04:51:01
-rw-r--r--    1 modoper  pnt            4000 Feb 12 04:51 /gfs/home3/modoper/tempo/global/oens/eof/datain/templ032012021200
sx6
PNT-EN
12021204:51
out
/gfs/home3/modoper/tempo/global/oens
/gfs/home3/modoper/tempo/global/oens
/gfs/dk22/modoper/tempo/global/oens
/gfs/dk22/modoper/tempo/global/oens/model/datain
/gfs/home3/modoper/tempo/global/oens/run/setrecfct.1.FCT03RT126L28.sx6
Date: 20120212
Hour: 04:51
FCT03R
2012021200
2012021412
GFCT03R
GFCT03R
GFCT03R
F.fct
F.fct
R.fct
/gfs/home3/modoper/tempo/global/oens
/gfs/home3/modoper/tempo/global/oens
/gfs/dk22/modoper/tempo/global/oens
/gfs/dk22/modoper/tempo/global/oens/model/datain
run
run
GFCT03R20120212002012021412F.fct.T126L28
/gfs/home3/modoper/tempo/global/oens/recfct/datain/GFCT03R20120212002012021412F.fct.T126L28
+ echo Recomposition  -x-  RUNNING ...
Recomposition  -x-  RUNNING ...
+ source=/gfs/home3/modoper/tempo/global/oens/recfct/source
+ bin=/gfs/home3/modoper/tempo/global/oens/recfct/bin/T126L28
+ input=/gfs/home3/modoper/tempo/global/oens/recfct/datain
+ out=/gfs/home3/modoper/tempo/global/oens/recfct/output
+ echo run
run
+ [ run = make ]
+ echo run
run
+ [ run = clean ]
+ cd /gfs/home3/modoper/tempo/global/oens/recfct/bin/T126L28
+ echo ./recfct.T126L28 < /gfs/home3/modoper/tempo/global/oens/recfct/datain/recfctFCT03R.nml > /gfs/home3/modoper/tempo/global/oens/recfct/output/recfct.out.2012021200.04:51.T126L28
./recfct.T126L28 < /gfs/home3/modoper/tempo/global/oens/recfct/datain/recfctFCT03R.nml > /gfs/home3/modoper/tempo/global/oens/recfct/output/recfct.out.2012021200.04:51.T126L28
+ ./recfct.T126L28
+ 0< /gfs/home3/modoper/tempo/global/oens/recfct/datain/recfctFCT03R.nml 1> /gfs/home3/modoper/tempo/global/oens/recfct/output/recfct.out.2012021200.04:51.T126L28
 
 
     ******  Program Information  ******
  Real Time (sec)       :          6.710856
  User Time (sec)       :          4.140733
  Sys  Time (sec)       :          0.179955
  Vector Time (sec)     :          0.345357
  Inst. Count           :        1596986048.
  V. Inst. Count        :          16052480.
  V. Element Count      :        1289251883.
  FLOP Count            :         534710004.
  MOPS                  :        693.158731
  MFLOPS                :        129.134132
  VLEN                  :         80.314810
  V. Op. Ratio (%)      :         44.918766
  Memory Size (MB)      :        192.031250
  MIPS                  :        385.677107
  I-Cache (sec)         :          0.010187
  O-Cache (sec)         :          0.876638
  Bank (sec)            :          0.001190
 
  Start Time (date)  :  2012/02/12 04:51:02
  End   Time (date)  :  2012/02/12 04:51:09
sx6
2012021204:51
out
/gfs/home3/modoper/tempo/global/oens
/gfs/home3/modoper/tempo/global/oens
/gfs/dk22/modoper/tempo/global/oens
/gfs/dk22/modoper/tempo/global/oens/model/datain
/gfs/home3/modoper/tempo/global/oens/run/seteofs.1.03T126L28.sx6
03
Date: 20120212
Hour: 04:51
2012021200
/gfs/home3/modoper/tempo/global/oens
/gfs/home3/modoper/tempo/global/oens
/gfs/dk22/modoper/tempo/global/oens
/gfs/dk22/modoper/tempo/global/oens/model/datain
run
run
Vai chamar eoft
+ echo EOFT           -x-  RUNNING ...
EOFT           -x-  RUNNING ...
+ source=/gfs/home3/modoper/tempo/global/oens/eoftemp/source
+ bin=/gfs/home3/modoper/tempo/global/oens/eof/bin/T126L28
+ inp=/gfs/home3/modoper/tempo/global/oens/eof/datain
+ outp=/gfs/home3/modoper/tempo/global/oens/eoftemp/output
+ echo run
run
+ [ run = make ]
+ echo run
run
+ [ run = clean ]
+ cd /gfs/home3/modoper/tempo/global/oens/eof/bin/T126L28
+ echo ./eoftem.T126L28 < /gfs/home3/modoper/tempo/global/oens/eof/datain/eoftem03.nml > /gfs/home3/modoper/tempo/global/oens/eoftemp/output/eoftem.2012021200.04:51.T126L28
./eoftem.T126L28 < /gfs/home3/modoper/tempo/global/oens/eof/datain/eoftem03.nml > /gfs/home3/modoper/tempo/global/oens/eoftemp/output/eoftem.2012021200.04:51.T126L28
+ ./eoftem.T126L28
+ 0< /gfs/home3/modoper/tempo/global/oens/eof/datain/eoftem03.nml 1> /gfs/home3/modoper/tempo/global/oens/eoftemp/output/eoftem.2012021200.04:51.T126L28
 entrou no eoft fortran
 &DATAIN DIRI=/gfs/home3/modoper/tempo/global/oens/eof/datain/                ,
 DIRA=/gfs/dk22/modoper/tempo/global/oens/model/datain/               ,
 DIRO=/gfs/dk22/modoper/tempo/global/oens/eof/dataout/T126L28/        ,
 NAMEL=templ032012021200                                               ,
 ANAME=GANLAVN2012021200R.unf.T126L28                                                      ,
 TEMOUT=temout032012021200                                              ,
 TEMPCM=tempcm032012021200                                              ,
 TEMPER1=tempe1032012021200                                              ,
 TEMPEN1=tempn1032012021200                                               /
 
 
     ******  Program Information  ******
  Real Time (sec)       :         14.990105
  User Time (sec)       :          6.580390
  Sys  Time (sec)       :          0.377729
  Vector Time (sec)     :          5.902810
  Inst. Count           :         597132669.
  V. Inst. Count        :          72972049.
  V. Element Count      :        9156489385.
  FLOP Count            :        3164565426.
  MOPS                  :       1471.136188
  MFLOPS                :        480.908484
  VLEN                  :        125.479406
  V. Op. Ratio (%)      :         94.585481
  Memory Size (MB)      :        304.031250
  MIPS                  :         90.744266
  I-Cache (sec)         :          0.003739
  O-Cache (sec)         :          0.003439
  Bank (sec)            :          0.281362
 
  Start Time (date)  :  2012/02/12 04:51:11
  End   Time (date)  :  2012/02/12 04:51:26
Vai chamar eofw
+ echo EOFW           -x-  RUNNING ...
EOFW           -x-  RUNNING ...
+ source=/gfs/home3/modoper/tempo/global/oens/eofwind/source
+ bin=/gfs/home3/modoper/tempo/global/oens/eof/bin/T126L28
+ out=/gfs/dk22/modoper/tempo/global/oens/eof/dataout/T126L28
+ inp=/gfs/home3/modoper/tempo/global/oens/eof/datain
+ outp=/gfs/home3/modoper/tempo/global/oens/eofwind/output
+ echo run
run
+ [ run = make ]
+ echo run
run
+ [ run = clean ]
+ cd /gfs/home3/modoper/tempo/global/oens/eof/bin/T126L28
+ echo ./eofwin.T126L28 < /gfs/home3/modoper/tempo/global/oens/eof/datain/eofwin03.nml > /gfs/home3/modoper/tempo/global/oens/eofwind/output/eofwin.2012021200.04:51.T126L28
./eofwin.T126L28 < /gfs/home3/modoper/tempo/global/oens/eof/datain/eofwin03.nml > /gfs/home3/modoper/tempo/global/oens/eofwind/output/eofwin.2012021200.04:51.T126L28
+ ./eofwin.T126L28
+ 0< /gfs/home3/modoper/tempo/global/oens/eof/datain/eofwin03.nml 1> /gfs/home3/modoper/tempo/global/oens/eofwind/output/eofwin.2012021200.04:51.T126L28
 
 
     ******  Program Information  ******
  Real Time (sec)       :         51.050250
  User Time (sec)       :         12.024161
  Sys  Time (sec)       :          0.792276
  Vector Time (sec)     :         10.983820
  Inst. Count           :        1009391389.
  V. Inst. Count        :         235339319.
  V. Element Count      :       26880732674.
  FLOP Count            :        7609521190.
  MOPS                  :       2299.934638
  MFLOPS                :        632.852561
  VLEN                  :        114.221171
  V. Op. Ratio (%)      :         97.201019
  Memory Size (MB)      :        624.031250
  MIPS                  :         83.946928
  I-Cache (sec)         :          0.015559
  O-Cache (sec)         :          0.029737
  Bank (sec)            :          0.599880
 
  Start Time (date)  :  2012/02/12 04:51:26
  End   Time (date)  :  2012/02/12 04:52:17
sx6
2012021204:52
out
/gfs/home3/modoper/tempo/global/oens
/gfs/home3/modoper/tempo/global/oens
/gfs/dk22/modoper/tempo/global/oens
/gfs/dk22/modoper/tempo/global/oens/model/datain
/gfs/home3/modoper/tempo/global/oens/run/setdeco03T126L28.sx6
Date: 20120212
Hour: 04:52
2012021200
/gfs/home3/modoper/tempo/global/oens
/gfs/home3/modoper/tempo/global/oens
/gfs/dk22/modoper/tempo/global/oens
/gfs/dk22/modoper/tempo/global/oens/model/datain
run
run
+ echo Decomposition  -x-  RUNNING ...
Decomposition  -x-  RUNNING ...
+ source=/gfs/home3/modoper/tempo/global/oens/decanl/source
+ bin=/gfs/home3/modoper/tempo/global/oens/decanl/bin/T126L28
+ input=/gfs/home3/modoper/tempo/global/oens/decanl/datain
+ out=/gfs/home3/modoper/tempo/global/oens/decanl/output
+ echo run
run
+ [ run = make ]
+ echo run
run
+ [ run = clean ]
+ cd /gfs/home3/modoper/tempo/global/oens/decanl/bin/T126L28
+ ./decanl.T126L28
+ 0< /gfs/home3/modoper/tempo/global/oens/decanl/datain/decanl03.nml 1> /gfs/home3/modoper/tempo/global/oens/decanl/output/decanl.2012021200.04:52.T126L28
 
 
     ******  Program Information  ******
  Real Time (sec)       :          3.559375
  User Time (sec)       :          0.831581
  Sys  Time (sec)       :          0.102869
  Vector Time (sec)     :          0.634857
  Inst. Count           :         173583870.
  V. Inst. Count        :          21078079.
  V. Element Count      :        2292782635.
  FLOP Count            :         590251093.
  MOPS                  :       2940.527766
  MFLOPS                :        709.793458
  VLEN                  :        108.775692
  V. Op. Ratio (%)      :         93.763280
  Memory Size (MB)      :        192.031250
  MIPS                  :        208.739462
  I-Cache (sec)         :          0.005884
  O-Cache (sec)         :          0.029336
  Bank (sec)            :          0.015355
 
  Start Time (date)  :  2012/02/12 04:52:19
  End   Time (date)  :  2012/02/12 04:52:22
+ echo Decomposition  -x-  RUNNING ...
Decomposition  -x-  RUNNING ...
+ source=/gfs/home3/modoper/tempo/global/oens/decanl/source
+ bin=/gfs/home3/modoper/tempo/global/oens/decanl/bin/T126L28
+ input=/gfs/home3/modoper/tempo/global/oens/decanl/datain
+ out=/gfs/home3/modoper/tempo/global/oens/decanl/output
+ echo run
run
+ [ run = make ]
+ echo run
run
+ [ run = clean ]
+ cd /gfs/home3/modoper/tempo/global/oens/decanl/bin/T126L28
+ ./decanl.T126L28
+ 0< /gfs/home3/modoper/tempo/global/oens/decanl/datain/decanl03.nml 1> /gfs/home3/modoper/tempo/global/oens/decanl/output/decanl.2012021200.04:52.T126L28
 
 
     ******  Program Information  ******
  Real Time (sec)       :          1.979137
  User Time (sec)       :          0.824363
  Sys  Time (sec)       :          0.076693
  Vector Time (sec)     :          0.631276
  Inst. Count           :         173583765.
  V. Inst. Count        :          21078079.
  V. Element Count      :        2292782629.
  FLOP Count            :         590251093.
  MOPS                  :       2966.275737
  MFLOPS                :        716.008613
  VLEN                  :        108.775692
  V. Op. Ratio (%)      :         93.763284
  Memory Size (MB)      :        192.031250
  MIPS                  :        210.567117
  I-Cache (sec)         :          0.002513
  O-Cache (sec)         :          0.027455
  Bank (sec)            :          0.015372
 
  Start Time (date)  :  2012/02/12 04:52:22
  End   Time (date)  :  2012/02/12 04:52:24
105.5u 25.4s 5:33 39% 838+176319k 90776+9825io 0w
logout
