stty: : Invalid argument
vt100
resize:  can't open terminal /dev/tty
======================================
Welcome to tupan00: SUPER-UX 14.1 SX-6
Today is Mon Oct 10 04:46:18 GMT 2011
======================================
runperreco1.sx6 126 28 05 2011101000 15 NO 07 
sx6
2011101004:46
out
/gfs/home3/modoper/tempo/global/oens
/gfs/home3/modoper/tempo/global/oens
/gfs/dk22/modoper/tempo/global/oens
/gfs/dk22/modoper/tempo/global/oens/model/datain
/gfs/home3/modoper/tempo/global/oens/run/setperreco.1.05T126L28.sx6
Date: 20111010
Hour: 04:46
2011101000


rm: ERROR: Cannot access templ052011101000: No such file or directory
-rw-r--r--    1 modoper  pnt             200 Oct 10 04:46 /gfs/home3/modoper/tempo/global/oens/eof/datain/templ052011101000
ls: ERROR: Cannot access /gfs/dk22/modoper/tempo/global/oens/recfct/dataout/T126L28/GFCT05R2011101000*.fct*: No such file or directory
sx6
PNT-EN
11101004:46
out
/gfs/home3/modoper/tempo/global/oens
/gfs/home3/modoper/tempo/global/oens
/gfs/dk22/modoper/tempo/global/oens
/gfs/dk22/modoper/tempo/global/oens/model/datain
/gfs/home3/modoper/tempo/global/oens/run/setrecfct.1.FCT05RT126L28.sx6
Date: 20111010
Hour: 04:46
FCT05R
2011101000
2011101003
GFCT05R
GFCT05R
GFCT05R
F.fct
F.fct
R.fct
/gfs/home3/modoper/tempo/global/oens
/gfs/home3/modoper/tempo/global/oens
/gfs/dk22/modoper/tempo/global/oens
/gfs/dk22/modoper/tempo/global/oens/model/datain
run
run
GFCT05R20111010002011101003F.fct.T126L28
/gfs/home3/modoper/tempo/global/oens/recfct/datain/GFCT05R20111010002011101003F.fct.T126L28
+ echo Recomposition  -x-  RUNNING ...
Recomposition  -x-  RUNNING ...
+ source=/gfs/home3/modoper/tempo/global/oens/recfct/source
+ bin=/gfs/home3/modoper/tempo/global/oens/recfct/bin/T126L28
+ input=/gfs/home3/modoper/tempo/global/oens/recfct/datain
+ out=/gfs/home3/modoper/tempo/global/oens/recfct/output
+ echo run
run
+ [ run = make ]
+ echo run
run
+ [ run = clean ]
+ cd /gfs/home3/modoper/tempo/global/oens/recfct/bin/T126L28
+ echo ./recfct.T126L28 < /gfs/home3/modoper/tempo/global/oens/recfct/datain/recfctFCT05R.nml > /gfs/home3/modoper/tempo/global/oens/recfct/output/recfct.out.2011101000.04:46.T126L28
./recfct.T126L28 < /gfs/home3/modoper/tempo/global/oens/recfct/datain/recfctFCT05R.nml > /gfs/home3/modoper/tempo/global/oens/recfct/output/recfct.out.2011101000.04:46.T126L28
+ ./recfct.T126L28
+ 0< /gfs/home3/modoper/tempo/global/oens/recfct/datain/recfctFCT05R.nml 1> /gfs/home3/modoper/tempo/global/oens/recfct/output/recfct.out.2011101000.04:46.T126L28
 
 
     ******  Program Information  ******
  Real Time (sec)       :          9.329012
  User Time (sec)       :          4.125767
  Sys  Time (sec)       :          0.062664
  Vector Time (sec)     :          0.343962
  Inst. Count           :        1596986079.
  V. Inst. Count        :          16052480.
  V. Element Count      :        1289251883.
  FLOP Count            :         534710005.
  MOPS                  :        695.673258
  MFLOPS                :        129.602583
  VLEN                  :         80.314810
  V. Op. Ratio (%)      :         44.918765
  Memory Size (MB)      :        192.031250
  MIPS                  :        387.076206
  I-Cache (sec)         :          0.000778
  O-Cache (sec)         :          0.868096
  Bank (sec)            :          0.001190
 
  Start Time (date)  :  2011/10/10 04:46:21
  End   Time (date)  :  2011/10/10 04:46:31
-rw-r--r--    1 modoper  pnt             400 Oct 10 04:46 /gfs/home3/modoper/tempo/global/oens/eof/datain/templ052011101000
sx6
PNT-EN
11101004:46
out
/gfs/home3/modoper/tempo/global/oens
/gfs/home3/modoper/tempo/global/oens
/gfs/dk22/modoper/tempo/global/oens
/gfs/dk22/modoper/tempo/global/oens/model/datain
/gfs/home3/modoper/tempo/global/oens/run/setrecfct.1.FCT05RT126L28.sx6
Date: 20111010
Hour: 04:46
FCT05R
2011101000
2011101006
GFCT05R
GFCT05R
GFCT05R
F.fct
F.fct
R.fct
/gfs/home3/modoper/tempo/global/oens
/gfs/home3/modoper/tempo/global/oens
/gfs/dk22/modoper/tempo/global/oens
/gfs/dk22/modoper/tempo/global/oens/model/datain
run
run
GFCT05R20111010002011101006F.fct.T126L28
/gfs/home3/modoper/tempo/global/oens/recfct/datain/GFCT05R20111010002011101006F.fct.T126L28
+ echo Recomposition  -x-  RUNNING ...
Recomposition  -x-  RUNNING ...
+ source=/gfs/home3/modoper/tempo/global/oens/recfct/source
+ bin=/gfs/home3/modoper/tempo/global/oens/recfct/bin/T126L28
+ input=/gfs/home3/modoper/tempo/global/oens/recfct/datain
+ out=/gfs/home3/modoper/tempo/global/oens/recfct/output
+ echo run
run
+ [ run = make ]
+ echo run
run
+ [ run = clean ]
+ cd /gfs/home3/modoper/tempo/global/oens/recfct/bin/T126L28
+ echo ./recfct.T126L28 < /gfs/home3/modoper/tempo/global/oens/recfct/datain/recfctFCT05R.nml > /gfs/home3/modoper/tempo/global/oens/recfct/output/recfct.out.2011101000.04:46.T126L28
./recfct.T126L28 < /gfs/home3/modoper/tempo/global/oens/recfct/datain/recfctFCT05R.nml > /gfs/home3/modoper/tempo/global/oens/recfct/output/recfct.out.2011101000.04:46.T126L28
+ ./recfct.T126L28
+ 0< /gfs/home3/modoper/tempo/global/oens/recfct/datain/recfctFCT05R.nml 1> /gfs/home3/modoper/tempo/global/oens/recfct/output/recfct.out.2011101000.04:46.T126L28
 
 
     ******  Program Information  ******
  Real Time (sec)       :         10.317840
  User Time (sec)       :          4.121221
  Sys  Time (sec)       :          0.064223
  Vector Time (sec)     :          0.341981
  Inst. Count           :        1596986079.
  V. Inst. Count        :          16052480.
  V. Element Count      :        1289251883.
  FLOP Count            :         534710005.
  MOPS                  :        696.440483
  MFLOPS                :        129.745515
  VLEN                  :         80.314810
  V. Op. Ratio (%)      :         44.918765
  Memory Size (MB)      :        192.031250
  MIPS                  :        387.503094
  I-Cache (sec)         :          0.000958
  O-Cache (sec)         :          0.865025
  Bank (sec)            :          0.001191
 
  Start Time (date)  :  2011/10/10 04:46:32
  End   Time (date)  :  2011/10/10 04:46:42
-rw-r--r--    1 modoper  pnt             600 Oct 10 04:46 /gfs/home3/modoper/tempo/global/oens/eof/datain/templ052011101000
sx6
PNT-EN
11101004:46
out
/gfs/home3/modoper/tempo/global/oens
/gfs/home3/modoper/tempo/global/oens
/gfs/dk22/modoper/tempo/global/oens
/gfs/dk22/modoper/tempo/global/oens/model/datain
/gfs/home3/modoper/tempo/global/oens/run/setrecfct.1.FCT05RT126L28.sx6
Date: 20111010
Hour: 04:46
FCT05R
2011101000
2011101009
GFCT05R
GFCT05R
GFCT05R
F.fct
F.fct
R.fct
/gfs/home3/modoper/tempo/global/oens
/gfs/home3/modoper/tempo/global/oens
/gfs/dk22/modoper/tempo/global/oens
/gfs/dk22/modoper/tempo/global/oens/model/datain
run
run
GFCT05R20111010002011101009F.fct.T126L28
/gfs/home3/modoper/tempo/global/oens/recfct/datain/GFCT05R20111010002011101009F.fct.T126L28
+ echo Recomposition  -x-  RUNNING ...
Recomposition  -x-  RUNNING ...
+ source=/gfs/home3/modoper/tempo/global/oens/recfct/source
+ bin=/gfs/home3/modoper/tempo/global/oens/recfct/bin/T126L28
+ input=/gfs/home3/modoper/tempo/global/oens/recfct/datain
+ out=/gfs/home3/modoper/tempo/global/oens/recfct/output
+ echo run
run
+ [ run = make ]
+ echo run
run
+ [ run = clean ]
+ cd /gfs/home3/modoper/tempo/global/oens/recfct/bin/T126L28
+ echo ./recfct.T126L28 < /gfs/home3/modoper/tempo/global/oens/recfct/datain/recfctFCT05R.nml > /gfs/home3/modoper/tempo/global/oens/recfct/output/recfct.out.2011101000.04:46.T126L28
./recfct.T126L28 < /gfs/home3/modoper/tempo/global/oens/recfct/datain/recfctFCT05R.nml > /gfs/home3/modoper/tempo/global/oens/recfct/output/recfct.out.2011101000.04:46.T126L28
+ ./recfct.T126L28
+ 0< /gfs/home3/modoper/tempo/global/oens/recfct/datain/recfctFCT05R.nml 1> /gfs/home3/modoper/tempo/global/oens/recfct/output/recfct.out.2011101000.04:46.T126L28
 
 
     ******  Program Information  ******
  Real Time (sec)       :         14.301599
  User Time (sec)       :          4.132644
  Sys  Time (sec)       :          0.067310
  Vector Time (sec)     :          0.346067
  Inst. Count           :        1596986079.
  V. Inst. Count        :          16052480.
  V. Element Count      :        1289251883.
  FLOP Count            :         534710005.
  MOPS                  :        694.515617
  MFLOPS                :        129.386916
  VLEN                  :         80.314810
  V. Op. Ratio (%)      :         44.918765
  Memory Size (MB)      :        192.031250
  MIPS                  :        386.432089
  I-Cache (sec)         :          0.000937
  O-Cache (sec)         :          0.872391
  Bank (sec)            :          0.001190
 
  Start Time (date)  :  2011/10/10 04:46:43
  End   Time (date)  :  2011/10/10 04:46:57
-rw-r--r--    1 modoper  pnt             800 Oct 10 04:46 /gfs/home3/modoper/tempo/global/oens/eof/datain/templ052011101000
sx6
PNT-EN
11101004:46
out
/gfs/home3/modoper/tempo/global/oens
/gfs/home3/modoper/tempo/global/oens
/gfs/dk22/modoper/tempo/global/oens
/gfs/dk22/modoper/tempo/global/oens/model/datain
/gfs/home3/modoper/tempo/global/oens/run/setrecfct.1.FCT05RT126L28.sx6
Date: 20111010
Hour: 04:46
FCT05R
2011101000
2011101012
GFCT05R
GFCT05R
GFCT05R
F.fct
F.fct
R.fct
/gfs/home3/modoper/tempo/global/oens
/gfs/home3/modoper/tempo/global/oens
/gfs/dk22/modoper/tempo/global/oens
/gfs/dk22/modoper/tempo/global/oens/model/datain
run
run
GFCT05R20111010002011101012F.fct.T126L28
/gfs/home3/modoper/tempo/global/oens/recfct/datain/GFCT05R20111010002011101012F.fct.T126L28
+ echo Recomposition  -x-  RUNNING ...
Recomposition  -x-  RUNNING ...
+ source=/gfs/home3/modoper/tempo/global/oens/recfct/source
+ bin=/gfs/home3/modoper/tempo/global/oens/recfct/bin/T126L28
+ input=/gfs/home3/modoper/tempo/global/oens/recfct/datain
+ out=/gfs/home3/modoper/tempo/global/oens/recfct/output
+ echo run
run
+ [ run = make ]
+ echo run
run
+ [ run = clean ]
+ cd /gfs/home3/modoper/tempo/global/oens/recfct/bin/T126L28
+ echo ./recfct.T126L28 < /gfs/home3/modoper/tempo/global/oens/recfct/datain/recfctFCT05R.nml > /gfs/home3/modoper/tempo/global/oens/recfct/output/recfct.out.2011101000.04:46.T126L28
./recfct.T126L28 < /gfs/home3/modoper/tempo/global/oens/recfct/datain/recfctFCT05R.nml > /gfs/home3/modoper/tempo/global/oens/recfct/output/recfct.out.2011101000.04:46.T126L28
+ ./recfct.T126L28
+ 0< /gfs/home3/modoper/tempo/global/oens/recfct/datain/recfctFCT05R.nml 1> /gfs/home3/modoper/tempo/global/oens/recfct/output/recfct.out.2011101000.04:46.T126L28
 
 
     ******  Program Information  ******
  Real Time (sec)       :          6.295703
  User Time (sec)       :          4.134123
  Sys  Time (sec)       :          0.062679
  Vector Time (sec)     :          0.346385
  Inst. Count           :        1596986110.
  V. Inst. Count        :          16052480.
  V. Element Count      :        1289251883.
  FLOP Count            :         534710006.
  MOPS                  :        694.267143
  MFLOPS                :        129.340625
  VLEN                  :         80.314810
  V. Op. Ratio (%)      :         44.918765
  Memory Size (MB)      :        192.031250
  MIPS                  :        386.293840
  I-Cache (sec)         :          0.000777
  O-Cache (sec)         :          0.874212
  Bank (sec)            :          0.001190
 
  Start Time (date)  :  2011/10/10 04:46:58
  End   Time (date)  :  2011/10/10 04:47:05
-rw-r--r--    1 modoper  pnt            1000 Oct 10 04:47 /gfs/home3/modoper/tempo/global/oens/eof/datain/templ052011101000
sx6
PNT-EN
11101004:47
out
/gfs/home3/modoper/tempo/global/oens
/gfs/home3/modoper/tempo/global/oens
/gfs/dk22/modoper/tempo/global/oens
/gfs/dk22/modoper/tempo/global/oens/model/datain
/gfs/home3/modoper/tempo/global/oens/run/setrecfct.1.FCT05RT126L28.sx6
Date: 20111010
Hour: 04:47
FCT05R
2011101000
2011101015
GFCT05R
GFCT05R
GFCT05R
F.fct
F.fct
R.fct
/gfs/home3/modoper/tempo/global/oens
/gfs/home3/modoper/tempo/global/oens
/gfs/dk22/modoper/tempo/global/oens
/gfs/dk22/modoper/tempo/global/oens/model/datain
run
run
GFCT05R20111010002011101015F.fct.T126L28
/gfs/home3/modoper/tempo/global/oens/recfct/datain/GFCT05R20111010002011101015F.fct.T126L28
+ echo Recomposition  -x-  RUNNING ...
Recomposition  -x-  RUNNING ...
+ source=/gfs/home3/modoper/tempo/global/oens/recfct/source
+ bin=/gfs/home3/modoper/tempo/global/oens/recfct/bin/T126L28
+ input=/gfs/home3/modoper/tempo/global/oens/recfct/datain
+ out=/gfs/home3/modoper/tempo/global/oens/recfct/output
+ echo run
run
+ [ run = make ]
+ echo run
run
+ [ run = clean ]
+ cd /gfs/home3/modoper/tempo/global/oens/recfct/bin/T126L28
+ echo ./recfct.T126L28 < /gfs/home3/modoper/tempo/global/oens/recfct/datain/recfctFCT05R.nml > /gfs/home3/modoper/tempo/global/oens/recfct/output/recfct.out.2011101000.04:47.T126L28
./recfct.T126L28 < /gfs/home3/modoper/tempo/global/oens/recfct/datain/recfctFCT05R.nml > /gfs/home3/modoper/tempo/global/oens/recfct/output/recfct.out.2011101000.04:47.T126L28
+ ./recfct.T126L28
+ 0< /gfs/home3/modoper/tempo/global/oens/recfct/datain/recfctFCT05R.nml 1> /gfs/home3/modoper/tempo/global/oens/recfct/output/recfct.out.2011101000.04:47.T126L28
 
 
     ******  Program Information  ******
  Real Time (sec)       :         13.140815
  User Time (sec)       :          4.121570
  Sys  Time (sec)       :          0.062426
  Vector Time (sec)     :          0.341945
  Inst. Count           :        1596986110.
  V. Inst. Count        :          16052480.
  V. Element Count      :        1289251883.
  FLOP Count            :         534710006.
  MOPS                  :        696.381652
  MFLOPS                :        129.734554
  VLEN                  :         80.314810
  V. Op. Ratio (%)      :         44.918765
  Memory Size (MB)      :        192.031250
  MIPS                  :        387.470364
  I-Cache (sec)         :          0.001015
  O-Cache (sec)         :          0.865217
  Bank (sec)            :          0.001191
 
  Start Time (date)  :  2011/10/10 04:47:06
  End   Time (date)  :  2011/10/10 04:47:19
-rw-r--r--    1 modoper  pnt            1200 Oct 10 04:47 /gfs/home3/modoper/tempo/global/oens/eof/datain/templ052011101000
sx6
PNT-EN
11101004:47
out
/gfs/home3/modoper/tempo/global/oens
/gfs/home3/modoper/tempo/global/oens
/gfs/dk22/modoper/tempo/global/oens
/gfs/dk22/modoper/tempo/global/oens/model/datain
/gfs/home3/modoper/tempo/global/oens/run/setrecfct.1.FCT05RT126L28.sx6
Date: 20111010
Hour: 04:47
FCT05R
2011101000
2011101018
GFCT05R
GFCT05R
GFCT05R
F.fct
F.fct
R.fct
/gfs/home3/modoper/tempo/global/oens
/gfs/home3/modoper/tempo/global/oens
/gfs/dk22/modoper/tempo/global/oens
/gfs/dk22/modoper/tempo/global/oens/model/datain
run
run
GFCT05R20111010002011101018F.fct.T126L28
/gfs/home3/modoper/tempo/global/oens/recfct/datain/GFCT05R20111010002011101018F.fct.T126L28
+ echo Recomposition  -x-  RUNNING ...
Recomposition  -x-  RUNNING ...
+ source=/gfs/home3/modoper/tempo/global/oens/recfct/source
+ bin=/gfs/home3/modoper/tempo/global/oens/recfct/bin/T126L28
+ input=/gfs/home3/modoper/tempo/global/oens/recfct/datain
+ out=/gfs/home3/modoper/tempo/global/oens/recfct/output
+ echo run
run
+ [ run = make ]
+ echo run
run
+ [ run = clean ]
+ cd /gfs/home3/modoper/tempo/global/oens/recfct/bin/T126L28
+ echo ./recfct.T126L28 < /gfs/home3/modoper/tempo/global/oens/recfct/datain/recfctFCT05R.nml > /gfs/home3/modoper/tempo/global/oens/recfct/output/recfct.out.2011101000.04:47.T126L28
./recfct.T126L28 < /gfs/home3/modoper/tempo/global/oens/recfct/datain/recfctFCT05R.nml > /gfs/home3/modoper/tempo/global/oens/recfct/output/recfct.out.2011101000.04:47.T126L28
+ ./recfct.T126L28
+ 0< /gfs/home3/modoper/tempo/global/oens/recfct/datain/recfctFCT05R.nml 1> /gfs/home3/modoper/tempo/global/oens/recfct/output/recfct.out.2011101000.04:47.T126L28
 
 
     ******  Program Information  ******
  Real Time (sec)       :         10.498486
  User Time (sec)       :          4.137028
  Sys  Time (sec)       :          0.092098
  Vector Time (sec)     :          0.346289
  Inst. Count           :        1596986110.
  V. Inst. Count        :          16052480.
  V. Element Count      :        1289251883.
  FLOP Count            :         534710006.
  MOPS                  :        693.779508
  MFLOPS                :        129.249780
  VLEN                  :         80.314810
  V. Op. Ratio (%)      :         44.918765
  Memory Size (MB)      :        192.031250
  MIPS                  :        386.022518
  I-Cache (sec)         :          0.003708
  O-Cache (sec)         :          0.876189
  Bank (sec)            :          0.001190
 
  Start Time (date)  :  2011/10/10 04:47:20
  End   Time (date)  :  2011/10/10 04:47:30
-rw-r--r--    1 modoper  pnt            1400 Oct 10 04:47 /gfs/home3/modoper/tempo/global/oens/eof/datain/templ052011101000
sx6
PNT-EN
11101004:47
out
/gfs/home3/modoper/tempo/global/oens
/gfs/home3/modoper/tempo/global/oens
/gfs/dk22/modoper/tempo/global/oens
/gfs/dk22/modoper/tempo/global/oens/model/datain
/gfs/home3/modoper/tempo/global/oens/run/setrecfct.1.FCT05RT126L28.sx6
Date: 20111010
Hour: 04:47
FCT05R
2011101000
2011101021
GFCT05R
GFCT05R
GFCT05R
F.fct
F.fct
R.fct
/gfs/home3/modoper/tempo/global/oens
/gfs/home3/modoper/tempo/global/oens
/gfs/dk22/modoper/tempo/global/oens
/gfs/dk22/modoper/tempo/global/oens/model/datain
run
run
GFCT05R20111010002011101021F.fct.T126L28
/gfs/home3/modoper/tempo/global/oens/recfct/datain/GFCT05R20111010002011101021F.fct.T126L28
+ echo Recomposition  -x-  RUNNING ...
Recomposition  -x-  RUNNING ...
+ source=/gfs/home3/modoper/tempo/global/oens/recfct/source
+ bin=/gfs/home3/modoper/tempo/global/oens/recfct/bin/T126L28
+ input=/gfs/home3/modoper/tempo/global/oens/recfct/datain
+ out=/gfs/home3/modoper/tempo/global/oens/recfct/output
+ echo run
run
+ [ run = make ]
+ echo run
run
+ [ run = clean ]
+ cd /gfs/home3/modoper/tempo/global/oens/recfct/bin/T126L28
+ echo ./recfct.T126L28 < /gfs/home3/modoper/tempo/global/oens/recfct/datain/recfctFCT05R.nml > /gfs/home3/modoper/tempo/global/oens/recfct/output/recfct.out.2011101000.04:47.T126L28
./recfct.T126L28 < /gfs/home3/modoper/tempo/global/oens/recfct/datain/recfctFCT05R.nml > /gfs/home3/modoper/tempo/global/oens/recfct/output/recfct.out.2011101000.04:47.T126L28
+ ./recfct.T126L28
+ 0< /gfs/home3/modoper/tempo/global/oens/recfct/datain/recfctFCT05R.nml 1> /gfs/home3/modoper/tempo/global/oens/recfct/output/recfct.out.2011101000.04:47.T126L28
 
 
     ******  Program Information  ******
  Real Time (sec)       :         14.920617
  User Time (sec)       :          4.132429
  Sys  Time (sec)       :          0.117107
  Vector Time (sec)     :          0.343935
  Inst. Count           :        1596986110.
  V. Inst. Count        :          16052480.
  V. Element Count      :        1289251883.
  FLOP Count            :         534710006.
  MOPS                  :        694.551654
  MFLOPS                :        129.393629
  VLEN                  :         80.314810
  V. Op. Ratio (%)      :         44.918765
  Memory Size (MB)      :        192.031250
  MIPS                  :        386.452143
  I-Cache (sec)         :          0.005250
  O-Cache (sec)         :          0.874209
  Bank (sec)            :          0.001191
 
  Start Time (date)  :  2011/10/10 04:47:32
  End   Time (date)  :  2011/10/10 04:47:46
-rw-r--r--    1 modoper  pnt            1600 Oct 10 04:47 /gfs/home3/modoper/tempo/global/oens/eof/datain/templ052011101000
sx6
PNT-EN
11101004:47
out
/gfs/home3/modoper/tempo/global/oens
/gfs/home3/modoper/tempo/global/oens
/gfs/dk22/modoper/tempo/global/oens
/gfs/dk22/modoper/tempo/global/oens/model/datain
/gfs/home3/modoper/tempo/global/oens/run/setrecfct.1.FCT05RT126L28.sx6
Date: 20111010
Hour: 04:47
FCT05R
2011101000
2011101100
GFCT05R
GFCT05R
GFCT05R
F.fct
F.fct
R.fct
/gfs/home3/modoper/tempo/global/oens
/gfs/home3/modoper/tempo/global/oens
/gfs/dk22/modoper/tempo/global/oens
/gfs/dk22/modoper/tempo/global/oens/model/datain
run
run
GFCT05R20111010002011101100F.fct.T126L28
/gfs/home3/modoper/tempo/global/oens/recfct/datain/GFCT05R20111010002011101100F.fct.T126L28
+ echo Recomposition  -x-  RUNNING ...
Recomposition  -x-  RUNNING ...
+ source=/gfs/home3/modoper/tempo/global/oens/recfct/source
+ bin=/gfs/home3/modoper/tempo/global/oens/recfct/bin/T126L28
+ input=/gfs/home3/modoper/tempo/global/oens/recfct/datain
+ out=/gfs/home3/modoper/tempo/global/oens/recfct/output
+ echo run
run
+ [ run = make ]
+ echo run
run
+ [ run = clean ]
+ cd /gfs/home3/modoper/tempo/global/oens/recfct/bin/T126L28
+ echo ./recfct.T126L28 < /gfs/home3/modoper/tempo/global/oens/recfct/datain/recfctFCT05R.nml > /gfs/home3/modoper/tempo/global/oens/recfct/output/recfct.out.2011101000.04:47.T126L28
./recfct.T126L28 < /gfs/home3/modoper/tempo/global/oens/recfct/datain/recfctFCT05R.nml > /gfs/home3/modoper/tempo/global/oens/recfct/output/recfct.out.2011101000.04:47.T126L28
+ ./recfct.T126L28
+ 0< /gfs/home3/modoper/tempo/global/oens/recfct/datain/recfctFCT05R.nml 1> /gfs/home3/modoper/tempo/global/oens/recfct/output/recfct.out.2011101000.04:47.T126L28
 
 
     ******  Program Information  ******
  Real Time (sec)       :         18.379313
  User Time (sec)       :          4.121371
  Sys  Time (sec)       :          0.064674
  Vector Time (sec)     :          0.341868
  Inst. Count           :        1596986079.
  V. Inst. Count        :          16052480.
  V. Element Count      :        1289251883.
  FLOP Count            :         534710005.
  MOPS                  :        696.415158
  MFLOPS                :        129.740797
  VLEN                  :         80.314810
  V. Op. Ratio (%)      :         44.918765
  Memory Size (MB)      :        192.031250
  MIPS                  :        387.489004
  I-Cache (sec)         :          0.000966
  O-Cache (sec)         :          0.865082
  Bank (sec)            :          0.001191
 
  Start Time (date)  :  2011/10/10 04:47:48
  End   Time (date)  :  2011/10/10 04:48:06
-rw-r--r--    1 modoper  pnt            1800 Oct 10 04:48 /gfs/home3/modoper/tempo/global/oens/eof/datain/templ052011101000
sx6
PNT-EN
11101004:48
out
/gfs/home3/modoper/tempo/global/oens
/gfs/home3/modoper/tempo/global/oens
/gfs/dk22/modoper/tempo/global/oens
/gfs/dk22/modoper/tempo/global/oens/model/datain
/gfs/home3/modoper/tempo/global/oens/run/setrecfct.1.FCT05RT126L28.sx6
Date: 20111010
Hour: 04:48
FCT05R
2011101000
2011101103
GFCT05R
GFCT05R
GFCT05R
F.fct
F.fct
R.fct
/gfs/home3/modoper/tempo/global/oens
/gfs/home3/modoper/tempo/global/oens
/gfs/dk22/modoper/tempo/global/oens
/gfs/dk22/modoper/tempo/global/oens/model/datain
run
run
GFCT05R20111010002011101103F.fct.T126L28
/gfs/home3/modoper/tempo/global/oens/recfct/datain/GFCT05R20111010002011101103F.fct.T126L28
+ echo Recomposition  -x-  RUNNING ...
Recomposition  -x-  RUNNING ...
+ source=/gfs/home3/modoper/tempo/global/oens/recfct/source
+ bin=/gfs/home3/modoper/tempo/global/oens/recfct/bin/T126L28
+ input=/gfs/home3/modoper/tempo/global/oens/recfct/datain
+ out=/gfs/home3/modoper/tempo/global/oens/recfct/output
+ echo run
run
+ [ run = make ]
+ echo run
run
+ [ run = clean ]
+ cd /gfs/home3/modoper/tempo/global/oens/recfct/bin/T126L28
+ echo ./recfct.T126L28 < /gfs/home3/modoper/tempo/global/oens/recfct/datain/recfctFCT05R.nml > /gfs/home3/modoper/tempo/global/oens/recfct/output/recfct.out.2011101000.04:48.T126L28
./recfct.T126L28 < /gfs/home3/modoper/tempo/global/oens/recfct/datain/recfctFCT05R.nml > /gfs/home3/modoper/tempo/global/oens/recfct/output/recfct.out.2011101000.04:48.T126L28
+ ./recfct.T126L28
+ 0< /gfs/home3/modoper/tempo/global/oens/recfct/datain/recfctFCT05R.nml 1> /gfs/home3/modoper/tempo/global/oens/recfct/output/recfct.out.2011101000.04:48.T126L28
 
 
     ******  Program Information  ******
  Real Time (sec)       :         19.509115
  User Time (sec)       :          4.125355
  Sys  Time (sec)       :          0.065200
  Vector Time (sec)     :          0.343932
  Inst. Count           :        1596986079.
  V. Inst. Count        :          16052480.
  V. Element Count      :        1289251883.
  FLOP Count            :         534710005.
  MOPS                  :        695.742655
  MFLOPS                :        129.615511
  VLEN                  :         80.314810
  V. Op. Ratio (%)      :         44.918765
  Memory Size (MB)      :        192.031250
  MIPS                  :        387.114819
  I-Cache (sec)         :          0.000788
  O-Cache (sec)         :          0.862567
  Bank (sec)            :          0.001190
 
  Start Time (date)  :  2011/10/10 04:48:07
  End   Time (date)  :  2011/10/10 04:48:27
-rw-r--r--    1 modoper  pnt            2000 Oct 10 04:48 /gfs/home3/modoper/tempo/global/oens/eof/datain/templ052011101000
sx6
PNT-EN
11101004:48
out
/gfs/home3/modoper/tempo/global/oens
/gfs/home3/modoper/tempo/global/oens
/gfs/dk22/modoper/tempo/global/oens
/gfs/dk22/modoper/tempo/global/oens/model/datain
/gfs/home3/modoper/tempo/global/oens/run/setrecfct.1.FCT05RT126L28.sx6
Date: 20111010
Hour: 04:48
FCT05R
2011101000
2011101106
GFCT05R
GFCT05R
GFCT05R
F.fct
F.fct
R.fct
/gfs/home3/modoper/tempo/global/oens
/gfs/home3/modoper/tempo/global/oens
/gfs/dk22/modoper/tempo/global/oens
/gfs/dk22/modoper/tempo/global/oens/model/datain
run
run
GFCT05R20111010002011101106F.fct.T126L28
/gfs/home3/modoper/tempo/global/oens/recfct/datain/GFCT05R20111010002011101106F.fct.T126L28
+ echo Recomposition  -x-  RUNNING ...
Recomposition  -x-  RUNNING ...
+ source=/gfs/home3/modoper/tempo/global/oens/recfct/source
+ bin=/gfs/home3/modoper/tempo/global/oens/recfct/bin/T126L28
+ input=/gfs/home3/modoper/tempo/global/oens/recfct/datain
+ out=/gfs/home3/modoper/tempo/global/oens/recfct/output
+ echo run
run
+ [ run = make ]
+ echo run
run
+ [ run = clean ]
+ cd /gfs/home3/modoper/tempo/global/oens/recfct/bin/T126L28
+ echo ./recfct.T126L28 < /gfs/home3/modoper/tempo/global/oens/recfct/datain/recfctFCT05R.nml > /gfs/home3/modoper/tempo/global/oens/recfct/output/recfct.out.2011101000.04:48.T126L28
./recfct.T126L28 < /gfs/home3/modoper/tempo/global/oens/recfct/datain/recfctFCT05R.nml > /gfs/home3/modoper/tempo/global/oens/recfct/output/recfct.out.2011101000.04:48.T126L28
+ ./recfct.T126L28
+ 0< /gfs/home3/modoper/tempo/global/oens/recfct/datain/recfctFCT05R.nml 1> /gfs/home3/modoper/tempo/global/oens/recfct/output/recfct.out.2011101000.04:48.T126L28
 
 
     ******  Program Information  ******
  Real Time (sec)       :         24.036244
  User Time (sec)       :          4.129077
  Sys  Time (sec)       :          0.066403
  Vector Time (sec)     :          0.344855
  Inst. Count           :        1596986079.
  V. Inst. Count        :          16052480.
  V. Element Count      :        1289251883.
  FLOP Count            :         534710005.
  MOPS                  :        695.115524
  MFLOPS                :        129.498678
  VLEN                  :         80.314810
  V. Op. Ratio (%)      :         44.918765
  Memory Size (MB)      :        192.031250
  MIPS                  :        386.765880
  I-Cache (sec)         :          0.000801
  O-Cache (sec)         :          0.870377
  Bank (sec)            :          0.001190
 
  Start Time (date)  :  2011/10/10 04:48:28
  End   Time (date)  :  2011/10/10 04:48:52
-rw-r--r--    1 modoper  pnt            2200 Oct 10 04:48 /gfs/home3/modoper/tempo/global/oens/eof/datain/templ052011101000
sx6
PNT-EN
11101004:48
out
/gfs/home3/modoper/tempo/global/oens
/gfs/home3/modoper/tempo/global/oens
/gfs/dk22/modoper/tempo/global/oens
/gfs/dk22/modoper/tempo/global/oens/model/datain
/gfs/home3/modoper/tempo/global/oens/run/setrecfct.1.FCT05RT126L28.sx6
Date: 20111010
Hour: 04:48
FCT05R
2011101000
2011101109
GFCT05R
GFCT05R
GFCT05R
F.fct
F.fct
R.fct
/gfs/home3/modoper/tempo/global/oens
/gfs/home3/modoper/tempo/global/oens
/gfs/dk22/modoper/tempo/global/oens
/gfs/dk22/modoper/tempo/global/oens/model/datain
run
run
GFCT05R20111010002011101109F.fct.T126L28
/gfs/home3/modoper/tempo/global/oens/recfct/datain/GFCT05R20111010002011101109F.fct.T126L28
+ echo Recomposition  -x-  RUNNING ...
Recomposition  -x-  RUNNING ...
+ source=/gfs/home3/modoper/tempo/global/oens/recfct/source
+ bin=/gfs/home3/modoper/tempo/global/oens/recfct/bin/T126L28
+ input=/gfs/home3/modoper/tempo/global/oens/recfct/datain
+ out=/gfs/home3/modoper/tempo/global/oens/recfct/output
+ echo run
run
+ [ run = make ]
+ echo run
run
+ [ run = clean ]
+ cd /gfs/home3/modoper/tempo/global/oens/recfct/bin/T126L28
+ echo ./recfct.T126L28 < /gfs/home3/modoper/tempo/global/oens/recfct/datain/recfctFCT05R.nml > /gfs/home3/modoper/tempo/global/oens/recfct/output/recfct.out.2011101000.04:48.T126L28
./recfct.T126L28 < /gfs/home3/modoper/tempo/global/oens/recfct/datain/recfctFCT05R.nml > /gfs/home3/modoper/tempo/global/oens/recfct/output/recfct.out.2011101000.04:48.T126L28
+ ./recfct.T126L28
+ 0< /gfs/home3/modoper/tempo/global/oens/recfct/datain/recfctFCT05R.nml 1> /gfs/home3/modoper/tempo/global/oens/recfct/output/recfct.out.2011101000.04:48.T126L28
 
 
     ******  Program Information  ******
  Real Time (sec)       :         18.931624
  User Time (sec)       :          4.127792
  Sys  Time (sec)       :          0.063231
  Vector Time (sec)     :          0.344551
  Inst. Count           :        1596986079.
  V. Inst. Count        :          16052480.
  V. Element Count      :        1289251883.
  FLOP Count            :         534710005.
  MOPS                  :        695.331985
  MFLOPS                :        129.539004
  VLEN                  :         80.314810
  V. Op. Ratio (%)      :         44.918765
  Memory Size (MB)      :        192.031250
  MIPS                  :        386.886320
  I-Cache (sec)         :          0.001005
  O-Cache (sec)         :          0.869011
  Bank (sec)            :          0.001191
 
  Start Time (date)  :  2011/10/10 04:48:53
  End   Time (date)  :  2011/10/10 04:49:12
-rw-r--r--    1 modoper  pnt            2400 Oct 10 04:49 /gfs/home3/modoper/tempo/global/oens/eof/datain/templ052011101000
sx6
PNT-EN
11101004:49
out
/gfs/home3/modoper/tempo/global/oens
/gfs/home3/modoper/tempo/global/oens
/gfs/dk22/modoper/tempo/global/oens
/gfs/dk22/modoper/tempo/global/oens/model/datain
/gfs/home3/modoper/tempo/global/oens/run/setrecfct.1.FCT05RT126L28.sx6
Date: 20111010
Hour: 04:49
FCT05R
2011101000
2011101112
GFCT05R
GFCT05R
GFCT05R
F.fct
F.fct
R.fct
/gfs/home3/modoper/tempo/global/oens
/gfs/home3/modoper/tempo/global/oens
/gfs/dk22/modoper/tempo/global/oens
/gfs/dk22/modoper/tempo/global/oens/model/datain
run
run
GFCT05R20111010002011101112F.fct.T126L28
/gfs/home3/modoper/tempo/global/oens/recfct/datain/GFCT05R20111010002011101112F.fct.T126L28
+ echo Recomposition  -x-  RUNNING ...
Recomposition  -x-  RUNNING ...
+ source=/gfs/home3/modoper/tempo/global/oens/recfct/source
+ bin=/gfs/home3/modoper/tempo/global/oens/recfct/bin/T126L28
+ input=/gfs/home3/modoper/tempo/global/oens/recfct/datain
+ out=/gfs/home3/modoper/tempo/global/oens/recfct/output
+ echo run
run
+ [ run = make ]
+ echo run
run
+ [ run = clean ]
+ cd /gfs/home3/modoper/tempo/global/oens/recfct/bin/T126L28
+ echo ./recfct.T126L28 < /gfs/home3/modoper/tempo/global/oens/recfct/datain/recfctFCT05R.nml > /gfs/home3/modoper/tempo/global/oens/recfct/output/recfct.out.2011101000.04:49.T126L28
./recfct.T126L28 < /gfs/home3/modoper/tempo/global/oens/recfct/datain/recfctFCT05R.nml > /gfs/home3/modoper/tempo/global/oens/recfct/output/recfct.out.2011101000.04:49.T126L28
+ ./recfct.T126L28
+ 0< /gfs/home3/modoper/tempo/global/oens/recfct/datain/recfctFCT05R.nml 1> /gfs/home3/modoper/tempo/global/oens/recfct/output/recfct.out.2011101000.04:49.T126L28
 
 
     ******  Program Information  ******
  Real Time (sec)       :         26.183611
  User Time (sec)       :          4.135290
  Sys  Time (sec)       :          0.109552
  Vector Time (sec)     :          0.345095
  Inst. Count           :        1596986110.
  V. Inst. Count        :          16052480.
  V. Element Count      :        1289251883.
  FLOP Count            :         534710006.
  MOPS                  :        694.071073
  MFLOPS                :        129.304098
  VLEN                  :         80.314810
  V. Op. Ratio (%)      :         44.918765
  Memory Size (MB)      :        192.031250
  MIPS                  :        386.184746
  I-Cache (sec)         :          0.004504
  O-Cache (sec)         :          0.875258
  Bank (sec)            :          0.001191
 
  Start Time (date)  :  2011/10/10 04:49:14
  End   Time (date)  :  2011/10/10 04:49:40
-rw-r--r--    1 modoper  pnt            2600 Oct 10 04:49 /gfs/home3/modoper/tempo/global/oens/eof/datain/templ052011101000
sx6
PNT-EN
11101004:49
out
/gfs/home3/modoper/tempo/global/oens
/gfs/home3/modoper/tempo/global/oens
/gfs/dk22/modoper/tempo/global/oens
/gfs/dk22/modoper/tempo/global/oens/model/datain
/gfs/home3/modoper/tempo/global/oens/run/setrecfct.1.FCT05RT126L28.sx6
Date: 20111010
Hour: 04:49
FCT05R
2011101000
2011101115
GFCT05R
GFCT05R
GFCT05R
F.fct
F.fct
R.fct
/gfs/home3/modoper/tempo/global/oens
/gfs/home3/modoper/tempo/global/oens
/gfs/dk22/modoper/tempo/global/oens
/gfs/dk22/modoper/tempo/global/oens/model/datain
run
run
GFCT05R20111010002011101115F.fct.T126L28
/gfs/home3/modoper/tempo/global/oens/recfct/datain/GFCT05R20111010002011101115F.fct.T126L28
+ echo Recomposition  -x-  RUNNING ...
Recomposition  -x-  RUNNING ...
+ source=/gfs/home3/modoper/tempo/global/oens/recfct/source
+ bin=/gfs/home3/modoper/tempo/global/oens/recfct/bin/T126L28
+ input=/gfs/home3/modoper/tempo/global/oens/recfct/datain
+ out=/gfs/home3/modoper/tempo/global/oens/recfct/output
+ echo run
run
+ [ run = make ]
+ echo run
run
+ [ run = clean ]
+ cd /gfs/home3/modoper/tempo/global/oens/recfct/bin/T126L28
+ echo ./recfct.T126L28 < /gfs/home3/modoper/tempo/global/oens/recfct/datain/recfctFCT05R.nml > /gfs/home3/modoper/tempo/global/oens/recfct/output/recfct.out.2011101000.04:49.T126L28
./recfct.T126L28 < /gfs/home3/modoper/tempo/global/oens/recfct/datain/recfctFCT05R.nml > /gfs/home3/modoper/tempo/global/oens/recfct/output/recfct.out.2011101000.04:49.T126L28
+ ./recfct.T126L28
+ 0< /gfs/home3/modoper/tempo/global/oens/recfct/datain/recfctFCT05R.nml 1> /gfs/home3/modoper/tempo/global/oens/recfct/output/recfct.out.2011101000.04:49.T126L28
 
 
     ******  Program Information  ******
  Real Time (sec)       :         24.313888
  User Time (sec)       :          4.134065
  Sys  Time (sec)       :          0.072714
  Vector Time (sec)     :          0.346076
  Inst. Count           :        1596986110.
  V. Inst. Count        :          16052480.
  V. Element Count      :        1289251883.
  FLOP Count            :         534710006.
  MOPS                  :        694.276765
  MFLOPS                :        129.342418
  VLEN                  :         80.314810
  V. Op. Ratio (%)      :         44.918765
  Memory Size (MB)      :        192.031250
  MIPS                  :        386.299194
  I-Cache (sec)         :          0.001179
  O-Cache (sec)         :          0.869406
  Bank (sec)            :          0.001190
 
  Start Time (date)  :  2011/10/10 04:49:41
  End   Time (date)  :  2011/10/10 04:50:05
-rw-r--r--    1 modoper  pnt            2800 Oct 10 04:50 /gfs/home3/modoper/tempo/global/oens/eof/datain/templ052011101000
sx6
PNT-EN
11101004:50
out
/gfs/home3/modoper/tempo/global/oens
/gfs/home3/modoper/tempo/global/oens
/gfs/dk22/modoper/tempo/global/oens
/gfs/dk22/modoper/tempo/global/oens/model/datain
/gfs/home3/modoper/tempo/global/oens/run/setrecfct.1.FCT05RT126L28.sx6
Date: 20111010
Hour: 04:50
FCT05R
2011101000
2011101118
GFCT05R
GFCT05R
GFCT05R
F.fct
F.fct
R.fct
/gfs/home3/modoper/tempo/global/oens
/gfs/home3/modoper/tempo/global/oens
/gfs/dk22/modoper/tempo/global/oens
/gfs/dk22/modoper/tempo/global/oens/model/datain
run
run
GFCT05R20111010002011101118F.fct.T126L28
/gfs/home3/modoper/tempo/global/oens/recfct/datain/GFCT05R20111010002011101118F.fct.T126L28
+ echo Recomposition  -x-  RUNNING ...
Recomposition  -x-  RUNNING ...
+ source=/gfs/home3/modoper/tempo/global/oens/recfct/source
+ bin=/gfs/home3/modoper/tempo/global/oens/recfct/bin/T126L28
+ input=/gfs/home3/modoper/tempo/global/oens/recfct/datain
+ out=/gfs/home3/modoper/tempo/global/oens/recfct/output
+ echo run
run
+ [ run = make ]
+ echo run
run
+ [ run = clean ]
+ cd /gfs/home3/modoper/tempo/global/oens/recfct/bin/T126L28
+ echo ./recfct.T126L28 < /gfs/home3/modoper/tempo/global/oens/recfct/datain/recfctFCT05R.nml > /gfs/home3/modoper/tempo/global/oens/recfct/output/recfct.out.2011101000.04:50.T126L28
./recfct.T126L28 < /gfs/home3/modoper/tempo/global/oens/recfct/datain/recfctFCT05R.nml > /gfs/home3/modoper/tempo/global/oens/recfct/output/recfct.out.2011101000.04:50.T126L28
+ ./recfct.T126L28
+ 0< /gfs/home3/modoper/tempo/global/oens/recfct/datain/recfctFCT05R.nml 1> /gfs/home3/modoper/tempo/global/oens/recfct/output/recfct.out.2011101000.04:50.T126L28
 
 
     ******  Program Information  ******
  Real Time (sec)       :         23.389838
  User Time (sec)       :          4.140787
  Sys  Time (sec)       :          0.110104
  Vector Time (sec)     :          0.346585
  Inst. Count           :        1596986110.
  V. Inst. Count        :          16052480.
  V. Element Count      :        1289251883.
  FLOP Count            :         534710006.
  MOPS                  :        693.149699
  MFLOPS                :        129.132447
  VLEN                  :         80.314810
  V. Op. Ratio (%)      :         44.918765
  Memory Size (MB)      :        192.031250
  MIPS                  :        385.672089
  I-Cache (sec)         :          0.004547
  O-Cache (sec)         :          0.879364
  Bank (sec)            :          0.001190
 
  Start Time (date)  :  2011/10/10 04:50:07
  End   Time (date)  :  2011/10/10 04:50:30
-rw-r--r--    1 modoper  pnt            3000 Oct 10 04:50 /gfs/home3/modoper/tempo/global/oens/eof/datain/templ052011101000
sx6
PNT-EN
11101004:50
out
/gfs/home3/modoper/tempo/global/oens
/gfs/home3/modoper/tempo/global/oens
/gfs/dk22/modoper/tempo/global/oens
/gfs/dk22/modoper/tempo/global/oens/model/datain
/gfs/home3/modoper/tempo/global/oens/run/setrecfct.1.FCT05RT126L28.sx6
Date: 20111010
Hour: 04:50
FCT05R
2011101000
2011101121
GFCT05R
GFCT05R
GFCT05R
F.fct
F.fct
R.fct
/gfs/home3/modoper/tempo/global/oens
/gfs/home3/modoper/tempo/global/oens
/gfs/dk22/modoper/tempo/global/oens
/gfs/dk22/modoper/tempo/global/oens/model/datain
run
run
GFCT05R20111010002011101121F.fct.T126L28
/gfs/home3/modoper/tempo/global/oens/recfct/datain/GFCT05R20111010002011101121F.fct.T126L28
+ echo Recomposition  -x-  RUNNING ...
Recomposition  -x-  RUNNING ...
+ source=/gfs/home3/modoper/tempo/global/oens/recfct/source
+ bin=/gfs/home3/modoper/tempo/global/oens/recfct/bin/T126L28
+ input=/gfs/home3/modoper/tempo/global/oens/recfct/datain
+ out=/gfs/home3/modoper/tempo/global/oens/recfct/output
+ echo run
run
+ [ run = make ]
+ echo run
run
+ [ run = clean ]
+ cd /gfs/home3/modoper/tempo/global/oens/recfct/bin/T126L28
+ echo ./recfct.T126L28 < /gfs/home3/modoper/tempo/global/oens/recfct/datain/recfctFCT05R.nml > /gfs/home3/modoper/tempo/global/oens/recfct/output/recfct.out.2011101000.04:50.T126L28
./recfct.T126L28 < /gfs/home3/modoper/tempo/global/oens/recfct/datain/recfctFCT05R.nml > /gfs/home3/modoper/tempo/global/oens/recfct/output/recfct.out.2011101000.04:50.T126L28
+ ./recfct.T126L28
+ 0< /gfs/home3/modoper/tempo/global/oens/recfct/datain/recfctFCT05R.nml 1> /gfs/home3/modoper/tempo/global/oens/recfct/output/recfct.out.2011101000.04:50.T126L28
 
 
     ******  Program Information  ******
  Real Time (sec)       :         26.286308
  User Time (sec)       :          4.122011
  Sys  Time (sec)       :          0.068819
  Vector Time (sec)     :          0.343173
  Inst. Count           :        1596986110.
  V. Inst. Count        :          16052480.
  V. Element Count      :        1289251883.
  FLOP Count            :         534710006.
  MOPS                  :        696.307015
  MFLOPS                :        129.720649
  VLEN                  :         80.314810
  V. Op. Ratio (%)      :         44.918765
  Memory Size (MB)      :        192.031250
  MIPS                  :        387.428836
  I-Cache (sec)         :          0.000813
  O-Cache (sec)         :          0.860043
  Bank (sec)            :          0.001190
 
  Start Time (date)  :  2011/10/10 04:50:32
  End   Time (date)  :  2011/10/10 04:50:58
-rw-r--r--    1 modoper  pnt            3200 Oct 10 04:50 /gfs/home3/modoper/tempo/global/oens/eof/datain/templ052011101000
sx6
PNT-EN
11101004:50
out
/gfs/home3/modoper/tempo/global/oens
/gfs/home3/modoper/tempo/global/oens
/gfs/dk22/modoper/tempo/global/oens
/gfs/dk22/modoper/tempo/global/oens/model/datain
/gfs/home3/modoper/tempo/global/oens/run/setrecfct.1.FCT05RT126L28.sx6
Date: 20111010
Hour: 04:50
FCT05R
2011101000
2011101200
GFCT05R
GFCT05R
GFCT05R
F.fct
F.fct
R.fct
/gfs/home3/modoper/tempo/global/oens
/gfs/home3/modoper/tempo/global/oens
/gfs/dk22/modoper/tempo/global/oens
/gfs/dk22/modoper/tempo/global/oens/model/datain
run
run
GFCT05R20111010002011101200F.fct.T126L28
/gfs/home3/modoper/tempo/global/oens/recfct/datain/GFCT05R20111010002011101200F.fct.T126L28
+ echo Recomposition  -x-  RUNNING ...
Recomposition  -x-  RUNNING ...
+ source=/gfs/home3/modoper/tempo/global/oens/recfct/source
+ bin=/gfs/home3/modoper/tempo/global/oens/recfct/bin/T126L28
+ input=/gfs/home3/modoper/tempo/global/oens/recfct/datain
+ out=/gfs/home3/modoper/tempo/global/oens/recfct/output
+ echo run
run
+ [ run = make ]
+ echo run
run
+ [ run = clean ]
+ cd /gfs/home3/modoper/tempo/global/oens/recfct/bin/T126L28
+ echo ./recfct.T126L28 < /gfs/home3/modoper/tempo/global/oens/recfct/datain/recfctFCT05R.nml > /gfs/home3/modoper/tempo/global/oens/recfct/output/recfct.out.2011101000.04:50.T126L28
./recfct.T126L28 < /gfs/home3/modoper/tempo/global/oens/recfct/datain/recfctFCT05R.nml > /gfs/home3/modoper/tempo/global/oens/recfct/output/recfct.out.2011101000.04:50.T126L28
+ ./recfct.T126L28
+ 0< /gfs/home3/modoper/tempo/global/oens/recfct/datain/recfctFCT05R.nml 1> /gfs/home3/modoper/tempo/global/oens/recfct/output/recfct.out.2011101000.04:50.T126L28
 
 
     ******  Program Information  ******
  Real Time (sec)       :         28.848873
  User Time (sec)       :          4.121151
  Sys  Time (sec)       :          0.068660
  Vector Time (sec)     :          0.341806
  Inst. Count           :        1596986079.
  V. Inst. Count        :          16052480.
  V. Element Count      :        1289251883.
  FLOP Count            :         534710005.
  MOPS                  :        696.452394
  MFLOPS                :        129.747734
  VLEN                  :         80.314810
  V. Op. Ratio (%)      :         44.918765
  Memory Size (MB)      :        192.031250
  MIPS                  :        387.509722
  I-Cache (sec)         :          0.000884
  O-Cache (sec)         :          0.865033
  Bank (sec)            :          0.001191
 
  Start Time (date)  :  2011/10/10 04:50:59
  End   Time (date)  :  2011/10/10 04:51:28
-rw-r--r--    1 modoper  pnt            3400 Oct 10 04:51 /gfs/home3/modoper/tempo/global/oens/eof/datain/templ052011101000
sx6
PNT-EN
11101004:51
out
/gfs/home3/modoper/tempo/global/oens
/gfs/home3/modoper/tempo/global/oens
/gfs/dk22/modoper/tempo/global/oens
/gfs/dk22/modoper/tempo/global/oens/model/datain
/gfs/home3/modoper/tempo/global/oens/run/setrecfct.1.FCT05RT126L28.sx6
Date: 20111010
Hour: 04:51
FCT05R
2011101000
2011101203
GFCT05R
GFCT05R
GFCT05R
F.fct
F.fct
R.fct
/gfs/home3/modoper/tempo/global/oens
/gfs/home3/modoper/tempo/global/oens
/gfs/dk22/modoper/tempo/global/oens
/gfs/dk22/modoper/tempo/global/oens/model/datain
run
run
GFCT05R20111010002011101203F.fct.T126L28
/gfs/home3/modoper/tempo/global/oens/recfct/datain/GFCT05R20111010002011101203F.fct.T126L28
+ echo Recomposition  -x-  RUNNING ...
Recomposition  -x-  RUNNING ...
+ source=/gfs/home3/modoper/tempo/global/oens/recfct/source
+ bin=/gfs/home3/modoper/tempo/global/oens/recfct/bin/T126L28
+ input=/gfs/home3/modoper/tempo/global/oens/recfct/datain
+ out=/gfs/home3/modoper/tempo/global/oens/recfct/output
+ echo run
run
+ [ run = make ]
+ echo run
run
+ [ run = clean ]
+ cd /gfs/home3/modoper/tempo/global/oens/recfct/bin/T126L28
+ echo ./recfct.T126L28 < /gfs/home3/modoper/tempo/global/oens/recfct/datain/recfctFCT05R.nml > /gfs/home3/modoper/tempo/global/oens/recfct/output/recfct.out.2011101000.04:51.T126L28
./recfct.T126L28 < /gfs/home3/modoper/tempo/global/oens/recfct/datain/recfctFCT05R.nml > /gfs/home3/modoper/tempo/global/oens/recfct/output/recfct.out.2011101000.04:51.T126L28
+ ./recfct.T126L28
+ 0< /gfs/home3/modoper/tempo/global/oens/recfct/datain/recfctFCT05R.nml 1> /gfs/home3/modoper/tempo/global/oens/recfct/output/recfct.out.2011101000.04:51.T126L28
 
 
     ******  Program Information  ******
  Real Time (sec)       :         11.520176
  User Time (sec)       :          4.136272
  Sys  Time (sec)       :          0.061533
  Vector Time (sec)     :          0.346693
  Inst. Count           :        1596986079.
  V. Inst. Count        :          16052480.
  V. Element Count      :        1289251883.
  FLOP Count            :         534710005.
  MOPS                  :        693.906403
  MFLOPS                :        129.273421
  VLEN                  :         80.314810
  V. Op. Ratio (%)      :         44.918765
  Memory Size (MB)      :        192.031250
  MIPS                  :        386.093119
  I-Cache (sec)         :          0.000834
  O-Cache (sec)         :          0.875440
  Bank (sec)            :          0.001190
 
  Start Time (date)  :  2011/10/10 04:51:30
  End   Time (date)  :  2011/10/10 04:51:42
-rw-r--r--    1 modoper  pnt            3600 Oct 10 04:51 /gfs/home3/modoper/tempo/global/oens/eof/datain/templ052011101000
sx6
PNT-EN
11101004:51
out
/gfs/home3/modoper/tempo/global/oens
/gfs/home3/modoper/tempo/global/oens
/gfs/dk22/modoper/tempo/global/oens
/gfs/dk22/modoper/tempo/global/oens/model/datain
/gfs/home3/modoper/tempo/global/oens/run/setrecfct.1.FCT05RT126L28.sx6
Date: 20111010
Hour: 04:51
FCT05R
2011101000
2011101206
GFCT05R
GFCT05R
GFCT05R
F.fct
F.fct
R.fct
/gfs/home3/modoper/tempo/global/oens
/gfs/home3/modoper/tempo/global/oens
/gfs/dk22/modoper/tempo/global/oens
/gfs/dk22/modoper/tempo/global/oens/model/datain
run
run
GFCT05R20111010002011101206F.fct.T126L28
/gfs/home3/modoper/tempo/global/oens/recfct/datain/GFCT05R20111010002011101206F.fct.T126L28
+ echo Recomposition  -x-  RUNNING ...
Recomposition  -x-  RUNNING ...
+ source=/gfs/home3/modoper/tempo/global/oens/recfct/source
+ bin=/gfs/home3/modoper/tempo/global/oens/recfct/bin/T126L28
+ input=/gfs/home3/modoper/tempo/global/oens/recfct/datain
+ out=/gfs/home3/modoper/tempo/global/oens/recfct/output
+ echo run
run
+ [ run = make ]
+ echo run
run
+ [ run = clean ]
+ cd /gfs/home3/modoper/tempo/global/oens/recfct/bin/T126L28
+ echo ./recfct.T126L28 < /gfs/home3/modoper/tempo/global/oens/recfct/datain/recfctFCT05R.nml > /gfs/home3/modoper/tempo/global/oens/recfct/output/recfct.out.2011101000.04:51.T126L28
./recfct.T126L28 < /gfs/home3/modoper/tempo/global/oens/recfct/datain/recfctFCT05R.nml > /gfs/home3/modoper/tempo/global/oens/recfct/output/recfct.out.2011101000.04:51.T126L28
+ ./recfct.T126L28
+ 0< /gfs/home3/modoper/tempo/global/oens/recfct/datain/recfctFCT05R.nml 1> /gfs/home3/modoper/tempo/global/oens/recfct/output/recfct.out.2011101000.04:51.T126L28
 
 
     ******  Program Information  ******
  Real Time (sec)       :          6.607295
  User Time (sec)       :          4.132717
  Sys  Time (sec)       :          0.059081
  Vector Time (sec)     :          0.346209
  Inst. Count           :        1596986079.
  V. Inst. Count        :          16052480.
  V. Element Count      :        1289251883.
  FLOP Count            :         534710005.
  MOPS                  :        694.503193
  MFLOPS                :        129.384602
  VLEN                  :         80.314810
  V. Op. Ratio (%)      :         44.918765
  Memory Size (MB)      :        192.031250
  MIPS                  :        386.425176
  I-Cache (sec)         :          0.000771
  O-Cache (sec)         :          0.872880
  Bank (sec)            :          0.001190
 
  Start Time (date)  :  2011/10/10 04:51:43
  End   Time (date)  :  2011/10/10 04:51:50
-rw-r--r--    1 modoper  pnt            3800 Oct 10 04:51 /gfs/home3/modoper/tempo/global/oens/eof/datain/templ052011101000
sx6
PNT-EN
11101004:51
out
/gfs/home3/modoper/tempo/global/oens
/gfs/home3/modoper/tempo/global/oens
/gfs/dk22/modoper/tempo/global/oens
/gfs/dk22/modoper/tempo/global/oens/model/datain
/gfs/home3/modoper/tempo/global/oens/run/setrecfct.1.FCT05RT126L28.sx6
Date: 20111010
Hour: 04:51
FCT05R
2011101000
2011101209
GFCT05R
GFCT05R
GFCT05R
F.fct
F.fct
R.fct
/gfs/home3/modoper/tempo/global/oens
/gfs/home3/modoper/tempo/global/oens
/gfs/dk22/modoper/tempo/global/oens
/gfs/dk22/modoper/tempo/global/oens/model/datain
run
run
GFCT05R20111010002011101209F.fct.T126L28
/gfs/home3/modoper/tempo/global/oens/recfct/datain/GFCT05R20111010002011101209F.fct.T126L28
+ echo Recomposition  -x-  RUNNING ...
Recomposition  -x-  RUNNING ...
+ source=/gfs/home3/modoper/tempo/global/oens/recfct/source
+ bin=/gfs/home3/modoper/tempo/global/oens/recfct/bin/T126L28
+ input=/gfs/home3/modoper/tempo/global/oens/recfct/datain
+ out=/gfs/home3/modoper/tempo/global/oens/recfct/output
+ echo run
run
+ [ run = make ]
+ echo run
run
+ [ run = clean ]
+ cd /gfs/home3/modoper/tempo/global/oens/recfct/bin/T126L28
+ echo ./recfct.T126L28 < /gfs/home3/modoper/tempo/global/oens/recfct/datain/recfctFCT05R.nml > /gfs/home3/modoper/tempo/global/oens/recfct/output/recfct.out.2011101000.04:51.T126L28
./recfct.T126L28 < /gfs/home3/modoper/tempo/global/oens/recfct/datain/recfctFCT05R.nml > /gfs/home3/modoper/tempo/global/oens/recfct/output/recfct.out.2011101000.04:51.T126L28
+ ./recfct.T126L28
+ 0< /gfs/home3/modoper/tempo/global/oens/recfct/datain/recfctFCT05R.nml 1> /gfs/home3/modoper/tempo/global/oens/recfct/output/recfct.out.2011101000.04:51.T126L28
 
 
     ******  Program Information  ******
  Real Time (sec)       :         12.962763
  User Time (sec)       :          4.122685
  Sys  Time (sec)       :          0.068292
  Vector Time (sec)     :          0.342611
  Inst. Count           :        1596986079.
  V. Inst. Count        :          16052480.
  V. Element Count      :        1289251883.
  FLOP Count            :         534710005.
  MOPS                  :        696.193328
  MFLOPS                :        129.699471
  VLEN                  :         80.314810
  V. Op. Ratio (%)      :         44.918765
  Memory Size (MB)      :        192.031250
  MIPS                  :        387.365576
  I-Cache (sec)         :          0.001080
  O-Cache (sec)         :          0.865666
  Bank (sec)            :          0.001190
 
  Start Time (date)  :  2011/10/10 04:51:52
  End   Time (date)  :  2011/10/10 04:52:05
-rw-r--r--    1 modoper  pnt            4000 Oct 10 04:52 /gfs/home3/modoper/tempo/global/oens/eof/datain/templ052011101000
sx6
PNT-EN
11101004:52
out
/gfs/home3/modoper/tempo/global/oens
/gfs/home3/modoper/tempo/global/oens
/gfs/dk22/modoper/tempo/global/oens
/gfs/dk22/modoper/tempo/global/oens/model/datain
/gfs/home3/modoper/tempo/global/oens/run/setrecfct.1.FCT05RT126L28.sx6
Date: 20111010
Hour: 04:52
FCT05R
2011101000
2011101212
GFCT05R
GFCT05R
GFCT05R
F.fct
F.fct
R.fct
/gfs/home3/modoper/tempo/global/oens
/gfs/home3/modoper/tempo/global/oens
/gfs/dk22/modoper/tempo/global/oens
/gfs/dk22/modoper/tempo/global/oens/model/datain
run
run
GFCT05R20111010002011101212F.fct.T126L28
/gfs/home3/modoper/tempo/global/oens/recfct/datain/GFCT05R20111010002011101212F.fct.T126L28
+ echo Recomposition  -x-  RUNNING ...
Recomposition  -x-  RUNNING ...
+ source=/gfs/home3/modoper/tempo/global/oens/recfct/source
+ bin=/gfs/home3/modoper/tempo/global/oens/recfct/bin/T126L28
+ input=/gfs/home3/modoper/tempo/global/oens/recfct/datain
+ out=/gfs/home3/modoper/tempo/global/oens/recfct/output
+ echo run
run
+ [ run = make ]
+ echo run
run
+ [ run = clean ]
+ cd /gfs/home3/modoper/tempo/global/oens/recfct/bin/T126L28
+ echo ./recfct.T126L28 < /gfs/home3/modoper/tempo/global/oens/recfct/datain/recfctFCT05R.nml > /gfs/home3/modoper/tempo/global/oens/recfct/output/recfct.out.2011101000.04:52.T126L28
./recfct.T126L28 < /gfs/home3/modoper/tempo/global/oens/recfct/datain/recfctFCT05R.nml > /gfs/home3/modoper/tempo/global/oens/recfct/output/recfct.out.2011101000.04:52.T126L28
+ ./recfct.T126L28
+ 0< /gfs/home3/modoper/tempo/global/oens/recfct/datain/recfctFCT05R.nml 1> /gfs/home3/modoper/tempo/global/oens/recfct/output/recfct.out.2011101000.04:52.T126L28
 
 
     ******  Program Information  ******
  Real Time (sec)       :          7.480632
  User Time (sec)       :          4.122363
  Sys  Time (sec)       :          0.064422
  Vector Time (sec)     :          0.342162
  Inst. Count           :        1596986110.
  V. Inst. Count        :          16052480.
  V. Element Count      :        1289251883.
  FLOP Count            :         534710006.
  MOPS                  :        696.247629
  MFLOPS                :        129.709586
  VLEN                  :         80.314810
  V. Op. Ratio (%)      :         44.918765
  Memory Size (MB)      :        192.031250
  MIPS                  :        387.395793
  I-Cache (sec)         :          0.001429
  O-Cache (sec)         :          0.865708
  Bank (sec)            :          0.001191
 
  Start Time (date)  :  2011/10/10 04:52:06
  End   Time (date)  :  2011/10/10 04:52:14
sx6
2011101004:52
out
/gfs/home3/modoper/tempo/global/oens
/gfs/home3/modoper/tempo/global/oens
/gfs/dk22/modoper/tempo/global/oens
/gfs/dk22/modoper/tempo/global/oens/model/datain
/gfs/home3/modoper/tempo/global/oens/run/seteofs.1.05T126L28.sx6
05
Date: 20111010
Hour: 04:52
2011101000
/gfs/home3/modoper/tempo/global/oens
/gfs/home3/modoper/tempo/global/oens
/gfs/dk22/modoper/tempo/global/oens
/gfs/dk22/modoper/tempo/global/oens/model/datain
run
run
Vai chamar eoft
+ echo EOFT           -x-  RUNNING ...
EOFT           -x-  RUNNING ...
+ source=/gfs/home3/modoper/tempo/global/oens/eoftemp/source
+ bin=/gfs/home3/modoper/tempo/global/oens/eof/bin/T126L28
+ inp=/gfs/home3/modoper/tempo/global/oens/eof/datain
+ outp=/gfs/home3/modoper/tempo/global/oens/eoftemp/output
+ echo run
run
+ [ run = make ]
+ echo run
run
+ [ run = clean ]
+ cd /gfs/home3/modoper/tempo/global/oens/eof/bin/T126L28
+ echo ./eoftem.T126L28 < /gfs/home3/modoper/tempo/global/oens/eof/datain/eoftem05.nml > /gfs/home3/modoper/tempo/global/oens/eoftemp/output/eoftem.2011101000.04:52.T126L28
./eoftem.T126L28 < /gfs/home3/modoper/tempo/global/oens/eof/datain/eoftem05.nml > /gfs/home3/modoper/tempo/global/oens/eoftemp/output/eoftem.2011101000.04:52.T126L28
+ ./eoftem.T126L28
+ 0< /gfs/home3/modoper/tempo/global/oens/eof/datain/eoftem05.nml 1> /gfs/home3/modoper/tempo/global/oens/eoftemp/output/eoftem.2011101000.04:52.T126L28
 entrou no eoft fortran
 &DATAIN DIRI=/gfs/home3/modoper/tempo/global/oens/eof/datain/                ,
 DIRA=/gfs/dk22/modoper/tempo/global/oens/model/datain/               ,
 DIRO=/gfs/dk22/modoper/tempo/global/oens/eof/dataout/T126L28/        ,
 NAMEL=templ052011101000                                               ,
 ANAME=GANLAVN2011101000R.unf.T126L28                                                      ,
 TEMOUT=temout052011101000                                              ,
 TEMPCM=tempcm052011101000                                              ,
 TEMPER1=tempe1052011101000                                              ,
 TEMPEN1=tempn1052011101000                                               /
 
 
     ******  Program Information  ******
  Real Time (sec)       :         18.834165
  User Time (sec)       :          6.580656
  Sys  Time (sec)       :          0.374978
  Vector Time (sec)     :          5.904997
  Inst. Count           :         597133990.
  V. Inst. Count        :          72972004.
  V. Element Count      :        9156488919.
  FLOP Count            :        3164565051.
  MOPS                  :       1471.076930
  MFLOPS                :        480.889011
  VLEN                  :        125.479477
  V. Op. Ratio (%)      :         94.585468
  Memory Size (MB)      :        304.031250
  MIPS                  :         90.740803
  I-Cache (sec)         :          0.003623
  O-Cache (sec)         :          0.003282
  Bank (sec)            :          0.281362
 
  Start Time (date)  :  2011/10/10 04:52:15
  End   Time (date)  :  2011/10/10 04:52:34
Vai chamar eofw
+ echo EOFW           -x-  RUNNING ...
EOFW           -x-  RUNNING ...
+ source=/gfs/home3/modoper/tempo/global/oens/eofwind/source
+ bin=/gfs/home3/modoper/tempo/global/oens/eof/bin/T126L28
+ out=/gfs/dk22/modoper/tempo/global/oens/eof/dataout/T126L28
+ inp=/gfs/home3/modoper/tempo/global/oens/eof/datain
+ outp=/gfs/home3/modoper/tempo/global/oens/eofwind/output
+ echo run
run
+ [ run = make ]
+ echo run
run
+ [ run = clean ]
+ cd /gfs/home3/modoper/tempo/global/oens/eof/bin/T126L28
+ echo ./eofwin.T126L28 < /gfs/home3/modoper/tempo/global/oens/eof/datain/eofwin05.nml > /gfs/home3/modoper/tempo/global/oens/eofwind/output/eofwin.2011101000.04:52.T126L28
./eofwin.T126L28 < /gfs/home3/modoper/tempo/global/oens/eof/datain/eofwin05.nml > /gfs/home3/modoper/tempo/global/oens/eofwind/output/eofwin.2011101000.04:52.T126L28
+ ./eofwin.T126L28
+ 0< /gfs/home3/modoper/tempo/global/oens/eof/datain/eofwin05.nml 1> /gfs/home3/modoper/tempo/global/oens/eofwind/output/eofwin.2011101000.04:52.T126L28
 
 
     ******  Program Information  ******
  Real Time (sec)       :         63.177826
  User Time (sec)       :         11.978865
  Sys  Time (sec)       :          0.613137
  Vector Time (sec)     :         10.939600
  Inst. Count           :        1009388485.
  V. Inst. Count        :         235339319.
  V. Element Count      :       26880732674.
  FLOP Count            :        7609520946.
  MOPS                  :       2308.631285
  MFLOPS                :        635.245587
  VLEN                  :        114.221171
  V. Op. Ratio (%)      :         97.201030
  Memory Size (MB)      :        624.031250
  MIPS                  :         84.264119
  I-Cache (sec)         :          0.008164
  O-Cache (sec)         :          0.019143
  Bank (sec)            :          0.599880
 
  Start Time (date)  :  2011/10/10 04:52:35
  End   Time (date)  :  2011/10/10 04:53:38
sx6
2011101004:53
out
/gfs/home3/modoper/tempo/global/oens
/gfs/home3/modoper/tempo/global/oens
/gfs/dk22/modoper/tempo/global/oens
/gfs/dk22/modoper/tempo/global/oens/model/datain
/gfs/home3/modoper/tempo/global/oens/run/setdeco05T126L28.sx6
Date: 20111010
Hour: 04:53
2011101000
/gfs/home3/modoper/tempo/global/oens
/gfs/home3/modoper/tempo/global/oens
/gfs/dk22/modoper/tempo/global/oens
/gfs/dk22/modoper/tempo/global/oens/model/datain
run
run
+ echo Decomposition  -x-  RUNNING ...
Decomposition  -x-  RUNNING ...
+ source=/gfs/home3/modoper/tempo/global/oens/decanl/source
+ bin=/gfs/home3/modoper/tempo/global/oens/decanl/bin/T126L28
+ input=/gfs/home3/modoper/tempo/global/oens/decanl/datain
+ out=/gfs/home3/modoper/tempo/global/oens/decanl/output
+ echo run
run
+ [ run = make ]
+ echo run
run
+ [ run = clean ]
+ cd /gfs/home3/modoper/tempo/global/oens/decanl/bin/T126L28
+ ./decanl.T126L28
+ 0< /gfs/home3/modoper/tempo/global/oens/decanl/datain/decanl05.nml 1> /gfs/home3/modoper/tempo/global/oens/decanl/output/decanl.2011101000.04:53.T126L28
 
 
     ******  Program Information  ******
  Real Time (sec)       :          4.130229
  User Time (sec)       :          0.821775
  Sys  Time (sec)       :          0.061039
  Vector Time (sec)     :          0.630416
  Inst. Count           :         173583932.
  V. Inst. Count        :          21078079.
  V. Element Count      :        2292782635.
  FLOP Count            :         590251095.
  MOPS                  :       2975.617015
  MFLOPS                :        718.263391
  VLEN                  :        108.775692
  V. Op. Ratio (%)      :         93.763278
  Memory Size (MB)      :        192.031250
  MIPS                  :        211.230415
  I-Cache (sec)         :          0.000840
  O-Cache (sec)         :          0.026555
  Bank (sec)            :          0.015384
 
  Start Time (date)  :  2011/10/10 04:53:39
  End   Time (date)  :  2011/10/10 04:53:43
+ echo Decomposition  -x-  RUNNING ...
Decomposition  -x-  RUNNING ...
+ source=/gfs/home3/modoper/tempo/global/oens/decanl/source
+ bin=/gfs/home3/modoper/tempo/global/oens/decanl/bin/T126L28
+ input=/gfs/home3/modoper/tempo/global/oens/decanl/datain
+ out=/gfs/home3/modoper/tempo/global/oens/decanl/output
+ echo run
run
+ [ run = make ]
+ echo run
run
+ [ run = clean ]
+ cd /gfs/home3/modoper/tempo/global/oens/decanl/bin/T126L28
+ ./decanl.T126L28
+ 0< /gfs/home3/modoper/tempo/global/oens/decanl/datain/decanl05.nml 1> /gfs/home3/modoper/tempo/global/oens/decanl/output/decanl.2011101000.04:53.T126L28
 
 
     ******  Program Information  ******
  Real Time (sec)       :          3.115161
  User Time (sec)       :          0.823106
  Sys  Time (sec)       :          0.058680
  Vector Time (sec)     :          0.631999
  Inst. Count           :         173583827.
  V. Inst. Count        :          21078079.
  V. Element Count      :        2292782629.
  FLOP Count            :         590251095.
  MOPS                  :       2970.806314
  MFLOPS                :        717.102202
  VLEN                  :        108.775692
  V. Op. Ratio (%)      :         93.763282
  Memory Size (MB)      :        192.031250
  MIPS                  :        210.888799
  I-Cache (sec)         :          0.000908
  O-Cache (sec)         :          0.026587
  Bank (sec)            :          0.015380
 
  Start Time (date)  :  2011/10/10 04:53:43
  End   Time (date)  :  2011/10/10 04:53:46
105.2u 24.4s 7:31 28% 839+176494k 91503+9868io 0w
logout
