stty: : Invalid argument
vt100
resize:  can't open terminal /dev/tty
======================================
Welcome to tupan01: SUPER-UX 14.1 SX-6
Today is Mon Oct 10 16:44:00 GMT 2011
======================================
runperreco1.sx6 126 28 05 2011101012 15 NO 07 
sx6
2011101016:44
out
/gfs/home3/modoper/tempo/global/oens
/gfs/home3/modoper/tempo/global/oens
/gfs/dk22/modoper/tempo/global/oens
/gfs/dk22/modoper/tempo/global/oens/model/datain
/gfs/home3/modoper/tempo/global/oens/run/setperreco.1.05T126L28.sx6
Date: 20111010
Hour: 16:44
2011101012


rm: ERROR: Cannot access templ052011101012: No such file or directory
-rw-r--r--    1 modoper  pnt             200 Oct 10 16:44 /gfs/home3/modoper/tempo/global/oens/eof/datain/templ052011101012
ls: ERROR: Cannot access /gfs/dk22/modoper/tempo/global/oens/recfct/dataout/T126L28/GFCT05R2011101012*.fct*: No such file or directory
sx6
PNT-EN
11101016:44
out
/gfs/home3/modoper/tempo/global/oens
/gfs/home3/modoper/tempo/global/oens
/gfs/dk22/modoper/tempo/global/oens
/gfs/dk22/modoper/tempo/global/oens/model/datain
/gfs/home3/modoper/tempo/global/oens/run/setrecfct.1.FCT05RT126L28.sx6
Date: 20111010
Hour: 16:44
FCT05R
2011101012
2011101015
GFCT05R
GFCT05R
GFCT05R
F.fct
F.fct
R.fct
/gfs/home3/modoper/tempo/global/oens
/gfs/home3/modoper/tempo/global/oens
/gfs/dk22/modoper/tempo/global/oens
/gfs/dk22/modoper/tempo/global/oens/model/datain
run
run
GFCT05R20111010122011101015F.fct.T126L28
/gfs/home3/modoper/tempo/global/oens/recfct/datain/GFCT05R20111010122011101015F.fct.T126L28
+ echo Recomposition  -x-  RUNNING ...
Recomposition  -x-  RUNNING ...
+ source=/gfs/home3/modoper/tempo/global/oens/recfct/source
+ bin=/gfs/home3/modoper/tempo/global/oens/recfct/bin/T126L28
+ input=/gfs/home3/modoper/tempo/global/oens/recfct/datain
+ out=/gfs/home3/modoper/tempo/global/oens/recfct/output
+ echo run
run
+ [ run = make ]
+ echo run
run
+ [ run = clean ]
+ cd /gfs/home3/modoper/tempo/global/oens/recfct/bin/T126L28
+ echo ./recfct.T126L28 < /gfs/home3/modoper/tempo/global/oens/recfct/datain/recfctFCT05R.nml > /gfs/home3/modoper/tempo/global/oens/recfct/output/recfct.out.2011101012.16:44.T126L28
./recfct.T126L28 < /gfs/home3/modoper/tempo/global/oens/recfct/datain/recfctFCT05R.nml > /gfs/home3/modoper/tempo/global/oens/recfct/output/recfct.out.2011101012.16:44.T126L28
+ ./recfct.T126L28
+ 0< /gfs/home3/modoper/tempo/global/oens/recfct/datain/recfctFCT05R.nml 1> /gfs/home3/modoper/tempo/global/oens/recfct/output/recfct.out.2011101012.16:44.T126L28
 
 
     ******  Program Information  ******
  Real Time (sec)       :          7.182054
  User Time (sec)       :          4.220670
  Sys  Time (sec)       :          0.090035
  Vector Time (sec)     :          0.377621
  Inst. Count           :        1596986141.
  V. Inst. Count        :          16052480.
  V. Element Count      :        1289251883.
  FLOP Count            :         534710007.
  MOPS                  :        680.030739
  MFLOPS                :        126.688409
  VLEN                  :         80.314810
  V. Op. Ratio (%)      :         44.918764
  Memory Size (MB)      :        192.031250
  MIPS                  :        378.372635
  I-Cache (sec)         :          0.004661
  O-Cache (sec)         :          0.928999
  Bank (sec)            :          0.001200
 
  Start Time (date)  :  2011/10/10 16:44:04
  End   Time (date)  :  2011/10/10 16:44:11
-rw-r--r--    1 modoper  pnt             400 Oct 10 16:44 /gfs/home3/modoper/tempo/global/oens/eof/datain/templ052011101012
sx6
PNT-EN
11101016:44
out
/gfs/home3/modoper/tempo/global/oens
/gfs/home3/modoper/tempo/global/oens
/gfs/dk22/modoper/tempo/global/oens
/gfs/dk22/modoper/tempo/global/oens/model/datain
/gfs/home3/modoper/tempo/global/oens/run/setrecfct.1.FCT05RT126L28.sx6
Date: 20111010
Hour: 16:44
FCT05R
2011101012
2011101018
GFCT05R
GFCT05R
GFCT05R
F.fct
F.fct
R.fct
/gfs/home3/modoper/tempo/global/oens
/gfs/home3/modoper/tempo/global/oens
/gfs/dk22/modoper/tempo/global/oens
/gfs/dk22/modoper/tempo/global/oens/model/datain
run
run
GFCT05R20111010122011101018F.fct.T126L28
/gfs/home3/modoper/tempo/global/oens/recfct/datain/GFCT05R20111010122011101018F.fct.T126L28
+ echo Recomposition  -x-  RUNNING ...
Recomposition  -x-  RUNNING ...
+ source=/gfs/home3/modoper/tempo/global/oens/recfct/source
+ bin=/gfs/home3/modoper/tempo/global/oens/recfct/bin/T126L28
+ input=/gfs/home3/modoper/tempo/global/oens/recfct/datain
+ out=/gfs/home3/modoper/tempo/global/oens/recfct/output
+ echo run
run
+ [ run = make ]
+ echo run
run
+ [ run = clean ]
+ cd /gfs/home3/modoper/tempo/global/oens/recfct/bin/T126L28
+ echo ./recfct.T126L28 < /gfs/home3/modoper/tempo/global/oens/recfct/datain/recfctFCT05R.nml > /gfs/home3/modoper/tempo/global/oens/recfct/output/recfct.out.2011101012.16:44.T126L28
./recfct.T126L28 < /gfs/home3/modoper/tempo/global/oens/recfct/datain/recfctFCT05R.nml > /gfs/home3/modoper/tempo/global/oens/recfct/output/recfct.out.2011101012.16:44.T126L28
+ ./recfct.T126L28
+ 0< /gfs/home3/modoper/tempo/global/oens/recfct/datain/recfctFCT05R.nml 1> /gfs/home3/modoper/tempo/global/oens/recfct/output/recfct.out.2011101012.16:44.T126L28
 
 
     ******  Program Information  ******
  Real Time (sec)       :         12.413217
  User Time (sec)       :          4.476283
  Sys  Time (sec)       :          0.086326
  Vector Time (sec)     :          0.484944
  Inst. Count           :        1596986141.
  V. Inst. Count        :          16052480.
  V. Element Count      :        1289251883.
  FLOP Count            :         534710007.
  MOPS                  :        641.198366
  MFLOPS                :        119.454014
  VLEN                  :         80.314810
  V. Op. Ratio (%)      :         44.918764
  Memory Size (MB)      :        192.031250
  MIPS                  :        356.766100
  I-Cache (sec)         :          0.003704
  O-Cache (sec)         :          1.077759
  Bank (sec)            :          0.001247
 
  Start Time (date)  :  2011/10/10 16:44:12
  End   Time (date)  :  2011/10/10 16:44:24
-rw-r--r--    1 modoper  pnt             600 Oct 10 16:44 /gfs/home3/modoper/tempo/global/oens/eof/datain/templ052011101012
sx6
PNT-EN
11101016:44
out
/gfs/home3/modoper/tempo/global/oens
/gfs/home3/modoper/tempo/global/oens
/gfs/dk22/modoper/tempo/global/oens
/gfs/dk22/modoper/tempo/global/oens/model/datain
/gfs/home3/modoper/tempo/global/oens/run/setrecfct.1.FCT05RT126L28.sx6
Date: 20111010
Hour: 16:44
FCT05R
2011101012
2011101021
GFCT05R
GFCT05R
GFCT05R
F.fct
F.fct
R.fct
/gfs/home3/modoper/tempo/global/oens
/gfs/home3/modoper/tempo/global/oens
/gfs/dk22/modoper/tempo/global/oens
/gfs/dk22/modoper/tempo/global/oens/model/datain
run
run
GFCT05R20111010122011101021F.fct.T126L28
/gfs/home3/modoper/tempo/global/oens/recfct/datain/GFCT05R20111010122011101021F.fct.T126L28
+ echo Recomposition  -x-  RUNNING ...
Recomposition  -x-  RUNNING ...
+ source=/gfs/home3/modoper/tempo/global/oens/recfct/source
+ bin=/gfs/home3/modoper/tempo/global/oens/recfct/bin/T126L28
+ input=/gfs/home3/modoper/tempo/global/oens/recfct/datain
+ out=/gfs/home3/modoper/tempo/global/oens/recfct/output
+ echo run
run
+ [ run = make ]
+ echo run
run
+ [ run = clean ]
+ cd /gfs/home3/modoper/tempo/global/oens/recfct/bin/T126L28
+ echo ./recfct.T126L28 < /gfs/home3/modoper/tempo/global/oens/recfct/datain/recfctFCT05R.nml > /gfs/home3/modoper/tempo/global/oens/recfct/output/recfct.out.2011101012.16:44.T126L28
./recfct.T126L28 < /gfs/home3/modoper/tempo/global/oens/recfct/datain/recfctFCT05R.nml > /gfs/home3/modoper/tempo/global/oens/recfct/output/recfct.out.2011101012.16:44.T126L28
+ ./recfct.T126L28
+ 0< /gfs/home3/modoper/tempo/global/oens/recfct/datain/recfctFCT05R.nml 1> /gfs/home3/modoper/tempo/global/oens/recfct/output/recfct.out.2011101012.16:44.T126L28
 
 
     ******  Program Information  ******
  Real Time (sec)       :          9.725405
  User Time (sec)       :          4.139048
  Sys  Time (sec)       :          0.066351
  Vector Time (sec)     :          0.351263
  Inst. Count           :        1596986141.
  V. Inst. Count        :          16052480.
  V. Element Count      :        1289251883.
  FLOP Count            :         534710007.
  MOPS                  :        693.441048
  MFLOPS                :        129.186724
  VLEN                  :         80.314810
  V. Op. Ratio (%)      :         44.918764
  Memory Size (MB)      :        192.031250
  MIPS                  :        385.834200
  I-Cache (sec)         :          0.001132
  O-Cache (sec)         :          0.873827
  Bank (sec)            :          0.001193
 
  Start Time (date)  :  2011/10/10 16:44:25
  End   Time (date)  :  2011/10/10 16:44:35
-rw-r--r--    1 modoper  pnt             800 Oct 10 16:44 /gfs/home3/modoper/tempo/global/oens/eof/datain/templ052011101012
sx6
PNT-EN
11101016:44
out
/gfs/home3/modoper/tempo/global/oens
/gfs/home3/modoper/tempo/global/oens
/gfs/dk22/modoper/tempo/global/oens
/gfs/dk22/modoper/tempo/global/oens/model/datain
/gfs/home3/modoper/tempo/global/oens/run/setrecfct.1.FCT05RT126L28.sx6
Date: 20111010
Hour: 16:44
FCT05R
2011101012
2011101100
GFCT05R
GFCT05R
GFCT05R
F.fct
F.fct
R.fct
/gfs/home3/modoper/tempo/global/oens
/gfs/home3/modoper/tempo/global/oens
/gfs/dk22/modoper/tempo/global/oens
/gfs/dk22/modoper/tempo/global/oens/model/datain
run
run
GFCT05R20111010122011101100F.fct.T126L28
/gfs/home3/modoper/tempo/global/oens/recfct/datain/GFCT05R20111010122011101100F.fct.T126L28
+ echo Recomposition  -x-  RUNNING ...
Recomposition  -x-  RUNNING ...
+ source=/gfs/home3/modoper/tempo/global/oens/recfct/source
+ bin=/gfs/home3/modoper/tempo/global/oens/recfct/bin/T126L28
+ input=/gfs/home3/modoper/tempo/global/oens/recfct/datain
+ out=/gfs/home3/modoper/tempo/global/oens/recfct/output
+ echo run
run
+ [ run = make ]
+ echo run
run
+ [ run = clean ]
+ cd /gfs/home3/modoper/tempo/global/oens/recfct/bin/T126L28
+ echo ./recfct.T126L28 < /gfs/home3/modoper/tempo/global/oens/recfct/datain/recfctFCT05R.nml > /gfs/home3/modoper/tempo/global/oens/recfct/output/recfct.out.2011101012.16:44.T126L28
./recfct.T126L28 < /gfs/home3/modoper/tempo/global/oens/recfct/datain/recfctFCT05R.nml > /gfs/home3/modoper/tempo/global/oens/recfct/output/recfct.out.2011101012.16:44.T126L28
+ ./recfct.T126L28
+ 0< /gfs/home3/modoper/tempo/global/oens/recfct/datain/recfctFCT05R.nml 1> /gfs/home3/modoper/tempo/global/oens/recfct/output/recfct.out.2011101012.16:44.T126L28
 
 
     ******  Program Information  ******
  Real Time (sec)       :         12.390002
  User Time (sec)       :          4.181641
  Sys  Time (sec)       :          0.079961
  Vector Time (sec)     :          0.364342
  Inst. Count           :        1596986110.
  V. Inst. Count        :          16052480.
  V. Element Count      :        1289251883.
  FLOP Count            :         534710006.
  MOPS                  :        686.377850
  MFLOPS                :        127.870865
  VLEN                  :         80.314810
  V. Op. Ratio (%)      :         44.918765
  Memory Size (MB)      :        192.031250
  MIPS                  :        381.904197
  I-Cache (sec)         :          0.002502
  O-Cache (sec)         :          0.902823
  Bank (sec)            :          0.001196
 
  Start Time (date)  :  2011/10/10 16:44:36
  End   Time (date)  :  2011/10/10 16:44:49
-rw-r--r--    1 modoper  pnt            1000 Oct 10 16:44 /gfs/home3/modoper/tempo/global/oens/eof/datain/templ052011101012
sx6
PNT-EN
11101016:44
out
/gfs/home3/modoper/tempo/global/oens
/gfs/home3/modoper/tempo/global/oens
/gfs/dk22/modoper/tempo/global/oens
/gfs/dk22/modoper/tempo/global/oens/model/datain
/gfs/home3/modoper/tempo/global/oens/run/setrecfct.1.FCT05RT126L28.sx6
Date: 20111010
Hour: 16:44
FCT05R
2011101012
2011101103
GFCT05R
GFCT05R
GFCT05R
F.fct
F.fct
R.fct
/gfs/home3/modoper/tempo/global/oens
/gfs/home3/modoper/tempo/global/oens
/gfs/dk22/modoper/tempo/global/oens
/gfs/dk22/modoper/tempo/global/oens/model/datain
run
run
GFCT05R20111010122011101103F.fct.T126L28
/gfs/home3/modoper/tempo/global/oens/recfct/datain/GFCT05R20111010122011101103F.fct.T126L28
+ echo Recomposition  -x-  RUNNING ...
Recomposition  -x-  RUNNING ...
+ source=/gfs/home3/modoper/tempo/global/oens/recfct/source
+ bin=/gfs/home3/modoper/tempo/global/oens/recfct/bin/T126L28
+ input=/gfs/home3/modoper/tempo/global/oens/recfct/datain
+ out=/gfs/home3/modoper/tempo/global/oens/recfct/output
+ echo run
run
+ [ run = make ]
+ echo run
run
+ [ run = clean ]
+ cd /gfs/home3/modoper/tempo/global/oens/recfct/bin/T126L28
+ echo ./recfct.T126L28 < /gfs/home3/modoper/tempo/global/oens/recfct/datain/recfctFCT05R.nml > /gfs/home3/modoper/tempo/global/oens/recfct/output/recfct.out.2011101012.16:44.T126L28
./recfct.T126L28 < /gfs/home3/modoper/tempo/global/oens/recfct/datain/recfctFCT05R.nml > /gfs/home3/modoper/tempo/global/oens/recfct/output/recfct.out.2011101012.16:44.T126L28
+ ./recfct.T126L28
+ 0< /gfs/home3/modoper/tempo/global/oens/recfct/datain/recfctFCT05R.nml 1> /gfs/home3/modoper/tempo/global/oens/recfct/output/recfct.out.2011101012.16:44.T126L28
 
 
     ******  Program Information  ******
  Real Time (sec)       :         15.713586
  User Time (sec)       :          4.191352
  Sys  Time (sec)       :          0.078619
  Vector Time (sec)     :          0.371898
  Inst. Count           :        1596986110.
  V. Inst. Count        :          16052480.
  V. Element Count      :        1289251883.
  FLOP Count            :         534710006.
  MOPS                  :        684.787507
  MFLOPS                :        127.574587
  VLEN                  :         80.314810
  V. Op. Ratio (%)      :         44.918765
  Memory Size (MB)      :        192.031250
  MIPS                  :        381.019321
  I-Cache (sec)         :          0.003461
  O-Cache (sec)         :          0.904280
  Bank (sec)            :          0.001192
 
  Start Time (date)  :  2011/10/10 16:44:50
  End   Time (date)  :  2011/10/10 16:45:05
-rw-r--r--    1 modoper  pnt            1200 Oct 10 16:45 /gfs/home3/modoper/tempo/global/oens/eof/datain/templ052011101012
sx6
PNT-EN
11101016:45
out
/gfs/home3/modoper/tempo/global/oens
/gfs/home3/modoper/tempo/global/oens
/gfs/dk22/modoper/tempo/global/oens
/gfs/dk22/modoper/tempo/global/oens/model/datain
/gfs/home3/modoper/tempo/global/oens/run/setrecfct.1.FCT05RT126L28.sx6
Date: 20111010
Hour: 16:45
FCT05R
2011101012
2011101106
GFCT05R
GFCT05R
GFCT05R
F.fct
F.fct
R.fct
/gfs/home3/modoper/tempo/global/oens
/gfs/home3/modoper/tempo/global/oens
/gfs/dk22/modoper/tempo/global/oens
/gfs/dk22/modoper/tempo/global/oens/model/datain
run
run
GFCT05R20111010122011101106F.fct.T126L28
/gfs/home3/modoper/tempo/global/oens/recfct/datain/GFCT05R20111010122011101106F.fct.T126L28
+ echo Recomposition  -x-  RUNNING ...
Recomposition  -x-  RUNNING ...
+ source=/gfs/home3/modoper/tempo/global/oens/recfct/source
+ bin=/gfs/home3/modoper/tempo/global/oens/recfct/bin/T126L28
+ input=/gfs/home3/modoper/tempo/global/oens/recfct/datain
+ out=/gfs/home3/modoper/tempo/global/oens/recfct/output
+ echo run
run
+ [ run = make ]
+ echo run
run
+ [ run = clean ]
+ cd /gfs/home3/modoper/tempo/global/oens/recfct/bin/T126L28
+ echo ./recfct.T126L28 < /gfs/home3/modoper/tempo/global/oens/recfct/datain/recfctFCT05R.nml > /gfs/home3/modoper/tempo/global/oens/recfct/output/recfct.out.2011101012.16:45.T126L28
./recfct.T126L28 < /gfs/home3/modoper/tempo/global/oens/recfct/datain/recfctFCT05R.nml > /gfs/home3/modoper/tempo/global/oens/recfct/output/recfct.out.2011101012.16:45.T126L28
+ ./recfct.T126L28
+ 0< /gfs/home3/modoper/tempo/global/oens/recfct/datain/recfctFCT05R.nml 1> /gfs/home3/modoper/tempo/global/oens/recfct/output/recfct.out.2011101012.16:45.T126L28
 
 
     ******  Program Information  ******
  Real Time (sec)       :         13.321183
  User Time (sec)       :          4.129281
  Sys  Time (sec)       :          0.065708
  Vector Time (sec)     :          0.344326
  Inst. Count           :        1596986110.
  V. Inst. Count        :          16052480.
  V. Element Count      :        1289251883.
  FLOP Count            :         534710006.
  MOPS                  :        695.081128
  MFLOPS                :        129.492269
  VLEN                  :         80.314810
  V. Op. Ratio (%)      :         44.918765
  Memory Size (MB)      :        192.031250
  MIPS                  :        386.746745
  I-Cache (sec)         :          0.000850
  O-Cache (sec)         :          0.870963
  Bank (sec)            :          0.001191
 
  Start Time (date)  :  2011/10/10 16:45:06
  End   Time (date)  :  2011/10/10 16:45:20
-rw-r--r--    1 modoper  pnt            1400 Oct 10 16:45 /gfs/home3/modoper/tempo/global/oens/eof/datain/templ052011101012
sx6
PNT-EN
11101016:45
out
/gfs/home3/modoper/tempo/global/oens
/gfs/home3/modoper/tempo/global/oens
/gfs/dk22/modoper/tempo/global/oens
/gfs/dk22/modoper/tempo/global/oens/model/datain
/gfs/home3/modoper/tempo/global/oens/run/setrecfct.1.FCT05RT126L28.sx6
Date: 20111010
Hour: 16:45
FCT05R
2011101012
2011101109
GFCT05R
GFCT05R
GFCT05R
F.fct
F.fct
R.fct
/gfs/home3/modoper/tempo/global/oens
/gfs/home3/modoper/tempo/global/oens
/gfs/dk22/modoper/tempo/global/oens
/gfs/dk22/modoper/tempo/global/oens/model/datain
run
run
GFCT05R20111010122011101109F.fct.T126L28
/gfs/home3/modoper/tempo/global/oens/recfct/datain/GFCT05R20111010122011101109F.fct.T126L28
+ echo Recomposition  -x-  RUNNING ...
Recomposition  -x-  RUNNING ...
+ source=/gfs/home3/modoper/tempo/global/oens/recfct/source
+ bin=/gfs/home3/modoper/tempo/global/oens/recfct/bin/T126L28
+ input=/gfs/home3/modoper/tempo/global/oens/recfct/datain
+ out=/gfs/home3/modoper/tempo/global/oens/recfct/output
+ echo run
run
+ [ run = make ]
+ echo run
run
+ [ run = clean ]
+ cd /gfs/home3/modoper/tempo/global/oens/recfct/bin/T126L28
+ echo ./recfct.T126L28 < /gfs/home3/modoper/tempo/global/oens/recfct/datain/recfctFCT05R.nml > /gfs/home3/modoper/tempo/global/oens/recfct/output/recfct.out.2011101012.16:45.T126L28
./recfct.T126L28 < /gfs/home3/modoper/tempo/global/oens/recfct/datain/recfctFCT05R.nml > /gfs/home3/modoper/tempo/global/oens/recfct/output/recfct.out.2011101012.16:45.T126L28
+ ./recfct.T126L28
+ 0< /gfs/home3/modoper/tempo/global/oens/recfct/datain/recfctFCT05R.nml 1> /gfs/home3/modoper/tempo/global/oens/recfct/output/recfct.out.2011101012.16:45.T126L28
 
 
     ******  Program Information  ******
  Real Time (sec)       :         16.078631
  User Time (sec)       :          4.244532
  Sys  Time (sec)       :          0.065177
  Vector Time (sec)     :          0.386078
  Inst. Count           :        1596986110.
  V. Inst. Count        :          16052480.
  V. Element Count      :        1289251883.
  FLOP Count            :         534710006.
  MOPS                  :        676.207753
  MFLOPS                :        125.976196
  VLEN                  :         80.314810
  V. Op. Ratio (%)      :         44.918765
  Memory Size (MB)      :        192.031250
  MIPS                  :        376.245502
  I-Cache (sec)         :          0.000873
  O-Cache (sec)         :          0.944206
  Bank (sec)            :          0.001211
 
  Start Time (date)  :  2011/10/10 16:45:21
  End   Time (date)  :  2011/10/10 16:45:37
-rw-r--r--    1 modoper  pnt            1600 Oct 10 16:45 /gfs/home3/modoper/tempo/global/oens/eof/datain/templ052011101012
sx6
PNT-EN
11101016:45
out
/gfs/home3/modoper/tempo/global/oens
/gfs/home3/modoper/tempo/global/oens
/gfs/dk22/modoper/tempo/global/oens
/gfs/dk22/modoper/tempo/global/oens/model/datain
/gfs/home3/modoper/tempo/global/oens/run/setrecfct.1.FCT05RT126L28.sx6
Date: 20111010
Hour: 16:45
FCT05R
2011101012
2011101112
GFCT05R
GFCT05R
GFCT05R
F.fct
F.fct
R.fct
/gfs/home3/modoper/tempo/global/oens
/gfs/home3/modoper/tempo/global/oens
/gfs/dk22/modoper/tempo/global/oens
/gfs/dk22/modoper/tempo/global/oens/model/datain
run
run
GFCT05R20111010122011101112F.fct.T126L28
/gfs/home3/modoper/tempo/global/oens/recfct/datain/GFCT05R20111010122011101112F.fct.T126L28
+ echo Recomposition  -x-  RUNNING ...
Recomposition  -x-  RUNNING ...
+ source=/gfs/home3/modoper/tempo/global/oens/recfct/source
+ bin=/gfs/home3/modoper/tempo/global/oens/recfct/bin/T126L28
+ input=/gfs/home3/modoper/tempo/global/oens/recfct/datain
+ out=/gfs/home3/modoper/tempo/global/oens/recfct/output
+ echo run
run
+ [ run = make ]
+ echo run
run
+ [ run = clean ]
+ cd /gfs/home3/modoper/tempo/global/oens/recfct/bin/T126L28
+ echo ./recfct.T126L28 < /gfs/home3/modoper/tempo/global/oens/recfct/datain/recfctFCT05R.nml > /gfs/home3/modoper/tempo/global/oens/recfct/output/recfct.out.2011101012.16:45.T126L28
./recfct.T126L28 < /gfs/home3/modoper/tempo/global/oens/recfct/datain/recfctFCT05R.nml > /gfs/home3/modoper/tempo/global/oens/recfct/output/recfct.out.2011101012.16:45.T126L28
+ ./recfct.T126L28
+ 0< /gfs/home3/modoper/tempo/global/oens/recfct/datain/recfctFCT05R.nml 1> /gfs/home3/modoper/tempo/global/oens/recfct/output/recfct.out.2011101012.16:45.T126L28
 
 
     ******  Program Information  ******
  Real Time (sec)       :         16.691366
  User Time (sec)       :          4.216718
  Sys  Time (sec)       :          0.064166
  Vector Time (sec)     :          0.381717
  Inst. Count           :        1596986141.
  V. Inst. Count        :          16052480.
  V. Element Count      :        1289251883.
  FLOP Count            :         534710007.
  MOPS                  :        680.668145
  MFLOPS                :        126.807157
  VLEN                  :         80.314810
  V. Op. Ratio (%)      :         44.918764
  Memory Size (MB)      :        192.031250
  MIPS                  :        378.727290
  I-Cache (sec)         :          0.000906
  O-Cache (sec)         :          0.920738
  Bank (sec)            :          0.001203
 
  Start Time (date)  :  2011/10/10 16:45:38
  End   Time (date)  :  2011/10/10 16:45:55
-rw-r--r--    1 modoper  pnt            1800 Oct 10 16:45 /gfs/home3/modoper/tempo/global/oens/eof/datain/templ052011101012
sx6
PNT-EN
11101016:45
out
/gfs/home3/modoper/tempo/global/oens
/gfs/home3/modoper/tempo/global/oens
/gfs/dk22/modoper/tempo/global/oens
/gfs/dk22/modoper/tempo/global/oens/model/datain
/gfs/home3/modoper/tempo/global/oens/run/setrecfct.1.FCT05RT126L28.sx6
Date: 20111010
Hour: 16:45
FCT05R
2011101012
2011101115
GFCT05R
GFCT05R
GFCT05R
F.fct
F.fct
R.fct
/gfs/home3/modoper/tempo/global/oens
/gfs/home3/modoper/tempo/global/oens
/gfs/dk22/modoper/tempo/global/oens
/gfs/dk22/modoper/tempo/global/oens/model/datain
run
run
GFCT05R20111010122011101115F.fct.T126L28
/gfs/home3/modoper/tempo/global/oens/recfct/datain/GFCT05R20111010122011101115F.fct.T126L28
+ echo Recomposition  -x-  RUNNING ...
Recomposition  -x-  RUNNING ...
+ source=/gfs/home3/modoper/tempo/global/oens/recfct/source
+ bin=/gfs/home3/modoper/tempo/global/oens/recfct/bin/T126L28
+ input=/gfs/home3/modoper/tempo/global/oens/recfct/datain
+ out=/gfs/home3/modoper/tempo/global/oens/recfct/output
+ echo run
run
+ [ run = make ]
+ echo run
run
+ [ run = clean ]
+ cd /gfs/home3/modoper/tempo/global/oens/recfct/bin/T126L28
+ echo ./recfct.T126L28 < /gfs/home3/modoper/tempo/global/oens/recfct/datain/recfctFCT05R.nml > /gfs/home3/modoper/tempo/global/oens/recfct/output/recfct.out.2011101012.16:45.T126L28
./recfct.T126L28 < /gfs/home3/modoper/tempo/global/oens/recfct/datain/recfctFCT05R.nml > /gfs/home3/modoper/tempo/global/oens/recfct/output/recfct.out.2011101012.16:45.T126L28
+ ./recfct.T126L28
+ 0< /gfs/home3/modoper/tempo/global/oens/recfct/datain/recfctFCT05R.nml 1> /gfs/home3/modoper/tempo/global/oens/recfct/output/recfct.out.2011101012.16:45.T126L28
 
 
     ******  Program Information  ******
  Real Time (sec)       :         14.531642
  User Time (sec)       :          4.140149
  Sys  Time (sec)       :          0.169455
  Vector Time (sec)     :          0.345211
  Inst. Count           :        1596986141.
  V. Inst. Count        :          16052480.
  V. Element Count      :        1289251883.
  FLOP Count            :         534710007.
  MOPS                  :        693.256526
  MFLOPS                :        129.152348
  VLEN                  :         80.314810
  V. Op. Ratio (%)      :         44.918764
  Memory Size (MB)      :        192.031250
  MIPS                  :        385.731531
  I-Cache (sec)         :          0.009698
  O-Cache (sec)         :          0.880364
  Bank (sec)            :          0.001191
 
  Start Time (date)  :  2011/10/10 16:45:56
  End   Time (date)  :  2011/10/10 16:46:11
-rw-r--r--    1 modoper  pnt            2000 Oct 10 16:46 /gfs/home3/modoper/tempo/global/oens/eof/datain/templ052011101012
sx6
PNT-EN
11101016:46
out
/gfs/home3/modoper/tempo/global/oens
/gfs/home3/modoper/tempo/global/oens
/gfs/dk22/modoper/tempo/global/oens
/gfs/dk22/modoper/tempo/global/oens/model/datain
/gfs/home3/modoper/tempo/global/oens/run/setrecfct.1.FCT05RT126L28.sx6
Date: 20111010
Hour: 16:46
FCT05R
2011101012
2011101118
GFCT05R
GFCT05R
GFCT05R
F.fct
F.fct
R.fct
/gfs/home3/modoper/tempo/global/oens
/gfs/home3/modoper/tempo/global/oens
/gfs/dk22/modoper/tempo/global/oens
/gfs/dk22/modoper/tempo/global/oens/model/datain
run
run
GFCT05R20111010122011101118F.fct.T126L28
/gfs/home3/modoper/tempo/global/oens/recfct/datain/GFCT05R20111010122011101118F.fct.T126L28
+ echo Recomposition  -x-  RUNNING ...
Recomposition  -x-  RUNNING ...
+ source=/gfs/home3/modoper/tempo/global/oens/recfct/source
+ bin=/gfs/home3/modoper/tempo/global/oens/recfct/bin/T126L28
+ input=/gfs/home3/modoper/tempo/global/oens/recfct/datain
+ out=/gfs/home3/modoper/tempo/global/oens/recfct/output
+ echo run
run
+ [ run = make ]
+ echo run
run
+ [ run = clean ]
+ cd /gfs/home3/modoper/tempo/global/oens/recfct/bin/T126L28
+ echo ./recfct.T126L28 < /gfs/home3/modoper/tempo/global/oens/recfct/datain/recfctFCT05R.nml > /gfs/home3/modoper/tempo/global/oens/recfct/output/recfct.out.2011101012.16:46.T126L28
./recfct.T126L28 < /gfs/home3/modoper/tempo/global/oens/recfct/datain/recfctFCT05R.nml > /gfs/home3/modoper/tempo/global/oens/recfct/output/recfct.out.2011101012.16:46.T126L28
+ ./recfct.T126L28
+ 0< /gfs/home3/modoper/tempo/global/oens/recfct/datain/recfctFCT05R.nml 1> /gfs/home3/modoper/tempo/global/oens/recfct/output/recfct.out.2011101012.16:46.T126L28
 
 
     ******  Program Information  ******
  Real Time (sec)       :         13.260766
  User Time (sec)       :          4.122186
  Sys  Time (sec)       :          0.066163
  Vector Time (sec)     :          0.342593
  Inst. Count           :        1596986141.
  V. Inst. Count        :          16052480.
  V. Element Count      :        1289251883.
  FLOP Count            :         534710007.
  MOPS                  :        696.277526
  MFLOPS                :        129.715154
  VLEN                  :         80.314810
  V. Op. Ratio (%)      :         44.918764
  Memory Size (MB)      :        192.031250
  MIPS                  :        387.412431
  I-Cache (sec)         :          0.001351
  O-Cache (sec)         :          0.865306
  Bank (sec)            :          0.001190
 
  Start Time (date)  :  2011/10/10 16:46:12
  End   Time (date)  :  2011/10/10 16:46:25
-rw-r--r--    1 modoper  pnt            2200 Oct 10 16:46 /gfs/home3/modoper/tempo/global/oens/eof/datain/templ052011101012
sx6
PNT-EN
11101016:46
out
/gfs/home3/modoper/tempo/global/oens
/gfs/home3/modoper/tempo/global/oens
/gfs/dk22/modoper/tempo/global/oens
/gfs/dk22/modoper/tempo/global/oens/model/datain
/gfs/home3/modoper/tempo/global/oens/run/setrecfct.1.FCT05RT126L28.sx6
Date: 20111010
Hour: 16:46
FCT05R
2011101012
2011101121
GFCT05R
GFCT05R
GFCT05R
F.fct
F.fct
R.fct
/gfs/home3/modoper/tempo/global/oens
/gfs/home3/modoper/tempo/global/oens
/gfs/dk22/modoper/tempo/global/oens
/gfs/dk22/modoper/tempo/global/oens/model/datain
run
run
GFCT05R20111010122011101121F.fct.T126L28
/gfs/home3/modoper/tempo/global/oens/recfct/datain/GFCT05R20111010122011101121F.fct.T126L28
+ echo Recomposition  -x-  RUNNING ...
Recomposition  -x-  RUNNING ...
+ source=/gfs/home3/modoper/tempo/global/oens/recfct/source
+ bin=/gfs/home3/modoper/tempo/global/oens/recfct/bin/T126L28
+ input=/gfs/home3/modoper/tempo/global/oens/recfct/datain
+ out=/gfs/home3/modoper/tempo/global/oens/recfct/output
+ echo run
run
+ [ run = make ]
+ echo run
run
+ [ run = clean ]
+ cd /gfs/home3/modoper/tempo/global/oens/recfct/bin/T126L28
+ echo ./recfct.T126L28 < /gfs/home3/modoper/tempo/global/oens/recfct/datain/recfctFCT05R.nml > /gfs/home3/modoper/tempo/global/oens/recfct/output/recfct.out.2011101012.16:46.T126L28
./recfct.T126L28 < /gfs/home3/modoper/tempo/global/oens/recfct/datain/recfctFCT05R.nml > /gfs/home3/modoper/tempo/global/oens/recfct/output/recfct.out.2011101012.16:46.T126L28
+ ./recfct.T126L28
+ 0< /gfs/home3/modoper/tempo/global/oens/recfct/datain/recfctFCT05R.nml 1> /gfs/home3/modoper/tempo/global/oens/recfct/output/recfct.out.2011101012.16:46.T126L28
 
 
     ******  Program Information  ******
  Real Time (sec)       :         12.356558
  User Time (sec)       :          4.122401
  Sys  Time (sec)       :          0.075773
  Vector Time (sec)     :          0.342272
  Inst. Count           :        1596986141.
  V. Inst. Count        :          16052480.
  V. Element Count      :        1289251883.
  FLOP Count            :         534710007.
  MOPS                  :        696.241153
  MFLOPS                :        129.708378
  VLEN                  :         80.314810
  V. Op. Ratio (%)      :         44.918764
  Memory Size (MB)      :        192.031250
  MIPS                  :        387.392193
  I-Cache (sec)         :          0.001932
  O-Cache (sec)         :          0.866123
  Bank (sec)            :          0.001191
 
  Start Time (date)  :  2011/10/10 16:46:26
  End   Time (date)  :  2011/10/10 16:46:39
-rw-r--r--    1 modoper  pnt            2400 Oct 10 16:46 /gfs/home3/modoper/tempo/global/oens/eof/datain/templ052011101012
sx6
PNT-EN
11101016:46
out
/gfs/home3/modoper/tempo/global/oens
/gfs/home3/modoper/tempo/global/oens
/gfs/dk22/modoper/tempo/global/oens
/gfs/dk22/modoper/tempo/global/oens/model/datain
/gfs/home3/modoper/tempo/global/oens/run/setrecfct.1.FCT05RT126L28.sx6
Date: 20111010
Hour: 16:46
FCT05R
2011101012
2011101200
GFCT05R
GFCT05R
GFCT05R
F.fct
F.fct
R.fct
/gfs/home3/modoper/tempo/global/oens
/gfs/home3/modoper/tempo/global/oens
/gfs/dk22/modoper/tempo/global/oens
/gfs/dk22/modoper/tempo/global/oens/model/datain
run
run
GFCT05R20111010122011101200F.fct.T126L28
/gfs/home3/modoper/tempo/global/oens/recfct/datain/GFCT05R20111010122011101200F.fct.T126L28
+ echo Recomposition  -x-  RUNNING ...
Recomposition  -x-  RUNNING ...
+ source=/gfs/home3/modoper/tempo/global/oens/recfct/source
+ bin=/gfs/home3/modoper/tempo/global/oens/recfct/bin/T126L28
+ input=/gfs/home3/modoper/tempo/global/oens/recfct/datain
+ out=/gfs/home3/modoper/tempo/global/oens/recfct/output
+ echo run
run
+ [ run = make ]
+ echo run
run
+ [ run = clean ]
+ cd /gfs/home3/modoper/tempo/global/oens/recfct/bin/T126L28
+ echo ./recfct.T126L28 < /gfs/home3/modoper/tempo/global/oens/recfct/datain/recfctFCT05R.nml > /gfs/home3/modoper/tempo/global/oens/recfct/output/recfct.out.2011101012.16:46.T126L28
./recfct.T126L28 < /gfs/home3/modoper/tempo/global/oens/recfct/datain/recfctFCT05R.nml > /gfs/home3/modoper/tempo/global/oens/recfct/output/recfct.out.2011101012.16:46.T126L28
+ ./recfct.T126L28
+ 0< /gfs/home3/modoper/tempo/global/oens/recfct/datain/recfctFCT05R.nml 1> /gfs/home3/modoper/tempo/global/oens/recfct/output/recfct.out.2011101012.16:46.T126L28
 
 
     ******  Program Information  ******
  Real Time (sec)       :          9.492620
  User Time (sec)       :          4.132561
  Sys  Time (sec)       :          0.103869
  Vector Time (sec)     :          0.344283
  Inst. Count           :        1596986110.
  V. Inst. Count        :          16052480.
  V. Element Count      :        1289251883.
  FLOP Count            :         534710006.
  MOPS                  :        694.529545
  MFLOPS                :        129.389510
  VLEN                  :         80.314810
  V. Op. Ratio (%)      :         44.918765
  Memory Size (MB)      :        192.031250
  MIPS                  :        386.439842
  I-Cache (sec)         :          0.004069
  O-Cache (sec)         :          0.873600
  Bank (sec)            :          0.001192
 
  Start Time (date)  :  2011/10/10 16:46:40
  End   Time (date)  :  2011/10/10 16:46:49
sx6
2011101016:46
out
/gfs/home3/modoper/tempo/global/oens
/gfs/home3/modoper/tempo/global/oens
/gfs/dk22/modoper/tempo/global/oens
/gfs/dk22/modoper/tempo/global/oens/model/datain
/gfs/home3/modoper/tempo/global/oens/run/seteofs.1.05T126L28.sx6
05
Date: 20111010
Hour: 16:46
2011101012
/gfs/home3/modoper/tempo/global/oens
/gfs/home3/modoper/tempo/global/oens
/gfs/dk22/modoper/tempo/global/oens
/gfs/dk22/modoper/tempo/global/oens/model/datain
run
run
Vai chamar eoft
+ echo EOFT           -x-  RUNNING ...
EOFT           -x-  RUNNING ...
+ source=/gfs/home3/modoper/tempo/global/oens/eoftemp/source
+ bin=/gfs/home3/modoper/tempo/global/oens/eof/bin/T126L28
+ inp=/gfs/home3/modoper/tempo/global/oens/eof/datain
+ outp=/gfs/home3/modoper/tempo/global/oens/eoftemp/output
+ echo run
run
+ [ run = make ]
+ echo run
run
+ [ run = clean ]
+ cd /gfs/home3/modoper/tempo/global/oens/eof/bin/T126L28
+ echo ./eoftem.T126L28 < /gfs/home3/modoper/tempo/global/oens/eof/datain/eoftem05.nml > /gfs/home3/modoper/tempo/global/oens/eoftemp/output/eoftem.2011101012.16:46.T126L28
./eoftem.T126L28 < /gfs/home3/modoper/tempo/global/oens/eof/datain/eoftem05.nml > /gfs/home3/modoper/tempo/global/oens/eoftemp/output/eoftem.2011101012.16:46.T126L28
+ ./eoftem.T126L28
+ 0< /gfs/home3/modoper/tempo/global/oens/eof/datain/eoftem05.nml 1> /gfs/home3/modoper/tempo/global/oens/eoftemp/output/eoftem.2011101012.16:46.T126L28
 entrou no eoft fortran
 &DATAIN DIRI=/gfs/home3/modoper/tempo/global/oens/eof/datain/                ,
 DIRA=/gfs/dk22/modoper/tempo/global/oens/model/datain/               ,
 DIRO=/gfs/dk22/modoper/tempo/global/oens/eof/dataout/T126L28/        ,
 NAMEL=templ052011101012                                               ,
 ANAME=GANLAVN2011101012R.unf.T126L28                                                      ,
 TEMOUT=temout052011101012                                              ,
 TEMPCM=tempcm052011101012                                              ,
 TEMPER1=tempe1052011101012                                              ,
 TEMPEN1=tempn1052011101012                                               /
 
 
     ******  Program Information  ******
  Real Time (sec)       :         26.730918
  User Time (sec)       :          6.580760
  Sys  Time (sec)       :          0.429826
  Vector Time (sec)     :          5.902099
  Inst. Count           :         597134053.
  V. Inst. Count        :          72972118.
  V. Element Count      :        9156490065.
  FLOP Count            :        3164566078.
  MOPS                  :       1471.053860
  MFLOPS                :        480.881571
  VLEN                  :        125.479297
  V. Op. Ratio (%)      :         94.585469
  Memory Size (MB)      :        304.031250
  MIPS                  :         90.739379
  I-Cache (sec)         :          0.005288
  O-Cache (sec)         :          0.005643
  Bank (sec)            :          0.281361
 
  Start Time (date)  :  2011/10/10 16:46:51
  End   Time (date)  :  2011/10/10 16:47:18
Vai chamar eofw
+ echo EOFW           -x-  RUNNING ...
EOFW           -x-  RUNNING ...
+ source=/gfs/home3/modoper/tempo/global/oens/eofwind/source
+ bin=/gfs/home3/modoper/tempo/global/oens/eof/bin/T126L28
+ out=/gfs/dk22/modoper/tempo/global/oens/eof/dataout/T126L28
+ inp=/gfs/home3/modoper/tempo/global/oens/eof/datain
+ outp=/gfs/home3/modoper/tempo/global/oens/eofwind/output
+ echo run
run
+ [ run = make ]
+ echo run
run
+ [ run = clean ]
+ cd /gfs/home3/modoper/tempo/global/oens/eof/bin/T126L28
+ echo ./eofwin.T126L28 < /gfs/home3/modoper/tempo/global/oens/eof/datain/eofwin05.nml > /gfs/home3/modoper/tempo/global/oens/eofwind/output/eofwin.2011101012.16:46.T126L28
./eofwin.T126L28 < /gfs/home3/modoper/tempo/global/oens/eof/datain/eofwin05.nml > /gfs/home3/modoper/tempo/global/oens/eofwind/output/eofwin.2011101012.16:46.T126L28
+ ./eofwin.T126L28
+ 0< /gfs/home3/modoper/tempo/global/oens/eof/datain/eofwin05.nml 1> /gfs/home3/modoper/tempo/global/oens/eofwind/output/eofwin.2011101012.16:46.T126L28
 
 
     ******  Program Information  ******
  Real Time (sec)       :         90.438068
  User Time (sec)       :         11.985075
  Sys  Time (sec)       :          0.623713
  Vector Time (sec)     :         10.940387
  Inst. Count           :        1009388912.
  V. Inst. Count        :         235339359.
  V. Element Count      :       26880733126.
  FLOP Count            :        7609521354.
  MOPS                  :       2307.435167
  MFLOPS                :        634.916476
  VLEN                  :        114.221154
  V. Op. Ratio (%)      :         97.201028
  Memory Size (MB)      :        624.031250
  MIPS                  :         84.220495
  I-Cache (sec)         :          0.007937
  O-Cache (sec)         :          0.018693
  Bank (sec)            :          0.599880
 
  Start Time (date)  :  2011/10/10 16:47:18
  End   Time (date)  :  2011/10/10 16:48:49
sx6
2011101016:48
out
/gfs/home3/modoper/tempo/global/oens
/gfs/home3/modoper/tempo/global/oens
/gfs/dk22/modoper/tempo/global/oens
/gfs/dk22/modoper/tempo/global/oens/model/datain
/gfs/home3/modoper/tempo/global/oens/run/setdeco05T126L28.sx6
Date: 20111010
Hour: 16:48
2011101012
/gfs/home3/modoper/tempo/global/oens
/gfs/home3/modoper/tempo/global/oens
/gfs/dk22/modoper/tempo/global/oens
/gfs/dk22/modoper/tempo/global/oens/model/datain
run
run
+ echo Decomposition  -x-  RUNNING ...
Decomposition  -x-  RUNNING ...
+ source=/gfs/home3/modoper/tempo/global/oens/decanl/source
+ bin=/gfs/home3/modoper/tempo/global/oens/decanl/bin/T126L28
+ input=/gfs/home3/modoper/tempo/global/oens/decanl/datain
+ out=/gfs/home3/modoper/tempo/global/oens/decanl/output
+ echo run
run
+ [ run = make ]
+ echo run
run
+ [ run = clean ]
+ cd /gfs/home3/modoper/tempo/global/oens/decanl/bin/T126L28
+ ./decanl.T126L28
+ 0< /gfs/home3/modoper/tempo/global/oens/decanl/datain/decanl05.nml 1> /gfs/home3/modoper/tempo/global/oens/decanl/output/decanl.2011101012.16:48.T126L28
 
 
     ******  Program Information  ******
  Real Time (sec)       :          3.066743
  User Time (sec)       :          0.819884
  Sys  Time (sec)       :          0.061540
  Vector Time (sec)     :          0.628261
  Inst. Count           :         173583994.
  V. Inst. Count        :          21078079.
  V. Element Count      :        2292782635.
  FLOP Count            :         590251097.
  MOPS                  :       2982.481192
  MFLOPS                :        719.920271
  VLEN                  :        108.775692
  V. Op. Ratio (%)      :         93.763275
  Memory Size (MB)      :        192.031250
  MIPS                  :        211.717753
  I-Cache (sec)         :          0.000869
  O-Cache (sec)         :          0.026614
  Bank (sec)            :          0.015383
 
  Start Time (date)  :  2011/10/10 16:48:50
  End   Time (date)  :  2011/10/10 16:48:53
+ echo Decomposition  -x-  RUNNING ...
Decomposition  -x-  RUNNING ...
+ source=/gfs/home3/modoper/tempo/global/oens/decanl/source
+ bin=/gfs/home3/modoper/tempo/global/oens/decanl/bin/T126L28
+ input=/gfs/home3/modoper/tempo/global/oens/decanl/datain
+ out=/gfs/home3/modoper/tempo/global/oens/decanl/output
+ echo run
run
+ [ run = make ]
+ echo run
run
+ [ run = clean ]
+ cd /gfs/home3/modoper/tempo/global/oens/decanl/bin/T126L28
+ ./decanl.T126L28
+ 0< /gfs/home3/modoper/tempo/global/oens/decanl/datain/decanl05.nml 1> /gfs/home3/modoper/tempo/global/oens/decanl/output/decanl.2011101012.16:48.T126L28
 
 
     ******  Program Information  ******
  Real Time (sec)       :          2.926499
  User Time (sec)       :          0.819700
  Sys  Time (sec)       :          0.058832
  Vector Time (sec)     :          0.628252
  Inst. Count           :         173583889.
  V. Inst. Count        :          21078079.
  V. Element Count      :        2292782629.
  FLOP Count            :         590251097.
  MOPS                  :       2983.150003
  MFLOPS                :        720.081743
  VLEN                  :        108.775692
  V. Op. Ratio (%)      :         93.763279
  Memory Size (MB)      :        192.031250
  MIPS                  :        211.765111
  I-Cache (sec)         :          0.000895
  O-Cache (sec)         :          0.026610
  Bank (sec)            :          0.015383
 
  Start Time (date)  :  2011/10/10 16:48:53
  End   Time (date)  :  2011/10/10 16:48:56
logout
