stty: : Invalid argument
vt100
resize:  can't open terminal /dev/tty
======================================
Welcome to tupan00: SUPER-UX 14.1 SX-6
Today is Sun Feb 12 04:45:29 GMT 2012
======================================
runperreco1.sx6 126 28 01 2012021200 15 NO 07 
sx6
2012021204:45
out
/gfs/home3/modoper/tempo/global/oens
/gfs/home3/modoper/tempo/global/oens
/gfs/dk22/modoper/tempo/global/oens
/gfs/dk22/modoper/tempo/global/oens/model/datain
/gfs/home3/modoper/tempo/global/oens/run/setperreco.1.01T126L28.sx6
Date: 20120212
Hour: 04:45
2012021200


rm: ERROR: Cannot access templ012012021200: No such file or directory
-rw-r--r--    1 modoper  pnt             200 Feb 12 04:45 /gfs/home3/modoper/tempo/global/oens/eof/datain/templ012012021200
ls: ERROR: Cannot access /gfs/dk22/modoper/tempo/global/oens/recfct/dataout/T126L28/GFCT01R2012021200*.fct*: No such file or directory
sx6
PNT-EN
12021204:45
out
/gfs/home3/modoper/tempo/global/oens
/gfs/home3/modoper/tempo/global/oens
/gfs/dk22/modoper/tempo/global/oens
/gfs/dk22/modoper/tempo/global/oens/model/datain
/gfs/home3/modoper/tempo/global/oens/run/setrecfct.1.FCT01RT126L28.sx6
Date: 20120212
Hour: 04:45
FCT01R
2012021200
2012021203
GFCT01R
GFCT01R
GFCT01R
F.fct
F.fct
R.fct
/gfs/home3/modoper/tempo/global/oens
/gfs/home3/modoper/tempo/global/oens
/gfs/dk22/modoper/tempo/global/oens
/gfs/dk22/modoper/tempo/global/oens/model/datain
run
run
GFCT01R20120212002012021203F.fct.T126L28
/gfs/home3/modoper/tempo/global/oens/recfct/datain/GFCT01R20120212002012021203F.fct.T126L28
+ echo Recomposition  -x-  RUNNING ...
Recomposition  -x-  RUNNING ...
+ source=/gfs/home3/modoper/tempo/global/oens/recfct/source
+ bin=/gfs/home3/modoper/tempo/global/oens/recfct/bin/T126L28
+ input=/gfs/home3/modoper/tempo/global/oens/recfct/datain
+ out=/gfs/home3/modoper/tempo/global/oens/recfct/output
+ echo run
run
+ [ run = make ]
+ echo run
run
+ [ run = clean ]
+ cd /gfs/home3/modoper/tempo/global/oens/recfct/bin/T126L28
+ echo ./recfct.T126L28 < /gfs/home3/modoper/tempo/global/oens/recfct/datain/recfctFCT01R.nml > /gfs/home3/modoper/tempo/global/oens/recfct/output/recfct.out.2012021200.04:45.T126L28
./recfct.T126L28 < /gfs/home3/modoper/tempo/global/oens/recfct/datain/recfctFCT01R.nml > /gfs/home3/modoper/tempo/global/oens/recfct/output/recfct.out.2012021200.04:45.T126L28
+ ./recfct.T126L28
+ 0< /gfs/home3/modoper/tempo/global/oens/recfct/datain/recfctFCT01R.nml 1> /gfs/home3/modoper/tempo/global/oens/recfct/output/recfct.out.2012021200.04:45.T126L28
 
 
     ******  Program Information  ******
  Real Time (sec)       :          5.471663
  User Time (sec)       :          4.201612
  Sys  Time (sec)       :          0.063124
  Vector Time (sec)     :          0.367214
  Inst. Count           :        1596986017.
  V. Inst. Count        :          16052480.
  V. Element Count      :        1289251883.
  FLOP Count            :         534710003.
  MOPS                  :        683.115242
  MFLOPS                :        127.263051
  VLEN                  :         80.314810
  V. Op. Ratio (%)      :         44.918766
  Memory Size (MB)      :        192.031250
  MIPS                  :        380.088855
  I-Cache (sec)         :          0.000858
  O-Cache (sec)         :          0.917263
  Bank (sec)            :          0.001190
 
  Start Time (date)  :  2012/02/12 04:45:33
  End   Time (date)  :  2012/02/12 04:45:38
-rw-r--r--    1 modoper  pnt             400 Feb 12 04:45 /gfs/home3/modoper/tempo/global/oens/eof/datain/templ012012021200
sx6
PNT-EN
12021204:45
out
/gfs/home3/modoper/tempo/global/oens
/gfs/home3/modoper/tempo/global/oens
/gfs/dk22/modoper/tempo/global/oens
/gfs/dk22/modoper/tempo/global/oens/model/datain
/gfs/home3/modoper/tempo/global/oens/run/setrecfct.1.FCT01RT126L28.sx6
Date: 20120212
Hour: 04:45
FCT01R
2012021200
2012021206
GFCT01R
GFCT01R
GFCT01R
F.fct
F.fct
R.fct
/gfs/home3/modoper/tempo/global/oens
/gfs/home3/modoper/tempo/global/oens
/gfs/dk22/modoper/tempo/global/oens
/gfs/dk22/modoper/tempo/global/oens/model/datain
run
run
GFCT01R20120212002012021206F.fct.T126L28
/gfs/home3/modoper/tempo/global/oens/recfct/datain/GFCT01R20120212002012021206F.fct.T126L28
+ echo Recomposition  -x-  RUNNING ...
Recomposition  -x-  RUNNING ...
+ source=/gfs/home3/modoper/tempo/global/oens/recfct/source
+ bin=/gfs/home3/modoper/tempo/global/oens/recfct/bin/T126L28
+ input=/gfs/home3/modoper/tempo/global/oens/recfct/datain
+ out=/gfs/home3/modoper/tempo/global/oens/recfct/output
+ echo run
run
+ [ run = make ]
+ echo run
run
+ [ run = clean ]
+ cd /gfs/home3/modoper/tempo/global/oens/recfct/bin/T126L28
+ echo ./recfct.T126L28 < /gfs/home3/modoper/tempo/global/oens/recfct/datain/recfctFCT01R.nml > /gfs/home3/modoper/tempo/global/oens/recfct/output/recfct.out.2012021200.04:45.T126L28
./recfct.T126L28 < /gfs/home3/modoper/tempo/global/oens/recfct/datain/recfctFCT01R.nml > /gfs/home3/modoper/tempo/global/oens/recfct/output/recfct.out.2012021200.04:45.T126L28
+ ./recfct.T126L28
+ 0< /gfs/home3/modoper/tempo/global/oens/recfct/datain/recfctFCT01R.nml 1> /gfs/home3/modoper/tempo/global/oens/recfct/output/recfct.out.2012021200.04:45.T126L28
 
 
     ******  Program Information  ******
  Real Time (sec)       :          6.476530
  User Time (sec)       :          4.190662
  Sys  Time (sec)       :          0.111358
  Vector Time (sec)     :          0.362694
  Inst. Count           :        1596986017.
  V. Inst. Count        :          16052480.
  V. Element Count      :        1289251883.
  FLOP Count            :         534710003.
  MOPS                  :        684.900263
  MFLOPS                :        127.595597
  VLEN                  :         80.314810
  V. Op. Ratio (%)      :         44.918766
  Memory Size (MB)      :        192.031250
  MIPS                  :        381.082050
  I-Cache (sec)         :          0.004101
  O-Cache (sec)         :          0.910988
  Bank (sec)            :          0.001190
 
  Start Time (date)  :  2012/02/12 04:45:39
  End   Time (date)  :  2012/02/12 04:45:46
-rw-r--r--    1 modoper  pnt             600 Feb 12 04:45 /gfs/home3/modoper/tempo/global/oens/eof/datain/templ012012021200
sx6
PNT-EN
12021204:45
out
/gfs/home3/modoper/tempo/global/oens
/gfs/home3/modoper/tempo/global/oens
/gfs/dk22/modoper/tempo/global/oens
/gfs/dk22/modoper/tempo/global/oens/model/datain
/gfs/home3/modoper/tempo/global/oens/run/setrecfct.1.FCT01RT126L28.sx6
Date: 20120212
Hour: 04:45
FCT01R
2012021200
2012021209
GFCT01R
GFCT01R
GFCT01R
F.fct
F.fct
R.fct
/gfs/home3/modoper/tempo/global/oens
/gfs/home3/modoper/tempo/global/oens
/gfs/dk22/modoper/tempo/global/oens
/gfs/dk22/modoper/tempo/global/oens/model/datain
run
run
GFCT01R20120212002012021209F.fct.T126L28
/gfs/home3/modoper/tempo/global/oens/recfct/datain/GFCT01R20120212002012021209F.fct.T126L28
+ echo Recomposition  -x-  RUNNING ...
Recomposition  -x-  RUNNING ...
+ source=/gfs/home3/modoper/tempo/global/oens/recfct/source
+ bin=/gfs/home3/modoper/tempo/global/oens/recfct/bin/T126L28
+ input=/gfs/home3/modoper/tempo/global/oens/recfct/datain
+ out=/gfs/home3/modoper/tempo/global/oens/recfct/output
+ echo run
run
+ [ run = make ]
+ echo run
run
+ [ run = clean ]
+ cd /gfs/home3/modoper/tempo/global/oens/recfct/bin/T126L28
+ echo ./recfct.T126L28 < /gfs/home3/modoper/tempo/global/oens/recfct/datain/recfctFCT01R.nml > /gfs/home3/modoper/tempo/global/oens/recfct/output/recfct.out.2012021200.04:45.T126L28
./recfct.T126L28 < /gfs/home3/modoper/tempo/global/oens/recfct/datain/recfctFCT01R.nml > /gfs/home3/modoper/tempo/global/oens/recfct/output/recfct.out.2012021200.04:45.T126L28
+ ./recfct.T126L28
+ 0< /gfs/home3/modoper/tempo/global/oens/recfct/datain/recfctFCT01R.nml 1> /gfs/home3/modoper/tempo/global/oens/recfct/output/recfct.out.2012021200.04:45.T126L28
 
 
     ******  Program Information  ******
  Real Time (sec)       :          6.205942
  User Time (sec)       :          4.140284
  Sys  Time (sec)       :          0.204353
  Vector Time (sec)     :          0.344515
  Inst. Count           :        1596986017.
  V. Inst. Count        :          16052480.
  V. Element Count      :        1289251883.
  FLOP Count            :         534710003.
  MOPS                  :        693.233971
  MFLOPS                :        129.148151
  VLEN                  :         80.314810
  V. Op. Ratio (%)      :         44.918766
  Memory Size (MB)      :        192.031250
  MIPS                  :        385.718968
  I-Cache (sec)         :          0.011712
  O-Cache (sec)         :          0.876976
  Bank (sec)            :          0.001190
 
  Start Time (date)  :  2012/02/12 04:45:47
  End   Time (date)  :  2012/02/12 04:45:53
-rw-r--r--    1 modoper  pnt             800 Feb 12 04:45 /gfs/home3/modoper/tempo/global/oens/eof/datain/templ012012021200
sx6
PNT-EN
12021204:45
out
/gfs/home3/modoper/tempo/global/oens
/gfs/home3/modoper/tempo/global/oens
/gfs/dk22/modoper/tempo/global/oens
/gfs/dk22/modoper/tempo/global/oens/model/datain
/gfs/home3/modoper/tempo/global/oens/run/setrecfct.1.FCT01RT126L28.sx6
Date: 20120212
Hour: 04:45
FCT01R
2012021200
2012021212
GFCT01R
GFCT01R
GFCT01R
F.fct
F.fct
R.fct
/gfs/home3/modoper/tempo/global/oens
/gfs/home3/modoper/tempo/global/oens
/gfs/dk22/modoper/tempo/global/oens
/gfs/dk22/modoper/tempo/global/oens/model/datain
run
run
GFCT01R20120212002012021212F.fct.T126L28
/gfs/home3/modoper/tempo/global/oens/recfct/datain/GFCT01R20120212002012021212F.fct.T126L28
+ echo Recomposition  -x-  RUNNING ...
Recomposition  -x-  RUNNING ...
+ source=/gfs/home3/modoper/tempo/global/oens/recfct/source
+ bin=/gfs/home3/modoper/tempo/global/oens/recfct/bin/T126L28
+ input=/gfs/home3/modoper/tempo/global/oens/recfct/datain
+ out=/gfs/home3/modoper/tempo/global/oens/recfct/output
+ echo run
run
+ [ run = make ]
+ echo run
run
+ [ run = clean ]
+ cd /gfs/home3/modoper/tempo/global/oens/recfct/bin/T126L28
+ echo ./recfct.T126L28 < /gfs/home3/modoper/tempo/global/oens/recfct/datain/recfctFCT01R.nml > /gfs/home3/modoper/tempo/global/oens/recfct/output/recfct.out.2012021200.04:45.T126L28
./recfct.T126L28 < /gfs/home3/modoper/tempo/global/oens/recfct/datain/recfctFCT01R.nml > /gfs/home3/modoper/tempo/global/oens/recfct/output/recfct.out.2012021200.04:45.T126L28
+ ./recfct.T126L28
+ 0< /gfs/home3/modoper/tempo/global/oens/recfct/datain/recfctFCT01R.nml 1> /gfs/home3/modoper/tempo/global/oens/recfct/output/recfct.out.2012021200.04:45.T126L28
 
 
     ******  Program Information  ******
  Real Time (sec)       :          5.478074
  User Time (sec)       :          4.119266
  Sys  Time (sec)       :          0.063323
  Vector Time (sec)     :          0.341692
  Inst. Count           :        1596986048.
  V. Inst. Count        :          16052480.
  V. Element Count      :        1289251883.
  FLOP Count            :         534710004.
  MOPS                  :        696.771132
  MFLOPS                :        129.807116
  VLEN                  :         80.314810
  V. Op. Ratio (%)      :         44.918766
  Memory Size (MB)      :        192.031250
  MIPS                  :        387.687066
  I-Cache (sec)         :          0.000782
  O-Cache (sec)         :          0.858391
  Bank (sec)            :          0.001191
 
  Start Time (date)  :  2012/02/12 04:45:54
  End   Time (date)  :  2012/02/12 04:45:59
-rw-r--r--    1 modoper  pnt            1000 Feb 12 04:46 /gfs/home3/modoper/tempo/global/oens/eof/datain/templ012012021200
sx6
PNT-EN
12021204:46
out
/gfs/home3/modoper/tempo/global/oens
/gfs/home3/modoper/tempo/global/oens
/gfs/dk22/modoper/tempo/global/oens
/gfs/dk22/modoper/tempo/global/oens/model/datain
/gfs/home3/modoper/tempo/global/oens/run/setrecfct.1.FCT01RT126L28.sx6
Date: 20120212
Hour: 04:46
FCT01R
2012021200
2012021215
GFCT01R
GFCT01R
GFCT01R
F.fct
F.fct
R.fct
/gfs/home3/modoper/tempo/global/oens
/gfs/home3/modoper/tempo/global/oens
/gfs/dk22/modoper/tempo/global/oens
/gfs/dk22/modoper/tempo/global/oens/model/datain
run
run
GFCT01R20120212002012021215F.fct.T126L28
/gfs/home3/modoper/tempo/global/oens/recfct/datain/GFCT01R20120212002012021215F.fct.T126L28
+ echo Recomposition  -x-  RUNNING ...
Recomposition  -x-  RUNNING ...
+ source=/gfs/home3/modoper/tempo/global/oens/recfct/source
+ bin=/gfs/home3/modoper/tempo/global/oens/recfct/bin/T126L28
+ input=/gfs/home3/modoper/tempo/global/oens/recfct/datain
+ out=/gfs/home3/modoper/tempo/global/oens/recfct/output
+ echo run
run
+ [ run = make ]
+ echo run
run
+ [ run = clean ]
+ cd /gfs/home3/modoper/tempo/global/oens/recfct/bin/T126L28
+ echo ./recfct.T126L28 < /gfs/home3/modoper/tempo/global/oens/recfct/datain/recfctFCT01R.nml > /gfs/home3/modoper/tempo/global/oens/recfct/output/recfct.out.2012021200.04:46.T126L28
./recfct.T126L28 < /gfs/home3/modoper/tempo/global/oens/recfct/datain/recfctFCT01R.nml > /gfs/home3/modoper/tempo/global/oens/recfct/output/recfct.out.2012021200.04:46.T126L28
+ ./recfct.T126L28
+ 0< /gfs/home3/modoper/tempo/global/oens/recfct/datain/recfctFCT01R.nml 1> /gfs/home3/modoper/tempo/global/oens/recfct/output/recfct.out.2012021200.04:46.T126L28
 
 
     ******  Program Information  ******
  Real Time (sec)       :          5.495626
  User Time (sec)       :          4.119696
  Sys  Time (sec)       :          0.061148
  Vector Time (sec)     :          0.341661
  Inst. Count           :        1596986048.
  V. Inst. Count        :          16052480.
  V. Element Count      :        1289251883.
  FLOP Count            :         534710004.
  MOPS                  :        696.698390
  MFLOPS                :        129.793564
  VLEN                  :         80.314810
  V. Op. Ratio (%)      :         44.918766
  Memory Size (MB)      :        192.031250
  MIPS                  :        387.646592
  I-Cache (sec)         :          0.000785
  O-Cache (sec)         :          0.861299
  Bank (sec)            :          0.001191
 
  Start Time (date)  :  2012/02/12 04:46:01
  End   Time (date)  :  2012/02/12 04:46:06
-rw-r--r--    1 modoper  pnt            1200 Feb 12 04:46 /gfs/home3/modoper/tempo/global/oens/eof/datain/templ012012021200
sx6
PNT-EN
12021204:46
out
/gfs/home3/modoper/tempo/global/oens
/gfs/home3/modoper/tempo/global/oens
/gfs/dk22/modoper/tempo/global/oens
/gfs/dk22/modoper/tempo/global/oens/model/datain
/gfs/home3/modoper/tempo/global/oens/run/setrecfct.1.FCT01RT126L28.sx6
Date: 20120212
Hour: 04:46
FCT01R
2012021200
2012021218
GFCT01R
GFCT01R
GFCT01R
F.fct
F.fct
R.fct
/gfs/home3/modoper/tempo/global/oens
/gfs/home3/modoper/tempo/global/oens
/gfs/dk22/modoper/tempo/global/oens
/gfs/dk22/modoper/tempo/global/oens/model/datain
run
run
GFCT01R20120212002012021218F.fct.T126L28
/gfs/home3/modoper/tempo/global/oens/recfct/datain/GFCT01R20120212002012021218F.fct.T126L28
+ echo Recomposition  -x-  RUNNING ...
Recomposition  -x-  RUNNING ...
+ source=/gfs/home3/modoper/tempo/global/oens/recfct/source
+ bin=/gfs/home3/modoper/tempo/global/oens/recfct/bin/T126L28
+ input=/gfs/home3/modoper/tempo/global/oens/recfct/datain
+ out=/gfs/home3/modoper/tempo/global/oens/recfct/output
+ echo run
run
+ [ run = make ]
+ echo run
run
+ [ run = clean ]
+ cd /gfs/home3/modoper/tempo/global/oens/recfct/bin/T126L28
+ echo ./recfct.T126L28 < /gfs/home3/modoper/tempo/global/oens/recfct/datain/recfctFCT01R.nml > /gfs/home3/modoper/tempo/global/oens/recfct/output/recfct.out.2012021200.04:46.T126L28
./recfct.T126L28 < /gfs/home3/modoper/tempo/global/oens/recfct/datain/recfctFCT01R.nml > /gfs/home3/modoper/tempo/global/oens/recfct/output/recfct.out.2012021200.04:46.T126L28
+ ./recfct.T126L28
+ 0< /gfs/home3/modoper/tempo/global/oens/recfct/datain/recfctFCT01R.nml 1> /gfs/home3/modoper/tempo/global/oens/recfct/output/recfct.out.2012021200.04:46.T126L28
 
 
     ******  Program Information  ******
  Real Time (sec)       :          5.367913
  User Time (sec)       :          4.119194
  Sys  Time (sec)       :          0.060669
  Vector Time (sec)     :          0.341696
  Inst. Count           :        1596986048.
  V. Inst. Count        :          16052480.
  V. Element Count      :        1289251883.
  FLOP Count            :         534710004.
  MOPS                  :        696.783217
  MFLOPS                :        129.809367
  VLEN                  :         80.314810
  V. Op. Ratio (%)      :         44.918766
  Memory Size (MB)      :        192.031250
  MIPS                  :        387.693790
  I-Cache (sec)         :          0.000786
  O-Cache (sec)         :          0.858369
  Bank (sec)            :          0.001191
 
  Start Time (date)  :  2012/02/12 04:46:07
  End   Time (date)  :  2012/02/12 04:46:12
-rw-r--r--    1 modoper  pnt            1400 Feb 12 04:46 /gfs/home3/modoper/tempo/global/oens/eof/datain/templ012012021200
sx6
PNT-EN
12021204:46
out
/gfs/home3/modoper/tempo/global/oens
/gfs/home3/modoper/tempo/global/oens
/gfs/dk22/modoper/tempo/global/oens
/gfs/dk22/modoper/tempo/global/oens/model/datain
/gfs/home3/modoper/tempo/global/oens/run/setrecfct.1.FCT01RT126L28.sx6
Date: 20120212
Hour: 04:46
FCT01R
2012021200
2012021221
GFCT01R
GFCT01R
GFCT01R
F.fct
F.fct
R.fct
/gfs/home3/modoper/tempo/global/oens
/gfs/home3/modoper/tempo/global/oens
/gfs/dk22/modoper/tempo/global/oens
/gfs/dk22/modoper/tempo/global/oens/model/datain
run
run
GFCT01R20120212002012021221F.fct.T126L28
/gfs/home3/modoper/tempo/global/oens/recfct/datain/GFCT01R20120212002012021221F.fct.T126L28
+ echo Recomposition  -x-  RUNNING ...
Recomposition  -x-  RUNNING ...
+ source=/gfs/home3/modoper/tempo/global/oens/recfct/source
+ bin=/gfs/home3/modoper/tempo/global/oens/recfct/bin/T126L28
+ input=/gfs/home3/modoper/tempo/global/oens/recfct/datain
+ out=/gfs/home3/modoper/tempo/global/oens/recfct/output
+ echo run
run
+ [ run = make ]
+ echo run
run
+ [ run = clean ]
+ cd /gfs/home3/modoper/tempo/global/oens/recfct/bin/T126L28
+ echo ./recfct.T126L28 < /gfs/home3/modoper/tempo/global/oens/recfct/datain/recfctFCT01R.nml > /gfs/home3/modoper/tempo/global/oens/recfct/output/recfct.out.2012021200.04:46.T126L28
./recfct.T126L28 < /gfs/home3/modoper/tempo/global/oens/recfct/datain/recfctFCT01R.nml > /gfs/home3/modoper/tempo/global/oens/recfct/output/recfct.out.2012021200.04:46.T126L28
+ ./recfct.T126L28
+ 0< /gfs/home3/modoper/tempo/global/oens/recfct/datain/recfctFCT01R.nml 1> /gfs/home3/modoper/tempo/global/oens/recfct/output/recfct.out.2012021200.04:46.T126L28
 
 
     ******  Program Information  ******
  Real Time (sec)       :          8.684390
  User Time (sec)       :          4.119295
  Sys  Time (sec)       :          0.062279
  Vector Time (sec)     :          0.341642
  Inst. Count           :        1596986048.
  V. Inst. Count        :          16052480.
  V. Element Count      :        1289251883.
  FLOP Count            :         534710004.
  MOPS                  :        696.766212
  MFLOPS                :        129.806199
  VLEN                  :         80.314810
  V. Op. Ratio (%)      :         44.918766
  Memory Size (MB)      :        192.031250
  MIPS                  :        387.684329
  I-Cache (sec)         :          0.000839
  O-Cache (sec)         :          0.858482
  Bank (sec)            :          0.001191
 
  Start Time (date)  :  2012/02/12 04:46:14
  End   Time (date)  :  2012/02/12 04:46:22
-rw-r--r--    1 modoper  pnt            1600 Feb 12 04:46 /gfs/home3/modoper/tempo/global/oens/eof/datain/templ012012021200
sx6
PNT-EN
12021204:46
out
/gfs/home3/modoper/tempo/global/oens
/gfs/home3/modoper/tempo/global/oens
/gfs/dk22/modoper/tempo/global/oens
/gfs/dk22/modoper/tempo/global/oens/model/datain
/gfs/home3/modoper/tempo/global/oens/run/setrecfct.1.FCT01RT126L28.sx6
Date: 20120212
Hour: 04:46
FCT01R
2012021200
2012021300
GFCT01R
GFCT01R
GFCT01R
F.fct
F.fct
R.fct
/gfs/home3/modoper/tempo/global/oens
/gfs/home3/modoper/tempo/global/oens
/gfs/dk22/modoper/tempo/global/oens
/gfs/dk22/modoper/tempo/global/oens/model/datain
run
run
GFCT01R20120212002012021300F.fct.T126L28
/gfs/home3/modoper/tempo/global/oens/recfct/datain/GFCT01R20120212002012021300F.fct.T126L28
+ echo Recomposition  -x-  RUNNING ...
Recomposition  -x-  RUNNING ...
+ source=/gfs/home3/modoper/tempo/global/oens/recfct/source
+ bin=/gfs/home3/modoper/tempo/global/oens/recfct/bin/T126L28
+ input=/gfs/home3/modoper/tempo/global/oens/recfct/datain
+ out=/gfs/home3/modoper/tempo/global/oens/recfct/output
+ echo run
run
+ [ run = make ]
+ echo run
run
+ [ run = clean ]
+ cd /gfs/home3/modoper/tempo/global/oens/recfct/bin/T126L28
+ echo ./recfct.T126L28 < /gfs/home3/modoper/tempo/global/oens/recfct/datain/recfctFCT01R.nml > /gfs/home3/modoper/tempo/global/oens/recfct/output/recfct.out.2012021200.04:46.T126L28
./recfct.T126L28 < /gfs/home3/modoper/tempo/global/oens/recfct/datain/recfctFCT01R.nml > /gfs/home3/modoper/tempo/global/oens/recfct/output/recfct.out.2012021200.04:46.T126L28
+ ./recfct.T126L28
+ 0< /gfs/home3/modoper/tempo/global/oens/recfct/datain/recfctFCT01R.nml 1> /gfs/home3/modoper/tempo/global/oens/recfct/output/recfct.out.2012021200.04:46.T126L28
 
 
     ******  Program Information  ******
  Real Time (sec)       :          7.235057
  User Time (sec)       :          4.129079
  Sys  Time (sec)       :          0.068182
  Vector Time (sec)     :          0.345409
  Inst. Count           :        1596986017.
  V. Inst. Count        :          16052480.
  V. Element Count      :        1289251883.
  FLOP Count            :         534710003.
  MOPS                  :        695.115133
  MFLOPS                :        129.498607
  VLEN                  :         80.314810
  V. Op. Ratio (%)      :         44.918766
  Memory Size (MB)      :        192.031250
  MIPS                  :        386.765656
  I-Cache (sec)         :          0.001317
  O-Cache (sec)         :          0.864795
  Bank (sec)            :          0.001190
 
  Start Time (date)  :  2012/02/12 04:46:24
  End   Time (date)  :  2012/02/12 04:46:31
-rw-r--r--    1 modoper  pnt            1800 Feb 12 04:46 /gfs/home3/modoper/tempo/global/oens/eof/datain/templ012012021200
sx6
PNT-EN
12021204:46
out
/gfs/home3/modoper/tempo/global/oens
/gfs/home3/modoper/tempo/global/oens
/gfs/dk22/modoper/tempo/global/oens
/gfs/dk22/modoper/tempo/global/oens/model/datain
/gfs/home3/modoper/tempo/global/oens/run/setrecfct.1.FCT01RT126L28.sx6
Date: 20120212
Hour: 04:46
FCT01R
2012021200
2012021303
GFCT01R
GFCT01R
GFCT01R
F.fct
F.fct
R.fct
/gfs/home3/modoper/tempo/global/oens
/gfs/home3/modoper/tempo/global/oens
/gfs/dk22/modoper/tempo/global/oens
/gfs/dk22/modoper/tempo/global/oens/model/datain
run
run
GFCT01R20120212002012021303F.fct.T126L28
/gfs/home3/modoper/tempo/global/oens/recfct/datain/GFCT01R20120212002012021303F.fct.T126L28
+ echo Recomposition  -x-  RUNNING ...
Recomposition  -x-  RUNNING ...
+ source=/gfs/home3/modoper/tempo/global/oens/recfct/source
+ bin=/gfs/home3/modoper/tempo/global/oens/recfct/bin/T126L28
+ input=/gfs/home3/modoper/tempo/global/oens/recfct/datain
+ out=/gfs/home3/modoper/tempo/global/oens/recfct/output
+ echo run
run
+ [ run = make ]
+ echo run
run
+ [ run = clean ]
+ cd /gfs/home3/modoper/tempo/global/oens/recfct/bin/T126L28
+ echo ./recfct.T126L28 < /gfs/home3/modoper/tempo/global/oens/recfct/datain/recfctFCT01R.nml > /gfs/home3/modoper/tempo/global/oens/recfct/output/recfct.out.2012021200.04:46.T126L28
./recfct.T126L28 < /gfs/home3/modoper/tempo/global/oens/recfct/datain/recfctFCT01R.nml > /gfs/home3/modoper/tempo/global/oens/recfct/output/recfct.out.2012021200.04:46.T126L28
+ ./recfct.T126L28
+ 0< /gfs/home3/modoper/tempo/global/oens/recfct/datain/recfctFCT01R.nml 1> /gfs/home3/modoper/tempo/global/oens/recfct/output/recfct.out.2012021200.04:46.T126L28
 
 
     ******  Program Information  ******
  Real Time (sec)       :          9.434134
  User Time (sec)       :          4.137819
  Sys  Time (sec)       :          0.091755
  Vector Time (sec)     :          0.346506
  Inst. Count           :        1596986017.
  V. Inst. Count        :          16052480.
  V. Element Count      :        1289251883.
  FLOP Count            :         534710003.
  MOPS                  :        693.646927
  MFLOPS                :        129.225084
  VLEN                  :         80.314810
  V. Op. Ratio (%)      :         44.918766
  Memory Size (MB)      :        192.031250
  MIPS                  :        385.948739
  I-Cache (sec)         :          0.003540
  O-Cache (sec)         :          0.872350
  Bank (sec)            :          0.001190
 
  Start Time (date)  :  2012/02/12 04:46:32
  End   Time (date)  :  2012/02/12 04:46:41
-rw-r--r--    1 modoper  pnt            2000 Feb 12 04:46 /gfs/home3/modoper/tempo/global/oens/eof/datain/templ012012021200
sx6
PNT-EN
12021204:46
out
/gfs/home3/modoper/tempo/global/oens
/gfs/home3/modoper/tempo/global/oens
/gfs/dk22/modoper/tempo/global/oens
/gfs/dk22/modoper/tempo/global/oens/model/datain
/gfs/home3/modoper/tempo/global/oens/run/setrecfct.1.FCT01RT126L28.sx6
Date: 20120212
Hour: 04:46
FCT01R
2012021200
2012021306
GFCT01R
GFCT01R
GFCT01R
F.fct
F.fct
R.fct
/gfs/home3/modoper/tempo/global/oens
/gfs/home3/modoper/tempo/global/oens
/gfs/dk22/modoper/tempo/global/oens
/gfs/dk22/modoper/tempo/global/oens/model/datain
run
run
GFCT01R20120212002012021306F.fct.T126L28
/gfs/home3/modoper/tempo/global/oens/recfct/datain/GFCT01R20120212002012021306F.fct.T126L28
+ echo Recomposition  -x-  RUNNING ...
Recomposition  -x-  RUNNING ...
+ source=/gfs/home3/modoper/tempo/global/oens/recfct/source
+ bin=/gfs/home3/modoper/tempo/global/oens/recfct/bin/T126L28
+ input=/gfs/home3/modoper/tempo/global/oens/recfct/datain
+ out=/gfs/home3/modoper/tempo/global/oens/recfct/output
+ echo run
run
+ [ run = make ]
+ echo run
run
+ [ run = clean ]
+ cd /gfs/home3/modoper/tempo/global/oens/recfct/bin/T126L28
+ echo ./recfct.T126L28 < /gfs/home3/modoper/tempo/global/oens/recfct/datain/recfctFCT01R.nml > /gfs/home3/modoper/tempo/global/oens/recfct/output/recfct.out.2012021200.04:46.T126L28
./recfct.T126L28 < /gfs/home3/modoper/tempo/global/oens/recfct/datain/recfctFCT01R.nml > /gfs/home3/modoper/tempo/global/oens/recfct/output/recfct.out.2012021200.04:46.T126L28
+ ./recfct.T126L28
+ 0< /gfs/home3/modoper/tempo/global/oens/recfct/datain/recfctFCT01R.nml 1> /gfs/home3/modoper/tempo/global/oens/recfct/output/recfct.out.2012021200.04:46.T126L28
 
 
     ******  Program Information  ******
  Real Time (sec)       :         10.979146
  User Time (sec)       :          4.128885
  Sys  Time (sec)       :          0.063977
  Vector Time (sec)     :          0.344940
  Inst. Count           :        1596986017.
  V. Inst. Count        :          16052480.
  V. Element Count      :        1289251883.
  FLOP Count            :         534710003.
  MOPS                  :        695.147863
  MFLOPS                :        129.504705
  VLEN                  :         80.314810
  V. Op. Ratio (%)      :         44.918766
  Memory Size (MB)      :        192.031250
  MIPS                  :        386.783867
  I-Cache (sec)         :          0.000782
  O-Cache (sec)         :          0.867721
  Bank (sec)            :          0.001190
 
  Start Time (date)  :  2012/02/12 04:46:43
  End   Time (date)  :  2012/02/12 04:46:54
-rw-r--r--    1 modoper  pnt            2200 Feb 12 04:46 /gfs/home3/modoper/tempo/global/oens/eof/datain/templ012012021200
sx6
PNT-EN
12021204:46
out
/gfs/home3/modoper/tempo/global/oens
/gfs/home3/modoper/tempo/global/oens
/gfs/dk22/modoper/tempo/global/oens
/gfs/dk22/modoper/tempo/global/oens/model/datain
/gfs/home3/modoper/tempo/global/oens/run/setrecfct.1.FCT01RT126L28.sx6
Date: 20120212
Hour: 04:46
FCT01R
2012021200
2012021309
GFCT01R
GFCT01R
GFCT01R
F.fct
F.fct
R.fct
/gfs/home3/modoper/tempo/global/oens
/gfs/home3/modoper/tempo/global/oens
/gfs/dk22/modoper/tempo/global/oens
/gfs/dk22/modoper/tempo/global/oens/model/datain
run
run
GFCT01R20120212002012021309F.fct.T126L28
/gfs/home3/modoper/tempo/global/oens/recfct/datain/GFCT01R20120212002012021309F.fct.T126L28
+ echo Recomposition  -x-  RUNNING ...
Recomposition  -x-  RUNNING ...
+ source=/gfs/home3/modoper/tempo/global/oens/recfct/source
+ bin=/gfs/home3/modoper/tempo/global/oens/recfct/bin/T126L28
+ input=/gfs/home3/modoper/tempo/global/oens/recfct/datain
+ out=/gfs/home3/modoper/tempo/global/oens/recfct/output
+ echo run
run
+ [ run = make ]
+ echo run
run
+ [ run = clean ]
+ cd /gfs/home3/modoper/tempo/global/oens/recfct/bin/T126L28
+ echo ./recfct.T126L28 < /gfs/home3/modoper/tempo/global/oens/recfct/datain/recfctFCT01R.nml > /gfs/home3/modoper/tempo/global/oens/recfct/output/recfct.out.2012021200.04:46.T126L28
./recfct.T126L28 < /gfs/home3/modoper/tempo/global/oens/recfct/datain/recfctFCT01R.nml > /gfs/home3/modoper/tempo/global/oens/recfct/output/recfct.out.2012021200.04:46.T126L28
+ ./recfct.T126L28
+ 0< /gfs/home3/modoper/tempo/global/oens/recfct/datain/recfctFCT01R.nml 1> /gfs/home3/modoper/tempo/global/oens/recfct/output/recfct.out.2012021200.04:46.T126L28
 
 
     ******  Program Information  ******
  Real Time (sec)       :         10.400321
  User Time (sec)       :          4.135568
  Sys  Time (sec)       :          0.060260
  Vector Time (sec)     :          0.347526
  Inst. Count           :        1596986017.
  V. Inst. Count        :          16052480.
  V. Element Count      :        1289251883.
  FLOP Count            :         534710003.
  MOPS                  :        694.024467
  MFLOPS                :        129.295418
  VLEN                  :         80.314810
  V. Op. Ratio (%)      :         44.918766
  Memory Size (MB)      :        192.031250
  MIPS                  :        386.158804
  I-Cache (sec)         :          0.000826
  O-Cache (sec)         :          0.869751
  Bank (sec)            :          0.001192
 
  Start Time (date)  :  2012/02/12 04:46:55
  End   Time (date)  :  2012/02/12 04:47:06
-rw-r--r--    1 modoper  pnt            2400 Feb 12 04:47 /gfs/home3/modoper/tempo/global/oens/eof/datain/templ012012021200
sx6
PNT-EN
12021204:47
out
/gfs/home3/modoper/tempo/global/oens
/gfs/home3/modoper/tempo/global/oens
/gfs/dk22/modoper/tempo/global/oens
/gfs/dk22/modoper/tempo/global/oens/model/datain
/gfs/home3/modoper/tempo/global/oens/run/setrecfct.1.FCT01RT126L28.sx6
Date: 20120212
Hour: 04:47
FCT01R
2012021200
2012021312
GFCT01R
GFCT01R
GFCT01R
F.fct
F.fct
R.fct
/gfs/home3/modoper/tempo/global/oens
/gfs/home3/modoper/tempo/global/oens
/gfs/dk22/modoper/tempo/global/oens
/gfs/dk22/modoper/tempo/global/oens/model/datain
run
run
GFCT01R20120212002012021312F.fct.T126L28
/gfs/home3/modoper/tempo/global/oens/recfct/datain/GFCT01R20120212002012021312F.fct.T126L28
+ echo Recomposition  -x-  RUNNING ...
Recomposition  -x-  RUNNING ...
+ source=/gfs/home3/modoper/tempo/global/oens/recfct/source
+ bin=/gfs/home3/modoper/tempo/global/oens/recfct/bin/T126L28
+ input=/gfs/home3/modoper/tempo/global/oens/recfct/datain
+ out=/gfs/home3/modoper/tempo/global/oens/recfct/output
+ echo run
run
+ [ run = make ]
+ echo run
run
+ [ run = clean ]
+ cd /gfs/home3/modoper/tempo/global/oens/recfct/bin/T126L28
+ echo ./recfct.T126L28 < /gfs/home3/modoper/tempo/global/oens/recfct/datain/recfctFCT01R.nml > /gfs/home3/modoper/tempo/global/oens/recfct/output/recfct.out.2012021200.04:47.T126L28
./recfct.T126L28 < /gfs/home3/modoper/tempo/global/oens/recfct/datain/recfctFCT01R.nml > /gfs/home3/modoper/tempo/global/oens/recfct/output/recfct.out.2012021200.04:47.T126L28
+ ./recfct.T126L28
+ 0< /gfs/home3/modoper/tempo/global/oens/recfct/datain/recfctFCT01R.nml 1> /gfs/home3/modoper/tempo/global/oens/recfct/output/recfct.out.2012021200.04:47.T126L28
 
 
     ******  Program Information  ******
  Real Time (sec)       :          8.526924
  User Time (sec)       :          4.122252
  Sys  Time (sec)       :          0.075723
  Vector Time (sec)     :          0.342672
  Inst. Count           :        1596986048.
  V. Inst. Count        :          16052480.
  V. Element Count      :        1289251883.
  FLOP Count            :         534710004.
  MOPS                  :        696.266417
  MFLOPS                :        129.713088
  VLEN                  :         80.314810
  V. Op. Ratio (%)      :         44.918766
  Memory Size (MB)      :        192.031250
  MIPS                  :        387.406240
  I-Cache (sec)         :          0.002233
  O-Cache (sec)         :          0.860868
  Bank (sec)            :          0.001191
 
  Start Time (date)  :  2012/02/12 04:47:07
  End   Time (date)  :  2012/02/12 04:47:15
-rw-r--r--    1 modoper  pnt            2600 Feb 12 04:47 /gfs/home3/modoper/tempo/global/oens/eof/datain/templ012012021200
sx6
PNT-EN
12021204:47
out
/gfs/home3/modoper/tempo/global/oens
/gfs/home3/modoper/tempo/global/oens
/gfs/dk22/modoper/tempo/global/oens
/gfs/dk22/modoper/tempo/global/oens/model/datain
/gfs/home3/modoper/tempo/global/oens/run/setrecfct.1.FCT01RT126L28.sx6
Date: 20120212
Hour: 04:47
FCT01R
2012021200
2012021315
GFCT01R
GFCT01R
GFCT01R
F.fct
F.fct
R.fct
/gfs/home3/modoper/tempo/global/oens
/gfs/home3/modoper/tempo/global/oens
/gfs/dk22/modoper/tempo/global/oens
/gfs/dk22/modoper/tempo/global/oens/model/datain
run
run
GFCT01R20120212002012021315F.fct.T126L28
/gfs/home3/modoper/tempo/global/oens/recfct/datain/GFCT01R20120212002012021315F.fct.T126L28
+ echo Recomposition  -x-  RUNNING ...
Recomposition  -x-  RUNNING ...
+ source=/gfs/home3/modoper/tempo/global/oens/recfct/source
+ bin=/gfs/home3/modoper/tempo/global/oens/recfct/bin/T126L28
+ input=/gfs/home3/modoper/tempo/global/oens/recfct/datain
+ out=/gfs/home3/modoper/tempo/global/oens/recfct/output
+ echo run
run
+ [ run = make ]
+ echo run
run
+ [ run = clean ]
+ cd /gfs/home3/modoper/tempo/global/oens/recfct/bin/T126L28
+ echo ./recfct.T126L28 < /gfs/home3/modoper/tempo/global/oens/recfct/datain/recfctFCT01R.nml > /gfs/home3/modoper/tempo/global/oens/recfct/output/recfct.out.2012021200.04:47.T126L28
./recfct.T126L28 < /gfs/home3/modoper/tempo/global/oens/recfct/datain/recfctFCT01R.nml > /gfs/home3/modoper/tempo/global/oens/recfct/output/recfct.out.2012021200.04:47.T126L28
+ ./recfct.T126L28
+ 0< /gfs/home3/modoper/tempo/global/oens/recfct/datain/recfctFCT01R.nml 1> /gfs/home3/modoper/tempo/global/oens/recfct/output/recfct.out.2012021200.04:47.T126L28
 
 
     ******  Program Information  ******
  Real Time (sec)       :         15.451334
  User Time (sec)       :          4.132460
  Sys  Time (sec)       :          0.071755
  Vector Time (sec)     :          0.345793
  Inst. Count           :        1596986048.
  V. Inst. Count        :          16052480.
  V. Element Count      :        1289251883.
  FLOP Count            :         534710004.
  MOPS                  :        694.546460
  MFLOPS                :        129.392664
  VLEN                  :         80.314810
  V. Op. Ratio (%)      :         44.918766
  Memory Size (MB)      :        192.031250
  MIPS                  :        386.449247
  I-Cache (sec)         :          0.002852
  O-Cache (sec)         :          0.868882
  Bank (sec)            :          0.001189
 
  Start Time (date)  :  2012/02/12 04:47:17
  End   Time (date)  :  2012/02/12 04:47:32
-rw-r--r--    1 modoper  pnt            2800 Feb 12 04:47 /gfs/home3/modoper/tempo/global/oens/eof/datain/templ012012021200
sx6
PNT-EN
12021204:47
out
/gfs/home3/modoper/tempo/global/oens
/gfs/home3/modoper/tempo/global/oens
/gfs/dk22/modoper/tempo/global/oens
/gfs/dk22/modoper/tempo/global/oens/model/datain
/gfs/home3/modoper/tempo/global/oens/run/setrecfct.1.FCT01RT126L28.sx6
Date: 20120212
Hour: 04:47
FCT01R
2012021200
2012021318
GFCT01R
GFCT01R
GFCT01R
F.fct
F.fct
R.fct
/gfs/home3/modoper/tempo/global/oens
/gfs/home3/modoper/tempo/global/oens
/gfs/dk22/modoper/tempo/global/oens
/gfs/dk22/modoper/tempo/global/oens/model/datain
run
run
GFCT01R20120212002012021318F.fct.T126L28
/gfs/home3/modoper/tempo/global/oens/recfct/datain/GFCT01R20120212002012021318F.fct.T126L28
+ echo Recomposition  -x-  RUNNING ...
Recomposition  -x-  RUNNING ...
+ source=/gfs/home3/modoper/tempo/global/oens/recfct/source
+ bin=/gfs/home3/modoper/tempo/global/oens/recfct/bin/T126L28
+ input=/gfs/home3/modoper/tempo/global/oens/recfct/datain
+ out=/gfs/home3/modoper/tempo/global/oens/recfct/output
+ echo run
run
+ [ run = make ]
+ echo run
run
+ [ run = clean ]
+ cd /gfs/home3/modoper/tempo/global/oens/recfct/bin/T126L28
+ echo ./recfct.T126L28 < /gfs/home3/modoper/tempo/global/oens/recfct/datain/recfctFCT01R.nml > /gfs/home3/modoper/tempo/global/oens/recfct/output/recfct.out.2012021200.04:47.T126L28
./recfct.T126L28 < /gfs/home3/modoper/tempo/global/oens/recfct/datain/recfctFCT01R.nml > /gfs/home3/modoper/tempo/global/oens/recfct/output/recfct.out.2012021200.04:47.T126L28
+ ./recfct.T126L28
+ 0< /gfs/home3/modoper/tempo/global/oens/recfct/datain/recfctFCT01R.nml 1> /gfs/home3/modoper/tempo/global/oens/recfct/output/recfct.out.2012021200.04:47.T126L28
 
 
     ******  Program Information  ******
  Real Time (sec)       :         15.342721
  User Time (sec)       :          4.131149
  Sys  Time (sec)       :          0.107468
  Vector Time (sec)     :          0.344769
  Inst. Count           :        1596986048.
  V. Inst. Count        :          16052480.
  V. Element Count      :        1289251883.
  FLOP Count            :         534710004.
  MOPS                  :        694.766821
  MFLOPS                :        129.433716
  VLEN                  :         80.314810
  V. Op. Ratio (%)      :         44.918766
  Memory Size (MB)      :        192.031250
  MIPS                  :        386.571857
  I-Cache (sec)         :          0.004139
  O-Cache (sec)         :          0.868005
  Bank (sec)            :          0.001191
 
  Start Time (date)  :  2012/02/12 04:47:34
  End   Time (date)  :  2012/02/12 04:47:49
-rw-r--r--    1 modoper  pnt            3000 Feb 12 04:47 /gfs/home3/modoper/tempo/global/oens/eof/datain/templ012012021200
sx6
PNT-EN
12021204:47
out
/gfs/home3/modoper/tempo/global/oens
/gfs/home3/modoper/tempo/global/oens
/gfs/dk22/modoper/tempo/global/oens
/gfs/dk22/modoper/tempo/global/oens/model/datain
/gfs/home3/modoper/tempo/global/oens/run/setrecfct.1.FCT01RT126L28.sx6
Date: 20120212
Hour: 04:47
FCT01R
2012021200
2012021321
GFCT01R
GFCT01R
GFCT01R
F.fct
F.fct
R.fct
/gfs/home3/modoper/tempo/global/oens
/gfs/home3/modoper/tempo/global/oens
/gfs/dk22/modoper/tempo/global/oens
/gfs/dk22/modoper/tempo/global/oens/model/datain
run
run
GFCT01R20120212002012021321F.fct.T126L28
/gfs/home3/modoper/tempo/global/oens/recfct/datain/GFCT01R20120212002012021321F.fct.T126L28
+ echo Recomposition  -x-  RUNNING ...
Recomposition  -x-  RUNNING ...
+ source=/gfs/home3/modoper/tempo/global/oens/recfct/source
+ bin=/gfs/home3/modoper/tempo/global/oens/recfct/bin/T126L28
+ input=/gfs/home3/modoper/tempo/global/oens/recfct/datain
+ out=/gfs/home3/modoper/tempo/global/oens/recfct/output
+ echo run
run
+ [ run = make ]
+ echo run
run
+ [ run = clean ]
+ cd /gfs/home3/modoper/tempo/global/oens/recfct/bin/T126L28
+ echo ./recfct.T126L28 < /gfs/home3/modoper/tempo/global/oens/recfct/datain/recfctFCT01R.nml > /gfs/home3/modoper/tempo/global/oens/recfct/output/recfct.out.2012021200.04:47.T126L28
./recfct.T126L28 < /gfs/home3/modoper/tempo/global/oens/recfct/datain/recfctFCT01R.nml > /gfs/home3/modoper/tempo/global/oens/recfct/output/recfct.out.2012021200.04:47.T126L28
+ ./recfct.T126L28
+ 0< /gfs/home3/modoper/tempo/global/oens/recfct/datain/recfctFCT01R.nml 1> /gfs/home3/modoper/tempo/global/oens/recfct/output/recfct.out.2012021200.04:47.T126L28
 
 
     ******  Program Information  ******
  Real Time (sec)       :         20.851961
  User Time (sec)       :          4.131881
  Sys  Time (sec)       :          0.064514
  Vector Time (sec)     :          0.346159
  Inst. Count           :        1596986048.
  V. Inst. Count        :          16052480.
  V. Element Count      :        1289251883.
  FLOP Count            :         534710004.
  MOPS                  :        694.643752
  MFLOPS                :        129.410789
  VLEN                  :         80.314810
  V. Op. Ratio (%)      :         44.918766
  Memory Size (MB)      :        192.031250
  MIPS                  :        386.503381
  I-Cache (sec)         :          0.000770
  O-Cache (sec)         :          0.866182
  Bank (sec)            :          0.001191
 
  Start Time (date)  :  2012/02/12 04:47:50
  End   Time (date)  :  2012/02/12 04:48:11
-rw-r--r--    1 modoper  pnt            3200 Feb 12 04:48 /gfs/home3/modoper/tempo/global/oens/eof/datain/templ012012021200
sx6
PNT-EN
12021204:48
out
/gfs/home3/modoper/tempo/global/oens
/gfs/home3/modoper/tempo/global/oens
/gfs/dk22/modoper/tempo/global/oens
/gfs/dk22/modoper/tempo/global/oens/model/datain
/gfs/home3/modoper/tempo/global/oens/run/setrecfct.1.FCT01RT126L28.sx6
Date: 20120212
Hour: 04:48
FCT01R
2012021200
2012021400
GFCT01R
GFCT01R
GFCT01R
F.fct
F.fct
R.fct
/gfs/home3/modoper/tempo/global/oens
/gfs/home3/modoper/tempo/global/oens
/gfs/dk22/modoper/tempo/global/oens
/gfs/dk22/modoper/tempo/global/oens/model/datain
run
run
GFCT01R20120212002012021400F.fct.T126L28
/gfs/home3/modoper/tempo/global/oens/recfct/datain/GFCT01R20120212002012021400F.fct.T126L28
+ echo Recomposition  -x-  RUNNING ...
Recomposition  -x-  RUNNING ...
+ source=/gfs/home3/modoper/tempo/global/oens/recfct/source
+ bin=/gfs/home3/modoper/tempo/global/oens/recfct/bin/T126L28
+ input=/gfs/home3/modoper/tempo/global/oens/recfct/datain
+ out=/gfs/home3/modoper/tempo/global/oens/recfct/output
+ echo run
run
+ [ run = make ]
+ echo run
run
+ [ run = clean ]
+ cd /gfs/home3/modoper/tempo/global/oens/recfct/bin/T126L28
+ echo ./recfct.T126L28 < /gfs/home3/modoper/tempo/global/oens/recfct/datain/recfctFCT01R.nml > /gfs/home3/modoper/tempo/global/oens/recfct/output/recfct.out.2012021200.04:48.T126L28
./recfct.T126L28 < /gfs/home3/modoper/tempo/global/oens/recfct/datain/recfctFCT01R.nml > /gfs/home3/modoper/tempo/global/oens/recfct/output/recfct.out.2012021200.04:48.T126L28
+ ./recfct.T126L28
+ 0< /gfs/home3/modoper/tempo/global/oens/recfct/datain/recfctFCT01R.nml 1> /gfs/home3/modoper/tempo/global/oens/recfct/output/recfct.out.2012021200.04:48.T126L28
 
 
     ******  Program Information  ******
  Real Time (sec)       :         12.424952
  User Time (sec)       :          4.142131
  Sys  Time (sec)       :          0.068564
  Vector Time (sec)     :          0.348408
  Inst. Count           :        1596986017.
  V. Inst. Count        :          16052480.
  V. Element Count      :        1289251883.
  FLOP Count            :         534710003.
  MOPS                  :        692.924879
  MFLOPS                :        129.090567
  VLEN                  :         80.314810
  V. Op. Ratio (%)      :         44.918766
  Memory Size (MB)      :        192.031250
  MIPS                  :        385.546988
  I-Cache (sec)         :          0.001352
  O-Cache (sec)         :          0.875100
  Bank (sec)            :          0.001190
 
  Start Time (date)  :  2012/02/12 04:48:13
  End   Time (date)  :  2012/02/12 04:48:25
-rw-r--r--    1 modoper  pnt            3400 Feb 12 04:48 /gfs/home3/modoper/tempo/global/oens/eof/datain/templ012012021200
sx6
PNT-EN
12021204:48
out
/gfs/home3/modoper/tempo/global/oens
/gfs/home3/modoper/tempo/global/oens
/gfs/dk22/modoper/tempo/global/oens
/gfs/dk22/modoper/tempo/global/oens/model/datain
/gfs/home3/modoper/tempo/global/oens/run/setrecfct.1.FCT01RT126L28.sx6
Date: 20120212
Hour: 04:48
FCT01R
2012021200
2012021403
GFCT01R
GFCT01R
GFCT01R
F.fct
F.fct
R.fct
/gfs/home3/modoper/tempo/global/oens
/gfs/home3/modoper/tempo/global/oens
/gfs/dk22/modoper/tempo/global/oens
/gfs/dk22/modoper/tempo/global/oens/model/datain
run
run
GFCT01R20120212002012021403F.fct.T126L28
/gfs/home3/modoper/tempo/global/oens/recfct/datain/GFCT01R20120212002012021403F.fct.T126L28
+ echo Recomposition  -x-  RUNNING ...
Recomposition  -x-  RUNNING ...
+ source=/gfs/home3/modoper/tempo/global/oens/recfct/source
+ bin=/gfs/home3/modoper/tempo/global/oens/recfct/bin/T126L28
+ input=/gfs/home3/modoper/tempo/global/oens/recfct/datain
+ out=/gfs/home3/modoper/tempo/global/oens/recfct/output
+ echo run
run
+ [ run = make ]
+ echo run
run
+ [ run = clean ]
+ cd /gfs/home3/modoper/tempo/global/oens/recfct/bin/T126L28
+ echo ./recfct.T126L28 < /gfs/home3/modoper/tempo/global/oens/recfct/datain/recfctFCT01R.nml > /gfs/home3/modoper/tempo/global/oens/recfct/output/recfct.out.2012021200.04:48.T126L28
./recfct.T126L28 < /gfs/home3/modoper/tempo/global/oens/recfct/datain/recfctFCT01R.nml > /gfs/home3/modoper/tempo/global/oens/recfct/output/recfct.out.2012021200.04:48.T126L28
+ ./recfct.T126L28
+ 0< /gfs/home3/modoper/tempo/global/oens/recfct/datain/recfctFCT01R.nml 1> /gfs/home3/modoper/tempo/global/oens/recfct/output/recfct.out.2012021200.04:48.T126L28
 
 
     ******  Program Information  ******
  Real Time (sec)       :         13.425380
  User Time (sec)       :          4.135574
  Sys  Time (sec)       :          0.097302
  Vector Time (sec)     :          0.345978
  Inst. Count           :        1596986017.
  V. Inst. Count        :          16052480.
  V. Element Count      :        1289251883.
  FLOP Count            :         534710003.
  MOPS                  :        694.023442
  MFLOPS                :        129.295228
  VLEN                  :         80.314810
  V. Op. Ratio (%)      :         44.918766
  Memory Size (MB)      :        192.031250
  MIPS                  :        386.158234
  I-Cache (sec)         :          0.003453
  O-Cache (sec)         :          0.870816
  Bank (sec)            :          0.001190
 
  Start Time (date)  :  2012/02/12 04:48:33
  End   Time (date)  :  2012/02/12 04:48:46
-rw-r--r--    1 modoper  pnt            3600 Feb 12 04:48 /gfs/home3/modoper/tempo/global/oens/eof/datain/templ012012021200
sx6
PNT-EN
12021204:48
out
/gfs/home3/modoper/tempo/global/oens
/gfs/home3/modoper/tempo/global/oens
/gfs/dk22/modoper/tempo/global/oens
/gfs/dk22/modoper/tempo/global/oens/model/datain
/gfs/home3/modoper/tempo/global/oens/run/setrecfct.1.FCT01RT126L28.sx6
Date: 20120212
Hour: 04:48
FCT01R
2012021200
2012021406
GFCT01R
GFCT01R
GFCT01R
F.fct
F.fct
R.fct
/gfs/home3/modoper/tempo/global/oens
/gfs/home3/modoper/tempo/global/oens
/gfs/dk22/modoper/tempo/global/oens
/gfs/dk22/modoper/tempo/global/oens/model/datain
run
run
GFCT01R20120212002012021406F.fct.T126L28
/gfs/home3/modoper/tempo/global/oens/recfct/datain/GFCT01R20120212002012021406F.fct.T126L28
+ echo Recomposition  -x-  RUNNING ...
Recomposition  -x-  RUNNING ...
+ source=/gfs/home3/modoper/tempo/global/oens/recfct/source
+ bin=/gfs/home3/modoper/tempo/global/oens/recfct/bin/T126L28
+ input=/gfs/home3/modoper/tempo/global/oens/recfct/datain
+ out=/gfs/home3/modoper/tempo/global/oens/recfct/output
+ echo run
run
+ [ run = make ]
+ echo run
run
+ [ run = clean ]
+ cd /gfs/home3/modoper/tempo/global/oens/recfct/bin/T126L28
+ echo ./recfct.T126L28 < /gfs/home3/modoper/tempo/global/oens/recfct/datain/recfctFCT01R.nml > /gfs/home3/modoper/tempo/global/oens/recfct/output/recfct.out.2012021200.04:48.T126L28
./recfct.T126L28 < /gfs/home3/modoper/tempo/global/oens/recfct/datain/recfctFCT01R.nml > /gfs/home3/modoper/tempo/global/oens/recfct/output/recfct.out.2012021200.04:48.T126L28
+ ./recfct.T126L28
+ 0< /gfs/home3/modoper/tempo/global/oens/recfct/datain/recfctFCT01R.nml 1> /gfs/home3/modoper/tempo/global/oens/recfct/output/recfct.out.2012021200.04:48.T126L28
 
 
     ******  Program Information  ******
  Real Time (sec)       :          7.435102
  User Time (sec)       :          4.140058
  Sys  Time (sec)       :          0.061750
  Vector Time (sec)     :          0.348285
  Inst. Count           :        1596986017.
  V. Inst. Count        :          16052480.
  V. Element Count      :        1289251883.
  FLOP Count            :         534710003.
  MOPS                  :        693.271760
  MFLOPS                :        129.155191
  VLEN                  :         80.314810
  V. Op. Ratio (%)      :         44.918766
  Memory Size (MB)      :        192.031250
  MIPS                  :        385.739994
  I-Cache (sec)         :          0.000988
  O-Cache (sec)         :          0.875580
  Bank (sec)            :          0.001190
 
  Start Time (date)  :  2012/02/12 04:48:48
  End   Time (date)  :  2012/02/12 04:48:55
-rw-r--r--    1 modoper  pnt            3800 Feb 12 04:48 /gfs/home3/modoper/tempo/global/oens/eof/datain/templ012012021200
sx6
PNT-EN
12021204:48
out
/gfs/home3/modoper/tempo/global/oens
/gfs/home3/modoper/tempo/global/oens
/gfs/dk22/modoper/tempo/global/oens
/gfs/dk22/modoper/tempo/global/oens/model/datain
/gfs/home3/modoper/tempo/global/oens/run/setrecfct.1.FCT01RT126L28.sx6
Date: 20120212
Hour: 04:48
FCT01R
2012021200
2012021409
GFCT01R
GFCT01R
GFCT01R
F.fct
F.fct
R.fct
/gfs/home3/modoper/tempo/global/oens
/gfs/home3/modoper/tempo/global/oens
/gfs/dk22/modoper/tempo/global/oens
/gfs/dk22/modoper/tempo/global/oens/model/datain
run
run
GFCT01R20120212002012021409F.fct.T126L28
/gfs/home3/modoper/tempo/global/oens/recfct/datain/GFCT01R20120212002012021409F.fct.T126L28
+ echo Recomposition  -x-  RUNNING ...
Recomposition  -x-  RUNNING ...
+ source=/gfs/home3/modoper/tempo/global/oens/recfct/source
+ bin=/gfs/home3/modoper/tempo/global/oens/recfct/bin/T126L28
+ input=/gfs/home3/modoper/tempo/global/oens/recfct/datain
+ out=/gfs/home3/modoper/tempo/global/oens/recfct/output
+ echo run
run
+ [ run = make ]
+ echo run
run
+ [ run = clean ]
+ cd /gfs/home3/modoper/tempo/global/oens/recfct/bin/T126L28
+ echo ./recfct.T126L28 < /gfs/home3/modoper/tempo/global/oens/recfct/datain/recfctFCT01R.nml > /gfs/home3/modoper/tempo/global/oens/recfct/output/recfct.out.2012021200.04:48.T126L28
./recfct.T126L28 < /gfs/home3/modoper/tempo/global/oens/recfct/datain/recfctFCT01R.nml > /gfs/home3/modoper/tempo/global/oens/recfct/output/recfct.out.2012021200.04:48.T126L28
+ ./recfct.T126L28
+ 0< /gfs/home3/modoper/tempo/global/oens/recfct/datain/recfctFCT01R.nml 1> /gfs/home3/modoper/tempo/global/oens/recfct/output/recfct.out.2012021200.04:48.T126L28
 
 
     ******  Program Information  ******
  Real Time (sec)       :          5.960030
  User Time (sec)       :          4.139567
  Sys  Time (sec)       :          0.061583
  Vector Time (sec)     :          0.348341
  Inst. Count           :        1596986017.
  V. Inst. Count        :          16052480.
  V. Element Count      :        1289251883.
  FLOP Count            :         534710003.
  MOPS                  :        693.354094
  MFLOPS                :        129.170529
  VLEN                  :         80.314810
  V. Op. Ratio (%)      :         44.918766
  Memory Size (MB)      :        192.031250
  MIPS                  :        385.785805
  I-Cache (sec)         :          0.000777
  O-Cache (sec)         :          0.875505
  Bank (sec)            :          0.001190
 
  Start Time (date)  :  2012/02/12 04:48:57
  End   Time (date)  :  2012/02/12 04:49:03
-rw-r--r--    1 modoper  pnt            4000 Feb 12 04:49 /gfs/home3/modoper/tempo/global/oens/eof/datain/templ012012021200
sx6
PNT-EN
12021204:49
out
/gfs/home3/modoper/tempo/global/oens
/gfs/home3/modoper/tempo/global/oens
/gfs/dk22/modoper/tempo/global/oens
/gfs/dk22/modoper/tempo/global/oens/model/datain
/gfs/home3/modoper/tempo/global/oens/run/setrecfct.1.FCT01RT126L28.sx6
Date: 20120212
Hour: 04:49
FCT01R
2012021200
2012021412
GFCT01R
GFCT01R
GFCT01R
F.fct
F.fct
R.fct
/gfs/home3/modoper/tempo/global/oens
/gfs/home3/modoper/tempo/global/oens
/gfs/dk22/modoper/tempo/global/oens
/gfs/dk22/modoper/tempo/global/oens/model/datain
run
run
GFCT01R20120212002012021412F.fct.T126L28
/gfs/home3/modoper/tempo/global/oens/recfct/datain/GFCT01R20120212002012021412F.fct.T126L28
+ echo Recomposition  -x-  RUNNING ...
Recomposition  -x-  RUNNING ...
+ source=/gfs/home3/modoper/tempo/global/oens/recfct/source
+ bin=/gfs/home3/modoper/tempo/global/oens/recfct/bin/T126L28
+ input=/gfs/home3/modoper/tempo/global/oens/recfct/datain
+ out=/gfs/home3/modoper/tempo/global/oens/recfct/output
+ echo run
run
+ [ run = make ]
+ echo run
run
+ [ run = clean ]
+ cd /gfs/home3/modoper/tempo/global/oens/recfct/bin/T126L28
+ echo ./recfct.T126L28 < /gfs/home3/modoper/tempo/global/oens/recfct/datain/recfctFCT01R.nml > /gfs/home3/modoper/tempo/global/oens/recfct/output/recfct.out.2012021200.04:49.T126L28
./recfct.T126L28 < /gfs/home3/modoper/tempo/global/oens/recfct/datain/recfctFCT01R.nml > /gfs/home3/modoper/tempo/global/oens/recfct/output/recfct.out.2012021200.04:49.T126L28
+ ./recfct.T126L28
+ 0< /gfs/home3/modoper/tempo/global/oens/recfct/datain/recfctFCT01R.nml 1> /gfs/home3/modoper/tempo/global/oens/recfct/output/recfct.out.2012021200.04:49.T126L28
 
 
     ******  Program Information  ******
  Real Time (sec)       :          7.296709
  User Time (sec)       :          4.150312
  Sys  Time (sec)       :          0.159976
  Vector Time (sec)     :          0.348544
  Inst. Count           :        1596986048.
  V. Inst. Count        :          16052480.
  V. Element Count      :        1289251883.
  FLOP Count            :         534710004.
  MOPS                  :        691.558911
  MFLOPS                :        128.836089
  VLEN                  :         80.314810
  V. Op. Ratio (%)      :         44.918766
  Memory Size (MB)      :        192.031250
  MIPS                  :        384.786960
  I-Cache (sec)         :          0.009048
  O-Cache (sec)         :          0.883026
  Bank (sec)            :          0.001191
 
  Start Time (date)  :  2012/02/12 04:49:04
  End   Time (date)  :  2012/02/12 04:49:11
sx6
2012021204:49
out
/gfs/home3/modoper/tempo/global/oens
/gfs/home3/modoper/tempo/global/oens
/gfs/dk22/modoper/tempo/global/oens
/gfs/dk22/modoper/tempo/global/oens/model/datain
/gfs/home3/modoper/tempo/global/oens/run/seteofs.1.01T126L28.sx6
01
Date: 20120212
Hour: 04:49
2012021200
/gfs/home3/modoper/tempo/global/oens
/gfs/home3/modoper/tempo/global/oens
/gfs/dk22/modoper/tempo/global/oens
/gfs/dk22/modoper/tempo/global/oens/model/datain
run
run
Vai chamar eoft
+ echo EOFT           -x-  RUNNING ...
EOFT           -x-  RUNNING ...
+ source=/gfs/home3/modoper/tempo/global/oens/eoftemp/source
+ bin=/gfs/home3/modoper/tempo/global/oens/eof/bin/T126L28
+ inp=/gfs/home3/modoper/tempo/global/oens/eof/datain
+ outp=/gfs/home3/modoper/tempo/global/oens/eoftemp/output
+ echo run
run
+ [ run = make ]
+ echo run
run
+ [ run = clean ]
+ cd /gfs/home3/modoper/tempo/global/oens/eof/bin/T126L28
+ echo ./eoftem.T126L28 < /gfs/home3/modoper/tempo/global/oens/eof/datain/eoftem01.nml > /gfs/home3/modoper/tempo/global/oens/eoftemp/output/eoftem.2012021200.04:49.T126L28
./eoftem.T126L28 < /gfs/home3/modoper/tempo/global/oens/eof/datain/eoftem01.nml > /gfs/home3/modoper/tempo/global/oens/eoftemp/output/eoftem.2012021200.04:49.T126L28
+ ./eoftem.T126L28
+ 0< /gfs/home3/modoper/tempo/global/oens/eof/datain/eoftem01.nml 1> /gfs/home3/modoper/tempo/global/oens/eoftemp/output/eoftem.2012021200.04:49.T126L28
 entrou no eoft fortran
 &DATAIN DIRI=/gfs/home3/modoper/tempo/global/oens/eof/datain/                ,
 DIRA=/gfs/dk22/modoper/tempo/global/oens/model/datain/               ,
 DIRO=/gfs/dk22/modoper/tempo/global/oens/eof/dataout/T126L28/        ,
 NAMEL=templ012012021200                                               ,
 ANAME=GANLAVN2012021200R.unf.T126L28                                                      ,
 TEMOUT=temout012012021200                                              ,
 TEMPCM=tempcm012012021200                                              ,
 TEMPER1=tempe1012012021200                                              ,
 TEMPEN1=tempn1012012021200                                               /
 
 
     ******  Program Information  ******
  Real Time (sec)       :         32.025650
  User Time (sec)       :          6.587780
  Sys  Time (sec)       :          0.414689
  Vector Time (sec)     :          5.910519
  Inst. Count           :         597132819.
  V. Inst. Count        :          72972051.
  V. Element Count      :        9156489345.
  FLOP Count            :        3164565460.
  MOPS                  :       1469.485893
  MFLOPS                :        480.369009
  VLEN                  :        125.479402
  V. Op. Ratio (%)      :         94.585480
  Memory Size (MB)      :        304.031250
  MIPS                  :         90.642492
  I-Cache (sec)         :          0.003917
  O-Cache (sec)         :          0.003431
  Bank (sec)            :          0.281361
 
  Start Time (date)  :  2012/02/12 04:49:13
  End   Time (date)  :  2012/02/12 04:49:45
Vai chamar eofw
+ echo EOFW           -x-  RUNNING ...
EOFW           -x-  RUNNING ...
+ source=/gfs/home3/modoper/tempo/global/oens/eofwind/source
+ bin=/gfs/home3/modoper/tempo/global/oens/eof/bin/T126L28
+ out=/gfs/dk22/modoper/tempo/global/oens/eof/dataout/T126L28
+ inp=/gfs/home3/modoper/tempo/global/oens/eof/datain
+ outp=/gfs/home3/modoper/tempo/global/oens/eofwind/output
+ echo run
run
+ [ run = make ]
+ echo run
run
+ [ run = clean ]
+ cd /gfs/home3/modoper/tempo/global/oens/eof/bin/T126L28
+ echo ./eofwin.T126L28 < /gfs/home3/modoper/tempo/global/oens/eof/datain/eofwin01.nml > /gfs/home3/modoper/tempo/global/oens/eofwind/output/eofwin.2012021200.04:49.T126L28
./eofwin.T126L28 < /gfs/home3/modoper/tempo/global/oens/eof/datain/eofwin01.nml > /gfs/home3/modoper/tempo/global/oens/eofwind/output/eofwin.2012021200.04:49.T126L28
+ ./eofwin.T126L28
+ 0< /gfs/home3/modoper/tempo/global/oens/eof/datain/eofwin01.nml 1> /gfs/home3/modoper/tempo/global/oens/eofwind/output/eofwin.2012021200.04:49.T126L28
 
 
     ******  Program Information  ******
  Real Time (sec)       :         65.231526
  User Time (sec)       :         12.017259
  Sys  Time (sec)       :          0.625129
  Vector Time (sec)     :         10.972598
  Inst. Count           :        1009390642.
  V. Inst. Count        :         235339325.
  V. Element Count      :       26880732743.
  FLOP Count            :        7609521229.
  MOPS                  :       2301.255590
  MFLOPS                :        633.216055
  VLEN                  :        114.221169
  V. Op. Ratio (%)      :         97.201022
  Memory Size (MB)      :        624.031250
  MIPS                  :         83.995082
  I-Cache (sec)         :          0.008467
  O-Cache (sec)         :          0.019042
  Bank (sec)            :          0.599880
 
  Start Time (date)  :  2012/02/12 04:49:46
  End   Time (date)  :  2012/02/12 04:50:51
sx6
2012021204:50
out
/gfs/home3/modoper/tempo/global/oens
/gfs/home3/modoper/tempo/global/oens
/gfs/dk22/modoper/tempo/global/oens
/gfs/dk22/modoper/tempo/global/oens/model/datain
/gfs/home3/modoper/tempo/global/oens/run/setdeco01T126L28.sx6
Date: 20120212
Hour: 04:50
2012021200
/gfs/home3/modoper/tempo/global/oens
/gfs/home3/modoper/tempo/global/oens
/gfs/dk22/modoper/tempo/global/oens
/gfs/dk22/modoper/tempo/global/oens/model/datain
run
run
+ echo Decomposition  -x-  RUNNING ...
Decomposition  -x-  RUNNING ...
+ source=/gfs/home3/modoper/tempo/global/oens/decanl/source
+ bin=/gfs/home3/modoper/tempo/global/oens/decanl/bin/T126L28
+ input=/gfs/home3/modoper/tempo/global/oens/decanl/datain
+ out=/gfs/home3/modoper/tempo/global/oens/decanl/output
+ echo run
run
+ [ run = make ]
+ echo run
run
+ [ run = clean ]
+ cd /gfs/home3/modoper/tempo/global/oens/decanl/bin/T126L28
+ ./decanl.T126L28
+ 0< /gfs/home3/modoper/tempo/global/oens/decanl/datain/decanl01.nml 1> /gfs/home3/modoper/tempo/global/oens/decanl/output/decanl.2012021200.04:50.T126L28
 
 
     ******  Program Information  ******
  Real Time (sec)       :          3.327843
  User Time (sec)       :          0.830358
  Sys  Time (sec)       :          0.063312
  Vector Time (sec)     :          0.639785
  Inst. Count           :         173583870.
  V. Inst. Count        :          21078079.
  V. Element Count      :        2292782635.
  FLOP Count            :         590251093.
  MOPS                  :       2944.861129
  MFLOPS                :        710.839458
  VLEN                  :        108.775692
  V. Op. Ratio (%)      :         93.763280
  Memory Size (MB)      :        192.031250
  MIPS                  :        209.047074
  I-Cache (sec)         :          0.000842
  O-Cache (sec)         :          0.026540
  Bank (sec)            :          0.015367
 
  Start Time (date)  :  2012/02/12 04:50:52
  End   Time (date)  :  2012/02/12 04:50:56
+ echo Decomposition  -x-  RUNNING ...
Decomposition  -x-  RUNNING ...
+ source=/gfs/home3/modoper/tempo/global/oens/decanl/source
+ bin=/gfs/home3/modoper/tempo/global/oens/decanl/bin/T126L28
+ input=/gfs/home3/modoper/tempo/global/oens/decanl/datain
+ out=/gfs/home3/modoper/tempo/global/oens/decanl/output
+ echo run
run
+ [ run = make ]
+ echo run
run
+ [ run = clean ]
+ cd /gfs/home3/modoper/tempo/global/oens/decanl/bin/T126L28
+ ./decanl.T126L28
+ 0< /gfs/home3/modoper/tempo/global/oens/decanl/datain/decanl01.nml 1> /gfs/home3/modoper/tempo/global/oens/decanl/output/decanl.2012021200.04:50.T126L28
 
 
     ******  Program Information  ******
  Real Time (sec)       :          1.995086
  User Time (sec)       :          0.829255
  Sys  Time (sec)       :          0.062088
  Vector Time (sec)     :          0.638108
  Inst. Count           :         173583765.
  V. Inst. Count        :          21078079.
  V. Element Count      :        2292782629.
  FLOP Count            :         590251093.
  MOPS                  :       2948.777692
  MFLOPS                :        711.784882
  VLEN                  :        108.775692
  V. Op. Ratio (%)      :         93.763284
  Memory Size (MB)      :        192.031250
  MIPS                  :        209.324983
  I-Cache (sec)         :          0.001347
  O-Cache (sec)         :          0.026735
  Bank (sec)            :          0.015374
 
  Start Time (date)  :  2012/02/12 04:50:56
  End   Time (date)  :  2012/02/12 04:50:58
105.5u 24.7s 5:31 39% 839+176538k 90547+9887io 0w
logout
