Warning: no access to tty (Bad file descriptor).
Thus no job control in this shell.
vt100
======================================
Welcome to tupay: Linux 2.4.18-nec3.3.060 ia64
Today is Mon Feb 13 07:58:18 GST 2012
======================================
sx6
PNT-EN
2012021307:58:21

/gfs/home3/modoper/tempo/global/oens
/gfs/home3/modoper/tempo/global/oens
/gfs/dk22/modoper/tempo/global/oens
week mean prec probability  -- Run script ...
week mean prec probability  -- SUBMITTED TO NQS QUEUE ...
qsub -q PNT-EN /gfs/home3/modoper/tempo/global/oens/run/setprobagrT126L28.sx6


Script: /gfs/home3/modoper/tempo/global/oens/run/setprobagrT126L28.sx6
Fila: PNT-EN
Rodando Sem Label(SMS)...
Rodando Sem Medidor(SMS)...


Stdout = /gfs/home3/modoper/tempo/global/oens/run/setout/setprobagrT126L28.sx6.2012021307:58:21.

+--------------------------------------------+
Job       Status       Elapse        User Time
                         
+--------------------------------------------+

+--------------------------------------------+
Job       Status       Elapse        User Time
setproba  RUN          34             16.66
+--------------------------------------------+
90767.siox.cpte setproba modoper PNT-EN 0 RUN - 30.32M 16.66 34 Y Y 1
/gfs/dk22/modoper/tempo/global/oens/probagr/gif has already been created
nblst=3
T126L28 T126 2012021300 3 05 4 /gfs/dk22/modoper/tempo/global/oens/probagr/dataout/T126L28 /gfs/dk22/modoper/tempo/global/oens/probagr/gif

Grid Analysis and Display System (GrADS) Version 1.8SL11
Copyright (c) 1988-2001 by Brian Doty 
Center for Ocean-Land-Atmosphere Studies
Institute for Global Environment and Society 
All Rights Reserved

Config: v1.8SL11 32-bit little-endian readline printim

Issue 'q config' command for more information.

GX Package Initialization: Size = 11 8.5 
Running in Batch mode
ga-> run plot_precprob_agric.gs
Enter with: resol trc labeli nblst ndacc noutpday dirbct dirfig
resol   : T126L28
trc     : T126
labeli  : 2012021300
nblst   : 3
ndacc   : 05
noutpday: 4
dirbct  : /gfs/dk22/modoper/tempo/global/oens/probagr/dataout/T126L28
dirfig  : /gfs/dk22/modoper/tempo/global/oens/probagr/gif
flist=filefct2012021300.T126
No hardcopy metafile open
All files closed; all defined objects released
All GrADS attributes have been reinitialized
open /gfs/dk22/modoper/tempo/global/oens/probagr/dataout/T126L28/wmaprecprob20120213002012021800.T126L28.ctl
set t -19 1
Time = 00Z13FEB2012 to 00Z18FEB2012  Mon to Sat

labelii= 00Z13FEB2012
labelff= 00Z18FEB2012
No hardcopy metafile open
All files closed; all defined objects released
All GrADS attributes have been reinitialized
open /gfs/dk22/modoper/tempo/global/oens/probagr/dataout/T126L28/wmaprecprob20120213002012022300.T126L28.ctl
set t -19 1
Time = 00Z18FEB2012 to 00Z23FEB2012  Sat to Thu

labelii= 00Z18FEB2012
labelff= 00Z23FEB2012
No hardcopy metafile open
All files closed; all defined objects released
All GrADS attributes have been reinitialized
open /gfs/dk22/modoper/tempo/global/oens/probagr/dataout/T126L28/wmaprecprob20120213002012022800.T126L28.ctl
set t -19 1
Time = 00Z23FEB2012 to 00Z28FEB2012  Thu to Tue

labelii= 00Z23FEB2012
labelff= 00Z28FEB2012
No hardcopy metafile open
GX package terminated 
LABELI=2012021300
LABELF=2012022800
sx6
Expressa
2012021307:59:50
out
/gfs/home3/modoper/tempo/global/oens
/gfs/home3/modoper/tempo/global/oens
/gfs/dk22/modoper/tempo/global/oens
weekly prec probability  -- Run script ...
weekly prec probability  -- SUBMITTED TO NQS QUEUE ...
qsub -q Expressa /gfs/home3/modoper/tempo/global/oens/run/setprobweekT126L28.sx6


Script: /gfs/home3/modoper/tempo/global/oens/run/setprobweekT126L28.sx6
Fila: Expressa
SmsLabel: Info
Rodando Sem Medidor(SMS)...


Stdout = /gfs/home3/modoper/tempo/global/oens/run/setout/setprobweekT126L28.sx6.2012021307:59:50.out

+--------------------------------------------+
Job       Status       Elapse        User Time
                         
+--------------------------------------------+

+--------------------------------------------+
Job       Status       Elapse        User Time
setprobw  RUN          7             2.04
+--------------------------------------------+
90782.siox.cpte setprobw modoper Expressa 0 RUN - 28.43M 2.04 7 Y Y 1
