stty: : Invalid argument
vt100
resize:  can't open terminal /dev/tty
======================================
Welcome to tupan11: SUPER-UX 14.1 SX-6
Today is Sun Feb 12 16:40:20 GMT 2012
======================================
runperreco1.sx6 126 28 01 2012021212 15 NO 07 
sx6
2012021216:40
out
/gfs/home3/modoper/tempo/global/oens
/gfs/home3/modoper/tempo/global/oens
/gfs/dk22/modoper/tempo/global/oens
/gfs/dk22/modoper/tempo/global/oens/model/datain
/gfs/home3/modoper/tempo/global/oens/run/setperreco.1.01T126L28.sx6
Date: 20120212
Hour: 16:40
2012021212


rm: ERROR: Cannot access templ012012021212: No such file or directory
-rw-r--r--    1 modoper  pnt             200 Feb 12 16:40 /gfs/home3/modoper/tempo/global/oens/eof/datain/templ012012021212
ls: ERROR: Cannot access /gfs/dk22/modoper/tempo/global/oens/recfct/dataout/T126L28/GFCT01R2012021212*.fct*: No such file or directory
sx6
PNT-EN
12021216:40
out
/gfs/home3/modoper/tempo/global/oens
/gfs/home3/modoper/tempo/global/oens
/gfs/dk22/modoper/tempo/global/oens
/gfs/dk22/modoper/tempo/global/oens/model/datain
/gfs/home3/modoper/tempo/global/oens/run/setrecfct.1.FCT01RT126L28.sx6
Date: 20120212
Hour: 16:40
FCT01R
2012021212
2012021215
GFCT01R
GFCT01R
GFCT01R
F.fct
F.fct
R.fct
/gfs/home3/modoper/tempo/global/oens
/gfs/home3/modoper/tempo/global/oens
/gfs/dk22/modoper/tempo/global/oens
/gfs/dk22/modoper/tempo/global/oens/model/datain
run
run
GFCT01R20120212122012021215F.fct.T126L28
/gfs/home3/modoper/tempo/global/oens/recfct/datain/GFCT01R20120212122012021215F.fct.T126L28
+ echo Recomposition  -x-  RUNNING ...
Recomposition  -x-  RUNNING ...
+ source=/gfs/home3/modoper/tempo/global/oens/recfct/source
+ bin=/gfs/home3/modoper/tempo/global/oens/recfct/bin/T126L28
+ input=/gfs/home3/modoper/tempo/global/oens/recfct/datain
+ out=/gfs/home3/modoper/tempo/global/oens/recfct/output
+ echo run
run
+ [ run = make ]
+ echo run
run
+ [ run = clean ]
+ cd /gfs/home3/modoper/tempo/global/oens/recfct/bin/T126L28
+ echo ./recfct.T126L28 < /gfs/home3/modoper/tempo/global/oens/recfct/datain/recfctFCT01R.nml > /gfs/home3/modoper/tempo/global/oens/recfct/output/recfct.out.2012021212.16:40.T126L28
./recfct.T126L28 < /gfs/home3/modoper/tempo/global/oens/recfct/datain/recfctFCT01R.nml > /gfs/home3/modoper/tempo/global/oens/recfct/output/recfct.out.2012021212.16:40.T126L28
+ ./recfct.T126L28
+ 0< /gfs/home3/modoper/tempo/global/oens/recfct/datain/recfctFCT01R.nml 1> /gfs/home3/modoper/tempo/global/oens/recfct/output/recfct.out.2012021212.16:40.T126L28
 
 
     ******  Program Information  ******
  Real Time (sec)       :          5.399376
  User Time (sec)       :          4.127350
  Sys  Time (sec)       :          0.057130
  Vector Time (sec)     :          0.344397
  Inst. Count           :        1596986079.
  V. Inst. Count        :          16052480.
  V. Element Count      :        1289251883.
  FLOP Count            :         534710005.
  MOPS                  :        695.406352
  MFLOPS                :        129.552859
  VLEN                  :         80.314810
  V. Op. Ratio (%)      :         44.918765
  Memory Size (MB)      :        192.031250
  MIPS                  :        386.927699
  I-Cache (sec)         :          0.000778
  O-Cache (sec)         :          0.871459
  Bank (sec)            :          0.001190
 
  Start Time (date)  :  2012/02/12 16:40:23
  End   Time (date)  :  2012/02/12 16:40:28
-rw-r--r--    1 modoper  pnt             400 Feb 12 16:40 /gfs/home3/modoper/tempo/global/oens/eof/datain/templ012012021212
sx6
PNT-EN
12021216:40
out
/gfs/home3/modoper/tempo/global/oens
/gfs/home3/modoper/tempo/global/oens
/gfs/dk22/modoper/tempo/global/oens
/gfs/dk22/modoper/tempo/global/oens/model/datain
/gfs/home3/modoper/tempo/global/oens/run/setrecfct.1.FCT01RT126L28.sx6
Date: 20120212
Hour: 16:40
FCT01R
2012021212
2012021218
GFCT01R
GFCT01R
GFCT01R
F.fct
F.fct
R.fct
/gfs/home3/modoper/tempo/global/oens
/gfs/home3/modoper/tempo/global/oens
/gfs/dk22/modoper/tempo/global/oens
/gfs/dk22/modoper/tempo/global/oens/model/datain
run
run
GFCT01R20120212122012021218F.fct.T126L28
/gfs/home3/modoper/tempo/global/oens/recfct/datain/GFCT01R20120212122012021218F.fct.T126L28
+ echo Recomposition  -x-  RUNNING ...
Recomposition  -x-  RUNNING ...
+ source=/gfs/home3/modoper/tempo/global/oens/recfct/source
+ bin=/gfs/home3/modoper/tempo/global/oens/recfct/bin/T126L28
+ input=/gfs/home3/modoper/tempo/global/oens/recfct/datain
+ out=/gfs/home3/modoper/tempo/global/oens/recfct/output
+ echo run
run
+ [ run = make ]
+ echo run
run
+ [ run = clean ]
+ cd /gfs/home3/modoper/tempo/global/oens/recfct/bin/T126L28
+ echo ./recfct.T126L28 < /gfs/home3/modoper/tempo/global/oens/recfct/datain/recfctFCT01R.nml > /gfs/home3/modoper/tempo/global/oens/recfct/output/recfct.out.2012021212.16:40.T126L28
./recfct.T126L28 < /gfs/home3/modoper/tempo/global/oens/recfct/datain/recfctFCT01R.nml > /gfs/home3/modoper/tempo/global/oens/recfct/output/recfct.out.2012021212.16:40.T126L28
+ ./recfct.T126L28
+ 0< /gfs/home3/modoper/tempo/global/oens/recfct/datain/recfctFCT01R.nml 1> /gfs/home3/modoper/tempo/global/oens/recfct/output/recfct.out.2012021212.16:40.T126L28
 
 
     ******  Program Information  ******
  Real Time (sec)       :          5.550788
  User Time (sec)       :          4.127906
  Sys  Time (sec)       :          0.058060
  Vector Time (sec)     :          0.344503
  Inst. Count           :        1596986079.
  V. Inst. Count        :          16052480.
  V. Element Count      :        1289251883.
  FLOP Count            :         534710005.
  MOPS                  :        695.312660
  MFLOPS                :        129.535404
  VLEN                  :         80.314810
  V. Op. Ratio (%)      :         44.918765
  Memory Size (MB)      :        192.031250
  MIPS                  :        386.875568
  I-Cache (sec)         :          0.000779
  O-Cache (sec)         :          0.871549
  Bank (sec)            :          0.001190
 
  Start Time (date)  :  2012/02/12 16:40:29
  End   Time (date)  :  2012/02/12 16:40:35
-rw-r--r--    1 modoper  pnt             600 Feb 12 16:40 /gfs/home3/modoper/tempo/global/oens/eof/datain/templ012012021212
sx6
PNT-EN
12021216:40
out
/gfs/home3/modoper/tempo/global/oens
/gfs/home3/modoper/tempo/global/oens
/gfs/dk22/modoper/tempo/global/oens
/gfs/dk22/modoper/tempo/global/oens/model/datain
/gfs/home3/modoper/tempo/global/oens/run/setrecfct.1.FCT01RT126L28.sx6
Date: 20120212
Hour: 16:40
FCT01R
2012021212
2012021221
GFCT01R
GFCT01R
GFCT01R
F.fct
F.fct
R.fct
/gfs/home3/modoper/tempo/global/oens
/gfs/home3/modoper/tempo/global/oens
/gfs/dk22/modoper/tempo/global/oens
/gfs/dk22/modoper/tempo/global/oens/model/datain
run
run
GFCT01R20120212122012021221F.fct.T126L28
/gfs/home3/modoper/tempo/global/oens/recfct/datain/GFCT01R20120212122012021221F.fct.T126L28
+ echo Recomposition  -x-  RUNNING ...
Recomposition  -x-  RUNNING ...
+ source=/gfs/home3/modoper/tempo/global/oens/recfct/source
+ bin=/gfs/home3/modoper/tempo/global/oens/recfct/bin/T126L28
+ input=/gfs/home3/modoper/tempo/global/oens/recfct/datain
+ out=/gfs/home3/modoper/tempo/global/oens/recfct/output
+ echo run
run
+ [ run = make ]
+ echo run
run
+ [ run = clean ]
+ cd /gfs/home3/modoper/tempo/global/oens/recfct/bin/T126L28
+ echo ./recfct.T126L28 < /gfs/home3/modoper/tempo/global/oens/recfct/datain/recfctFCT01R.nml > /gfs/home3/modoper/tempo/global/oens/recfct/output/recfct.out.2012021212.16:40.T126L28
./recfct.T126L28 < /gfs/home3/modoper/tempo/global/oens/recfct/datain/recfctFCT01R.nml > /gfs/home3/modoper/tempo/global/oens/recfct/output/recfct.out.2012021212.16:40.T126L28
+ ./recfct.T126L28
+ 0< /gfs/home3/modoper/tempo/global/oens/recfct/datain/recfctFCT01R.nml 1> /gfs/home3/modoper/tempo/global/oens/recfct/output/recfct.out.2012021212.16:40.T126L28
 
 
     ******  Program Information  ******
  Real Time (sec)       :          5.548328
  User Time (sec)       :          4.127708
  Sys  Time (sec)       :          0.058829
  Vector Time (sec)     :          0.344406
  Inst. Count           :        1596986079.
  V. Inst. Count        :          16052480.
  V. Element Count      :        1289251883.
  FLOP Count            :         534710005.
  MOPS                  :        695.346127
  MFLOPS                :        129.541639
  VLEN                  :         80.314810
  V. Op. Ratio (%)      :         44.918765
  Memory Size (MB)      :        192.031250
  MIPS                  :        386.894189
  I-Cache (sec)         :          0.000900
  O-Cache (sec)         :          0.871336
  Bank (sec)            :          0.001190
 
  Start Time (date)  :  2012/02/12 16:40:36
  End   Time (date)  :  2012/02/12 16:40:41
-rw-r--r--    1 modoper  pnt             800 Feb 12 16:40 /gfs/home3/modoper/tempo/global/oens/eof/datain/templ012012021212
sx6
PNT-EN
12021216:40
out
/gfs/home3/modoper/tempo/global/oens
/gfs/home3/modoper/tempo/global/oens
/gfs/dk22/modoper/tempo/global/oens
/gfs/dk22/modoper/tempo/global/oens/model/datain
/gfs/home3/modoper/tempo/global/oens/run/setrecfct.1.FCT01RT126L28.sx6
Date: 20120212
Hour: 16:40
FCT01R
2012021212
2012021300
GFCT01R
GFCT01R
GFCT01R
F.fct
F.fct
R.fct
/gfs/home3/modoper/tempo/global/oens
/gfs/home3/modoper/tempo/global/oens
/gfs/dk22/modoper/tempo/global/oens
/gfs/dk22/modoper/tempo/global/oens/model/datain
run
run
GFCT01R20120212122012021300F.fct.T126L28
/gfs/home3/modoper/tempo/global/oens/recfct/datain/GFCT01R20120212122012021300F.fct.T126L28
+ echo Recomposition  -x-  RUNNING ...
Recomposition  -x-  RUNNING ...
+ source=/gfs/home3/modoper/tempo/global/oens/recfct/source
+ bin=/gfs/home3/modoper/tempo/global/oens/recfct/bin/T126L28
+ input=/gfs/home3/modoper/tempo/global/oens/recfct/datain
+ out=/gfs/home3/modoper/tempo/global/oens/recfct/output
+ echo run
run
+ [ run = make ]
+ echo run
run
+ [ run = clean ]
+ cd /gfs/home3/modoper/tempo/global/oens/recfct/bin/T126L28
+ echo ./recfct.T126L28 < /gfs/home3/modoper/tempo/global/oens/recfct/datain/recfctFCT01R.nml > /gfs/home3/modoper/tempo/global/oens/recfct/output/recfct.out.2012021212.16:40.T126L28
./recfct.T126L28 < /gfs/home3/modoper/tempo/global/oens/recfct/datain/recfctFCT01R.nml > /gfs/home3/modoper/tempo/global/oens/recfct/output/recfct.out.2012021212.16:40.T126L28
+ ./recfct.T126L28
+ 0< /gfs/home3/modoper/tempo/global/oens/recfct/datain/recfctFCT01R.nml 1> /gfs/home3/modoper/tempo/global/oens/recfct/output/recfct.out.2012021212.16:40.T126L28
 
 
     ******  Program Information  ******
  Real Time (sec)       :          8.987160
  User Time (sec)       :          4.126377
  Sys  Time (sec)       :          0.058722
  Vector Time (sec)     :          0.343733
  Inst. Count           :        1596986048.
  V. Inst. Count        :          16052480.
  V. Element Count      :        1289251883.
  FLOP Count            :         534710004.
  MOPS                  :        695.570408
  MFLOPS                :        129.583423
  VLEN                  :         80.314810
  V. Op. Ratio (%)      :         44.918766
  Memory Size (MB)      :        192.031250
  MIPS                  :        387.018977
  I-Cache (sec)         :          0.000777
  O-Cache (sec)         :          0.870449
  Bank (sec)            :          0.001190
 
  Start Time (date)  :  2012/02/12 16:40:42
  End   Time (date)  :  2012/02/12 16:40:51
-rw-r--r--    1 modoper  pnt            1000 Feb 12 16:40 /gfs/home3/modoper/tempo/global/oens/eof/datain/templ012012021212
sx6
PNT-EN
12021216:40
out
/gfs/home3/modoper/tempo/global/oens
/gfs/home3/modoper/tempo/global/oens
/gfs/dk22/modoper/tempo/global/oens
/gfs/dk22/modoper/tempo/global/oens/model/datain
/gfs/home3/modoper/tempo/global/oens/run/setrecfct.1.FCT01RT126L28.sx6
Date: 20120212
Hour: 16:40
FCT01R
2012021212
2012021303
GFCT01R
GFCT01R
GFCT01R
F.fct
F.fct
R.fct
/gfs/home3/modoper/tempo/global/oens
/gfs/home3/modoper/tempo/global/oens
/gfs/dk22/modoper/tempo/global/oens
/gfs/dk22/modoper/tempo/global/oens/model/datain
run
run
GFCT01R20120212122012021303F.fct.T126L28
/gfs/home3/modoper/tempo/global/oens/recfct/datain/GFCT01R20120212122012021303F.fct.T126L28
+ echo Recomposition  -x-  RUNNING ...
Recomposition  -x-  RUNNING ...
+ source=/gfs/home3/modoper/tempo/global/oens/recfct/source
+ bin=/gfs/home3/modoper/tempo/global/oens/recfct/bin/T126L28
+ input=/gfs/home3/modoper/tempo/global/oens/recfct/datain
+ out=/gfs/home3/modoper/tempo/global/oens/recfct/output
+ echo run
run
+ [ run = make ]
+ echo run
run
+ [ run = clean ]
+ cd /gfs/home3/modoper/tempo/global/oens/recfct/bin/T126L28
+ echo ./recfct.T126L28 < /gfs/home3/modoper/tempo/global/oens/recfct/datain/recfctFCT01R.nml > /gfs/home3/modoper/tempo/global/oens/recfct/output/recfct.out.2012021212.16:40.T126L28
./recfct.T126L28 < /gfs/home3/modoper/tempo/global/oens/recfct/datain/recfctFCT01R.nml > /gfs/home3/modoper/tempo/global/oens/recfct/output/recfct.out.2012021212.16:40.T126L28
+ ./recfct.T126L28
+ 0< /gfs/home3/modoper/tempo/global/oens/recfct/datain/recfctFCT01R.nml 1> /gfs/home3/modoper/tempo/global/oens/recfct/output/recfct.out.2012021212.16:40.T126L28
 
 
     ******  Program Information  ******
  Real Time (sec)       :          5.936637
  User Time (sec)       :          4.129253
  Sys  Time (sec)       :          0.062859
  Vector Time (sec)     :          0.344221
  Inst. Count           :        1596986048.
  V. Inst. Count        :          16052480.
  V. Element Count      :        1289251883.
  FLOP Count            :         534710004.
  MOPS                  :        695.085933
  MFLOPS                :        129.493166
  VLEN                  :         80.314810
  V. Op. Ratio (%)      :         44.918766
  Memory Size (MB)      :        192.031250
  MIPS                  :        386.749412
  I-Cache (sec)         :          0.001059
  O-Cache (sec)         :          0.873120
  Bank (sec)            :          0.001190
 
  Start Time (date)  :  2012/02/12 16:40:52
  End   Time (date)  :  2012/02/12 16:40:58
-rw-r--r--    1 modoper  pnt            1200 Feb 12 16:40 /gfs/home3/modoper/tempo/global/oens/eof/datain/templ012012021212
sx6
PNT-EN
12021216:40
out
/gfs/home3/modoper/tempo/global/oens
/gfs/home3/modoper/tempo/global/oens
/gfs/dk22/modoper/tempo/global/oens
/gfs/dk22/modoper/tempo/global/oens/model/datain
/gfs/home3/modoper/tempo/global/oens/run/setrecfct.1.FCT01RT126L28.sx6
Date: 20120212
Hour: 16:40
FCT01R
2012021212
2012021306
GFCT01R
GFCT01R
GFCT01R
F.fct
F.fct
R.fct
/gfs/home3/modoper/tempo/global/oens
/gfs/home3/modoper/tempo/global/oens
/gfs/dk22/modoper/tempo/global/oens
/gfs/dk22/modoper/tempo/global/oens/model/datain
run
run
GFCT01R20120212122012021306F.fct.T126L28
/gfs/home3/modoper/tempo/global/oens/recfct/datain/GFCT01R20120212122012021306F.fct.T126L28
+ echo Recomposition  -x-  RUNNING ...
Recomposition  -x-  RUNNING ...
+ source=/gfs/home3/modoper/tempo/global/oens/recfct/source
+ bin=/gfs/home3/modoper/tempo/global/oens/recfct/bin/T126L28
+ input=/gfs/home3/modoper/tempo/global/oens/recfct/datain
+ out=/gfs/home3/modoper/tempo/global/oens/recfct/output
+ echo run
run
+ [ run = make ]
+ echo run
run
+ [ run = clean ]
+ cd /gfs/home3/modoper/tempo/global/oens/recfct/bin/T126L28
+ echo ./recfct.T126L28 < /gfs/home3/modoper/tempo/global/oens/recfct/datain/recfctFCT01R.nml > /gfs/home3/modoper/tempo/global/oens/recfct/output/recfct.out.2012021212.16:40.T126L28
./recfct.T126L28 < /gfs/home3/modoper/tempo/global/oens/recfct/datain/recfctFCT01R.nml > /gfs/home3/modoper/tempo/global/oens/recfct/output/recfct.out.2012021212.16:40.T126L28
+ ./recfct.T126L28
+ 0< /gfs/home3/modoper/tempo/global/oens/recfct/datain/recfctFCT01R.nml 1> /gfs/home3/modoper/tempo/global/oens/recfct/output/recfct.out.2012021212.16:40.T126L28
 
 
     ******  Program Information  ******
  Real Time (sec)       :          5.595164
  User Time (sec)       :          4.127441
  Sys  Time (sec)       :          0.068843
  Vector Time (sec)     :          0.343493
  Inst. Count           :        1596986048.
  V. Inst. Count        :          16052480.
  V. Element Count      :        1289251883.
  FLOP Count            :         534710004.
  MOPS                  :        695.391084
  MFLOPS                :        129.550015
  VLEN                  :         80.314810
  V. Op. Ratio (%)      :         44.918766
  Memory Size (MB)      :        192.031250
  MIPS                  :        386.919200
  I-Cache (sec)         :          0.003212
  O-Cache (sec)         :          0.870429
  Bank (sec)            :          0.001191
 
  Start Time (date)  :  2012/02/12 16:40:59
  End   Time (date)  :  2012/02/12 16:41:05
-rw-r--r--    1 modoper  pnt            1400 Feb 12 16:41 /gfs/home3/modoper/tempo/global/oens/eof/datain/templ012012021212
sx6
PNT-EN
12021216:41
out
/gfs/home3/modoper/tempo/global/oens
/gfs/home3/modoper/tempo/global/oens
/gfs/dk22/modoper/tempo/global/oens
/gfs/dk22/modoper/tempo/global/oens/model/datain
/gfs/home3/modoper/tempo/global/oens/run/setrecfct.1.FCT01RT126L28.sx6
Date: 20120212
Hour: 16:41
FCT01R
2012021212
2012021309
GFCT01R
GFCT01R
GFCT01R
F.fct
F.fct
R.fct
/gfs/home3/modoper/tempo/global/oens
/gfs/home3/modoper/tempo/global/oens
/gfs/dk22/modoper/tempo/global/oens
/gfs/dk22/modoper/tempo/global/oens/model/datain
run
run
GFCT01R20120212122012021309F.fct.T126L28
/gfs/home3/modoper/tempo/global/oens/recfct/datain/GFCT01R20120212122012021309F.fct.T126L28
+ echo Recomposition  -x-  RUNNING ...
Recomposition  -x-  RUNNING ...
+ source=/gfs/home3/modoper/tempo/global/oens/recfct/source
+ bin=/gfs/home3/modoper/tempo/global/oens/recfct/bin/T126L28
+ input=/gfs/home3/modoper/tempo/global/oens/recfct/datain
+ out=/gfs/home3/modoper/tempo/global/oens/recfct/output
+ echo run
run
+ [ run = make ]
+ echo run
run
+ [ run = clean ]
+ cd /gfs/home3/modoper/tempo/global/oens/recfct/bin/T126L28
+ echo ./recfct.T126L28 < /gfs/home3/modoper/tempo/global/oens/recfct/datain/recfctFCT01R.nml > /gfs/home3/modoper/tempo/global/oens/recfct/output/recfct.out.2012021212.16:41.T126L28
./recfct.T126L28 < /gfs/home3/modoper/tempo/global/oens/recfct/datain/recfctFCT01R.nml > /gfs/home3/modoper/tempo/global/oens/recfct/output/recfct.out.2012021212.16:41.T126L28
+ ./recfct.T126L28
+ 0< /gfs/home3/modoper/tempo/global/oens/recfct/datain/recfctFCT01R.nml 1> /gfs/home3/modoper/tempo/global/oens/recfct/output/recfct.out.2012021212.16:41.T126L28
 
 
     ******  Program Information  ******
  Real Time (sec)       :          5.690304
  User Time (sec)       :          4.127236
  Sys  Time (sec)       :          0.066927
  Vector Time (sec)     :          0.343669
  Inst. Count           :        1596986048.
  V. Inst. Count        :          16052480.
  V. Element Count      :        1289251883.
  FLOP Count            :         534710004.
  MOPS                  :        695.425608
  MFLOPS                :        129.556447
  VLEN                  :         80.314810
  V. Op. Ratio (%)      :         44.918766
  Memory Size (MB)      :        192.031250
  MIPS                  :        386.938409
  I-Cache (sec)         :          0.001700
  O-Cache (sec)         :          0.871766
  Bank (sec)            :          0.001190
 
  Start Time (date)  :  2012/02/12 16:41:06
  End   Time (date)  :  2012/02/12 16:41:12
-rw-r--r--    1 modoper  pnt            1600 Feb 12 16:41 /gfs/home3/modoper/tempo/global/oens/eof/datain/templ012012021212
sx6
PNT-EN
12021216:41
out
/gfs/home3/modoper/tempo/global/oens
/gfs/home3/modoper/tempo/global/oens
/gfs/dk22/modoper/tempo/global/oens
/gfs/dk22/modoper/tempo/global/oens/model/datain
/gfs/home3/modoper/tempo/global/oens/run/setrecfct.1.FCT01RT126L28.sx6
Date: 20120212
Hour: 16:41
FCT01R
2012021212
2012021312
GFCT01R
GFCT01R
GFCT01R
F.fct
F.fct
R.fct
/gfs/home3/modoper/tempo/global/oens
/gfs/home3/modoper/tempo/global/oens
/gfs/dk22/modoper/tempo/global/oens
/gfs/dk22/modoper/tempo/global/oens/model/datain
run
run
GFCT01R20120212122012021312F.fct.T126L28
/gfs/home3/modoper/tempo/global/oens/recfct/datain/GFCT01R20120212122012021312F.fct.T126L28
+ echo Recomposition  -x-  RUNNING ...
Recomposition  -x-  RUNNING ...
+ source=/gfs/home3/modoper/tempo/global/oens/recfct/source
+ bin=/gfs/home3/modoper/tempo/global/oens/recfct/bin/T126L28
+ input=/gfs/home3/modoper/tempo/global/oens/recfct/datain
+ out=/gfs/home3/modoper/tempo/global/oens/recfct/output
+ echo run
run
+ [ run = make ]
+ echo run
run
+ [ run = clean ]
+ cd /gfs/home3/modoper/tempo/global/oens/recfct/bin/T126L28
+ echo ./recfct.T126L28 < /gfs/home3/modoper/tempo/global/oens/recfct/datain/recfctFCT01R.nml > /gfs/home3/modoper/tempo/global/oens/recfct/output/recfct.out.2012021212.16:41.T126L28
./recfct.T126L28 < /gfs/home3/modoper/tempo/global/oens/recfct/datain/recfctFCT01R.nml > /gfs/home3/modoper/tempo/global/oens/recfct/output/recfct.out.2012021212.16:41.T126L28
+ ./recfct.T126L28
+ 0< /gfs/home3/modoper/tempo/global/oens/recfct/datain/recfctFCT01R.nml 1> /gfs/home3/modoper/tempo/global/oens/recfct/output/recfct.out.2012021212.16:41.T126L28
 
 
     ******  Program Information  ******
  Real Time (sec)       :          6.420333
  User Time (sec)       :          4.129993
  Sys  Time (sec)       :          0.072269
  Vector Time (sec)     :          0.344710
  Inst. Count           :        1596986079.
  V. Inst. Count        :          16052480.
  V. Element Count      :        1289251883.
  FLOP Count            :         534710005.
  MOPS                  :        694.961315
  MFLOPS                :        129.469949
  VLEN                  :         80.314810
  V. Op. Ratio (%)      :         44.918765
  Memory Size (MB)      :        192.031250
  MIPS                  :        386.680078
  I-Cache (sec)         :          0.001604
  O-Cache (sec)         :          0.873400
  Bank (sec)            :          0.001190
 
  Start Time (date)  :  2012/02/12 16:41:13
  End   Time (date)  :  2012/02/12 16:41:19
-rw-r--r--    1 modoper  pnt            1800 Feb 12 16:41 /gfs/home3/modoper/tempo/global/oens/eof/datain/templ012012021212
sx6
PNT-EN
12021216:41
out
/gfs/home3/modoper/tempo/global/oens
/gfs/home3/modoper/tempo/global/oens
/gfs/dk22/modoper/tempo/global/oens
/gfs/dk22/modoper/tempo/global/oens/model/datain
/gfs/home3/modoper/tempo/global/oens/run/setrecfct.1.FCT01RT126L28.sx6
Date: 20120212
Hour: 16:41
FCT01R
2012021212
2012021315
GFCT01R
GFCT01R
GFCT01R
F.fct
F.fct
R.fct
/gfs/home3/modoper/tempo/global/oens
/gfs/home3/modoper/tempo/global/oens
/gfs/dk22/modoper/tempo/global/oens
/gfs/dk22/modoper/tempo/global/oens/model/datain
run
run
GFCT01R20120212122012021315F.fct.T126L28
/gfs/home3/modoper/tempo/global/oens/recfct/datain/GFCT01R20120212122012021315F.fct.T126L28
+ echo Recomposition  -x-  RUNNING ...
Recomposition  -x-  RUNNING ...
+ source=/gfs/home3/modoper/tempo/global/oens/recfct/source
+ bin=/gfs/home3/modoper/tempo/global/oens/recfct/bin/T126L28
+ input=/gfs/home3/modoper/tempo/global/oens/recfct/datain
+ out=/gfs/home3/modoper/tempo/global/oens/recfct/output
+ echo run
run
+ [ run = make ]
+ echo run
run
+ [ run = clean ]
+ cd /gfs/home3/modoper/tempo/global/oens/recfct/bin/T126L28
+ echo ./recfct.T126L28 < /gfs/home3/modoper/tempo/global/oens/recfct/datain/recfctFCT01R.nml > /gfs/home3/modoper/tempo/global/oens/recfct/output/recfct.out.2012021212.16:41.T126L28
./recfct.T126L28 < /gfs/home3/modoper/tempo/global/oens/recfct/datain/recfctFCT01R.nml > /gfs/home3/modoper/tempo/global/oens/recfct/output/recfct.out.2012021212.16:41.T126L28
+ ./recfct.T126L28
+ 0< /gfs/home3/modoper/tempo/global/oens/recfct/datain/recfctFCT01R.nml 1> /gfs/home3/modoper/tempo/global/oens/recfct/output/recfct.out.2012021212.16:41.T126L28
 
 
     ******  Program Information  ******
  Real Time (sec)       :          5.815858
  User Time (sec)       :          4.123796
  Sys  Time (sec)       :          0.066861
  Vector Time (sec)     :          0.342618
  Inst. Count           :        1596986079.
  V. Inst. Count        :          16052480.
  V. Element Count      :        1289251883.
  FLOP Count            :         534710005.
  MOPS                  :        696.005715
  MFLOPS                :        129.664519
  VLEN                  :         80.314810
  V. Op. Ratio (%)      :         44.918765
  Memory Size (MB)      :        192.031250
  MIPS                  :        387.261187
  I-Cache (sec)         :          0.001753
  O-Cache (sec)         :          0.868934
  Bank (sec)            :          0.001190
 
  Start Time (date)  :  2012/02/12 16:41:21
  End   Time (date)  :  2012/02/12 16:41:26
-rw-r--r--    1 modoper  pnt            2000 Feb 12 16:41 /gfs/home3/modoper/tempo/global/oens/eof/datain/templ012012021212
sx6
PNT-EN
12021216:41
out
/gfs/home3/modoper/tempo/global/oens
/gfs/home3/modoper/tempo/global/oens
/gfs/dk22/modoper/tempo/global/oens
/gfs/dk22/modoper/tempo/global/oens/model/datain
/gfs/home3/modoper/tempo/global/oens/run/setrecfct.1.FCT01RT126L28.sx6
Date: 20120212
Hour: 16:41
FCT01R
2012021212
2012021318
GFCT01R
GFCT01R
GFCT01R
F.fct
F.fct
R.fct
/gfs/home3/modoper/tempo/global/oens
/gfs/home3/modoper/tempo/global/oens
/gfs/dk22/modoper/tempo/global/oens
/gfs/dk22/modoper/tempo/global/oens/model/datain
run
run
GFCT01R20120212122012021318F.fct.T126L28
/gfs/home3/modoper/tempo/global/oens/recfct/datain/GFCT01R20120212122012021318F.fct.T126L28
+ echo Recomposition  -x-  RUNNING ...
Recomposition  -x-  RUNNING ...
+ source=/gfs/home3/modoper/tempo/global/oens/recfct/source
+ bin=/gfs/home3/modoper/tempo/global/oens/recfct/bin/T126L28
+ input=/gfs/home3/modoper/tempo/global/oens/recfct/datain
+ out=/gfs/home3/modoper/tempo/global/oens/recfct/output
+ echo run
run
+ [ run = make ]
+ echo run
run
+ [ run = clean ]
+ cd /gfs/home3/modoper/tempo/global/oens/recfct/bin/T126L28
+ echo ./recfct.T126L28 < /gfs/home3/modoper/tempo/global/oens/recfct/datain/recfctFCT01R.nml > /gfs/home3/modoper/tempo/global/oens/recfct/output/recfct.out.2012021212.16:41.T126L28
./recfct.T126L28 < /gfs/home3/modoper/tempo/global/oens/recfct/datain/recfctFCT01R.nml > /gfs/home3/modoper/tempo/global/oens/recfct/output/recfct.out.2012021212.16:41.T126L28
+ ./recfct.T126L28
+ 0< /gfs/home3/modoper/tempo/global/oens/recfct/datain/recfctFCT01R.nml 1> /gfs/home3/modoper/tempo/global/oens/recfct/output/recfct.out.2012021212.16:41.T126L28
 
 
     ******  Program Information  ******
  Real Time (sec)       :          5.710321
  User Time (sec)       :          4.122440
  Sys  Time (sec)       :          0.061734
  Vector Time (sec)     :          0.342059
  Inst. Count           :        1596986079.
  V. Inst. Count        :          16052480.
  V. Element Count      :        1289251883.
  FLOP Count            :         534710005.
  MOPS                  :        696.234616
  MFLOPS                :        129.707163
  VLEN                  :         80.314810
  V. Op. Ratio (%)      :         44.918765
  Memory Size (MB)      :        192.031250
  MIPS                  :        387.388549
  I-Cache (sec)         :          0.001211
  O-Cache (sec)         :          0.868188
  Bank (sec)            :          0.001190
 
  Start Time (date)  :  2012/02/12 16:41:28
  End   Time (date)  :  2012/02/12 16:41:33
-rw-r--r--    1 modoper  pnt            2200 Feb 12 16:41 /gfs/home3/modoper/tempo/global/oens/eof/datain/templ012012021212
sx6
PNT-EN
12021216:41
out
/gfs/home3/modoper/tempo/global/oens
/gfs/home3/modoper/tempo/global/oens
/gfs/dk22/modoper/tempo/global/oens
/gfs/dk22/modoper/tempo/global/oens/model/datain
/gfs/home3/modoper/tempo/global/oens/run/setrecfct.1.FCT01RT126L28.sx6
Date: 20120212
Hour: 16:41
FCT01R
2012021212
2012021321
GFCT01R
GFCT01R
GFCT01R
F.fct
F.fct
R.fct
/gfs/home3/modoper/tempo/global/oens
/gfs/home3/modoper/tempo/global/oens
/gfs/dk22/modoper/tempo/global/oens
/gfs/dk22/modoper/tempo/global/oens/model/datain
run
run
GFCT01R20120212122012021321F.fct.T126L28
/gfs/home3/modoper/tempo/global/oens/recfct/datain/GFCT01R20120212122012021321F.fct.T126L28
+ echo Recomposition  -x-  RUNNING ...
Recomposition  -x-  RUNNING ...
+ source=/gfs/home3/modoper/tempo/global/oens/recfct/source
+ bin=/gfs/home3/modoper/tempo/global/oens/recfct/bin/T126L28
+ input=/gfs/home3/modoper/tempo/global/oens/recfct/datain
+ out=/gfs/home3/modoper/tempo/global/oens/recfct/output
+ echo run
run
+ [ run = make ]
+ echo run
run
+ [ run = clean ]
+ cd /gfs/home3/modoper/tempo/global/oens/recfct/bin/T126L28
+ echo ./recfct.T126L28 < /gfs/home3/modoper/tempo/global/oens/recfct/datain/recfctFCT01R.nml > /gfs/home3/modoper/tempo/global/oens/recfct/output/recfct.out.2012021212.16:41.T126L28
./recfct.T126L28 < /gfs/home3/modoper/tempo/global/oens/recfct/datain/recfctFCT01R.nml > /gfs/home3/modoper/tempo/global/oens/recfct/output/recfct.out.2012021212.16:41.T126L28
+ ./recfct.T126L28
+ 0< /gfs/home3/modoper/tempo/global/oens/recfct/datain/recfctFCT01R.nml 1> /gfs/home3/modoper/tempo/global/oens/recfct/output/recfct.out.2012021212.16:41.T126L28
 
 
     ******  Program Information  ******
  Real Time (sec)       :          5.774680
  User Time (sec)       :          4.122646
  Sys  Time (sec)       :          0.064027
  Vector Time (sec)     :          0.342103
  Inst. Count           :        1596986079.
  V. Inst. Count        :          16052480.
  V. Element Count      :        1289251883.
  FLOP Count            :         534710005.
  MOPS                  :        696.199861
  MFLOPS                :        129.700688
  VLEN                  :         80.314810
  V. Op. Ratio (%)      :         44.918765
  Memory Size (MB)      :        192.031250
  MIPS                  :        387.369211
  I-Cache (sec)         :          0.001410
  O-Cache (sec)         :          0.868331
  Bank (sec)            :          0.001190
 
  Start Time (date)  :  2012/02/12 16:41:35
  End   Time (date)  :  2012/02/12 16:41:41
-rw-r--r--    1 modoper  pnt            2400 Feb 12 16:41 /gfs/home3/modoper/tempo/global/oens/eof/datain/templ012012021212
sx6
PNT-EN
12021216:41
out
/gfs/home3/modoper/tempo/global/oens
/gfs/home3/modoper/tempo/global/oens
/gfs/dk22/modoper/tempo/global/oens
/gfs/dk22/modoper/tempo/global/oens/model/datain
/gfs/home3/modoper/tempo/global/oens/run/setrecfct.1.FCT01RT126L28.sx6
Date: 20120212
Hour: 16:41
FCT01R
2012021212
2012021400
GFCT01R
GFCT01R
GFCT01R
F.fct
F.fct
R.fct
/gfs/home3/modoper/tempo/global/oens
/gfs/home3/modoper/tempo/global/oens
/gfs/dk22/modoper/tempo/global/oens
/gfs/dk22/modoper/tempo/global/oens/model/datain
run
run
GFCT01R20120212122012021400F.fct.T126L28
/gfs/home3/modoper/tempo/global/oens/recfct/datain/GFCT01R20120212122012021400F.fct.T126L28
+ echo Recomposition  -x-  RUNNING ...
Recomposition  -x-  RUNNING ...
+ source=/gfs/home3/modoper/tempo/global/oens/recfct/source
+ bin=/gfs/home3/modoper/tempo/global/oens/recfct/bin/T126L28
+ input=/gfs/home3/modoper/tempo/global/oens/recfct/datain
+ out=/gfs/home3/modoper/tempo/global/oens/recfct/output
+ echo run
run
+ [ run = make ]
+ echo run
run
+ [ run = clean ]
+ cd /gfs/home3/modoper/tempo/global/oens/recfct/bin/T126L28
+ echo ./recfct.T126L28 < /gfs/home3/modoper/tempo/global/oens/recfct/datain/recfctFCT01R.nml > /gfs/home3/modoper/tempo/global/oens/recfct/output/recfct.out.2012021212.16:41.T126L28
./recfct.T126L28 < /gfs/home3/modoper/tempo/global/oens/recfct/datain/recfctFCT01R.nml > /gfs/home3/modoper/tempo/global/oens/recfct/output/recfct.out.2012021212.16:41.T126L28
+ ./recfct.T126L28
+ 0< /gfs/home3/modoper/tempo/global/oens/recfct/datain/recfctFCT01R.nml 1> /gfs/home3/modoper/tempo/global/oens/recfct/output/recfct.out.2012021212.16:41.T126L28
 
 
     ******  Program Information  ******
  Real Time (sec)       :          5.584128
  User Time (sec)       :          4.128219
  Sys  Time (sec)       :          0.064834
  Vector Time (sec)     :          0.343812
  Inst. Count           :        1596986048.
  V. Inst. Count        :          16052480.
  V. Element Count      :        1289251883.
  FLOP Count            :         534710004.
  MOPS                  :        695.260054
  MFLOPS                :        129.525605
  VLEN                  :         80.314810
  V. Op. Ratio (%)      :         44.918766
  Memory Size (MB)      :        192.031250
  MIPS                  :        386.846295
  I-Cache (sec)         :          0.001545
  O-Cache (sec)         :          0.872438
  Bank (sec)            :          0.001190
 
  Start Time (date)  :  2012/02/12 16:41:42
  End   Time (date)  :  2012/02/12 16:41:47
sx6
2012021216:41
out
/gfs/home3/modoper/tempo/global/oens
/gfs/home3/modoper/tempo/global/oens
/gfs/dk22/modoper/tempo/global/oens
/gfs/dk22/modoper/tempo/global/oens/model/datain
/gfs/home3/modoper/tempo/global/oens/run/seteofs.1.01T126L28.sx6
01
Date: 20120212
Hour: 16:41
2012021212
/gfs/home3/modoper/tempo/global/oens
/gfs/home3/modoper/tempo/global/oens
/gfs/dk22/modoper/tempo/global/oens
/gfs/dk22/modoper/tempo/global/oens/model/datain
run
run
Vai chamar eoft
+ echo EOFT           -x-  RUNNING ...
EOFT           -x-  RUNNING ...
+ source=/gfs/home3/modoper/tempo/global/oens/eoftemp/source
+ bin=/gfs/home3/modoper/tempo/global/oens/eof/bin/T126L28
+ inp=/gfs/home3/modoper/tempo/global/oens/eof/datain
+ outp=/gfs/home3/modoper/tempo/global/oens/eoftemp/output
+ echo run
run
+ [ run = make ]
+ echo run
run
+ [ run = clean ]
+ cd /gfs/home3/modoper/tempo/global/oens/eof/bin/T126L28
+ echo ./eoftem.T126L28 < /gfs/home3/modoper/tempo/global/oens/eof/datain/eoftem01.nml > /gfs/home3/modoper/tempo/global/oens/eoftemp/output/eoftem.2012021212.16:41.T126L28
./eoftem.T126L28 < /gfs/home3/modoper/tempo/global/oens/eof/datain/eoftem01.nml > /gfs/home3/modoper/tempo/global/oens/eoftemp/output/eoftem.2012021212.16:41.T126L28
+ ./eoftem.T126L28
+ 0< /gfs/home3/modoper/tempo/global/oens/eof/datain/eoftem01.nml 1> /gfs/home3/modoper/tempo/global/oens/eoftemp/output/eoftem.2012021212.16:41.T126L28
 entrou no eoft fortran
 &DATAIN DIRI=/gfs/home3/modoper/tempo/global/oens/eof/datain/                ,
 DIRA=/gfs/dk22/modoper/tempo/global/oens/model/datain/               ,
 DIRO=/gfs/dk22/modoper/tempo/global/oens/eof/dataout/T126L28/        ,
 NAMEL=templ012012021212                                               ,
 ANAME=GANLAVN2012021212R.unf.T126L28                                                      ,
 TEMOUT=temout012012021212                                              ,
 TEMPCM=tempcm012012021212                                              ,
 TEMPER1=tempe1012012021212                                              ,
 TEMPEN1=tempn1012012021212                                               /
 
 
     ******  Program Information  ******
  Real Time (sec)       :         22.267236
  User Time (sec)       :          6.579969
  Sys  Time (sec)       :          0.403669
  Vector Time (sec)     :          5.903277
  Inst. Count           :         597133557.
  V. Inst. Count        :          72972047.
  V. Element Count      :        9156489294.
  FLOP Count            :        3164565345.
  MOPS                  :       1471.230391
  MFLOPS                :        480.939227
  VLEN                  :        125.479408
  V. Op. Ratio (%)      :         94.585472
  Memory Size (MB)      :        304.031250
  MIPS                  :         90.750204
  I-Cache (sec)         :          0.004924
  O-Cache (sec)         :          0.005153
  Bank (sec)            :          0.281361
 
  Start Time (date)  :  2012/02/12 16:41:49
  End   Time (date)  :  2012/02/12 16:42:12
Vai chamar eofw
+ echo EOFW           -x-  RUNNING ...
EOFW           -x-  RUNNING ...
+ source=/gfs/home3/modoper/tempo/global/oens/eofwind/source
+ bin=/gfs/home3/modoper/tempo/global/oens/eof/bin/T126L28
+ out=/gfs/dk22/modoper/tempo/global/oens/eof/dataout/T126L28
+ inp=/gfs/home3/modoper/tempo/global/oens/eof/datain
+ outp=/gfs/home3/modoper/tempo/global/oens/eofwind/output
+ echo run
run
+ [ run = make ]
+ echo run
run
+ [ run = clean ]
+ cd /gfs/home3/modoper/tempo/global/oens/eof/bin/T126L28
+ echo ./eofwin.T126L28 < /gfs/home3/modoper/tempo/global/oens/eof/datain/eofwin01.nml > /gfs/home3/modoper/tempo/global/oens/eofwind/output/eofwin.2012021212.16:41.T126L28
./eofwin.T126L28 < /gfs/home3/modoper/tempo/global/oens/eof/datain/eofwin01.nml > /gfs/home3/modoper/tempo/global/oens/eofwind/output/eofwin.2012021212.16:41.T126L28
+ ./eofwin.T126L28
+ 0< /gfs/home3/modoper/tempo/global/oens/eof/datain/eofwin01.nml 1> /gfs/home3/modoper/tempo/global/oens/eofwind/output/eofwin.2012021212.16:41.T126L28
 
 
     ******  Program Information  ******
  Real Time (sec)       :         57.664326
  User Time (sec)       :         12.003543
  Sys  Time (sec)       :          0.718802
  Vector Time (sec)     :         10.947351
  Inst. Count           :        1009390431.
  V. Inst. Count        :         235339315.
  V. Element Count      :       26880732630.
  FLOP Count            :        7609521091.
  MOPS                  :       2303.885111
  MFLOPS                :        633.939593
  VLEN                  :        114.221173
  V. Op. Ratio (%)      :         97.201023
  Memory Size (MB)      :        624.031250
  MIPS                  :         84.091042
  I-Cache (sec)         :          0.011598
  O-Cache (sec)         :          0.022721
  Bank (sec)            :          0.599880
 
  Start Time (date)  :  2012/02/12 16:42:12
  End   Time (date)  :  2012/02/12 16:43:10
sx6
2012021216:43
out
/gfs/home3/modoper/tempo/global/oens
/gfs/home3/modoper/tempo/global/oens
/gfs/dk22/modoper/tempo/global/oens
/gfs/dk22/modoper/tempo/global/oens/model/datain
/gfs/home3/modoper/tempo/global/oens/run/setdeco01T126L28.sx6
Date: 20120212
Hour: 16:43
2012021212
/gfs/home3/modoper/tempo/global/oens
/gfs/home3/modoper/tempo/global/oens
/gfs/dk22/modoper/tempo/global/oens
/gfs/dk22/modoper/tempo/global/oens/model/datain
run
run
+ echo Decomposition  -x-  RUNNING ...
Decomposition  -x-  RUNNING ...
+ source=/gfs/home3/modoper/tempo/global/oens/decanl/source
+ bin=/gfs/home3/modoper/tempo/global/oens/decanl/bin/T126L28
+ input=/gfs/home3/modoper/tempo/global/oens/decanl/datain
+ out=/gfs/home3/modoper/tempo/global/oens/decanl/output
+ echo run
run
+ [ run = make ]
+ echo run
run
+ [ run = clean ]
+ cd /gfs/home3/modoper/tempo/global/oens/decanl/bin/T126L28
+ ./decanl.T126L28
+ 0< /gfs/home3/modoper/tempo/global/oens/decanl/datain/decanl01.nml 1> /gfs/home3/modoper/tempo/global/oens/decanl/output/decanl.2012021212.16:43.T126L28
 
 
     ******  Program Information  ******
  Real Time (sec)       :          4.787481
  User Time (sec)       :          0.820612
  Sys  Time (sec)       :          0.061506
  Vector Time (sec)     :          0.629023
  Inst. Count           :         173583932.
  V. Inst. Count        :          21078079.
  V. Element Count      :        2292782635.
  FLOP Count            :         590251095.
  MOPS                  :       2979.834707
  MFLOPS                :        719.281470
  VLEN                  :        108.775692
  V. Op. Ratio (%)      :         93.763278
  Memory Size (MB)      :        192.031250
  MIPS                  :        211.529816
  I-Cache (sec)         :          0.000825
  O-Cache (sec)         :          0.026806
  Bank (sec)            :          0.015380
 
  Start Time (date)  :  2012/02/12 16:43:10
  End   Time (date)  :  2012/02/12 16:43:15
+ echo Decomposition  -x-  RUNNING ...
Decomposition  -x-  RUNNING ...
+ source=/gfs/home3/modoper/tempo/global/oens/decanl/source
+ bin=/gfs/home3/modoper/tempo/global/oens/decanl/bin/T126L28
+ input=/gfs/home3/modoper/tempo/global/oens/decanl/datain
+ out=/gfs/home3/modoper/tempo/global/oens/decanl/output
+ echo run
run
+ [ run = make ]
+ echo run
run
+ [ run = clean ]
+ cd /gfs/home3/modoper/tempo/global/oens/decanl/bin/T126L28
+ ./decanl.T126L28
+ 0< /gfs/home3/modoper/tempo/global/oens/decanl/datain/decanl01.nml 1> /gfs/home3/modoper/tempo/global/oens/decanl/output/decanl.2012021212.16:43.T126L28
 
 
     ******  Program Information  ******
  Real Time (sec)       :          4.561333
  User Time (sec)       :          0.823389
  Sys  Time (sec)       :          0.060097
  Vector Time (sec)     :          0.632280
  Inst. Count           :         173583827.
  V. Inst. Count        :          21078079.
  V. Element Count      :        2292782629.
  FLOP Count            :         590251095.
  MOPS                  :       2969.785893
  MFLOPS                :        716.855890
  VLEN                  :        108.775692
  V. Op. Ratio (%)      :         93.763282
  Memory Size (MB)      :        192.031250
  MIPS                  :        210.816362
  I-Cache (sec)         :          0.000863
  O-Cache (sec)         :          0.026668
  Bank (sec)            :          0.015377
 
  Start Time (date)  :  2012/02/12 16:43:15
  End   Time (date)  :  2012/02/12 16:43:20
logout
