stty: : Invalid argument
vt100
resize:  can't open terminal /dev/tty
======================================
Welcome to tupan11: SUPER-UX 14.1 SX-6
Today is Mon Feb 13 04:38:13 GMT 2012
======================================
runperreco1.sx6 126 28 07 2012021300 15 NO 07 
sx6
2012021304:38
out
/gfs/home3/modoper/tempo/global/oens
/gfs/home3/modoper/tempo/global/oens
/gfs/dk22/modoper/tempo/global/oens
/gfs/dk22/modoper/tempo/global/oens/model/datain
/gfs/home3/modoper/tempo/global/oens/run/setperreco.1.07T126L28.sx6
Date: 20120213
Hour: 04:38
2012021300


rm: ERROR: Cannot access templ072012021300: No such file or directory
-rw-r--r--    1 modoper  pnt             200 Feb 13 04:38 /gfs/home3/modoper/tempo/global/oens/eof/datain/templ072012021300
ls: ERROR: Cannot access /gfs/dk22/modoper/tempo/global/oens/recfct/dataout/T126L28/GFCT07R2012021300*.fct*: No such file or directory
sx6
PNT-EN
12021304:38
out
/gfs/home3/modoper/tempo/global/oens
/gfs/home3/modoper/tempo/global/oens
/gfs/dk22/modoper/tempo/global/oens
/gfs/dk22/modoper/tempo/global/oens/model/datain
/gfs/home3/modoper/tempo/global/oens/run/setrecfct.1.FCT07RT126L28.sx6
Date: 20120213
Hour: 04:38
FCT07R
2012021300
2012021303
GFCT07R
GFCT07R
GFCT07R
F.fct
F.fct
R.fct
/gfs/home3/modoper/tempo/global/oens
/gfs/home3/modoper/tempo/global/oens
/gfs/dk22/modoper/tempo/global/oens
/gfs/dk22/modoper/tempo/global/oens/model/datain
run
run
GFCT07R20120213002012021303F.fct.T126L28
/gfs/home3/modoper/tempo/global/oens/recfct/datain/GFCT07R20120213002012021303F.fct.T126L28
+ echo Recomposition  -x-  RUNNING ...
Recomposition  -x-  RUNNING ...
+ source=/gfs/home3/modoper/tempo/global/oens/recfct/source
+ bin=/gfs/home3/modoper/tempo/global/oens/recfct/bin/T126L28
+ input=/gfs/home3/modoper/tempo/global/oens/recfct/datain
+ out=/gfs/home3/modoper/tempo/global/oens/recfct/output
+ echo run
run
+ [ run = make ]
+ echo run
run
+ [ run = clean ]
+ cd /gfs/home3/modoper/tempo/global/oens/recfct/bin/T126L28
+ echo ./recfct.T126L28 < /gfs/home3/modoper/tempo/global/oens/recfct/datain/recfctFCT07R.nml > /gfs/home3/modoper/tempo/global/oens/recfct/output/recfct.out.2012021300.04:38.T126L28
./recfct.T126L28 < /gfs/home3/modoper/tempo/global/oens/recfct/datain/recfctFCT07R.nml > /gfs/home3/modoper/tempo/global/oens/recfct/output/recfct.out.2012021300.04:38.T126L28
+ ./recfct.T126L28
+ 0< /gfs/home3/modoper/tempo/global/oens/recfct/datain/recfctFCT07R.nml 1> /gfs/home3/modoper/tempo/global/oens/recfct/output/recfct.out.2012021300.04:38.T126L28
 
 
     ******  Program Information  ******
  Real Time (sec)       :          6.190829
  User Time (sec)       :          4.137655
  Sys  Time (sec)       :          0.064018
  Vector Time (sec)     :          0.348232
  Inst. Count           :        1596986017.
  V. Inst. Count        :          16052480.
  V. Element Count      :        1289251883.
  FLOP Count            :         534710003.
  MOPS                  :        693.674457
  MFLOPS                :        129.230212
  VLEN                  :         80.314810
  V. Op. Ratio (%)      :         44.918766
  Memory Size (MB)      :        192.031250
  MIPS                  :        385.964057
  I-Cache (sec)         :          0.000844
  O-Cache (sec)         :          0.877340
  Bank (sec)            :          0.001190
 
  Start Time (date)  :  2012/02/13 04:38:16
  End   Time (date)  :  2012/02/13 04:38:22
-rw-r--r--    1 modoper  pnt             400 Feb 13 04:38 /gfs/home3/modoper/tempo/global/oens/eof/datain/templ072012021300
sx6
PNT-EN
12021304:38
out
/gfs/home3/modoper/tempo/global/oens
/gfs/home3/modoper/tempo/global/oens
/gfs/dk22/modoper/tempo/global/oens
/gfs/dk22/modoper/tempo/global/oens/model/datain
/gfs/home3/modoper/tempo/global/oens/run/setrecfct.1.FCT07RT126L28.sx6
Date: 20120213
Hour: 04:38
FCT07R
2012021300
2012021306
GFCT07R
GFCT07R
GFCT07R
F.fct
F.fct
R.fct
/gfs/home3/modoper/tempo/global/oens
/gfs/home3/modoper/tempo/global/oens
/gfs/dk22/modoper/tempo/global/oens
/gfs/dk22/modoper/tempo/global/oens/model/datain
run
run
GFCT07R20120213002012021306F.fct.T126L28
/gfs/home3/modoper/tempo/global/oens/recfct/datain/GFCT07R20120213002012021306F.fct.T126L28
+ echo Recomposition  -x-  RUNNING ...
Recomposition  -x-  RUNNING ...
+ source=/gfs/home3/modoper/tempo/global/oens/recfct/source
+ bin=/gfs/home3/modoper/tempo/global/oens/recfct/bin/T126L28
+ input=/gfs/home3/modoper/tempo/global/oens/recfct/datain
+ out=/gfs/home3/modoper/tempo/global/oens/recfct/output
+ echo run
run
+ [ run = make ]
+ echo run
run
+ [ run = clean ]
+ cd /gfs/home3/modoper/tempo/global/oens/recfct/bin/T126L28
+ echo ./recfct.T126L28 < /gfs/home3/modoper/tempo/global/oens/recfct/datain/recfctFCT07R.nml > /gfs/home3/modoper/tempo/global/oens/recfct/output/recfct.out.2012021300.04:38.T126L28
./recfct.T126L28 < /gfs/home3/modoper/tempo/global/oens/recfct/datain/recfctFCT07R.nml > /gfs/home3/modoper/tempo/global/oens/recfct/output/recfct.out.2012021300.04:38.T126L28
+ ./recfct.T126L28
+ 0< /gfs/home3/modoper/tempo/global/oens/recfct/datain/recfctFCT07R.nml 1> /gfs/home3/modoper/tempo/global/oens/recfct/output/recfct.out.2012021300.04:38.T126L28
 
 
     ******  Program Information  ******
  Real Time (sec)       :          9.316217
  User Time (sec)       :          4.137591
  Sys  Time (sec)       :          0.065236
  Vector Time (sec)     :          0.348252
  Inst. Count           :        1596986017.
  V. Inst. Count        :          16052480.
  V. Element Count      :        1289251883.
  FLOP Count            :         534710003.
  MOPS                  :        693.685224
  MFLOPS                :        129.232218
  VLEN                  :         80.314810
  V. Op. Ratio (%)      :         44.918766
  Memory Size (MB)      :        192.031250
  MIPS                  :        385.970047
  I-Cache (sec)         :          0.000814
  O-Cache (sec)         :          0.877396
  Bank (sec)            :          0.001190
 
  Start Time (date)  :  2012/02/13 04:38:23
  End   Time (date)  :  2012/02/13 04:38:32
-rw-r--r--    1 modoper  pnt             600 Feb 13 04:38 /gfs/home3/modoper/tempo/global/oens/eof/datain/templ072012021300
sx6
PNT-EN
12021304:38
out
/gfs/home3/modoper/tempo/global/oens
/gfs/home3/modoper/tempo/global/oens
/gfs/dk22/modoper/tempo/global/oens
/gfs/dk22/modoper/tempo/global/oens/model/datain
/gfs/home3/modoper/tempo/global/oens/run/setrecfct.1.FCT07RT126L28.sx6
Date: 20120213
Hour: 04:38
FCT07R
2012021300
2012021309
GFCT07R
GFCT07R
GFCT07R
F.fct
F.fct
R.fct
/gfs/home3/modoper/tempo/global/oens
/gfs/home3/modoper/tempo/global/oens
/gfs/dk22/modoper/tempo/global/oens
/gfs/dk22/modoper/tempo/global/oens/model/datain
run
run
GFCT07R20120213002012021309F.fct.T126L28
/gfs/home3/modoper/tempo/global/oens/recfct/datain/GFCT07R20120213002012021309F.fct.T126L28
+ echo Recomposition  -x-  RUNNING ...
Recomposition  -x-  RUNNING ...
+ source=/gfs/home3/modoper/tempo/global/oens/recfct/source
+ bin=/gfs/home3/modoper/tempo/global/oens/recfct/bin/T126L28
+ input=/gfs/home3/modoper/tempo/global/oens/recfct/datain
+ out=/gfs/home3/modoper/tempo/global/oens/recfct/output
+ echo run
run
+ [ run = make ]
+ echo run
run
+ [ run = clean ]
+ cd /gfs/home3/modoper/tempo/global/oens/recfct/bin/T126L28
+ echo ./recfct.T126L28 < /gfs/home3/modoper/tempo/global/oens/recfct/datain/recfctFCT07R.nml > /gfs/home3/modoper/tempo/global/oens/recfct/output/recfct.out.2012021300.04:38.T126L28
./recfct.T126L28 < /gfs/home3/modoper/tempo/global/oens/recfct/datain/recfctFCT07R.nml > /gfs/home3/modoper/tempo/global/oens/recfct/output/recfct.out.2012021300.04:38.T126L28
+ ./recfct.T126L28
+ 0< /gfs/home3/modoper/tempo/global/oens/recfct/datain/recfctFCT07R.nml 1> /gfs/home3/modoper/tempo/global/oens/recfct/output/recfct.out.2012021300.04:38.T126L28
 
 
     ******  Program Information  ******
  Real Time (sec)       :          7.647343
  User Time (sec)       :          4.137682
  Sys  Time (sec)       :          0.062827
  Vector Time (sec)     :          0.348252
  Inst. Count           :        1596986017.
  V. Inst. Count        :          16052480.
  V. Element Count      :        1289251883.
  FLOP Count            :         534710003.
  MOPS                  :        693.669909
  MFLOPS                :        129.229365
  VLEN                  :         80.314810
  V. Op. Ratio (%)      :         44.918766
  Memory Size (MB)      :        192.031250
  MIPS                  :        385.961526
  I-Cache (sec)         :          0.000814
  O-Cache (sec)         :          0.877365
  Bank (sec)            :          0.001190
 
  Start Time (date)  :  2012/02/13 04:38:33
  End   Time (date)  :  2012/02/13 04:38:41
-rw-r--r--    1 modoper  pnt             800 Feb 13 04:38 /gfs/home3/modoper/tempo/global/oens/eof/datain/templ072012021300
sx6
PNT-EN
12021304:38
out
/gfs/home3/modoper/tempo/global/oens
/gfs/home3/modoper/tempo/global/oens
/gfs/dk22/modoper/tempo/global/oens
/gfs/dk22/modoper/tempo/global/oens/model/datain
/gfs/home3/modoper/tempo/global/oens/run/setrecfct.1.FCT07RT126L28.sx6
Date: 20120213
Hour: 04:38
FCT07R
2012021300
2012021312
GFCT07R
GFCT07R
GFCT07R
F.fct
F.fct
R.fct
/gfs/home3/modoper/tempo/global/oens
/gfs/home3/modoper/tempo/global/oens
/gfs/dk22/modoper/tempo/global/oens
/gfs/dk22/modoper/tempo/global/oens/model/datain
run
run
GFCT07R20120213002012021312F.fct.T126L28
/gfs/home3/modoper/tempo/global/oens/recfct/datain/GFCT07R20120213002012021312F.fct.T126L28
+ echo Recomposition  -x-  RUNNING ...
Recomposition  -x-  RUNNING ...
+ source=/gfs/home3/modoper/tempo/global/oens/recfct/source
+ bin=/gfs/home3/modoper/tempo/global/oens/recfct/bin/T126L28
+ input=/gfs/home3/modoper/tempo/global/oens/recfct/datain
+ out=/gfs/home3/modoper/tempo/global/oens/recfct/output
+ echo run
run
+ [ run = make ]
+ echo run
run
+ [ run = clean ]
+ cd /gfs/home3/modoper/tempo/global/oens/recfct/bin/T126L28
+ echo ./recfct.T126L28 < /gfs/home3/modoper/tempo/global/oens/recfct/datain/recfctFCT07R.nml > /gfs/home3/modoper/tempo/global/oens/recfct/output/recfct.out.2012021300.04:38.T126L28
./recfct.T126L28 < /gfs/home3/modoper/tempo/global/oens/recfct/datain/recfctFCT07R.nml > /gfs/home3/modoper/tempo/global/oens/recfct/output/recfct.out.2012021300.04:38.T126L28
+ ./recfct.T126L28
+ 0< /gfs/home3/modoper/tempo/global/oens/recfct/datain/recfctFCT07R.nml 1> /gfs/home3/modoper/tempo/global/oens/recfct/output/recfct.out.2012021300.04:38.T126L28
 
 
     ******  Program Information  ******
  Real Time (sec)       :          9.347331
  User Time (sec)       :          4.138032
  Sys  Time (sec)       :          0.064735
  Vector Time (sec)     :          0.348281
  Inst. Count           :        1596986048.
  V. Inst. Count        :          16052480.
  V. Element Count      :        1289251883.
  FLOP Count            :         534710004.
  MOPS                  :        693.611267
  MFLOPS                :        129.218439
  VLEN                  :         80.314810
  V. Op. Ratio (%)      :         44.918766
  Memory Size (MB)      :        192.031250
  MIPS                  :        385.928901
  I-Cache (sec)         :          0.000816
  O-Cache (sec)         :          0.877945
  Bank (sec)            :          0.001190
 
  Start Time (date)  :  2012/02/13 04:38:42
  End   Time (date)  :  2012/02/13 04:38:51
-rw-r--r--    1 modoper  pnt            1000 Feb 13 04:38 /gfs/home3/modoper/tempo/global/oens/eof/datain/templ072012021300
sx6
PNT-EN
12021304:38
out
/gfs/home3/modoper/tempo/global/oens
/gfs/home3/modoper/tempo/global/oens
/gfs/dk22/modoper/tempo/global/oens
/gfs/dk22/modoper/tempo/global/oens/model/datain
/gfs/home3/modoper/tempo/global/oens/run/setrecfct.1.FCT07RT126L28.sx6
Date: 20120213
Hour: 04:38
FCT07R
2012021300
2012021315
GFCT07R
GFCT07R
GFCT07R
F.fct
F.fct
R.fct
/gfs/home3/modoper/tempo/global/oens
/gfs/home3/modoper/tempo/global/oens
/gfs/dk22/modoper/tempo/global/oens
/gfs/dk22/modoper/tempo/global/oens/model/datain
run
run
GFCT07R20120213002012021315F.fct.T126L28
/gfs/home3/modoper/tempo/global/oens/recfct/datain/GFCT07R20120213002012021315F.fct.T126L28
+ echo Recomposition  -x-  RUNNING ...
Recomposition  -x-  RUNNING ...
+ source=/gfs/home3/modoper/tempo/global/oens/recfct/source
+ bin=/gfs/home3/modoper/tempo/global/oens/recfct/bin/T126L28
+ input=/gfs/home3/modoper/tempo/global/oens/recfct/datain
+ out=/gfs/home3/modoper/tempo/global/oens/recfct/output
+ echo run
run
+ [ run = make ]
+ echo run
run
+ [ run = clean ]
+ cd /gfs/home3/modoper/tempo/global/oens/recfct/bin/T126L28
+ echo ./recfct.T126L28 < /gfs/home3/modoper/tempo/global/oens/recfct/datain/recfctFCT07R.nml > /gfs/home3/modoper/tempo/global/oens/recfct/output/recfct.out.2012021300.04:38.T126L28
./recfct.T126L28 < /gfs/home3/modoper/tempo/global/oens/recfct/datain/recfctFCT07R.nml > /gfs/home3/modoper/tempo/global/oens/recfct/output/recfct.out.2012021300.04:38.T126L28
+ ./recfct.T126L28
+ 0< /gfs/home3/modoper/tempo/global/oens/recfct/datain/recfctFCT07R.nml 1> /gfs/home3/modoper/tempo/global/oens/recfct/output/recfct.out.2012021300.04:38.T126L28
 
 
     ******  Program Information  ******
  Real Time (sec)       :          6.068551
  User Time (sec)       :          4.138189
  Sys  Time (sec)       :          0.061819
  Vector Time (sec)     :          0.348212
  Inst. Count           :        1596986048.
  V. Inst. Count        :          16052480.
  V. Element Count      :        1289251883.
  FLOP Count            :         534710004.
  MOPS                  :        693.584872
  MFLOPS                :        129.213521
  VLEN                  :         80.314810
  V. Op. Ratio (%)      :         44.918766
  Memory Size (MB)      :        192.031250
  MIPS                  :        385.914214
  I-Cache (sec)         :          0.000823
  O-Cache (sec)         :          0.878187
  Bank (sec)            :          0.001190
 
  Start Time (date)  :  2012/02/13 04:38:59
  End   Time (date)  :  2012/02/13 04:39:05
-rw-r--r--    1 modoper  pnt            1200 Feb 13 04:39 /gfs/home3/modoper/tempo/global/oens/eof/datain/templ072012021300
sx6
PNT-EN
12021304:39
out
/gfs/home3/modoper/tempo/global/oens
/gfs/home3/modoper/tempo/global/oens
/gfs/dk22/modoper/tempo/global/oens
/gfs/dk22/modoper/tempo/global/oens/model/datain
/gfs/home3/modoper/tempo/global/oens/run/setrecfct.1.FCT07RT126L28.sx6
Date: 20120213
Hour: 04:39
FCT07R
2012021300
2012021318
GFCT07R
GFCT07R
GFCT07R
F.fct
F.fct
R.fct
/gfs/home3/modoper/tempo/global/oens
/gfs/home3/modoper/tempo/global/oens
/gfs/dk22/modoper/tempo/global/oens
/gfs/dk22/modoper/tempo/global/oens/model/datain
run
run
GFCT07R20120213002012021318F.fct.T126L28
/gfs/home3/modoper/tempo/global/oens/recfct/datain/GFCT07R20120213002012021318F.fct.T126L28
+ echo Recomposition  -x-  RUNNING ...
Recomposition  -x-  RUNNING ...
+ source=/gfs/home3/modoper/tempo/global/oens/recfct/source
+ bin=/gfs/home3/modoper/tempo/global/oens/recfct/bin/T126L28
+ input=/gfs/home3/modoper/tempo/global/oens/recfct/datain
+ out=/gfs/home3/modoper/tempo/global/oens/recfct/output
+ echo run
run
+ [ run = make ]
+ echo run
run
+ [ run = clean ]
+ cd /gfs/home3/modoper/tempo/global/oens/recfct/bin/T126L28
+ echo ./recfct.T126L28 < /gfs/home3/modoper/tempo/global/oens/recfct/datain/recfctFCT07R.nml > /gfs/home3/modoper/tempo/global/oens/recfct/output/recfct.out.2012021300.04:39.T126L28
./recfct.T126L28 < /gfs/home3/modoper/tempo/global/oens/recfct/datain/recfctFCT07R.nml > /gfs/home3/modoper/tempo/global/oens/recfct/output/recfct.out.2012021300.04:39.T126L28
+ ./recfct.T126L28
+ 0< /gfs/home3/modoper/tempo/global/oens/recfct/datain/recfctFCT07R.nml 1> /gfs/home3/modoper/tempo/global/oens/recfct/output/recfct.out.2012021300.04:39.T126L28
 
 
     ******  Program Information  ******
  Real Time (sec)       :         11.674719
  User Time (sec)       :          4.135385
  Sys  Time (sec)       :          0.063985
  Vector Time (sec)     :          0.347958
  Inst. Count           :        1596986048.
  V. Inst. Count        :          16052480.
  V. Element Count      :        1289251883.
  FLOP Count            :         534710004.
  MOPS                  :        694.055195
  MFLOPS                :        129.301142
  VLEN                  :         80.314810
  V. Op. Ratio (%)      :         44.918766
  Memory Size (MB)      :        192.031250
  MIPS                  :        386.175905
  I-Cache (sec)         :          0.000839
  O-Cache (sec)         :          0.875534
  Bank (sec)            :          0.001190
 
  Start Time (date)  :  2012/02/13 04:39:06
  End   Time (date)  :  2012/02/13 04:39:18
-rw-r--r--    1 modoper  pnt            1400 Feb 13 04:39 /gfs/home3/modoper/tempo/global/oens/eof/datain/templ072012021300
sx6
PNT-EN
12021304:39
out
/gfs/home3/modoper/tempo/global/oens
/gfs/home3/modoper/tempo/global/oens
/gfs/dk22/modoper/tempo/global/oens
/gfs/dk22/modoper/tempo/global/oens/model/datain
/gfs/home3/modoper/tempo/global/oens/run/setrecfct.1.FCT07RT126L28.sx6
Date: 20120213
Hour: 04:39
FCT07R
2012021300
2012021321
GFCT07R
GFCT07R
GFCT07R
F.fct
F.fct
R.fct
/gfs/home3/modoper/tempo/global/oens
/gfs/home3/modoper/tempo/global/oens
/gfs/dk22/modoper/tempo/global/oens
/gfs/dk22/modoper/tempo/global/oens/model/datain
run
run
GFCT07R20120213002012021321F.fct.T126L28
/gfs/home3/modoper/tempo/global/oens/recfct/datain/GFCT07R20120213002012021321F.fct.T126L28
+ echo Recomposition  -x-  RUNNING ...
Recomposition  -x-  RUNNING ...
+ source=/gfs/home3/modoper/tempo/global/oens/recfct/source
+ bin=/gfs/home3/modoper/tempo/global/oens/recfct/bin/T126L28
+ input=/gfs/home3/modoper/tempo/global/oens/recfct/datain
+ out=/gfs/home3/modoper/tempo/global/oens/recfct/output
+ echo run
run
+ [ run = make ]
+ echo run
run
+ [ run = clean ]
+ cd /gfs/home3/modoper/tempo/global/oens/recfct/bin/T126L28
+ echo ./recfct.T126L28 < /gfs/home3/modoper/tempo/global/oens/recfct/datain/recfctFCT07R.nml > /gfs/home3/modoper/tempo/global/oens/recfct/output/recfct.out.2012021300.04:39.T126L28
./recfct.T126L28 < /gfs/home3/modoper/tempo/global/oens/recfct/datain/recfctFCT07R.nml > /gfs/home3/modoper/tempo/global/oens/recfct/output/recfct.out.2012021300.04:39.T126L28
+ ./recfct.T126L28
+ 0< /gfs/home3/modoper/tempo/global/oens/recfct/datain/recfctFCT07R.nml 1> /gfs/home3/modoper/tempo/global/oens/recfct/output/recfct.out.2012021300.04:39.T126L28
 
 
     ******  Program Information  ******
  Real Time (sec)       :         16.362142
  User Time (sec)       :          4.136410
  Sys  Time (sec)       :          0.067699
  Vector Time (sec)     :          0.348294
  Inst. Count           :        1596986048.
  V. Inst. Count        :          16052480.
  V. Element Count      :        1289251883.
  FLOP Count            :         534710004.
  MOPS                  :        693.883238
  MFLOPS                :        129.269107
  VLEN                  :         80.314810
  V. Op. Ratio (%)      :         44.918766
  Memory Size (MB)      :        192.031250
  MIPS                  :        386.080227
  I-Cache (sec)         :          0.000820
  O-Cache (sec)         :          0.876097
  Bank (sec)            :          0.001190
 
  Start Time (date)  :  2012/02/13 04:39:19
  End   Time (date)  :  2012/02/13 04:39:35
-rw-r--r--    1 modoper  pnt            1600 Feb 13 04:39 /gfs/home3/modoper/tempo/global/oens/eof/datain/templ072012021300
sx6
PNT-EN
12021304:39
out
/gfs/home3/modoper/tempo/global/oens
/gfs/home3/modoper/tempo/global/oens
/gfs/dk22/modoper/tempo/global/oens
/gfs/dk22/modoper/tempo/global/oens/model/datain
/gfs/home3/modoper/tempo/global/oens/run/setrecfct.1.FCT07RT126L28.sx6
Date: 20120213
Hour: 04:39
FCT07R
2012021300
2012021400
GFCT07R
GFCT07R
GFCT07R
F.fct
F.fct
R.fct
/gfs/home3/modoper/tempo/global/oens
/gfs/home3/modoper/tempo/global/oens
/gfs/dk22/modoper/tempo/global/oens
/gfs/dk22/modoper/tempo/global/oens/model/datain
run
run
GFCT07R20120213002012021400F.fct.T126L28
/gfs/home3/modoper/tempo/global/oens/recfct/datain/GFCT07R20120213002012021400F.fct.T126L28
+ echo Recomposition  -x-  RUNNING ...
Recomposition  -x-  RUNNING ...
+ source=/gfs/home3/modoper/tempo/global/oens/recfct/source
+ bin=/gfs/home3/modoper/tempo/global/oens/recfct/bin/T126L28
+ input=/gfs/home3/modoper/tempo/global/oens/recfct/datain
+ out=/gfs/home3/modoper/tempo/global/oens/recfct/output
+ echo run
run
+ [ run = make ]
+ echo run
run
+ [ run = clean ]
+ cd /gfs/home3/modoper/tempo/global/oens/recfct/bin/T126L28
+ echo ./recfct.T126L28 < /gfs/home3/modoper/tempo/global/oens/recfct/datain/recfctFCT07R.nml > /gfs/home3/modoper/tempo/global/oens/recfct/output/recfct.out.2012021300.04:39.T126L28
./recfct.T126L28 < /gfs/home3/modoper/tempo/global/oens/recfct/datain/recfctFCT07R.nml > /gfs/home3/modoper/tempo/global/oens/recfct/output/recfct.out.2012021300.04:39.T126L28
+ ./recfct.T126L28
+ 0< /gfs/home3/modoper/tempo/global/oens/recfct/datain/recfctFCT07R.nml 1> /gfs/home3/modoper/tempo/global/oens/recfct/output/recfct.out.2012021300.04:39.T126L28
 
 
     ******  Program Information  ******
  Real Time (sec)       :         14.944206
  User Time (sec)       :          4.137740
  Sys  Time (sec)       :          0.066628
  Vector Time (sec)     :          0.348324
  Inst. Count           :        1596986017.
  V. Inst. Count        :          16052480.
  V. Element Count      :        1289251883.
  FLOP Count            :         534710003.
  MOPS                  :        693.660172
  MFLOPS                :        129.227551
  VLEN                  :         80.314810
  V. Op. Ratio (%)      :         44.918766
  Memory Size (MB)      :        192.031250
  MIPS                  :        385.956108
  I-Cache (sec)         :          0.000852
  O-Cache (sec)         :          0.877524
  Bank (sec)            :          0.001190
 
  Start Time (date)  :  2012/02/13 04:39:36
  End   Time (date)  :  2012/02/13 04:39:51
-rw-r--r--    1 modoper  pnt            1800 Feb 13 04:39 /gfs/home3/modoper/tempo/global/oens/eof/datain/templ072012021300
sx6
PNT-EN
12021304:39
out
/gfs/home3/modoper/tempo/global/oens
/gfs/home3/modoper/tempo/global/oens
/gfs/dk22/modoper/tempo/global/oens
/gfs/dk22/modoper/tempo/global/oens/model/datain
/gfs/home3/modoper/tempo/global/oens/run/setrecfct.1.FCT07RT126L28.sx6
Date: 20120213
Hour: 04:39
FCT07R
2012021300
2012021403
GFCT07R
GFCT07R
GFCT07R
F.fct
F.fct
R.fct
/gfs/home3/modoper/tempo/global/oens
/gfs/home3/modoper/tempo/global/oens
/gfs/dk22/modoper/tempo/global/oens
/gfs/dk22/modoper/tempo/global/oens/model/datain
run
run
GFCT07R20120213002012021403F.fct.T126L28
/gfs/home3/modoper/tempo/global/oens/recfct/datain/GFCT07R20120213002012021403F.fct.T126L28
+ echo Recomposition  -x-  RUNNING ...
Recomposition  -x-  RUNNING ...
+ source=/gfs/home3/modoper/tempo/global/oens/recfct/source
+ bin=/gfs/home3/modoper/tempo/global/oens/recfct/bin/T126L28
+ input=/gfs/home3/modoper/tempo/global/oens/recfct/datain
+ out=/gfs/home3/modoper/tempo/global/oens/recfct/output
+ echo run
run
+ [ run = make ]
+ echo run
run
+ [ run = clean ]
+ cd /gfs/home3/modoper/tempo/global/oens/recfct/bin/T126L28
+ echo ./recfct.T126L28 < /gfs/home3/modoper/tempo/global/oens/recfct/datain/recfctFCT07R.nml > /gfs/home3/modoper/tempo/global/oens/recfct/output/recfct.out.2012021300.04:39.T126L28
./recfct.T126L28 < /gfs/home3/modoper/tempo/global/oens/recfct/datain/recfctFCT07R.nml > /gfs/home3/modoper/tempo/global/oens/recfct/output/recfct.out.2012021300.04:39.T126L28
+ ./recfct.T126L28
+ 0< /gfs/home3/modoper/tempo/global/oens/recfct/datain/recfctFCT07R.nml 1> /gfs/home3/modoper/tempo/global/oens/recfct/output/recfct.out.2012021300.04:39.T126L28
 
 
     ******  Program Information  ******
  Real Time (sec)       :          6.397874
  User Time (sec)       :          4.328703
  Sys  Time (sec)       :          0.061757
  Vector Time (sec)     :          0.420958
  Inst. Count           :        1596986017.
  V. Inst. Count        :          16052480.
  V. Element Count      :        1289251883.
  FLOP Count            :         534710003.
  MOPS                  :        663.059060
  MFLOPS                :        123.526623
  VLEN                  :         80.314810
  V. Op. Ratio (%)      :         44.918766
  Memory Size (MB)      :        192.031250
  MIPS                  :        368.929492
  I-Cache (sec)         :          0.000820
  O-Cache (sec)         :          0.996422
  Bank (sec)            :          0.001231
 
  Start Time (date)  :  2012/02/13 04:39:52
  End   Time (date)  :  2012/02/13 04:39:59
-rw-r--r--    1 modoper  pnt            2000 Feb 13 04:39 /gfs/home3/modoper/tempo/global/oens/eof/datain/templ072012021300
sx6
PNT-EN
12021304:40
out
/gfs/home3/modoper/tempo/global/oens
/gfs/home3/modoper/tempo/global/oens
/gfs/dk22/modoper/tempo/global/oens
/gfs/dk22/modoper/tempo/global/oens/model/datain
/gfs/home3/modoper/tempo/global/oens/run/setrecfct.1.FCT07RT126L28.sx6
Date: 20120213
Hour: 04:40
FCT07R
2012021300
2012021406
GFCT07R
GFCT07R
GFCT07R
F.fct
F.fct
R.fct
/gfs/home3/modoper/tempo/global/oens
/gfs/home3/modoper/tempo/global/oens
/gfs/dk22/modoper/tempo/global/oens
/gfs/dk22/modoper/tempo/global/oens/model/datain
run
run
GFCT07R20120213002012021406F.fct.T126L28
/gfs/home3/modoper/tempo/global/oens/recfct/datain/GFCT07R20120213002012021406F.fct.T126L28
+ echo Recomposition  -x-  RUNNING ...
Recomposition  -x-  RUNNING ...
+ source=/gfs/home3/modoper/tempo/global/oens/recfct/source
+ bin=/gfs/home3/modoper/tempo/global/oens/recfct/bin/T126L28
+ input=/gfs/home3/modoper/tempo/global/oens/recfct/datain
+ out=/gfs/home3/modoper/tempo/global/oens/recfct/output
+ echo run
run
+ [ run = make ]
+ echo run
run
+ [ run = clean ]
+ cd /gfs/home3/modoper/tempo/global/oens/recfct/bin/T126L28
+ echo ./recfct.T126L28 < /gfs/home3/modoper/tempo/global/oens/recfct/datain/recfctFCT07R.nml > /gfs/home3/modoper/tempo/global/oens/recfct/output/recfct.out.2012021300.04:40.T126L28
./recfct.T126L28 < /gfs/home3/modoper/tempo/global/oens/recfct/datain/recfctFCT07R.nml > /gfs/home3/modoper/tempo/global/oens/recfct/output/recfct.out.2012021300.04:40.T126L28
+ ./recfct.T126L28
+ 0< /gfs/home3/modoper/tempo/global/oens/recfct/datain/recfctFCT07R.nml 1> /gfs/home3/modoper/tempo/global/oens/recfct/output/recfct.out.2012021300.04:40.T126L28
 
 
     ******  Program Information  ******
  Real Time (sec)       :         12.004184
  User Time (sec)       :          4.134783
  Sys  Time (sec)       :          0.066065
  Vector Time (sec)     :          0.347328
  Inst. Count           :        1596986017.
  V. Inst. Count        :          16052480.
  V. Element Count      :        1289251883.
  FLOP Count            :         534710003.
  MOPS                  :        694.156177
  MFLOPS                :        129.319956
  VLEN                  :         80.314810
  V. Op. Ratio (%)      :         44.918766
  Memory Size (MB)      :        192.031250
  MIPS                  :        386.232088
  I-Cache (sec)         :          0.000826
  O-Cache (sec)         :          0.875311
  Bank (sec)            :          0.001190
 
  Start Time (date)  :  2012/02/13 04:40:00
  End   Time (date)  :  2012/02/13 04:40:12
-rw-r--r--    1 modoper  pnt            2200 Feb 13 04:40 /gfs/home3/modoper/tempo/global/oens/eof/datain/templ072012021300
sx6
PNT-EN
12021304:40
out
/gfs/home3/modoper/tempo/global/oens
/gfs/home3/modoper/tempo/global/oens
/gfs/dk22/modoper/tempo/global/oens
/gfs/dk22/modoper/tempo/global/oens/model/datain
/gfs/home3/modoper/tempo/global/oens/run/setrecfct.1.FCT07RT126L28.sx6
Date: 20120213
Hour: 04:40
FCT07R
2012021300
2012021409
GFCT07R
GFCT07R
GFCT07R
F.fct
F.fct
R.fct
/gfs/home3/modoper/tempo/global/oens
/gfs/home3/modoper/tempo/global/oens
/gfs/dk22/modoper/tempo/global/oens
/gfs/dk22/modoper/tempo/global/oens/model/datain
run
run
GFCT07R20120213002012021409F.fct.T126L28
/gfs/home3/modoper/tempo/global/oens/recfct/datain/GFCT07R20120213002012021409F.fct.T126L28
+ echo Recomposition  -x-  RUNNING ...
Recomposition  -x-  RUNNING ...
+ source=/gfs/home3/modoper/tempo/global/oens/recfct/source
+ bin=/gfs/home3/modoper/tempo/global/oens/recfct/bin/T126L28
+ input=/gfs/home3/modoper/tempo/global/oens/recfct/datain
+ out=/gfs/home3/modoper/tempo/global/oens/recfct/output
+ echo run
run
+ [ run = make ]
+ echo run
run
+ [ run = clean ]
+ cd /gfs/home3/modoper/tempo/global/oens/recfct/bin/T126L28
+ echo ./recfct.T126L28 < /gfs/home3/modoper/tempo/global/oens/recfct/datain/recfctFCT07R.nml > /gfs/home3/modoper/tempo/global/oens/recfct/output/recfct.out.2012021300.04:40.T126L28
./recfct.T126L28 < /gfs/home3/modoper/tempo/global/oens/recfct/datain/recfctFCT07R.nml > /gfs/home3/modoper/tempo/global/oens/recfct/output/recfct.out.2012021300.04:40.T126L28
+ ./recfct.T126L28
+ 0< /gfs/home3/modoper/tempo/global/oens/recfct/datain/recfctFCT07R.nml 1> /gfs/home3/modoper/tempo/global/oens/recfct/output/recfct.out.2012021300.04:40.T126L28
 
 
     ******  Program Information  ******
  Real Time (sec)       :         15.241291
  User Time (sec)       :          4.137956
  Sys  Time (sec)       :          0.071606
  Vector Time (sec)     :          0.348843
  Inst. Count           :        1596986017.
  V. Inst. Count        :          16052480.
  V. Element Count      :        1289251883.
  FLOP Count            :         534710003.
  MOPS                  :        693.623908
  MFLOPS                :        129.220795
  VLEN                  :         80.314810
  V. Op. Ratio (%)      :         44.918766
  Memory Size (MB)      :        192.031250
  MIPS                  :        385.935931
  I-Cache (sec)         :          0.000903
  O-Cache (sec)         :          0.877058
  Bank (sec)            :          0.001192
 
  Start Time (date)  :  2012/02/13 04:40:13
  End   Time (date)  :  2012/02/13 04:40:29
-rw-r--r--    1 modoper  pnt            2400 Feb 13 04:40 /gfs/home3/modoper/tempo/global/oens/eof/datain/templ072012021300
sx6
PNT-EN
12021304:40
out
/gfs/home3/modoper/tempo/global/oens
/gfs/home3/modoper/tempo/global/oens
/gfs/dk22/modoper/tempo/global/oens
/gfs/dk22/modoper/tempo/global/oens/model/datain
/gfs/home3/modoper/tempo/global/oens/run/setrecfct.1.FCT07RT126L28.sx6
Date: 20120213
Hour: 04:40
FCT07R
2012021300
2012021412
GFCT07R
GFCT07R
GFCT07R
F.fct
F.fct
R.fct
/gfs/home3/modoper/tempo/global/oens
/gfs/home3/modoper/tempo/global/oens
/gfs/dk22/modoper/tempo/global/oens
/gfs/dk22/modoper/tempo/global/oens/model/datain
run
run
GFCT07R20120213002012021412F.fct.T126L28
/gfs/home3/modoper/tempo/global/oens/recfct/datain/GFCT07R20120213002012021412F.fct.T126L28
+ echo Recomposition  -x-  RUNNING ...
Recomposition  -x-  RUNNING ...
+ source=/gfs/home3/modoper/tempo/global/oens/recfct/source
+ bin=/gfs/home3/modoper/tempo/global/oens/recfct/bin/T126L28
+ input=/gfs/home3/modoper/tempo/global/oens/recfct/datain
+ out=/gfs/home3/modoper/tempo/global/oens/recfct/output
+ echo run
run
+ [ run = make ]
+ echo run
run
+ [ run = clean ]
+ cd /gfs/home3/modoper/tempo/global/oens/recfct/bin/T126L28
+ echo ./recfct.T126L28 < /gfs/home3/modoper/tempo/global/oens/recfct/datain/recfctFCT07R.nml > /gfs/home3/modoper/tempo/global/oens/recfct/output/recfct.out.2012021300.04:40.T126L28
./recfct.T126L28 < /gfs/home3/modoper/tempo/global/oens/recfct/datain/recfctFCT07R.nml > /gfs/home3/modoper/tempo/global/oens/recfct/output/recfct.out.2012021300.04:40.T126L28
+ ./recfct.T126L28
+ 0< /gfs/home3/modoper/tempo/global/oens/recfct/datain/recfctFCT07R.nml 1> /gfs/home3/modoper/tempo/global/oens/recfct/output/recfct.out.2012021300.04:40.T126L28
 
 
     ******  Program Information  ******
  Real Time (sec)       :         10.276736
  User Time (sec)       :          4.141406
  Sys  Time (sec)       :          0.067491
  Vector Time (sec)     :          0.349972
  Inst. Count           :        1596986048.
  V. Inst. Count        :          16052480.
  V. Element Count      :        1289251883.
  FLOP Count            :         534710004.
  MOPS                  :        693.046165
  MFLOPS                :        129.113161
  VLEN                  :         80.314810
  V. Op. Ratio (%)      :         44.918766
  Memory Size (MB)      :        192.031250
  MIPS                  :        385.614475
  I-Cache (sec)         :          0.000858
  O-Cache (sec)         :          0.879210
  Bank (sec)            :          0.001190
 
  Start Time (date)  :  2012/02/13 04:40:30
  End   Time (date)  :  2012/02/13 04:40:40
-rw-r--r--    1 modoper  pnt            2600 Feb 13 04:40 /gfs/home3/modoper/tempo/global/oens/eof/datain/templ072012021300
sx6
PNT-EN
12021304:40
out
/gfs/home3/modoper/tempo/global/oens
/gfs/home3/modoper/tempo/global/oens
/gfs/dk22/modoper/tempo/global/oens
/gfs/dk22/modoper/tempo/global/oens/model/datain
/gfs/home3/modoper/tempo/global/oens/run/setrecfct.1.FCT07RT126L28.sx6
Date: 20120213
Hour: 04:40
FCT07R
2012021300
2012021415
GFCT07R
GFCT07R
GFCT07R
F.fct
F.fct
R.fct
/gfs/home3/modoper/tempo/global/oens
/gfs/home3/modoper/tempo/global/oens
/gfs/dk22/modoper/tempo/global/oens
/gfs/dk22/modoper/tempo/global/oens/model/datain
run
run
GFCT07R20120213002012021415F.fct.T126L28
/gfs/home3/modoper/tempo/global/oens/recfct/datain/GFCT07R20120213002012021415F.fct.T126L28
+ echo Recomposition  -x-  RUNNING ...
Recomposition  -x-  RUNNING ...
+ source=/gfs/home3/modoper/tempo/global/oens/recfct/source
+ bin=/gfs/home3/modoper/tempo/global/oens/recfct/bin/T126L28
+ input=/gfs/home3/modoper/tempo/global/oens/recfct/datain
+ out=/gfs/home3/modoper/tempo/global/oens/recfct/output
+ echo run
run
+ [ run = make ]
+ echo run
run
+ [ run = clean ]
+ cd /gfs/home3/modoper/tempo/global/oens/recfct/bin/T126L28
+ echo ./recfct.T126L28 < /gfs/home3/modoper/tempo/global/oens/recfct/datain/recfctFCT07R.nml > /gfs/home3/modoper/tempo/global/oens/recfct/output/recfct.out.2012021300.04:40.T126L28
./recfct.T126L28 < /gfs/home3/modoper/tempo/global/oens/recfct/datain/recfctFCT07R.nml > /gfs/home3/modoper/tempo/global/oens/recfct/output/recfct.out.2012021300.04:40.T126L28
+ ./recfct.T126L28
+ 0< /gfs/home3/modoper/tempo/global/oens/recfct/datain/recfctFCT07R.nml 1> /gfs/home3/modoper/tempo/global/oens/recfct/output/recfct.out.2012021300.04:40.T126L28
 
 
     ******  Program Information  ******
  Real Time (sec)       :         11.640988
  User Time (sec)       :          4.140782
  Sys  Time (sec)       :          0.066177
  Vector Time (sec)     :          0.348936
  Inst. Count           :        1596986048.
  V. Inst. Count        :          16052480.
  V. Element Count      :        1289251883.
  FLOP Count            :         534710004.
  MOPS                  :        693.150582
  MFLOPS                :        129.132614
  VLEN                  :         80.314810
  V. Op. Ratio (%)      :         44.918766
  Memory Size (MB)      :        192.031250
  MIPS                  :        385.672574
  I-Cache (sec)         :          0.000841
  O-Cache (sec)         :          0.879768
  Bank (sec)            :          0.001190
 
  Start Time (date)  :  2012/02/13 04:40:42
  End   Time (date)  :  2012/02/13 04:40:53
-rw-r--r--    1 modoper  pnt            2800 Feb 13 04:40 /gfs/home3/modoper/tempo/global/oens/eof/datain/templ072012021300
sx6
PNT-EN
12021304:40
out
/gfs/home3/modoper/tempo/global/oens
/gfs/home3/modoper/tempo/global/oens
/gfs/dk22/modoper/tempo/global/oens
/gfs/dk22/modoper/tempo/global/oens/model/datain
/gfs/home3/modoper/tempo/global/oens/run/setrecfct.1.FCT07RT126L28.sx6
Date: 20120213
Hour: 04:40
FCT07R
2012021300
2012021418
GFCT07R
GFCT07R
GFCT07R
F.fct
F.fct
R.fct
/gfs/home3/modoper/tempo/global/oens
/gfs/home3/modoper/tempo/global/oens
/gfs/dk22/modoper/tempo/global/oens
/gfs/dk22/modoper/tempo/global/oens/model/datain
run
run
GFCT07R20120213002012021418F.fct.T126L28
/gfs/home3/modoper/tempo/global/oens/recfct/datain/GFCT07R20120213002012021418F.fct.T126L28
+ echo Recomposition  -x-  RUNNING ...
Recomposition  -x-  RUNNING ...
+ source=/gfs/home3/modoper/tempo/global/oens/recfct/source
+ bin=/gfs/home3/modoper/tempo/global/oens/recfct/bin/T126L28
+ input=/gfs/home3/modoper/tempo/global/oens/recfct/datain
+ out=/gfs/home3/modoper/tempo/global/oens/recfct/output
+ echo run
run
+ [ run = make ]
+ echo run
run
+ [ run = clean ]
+ cd /gfs/home3/modoper/tempo/global/oens/recfct/bin/T126L28
+ echo ./recfct.T126L28 < /gfs/home3/modoper/tempo/global/oens/recfct/datain/recfctFCT07R.nml > /gfs/home3/modoper/tempo/global/oens/recfct/output/recfct.out.2012021300.04:40.T126L28
./recfct.T126L28 < /gfs/home3/modoper/tempo/global/oens/recfct/datain/recfctFCT07R.nml > /gfs/home3/modoper/tempo/global/oens/recfct/output/recfct.out.2012021300.04:40.T126L28
+ ./recfct.T126L28
+ 0< /gfs/home3/modoper/tempo/global/oens/recfct/datain/recfctFCT07R.nml 1> /gfs/home3/modoper/tempo/global/oens/recfct/output/recfct.out.2012021300.04:40.T126L28
 
 
     ******  Program Information  ******
  Real Time (sec)       :         10.086354
  User Time (sec)       :          4.146471
  Sys  Time (sec)       :          0.067442
  Vector Time (sec)     :          0.349418
  Inst. Count           :        1596986048.
  V. Inst. Count        :          16052480.
  V. Element Count      :        1289251883.
  FLOP Count            :         534710004.
  MOPS                  :        692.199552
  MFLOPS                :        128.955439
  VLEN                  :         80.314810
  V. Op. Ratio (%)      :         44.918766
  Memory Size (MB)      :        192.031250
  MIPS                  :        385.143415
  I-Cache (sec)         :          0.000948
  O-Cache (sec)         :          0.884947
  Bank (sec)            :          0.001190
 
  Start Time (date)  :  2012/02/13 04:40:55
  End   Time (date)  :  2012/02/13 04:41:05
-rw-r--r--    1 modoper  pnt            3000 Feb 13 04:41 /gfs/home3/modoper/tempo/global/oens/eof/datain/templ072012021300
sx6
PNT-EN
12021304:41
out
/gfs/home3/modoper/tempo/global/oens
/gfs/home3/modoper/tempo/global/oens
/gfs/dk22/modoper/tempo/global/oens
/gfs/dk22/modoper/tempo/global/oens/model/datain
/gfs/home3/modoper/tempo/global/oens/run/setrecfct.1.FCT07RT126L28.sx6
Date: 20120213
Hour: 04:41
FCT07R
2012021300
2012021421
GFCT07R
GFCT07R
GFCT07R
F.fct
F.fct
R.fct
/gfs/home3/modoper/tempo/global/oens
/gfs/home3/modoper/tempo/global/oens
/gfs/dk22/modoper/tempo/global/oens
/gfs/dk22/modoper/tempo/global/oens/model/datain
run
run
GFCT07R20120213002012021421F.fct.T126L28
/gfs/home3/modoper/tempo/global/oens/recfct/datain/GFCT07R20120213002012021421F.fct.T126L28
+ echo Recomposition  -x-  RUNNING ...
Recomposition  -x-  RUNNING ...
+ source=/gfs/home3/modoper/tempo/global/oens/recfct/source
+ bin=/gfs/home3/modoper/tempo/global/oens/recfct/bin/T126L28
+ input=/gfs/home3/modoper/tempo/global/oens/recfct/datain
+ out=/gfs/home3/modoper/tempo/global/oens/recfct/output
+ echo run
run
+ [ run = make ]
+ echo run
run
+ [ run = clean ]
+ cd /gfs/home3/modoper/tempo/global/oens/recfct/bin/T126L28
+ echo ./recfct.T126L28 < /gfs/home3/modoper/tempo/global/oens/recfct/datain/recfctFCT07R.nml > /gfs/home3/modoper/tempo/global/oens/recfct/output/recfct.out.2012021300.04:41.T126L28
./recfct.T126L28 < /gfs/home3/modoper/tempo/global/oens/recfct/datain/recfctFCT07R.nml > /gfs/home3/modoper/tempo/global/oens/recfct/output/recfct.out.2012021300.04:41.T126L28
+ ./recfct.T126L28
+ 0< /gfs/home3/modoper/tempo/global/oens/recfct/datain/recfctFCT07R.nml 1> /gfs/home3/modoper/tempo/global/oens/recfct/output/recfct.out.2012021300.04:41.T126L28
 
 
     ******  Program Information  ******
  Real Time (sec)       :          6.145288
  User Time (sec)       :          4.136948
  Sys  Time (sec)       :          0.072555
  Vector Time (sec)     :          0.347963
  Inst. Count           :        1596986048.
  V. Inst. Count        :          16052480.
  V. Element Count      :        1289251883.
  FLOP Count            :         534710004.
  MOPS                  :        693.792912
  MFLOPS                :        129.252279
  VLEN                  :         80.314810
  V. Op. Ratio (%)      :         44.918766
  Memory Size (MB)      :        192.031250
  MIPS                  :        386.029969
  I-Cache (sec)         :          0.001794
  O-Cache (sec)         :          0.877270
  Bank (sec)            :          0.001190
 
  Start Time (date)  :  2012/02/13 04:41:06
  End   Time (date)  :  2012/02/13 04:41:12
-rw-r--r--    1 modoper  pnt            3200 Feb 13 04:41 /gfs/home3/modoper/tempo/global/oens/eof/datain/templ072012021300
sx6
PNT-EN
12021304:41
out
/gfs/home3/modoper/tempo/global/oens
/gfs/home3/modoper/tempo/global/oens
/gfs/dk22/modoper/tempo/global/oens
/gfs/dk22/modoper/tempo/global/oens/model/datain
/gfs/home3/modoper/tempo/global/oens/run/setrecfct.1.FCT07RT126L28.sx6
Date: 20120213
Hour: 04:41
FCT07R
2012021300
2012021500
GFCT07R
GFCT07R
GFCT07R
F.fct
F.fct
R.fct
/gfs/home3/modoper/tempo/global/oens
/gfs/home3/modoper/tempo/global/oens
/gfs/dk22/modoper/tempo/global/oens
/gfs/dk22/modoper/tempo/global/oens/model/datain
run
run
GFCT07R20120213002012021500F.fct.T126L28
/gfs/home3/modoper/tempo/global/oens/recfct/datain/GFCT07R20120213002012021500F.fct.T126L28
+ echo Recomposition  -x-  RUNNING ...
Recomposition  -x-  RUNNING ...
+ source=/gfs/home3/modoper/tempo/global/oens/recfct/source
+ bin=/gfs/home3/modoper/tempo/global/oens/recfct/bin/T126L28
+ input=/gfs/home3/modoper/tempo/global/oens/recfct/datain
+ out=/gfs/home3/modoper/tempo/global/oens/recfct/output
+ echo run
run
+ [ run = make ]
+ echo run
run
+ [ run = clean ]
+ cd /gfs/home3/modoper/tempo/global/oens/recfct/bin/T126L28
+ echo ./recfct.T126L28 < /gfs/home3/modoper/tempo/global/oens/recfct/datain/recfctFCT07R.nml > /gfs/home3/modoper/tempo/global/oens/recfct/output/recfct.out.2012021300.04:41.T126L28
./recfct.T126L28 < /gfs/home3/modoper/tempo/global/oens/recfct/datain/recfctFCT07R.nml > /gfs/home3/modoper/tempo/global/oens/recfct/output/recfct.out.2012021300.04:41.T126L28
+ ./recfct.T126L28
+ 0< /gfs/home3/modoper/tempo/global/oens/recfct/datain/recfctFCT07R.nml 1> /gfs/home3/modoper/tempo/global/oens/recfct/output/recfct.out.2012021300.04:41.T126L28
 
 
     ******  Program Information  ******
  Real Time (sec)       :         15.394814
  User Time (sec)       :          4.206620
  Sys  Time (sec)       :          0.066502
  Vector Time (sec)     :          0.373666
  Inst. Count           :        1596986017.
  V. Inst. Count        :          16052480.
  V. Element Count      :        1289251883.
  FLOP Count            :         534710003.
  MOPS                  :        682.301962
  MFLOPS                :        127.111538
  VLEN                  :         80.314810
  V. Op. Ratio (%)      :         44.918766
  Memory Size (MB)      :        192.031250
  MIPS                  :        379.636342
  I-Cache (sec)         :          0.000832
  O-Cache (sec)         :          0.922691
  Bank (sec)            :          0.001190
 
  Start Time (date)  :  2012/02/13 04:41:14
  End   Time (date)  :  2012/02/13 04:41:29
-rw-r--r--    1 modoper  pnt            3400 Feb 13 04:41 /gfs/home3/modoper/tempo/global/oens/eof/datain/templ072012021300
sx6
PNT-EN
12021304:41
out
/gfs/home3/modoper/tempo/global/oens
/gfs/home3/modoper/tempo/global/oens
/gfs/dk22/modoper/tempo/global/oens
/gfs/dk22/modoper/tempo/global/oens/model/datain
/gfs/home3/modoper/tempo/global/oens/run/setrecfct.1.FCT07RT126L28.sx6
Date: 20120213
Hour: 04:41
FCT07R
2012021300
2012021503
GFCT07R
GFCT07R
GFCT07R
F.fct
F.fct
R.fct
/gfs/home3/modoper/tempo/global/oens
/gfs/home3/modoper/tempo/global/oens
/gfs/dk22/modoper/tempo/global/oens
/gfs/dk22/modoper/tempo/global/oens/model/datain
run
run
GFCT07R20120213002012021503F.fct.T126L28
/gfs/home3/modoper/tempo/global/oens/recfct/datain/GFCT07R20120213002012021503F.fct.T126L28
+ echo Recomposition  -x-  RUNNING ...
Recomposition  -x-  RUNNING ...
+ source=/gfs/home3/modoper/tempo/global/oens/recfct/source
+ bin=/gfs/home3/modoper/tempo/global/oens/recfct/bin/T126L28
+ input=/gfs/home3/modoper/tempo/global/oens/recfct/datain
+ out=/gfs/home3/modoper/tempo/global/oens/recfct/output
+ echo run
run
+ [ run = make ]
+ echo run
run
+ [ run = clean ]
+ cd /gfs/home3/modoper/tempo/global/oens/recfct/bin/T126L28
+ echo ./recfct.T126L28 < /gfs/home3/modoper/tempo/global/oens/recfct/datain/recfctFCT07R.nml > /gfs/home3/modoper/tempo/global/oens/recfct/output/recfct.out.2012021300.04:41.T126L28
./recfct.T126L28 < /gfs/home3/modoper/tempo/global/oens/recfct/datain/recfctFCT07R.nml > /gfs/home3/modoper/tempo/global/oens/recfct/output/recfct.out.2012021300.04:41.T126L28
+ ./recfct.T126L28
+ 0< /gfs/home3/modoper/tempo/global/oens/recfct/datain/recfctFCT07R.nml 1> /gfs/home3/modoper/tempo/global/oens/recfct/output/recfct.out.2012021300.04:41.T126L28
 
 
     ******  Program Information  ******
  Real Time (sec)       :          6.738599
  User Time (sec)       :          4.235212
  Sys  Time (sec)       :          0.063527
  Vector Time (sec)     :          0.384444
  Inst. Count           :        1596986017.
  V. Inst. Count        :          16052480.
  V. Element Count      :        1289251883.
  FLOP Count            :         534710003.
  MOPS                  :        677.695800
  MFLOPS                :        126.253419
  VLEN                  :         80.314810
  V. Op. Ratio (%)      :         44.918766
  Memory Size (MB)      :        192.031250
  MIPS                  :        377.073449
  I-Cache (sec)         :          0.000861
  O-Cache (sec)         :          0.939998
  Bank (sec)            :          0.001190
 
  Start Time (date)  :  2012/02/13 04:41:31
  End   Time (date)  :  2012/02/13 04:41:38
-rw-r--r--    1 modoper  pnt            3600 Feb 13 04:41 /gfs/home3/modoper/tempo/global/oens/eof/datain/templ072012021300
sx6
PNT-EN
12021304:41
out
/gfs/home3/modoper/tempo/global/oens
/gfs/home3/modoper/tempo/global/oens
/gfs/dk22/modoper/tempo/global/oens
/gfs/dk22/modoper/tempo/global/oens/model/datain
/gfs/home3/modoper/tempo/global/oens/run/setrecfct.1.FCT07RT126L28.sx6
Date: 20120213
Hour: 04:41
FCT07R
2012021300
2012021506
GFCT07R
GFCT07R
GFCT07R
F.fct
F.fct
R.fct
/gfs/home3/modoper/tempo/global/oens
/gfs/home3/modoper/tempo/global/oens
/gfs/dk22/modoper/tempo/global/oens
/gfs/dk22/modoper/tempo/global/oens/model/datain
run
run
GFCT07R20120213002012021506F.fct.T126L28
/gfs/home3/modoper/tempo/global/oens/recfct/datain/GFCT07R20120213002012021506F.fct.T126L28
+ echo Recomposition  -x-  RUNNING ...
Recomposition  -x-  RUNNING ...
+ source=/gfs/home3/modoper/tempo/global/oens/recfct/source
+ bin=/gfs/home3/modoper/tempo/global/oens/recfct/bin/T126L28
+ input=/gfs/home3/modoper/tempo/global/oens/recfct/datain
+ out=/gfs/home3/modoper/tempo/global/oens/recfct/output
+ echo run
run
+ [ run = make ]
+ echo run
run
+ [ run = clean ]
+ cd /gfs/home3/modoper/tempo/global/oens/recfct/bin/T126L28
+ echo ./recfct.T126L28 < /gfs/home3/modoper/tempo/global/oens/recfct/datain/recfctFCT07R.nml > /gfs/home3/modoper/tempo/global/oens/recfct/output/recfct.out.2012021300.04:41.T126L28
./recfct.T126L28 < /gfs/home3/modoper/tempo/global/oens/recfct/datain/recfctFCT07R.nml > /gfs/home3/modoper/tempo/global/oens/recfct/output/recfct.out.2012021300.04:41.T126L28
+ ./recfct.T126L28
+ 0< /gfs/home3/modoper/tempo/global/oens/recfct/datain/recfctFCT07R.nml 1> /gfs/home3/modoper/tempo/global/oens/recfct/output/recfct.out.2012021300.04:41.T126L28
 
 
     ******  Program Information  ******
  Real Time (sec)       :          7.624887
  User Time (sec)       :          4.237516
  Sys  Time (sec)       :          0.074130
  Vector Time (sec)     :          0.383246
  Inst. Count           :        1596986017.
  V. Inst. Count        :          16052480.
  V. Element Count      :        1289251883.
  FLOP Count            :         534710003.
  MOPS                  :        677.327359
  MFLOPS                :        126.184779
  VLEN                  :         80.314810
  V. Op. Ratio (%)      :         44.918766
  Memory Size (MB)      :        192.031250
  MIPS                  :        376.868447
  I-Cache (sec)         :          0.001214
  O-Cache (sec)         :          0.942840
  Bank (sec)            :          0.001189
 
  Start Time (date)  :  2012/02/13 04:41:39
  End   Time (date)  :  2012/02/13 04:41:47
-rw-r--r--    1 modoper  pnt            3800 Feb 13 04:41 /gfs/home3/modoper/tempo/global/oens/eof/datain/templ072012021300
sx6
PNT-EN
12021304:41
out
/gfs/home3/modoper/tempo/global/oens
/gfs/home3/modoper/tempo/global/oens
/gfs/dk22/modoper/tempo/global/oens
/gfs/dk22/modoper/tempo/global/oens/model/datain
/gfs/home3/modoper/tempo/global/oens/run/setrecfct.1.FCT07RT126L28.sx6
Date: 20120213
Hour: 04:41
FCT07R
2012021300
2012021509
GFCT07R
GFCT07R
GFCT07R
F.fct
F.fct
R.fct
/gfs/home3/modoper/tempo/global/oens
/gfs/home3/modoper/tempo/global/oens
/gfs/dk22/modoper/tempo/global/oens
/gfs/dk22/modoper/tempo/global/oens/model/datain
run
run
GFCT07R20120213002012021509F.fct.T126L28
/gfs/home3/modoper/tempo/global/oens/recfct/datain/GFCT07R20120213002012021509F.fct.T126L28
+ echo Recomposition  -x-  RUNNING ...
Recomposition  -x-  RUNNING ...
+ source=/gfs/home3/modoper/tempo/global/oens/recfct/source
+ bin=/gfs/home3/modoper/tempo/global/oens/recfct/bin/T126L28
+ input=/gfs/home3/modoper/tempo/global/oens/recfct/datain
+ out=/gfs/home3/modoper/tempo/global/oens/recfct/output
+ echo run
run
+ [ run = make ]
+ echo run
run
+ [ run = clean ]
+ cd /gfs/home3/modoper/tempo/global/oens/recfct/bin/T126L28
+ echo ./recfct.T126L28 < /gfs/home3/modoper/tempo/global/oens/recfct/datain/recfctFCT07R.nml > /gfs/home3/modoper/tempo/global/oens/recfct/output/recfct.out.2012021300.04:41.T126L28
./recfct.T126L28 < /gfs/home3/modoper/tempo/global/oens/recfct/datain/recfctFCT07R.nml > /gfs/home3/modoper/tempo/global/oens/recfct/output/recfct.out.2012021300.04:41.T126L28
+ ./recfct.T126L28
+ 0< /gfs/home3/modoper/tempo/global/oens/recfct/datain/recfctFCT07R.nml 1> /gfs/home3/modoper/tempo/global/oens/recfct/output/recfct.out.2012021300.04:41.T126L28
 
 
     ******  Program Information  ******
  Real Time (sec)       :          6.478799
  User Time (sec)       :          4.235874
  Sys  Time (sec)       :          0.063552
  Vector Time (sec)     :          0.384381
  Inst. Count           :        1596986017.
  V. Inst. Count        :          16052480.
  V. Element Count      :        1289251883.
  FLOP Count            :         534710003.
  MOPS                  :        677.589838
  MFLOPS                :        126.233679
  VLEN                  :         80.314810
  V. Op. Ratio (%)      :         44.918766
  Memory Size (MB)      :        192.031250
  MIPS                  :        377.014492
  I-Cache (sec)         :          0.000874
  O-Cache (sec)         :          0.941278
  Bank (sec)            :          0.001189
 
  Start Time (date)  :  2012/02/13 04:41:49
  End   Time (date)  :  2012/02/13 04:41:55
-rw-r--r--    1 modoper  pnt            4000 Feb 13 04:41 /gfs/home3/modoper/tempo/global/oens/eof/datain/templ072012021300
sx6
PNT-EN
12021304:41
out
/gfs/home3/modoper/tempo/global/oens
/gfs/home3/modoper/tempo/global/oens
/gfs/dk22/modoper/tempo/global/oens
/gfs/dk22/modoper/tempo/global/oens/model/datain
/gfs/home3/modoper/tempo/global/oens/run/setrecfct.1.FCT07RT126L28.sx6
Date: 20120213
Hour: 04:41
FCT07R
2012021300
2012021512
GFCT07R
GFCT07R
GFCT07R
F.fct
F.fct
R.fct
/gfs/home3/modoper/tempo/global/oens
/gfs/home3/modoper/tempo/global/oens
/gfs/dk22/modoper/tempo/global/oens
/gfs/dk22/modoper/tempo/global/oens/model/datain
run
run
GFCT07R20120213002012021512F.fct.T126L28
/gfs/home3/modoper/tempo/global/oens/recfct/datain/GFCT07R20120213002012021512F.fct.T126L28
+ echo Recomposition  -x-  RUNNING ...
Recomposition  -x-  RUNNING ...
+ source=/gfs/home3/modoper/tempo/global/oens/recfct/source
+ bin=/gfs/home3/modoper/tempo/global/oens/recfct/bin/T126L28
+ input=/gfs/home3/modoper/tempo/global/oens/recfct/datain
+ out=/gfs/home3/modoper/tempo/global/oens/recfct/output
+ echo run
run
+ [ run = make ]
+ echo run
run
+ [ run = clean ]
+ cd /gfs/home3/modoper/tempo/global/oens/recfct/bin/T126L28
+ echo ./recfct.T126L28 < /gfs/home3/modoper/tempo/global/oens/recfct/datain/recfctFCT07R.nml > /gfs/home3/modoper/tempo/global/oens/recfct/output/recfct.out.2012021300.04:41.T126L28
./recfct.T126L28 < /gfs/home3/modoper/tempo/global/oens/recfct/datain/recfctFCT07R.nml > /gfs/home3/modoper/tempo/global/oens/recfct/output/recfct.out.2012021300.04:41.T126L28
+ ./recfct.T126L28
+ 0< /gfs/home3/modoper/tempo/global/oens/recfct/datain/recfctFCT07R.nml 1> /gfs/home3/modoper/tempo/global/oens/recfct/output/recfct.out.2012021300.04:41.T126L28
 
 
     ******  Program Information  ******
  Real Time (sec)       :          6.616100
  User Time (sec)       :          4.220382
  Sys  Time (sec)       :          0.063549
  Vector Time (sec)     :          0.377682
  Inst. Count           :        1596986048.
  V. Inst. Count        :          16052480.
  V. Element Count      :        1289251883.
  FLOP Count            :         534710004.
  MOPS                  :        680.077175
  MFLOPS                :        126.697064
  VLEN                  :         80.314810
  V. Op. Ratio (%)      :         44.918766
  Memory Size (MB)      :        192.031250
  MIPS                  :        378.398462
  I-Cache (sec)         :          0.000835
  O-Cache (sec)         :          0.931810
  Bank (sec)            :          0.001190
 
  Start Time (date)  :  2012/02/13 04:41:57
  End   Time (date)  :  2012/02/13 04:42:04
sx6
2012021304:42
out
/gfs/home3/modoper/tempo/global/oens
/gfs/home3/modoper/tempo/global/oens
/gfs/dk22/modoper/tempo/global/oens
/gfs/dk22/modoper/tempo/global/oens/model/datain
/gfs/home3/modoper/tempo/global/oens/run/seteofs.1.07T126L28.sx6
07
Date: 20120213
Hour: 04:42
2012021300
/gfs/home3/modoper/tempo/global/oens
/gfs/home3/modoper/tempo/global/oens
/gfs/dk22/modoper/tempo/global/oens
/gfs/dk22/modoper/tempo/global/oens/model/datain
run
run
Vai chamar eoft
+ echo EOFT           -x-  RUNNING ...
EOFT           -x-  RUNNING ...
+ source=/gfs/home3/modoper/tempo/global/oens/eoftemp/source
+ bin=/gfs/home3/modoper/tempo/global/oens/eof/bin/T126L28
+ inp=/gfs/home3/modoper/tempo/global/oens/eof/datain
+ outp=/gfs/home3/modoper/tempo/global/oens/eoftemp/output
+ echo run
run
+ [ run = make ]
+ echo run
run
+ [ run = clean ]
+ cd /gfs/home3/modoper/tempo/global/oens/eof/bin/T126L28
+ echo ./eoftem.T126L28 < /gfs/home3/modoper/tempo/global/oens/eof/datain/eoftem07.nml > /gfs/home3/modoper/tempo/global/oens/eoftemp/output/eoftem.2012021300.04:42.T126L28
./eoftem.T126L28 < /gfs/home3/modoper/tempo/global/oens/eof/datain/eoftem07.nml > /gfs/home3/modoper/tempo/global/oens/eoftemp/output/eoftem.2012021300.04:42.T126L28
+ ./eoftem.T126L28
+ 0< /gfs/home3/modoper/tempo/global/oens/eof/datain/eoftem07.nml 1> /gfs/home3/modoper/tempo/global/oens/eoftemp/output/eoftem.2012021300.04:42.T126L28
 entrou no eoft fortran
 &DATAIN DIRI=/gfs/home3/modoper/tempo/global/oens/eof/datain/                ,
 DIRA=/gfs/dk22/modoper/tempo/global/oens/model/datain/               ,
 DIRO=/gfs/dk22/modoper/tempo/global/oens/eof/dataout/T126L28/        ,
 NAMEL=templ072012021300                                               ,
 ANAME=GANLAVN2012021300R.unf.T126L28                                                      ,
 TEMOUT=temout072012021300                                              ,
 TEMPCM=tempcm072012021300                                              ,
 TEMPER1=tempe1072012021300                                              ,
 TEMPEN1=tempn1072012021300                                               /
 
 
     ******  Program Information  ******
  Real Time (sec)       :         19.033808
  User Time (sec)       :          6.610456
  Sys  Time (sec)       :          0.403673
  Vector Time (sec)     :          5.946002
  Inst. Count           :         597133956.
  V. Inst. Count        :          72972116.
  V. Element Count      :        9156490069.
  FLOP Count            :        3164566041.
  MOPS                  :       1464.445456
  MFLOPS                :        478.721310
  VLEN                  :        125.479300
  V. Op. Ratio (%)      :         94.585470
  Memory Size (MB)      :        304.031250
  MIPS                  :         90.331738
  I-Cache (sec)         :          0.003688
  O-Cache (sec)         :          0.004063
  Bank (sec)            :          0.281361
 
  Start Time (date)  :  2012/02/13 04:42:05
  End   Time (date)  :  2012/02/13 04:42:24
Vai chamar eofw
+ echo EOFW           -x-  RUNNING ...
EOFW           -x-  RUNNING ...
+ source=/gfs/home3/modoper/tempo/global/oens/eofwind/source
+ bin=/gfs/home3/modoper/tempo/global/oens/eof/bin/T126L28
+ out=/gfs/dk22/modoper/tempo/global/oens/eof/dataout/T126L28
+ inp=/gfs/home3/modoper/tempo/global/oens/eof/datain
+ outp=/gfs/home3/modoper/tempo/global/oens/eofwind/output
+ echo run
run
+ [ run = make ]
+ echo run
run
+ [ run = clean ]
+ cd /gfs/home3/modoper/tempo/global/oens/eof/bin/T126L28
+ echo ./eofwin.T126L28 < /gfs/home3/modoper/tempo/global/oens/eof/datain/eofwin07.nml > /gfs/home3/modoper/tempo/global/oens/eofwind/output/eofwin.2012021300.04:42.T126L28
./eofwin.T126L28 < /gfs/home3/modoper/tempo/global/oens/eof/datain/eofwin07.nml > /gfs/home3/modoper/tempo/global/oens/eofwind/output/eofwin.2012021300.04:42.T126L28
+ ./eofwin.T126L28
+ 0< /gfs/home3/modoper/tempo/global/oens/eof/datain/eofwin07.nml 1> /gfs/home3/modoper/tempo/global/oens/eofwind/output/eofwin.2012021300.04:42.T126L28
 
 
     ******  Program Information  ******
  Real Time (sec)       :         71.886647
  User Time (sec)       :         12.012564
  Sys  Time (sec)       :          0.607160
  Vector Time (sec)     :         10.981616
  Inst. Count           :        1009391136.
  V. Inst. Count        :         235339329.
  V. Element Count      :       26880732787.
  FLOP Count            :        7609521247.
  MOPS                  :       2302.155041
  MFLOPS                :        633.463538
  VLEN                  :        114.221167
  V. Op. Ratio (%)      :         97.201020
  Memory Size (MB)      :        624.031250
  MIPS                  :         84.027951
  I-Cache (sec)         :          0.007594
  O-Cache (sec)         :          0.019609
  Bank (sec)            :          0.599880
 
  Start Time (date)  :  2012/02/13 04:42:25
  End   Time (date)  :  2012/02/13 04:43:37
sx6
2012021304:43
out
/gfs/home3/modoper/tempo/global/oens
/gfs/home3/modoper/tempo/global/oens
/gfs/dk22/modoper/tempo/global/oens
/gfs/dk22/modoper/tempo/global/oens/model/datain
/gfs/home3/modoper/tempo/global/oens/run/setdeco07T126L28.sx6
Date: 20120213
Hour: 04:43
2012021300
/gfs/home3/modoper/tempo/global/oens
/gfs/home3/modoper/tempo/global/oens
/gfs/dk22/modoper/tempo/global/oens
/gfs/dk22/modoper/tempo/global/oens/model/datain
run
run
+ echo Decomposition  -x-  RUNNING ...
Decomposition  -x-  RUNNING ...
+ source=/gfs/home3/modoper/tempo/global/oens/decanl/source
+ bin=/gfs/home3/modoper/tempo/global/oens/decanl/bin/T126L28
+ input=/gfs/home3/modoper/tempo/global/oens/decanl/datain
+ out=/gfs/home3/modoper/tempo/global/oens/decanl/output
+ echo run
run
+ [ run = make ]
+ echo run
run
+ [ run = clean ]
+ cd /gfs/home3/modoper/tempo/global/oens/decanl/bin/T126L28
+ ./decanl.T126L28
+ 0< /gfs/home3/modoper/tempo/global/oens/decanl/datain/decanl07.nml 1> /gfs/home3/modoper/tempo/global/oens/decanl/output/decanl.2012021300.04:43.T126L28
 
 
     ******  Program Information  ******
  Real Time (sec)       :          3.105060
  User Time (sec)       :          0.821513
  Sys  Time (sec)       :          0.060037
  Vector Time (sec)     :          0.630203
  Inst. Count           :         173583870.
  V. Inst. Count        :          21078079.
  V. Element Count      :        2292782635.
  FLOP Count            :         590251093.
  MOPS                  :       2976.565275
  MFLOPS                :        718.492301
  VLEN                  :        108.775692
  V. Op. Ratio (%)      :         93.763280
  Memory Size (MB)      :        192.031250
  MIPS                  :        211.297659
  I-Cache (sec)         :          0.000855
  O-Cache (sec)         :          0.026662
  Bank (sec)            :          0.015381
 
  Start Time (date)  :  2012/02/13 04:43:38
  End   Time (date)  :  2012/02/13 04:43:41
+ echo Decomposition  -x-  RUNNING ...
Decomposition  -x-  RUNNING ...
+ source=/gfs/home3/modoper/tempo/global/oens/decanl/source
+ bin=/gfs/home3/modoper/tempo/global/oens/decanl/bin/T126L28
+ input=/gfs/home3/modoper/tempo/global/oens/decanl/datain
+ out=/gfs/home3/modoper/tempo/global/oens/decanl/output
+ echo run
run
+ [ run = make ]
+ echo run
run
+ [ run = clean ]
+ cd /gfs/home3/modoper/tempo/global/oens/decanl/bin/T126L28
+ ./decanl.T126L28
+ 0< /gfs/home3/modoper/tempo/global/oens/decanl/datain/decanl07.nml 1> /gfs/home3/modoper/tempo/global/oens/decanl/output/decanl.2012021300.04:43.T126L28
 
 
     ******  Program Information  ******
  Real Time (sec)       :          2.984266
  User Time (sec)       :          0.821270
  Sys  Time (sec)       :          0.056143
  Vector Time (sec)     :          0.630024
  Inst. Count           :         173583765.
  V. Inst. Count        :          21078079.
  V. Element Count      :        2292782629.
  FLOP Count            :         590251093.
  MOPS                  :       2977.449198
  MFLOPS                :        718.705697
  VLEN                  :        108.775692
  V. Op. Ratio (%)      :         93.763284
  Memory Size (MB)      :        192.031250
  MIPS                  :        211.360288
  I-Cache (sec)         :          0.000847
  O-Cache (sec)         :          0.026637
  Bank (sec)            :          0.015380
 
  Start Time (date)  :  2012/02/13 04:43:41
  End   Time (date)  :  2012/02/13 04:43:44
106.2u 24.7s 5:34 39% 840+176011k 92205+9875io 0w
logout
