Warning: no access to tty (Bad file descriptor).
Thus no job control in this shell.
vt100
======================================
Welcome to tupay: Linux 2.4.18-nec3.3.060 ia64
Today is Sun Feb 12 09:15:13 GST 2012
======================================
INICIANDO... \(set \-x\)
rm -f setskillens.T126.scr
  Date Begin = Sun Feb 12 09:15:13 GST 2012
DIRSKL = /gfs/home3/modoper/tempo/global/oens/SKILL/scripts
LABELI = 2012021200
/usr/local/grads/bin/gradsc -blc "run skill1.T126.gs" 2012 02 12 00 15 15 T126
unlimited

Grid Analysis and Display System (GrADS) Version 1.8SL11
Copyright (c) 1988-2001 by Brian Doty 
Center for Ocean-Land-Atmosphere Studies
Institute for Global Environment and Society 
All Rights Reserved

Config: v1.8SL11 32-bit little-endian readline printim

Issue 'q config' command for more information.

GX Package Initialization: Size = 11 8.5 
Running in Batch mode
ga-> run skill1.T126.gs
 DPOS=
 /rede/nas/modoper/tempo/global/oens/nmc/T126L28/GPOS/2012/02/12/               
                                                                                
                                                                                
                    
 /gfs/home3/modoper/tempo/global/oens/SKILL/CLIMA/                              
                                                                                
                                                                                
                    
 LABEL = 2012021200
/rede/nas/modoper/tempo/global/oens/nmc/T126L28/GPOS/2012/02/12/GPOSAVN20120212002012021200P.icn.T126L28.grb
Enter yy mm dd hh
dayinty.T126.ksh 2012 02 12 00 T126L28 GPOSAVN /bangu/samfs/modoper/tempo/global/oens/nmc/T126L28/GPOS/2012/02/12/ /gfs/home3/modoper/tempo/global/oens/SKILL/CLIMA/
 Analysis: unavl: GPOSAVN20120212002012021200P.icn.T126L28.grb
ga-> [EOF]
No hardcopy metafile open
GX package terminated 
/usr/local/grads-1.9b3/bin/grads -blc "run skill2.T126.gs" 2012 02 12 00

Grid Analysis and Display System (GrADS) Version 1.8SL11
Copyright (c) 1988-2001 by Brian Doty 
Center for Ocean-Land-Atmosphere Studies
Institute for Global Environment and Society 
All Rights Reserved

Config: v1.8SL11 32-bit little-endian readline printim

Issue 'q config' command for more information.

GX Package Initialization: Size = 11 8.5 
Running in Batch mode
ga-> run skill2.T126.gs
Enter yy mm dd hh
 Analysis: unavl: GPOSAVN20120212002012021200P.icn.T126L28.grb
ga-> [EOF]
No hardcopy metafile open
GX package terminated 
grads -lbc "run runbrierscore.T126.gs" 2012 02 12 00 15 15

Grid Analysis and Display System (GrADS) Version 1.8SL11
Copyright (c) 1988-2001 by Brian Doty 
Center for Ocean-Land-Atmosphere Studies
Institute for Global Environment and Society 
All Rights Reserved

Config: v1.8SL11 32-bit little-endian readline printim

Issue 'q config' command for more information.

GX Package Initialization: Size = 11 8.5 
Running in Batch mode
ga-> run runbrierscore.T126.gs
 iyear=         2012
 month=            2
 iday=           12
 iutc=            0
 file10= /gfs/home3/modoper/tempo/global/oens/SKILL/CLIMA/clima.gau.01
 file11= /gfs/home3/modoper/tempo/global/oens/SKILL/CLIMA/clima.gau.02
entre com yy mm dd hh mb nd
dayinty_gau.T126.ksh 2012 02 12 00
 Analysis: unavl: GPOSAVN20120212002012021200P.icn.T126L28.grb
No hardcopy metafile open
GX package terminated 
  Date Final = Sun Feb 12 09:15:24 GST 2012
INICIANDO... \(set \-x\)
rm -f setskillens.T126.scr
  Date Begin = Sun Feb 12 09:15:24 GST 2012
DIRSKL = /gfs/home3/modoper/tempo/global/oens/SKILL/scripts
LABELI = 2012021200
/usr/local/grads/bin/gradsc -blc "run skill1.T126.gs" 2012 02 12 00 15 15 T126

Grid Analysis and Display System (GrADS) Version 1.8SL11
Copyright (c) 1988-2001 by Brian Doty 
Center for Ocean-Land-Atmosphere Studies
Institute for Global Environment and Society 
All Rights Reserved

Config: v1.8SL11 32-bit little-endian readline printim

Issue 'q config' command for more information.

GX Package Initialization: Size = 11 8.5 
Running in Batch mode
ga-> run skill1.T126.gs
 DPOS=
 /rede/nas/modoper/tempo/global/oens/nmc/T126L28/GPOS/2012/02/12/               
                                                                                
                                                                                
                    
 /gfs/home3/modoper/tempo/global/oens/SKILL/CLIMA/                              
                                                                                
                                                                                
                    
 LABEL = 2012021200
/rede/nas/modoper/tempo/global/oens/nmc/T126L28/GPOS/2012/02/12/GPOSAVN20120212002012021200P.icn.T126L28.grb
Enter yy mm dd hh
dayinty.T126.ksh 2012 02 12 00 T126L28 GPOSAVN /bangu/samfs/modoper/tempo/global/oens/nmc/T126L28/GPOS/2012/02/12/ /gfs/home3/modoper/tempo/global/oens/SKILL/CLIMA/
 Analysis: unavl: GPOSAVN20120212002012021200P.icn.T126L28.grb
ga-> [EOF]
No hardcopy metafile open
GX package terminated 
/usr/local/grads/bin/grads -blc "run skill2.T126.gs" 2012 02 12 00

Grid Analysis and Display System (GrADS) Version 1.8SL11
Copyright (c) 1988-2001 by Brian Doty 
Center for Ocean-Land-Atmosphere Studies
Institute for Global Environment and Society 
All Rights Reserved

Config: v1.8SL11 32-bit little-endian readline printim

Issue 'q config' command for more information.

GX Package Initialization: Size = 11 8.5 
Running in Batch mode
ga-> run skill2.T126.gs
Enter yy mm dd hh
 Analysis: unavl: GPOSAVN20120212002012021200P.icn.T126L28.grb
ga-> [EOF]
No hardcopy metafile open
GX package terminated 
  Date Final = Sun Feb 12 09:15:32 GST 2012
