*20050909002* not found
-rw-r--r--   1 pnt      pub       277299 Sep  9 13:50 RS/04941W2927S20050909002005092400.gif
-rw-r--r--   1 pnt      pub       280279 Sep  9 13:50 RS/04941W3023S20050909002005092400.gif
-rw-r--r--   1 pnt      pub       277299 Sep  9 13:50 RS/05038W2831S20050909002005092400.gif
-rw-r--r--   1 pnt      pub       277299 Sep  9 13:50 RS/05038W2927S20050909002005092400.gif
-rw-r--r--   1 pnt      pub       280279 Sep  9 13:50 RS/05038W3023S20050909002005092400.gif
-rw-r--r--   1 pnt      pub       280279 Sep  9 13:50 RS/05038W3119S20050909002005092400.gif
-rw-r--r--   1 pnt      pub       277299 Sep  9 13:50 RS/05134W2831S20050909002005092400.gif
-rw-r--r--   1 pnt      pub       277299 Sep  9 13:50 RS/05134W2927S20050909002005092400.gif
-rw-r--r--   1 pnt      pub       280279 Sep  9 13:50 RS/05134W3023S20050909002005092400.gif
-rw-r--r--   1 pnt      pub       280279 Sep  9 13:50 RS/05134W3119S20050909002005092400.gif
-rw-r--r--   1 pnt      pub       280279 Sep  9 13:50 RS/05134W3216S20050909002005092400.gif
-rw-r--r--   1 pnt      pub       277299 Sep  9 13:50 RS/05230W2735S20050909002005092400.gif
-rw-r--r--   1 pnt      pub       277299 Sep  9 13:50 RS/05230W2831S20050909002005092400.gif
-rw-r--r--   1 pnt      pub       280279 Sep  9 13:50 RS/05230W2927S20050909002005092400.gif
-rw-r--r--   1 pnt      pub       280279 Sep  9 13:50 RS/05230W3023S20050909002005092400.gif
-rw-r--r--   1 pnt      pub       280279 Sep  9 13:50 RS/05230W3119S20050909002005092400.gif
-rw-r--r--   1 pnt      pub       280279 Sep  9 13:50 RS/05230W3216S20050909002005092400.gif
-rw-r--r--   1 pnt      pub       280279 Sep  9 13:50 RS/05230W3312S20050909002005092400.gif
-rw-r--r--   1 pnt      pub       277299 Sep  9 13:50 RS/05326W2735S20050909002005092400.gif
-rw-r--r--   1 pnt      pub       277299 Sep  9 13:50 RS/05326W2831S20050909002005092400.gif
-rw-r--r--   1 pnt      pub       280279 Sep  9 13:50 RS/05326W2927S20050909002005092400.gif
-rw-r--r--   1 pnt      pub       280279 Sep  9 13:50 RS/05326W3023S20050909002005092400.gif
-rw-r--r--   1 pnt      pub       280279 Sep  9 13:50 RS/05326W3119S20050909002005092400.gif
-rw-r--r--   1 pnt      pub       280279 Sep  9 13:50 RS/05326W3216S20050909002005092400.gif
-rw-r--r--   1 pnt      pub       280279 Sep  9 13:50 RS/05326W3312S20050909002005092400.gif
-rw-r--r--   1 pnt      pub       280279 Sep  9 13:50 RS/05326W3408S20050909002005092400.gif
-rw-r--r--   1 pnt      pub       277299 Sep  9 13:50 RS/05423W2735S20050909002005092400.gif
-rw-r--r--   1 pnt      pub       280279 Sep  9 13:50 RS/05423W2831S20050909002005092400.gif
-rw-r--r--   1 pnt      pub       280279 Sep  9 13:50 RS/05423W2927S20050909002005092400.gif
-rw-r--r--   1 pnt      pub       280279 Sep  9 13:50 RS/05423W3023S20050909002005092400.gif
-rw-r--r--   1 pnt      pub       280279 Sep  9 13:50 RS/05423W3119S20050909002005092400.gif
-rw-r--r--   1 pnt      pub       280279 Sep  9 13:50 RS/05423W3216S20050909002005092400.gif
-rw-r--r--   1 pnt      pub       280279 Sep  9 13:50 RS/05519W2735S20050909002005092400.gif
-rw-r--r--   1 pnt      pub       280279 Sep  9 13:50 RS/05519W2831S20050909002005092400.gif
-rw-r--r--   1 pnt      pub       280279 Sep  9 13:50 RS/05519W2927S20050909002005092400.gif
-rw-r--r--   1 pnt      pub       280279 Sep  9 13:50 RS/05519W3023S20050909002005092400.gif
-rw-r--r--   1 pnt      pub       280279 Sep  9 13:50 RS/05519W3119S20050909002005092400.gif
-rw-r--r--   1 pnt      pub       280279 Sep  9 13:50 RS/05615W2831S20050909002005092400.gif
-rw-r--r--   1 pnt      pub       280279 Sep  9 13:50 RS/05615W2927S20050909002005092400.gif
-rw-r--r--   1 pnt      pub       280279 Sep  9 13:50 RS/05615W3023S20050909002005092400.gif
-rw-r--r--   1 pnt      pub       280279 Sep  9 13:50 RS/05615W3119S20050909002005092400.gif
-rw-r--r--   1 pnt      pub       280279 Sep  9 13:50 RS/05711W2927S20050909002005092400.gif
-rw-r--r--   1 pnt      pub       280279 Sep  9 13:50 RS/05711W3023S20050909002005092400.gif
-rw-r--r--   1 pnt      pub       277299 Sep  9 13:50 SC/04845W2639S20050909002005092400.gif
-rw-r--r--   1 pnt      pub       277299 Sep  9 13:50 SC/04845W2735S20050909002005092400.gif
-rw-r--r--   1 pnt      pub       277299 Sep  9 13:50 SC/04845W2831S20050909002005092400.gif
-rw-r--r--   1 pnt      pub       277299 Sep  9 13:50 SC/04941W2639S20050909002005092400.gif
-rw-r--r--   1 pnt      pub       277299 Sep  9 13:50 SC/04941W2735S20050909002005092400.gif
-rw-r--r--   1 pnt      pub       277299 Sep  9 13:50 SC/04941W2831S20050909002005092400.gif
-rw-r--r--   1 pnt      pub       277299 Sep  9 13:50 SC/05038W2543S20050909002005092400.gif
-rw-r--r--   1 pnt      pub       277299 Sep  9 13:50 SC/05038W2639S20050909002005092400.gif
-rw-r--r--   1 pnt      pub       277299 Sep  9 13:50 SC/05038W2735S20050909002005092400.gif
-rw-r--r--   1 pnt      pub       277299 Sep  9 13:50 SC/05134W2639S20050909002005092400.gif
-rw-r--r--   1 pnt      pub       277299 Sep  9 13:50 SC/05134W2735S20050909002005092400.gif
-rw-r--r--   1 pnt      pub       277299 Sep  9 13:50 SC/05230W2639S20050909002005092400.gif
-rw-r--r--   1 pnt      pub       277299 Sep  9 13:50 SC/05326W2639S20050909002005092400.gif
-rw-r--r--   1 pnt      pub       277299 Sep  9 13:50 PR/04845W2543S20050909002005092400.gif
-rw-r--r--   1 pnt      pub       277299 Sep  9 13:50 PR/04941W2447S20050909002005092400.gif
-rw-r--r--   1 pnt      pub       277299 Sep  9 13:50 PR/04941W2543S20050909002005092400.gif
-rw-r--r--   1 pnt      pub       277299 Sep  9 13:50 PR/05038W2351S20050909002005092400.gif
-rw-r--r--   1 pnt      pub       277299 Sep  9 13:50 PR/05038W2447S20050909002005092400.gif
-rw-r--r--   1 pnt      pub       277299 Sep  9 13:50 PR/05134W2255S20050909002005092400.gif
-rw-r--r--   1 pnt      pub       277299 Sep  9 13:50 PR/05134W2351S20050909002005092400.gif
-rw-r--r--   1 pnt      pub       277299 Sep  9 13:50 PR/05134W2447S20050909002005092400.gif
-rw-r--r--   1 pnt      pub       277299 Sep  9 13:50 PR/05134W2543S20050909002005092400.gif
-rw-r--r--   1 pnt      pub       277299 Sep  9 13:50 PR/05230W2255S20050909002005092400.gif
-rw-r--r--   1 pnt      pub       277299 Sep  9 13:50 PR/05230W2351S20050909002005092400.gif
-rw-r--r--   1 pnt      pub       277299 Sep  9 13:50 PR/05230W2447S20050909002005092400.gif
-rw-r--r--   1 pnt      pub       277299 Sep  9 13:50 PR/05230W2543S20050909002005092400.gif
-rw-r--r--   1 pnt      pub       277299 Sep  9 13:50 PR/05326W2351S20050909002005092400.gif
-rw-r--r--   1 pnt      pub       277299 Sep  9 13:50 PR/05326W2447S20050909002005092400.gif
-rw-r--r--   1 pnt      pub       277299 Sep  9 13:50 PR/05326W2543S20050909002005092400.gif
-rw-r--r--   1 pnt      pub       277299 Sep  9 13:50 PR/05423W2351S20050909002005092400.gif
-rw-r--r--   1 pnt      pub       277299 Sep  9 13:50 PR/05423W2447S20050909002005092400.gif
-rw-r--r--   1 pnt      pub       277299 Sep  9 13:50 PR/05423W2543S20050909002005092400.gif
-rw-r--r--   1 pnt      pub       280279 Sep  9 13:50 RJ/04115W2158S20050909002005092400.gif
-rw-r--r--   1 pnt      pub       277299 Sep  9 13:50 RJ/04211W2158S20050909002005092400.gif
-rw-r--r--   1 pnt      pub       280279 Sep  9 13:50 RJ/04211W2255S20050909002005092400.gif
-rw-r--r--   1 pnt      pub       280279 Sep  9 13:50 RJ/04308W2255S20050909002005092400.gif
-rw-r--r--   1 pnt      pub       277299 Sep  9 13:50 RJ/04404W2158S20050909002005092400.gif
-rw-r--r--   1 pnt      pub       277299 Sep  9 13:50 RJ/04404W2255S20050909002005092400.gif
-rw-r--r--   1 pnt      pub       277299 Sep  9 13:50 SP/04500W2255S20050909002005092400.gif
-rw-r--r--   1 pnt      pub       280279 Sep  9 13:50 SP/04500W2351S20050909002005092400.gif
-rw-r--r--   1 pnt      pub       277299 Sep  9 13:50 SP/04556W2255S20050909002005092400.gif
-rw-r--r--   1 pnt      pub       277299 Sep  9 13:50 SP/04556W2351S20050909002005092400.gif
-rw-r--r--   1 pnt      pub       277299 Sep  9 13:50 SP/04653W2255S20050909002005092400.gif
-rw-r--r--   1 pnt      pub       277299 Sep  9 13:50 SP/04653W2351S20050909002005092400.gif
-rw-r--r--   1 pnt      pub       280279 Sep  9 13:50 SP/04653W2447S20050909002005092400.gif
-rw-r--r--   1 pnt      pub       277299 Sep  9 13:50 SP/04749W2006S20050909002005092400.gif
-rw-r--r--   1 pnt      pub       277299 Sep  9 13:50 SP/04749W2102S20050909002005092400.gif
-rw-r--r--   1 pnt      pub       277299 Sep  9 13:50 SP/04749W2158S20050909002005092400.gif
-rw-r--r--   1 pnt      pub       277299 Sep  9 13:50 SP/04749W2255S20050909002005092400.gif
-rw-r--r--   1 pnt      pub       277299 Sep  9 13:50 SP/04749W2351S20050909002005092400.gif
-rw-r--r--   1 pnt      pub       277299 Sep  9 13:50 SP/04749W2447S20050909002005092400.gif
-rw-r--r--   1 pnt      pub       280279 Sep  9 13:50 SP/04749W2543S20050909002005092400.gif
-rw-r--r--   1 pnt      pub       277299 Sep  9 13:50 SP/04845W2006S20050909002005092400.gif
-rw-r--r--   1 pnt      pub       277299 Sep  9 13:50 SP/04845W2102S20050909002005092400.gif
-rw-r--r--   1 pnt      pub       277299 Sep  9 13:50 SP/04845W2158S20050909002005092400.gif
-rw-r--r--   1 pnt      pub       277299 Sep  9 13:50 SP/04845W2255S20050909002005092400.gif
-rw-r--r--   1 pnt      pub       277299 Sep  9 13:50 SP/04845W2351S20050909002005092400.gif
-rw-r--r--   1 pnt      pub       277299 Sep  9 13:50 SP/04845W2447S20050909002005092400.gif
-rw-r--r--   1 pnt      pub       277299 Sep  9 13:50 SP/04941W2006S20050909002005092400.gif
-rw-r--r--   1 pnt      pub       277299 Sep  9 13:50 SP/04941W2102S20050909002005092400.gif
-rw-r--r--   1 pnt      pub       277299 Sep  9 13:50 SP/04941W2158S20050909002005092400.gif
-rw-r--r--   1 pnt      pub       277299 Sep  9 13:50 SP/04941W2255S20050909002005092400.gif
-rw-r--r--   1 pnt      pub       277299 Sep  9 13:50 SP/04941W2351S20050909002005092400.gif
-rw-r--r--   1 pnt      pub       277299 Sep  9 13:50 SP/05038W2006S20050909002005092400.gif
-rw-r--r--   1 pnt      pub       277299 Sep  9 13:50 SP/05038W2102S20050909002005092400.gif
-rw-r--r--   1 pnt      pub       277299 Sep  9 13:50 SP/05038W2158S20050909002005092400.gif
-rw-r--r--   1 pnt      pub       277299 Sep  9 13:50 SP/05038W2255S20050909002005092400.gif
-rw-r--r--   1 pnt      pub       277299 Sep  9 13:50 SP/05134W2158S20050909002005092400.gif
-rw-r--r--   1 pnt      pub       277299 Sep  9 13:50 SP/05230W2158S20050909002005092400.gif
-rw-r--r--   1 pnt      pub       277299 Sep  9 13:50 SP/05326W2255S20050909002005092400.gif
-rw-r--r--   1 pnt      pub       280279 Sep  9 13:50 ES/03000W1910S20050909002005092400.gif
-rw-r--r--   1 pnt      pub       280279 Sep  9 13:50 ES/04019W1910S20050909002005092400.gif
-rw-r--r--   1 pnt      pub       280279 Sep  9 13:50 ES/04019W2006S20050909002005092400.gif
-rw-r--r--   1 pnt      pub       280279 Sep  9 13:50 ES/04019W2102S20050909002005092400.gif
-rw-r--r--   1 pnt      pub       277299 Sep  9 13:50 ES/04115W1910S20050909002005092400.gif
-rw-r--r--   1 pnt      pub       277299 Sep  9 13:50 ES/04115W2006S20050909002005092400.gif
-rw-r--r--   1 pnt      pub       277299 Sep  9 13:50 ES/04115W2102S20050909002005092400.gif
-rw-r--r--   1 pnt      pub       277299 Sep  9 13:50 MS/05134W1910S20050909002005092400.gif
-rw-r--r--   1 pnt      pub       277299 Sep  9 13:50 MS/05134W2006S20050909002005092400.gif
-rw-r--r--   1 pnt      pub       277299 Sep  9 13:50 MS/05134W2102S20050909002005092400.gif
-rw-r--r--   1 pnt      pub       277299 Sep  9 13:50 MS/05230W1910S20050909002005092400.gif
-rw-r--r--   1 pnt      pub       277299 Sep  9 13:50 MS/05230W2006S20050909002005092400.gif
-rw-r--r--   1 pnt      pub       277299 Sep  9 13:50 MS/05230W2102S20050909002005092400.gif
-rw-r--r--   1 pnt      pub       277299 Sep  9 13:50 MS/05326W1814S20050909002005092400.gif
-rw-r--r--   1 pnt      pub       277299 Sep  9 13:50 MS/05326W1910S20050909002005092400.gif
-rw-r--r--   1 pnt      pub       277299 Sep  9 13:50 MS/05326W2006S20050909002005092400.gif
-rw-r--r--   1 pnt      pub       277299 Sep  9 13:50 MS/05326W2102S20050909002005092400.gif
-rw-r--r--   1 pnt      pub       277299 Sep  9 13:50 MS/05326W2158S20050909002005092400.gif
-rw-r--r--   1 pnt      pub       277299 Sep  9 13:50 MS/05423W1814S20050909002005092400.gif
-rw-r--r--   1 pnt      pub       277299 Sep  9 13:50 MS/05423W1910S20050909002005092400.gif
-rw-r--r--   1 pnt      pub       277299 Sep  9 13:50 MS/05423W2006S20050909002005092400.gif
-rw-r--r--   1 pnt      pub       277299 Sep  9 13:50 MS/05423W2102S20050909002005092400.gif
-rw-r--r--   1 pnt      pub       277299 Sep  9 13:50 MS/05423W2158S20050909002005092400.gif
-rw-r--r--   1 pnt      pub       277299 Sep  9 13:50 MS/05423W2255S20050909002005092400.gif
-rw-r--r--   1 pnt      pub       280279 Sep  9 13:50 MS/05519W1814S20050909002005092400.gif
-rw-r--r--   1 pnt      pub       280279 Sep  9 13:50 MS/05519W1910S20050909002005092400.gif
-rw-r--r--   1 pnt      pub       277299 Sep  9 13:50 MS/05519W2006S20050909002005092400.gif
-rw-r--r--   1 pnt      pub       277299 Sep  9 13:50 MS/05519W2102S20050909002005092400.gif
-rw-r--r--   1 pnt      pub       277299 Sep  9 13:50 MS/05519W2158S20050909002005092400.gif
-rw-r--r--   1 pnt      pub       277299 Sep  9 13:50 MS/05519W2255S20050909002005092400.gif
-rw-r--r--   1 pnt      pub       277299 Sep  9 13:50 MS/05519W2351S20050909002005092400.gif
-rw-r--r--   1 pnt      pub       280279 Sep  9 13:50 MS/05615W1814S20050909002005092400.gif
-rw-r--r--   1 pnt      pub       280279 Sep  9 13:50 MS/05615W1910S20050909002005092400.gif
-rw-r--r--   1 pnt      pub       280279 Sep  9 13:50 MS/05615W2006S20050909002005092400.gif
-rw-r--r--   1 pnt      pub       277299 Sep  9 13:50 MS/05615W2102S20050909002005092400.gif
-rw-r--r--   1 pnt      pub       277299 Sep  9 13:50 MS/05615W2158S20050909002005092400.gif
-rw-r--r--   1 pnt      pub       280279 Sep  9 13:50 MS/05711W1718S20050909002005092400.gif
-rw-r--r--   1 pnt      pub       280279 Sep  9 13:50 MS/05711W1814S20050909002005092400.gif
-rw-r--r--   1 pnt      pub       280279 Sep  9 13:50 MS/05711W1910S20050909002005092400.gif
-rw-r--r--   1 pnt      pub       280279 Sep  9 13:50 MS/05711W2006S20050909002005092400.gif
-rw-r--r--   1 pnt      pub       280279 Sep  9 13:50 MS/05711W2102S20050909002005092400.gif
-rw-r--r--   1 pnt      pub       280279 Sep  9 13:50 MS/05711W2158S20050909002005092400.gif
-rw-r--r--   1 pnt      pub       277299 Sep  9 13:50 MS/05808W1814S20050909002005092400.gif
-rw-r--r--   1 pnt      pub       280279 Sep  9 13:50 MS/05808W1910S20050909002005092400.gif
-rw-r--r--   1 pnt      pub       280279 Sep  9 13:50 MS/05808W2006S20050909002005092400.gif
-rw-r--r--   1 pnt      pub       280279 Sep  9 13:50 MS/05808W2102S20050909002005092400.gif
-rw-r--r--   1 pnt      pub       280279 Sep  9 13:50 MS/05808W2158S20050909002005092400.gif
-rw-r--r--   1 pnt      pub       277299 Sep  9 13:51 DF/04749W1526S20050909002005092400.gif
-rw-r--r--   1 pnt      pub       277299 Sep  9 13:50 MG/04019W1622S20050909002005092400.gif
-rw-r--r--   1 pnt      pub       277299 Sep  9 13:50 MG/04019W1718S20050909002005092400.gif
-rw-r--r--   1 pnt      pub       280279 Sep  9 13:50 MG/04019W1814S20050909002005092400.gif
-rw-r--r--   1 pnt      pub       280279 Sep  9 13:50 MG/04019W2158S20050909002005092400.gif
-rw-r--r--   1 pnt      pub       277299 Sep  9 13:50 MG/04115W1622S20050909002005092400.gif
-rw-r--r--   1 pnt      pub       277299 Sep  9 13:50 MG/04115W1718S20050909002005092400.gif
-rw-r--r--   1 pnt      pub       277299 Sep  9 13:50 MG/04115W1814S20050909002005092400.gif
-rw-r--r--   1 pnt      pub       277299 Sep  9 13:51 MG/04211W1526S20050909002005092400.gif
-rw-r--r--   1 pnt      pub       277299 Sep  9 13:50 MG/04211W1622S20050909002005092400.gif
-rw-r--r--   1 pnt      pub       277299 Sep  9 13:50 MG/04211W1718S20050909002005092400.gif
-rw-r--r--   1 pnt      pub       277299 Sep  9 13:50 MG/04211W1814S20050909002005092400.gif
-rw-r--r--   1 pnt      pub       277299 Sep  9 13:50 MG/04211W1910S20050909002005092400.gif
-rw-r--r--   1 pnt      pub       277299 Sep  9 13:50 MG/04211W2006S20050909002005092400.gif
-rw-r--r--   1 pnt      pub       277299 Sep  9 13:50 MG/04211W2102S20050909002005092400.gif
-rw-r--r--   1 pnt      pub       277299 Sep  9 13:51 MG/04308W1526S20050909002005092400.gif
-rw-r--r--   1 pnt      pub       277299 Sep  9 13:50 MG/04308W1622S20050909002005092400.gif
-rw-r--r--   1 pnt      pub       277299 Sep  9 13:50 MG/04308W1718S20050909002005092400.gif
-rw-r--r--   1 pnt      pub       277299 Sep  9 13:50 MG/04308W1814S20050909002005092400.gif
-rw-r--r--   1 pnt      pub       277299 Sep  9 13:50 MG/04308W1910S20050909002005092400.gif
-rw-r--r--   1 pnt      pub       277299 Sep  9 13:50 MG/04308W2006S20050909002005092400.gif
-rw-r--r--   1 pnt      pub       277299 Sep  9 13:50 MG/04308W2102S20050909002005092400.gif
-rw-r--r--   1 pnt      pub       277299 Sep  9 13:50 MG/04308W2158S20050909002005092400.gif
-rw-r--r--   1 pnt      pub       277299 Sep  9 13:51 MG/04404W1526S20050909002005092400.gif
-rw-r--r--   1 pnt      pub       277299 Sep  9 13:50 MG/04404W1622S20050909002005092400.gif
-rw-r--r--   1 pnt      pub       277299 Sep  9 13:50 MG/04404W1718S20050909002005092400.gif
-rw-r--r--   1 pnt      pub       277299 Sep  9 13:50 MG/04404W1814S20050909002005092400.gif
-rw-r--r--   1 pnt      pub       277299 Sep  9 13:50 MG/04404W1910S20050909002005092400.gif
-rw-r--r--   1 pnt      pub       277299 Sep  9 13:50 MG/04404W2006S20050909002005092400.gif
-rw-r--r--   1 pnt      pub       277299 Sep  9 13:50 MG/04404W2102S20050909002005092400.gif
-rw-r--r--   1 pnt      pub       277299 Sep  9 13:51 MG/04500W1526S20050909002005092400.gif
-rw-r--r--   1 pnt      pub       277299 Sep  9 13:50 MG/04500W1622S20050909002005092400.gif
-rw-r--r--   1 pnt      pub       277299 Sep  9 13:50 MG/04500W1718S20050909002005092400.gif
-rw-r--r--   1 pnt      pub       277299 Sep  9 13:50 MG/04500W1814S20050909002005092400.gif
-rw-r--r--   1 pnt      pub       277299 Sep  9 13:50 MG/04500W1910S20050909002005092400.gif
-rw-r--r--   1 pnt      pub       277299 Sep  9 13:50 MG/04500W2006S20050909002005092400.gif
-rw-r--r--   1 pnt      pub       277299 Sep  9 13:50 MG/04500W2102S20050909002005092400.gif
-rw-r--r--   1 pnt      pub       277299 Sep  9 13:50 MG/04500W2158S20050909002005092400.gif
-rw-r--r--   1 pnt      pub       277299 Sep  9 13:51 MG/04556W1526S20050909002005092400.gif
-rw-r--r--   1 pnt      pub       277299 Sep  9 13:50 MG/04556W1622S20050909002005092400.gif
-rw-r--r--   1 pnt      pub       277299 Sep  9 13:50 MG/04556W1718S20050909002005092400.gif
-rw-r--r--   1 pnt      pub       277299 Sep  9 13:50 MG/04556W1814S20050909002005092400.gif
-rw-r--r--   1 pnt      pub       277299 Sep  9 13:50 MG/04556W1910S20050909002005092400.gif
-rw-r--r--   1 pnt      pub       277299 Sep  9 13:50 MG/04556W2006S20050909002005092400.gif
-rw-r--r--   1 pnt      pub       277299 Sep  9 13:50 MG/04556W2102S20050909002005092400.gif
-rw-r--r--   1 pnt      pub       277299 Sep  9 13:50 MG/04556W2158S20050909002005092400.gif
-rw-r--r--   1 pnt      pub       277299 Sep  9 13:50 MG/04653W1622S20050909002005092400.gif
-rw-r--r--   1 pnt      pub       277299 Sep  9 13:50 MG/04653W1718S20050909002005092400.gif
-rw-r--r--   1 pnt      pub       277299 Sep  9 13:50 MG/04653W1814S20050909002005092400.gif
-rw-r--r--   1 pnt      pub       277299 Sep  9 13:50 MG/04653W1910S20050909002005092400.gif
-rw-r--r--   1 pnt      pub       277299 Sep  9 13:50 MG/04653W2006S20050909002005092400.gif
-rw-r--r--   1 pnt      pub       277299 Sep  9 13:50 MG/04653W2102S20050909002005092400.gif
-rw-r--r--   1 pnt      pub       277299 Sep  9 13:50 MG/04653W2158S20050909002005092400.gif
-rw-r--r--   1 pnt      pub       277299 Sep  9 13:50 MG/04749W1814S20050909002005092400.gif
-rw-r--r--   1 pnt      pub       277299 Sep  9 13:50 MG/04749W1910S20050909002005092400.gif
-rw-r--r--   1 pnt      pub       277299 Sep  9 13:50 MG/04845W1910S20050909002005092400.gif
-rw-r--r--   1 pnt      pub       277299 Sep  9 13:50 MG/04941W1910S20050909002005092400.gif
-rw-r--r--   1 pnt      pub       277299 Sep  9 13:51 GO/04556W1430S20050909002005092400.gif
-rw-r--r--   1 pnt      pub       277299 Sep  9 13:51 GO/04653W1237S20050909002005092400.gif
-rw-r--r--   1 pnt      pub       277299 Sep  9 13:51 GO/04653W1526S20050909002005092400.gif
-rw-r--r--   1 pnt      pub       277299 Sep  9 13:50 GO/04749W1622S20050909002005092400.gif
-rw-r--r--   1 pnt      pub       277299 Sep  9 13:50 GO/04749W1718S20050909002005092400.gif
-rw-r--r--   1 pnt      pub       277299 Sep  9 13:51 GO/04845W1334S20050909002005092400.gif
-rw-r--r--   1 pnt      pub       277299 Sep  9 13:51 GO/04845W1526S20050909002005092400.gif
-rw-r--r--   1 pnt      pub       277299 Sep  9 13:50 GO/04845W1622S20050909002005092400.gif
-rw-r--r--   1 pnt      pub       277299 Sep  9 13:50 GO/04845W1718S20050909002005092400.gif
-rw-r--r--   1 pnt      pub       277299 Sep  9 13:50 GO/04845W1814S20050909002005092400.gif
-rw-r--r--   1 pnt      pub       277299 Sep  9 13:51 GO/04941W1430S20050909002005092400.gif
-rw-r--r--   1 pnt      pub       277299 Sep  9 13:51 GO/04941W1526S20050909002005092400.gif
-rw-r--r--   1 pnt      pub       277299 Sep  9 13:50 GO/04941W1622S20050909002005092400.gif
-rw-r--r--   1 pnt      pub       277299 Sep  9 13:50 GO/04941W1718S20050909002005092400.gif
-rw-r--r--   1 pnt      pub       277299 Sep  9 13:50 GO/04941W1814S20050909002005092400.gif
-rw-r--r--   1 pnt      pub       277299 Sep  9 13:51 GO/05038W1526S20050909002005092400.gif
-rw-r--r--   1 pnt      pub       277299 Sep  9 13:50 GO/05038W1622S20050909002005092400.gif
-rw-r--r--   1 pnt      pub       277299 Sep  9 13:50 GO/05038W1718S20050909002005092400.gif
-rw-r--r--   1 pnt      pub       277299 Sep  9 13:50 GO/05038W1814S20050909002005092400.gif
-rw-r--r--   1 pnt      pub       277299 Sep  9 13:50 GO/05038W1910S20050909002005092400.gif
-rw-r--r--   1 pnt      pub       277299 Sep  9 13:50 GO/05134W1526S20050909002005092400.gif
-rw-r--r--   1 pnt      pub       277299 Sep  9 13:50 GO/05134W1622S20050909002005092400.gif
-rw-r--r--   1 pnt      pub       277299 Sep  9 13:50 GO/05134W1718S20050909002005092400.gif
-rw-r--r--   1 pnt      pub       277299 Sep  9 13:50 GO/05134W1814S20050909002005092400.gif
-rw-r--r--   1 pnt      pub       277299 Sep  9 13:50 GO/05230W1622S20050909002005092400.gif
-rw-r--r--   1 pnt      pub       277299 Sep  9 13:50 GO/05230W1718S20050909002005092400.gif
-rw-r--r--   1 pnt      pub       277299 Sep  9 13:50 GO/05230W1814S20050909002005092400.gif
-rw-r--r--   1 pnt      pub       280279 Sep  9 13:51 BA/03826W1237S20050909002005092400.gif
-rw-r--r--   1 pnt      pub       280279 Sep  9 13:51 BA/03923W1430S20050909002005092400.gif
-rw-r--r--   1 pnt      pub       280279 Sep  9 13:50 BA/03923W1622S20050909002005092400.gif
-rw-r--r--   1 pnt      pub       280279 Sep  9 13:50 BA/03923W1718S20050909002005092400.gif
-rw-r--r--   1 pnt      pub       277299 Sep  9 13:51 BA/04019W1045S20050909002005092400.gif
-rw-r--r--   1 pnt      pub       277299 Sep  9 13:51 BA/04019W1526S20050909002005092400.gif
-rw-r--r--   1 pnt      pub       277299 Sep  9 13:51 BA/04115W1430S20050909002005092400.gif
-rw-r--r--   1 pnt      pub       277299 Sep  9 13:51 BA/04115W1526S20050909002005092400.gif
-rw-r--r--   1 pnt      pub       277299 Sep  9 13:51 BA/04211W1141S20050909002005092400.gif
-rw-r--r--   1 pnt      pub       277299 Sep  9 13:51 BA/04308W1045S20050909002005092400.gif
-rw-r--r--   1 pnt      pub       277299 Sep  9 13:51 BA/04308W1237S20050909002005092400.gif
-rw-r--r--   1 pnt      pub       277299 Sep  9 13:51 BA/04308W1430S20050909002005092400.gif
-rw-r--r--   1 pnt      pub       277299 Sep  9 13:51 BA/04404W1334S20050909002005092400.gif
-rw-r--r--   1 pnt      pub       277299 Sep  9 13:51 BA/04500W1141S20050909002005092400.gif
-rw-r--r--   1 pnt      pub       280279 Sep  9 13:51 AL/03538W0949S20050909002005092400.gif
-rw-r--r--   1 pnt      pub       277299 Sep  9 13:51 MT/05038W1141S20050909002005092400.gif
-rw-r--r--   1 pnt      pub       277299 Sep  9 13:51 MT/05134W0949S20050909002005092400.gif
-rw-r--r--   1 pnt      pub       277299 Sep  9 13:51 MT/05134W1045S20050909002005092400.gif
-rw-r--r--   1 pnt      pub       277299 Sep  9 13:51 MT/05134W1237S20050909002005092400.gif
-rw-r--r--   1 pnt      pub       277299 Sep  9 13:51 MT/05230W1430S20050909002005092400.gif
-rw-r--r--   1 pnt      pub       277299 Sep  9 13:50 MT/05230W1526S20050909002005092400.gif
-rw-r--r--   1 pnt      pub       277299 Sep  9 13:50 MT/05326W1526S20050909002005092400.gif
-rw-r--r--   1 pnt      pub       277299 Sep  9 13:50 MT/05326W1622S20050909002005092400.gif
-rw-r--r--   1 pnt      pub       277299 Sep  9 13:50 MT/05326W1718S20050909002005092400.gif
-rw-r--r--   1 pnt      pub       277299 Sep  9 13:51 MT/05423W1430S20050909002005092400.gif
-rw-r--r--   1 pnt      pub       277299 Sep  9 13:50 MT/05423W1526S20050909002005092400.gif
-rw-r--r--   1 pnt      pub       277299 Sep  9 13:50 MT/05423W1622S20050909002005092400.gif
-rw-r--r--   1 pnt      pub       277299 Sep  9 13:50 MT/05423W1718S20050909002005092400.gif
-rw-r--r--   1 pnt      pub       277299 Sep  9 13:51 MT/05519W0949S20050909002005092400.gif
-rw-r--r--   1 pnt      pub       277299 Sep  9 13:51 MT/05519W1141S20050909002005092400.gif
-rw-r--r--   1 pnt      pub       277299 Sep  9 13:50 MT/05519W1526S20050909002005092400.gif
-rw-r--r--   1 pnt      pub       277299 Sep  9 13:50 MT/05519W1622S20050909002005092400.gif
-rw-r--r--   1 pnt      pub       277299 Sep  9 13:50 MT/05519W1718S20050909002005092400.gif
-rw-r--r--   1 pnt      pub       277299 Sep  9 13:51 MT/05615W0949S20050909002005092400.gif
-rw-r--r--   1 pnt      pub       277299 Sep  9 13:51 MT/05615W1430S20050909002005092400.gif
-rw-r--r--   1 pnt      pub       277299 Sep  9 13:50 MT/05615W1526S20050909002005092400.gif
-rw-r--r--   1 pnt      pub       280279 Sep  9 13:50 MT/05615W1622S20050909002005092400.gif
-rw-r--r--   1 pnt      pub       280279 Sep  9 13:50 MT/05615W1718S20050909002005092400.gif
-rw-r--r--   1 pnt      pub       277299 Sep  9 13:51 MT/05711W1430S20050909002005092400.gif
-rw-r--r--   1 pnt      pub       277299 Sep  9 13:50 MT/05711W1526S20050909002005092400.gif
-rw-r--r--   1 pnt      pub       280279 Sep  9 13:50 MT/05711W1622S20050909002005092400.gif
-rw-r--r--   1 pnt      pub       277299 Sep  9 13:50 MT/05808W1526S20050909002005092400.gif
-rw-r--r--   1 pnt      pub       280279 Sep  9 13:50 MT/05808W1622S20050909002005092400.gif
-rw-r--r--   1 pnt      pub       280279 Sep  9 13:50 MT/05808W1718S20050909002005092400.gif
-rw-r--r--   1 pnt      pub       277299 Sep  9 13:51 MT/05904W0949S20050909002005092400.gif
-rw-r--r--   1 pnt      pub       277299 Sep  9 13:51 MT/05904W1045S20050909002005092400.gif
-rw-r--r--   1 pnt      pub       277299 Sep  9 13:51 MT/05904W1141S20050909002005092400.gif
-rw-r--r--   1 pnt      pub       277299 Sep  9 13:50 MT/05904W1526S20050909002005092400.gif
-rw-r--r--   1 pnt      pub       277299 Sep  9 13:50 MT/05904W1622S20050909002005092400.gif
-rw-r--r--   1 pnt      pub       277299 Sep  9 13:50 MT/06000W1526S20050909002005092400.gif
-rw-r--r--   1 pnt      pub       277299 Sep  9 13:50 MT/06000W1622S20050909002005092400.gif
-rw-r--r--   1 pnt      pub       280279 Sep  9 13:51 SE/03730W1045S20050909002005092400.gif
-rw-r--r--   1 pnt      pub       277299 Sep  9 13:51 RO/06000W1237S20050909002005092400.gif
-rw-r--r--   1 pnt      pub       277299 Sep  9 13:51 RO/06056W1334S20050909002005092400.gif
-rw-r--r--   1 pnt      pub       277299 Sep  9 13:51 RO/06153W1045S20050909002005092400.gif
-rw-r--r--   1 pnt      pub       277299 Sep  9 13:51 RO/06153W1141S20050909002005092400.gif
-rw-r--r--   1 pnt      pub       277299 Sep  9 13:51 RO/06249W0949S20050909002005092400.gif
-rw-r--r--   1 pnt      pub       280279 Sep  9 13:51 RO/06345W0853S20050909002005092400.gif
-rw-r--r--   1 pnt      pub       280279 Sep  9 13:51 RO/06441W1237S20050909002005092400.gif
-rw-r--r--   1 pnt      pub       280279 Sep  9 13:51 RO/06538W1045S20050909002005092400.gif
-rw-r--r--   1 pnt      pub       280279 Sep  9 13:51 AC/06730W0949S20050909002005092400.gif
-rw-r--r--   1 pnt      pub       280279 Sep  9 13:51 AC/06826W0853S20050909002005092400.gif
-rw-r--r--   1 pnt      pub       277299 Sep  9 13:51 AC/06826W1045S20050909002005092400.gif
-rw-r--r--   1 pnt      pub       280279 Sep  9 13:51 AC/07019W0757S20050909002005092400.gif
-rw-r--r--   1 pnt      pub       277299 Sep  9 13:51 AC/07211W0949S20050909002005092400.gif
-rw-r--r--   1 pnt      pub       277299 Sep  9 13:51 AC/07308W0757S20050909002005092400.gif
-rw-r--r--   1 pnt      pub       280279 Sep  9 13:51 PB/03441W0701S20050909002005092400.gif
-rw-r--r--   1 pnt      pub       277299 Sep  9 13:51 PB/03538W0701S20050909002005092400.gif
-rw-r--r--   1 pnt      pub       277299 Sep  9 13:51 PB/03730W0701S20050909002005092400.gif
-rw-r--r--   1 pnt      pub       277299 Sep  9 13:51 TO/04749W0701S20050909002005092400.gif
-rw-r--r--   1 pnt      pub       277299 Sep  9 13:51 TO/04845W0949S20050909002005092400.gif
-rw-r--r--   1 pnt      pub       277299 Sep  9 13:51 TO/04845W1141S20050909002005092400.gif
-rw-r--r--   1 pnt      pub       277299 Sep  9 13:51 PI/04115W0701S20050909002005092400.gif
-rw-r--r--   1 pnt      pub       277299 Sep  9 13:51 PI/04211W0757S20050909002005092400.gif
-rw-r--r--   1 pnt      pub       280279 Sep  9 13:51 PI/04308W0509S20050909002005092400.gif
-rw-r--r--   1 pnt      pub       277299 Sep  9 13:51 PI/04308W0701S20050909002005092400.gif
-rw-r--r--   1 pnt      pub       277299 Sep  9 13:51 PI/04404W0853S20050909002005092400.gif
-rw-r--r--   1 pnt      pub       277299 Sep  9 13:51 PI/04500W1045S20050909002005092400.gif
-rw-r--r--   1 pnt      pub       280279 Sep  9 13:51 RN/03538W0509S20050909002005092400.gif
-rw-r--r--   1 pnt      pub       280279 Sep  9 13:51 RN/03538W0605S20050909002005092400.gif
-rw-r--r--   1 pnt      pub       280279 Sep  9 13:51 RN/03730W0509S20050909002005092400.gif
-rw-r--r--   1 pnt      pub       280279 Sep  9 13:51 PE/03153W0412S20050909002005092400.gif
-rw-r--r--   1 pnt      pub       280279 Sep  9 13:51 PE/03441W0757S20050909002005092400.gif
-rw-r--r--   1 pnt      pub       277299 Sep  9 13:51 PE/03826W0757S20050909002005092400.gif
-rw-r--r--   1 pnt      pub       277299 Sep  9 13:51 PE/04019W0757S20050909002005092400.gif
-rw-r--r--   1 pnt      pub       277299 Sep  9 13:51 PE/04019W0949S20050909002005092400.gif
-rw-r--r--   1 pnt      pub       280279 Sep  9 13:51 CE/03826W0316S20050909002005092400.gif
-rw-r--r--   1 pnt      pub       280279 Sep  9 13:51 CE/03826W0412S20050909002005092400.gif
-rw-r--r--   1 pnt      pub       277299 Sep  9 13:51 CE/03923W0701S20050909002005092400.gif
-rw-r--r--   1 pnt      pub       280279 Sep  9 13:51 CE/04019W0316S20050909002005092400.gif
-rw-r--r--   1 pnt      pub       277299 Sep  9 13:51 CE/04019W0509S20050909002005092400.gif
-rw-r--r--   1 pnt      pub       280279 Sep  9 13:51 PA/04653W0124S20050909002005092400.gif
-rw-r--r--   1 pnt      pub       280279 Sep  9 13:51 PA/04749W0316S20050909002005092400.gif
-rw-r--r--   1 pnt      pub       280279 Sep  9 13:51 PA/04845W0124S20050909002005092400.gif
-rw-r--r--   1 pnt      pub       280279 Sep  9 13:51 PA/04845W0509S20050909002005092400.gif
-rw-r--r--   1 pnt      pub       280279 Sep  9 13:51 PA/04941W0220S20050909002005092400.gif
-rw-r--r--   1 pnt      pub       277299 Sep  9 13:51 PA/04941W0701S20050909002005092400.gif
-rw-r--r--   1 pnt      pub       277299 Sep  9 13:51 PA/04941W0757S20050909002005092400.gif
-rw-r--r--   1 pnt      pub       280279 Sep  9 13:51 PA/05038W0124S20050909002005092400.gif
-rw-r--r--   1 pnt      pub       280279 Sep  9 13:51 PA/05038W0220S20050909002005092400.gif
-rw-r--r--   1 pnt      pub       280279 Sep  9 13:51 PA/05038W0412S20050909002005092400.gif
-rw-r--r--   1 pnt      pub       280279 Sep  9 13:51 PA/05230W0124S20050909002005092400.gif
-rw-r--r--   1 pnt      pub       280279 Sep  9 13:51 PA/05230W0316S20050909002005092400.gif
-rw-r--r--   1 pnt      pub       277299 Sep  9 13:51 PA/05326W0124S20050909002005092400.gif
-rw-r--r--   1 pnt      pub       280279 Sep  9 13:51 PA/05423W0220S20050909002005092400.gif
-rw-r--r--   1 pnt      pub       280279 Sep  9 13:51 PA/05519W0412S20050909002005092400.gif
-rw-r--r--   1 pnt      pub       277299 Sep  9 13:51 PA/05519W0701S20050909002005092400.gif
-rw-r--r--   1 pnt      pub       280279 Sep  9 13:51 PA/05615W0124S20050909002005092400.gif
-rw-r--r--   1 pnt      pub       280279 Sep  9 13:51 PA/05615W0412S20050909002005092400.gif
-rw-r--r--   1 pnt      pub       280279 Sep  9 13:51 PA/05808W0605S20050909002005092400.gif
-rw-r--r--   1 pnt      pub       277299 Sep  9 13:51 RR/06000W0124N20050909002005092400.gif
-rw-r--r--   1 pnt      pub       277299 Sep  9 13:51 RR/06000W0412N20050909002005092400.gif
-rw-r--r--   1 pnt      pub       280279 Sep  9 13:51 RR/06056W0124N20050909002005092400.gif
-rw-r--r--   1 pnt      pub       280279 Sep  9 13:51 RR/06056W0316N20050909002005092400.gif
-rw-r--r--   1 pnt      pub       277299 Sep  9 13:51 RR/06153W0316N20050909002005092400.gif
-rw-r--r--   1 pnt      pub       280279 Sep  9 13:51 AP/05038W0028N20050909002005092400.gif
-rw-r--r--   1 pnt      pub       280279 Sep  9 13:51 AP/05038W0220N20050909002005092400.gif
-rw-r--r--   1 pnt      pub       280279 Sep  9 13:51 AP/05134W0220N20050909002005092400.gif
-rw-r--r--   1 pnt      pub       280279 Sep  9 13:51 MA/04404W0220S20050909002005092400.gif
-rw-r--r--   1 pnt      pub       277299 Sep  9 13:51 MA/04404W0605S20050909002005092400.gif
-rw-r--r--   1 pnt      pub       280279 Sep  9 13:51 MA/04500W0124S20050909002005092400.gif
-rw-r--r--   1 pnt      pub       280279 Sep  9 13:51 MA/04556W0412S20050909002005092400.gif
-rw-r--r--   1 pnt      pub       277299 Sep  9 13:51 MA/04556W0605S20050909002005092400.gif
-rw-r--r--   1 pnt      pub       277299 Sep  9 13:51 MA/04556W0757S20050909002005092400.gif
-rw-r--r--   1 pnt      pub       280279 Sep  9 13:51 MA/04749W0509S20050909002005092400.gif
-rw-r--r--   1 pnt      pub       280279 Sep  9 13:50 WW/00000E5154N20050909002005092400.gif
-rw-r--r--   1 pnt      pub       280279 Sep  9 13:50 WW/00153E4905N20050909002005092400.gif
-rw-r--r--   1 pnt      pub       277299 Sep  9 13:50 WW/00345W4041N20050909002005092400.gif
-rw-r--r--   1 pnt      pub       280279 Sep  9 13:50 WW/00441E5058N20050909002005092400.gif
-rw-r--r--   1 pnt      pub       280279 Sep  9 13:50 WW/00441E5250N20050909002005092400.gif
-rw-r--r--   1 pnt      pub       277299 Sep  9 13:50 WW/00634E4617N20050909002005092400.gif
-rw-r--r--   1 pnt      pub       280279 Sep  9 13:50 WW/00826E5002N20050909002005092400.gif
-rw-r--r--   1 pnt      pub       280279 Sep  9 13:50 WW/00923W3848N20050909002005092400.gif
-rw-r--r--   1 pnt      pub       277299 Sep  9 13:50 WW/01019E6019N20050909002005092400.gif
-rw-r--r--   1 pnt      pub       280279 Sep  9 13:50 WW/01211E4137N20050909002005092400.gif
-rw-r--r--   1 pnt      pub       280279 Sep  9 13:50 WW/01308E5346N20050909002005092400.gif
-rw-r--r--   1 pnt      pub       280279 Sep  9 13:50 WW/01749E5923N20050909002005092400.gif
-rw-r--r--   1 pnt      pub       280279 Sep  9 13:50 WW/02519E6019N20050909002005092400.gif
-rw-r--r--   1 pnt      pub       277299 Sep  9 13:50 WW/02808E2543S20050909002005092400.gif
-rw-r--r--   1 pnt      pub       280279 Sep  9 13:50 WW/03056E3023N20050909002005092400.gif
-rw-r--r--   1 pnt      pub       280279 Sep  9 13:50 WW/03730E5538N20050909002005092400.gif
-rw-r--r--   1 pnt      pub       280279 Sep  9 13:51 WW/05326W0509N20050909002005092400.gif
-rw-r--r--   1 pnt      pub       280279 Sep  9 13:51 WW/05519W0605N20050909002005092400.gif
-rw-r--r--   1 pnt      pub       280279 Sep  9 13:50 WW/05615W3504S20050909002005092400.gif
-rw-r--r--   1 pnt      pub       280279 Sep  9 13:50 WW/05711W2447S20050909002005092400.gif
-rw-r--r--   1 pnt      pub       280279 Sep  9 13:50 WW/05711W3752S20050909002005092400.gif
-rw-r--r--   1 pnt      pub       280279 Sep  9 13:51 WW/05808W0701N20050909002005092400.gif
-rw-r--r--   1 pnt      pub       280279 Sep  9 13:50 WW/05808W3408S20050909002005092400.gif
-rw-r--r--   1 pnt      pub       280279 Sep  9 13:50 WW/05808W6211S20050909002005092400.gif
-rw-r--r--   1 pnt      pub       280279 Sep  9 13:51 WW/06153W1045N20050909002005092400.gif
-rw-r--r--   1 pnt      pub       280279 Sep  9 13:50 WW/06153W3848S20050909002005092400.gif
-rw-r--r--   1 pnt      pub       277299 Sep  9 13:50 WW/06249W1718S20050909002005092400.gif
-rw-r--r--   1 pnt      pub       277299 Sep  9 13:50 WW/06345W3119S20050909002005092400.gif
-rw-r--r--   1 pnt      pub       277299 Sep  9 13:50 WW/06441W2735S20050909002005092400.gif
-rw-r--r--   1 pnt      pub       280279 Sep  9 13:51 WW/06634W1045N20050909002005092400.gif
-rw-r--r--   1 pnt      pub       280279 Sep  9 13:50 WW/06730W4617S20050909002005092400.gif
-rw-r--r--   1 pnt      pub       277299 Sep  9 13:50 WW/06826W1622S20050909002005092400.gif
-rw-r--r--   1 pnt      pub       277299 Sep  9 13:50 WW/07019W2351S20050909002005092400.gif
-rw-r--r--   1 pnt      pub       278292 Sep  9 13:50 WW/07019W3312S20050909002005092400.gif
-rw-r--r--   1 pnt      pub       278292 Sep  9 13:50 WW/07115W4137S20050909002005092400.gif
-rw-r--r--   1 pnt      pub       280279 Sep  9 13:50 WW/07115W5250S20050909002005092400.gif
-rw-r--r--   1 pnt      pub       280279 Sep  9 13:50 WW/07308W4521N20050909002005092400.gif
-rw-r--r--   1 pnt      pub       277299 Sep  9 13:51 WW/07404W0412N20050909002005092400.gif
-rw-r--r--   1 pnt      pub       280279 Sep  9 13:50 WW/07404W4041N20050909002005092400.gif
-rw-r--r--   1 pnt      pub       280279 Sep  9 13:51 WW/07556W1045N20050909002005092400.gif
-rw-r--r--   1 pnt      pub       280279 Sep  9 13:50 WW/07556W4521N20050909002005092400.gif
-rw-r--r--   1 pnt      pub       280279 Sep  9 13:50 WW/07653E2831N20050909002005092400.gif
-rw-r--r--   1 pnt      pub       277299 Sep  9 13:51 WW/07653W1141S20050909002005092400.gif
-rw-r--r--   1 pnt      pub       280279 Sep  9 13:50 WW/07653W3848N20050909002005092400.gif
-rw-r--r--   1 pnt      pub       277299 Sep  9 13:51 WW/07845W0028S20050909002005092400.gif
-rw-r--r--   1 pnt      pub       277299 Sep  9 13:51 WW/07845W0288S20050909002005092400.gif
-rw-r--r--   1 pnt      pub       277299 Sep  9 13:51 WW/07941W0220S20050909002005092400.gif
-rw-r--r--   1 pnt      pub       280279 Sep  9 13:51 WW/07941W0853N20050909002005092400.gif
-rw-r--r--   1 pnt      pub       280279 Sep  9 13:50 WW/07941W4329N20050909002005092400.gif
-rw-r--r--   1 pnt      pub       280279 Sep  9 13:50 WW/08038W2543N20050909002005092400.gif
-rw-r--r--   1 pnt      pub       280279 Sep  9 13:50 WW/08134W2831N20050909002005092400.gif
-rw-r--r--   1 pnt      pub       280279 Sep  9 13:50 WW/08230W2255N20050909002005092400.gif
-rw-r--r--   1 pnt      pub       277299 Sep  9 13:51 WW/08423W0949N20050909002005092400.gif
-rw-r--r--   1 pnt      pub       280279 Sep  9 13:50 WW/08423W3408N20050909002005092400.gif
-rw-r--r--   1 pnt      pub       277299 Sep  9 13:51 WW/08614W1357N20050909002005092400.gif
-rw-r--r--   1 pnt      pub       277299 Sep  9 13:51 WW/08711W1357N20050909002005092400.gif
-rw-r--r--   1 pnt      pub       280279 Sep  9 13:50 WW/08711W2102N20050909002005092400.gif
-rw-r--r--   1 pnt      pub       277299 Sep  9 13:51 WW/08808W1357N20050909002005092400.gif
-rw-r--r--   1 pnt      pub       280279 Sep  9 13:50 WW/08808W4137N20050909002005092400.gif
-rw-r--r--   1 pnt      pub       280279 Sep  9 13:50 WW/09923W1910N20050909002005092400.gif
-rw-r--r--   1 pnt      pub       280279 Sep  9 13:50 WW/10019W1718N20050909002005092400.gif
-rw-r--r--   1 pnt      pub       280279 Sep  9 13:51 WW/10404E0124N20050909002005092400.gif
-rw-r--r--   1 pnt      pub       280279 Sep  9 13:50 WW/11423E2158N20050909002005092400.gif
-rw-r--r--   1 pnt      pub       280279 Sep  9 13:50 WW/11615E3944N20050909002005092400.gif
-rw-r--r--   1 pnt      pub       280279 Sep  9 13:50 WW/11808W3408N20050909002005092400.gif
-rw-r--r--   1 pnt      pub       280279 Sep  9 13:50 WW/12249W3752N20050909002005092400.gif
-rw-r--r--   1 pnt      pub       280279 Sep  9 13:51 WW/13115E1237S20050909002005092400.gif
-rw-r--r--   1 pnt      pub       277299 Sep  9 13:50 WW/13941E3560N20050909002005092400.gif
-rw-r--r--   1 pnt      pub       280279 Sep  9 13:50 WW/14519E3752S20050909002005092400.gif
-rw-r--r--   1 pnt      pub       280279 Sep  9 13:50 WW/14904W1718S20050909002005092400.gif
-rw-r--r--   1 pnt      pub       280279 Sep  9 13:50 WW/15056E3408S20050909002005092400.gif
-rw-r--r--   1 pnt      pub       280279 Sep  9 13:51 AM/05711W0220S20050909002005092400.gif
-rw-r--r--   1 pnt      pub       280279 Sep  9 13:51 AM/05808W0316S20050909002005092400.gif
-rw-r--r--   1 pnt      pub       280279 Sep  9 13:51 AM/06000W0316S20050909002005092400.gif
-rw-r--r--   1 pnt      pub       280279 Sep  9 13:51 AM/06000W0412S20050909002005092400.gif
-rw-r--r--   1 pnt      pub       280279 Sep  9 13:51 AM/06000W0701S20050909002005092400.gif
-rw-r--r--   1 pnt      pub       280279 Sep  9 13:51 AM/06056W0220S20050909002005092400.gif
-rw-r--r--   1 pnt      pub       280279 Sep  9 13:51 AM/06056W0605S20050909002005092400.gif
-rw-r--r--   1 pnt      pub       280279 Sep  9 13:51 AM/06153W0412S20050909002005092400.gif
-rw-r--r--   1 pnt      pub       280279 Sep  9 13:51 AM/06249W0124S20050909002005092400.gif
-rw-r--r--   1 pnt      pub       280279 Sep  9 13:51 AM/06249W0412S20050909002005092400.gif
-rw-r--r--   1 pnt      pub       280279 Sep  9 13:51 AM/06249W0605S20050909002005092400.gif
-rw-r--r--   1 pnt      pub       280279 Sep  9 13:51 AM/06441W0028S20050909002005092400.gif
-rw-r--r--   1 pnt      pub       280279 Sep  9 13:51 AM/06441W0316S20050909002005092400.gif
-rw-r--r--   1 pnt      pub       280279 Sep  9 13:51 AM/06441W0701S20050909002005092400.gif
-rw-r--r--   1 pnt      pub       280279 Sep  9 13:51 AM/06634W0509S20050909002005092400.gif
-rw-r--r--   1 pnt      pub       280279 Sep  9 13:51 AM/06730W0028N20050909002005092400.gif
-rw-r--r--   1 pnt      pub       280279 Sep  9 13:51 AM/06730W0028S20050909002005092400.gif
-rw-r--r--   1 pnt      pub       280279 Sep  9 13:51 AM/06730W0316S20050909002005092400.gif
-rw-r--r--   1 pnt      pub       280279 Sep  9 13:51 AM/06730W0853S20050909002005092400.gif
-rw-r--r--   1 pnt      pub       280279 Sep  9 13:51 AM/06826W0316S20050909002005092400.gif
-rw-r--r--   1 pnt      pub       280279 Sep  9 13:51 AM/06826W0605S20050909002005092400.gif
-rw-r--r--   1 pnt      pub       280279 Sep  9 13:51 AM/07019W0412S20050909002005092400.gif
-rw-r--r--   1 pnt      pub       277299 Sep  9 13:51 AM/07019W0701S20050909002005092400.gif
-rw-r--r--   1 pnt      pub       280279 Sep  9 13:51 AM/07115W0701S20050909002005092400.gif
-rw-r--r--   1 pnt      pub       277299 Sep  9 13:50 ZZ/05423W2665S20050909002005092400.gif
-rw-r--r--   1 pnt      pub       280279 Sep  9 13:50 ZZ/05423W3319S20050909002005092400.gif
-rw-r--r--   1 pnt      pub       280279 Sep  9 13:50 ZZ/05423W3413S20050909002005092400.gif
-rw-r--r--   1 pnt      pub       280279 Sep  9 13:50 ZZ/05519W2478S20050909002005092400.gif
-rw-r--r--   1 pnt      pub       280279 Sep  9 13:50 ZZ/05519W2571S20050909002005092400.gif
-rw-r--r--   1 pnt      pub       280279 Sep  9 13:50 ZZ/05519W2665S20050909002005092400.gif
-rw-r--r--   1 pnt      pub       280279 Sep  9 13:50 ZZ/05519W3226S20050909002005092400.gif
-rw-r--r--   1 pnt      pub       280279 Sep  9 13:50 ZZ/05519W3319S20050909002005092400.gif
-rw-r--r--   1 pnt      pub       280279 Sep  9 13:50 ZZ/05519W3413S20050909002005092400.gif
-rw-r--r--   1 pnt      pub       277299 Sep  9 13:50 ZZ/05615W2291S20050909002005092400.gif
-rw-r--r--   1 pnt      pub       280279 Sep  9 13:50 ZZ/05615W2384S20050909002005092400.gif
-rw-r--r--   1 pnt      pub       280279 Sep  9 13:50 ZZ/05615W2478S20050909002005092400.gif
-rw-r--r--   1 pnt      pub       280279 Sep  9 13:50 ZZ/05615W2571S20050909002005092400.gif
-rw-r--r--   1 pnt      pub       280279 Sep  9 13:50 ZZ/05615W2665S20050909002005092400.gif
-rw-r--r--   1 pnt      pub       280279 Sep  9 13:50 ZZ/05615W2758S20050909002005092400.gif
-rw-r--r--   1 pnt      pub       280279 Sep  9 13:50 ZZ/05615W3226S20050909002005092400.gif
-rw-r--r--   1 pnt      pub       280279 Sep  9 13:50 ZZ/05615W3319S20050909002005092400.gif
-rw-r--r--   1 pnt      pub       280279 Sep  9 13:50 ZZ/05615W3413S20050909002005092400.gif
-rw-r--r--   1 pnt      pub       280279 Sep  9 13:50 ZZ/05711W2291S20050909002005092400.gif
-rw-r--r--   1 pnt      pub       280279 Sep  9 13:50 ZZ/05711W2384S20050909002005092400.gif
-rw-r--r--   1 pnt      pub       280279 Sep  9 13:50 ZZ/05711W2571S20050909002005092400.gif
-rw-r--r--   1 pnt      pub       280279 Sep  9 13:50 ZZ/05711W2665S20050909002005092400.gif
-rw-r--r--   1 pnt      pub       280279 Sep  9 13:50 ZZ/05711W2758S20050909002005092400.gif
-rw-r--r--   1 pnt      pub       280279 Sep  9 13:50 ZZ/05711W2852S20050909002005092400.gif
-rw-r--r--   1 pnt      pub       280279 Sep  9 13:50 ZZ/05711W3039S20050909002005092400.gif
-rw-r--r--   1 pnt      pub       280279 Sep  9 13:50 ZZ/05711W3132S20050909002005092400.gif
-rw-r--r--   1 pnt      pub       280279 Sep  9 13:50 ZZ/05711W3226S20050909002005092400.gif
-rw-r--r--   1 pnt      pub       280279 Sep  9 13:50 ZZ/05711W3319S20050909002005092400.gif
-rw-r--r--   1 pnt      pub       280279 Sep  9 13:50 ZZ/05711W3413S20050909002005092400.gif
-rw-r--r--   1 pnt      pub       280279 Sep  9 13:50 ZZ/05808W2291S20050909002005092400.gif
-rw-r--r--   1 pnt      pub       280279 Sep  9 13:50 ZZ/05808W2384S20050909002005092400.gif
-rw-r--r--   1 pnt      pub       280279 Sep  9 13:50 ZZ/05808W2478S20050909002005092400.gif
-rw-r--r--   1 pnt      pub       280279 Sep  9 13:50 ZZ/05808W2571S20050909002005092400.gif
-rw-r--r--   1 pnt      pub       280279 Sep  9 13:50 ZZ/05808W2665S20050909002005092400.gif
-rw-r--r--   1 pnt      pub       280279 Sep  9 13:50 ZZ/05808W2758S20050909002005092400.gif
-rw-r--r--   1 pnt      pub       280279 Sep  9 13:50 ZZ/05808W2852S20050909002005092400.gif
-rw-r--r--   1 pnt      pub       280279 Sep  9 13:50 ZZ/05808W2945S20050909002005092400.gif
-rw-r--r--   1 pnt      pub       280279 Sep  9 13:50 ZZ/05808W3039S20050909002005092400.gif
-rw-r--r--   1 pnt      pub       280279 Sep  9 13:50 ZZ/05808W3132S20050909002005092400.gif
-rw-r--r--   1 pnt      pub       280279 Sep  9 13:50 ZZ/05808W3226S20050909002005092400.gif
-rw-r--r--   1 pnt      pub       280279 Sep  9 13:50 ZZ/05808W3319S20050909002005092400.gif
-rw-r--r--   1 pnt      pub       280279 Sep  9 13:50 ZZ/05808W3413S20050909002005092400.gif
-rw-r--r--   1 pnt      pub       280279 Sep  9 13:50 ZZ/05808W3506S20050909002005092400.gif
-rw-r--r--   1 pnt      pub       277299 Sep  9 13:50 ZZ/05904W1730S20050909002005092400.gif
-rw-r--r--   1 pnt      pub       277299 Sep  9 13:50 ZZ/05904W1823S20050909002005092400.gif
-rw-r--r--   1 pnt      pub       280279 Sep  9 13:50 ZZ/05904W1917S20050909002005092400.gif
-rw-r--r--   1 pnt      pub       280279 Sep  9 13:50 ZZ/05904W2010S20050909002005092400.gif
-rw-r--r--   1 pnt      pub       280279 Sep  9 13:50 ZZ/05904W2104S20050909002005092400.gif
-rw-r--r--   1 pnt      pub       280279 Sep  9 13:50 ZZ/05904W2197S20050909002005092400.gif
-rw-r--r--   1 pnt      pub       280279 Sep  9 13:50 ZZ/05904W2291S20050909002005092400.gif
-rw-r--r--   1 pnt      pub       280279 Sep  9 13:50 ZZ/05904W2384S20050909002005092400.gif
-rw-r--r--   1 pnt      pub       280279 Sep  9 13:50 ZZ/05904W2478S20050909002005092400.gif
-rw-r--r--   1 pnt      pub       280279 Sep  9 13:50 ZZ/05904W2571S20050909002005092400.gif
-rw-r--r--   1 pnt      pub       280279 Sep  9 13:50 ZZ/05904W2665S20050909002005092400.gif
-rw-r--r--   1 pnt      pub       280279 Sep  9 13:50 ZZ/05904W2758S20050909002005092400.gif
-rw-r--r--   1 pnt      pub       280279 Sep  9 13:50 ZZ/05904W2852S20050909002005092400.gif
-rw-r--r--   1 pnt      pub       280279 Sep  9 13:50 ZZ/05904W2945S20050909002005092400.gif
-rw-r--r--   1 pnt      pub       280279 Sep  9 13:50 ZZ/05904W3039S20050909002005092400.gif
-rw-r--r--   1 pnt      pub       280279 Sep  9 13:50 ZZ/05904W3132S20050909002005092400.gif
-rw-r--r--   1 pnt      pub       280279 Sep  9 13:50 ZZ/05904W3226S20050909002005092400.gif
-rw-r--r--   1 pnt      pub       280279 Sep  9 13:50 ZZ/05904W3319S20050909002005092400.gif
-rw-r--r--   1 pnt      pub       280279 Sep  9 13:50 ZZ/05904W3413S20050909002005092400.gif
-rw-r--r--   1 pnt      pub       280279 Sep  9 13:50 ZZ/05904W3506S20050909002005092400.gif
-rw-r--r--   1 pnt      pub       277299 Sep  9 13:50 ZZ/06000W1730S20050909002005092400.gif
-rw-r--r--   1 pnt      pub       277299 Sep  9 13:50 ZZ/06000W1823S20050909002005092400.gif
-rw-r--r--   1 pnt      pub       277299 Sep  9 13:50 ZZ/06000W1917S20050909002005092400.gif
-rw-r--r--   1 pnt      pub       280279 Sep  9 13:50 ZZ/06000W2010S20050909002005092400.gif
-rw-r--r--   1 pnt      pub       280279 Sep  9 13:50 ZZ/06000W2104S20050909002005092400.gif
-rw-r--r--   1 pnt      pub       280279 Sep  9 13:50 ZZ/06000W2197S20050909002005092400.gif
-rw-r--r--   1 pnt      pub       280279 Sep  9 13:50 ZZ/06000W2291S20050909002005092400.gif
-rw-r--r--   1 pnt      pub       280279 Sep  9 13:50 ZZ/06000W2384S20050909002005092400.gif
-rw-r--r--   1 pnt      pub       280279 Sep  9 13:50 ZZ/06000W2478S20050909002005092400.gif
-rw-r--r--   1 pnt      pub       280279 Sep  9 13:50 ZZ/06000W2571S20050909002005092400.gif
-rw-r--r--   1 pnt      pub       280279 Sep  9 13:50 ZZ/06000W2665S20050909002005092400.gif
-rw-r--r--   1 pnt      pub       280279 Sep  9 13:50 ZZ/06000W2758S20050909002005092400.gif
-rw-r--r--   1 pnt      pub       280279 Sep  9 13:50 ZZ/06000W2852S20050909002005092400.gif
-rw-r--r--   1 pnt      pub       280279 Sep  9 13:50 ZZ/06000W2945S20050909002005092400.gif
-rw-r--r--   1 pnt      pub       280279 Sep  9 13:50 ZZ/06000W3039S20050909002005092400.gif
-rw-r--r--   1 pnt      pub       280279 Sep  9 13:50 ZZ/06000W3132S20050909002005092400.gif
-rw-r--r--   1 pnt      pub       280279 Sep  9 13:50 ZZ/06000W3226S20050909002005092400.gif
-rw-r--r--   1 pnt      pub       280279 Sep  9 13:50 ZZ/06000W3319S20050909002005092400.gif
-rw-r--r--   1 pnt      pub       280279 Sep  9 13:50 ZZ/06000W3413S20050909002005092400.gif
-rw-r--r--   1 pnt      pub       280279 Sep  9 13:50 ZZ/06000W3506S20050909002005092400.gif
