Thu Oct  7 15:35:26 CDT 2010
**(CreateParallelism)** Process 0 (nid00044) among 4 processes with 1 threads is alive
 pk1 0,  26,  3,  2004,  0,  28,  3,  2004,  0,  28,  3,  2004
 200403260020040328002004032800
 pk1 0,  26,  3,  2004,  0,  28,  3,  2004,  0,  28,  3,  2004
 200403260020040328002004032800
 pk1 0,  26,  3,  2004,  0,  28,  3,  2004,  0,  28,  3,  2004
 200403260020040328002004032800

   192    8    8  2.22044605E-14  4.09061543E-03

   192    8    8  2.22044605E-14  4.09061543E-03
**(WriteGauss)** writing file /scratch/p01211/oens-1.0.0/model/datain//gaussp.G00192
**(CreateGaussQuad)**  0.927224013849  0.935061780845  0.937500000000

**(CreateGaussQuad)**         103.849         104.727         105.000
**(CreateGaussQuad)**    0.999999999999967581      3.241851231905E-14
   192    8    8  2.22044605E-14  4.09061543E-03
 pk1 0,  26,  3,  2004,  0,  28,  3,  2004,  0,  28,  3,  2004
 200403260020040328002004032800

   192    8    8  2.22044605E-14  4.09061543E-03
**(WriteMs)** writing file /scratch/p01211/oens-1.0.0/model/datain//mwaves.T0126G00192
 pk2 0,  3,  26,  2004,  0,  3,  26,  2004
 pk3 0,  26,  3,  2004,  0,  28,  3,  2004,  0,  28,  3,  2004 P002GFGHF.unfF.dir
 200403260020040328002004032800
 pk2 0,  3,  26,  2004,  0,  3,  26,  2004
 pk2 0,  3,  26,  2004,  0,  3,  26,  2004
 pk3 0,  26,  3,  2004,  0,  28,  3,  2004,  0,  28,  3,  2004 P001GFGHF.unfF.dir
 200403260020040328002004032800
 pk3 0,  26,  3,  2004,  0,  28,  3,  2004,  0,  28,  3,  2004 P003GFGHF.unfF.dir
 200403260020040328002004032800
**(DumpOptions)**
**(DumpOptions)** model TQ0126L028 runs from 00Z 26/03/2004 to 00Z 28/03/2004 with initial state from 00Z 26/03/2004
**(DumpOptions)** model executes 288 timesteps of length 600 seconds
**(DumpOptions)** model dynamics configuration is  Eulerian, Reduced Gaussian and Quadratic Grid
**(DumpOptions)** input file name is /scratch/p01211/oens-1.0.0/model/datain/GANLNMC2004032600S.unf.TQ0126L028
**(DumpOptions)** output file directory is /scratch/p01211/oens-1.0.0/model/dataout/TQ0126L028/2004032600
**(DumpOptions)** model physics configuration:
**(DumpOptions)**    Shortwave Radiation is CLIRAD-SW
**(DumpOptions)**    Maritime aerosol is 0.1400000E+00
**(DumpOptions)**    Continental aerosol is 0.2200000E+00
**(DumpOptions)**    Cloud Scheme is 0.1000000E+01
**(DumpOptions)**    Longwave Radiation is Harshvardhan
**(DumpOptions)**    Using a single global value for co2 concentration,
**(DumpOptions)**        with constant concentration of 0.3700000E+03 ppmv
**(DumpOptions)**    Using old 4-month zonally averaged OZONE climatology
**(DumpOptions)**    Deep Convection is KUO
**(DumpOptions)**    Shallow Convection is Tiedke
**(DumpOptions)**
 pk2 0,  3,  26,  2004,  0,  3,  26,  2004
 pk3 0,  26,  3,  2004,  0,  28,  3,  2004,  0,  28,  3,  2004 P000GFGHF.unfF.dir
 200403260020040328002004032800

lib-4961 : WARNING 
  Subscript 0 is out of range for dimension 1 for array
  'ngptsperjb' at line 743 in file 'GridHistory.f90' with bounds 1:73.
**(InitBoundCond)**Initializing prec/cloud variables
 SST:  IFSST=-1  MAX,MIN=  290.00     -304.97    
**(InitBoundCond)**Cold start SSib variables
 SST:  IFSST=-1  MAX,MIN=  290.00     -297.14    
 SST:  IFSST=-1  MAX,MIN=  290.00     -293.78    
**(Model)** Init: Diabatic Tendencies
**(rsdiag)**reset all the diagnostic accumulators
 SST:  IFSST=-1  MAX,MIN=  290.00     -304.16    
**(TimeStep)** timestep 1 of length 150.0 seconds at simulation time 0 days and 0.0 seconds
**(TimeStep)** timestep 2 of length 300.0 seconds at simulation time 0 days and 0.0 seconds
**(TimeStep)** timestep 1 of length 600.0 seconds at simulation time 0 days and 0.0 seconds
**(TimeStep)** timestep 2 of length 600.0 seconds at simulation time 0 days and 0.0 seconds
**(TimeStep)** timestep 3 of length 600.0 seconds at simulation time 0 days and 0.0 seconds
**(TimeStep)** timestep 4 of length 600.0 seconds at simulation time 0 days and 0.0 seconds
**(TimeStep)** timestep 5 of length 600.0 seconds at simulation time 0 days and 0.0 seconds
**(TimeStep)** timestep 6 of length 600.0 seconds at simulation time 0 days and 0.0 seconds
**(TimeStep)** timestep 7 of length 600.0 seconds at simulation time 0 days and 0.0 seconds
**(opnfct)** writes file GFCTNMC20040326002004032600F.icn.TQ0126L028 at simulation time
**(opnfct)** 0 days and 0.0 seconds; contains state of the atmosphere at 00Z of 26/03/2004
**(rmsgt)** State of the atmosphere at 00Z of 26/03/2004:
**(rmsgt)** Layers and average means and variances:
**(rmsgt)** LYR  Z.S. DIV.  Z.A. DIV.  Z.S. VOR.  Z.A. VOR.  G.M. TEM.  Z.S. TEM.  Z.A. TEM.  G.M. S.H.  Z.S. S.H.  Z.A. S.H.
**(rmsgt)**  28  1.450E-06  1.250E-05  1.459E-05  1.944E-05   249.26       6.38       3.95    3.843E-06  3.846E-07  1.322E-07
**(rmsgt)**  27  1.124E-06  8.395E-06  1.124E-05  1.325E-05   228.47       5.63       2.74    3.739E-06  4.704E-07  1.452E-07
**(rmsgt)**  26  8.516E-07  7.301E-06  1.150E-05  1.127E-05   221.79       3.91       2.30    3.156E-06  5.444E-07  1.635E-07
**(rmsgt)**  25  7.655E-07  7.413E-06  1.026E-05  1.085E-05   215.87       2.40       2.08    2.648E-06  4.551E-07  2.068E-07
**(rmsgt)**  24  7.655E-07  8.510E-06  7.727E-06  1.099E-05   211.74       3.79       1.89    2.322E-06  4.031E-07  3.220E-07
**(rmsgt)**  23  7.223E-07  8.287E-06  6.550E-06  1.147E-05   207.70       7.53       2.16    2.019E-06  4.195E-07  5.834E-07
**(rmsgt)**  22  8.391E-07  9.853E-06  6.734E-06  1.400E-05   204.62      10.91       2.73    1.715E-06  4.081E-07  4.810E-07
**(rmsgt)**  21  1.017E-06  1.178E-05  7.533E-06  1.687E-05   205.30      10.90       2.81    1.999E-06  5.573E-07  8.646E-07
**(rmsgt)**  20  9.791E-07  1.248E-05  8.692E-06  2.135E-05   209.61       8.20       2.73    4.362E-06  1.325E-06  2.172E-06
**(rmsgt)**  19  1.823E-06  1.438E-05  1.034E-05  2.811E-05   214.62       4.01       3.44    1.234E-05  5.163E-06  5.975E-06
**(rmsgt)**  18  1.870E-06  1.556E-05  1.197E-05  3.756E-05   220.15       2.42       3.70    3.450E-05  2.057E-05  2.149E-05
**(rmsgt)**  17  1.660E-06  1.561E-05  1.279E-05  4.514E-05   226.90       6.36       3.27    9.090E-05  6.176E-05  6.848E-05
**(rmsgt)**  16  1.424E-06  1.500E-05  1.240E-05  4.845E-05   234.72       9.24       3.63    2.120E-04  1.493E-04  1.710E-04
**(rmsgt)**  15  1.439E-06  1.372E-05  1.130E-05  4.791E-05   242.96      10.75       4.34    4.240E-04  2.982E-04  3.565E-04
**(rmsgt)**  14  1.234E-06  1.290E-05  1.009E-05  4.445E-05   250.81      11.44       4.80    7.496E-04  5.287E-04  6.326E-04
**(rmsgt)**  13  1.356E-06  1.262E-05  9.081E-06  3.959E-05   257.74      11.82       5.01    1.209E-03  8.559E-04  9.810E-04
**(rmsgt)**  12  1.395E-06  1.275E-05  8.051E-06  3.520E-05   263.64      12.02       5.07    1.788E-03  1.256E-03  1.323E-03
**(rmsgt)**  11  1.370E-06  1.294E-05  7.153E-06  3.212E-05   268.55      12.13       5.05    2.532E-03  1.728E-03  1.635E-03
**(rmsgt)**  10  1.306E-06  1.302E-05  6.506E-06  3.041E-05   272.40      12.14       4.95    3.490E-03  2.333E-03  1.860E-03
**(rmsgt)**   9  1.300E-06  1.290E-05  6.129E-06  2.986E-05   275.75      12.43       4.88    4.295E-03  2.768E-03  2.030E-03
**(rmsgt)**   8  1.241E-06  1.260E-05  5.789E-06  3.038E-05   278.38      12.78       4.86    5.144E-03  3.149E-03  2.101E-03
**(rmsgt)**   7  1.247E-06  1.240E-05  5.521E-06  3.151E-05   280.43      13.09       4.92    6.158E-03  3.618E-03  2.132E-03
**(rmsgt)**   6  1.430E-06  1.318E-05  5.435E-06  3.313E-05   282.30      13.53       5.03    7.075E-03  4.114E-03  2.253E-03
**(rmsgt)**   5  1.619E-06  1.457E-05  5.356E-06  3.433E-05   283.99      14.09       5.14    7.789E-03  4.538E-03  2.285E-03
**(rmsgt)**   4  1.783E-06  1.623E-05  5.184E-06  3.457E-05   285.47      14.63       5.27    8.374E-03  4.930E-03  2.295E-03
**(rmsgt)**   3  1.965E-06  1.758E-05  4.898E-06  3.346E-05   286.76      15.10       5.39    8.743E-03  5.157E-03  2.356E-03
**(rmsgt)**   2  2.018E-06  1.773E-05  4.511E-06  3.094E-05   287.82      15.43       5.52    9.007E-03  5.306E-03  2.401E-03
**(rmsgt)**   1  1.826E-06  1.591E-05  3.877E-06  2.637E-05   288.56      15.64       5.63    9.283E-03  5.443E-03  2.471E-03
**(rmsgt)** AVE  1.413E-06  1.341E-05  8.809E-06  3.502E-05   251.75      11.03       4.43    2.472E-03  2.270E-03  1.388
**(rmsgt)** Log(surface pressure) mean and variance:
**(rmsgt)**  G.M.LNP.= 4.59    ; Z.S.LNP.=0.409E-01; Z.A.LNP.=0.683E-01

lib-4961 : WARNING 
  Subscript 0 is out of range for dimension 2 for array
  'fgzs' at line 958 in file 'GridHistory.f90' with bounds 1:73.

lib-4961 : WARNING 
  Subscript 0 is out of range for dimension 1 for array
  'fgzs' at line 958 in file 'GridHistory.f90' with bounds 1:192.
**(Model)** Init: Non-linear Normal Modes
**(rsdiag)**reset all the diagnostic accumulators
**(TimeStep)** timestep 0 of length 1.0 seconds at simulation time 0 days and 0.0 seconds
**(TimeStep)** timestep 0 of length 1.0 seconds at simulation time 0 days and 0.0 seconds
**(TimeStep)** timestep 0 of length 1.0 seconds at simulation time 0 days and 0.0 seconds
**(opnfct)** writes file GFCTNMC20040326002004032600F.inz.TQ0126L028 at simulation time
**(opnfct)** 0 days and 0.0 seconds; contains state of the atmosphere at 00Z of 26/03/2004
**(rmsgt)** State of the atmosphere at 00Z of 26/03/2004:
**(rmsgt)** Layers and average means and variances:
**(rmsgt)** LYR  Z.S. DIV.  Z.A. DIV.  Z.S. VOR.  Z.A. VOR.  G.M. TEM.  Z.S. TEM.  Z.A. TEM.  G.M. S.H.  Z.S. S.H.  Z.A. S.H.
**(rmsgt)**  28  4.271E-07  3.231E-06  1.428E-05  1.904E-05   249.26       6.33       3.80    3.843E-06  3.846E-07  1.322E-07
**(rmsgt)**  27  1.087E-06  8.626E-06  1.121E-05  1.326E-05   228.47       5.75       3.14    3.739E-06  4.704E-07  1.452E-07
**(rmsgt)**  26  8.109E-07  7.187E-06  1.164E-05  1.131E-05   221.79       3.92       2.39    3.156E-06  5.444E-07  1.635E-07
**(rmsgt)**  25  7.802E-07  7.526E-06  1.039E-05  1.089E-05   215.87       2.42       2.08    2.648E-06  4.551E-07  2.068E-07
**(rmsgt)**  24  7.839E-07  8.197E-06  7.782E-06  1.102E-05   211.74       3.77       1.84    2.322E-06  4.031E-07  3.220E-07
**(rmsgt)**  23  7.678E-07  8.292E-06  6.547E-06  1.149E-05   207.70       7.48       2.14    2.019E-06  4.195E-07  5.834E-07
**(rmsgt)**  22  8.298E-07  9.875E-06  6.711E-06  1.401E-05   204.62      10.85       2.75    1.715E-06  4.081E-07  4.810E-07
**(rmsgt)**  21  1.023E-06  1.180E-05  7.503E-06  1.688E-05   205.30      10.84       2.84    1.999E-06  5.573E-07  8.646E-07
**(rmsgt)**  20  9.823E-07  1.249E-05  8.670E-06  2.135E-05   209.61       8.15       2.74    4.362E-06  1.325E-06  2.172E-06
**(rmsgt)**  19  1.815E-06  1.438E-05  1.033E-05  2.811E-05   214.62       3.98       3.44    1.234E-05  5.163E-06  5.975E-06
**(rmsgt)**  18  1.865E-06  1.557E-05  1.197E-05  3.756E-05   220.15       2.45       3.70    3.450E-05  2.057E-05  2.149E-05
**(rmsgt)**  17  1.665E-06  1.563E-05  1.280E-05  4.515E-05   226.90       6.37       3.27    9.090E-05  6.176E-05  6.848E-05
**(rmsgt)**  16  1.436E-06  1.501E-05  1.241E-05  4.845E-05   234.72       9.24       3.63    2.120E-04  1.493E-04  1.710E-04
**(rmsgt)**  15  1.453E-06  1.371E-05  1.131E-05  4.791E-05   242.96      10.75       4.34    4.240E-04  2.982E-04  3.565E-04
**(rmsgt)**  14  1.241E-06  1.287E-05  1.009E-05  4.445E-05   250.81      11.45       4.80    7.496E-04  5.287E-04  6.326E-04
**(rmsgt)**  13  1.349E-06  1.257E-05  9.089E-06  3.959E-05   257.74      11.82       5.01    1.209E-03  8.559E-04  9.810E-04
**(rmsgt)**  12  1.382E-06  1.268E-05  8.060E-06  3.521E-05   263.64      12.02       5.07    1.788E-03  1.256E-03  1.323E-03
**(rmsgt)**  11  1.360E-06  1.286E-05  7.163E-06  3.212E-05   268.55      12.13       5.05    2.532E-03  1.728E-03  1.635E-03
**(rmsgt)**  10  1.304E-06  1.295E-05  6.515E-06  3.042E-05   272.40      12.14       4.95    3.490E-03  2.333E-03  1.860E-03
**(rmsgt)**   9  1.307E-06  1.282E-05  6.138E-06  2.987E-05   275.75      12.43       4.88    4.295E-03  2.768E-03  2.030E-03
**(rmsgt)**   8  1.255E-06  1.253E-05  5.797E-06  3.039E-05   278.38      12.78       4.86    5.144E-03  3.149E-03  2.101E-03
**(rmsgt)**   7  1.258E-06  1.233E-05  5.529E-06  3.152E-05   280.43      13.09       4.92    6.158E-03  3.618E-03  2.132E-03
**(rmsgt)**   6  1.432E-06  1.312E-05  5.441E-06  3.313E-05   282.30      13.53       5.03    7.075E-03  4.114E-03  2.253E-03
**(rmsgt)**   5  1.616E-06  1.451E-05  5.362E-06  3.433E-05   283.99      14.09       5.14    7.789E-03  4.538E-03  2.285E-03
**(rmsgt)**   4  1.777E-06  1.619E-05  5.190E-06  3.457E-05   285.47      14.63       5.26    8.374E-03  4.930E-03  2.295E-03
**(rmsgt)**   3  1.956E-06  1.754E-05  4.903E-06  3.347E-05   286.76      15.10       5.39    8.743E-03  5.157E-03  2.356E-03
**(rmsgt)**   2  2.008E-06  1.770E-05  4.516E-06  3.094E-05   287.82      15.43       5.51    9.007E-03  5.306E-03  2.401E-03
**(rmsgt)**   1  1.815E-06  1.588E-05  3.881E-06  2.637E-05   288.56      15.64       5.62    9.283E-03  5.443E-03  2.471E-03
**(rmsgt)** AVE  1.409E-06  1.334E-05  8.813E-06  3.502E-05   251.75      11.02       4.43    2.472E-03  2.270E-03  1.388
**(rmsgt)** Log(surface pressure) mean and variance:
**(rmsgt)**  G.M.LNP.= 4.59    ; Z.S.LNP.=0.409E-01; Z.A.LNP.=0.682E-01
**(rsdiag)**reset all the diagnostic accumulators
**(Model)** Init: Cold Start
**(InitCheckfile)**Initializing prec/cloud variables
**(TimeStep)** timestep 1 of length 150.0 seconds at simulation time 0 days and 0.0 seconds
**(Model)**Time integration starts
**(rsdiag)**reset all the diagnostic accumulators
**(TimeStep)** timestep 2 of length 300.0 seconds at simulation time 0 days and 0.0 seconds

lib-4961 : WARNING 
  Subscript 0 is out of range for dimension 1 for array
  'field' at line 1072 in file 'GridHistory.f90' with bounds 1:192.

lib-4961 : WARNING 
  Subscript 0 is out of range for dimension 1 for array
  'cf' at line 1296 in file 'GridHistory.f90' with bounds 1:192.

lib-4961 : WARNING 
  Subscript 0 is out of range for dimension 1 for array
  'field' at line 1296 in file 'GridHistory.f90' with bounds 1:192.

lib-4961 : WARNING 
  Subscript 0 is out of range for dimension 1 for array
  'field' at line 1067 in file 'GridHistory.f90' with bounds 1:192.
**(Model)**Time integration starts
**(TimeStep)** timestep 2 of length 600.0 seconds at simulation time 0 days and 1200.0 seconds
**(TimeStep)** timestep 3 of length 600.0 seconds at simulation time 0 days and 1800.0 seconds
**(TimeStep)** timestep 4 of length 600.0 seconds at simulation time 0 days and 2400.0 seconds
**(TimeStep)** timestep 5 of length 600.0 seconds at simulation time 0 days and 3000.0 seconds
**(TimeStep)** timestep 6 of length 600.0 seconds at simulation time 0 days and 3600.0 seconds
**(TimeStep)** timestep 7 of length 600.0 seconds at simulation time 0 days and 4200.0 seconds
**(TimeStep)** timestep 8 of length 600.0 seconds at simulation time 0 days and 4800.0 seconds
**(TimeStep)** timestep 9 of length 600.0 seconds at simulation time 0 days and 5400.0 seconds
**(TimeStep)** timestep 10 of length 600.0 seconds at simulation time 0 days and 6000.0 seconds
**(TimeStep)** timestep 11 of length 600.0 seconds at simulation time 0 days and 6600.0 seconds
**(TimeStep)** timestep 12 of length 600.0 seconds at simulation time 0 days and 7200.0 seconds
**(TimeStep)** timestep 13 of length 600.0 seconds at simulation time 0 days and 7800.0 seconds
**(TimeStep)** timestep 14 of length 600.0 seconds at simulation time 0 days and 8400.0 seconds
**(TimeStep)** timestep 15 of length 600.0 seconds at simulation time 0 days and 9000.0 seconds
**(TimeStep)** timestep 16 of length 600.0 seconds at simulation time 0 days and 9600.0 seconds
**(TimeStep)** timestep 17 of length 600.0 seconds at simulation time 0 days and 10200.0 seconds
**(TimeStep)** timestep 18 of length 600.0 seconds at simulation time 0 days and 10800.0 seconds
**(TimeStep)** timestep 19 of length 600.0 seconds at simulation time 0 days and 11400.0 seconds
**(TimeStep)** timestep 20 of length 600.0 seconds at simulation time 0 days and 12000.0 seconds
**(TimeStep)** timestep 21 of length 600.0 seconds at simulation time 0 days and 12600.0 seconds
**(TimeStep)** timestep 22 of length 600.0 seconds at simulation time 0 days and 13200.0 seconds
**(TimeStep)** timestep 23 of length 600.0 seconds at simulation time 0 days and 13800.0 seconds
**(TimeStep)** timestep 24 of length 600.0 seconds at simulation time 0 days and 14400.0 seconds
**(TimeStep)** timestep 25 of length 600.0 seconds at simulation time 0 days and 15000.0 seconds
**(TimeStep)** timestep 26 of length 600.0 seconds at simulation time 0 days and 15600.0 seconds
**(TimeStep)** timestep 27 of length 600.0 seconds at simulation time 0 days and 16200.0 seconds
**(TimeStep)** timestep 28 of length 600.0 seconds at simulation time 0 days and 16800.0 seconds
**(TimeStep)** timestep 29 of length 600.0 seconds at simulation time 0 days and 17400.0 seconds
**(TimeStep)** timestep 30 of length 600.0 seconds at simulation time 0 days and 18000.0 seconds
**(TimeStep)** timestep 31 of length 600.0 seconds at simulation time 0 days and 18600.0 seconds
**(TimeStep)** timestep 32 of length 600.0 seconds at simulation time 0 days and 19200.0 seconds
**(TimeStep)** timestep 33 of length 600.0 seconds at simulation time 0 days and 19800.0 seconds
**(TimeStep)** timestep 34 of length 600.0 seconds at simulation time 0 days and 20400.0 seconds
**(TimeStep)** timestep 35 of length 600.0 seconds at simulation time 0 days and 21000.0 seconds
**(TimeStep)** timestep 36 of length 600.0 seconds at simulation time 0 days and 21600.0 seconds
**(opnfct)** writes file GFCTNMC20040326002004032606F.fct.TQ0126L028 at simulation time
**(opnfct)** 0 days and 21600.0 seconds; contains state of the atmosphere at 06Z of 26/03/2004
**(rmsgt)** State of the atmosphere at 06Z of 26/03/2004:
**(rmsgt)** Layers and average means and variances:
**(rmsgt)** LYR  Z.S. DIV.  Z.A. DIV.  Z.S. VOR.  Z.A. VOR.  G.M. TEM.  Z.S. TEM.  Z.A. TEM.  G.M. S.H.  Z.S. S.H.  Z.A. S.H.
**(rmsgt)**  28  5.788E-07  3.106E-06  1.390E-05  1.719E-05   249.02       6.16       4.26    3.842E-06  3.840E-07  1.314E-07
**(rmsgt)**  27  1.658E-06  1.110E-05  1.207E-05  1.533E-05   228.46       5.61       3.37    3.740E-06  4.705E-07  1.403E-07
**(rmsgt)**  26  8.463E-07  9.377E-06  1.183E-05  1.306E-05   221.69       3.98       2.49    3.156E-06  5.434E-07  1.590E-07
**(rmsgt)**  25  7.786E-07  7.325E-06  1.014E-05  1.069E-05   215.92       2.36       2.15    2.647E-06  4.551E-07  2.011E-07
**(rmsgt)**  24  7.732E-07  6.189E-06  7.702E-06  9.566E-06   211.82       3.67       1.88    2.323E-06  4.044E-07  3.187E-07
**(rmsgt)**  23  8.454E-07  5.990E-06  6.583E-06  9.589E-06   207.79       7.42       2.16    2.023E-06  4.188E-07  5.514E-07
**(rmsgt)**  22  8.244E-07  7.358E-06  6.585E-06  1.147E-05   204.70      10.85       2.69    1.719E-06  4.007E-07  4.702E-07
**(rmsgt)**  21  6.367E-07  8.798E-06  7.454E-06  1.485E-05   205.36      10.85       2.79    2.032E-06  5.668E-07  8.754E-07
**(rmsgt)**  20  9.652E-07  8.684E-06  8.415E-06  1.911E-05   209.63       8.11       2.72    4.487E-06  1.420E-06  2.293E-06
**(rmsgt)**  19  1.418E-06  9.113E-06  1.005E-05  2.507E-05   214.65       3.85       3.41    1.291E-05  5.713E-06  6.801E-06
**(rmsgt)**  18  1.609E-06  9.147E-06  1.160E-05  3.275E-05   220.17       2.48       3.67    3.722E-05  2.260E-05  2.503E-05
**(rmsgt)**  17  1.100E-06  9.247E-06  1.238E-05  3.845E-05   226.86       6.41       3.22    9.838E-05  6.595E-05  7.574E-05
**(rmsgt)**  16  9.345E-07  8.662E-06  1.187E-05  3.995E-05   234.63       9.23       3.56    2.256E-04  1.533E-04  1.789E-04
**(rmsgt)**  15  1.037E-06  8.116E-06  1.065E-05  3.809E-05   242.85      10.73       4.27    4.413E-04  2.970E-04  3.551E-04
**(rmsgt)**  14  9.980E-07  7.630E-06  9.500E-06  3.448E-05   250.75      11.42       4.72    7.707E-04  5.179E-04  6.102E-04
**(rmsgt)**  13  9.689E-07  7.263E-06  8.525E-06  3.054E-05   257.76      11.76       4.91    1.235E-03  8.341E-04  9.286E-04
**(rmsgt)**  12  9.713E-07  7.179E-06  7.531E-06  2.702E-05   263.74      11.90       4.94    1.818E-03  1.223E-03  1.236E-03
**(rmsgt)**  11  9.996E-07  7.343E-06  6.639E-06  2.449E-05   268.66      11.93       4.91    2.541E-03  1.668E-03  1.530E-03
**(rmsgt)**  10  8.875E-07  7.507E-06  6.016E-06  2.278E-05   272.54      11.89       4.80    3.481E-03  2.257E-03  1.771E-03
**(rmsgt)**   9  8.328E-07  7.643E-06  5.576E-06  2.188E-05   275.88      12.05       4.70    4.317E-03  2.721E-03  1.955E-03
**(rmsgt)**   8  8.229E-07  8.153E-06  5.313E-06  2.209E-05   278.59      12.39       4.67    5.207E-03  3.139E-03  2.036E-03
**(rmsgt)**   7  1.044E-06  9.014E-06  5.244E-06  2.299E-05   280.87      12.74       4.68    6.177E-03  3.549E-03  2.071E-03
**(rmsgt)**   6  1.545E-06  1.039E-05  5.254E-06  2.424E-05   282.92      13.14       4.75    7.113E-03  3.973E-03  2.172E-03
**(rmsgt)**   5  2.019E-06  1.224E-05  5.037E-06  2.540E-05   284.80      13.63       4.86    7.897E-03  4.362E-03  2.276E-03
**(rmsgt)**   4  2.145E-06  1.386E-05  4.757E-06  2.623E-05   286.42      14.09       4.98    8.697E-03  4.874E-03  2.340E-03
**(rmsgt)**   3  2.217E-06  1.499E-05  4.677E-06  2.617E-05   287.71      14.56       5.08    9.366E-03  5.325E-03  2.456E-03
**(rmsgt)**   2  2.444E-06  1.565E-05  4.410E-06  2.423E-05   288.99      14.88       5.21    9.811E-03  5.555E-03  2.581E-03
**(rmsgt)**   1  2.392E-06  1.581E-05  3.858E-06  2.102E-05   289.71      15.23       5.52    1.020E-02  5.724E-03  2.724E-03
**(rmsgt)** AVE  1.209E-06  8.931E-06  8.417E-06  2.776E-05   251.92      10.83       4.30    2.531E-03  2.254E-03  1.361
**(rmsgt)** Log(surface pressure) mean and variance:
**(rmsgt)**  G.M.LNP.= 4.59    ; Z.S.LNP.=0.405E-01; Z.A.LNP.=0.680E-01
**(wridia)** file also contains diagnostics at 06Z of 26/03/2004:
**(globme)**TOTAL PRECIPITATION                      Glob.Mean=  0.54242540E-04; Std.Dev.=  0.11723370E-03; in units of Kg M**-2
 Sec**-1
**(globme)**CONVECTIVE PRECIPITATION                 Glob.Mean=  0.47810871E-04; Std.Dev.=  0.11305826E-03; in units of Kg M**-2
 Sec**-1
**(globme)**SENSIBLE HEAT FLUX FROM SURFACE          Glob.Mean=   56.853135; Std.Dev.=   136.49461    ; in units of W M**-2
**(globme)**LATENT HEAT FLUX FROM SURFACE            Glob.Mean=   202.57941; Std.Dev.=   312.10503    ; in units of W M**-2
**(globme)**SURFACE ZONAL WIND STRESS                Glob.Mean= -0.26186202E-02; Std.Dev.=  0.21242176    ; in units of Pa
**(globme)**SURFACE MERIDIONAL WIND STRESS           Glob.Mean=  0.25777051E-02; Std.Dev.=  0.19412683    ; in units of Pa
**(globme)**DOWNWARD LONG WAVE AT BOTTOM             Glob.Mean=   337.11129; Std.Dev.=   85.589690    ; in units of W M**-2
**(globme)**OUTGOING LONG WAVE AT TOP                Glob.Mean=   254.76719; Std.Dev.=   36.589423    ; in units of W M**-2
**(globme)**INCIDENT SHORT WAVE FLUX                 Glob.Mean=   342.84482; Std.Dev.=   387.10664    ; in units of W M**-2
**(globme)**DOWNWARD SHORT WAVE AT GROUND            Glob.Mean=   204.30038; Std.Dev.=   249.64207    ; in units of W M**-2
**(globme)**SHORT WAVE ABSORBED AT GROUND            Glob.Mean=   180.32680; Std.Dev.=   228.51676    ; in units of W M**-2
**(globme)**NET LONG WAVE AT BOTTOM                  Glob.Mean=   67.612475; Std.Dev.=   36.231122    ; in units of W M**-2
**(rsdiag)**reset all the diagnostic accumulators
**(TimeStep)** timestep 37 of length 600.0 seconds at simulation time 0 days and 22200.0 seconds
**(TimeStep)** timestep 38 of length 600.0 seconds at simulation time 0 days and 22800.0 seconds
**(TimeStep)** timestep 39 of length 600.0 seconds at simulation time 0 days and 23400.0 seconds
**(TimeStep)** timestep 40 of length 600.0 seconds at simulation time 0 days and 24000.0 seconds
**(TimeStep)** timestep 41 of length 600.0 seconds at simulation time 0 days and 24600.0 seconds
**(TimeStep)** timestep 42 of length 600.0 seconds at simulation time 0 days and 25200.0 seconds
**(TimeStep)** timestep 43 of length 600.0 seconds at simulation time 0 days and 25800.0 seconds
**(TimeStep)** timestep 44 of length 600.0 seconds at simulation time 0 days and 26400.0 seconds
**(TimeStep)** timestep 45 of length 600.0 seconds at simulation time 0 days and 27000.0 seconds
**(TimeStep)** timestep 46 of length 600.0 seconds at simulation time 0 days and 27600.0 seconds
**(TimeStep)** timestep 47 of length 600.0 seconds at simulation time 0 days and 28200.0 seconds
**(TimeStep)** timestep 48 of length 600.0 seconds at simulation time 0 days and 28800.0 seconds
**(TimeStep)** timestep 49 of length 600.0 seconds at simulation time 0 days and 29400.0 seconds
**(TimeStep)** timestep 50 of length 600.0 seconds at simulation time 0 days and 30000.0 seconds
**(TimeStep)** timestep 51 of length 600.0 seconds at simulation time 0 days and 30600.0 seconds
**(TimeStep)** timestep 52 of length 600.0 seconds at simulation time 0 days and 31200.0 seconds
**(TimeStep)** timestep 53 of length 600.0 seconds at simulation time 0 days and 31800.0 seconds
**(TimeStep)** timestep 54 of length 600.0 seconds at simulation time 0 days and 32400.0 seconds
**(TimeStep)** timestep 55 of length 600.0 seconds at simulation time 0 days and 33000.0 seconds
**(TimeStep)** timestep 56 of length 600.0 seconds at simulation time 0 days and 33600.0 seconds
**(TimeStep)** timestep 57 of length 600.0 seconds at simulation time 0 days and 34200.0 seconds
**(TimeStep)** timestep 58 of length 600.0 seconds at simulation time 0 days and 34800.0 seconds
**(TimeStep)** timestep 59 of length 600.0 seconds at simulation time 0 days and 35400.0 seconds
**(TimeStep)** timestep 60 of length 600.0 seconds at simulation time 0 days and 36000.0 seconds
**(TimeStep)** timestep 61 of length 600.0 seconds at simulation time 0 days and 36600.0 seconds
**(TimeStep)** timestep 62 of length 600.0 seconds at simulation time 0 days and 37200.0 seconds
**(TimeStep)** timestep 63 of length 600.0 seconds at simulation time 0 days and 37800.0 seconds
**(TimeStep)** timestep 64 of length 600.0 seconds at simulation time 0 days and 38400.0 seconds
**(TimeStep)** timestep 65 of length 600.0 seconds at simulation time 0 days and 39000.0 seconds
**(TimeStep)** timestep 66 of length 600.0 seconds at simulation time 0 days and 39600.0 seconds
**(TimeStep)** timestep 67 of length 600.0 seconds at simulation time 0 days and 40200.0 seconds
**(TimeStep)** timestep 68 of length 600.0 seconds at simulation time 0 days and 40800.0 seconds
**(TimeStep)** timestep 69 of length 600.0 seconds at simulation time 0 days and 41400.0 seconds
**(TimeStep)** timestep 70 of length 600.0 seconds at simulation time 0 days and 42000.0 seconds
**(TimeStep)** timestep 71 of length 600.0 seconds at simulation time 0 days and 42600.0 seconds
**(TimeStep)** timestep 72 of length 600.0 seconds at simulation time 0 days and 43200.0 seconds
**(opnfct)** writes file GFCTNMC20040326002004032612F.fct.TQ0126L028 at simulation time
**(opnfct)** 0 days and 43200.0 seconds; contains state of the atmosphere at 12Z of 26/03/2004
**(rmsgt)** State of the atmosphere at 12Z of 26/03/2004:
**(rmsgt)** Layers and average means and variances:
**(rmsgt)** LYR  Z.S. DIV.  Z.A. DIV.  Z.S. VOR.  Z.A. VOR.  G.M. TEM.  Z.S. TEM.  Z.A. TEM.  G.M. S.H.  Z.S. S.H.  Z.A. S.H.
**(rmsgt)**  28  4.639E-07  2.909E-06  1.384E-05  1.717E-05   248.79       6.00       4.55    3.841E-06  3.825E-07  1.330E-07
**(rmsgt)**  27  1.248E-06  1.068E-05  1.231E-05  1.516E-05   228.35       5.60       3.62    3.739E-06  4.724E-07  1.369E-07
**(rmsgt)**  26  8.721E-07  9.674E-06  1.181E-05  1.329E-05   221.61       4.12       2.60    3.156E-06  5.430E-07  1.557E-07
**(rmsgt)**  25  9.103E-07  7.641E-06  1.040E-05  1.117E-05   216.01       2.39       2.14    2.647E-06  4.553E-07  1.985E-07
**(rmsgt)**  24  1.014E-06  6.610E-06  7.416E-06  9.774E-06   211.93       3.57       1.86    2.323E-06  4.047E-07  3.159E-07
**(rmsgt)**  23  9.169E-07  5.962E-06  6.553E-06  9.429E-06   207.88       7.36       2.16    2.023E-06  4.162E-07  5.440E-07
**(rmsgt)**  22  8.775E-07  7.166E-06  6.471E-06  1.139E-05   204.75      10.81       2.70    1.722E-06  3.928E-07  4.730E-07
**(rmsgt)**  21  9.239E-07  8.791E-06  7.177E-06  1.478E-05   205.42      10.80       2.78    2.067E-06  5.704E-07  9.093E-07
**(rmsgt)**  20  1.122E-06  8.526E-06  8.311E-06  1.884E-05   209.63       8.05       2.67    4.631E-06  1.524E-06  2.485E-06
**(rmsgt)**  19  1.283E-06  8.952E-06  9.888E-06  2.456E-05   214.65       3.74       3.35    1.337E-05  5.960E-06  7.756E-06
**(rmsgt)**  18  1.426E-06  9.060E-06  1.134E-05  3.158E-05   220.12       2.48       3.63    3.843E-05  2.271E-05  2.681E-05
**(rmsgt)**  17  1.083E-06  9.111E-06  1.176E-05  3.713E-05   226.77       6.42       3.21    1.009E-04  6.533E-05  7.692E-05
**(rmsgt)**  16  1.371E-06  9.190E-06  1.105E-05  3.873E-05   234.54       9.18       3.51    2.308E-04  1.501E-04  1.769E-04
**(rmsgt)**  15  1.261E-06  8.598E-06  9.886E-06  3.706E-05   242.82      10.60       4.18    4.481E-04  2.864E-04  3.468E-04
**(rmsgt)**  14  9.455E-07  7.691E-06  8.849E-06  3.322E-05   250.81      11.28       4.63    7.818E-04  4.982E-04  5.941E-04
**(rmsgt)**  13  8.955E-07  7.077E-06  7.867E-06  2.909E-05   257.90      11.61       4.81    1.249E-03  8.058E-04  9.016E-04
**(rmsgt)**  12  8.839E-07  6.934E-06  6.994E-06  2.576E-05   263.96      11.75       4.86    1.832E-03  1.187E-03  1.202E-03
**(rmsgt)**  11  8.941E-07  7.200E-06  6.352E-06  2.365E-05   268.86      11.70       4.80    2.542E-03  1.612E-03  1.488E-03
**(rmsgt)**  10  9.607E-07  7.733E-06  5.865E-06  2.239E-05   272.76      11.64       4.70    3.485E-03  2.192E-03  1.746E-03
**(rmsgt)**   9  9.526E-07  7.889E-06  5.514E-06  2.180E-05   276.17      11.77       4.61    4.362E-03  2.687E-03  1.936E-03
**(rmsgt)**   8  9.121E-07  8.308E-06  5.375E-06  2.229E-05   278.97      12.11       4.59    5.278E-03  3.127E-03  2.021E-03
**(rmsgt)**   7  9.447E-07  9.033E-06  5.504E-06  2.367E-05   281.39      12.55       4.59    6.220E-03  3.520E-03  2.071E-03
**(rmsgt)**   6  1.212E-06  1.030E-05  5.729E-06  2.540E-05   283.54      13.03       4.66    7.187E-03  3.962E-03  2.188E-03
**(rmsgt)**   5  1.805E-06  1.227E-05  5.660E-06  2.663E-05   285.46      13.52       4.74    8.043E-03  4.379E-03  2.315E-03
**(rmsgt)**   4  2.257E-06  1.418E-05  5.392E-06  2.726E-05   287.19      13.99       4.90    8.833E-03  4.861E-03  2.396E-03
**(rmsgt)**   3  2.544E-06  1.575E-05  5.267E-06  2.713E-05   288.63      14.49       5.07    9.563E-03  5.354E-03  2.510E-03
**(rmsgt)**   2  2.914E-06  1.686E-05  4.995E-06  2.529E-05   289.96      14.88       5.30    1.008E-02  5.650E-03  2.661E-03
**(rmsgt)**   1  2.941E-06  1.690E-05  4.158E-06  2.186E-05   290.69      15.55       5.69    1.049E-02  5.844E-03  2.856E-03
**(rmsgt)** AVE  1.254E-06  9.062E-06  8.122E-06  2.720E-05   252.12      10.70       4.24    2.563E-03  2.248E-03  1.362
**(rmsgt)** Log(surface pressure) mean and variance:
**(rmsgt)**  G.M.LNP.= 4.59    ; Z.S.LNP.=0.400E-01; Z.A.LNP.=0.680E-01
**(wridia)** file also contains diagnostics at 12Z of 26/03/2004:
**(globme)**TOTAL PRECIPITATION                      Glob.Mean=  0.59441239E-04; Std.Dev.=  0.12936199E-03; in units of Kg M**-2
 Sec**-1
**(globme)**CONVECTIVE PRECIPITATION                 Glob.Mean=  0.52958718E-04; Std.Dev.=  0.12531306E-03; in units of Kg M**-2
 Sec**-1
**(globme)**SENSIBLE HEAT FLUX FROM SURFACE          Glob.Mean=   53.191838; Std.Dev.=   105.62751    ; in units of W M**-2
**(globme)**LATENT HEAT FLUX FROM SURFACE            Glob.Mean=   184.73086; Std.Dev.=   295.52299    ; in units of W M**-2
**(globme)**SURFACE ZONAL WIND STRESS                Glob.Mean= -0.97075473E-02; Std.Dev.=  0.26465993    ; in units of Pa
**(globme)**SURFACE MERIDIONAL WIND STRESS           Glob.Mean=  0.62666980E-02; Std.Dev.=  0.23791475    ; in units of Pa
**(globme)**DOWNWARD LONG WAVE AT BOTTOM             Glob.Mean=   347.74366; Std.Dev.=   85.680170    ; in units of W M**-2
**(globme)**OUTGOING LONG WAVE AT TOP                Glob.Mean=   243.42528; Std.Dev.=   49.915201    ; in units of W M**-2
**(globme)**INCIDENT SHORT WAVE FLUX                 Glob.Mean=   342.79563; Std.Dev.=   382.31731    ; in units of W M**-2
**(globme)**DOWNWARD SHORT WAVE AT GROUND            Glob.Mean=   201.58129; Std.Dev.=   256.21671    ; in units of W M**-2
**(globme)**SHORT WAVE ABSORBED AT GROUND            Glob.Mean=   174.13557; Std.Dev.=   222.86470    ; in units of W M**-2
**(globme)**NET LONG WAVE AT BOTTOM                  Glob.Mean=   65.953143; Std.Dev.=   48.271391    ; in units of W M**-2
**(rsdiag)**reset all the diagnostic accumulators
**(TimeStep)** timestep 73 of length 600.0 seconds at simulation time 0 days and 43800.0 seconds
**(TimeStep)** timestep 74 of length 600.0 seconds at simulation time 0 days and 44400.0 seconds
**(TimeStep)** timestep 75 of length 600.0 seconds at simulation time 0 days and 45000.0 seconds
**(TimeStep)** timestep 76 of length 600.0 seconds at simulation time 0 days and 45600.0 seconds
**(TimeStep)** timestep 77 of length 600.0 seconds at simulation time 0 days and 46200.0 seconds
**(TimeStep)** timestep 78 of length 600.0 seconds at simulation time 0 days and 46800.0 seconds
**(TimeStep)** timestep 79 of length 600.0 seconds at simulation time 0 days and 47400.0 seconds
**(TimeStep)** timestep 80 of length 600.0 seconds at simulation time 0 days and 48000.0 seconds
**(TimeStep)** timestep 81 of length 600.0 seconds at simulation time 0 days and 48600.0 seconds
**(TimeStep)** timestep 82 of length 600.0 seconds at simulation time 0 days and 49200.0 seconds
**(TimeStep)** timestep 83 of length 600.0 seconds at simulation time 0 days and 49800.0 seconds
**(TimeStep)** timestep 84 of length 600.0 seconds at simulation time 0 days and 50400.0 seconds
**(TimeStep)** timestep 85 of length 600.0 seconds at simulation time 0 days and 51000.0 seconds
**(TimeStep)** timestep 86 of length 600.0 seconds at simulation time 0 days and 51600.0 seconds
**(TimeStep)** timestep 87 of length 600.0 seconds at simulation time 0 days and 52200.0 seconds
**(TimeStep)** timestep 88 of length 600.0 seconds at simulation time 0 days and 52800.0 seconds
**(TimeStep)** timestep 89 of length 600.0 seconds at simulation time 0 days and 53400.0 seconds
**(TimeStep)** timestep 90 of length 600.0 seconds at simulation time 0 days and 54000.0 seconds
**(TimeStep)** timestep 91 of length 600.0 seconds at simulation time 0 days and 54600.0 seconds
**(TimeStep)** timestep 92 of length 600.0 seconds at simulation time 0 days and 55200.0 seconds
**(TimeStep)** timestep 93 of length 600.0 seconds at simulation time 0 days and 55800.0 seconds
**(TimeStep)** timestep 94 of length 600.0 seconds at simulation time 0 days and 56400.0 seconds
**(TimeStep)** timestep 95 of length 600.0 seconds at simulation time 0 days and 57000.0 seconds
**(TimeStep)** timestep 96 of length 600.0 seconds at simulation time 0 days and 57600.0 seconds
**(TimeStep)** timestep 97 of length 600.0 seconds at simulation time 0 days and 58200.0 seconds
**(TimeStep)** timestep 98 of length 600.0 seconds at simulation time 0 days and 58800.0 seconds
**(TimeStep)** timestep 99 of length 600.0 seconds at simulation time 0 days and 59400.0 seconds
**(TimeStep)** timestep 100 of length 600.0 seconds at simulation time 0 days and 60000.0 seconds
**(TimeStep)** timestep 101 of length 600.0 seconds at simulation time 0 days and 60600.0 seconds
**(TimeStep)** timestep 102 of length 600.0 seconds at simulation time 0 days and 61200.0 seconds
**(TimeStep)** timestep 103 of length 600.0 seconds at simulation time 0 days and 61800.0 seconds
**(TimeStep)** timestep 104 of length 600.0 seconds at simulation time 0 days and 62400.0 seconds
**(TimeStep)** timestep 105 of length 600.0 seconds at simulation time 0 days and 63000.0 seconds
**(TimeStep)** timestep 106 of length 600.0 seconds at simulation time 0 days and 63600.0 seconds
**(TimeStep)** timestep 107 of length 600.0 seconds at simulation time 0 days and 64200.0 seconds
**(TimeStep)** timestep 108 of length 600.0 seconds at simulation time 0 days and 64800.0 seconds
**(opnfct)** writes file GFCTNMC20040326002004032618F.fct.TQ0126L028 at simulation time
**(opnfct)** 0 days and 64800.0 seconds; contains state of the atmosphere at 18Z of 26/03/2004
**(rmsgt)** State of the atmosphere at 18Z of 26/03/2004:
**(rmsgt)** Layers and average means and variances:
**(rmsgt)** LYR  Z.S. DIV.  Z.A. DIV.  Z.S. VOR.  Z.A. VOR.  G.M. TEM.  Z.S. TEM.  Z.A. TEM.  G.M. S.H.  Z.S. S.H.  Z.A. S.H.
**(rmsgt)**  28  3.956E-07  2.873E-06  1.390E-05  1.699E-05   248.56       5.98       4.22    3.841E-06  3.805E-07  1.360E-07
**(rmsgt)**  27  1.515E-06  1.039E-05  1.176E-05  1.569E-05   228.24       5.55       3.79    3.738E-06  4.721E-07  1.389E-07
**(rmsgt)**  26  1.150E-06  9.140E-06  1.158E-05  1.388E-05   221.56       4.10       2.53    3.156E-06  5.415E-07  1.555E-07
**(rmsgt)**  25  1.114E-06  7.358E-06  1.072E-05  1.119E-05   216.07       2.35       2.14    2.646E-06  4.549E-07  1.955E-07
**(rmsgt)**  24  1.003E-06  6.347E-06  7.301E-06  9.522E-06   212.03       3.51       1.87    2.320E-06  4.034E-07  3.098E-07
**(rmsgt)**  23  9.910E-07  6.034E-06  6.360E-06  9.244E-06   208.02       7.22       2.07    2.022E-06  4.160E-07  5.403E-07
**(rmsgt)**  22  7.556E-07  6.783E-06  6.379E-06  1.119E-05   204.84      10.69       2.70    1.728E-06  3.857E-07  4.787E-07
**(rmsgt)**  21  8.523E-07  8.501E-06  7.055E-06  1.475E-05   205.47      10.69       2.77    2.117E-06  5.941E-07  9.620E-07
**(rmsgt)**  20  9.648E-07  8.633E-06  8.299E-06  1.900E-05   209.60       7.96       2.63    4.787E-06  1.636E-06  2.692E-06
**(rmsgt)**  19  1.391E-06  9.251E-06  9.784E-06  2.437E-05   214.62       3.60       3.30    1.392E-05  6.175E-06  8.656E-06
**(rmsgt)**  18  1.599E-06  9.173E-06  1.112E-05  3.138E-05   220.07       2.49       3.63    3.962E-05  2.249E-05  2.798E-05
**(rmsgt)**  17  1.306E-06  9.542E-06  1.124E-05  3.704E-05   226.74       6.41       3.19    1.023E-04  6.319E-05  7.747E-05
**(rmsgt)**  16  1.342E-06  9.416E-06  1.047E-05  3.863E-05   234.53       9.09       3.47    2.333E-04  1.442E-04  1.736E-04
**(rmsgt)**  15  1.170E-06  8.350E-06  9.375E-06  3.655E-05   242.85      10.46       4.13    4.503E-04  2.730E-04  3.397E-04
**(rmsgt)**  14  8.953E-07  7.390E-06  8.495E-06  3.260E-05   250.91      11.13       4.59    7.852E-04  4.766E-04  5.825E-04
**(rmsgt)**  13  8.249E-07  6.892E-06  7.709E-06  2.861E-05   258.05      11.47       4.78    1.250E-03  7.741E-04  8.815E-04
**(rmsgt)**  12  8.592E-07  6.915E-06  6.973E-06  2.557E-05   264.16      11.63       4.84    1.834E-03  1.148E-03  1.172E-03
**(rmsgt)**  11  8.936E-07  7.302E-06  6.369E-06  2.361E-05   269.03      11.54       4.76    2.537E-03  1.564E-03  1.453E-03
**(rmsgt)**  10  9.376E-07  7.742E-06  5.920E-06  2.253E-05   272.93      11.48       4.66    3.478E-03  2.145E-03  1.722E-03
**(rmsgt)**   9  8.804E-07  7.759E-06  5.548E-06  2.189E-05   276.38      11.61       4.59    4.396E-03  2.666E-03  1.926E-03
**(rmsgt)**   8  8.205E-07  8.170E-06  5.355E-06  2.210E-05   279.26      11.97       4.59    5.349E-03  3.125E-03  2.022E-03
**(rmsgt)**   7  8.711E-07  8.867E-06  5.425E-06  2.337E-05   281.76      12.46       4.57    6.280E-03  3.518E-03  2.098E-03
**(rmsgt)**   6  1.034E-06  9.928E-06  5.765E-06  2.526E-05   283.95      12.95       4.65    7.239E-03  3.946E-03  2.244E-03
**(rmsgt)**   5  1.422E-06  1.161E-05  5.982E-06  2.697E-05   285.87      13.46       4.70    8.117E-03  4.373E-03  2.405E-03
**(rmsgt)**   4  1.882E-06  1.366E-05  5.888E-06  2.795E-05   287.58      13.93       4.82    8.916E-03  4.817E-03  2.466E-03
**(rmsgt)**   3  2.317E-06  1.562E-05  5.790E-06  2.788E-05   288.95      14.50       5.01    9.699E-03  5.335E-03  2.549E-03
**(rmsgt)**   2  2.808E-06  1.691E-05  5.462E-06  2.563E-05   290.23      14.87       5.19    1.030E-02  5.694E-03  2.675E-03
**(rmsgt)**   1  3.080E-06  1.676E-05  4.474E-06  2.135E-05   290.59      15.55       5.70    1.076E-02  5.933E-03  2.863E-03
**(rmsgt)** AVE  1.210E-06  8.972E-06  7.966E-06  2.706E-05   252.26      10.59       4.21    2.586E-03  2.239E-03  1.368
**(rmsgt)** Log(surface pressure) mean and variance:
**(rmsgt)**  G.M.LNP.= 4.59    ; Z.S.LNP.=0.397E-01; Z.A.LNP.=0.679E-01
**(wridia)** file also contains diagnostics at 18Z of 26/03/2004:
**(globme)**TOTAL PRECIPITATION                      Glob.Mean=  0.56376248E-04; Std.Dev.=  0.12433580E-03; in units of Kg M**-2
 Sec**-1
**(globme)**CONVECTIVE PRECIPITATION                 Glob.Mean=  0.49876345E-04; Std.Dev.=  0.11773028E-03; in units of Kg M**-2
 Sec**-1
**(globme)**SENSIBLE HEAT FLUX FROM SURFACE          Glob.Mean=   32.737060; Std.Dev.=   81.360865    ; in units of W M**-2
**(globme)**LATENT HEAT FLUX FROM SURFACE            Glob.Mean=   165.43091; Std.Dev.=   253.93269    ; in units of W M**-2
**(globme)**SURFACE ZONAL WIND STRESS                Glob.Mean= -0.71958485E-02; Std.Dev.=  0.25537495    ; in units of Pa
**(globme)**SURFACE MERIDIONAL WIND STRESS           Glob.Mean=  0.82822058E-02; Std.Dev.=  0.23497474    ; in units of Pa
**(globme)**DOWNWARD LONG WAVE AT BOTTOM             Glob.Mean=   349.63163; Std.Dev.=   85.174415    ; in units of W M**-2
**(globme)**OUTGOING LONG WAVE AT TOP                Glob.Mean=   241.94789; Std.Dev.=   51.656833    ; in units of W M**-2
**(globme)**INCIDENT SHORT WAVE FLUX                 Glob.Mean=   342.74550; Std.Dev.=   382.26837    ; in units of W M**-2
**(globme)**DOWNWARD SHORT WAVE AT GROUND            Glob.Mean=   189.13791; Std.Dev.=   234.26620    ; in units of W M**-2
**(globme)**SHORT WAVE ABSORBED AT GROUND            Glob.Mean=   169.69182; Std.Dev.=   216.70030    ; in units of W M**-2
**(globme)**NET LONG WAVE AT BOTTOM                  Glob.Mean=   64.582808; Std.Dev.=   46.358388    ; in units of W M**-2
**(rsdiag)**reset all the diagnostic accumulators
**(TimeStep)** timestep 109 of length 600.0 seconds at simulation time 0 days and 65400.0 seconds
**(TimeStep)** timestep 110 of length 600.0 seconds at simulation time 0 days and 66000.0 seconds
**(TimeStep)** timestep 111 of length 600.0 seconds at simulation time 0 days and 66600.0 seconds
**(TimeStep)** timestep 112 of length 600.0 seconds at simulation time 0 days and 67200.0 seconds
**(TimeStep)** timestep 113 of length 600.0 seconds at simulation time 0 days and 67800.0 seconds
**(TimeStep)** timestep 114 of length 600.0 seconds at simulation time 0 days and 68400.0 seconds
**(TimeStep)** timestep 115 of length 600.0 seconds at simulation time 0 days and 69000.0 seconds
**(TimeStep)** timestep 116 of length 600.0 seconds at simulation time 0 days and 69600.0 seconds
**(TimeStep)** timestep 117 of length 600.0 seconds at simulation time 0 days and 70200.0 seconds
**(TimeStep)** timestep 118 of length 600.0 seconds at simulation time 0 days and 70800.0 seconds
**(TimeStep)** timestep 119 of length 600.0 seconds at simulation time 0 days and 71400.0 seconds
**(TimeStep)** timestep 120 of length 600.0 seconds at simulation time 0 days and 72000.0 seconds
**(TimeStep)** timestep 121 of length 600.0 seconds at simulation time 0 days and 72600.0 seconds
**(TimeStep)** timestep 122 of length 600.0 seconds at simulation time 0 days and 73200.0 seconds
**(TimeStep)** timestep 123 of length 600.0 seconds at simulation time 0 days and 73800.0 seconds
**(TimeStep)** timestep 124 of length 600.0 seconds at simulation time 0 days and 74400.0 seconds
**(TimeStep)** timestep 125 of length 600.0 seconds at simulation time 0 days and 75000.0 seconds
**(TimeStep)** timestep 126 of length 600.0 seconds at simulation time 0 days and 75600.0 seconds
**(TimeStep)** timestep 127 of length 600.0 seconds at simulation time 0 days and 76200.0 seconds
**(TimeStep)** timestep 128 of length 600.0 seconds at simulation time 0 days and 76800.0 seconds
**(TimeStep)** timestep 129 of length 600.0 seconds at simulation time 0 days and 77400.0 seconds
**(TimeStep)** timestep 130 of length 600.0 seconds at simulation time 0 days and 78000.0 seconds
**(TimeStep)** timestep 131 of length 600.0 seconds at simulation time 0 days and 78600.0 seconds
**(TimeStep)** timestep 132 of length 600.0 seconds at simulation time 0 days and 79200.0 seconds
**(TimeStep)** timestep 133 of length 600.0 seconds at simulation time 0 days and 79800.0 seconds
**(TimeStep)** timestep 134 of length 600.0 seconds at simulation time 0 days and 80400.0 seconds
**(TimeStep)** timestep 135 of length 600.0 seconds at simulation time 0 days and 81000.0 seconds
**(TimeStep)** timestep 136 of length 600.0 seconds at simulation time 0 days and 81600.0 seconds
**(TimeStep)** timestep 137 of length 600.0 seconds at simulation time 0 days and 82200.0 seconds
**(TimeStep)** timestep 138 of length 600.0 seconds at simulation time 0 days and 82800.0 seconds
**(TimeStep)** timestep 139 of length 600.0 seconds at simulation time 0 days and 83400.0 seconds
**(TimeStep)** timestep 140 of length 600.0 seconds at simulation time 0 days and 84000.0 seconds
**(TimeStep)** timestep 141 of length 600.0 seconds at simulation time 0 days and 84600.0 seconds
**(TimeStep)** timestep 142 of length 600.0 seconds at simulation time 0 days and 85200.0 seconds
**(TimeStep)** timestep 143 of length 600.0 seconds at simulation time 0 days and 85800.0 seconds
**(TimeStep)** timestep 144 of length 600.0 seconds at simulation time 1 days and 0.0 seconds
**(opnfct)** writes file GFCTNMC20040326002004032700F.fct.TQ0126L028 at simulation time
**(opnfct)** 1 days and 0.0 seconds; contains state of the atmosphere at 00Z of 27/03/2004
**(rmsgt)** State of the atmosphere at 00Z of 27/03/2004:
**(rmsgt)** Layers and average means and variances:
**(rmsgt)** LYR  Z.S. DIV.  Z.A. DIV.  Z.S. VOR.  Z.A. VOR.  G.M. TEM.  Z.S. TEM.  Z.A. TEM.  G.M. S.H.  Z.S. S.H.  Z.A. S.H.
**(rmsgt)**  28  4.054E-07  2.896E-06  1.386E-05  1.728E-05   248.35       5.91       3.98    3.840E-06  3.798E-07  1.377E-07
**(rmsgt)**  27  1.250E-06  1.022E-05  1.154E-05  1.568E-05   228.09       5.43       3.82    3.739E-06  4.702E-07  1.394E-07
**(rmsgt)**  26  1.121E-06  8.981E-06  1.139E-05  1.402E-05   221.49       4.09       2.49    3.157E-06  5.400E-07  1.558E-07
**(rmsgt)**  25  1.109E-06  7.552E-06  1.098E-05  1.107E-05   216.14       2.22       2.15    2.645E-06  4.555E-07  1.952E-07
**(rmsgt)**  24  8.117E-07  6.590E-06  7.503E-06  9.476E-06   212.14       3.47       1.91    2.319E-06  4.012E-07  3.085E-07
**(rmsgt)**  23  1.071E-06  6.102E-06  6.235E-06  9.450E-06   208.18       7.06       2.03    2.022E-06  4.153E-07  5.373E-07
**(rmsgt)**  22  1.052E-06  6.951E-06  6.133E-06  1.135E-05   204.93      10.56       2.73    1.733E-06  3.795E-07  4.855E-07
**(rmsgt)**  21  8.979E-07  8.630E-06  6.837E-06  1.475E-05   205.52      10.58       2.77    2.168E-06  6.118E-07  1.024E-06
**(rmsgt)**  20  7.567E-07  8.676E-06  8.129E-06  1.927E-05   209.57       7.86       2.66    4.930E-06  1.685E-06  2.928E-06
**(rmsgt)**  19  1.162E-06  9.069E-06  9.653E-06  2.447E-05   214.58       3.49       3.29    1.453E-05  6.385E-06  9.435E-06
**(rmsgt)**  18  1.507E-06  9.196E-06  1.071E-05  3.139E-05   220.01       2.53       3.66    4.087E-05  2.252E-05  2.955E-05
**(rmsgt)**  17  1.206E-06  9.665E-06  1.066E-05  3.721E-05   226.70       6.39       3.21    1.038E-04  6.179E-05  7.930E-05
**(rmsgt)**  16  1.216E-06  9.279E-06  1.010E-05  3.861E-05   234.53       8.96       3.48    2.345E-04  1.390E-04  1.739E-04
**(rmsgt)**  15  1.067E-06  8.216E-06  9.271E-06  3.602E-05   242.90      10.31       4.11    4.492E-04  2.617E-04  3.357E-04
**(rmsgt)**  14  8.158E-07  7.211E-06  8.557E-06  3.194E-05   250.99      11.00       4.58    7.854E-04  4.641E-04  5.767E-04
**(rmsgt)**  13  7.266E-07  6.582E-06  7.823E-06  2.805E-05   258.14      11.35       4.78    1.246E-03  7.564E-04  8.717E-04
**(rmsgt)**  12  7.408E-07  6.635E-06  7.179E-06  2.518E-05   264.29      11.51       4.84    1.827E-03  1.122E-03  1.156E-03
**(rmsgt)**  11  7.556E-07  7.133E-06  6.615E-06  2.331E-05   269.13      11.40       4.75    2.523E-03  1.528E-03  1.432E-03
**(rmsgt)**  10  8.237E-07  7.540E-06  6.163E-06  2.238E-05   273.00      11.33       4.63    3.469E-03  2.113E-03  1.716E-03
**(rmsgt)**   9  8.210E-07  7.471E-06  5.809E-06  2.187E-05   276.47      11.45       4.55    4.425E-03  2.655E-03  1.939E-03
**(rmsgt)**   8  8.396E-07  7.791E-06  5.659E-06  2.213E-05   279.40      11.82       4.56    5.399E-03  3.125E-03  2.048E-03
**(rmsgt)**   7  1.008E-06  8.635E-06  5.721E-06  2.324E-05   281.95      12.30       4.54    6.332E-03  3.510E-03  2.133E-03
**(rmsgt)**   6  1.232E-06  9.820E-06  5.930E-06  2.519E-05   284.13      12.80       4.60    7.302E-03  3.931E-03  2.281E-03
**(rmsgt)**   5  1.473E-06  1.155E-05  6.247E-06  2.728E-05   285.95      13.30       4.66    8.187E-03  4.355E-03  2.435E-03
**(rmsgt)**   4  1.910E-06  1.349E-05  6.344E-06  2.855E-05   287.59      13.76       4.76    8.995E-03  4.795E-03  2.472E-03
**(rmsgt)**   3  2.327E-06  1.518E-05  6.272E-06  2.842E-05   288.78      14.30       4.92    9.816E-03  5.344E-03  2.524E-03
**(rmsgt)**   2  2.753E-06  1.593E-05  5.813E-06  2.571E-05   289.97      14.65       5.09    1.049E-02  5.757E-03  2.624E-03
**(rmsgt)**   1  3.089E-06  1.592E-05  4.572E-06  2.106E-05   290.14      15.23       5.79    1.101E-02  6.041E-03  2.804E-03
**(rmsgt)** AVE  1.160E-06  8.798E-06  7.950E-06  2.693E-05   252.30      10.46       4.19    2.604E-03  2.236E-03  1.370
**(rmsgt)** Log(surface pressure) mean and variance:
**(rmsgt)**  G.M.LNP.= 4.59    ; Z.S.LNP.=0.395E-01; Z.A.LNP.=0.678E-01
**(wridia)** file also contains diagnostics at 00Z of 27/03/2004:
**(globme)**TOTAL PRECIPITATION                      Glob.Mean=  0.49315069E-04; Std.Dev.=  0.11672365E-03; in units of Kg M**-2
 Sec**-1
**(globme)**CONVECTIVE PRECIPITATION                 Glob.Mean=  0.42483330E-04; Std.Dev.=  0.10883952E-03; in units of Kg M**-2
 Sec**-1
**(globme)**SENSIBLE HEAT FLUX FROM SURFACE          Glob.Mean=   16.760347; Std.Dev.=   65.130775    ; in units of W M**-2
**(globme)**LATENT HEAT FLUX FROM SURFACE            Glob.Mean=   142.72331; Std.Dev.=   221.92952    ; in units of W M**-2
**(globme)**SURFACE ZONAL WIND STRESS                Glob.Mean= -0.83420732E-02; Std.Dev.=  0.25766166    ; in units of Pa
**(globme)**SURFACE MERIDIONAL WIND STRESS           Glob.Mean=  0.13412094E-02; Std.Dev.=  0.23816529    ; in units of Pa
**(globme)**DOWNWARD LONG WAVE AT BOTTOM             Glob.Mean=   349.39643; Std.Dev.=   84.910269    ; in units of W M**-2
**(globme)**OUTGOING LONG WAVE AT TOP                Glob.Mean=   241.24312; Std.Dev.=   49.298868    ; in units of W M**-2
**(globme)**INCIDENT SHORT WAVE FLUX                 Glob.Mean=   342.69544; Std.Dev.=   382.21950    ; in units of W M**-2
**(globme)**DOWNWARD SHORT WAVE AT GROUND            Glob.Mean=   186.37953; Std.Dev.=   234.08716    ; in units of W M**-2
**(globme)**SHORT WAVE ABSORBED AT GROUND            Glob.Mean=   170.46254; Std.Dev.=   223.51846    ; in units of W M**-2
**(globme)**NET LONG WAVE AT BOTTOM                  Glob.Mean=   58.044705; Std.Dev.=   39.134867    ; in units of W M**-2
**(rsdiag)**reset all the diagnostic accumulators
**(TimeStep)** timestep 145 of length 600.0 seconds at simulation time 1 days and 600.0 seconds
**(TimeStep)** timestep 146 of length 600.0 seconds at simulation time 1 days and 1200.0 seconds
**(TimeStep)** timestep 147 of length 600.0 seconds at simulation time 1 days and 1800.0 seconds
**(TimeStep)** timestep 148 of length 600.0 seconds at simulation time 1 days and 2400.0 seconds
**(TimeStep)** timestep 149 of length 600.0 seconds at simulation time 1 days and 3000.0 seconds
**(TimeStep)** timestep 150 of length 600.0 seconds at simulation time 1 days and 3600.0 seconds
**(TimeStep)** timestep 151 of length 600.0 seconds at simulation time 1 days and 4200.0 seconds
**(TimeStep)** timestep 152 of length 600.0 seconds at simulation time 1 days and 4800.0 seconds
**(TimeStep)** timestep 153 of length 600.0 seconds at simulation time 1 days and 5400.0 seconds
**(TimeStep)** timestep 154 of length 600.0 seconds at simulation time 1 days and 6000.0 seconds
**(TimeStep)** timestep 155 of length 600.0 seconds at simulation time 1 days and 6600.0 seconds
**(TimeStep)** timestep 156 of length 600.0 seconds at simulation time 1 days and 7200.0 seconds
**(TimeStep)** timestep 157 of length 600.0 seconds at simulation time 1 days and 7800.0 seconds
**(TimeStep)** timestep 158 of length 600.0 seconds at simulation time 1 days and 8400.0 seconds
**(TimeStep)** timestep 159 of length 600.0 seconds at simulation time 1 days and 9000.0 seconds
**(TimeStep)** timestep 160 of length 600.0 seconds at simulation time 1 days and 9600.0 seconds
**(TimeStep)** timestep 161 of length 600.0 seconds at simulation time 1 days and 10200.0 seconds
**(TimeStep)** timestep 162 of length 600.0 seconds at simulation time 1 days and 10800.0 seconds
**(TimeStep)** timestep 163 of length 600.0 seconds at simulation time 1 days and 11400.0 seconds
**(TimeStep)** timestep 164 of length 600.0 seconds at simulation time 1 days and 12000.0 seconds
**(TimeStep)** timestep 165 of length 600.0 seconds at simulation time 1 days and 12600.0 seconds
**(TimeStep)** timestep 166 of length 600.0 seconds at simulation time 1 days and 13200.0 seconds
**(TimeStep)** timestep 167 of length 600.0 seconds at simulation time 1 days and 13800.0 seconds
**(TimeStep)** timestep 168 of length 600.0 seconds at simulation time 1 days and 14400.0 seconds
**(TimeStep)** timestep 169 of length 600.0 seconds at simulation time 1 days and 15000.0 seconds
**(TimeStep)** timestep 170 of length 600.0 seconds at simulation time 1 days and 15600.0 seconds
**(TimeStep)** timestep 171 of length 600.0 seconds at simulation time 1 days and 16200.0 seconds
**(TimeStep)** timestep 172 of length 600.0 seconds at simulation time 1 days and 16800.0 seconds
**(TimeStep)** timestep 173 of length 600.0 seconds at simulation time 1 days and 17400.0 seconds
**(TimeStep)** timestep 174 of length 600.0 seconds at simulation time 1 days and 18000.0 seconds
**(TimeStep)** timestep 175 of length 600.0 seconds at simulation time 1 days and 18600.0 seconds
**(TimeStep)** timestep 176 of length 600.0 seconds at simulation time 1 days and 19200.0 seconds
**(TimeStep)** timestep 177 of length 600.0 seconds at simulation time 1 days and 19800.0 seconds
**(TimeStep)** timestep 178 of length 600.0 seconds at simulation time 1 days and 20400.0 seconds
**(TimeStep)** timestep 179 of length 600.0 seconds at simulation time 1 days and 21000.0 seconds
**(TimeStep)** timestep 180 of length 600.0 seconds at simulation time 1 days and 21600.0 seconds
**(opnfct)** writes file GFCTNMC20040326002004032706F.fct.TQ0126L028 at simulation time
**(opnfct)** 1 days and 21600.0 seconds; contains state of the atmosphere at 06Z of 27/03/2004
**(rmsgt)** State of the atmosphere at 06Z of 27/03/2004:
**(rmsgt)** Layers and average means and variances:
**(rmsgt)** LYR  Z.S. DIV.  Z.A. DIV.  Z.S. VOR.  Z.A. VOR.  G.M. TEM.  Z.S. TEM.  Z.A. TEM.  G.M. S.H.  Z.S. S.H.  Z.A. S.H.
**(rmsgt)**  28  4.262E-07  2.734E-06  1.378E-05  1.731E-05   248.15       5.88       4.20    3.840E-06  3.771E-07  1.416E-07
**(rmsgt)**  27  1.080E-06  9.800E-06  1.160E-05  1.541E-05   227.97       5.36       3.99    3.740E-06  4.701E-07  1.393E-07
**(rmsgt)**  26  1.132E-06  8.984E-06  1.167E-05  1.401E-05   221.40       4.17       2.54    3.155E-06  5.393E-07  1.555E-07
**(rmsgt)**  25  1.305E-06  7.431E-06  1.052E-05  1.141E-05   216.23       2.20       2.24    2.646E-06  4.550E-07  1.956E-07
**(rmsgt)**  24  8.900E-07  6.660E-06  7.536E-06  9.451E-06   212.24       3.39       1.86    2.319E-06  4.009E-07  3.082E-07
**(rmsgt)**  23  6.802E-07  6.147E-06  6.287E-06  9.316E-06   208.28       6.94       2.06    2.023E-06  4.134E-07  5.307E-07
**(rmsgt)**  22  6.531E-07  6.962E-06  5.995E-06  1.148E-05   204.98      10.51       2.76    1.736E-06  3.716E-07  4.922E-07
**(rmsgt)**  21  8.679E-07  8.369E-06  6.637E-06  1.492E-05   205.56      10.55       2.79    2.230E-06  6.310E-07  1.080E-06
**(rmsgt)**  20  9.497E-07  8.628E-06  7.951E-06  1.950E-05   209.58       7.78       2.67    5.120E-06  1.814E-06  3.218E-06
**(rmsgt)**  19  1.321E-06  8.972E-06  9.574E-06  2.458E-05   214.56       3.36       3.26    1.513E-05  6.747E-06  1.017E-05
**(rmsgt)**  18  1.125E-06  9.277E-06  1.041E-05  3.128E-05   219.96       2.54       3.68    4.183E-05  2.256E-05  3.069E-05
**(rmsgt)**  17  1.060E-06  9.708E-06  1.045E-05  3.726E-05   226.66       6.36       3.24    1.050E-04  6.048E-05  8.091E-05
**(rmsgt)**  16  9.890E-07  9.008E-06  1.009E-05  3.835E-05   234.55       8.82       3.46    2.354E-04  1.351E-04  1.744E-04
**(rmsgt)**  15  8.051E-07  7.953E-06  9.301E-06  3.551E-05   242.94      10.15       4.07    4.490E-04  2.551E-04  3.326E-04
**(rmsgt)**  14  8.968E-07  7.189E-06  8.569E-06  3.147E-05   251.06      10.85       4.55    7.872E-04  4.574E-04  5.737E-04
**(rmsgt)**  13  8.434E-07  6.649E-06  7.735E-06  2.782E-05   258.22      11.22       4.76    1.244E-03  7.438E-04  8.686E-04
**(rmsgt)**  12  8.786E-07  6.483E-06  7.081E-06  2.504E-05   264.39      11.40       4.83    1.818E-03  1.104E-03  1.152E-03
**(rmsgt)**  11  9.393E-07  6.673E-06  6.618E-06  2.314E-05   269.19      11.26       4.71    2.497E-03  1.496E-03  1.425E-03
**(rmsgt)**  10  9.556E-07  7.060E-06  6.222E-06  2.213E-05   273.04      11.18       4.61    3.443E-03  2.077E-03  1.721E-03
**(rmsgt)**   9  8.372E-07  7.183E-06  5.888E-06  2.153E-05   276.53      11.28       4.51    4.439E-03  2.641E-03  1.953E-03
**(rmsgt)**   8  7.144E-07  7.638E-06  5.763E-06  2.193E-05   279.51      11.67       4.53    5.434E-03  3.126E-03  2.063E-03
**(rmsgt)**   7  8.537E-07  8.430E-06  5.861E-06  2.333E-05   282.06      12.17       4.50    6.368E-03  3.514E-03  2.154E-03
**(rmsgt)**   6  1.104E-06  9.590E-06  6.137E-06  2.540E-05   284.24      12.67       4.54    7.357E-03  3.937E-03  2.291E-03
**(rmsgt)**   5  1.393E-06  1.122E-05  6.482E-06  2.749E-05   286.05      13.16       4.57    8.274E-03  4.364E-03  2.440E-03
**(rmsgt)**   4  1.795E-06  1.315E-05  6.678E-06  2.868E-05   287.69      13.60       4.61    9.103E-03  4.811E-03  2.478E-03
**(rmsgt)**   3  2.261E-06  1.477E-05  6.645E-06  2.822E-05   288.90      14.13       4.65    9.922E-03  5.339E-03  2.495E-03
**(rmsgt)**   2  2.820E-06  1.584E-05  6.123E-06  2.545E-05   290.13      14.47       4.81    1.061E-02  5.741E-03  2.590E-03
**(rmsgt)**   1  3.156E-06  1.636E-05  4.789E-06  2.118E-05   290.66      15.12       5.37    1.115E-02  6.006E-03  2.770E-03
**(rmsgt)** AVE  1.120E-06  8.635E-06  7.930E-06  2.679E-05   252.36      10.34       4.15    2.616E-03  2.231E-03  1.371
**(rmsgt)** Log(surface pressure) mean and variance:
**(rmsgt)**  G.M.LNP.= 4.59    ; Z.S.LNP.=0.394E-01; Z.A.LNP.=0.676E-01
**(wridia)** file also contains diagnostics at 06Z of 27/03/2004:
**(globme)**TOTAL PRECIPITATION                      Glob.Mean=  0.47895265E-04; Std.Dev.=  0.11571370E-03; in units of Kg M**-2
 Sec**-1
**(globme)**CONVECTIVE PRECIPITATION                 Glob.Mean=  0.40414641E-04; Std.Dev.=  0.10892065E-03; in units of Kg M**-2
 Sec**-1
**(globme)**SENSIBLE HEAT FLUX FROM SURFACE          Glob.Mean=   23.328020; Std.Dev.=   72.835608    ; in units of W M**-2
**(globme)**LATENT HEAT FLUX FROM SURFACE            Glob.Mean=   133.05306; Std.Dev.=   207.34260    ; in units of W M**-2
**(globme)**SURFACE ZONAL WIND STRESS                Glob.Mean= -0.91428212E-02; Std.Dev.=  0.23887948    ; in units of Pa
**(globme)**SURFACE MERIDIONAL WIND STRESS           Glob.Mean=  0.33940879E-02; Std.Dev.=  0.21377948    ; in units of Pa
**(globme)**DOWNWARD LONG WAVE AT BOTTOM             Glob.Mean=   348.69266; Std.Dev.=   85.034028    ; in units of W M**-2
**(globme)**OUTGOING LONG WAVE AT TOP                Glob.Mean=   242.26394; Std.Dev.=   47.943134    ; in units of W M**-2
**(globme)**INCIDENT SHORT WAVE FLUX                 Glob.Mean=   342.64553; Std.Dev.=   382.17126    ; in units of W M**-2
**(globme)**DOWNWARD SHORT WAVE AT GROUND            Glob.Mean=   196.76332; Std.Dev.=   244.69568    ; in units of W M**-2
**(globme)**SHORT WAVE ABSORBED AT GROUND            Glob.Mean=   173.83970; Std.Dev.=   224.59300    ; in units of W M**-2
**(globme)**NET LONG WAVE AT BOTTOM                  Glob.Mean=   57.455601; Std.Dev.=   39.307817    ; in units of W M**-2
**(rsdiag)**reset all the diagnostic accumulators
**(TimeStep)** timestep 181 of length 600.0 seconds at simulation time 1 days and 22200.0 seconds
**(TimeStep)** timestep 182 of length 600.0 seconds at simulation time 1 days and 22800.0 seconds
**(TimeStep)** timestep 183 of length 600.0 seconds at simulation time 1 days and 23400.0 seconds
**(TimeStep)** timestep 184 of length 600.0 seconds at simulation time 1 days and 24000.0 seconds
**(TimeStep)** timestep 185 of length 600.0 seconds at simulation time 1 days and 24600.0 seconds
**(TimeStep)** timestep 186 of length 600.0 seconds at simulation time 1 days and 25200.0 seconds
**(TimeStep)** timestep 187 of length 600.0 seconds at simulation time 1 days and 25800.0 seconds
**(TimeStep)** timestep 188 of length 600.0 seconds at simulation time 1 days and 26400.0 seconds
**(TimeStep)** timestep 189 of length 600.0 seconds at simulation time 1 days and 27000.0 seconds
**(TimeStep)** timestep 190 of length 600.0 seconds at simulation time 1 days and 27600.0 seconds
**(TimeStep)** timestep 191 of length 600.0 seconds at simulation time 1 days and 28200.0 seconds
**(TimeStep)** timestep 192 of length 600.0 seconds at simulation time 1 days and 28800.0 seconds
**(TimeStep)** timestep 193 of length 600.0 seconds at simulation time 1 days and 29400.0 seconds
**(TimeStep)** timestep 194 of length 600.0 seconds at simulation time 1 days and 30000.0 seconds
**(TimeStep)** timestep 195 of length 600.0 seconds at simulation time 1 days and 30600.0 seconds
**(TimeStep)** timestep 196 of length 600.0 seconds at simulation time 1 days and 31200.0 seconds
**(TimeStep)** timestep 197 of length 600.0 seconds at simulation time 1 days and 31800.0 seconds
**(TimeStep)** timestep 198 of length 600.0 seconds at simulation time 1 days and 32400.0 seconds
**(TimeStep)** timestep 199 of length 600.0 seconds at simulation time 1 days and 33000.0 seconds
**(TimeStep)** timestep 200 of length 600.0 seconds at simulation time 1 days and 33600.0 seconds
**(TimeStep)** timestep 201 of length 600.0 seconds at simulation time 1 days and 34200.0 seconds
**(TimeStep)** timestep 202 of length 600.0 seconds at simulation time 1 days and 34800.0 seconds
**(TimeStep)** timestep 203 of length 600.0 seconds at simulation time 1 days and 35400.0 seconds
**(TimeStep)** timestep 204 of length 600.0 seconds at simulation time 1 days and 36000.0 seconds
**(TimeStep)** timestep 205 of length 600.0 seconds at simulation time 1 days and 36600.0 seconds
**(TimeStep)** timestep 206 of length 600.0 seconds at simulation time 1 days and 37200.0 seconds
**(TimeStep)** timestep 207 of length 600.0 seconds at simulation time 1 days and 37800.0 seconds
**(TimeStep)** timestep 208 of length 600.0 seconds at simulation time 1 days and 38400.0 seconds
**(TimeStep)** timestep 209 of length 600.0 seconds at simulation time 1 days and 39000.0 seconds
**(TimeStep)** timestep 210 of length 600.0 seconds at simulation time 1 days and 39600.0 seconds
**(TimeStep)** timestep 211 of length 600.0 seconds at simulation time 1 days and 40200.0 seconds
**(TimeStep)** timestep 212 of length 600.0 seconds at simulation time 1 days and 40800.0 seconds
**(TimeStep)** timestep 213 of length 600.0 seconds at simulation time 1 days and 41400.0 seconds
**(TimeStep)** timestep 214 of length 600.0 seconds at simulation time 1 days and 42000.0 seconds
**(TimeStep)** timestep 215 of length 600.0 seconds at simulation time 1 days and 42600.0 seconds
**(TimeStep)** timestep 216 of length 600.0 seconds at simulation time 1 days and 43200.0 seconds
**(opnfct)** writes file GFCTNMC20040326002004032712F.fct.TQ0126L028 at simulation time
**(opnfct)** 1 days and 43200.0 seconds; contains state of the atmosphere at 12Z of 27/03/2004
**(rmsgt)** State of the atmosphere at 12Z of 27/03/2004:
**(rmsgt)** Layers and average means and variances:
**(rmsgt)** LYR  Z.S. DIV.  Z.A. DIV.  Z.S. VOR.  Z.A. VOR.  G.M. TEM.  Z.S. TEM.  Z.A. TEM.  G.M. S.H.  Z.S. S.H.  Z.A. S.H.
**(rmsgt)**  28  4.449E-07  2.599E-06  1.371E-05  1.737E-05   247.97       5.92       3.96    3.840E-06  3.755E-07  1.440E-07
**(rmsgt)**  27  1.313E-06  9.464E-06  1.187E-05  1.526E-05   227.85       5.29       4.33    3.739E-06  4.705E-07  1.387E-07
**(rmsgt)**  26  1.510E-06  8.532E-06  1.198E-05  1.406E-05   221.32       4.22       2.62    3.152E-06  5.397E-07  1.525E-07
**(rmsgt)**  25  1.347E-06  7.161E-06  1.011E-05  1.131E-05   216.31       2.25       2.30    2.648E-06  4.560E-07  1.963E-07
**(rmsgt)**  24  8.212E-07  6.355E-06  7.410E-06  9.469E-06   212.33       3.29       1.88    2.321E-06  3.995E-07  3.108E-07
**(rmsgt)**  23  9.005E-07  5.970E-06  6.366E-06  9.303E-06   208.38       6.90       2.09    2.023E-06  4.123E-07  5.237E-07
**(rmsgt)**  22  6.260E-07  6.991E-06  5.933E-06  1.154E-05   205.03      10.50       2.76    1.745E-06  3.664E-07  5.058E-07
**(rmsgt)**  21  1.045E-06  8.689E-06  6.446E-06  1.516E-05   205.59      10.55       2.79    2.300E-06  6.623E-07  1.183E-06
**(rmsgt)**  20  1.039E-06  8.970E-06  7.851E-06  1.989E-05   209.60       7.72       2.65    5.324E-06  1.993E-06  3.477E-06
**(rmsgt)**  19  1.318E-06  9.068E-06  9.528E-06  2.474E-05   214.57       3.28       3.23    1.562E-05  7.018E-06  1.062E-05
**(rmsgt)**  18  1.159E-06  9.266E-06  1.028E-05  3.127E-05   219.94       2.59       3.66    4.264E-05  2.219E-05  3.123E-05
**(rmsgt)**  17  1.187E-06  9.587E-06  1.024E-05  3.728E-05   226.66       6.33       3.22    1.055E-04  5.872E-05  8.049E-05
**(rmsgt)**  16  1.076E-06  8.980E-06  1.002E-05  3.848E-05   234.59       8.69       3.41    2.363E-04  1.318E-04  1.712E-04
**(rmsgt)**  15  9.383E-07  7.987E-06  9.265E-06  3.575E-05   243.00       9.98       4.02    4.493E-04  2.491E-04  3.270E-04
**(rmsgt)**  14  9.930E-07  7.033E-06  8.575E-06  3.165E-05   251.15      10.69       4.52    7.896E-04  4.494E-04  5.640E-04
**(rmsgt)**  13  8.514E-07  6.690E-06  7.867E-06  2.780E-05   258.32      11.08       4.73    1.244E-03  7.271E-04  8.563E-04
**(rmsgt)**  12  8.043E-07  6.659E-06  7.226E-06  2.485E-05   264.50      11.28       4.81    1.814E-03  1.084E-03  1.143E-03
**(rmsgt)**  11  6.991E-07  6.913E-06  6.715E-06  2.318E-05   269.27      11.13       4.69    2.469E-03  1.463E-03  1.416E-03
**(rmsgt)**  10  6.363E-07  7.207E-06  6.321E-06  2.240E-05   273.10      11.03       4.60    3.409E-03  2.035E-03  1.720E-03
**(rmsgt)**   9  6.562E-07  7.277E-06  5.970E-06  2.195E-05   276.60      11.13       4.51    4.445E-03  2.624E-03  1.957E-03
**(rmsgt)**   8  7.576E-07  7.588E-06  5.805E-06  2.241E-05   279.63      11.54       4.51    5.461E-03  3.125E-03  2.067E-03
**(rmsgt)**   7  8.592E-07  8.350E-06  5.869E-06  2.368E-05   282.24      12.05       4.47    6.418E-03  3.526E-03  2.153E-03
**(rmsgt)**   6  9.510E-07  9.686E-06  6.201E-06  2.570E-05   284.45      12.60       4.50    7.419E-03  3.957E-03  2.279E-03
**(rmsgt)**   5  1.183E-06  1.162E-05  6.604E-06  2.781E-05   286.35      13.13       4.52    8.355E-03  4.371E-03  2.413E-03
**(rmsgt)**   4  1.700E-06  1.389E-05  6.784E-06  2.886E-05   288.07      13.60       4.62    9.155E-03  4.781E-03  2.482E-03
**(rmsgt)**   3  2.231E-06  1.581E-05  6.764E-06  2.842E-05   289.42      14.19       4.75    9.946E-03  5.287E-03  2.517E-03
**(rmsgt)**   2  2.906E-06  1.704E-05  6.250E-06  2.604E-05   290.70      14.59       4.97    1.064E-02  5.712E-03  2.625E-03
**(rmsgt)**   1  3.383E-06  1.744E-05  4.861E-06  2.206E-05   291.31      15.47       5.43    1.121E-02  5.994E-03  2.830E-03
**(rmsgt)** AVE  1.119E-06  8.795E-06  7.933E-06  2.695E-05   252.47      10.25       4.14    2.624E-03  2.222E-03  1.371
**(rmsgt)** Log(surface pressure) mean and variance:
**(rmsgt)**  G.M.LNP.= 4.59    ; Z.S.LNP.=0.395E-01; Z.A.LNP.=0.677E-01
**(wridia)** file also contains diagnostics at 12Z of 27/03/2004:
**(globme)**TOTAL PRECIPITATION                      Glob.Mean=  0.49402184E-04; Std.Dev.=  0.11829535E-03; in units of Kg M**-2
 Sec**-1
**(globme)**CONVECTIVE PRECIPITATION                 Glob.Mean=  0.41876612E-04; Std.Dev.=  0.11167342E-03; in units of Kg M**-2
 Sec**-1
**(globme)**SENSIBLE HEAT FLUX FROM SURFACE          Glob.Mean=   35.244110; Std.Dev.=   88.080958    ; in units of W M**-2
**(globme)**LATENT HEAT FLUX FROM SURFACE            Glob.Mean=   130.50436; Std.Dev.=   196.62030    ; in units of W M**-2
**(globme)**SURFACE ZONAL WIND STRESS                Glob.Mean= -0.91160693E-02; Std.Dev.=  0.25087668    ; in units of Pa
**(globme)**SURFACE MERIDIONAL WIND STRESS           Glob.Mean=  0.12282819E-02; Std.Dev.=  0.23131078    ; in units of Pa
**(globme)**DOWNWARD LONG WAVE AT BOTTOM             Glob.Mean=   350.02668; Std.Dev.=   84.264932    ; in units of W M**-2
**(globme)**OUTGOING LONG WAVE AT TOP                Glob.Mean=   243.06660; Std.Dev.=   50.242239    ; in units of W M**-2
**(globme)**INCIDENT SHORT WAVE FLUX                 Glob.Mean=   342.59523; Std.Dev.=   382.12312    ; in units of W M**-2
**(globme)**DOWNWARD SHORT WAVE AT GROUND            Glob.Mean=   201.83438; Std.Dev.=   254.55522    ; in units of W M**-2
**(globme)**SHORT WAVE ABSORBED AT GROUND            Glob.Mean=   174.99875; Std.Dev.=   222.80721    ; in units of W M**-2
**(globme)**NET LONG WAVE AT BOTTOM                  Glob.Mean=   63.978872; Std.Dev.=   47.241298    ; in units of W M**-2
**(rsdiag)**reset all the diagnostic accumulators
**(TimeStep)** timestep 217 of length 600.0 seconds at simulation time 1 days and 43800.0 seconds
**(TimeStep)** timestep 218 of length 600.0 seconds at simulation time 1 days and 44400.0 seconds
**(TimeStep)** timestep 219 of length 600.0 seconds at simulation time 1 days and 45000.0 seconds
**(TimeStep)** timestep 220 of length 600.0 seconds at simulation time 1 days and 45600.0 seconds
**(TimeStep)** timestep 221 of length 600.0 seconds at simulation time 1 days and 46200.0 seconds
**(TimeStep)** timestep 222 of length 600.0 seconds at simulation time 1 days and 46800.0 seconds
**(TimeStep)** timestep 223 of length 600.0 seconds at simulation time 1 days and 47400.0 seconds
**(TimeStep)** timestep 224 of length 600.0 seconds at simulation time 1 days and 48000.0 seconds
**(TimeStep)** timestep 225 of length 600.0 seconds at simulation time 1 days and 48600.0 seconds
**(TimeStep)** timestep 226 of length 600.0 seconds at simulation time 1 days and 49200.0 seconds
**(TimeStep)** timestep 227 of length 600.0 seconds at simulation time 1 days and 49800.0 seconds
**(TimeStep)** timestep 228 of length 600.0 seconds at simulation time 1 days and 50400.0 seconds
**(TimeStep)** timestep 229 of length 600.0 seconds at simulation time 1 days and 51000.0 seconds
**(TimeStep)** timestep 230 of length 600.0 seconds at simulation time 1 days and 51600.0 seconds
**(TimeStep)** timestep 231 of length 600.0 seconds at simulation time 1 days and 52200.0 seconds
**(TimeStep)** timestep 232 of length 600.0 seconds at simulation time 1 days and 52800.0 seconds
**(TimeStep)** timestep 233 of length 600.0 seconds at simulation time 1 days and 53400.0 seconds
**(TimeStep)** timestep 234 of length 600.0 seconds at simulation time 1 days and 54000.0 seconds
**(TimeStep)** timestep 235 of length 600.0 seconds at simulation time 1 days and 54600.0 seconds
**(TimeStep)** timestep 236 of length 600.0 seconds at simulation time 1 days and 55200.0 seconds
**(TimeStep)** timestep 237 of length 600.0 seconds at simulation time 1 days and 55800.0 seconds
**(TimeStep)** timestep 238 of length 600.0 seconds at simulation time 1 days and 56400.0 seconds
**(TimeStep)** timestep 239 of length 600.0 seconds at simulation time 1 days and 57000.0 seconds
**(TimeStep)** timestep 240 of length 600.0 seconds at simulation time 1 days and 57600.0 seconds
**(TimeStep)** timestep 241 of length 600.0 seconds at simulation time 1 days and 58200.0 seconds
**(TimeStep)** timestep 242 of length 600.0 seconds at simulation time 1 days and 58800.0 seconds
**(TimeStep)** timestep 243 of length 600.0 seconds at simulation time 1 days and 59400.0 seconds
**(TimeStep)** timestep 244 of length 600.0 seconds at simulation time 1 days and 60000.0 seconds
**(TimeStep)** timestep 245 of length 600.0 seconds at simulation time 1 days and 60600.0 seconds
**(TimeStep)** timestep 246 of length 600.0 seconds at simulation time 1 days and 61200.0 seconds
**(TimeStep)** timestep 247 of length 600.0 seconds at simulation time 1 days and 61800.0 seconds
**(TimeStep)** timestep 248 of length 600.0 seconds at simulation time 1 days and 62400.0 seconds
**(TimeStep)** timestep 249 of length 600.0 seconds at simulation time 1 days and 63000.0 seconds
**(TimeStep)** timestep 250 of length 600.0 seconds at simulation time 1 days and 63600.0 seconds
**(TimeStep)** timestep 251 of length 600.0 seconds at simulation time 1 days and 64200.0 seconds
**(TimeStep)** timestep 252 of length 600.0 seconds at simulation time 1 days and 64800.0 seconds
**(opnfct)** writes file GFCTNMC20040326002004032718F.fct.TQ0126L028 at simulation time
**(opnfct)** 1 days and 64800.0 seconds; contains state of the atmosphere at 18Z of 27/03/2004
**(rmsgt)** State of the atmosphere at 18Z of 27/03/2004:
**(rmsgt)** Layers and average means and variances:
**(rmsgt)** LYR  Z.S. DIV.  Z.A. DIV.  Z.S. VOR.  Z.A. VOR.  G.M. TEM.  Z.S. TEM.  Z.A. TEM.  G.M. S.H.  Z.S. S.H.  Z.A. S.H.
**(rmsgt)**  28  4.996E-07  2.573E-06  1.386E-05  1.710E-05   247.78       5.92       3.64    3.839E-06  3.754E-07  1.442E-07
**(rmsgt)**  27  1.474E-06  9.263E-06  1.180E-05  1.517E-05   227.73       5.15       4.43    3.740E-06  4.689E-07  1.382E-07
**(rmsgt)**  26  8.993E-07  8.239E-06  1.212E-05  1.377E-05   221.26       4.24       2.63    3.151E-06  5.396E-07  1.503E-07
**(rmsgt)**  25  8.647E-07  7.104E-06  9.877E-06  1.115E-05   216.38       2.18       2.26    2.649E-06  4.555E-07  1.949E-07
**(rmsgt)**  24  9.252E-07  6.377E-06  7.281E-06  9.369E-06   212.42       3.22       1.94    2.318E-06  3.960E-07  3.049E-07
**(rmsgt)**  23  8.619E-07  5.771E-06  6.223E-06  9.187E-06   208.51       6.80       2.07    2.023E-06  4.116E-07  5.204E-07
**(rmsgt)**  22  9.761E-07  6.837E-06  5.949E-06  1.152E-05   205.10      10.42       2.85    1.757E-06  3.638E-07  5.224E-07
**(rmsgt)**  21  9.884E-07  8.689E-06  6.517E-06  1.530E-05   205.62      10.51       2.82    2.353E-06  6.899E-07  1.245E-06
**(rmsgt)**  20  1.356E-06  9.355E-06  7.922E-06  2.031E-05   209.62       7.63       2.63    5.478E-06  2.096E-06  3.661E-06
**(rmsgt)**  19  1.232E-06  9.047E-06  9.474E-06  2.504E-05   214.58       3.18       3.19    1.585E-05  6.982E-06  1.088E-05
**(rmsgt)**  18  1.131E-06  9.106E-06  1.013E-05  3.134E-05   219.93       2.66       3.60    4.315E-05  2.157E-05  3.099E-05
**(rmsgt)**  17  1.291E-06  9.670E-06  1.007E-05  3.746E-05   226.69       6.34       3.15    1.054E-04  5.650E-05  7.947E-05
**(rmsgt)**  16  1.057E-06  8.958E-06  9.875E-06  3.869E-05   234.65       8.61       3.36    2.362E-04  1.268E-04  1.673E-04
**(rmsgt)**  15  1.050E-06  8.099E-06  9.230E-06  3.575E-05   243.07       9.85       3.97    4.478E-04  2.408E-04  3.185E-04
**(rmsgt)**  14  9.170E-07  7.095E-06  8.619E-06  3.169E-05   251.24      10.54       4.47    7.915E-04  4.401E-04  5.501E-04
**(rmsgt)**  13  8.097E-07  6.530E-06  7.884E-06  2.799E-05   258.43      10.95       4.70    1.246E-03  7.108E-04  8.422E-04
**(rmsgt)**  12  7.108E-07  6.443E-06  7.126E-06  2.525E-05   264.62      11.17       4.80    1.814E-03  1.065E-03  1.134E-03
**(rmsgt)**  11  5.791E-07  6.812E-06  6.528E-06  2.360E-05   269.36      11.01       4.67    2.442E-03  1.428E-03  1.408E-03
**(rmsgt)**  10  5.907E-07  7.176E-06  6.126E-06  2.274E-05   273.17      10.93       4.59    3.362E-03  1.990E-03  1.715E-03
**(rmsgt)**   9  6.808E-07  7.285E-06  5.820E-06  2.238E-05   276.66      11.03       4.52    4.437E-03  2.600E-03  1.953E-03
**(rmsgt)**   8  7.929E-07  7.632E-06  5.641E-06  2.275E-05   279.73      11.46       4.53    5.493E-03  3.130E-03  2.060E-03
**(rmsgt)**   7  8.631E-07  8.223E-06  5.619E-06  2.390E-05   282.39      11.99       4.50    6.455E-03  3.527E-03  2.169E-03
**(rmsgt)**   6  9.797E-07  9.446E-06  5.904E-06  2.588E-05   284.63      12.55       4.54    7.443E-03  3.947E-03  2.319E-03
**(rmsgt)**   5  1.131E-06  1.146E-05  6.320E-06  2.796E-05   286.53      13.10       4.55    8.348E-03  4.348E-03  2.471E-03
**(rmsgt)**   4  1.679E-06  1.383E-05  6.660E-06  2.914E-05   288.23      13.56       4.61    9.158E-03  4.745E-03  2.523E-03
**(rmsgt)**   3  2.290E-06  1.577E-05  6.770E-06  2.893E-05   289.52      14.20       4.75    9.986E-03  5.268E-03  2.554E-03
**(rmsgt)**   2  2.989E-06  1.688E-05  6.287E-06  2.633E-05   290.75      14.61       4.94    1.074E-02  5.732E-03  2.623E-03
**(rmsgt)**   1  3.467E-06  1.693E-05  4.836E-06  2.182E-05   291.04      15.47       5.47    1.134E-02  6.038E-03  2.802E-03
**(rmsgt)** AVE  1.124E-06  8.742E-06  7.841E-06  2.715E-05   252.54      10.18       4.13    2.626E-03  2.213E-03  1.377
**(rmsgt)** Log(surface pressure) mean and variance:
**(rmsgt)**  G.M.LNP.= 4.59    ; Z.S.LNP.=0.397E-01; Z.A.LNP.=0.673E-01
**(wridia)** file also contains diagnostics at 18Z of 27/03/2004:
**(globme)**TOTAL PRECIPITATION                      Glob.Mean=  0.50202928E-04; Std.Dev.=  0.12290548E-03; in units of Kg M**-2
 Sec**-1
**(globme)**CONVECTIVE PRECIPITATION                 Glob.Mean=  0.42688981E-04; Std.Dev.=  0.11650978E-03; in units of Kg M**-2
 Sec**-1
**(globme)**SENSIBLE HEAT FLUX FROM SURFACE          Glob.Mean=   22.214877; Std.Dev.=   71.411608    ; in units of W M**-2
**(globme)**LATENT HEAT FLUX FROM SURFACE            Glob.Mean=   125.56721; Std.Dev.=   189.00207    ; in units of W M**-2
**(globme)**SURFACE ZONAL WIND STRESS                Glob.Mean= -0.34290338E-02; Std.Dev.=  0.25547570    ; in units of Pa
**(globme)**SURFACE MERIDIONAL WIND STRESS           Glob.Mean=  0.95702365E-02; Std.Dev.=  0.23758723    ; in units of Pa
**(globme)**DOWNWARD LONG WAVE AT BOTTOM             Glob.Mean=   351.27032; Std.Dev.=   83.974002    ; in units of W M**-2
**(globme)**OUTGOING LONG WAVE AT TOP                Glob.Mean=   242.44722; Std.Dev.=   51.330797    ; in units of W M**-2
**(globme)**INCIDENT SHORT WAVE FLUX                 Glob.Mean=   342.54485; Std.Dev.=   382.07543    ; in units of W M**-2
**(globme)**DOWNWARD SHORT WAVE AT GROUND            Glob.Mean=   191.42137; Std.Dev.=   236.22446    ; in units of W M**-2
**(globme)**SHORT WAVE ABSORBED AT GROUND            Glob.Mean=   172.25416; Std.Dev.=   219.45919    ; in units of W M**-2
**(globme)**NET LONG WAVE AT BOTTOM                  Glob.Mean=   63.090121; Std.Dev.=   46.377909    ; in units of W M**-2
**(rsdiag)**reset all the diagnostic accumulators
**(TimeStep)** timestep 253 of length 600.0 seconds at simulation time 1 days and 65400.0 seconds
**(TimeStep)** timestep 254 of length 600.0 seconds at simulation time 1 days and 66000.0 seconds
**(TimeStep)** timestep 255 of length 600.0 seconds at simulation time 1 days and 66600.0 seconds
**(TimeStep)** timestep 256 of length 600.0 seconds at simulation time 1 days and 67200.0 seconds
**(TimeStep)** timestep 257 of length 600.0 seconds at simulation time 1 days and 67800.0 seconds
**(TimeStep)** timestep 258 of length 600.0 seconds at simulation time 1 days and 68400.0 seconds
**(TimeStep)** timestep 259 of length 600.0 seconds at simulation time 1 days and 69000.0 seconds
**(TimeStep)** timestep 260 of length 600.0 seconds at simulation time 1 days and 69600.0 seconds
**(TimeStep)** timestep 261 of length 600.0 seconds at simulation time 1 days and 70200.0 seconds
**(TimeStep)** timestep 262 of length 600.0 seconds at simulation time 1 days and 70800.0 seconds
**(TimeStep)** timestep 263 of length 600.0 seconds at simulation time 1 days and 71400.0 seconds
**(TimeStep)** timestep 264 of length 600.0 seconds at simulation time 1 days and 72000.0 seconds
**(TimeStep)** timestep 265 of length 600.0 seconds at simulation time 1 days and 72600.0 seconds
**(TimeStep)** timestep 266 of length 600.0 seconds at simulation time 1 days and 73200.0 seconds
**(TimeStep)** timestep 267 of length 600.0 seconds at simulation time 1 days and 73800.0 seconds
**(TimeStep)** timestep 268 of length 600.0 seconds at simulation time 1 days and 74400.0 seconds
**(TimeStep)** timestep 269 of length 600.0 seconds at simulation time 1 days and 75000.0 seconds
**(TimeStep)** timestep 270 of length 600.0 seconds at simulation time 1 days and 75600.0 seconds
**(TimeStep)** timestep 271 of length 600.0 seconds at simulation time 1 days and 76200.0 seconds
**(TimeStep)** timestep 272 of length 600.0 seconds at simulation time 1 days and 76800.0 seconds
**(TimeStep)** timestep 273 of length 600.0 seconds at simulation time 1 days and 77400.0 seconds
**(TimeStep)** timestep 274 of length 600.0 seconds at simulation time 1 days and 78000.0 seconds
**(TimeStep)** timestep 275 of length 600.0 seconds at simulation time 1 days and 78600.0 seconds
**(TimeStep)** timestep 276 of length 600.0 seconds at simulation time 1 days and 79200.0 seconds
**(TimeStep)** timestep 277 of length 600.0 seconds at simulation time 1 days and 79800.0 seconds
**(TimeStep)** timestep 278 of length 600.0 seconds at simulation time 1 days and 80400.0 seconds
**(TimeStep)** timestep 279 of length 600.0 seconds at simulation time 1 days and 81000.0 seconds
**(TimeStep)** timestep 280 of length 600.0 seconds at simulation time 1 days and 81600.0 seconds
**(TimeStep)** timestep 281 of length 600.0 seconds at simulation time 1 days and 82200.0 seconds
**(TimeStep)** timestep 282 of length 600.0 seconds at simulation time 1 days and 82800.0 seconds
**(TimeStep)** timestep 283 of length 600.0 seconds at simulation time 1 days and 83400.0 seconds
**(TimeStep)** timestep 284 of length 600.0 seconds at simulation time 1 days and 84000.0 seconds
**(TimeStep)** timestep 285 of length 600.0 seconds at simulation time 1 days and 84600.0 seconds
**(TimeStep)** timestep 286 of length 600.0 seconds at simulation time 1 days and 85200.0 seconds
**(TimeStep)** timestep 287 of length 600.0 seconds at simulation time 1 days and 85800.0 seconds
**(TimeStep)** timestep 288 of length 600.0 seconds at simulation time 2 days and 0.0 seconds
**(opnfct)** writes file GFCTNMC20040326002004032800F.fct.TQ0126L028 at simulation time
**(opnfct)** 2 days and 0.0 seconds; contains state of the atmosphere at 00Z of 28/03/2004
**(rmsgt)** State of the atmosphere at 00Z of 28/03/2004:
**(rmsgt)** Layers and average means and variances:
**(rmsgt)** LYR  Z.S. DIV.  Z.A. DIV.  Z.S. VOR.  Z.A. VOR.  G.M. TEM.  Z.S. TEM.  Z.A. TEM.  G.M. S.H.  Z.S. S.H.  Z.A. S.H.
**(rmsgt)**  28  3.035E-07  2.538E-06  1.381E-05  1.686E-05   247.58       5.99       3.27    3.838E-06  3.762E-07  1.423E-07
**(rmsgt)**  27  9.918E-07  9.098E-06  1.156E-05  1.529E-05   227.61       5.08       4.41    3.740E-06  4.689E-07  1.379E-07
**(rmsgt)**  26  1.319E-06  8.160E-06  1.205E-05  1.333E-05   221.22       4.21       2.56    3.152E-06  5.383E-07  1.491E-07
**(rmsgt)**  25  1.302E-06  7.060E-06  1.000E-05  1.111E-05   216.41       2.12       2.14    2.649E-06  4.550E-07  1.953E-07
**(rmsgt)**  24  9.754E-07  6.079E-06  7.555E-06  9.378E-06   212.52       3.21       2.01    2.317E-06  3.944E-07  3.026E-07
**(rmsgt)**  23  9.028E-07  5.779E-06  6.227E-06  9.233E-06   208.66       6.67       2.04    2.027E-06  4.124E-07  5.185E-07
**(rmsgt)**  22  8.261E-07  6.867E-06  5.787E-06  1.160E-05   205.17      10.33       2.92    1.771E-06  3.645E-07  5.411E-07
**(rmsgt)**  21  1.039E-06  8.572E-06  6.374E-06  1.552E-05   205.66      10.44       2.90    2.396E-06  7.070E-07  1.336E-06
**(rmsgt)**  20  9.988E-07  9.376E-06  7.823E-06  2.046E-05   209.63       7.53       2.68    5.630E-06  2.138E-06  3.880E-06
**(rmsgt)**  19  9.008E-07  8.973E-06  9.385E-06  2.557E-05   214.57       3.07       3.21    1.616E-05  6.963E-06  1.109E-05
**(rmsgt)**  18  1.058E-06  9.177E-06  9.825E-06  3.156E-05   219.89       2.71       3.58    4.375E-05  2.113E-05  3.089E-05
**(rmsgt)**  17  1.137E-06  9.833E-06  9.636E-06  3.762E-05   226.70       6.31       3.15    1.060E-04  5.532E-05  7.936E-05
**(rmsgt)**  16  1.078E-06  8.843E-06  9.237E-06  3.879E-05   234.67       8.53       3.39    2.361E-04  1.215E-04  1.698E-04
**(rmsgt)**  15  9.501E-07  7.961E-06  8.829E-06  3.613E-05   243.11       9.74       3.96    4.466E-04  2.315E-04  3.185E-04
**(rmsgt)**  14  9.528E-07  7.114E-06  8.326E-06  3.241E-05   251.32      10.41       4.44    7.917E-04  4.270E-04  5.508E-04
**(rmsgt)**  13  8.867E-07  6.593E-06  7.624E-06  2.860E-05   258.50      10.81       4.65    1.244E-03  6.940E-04  8.390E-04
**(rmsgt)**  12  7.782E-07  6.438E-06  6.930E-06  2.553E-05   264.70      11.05       4.77    1.807E-03  1.046E-03  1.129E-03
**(rmsgt)**  11  7.287E-07  6.784E-06  6.389E-06  2.363E-05   269.39      10.89       4.64    2.418E-03  1.394E-03  1.401E-03
**(rmsgt)**  10  7.801E-07  7.234E-06  5.936E-06  2.273E-05   273.19      10.80       4.56    3.322E-03  1.954E-03  1.717E-03
**(rmsgt)**   9  7.537E-07  7.261E-06  5.560E-06  2.235E-05   276.68      10.89       4.51    4.426E-03  2.583E-03  1.953E-03
**(rmsgt)**   8  8.308E-07  7.634E-06  5.330E-06  2.280E-05   279.75      11.33       4.54    5.506E-03  3.120E-03  2.067E-03
**(rmsgt)**   7  8.675E-07  8.395E-06  5.320E-06  2.401E-05   282.43      11.85       4.51    6.471E-03  3.505E-03  2.188E-03
**(rmsgt)**   6  9.637E-07  9.641E-06  5.565E-06  2.588E-05   284.67      12.39       4.56    7.453E-03  3.916E-03  2.344E-03
**(rmsgt)**   5  1.257E-06  1.128E-05  5.920E-06  2.786E-05   286.48      12.95       4.57    8.352E-03  4.323E-03  2.480E-03
**(rmsgt)**   4  1.827E-06  1.329E-05  6.221E-06  2.920E-05   288.13      13.39       4.64    9.171E-03  4.725E-03  2.519E-03
**(rmsgt)**   3  2.393E-06  1.502E-05  6.306E-06  2.901E-05   289.25      13.98       4.77    1.005E-02  5.289E-03  2.526E-03
**(rmsgt)**   2  2.928E-06  1.560E-05  5.874E-06  2.609E-05   290.40      14.38       4.93    1.085E-02  5.778E-03  2.551E-03
**(rmsgt)**   1  3.377E-06  1.592E-05  4.595E-06  2.153E-05   290.52      15.17       5.61    1.147E-02  6.098E-03  2.724E-03
**(rmsgt)** AVE  1.121E-06  8.638E-06  7.571E-06  2.735E-05   252.55      10.06       4.12    2.627E-03  2.205E-03  1.375
**(rmsgt)** Log(surface pressure) mean and variance:
**(rmsgt)**  G.M.LNP.= 4.59    ; Z.S.LNP.=0.399E-01; Z.A.LNP.=0.670E-01
**(wridia)** file also contains diagnostics at 00Z of 28/03/2004:
**(globme)**TOTAL PRECIPITATION                      Glob.Mean=  0.45793520E-04; Std.Dev.=  0.11984786E-03; in units of Kg M**-2
 Sec**-1
**(globme)**CONVECTIVE PRECIPITATION                 Glob.Mean=  0.37812333E-04; Std.Dev.=  0.11293537E-03; in units of Kg M**-2
 Sec**-1
**(globme)**SENSIBLE HEAT FLUX FROM SURFACE          Glob.Mean=   10.884237; Std.Dev.=   60.122794    ; in units of W M**-2
**(globme)**LATENT HEAT FLUX FROM SURFACE            Glob.Mean=   112.18531; Std.Dev.=   176.57570    ; in units of W M**-2
**(globme)**SURFACE ZONAL WIND STRESS                Glob.Mean= -0.10329025E-01; Std.Dev.=  0.28001552    ; in units of Pa
**(globme)**SURFACE MERIDIONAL WIND STRESS           Glob.Mean=  0.82365406E-02; Std.Dev.=  0.23905242    ; in units of Pa
**(globme)**DOWNWARD LONG WAVE AT BOTTOM             Glob.Mean=   350.57426; Std.Dev.=   83.470368    ; in units of W M**-2
**(globme)**OUTGOING LONG WAVE AT TOP                Glob.Mean=   243.00459; Std.Dev.=   49.045701    ; in units of W M**-2
**(globme)**INCIDENT SHORT WAVE FLUX                 Glob.Mean=   342.49433; Std.Dev.=   382.02835    ; in units of W M**-2
**(globme)**DOWNWARD SHORT WAVE AT GROUND            Glob.Mean=   191.26680; Std.Dev.=   240.38671    ; in units of W M**-2
**(globme)**SHORT WAVE ABSORBED AT GROUND            Glob.Mean=   175.17046; Std.Dev.=   229.55085    ; in units of W M**-2
**(globme)**NET LONG WAVE AT BOTTOM                  Glob.Mean=   57.514247; Std.Dev.=   40.942903    ; in units of W M**-2
**(rsdiag)**reset all the diagnostic accumulators
**(DestroyParallelism)** Process 0 ***MODEL EXECUTION ENDS NORMALY***
 STOP  
 STOP  
 STOP  
 STOP  
Application 39553 resources: utime ~3227s, stime ~5s

real	13m29.138s
user	0m0.904s
sys	0m0.072s
Thu Oct  7 15:48:55 CDT 2010
