Thu Oct  7 06:55:21 CDT 2010
**(CreateParallelism)** Process 0 (nid00044) among 1 processes with 1 threads is alive
 pk1 0,  26,  3,  2004,  0,  10,  4,  2004,  0,  10,  4,  2004

   192    8    8  2.22044605E-14  4.09061543E-03
**(WriteGauss)** writing file /scratch/p01211/oens-1.0.0/model/datain//gaussp.G00192
**(CreateGaussQuad)**  0.927224013849  0.935061780845  0.937500000000
**(CreateGaussQuad)**         103.849         104.727         105.000
**(CreateGaussQuad)**    0.999999999999967581      3.241851231905E-14
**(WriteMs)** writing file /scratch/p01211/oens-1.0.0/model/datain//mwaves.T0126G00192
**(DumpOptions)**
**(DumpOptions)** model TQ0126L028 runs from 00Z 26/03/2004 to 00Z 10/04/2004 with initial state from 00Z 26/03/2004
**(DumpOptions)** model executes 2160 timesteps of length 600 seconds
**(DumpOptions)** model dynamics configuration is  Eulerian, Reduced Gaussian and Quadratic Grid
**(DumpOptions)** input file name is /scratch/p01211/oens-1.0.0/model/datain/GANLNMC2004032600S.unf.TQ0126L028
**(DumpOptions)** output file directory is /scratch/p01211/oens-1.0.0/model/dataout/TQ0126L028/2004032600
**(DumpOptions)** model physics configuration:
**(DumpOptions)**    Shortwave Radiation is CLIRAD-SW
**(DumpOptions)**    Maritime aerosol is 0.1400000E+00
**(DumpOptions)**    Continental aerosol is 0.2200000E+00
**(DumpOptions)**    Cloud Scheme is 0.1000000E+01
**(DumpOptions)**    Longwave Radiation is Harshvardhan
**(DumpOptions)**    Using a single global value for co2 concentration,

lib-4611 : UNRECOVERABLE library error 
  Missing opening (left) parenthesis in format.

Encountered during a sequential formatted WRITE to an internal file (character variable)
**(DumpOptions)**        with constant concentration of 0.3700000E+03 ppmv
**(DumpOptions)**    Using old 4-month zonally averaged OZONE climatology
**(DumpOptions)**    Deep Convection is KUO
**(DumpOptions)**    Shallow Convection is Tiedke
**(DumpOptions)**
 pk2 0,  3,  26,  2004,  0,  3,  26,  2004
 pk3 0,  26,  3,  2004,  0,  10,  4,  2004,  0,  10,  4,  2004 P000GFGH
_pmii_daemon(SIGCHLD): PE 0 exit signal Aborted
Application 39407 exit codes: 134
Application 39407 resources: utime ~2s, stime ~0s

real	0m3.674s
user	0m2.180s
sys	0m0.184s
Thu Oct  7 06:55:24 CDT 2010
