stty: : Invalid argument
vt100
resize:  can't open terminal /dev/tty
======================================
Welcome to tupan11: SUPER-UX 14.1 SX-6
Today is Mon Oct 10 16:36:35 GMT 2011
======================================
RODANDO MPI
MPI/SX: command Version 7.2.1 (25. June 2007): Copyright (c) NEC Corporation 1996-2007
MPI/SX: daemon  Version 7.2.4 (21. August 2008): Copyright (c) NEC Corporation 1996-2008

Values of significant variables used by MPI/SX:
-----------------------------------------------

  DISPLAY         = 
  MPICOLLORDER    = OFF
  MPICOMMINF      = NO
  MPIMULTITASKMIX = OFF
  MPIPROGINF      = DETAIL
  MPISUSPEND      = OFF
  MPIVERSION      = ON

Derived and further values:
---------------------------

  Wait method              : Busy waiting
  Global memory            : SX Global Memory

/usr/lib/mpi/mpid: Creating 2 processes of '/gfs/home3/modoper/tempo/global/oens/run/mpisep06R.sh' on local host tupan11
+ exec + exec /gfs/home3/modoper/tempo/global/oens/model/exec/ParModel_MPI 
/gfs/home3/modoper/tempo/global/oens/model/exec/ParModel_MPI 
MPI/SX: library Version 6.7.18 (20. April 2004): Copyright (c) NEC Corporation 1997-2004
**(CreateParallelism)** Process 0 (tupan11) among 2 processes with 1 threads is alive
 * The  /gfs/dk22/modoper/tempo/global/oens/model/datain/desirtable file exists*
**(DumpOptions)**
**(DumpOptions)** model T126L28 runs from 12Z 10/10/2011 to 00Z 12/10/2011 with initial state from 12Z 10/10/2011
**(DumpOptions)** model executes 216 timesteps of length 600 seconds
**(DumpOptions)** model dynamics configuration is  Eulerian, Gaussian and Quadratic Grid
**(DumpOptions)** input file name is /gfs/dk22/modoper/tempo/global/oens/model/datain/GANL06R2011101012S.unf.T126L28
**(DumpOptions)** output file directory is /gfs/dk22/modoper/tempo/global/oens/model/dataout/T126L28
**(DumpOptions)** model physics configuration:
**(DumpOptions)**    Shortwave Radiation is Lacis & Hansen
**(DumpOptions)**    Longwave Radiation is Harshvardhan
**(DumpOptions)**    Using a single global value for co2 concentration,
**(DumpOptions)**    with constant concentration of 0.3700000E+03 ppvm
**(DumpOptions)**    Using old 4-month zonally averaged climatology
**(DumpOptions)**    Deep Convection is KUO
**(DumpOptions)**    Shallow Convection is Tiedke
**(DumpOptions)**
 SST:  IFSST=-1  MAX,MIN=  290.00     -306.18    
**(opnfct)** writes file GFCT06R20111010122011101012F.icn.T126L28 at simulation time
**(opnfct)** 0 days and 0.0 seconds; contains state of the atmosphere at 12Z of 10/10/2011
**(rmsgt)** State of the atmosphere at 12Z of 10/10/2011:
**(rmsgt)** Layers and average means and variances:
**(rmsgt)** LYR  Z.S. DIV.  Z.A. DIV.  Z.S. VOR.  Z.A. VOR.  G.M. TEM.  Z.S. TEM.  Z.A. TEM.  G.M. S.H.  Z.S. S.H.  Z.A. S.H.
**(rmsgt)**  28  2.172D-06  2.523D-05  1.244D-05  2.971D-05   250.37       6.96       5.73    1.679D-06  4.123D-07  1.643D-07
**(rmsgt)**  27  1.707D-06  2.001D-05  1.646D-05  2.511D-05   228.07       3.60       4.41    1.792D-06  7.175D-07  2.053D-07
**(rmsgt)**  26  1.313D-06  1.864D-05  1.496D-05  2.210D-05   221.53       2.75       4.80    1.818D-06  8.011D-07  2.318D-07
**(rmsgt)**  25  1.424D-06  1.805D-05  1.348D-05  2.089D-05   216.85       3.68       4.90    2.000D-06  9.620D-07  2.936D-07
**(rmsgt)**  24  1.512D-06  1.953D-05  1.327D-05  2.136D-05   213.34       4.49       4.58    2.289D-06  1.199D-06  3.421D-07
**(rmsgt)**  23  1.412D-06  1.798D-05  1.095D-05  2.067D-05   209.78       5.83       4.34    2.725D-06  1.375D-06  4.391D-07
**(rmsgt)**  22  1.192D-06  1.848D-05  8.879D-06  2.138D-05   206.03       8.04       4.33    3.142D-06  1.283D-06  5.009D-07
**(rmsgt)**  21  1.418D-06  2.007D-05  8.219D-06  2.434D-05   204.38       9.57       4.12    3.514D-06  1.184D-06  8.183D-07
**(rmsgt)**  20  1.721D-06  2.216D-05  9.042D-06  2.980D-05   207.59       7.66       3.70    5.858D-06  1.732D-06  1.705D-06
**(rmsgt)**  19  2.062D-06  2.299D-05  1.111D-05  3.777D-05   213.02       4.42       3.80    1.457D-05  5.592D-06  5.032D-06
**(rmsgt)**  18  2.320D-06  2.290D-05  1.152D-05  4.742D-05   219.14       4.35       3.79    3.856D-05  2.214D-05  1.955D-05
**(rmsgt)**  17  2.004D-06  2.235D-05  1.133D-05  5.605D-05   226.46       7.33       3.03    9.284D-05  6.191D-05  6.861D-05
**(rmsgt)**  16  2.066D-06  2.167D-05  1.036D-05  5.714D-05   234.96       9.33       3.04    1.935D-04  1.304D-04  1.795D-04
**(rmsgt)**  15  1.913D-06  2.030D-05  9.130D-06  5.288D-05   243.56      10.21       3.54    3.712D-04  2.419D-04  3.733D-04
**(rmsgt)**  14  1.569D-06  1.951D-05  8.004D-06  4.728D-05   251.42      10.54       3.93    6.570D-04  4.279D-04  6.474D-04
**(rmsgt)**  13  1.256D-06  1.852D-05  6.954D-06  4.214D-05   258.29      10.65       4.18    1.077D-03  7.334D-04  9.921D-04
**(rmsgt)**  12  1.409D-06  1.836D-05  5.976D-06  3.817D-05   264.13      10.73       4.38    1.613D-03  1.091D-03  1.356D-03
**(rmsgt)**  11  1.445D-06  1.837D-05  5.466D-06  3.595D-05   269.05      10.84       4.53    2.287D-03  1.501D-03  1.682D-03
**(rmsgt)**  10  1.237D-06  1.862D-05  5.205D-06  3.501D-05   273.19      11.01       4.62    3.137D-03  1.983D-03  1.938D-03
**(rmsgt)**   9  1.358D-06  1.837D-05  5.073D-06  3.468D-05   276.65      11.17       4.67    4.127D-03  2.473D-03  2.103D-03
**(rmsgt)**   8  1.236D-06  1.776D-05  5.022D-06  3.488D-05   279.52      11.41       4.74    5.154D-03  2.890D-03  2.182D-03
**(rmsgt)**   7  1.459D-06  1.773D-05  5.180D-06  3.526D-05   281.68      11.60       4.84    6.225D-03  3.264D-03  2.192D-03
**(rmsgt)**   6  1.564D-06  1.797D-05  5.329D-06  3.638D-05   283.47      11.82       4.82    7.195D-03  3.649D-03  2.233D-03
**(rmsgt)**   5  1.888D-06  1.913D-05  5.609D-06  3.756D-05   285.18      12.17       4.70    7.990D-03  4.056D-03  2.319D-03
**(rmsgt)**   4  2.110D-06  2.044D-05  5.586D-06  3.805D-05   286.74      12.66       4.60    8.526D-03  4.326D-03  2.387D-03
**(rmsgt)**   3  2.343D-06  2.155D-05  5.354D-06  3.676D-05   288.03      13.29       4.59    8.868D-03  4.474D-03  2.442D-03
**(rmsgt)**   2  2.443D-06  2.194D-05  4.845D-06  3.419D-05   289.19      13.72       4.63    9.109D-03  4.579D-03  2.501D-03
**(rmsgt)**   1  2.261D-06  2.137D-05  4.426D-06  3.093D-05   290.07      14.03       4.71    9.348D-03  4.694D-03  2.557D-03
**(rmsgt)** AVE  1.690D-06  1.983D-05  8.217D-06  4.041D-05   252.20      10.01       4.23    2.418D-03  2.003D-03  1.428
**(rmsgt)** Log(surface pressure) mean and variance:
**(rmsgt)**  G.M.LNP.= 4.59    ; Z.S.LNP.=0.432D-01; Z.A.LNP.=0.659D-01

 From Nlnmi :
 n =   1 HnCut =  1000.00 Hn =  9766.75
 n =   2 HnCut =  1000.00 Hn =  4582.61
 n =   3 HnCut =  1000.00 Hn =  1601.91

 mods =   3 niter =   3

**(opnfct)** writes file GFCT06R20111010122011101012F.inz.T126L28 at simulation time
**(opnfct)** 0 days and 0.0 seconds; contains state of the atmosphere at 12Z of 10/10/2011
**(rmsgt)** State of the atmosphere at 12Z of 10/10/2011:
**(rmsgt)** Layers and average means and variances:
**(rmsgt)** LYR  Z.S. DIV.  Z.A. DIV.  Z.S. VOR.  Z.A. VOR.  G.M. TEM.  Z.S. TEM.  Z.A. TEM.  G.M. S.H.  Z.S. S.H.  Z.A. S.H.
**(rmsgt)**  28  6.420D-07  8.168D-06  1.310D-05  2.972D-05   250.37       6.95       5.78    1.679D-06  4.123D-07  1.643D-07
**(rmsgt)**  27  1.529D-06  1.946D-05  1.658D-05  2.516D-05   228.07       3.46       5.36    1.792D-06  7.175D-07  2.053D-07
**(rmsgt)**  26  1.292D-06  1.824D-05  1.492D-05  2.221D-05   221.53       2.59       4.94    1.818D-06  8.011D-07  2.318D-07
**(rmsgt)**  25  1.313D-06  1.750D-05  1.344D-05  2.099D-05   216.85       3.58       4.95    2.000D-06  9.620D-07  2.936D-07
**(rmsgt)**  24  1.405D-06  1.846D-05  1.327D-05  2.141D-05   213.34       4.45       4.66    2.289D-06  1.199D-06  3.421D-07
**(rmsgt)**  23  1.456D-06  1.736D-05  1.095D-05  2.068D-05   209.78       5.81       4.40    2.725D-06  1.375D-06  4.391D-07
**(rmsgt)**  22  1.150D-06  1.815D-05  8.871D-06  2.137D-05   206.03       8.03       4.47    3.142D-06  1.283D-06  5.009D-07
**(rmsgt)**  21  1.443D-06  1.994D-05  8.204D-06  2.434D-05   204.38       9.56       4.16    3.514D-06  1.184D-06  8.183D-07
**(rmsgt)**  20  1.730D-06  2.204D-05  9.033D-06  2.980D-05   207.59       7.65       3.75    5.858D-06  1.732D-06  1.705D-06
**(rmsgt)**  19  2.035D-06  2.280D-05  1.110D-05  3.776D-05   213.02       4.42       3.79    1.457D-05  5.592D-06  5.032D-06
**(rmsgt)**  18  2.297D-06  2.273D-05  1.151D-05  4.742D-05   219.14       4.37       3.82    3.856D-05  2.214D-05  1.955D-05
**(rmsgt)**  17  2.015D-06  2.213D-05  1.133D-05  5.605D-05   226.46       7.33       3.04    9.284D-05  6.191D-05  6.861D-05
**(rmsgt)**  16  2.022D-06  2.135D-05  1.035D-05  5.714D-05   234.96       9.35       3.18    1.935D-04  1.304D-04  1.795D-04
**(rmsgt)**  15  1.909D-06  1.990D-05  9.123D-06  5.289D-05   243.56      10.21       3.52    3.712D-04  2.419D-04  3.733D-04
**(rmsgt)**  14  1.584D-06  1.902D-05  7.997D-06  4.728D-05   251.42      10.57       4.10    6.570D-04  4.279D-04  6.474D-04
**(rmsgt)**  13  1.253D-06  1.809D-05  6.948D-06  4.214D-05   258.29      10.65       4.13    1.077D-03  7.334D-04  9.921D-04
**(rmsgt)**  12  1.417D-06  1.785D-05  5.970D-06  3.817D-05   264.13      10.76       4.56    1.613D-03  1.091D-03  1.356D-03
**(rmsgt)**  11  1.391D-06  1.787D-05  5.461D-06  3.595D-05   269.05      10.84       4.46    2.287D-03  1.501D-03  1.682D-03
**(rmsgt)**  10  1.218D-06  1.809D-05  5.202D-06  3.501D-05   273.19      11.04       4.80    3.137D-03  1.983D-03  1.938D-03
**(rmsgt)**   9  1.317D-06  1.793D-05  5.070D-06  3.468D-05   276.65      11.17       4.59    4.127D-03  2.473D-03  2.103D-03
**(rmsgt)**   8  1.193D-06  1.750D-05  5.020D-06  3.487D-05   279.52      11.44       4.91    5.154D-03  2.890D-03  2.182D-03
**(rmsgt)**   7  1.444D-06  1.754D-05  5.179D-06  3.526D-05   281.68      11.60       4.76    6.225D-03  3.264D-03  2.192D-03
**(rmsgt)**   6  1.555D-06  1.783D-05  5.329D-06  3.638D-05   283.47      11.84       4.96    7.195D-03  3.649D-03  2.233D-03
**(rmsgt)**   5  1.898D-06  1.909D-05  5.609D-06  3.756D-05   285.18      12.17       4.63    7.990D-03  4.056D-03  2.319D-03
**(rmsgt)**   4  2.099D-06  2.044D-05  5.586D-06  3.805D-05   286.74      12.69       4.74    8.526D-03  4.326D-03  2.387D-03
**(rmsgt)**   3  2.342D-06  2.159D-05  5.354D-06  3.676D-05   288.03      13.29       4.52    8.868D-03  4.474D-03  2.442D-03
**(rmsgt)**   2  2.452D-06  2.201D-05  4.846D-06  3.419D-05   289.19      13.75       4.79    9.109D-03  4.579D-03  2.501D-03
**(rmsgt)**   1  2.265D-06  2.151D-05  4.427D-06  3.093D-05   290.07      14.03       4.64    9.348D-03  4.694D-03  2.557D-03
**(rmsgt)** AVE  1.667D-06  1.942D-05  8.219D-06  4.041D-05   252.20      10.02       4.30    2.418D-03  2.003D-03  1.428
**(rmsgt)** Log(surface pressure) mean and variance:
**(rmsgt)**  G.M.LNP.= 4.59    ; Z.S.LNP.=0.435D-01; Z.A.LNP.=0.668D-01
**(Model)** cold start step 1
**(Model)** cold start step 2
**(Model)** timestep 2 at simulation time 0 days and 600.0 seconds
**(Model)** timestep 3 at simulation time 0 days and 1200.0 seconds
**(Model)** timestep 4 at simulation time 0 days and 1800.0 seconds
**(Model)** timestep 5 at simulation time 0 days and 2400.0 seconds
**(Model)** timestep 6 at simulation time 0 days and 3000.0 seconds
**(Model)** timestep 7 at simulation time 0 days and 3600.0 seconds
**(Model)** timestep 8 at simulation time 0 days and 4200.0 seconds
**(Model)** timestep 9 at simulation time 0 days and 4800.0 seconds
**(Model)** timestep 10 at simulation time 0 days and 5400.0 seconds
**(Model)** timestep 11 at simulation time 0 days and 6000.0 seconds
**(Model)** timestep 12 at simulation time 0 days and 6600.0 seconds
**(Model)** timestep 13 at simulation time 0 days and 7200.0 seconds
**(Model)** timestep 14 at simulation time 0 days and 7800.0 seconds
**(Model)** timestep 15 at simulation time 0 days and 8400.0 seconds
**(Model)** timestep 16 at simulation time 0 days and 9000.0 seconds
**(Model)** timestep 17 at simulation time 0 days and 9600.0 seconds
**(Model)** timestep 18 at simulation time 0 days and 10200.0 seconds
**(opnfct)** writes file GFCT06R20111010122011101015F.fct.T126L28 at simulation time
**(opnfct)** 0 days and 10800.0 seconds; contains state of the atmosphere at 15Z of 10/10/2011
**(rmsgt)** State of the atmosphere at 15Z of 10/10/2011:
**(rmsgt)** Layers and average means and variances:
**(rmsgt)** LYR  Z.S. DIV.  Z.A. DIV.  Z.S. VOR.  Z.A. VOR.  G.M. TEM.  Z.S. TEM.  Z.A. TEM.  G.M. S.H.  Z.S. S.H.  Z.A. S.H.
**(rmsgt)**  28  9.798D-07  5.730D-06  1.281D-05  2.238D-05   250.43       6.93       5.77    1.680D-06  4.115D-07  1.642D-07
**(rmsgt)**  27  2.222D-06  1.570D-05  1.654D-05  2.063D-05   227.86       3.46       4.99    1.792D-06  7.185D-07  2.011D-07
**(rmsgt)**  26  1.490D-06  1.441D-05  1.503D-05  1.702D-05   221.36       2.67       5.04    1.819D-06  8.014D-07  2.242D-07
**(rmsgt)**  25  1.103D-06  1.100D-05  1.349D-05  1.476D-05   216.81       3.51       5.04    2.003D-06  9.624D-07  2.851D-07
**(rmsgt)**  24  1.392D-06  1.161D-05  1.314D-05  1.385D-05   213.39       4.37       4.67    2.291D-06  1.200D-06  3.350D-07
**(rmsgt)**  23  1.481D-06  1.191D-05  1.091D-05  1.346D-05   209.87       5.75       4.44    2.724D-06  1.375D-06  4.288D-07
**(rmsgt)**  22  1.390D-06  1.320D-05  8.852D-06  1.464D-05   206.20       7.97       4.38    3.146D-06  1.284D-06  5.013D-07
**(rmsgt)**  21  1.431D-06  1.393D-05  8.184D-06  1.818D-05   204.55       9.51       4.09    3.569D-06  1.215D-06  8.789D-07
**(rmsgt)**  20  1.472D-06  1.533D-05  9.068D-06  2.374D-05   207.70       7.63       3.78    6.044D-06  1.835D-06  2.163D-06
**(rmsgt)**  19  2.084D-06  1.445D-05  1.099D-05  3.101D-05   213.12       4.39       3.88    1.518D-05  6.034D-06  6.746D-06
**(rmsgt)**  18  2.377D-06  1.374D-05  1.157D-05  3.973D-05   219.21       4.35       3.91    3.989D-05  2.253D-05  2.182D-05
**(rmsgt)**  17  1.704D-06  1.217D-05  1.125D-05  4.511D-05   226.45       7.33       3.24    9.586D-05  6.193D-05  6.873D-05
**(rmsgt)**  16  1.426D-06  1.057D-05  1.028D-05  4.461D-05   234.91       9.40       3.46    1.975D-04  1.291D-04  1.723D-04
**(rmsgt)**  15  1.251D-06  9.686D-06  8.801D-06  4.038D-05   243.47      10.27       3.81    3.748D-04  2.354D-04  3.514D-04
**(rmsgt)**  14  1.082D-06  8.925D-06  7.530D-06  3.525D-05   251.34      10.63       4.31    6.566D-04  4.120D-04  6.008D-04
**(rmsgt)**  13  9.838D-07  8.607D-06  6.268D-06  3.057D-05   258.21      10.71       4.34    1.072D-03  7.078D-04  9.216D-04
**(rmsgt)**  12  9.030D-07  7.875D-06  5.451D-06  2.723D-05   264.10      10.82       4.66    1.606D-03  1.058D-03  1.273D-03
**(rmsgt)**  11  1.022D-06  8.103D-06  5.105D-06  2.523D-05   268.98      10.85       4.59    2.276D-03  1.466D-03  1.589D-03
**(rmsgt)**  10  9.070D-07  8.040D-06  4.960D-06  2.390D-05   273.11      11.05       4.77    3.116D-03  1.952D-03  1.829D-03
**(rmsgt)**   9  9.541D-07  8.130D-06  4.760D-06  2.317D-05   276.50      11.12       4.67    4.116D-03  2.453D-03  1.983D-03
**(rmsgt)**   8  9.118D-07  8.097D-06  4.687D-06  2.289D-05   279.30      11.38       4.81    5.152D-03  2.884D-03  2.047D-03
**(rmsgt)**   7  9.775D-07  8.317D-06  4.805D-06  2.311D-05   281.50      11.59       4.75    6.200D-03  3.260D-03  2.057D-03
**(rmsgt)**   6  1.143D-06  8.971D-06  4.979D-06  2.420D-05   283.41      11.90       4.75    7.172D-03  3.651D-03  2.120D-03
**(rmsgt)**   5  1.466D-06  1.033D-05  5.208D-06  2.559D-05   285.19      12.34       4.54    7.942D-03  3.987D-03  2.230D-03
**(rmsgt)**   4  1.720D-06  1.169D-05  5.244D-06  2.639D-05   286.81      12.80       4.50    8.612D-03  4.324D-03  2.333D-03
**(rmsgt)**   3  1.999D-06  1.313D-05  5.078D-06  2.562D-05   288.23      13.35       4.51    9.148D-03  4.602D-03  2.443D-03
**(rmsgt)**   2  2.255D-06  1.422D-05  4.475D-06  2.230D-05   289.48      13.85       4.62    9.505D-03  4.745D-03  2.527D-03
**(rmsgt)**   1  2.135D-06  1.359D-05  3.412D-06  1.664D-05   290.19      14.25       4.84    9.848D-03  4.889D-03  2.637D-03
**(rmsgt)** AVE  1.386D-06  1.060D-05  8.004D-06  2.999D-05   252.17      10.04       4.36    2.430D-03  2.008D-03  1.364
**(rmsgt)** Log(surface pressure) mean and variance:
**(rmsgt)**  G.M.LNP.= 4.59    ; Z.S.LNP.=0.434D-01; Z.A.LNP.=0.662D-01
**(wridia)** file also contains diagnostics at 15Z of 10/10/2011:
**(globme)**TOTAL PRECIPITATION                      Std.Dev.=   3.4866904; Glob.Mean=   8.9784814    ; in units of Kg M**-2 Day
**-1
**(globme)**CONVECTIVE PRECIPITATION                 Std.Dev.=   3.0168065; Glob.Mean=   8.6381828    ; in units of Kg M**-2 Day
**-1
**(globme)**SENSIBLE HEAT FLUX FROM SURFACE          Std.Dev.=   26.759444; Glob.Mean=   72.365992    ; in units of W M**-2
**(globme)**LATENT HEAT FLUX FROM SURFACE            Std.Dev.=   129.56736; Glob.Mean=   138.09699    ; in units of W M**-2
**(globme)**OUTGOING LONG WAVE AT TOP                Std.Dev.=   265.88845; Glob.Mean=   33.302740    ; in units of W M**-2
**(globme)**SHORT WAVE ABSORBED AT GROUND            Std.Dev.=   189.49185; Glob.Mean=   266.02752    ; in units of W M**-2
**(globme)**NET LONG WAVE AT BOTTOM                  Std.Dev.=   59.391459; Glob.Mean=   37.203046    ; in units of W M**-2
**(Model)** timestep 19 at simulation time 0 days and 10800.0 seconds
**(Model)** timestep 20 at simulation time 0 days and 11400.0 seconds
**(Model)** timestep 21 at simulation time 0 days and 12000.0 seconds
**(Model)** timestep 22 at simulation time 0 days and 12600.0 seconds
**(Model)** timestep 23 at simulation time 0 days and 13200.0 seconds
**(Model)** timestep 24 at simulation time 0 days and 13800.0 seconds
**(Model)** timestep 25 at simulation time 0 days and 14400.0 seconds
**(Model)** timestep 26 at simulation time 0 days and 15000.0 seconds
**(Model)** timestep 27 at simulation time 0 days and 15600.0 seconds
**(Model)** timestep 28 at simulation time 0 days and 16200.0 seconds
**(Model)** timestep 29 at simulation time 0 days and 16800.0 seconds
**(Model)** timestep 30 at simulation time 0 days and 17400.0 seconds
**(Model)** timestep 31 at simulation time 0 days and 18000.0 seconds
**(Model)** timestep 32 at simulation time 0 days and 18600.0 seconds
**(Model)** timestep 33 at simulation time 0 days and 19200.0 seconds
**(Model)** timestep 34 at simulation time 0 days and 19800.0 seconds
**(Model)** timestep 35 at simulation time 0 days and 20400.0 seconds
**(Model)** timestep 36 at simulation time 0 days and 21000.0 seconds
**(opnfct)** writes file GFCT06R20111010122011101018F.fct.T126L28 at simulation time
**(opnfct)** 0 days and 21600.0 seconds; contains state of the atmosphere at 18Z of 10/10/2011
**(rmsgt)** State of the atmosphere at 18Z of 10/10/2011:
**(rmsgt)** Layers and average means and variances:
**(rmsgt)** LYR  Z.S. DIV.  Z.A. DIV.  Z.S. VOR.  Z.A. VOR.  G.M. TEM.  Z.S. TEM.  Z.A. TEM.  G.M. S.H.  Z.S. S.H.  Z.A. S.H.
**(rmsgt)**  28  9.537D-07  6.731D-06  1.293D-05  2.199D-05   250.42       6.92       5.87    1.680D-06  4.105D-07  1.641D-07
**(rmsgt)**  27  2.344D-06  1.843D-05  1.642D-05  2.084D-05   227.80       3.47       5.24    1.792D-06  7.194D-07  2.008D-07
**(rmsgt)**  26  1.686D-06  1.501D-05  1.513D-05  1.736D-05   221.28       2.75       5.14    1.820D-06  8.019D-07  2.207D-07
**(rmsgt)**  25  1.449D-06  1.249D-05  1.359D-05  1.474D-05   216.79       3.55       5.07    2.004D-06  9.624D-07  2.814D-07
**(rmsgt)**  24  1.368D-06  1.145D-05  1.315D-05  1.360D-05   213.40       4.38       4.70    2.294D-06  1.200D-06  3.327D-07
**(rmsgt)**  23  1.449D-06  1.068D-05  1.096D-05  1.351D-05   209.87       5.77       4.47    2.724D-06  1.374D-06  4.273D-07
**(rmsgt)**  22  1.353D-06  1.040D-05  8.834D-06  1.491D-05   206.21       8.02       4.43    3.153D-06  1.283D-06  5.312D-07
**(rmsgt)**  21  1.282D-06  1.176D-05  8.093D-06  1.797D-05   204.64       9.48       4.08    3.630D-06  1.258D-06  1.007D-06
**(rmsgt)**  20  1.483D-06  1.231D-05  8.990D-06  2.318D-05   207.77       7.63       3.77    6.160D-06  1.906D-06  2.611D-06
**(rmsgt)**  19  1.968D-06  1.215D-05  1.098D-05  2.981D-05   213.16       4.40       3.91    1.536D-05  5.993D-06  7.631D-06
**(rmsgt)**  18  2.192D-06  1.151D-05  1.165D-05  3.752D-05   219.23       4.35       3.89    4.037D-05  2.211D-05  2.325D-05
**(rmsgt)**  17  1.530D-06  1.074D-05  1.128D-05  4.184D-05   226.42       7.32       3.32    9.754D-05  6.169D-05  6.884D-05
**(rmsgt)**  16  1.289D-06  9.629D-06  1.018D-05  4.123D-05   234.87       9.41       3.56    1.992D-04  1.278D-04  1.687D-04
**(rmsgt)**  15  1.168D-06  8.617D-06  8.708D-06  3.751D-05   243.40      10.28       3.93    3.739D-04  2.293D-04  3.360D-04
**(rmsgt)**  14  9.687D-07  7.893D-06  7.380D-06  3.301D-05   251.30      10.67       4.38    6.534D-04  3.999D-04  5.710D-04
**(rmsgt)**  13  7.245D-07  7.215D-06  6.078D-06  2.874D-05   258.18      10.76       4.42    1.067D-03  6.904D-04  8.841D-04
**(rmsgt)**  12  8.160D-07  6.719D-06  5.281D-06  2.557D-05   264.10      10.87       4.67    1.597D-03  1.039D-03  1.232D-03
**(rmsgt)**  11  8.380D-07  6.892D-06  4.929D-06  2.367D-05   268.95      10.87       4.63    2.261D-03  1.443D-03  1.548D-03
**(rmsgt)**  10  7.926D-07  6.983D-06  4.739D-06  2.220D-05   273.05      11.08       4.76    3.091D-03  1.932D-03  1.790D-03
**(rmsgt)**   9  8.980D-07  6.974D-06  4.604D-06  2.136D-05   276.41      11.11       4.70    4.104D-03  2.434D-03  1.949D-03
**(rmsgt)**   8  8.864D-07  7.163D-06  4.592D-06  2.100D-05   279.20      11.37       4.80    5.149D-03  2.873D-03  2.016D-03
**(rmsgt)**   7  9.360D-07  7.724D-06  4.741D-06  2.109D-05   281.51      11.65       4.70    6.174D-03  3.238D-03  2.048D-03
**(rmsgt)**   6  1.129D-06  8.833D-06  4.981D-06  2.195D-05   283.49      11.98       4.68    7.152D-03  3.616D-03  2.114D-03
**(rmsgt)**   5  1.472D-06  1.038D-05  5.191D-06  2.323D-05   285.29      12.42       4.47    7.954D-03  3.943D-03  2.241D-03
**(rmsgt)**   4  1.822D-06  1.192D-05  5.146D-06  2.433D-05   286.93      12.86       4.44    8.718D-03  4.353D-03  2.386D-03
**(rmsgt)**   3  2.057D-06  1.322D-05  4.968D-06  2.414D-05   288.28      13.42       4.51    9.339D-03  4.713D-03  2.490D-03
**(rmsgt)**   2  2.281D-06  1.404D-05  4.391D-06  2.116D-05   289.54      13.85       4.60    9.745D-03  4.894D-03  2.582D-03
**(rmsgt)**   1  2.188D-06  1.360D-05  3.348D-06  1.583D-05   290.12      14.19       4.93    1.013D-02  5.079D-03  2.701D-03
**(rmsgt)** AVE  1.313D-06  9.530D-06  7.941D-06  2.805D-05   252.16      10.07       4.38    2.438D-03  2.013D-03  1.354
**(rmsgt)** Log(surface pressure) mean and variance:
**(rmsgt)**  G.M.LNP.= 4.59    ; Z.S.LNP.=0.435D-01; Z.A.LNP.=0.661D-01
**(wridia)** file also contains diagnostics at 18Z of 10/10/2011:
**(globme)**TOTAL PRECIPITATION                      Std.Dev.=   3.3867237; Glob.Mean=   8.8723088    ; in units of Kg M**-2 Day
**-1
**(globme)**CONVECTIVE PRECIPITATION                 Std.Dev.=   2.8690738; Glob.Mean=   8.6293532    ; in units of Kg M**-2 Day
**-1
**(globme)**SENSIBLE HEAT FLUX FROM SURFACE          Std.Dev.=   20.533547; Glob.Mean=   71.439590    ; in units of W M**-2
**(globme)**LATENT HEAT FLUX FROM SURFACE            Std.Dev.=   113.80803; Glob.Mean=   123.07904    ; in units of W M**-2
**(globme)**OUTGOING LONG WAVE AT TOP                Std.Dev.=   245.99404; Glob.Mean=   49.116828    ; in units of W M**-2
**(globme)**SHORT WAVE ABSORBED AT GROUND            Std.Dev.=   175.91262; Glob.Mean=   243.57896    ; in units of W M**-2
**(globme)**NET LONG WAVE AT BOTTOM                  Std.Dev.=   54.698863; Glob.Mean=   41.928721    ; in units of W M**-2
**(Model)** timestep 37 at simulation time 0 days and 21600.0 seconds
**(Model)** timestep 38 at simulation time 0 days and 22200.0 seconds
**(Model)** timestep 39 at simulation time 0 days and 22800.0 seconds
**(Model)** timestep 40 at simulation time 0 days and 23400.0 seconds
**(Model)** timestep 41 at simulation time 0 days and 24000.0 seconds
**(Model)** timestep 42 at simulation time 0 days and 24600.0 seconds
**(Model)** timestep 43 at simulation time 0 days and 25200.0 seconds
**(Model)** timestep 44 at simulation time 0 days and 25800.0 seconds
**(Model)** timestep 45 at simulation time 0 days and 26400.0 seconds
**(Model)** timestep 46 at simulation time 0 days and 27000.0 seconds
**(Model)** timestep 47 at simulation time 0 days and 27600.0 seconds
**(Model)** timestep 48 at simulation time 0 days and 28200.0 seconds
**(Model)** timestep 49 at simulation time 0 days and 28800.0 seconds
**(Model)** timestep 50 at simulation time 0 days and 29400.0 seconds
**(Model)** timestep 51 at simulation time 0 days and 30000.0 seconds
**(Model)** timestep 52 at simulation time 0 days and 30600.0 seconds
**(Model)** timestep 53 at simulation time 0 days and 31200.0 seconds
**(Model)** timestep 54 at simulation time 0 days and 31800.0 seconds
**(opnfct)** writes file GFCT06R20111010122011101021F.fct.T126L28 at simulation time
**(opnfct)** 0 days and 32400.0 seconds; contains state of the atmosphere at 21Z of 10/10/2011
**(rmsgt)** State of the atmosphere at 21Z of 10/10/2011:
**(rmsgt)** Layers and average means and variances:
**(rmsgt)** LYR  Z.S. DIV.  Z.A. DIV.  Z.S. VOR.  Z.A. VOR.  G.M. TEM.  Z.S. TEM.  Z.A. TEM.  G.M. S.H.  Z.S. S.H.  Z.A. S.H.
**(rmsgt)**  28  8.638D-07  6.182D-06  1.296D-05  2.176D-05   250.42       6.92       5.88    1.681D-06  4.101D-07  1.633D-07
**(rmsgt)**  27  2.031D-06  1.783D-05  1.627D-05  2.136D-05   227.69       3.48       5.53    1.793D-06  7.191D-07  2.017D-07
**(rmsgt)**  26  1.557D-06  1.454D-05  1.506D-05  1.768D-05   221.29       2.76       5.23    1.823D-06  8.004D-07  2.186D-07
**(rmsgt)**  25  1.382D-06  1.251D-05  1.348D-05  1.484D-05   216.79       3.61       5.02    2.005D-06  9.616D-07  2.790D-07
**(rmsgt)**  24  1.285D-06  1.089D-05  1.309D-05  1.360D-05   213.43       4.41       4.67    2.295D-06  1.200D-06  3.319D-07
**(rmsgt)**  23  1.223D-06  9.911D-06  1.104D-05  1.331D-05   209.90       5.79       4.41    2.724D-06  1.372D-06  4.297D-07
**(rmsgt)**  22  1.081D-06  9.898D-06  8.910D-06  1.477D-05   206.20       8.06       4.41    3.154D-06  1.279D-06  5.464D-07
**(rmsgt)**  21  1.245D-06  1.108D-05  8.075D-06  1.821D-05   204.68       9.46       4.09    3.680D-06  1.292D-06  1.118D-06
**(rmsgt)**  20  1.411D-06  1.184D-05  8.907D-06  2.303D-05   207.80       7.58       3.78    6.287D-06  1.980D-06  2.968D-06
**(rmsgt)**  19  1.975D-06  1.157D-05  1.094D-05  2.921D-05   213.16       4.36       3.93    1.557D-05  5.976D-06  8.370D-06
**(rmsgt)**  18  1.837D-06  1.090D-05  1.159D-05  3.627D-05   219.23       4.34       3.87    4.082D-05  2.195D-05  2.434D-05
**(rmsgt)**  17  1.281D-06  1.022D-05  1.120D-05  4.002D-05   226.40       7.32       3.29    9.897D-05  6.172D-05  6.864D-05
**(rmsgt)**  16  1.251D-06  9.270D-06  9.981D-06  3.959D-05   234.85       9.41       3.52    2.014D-04  1.263D-04  1.657D-04
**(rmsgt)**  15  9.762D-07  8.320D-06  8.522D-06  3.611D-05   243.36      10.26       3.91    3.754D-04  2.240D-04  3.263D-04
**(rmsgt)**  14  8.878D-07  7.561D-06  7.243D-06  3.159D-05   251.27      10.67       4.35    6.533D-04  3.901D-04  5.522D-04
**(rmsgt)**  13  7.623D-07  6.905D-06  6.004D-06  2.758D-05   258.16      10.77       4.42    1.067D-03  6.798D-04  8.599D-04
**(rmsgt)**  12  7.536D-07  6.560D-06  5.207D-06  2.459D-05   264.09      10.89       4.67    1.598D-03  1.030D-03  1.208D-03
**(rmsgt)**  11  7.668D-07  6.351D-06  4.757D-06  2.273D-05   268.90      10.86       4.64    2.253D-03  1.427D-03  1.532D-03
**(rmsgt)**  10  7.425D-07  6.467D-06  4.508D-06  2.128D-05   272.96      11.08       4.77    3.066D-03  1.913D-03  1.776D-03
**(rmsgt)**   9  7.221D-07  6.337D-06  4.430D-06  2.039D-05   276.34      11.10       4.72    4.086D-03  2.416D-03  1.933D-03
**(rmsgt)**   8  7.359D-07  6.854D-06  4.491D-06  2.004D-05   279.12      11.35       4.79    5.143D-03  2.862D-03  2.005D-03
**(rmsgt)**   7  8.137D-07  7.436D-06  4.711D-06  2.022D-05   281.48      11.70       4.64    6.148D-03  3.219D-03  2.052D-03
**(rmsgt)**   6  1.097D-06  8.576D-06  5.027D-06  2.109D-05   283.53      12.04       4.61    7.136D-03  3.584D-03  2.125D-03
**(rmsgt)**   5  1.464D-06  1.012D-05  5.240D-06  2.237D-05   285.30      12.49       4.45    7.975D-03  3.934D-03  2.265D-03
**(rmsgt)**   4  1.821D-06  1.193D-05  5.202D-06  2.353D-05   286.94      12.90       4.41    8.752D-03  4.361D-03  2.419D-03
**(rmsgt)**   3  2.050D-06  1.318D-05  5.022D-06  2.349D-05   288.28      13.37       4.49    9.432D-03  4.780D-03  2.530D-03
**(rmsgt)**   2  2.299D-06  1.376D-05  4.417D-06  2.067D-05   289.49      13.75       4.59    9.901D-03  5.013D-03  2.610D-03
**(rmsgt)**   1  2.222D-06  1.348D-05  3.344D-06  1.542D-05   289.86      14.01       5.04    1.033D-02  5.241D-03  2.733D-03
**(rmsgt)** AVE  1.215D-06  9.146D-06  7.860D-06  2.703D-05   252.13      10.07       4.37    2.441D-03  2.017D-03  1.353
**(rmsgt)** Log(surface pressure) mean and variance:
**(rmsgt)**  G.M.LNP.= 4.59    ; Z.S.LNP.=0.436D-01; Z.A.LNP.=0.662D-01
**(wridia)** file also contains diagnostics at 21Z of 10/10/2011:
**(globme)**TOTAL PRECIPITATION                      Std.Dev.=   3.3443003; Glob.Mean=   9.0224067    ; in units of Kg M**-2 Day
**-1
**(globme)**CONVECTIVE PRECIPITATION                 Std.Dev.=   2.7407411; Glob.Mean=   8.7350045    ; in units of Kg M**-2 Day
**-1
**(globme)**SENSIBLE HEAT FLUX FROM SURFACE          Std.Dev.=   13.745362; Glob.Mean=   58.086351    ; in units of W M**-2
**(globme)**LATENT HEAT FLUX FROM SURFACE            Std.Dev.=   103.30023; Glob.Mean=   113.23579    ; in units of W M**-2
**(globme)**OUTGOING LONG WAVE AT TOP                Std.Dev.=   244.94300; Glob.Mean=   48.361038    ; in units of W M**-2
**(globme)**SHORT WAVE ABSORBED AT GROUND            Std.Dev.=   178.43395; Glob.Mean=   255.06454    ; in units of W M**-2
**(globme)**NET LONG WAVE AT BOTTOM                  Std.Dev.=   52.477297; Glob.Mean=   37.032943    ; in units of W M**-2
**(Model)** timestep 55 at simulation time 0 days and 32400.0 seconds
**(Model)** timestep 56 at simulation time 0 days and 33000.0 seconds
**(Model)** timestep 57 at simulation time 0 days and 33600.0 seconds
**(Model)** timestep 58 at simulation time 0 days and 34200.0 seconds
**(Model)** timestep 59 at simulation time 0 days and 34800.0 seconds
**(Model)** timestep 60 at simulation time 0 days and 35400.0 seconds
**(Model)** timestep 61 at simulation time 0 days and 36000.0 seconds
**(Model)** timestep 62 at simulation time 0 days and 36600.0 seconds
**(Model)** timestep 63 at simulation time 0 days and 37200.0 seconds
**(Model)** timestep 64 at simulation time 0 days and 37800.0 seconds
**(Model)** timestep 65 at simulation time 0 days and 38400.0 seconds
**(Model)** timestep 66 at simulation time 0 days and 39000.0 seconds
**(Model)** timestep 67 at simulation time 0 days and 39600.0 seconds
**(Model)** timestep 68 at simulation time 0 days and 40200.0 seconds
**(Model)** timestep 69 at simulation time 0 days and 40800.0 seconds
**(Model)** timestep 70 at simulation time 0 days and 41400.0 seconds
**(Model)** timestep 71 at simulation time 0 days and 42000.0 seconds
**(Model)** timestep 72 at simulation time 0 days and 42600.0 seconds
**(opnfct)** writes file GFCT06R20111010122011101100F.fct.T126L28 at simulation time
**(opnfct)** 0 days and 43200.0 seconds; contains state of the atmosphere at 00Z of 11/10/2011
**(rmsgt)** State of the atmosphere at 00Z of 11/10/2011:
**(rmsgt)** Layers and average means and variances:
**(rmsgt)** LYR  Z.S. DIV.  Z.A. DIV.  Z.S. VOR.  Z.A. VOR.  G.M. TEM.  Z.S. TEM.  Z.A. TEM.  G.M. S.H.  Z.S. S.H.  Z.A. S.H.
**(rmsgt)**  28  9.182D-07  5.692D-06  1.265D-05  2.184D-05   250.42       6.89       5.83    1.682D-06  4.101D-07  1.631D-07
**(rmsgt)**  27  1.993D-06  1.793D-05  1.639D-05  2.183D-05   227.58       3.44       5.81    1.795D-06  7.187D-07  2.005D-07
**(rmsgt)**  26  1.761D-06  1.403D-05  1.513D-05  1.817D-05   221.28       2.66       5.34    1.825D-06  7.990D-07  2.167D-07
**(rmsgt)**  25  1.776D-06  1.214D-05  1.347D-05  1.531D-05   216.80       3.52       5.02    2.007D-06  9.602D-07  2.787D-07
**(rmsgt)**  24  1.277D-06  1.076D-05  1.302D-05  1.358D-05   213.48       4.32       4.66    2.295D-06  1.200D-06  3.346D-07
**(rmsgt)**  23  1.399D-06  1.035D-05  1.101D-05  1.306D-05   209.94       5.74       4.37    2.723D-06  1.371D-06  4.345D-07
**(rmsgt)**  22  1.196D-06  9.705D-06  8.992D-06  1.442D-05   206.21       8.04       4.34    3.154D-06  1.273D-06  5.658D-07
**(rmsgt)**  21  1.276D-06  1.060D-05  8.194D-06  1.818D-05   204.70       9.42       4.07    3.722D-06  1.320D-06  1.261D-06
**(rmsgt)**  20  1.476D-06  1.200D-05  9.010D-06  2.295D-05   207.81       7.52       3.77    6.427D-06  2.075D-06  3.342D-06
**(rmsgt)**  19  1.614D-06  1.140D-05  1.094D-05  2.892D-05   213.16       4.29       3.91    1.595D-05  6.155D-06  9.236D-06
**(rmsgt)**  18  1.553D-06  1.070D-05  1.158D-05  3.561D-05   219.22       4.32       3.84    4.178D-05  2.234D-05  2.641D-05
**(rmsgt)**  17  1.185D-06  9.910D-06  1.111D-05  3.897D-05   226.38       7.31       3.26    1.012D-04  6.264D-05  7.154D-05
**(rmsgt)**  16  1.297D-06  9.003D-06  9.914D-06  3.848D-05   234.83       9.40       3.47    2.048D-04  1.256D-04  1.685D-04
**(rmsgt)**  15  1.009D-06  7.906D-06  8.433D-06  3.515D-05   243.32      10.26       3.87    3.796D-04  2.199D-04  3.286D-04
**(rmsgt)**  14  8.320D-07  7.303D-06  7.177D-06  3.063D-05   251.23      10.67       4.32    6.580D-04  3.831D-04  5.520D-04
**(rmsgt)**  13  7.992D-07  6.799D-06  5.951D-06  2.667D-05   258.13      10.78       4.42    1.072D-03  6.698D-04  8.556D-04
**(rmsgt)**  12  8.204D-07  6.562D-06  5.140D-06  2.386D-05   264.08      10.90       4.66    1.600D-03  1.017D-03  1.204D-03
**(rmsgt)**  11  8.245D-07  6.265D-06  4.686D-06  2.204D-05   268.84      10.85       4.63    2.241D-03  1.407D-03  1.534D-03
**(rmsgt)**  10  7.678D-07  6.446D-06  4.424D-06  2.066D-05   272.86      11.06       4.77    3.041D-03  1.892D-03  1.777D-03
**(rmsgt)**   9  6.662D-07  6.558D-06  4.341D-06  1.972D-05   276.26      11.08       4.72    4.070D-03  2.402D-03  1.935D-03
**(rmsgt)**   8  6.051D-07  6.972D-06  4.409D-06  1.958D-05   279.06      11.34       4.77    5.131D-03  2.852D-03  2.009D-03
**(rmsgt)**   7  7.195D-07  7.470D-06  4.646D-06  2.001D-05   281.44      11.73       4.60    6.121D-03  3.201D-03  2.064D-03
**(rmsgt)**   6  1.032D-06  8.237D-06  4.983D-06  2.100D-05   283.52      12.07       4.57    7.110D-03  3.567D-03  2.145D-03
**(rmsgt)**   5  1.412D-06  9.436D-06  5.235D-06  2.228D-05   285.28      12.48       4.44    7.978D-03  3.935D-03  2.290D-03
**(rmsgt)**   4  1.754D-06  1.092D-05  5.315D-06  2.343D-05   286.89      12.86       4.41    8.760D-03  4.363D-03  2.451D-03
**(rmsgt)**   3  2.037D-06  1.202D-05  5.164D-06  2.332D-05   288.16      13.29       4.50    9.493D-03  4.829D-03  2.556D-03
**(rmsgt)**   2  2.290D-06  1.246D-05  4.481D-06  2.035D-05   289.35      13.64       4.61    1.001D-02  5.112D-03  2.619D-03
**(rmsgt)**   1  2.180D-06  1.221D-05  3.314D-06  1.494D-05   289.63      13.87       5.13    1.049D-02  5.357D-03  2.754D-03
**(rmsgt)** AVE  1.183D-06  8.896D-06  7.830D-06  2.642D-05   252.10      10.05       4.36    2.441D-03  2.020D-03  1.360
**(rmsgt)** Log(surface pressure) mean and variance:
**(rmsgt)**  G.M.LNP.= 4.59    ; Z.S.LNP.=0.437D-01; Z.A.LNP.=0.661D-01
**(wridia)** file also contains diagnostics at 00Z of 11/10/2011:
**(globme)**TOTAL PRECIPITATION                      Std.Dev.=   3.2393407; Glob.Mean=   8.5832125    ; in units of Kg M**-2 Day
**-1
**(globme)**CONVECTIVE PRECIPITATION                 Std.Dev.=   2.5284844; Glob.Mean=   8.1073656    ; in units of Kg M**-2 Day
**-1
**(globme)**SENSIBLE HEAT FLUX FROM SURFACE          Std.Dev.=   6.6138839; Glob.Mean=   35.296449    ; in units of W M**-2
**(globme)**LATENT HEAT FLUX FROM SURFACE            Std.Dev.=   93.487750; Glob.Mean=   104.74186    ; in units of W M**-2
**(globme)**OUTGOING LONG WAVE AT TOP                Std.Dev.=   244.56443; Glob.Mean=   47.998714    ; in units of W M**-2
**(globme)**SHORT WAVE ABSORBED AT GROUND            Std.Dev.=   181.97093; Glob.Mean=   262.16701    ; in units of W M**-2
**(globme)**NET LONG WAVE AT BOTTOM                  Std.Dev.=   51.079700; Glob.Mean=   34.120942    ; in units of W M**-2
**(Model)** timestep 73 at simulation time 0 days and 43200.0 seconds
**(Model)** timestep 74 at simulation time 0 days and 43800.0 seconds
**(Model)** timestep 75 at simulation time 0 days and 44400.0 seconds
**(Model)** timestep 76 at simulation time 0 days and 45000.0 seconds
**(Model)** timestep 77 at simulation time 0 days and 45600.0 seconds
**(Model)** timestep 78 at simulation time 0 days and 46200.0 seconds
**(Model)** timestep 79 at simulation time 0 days and 46800.0 seconds
**(Model)** timestep 80 at simulation time 0 days and 47400.0 seconds
**(Model)** timestep 81 at simulation time 0 days and 48000.0 seconds
**(Model)** timestep 82 at simulation time 0 days and 48600.0 seconds
**(Model)** timestep 83 at simulation time 0 days and 49200.0 seconds
**(Model)** timestep 84 at simulation time 0 days and 49800.0 seconds
**(Model)** timestep 85 at simulation time 0 days and 50400.0 seconds
**(Model)** timestep 86 at simulation time 0 days and 51000.0 seconds
**(Model)** timestep 87 at simulation time 0 days and 51600.0 seconds
**(Model)** timestep 88 at simulation time 0 days and 52200.0 seconds
**(Model)** timestep 89 at simulation time 0 days and 52800.0 seconds
**(Model)** timestep 90 at simulation time 0 days and 53400.0 seconds
**(opnfct)** writes file GFCT06R20111010122011101103F.fct.T126L28 at simulation time
**(opnfct)** 0 days and 54000.0 seconds; contains state of the atmosphere at 03Z of 11/10/2011
**(rmsgt)** State of the atmosphere at 03Z of 11/10/2011:
**(rmsgt)** Layers and average means and variances:
**(rmsgt)** LYR  Z.S. DIV.  Z.A. DIV.  Z.S. VOR.  Z.A. VOR.  G.M. TEM.  Z.S. TEM.  Z.A. TEM.  G.M. S.H.  Z.S. S.H.  Z.A. S.H.
**(rmsgt)**  28  8.390D-07  5.294D-06  1.257D-05  2.192D-05   250.42       6.85       5.78    1.682D-06  4.095D-07  1.642D-07
**(rmsgt)**  27  1.997D-06  1.696D-05  1.634D-05  2.190D-05   227.48       3.45       6.05    1.795D-06  7.187D-07  1.990D-07
**(rmsgt)**  26  1.823D-06  1.381D-05  1.513D-05  1.811D-05   221.24       2.55       5.54    1.824D-06  7.981D-07  2.166D-07
**(rmsgt)**  25  1.558D-06  1.232D-05  1.342D-05  1.573D-05   216.81       3.41       5.17    2.008D-06  9.583D-07  2.780D-07
**(rmsgt)**  24  1.222D-06  1.051D-05  1.287D-05  1.390D-05   213.53       4.22       4.78    2.296D-06  1.198D-06  3.342D-07
**(rmsgt)**  23  1.264D-06  9.719D-06  1.079D-05  1.347D-05   209.99       5.67       4.44    2.723D-06  1.369D-06  4.393D-07
**(rmsgt)**  22  1.008D-06  9.351D-06  8.854D-06  1.453D-05   206.22       8.00       4.35    3.159D-06  1.270D-06  5.915D-07
**(rmsgt)**  21  1.394D-06  1.065D-05  8.173D-06  1.815D-05   204.72       9.38       4.06    3.772D-06  1.355D-06  1.422D-06
**(rmsgt)**  20  1.449D-06  1.198D-05  9.128D-06  2.297D-05   207.82       7.48       3.73    6.575D-06  2.194D-06  3.631D-06
**(rmsgt)**  19  1.588D-06  1.131D-05  1.099D-05  2.882D-05   213.18       4.27       3.85    1.629D-05  6.406D-06  1.006D-05
**(rmsgt)**  18  1.539D-06  1.070D-05  1.159D-05  3.498D-05   219.22       4.31       3.79    4.265D-05  2.283D-05  2.826D-05
**(rmsgt)**  17  1.203D-06  9.315D-06  1.123D-05  3.820D-05   226.37       7.30       3.24    1.031D-04  6.349D-05  7.478D-05
**(rmsgt)**  16  1.035D-06  8.441D-06  1.006D-05  3.762D-05   234.82       9.41       3.45    2.074D-04  1.247D-04  1.725D-04
**(rmsgt)**  15  8.880D-07  7.553D-06  8.505D-06  3.432D-05   243.28      10.28       3.86    3.828D-04  2.166D-04  3.312D-04
**(rmsgt)**  14  7.328D-07  6.989D-06  7.103D-06  2.996D-05   251.19      10.68       4.30    6.619D-04  3.767D-04  5.541D-04
**(rmsgt)**  13  7.696D-07  6.606D-06  5.887D-06  2.612D-05   258.10      10.81       4.42    1.074D-03  6.576D-04  8.548D-04
**(rmsgt)**  12  7.662D-07  6.587D-06  5.097D-06  2.338D-05   264.07      10.93       4.65    1.597D-03  1.001D-03  1.203D-03
**(rmsgt)**  11  6.842D-07  6.414D-06  4.672D-06  2.156D-05   268.79      10.84       4.62    2.225D-03  1.384D-03  1.534D-03
**(rmsgt)**  10  6.551D-07  6.478D-06  4.408D-06  2.026D-05   272.77      11.03       4.76    3.015D-03  1.870D-03  1.778D-03
**(rmsgt)**   9  6.373D-07  6.411D-06  4.309D-06  1.940D-05   276.17      11.07       4.70    4.053D-03  2.388D-03  1.935D-03
**(rmsgt)**   8  6.778D-07  6.701D-06  4.431D-06  1.934D-05   278.98      11.33       4.74    5.115D-03  2.842D-03  2.009D-03
**(rmsgt)**   7  8.875D-07  7.335D-06  4.705D-06  1.987D-05   281.38      11.73       4.58    6.101D-03  3.188D-03  2.068D-03
**(rmsgt)**   6  1.164D-06  8.171D-06  5.090D-06  2.093D-05   283.48      12.07       4.55    7.105D-03  3.561D-03  2.160D-03
**(rmsgt)**   5  1.502D-06  9.288D-06  5.352D-06  2.230D-05   285.25      12.46       4.44    7.993D-03  3.947D-03  2.313D-03
**(rmsgt)**   4  1.841D-06  1.061D-05  5.453D-06  2.331D-05   286.88      12.83       4.42    8.791D-03  4.379D-03  2.462D-03
**(rmsgt)**   3  2.070D-06  1.158D-05  5.297D-06  2.303D-05   288.13      13.23       4.47    9.560D-03  4.886D-03  2.578D-03
**(rmsgt)**   2  2.302D-06  1.198D-05  4.572D-06  2.005D-05   289.33      13.57       4.56    1.009D-02  5.181D-03  2.637D-03
**(rmsgt)**   1  2.175D-06  1.183D-05  3.380D-06  1.473D-05   289.63      13.82       5.07    1.056D-02  5.414D-03  2.759D-03
**(rmsgt)** AVE  1.153D-06  8.686D-06  7.846D-06  2.599D-05   252.07      10.05       4.35    2.441D-03  2.022D-03  1.364
**(rmsgt)** Log(surface pressure) mean and variance:
**(rmsgt)**  G.M.LNP.= 4.59    ; Z.S.LNP.=0.438D-01; Z.A.LNP.=0.660D-01
**(wridia)** file also contains diagnostics at 03Z of 11/10/2011:
**(globme)**TOTAL PRECIPITATION                      Std.Dev.=   3.2043203; Glob.Mean=   8.8069270    ; in units of Kg M**-2 Day
**-1
**(globme)**CONVECTIVE PRECIPITATION                 Std.Dev.=   2.4139454; Glob.Mean=   8.2698821    ; in units of Kg M**-2 Day
**-1
**(globme)**SENSIBLE HEAT FLUX FROM SURFACE          Std.Dev.=   11.144876; Glob.Mean=   54.902551    ; in units of W M**-2
**(globme)**LATENT HEAT FLUX FROM SURFACE            Std.Dev.=   92.065789; Glob.Mean=   104.20724    ; in units of W M**-2
**(globme)**OUTGOING LONG WAVE AT TOP                Std.Dev.=   244.14243; Glob.Mean=   47.901943    ; in units of W M**-2
**(globme)**SHORT WAVE ABSORBED AT GROUND            Std.Dev.=   180.15075; Glob.Mean=   259.12073    ; in units of W M**-2
**(globme)**NET LONG WAVE AT BOTTOM                  Std.Dev.=   49.994884; Glob.Mean=   32.542538    ; in units of W M**-2
**(Model)** timestep 91 at simulation time 0 days and 54000.0 seconds
**(Model)** timestep 92 at simulation time 0 days and 54600.0 seconds
**(Model)** timestep 93 at simulation time 0 days and 55200.0 seconds
**(Model)** timestep 94 at simulation time 0 days and 55800.0 seconds
**(Model)** timestep 95 at simulation time 0 days and 56400.0 seconds
**(Model)** timestep 96 at simulation time 0 days and 57000.0 seconds
**(Model)** timestep 97 at simulation time 0 days and 57600.0 seconds
**(Model)** timestep 98 at simulation time 0 days and 58200.0 seconds
**(Model)** timestep 99 at simulation time 0 days and 58800.0 seconds
**(Model)** timestep 100 at simulation time 0 days and 59400.0 seconds
**(Model)** timestep 101 at simulation time 0 days and 60000.0 seconds
**(Model)** timestep 102 at simulation time 0 days and 60600.0 seconds
**(Model)** timestep 103 at simulation time 0 days and 61200.0 seconds
**(Model)** timestep 104 at simulation time 0 days and 61800.0 seconds
**(Model)** timestep 105 at simulation time 0 days and 62400.0 seconds
**(Model)** timestep 106 at simulation time 0 days and 63000.0 seconds
**(Model)** timestep 107 at simulation time 0 days and 63600.0 seconds
**(Model)** timestep 108 at simulation time 0 days and 64200.0 seconds
**(opnfct)** writes file GFCT06R20111010122011101106F.fct.T126L28 at simulation time
**(opnfct)** 0 days and 64800.0 seconds; contains state of the atmosphere at 06Z of 11/10/2011
**(rmsgt)** State of the atmosphere at 06Z of 11/10/2011:
**(rmsgt)** Layers and average means and variances:
**(rmsgt)** LYR  Z.S. DIV.  Z.A. DIV.  Z.S. VOR.  Z.A. VOR.  G.M. TEM.  Z.S. TEM.  Z.A. TEM.  G.M. S.H.  Z.S. S.H.  Z.A. S.H.
**(rmsgt)**  28  7.555D-07  5.151D-06  1.249D-05  2.209D-05   250.43       6.78       5.68    1.683D-06  4.087D-07  1.653D-07
**(rmsgt)**  27  1.586D-06  1.622D-05  1.627D-05  2.199D-05   227.37       3.51       6.36    1.795D-06  7.184D-07  1.998D-07
**(rmsgt)**  26  1.756D-06  1.335D-05  1.504D-05  1.837D-05   221.22       2.45       5.80    1.823D-06  7.968D-07  2.150D-07
**(rmsgt)**  25  1.455D-06  1.226D-05  1.338D-05  1.569D-05   216.83       3.31       5.29    2.007D-06  9.573D-07  2.790D-07
**(rmsgt)**  24  1.261D-06  1.035D-05  1.287D-05  1.404D-05   213.57       4.14       4.88    2.299D-06  1.197D-06  3.349D-07
**(rmsgt)**  23  9.915D-07  9.428D-06  1.067D-05  1.348D-05   210.03       5.61       4.49    2.727D-06  1.368D-06  4.414D-07
**(rmsgt)**  22  1.065D-06  9.070D-06  8.731D-06  1.447D-05   206.23       7.98       4.39    3.165D-06  1.266D-06  6.292D-07
**(rmsgt)**  21  1.478D-06  1.060D-05  8.177D-06  1.807D-05   204.71       9.37       4.09    3.818D-06  1.382D-06  1.527D-06
**(rmsgt)**  20  1.717D-06  1.134D-05  9.193D-06  2.305D-05   207.82       7.45       3.74    6.704D-06  2.301D-06  3.850D-06
**(rmsgt)**  19  1.786D-06  1.118D-05  1.108D-05  2.879D-05   213.20       4.25       3.83    1.654D-05  6.574D-06  1.056D-05
**(rmsgt)**  18  1.522D-06  1.042D-05  1.166D-05  3.440D-05   219.22       4.30       3.76    4.316D-05  2.299D-05  2.911D-05
**(rmsgt)**  17  1.096D-06  8.897D-06  1.139D-05  3.747D-05   226.36       7.30       3.21    1.035D-04  6.309D-05  7.524D-05
**(rmsgt)**  16  9.469D-07  8.134D-06  1.019D-05  3.684D-05   234.80       9.42       3.41    2.073D-04  1.229D-04  1.706D-04
**(rmsgt)**  15  8.625D-07  7.354D-06  8.536D-06  3.363D-05   243.24      10.29       3.82    3.831D-04  2.126D-04  3.264D-04
**(rmsgt)**  14  6.448D-07  6.670D-06  7.071D-06  2.950D-05   251.15      10.70       4.28    6.627D-04  3.685D-04  5.480D-04
**(rmsgt)**  13  6.203D-07  6.363D-06  5.903D-06  2.575D-05   258.07      10.84       4.41    1.073D-03  6.436D-04  8.441D-04
**(rmsgt)**  12  6.673D-07  6.527D-06  5.163D-06  2.302D-05   264.06      10.96       4.63    1.593D-03  9.834D-04  1.189D-03
**(rmsgt)**  11  6.683D-07  6.554D-06  4.725D-06  2.121D-05   268.73      10.83       4.60    2.213D-03  1.362D-03  1.520D-03
**(rmsgt)**  10  7.581D-07  6.687D-06  4.464D-06  1.995D-05   272.68      11.01       4.74    2.995D-03  1.851D-03  1.769D-03
**(rmsgt)**   9  6.802D-07  6.567D-06  4.350D-06  1.921D-05   276.08      11.06       4.69    4.039D-03  2.376D-03  1.927D-03
**(rmsgt)**   8  6.290D-07  6.714D-06  4.470D-06  1.912D-05   278.91      11.32       4.72    5.106D-03  2.833D-03  2.002D-03
**(rmsgt)**   7  8.698D-07  7.206D-06  4.767D-06  1.964D-05   281.34      11.73       4.57    6.099D-03  3.176D-03  2.066D-03
**(rmsgt)**   6  1.170D-06  8.104D-06  5.172D-06  2.076D-05   283.47      12.08       4.55    7.110D-03  3.557D-03  2.172D-03
**(rmsgt)**   5  1.487D-06  9.283D-06  5.425D-06  2.220D-05   285.28      12.46       4.41    8.026D-03  3.967D-03  2.344D-03
**(rmsgt)**   4  1.794D-06  1.057D-05  5.528D-06  2.319D-05   286.93      12.83       4.38    8.831D-03  4.407D-03  2.486D-03
**(rmsgt)**   3  1.969D-06  1.149D-05  5.358D-06  2.280D-05   288.18      13.22       4.38    9.605D-03  4.919D-03  2.585D-03
**(rmsgt)**   2  2.204D-06  1.189D-05  4.622D-06  1.980D-05   289.41      13.55       4.45    1.014D-02  5.215D-03  2.639D-03
**(rmsgt)**   1  2.191D-06  1.189D-05  3.401D-06  1.473D-05   289.92      13.86       4.85    1.061D-02  5.434D-03  2.745D-03
**(rmsgt)** AVE  1.137D-06  8.529D-06  7.887D-06  2.563D-05   252.05      10.05       4.34    2.442D-03  2.023D-03  1.363
**(rmsgt)** Log(surface pressure) mean and variance:
**(rmsgt)**  G.M.LNP.= 4.59    ; Z.S.LNP.=0.439D-01; Z.A.LNP.=0.659D-01
**(wridia)** file also contains diagnostics at 06Z of 11/10/2011:
**(globme)**TOTAL PRECIPITATION                      Std.Dev.=   3.2630293; Glob.Mean=   9.1223386    ; in units of Kg M**-2 Day
**-1
**(globme)**CONVECTIVE PRECIPITATION                 Std.Dev.=   2.4784729; Glob.Mean=   8.6280610    ; in units of Kg M**-2 Day
**-1
**(globme)**SENSIBLE HEAT FLUX FROM SURFACE          Std.Dev.=   19.560344; Glob.Mean=   68.789107    ; in units of W M**-2
**(globme)**LATENT HEAT FLUX FROM SURFACE            Std.Dev.=   94.711207; Glob.Mean=   106.64787    ; in units of W M**-2
**(globme)**OUTGOING LONG WAVE AT TOP                Std.Dev.=   243.73262; Glob.Mean=   48.414924    ; in units of W M**-2
**(globme)**SHORT WAVE ABSORBED AT GROUND            Std.Dev.=   177.71546; Glob.Mean=   255.72318    ; in units of W M**-2
**(globme)**NET LONG WAVE AT BOTTOM                  Std.Dev.=   51.267667; Glob.Mean=   35.382104    ; in units of W M**-2
**(Model)** timestep 109 at simulation time 0 days and 64800.0 seconds
**(Model)** timestep 110 at simulation time 0 days and 65400.0 seconds
**(Model)** timestep 111 at simulation time 0 days and 66000.0 seconds
**(Model)** timestep 112 at simulation time 0 days and 66600.0 seconds
**(Model)** timestep 113 at simulation time 0 days and 67200.0 seconds
**(Model)** timestep 114 at simulation time 0 days and 67800.0 seconds
**(Model)** timestep 115 at simulation time 0 days and 68400.0 seconds
**(Model)** timestep 116 at simulation time 0 days and 69000.0 seconds
**(Model)** timestep 117 at simulation time 0 days and 69600.0 seconds
**(Model)** timestep 118 at simulation time 0 days and 70200.0 seconds
**(Model)** timestep 119 at simulation time 0 days and 70800.0 seconds
**(Model)** timestep 120 at simulation time 0 days and 71400.0 seconds
**(Model)** timestep 121 at simulation time 0 days and 72000.0 seconds
**(Model)** timestep 122 at simulation time 0 days and 72600.0 seconds
**(Model)** timestep 123 at simulation time 0 days and 73200.0 seconds
**(Model)** timestep 124 at simulation time 0 days and 73800.0 seconds
**(Model)** timestep 125 at simulation time 0 days and 74400.0 seconds
**(Model)** timestep 126 at simulation time 0 days and 75000.0 seconds
**(opnfct)** writes file GFCT06R20111010122011101109F.fct.T126L28 at simulation time
**(opnfct)** 0 days and 75600.0 seconds; contains state of the atmosphere at 09Z of 11/10/2011
**(rmsgt)** State of the atmosphere at 09Z of 11/10/2011:
**(rmsgt)** Layers and average means and variances:
**(rmsgt)** LYR  Z.S. DIV.  Z.A. DIV.  Z.S. VOR.  Z.A. VOR.  G.M. TEM.  Z.S. TEM.  Z.A. TEM.  G.M. S.H.  Z.S. S.H.  Z.A. S.H.
**(rmsgt)**  28  9.900D-07  4.889D-06  1.229D-05  2.225D-05   250.45       6.73       5.62    1.684D-06  4.075D-07  1.668D-07
**(rmsgt)**  27  2.097D-06  1.524D-05  1.590D-05  2.165D-05   227.28       3.59       6.61    1.795D-06  7.174D-07  2.010D-07
**(rmsgt)**  26  1.591D-06  1.280D-05  1.485D-05  1.839D-05   221.20       2.34       5.92    1.821D-06  7.953D-07  2.141D-07
**(rmsgt)**  25  1.444D-06  1.156D-05  1.321D-05  1.615D-05   216.84       3.20       5.35    2.009D-06  9.563D-07  2.793D-07
**(rmsgt)**  24  1.142D-06  1.014D-05  1.288D-05  1.442D-05   213.61       4.06       4.93    2.301D-06  1.196D-06  3.356D-07
**(rmsgt)**  23  9.689D-07  9.585D-06  1.072D-05  1.356D-05   210.06       5.59       4.51    2.732D-06  1.369D-06  4.433D-07
**(rmsgt)**  22  1.312D-06  8.979D-06  8.785D-06  1.441D-05   206.23       8.01       4.40    3.166D-06  1.259D-06  6.466D-07
**(rmsgt)**  21  1.399D-06  1.036D-05  8.332D-06  1.783D-05   204.72       9.39       4.12    3.846D-06  1.399D-06  1.580D-06
**(rmsgt)**  20  1.914D-06  1.108D-05  9.260D-06  2.303D-05   207.83       7.43       3.76    6.798D-06  2.355D-06  3.921D-06
**(rmsgt)**  19  2.064D-06  1.121D-05  1.119D-05  2.860D-05   213.22       4.22       3.84    1.674D-05  6.703D-06  1.088D-05
**(rmsgt)**  18  1.625D-06  1.006D-05  1.177D-05  3.391D-05   219.23       4.28       3.74    4.353D-05  2.317D-05  2.969D-05
**(rmsgt)**  17  1.081D-06  8.823D-06  1.130D-05  3.678D-05   226.34       7.28       3.20    1.038D-04  6.288D-05  7.541D-05
**(rmsgt)**  16  1.029D-06  8.085D-06  1.011D-05  3.614D-05   234.77       9.42       3.37    2.067D-04  1.211D-04  1.680D-04
**(rmsgt)**  15  8.652D-07  7.167D-06  8.452D-06  3.308D-05   243.19      10.31       3.78    3.813D-04  2.069D-04  3.181D-04
**(rmsgt)**  14  6.196D-07  6.584D-06  7.050D-06  2.910D-05   251.12      10.70       4.25    6.614D-04  3.591D-04  5.327D-04
**(rmsgt)**  13  5.260D-07  6.246D-06  5.902D-06  2.544D-05   258.05      10.86       4.39    1.070D-03  6.310D-04  8.254D-04
**(rmsgt)**  12  6.328D-07  6.364D-06  5.165D-06  2.275D-05   264.05      10.98       4.62    1.590D-03  9.697D-04  1.168D-03
**(rmsgt)**  11  7.419D-07  6.532D-06  4.733D-06  2.095D-05   268.69      10.83       4.58    2.205D-03  1.343D-03  1.502D-03
**(rmsgt)**  10  8.026D-07  6.749D-06  4.455D-06  1.970D-05   272.60      10.99       4.73    2.981D-03  1.833D-03  1.756D-03
**(rmsgt)**   9  7.688D-07  6.638D-06  4.348D-06  1.898D-05   276.01      11.05       4.68    4.033D-03  2.366D-03  1.913D-03
**(rmsgt)**   8  7.697D-07  6.796D-06  4.460D-06  1.888D-05   278.85      11.32       4.71    5.103D-03  2.826D-03  1.993D-03
**(rmsgt)**   7  9.578D-07  7.197D-06  4.772D-06  1.942D-05   281.32      11.74       4.56    6.101D-03  3.170D-03  2.066D-03
**(rmsgt)**   6  1.165D-06  8.109D-06  5.172D-06  2.064D-05   283.48      12.10       4.52    7.131D-03  3.567D-03  2.188D-03
**(rmsgt)**   5  1.409D-06  9.373D-06  5.404D-06  2.206D-05   285.32      12.49       4.34    8.066D-03  3.992D-03  2.352D-03
**(rmsgt)**   4  1.675D-06  1.072D-05  5.499D-06  2.289D-05   287.03      12.86       4.27    8.869D-03  4.432D-03  2.488D-03
**(rmsgt)**   3  1.914D-06  1.186D-05  5.268D-06  2.229D-05   288.40      13.28       4.27    9.632D-03  4.935D-03  2.587D-03
**(rmsgt)**   2  2.167D-06  1.246D-05  4.589D-06  1.952D-05   289.69      13.63       4.35    1.017D-02  5.241D-03  2.644D-03
**(rmsgt)**   1  2.185D-06  1.268D-05  3.483D-06  1.503D-05   290.41      14.08       4.66    1.063D-02  5.426D-03  2.751D-03
**(rmsgt)** AVE  1.179D-06  8.470D-06  7.874D-06  2.530D-05   252.04      10.06       4.33    2.444D-03  2.024D-03  1.358
**(rmsgt)** Log(surface pressure) mean and variance:
**(rmsgt)**  G.M.LNP.= 4.59    ; Z.S.LNP.=0.440D-01; Z.A.LNP.=0.660D-01
**(wridia)** file also contains diagnostics at 09Z of 11/10/2011:
**(globme)**TOTAL PRECIPITATION                      Std.Dev.=   3.2413715; Glob.Mean=   8.9344723    ; in units of Kg M**-2 Day
**-1
**(globme)**CONVECTIVE PRECIPITATION                 Std.Dev.=   2.4623077; Glob.Mean=   8.4568447    ; in units of Kg M**-2 Day
**-1
**(globme)**SENSIBLE HEAT FLUX FROM SURFACE          Std.Dev.=   26.527962; Glob.Mean=   68.818895    ; in units of W M**-2
**(globme)**LATENT HEAT FLUX FROM SURFACE            Std.Dev.=   96.094270; Glob.Mean=   103.14133    ; in units of W M**-2
**(globme)**OUTGOING LONG WAVE AT TOP                Std.Dev.=   243.61133; Glob.Mean=   49.603168    ; in units of W M**-2
**(globme)**SHORT WAVE ABSORBED AT GROUND            Std.Dev.=   178.72346; Glob.Mean=   254.26702    ; in units of W M**-2
**(globme)**NET LONG WAVE AT BOTTOM                  Std.Dev.=   54.400962; Glob.Mean=   40.241892    ; in units of W M**-2
**(Model)** timestep 127 at simulation time 0 days and 75600.0 seconds
**(Model)** timestep 128 at simulation time 0 days and 76200.0 seconds
**(Model)** timestep 129 at simulation time 0 days and 76800.0 seconds
**(Model)** timestep 130 at simulation time 0 days and 77400.0 seconds
**(Model)** timestep 131 at simulation time 0 days and 78000.0 seconds
**(Model)** timestep 132 at simulation time 0 days and 78600.0 seconds
**(Model)** timestep 133 at simulation time 0 days and 79200.0 seconds
**(Model)** timestep 134 at simulation time 0 days and 79800.0 seconds
**(Model)** timestep 135 at simulation time 0 days and 80400.0 seconds
**(Model)** timestep 136 at simulation time 0 days and 81000.0 seconds
**(Model)** timestep 137 at simulation time 0 days and 81600.0 seconds
**(Model)** timestep 138 at simulation time 0 days and 82200.0 seconds
**(Model)** timestep 139 at simulation time 0 days and 82800.0 seconds
**(Model)** timestep 140 at simulation time 0 days and 83400.0 seconds
**(Model)** timestep 141 at simulation time 0 days and 84000.0 seconds
**(Model)** timestep 142 at simulation time 0 days and 84600.0 seconds
**(Model)** timestep 143 at simulation time 0 days and 85200.0 seconds
**(Model)** timestep 144 at simulation time 0 days and 85800.0 seconds
**(opnfct)** writes file GFCT06R20111010122011101112F.fct.T126L28 at simulation time
**(opnfct)** 1 days and 0.0 seconds; contains state of the atmosphere at 12Z of 11/10/2011
**(rmsgt)** State of the atmosphere at 12Z of 11/10/2011:
**(rmsgt)** Layers and average means and variances:
**(rmsgt)** LYR  Z.S. DIV.  Z.A. DIV.  Z.S. VOR.  Z.A. VOR.  G.M. TEM.  Z.S. TEM.  Z.A. TEM.  G.M. S.H.  Z.S. S.H.  Z.A. S.H.
**(rmsgt)**  28  8.659D-07  4.817D-06  1.231D-05  2.251D-05   250.46       6.70       5.62    1.686D-06  4.064D-07  1.682D-07
**(rmsgt)**  27  1.888D-06  1.476D-05  1.572D-05  2.143D-05   227.20       3.66       6.88    1.794D-06  7.160D-07  2.018D-07
**(rmsgt)**  26  1.341D-06  1.285D-05  1.490D-05  1.858D-05   221.17       2.32       6.01    1.822D-06  7.941D-07  2.136D-07
**(rmsgt)**  25  1.419D-06  1.112D-05  1.315D-05  1.602D-05   216.83       3.04       5.42    2.010D-06  9.563D-07  2.784D-07
**(rmsgt)**  24  1.319D-06  9.994D-06  1.267D-05  1.452D-05   213.64       3.94       5.03    2.304D-06  1.194D-06  3.379D-07
**(rmsgt)**  23  1.194D-06  9.316D-06  1.055D-05  1.371D-05   210.08       5.58       4.58    2.736D-06  1.368D-06  4.488D-07
**(rmsgt)**  22  1.414D-06  9.199D-06  8.693D-06  1.453D-05   206.23       8.07       4.42    3.167D-06  1.255D-06  6.438D-07
**(rmsgt)**  21  1.520D-06  1.017D-05  8.399D-06  1.771D-05   204.73       9.43       4.14    3.871D-06  1.406D-06  1.586D-06
**(rmsgt)**  20  1.937D-06  1.112D-05  9.270D-06  2.277D-05   207.86       7.43       3.77    6.896D-06  2.404D-06  3.969D-06
**(rmsgt)**  19  2.108D-06  1.139D-05  1.121D-05  2.829D-05   213.25       4.20       3.83    1.698D-05  6.886D-06  1.116D-05
**(rmsgt)**  18  1.692D-06  9.939D-06  1.195D-05  3.350D-05   219.22       4.26       3.73    4.400D-05  2.351D-05  3.035D-05
**(rmsgt)**  17  1.141D-06  8.830D-06  1.130D-05  3.626D-05   226.32       7.28       3.19    1.043D-04  6.301D-05  7.562D-05
**(rmsgt)**  16  1.115D-06  8.118D-06  1.002D-05  3.559D-05   234.74       9.43       3.34    2.064D-04  1.202D-04  1.657D-04
**(rmsgt)**  15  7.437D-07  7.185D-06  8.408D-06  3.267D-05   243.14      10.32       3.76    3.806D-04  2.021D-04  3.109D-04
**(rmsgt)**  14  6.131D-07  6.571D-06  7.026D-06  2.890D-05   251.09      10.71       4.23    6.608D-04  3.499D-04  5.202D-04
**(rmsgt)**  13  6.008D-07  6.215D-06  5.893D-06  2.529D-05   258.03      10.87       4.38    1.067D-03  6.183D-04  8.052D-04
**(rmsgt)**  12  6.035D-07  6.206D-06  5.127D-06  2.256D-05   264.05      11.01       4.61    1.589D-03  9.584D-04  1.143D-03
**(rmsgt)**  11  7.809D-07  6.417D-06  4.697D-06  2.074D-05   268.66      10.83       4.58    2.201D-03  1.327D-03  1.485D-03
**(rmsgt)**  10  7.172D-07  6.685D-06  4.425D-06  1.946D-05   272.54      10.99       4.72    2.969D-03  1.816D-03  1.746D-03
**(rmsgt)**   9  7.496D-07  6.645D-06  4.325D-06  1.869D-05   275.93      11.05       4.69    4.029D-03  2.357D-03  1.902D-03
**(rmsgt)**   8  8.314D-07  6.885D-06  4.440D-06  1.860D-05   278.80      11.33       4.71    5.111D-03  2.824D-03  1.984D-03
**(rmsgt)**   7  9.901D-07  7.195D-06  4.741D-06  1.913D-05   281.32      11.76       4.55    6.123D-03  3.178D-03  2.063D-03
**(rmsgt)**   6  1.084D-06  8.122D-06  5.120D-06  2.036D-05   283.54      12.15       4.50    7.162D-03  3.590D-03  2.190D-03
**(rmsgt)**   5  1.309D-06  9.552D-06  5.389D-06  2.184D-05   285.45      12.55       4.34    8.090D-03  4.013D-03  2.372D-03
**(rmsgt)**   4  1.589D-06  1.107D-05  5.444D-06  2.277D-05   287.20      12.96       4.32    8.857D-03  4.427D-03  2.526D-03
**(rmsgt)**   3  1.828D-06  1.233D-05  5.290D-06  2.238D-05   288.61      13.42       4.35    9.604D-03  4.915D-03  2.644D-03
**(rmsgt)**   2  2.111D-06  1.301D-05  4.682D-06  1.972D-05   289.90      13.77       4.46    1.017D-02  5.236D-03  2.705D-03
**(rmsgt)**   1  2.131D-06  1.297D-05  3.585D-06  1.506D-05   290.61      14.27       4.77    1.064D-02  5.430D-03  2.837D-03
**(rmsgt)** AVE  1.184D-06  8.489D-06  7.858D-06  2.504D-05   252.04      10.08       4.33    2.445D-03  2.023D-03  1.360
**(rmsgt)** Log(surface pressure) mean and variance:
**(rmsgt)**  G.M.LNP.= 4.59    ; Z.S.LNP.=0.441D-01; Z.A.LNP.=0.661D-01
**(wridia)** file also contains diagnostics at 12Z of 11/10/2011:
**(globme)**TOTAL PRECIPITATION                      Std.Dev.=   3.2624078; Glob.Mean=   8.8968368    ; in units of Kg M**-2 Day
**-1
**(globme)**CONVECTIVE PRECIPITATION                 Std.Dev.=   2.4527150; Glob.Mean=   8.3996661    ; in units of Kg M**-2 Day
**-1
**(globme)**SENSIBLE HEAT FLUX FROM SURFACE          Std.Dev.=   30.144202; Glob.Mean=   92.752109    ; in units of W M**-2
**(globme)**LATENT HEAT FLUX FROM SURFACE            Std.Dev.=   94.372905; Glob.Mean=   102.86103    ; in units of W M**-2
**(globme)**OUTGOING LONG WAVE AT TOP                Std.Dev.=   244.48645; Glob.Mean=   51.656717    ; in units of W M**-2
**(globme)**SHORT WAVE ABSORBED AT GROUND            Std.Dev.=   180.47426; Glob.Mean=   256.07396    ; in units of W M**-2
**(globme)**NET LONG WAVE AT BOTTOM                  Std.Dev.=   58.106314; Glob.Mean=   46.195207    ; in units of W M**-2
**(Model)** timestep 145 at simulation time 1 days and 0.0 seconds
**(Model)** timestep 146 at simulation time 1 days and 600.0 seconds
**(Model)** timestep 147 at simulation time 1 days and 1200.0 seconds
**(Model)** timestep 148 at simulation time 1 days and 1800.0 seconds
**(Model)** timestep 149 at simulation time 1 days and 2400.0 seconds
**(Model)** timestep 150 at simulation time 1 days and 3000.0 seconds
**(Model)** timestep 151 at simulation time 1 days and 3600.0 seconds
**(Model)** timestep 152 at simulation time 1 days and 4200.0 seconds
**(Model)** timestep 153 at simulation time 1 days and 4800.0 seconds
**(Model)** timestep 154 at simulation time 1 days and 5400.0 seconds
**(Model)** timestep 155 at simulation time 1 days and 6000.0 seconds
**(Model)** timestep 156 at simulation time 1 days and 6600.0 seconds
**(Model)** timestep 157 at simulation time 1 days and 7200.0 seconds
**(Model)** timestep 158 at simulation time 1 days and 7800.0 seconds
**(Model)** timestep 159 at simulation time 1 days and 8400.0 seconds
**(Model)** timestep 160 at simulation time 1 days and 9000.0 seconds
**(Model)** timestep 161 at simulation time 1 days and 9600.0 seconds
**(Model)** timestep 162 at simulation time 1 days and 10200.0 seconds
**(opnfct)** writes file GFCT06R20111010122011101115F.fct.T126L28 at simulation time
**(opnfct)** 1 days and 10800.0 seconds; contains state of the atmosphere at 15Z of 11/10/2011
**(rmsgt)** State of the atmosphere at 15Z of 11/10/2011:
**(rmsgt)** Layers and average means and variances:
**(rmsgt)** LYR  Z.S. DIV.  Z.A. DIV.  Z.S. VOR.  Z.A. VOR.  G.M. TEM.  Z.S. TEM.  Z.A. TEM.  G.M. S.H.  Z.S. S.H.  Z.A. S.H.
**(rmsgt)**  28  8.401D-07  4.513D-06  1.204D-05  2.269D-05   250.46       6.72       5.59    1.686D-06  4.056D-07  1.694D-07
**(rmsgt)**  27  1.958D-06  1.397D-05  1.561D-05  2.144D-05   227.11       3.84       7.16    1.793D-06  7.156D-07  2.021D-07
**(rmsgt)**  26  1.845D-06  1.264D-05  1.491D-05  1.896D-05   221.16       2.27       6.18    1.825D-06  7.935D-07  2.139D-07
**(rmsgt)**  25  1.274D-06  1.099D-05  1.317D-05  1.578D-05   216.84       2.93       5.46    2.013D-06  9.556D-07  2.782D-07
**(rmsgt)**  24  1.459D-06  9.453D-06  1.259D-05  1.444D-05   213.66       3.86       5.05    2.305D-06  1.192D-06  3.427D-07
**(rmsgt)**  23  1.049D-06  9.370D-06  1.043D-05  1.354D-05   210.11       5.56       4.62    2.738D-06  1.367D-06  4.520D-07
**(rmsgt)**  22  1.473D-06  9.026D-06  8.419D-06  1.454D-05   206.24       8.11       4.38    3.172D-06  1.256D-06  6.550D-07
**(rmsgt)**  21  1.530D-06  1.012D-05  8.322D-06  1.770D-05   204.74       9.47       4.11    3.903D-06  1.425D-06  1.658D-06
**(rmsgt)**  20  1.668D-06  1.144D-05  9.246D-06  2.250D-05   207.88       7.43       3.75    6.995D-06  2.475D-06  4.129D-06
**(rmsgt)**  19  1.979D-06  1.149D-05  1.120D-05  2.803D-05   213.27       4.16       3.80    1.723D-05  7.008D-06  1.156D-05
**(rmsgt)**  18  1.525D-06  9.779D-06  1.202D-05  3.320D-05   219.21       4.25       3.72    4.434D-05  2.369D-05  3.098D-05
**(rmsgt)**  17  1.116D-06  8.828D-06  1.132D-05  3.590D-05   226.30       7.29       3.18    1.047D-04  6.305D-05  7.550D-05
**(rmsgt)**  16  1.073D-06  8.169D-06  9.957D-06  3.526D-05   234.73       9.44       3.32    2.071D-04  1.198D-04  1.638D-04
**(rmsgt)**  15  6.974D-07  7.174D-06  8.376D-06  3.250D-05   243.11      10.34       3.75    3.816D-04  1.989D-04  3.077D-04
**(rmsgt)**  14  7.111D-07  6.483D-06  6.971D-06  2.884D-05   251.07      10.72       4.22    6.619D-04  3.412D-04  5.143D-04
**(rmsgt)**  13  6.784D-07  6.175D-06  5.852D-06  2.521D-05   258.01      10.89       4.38    1.065D-03  6.047D-04  7.928D-04
**(rmsgt)**  12  6.729D-07  6.184D-06  5.112D-06  2.240D-05   264.04      11.03       4.62    1.588D-03  9.464D-04  1.126D-03
**(rmsgt)**  11  7.575D-07  6.435D-06  4.716D-06  2.056D-05   268.63      10.85       4.58    2.198D-03  1.315D-03  1.470D-03
**(rmsgt)**  10  6.641D-07  6.666D-06  4.452D-06  1.927D-05   272.49      11.00       4.71    2.965D-03  1.803D-03  1.741D-03
**(rmsgt)**   9  7.483D-07  6.734D-06  4.343D-06  1.851D-05   275.87      11.06       4.69    4.029D-03  2.352D-03  1.889D-03
**(rmsgt)**   8  8.246D-07  6.913D-06  4.485D-06  1.839D-05   278.78      11.36       4.72    5.122D-03  2.829D-03  1.975D-03
**(rmsgt)**   7  9.037D-07  7.230D-06  4.809D-06  1.895D-05   281.34      11.79       4.56    6.137D-03  3.188D-03  2.069D-03
**(rmsgt)**   6  9.746D-07  8.100D-06  5.165D-06  2.017D-05   283.60      12.20       4.52    7.168D-03  3.595D-03  2.220D-03
**(rmsgt)**   5  1.243D-06  9.432D-06  5.438D-06  2.174D-05   285.54      12.62       4.38    8.085D-03  4.015D-03  2.440D-03
**(rmsgt)**   4  1.526D-06  1.098D-05  5.565D-06  2.285D-05   287.30      13.03       4.36    8.829D-03  4.415D-03  2.597D-03
**(rmsgt)**   3  1.798D-06  1.232D-05  5.450D-06  2.263D-05   288.70      13.50       4.43    9.579D-03  4.893D-03  2.693D-03
**(rmsgt)**   2  2.089D-06  1.302D-05  4.781D-06  1.986D-05   289.98      13.85       4.53    1.017D-02  5.236D-03  2.746D-03
**(rmsgt)**   1  2.148D-06  1.292D-05  3.546D-06  1.489D-05   290.63      14.36       4.88    1.065D-02  5.441D-03  2.883D-03
**(rmsgt)** AVE  1.148D-06  8.463D-06  7.844D-06  2.487D-05   252.04      10.10       4.34    2.444D-03  2.020D-03  1.369
**(rmsgt)** Log(surface pressure) mean and variance:
**(rmsgt)**  G.M.LNP.= 4.59    ; Z.S.LNP.=0.442D-01; Z.A.LNP.=0.660D-01
**(wridia)** file also contains diagnostics at 15Z of 11/10/2011:
**(globme)**TOTAL PRECIPITATION                      Std.Dev.=   3.3232916; Glob.Mean=   8.9651025    ; in units of Kg M**-2 Day
**-1
**(globme)**CONVECTIVE PRECIPITATION                 Std.Dev.=   2.4951255; Glob.Mean=   8.4692673    ; in units of Kg M**-2 Day
**-1
**(globme)**SENSIBLE HEAT FLUX FROM SURFACE          Std.Dev.=   25.800258; Glob.Mean=   79.685866    ; in units of W M**-2
**(globme)**LATENT HEAT FLUX FROM SURFACE            Std.Dev.=   94.489167; Glob.Mean=   102.07449    ; in units of W M**-2
**(globme)**OUTGOING LONG WAVE AT TOP                Std.Dev.=   244.47027; Glob.Mean=   52.464853    ; in units of W M**-2
**(globme)**SHORT WAVE ABSORBED AT GROUND            Std.Dev.=   180.12002; Glob.Mean=   257.60281    ; in units of W M**-2
**(globme)**NET LONG WAVE AT BOTTOM                  Std.Dev.=   58.077127; Glob.Mean=   46.674373    ; in units of W M**-2
**(Model)** timestep 163 at simulation time 1 days and 10800.0 seconds
**(Model)** timestep 164 at simulation time 1 days and 11400.0 seconds
**(Model)** timestep 165 at simulation time 1 days and 12000.0 seconds
**(Model)** timestep 166 at simulation time 1 days and 12600.0 seconds
**(Model)** timestep 167 at simulation time 1 days and 13200.0 seconds
**(Model)** timestep 168 at simulation time 1 days and 13800.0 seconds
**(Model)** timestep 169 at simulation time 1 days and 14400.0 seconds
**(Model)** timestep 170 at simulation time 1 days and 15000.0 seconds
**(Model)** timestep 171 at simulation time 1 days and 15600.0 seconds
**(Model)** timestep 172 at simulation time 1 days and 16200.0 seconds
**(Model)** timestep 173 at simulation time 1 days and 16800.0 seconds
**(Model)** timestep 174 at simulation time 1 days and 17400.0 seconds
**(Model)** timestep 175 at simulation time 1 days and 18000.0 seconds
**(Model)** timestep 176 at simulation time 1 days and 18600.0 seconds
**(Model)** timestep 177 at simulation time 1 days and 19200.0 seconds
**(Model)** timestep 178 at simulation time 1 days and 19800.0 seconds
**(Model)** timestep 179 at simulation time 1 days and 20400.0 seconds
**(Model)** timestep 180 at simulation time 1 days and 21000.0 seconds
**(opnfct)** writes file GFCT06R20111010122011101118F.fct.T126L28 at simulation time
**(opnfct)** 1 days and 21600.0 seconds; contains state of the atmosphere at 18Z of 11/10/2011
**(rmsgt)** State of the atmosphere at 18Z of 11/10/2011:
**(rmsgt)** Layers and average means and variances:
**(rmsgt)** LYR  Z.S. DIV.  Z.A. DIV.  Z.S. VOR.  Z.A. VOR.  G.M. TEM.  Z.S. TEM.  Z.A. TEM.  G.M. S.H.  Z.S. S.H.  Z.A. S.H.
**(rmsgt)**  28  7.974D-07  4.372D-06  1.143D-05  2.307D-05   250.47       6.69       5.45    1.687D-06  4.044D-07  1.707D-07
**(rmsgt)**  27  2.010D-06  1.369D-05  1.539D-05  2.155D-05   227.02       4.04       7.32    1.793D-06  7.161D-07  2.022D-07
**(rmsgt)**  26  2.110D-06  1.252D-05  1.464D-05  1.909D-05   221.16       2.21       6.30    1.827D-06  7.947D-07  2.139D-07
**(rmsgt)**  25  1.311D-06  1.103D-05  1.309D-05  1.618D-05   216.87       2.87       5.50    2.015D-06  9.545D-07  2.799D-07
**(rmsgt)**  24  1.297D-06  9.355D-06  1.261D-05  1.465D-05   213.69       3.80       5.08    2.306D-06  1.190D-06  3.458D-07
**(rmsgt)**  23  1.019D-06  8.814D-06  1.058D-05  1.335D-05   210.14       5.53       4.66    2.738D-06  1.363D-06  4.575D-07
**(rmsgt)**  22  1.165D-06  8.739D-06  8.385D-06  1.430D-05   206.26       8.09       4.38    3.181D-06  1.256D-06  6.916D-07
**(rmsgt)**  21  1.296D-06  9.743D-06  8.323D-06  1.764D-05   204.75       9.46       4.13    3.948D-06  1.456D-06  1.800D-06
**(rmsgt)**  20  1.579D-06  1.135D-05  9.259D-06  2.236D-05   207.89       7.40       3.79    7.121D-06  2.568D-06  4.395D-06
**(rmsgt)**  19  1.732D-06  1.132D-05  1.118D-05  2.778D-05   213.28       4.12       3.82    1.748D-05  7.146D-06  1.186D-05
**(rmsgt)**  18  1.524D-06  9.800D-06  1.200D-05  3.282D-05   219.21       4.24       3.71    4.463D-05  2.376D-05  3.156D-05
**(rmsgt)**  17  1.093D-06  8.912D-06  1.130D-05  3.555D-05   226.29       7.30       3.15    1.051D-04  6.273D-05  7.551D-05
**(rmsgt)**  16  1.008D-06  8.102D-06  9.999D-06  3.512D-05   234.72       9.45       3.30    2.085D-04  1.189D-04  1.625D-04
**(rmsgt)**  15  8.547D-07  7.053D-06  8.423D-06  3.246D-05   243.08      10.35       3.74    3.839D-04  1.966D-04  3.053D-04
**(rmsgt)**  14  8.076D-07  6.426D-06  6.973D-06  2.874D-05   251.04      10.72       4.22    6.644D-04  3.351D-04  5.118D-04
**(rmsgt)**  13  6.262D-07  6.113D-06  5.899D-06  2.497D-05   257.99      10.91       4.39    1.065D-03  5.921D-04  7.868D-04
**(rmsgt)**  12  5.980D-07  6.120D-06  5.209D-06  2.215D-05   264.03      11.05       4.63    1.588D-03  9.336D-04  1.115D-03
**(rmsgt)**  11  6.967D-07  6.286D-06  4.807D-06  2.034D-05   268.60      10.86       4.58    2.195D-03  1.304D-03  1.461D-03
**(rmsgt)**  10  6.775D-07  6.424D-06  4.520D-06  1.914D-05   272.43      11.01       4.71    2.955D-03  1.793D-03  1.737D-03
**(rmsgt)**   9  6.726D-07  6.396D-06  4.431D-06  1.840D-05   275.82      11.07       4.70    4.027D-03  2.347D-03  1.884D-03
**(rmsgt)**   8  6.861D-07  6.552D-06  4.622D-06  1.828D-05   278.75      11.37       4.72    5.124D-03  2.828D-03  1.983D-03
**(rmsgt)**   7  7.829D-07  7.074D-06  4.983D-06  1.886D-05   281.33      11.81       4.56    6.140D-03  3.183D-03  2.109D-03
**(rmsgt)**   6  9.214D-07  8.365D-06  5.357D-06  2.005D-05   283.62      12.21       4.51    7.172D-03  3.591D-03  2.282D-03
**(rmsgt)**   5  1.257D-06  9.903D-06  5.629D-06  2.156D-05   285.58      12.63       4.37    8.080D-03  4.011D-03  2.484D-03
**(rmsgt)**   4  1.560D-06  1.155D-05  5.766D-06  2.278D-05   287.32      13.02       4.35    8.816D-03  4.399D-03  2.628D-03
**(rmsgt)**   3  1.859D-06  1.299D-05  5.627D-06  2.257D-05   288.70      13.49       4.43    9.563D-03  4.873D-03  2.698D-03
**(rmsgt)**   2  2.204D-06  1.368D-05  4.898D-06  1.975D-05   289.96      13.82       4.51    1.018D-02  5.234D-03  2.733D-03
**(rmsgt)**   1  2.253D-06  1.350D-05  3.558D-06  1.466D-05   290.48      14.26       4.92    1.069D-02  5.460D-03  2.852D-03
**(rmsgt)** AVE  1.110D-06  8.438D-06  7.875D-06  2.472D-05   252.03      10.11       4.35    2.444D-03  2.016D-03  1.376
**(rmsgt)** Log(surface pressure) mean and variance:
**(rmsgt)**  G.M.LNP.= 4.59    ; Z.S.LNP.=0.443D-01; Z.A.LNP.=0.660D-01
**(wridia)** file also contains diagnostics at 18Z of 11/10/2011:
**(globme)**TOTAL PRECIPITATION                      Std.Dev.=   3.2998132; Glob.Mean=   8.7202562    ; in units of Kg M**-2 Day
**-1
**(globme)**CONVECTIVE PRECIPITATION                 Std.Dev.=   2.4968154; Glob.Mean=   8.3289624    ; in units of Kg M**-2 Day
**-1
**(globme)**SENSIBLE HEAT FLUX FROM SURFACE          Std.Dev.=   17.552715; Glob.Mean=   71.013094    ; in units of W M**-2
**(globme)**LATENT HEAT FLUX FROM SURFACE            Std.Dev.=   93.258141; Glob.Mean=   103.31263    ; in units of W M**-2
**(globme)**OUTGOING LONG WAVE AT TOP                Std.Dev.=   243.19623; Glob.Mean=   51.878546    ; in units of W M**-2
**(globme)**SHORT WAVE ABSORBED AT GROUND            Std.Dev.=   179.06466; Glob.Mean=   252.73999    ; in units of W M**-2
**(globme)**NET LONG WAVE AT BOTTOM                  Std.Dev.=   56.160790; Glob.Mean=   40.903098    ; in units of W M**-2
**(Model)** timestep 181 at simulation time 1 days and 21600.0 seconds
**(Model)** timestep 182 at simulation time 1 days and 22200.0 seconds
**(Model)** timestep 183 at simulation time 1 days and 22800.0 seconds
**(Model)** timestep 184 at simulation time 1 days and 23400.0 seconds
**(Model)** timestep 185 at simulation time 1 days and 24000.0 seconds
**(Model)** timestep 186 at simulation time 1 days and 24600.0 seconds
**(Model)** timestep 187 at simulation time 1 days and 25200.0 seconds
**(Model)** timestep 188 at simulation time 1 days and 25800.0 seconds
**(Model)** timestep 189 at simulation time 1 days and 26400.0 seconds
**(Model)** timestep 190 at simulation time 1 days and 27000.0 seconds
**(Model)** timestep 191 at simulation time 1 days and 27600.0 seconds
**(Model)** timestep 192 at simulation time 1 days and 28200.0 seconds
**(Model)** timestep 193 at simulation time 1 days and 28800.0 seconds
**(Model)** timestep 194 at simulation time 1 days and 29400.0 seconds
**(Model)** timestep 195 at simulation time 1 days and 30000.0 seconds
**(Model)** timestep 196 at simulation time 1 days and 30600.0 seconds
**(Model)** timestep 197 at simulation time 1 days and 31200.0 seconds
**(Model)** timestep 198 at simulation time 1 days and 31800.0 seconds
**(opnfct)** writes file GFCT06R20111010122011101121F.fct.T126L28 at simulation time
**(opnfct)** 1 days and 32400.0 seconds; contains state of the atmosphere at 21Z of 11/10/2011
**(rmsgt)** State of the atmosphere at 21Z of 11/10/2011:
**(rmsgt)** Layers and average means and variances:
**(rmsgt)** LYR  Z.S. DIV.  Z.A. DIV.  Z.S. VOR.  Z.A. VOR.  G.M. TEM.  Z.S. TEM.  Z.A. TEM.  G.M. S.H.  Z.S. S.H.  Z.A. S.H.
**(rmsgt)**  28  1.040D-06  4.258D-06  1.076D-05  2.315D-05   250.47       6.65       5.33    1.687D-06  4.037D-07  1.725D-07
**(rmsgt)**  27  1.869D-06  1.328D-05  1.528D-05  2.170D-05   226.90       4.18       7.33    1.795D-06  7.146D-07  2.033D-07
**(rmsgt)**  26  2.162D-06  1.238D-05  1.453D-05  1.917D-05   221.13       2.16       6.32    1.829D-06  7.949D-07  2.148D-07
**(rmsgt)**  25  1.480D-06  1.104D-05  1.298D-05  1.647D-05   216.89       2.80       5.51    2.017D-06  9.560D-07  2.807D-07
**(rmsgt)**  24  1.442D-06  9.331D-06  1.258D-05  1.478D-05   213.74       3.69       5.10    2.305D-06  1.189D-06  3.466D-07
**(rmsgt)**  23  1.459D-06  8.788D-06  1.061D-05  1.348D-05   210.18       5.45       4.69    2.738D-06  1.356D-06  4.645D-07
**(rmsgt)**  22  1.270D-06  8.674D-06  8.462D-06  1.416D-05   206.29       8.05       4.41    3.192D-06  1.260D-06  7.385D-07
**(rmsgt)**  21  1.269D-06  9.716D-06  8.426D-06  1.749D-05   204.77       9.43       4.15    3.990D-06  1.497D-06  1.930D-06
**(rmsgt)**  20  1.540D-06  1.136D-05  9.390D-06  2.226D-05   207.90       7.37       3.81    7.244D-06  2.628D-06  4.560D-06
**(rmsgt)**  19  1.745D-06  1.109D-05  1.136D-05  2.749D-05   213.30       4.09       3.83    1.770D-05  7.287D-06  1.205D-05
**(rmsgt)**  18  1.493D-06  9.633D-06  1.208D-05  3.244D-05   219.21       4.25       3.70    4.502D-05  2.403D-05  3.220D-05
**(rmsgt)**  17  1.066D-06  8.859D-06  1.132D-05  3.520D-05   226.27       7.30       3.14    1.060D-04  6.275D-05  7.617D-05
**(rmsgt)**  16  1.096D-06  8.031D-06  1.006D-05  3.499D-05   234.70       9.45       3.30    2.100D-04  1.182D-04  1.625D-04
**(rmsgt)**  15  9.985D-07  7.313D-06  8.504D-06  3.232D-05   243.04      10.36       3.76    3.861D-04  1.949D-04  3.038D-04
**(rmsgt)**  14  7.952D-07  6.533D-06  7.016D-06  2.849D-05   251.00      10.72       4.23    6.687D-04  3.314D-04  5.122D-04
**(rmsgt)**  13  6.259D-07  6.108D-06  5.962D-06  2.463D-05   257.96      10.92       4.42    1.068D-03  5.845D-04  7.866D-04
**(rmsgt)**  12  5.188D-07  6.003D-06  5.298D-06  2.192D-05   264.01      11.07       4.65    1.590D-03  9.244D-04  1.113D-03
**(rmsgt)**  11  6.509D-07  6.049D-06  4.871D-06  2.013D-05   268.56      10.86       4.59    2.192D-03  1.293D-03  1.457D-03
**(rmsgt)**  10  6.722D-07  6.264D-06  4.560D-06  1.897D-05   272.37      11.01       4.70    2.946D-03  1.779D-03  1.740D-03
**(rmsgt)**   9  6.785D-07  6.344D-06  4.504D-06  1.827D-05   275.76      11.07       4.71    4.025D-03  2.342D-03  1.894D-03
**(rmsgt)**   8  6.719D-07  6.717D-06  4.753D-06  1.822D-05   278.72      11.37       4.71    5.126D-03  2.824D-03  2.019D-03
**(rmsgt)**   7  7.758D-07  7.257D-06  5.131D-06  1.880D-05   281.33      11.81       4.56    6.139D-03  3.172D-03  2.151D-03
**(rmsgt)**   6  9.683D-07  8.140D-06  5.493D-06  2.002D-05   283.62      12.20       4.50    7.161D-03  3.575D-03  2.320D-03
**(rmsgt)**   5  1.308D-06  9.592D-06  5.757D-06  2.149D-05   285.56      12.61       4.39    8.063D-03  3.989D-03  2.505D-03
**(rmsgt)**   4  1.640D-06  1.126D-05  5.927D-06  2.267D-05   287.28      12.97       4.37    8.802D-03  4.390D-03  2.644D-03
**(rmsgt)**   3  1.934D-06  1.260D-05  5.833D-06  2.250D-05   288.62      13.39       4.47    9.549D-03  4.870D-03  2.691D-03
**(rmsgt)**   2  2.281D-06  1.306D-05  5.140D-06  1.965D-05   289.84      13.70       4.55    1.020D-02  5.258D-03  2.704D-03
**(rmsgt)**   1  2.399D-06  1.288D-05  3.738D-06  1.462D-05   290.15      14.05       5.08    1.073D-02  5.511D-03  2.822D-03
**(rmsgt)** AVE  1.142D-06  8.342D-06  7.937D-06  2.454D-05   252.00      10.09       4.36    2.443D-03  2.013D-03  1.384
**(rmsgt)** Log(surface pressure) mean and variance:
**(rmsgt)**  G.M.LNP.= 4.59    ; Z.S.LNP.=0.444D-01; Z.A.LNP.=0.660D-01
**(wridia)** file also contains diagnostics at 21Z of 11/10/2011:
**(globme)**TOTAL PRECIPITATION                      Std.Dev.=   3.1708200; Glob.Mean=   8.7301027    ; in units of Kg M**-2 Day
**-1
**(globme)**CONVECTIVE PRECIPITATION                 Std.Dev.=   2.3795020; Glob.Mean=   8.3481725    ; in units of Kg M**-2 Day
**-1
**(globme)**SENSIBLE HEAT FLUX FROM SURFACE          Std.Dev.=   11.047744; Glob.Mean=   56.510202    ; in units of W M**-2
**(globme)**LATENT HEAT FLUX FROM SURFACE            Std.Dev.=   88.718395; Glob.Mean=   98.628021    ; in units of W M**-2
**(globme)**OUTGOING LONG WAVE AT TOP                Std.Dev.=   241.95761; Glob.Mean=   50.898037    ; in units of W M**-2
**(globme)**SHORT WAVE ABSORBED AT GROUND            Std.Dev.=   182.33669; Glob.Mean=   265.42422    ; in units of W M**-2
**(globme)**NET LONG WAVE AT BOTTOM                  Std.Dev.=   54.040617; Glob.Mean=   36.203680    ; in units of W M**-2
**(Model)** timestep 199 at simulation time 1 days and 32400.0 seconds
**(Model)** timestep 200 at simulation time 1 days and 33000.0 seconds
**(Model)** timestep 201 at simulation time 1 days and 33600.0 seconds
**(Model)** timestep 202 at simulation time 1 days and 34200.0 seconds
**(Model)** timestep 203 at simulation time 1 days and 34800.0 seconds
**(Model)** timestep 204 at simulation time 1 days and 35400.0 seconds
**(Model)** timestep 205 at simulation time 1 days and 36000.0 seconds
**(Model)** timestep 206 at simulation time 1 days and 36600.0 seconds
**(Model)** timestep 207 at simulation time 1 days and 37200.0 seconds
**(Model)** timestep 208 at simulation time 1 days and 37800.0 seconds
**(Model)** timestep 209 at simulation time 1 days and 38400.0 seconds
**(Model)** timestep 210 at simulation time 1 days and 39000.0 seconds
**(Model)** timestep 211 at simulation time 1 days and 39600.0 seconds
**(Model)** timestep 212 at simulation time 1 days and 40200.0 seconds
**(Model)** timestep 213 at simulation time 1 days and 40800.0 seconds
**(Model)** timestep 214 at simulation time 1 days and 41400.0 seconds
**(Model)** timestep 215 at simulation time 1 days and 42000.0 seconds
**(Model)** timestep 216 at simulation time 1 days and 42600.0 seconds
**(opnfct)** writes file GFCT06R20111010122011101200F.fct.T126L28 at simulation time
**(opnfct)** 1 days and 43200.0 seconds; contains state of the atmosphere at 00Z of 12/10/2011
**(rmsgt)** State of the atmosphere at 00Z of 12/10/2011:
**(rmsgt)** Layers and average means and variances:
**(rmsgt)** LYR  Z.S. DIV.  Z.A. DIV.  Z.S. VOR.  Z.A. VOR.  G.M. TEM.  Z.S. TEM.  Z.A. TEM.  G.M. S.H.  Z.S. S.H.  Z.A. S.H.
**(rmsgt)**  28  7.288D-07  4.200D-06  1.027D-05  2.318D-05   250.47       6.64       5.25    1.688D-06  4.036D-07  1.736D-07
**(rmsgt)**  27  2.310D-06  1.346D-05  1.525D-05  2.198D-05   226.80       4.32       7.44    1.797D-06  7.117D-07  2.060D-07
**(rmsgt)**  26  2.079D-06  1.222D-05  1.439D-05  1.928D-05   221.09       2.08       6.35    1.831D-06  7.938D-07  2.158D-07
**(rmsgt)**  25  1.118D-06  1.091D-05  1.301D-05  1.663D-05   216.90       2.80       5.58    2.021D-06  9.577D-07  2.823D-07
**(rmsgt)**  24  1.218D-06  9.274D-06  1.270D-05  1.465D-05   213.80       3.64       5.17    2.304D-06  1.188D-06  3.507D-07
**(rmsgt)**  23  1.069D-06  8.749D-06  1.064D-05  1.349D-05   210.23       5.39       4.74    2.738D-06  1.351D-06  4.690D-07
**(rmsgt)**  22  1.035D-06  8.441D-06  8.456D-06  1.423D-05   206.32       8.02       4.43    3.208D-06  1.269D-06  7.755D-07
**(rmsgt)**  21  1.011D-06  9.475D-06  8.441D-06  1.751D-05   204.78       9.40       4.17    4.030D-06  1.526D-06  1.997D-06
**(rmsgt)**  20  1.451D-06  1.138D-05  9.470D-06  2.227D-05   207.90       7.35       3.85    7.334D-06  2.666D-06  4.675D-06
**(rmsgt)**  19  1.654D-06  1.066D-05  1.147D-05  2.720D-05   213.32       4.07       3.84    1.791D-05  7.380D-06  1.229D-05
**(rmsgt)**  18  1.638D-06  9.589D-06  1.220D-05  3.207D-05   219.22       4.26       3.69    4.567D-05  2.429D-05  3.316D-05
**(rmsgt)**  17  1.115D-06  8.448D-06  1.140D-05  3.487D-05   226.25       7.30       3.12    1.071D-04  6.274D-05  7.826D-05
**(rmsgt)**  16  1.083D-06  7.762D-06  1.013D-05  3.482D-05   234.67       9.45       3.30    2.117D-04  1.175D-04  1.639D-04
**(rmsgt)**  15  1.016D-06  7.224D-06  8.538D-06  3.212D-05   242.99      10.37       3.77    3.885D-04  1.937D-04  3.050D-04
**(rmsgt)**  14  7.099D-07  6.578D-06  7.051D-06  2.821D-05   250.95      10.73       4.25    6.735D-04  3.276D-04  5.152D-04
**(rmsgt)**  13  6.036D-07  6.173D-06  5.996D-06  2.442D-05   257.91      10.92       4.43    1.071D-03  5.757D-04  7.873D-04
**(rmsgt)**  12  6.149D-07  6.111D-06  5.311D-06  2.175D-05   263.98      11.07       4.67    1.591D-03  9.129D-04  1.112D-03
**(rmsgt)**  11  6.862D-07  6.255D-06  4.884D-06  1.997D-05   268.50      10.86       4.60    2.190D-03  1.280D-03  1.456D-03
**(rmsgt)**  10  5.919D-07  6.526D-06  4.627D-06  1.875D-05   272.29      10.99       4.71    2.939D-03  1.765D-03  1.746D-03
**(rmsgt)**   9  5.553D-07  6.504D-06  4.609D-06  1.801D-05   275.70      11.06       4.71    4.022D-03  2.336D-03  1.913D-03
**(rmsgt)**   8  5.770D-07  6.743D-06  4.861D-06  1.806D-05   278.67      11.36       4.72    5.122D-03  2.813D-03  2.045D-03
**(rmsgt)**   7  7.779D-07  7.143D-06  5.243D-06  1.871D-05   281.29      11.80       4.56    6.123D-03  3.156D-03  2.175D-03
**(rmsgt)**   6  1.078D-06  7.985D-06  5.630D-06  1.997D-05   283.57      12.17       4.51    7.140D-03  3.558D-03  2.342D-03
**(rmsgt)**   5  1.383D-06  9.120D-06  5.949D-06  2.154D-05   285.48      12.55       4.43    8.038D-03  3.973D-03  2.523D-03
**(rmsgt)**   4  1.702D-06  1.064D-05  6.166D-06  2.276D-05   287.17      12.89       4.42    8.780D-03  4.376D-03  2.650D-03
**(rmsgt)**   3  2.018D-06  1.189D-05  6.107D-06  2.244D-05   288.44      13.26       4.50    9.563D-03  4.890D-03  2.674D-03
**(rmsgt)**   2  2.371D-06  1.219D-05  5.368D-06  1.945D-05   289.64      13.56       4.58    1.023D-02  5.291D-03  2.674D-03
**(rmsgt)**   1  2.491D-06  1.172D-05  3.882D-06  1.432D-05   289.89      13.90       5.15    1.077D-02  5.551D-03  2.810D-03
**(rmsgt)** AVE  1.126D-06  8.197D-06  8.001D-06  2.437D-05   251.96      10.08       4.37    2.442D-03  2.010D-03  1.390
**(rmsgt)** Log(surface pressure) mean and variance:
**(rmsgt)**  G.M.LNP.= 4.59    ; Z.S.LNP.=0.445D-01; Z.A.LNP.=0.659D-01
**(wridia)** file also contains diagnostics at 00Z of 12/10/2011:
**(globme)**TOTAL PRECIPITATION                      Std.Dev.=   3.0030521; Glob.Mean=   8.4727236    ; in units of Kg M**-2 Day
**-1
**(globme)**CONVECTIVE PRECIPITATION                 Std.Dev.=   2.1915765; Glob.Mean=   8.0517588    ; in units of Kg M**-2 Day
**-1
**(globme)**SENSIBLE HEAT FLUX FROM SURFACE          Std.Dev.=   4.4589933; Glob.Mean=   33.800162    ; in units of W M**-2
**(globme)**LATENT HEAT FLUX FROM SURFACE            Std.Dev.=   83.383663; Glob.Mean=   93.958879    ; in units of W M**-2
**(globme)**OUTGOING LONG WAVE AT TOP                Std.Dev.=   241.98573; Glob.Mean=   49.700611    ; in units of W M**-2
**(globme)**SHORT WAVE ABSORBED AT GROUND            Std.Dev.=   185.28635; Glob.Mean=   267.22904    ; in units of W M**-2
**(globme)**NET LONG WAVE AT BOTTOM                  Std.Dev.=   51.581689; Glob.Mean=   33.570120    ; in units of W M**-2
**(DestroyParallelism)** Process 0 ***MODEL EXECUTION ENDS NORMALY***

MPI Program Information:
========================
Note: It is measured from MPI_Init till MPI_Finalize.
      [U,R] specifies the Universe and the Process Rank in the Universe.

 * The  /gfs/dk22/modoper/tempo/global/oens/model/datain/desirtable file exists*
 SST:  IFSST=-1  MAX,MIN=  290.00     -303.22    

 From Nlnmi :
 n =   1 HnCut =  1000.00 Hn =  9766.75
 n =   2 HnCut =  1000.00 Hn =  4582.61
 n =   3 HnCut =  1000.00 Hn =  1601.91

 mods =   3 niter =   3

Global Data of 2 processes  :          Min [U,R]          Max [U,R]      Average
==========================

Real   Time (sec)           :      459.245 [0,1]      459.263 [0,0]      459.254
User   Time (sec)           :      335.494 [0,0]      360.099 [0,1]      347.796
System Time (sec)           :        8.147 [0,1]       16.261 [0,0]       12.204
Vector Time (sec)           :      292.262 [0,0]      314.473 [0,1]      303.367
Instruction Count           :  31807014378 [0,0]  31896677335 [0,1]  31851845857
Vector Instruction Count    :  10323666763 [0,0]  10646795003 [0,1]  10485230883
Vector Element Count        : 1957276246358 [0,0] 1991067272557 [0,1] 1974171759458
FLOP Count                  : 854680412282 [0,0] 869887870457 [0,1] 862284141370
MOPS                        :     5588.240 [0,1]     5898.051 [0,0]     5743.145
MFLOPS                      :     2415.694 [0,1]     2547.529 [0,0]     2481.612
Average Vector Length       :      187.011 [0,1]      189.591 [0,0]      188.301
Vector Operation Ratio (%)  :       98.914 [0,0]       98.944 [0,1]       98.929
Memory size used (MB)       :      901.338 [0,0]      901.994 [0,1]      901.666
MIPS                        :       88.578 [0,1]       94.807 [0,0]       91.692
Instruction Cache miss (sec):       10.758 [0,0]       10.791 [0,1]       10.775
Operand     Cache miss (sec):        6.497 [0,1]        6.571 [0,0]        6.534
Bank     Conflict Time (sec):        2.489 [0,0]        3.205 [0,1]        2.847


Overall Data:
=============

Real   Time (sec)           :      459.263
User   Time (sec)           :      695.592
System Time (sec)           :       24.407
Vector Time (sec)           :      606.734
GOPS   (rel. to User Time)  :       11.475
GFLOPS (rel. to User Time)  :        4.959
Memory size used (GB)       :        1.761

logout
