stty: : Invalid argument
vt100
resize:  can't open terminal /dev/tty
======================================
Welcome to tupan11: SUPER-UX 14.1 SX-6
Today is Mon Oct 10 16:36:04 GMT 2011
======================================
RODANDO MPI
MPI/SX: command Version 7.2.1 (25. June 2007): Copyright (c) NEC Corporation 1996-2007
MPI/SX: daemon  Version 7.2.4 (21. August 2008): Copyright (c) NEC Corporation 1996-2008

Values of significant variables used by MPI/SX:
-----------------------------------------------

  DISPLAY         = 
  MPICOLLORDER    = OFF
  MPICOMMINF      = NO
  MPIMULTITASKMIX = OFF
  MPIPROGINF      = DETAIL
  MPISUSPEND      = OFF
  MPIVERSION      = ON

Derived and further values:
---------------------------

  Wait method              : Busy waiting
  Global memory            : SX Global Memory

/usr/lib/mpi/mpid: Creating 2 processes of '/gfs/home3/modoper/tempo/global/oens/run/mpisep03R.sh' on local host tupan11
+ exec /gfs/home3/modoper/tempo/global/oens/model/exec/ParModel_MPI 
+ exec /gfs/home3/modoper/tempo/global/oens/model/exec/ParModel_MPI 
MPI/SX: library Version 6.7.18 (20. April 2004): Copyright (c) NEC Corporation 1997-2004
**(CreateParallelism)** Process 0 (tupan11) among 2 processes with 1 threads is alive
 * The  /gfs/dk22/modoper/tempo/global/oens/model/datain/desirtable file exists*
**(DumpOptions)**
**(DumpOptions)** model T126L28 runs from 12Z 10/10/2011 to 00Z 12/10/2011 with initial state from 12Z 10/10/2011
**(DumpOptions)** model executes 216 timesteps of length 600 seconds
**(DumpOptions)** model dynamics configuration is  Eulerian, Gaussian and Quadratic Grid
**(DumpOptions)** input file name is /gfs/dk22/modoper/tempo/global/oens/model/datain/GANL03R2011101012S.unf.T126L28
**(DumpOptions)** output file directory is /gfs/dk22/modoper/tempo/global/oens/model/dataout/T126L28
**(DumpOptions)** model physics configuration:
**(DumpOptions)**    Shortwave Radiation is Lacis & Hansen
**(DumpOptions)**    Longwave Radiation is Harshvardhan
**(DumpOptions)**    Using a single global value for co2 concentration,
**(DumpOptions)**    with constant concentration of 0.3700000E+03 ppvm
**(DumpOptions)**    Using old 4-month zonally averaged climatology
**(DumpOptions)**    Deep Convection is KUO
**(DumpOptions)**    Shallow Convection is Tiedke
**(DumpOptions)**
 SST:  IFSST=-1  MAX,MIN=  290.00     -306.18    
**(opnfct)** writes file GFCT03R20111010122011101012F.icn.T126L28 at simulation time
**(opnfct)** 0 days and 0.0 seconds; contains state of the atmosphere at 12Z of 10/10/2011
**(rmsgt)** State of the atmosphere at 12Z of 10/10/2011:
**(rmsgt)** Layers and average means and variances:
**(rmsgt)** LYR  Z.S. DIV.  Z.A. DIV.  Z.S. VOR.  Z.A. VOR.  G.M. TEM.  Z.S. TEM.  Z.A. TEM.  G.M. S.H.  Z.S. S.H.  Z.A. S.H.
**(rmsgt)**  28  2.305D-06  2.504D-05  1.245D-05  2.964D-05   250.38       6.96       5.73    1.679D-06  4.123D-07  1.643D-07
**(rmsgt)**  27  1.764D-06  2.006D-05  1.643D-05  2.500D-05   228.07       3.60       4.41    1.792D-06  7.175D-07  2.053D-07
**(rmsgt)**  26  1.399D-06  1.865D-05  1.496D-05  2.198D-05   221.53       2.75       4.80    1.818D-06  8.011D-07  2.318D-07
**(rmsgt)**  25  1.212D-06  1.794D-05  1.346D-05  2.097D-05   216.85       3.69       4.90    2.000D-06  9.620D-07  2.936D-07
**(rmsgt)**  24  1.554D-06  1.962D-05  1.326D-05  2.139D-05   213.34       4.49       4.58    2.289D-06  1.199D-06  3.421D-07
**(rmsgt)**  23  1.705D-06  1.798D-05  1.095D-05  2.047D-05   209.78       5.83       4.33    2.725D-06  1.375D-06  4.391D-07
**(rmsgt)**  22  1.524D-06  1.845D-05  8.882D-06  2.129D-05   206.03       8.05       4.33    3.142D-06  1.283D-06  5.009D-07
**(rmsgt)**  21  1.594D-06  1.988D-05  8.237D-06  2.436D-05   204.39       9.57       4.12    3.514D-06  1.184D-06  8.183D-07
**(rmsgt)**  20  1.695D-06  2.201D-05  9.019D-06  2.989D-05   207.60       7.66       3.70    5.858D-06  1.732D-06  1.705D-06
**(rmsgt)**  19  2.062D-06  2.289D-05  1.110D-05  3.781D-05   213.03       4.42       3.81    1.457D-05  5.592D-06  5.032D-06
**(rmsgt)**  18  2.361D-06  2.290D-05  1.156D-05  4.750D-05   219.14       4.35       3.78    3.856D-05  2.214D-05  1.955D-05
**(rmsgt)**  17  1.970D-06  2.254D-05  1.134D-05  5.597D-05   226.47       7.34       3.03    9.284D-05  6.191D-05  6.861D-05
**(rmsgt)**  16  2.151D-06  2.156D-05  1.043D-05  5.720D-05   234.96       9.33       3.05    1.935D-04  1.304D-04  1.795D-04
**(rmsgt)**  15  2.032D-06  2.025D-05  9.092D-06  5.297D-05   243.56      10.21       3.54    3.712D-04  2.419D-04  3.733D-04
**(rmsgt)**  14  1.333D-06  1.940D-05  7.991D-06  4.722D-05   251.42      10.55       3.92    6.570D-04  4.279D-04  6.474D-04
**(rmsgt)**  13  1.297D-06  1.844D-05  6.864D-06  4.204D-05   258.29      10.65       4.18    1.077D-03  7.334D-04  9.921D-04
**(rmsgt)**  12  1.224D-06  1.825D-05  5.969D-06  3.824D-05   264.13      10.72       4.38    1.613D-03  1.091D-03  1.356D-03
**(rmsgt)**  11  1.411D-06  1.829D-05  5.411D-06  3.587D-05   269.06      10.84       4.53    2.287D-03  1.501D-03  1.682D-03
**(rmsgt)**  10  1.428D-06  1.839D-05  5.207D-06  3.487D-05   273.18      11.01       4.62    3.137D-03  1.983D-03  1.938D-03
**(rmsgt)**   9  1.263D-06  1.821D-05  5.015D-06  3.480D-05   276.66      11.17       4.66    4.127D-03  2.473D-03  2.103D-03
**(rmsgt)**   8  1.179D-06  1.772D-05  5.007D-06  3.490D-05   279.52      11.42       4.75    5.154D-03  2.890D-03  2.182D-03
**(rmsgt)**   7  1.512D-06  1.766D-05  5.132D-06  3.557D-05   281.69      11.61       4.83    6.225D-03  3.264D-03  2.192D-03
**(rmsgt)**   6  1.560D-06  1.801D-05  5.503D-06  3.647D-05   283.49      11.83       4.82    7.195D-03  3.649D-03  2.233D-03
**(rmsgt)**   5  1.832D-06  1.923D-05  5.637D-06  3.757D-05   285.17      12.17       4.70    7.990D-03  4.056D-03  2.319D-03
**(rmsgt)**   4  2.103D-06  2.052D-05  5.577D-06  3.801D-05   286.73      12.65       4.60    8.526D-03  4.326D-03  2.387D-03
**(rmsgt)**   3  2.402D-06  2.155D-05  5.300D-06  3.667D-05   288.04      13.30       4.59    8.868D-03  4.474D-03  2.442D-03
**(rmsgt)**   2  2.464D-06  2.164D-05  4.914D-06  3.408D-05   289.18      13.72       4.64    9.109D-03  4.579D-03  2.501D-03
**(rmsgt)**   1  2.339D-06  2.122D-05  4.347D-06  3.095D-05   290.08      14.03       4.70    9.348D-03  4.694D-03  2.557D-03
**(rmsgt)** AVE  1.704D-06  1.977D-05  8.213D-06  4.042D-05   252.20      10.01       4.23    2.418D-03  2.003D-03  1.428
**(rmsgt)** Log(surface pressure) mean and variance:
**(rmsgt)**  G.M.LNP.= 4.59    ; Z.S.LNP.=0.432D-01; Z.A.LNP.=0.659D-01

 From Nlnmi :
 n =   1 HnCut =  1000.00 Hn =  9766.75
 n =   2 HnCut =  1000.00 Hn =  4582.61
 n =   3 HnCut =  1000.00 Hn =  1601.91

 mods =   3 niter =   3

**(opnfct)** writes file GFCT03R20111010122011101012F.inz.T126L28 at simulation time
**(opnfct)** 0 days and 0.0 seconds; contains state of the atmosphere at 12Z of 10/10/2011
**(rmsgt)** State of the atmosphere at 12Z of 10/10/2011:
**(rmsgt)** Layers and average means and variances:
**(rmsgt)** LYR  Z.S. DIV.  Z.A. DIV.  Z.S. VOR.  Z.A. VOR.  G.M. TEM.  Z.S. TEM.  Z.A. TEM.  G.M. S.H.  Z.S. S.H.  Z.A. S.H.
**(rmsgt)**  28  6.656D-07  8.124D-06  1.311D-05  2.965D-05   250.38       6.95       5.78    1.679D-06  4.123D-07  1.643D-07
**(rmsgt)**  27  1.593D-06  1.951D-05  1.655D-05  2.505D-05   228.07       3.46       5.36    1.792D-06  7.175D-07  2.053D-07
**(rmsgt)**  26  1.284D-06  1.810D-05  1.492D-05  2.209D-05   221.53       2.59       4.94    1.818D-06  8.011D-07  2.318D-07
**(rmsgt)**  25  1.193D-06  1.750D-05  1.343D-05  2.107D-05   216.85       3.59       4.95    2.000D-06  9.620D-07  2.936D-07
**(rmsgt)**  24  1.493D-06  1.832D-05  1.325D-05  2.145D-05   213.34       4.45       4.65    2.289D-06  1.199D-06  3.421D-07
**(rmsgt)**  23  1.719D-06  1.729D-05  1.095D-05  2.048D-05   209.78       5.81       4.39    2.725D-06  1.375D-06  4.391D-07
**(rmsgt)**  22  1.485D-06  1.817D-05  8.873D-06  2.129D-05   206.03       8.04       4.46    3.142D-06  1.283D-06  5.009D-07
**(rmsgt)**  21  1.623D-06  1.971D-05  8.223D-06  2.436D-05   204.39       9.56       4.16    3.514D-06  1.184D-06  8.183D-07
**(rmsgt)**  20  1.709D-06  2.194D-05  9.011D-06  2.988D-05   207.60       7.65       3.74    5.858D-06  1.732D-06  1.705D-06
**(rmsgt)**  19  2.050D-06  2.271D-05  1.109D-05  3.780D-05   213.03       4.42       3.80    1.457D-05  5.592D-06  5.032D-06
**(rmsgt)**  18  2.366D-06  2.278D-05  1.156D-05  4.749D-05   219.14       4.37       3.82    3.856D-05  2.214D-05  1.955D-05
**(rmsgt)**  17  1.948D-06  2.231D-05  1.134D-05  5.597D-05   226.47       7.34       3.04    9.284D-05  6.191D-05  6.861D-05
**(rmsgt)**  16  2.120D-06  2.121D-05  1.043D-05  5.720D-05   234.96       9.35       3.19    1.935D-04  1.304D-04  1.795D-04
**(rmsgt)**  15  2.004D-06  1.991D-05  9.086D-06  5.297D-05   243.56      10.21       3.52    3.712D-04  2.419D-04  3.733D-04
**(rmsgt)**  14  1.359D-06  1.892D-05  7.985D-06  4.722D-05   251.42      10.57       4.10    6.570D-04  4.279D-04  6.474D-04
**(rmsgt)**  13  1.262D-06  1.794D-05  6.858D-06  4.204D-05   258.29      10.65       4.13    1.077D-03  7.334D-04  9.921D-04
**(rmsgt)**  12  1.216D-06  1.777D-05  5.964D-06  3.824D-05   264.13      10.75       4.57    1.613D-03  1.091D-03  1.356D-03
**(rmsgt)**  11  1.375D-06  1.783D-05  5.407D-06  3.587D-05   269.06      10.84       4.46    2.287D-03  1.501D-03  1.682D-03
**(rmsgt)**  10  1.382D-06  1.802D-05  5.204D-06  3.487D-05   273.18      11.04       4.81    3.137D-03  1.983D-03  1.938D-03
**(rmsgt)**   9  1.232D-06  1.787D-05  5.013D-06  3.480D-05   276.66      11.17       4.58    4.127D-03  2.473D-03  2.103D-03
**(rmsgt)**   8  1.210D-06  1.748D-05  5.006D-06  3.490D-05   279.52      11.44       4.92    5.154D-03  2.890D-03  2.182D-03
**(rmsgt)**   7  1.481D-06  1.747D-05  5.131D-06  3.557D-05   281.69      11.60       4.76    6.225D-03  3.264D-03  2.192D-03
**(rmsgt)**   6  1.546D-06  1.782D-05  5.504D-06  3.647D-05   283.49      11.86       4.96    7.195D-03  3.649D-03  2.233D-03
**(rmsgt)**   5  1.841D-06  1.910D-05  5.638D-06  3.757D-05   285.17      12.16       4.63    7.990D-03  4.056D-03  2.319D-03
**(rmsgt)**   4  2.119D-06  2.047D-05  5.578D-06  3.801D-05   286.73      12.68       4.74    8.526D-03  4.326D-03  2.387D-03
**(rmsgt)**   3  2.386D-06  2.160D-05  5.301D-06  3.666D-05   288.04      13.30       4.52    8.868D-03  4.474D-03  2.442D-03
**(rmsgt)**   2  2.481D-06  2.174D-05  4.915D-06  3.408D-05   289.18      13.75       4.79    9.109D-03  4.579D-03  2.501D-03
**(rmsgt)**   1  2.329D-06  2.134D-05  4.348D-06  3.095D-05   290.08      14.03       4.63    9.348D-03  4.694D-03  2.557D-03
**(rmsgt)** AVE  1.680D-06  1.937D-05  8.216D-06  4.042D-05   252.20      10.02       4.30    2.418D-03  2.003D-03  1.428
**(rmsgt)** Log(surface pressure) mean and variance:
**(rmsgt)**  G.M.LNP.= 4.59    ; Z.S.LNP.=0.435D-01; Z.A.LNP.=0.668D-01
**(Model)** cold start step 1
**(Model)** cold start step 2
**(Model)** timestep 2 at simulation time 0 days and 600.0 seconds
**(Model)** timestep 3 at simulation time 0 days and 1200.0 seconds
**(Model)** timestep 4 at simulation time 0 days and 1800.0 seconds
**(Model)** timestep 5 at simulation time 0 days and 2400.0 seconds
**(Model)** timestep 6 at simulation time 0 days and 3000.0 seconds
**(Model)** timestep 7 at simulation time 0 days and 3600.0 seconds
**(Model)** timestep 8 at simulation time 0 days and 4200.0 seconds
**(Model)** timestep 9 at simulation time 0 days and 4800.0 seconds
**(Model)** timestep 10 at simulation time 0 days and 5400.0 seconds
**(Model)** timestep 11 at simulation time 0 days and 6000.0 seconds
**(Model)** timestep 12 at simulation time 0 days and 6600.0 seconds
**(Model)** timestep 13 at simulation time 0 days and 7200.0 seconds
**(Model)** timestep 14 at simulation time 0 days and 7800.0 seconds
**(Model)** timestep 15 at simulation time 0 days and 8400.0 seconds
**(Model)** timestep 16 at simulation time 0 days and 9000.0 seconds
**(Model)** timestep 17 at simulation time 0 days and 9600.0 seconds
**(Model)** timestep 18 at simulation time 0 days and 10200.0 seconds
**(opnfct)** writes file GFCT03R20111010122011101015F.fct.T126L28 at simulation time
**(opnfct)** 0 days and 10800.0 seconds; contains state of the atmosphere at 15Z of 10/10/2011
**(rmsgt)** State of the atmosphere at 15Z of 10/10/2011:
**(rmsgt)** Layers and average means and variances:
**(rmsgt)** LYR  Z.S. DIV.  Z.A. DIV.  Z.S. VOR.  Z.A. VOR.  G.M. TEM.  Z.S. TEM.  Z.A. TEM.  G.M. S.H.  Z.S. S.H.  Z.A. S.H.
**(rmsgt)**  28  9.701D-07  5.679D-06  1.282D-05  2.237D-05   250.44       6.94       5.77    1.680D-06  4.115D-07  1.642D-07
**(rmsgt)**  27  2.196D-06  1.559D-05  1.653D-05  2.065D-05   227.86       3.46       4.99    1.792D-06  7.185D-07  2.011D-07
**(rmsgt)**  26  1.504D-06  1.428D-05  1.502D-05  1.701D-05   221.36       2.67       5.04    1.819D-06  8.014D-07  2.242D-07
**(rmsgt)**  25  1.107D-06  1.096D-05  1.349D-05  1.476D-05   216.81       3.51       5.04    2.003D-06  9.624D-07  2.850D-07
**(rmsgt)**  24  1.372D-06  1.153D-05  1.312D-05  1.382D-05   213.38       4.37       4.66    2.291D-06  1.200D-06  3.348D-07
**(rmsgt)**  23  1.466D-06  1.189D-05  1.091D-05  1.348D-05   209.87       5.75       4.44    2.724D-06  1.375D-06  4.287D-07
**(rmsgt)**  22  1.393D-06  1.331D-05  8.859D-06  1.468D-05   206.20       7.98       4.38    3.146D-06  1.284D-06  5.010D-07
**(rmsgt)**  21  1.452D-06  1.384D-05  8.199D-06  1.816D-05   204.55       9.51       4.10    3.568D-06  1.214D-06  8.757D-07
**(rmsgt)**  20  1.513D-06  1.544D-05  9.048D-06  2.375D-05   207.71       7.63       3.78    6.044D-06  1.835D-06  2.169D-06
**(rmsgt)**  19  2.040D-06  1.446D-05  1.102D-05  3.099D-05   213.13       4.39       3.88    1.513D-05  5.977D-06  6.703D-06
**(rmsgt)**  18  2.392D-06  1.374D-05  1.157D-05  3.971D-05   219.21       4.36       3.90    3.971D-05  2.231D-05  2.172D-05
**(rmsgt)**  17  1.767D-06  1.221D-05  1.124D-05  4.509D-05   226.46       7.34       3.24    9.578D-05  6.192D-05  6.865D-05
**(rmsgt)**  16  1.397D-06  1.053D-05  1.027D-05  4.464D-05   234.92       9.40       3.46    1.978D-04  1.294D-04  1.728D-04
**(rmsgt)**  15  1.292D-06  9.749D-06  8.830D-06  4.038D-05   243.48      10.27       3.80    3.750D-04  2.361D-04  3.515D-04
**(rmsgt)**  14  1.037D-06  8.921D-06  7.535D-06  3.523D-05   251.35      10.64       4.31    6.571D-04  4.125D-04  6.016D-04
**(rmsgt)**  13  9.833D-07  8.604D-06  6.241D-06  3.056D-05   258.21      10.71       4.34    1.071D-03  7.070D-04  9.212D-04
**(rmsgt)**  12  9.354D-07  7.898D-06  5.437D-06  2.726D-05   264.09      10.81       4.66    1.605D-03  1.057D-03  1.272D-03
**(rmsgt)**  11  1.027D-06  8.112D-06  5.123D-06  2.522D-05   268.99      10.86       4.59    2.273D-03  1.464D-03  1.589D-03
**(rmsgt)**  10  9.000D-07  8.060D-06  4.938D-06  2.390D-05   273.10      11.05       4.77    3.116D-03  1.951D-03  1.830D-03
**(rmsgt)**   9  9.485D-07  8.089D-06  4.754D-06  2.315D-05   276.50      11.12       4.67    4.119D-03  2.455D-03  1.981D-03
**(rmsgt)**   8  8.964D-07  8.079D-06  4.705D-06  2.286D-05   279.30      11.38       4.82    5.155D-03  2.886D-03  2.043D-03
**(rmsgt)**   7  1.015D-06  8.313D-06  4.782D-06  2.316D-05   281.51      11.60       4.75    6.197D-03  3.258D-03  2.057D-03
**(rmsgt)**   6  1.161D-06  8.993D-06  5.000D-06  2.423D-05   283.42      11.91       4.75    7.169D-03  3.649D-03  2.118D-03
**(rmsgt)**   5  1.511D-06  1.032D-05  5.210D-06  2.559D-05   285.19      12.34       4.54    7.941D-03  3.988D-03  2.230D-03
**(rmsgt)**   4  1.776D-06  1.164D-05  5.253D-06  2.640D-05   286.81      12.80       4.50    8.616D-03  4.327D-03  2.335D-03
**(rmsgt)**   3  2.038D-06  1.309D-05  5.085D-06  2.561D-05   288.23      13.36       4.51    9.145D-03  4.597D-03  2.439D-03
**(rmsgt)**   2  2.292D-06  1.419D-05  4.482D-06  2.230D-05   289.49      13.85       4.62    9.504D-03  4.743D-03  2.523D-03
**(rmsgt)**   1  2.169D-06  1.358D-05  3.415D-06  1.666D-05   290.20      14.25       4.84    9.848D-03  4.888D-03  2.635D-03
**(rmsgt)** AVE  1.396D-06  1.060D-05  8.003D-06  2.999D-05   252.17      10.05       4.36    2.430D-03  2.007D-03  1.363
**(rmsgt)** Log(surface pressure) mean and variance:
**(rmsgt)**  G.M.LNP.= 4.59    ; Z.S.LNP.=0.434D-01; Z.A.LNP.=0.662D-01
**(wridia)** file also contains diagnostics at 15Z of 10/10/2011:
**(globme)**TOTAL PRECIPITATION                      Std.Dev.=   3.5069484; Glob.Mean=   9.0159296    ; in units of Kg M**-2 Day
**-1
**(globme)**CONVECTIVE PRECIPITATION                 Std.Dev.=   3.0339184; Glob.Mean=   8.6732323    ; in units of Kg M**-2 Day
**-1
**(globme)**SENSIBLE HEAT FLUX FROM SURFACE          Std.Dev.=   26.878670; Glob.Mean=   72.564408    ; in units of W M**-2
**(globme)**LATENT HEAT FLUX FROM SURFACE            Std.Dev.=   129.67932; Glob.Mean=   138.20923    ; in units of W M**-2
**(globme)**OUTGOING LONG WAVE AT TOP                Std.Dev.=   265.92306; Glob.Mean=   33.298826    ; in units of W M**-2
**(globme)**SHORT WAVE ABSORBED AT GROUND            Std.Dev.=   189.49805; Glob.Mean=   265.88973    ; in units of W M**-2
**(globme)**NET LONG WAVE AT BOTTOM                  Std.Dev.=   59.366783; Glob.Mean=   37.217176    ; in units of W M**-2
**(Model)** timestep 19 at simulation time 0 days and 10800.0 seconds
**(Model)** timestep 20 at simulation time 0 days and 11400.0 seconds
**(Model)** timestep 21 at simulation time 0 days and 12000.0 seconds
**(Model)** timestep 22 at simulation time 0 days and 12600.0 seconds
**(Model)** timestep 23 at simulation time 0 days and 13200.0 seconds
**(Model)** timestep 24 at simulation time 0 days and 13800.0 seconds
**(Model)** timestep 25 at simulation time 0 days and 14400.0 seconds
**(Model)** timestep 26 at simulation time 0 days and 15000.0 seconds
**(Model)** timestep 27 at simulation time 0 days and 15600.0 seconds
**(Model)** timestep 28 at simulation time 0 days and 16200.0 seconds
**(Model)** timestep 29 at simulation time 0 days and 16800.0 seconds
**(Model)** timestep 30 at simulation time 0 days and 17400.0 seconds
**(Model)** timestep 31 at simulation time 0 days and 18000.0 seconds
**(Model)** timestep 32 at simulation time 0 days and 18600.0 seconds
**(Model)** timestep 33 at simulation time 0 days and 19200.0 seconds
**(Model)** timestep 34 at simulation time 0 days and 19800.0 seconds
**(Model)** timestep 35 at simulation time 0 days and 20400.0 seconds
**(Model)** timestep 36 at simulation time 0 days and 21000.0 seconds
**(opnfct)** writes file GFCT03R20111010122011101018F.fct.T126L28 at simulation time
**(opnfct)** 0 days and 21600.0 seconds; contains state of the atmosphere at 18Z of 10/10/2011
**(rmsgt)** State of the atmosphere at 18Z of 10/10/2011:
**(rmsgt)** Layers and average means and variances:
**(rmsgt)** LYR  Z.S. DIV.  Z.A. DIV.  Z.S. VOR.  Z.A. VOR.  G.M. TEM.  Z.S. TEM.  Z.A. TEM.  G.M. S.H.  Z.S. S.H.  Z.A. S.H.
**(rmsgt)**  28  9.508D-07  6.748D-06  1.294D-05  2.197D-05   250.43       6.92       5.87    1.680D-06  4.105D-07  1.640D-07
**(rmsgt)**  27  2.356D-06  1.835D-05  1.642D-05  2.086D-05   227.80       3.47       5.24    1.792D-06  7.194D-07  2.007D-07
**(rmsgt)**  26  1.652D-06  1.496D-05  1.512D-05  1.735D-05   221.29       2.75       5.13    1.820D-06  8.018D-07  2.207D-07
**(rmsgt)**  25  1.459D-06  1.252D-05  1.359D-05  1.474D-05   216.79       3.56       5.08    2.004D-06  9.624D-07  2.814D-07
**(rmsgt)**  24  1.343D-06  1.147D-05  1.313D-05  1.354D-05   213.40       4.38       4.70    2.294D-06  1.200D-06  3.325D-07
**(rmsgt)**  23  1.489D-06  1.076D-05  1.096D-05  1.353D-05   209.88       5.77       4.48    2.725D-06  1.374D-06  4.274D-07
**(rmsgt)**  22  1.355D-06  1.042D-05  8.833D-06  1.489D-05   206.21       8.03       4.43    3.153D-06  1.283D-06  5.296D-07
**(rmsgt)**  21  1.277D-06  1.174D-05  8.110D-06  1.792D-05   204.65       9.49       4.08    3.628D-06  1.256D-06  1.005D-06
**(rmsgt)**  20  1.480D-06  1.228D-05  9.006D-06  2.318D-05   207.78       7.63       3.76    6.162D-06  1.903D-06  2.606D-06
**(rmsgt)**  19  1.917D-06  1.207D-05  1.100D-05  2.978D-05   213.16       4.40       3.92    1.532D-05  5.958D-06  7.595D-06
**(rmsgt)**  18  2.282D-06  1.158D-05  1.164D-05  3.749D-05   219.23       4.35       3.89    4.018D-05  2.191D-05  2.334D-05
**(rmsgt)**  17  1.616D-06  1.087D-05  1.130D-05  4.180D-05   226.43       7.33       3.32    9.757D-05  6.186D-05  6.896D-05
**(rmsgt)**  16  1.273D-06  9.564D-06  1.018D-05  4.123D-05   234.87       9.42       3.56    1.997D-04  1.282D-04  1.698D-04
**(rmsgt)**  15  1.222D-06  8.552D-06  8.738D-06  3.752D-05   243.40      10.28       3.93    3.742D-04  2.300D-04  3.370D-04
**(rmsgt)**  14  9.619D-07  7.873D-06  7.416D-06  3.300D-05   251.30      10.68       4.38    6.542D-04  4.007D-04  5.720D-04
**(rmsgt)**  13  7.416D-07  7.196D-06  6.049D-06  2.874D-05   258.18      10.76       4.42    1.066D-03  6.897D-04  8.840D-04
**(rmsgt)**  12  8.153D-07  6.787D-06  5.268D-06  2.557D-05   264.09      10.87       4.67    1.596D-03  1.038D-03  1.232D-03
**(rmsgt)**  11  8.167D-07  6.820D-06  4.919D-06  2.364D-05   268.95      10.88       4.62    2.257D-03  1.440D-03  1.549D-03
**(rmsgt)**  10  8.598D-07  6.989D-06  4.741D-06  2.223D-05   273.04      11.08       4.76    3.090D-03  1.931D-03  1.790D-03
**(rmsgt)**   9  8.897D-07  6.968D-06  4.602D-06  2.137D-05   276.41      11.11       4.70    4.106D-03  2.438D-03  1.946D-03
**(rmsgt)**   8  9.117D-07  7.216D-06  4.601D-06  2.102D-05   279.20      11.37       4.80    5.154D-03  2.876D-03  2.012D-03
**(rmsgt)**   7  9.399D-07  7.781D-06  4.738D-06  2.117D-05   281.51      11.66       4.70    6.171D-03  3.237D-03  2.047D-03
**(rmsgt)**   6  1.131D-06  8.869D-06  4.998D-06  2.202D-05   283.50      11.99       4.68    7.148D-03  3.614D-03  2.114D-03
**(rmsgt)**   5  1.507D-06  1.043D-05  5.207D-06  2.328D-05   285.30      12.43       4.47    7.953D-03  3.945D-03  2.240D-03
**(rmsgt)**   4  1.829D-06  1.195D-05  5.159D-06  2.435D-05   286.93      12.86       4.44    8.720D-03  4.354D-03  2.385D-03
**(rmsgt)**   3  2.047D-06  1.324D-05  4.969D-06  2.415D-05   288.28      13.43       4.51    9.336D-03  4.707D-03  2.487D-03
**(rmsgt)**   2  2.259D-06  1.408D-05  4.391D-06  2.118D-05   289.54      13.85       4.60    9.743D-03  4.891D-03  2.579D-03
**(rmsgt)**   1  2.163D-06  1.363D-05  3.357D-06  1.585D-05   290.13      14.19       4.93    1.012D-02  5.076D-03  2.699D-03
**(rmsgt)** AVE  1.327D-06  9.537D-06  7.946D-06  2.805D-05   252.16      10.07       4.38    2.437D-03  2.013D-03  1.353
**(rmsgt)** Log(surface pressure) mean and variance:
**(rmsgt)**  G.M.LNP.= 4.59    ; Z.S.LNP.=0.435D-01; Z.A.LNP.=0.661D-01
**(wridia)** file also contains diagnostics at 18Z of 10/10/2011:
**(globme)**TOTAL PRECIPITATION                      Std.Dev.=   3.3961292; Glob.Mean=   8.9221389    ; in units of Kg M**-2 Day
**-1
**(globme)**CONVECTIVE PRECIPITATION                 Std.Dev.=   2.8795765; Glob.Mean=   8.6798052    ; in units of Kg M**-2 Day
**-1
**(globme)**SENSIBLE HEAT FLUX FROM SURFACE          Std.Dev.=   20.548621; Glob.Mean=   71.658648    ; in units of W M**-2
**(globme)**LATENT HEAT FLUX FROM SURFACE            Std.Dev.=   113.71422; Glob.Mean=   123.02999    ; in units of W M**-2
**(globme)**OUTGOING LONG WAVE AT TOP                Std.Dev.=   246.00543; Glob.Mean=   49.210958    ; in units of W M**-2
**(globme)**SHORT WAVE ABSORBED AT GROUND            Std.Dev.=   175.81289; Glob.Mean=   243.31251    ; in units of W M**-2
**(globme)**NET LONG WAVE AT BOTTOM                  Std.Dev.=   54.697145; Glob.Mean=   41.994354    ; in units of W M**-2
**(Model)** timestep 37 at simulation time 0 days and 21600.0 seconds
**(Model)** timestep 38 at simulation time 0 days and 22200.0 seconds
**(Model)** timestep 39 at simulation time 0 days and 22800.0 seconds
**(Model)** timestep 40 at simulation time 0 days and 23400.0 seconds
**(Model)** timestep 41 at simulation time 0 days and 24000.0 seconds
**(Model)** timestep 42 at simulation time 0 days and 24600.0 seconds
**(Model)** timestep 43 at simulation time 0 days and 25200.0 seconds
**(Model)** timestep 44 at simulation time 0 days and 25800.0 seconds
**(Model)** timestep 45 at simulation time 0 days and 26400.0 seconds
**(Model)** timestep 46 at simulation time 0 days and 27000.0 seconds
**(Model)** timestep 47 at simulation time 0 days and 27600.0 seconds
**(Model)** timestep 48 at simulation time 0 days and 28200.0 seconds
**(Model)** timestep 49 at simulation time 0 days and 28800.0 seconds
**(Model)** timestep 50 at simulation time 0 days and 29400.0 seconds
**(Model)** timestep 51 at simulation time 0 days and 30000.0 seconds
**(Model)** timestep 52 at simulation time 0 days and 30600.0 seconds
**(Model)** timestep 53 at simulation time 0 days and 31200.0 seconds
**(Model)** timestep 54 at simulation time 0 days and 31800.0 seconds
**(opnfct)** writes file GFCT03R20111010122011101021F.fct.T126L28 at simulation time
**(opnfct)** 0 days and 32400.0 seconds; contains state of the atmosphere at 21Z of 10/10/2011
**(rmsgt)** State of the atmosphere at 21Z of 10/10/2011:
**(rmsgt)** Layers and average means and variances:
**(rmsgt)** LYR  Z.S. DIV.  Z.A. DIV.  Z.S. VOR.  Z.A. VOR.  G.M. TEM.  Z.S. TEM.  Z.A. TEM.  G.M. S.H.  Z.S. S.H.  Z.A. S.H.
**(rmsgt)**  28  8.773D-07  6.140D-06  1.296D-05  2.175D-05   250.43       6.92       5.88    1.681D-06  4.102D-07  1.632D-07
**(rmsgt)**  27  2.098D-06  1.776D-05  1.626D-05  2.133D-05   227.69       3.47       5.53    1.793D-06  7.192D-07  2.017D-07
**(rmsgt)**  26  1.551D-06  1.449D-05  1.505D-05  1.764D-05   221.29       2.76       5.22    1.822D-06  8.003D-07  2.186D-07
**(rmsgt)**  25  1.363D-06  1.244D-05  1.348D-05  1.487D-05   216.79       3.61       5.03    2.005D-06  9.616D-07  2.792D-07
**(rmsgt)**  24  1.287D-06  1.092D-05  1.308D-05  1.359D-05   213.43       4.40       4.67    2.295D-06  1.200D-06  3.314D-07
**(rmsgt)**  23  1.234D-06  9.951D-06  1.103D-05  1.332D-05   209.90       5.79       4.42    2.725D-06  1.372D-06  4.299D-07
**(rmsgt)**  22  1.121D-06  9.914D-06  8.904D-06  1.479D-05   206.20       8.07       4.41    3.154D-06  1.279D-06  5.451D-07
**(rmsgt)**  21  1.181D-06  1.104D-05  8.081D-06  1.814D-05   204.69       9.46       4.10    3.677D-06  1.288D-06  1.115D-06
**(rmsgt)**  20  1.487D-06  1.191D-05  8.926D-06  2.300D-05   207.80       7.58       3.77    6.291D-06  1.977D-06  2.966D-06
**(rmsgt)**  19  2.002D-06  1.167D-05  1.092D-05  2.915D-05   213.17       4.36       3.93    1.555D-05  5.964D-06  8.361D-06
**(rmsgt)**  18  1.898D-06  1.088D-05  1.159D-05  3.627D-05   219.23       4.34       3.87    4.069D-05  2.184D-05  2.449D-05
**(rmsgt)**  17  1.325D-06  1.016D-05  1.122D-05  3.997D-05   226.41       7.33       3.29    9.917D-05  6.215D-05  6.917D-05
**(rmsgt)**  16  1.261D-06  9.375D-06  1.000D-05  3.957D-05   234.85       9.41       3.53    2.019D-04  1.268D-04  1.670D-04
**(rmsgt)**  15  1.050D-06  8.342D-06  8.543D-06  3.611D-05   243.37      10.26       3.90    3.756D-04  2.247D-04  3.269D-04
**(rmsgt)**  14  9.007D-07  7.546D-06  7.274D-06  3.160D-05   251.28      10.67       4.35    6.539D-04  3.911D-04  5.523D-04
**(rmsgt)**  13  7.984D-07  6.872D-06  5.960D-06  2.760D-05   258.17      10.78       4.43    1.066D-03  6.787D-04  8.581D-04
**(rmsgt)**  12  7.306D-07  6.578D-06  5.203D-06  2.457D-05   264.09      10.89       4.67    1.597D-03  1.028D-03  1.207D-03
**(rmsgt)**  11  7.401D-07  6.322D-06  4.735D-06  2.266D-05   268.91      10.87       4.64    2.248D-03  1.423D-03  1.531D-03
**(rmsgt)**  10  7.385D-07  6.546D-06  4.507D-06  2.129D-05   272.96      11.08       4.77    3.065D-03  1.912D-03  1.774D-03
**(rmsgt)**   9  6.806D-07  6.385D-06  4.428D-06  2.042D-05   276.34      11.10       4.71    4.089D-03  2.420D-03  1.931D-03
**(rmsgt)**   8  7.139D-07  6.877D-06  4.500D-06  2.004D-05   279.13      11.35       4.79    5.145D-03  2.864D-03  2.000D-03
**(rmsgt)**   7  8.515D-07  7.465D-06  4.722D-06  2.029D-05   281.50      11.71       4.64    6.143D-03  3.218D-03  2.052D-03
**(rmsgt)**   6  1.154D-06  8.616D-06  5.043D-06  2.113D-05   283.54      12.04       4.61    7.128D-03  3.581D-03  2.123D-03
**(rmsgt)**   5  1.554D-06  1.015D-05  5.260D-06  2.240D-05   285.31      12.49       4.45    7.972D-03  3.931D-03  2.258D-03
**(rmsgt)**   4  1.897D-06  1.192D-05  5.213D-06  2.354D-05   286.95      12.90       4.41    8.753D-03  4.361D-03  2.418D-03
**(rmsgt)**   3  2.119D-06  1.319D-05  5.024D-06  2.349D-05   288.28      13.38       4.49    9.432D-03  4.778D-03  2.526D-03
**(rmsgt)**   2  2.354D-06  1.375D-05  4.416D-06  2.066D-05   289.49      13.76       4.59    9.900D-03  5.010D-03  2.607D-03
**(rmsgt)**   1  2.261D-06  1.343D-05  3.350D-06  1.542D-05   289.86      14.01       5.04    1.033D-02  5.239D-03  2.730D-03
**(rmsgt)** AVE  1.242D-06  9.159D-06  7.863D-06  2.703D-05   252.14      10.07       4.37    2.440D-03  2.016D-03  1.351
**(rmsgt)** Log(surface pressure) mean and variance:
**(rmsgt)**  G.M.LNP.= 4.59    ; Z.S.LNP.=0.436D-01; Z.A.LNP.=0.662D-01
**(wridia)** file also contains diagnostics at 21Z of 10/10/2011:
**(globme)**TOTAL PRECIPITATION                      Std.Dev.=   3.3772010; Glob.Mean=   9.1498983    ; in units of Kg M**-2 Day
**-1
**(globme)**CONVECTIVE PRECIPITATION                 Std.Dev.=   2.7705032; Glob.Mean=   8.8641201    ; in units of Kg M**-2 Day
**-1
**(globme)**SENSIBLE HEAT FLUX FROM SURFACE          Std.Dev.=   13.702929; Glob.Mean=   58.207147    ; in units of W M**-2
**(globme)**LATENT HEAT FLUX FROM SURFACE            Std.Dev.=   103.23832; Glob.Mean=   113.24225    ; in units of W M**-2
**(globme)**OUTGOING LONG WAVE AT TOP                Std.Dev.=   244.82552; Glob.Mean=   48.455057    ; in units of W M**-2
**(globme)**SHORT WAVE ABSORBED AT GROUND            Std.Dev.=   178.42317; Glob.Mean=   255.19458    ; in units of W M**-2
**(globme)**NET LONG WAVE AT BOTTOM                  Std.Dev.=   52.456327; Glob.Mean=   37.073477    ; in units of W M**-2
**(Model)** timestep 55 at simulation time 0 days and 32400.0 seconds
**(Model)** timestep 56 at simulation time 0 days and 33000.0 seconds
**(Model)** timestep 57 at simulation time 0 days and 33600.0 seconds
**(Model)** timestep 58 at simulation time 0 days and 34200.0 seconds
**(Model)** timestep 59 at simulation time 0 days and 34800.0 seconds
**(Model)** timestep 60 at simulation time 0 days and 35400.0 seconds
**(Model)** timestep 61 at simulation time 0 days and 36000.0 seconds
**(Model)** timestep 62 at simulation time 0 days and 36600.0 seconds
**(Model)** timestep 63 at simulation time 0 days and 37200.0 seconds
**(Model)** timestep 64 at simulation time 0 days and 37800.0 seconds
**(Model)** timestep 65 at simulation time 0 days and 38400.0 seconds
**(Model)** timestep 66 at simulation time 0 days and 39000.0 seconds
**(Model)** timestep 67 at simulation time 0 days and 39600.0 seconds
**(Model)** timestep 68 at simulation time 0 days and 40200.0 seconds
**(Model)** timestep 69 at simulation time 0 days and 40800.0 seconds
**(Model)** timestep 70 at simulation time 0 days and 41400.0 seconds
**(Model)** timestep 71 at simulation time 0 days and 42000.0 seconds
**(Model)** timestep 72 at simulation time 0 days and 42600.0 seconds
**(opnfct)** writes file GFCT03R20111010122011101100F.fct.T126L28 at simulation time
**(opnfct)** 0 days and 43200.0 seconds; contains state of the atmosphere at 00Z of 11/10/2011
**(rmsgt)** State of the atmosphere at 00Z of 11/10/2011:
**(rmsgt)** Layers and average means and variances:
**(rmsgt)** LYR  Z.S. DIV.  Z.A. DIV.  Z.S. VOR.  Z.A. VOR.  G.M. TEM.  Z.S. TEM.  Z.A. TEM.  G.M. S.H.  Z.S. S.H.  Z.A. S.H.
**(rmsgt)**  28  9.507D-07  5.694D-06  1.266D-05  2.182D-05   250.42       6.90       5.83    1.682D-06  4.102D-07  1.631D-07
**(rmsgt)**  27  2.097D-06  1.795D-05  1.637D-05  2.181D-05   227.58       3.44       5.80    1.795D-06  7.187D-07  2.005D-07
**(rmsgt)**  26  1.736D-06  1.400D-05  1.512D-05  1.811D-05   221.28       2.66       5.35    1.825D-06  7.990D-07  2.166D-07
**(rmsgt)**  25  1.841D-06  1.213D-05  1.348D-05  1.534D-05   216.80       3.52       5.03    2.007D-06  9.601D-07  2.790D-07
**(rmsgt)**  24  1.294D-06  1.079D-05  1.302D-05  1.361D-05   213.47       4.32       4.65    2.295D-06  1.199D-06  3.341D-07
**(rmsgt)**  23  1.374D-06  1.033D-05  1.100D-05  1.304D-05   209.94       5.74       4.38    2.723D-06  1.371D-06  4.348D-07
**(rmsgt)**  22  1.215D-06  9.697D-06  8.975D-06  1.446D-05   206.21       8.05       4.34    3.154D-06  1.274D-06  5.652D-07
**(rmsgt)**  21  1.244D-06  1.061D-05  8.196D-06  1.811D-05   204.71       9.43       4.07    3.718D-06  1.316D-06  1.259D-06
**(rmsgt)**  20  1.600D-06  1.205D-05  9.033D-06  2.295D-05   207.82       7.52       3.76    6.435D-06  2.071D-06  3.351D-06
**(rmsgt)**  19  1.647D-06  1.131D-05  1.091D-05  2.888D-05   213.17       4.29       3.91    1.593D-05  6.147D-06  9.223D-06
**(rmsgt)**  18  1.559D-06  1.062D-05  1.160D-05  3.558D-05   219.22       4.32       3.84    4.170D-05  2.228D-05  2.660D-05
**(rmsgt)**  17  1.182D-06  9.931D-06  1.110D-05  3.889D-05   226.39       7.31       3.26    1.015D-04  6.326D-05  7.193D-05
**(rmsgt)**  16  1.319D-06  9.011D-06  9.908D-06  3.849D-05   234.84       9.41       3.48    2.055D-04  1.264D-04  1.697D-04
**(rmsgt)**  15  1.070D-06  7.954D-06  8.456D-06  3.513D-05   243.33      10.26       3.87    3.802D-04  2.215D-04  3.294D-04
**(rmsgt)**  14  8.570D-07  7.339D-06  7.190D-06  3.065D-05   251.24      10.67       4.32    6.590D-04  3.853D-04  5.520D-04
**(rmsgt)**  13  8.154D-07  6.779D-06  5.906D-06  2.671D-05   258.14      10.79       4.42    1.071D-03  6.697D-04  8.545D-04
**(rmsgt)**  12  7.891D-07  6.539D-06  5.146D-06  2.383D-05   264.08      10.90       4.66    1.599D-03  1.016D-03  1.204D-03
**(rmsgt)**  11  8.086D-07  6.280D-06  4.677D-06  2.200D-05   268.85      10.85       4.63    2.236D-03  1.401D-03  1.535D-03
**(rmsgt)**  10  7.596D-07  6.480D-06  4.430D-06  2.067D-05   272.86      11.05       4.77    3.039D-03  1.889D-03  1.776D-03
**(rmsgt)**   9  6.466D-07  6.558D-06  4.351D-06  1.977D-05   276.27      11.08       4.72    4.071D-03  2.406D-03  1.934D-03
**(rmsgt)**   8  6.249D-07  6.967D-06  4.429D-06  1.959D-05   279.07      11.34       4.77    5.131D-03  2.853D-03  2.006D-03
**(rmsgt)**   7  7.584D-07  7.494D-06  4.672D-06  2.004D-05   281.45      11.73       4.60    6.116D-03  3.201D-03  2.061D-03
**(rmsgt)**   6  1.062D-06  8.234D-06  5.006D-06  2.101D-05   283.52      12.07       4.57    7.102D-03  3.563D-03  2.140D-03
**(rmsgt)**   5  1.453D-06  9.454D-06  5.249D-06  2.229D-05   285.28      12.48       4.44    7.973D-03  3.931D-03  2.283D-03
**(rmsgt)**   4  1.793D-06  1.092D-05  5.322D-06  2.341D-05   286.89      12.87       4.41    8.759D-03  4.362D-03  2.446D-03
**(rmsgt)**   3  2.068D-06  1.202D-05  5.170D-06  2.332D-05   288.16      13.29       4.50    9.492D-03  4.829D-03  2.549D-03
**(rmsgt)**   2  2.307D-06  1.247D-05  4.487D-06  2.035D-05   289.35      13.64       4.61    1.001D-02  5.109D-03  2.615D-03
**(rmsgt)**   1  2.191D-06  1.223D-05  3.322D-06  1.493D-05   289.63      13.87       5.13    1.048D-02  5.354D-03  2.752D-03
**(rmsgt)** AVE  1.203D-06  8.897D-06  7.832D-06  2.641D-05   252.10      10.06       4.36    2.440D-03  2.019D-03  1.358
**(rmsgt)** Log(surface pressure) mean and variance:
**(rmsgt)**  G.M.LNP.= 4.59    ; Z.S.LNP.=0.437D-01; Z.A.LNP.=0.661D-01
**(wridia)** file also contains diagnostics at 00Z of 11/10/2011:
**(globme)**TOTAL PRECIPITATION                      Std.Dev.=   3.2539753; Glob.Mean=   8.6131000    ; in units of Kg M**-2 Day
**-1
**(globme)**CONVECTIVE PRECIPITATION                 Std.Dev.=   2.5419703; Glob.Mean=   8.1327606    ; in units of Kg M**-2 Day
**-1
**(globme)**SENSIBLE HEAT FLUX FROM SURFACE          Std.Dev.=   6.6131214; Glob.Mean=   35.324156    ; in units of W M**-2
**(globme)**LATENT HEAT FLUX FROM SURFACE            Std.Dev.=   93.544614; Glob.Mean=   104.61001    ; in units of W M**-2
**(globme)**OUTGOING LONG WAVE AT TOP                Std.Dev.=   244.47010; Glob.Mean=   48.064886    ; in units of W M**-2
**(globme)**SHORT WAVE ABSORBED AT GROUND            Std.Dev.=   181.76046; Glob.Mean=   261.93539    ; in units of W M**-2
**(globme)**NET LONG WAVE AT BOTTOM                  Std.Dev.=   51.080966; Glob.Mean=   34.158118    ; in units of W M**-2
**(Model)** timestep 73 at simulation time 0 days and 43200.0 seconds
**(Model)** timestep 74 at simulation time 0 days and 43800.0 seconds
**(Model)** timestep 75 at simulation time 0 days and 44400.0 seconds
**(Model)** timestep 76 at simulation time 0 days and 45000.0 seconds
**(Model)** timestep 77 at simulation time 0 days and 45600.0 seconds
**(Model)** timestep 78 at simulation time 0 days and 46200.0 seconds
**(Model)** timestep 79 at simulation time 0 days and 46800.0 seconds
**(Model)** timestep 80 at simulation time 0 days and 47400.0 seconds
**(Model)** timestep 81 at simulation time 0 days and 48000.0 seconds
**(Model)** timestep 82 at simulation time 0 days and 48600.0 seconds
**(Model)** timestep 83 at simulation time 0 days and 49200.0 seconds
**(Model)** timestep 84 at simulation time 0 days and 49800.0 seconds
**(Model)** timestep 85 at simulation time 0 days and 50400.0 seconds
**(Model)** timestep 86 at simulation time 0 days and 51000.0 seconds
**(Model)** timestep 87 at simulation time 0 days and 51600.0 seconds
**(Model)** timestep 88 at simulation time 0 days and 52200.0 seconds
**(Model)** timestep 89 at simulation time 0 days and 52800.0 seconds
**(Model)** timestep 90 at simulation time 0 days and 53400.0 seconds
**(opnfct)** writes file GFCT03R20111010122011101103F.fct.T126L28 at simulation time
**(opnfct)** 0 days and 54000.0 seconds; contains state of the atmosphere at 03Z of 11/10/2011
**(rmsgt)** State of the atmosphere at 03Z of 11/10/2011:
**(rmsgt)** Layers and average means and variances:
**(rmsgt)** LYR  Z.S. DIV.  Z.A. DIV.  Z.S. VOR.  Z.A. VOR.  G.M. TEM.  Z.S. TEM.  Z.A. TEM.  G.M. S.H.  Z.S. S.H.  Z.A. S.H.
**(rmsgt)**  28  8.503D-07  5.307D-06  1.257D-05  2.190D-05   250.43       6.85       5.78    1.682D-06  4.095D-07  1.642D-07
**(rmsgt)**  27  2.093D-06  1.706D-05  1.633D-05  2.187D-05   227.48       3.45       6.05    1.795D-06  7.188D-07  1.990D-07
**(rmsgt)**  26  1.847D-06  1.378D-05  1.513D-05  1.805D-05   221.25       2.55       5.55    1.824D-06  7.981D-07  2.166D-07
**(rmsgt)**  25  1.577D-06  1.247D-05  1.343D-05  1.576D-05   216.81       3.41       5.18    2.007D-06  9.583D-07  2.780D-07
**(rmsgt)**  24  1.282D-06  1.054D-05  1.287D-05  1.389D-05   213.52       4.22       4.77    2.296D-06  1.198D-06  3.339D-07
**(rmsgt)**  23  1.254D-06  9.723D-06  1.079D-05  1.343D-05   209.99       5.66       4.43    2.724D-06  1.369D-06  4.397D-07
**(rmsgt)**  22  1.023D-06  9.384D-06  8.835D-06  1.456D-05   206.22       8.01       4.35    3.159D-06  1.270D-06  5.913D-07
**(rmsgt)**  21  1.409D-06  1.066D-05  8.180D-06  1.810D-05   204.72       9.39       4.07    3.768D-06  1.349D-06  1.417D-06
**(rmsgt)**  20  1.503D-06  1.194D-05  9.156D-06  2.299D-05   207.82       7.48       3.73    6.580D-06  2.186D-06  3.639D-06
**(rmsgt)**  19  1.659D-06  1.116D-05  1.099D-05  2.879D-05   213.19       4.27       3.85    1.625D-05  6.372D-06  1.002D-05
**(rmsgt)**  18  1.571D-06  1.063D-05  1.165D-05  3.492D-05   219.21       4.31       3.79    4.258D-05  2.280D-05  2.841D-05
**(rmsgt)**  17  1.232D-06  9.343D-06  1.121D-05  3.808D-05   226.38       7.31       3.24    1.035D-04  6.417D-05  7.503D-05
**(rmsgt)**  16  1.021D-06  8.398D-06  1.002D-05  3.761D-05   234.82       9.41       3.45    2.082D-04  1.255D-04  1.738D-04
**(rmsgt)**  15  9.654D-07  7.608D-06  8.521D-06  3.430D-05   243.28      10.28       3.85    3.839D-04  2.182D-04  3.325D-04
**(rmsgt)**  14  7.309D-07  7.001D-06  7.139D-06  3.003D-05   251.20      10.69       4.30    6.632D-04  3.792D-04  5.543D-04
**(rmsgt)**  13  7.986D-07  6.586D-06  5.865D-06  2.616D-05   258.11      10.81       4.42    1.074D-03  6.578D-04  8.538D-04
**(rmsgt)**  12  7.524D-07  6.586D-06  5.097D-06  2.336D-05   264.07      10.93       4.65    1.598D-03  1.000D-03  1.203D-03
**(rmsgt)**  11  6.497D-07  6.404D-06  4.678D-06  2.156D-05   268.80      10.84       4.62    2.221D-03  1.378D-03  1.535D-03
**(rmsgt)**  10  6.716D-07  6.484D-06  4.411D-06  2.025D-05   272.77      11.03       4.76    3.014D-03  1.867D-03  1.779D-03
**(rmsgt)**   9  6.553D-07  6.411D-06  4.328D-06  1.942D-05   276.18      11.07       4.70    4.054D-03  2.392D-03  1.935D-03
**(rmsgt)**   8  7.208D-07  6.659D-06  4.458D-06  1.936D-05   278.99      11.33       4.73    5.115D-03  2.843D-03  2.009D-03
**(rmsgt)**   7  9.016D-07  7.297D-06  4.732D-06  1.990D-05   281.38      11.73       4.58    6.096D-03  3.187D-03  2.066D-03
**(rmsgt)**   6  1.169D-06  8.142D-06  5.108D-06  2.098D-05   283.48      12.07       4.55    7.097D-03  3.556D-03  2.155D-03
**(rmsgt)**   5  1.502D-06  9.305D-06  5.355D-06  2.231D-05   285.25      12.46       4.44    7.988D-03  3.943D-03  2.306D-03
**(rmsgt)**   4  1.845D-06  1.065D-05  5.454D-06  2.333D-05   286.88      12.83       4.42    8.788D-03  4.377D-03  2.452D-03
**(rmsgt)**   3  2.077D-06  1.162D-05  5.295D-06  2.305D-05   288.13      13.23       4.47    9.560D-03  4.886D-03  2.570D-03
**(rmsgt)**   2  2.308D-06  1.197D-05  4.578D-06  2.005D-05   289.33      13.57       4.57    1.009D-02  5.179D-03  2.632D-03
**(rmsgt)**   1  2.175D-06  1.185D-05  3.391D-06  1.475D-05   289.64      13.83       5.07    1.056D-02  5.410D-03  2.756D-03
**(rmsgt)** AVE  1.172D-06  8.679D-06  7.852D-06  2.598D-05   252.07      10.05       4.35    2.441D-03  2.021D-03  1.362
**(rmsgt)** Log(surface pressure) mean and variance:
**(rmsgt)**  G.M.LNP.= 4.59    ; Z.S.LNP.=0.438D-01; Z.A.LNP.=0.660D-01
**(wridia)** file also contains diagnostics at 03Z of 11/10/2011:
**(globme)**TOTAL PRECIPITATION                      Std.Dev.=   3.2036452; Glob.Mean=   8.7622722    ; in units of Kg M**-2 Day
**-1
**(globme)**CONVECTIVE PRECIPITATION                 Std.Dev.=   2.4049583; Glob.Mean=   8.1961105    ; in units of Kg M**-2 Day
**-1
**(globme)**SENSIBLE HEAT FLUX FROM SURFACE          Std.Dev.=   11.122802; Glob.Mean=   54.820630    ; in units of W M**-2
**(globme)**LATENT HEAT FLUX FROM SURFACE            Std.Dev.=   92.189979; Glob.Mean=   104.13503    ; in units of W M**-2
**(globme)**OUTGOING LONG WAVE AT TOP                Std.Dev.=   243.99724; Glob.Mean=   48.026543    ; in units of W M**-2
**(globme)**SHORT WAVE ABSORBED AT GROUND            Std.Dev.=   179.70360; Glob.Mean=   258.83141    ; in units of W M**-2
**(globme)**NET LONG WAVE AT BOTTOM                  Std.Dev.=   49.949927; Glob.Mean=   32.561352    ; in units of W M**-2
**(Model)** timestep 91 at simulation time 0 days and 54000.0 seconds
**(Model)** timestep 92 at simulation time 0 days and 54600.0 seconds
**(Model)** timestep 93 at simulation time 0 days and 55200.0 seconds
**(Model)** timestep 94 at simulation time 0 days and 55800.0 seconds
**(Model)** timestep 95 at simulation time 0 days and 56400.0 seconds
**(Model)** timestep 96 at simulation time 0 days and 57000.0 seconds
**(Model)** timestep 97 at simulation time 0 days and 57600.0 seconds
**(Model)** timestep 98 at simulation time 0 days and 58200.0 seconds
**(Model)** timestep 99 at simulation time 0 days and 58800.0 seconds
**(Model)** timestep 100 at simulation time 0 days and 59400.0 seconds
**(Model)** timestep 101 at simulation time 0 days and 60000.0 seconds
**(Model)** timestep 102 at simulation time 0 days and 60600.0 seconds
**(Model)** timestep 103 at simulation time 0 days and 61200.0 seconds
**(Model)** timestep 104 at simulation time 0 days and 61800.0 seconds
**(Model)** timestep 105 at simulation time 0 days and 62400.0 seconds
**(Model)** timestep 106 at simulation time 0 days and 63000.0 seconds
**(Model)** timestep 107 at simulation time 0 days and 63600.0 seconds
**(Model)** timestep 108 at simulation time 0 days and 64200.0 seconds
**(opnfct)** writes file GFCT03R20111010122011101106F.fct.T126L28 at simulation time
**(opnfct)** 0 days and 64800.0 seconds; contains state of the atmosphere at 06Z of 11/10/2011
**(rmsgt)** State of the atmosphere at 06Z of 11/10/2011:
**(rmsgt)** Layers and average means and variances:
**(rmsgt)** LYR  Z.S. DIV.  Z.A. DIV.  Z.S. VOR.  Z.A. VOR.  G.M. TEM.  Z.S. TEM.  Z.A. TEM.  G.M. S.H.  Z.S. S.H.  Z.A. S.H.
**(rmsgt)**  28  7.612D-07  5.180D-06  1.250D-05  2.206D-05   250.44       6.78       5.69    1.683D-06  4.087D-07  1.652D-07
**(rmsgt)**  27  1.572D-06  1.625D-05  1.625D-05  2.197D-05   227.37       3.51       6.36    1.795D-06  7.186D-07  1.998D-07
**(rmsgt)**  26  1.776D-06  1.339D-05  1.503D-05  1.834D-05   221.23       2.45       5.79    1.823D-06  7.968D-07  2.149D-07
**(rmsgt)**  25  1.520D-06  1.224D-05  1.339D-05  1.573D-05   216.83       3.31       5.29    2.007D-06  9.573D-07  2.789D-07
**(rmsgt)**  24  1.216D-06  1.040D-05  1.287D-05  1.404D-05   213.57       4.13       4.88    2.298D-06  1.196D-06  3.342D-07
**(rmsgt)**  23  1.019D-06  9.397D-06  1.067D-05  1.346D-05   210.03       5.60       4.49    2.727D-06  1.368D-06  4.419D-07
**(rmsgt)**  22  1.052D-06  9.072D-06  8.721D-06  1.446D-05   206.22       7.98       4.39    3.165D-06  1.266D-06  6.288D-07
**(rmsgt)**  21  1.487D-06  1.055D-05  8.191D-06  1.806D-05   204.72       9.37       4.09    3.814D-06  1.378D-06  1.520D-06
**(rmsgt)**  20  1.792D-06  1.135D-05  9.219D-06  2.301D-05   207.82       7.45       3.74    6.704D-06  2.293D-06  3.844D-06
**(rmsgt)**  19  1.874D-06  1.105D-05  1.109D-05  2.876D-05   213.21       4.25       3.84    1.647D-05  6.524D-06  1.046D-05
**(rmsgt)**  18  1.557D-06  1.035D-05  1.170D-05  3.434D-05   219.22       4.30       3.76    4.294D-05  2.287D-05  2.917D-05
**(rmsgt)**  17  1.177D-06  8.929D-06  1.137D-05  3.734D-05   226.36       7.30       3.21    1.039D-04  6.376D-05  7.528D-05
**(rmsgt)**  16  9.110D-07  8.122D-06  1.018D-05  3.677D-05   234.80       9.42       3.41    2.079D-04  1.235D-04  1.718D-04
**(rmsgt)**  15  8.242D-07  7.433D-06  8.542D-06  3.363D-05   243.24      10.29       3.82    3.845D-04  2.141D-04  3.280D-04
**(rmsgt)**  14  6.782D-07  6.692D-06  7.109D-06  2.955D-05   251.16      10.70       4.27    6.641D-04  3.708D-04  5.489D-04
**(rmsgt)**  13  7.383D-07  6.392D-06  5.897D-06  2.578D-05   258.09      10.84       4.41    1.072D-03  6.432D-04  8.435D-04
**(rmsgt)**  12  6.745D-07  6.496D-06  5.164D-06  2.302D-05   264.06      10.96       4.64    1.593D-03  9.822D-04  1.188D-03
**(rmsgt)**  11  6.584D-07  6.512D-06  4.726D-06  2.123D-05   268.75      10.84       4.60    2.210D-03  1.357D-03  1.521D-03
**(rmsgt)**  10  7.914D-07  6.710D-06  4.453D-06  1.995D-05   272.68      11.01       4.74    2.994D-03  1.848D-03  1.770D-03
**(rmsgt)**   9  6.637D-07  6.584D-06  4.364D-06  1.921D-05   276.09      11.07       4.68    4.041D-03  2.381D-03  1.926D-03
**(rmsgt)**   8  6.487D-07  6.734D-06  4.497D-06  1.916D-05   278.92      11.33       4.71    5.107D-03  2.835D-03  2.003D-03
**(rmsgt)**   7  8.640D-07  7.177D-06  4.791D-06  1.967D-05   281.35      11.73       4.57    6.095D-03  3.175D-03  2.064D-03
**(rmsgt)**   6  1.155D-06  8.063D-06  5.182D-06  2.082D-05   283.48      12.09       4.55    7.104D-03  3.554D-03  2.167D-03
**(rmsgt)**   5  1.472D-06  9.277D-06  5.424D-06  2.223D-05   285.28      12.47       4.42    8.021D-03  3.964D-03  2.336D-03
**(rmsgt)**   4  1.778D-06  1.058D-05  5.529D-06  2.322D-05   286.93      12.83       4.38    8.823D-03  4.399D-03  2.475D-03
**(rmsgt)**   3  1.959D-06  1.149D-05  5.359D-06  2.281D-05   288.19      13.22       4.39    9.602D-03  4.918D-03  2.583D-03
**(rmsgt)**   2  2.191D-06  1.189D-05  4.627D-06  1.980D-05   289.41      13.55       4.45    1.014D-02  5.215D-03  2.635D-03
**(rmsgt)**   1  2.175D-06  1.189D-05  3.409D-06  1.471D-05   289.93      13.86       4.86    1.061D-02  5.434D-03  2.740D-03
**(rmsgt)** AVE  1.154D-06  8.523D-06  7.892D-06  2.562D-05   252.05      10.05       4.34    2.441D-03  2.022D-03  1.361
**(rmsgt)** Log(surface pressure) mean and variance:
**(rmsgt)**  G.M.LNP.= 4.59    ; Z.S.LNP.=0.439D-01; Z.A.LNP.=0.659D-01
**(wridia)** file also contains diagnostics at 06Z of 11/10/2011:
**(globme)**TOTAL PRECIPITATION                      Std.Dev.=   3.2570450; Glob.Mean=   9.0669676    ; in units of Kg M**-2 Day
**-1
**(globme)**CONVECTIVE PRECIPITATION                 Std.Dev.=   2.4622665; Glob.Mean=   8.5364303    ; in units of Kg M**-2 Day
**-1
**(globme)**SENSIBLE HEAT FLUX FROM SURFACE          Std.Dev.=   19.489526; Glob.Mean=   68.606863    ; in units of W M**-2
**(globme)**LATENT HEAT FLUX FROM SURFACE            Std.Dev.=   94.764736; Glob.Mean=   106.53826    ; in units of W M**-2
**(globme)**OUTGOING LONG WAVE AT TOP                Std.Dev.=   243.62602; Glob.Mean=   48.497651    ; in units of W M**-2
**(globme)**SHORT WAVE ABSORBED AT GROUND            Std.Dev.=   177.61425; Glob.Mean=   255.48882    ; in units of W M**-2
**(globme)**NET LONG WAVE AT BOTTOM                  Std.Dev.=   51.254855; Glob.Mean=   35.405607    ; in units of W M**-2
**(Model)** timestep 109 at simulation time 0 days and 64800.0 seconds
**(Model)** timestep 110 at simulation time 0 days and 65400.0 seconds
**(Model)** timestep 111 at simulation time 0 days and 66000.0 seconds
**(Model)** timestep 112 at simulation time 0 days and 66600.0 seconds
**(Model)** timestep 113 at simulation time 0 days and 67200.0 seconds
**(Model)** timestep 114 at simulation time 0 days and 67800.0 seconds
**(Model)** timestep 115 at simulation time 0 days and 68400.0 seconds
**(Model)** timestep 116 at simulation time 0 days and 69000.0 seconds
**(Model)** timestep 117 at simulation time 0 days and 69600.0 seconds
**(Model)** timestep 118 at simulation time 0 days and 70200.0 seconds
**(Model)** timestep 119 at simulation time 0 days and 70800.0 seconds
**(Model)** timestep 120 at simulation time 0 days and 71400.0 seconds
**(Model)** timestep 121 at simulation time 0 days and 72000.0 seconds
**(Model)** timestep 122 at simulation time 0 days and 72600.0 seconds
**(Model)** timestep 123 at simulation time 0 days and 73200.0 seconds
**(Model)** timestep 124 at simulation time 0 days and 73800.0 seconds
**(Model)** timestep 125 at simulation time 0 days and 74400.0 seconds
**(Model)** timestep 126 at simulation time 0 days and 75000.0 seconds
**(opnfct)** writes file GFCT03R20111010122011101109F.fct.T126L28 at simulation time
**(opnfct)** 0 days and 75600.0 seconds; contains state of the atmosphere at 09Z of 11/10/2011
**(rmsgt)** State of the atmosphere at 09Z of 11/10/2011:
**(rmsgt)** Layers and average means and variances:
**(rmsgt)** LYR  Z.S. DIV.  Z.A. DIV.  Z.S. VOR.  Z.A. VOR.  G.M. TEM.  Z.S. TEM.  Z.A. TEM.  G.M. S.H.  Z.S. S.H.  Z.A. S.H.
**(rmsgt)**  28  9.814D-07  4.904D-06  1.228D-05  2.224D-05   250.45       6.73       5.62    1.684D-06  4.075D-07  1.667D-07
**(rmsgt)**  27  2.064D-06  1.533D-05  1.589D-05  2.160D-05   227.28       3.59       6.61    1.795D-06  7.175D-07  2.010D-07
**(rmsgt)**  26  1.618D-06  1.282D-05  1.486D-05  1.836D-05   221.20       2.34       5.91    1.821D-06  7.953D-07  2.140D-07
**(rmsgt)**  25  1.525D-06  1.159D-05  1.320D-05  1.617D-05   216.83       3.21       5.37    2.009D-06  9.563D-07  2.792D-07
**(rmsgt)**  24  1.151D-06  1.012D-05  1.286D-05  1.445D-05   213.61       4.06       4.92    2.301D-06  1.195D-06  3.348D-07
**(rmsgt)**  23  9.922D-07  9.678D-06  1.073D-05  1.354D-05   210.06       5.59       4.51    2.732D-06  1.368D-06  4.433D-07
**(rmsgt)**  22  1.265D-06  8.934D-06  8.787D-06  1.436D-05   206.23       8.02       4.40    3.167D-06  1.260D-06  6.468D-07
**(rmsgt)**  21  1.420D-06  1.031D-05  8.351D-06  1.786D-05   204.72       9.39       4.12    3.844D-06  1.397D-06  1.576D-06
**(rmsgt)**  20  1.845D-06  1.105D-05  9.277D-06  2.303D-05   207.83       7.43       3.76    6.802D-06  2.354D-06  3.914D-06
**(rmsgt)**  19  2.121D-06  1.114D-05  1.119D-05  2.854D-05   213.23       4.22       3.85    1.668D-05  6.670D-06  1.077D-05
**(rmsgt)**  18  1.672D-06  1.008D-05  1.176D-05  3.384D-05   219.23       4.28       3.74    4.328D-05  2.302D-05  2.981D-05
**(rmsgt)**  17  1.111D-06  8.793D-06  1.127D-05  3.668D-05   226.34       7.29       3.20    1.042D-04  6.360D-05  7.549D-05
**(rmsgt)**  16  1.008D-06  8.126D-06  1.012D-05  3.603D-05   234.78       9.42       3.37    2.072D-04  1.214D-04  1.691D-04
**(rmsgt)**  15  8.656D-07  7.220D-06  8.459D-06  3.308D-05   243.20      10.30       3.79    3.827D-04  2.078D-04  3.196D-04
**(rmsgt)**  14  6.868D-07  6.634D-06  7.080D-06  2.913D-05   251.13      10.70       4.24    6.630D-04  3.609D-04  5.339D-04
**(rmsgt)**  13  6.295D-07  6.289D-06  5.911D-06  2.547D-05   258.06      10.86       4.39    1.070D-03  6.297D-04  8.249D-04
**(rmsgt)**  12  5.947D-07  6.326D-06  5.171D-06  2.276D-05   264.05      10.98       4.62    1.591D-03  9.688D-04  1.165D-03
**(rmsgt)**  11  7.669D-07  6.542D-06  4.730D-06  2.098D-05   268.71      10.84       4.58    2.203D-03  1.339D-03  1.501D-03
**(rmsgt)**  10  8.558D-07  6.701D-06  4.439D-06  1.973D-05   272.60      10.99       4.73    2.979D-03  1.830D-03  1.757D-03
**(rmsgt)**   9  8.024D-07  6.618D-06  4.353D-06  1.897D-05   276.01      11.06       4.68    4.033D-03  2.371D-03  1.912D-03
**(rmsgt)**   8  8.079D-07  6.787D-06  4.479D-06  1.890D-05   278.86      11.33       4.71    5.104D-03  2.828D-03  1.993D-03
**(rmsgt)**   7  9.568D-07  7.177D-06  4.795D-06  1.945D-05   281.32      11.74       4.56    6.098D-03  3.171D-03  2.063D-03
**(rmsgt)**   6  1.158D-06  8.080D-06  5.186D-06  2.068D-05   283.49      12.10       4.52    7.127D-03  3.564D-03  2.185D-03
**(rmsgt)**   5  1.404D-06  9.348D-06  5.405D-06  2.210D-05   285.32      12.49       4.34    8.061D-03  3.987D-03  2.343D-03
**(rmsgt)**   4  1.674D-06  1.071D-05  5.499D-06  2.291D-05   287.03      12.86       4.27    8.861D-03  4.423D-03  2.476D-03
**(rmsgt)**   3  1.916D-06  1.184D-05  5.268D-06  2.229D-05   288.40      13.28       4.27    9.626D-03  4.933D-03  2.584D-03
**(rmsgt)**   2  2.161D-06  1.244D-05  4.591D-06  1.953D-05   289.69      13.63       4.35    1.017D-02  5.242D-03  2.637D-03
**(rmsgt)**   1  2.174D-06  1.267D-05  3.492D-06  1.504D-05   290.41      14.08       4.66    1.063D-02  5.429D-03  2.748D-03
**(rmsgt)** AVE  1.193D-06  8.467D-06  7.878D-06  2.529D-05   252.05      10.06       4.33    2.443D-03  2.023D-03  1.356
**(rmsgt)** Log(surface pressure) mean and variance:
**(rmsgt)**  G.M.LNP.= 4.59    ; Z.S.LNP.=0.440D-01; Z.A.LNP.=0.660D-01
**(wridia)** file also contains diagnostics at 09Z of 11/10/2011:
**(globme)**TOTAL PRECIPITATION                      Std.Dev.=   3.2448323; Glob.Mean=   8.8594358    ; in units of Kg M**-2 Day
**-1
**(globme)**CONVECTIVE PRECIPITATION                 Std.Dev.=   2.4571850; Glob.Mean=   8.3528997    ; in units of Kg M**-2 Day
**-1
**(globme)**SENSIBLE HEAT FLUX FROM SURFACE          Std.Dev.=   26.442531; Glob.Mean=   68.659026    ; in units of W M**-2
**(globme)**LATENT HEAT FLUX FROM SURFACE            Std.Dev.=   96.119729; Glob.Mean=   103.01304    ; in units of W M**-2
**(globme)**OUTGOING LONG WAVE AT TOP                Std.Dev.=   243.50529; Glob.Mean=   49.675647    ; in units of W M**-2
**(globme)**SHORT WAVE ABSORBED AT GROUND            Std.Dev.=   178.81071; Glob.Mean=   254.66907    ; in units of W M**-2
**(globme)**NET LONG WAVE AT BOTTOM                  Std.Dev.=   54.441684; Glob.Mean=   40.168725    ; in units of W M**-2
**(Model)** timestep 127 at simulation time 0 days and 75600.0 seconds
**(Model)** timestep 128 at simulation time 0 days and 76200.0 seconds
**(Model)** timestep 129 at simulation time 0 days and 76800.0 seconds
**(Model)** timestep 130 at simulation time 0 days and 77400.0 seconds
**(Model)** timestep 131 at simulation time 0 days and 78000.0 seconds
**(Model)** timestep 132 at simulation time 0 days and 78600.0 seconds
**(Model)** timestep 133 at simulation time 0 days and 79200.0 seconds
**(Model)** timestep 134 at simulation time 0 days and 79800.0 seconds
**(Model)** timestep 135 at simulation time 0 days and 80400.0 seconds
**(Model)** timestep 136 at simulation time 0 days and 81000.0 seconds
**(Model)** timestep 137 at simulation time 0 days and 81600.0 seconds
**(Model)** timestep 138 at simulation time 0 days and 82200.0 seconds
**(Model)** timestep 139 at simulation time 0 days and 82800.0 seconds
**(Model)** timestep 140 at simulation time 0 days and 83400.0 seconds
**(Model)** timestep 141 at simulation time 0 days and 84000.0 seconds
**(Model)** timestep 142 at simulation time 0 days and 84600.0 seconds
**(Model)** timestep 143 at simulation time 0 days and 85200.0 seconds
**(Model)** timestep 144 at simulation time 0 days and 85800.0 seconds
**(opnfct)** writes file GFCT03R20111010122011101112F.fct.T126L28 at simulation time
**(opnfct)** 1 days and 0.0 seconds; contains state of the atmosphere at 12Z of 11/10/2011
**(rmsgt)** State of the atmosphere at 12Z of 11/10/2011:
**(rmsgt)** Layers and average means and variances:
**(rmsgt)** LYR  Z.S. DIV.  Z.A. DIV.  Z.S. VOR.  Z.A. VOR.  G.M. TEM.  Z.S. TEM.  Z.A. TEM.  G.M. S.H.  Z.S. S.H.  Z.A. S.H.
**(rmsgt)**  28  8.576D-07  4.813D-06  1.231D-05  2.251D-05   250.47       6.71       5.63    1.686D-06  4.064D-07  1.681D-07
**(rmsgt)**  27  1.924D-06  1.483D-05  1.570D-05  2.138D-05   227.19       3.66       6.88    1.794D-06  7.161D-07  2.019D-07
**(rmsgt)**  26  1.300D-06  1.283D-05  1.490D-05  1.852D-05   221.18       2.32       6.02    1.822D-06  7.941D-07  2.136D-07
**(rmsgt)**  25  1.385D-06  1.119D-05  1.315D-05  1.602D-05   216.83       3.04       5.43    2.010D-06  9.563D-07  2.783D-07
**(rmsgt)**  24  1.327D-06  1.001D-05  1.266D-05  1.458D-05   213.64       3.94       5.02    2.304D-06  1.194D-06  3.372D-07
**(rmsgt)**  23  1.184D-06  9.360D-06  1.056D-05  1.370D-05   210.09       5.58       4.58    2.736D-06  1.368D-06  4.488D-07
**(rmsgt)**  22  1.414D-06  9.187D-06  8.705D-06  1.450D-05   206.23       8.08       4.42    3.167D-06  1.255D-06  6.438D-07
**(rmsgt)**  21  1.484D-06  1.019D-05  8.431D-06  1.773D-05   204.74       9.43       4.14    3.868D-06  1.405D-06  1.579D-06
**(rmsgt)**  20  1.839D-06  1.110D-05  9.290D-06  2.278D-05   207.86       7.44       3.76    6.904D-06  2.410D-06  3.959D-06
**(rmsgt)**  19  2.139D-06  1.133D-05  1.122D-05  2.821D-05   213.25       4.19       3.83    1.692D-05  6.859D-06  1.106D-05
**(rmsgt)**  18  1.751D-06  1.008D-05  1.193D-05  3.345D-05   219.22       4.26       3.72    4.380D-05  2.336D-05  3.044D-05
**(rmsgt)**  17  1.138D-06  8.854D-06  1.128D-05  3.617D-05   226.32       7.28       3.18    1.046D-04  6.372D-05  7.578D-05
**(rmsgt)**  16  1.058D-06  8.220D-06  1.004D-05  3.553D-05   234.75       9.44       3.34    2.067D-04  1.202D-04  1.668D-04
**(rmsgt)**  15  7.988D-07  7.227D-06  8.410D-06  3.269D-05   243.15      10.32       3.76    3.819D-04  2.026D-04  3.121D-04
**(rmsgt)**  14  6.567D-07  6.603D-06  7.049D-06  2.891D-05   251.10      10.71       4.23    6.625D-04  3.512D-04  5.221D-04
**(rmsgt)**  13  5.779D-07  6.231D-06  5.901D-06  2.532D-05   258.05      10.88       4.39    1.067D-03  6.159D-04  8.059D-04
**(rmsgt)**  12  6.148D-07  6.196D-06  5.139D-06  2.259D-05   264.04      11.00       4.62    1.590D-03  9.578D-04  1.140D-03
**(rmsgt)**  11  8.105D-07  6.411D-06  4.706D-06  2.075D-05   268.67      10.84       4.58    2.198D-03  1.325D-03  1.484D-03
**(rmsgt)**  10  7.276D-07  6.671D-06  4.417D-06  1.948D-05   272.54      10.99       4.73    2.967D-03  1.813D-03  1.747D-03
**(rmsgt)**   9  7.543D-07  6.650D-06  4.328D-06  1.868D-05   275.94      11.06       4.69    4.029D-03  2.361D-03  1.900D-03
**(rmsgt)**   8  8.474D-07  6.877D-06  4.458D-06  1.862D-05   278.81      11.34       4.71    5.113D-03  2.827D-03  1.982D-03
**(rmsgt)**   7  9.835D-07  7.191D-06  4.766D-06  1.916D-05   281.32      11.76       4.55    6.120D-03  3.179D-03  2.060D-03
**(rmsgt)**   6  1.073D-06  8.092D-06  5.137D-06  2.038D-05   283.55      12.15       4.50    7.157D-03  3.586D-03  2.185D-03
**(rmsgt)**   5  1.315D-06  9.504D-06  5.402D-06  2.185D-05   285.45      12.55       4.34    8.085D-03  4.007D-03  2.363D-03
**(rmsgt)**   4  1.613D-06  1.104D-05  5.460D-06  2.277D-05   287.20      12.96       4.31    8.850D-03  4.421D-03  2.518D-03
**(rmsgt)**   3  1.858D-06  1.230D-05  5.307D-06  2.239D-05   288.61      13.42       4.35    9.599D-03  4.913D-03  2.636D-03
**(rmsgt)**   2  2.137D-06  1.299D-05  4.698D-06  1.975D-05   289.90      13.77       4.46    1.016D-02  5.236D-03  2.697D-03
**(rmsgt)**   1  2.155D-06  1.296D-05  3.603D-06  1.507D-05   290.61      14.27       4.77    1.064D-02  5.431D-03  2.834D-03
**(rmsgt)** AVE  1.188D-06  8.501D-06  7.864D-06  2.503D-05   252.05      10.08       4.33    2.444D-03  2.022D-03  1.358
**(rmsgt)** Log(surface pressure) mean and variance:
**(rmsgt)**  G.M.LNP.= 4.59    ; Z.S.LNP.=0.441D-01; Z.A.LNP.=0.660D-01
**(wridia)** file also contains diagnostics at 12Z of 11/10/2011:
**(globme)**TOTAL PRECIPITATION                      Std.Dev.=   3.2560652; Glob.Mean=   8.8164075    ; in units of Kg M**-2 Day
**-1
**(globme)**CONVECTIVE PRECIPITATION                 Std.Dev.=   2.4412989; Glob.Mean=   8.2854704    ; in units of Kg M**-2 Day
**-1
**(globme)**SENSIBLE HEAT FLUX FROM SURFACE          Std.Dev.=   30.126705; Glob.Mean=   92.748934    ; in units of W M**-2
**(globme)**LATENT HEAT FLUX FROM SURFACE            Std.Dev.=   94.409004; Glob.Mean=   102.85200    ; in units of W M**-2
**(globme)**OUTGOING LONG WAVE AT TOP                Std.Dev.=   244.51436; Glob.Mean=   51.717720    ; in units of W M**-2
**(globme)**SHORT WAVE ABSORBED AT GROUND            Std.Dev.=   180.61818; Glob.Mean=   256.34957    ; in units of W M**-2
**(globme)**NET LONG WAVE AT BOTTOM                  Std.Dev.=   58.123677; Glob.Mean=   46.233731    ; in units of W M**-2
**(Model)** timestep 145 at simulation time 1 days and 0.0 seconds
**(Model)** timestep 146 at simulation time 1 days and 600.0 seconds
**(Model)** timestep 147 at simulation time 1 days and 1200.0 seconds
**(Model)** timestep 148 at simulation time 1 days and 1800.0 seconds
**(Model)** timestep 149 at simulation time 1 days and 2400.0 seconds
**(Model)** timestep 150 at simulation time 1 days and 3000.0 seconds
**(Model)** timestep 151 at simulation time 1 days and 3600.0 seconds
**(Model)** timestep 152 at simulation time 1 days and 4200.0 seconds
**(Model)** timestep 153 at simulation time 1 days and 4800.0 seconds
**(Model)** timestep 154 at simulation time 1 days and 5400.0 seconds
**(Model)** timestep 155 at simulation time 1 days and 6000.0 seconds
**(Model)** timestep 156 at simulation time 1 days and 6600.0 seconds
**(Model)** timestep 157 at simulation time 1 days and 7200.0 seconds
**(Model)** timestep 158 at simulation time 1 days and 7800.0 seconds
**(Model)** timestep 159 at simulation time 1 days and 8400.0 seconds
**(Model)** timestep 160 at simulation time 1 days and 9000.0 seconds
**(Model)** timestep 161 at simulation time 1 days and 9600.0 seconds
**(Model)** timestep 162 at simulation time 1 days and 10200.0 seconds
**(opnfct)** writes file GFCT03R20111010122011101115F.fct.T126L28 at simulation time
**(opnfct)** 1 days and 10800.0 seconds; contains state of the atmosphere at 15Z of 11/10/2011
**(rmsgt)** State of the atmosphere at 15Z of 11/10/2011:
**(rmsgt)** Layers and average means and variances:
**(rmsgt)** LYR  Z.S. DIV.  Z.A. DIV.  Z.S. VOR.  Z.A. VOR.  G.M. TEM.  Z.S. TEM.  Z.A. TEM.  G.M. S.H.  Z.S. S.H.  Z.A. S.H.
**(rmsgt)**  28  8.442D-07  4.541D-06  1.204D-05  2.267D-05   250.47       6.72       5.60    1.686D-06  4.057D-07  1.694D-07
**(rmsgt)**  27  1.925D-06  1.408D-05  1.560D-05  2.137D-05   227.11       3.84       7.16    1.793D-06  7.156D-07  2.023D-07
**(rmsgt)**  26  1.822D-06  1.271D-05  1.490D-05  1.893D-05   221.17       2.27       6.19    1.825D-06  7.936D-07  2.137D-07
**(rmsgt)**  25  1.223D-06  1.100D-05  1.318D-05  1.579D-05   216.84       2.93       5.47    2.012D-06  9.555D-07  2.784D-07
**(rmsgt)**  24  1.455D-06  9.490D-06  1.259D-05  1.450D-05   213.66       3.86       5.05    2.305D-06  1.192D-06  3.424D-07
**(rmsgt)**  23  1.026D-06  9.275D-06  1.044D-05  1.350D-05   210.11       5.56       4.62    2.738D-06  1.367D-06  4.521D-07
**(rmsgt)**  22  1.492D-06  9.016D-06  8.424D-06  1.453D-05   206.24       8.12       4.38    3.173D-06  1.256D-06  6.549D-07
**(rmsgt)**  21  1.523D-06  1.008D-05  8.360D-06  1.770D-05   204.75       9.47       4.11    3.898D-06  1.422D-06  1.646D-06
**(rmsgt)**  20  1.571D-06  1.144D-05  9.271D-06  2.254D-05   207.89       7.44       3.75    7.011D-06  2.487D-06  4.115D-06
**(rmsgt)**  19  1.963D-06  1.154D-05  1.123D-05  2.798D-05   213.27       4.16       3.81    1.718D-05  6.992D-06  1.152D-05
**(rmsgt)**  18  1.535D-06  9.876D-06  1.202D-05  3.319D-05   219.21       4.25       3.72    4.419D-05  2.359D-05  3.109D-05
**(rmsgt)**  17  1.079D-06  8.882D-06  1.131D-05  3.586D-05   226.30       7.29       3.17    1.050D-04  6.380D-05  7.559D-05
**(rmsgt)**  16  1.040D-06  8.236D-06  9.975D-06  3.527D-05   234.74       9.45       3.32    2.073D-04  1.198D-04  1.647D-04
**(rmsgt)**  15  7.061D-07  7.117D-06  8.354D-06  3.252D-05   243.12      10.34       3.75    3.828D-04  1.991D-04  3.089D-04
**(rmsgt)**  14  7.498D-07  6.454D-06  6.981D-06  2.885D-05   251.07      10.72       4.22    6.638D-04  3.424D-04  5.157D-04
**(rmsgt)**  13  6.630D-07  6.215D-06  5.844D-06  2.525D-05   258.03      10.90       4.38    1.064D-03  6.028D-04  7.935D-04
**(rmsgt)**  12  6.806D-07  6.218D-06  5.125D-06  2.241D-05   264.03      11.03       4.62    1.589D-03  9.466D-04  1.122D-03
**(rmsgt)**  11  7.937D-07  6.428D-06  4.721D-06  2.055D-05   268.64      10.85       4.58    2.195D-03  1.313D-03  1.469D-03
**(rmsgt)**  10  6.693D-07  6.649D-06  4.440D-06  1.928D-05   272.48      11.00       4.71    2.963D-03  1.799D-03  1.741D-03
**(rmsgt)**   9  7.309D-07  6.754D-06  4.341D-06  1.848D-05   275.88      11.07       4.69    4.030D-03  2.354D-03  1.888D-03
**(rmsgt)**   8  8.345D-07  6.917D-06  4.495D-06  1.839D-05   278.78      11.36       4.71    5.125D-03  2.832D-03  1.973D-03
**(rmsgt)**   7  9.085D-07  7.231D-06  4.831D-06  1.895D-05   281.34      11.80       4.56    6.134D-03  3.189D-03  2.065D-03
**(rmsgt)**   6  9.771D-07  8.096D-06  5.183D-06  2.016D-05   283.61      12.20       4.52    7.161D-03  3.590D-03  2.214D-03
**(rmsgt)**   5  1.264D-06  9.431D-06  5.465D-06  2.173D-05   285.55      12.63       4.38    8.079D-03  4.009D-03  2.432D-03
**(rmsgt)**   4  1.537D-06  1.096D-05  5.596D-06  2.283D-05   287.30      13.03       4.36    8.823D-03  4.409D-03  2.593D-03
**(rmsgt)**   3  1.800D-06  1.230D-05  5.478D-06  2.262D-05   288.70      13.51       4.43    9.576D-03  4.892D-03  2.685D-03
**(rmsgt)**   2  2.091D-06  1.301D-05  4.807D-06  1.986D-05   289.98      13.85       4.52    1.017D-02  5.236D-03  2.742D-03
**(rmsgt)**   1  2.154D-06  1.293D-05  3.571D-06  1.491D-05   290.63      14.36       4.87    1.066D-02  5.444D-03  2.879D-03
**(rmsgt)** AVE  1.142D-06  8.475D-06  7.851D-06  2.487D-05   252.05      10.10       4.34    2.444D-03  2.020D-03  1.367
**(rmsgt)** Log(surface pressure) mean and variance:
**(rmsgt)**  G.M.LNP.= 4.59    ; Z.S.LNP.=0.442D-01; Z.A.LNP.=0.660D-01
**(wridia)** file also contains diagnostics at 15Z of 11/10/2011:
**(globme)**TOTAL PRECIPITATION                      Std.Dev.=   3.3144326; Glob.Mean=   8.8728507    ; in units of Kg M**-2 Day
**-1
**(globme)**CONVECTIVE PRECIPITATION                 Std.Dev.=   2.4795049; Glob.Mean=   8.3465194    ; in units of Kg M**-2 Day
**-1
**(globme)**SENSIBLE HEAT FLUX FROM SURFACE          Std.Dev.=   25.791621; Glob.Mean=   79.719805    ; in units of W M**-2
**(globme)**LATENT HEAT FLUX FROM SURFACE            Std.Dev.=   94.447510; Glob.Mean=   101.93405    ; in units of W M**-2
**(globme)**OUTGOING LONG WAVE AT TOP                Std.Dev.=   244.34354; Glob.Mean=   52.518779    ; in units of W M**-2
**(globme)**SHORT WAVE ABSORBED AT GROUND            Std.Dev.=   180.07852; Glob.Mean=   257.45802    ; in units of W M**-2
**(globme)**NET LONG WAVE AT BOTTOM                  Std.Dev.=   58.140580; Glob.Mean=   46.666509    ; in units of W M**-2
**(Model)** timestep 163 at simulation time 1 days and 10800.0 seconds
**(Model)** timestep 164 at simulation time 1 days and 11400.0 seconds
**(Model)** timestep 165 at simulation time 1 days and 12000.0 seconds
**(Model)** timestep 166 at simulation time 1 days and 12600.0 seconds
**(Model)** timestep 167 at simulation time 1 days and 13200.0 seconds
**(Model)** timestep 168 at simulation time 1 days and 13800.0 seconds
**(Model)** timestep 169 at simulation time 1 days and 14400.0 seconds
**(Model)** timestep 170 at simulation time 1 days and 15000.0 seconds
**(Model)** timestep 171 at simulation time 1 days and 15600.0 seconds
**(Model)** timestep 172 at simulation time 1 days and 16200.0 seconds
**(Model)** timestep 173 at simulation time 1 days and 16800.0 seconds
**(Model)** timestep 174 at simulation time 1 days and 17400.0 seconds
**(Model)** timestep 175 at simulation time 1 days and 18000.0 seconds
**(Model)** timestep 176 at simulation time 1 days and 18600.0 seconds
**(Model)** timestep 177 at simulation time 1 days and 19200.0 seconds
**(Model)** timestep 178 at simulation time 1 days and 19800.0 seconds
**(Model)** timestep 179 at simulation time 1 days and 20400.0 seconds
**(Model)** timestep 180 at simulation time 1 days and 21000.0 seconds
**(opnfct)** writes file GFCT03R20111010122011101118F.fct.T126L28 at simulation time
**(opnfct)** 1 days and 21600.0 seconds; contains state of the atmosphere at 18Z of 11/10/2011
**(rmsgt)** State of the atmosphere at 18Z of 11/10/2011:
**(rmsgt)** Layers and average means and variances:
**(rmsgt)** LYR  Z.S. DIV.  Z.A. DIV.  Z.S. VOR.  Z.A. VOR.  G.M. TEM.  Z.S. TEM.  Z.A. TEM.  G.M. S.H.  Z.S. S.H.  Z.A. S.H.
**(rmsgt)**  28  8.033D-07  4.392D-06  1.142D-05  2.305D-05   250.47       6.69       5.45    1.687D-06  4.044D-07  1.707D-07
**(rmsgt)**  27  2.027D-06  1.370D-05  1.539D-05  2.154D-05   227.01       4.05       7.32    1.793D-06  7.161D-07  2.022D-07
**(rmsgt)**  26  2.111D-06  1.255D-05  1.467D-05  1.909D-05   221.17       2.21       6.30    1.827D-06  7.948D-07  2.137D-07
**(rmsgt)**  25  1.327D-06  1.107D-05  1.310D-05  1.620D-05   216.87       2.88       5.51    2.015D-06  9.543D-07  2.800D-07
**(rmsgt)**  24  1.288D-06  9.345D-06  1.258D-05  1.467D-05   213.69       3.80       5.07    2.306D-06  1.190D-06  3.458D-07
**(rmsgt)**  23  1.062D-06  8.826D-06  1.057D-05  1.328D-05   210.14       5.53       4.66    2.738D-06  1.362D-06  4.581D-07
**(rmsgt)**  22  1.197D-06  8.677D-06  8.386D-06  1.430D-05   206.26       8.10       4.38    3.182D-06  1.258D-06  6.919D-07
**(rmsgt)**  21  1.312D-06  9.739D-06  8.358D-06  1.760D-05   204.76       9.46       4.13    3.940D-06  1.451D-06  1.787D-06
**(rmsgt)**  20  1.533D-06  1.138D-05  9.283D-06  2.240D-05   207.89       7.41       3.78    7.137D-06  2.573D-06  4.364D-06
**(rmsgt)**  19  1.773D-06  1.141D-05  1.123D-05  2.772D-05   213.29       4.12       3.83    1.744D-05  7.127D-06  1.178D-05
**(rmsgt)**  18  1.506D-06  9.709D-06  1.202D-05  3.284D-05   219.21       4.25       3.71    4.451D-05  2.374D-05  3.166D-05
**(rmsgt)**  17  1.087D-06  8.883D-06  1.132D-05  3.550D-05   226.29       7.30       3.15    1.054D-04  6.343D-05  7.541D-05
**(rmsgt)**  16  1.001D-06  8.067D-06  1.001D-05  3.514D-05   234.73       9.46       3.30    2.086D-04  1.187D-04  1.627D-04
**(rmsgt)**  15  8.093D-07  6.921D-06  8.410D-06  3.247D-05   243.09      10.35       3.75    3.849D-04  1.967D-04  3.059D-04
**(rmsgt)**  14  7.792D-07  6.416D-06  7.014D-06  2.874D-05   251.04      10.73       4.22    6.660D-04  3.361D-04  5.122D-04
**(rmsgt)**  13  6.194D-07  6.162D-06  5.892D-06  2.496D-05   258.00      10.91       4.40    1.064D-03  5.903D-04  7.863D-04
**(rmsgt)**  12  6.115D-07  6.149D-06  5.213D-06  2.214D-05   264.02      11.05       4.63    1.588D-03  9.340D-04  1.110D-03
**(rmsgt)**  11  7.420D-07  6.317D-06  4.812D-06  2.030D-05   268.61      10.87       4.58    2.194D-03  1.303D-03  1.459D-03
**(rmsgt)**  10  6.956D-07  6.416D-06  4.510D-06  1.913D-05   272.43      11.01       4.70    2.954D-03  1.787D-03  1.739D-03
**(rmsgt)**   9  6.435D-07  6.389D-06  4.431D-06  1.838D-05   275.82      11.07       4.70    4.029D-03  2.349D-03  1.883D-03
**(rmsgt)**   8  6.800D-07  6.552D-06  4.636D-06  1.828D-05   278.75      11.37       4.72    5.129D-03  2.831D-03  1.981D-03
**(rmsgt)**   7  7.810D-07  7.029D-06  5.003D-06  1.885D-05   281.34      11.81       4.56    6.137D-03  3.182D-03  2.104D-03
**(rmsgt)**   6  9.108D-07  8.347D-06  5.373D-06  2.003D-05   283.63      12.22       4.51    7.164D-03  3.585D-03  2.275D-03
**(rmsgt)**   5  1.262D-06  9.901D-06  5.652D-06  2.153D-05   285.58      12.64       4.38    8.074D-03  4.006D-03  2.477D-03
**(rmsgt)**   4  1.577D-06  1.154D-05  5.789D-06  2.275D-05   287.32      13.02       4.35    8.810D-03  4.393D-03  2.624D-03
**(rmsgt)**   3  1.855D-06  1.297D-05  5.646D-06  2.254D-05   288.70      13.49       4.43    9.560D-03  4.872D-03  2.694D-03
**(rmsgt)**   2  2.197D-06  1.366D-05  4.922D-06  1.973D-05   289.96      13.82       4.51    1.018D-02  5.236D-03  2.731D-03
**(rmsgt)**   1  2.254D-06  1.348D-05  3.582D-06  1.467D-05   290.48      14.26       4.92    1.069D-02  5.463D-03  2.850D-03
**(rmsgt)** AVE  1.109D-06  8.428D-06  7.887D-06  2.471D-05   252.03      10.11       4.35    2.444D-03  2.015D-03  1.374
**(rmsgt)** Log(surface pressure) mean and variance:
**(rmsgt)**  G.M.LNP.= 4.59    ; Z.S.LNP.=0.443D-01; Z.A.LNP.=0.660D-01
**(wridia)** file also contains diagnostics at 18Z of 11/10/2011:
**(globme)**TOTAL PRECIPITATION                      Std.Dev.=   3.2914293; Glob.Mean=   8.6371608    ; in units of Kg M**-2 Day
**-1
**(globme)**CONVECTIVE PRECIPITATION                 Std.Dev.=   2.4917327; Glob.Mean=   8.2541923    ; in units of Kg M**-2 Day
**-1
**(globme)**SENSIBLE HEAT FLUX FROM SURFACE          Std.Dev.=   17.574202; Glob.Mean=   71.225320    ; in units of W M**-2
**(globme)**LATENT HEAT FLUX FROM SURFACE            Std.Dev.=   93.301089; Glob.Mean=   103.30011    ; in units of W M**-2
**(globme)**OUTGOING LONG WAVE AT TOP                Std.Dev.=   243.05344; Glob.Mean=   51.874166    ; in units of W M**-2
**(globme)**SHORT WAVE ABSORBED AT GROUND            Std.Dev.=   178.72747; Glob.Mean=   252.35013    ; in units of W M**-2
**(globme)**NET LONG WAVE AT BOTTOM                  Std.Dev.=   56.086266; Glob.Mean=   40.852017    ; in units of W M**-2
**(Model)** timestep 181 at simulation time 1 days and 21600.0 seconds
**(Model)** timestep 182 at simulation time 1 days and 22200.0 seconds
**(Model)** timestep 183 at simulation time 1 days and 22800.0 seconds
**(Model)** timestep 184 at simulation time 1 days and 23400.0 seconds
**(Model)** timestep 185 at simulation time 1 days and 24000.0 seconds
**(Model)** timestep 186 at simulation time 1 days and 24600.0 seconds
**(Model)** timestep 187 at simulation time 1 days and 25200.0 seconds
**(Model)** timestep 188 at simulation time 1 days and 25800.0 seconds
**(Model)** timestep 189 at simulation time 1 days and 26400.0 seconds
**(Model)** timestep 190 at simulation time 1 days and 27000.0 seconds
**(Model)** timestep 191 at simulation time 1 days and 27600.0 seconds
**(Model)** timestep 192 at simulation time 1 days and 28200.0 seconds
**(Model)** timestep 193 at simulation time 1 days and 28800.0 seconds
**(Model)** timestep 194 at simulation time 1 days and 29400.0 seconds
**(Model)** timestep 195 at simulation time 1 days and 30000.0 seconds
**(Model)** timestep 196 at simulation time 1 days and 30600.0 seconds
**(Model)** timestep 197 at simulation time 1 days and 31200.0 seconds
**(Model)** timestep 198 at simulation time 1 days and 31800.0 seconds
**(opnfct)** writes file GFCT03R20111010122011101121F.fct.T126L28 at simulation time
**(opnfct)** 1 days and 32400.0 seconds; contains state of the atmosphere at 21Z of 11/10/2011
**(rmsgt)** State of the atmosphere at 21Z of 11/10/2011:
**(rmsgt)** Layers and average means and variances:
**(rmsgt)** LYR  Z.S. DIV.  Z.A. DIV.  Z.S. VOR.  Z.A. VOR.  G.M. TEM.  Z.S. TEM.  Z.A. TEM.  G.M. S.H.  Z.S. S.H.  Z.A. S.H.
**(rmsgt)**  28  1.026D-06  4.262D-06  1.076D-05  2.315D-05   250.48       6.66       5.33    1.687D-06  4.037D-07  1.724D-07
**(rmsgt)**  27  1.804D-06  1.333D-05  1.526D-05  2.171D-05   226.90       4.18       7.34    1.795D-06  7.146D-07  2.033D-07
**(rmsgt)**  26  2.184D-06  1.237D-05  1.456D-05  1.921D-05   221.14       2.16       6.32    1.829D-06  7.949D-07  2.145D-07
**(rmsgt)**  25  1.459D-06  1.104D-05  1.297D-05  1.648D-05   216.89       2.80       5.52    2.017D-06  9.557D-07  2.806D-07
**(rmsgt)**  24  1.435D-06  9.419D-06  1.257D-05  1.480D-05   213.74       3.70       5.09    2.305D-06  1.189D-06  3.468D-07
**(rmsgt)**  23  1.422D-06  8.804D-06  1.062D-05  1.350D-05   210.18       5.45       4.69    2.738D-06  1.356D-06  4.653D-07
**(rmsgt)**  22  1.224D-06  8.623D-06  8.476D-06  1.416D-05   206.29       8.06       4.41    3.194D-06  1.261D-06  7.400D-07
**(rmsgt)**  21  1.296D-06  9.684D-06  8.457D-06  1.744D-05   204.78       9.43       4.15    3.981D-06  1.491D-06  1.917D-06
**(rmsgt)**  20  1.455D-06  1.147D-05  9.417D-06  2.225D-05   207.90       7.38       3.80    7.261D-06  2.631D-06  4.535D-06
**(rmsgt)**  19  1.781D-06  1.112D-05  1.139D-05  2.743D-05   213.31       4.09       3.83    1.767D-05  7.269D-06  1.202D-05
**(rmsgt)**  18  1.526D-06  9.481D-06  1.210D-05  3.242D-05   219.22       4.26       3.70    4.503D-05  2.409D-05  3.236D-05
**(rmsgt)**  17  1.090D-06  8.799D-06  1.135D-05  3.515D-05   226.28       7.30       3.14    1.063D-04  6.338D-05  7.618D-05
**(rmsgt)**  16  1.062D-06  7.968D-06  1.007D-05  3.499D-05   234.71       9.45       3.30    2.100D-04  1.178D-04  1.626D-04
**(rmsgt)**  15  9.364D-07  7.223D-06  8.497D-06  3.231D-05   243.05      10.36       3.76    3.872D-04  1.953D-04  3.040D-04
**(rmsgt)**  14  7.901D-07  6.575D-06  7.050D-06  2.845D-05   251.00      10.73       4.23    6.705D-04  3.329D-04  5.126D-04
**(rmsgt)**  13  6.380D-07  6.129D-06  5.952D-06  2.459D-05   257.97      10.92       4.42    1.067D-03  5.826D-04  7.863D-04
**(rmsgt)**  12  5.390D-07  6.002D-06  5.287D-06  2.189D-05   264.01      11.06       4.65    1.590D-03  9.245D-04  1.107D-03
**(rmsgt)**  11  7.030D-07  6.098D-06  4.874D-06  2.011D-05   268.57      10.87       4.59    2.192D-03  1.292D-03  1.455D-03
**(rmsgt)**  10  7.035D-07  6.271D-06  4.551D-06  1.899D-05   272.37      11.00       4.70    2.945D-03  1.773D-03  1.743D-03
**(rmsgt)**   9  6.559D-07  6.351D-06  4.503D-06  1.827D-05   275.76      11.07       4.71    4.027D-03  2.342D-03  1.893D-03
**(rmsgt)**   8  6.416D-07  6.741D-06  4.770D-06  1.823D-05   278.73      11.38       4.71    5.129D-03  2.825D-03  2.015D-03
**(rmsgt)**   7  7.932D-07  7.252D-06  5.148D-06  1.880D-05   281.34      11.82       4.56    6.136D-03  3.170D-03  2.144D-03
**(rmsgt)**   6  9.847D-07  8.161D-06  5.508D-06  1.998D-05   283.62      12.21       4.50    7.155D-03  3.570D-03  2.313D-03
**(rmsgt)**   5  1.341D-06  9.593D-06  5.776D-06  2.144D-05   285.56      12.61       4.39    8.059D-03  3.986D-03  2.497D-03
**(rmsgt)**   4  1.670D-06  1.126D-05  5.947D-06  2.263D-05   287.28      12.97       4.37    8.798D-03  4.386D-03  2.638D-03
**(rmsgt)**   3  1.957D-06  1.262D-05  5.851D-06  2.247D-05   288.63      13.39       4.47    9.547D-03  4.869D-03  2.684D-03
**(rmsgt)**   2  2.297D-06  1.306D-05  5.156D-06  1.964D-05   289.84      13.70       4.55    1.020D-02  5.256D-03  2.702D-03
**(rmsgt)**   1  2.404D-06  1.288D-05  3.767D-06  1.462D-05   290.15      14.05       5.08    1.073D-02  5.511D-03  2.822D-03
**(rmsgt)** AVE  1.143D-06  8.336D-06  7.949D-06  2.452D-05   252.00      10.10       4.36    2.443D-03  2.011D-03  1.381
**(rmsgt)** Log(surface pressure) mean and variance:
**(rmsgt)**  G.M.LNP.= 4.59    ; Z.S.LNP.=0.444D-01; Z.A.LNP.=0.660D-01
**(wridia)** file also contains diagnostics at 21Z of 11/10/2011:
**(globme)**TOTAL PRECIPITATION                      Std.Dev.=   3.1625429; Glob.Mean=   8.6586128    ; in units of Kg M**-2 Day
**-1
**(globme)**CONVECTIVE PRECIPITATION                 Std.Dev.=   2.3787443; Glob.Mean=   8.2959524    ; in units of Kg M**-2 Day
**-1
**(globme)**SENSIBLE HEAT FLUX FROM SURFACE          Std.Dev.=   11.054863; Glob.Mean=   56.546972    ; in units of W M**-2
**(globme)**LATENT HEAT FLUX FROM SURFACE            Std.Dev.=   88.776630; Glob.Mean=   98.584700    ; in units of W M**-2
**(globme)**OUTGOING LONG WAVE AT TOP                Std.Dev.=   241.83218; Glob.Mean=   50.910914    ; in units of W M**-2
**(globme)**SHORT WAVE ABSORBED AT GROUND            Std.Dev.=   182.09049; Glob.Mean=   265.32783    ; in units of W M**-2
**(globme)**NET LONG WAVE AT BOTTOM                  Std.Dev.=   54.043693; Glob.Mean=   36.238604    ; in units of W M**-2
**(Model)** timestep 199 at simulation time 1 days and 32400.0 seconds
**(Model)** timestep 200 at simulation time 1 days and 33000.0 seconds
**(Model)** timestep 201 at simulation time 1 days and 33600.0 seconds
**(Model)** timestep 202 at simulation time 1 days and 34200.0 seconds
**(Model)** timestep 203 at simulation time 1 days and 34800.0 seconds
**(Model)** timestep 204 at simulation time 1 days and 35400.0 seconds
**(Model)** timestep 205 at simulation time 1 days and 36000.0 seconds
**(Model)** timestep 206 at simulation time 1 days and 36600.0 seconds
**(Model)** timestep 207 at simulation time 1 days and 37200.0 seconds
**(Model)** timestep 208 at simulation time 1 days and 37800.0 seconds
**(Model)** timestep 209 at simulation time 1 days and 38400.0 seconds
**(Model)** timestep 210 at simulation time 1 days and 39000.0 seconds
**(Model)** timestep 211 at simulation time 1 days and 39600.0 seconds
**(Model)** timestep 212 at simulation time 1 days and 40200.0 seconds
**(Model)** timestep 213 at simulation time 1 days and 40800.0 seconds
**(Model)** timestep 214 at simulation time 1 days and 41400.0 seconds
**(Model)** timestep 215 at simulation time 1 days and 42000.0 seconds
**(Model)** timestep 216 at simulation time 1 days and 42600.0 seconds
**(opnfct)** writes file GFCT03R20111010122011101200F.fct.T126L28 at simulation time
**(opnfct)** 1 days and 43200.0 seconds; contains state of the atmosphere at 00Z of 12/10/2011
**(rmsgt)** State of the atmosphere at 00Z of 12/10/2011:
**(rmsgt)** Layers and average means and variances:
**(rmsgt)** LYR  Z.S. DIV.  Z.A. DIV.  Z.S. VOR.  Z.A. VOR.  G.M. TEM.  Z.S. TEM.  Z.A. TEM.  G.M. S.H.  Z.S. S.H.  Z.A. S.H.
**(rmsgt)**  28  7.152D-07  4.226D-06  1.029D-05  2.314D-05   250.48       6.65       5.25    1.688D-06  4.036D-07  1.736D-07
**(rmsgt)**  27  2.271D-06  1.348D-05  1.521D-05  2.199D-05   226.80       4.32       7.46    1.797D-06  7.117D-07  2.062D-07
**(rmsgt)**  26  2.054D-06  1.222D-05  1.438D-05  1.929D-05   221.10       2.08       6.36    1.831D-06  7.937D-07  2.155D-07
**(rmsgt)**  25  1.140D-06  1.086D-05  1.300D-05  1.660D-05   216.90       2.80       5.59    2.020D-06  9.574D-07  2.822D-07
**(rmsgt)**  24  1.224D-06  9.305D-06  1.271D-05  1.469D-05   213.79       3.64       5.17    2.305D-06  1.188D-06  3.510D-07
**(rmsgt)**  23  1.146D-06  8.741D-06  1.065D-05  1.353D-05   210.23       5.39       4.73    2.737D-06  1.351D-06  4.695D-07
**(rmsgt)**  22  1.005D-06  8.441D-06  8.462D-06  1.424D-05   206.31       8.03       4.43    3.211D-06  1.271D-06  7.769D-07
**(rmsgt)**  21  1.035D-06  9.439D-06  8.463D-06  1.750D-05   204.78       9.41       4.18    4.021D-06  1.522D-06  1.990D-06
**(rmsgt)**  20  1.409D-06  1.133D-05  9.499D-06  2.228D-05   207.91       7.36       3.85    7.353D-06  2.671D-06  4.640D-06
**(rmsgt)**  19  1.749D-06  1.064D-05  1.149D-05  2.713D-05   213.33       4.07       3.85    1.789D-05  7.374D-06  1.230D-05
**(rmsgt)**  18  1.551D-06  9.399D-06  1.220D-05  3.206D-05   219.23       4.26       3.69    4.573D-05  2.437D-05  3.342D-05
**(rmsgt)**  17  1.150D-06  8.394D-06  1.141D-05  3.481D-05   226.26       7.31       3.12    1.075D-04  6.343D-05  7.843D-05
**(rmsgt)**  16  1.058D-06  7.728D-06  1.013D-05  3.478D-05   234.67       9.45       3.31    2.115D-04  1.171D-04  1.641D-04
**(rmsgt)**  15  9.576D-07  7.207D-06  8.519D-06  3.209D-05   243.00      10.37       3.77    3.895D-04  1.941D-04  3.050D-04
**(rmsgt)**  14  7.283D-07  6.574D-06  7.063D-06  2.817D-05   250.95      10.73       4.25    6.756D-04  3.293D-04  5.154D-04
**(rmsgt)**  13  6.349D-07  6.159D-06  5.992D-06  2.438D-05   257.92      10.93       4.43    1.069D-03  5.737D-04  7.872D-04
**(rmsgt)**  12  6.328D-07  6.095D-06  5.298D-06  2.173D-05   263.97      11.07       4.67    1.590D-03  9.123D-04  1.106D-03
**(rmsgt)**  11  7.228D-07  6.298D-06  4.892D-06  1.996D-05   268.51      10.86       4.60    2.191D-03  1.280D-03  1.455D-03
**(rmsgt)**  10  6.128D-07  6.533D-06  4.626D-06  1.876D-05   272.29      10.99       4.71    2.938D-03  1.759D-03  1.751D-03
**(rmsgt)**   9  5.399D-07  6.496D-06  4.616D-06  1.801D-05   275.70      11.06       4.71    4.024D-03  2.335D-03  1.913D-03
**(rmsgt)**   8  5.756D-07  6.741D-06  4.884D-06  1.804D-05   278.68      11.37       4.71    5.124D-03  2.814D-03  2.042D-03
**(rmsgt)**   7  8.055D-07  7.145D-06  5.271D-06  1.868D-05   281.30      11.81       4.56    6.122D-03  3.155D-03  2.170D-03
**(rmsgt)**   6  1.111D-06  7.986D-06  5.658D-06  1.992D-05   283.57      12.18       4.52    7.137D-03  3.555D-03  2.339D-03
**(rmsgt)**   5  1.429D-06  9.075D-06  5.986D-06  2.147D-05   285.48      12.56       4.43    8.033D-03  3.968D-03  2.516D-03
**(rmsgt)**   4  1.727D-06  1.059D-05  6.203D-06  2.270D-05   287.18      12.90       4.42    8.776D-03  4.372D-03  2.644D-03
**(rmsgt)**   3  2.040D-06  1.183D-05  6.134D-06  2.242D-05   288.45      13.27       4.51    9.560D-03  4.889D-03  2.670D-03
**(rmsgt)**   2  2.386D-06  1.212D-05  5.390D-06  1.944D-05   289.64      13.57       4.58    1.023D-02  5.293D-03  2.673D-03
**(rmsgt)**   1  2.505D-06  1.173D-05  3.899D-06  1.434D-05   289.90      13.90       5.14    1.077D-02  5.552D-03  2.809D-03
**(rmsgt)** AVE  1.132D-06  8.171D-06  8.008D-06  2.434D-05   251.96      10.08       4.37    2.442D-03  2.008D-03  1.388
**(rmsgt)** Log(surface pressure) mean and variance:
**(rmsgt)**  G.M.LNP.= 4.59    ; Z.S.LNP.=0.445D-01; Z.A.LNP.=0.659D-01
**(wridia)** file also contains diagnostics at 00Z of 12/10/2011:
**(globme)**TOTAL PRECIPITATION                      Std.Dev.=   2.9914826; Glob.Mean=   8.3897603    ; in units of Kg M**-2 Day
**-1
**(globme)**CONVECTIVE PRECIPITATION                 Std.Dev.=   2.1780152; Glob.Mean=   7.9795124    ; in units of Kg M**-2 Day
**-1
**(globme)**SENSIBLE HEAT FLUX FROM SURFACE          Std.Dev.=   4.4841747; Glob.Mean=   33.804816    ; in units of W M**-2
**(globme)**LATENT HEAT FLUX FROM SURFACE            Std.Dev.=   83.454325; Glob.Mean=   93.916682    ; in units of W M**-2
**(globme)**OUTGOING LONG WAVE AT TOP                Std.Dev.=   241.76782; Glob.Mean=   49.831239    ; in units of W M**-2
**(globme)**SHORT WAVE ABSORBED AT GROUND            Std.Dev.=   185.35730; Glob.Mean=   267.22300    ; in units of W M**-2
**(globme)**NET LONG WAVE AT BOTTOM                  Std.Dev.=   51.550695; Glob.Mean=   33.637380    ; in units of W M**-2
**(DestroyParallelism)** Process 0 ***MODEL EXECUTION ENDS NORMALY***

MPI Program Information:
========================
Note: It is measured from MPI_Init till MPI_Finalize.
      [U,R] specifies the Universe and the Process Rank in the Universe.

 * The  /gfs/dk22/modoper/tempo/global/oens/model/datain/desirtable file exists*
 SST:  IFSST=-1  MAX,MIN=  290.00     -303.22    

 From Nlnmi :
 n =   1 HnCut =  1000.00 Hn =  9766.75
 n =   2 HnCut =  1000.00 Hn =  4582.61
 n =   3 HnCut =  1000.00 Hn =  1601.91

 mods =   3 niter =   3

Global Data of 2 processes  :          Min [U,R]          Max [U,R]      Average
==========================

Real   Time (sec)           :      466.938 [0,0]      466.957 [0,1]      466.948
User   Time (sec)           :      343.161 [0,0]      358.315 [0,1]      350.738
System Time (sec)           :        8.116 [0,1]       16.487 [0,0]       12.301
Vector Time (sec)           :      293.401 [0,0]      312.874 [0,1]      303.138
Instruction Count           :  31856263947 [0,1]  33817879930 [0,0]  32837071939
Vector Instruction Count    :  10335647023 [0,0]  10639403434 [0,1]  10487525229
Vector Element Count        : 1957368916433 [0,0] 1991012045455 [0,1] 1974190480944
FLOP Count                  : 854679897363 [0,0] 869887216945 [0,1] 862283557154
MOPS                        :     5615.809 [0,1]     5772.373 [0,0]     5694.091
MFLOPS                      :     2427.716 [0,1]     2490.612 [0,0]     2459.164
Average Vector Length       :      187.136 [0,1]      189.380 [0,0]      188.258
Vector Operation Ratio (%)  :       98.815 [0,0]       98.946 [0,1]       98.880
Memory size used (MB)       :      901.338 [0,0]      901.994 [0,1]      901.666
MIPS                        :       88.906 [0,1]       98.548 [0,0]       93.727
Instruction Cache miss (sec):       10.754 [0,0]       10.774 [0,1]       10.764
Operand     Cache miss (sec):        6.515 [0,1]        6.599 [0,0]        6.557
Bank     Conflict Time (sec):        2.488 [0,0]        3.199 [0,1]        2.844


Overall Data:
=============

Real   Time (sec)           :      466.957
User   Time (sec)           :      701.476
System Time (sec)           :       24.602
Vector Time (sec)           :      606.275
GOPS   (rel. to User Time)  :       11.385
GFLOPS (rel. to User Time)  :        4.917
Memory size used (GB)       :        1.761

logout
