stty: : Invalid argument
vt100
resize:  can't open terminal /dev/tty
======================================
Welcome to tupan01: SUPER-UX 14.1 SX-6
Today is Tue Oct 11 16:49:11 GMT 2011
======================================
RODANDO MPI
MPI/SX: command Version 7.2.1 (25. June 2007): Copyright (c) NEC Corporation 1996-2007
MPI/SX: daemon  Version 7.2.4 (21. August 2008): Copyright (c) NEC Corporation 1996-2008

Values of significant variables used by MPI/SX:
-----------------------------------------------

  DISPLAY         = 
  MPICOLLORDER    = OFF
  MPICOMMINF      = NO
  MPIMULTITASKMIX = OFF
  MPIPROGINF      = DETAIL
  MPISUSPEND      = OFF
  MPIVERSION      = ON

Derived and further values:
---------------------------

  Wait method              : Busy waiting
  Global memory            : SX Global Memory

/usr/lib/mpi/mpid: Creating 2 processes of '/gfs/home3/modoper/tempo/global/oens/run/mpisep02R.sh' on local host tupan01
+ exec /gfs/home3/modoper/tempo/global/oens/model/exec/ParModel_MPI 
+ exec /gfs/home3/modoper/tempo/global/oens/model/exec/ParModel_MPI 
MPI/SX: library Version 6.7.18 (20. April 2004): Copyright (c) NEC Corporation 1997-2004
**(CreateParallelism)** Process 0 (tupan01) among 2 processes with 1 threads is alive
 * The  /gfs/dk22/modoper/tempo/global/oens/model/datain/desirtable file exists*
**(DumpOptions)**
**(DumpOptions)** model T126L28 runs from 12Z 11/10/2011 to 00Z 13/10/2011 with initial state from 12Z 11/10/2011
**(DumpOptions)** model executes 216 timesteps of length 600 seconds
**(DumpOptions)** model dynamics configuration is  Eulerian, Gaussian and Quadratic Grid
**(DumpOptions)** input file name is /gfs/dk22/modoper/tempo/global/oens/model/datain/GANL02R2011101112S.unf.T126L28
**(DumpOptions)** output file directory is /gfs/dk22/modoper/tempo/global/oens/model/dataout/T126L28
**(DumpOptions)** model physics configuration:
**(DumpOptions)**    Shortwave Radiation is Lacis & Hansen
**(DumpOptions)**    Longwave Radiation is Harshvardhan
**(DumpOptions)**    Using a single global value for co2 concentration,
**(DumpOptions)**    with constant concentration of 0.3700000E+03 ppvm
**(DumpOptions)**    Using old 4-month zonally averaged climatology
**(DumpOptions)**    Deep Convection is KUO
**(DumpOptions)**    Shallow Convection is Tiedke
**(DumpOptions)**
 SST:  IFSST=-1  MAX,MIN=  290.00     -306.21    
**(opnfct)** writes file GFCT02R20111011122011101112F.icn.T126L28 at simulation time
**(opnfct)** 0 days and 0.0 seconds; contains state of the atmosphere at 12Z of 11/10/2011
**(rmsgt)** State of the atmosphere at 12Z of 11/10/2011:
**(rmsgt)** Layers and average means and variances:
**(rmsgt)** LYR  Z.S. DIV.  Z.A. DIV.  Z.S. VOR.  Z.A. VOR.  G.M. TEM.  Z.S. TEM.  Z.A. TEM.  G.M. S.H.  Z.S. S.H.  Z.A. S.H.
**(rmsgt)**  28  2.181D-06  2.411D-05  1.190D-05  2.926D-05   250.27       7.17       5.89    1.682D-06  4.086D-07  1.668D-07
**(rmsgt)**  27  1.961D-06  1.976D-05  1.592D-05  2.516D-05   228.12       3.81       4.75    1.793D-06  7.155D-07  2.029D-07
**(rmsgt)**  26  1.777D-06  1.839D-05  1.467D-05  2.244D-05   221.61       2.57       5.39    1.825D-06  8.005D-07  2.318D-07
**(rmsgt)**  25  1.315D-06  1.810D-05  1.321D-05  2.146D-05   216.92       3.39       5.21    2.004D-06  9.591D-07  2.970D-07
**(rmsgt)**  24  1.639D-06  1.930D-05  1.324D-05  2.138D-05   213.32       4.30       4.85    2.297D-06  1.200D-06  3.474D-07
**(rmsgt)**  23  1.279D-06  1.812D-05  1.079D-05  2.102D-05   209.81       5.71       4.50    2.721D-06  1.367D-06  4.371D-07
**(rmsgt)**  22  1.249D-06  1.860D-05  8.650D-06  2.204D-05   205.99       7.99       4.43    3.139D-06  1.278D-06  5.063D-07
**(rmsgt)**  21  1.588D-06  2.076D-05  7.977D-06  2.498D-05   204.35       9.51       4.20    3.496D-06  1.171D-06  8.124D-07
**(rmsgt)**  20  1.634D-06  2.245D-05  8.835D-06  3.005D-05   207.60       7.53       3.81    5.904D-06  1.667D-06  1.676D-06
**(rmsgt)**  19  1.937D-06  2.251D-05  1.108D-05  3.703D-05   213.10       4.22       3.87    1.470D-05  5.603D-06  5.139D-06
**(rmsgt)**  18  1.866D-06  2.259D-05  1.206D-05  4.532D-05   219.21       4.21       3.71    3.872D-05  2.281D-05  1.929D-05
**(rmsgt)**  17  1.961D-06  2.172D-05  1.140D-05  5.232D-05   226.37       7.33       2.92    9.555D-05  6.749D-05  6.647D-05
**(rmsgt)**  16  1.768D-06  2.074D-05  1.001D-05  5.390D-05   234.87       9.39       2.98    1.964D-04  1.372D-04  1.765D-04
**(rmsgt)**  15  1.672D-06  1.979D-05  8.620D-06  5.096D-05   243.46      10.26       3.46    3.644D-04  2.422D-04  3.664D-04
**(rmsgt)**  14  1.174D-06  1.886D-05  7.576D-06  4.667D-05   251.30      10.52       3.86    6.423D-04  4.209D-04  6.345D-04
**(rmsgt)**  13  1.482D-06  1.875D-05  6.588D-06  4.182D-05   258.17      10.58       4.14    1.076D-03  7.392D-04  9.675D-04
**(rmsgt)**  12  1.424D-06  1.835D-05  5.783D-06  3.811D-05   264.06      10.63       4.34    1.631D-03  1.118D-03  1.323D-03
**(rmsgt)**  11  1.475D-06  1.851D-05  5.396D-06  3.529D-05   269.03      10.77       4.48    2.313D-03  1.518D-03  1.663D-03
**(rmsgt)**  10  1.292D-06  1.847D-05  5.170D-06  3.418D-05   273.16      10.98       4.57    3.169D-03  2.024D-03  1.897D-03
**(rmsgt)**   9  1.319D-06  1.814D-05  5.087D-06  3.367D-05   276.67      11.20       4.61    4.147D-03  2.509D-03  2.055D-03
**(rmsgt)**   8  1.345D-06  1.778D-05  5.060D-06  3.340D-05   279.51      11.49       4.65    5.153D-03  2.884D-03  2.150D-03
**(rmsgt)**   7  1.390D-06  1.779D-05  5.219D-06  3.393D-05   281.67      11.72       4.69    6.204D-03  3.227D-03  2.194D-03
**(rmsgt)**   6  1.731D-06  1.812D-05  5.450D-06  3.494D-05   283.46      11.96       4.66    7.165D-03  3.630D-03  2.224D-03
**(rmsgt)**   5  1.881D-06  1.893D-05  5.595D-06  3.627D-05   285.13      12.31       4.57    7.988D-03  4.071D-03  2.310D-03
**(rmsgt)**   4  2.033D-06  2.015D-05  5.679D-06  3.668D-05   286.68      12.83       4.49    8.529D-03  4.345D-03  2.386D-03
**(rmsgt)**   3  2.305D-06  2.112D-05  5.297D-06  3.532D-05   288.00      13.45       4.53    8.882D-03  4.498D-03  2.437D-03
**(rmsgt)**   2  2.326D-06  2.126D-05  4.800D-06  3.287D-05   289.16      13.87       4.58    9.133D-03  4.604D-03  2.493D-03
**(rmsgt)**   1  2.160D-06  2.084D-05  4.311D-06  2.982D-05   290.04      14.17       4.64    9.379D-03  4.720D-03  2.548D-03
**(rmsgt)** AVE  1.621D-06  1.962D-05  8.094D-06  3.915D-05   252.16      10.02       4.21    2.421D-03  2.010D-03  1.412
**(rmsgt)** Log(surface pressure) mean and variance:
**(rmsgt)**  G.M.LNP.= 4.59    ; Z.S.LNP.=0.436D-01; Z.A.LNP.=0.659D-01

 From Nlnmi :
 n =   1 HnCut =  1000.00 Hn =  9766.75
 n =   2 HnCut =  1000.00 Hn =  4582.61
 n =   3 HnCut =  1000.00 Hn =  1601.91

 mods =   3 niter =   3

**(opnfct)** writes file GFCT02R20111011122011101112F.inz.T126L28 at simulation time
**(opnfct)** 0 days and 0.0 seconds; contains state of the atmosphere at 12Z of 11/10/2011
**(rmsgt)** State of the atmosphere at 12Z of 11/10/2011:
**(rmsgt)** Layers and average means and variances:
**(rmsgt)** LYR  Z.S. DIV.  Z.A. DIV.  Z.S. VOR.  Z.A. VOR.  G.M. TEM.  Z.S. TEM.  Z.A. TEM.  G.M. S.H.  Z.S. S.H.  Z.A. S.H.
**(rmsgt)**  28  8.305D-07  8.274D-06  1.281D-05  2.911D-05   250.27       7.19       5.96    1.682D-06  4.086D-07  1.668D-07
**(rmsgt)**  27  1.789D-06  1.877D-05  1.616D-05  2.520D-05   228.12       3.77       5.84    1.793D-06  7.155D-07  2.029D-07
**(rmsgt)**  26  1.671D-06  1.809D-05  1.465D-05  2.256D-05   221.61       2.36       5.60    1.825D-06  8.005D-07  2.318D-07
**(rmsgt)**  25  1.399D-06  1.736D-05  1.315D-05  2.156D-05   216.92       3.23       5.28    2.004D-06  9.591D-07  2.970D-07
**(rmsgt)**  24  1.581D-06  1.821D-05  1.320D-05  2.141D-05   213.32       4.23       4.95    2.297D-06  1.200D-06  3.474D-07
**(rmsgt)**  23  1.341D-06  1.754D-05  1.075D-05  2.102D-05   209.81       5.67       4.57    2.721D-06  1.367D-06  4.371D-07
**(rmsgt)**  22  1.239D-06  1.826D-05  8.610D-06  2.204D-05   205.99       7.97       4.57    3.139D-06  1.278D-06  5.063D-07
**(rmsgt)**  21  1.588D-06  2.076D-05  7.941D-06  2.499D-05   204.35       9.49       4.26    3.496D-06  1.171D-06  8.124D-07
**(rmsgt)**  20  1.616D-06  2.232D-05  8.815D-06  3.005D-05   207.60       7.52       3.86    5.904D-06  1.667D-06  1.676D-06
**(rmsgt)**  19  1.931D-06  2.236D-05  1.107D-05  3.703D-05   213.10       4.21       3.86    1.470D-05  5.603D-06  5.139D-06
**(rmsgt)**  18  1.885D-06  2.236D-05  1.205D-05  4.532D-05   219.21       4.23       3.75    3.872D-05  2.281D-05  1.929D-05
**(rmsgt)**  17  1.935D-06  2.148D-05  1.140D-05  5.232D-05   226.37       7.33       2.92    9.555D-05  6.749D-05  6.647D-05
**(rmsgt)**  16  1.729D-06  2.046D-05  1.001D-05  5.390D-05   234.87       9.41       3.13    1.964D-04  1.372D-04  1.765D-04
**(rmsgt)**  15  1.640D-06  1.938D-05  8.616D-06  5.096D-05   243.46      10.25       3.43    3.644D-04  2.422D-04  3.664D-04
**(rmsgt)**  14  1.146D-06  1.835D-05  7.571D-06  4.667D-05   251.30      10.55       4.03    6.423D-04  4.209D-04  6.345D-04
**(rmsgt)**  13  1.468D-06  1.821D-05  6.584D-06  4.182D-05   258.17      10.57       4.09    1.076D-03  7.392D-04  9.675D-04
**(rmsgt)**  12  1.393D-06  1.786D-05  5.778D-06  3.811D-05   264.06      10.66       4.53    1.631D-03  1.118D-03  1.323D-03
**(rmsgt)**  11  1.451D-06  1.801D-05  5.391D-06  3.529D-05   269.03      10.77       4.41    2.313D-03  1.518D-03  1.663D-03
**(rmsgt)**  10  1.341D-06  1.804D-05  5.167D-06  3.418D-05   273.16      11.01       4.77    3.169D-03  2.024D-03  1.897D-03
**(rmsgt)**   9  1.327D-06  1.774D-05  5.085D-06  3.367D-05   276.67      11.19       4.53    4.147D-03  2.509D-03  2.055D-03
**(rmsgt)**   8  1.346D-06  1.747D-05  5.059D-06  3.339D-05   279.51      11.51       4.82    5.153D-03  2.884D-03  2.150D-03
**(rmsgt)**   7  1.403D-06  1.750D-05  5.220D-06  3.393D-05   281.67      11.71       4.62    6.204D-03  3.227D-03  2.194D-03
**(rmsgt)**   6  1.720D-06  1.801D-05  5.452D-06  3.494D-05   283.46      11.98       4.81    7.165D-03  3.630D-03  2.224D-03
**(rmsgt)**   5  1.877D-06  1.886D-05  5.599D-06  3.627D-05   285.13      12.31       4.50    7.988D-03  4.071D-03  2.310D-03
**(rmsgt)**   4  2.050D-06  2.016D-05  5.683D-06  3.668D-05   286.68      12.86       4.64    8.529D-03  4.345D-03  2.386D-03
**(rmsgt)**   3  2.302D-06  2.121D-05  5.302D-06  3.533D-05   288.00      13.44       4.46    8.882D-03  4.498D-03  2.437D-03
**(rmsgt)**   2  2.316D-06  2.139D-05  4.805D-06  3.287D-05   289.16      13.90       4.73    9.133D-03  4.604D-03  2.493D-03
**(rmsgt)**   1  2.183D-06  2.100D-05  4.316D-06  2.983D-05   290.04      14.17       4.57    9.379D-03  4.720D-03  2.548D-03
**(rmsgt)** AVE  1.603D-06  1.921D-05  8.097D-06  3.916D-05   252.16      10.02       4.27    2.421D-03  2.010D-03  1.412
**(rmsgt)** Log(surface pressure) mean and variance:
**(rmsgt)**  G.M.LNP.= 4.59    ; Z.S.LNP.=0.439D-01; Z.A.LNP.=0.668D-01
**(Model)** cold start step 1
**(Model)** cold start step 2
**(Model)** timestep 2 at simulation time 0 days and 600.0 seconds
**(Model)** timestep 3 at simulation time 0 days and 1200.0 seconds
**(Model)** timestep 4 at simulation time 0 days and 1800.0 seconds
**(Model)** timestep 5 at simulation time 0 days and 2400.0 seconds
**(Model)** timestep 6 at simulation time 0 days and 3000.0 seconds
**(Model)** timestep 7 at simulation time 0 days and 3600.0 seconds
**(Model)** timestep 8 at simulation time 0 days and 4200.0 seconds
**(Model)** timestep 9 at simulation time 0 days and 4800.0 seconds
**(Model)** timestep 10 at simulation time 0 days and 5400.0 seconds
**(Model)** timestep 11 at simulation time 0 days and 6000.0 seconds
**(Model)** timestep 12 at simulation time 0 days and 6600.0 seconds
**(Model)** timestep 13 at simulation time 0 days and 7200.0 seconds
**(Model)** timestep 14 at simulation time 0 days and 7800.0 seconds
**(Model)** timestep 15 at simulation time 0 days and 8400.0 seconds
**(Model)** timestep 16 at simulation time 0 days and 9000.0 seconds
**(Model)** timestep 17 at simulation time 0 days and 9600.0 seconds
**(Model)** timestep 18 at simulation time 0 days and 10200.0 seconds
**(opnfct)** writes file GFCT02R20111011122011101115F.fct.T126L28 at simulation time
**(opnfct)** 0 days and 10800.0 seconds; contains state of the atmosphere at 15Z of 11/10/2011
**(rmsgt)** State of the atmosphere at 15Z of 11/10/2011:
**(rmsgt)** Layers and average means and variances:
**(rmsgt)** LYR  Z.S. DIV.  Z.A. DIV.  Z.S. VOR.  Z.A. VOR.  G.M. TEM.  Z.S. TEM.  Z.A. TEM.  G.M. S.H.  Z.S. S.H.  Z.A. S.H.
**(rmsgt)**  28  1.042D-06  5.901D-06  1.205D-05  2.195D-05   250.32       7.25       5.78    1.682D-06  4.076D-07  1.675D-07
**(rmsgt)**  27  2.073D-06  1.596D-05  1.630D-05  2.083D-05   227.88       3.69       5.56    1.793D-06  7.157D-07  2.011D-07
**(rmsgt)**  26  1.853D-06  1.426D-05  1.478D-05  1.759D-05   221.44       2.33       5.70    1.826D-06  8.005D-07  2.268D-07
**(rmsgt)**  25  1.218D-06  1.100D-05  1.315D-05  1.529D-05   216.90       3.06       5.45    2.006D-06  9.583D-07  2.887D-07
**(rmsgt)**  24  1.402D-06  1.181D-05  1.315D-05  1.417D-05   213.39       4.09       5.01    2.300D-06  1.199D-06  3.422D-07
**(rmsgt)**  23  1.518D-06  1.230D-05  1.071D-05  1.396D-05   209.89       5.60       4.66    2.721D-06  1.366D-06  4.292D-07
**(rmsgt)**  22  1.538D-06  1.308D-05  8.659D-06  1.533D-05   206.16       7.92       4.50    3.143D-06  1.277D-06  5.076D-07
**(rmsgt)**  21  1.868D-06  1.510D-05  8.076D-06  1.882D-05   204.53       9.44       4.18    3.566D-06  1.211D-06  9.069D-07
**(rmsgt)**  20  2.087D-06  1.592D-05  8.947D-06  2.415D-05   207.72       7.49       3.89    6.158D-06  1.816D-06  2.366D-06
**(rmsgt)**  19  1.878D-06  1.457D-05  1.102D-05  3.039D-05   213.19       4.18       3.97    1.538D-05  6.108D-06  7.484D-06
**(rmsgt)**  18  1.981D-06  1.339D-05  1.198D-05  3.803D-05   219.27       4.21       3.88    3.993D-05  2.326D-05  2.244D-05
**(rmsgt)**  17  1.534D-06  1.199D-05  1.135D-05  4.301D-05   226.36       7.31       3.13    9.847D-05  6.711D-05  6.758D-05
**(rmsgt)**  16  1.238D-06  1.047D-05  9.842D-06  4.311D-05   234.84       9.43       3.38    2.014D-04  1.360D-04  1.713D-04
**(rmsgt)**  15  1.014D-06  9.649D-06  8.252D-06  3.971D-05   243.39      10.31       3.73    3.700D-04  2.376D-04  3.463D-04
**(rmsgt)**  14  8.139D-07  8.345D-06  7.125D-06  3.520D-05   251.24      10.62       4.25    6.439D-04  4.061D-04  5.899D-04
**(rmsgt)**  13  1.019D-06  8.347D-06  6.152D-06  3.084D-05   258.10      10.64       4.30    1.071D-03  7.141D-04  8.984D-04
**(rmsgt)**  12  8.950D-07  7.858D-06  5.411D-06  2.732D-05   264.03      10.73       4.64    1.621D-03  1.087D-03  1.241D-03
**(rmsgt)**  11  9.292D-07  8.119D-06  5.080D-06  2.497D-05   268.96      10.80       4.55    2.295D-03  1.482D-03  1.572D-03
**(rmsgt)**  10  9.066D-07  8.180D-06  4.788D-06  2.361D-05   273.09      11.04       4.72    3.144D-03  1.988D-03  1.792D-03
**(rmsgt)**   9  9.304D-07  8.138D-06  4.647D-06  2.273D-05   276.50      11.16       4.61    4.132D-03  2.484D-03  1.933D-03
**(rmsgt)**   8  8.618D-07  8.051D-06  4.675D-06  2.236D-05   279.28      11.47       4.71    5.149D-03  2.875D-03  2.012D-03
**(rmsgt)**   7  1.027D-06  8.183D-06  4.897D-06  2.244D-05   281.47      11.71       4.63    6.177D-03  3.224D-03  2.049D-03
**(rmsgt)**   6  1.197D-06  8.883D-06  5.245D-06  2.344D-05   283.38      12.05       4.61    7.150D-03  3.631D-03  2.108D-03
**(rmsgt)**   5  1.554D-06  1.014D-05  5.554D-06  2.480D-05   285.15      12.48       4.43    7.937D-03  3.981D-03  2.228D-03
**(rmsgt)**   4  1.875D-06  1.146D-05  5.728D-06  2.557D-05   286.76      12.95       4.42    8.621D-03  4.337D-03  2.336D-03
**(rmsgt)**   3  2.137D-06  1.275D-05  5.606D-06  2.481D-05   288.20      13.49       4.46    9.157D-03  4.621D-03  2.427D-03
**(rmsgt)**   2  2.473D-06  1.373D-05  4.909D-06  2.159D-05   289.46      13.98       4.57    9.513D-03  4.764D-03  2.500D-03
**(rmsgt)**   1  2.419D-06  1.328D-05  3.525D-06  1.610D-05   290.17      14.38       4.78    9.868D-03  4.908D-03  2.608D-03
**(rmsgt)** AVE  1.370D-06  1.057D-05  7.924D-06  2.942D-05   252.13      10.05       4.34    2.433D-03  2.012D-03  1.347
**(rmsgt)** Log(surface pressure) mean and variance:
**(rmsgt)**  G.M.LNP.= 4.59    ; Z.S.LNP.=0.440D-01; Z.A.LNP.=0.662D-01
**(wridia)** file also contains diagnostics at 15Z of 11/10/2011:
**(globme)**TOTAL PRECIPITATION                      Std.Dev.=   3.5211667; Glob.Mean=   8.9635288    ; in units of Kg M**-2 Day
**-1
**(globme)**CONVECTIVE PRECIPITATION                 Std.Dev.=   3.0592992; Glob.Mean=   8.6410179    ; in units of Kg M**-2 Day
**-1
**(globme)**SENSIBLE HEAT FLUX FROM SURFACE          Std.Dev.=   26.714678; Glob.Mean=   71.578934    ; in units of W M**-2
**(globme)**LATENT HEAT FLUX FROM SURFACE            Std.Dev.=   128.51319; Glob.Mean=   130.01336    ; in units of W M**-2
**(globme)**OUTGOING LONG WAVE AT TOP                Std.Dev.=   265.61536; Glob.Mean=   33.217978    ; in units of W M**-2
**(globme)**SHORT WAVE ABSORBED AT GROUND            Std.Dev.=   188.86397; Glob.Mean=   264.45735    ; in units of W M**-2
**(globme)**NET LONG WAVE AT BOTTOM                  Std.Dev.=   59.163561; Glob.Mean=   37.030560    ; in units of W M**-2
**(Model)** timestep 19 at simulation time 0 days and 10800.0 seconds
**(Model)** timestep 20 at simulation time 0 days and 11400.0 seconds
**(Model)** timestep 21 at simulation time 0 days and 12000.0 seconds
**(Model)** timestep 22 at simulation time 0 days and 12600.0 seconds
**(Model)** timestep 23 at simulation time 0 days and 13200.0 seconds
**(Model)** timestep 24 at simulation time 0 days and 13800.0 seconds
**(Model)** timestep 25 at simulation time 0 days and 14400.0 seconds
**(Model)** timestep 26 at simulation time 0 days and 15000.0 seconds
**(Model)** timestep 27 at simulation time 0 days and 15600.0 seconds
**(Model)** timestep 28 at simulation time 0 days and 16200.0 seconds
**(Model)** timestep 29 at simulation time 0 days and 16800.0 seconds
**(Model)** timestep 30 at simulation time 0 days and 17400.0 seconds
**(Model)** timestep 31 at simulation time 0 days and 18000.0 seconds
**(Model)** timestep 32 at simulation time 0 days and 18600.0 seconds
**(Model)** timestep 33 at simulation time 0 days and 19200.0 seconds
**(Model)** timestep 34 at simulation time 0 days and 19800.0 seconds
**(Model)** timestep 35 at simulation time 0 days and 20400.0 seconds
**(Model)** timestep 36 at simulation time 0 days and 21000.0 seconds
**(opnfct)** writes file GFCT02R20111011122011101118F.fct.T126L28 at simulation time
**(opnfct)** 0 days and 21600.0 seconds; contains state of the atmosphere at 18Z of 11/10/2011
**(rmsgt)** State of the atmosphere at 18Z of 11/10/2011:
**(rmsgt)** Layers and average means and variances:
**(rmsgt)** LYR  Z.S. DIV.  Z.A. DIV.  Z.S. VOR.  Z.A. VOR.  G.M. TEM.  Z.S. TEM.  Z.A. TEM.  G.M. S.H.  Z.S. S.H.  Z.A. S.H.
**(rmsgt)**  28  1.073D-06  6.791D-06  1.195D-05  2.207D-05   250.31       7.29       5.67    1.683D-06  4.063D-07  1.686D-07
**(rmsgt)**  27  2.751D-06  1.889D-05  1.560D-05  2.097D-05   227.80       3.76       5.88    1.792D-06  7.161D-07  2.019D-07
**(rmsgt)**  26  1.692D-06  1.546D-05  1.471D-05  1.782D-05   221.37       2.41       5.83    1.828D-06  8.008D-07  2.254D-07
**(rmsgt)**  25  1.612D-06  1.284D-05  1.319D-05  1.532D-05   216.88       3.07       5.59    2.009D-06  9.585D-07  2.866D-07
**(rmsgt)**  24  1.389D-06  1.158D-05  1.322D-05  1.384D-05   213.43       4.04       5.12    2.303D-06  1.200D-06  3.404D-07
**(rmsgt)**  23  1.679D-06  1.102D-05  1.076D-05  1.387D-05   209.90       5.61       4.77    2.724D-06  1.364D-06  4.305D-07
**(rmsgt)**  22  1.590D-06  1.038D-05  8.579D-06  1.538D-05   206.18       7.97       4.56    3.153D-06  1.275D-06  5.565D-07
**(rmsgt)**  21  1.819D-06  1.244D-05  7.998D-06  1.858D-05   204.65       9.40       4.17    3.645D-06  1.270D-06  1.108D-06
**(rmsgt)**  20  1.622D-06  1.260D-05  8.922D-06  2.350D-05   207.81       7.47       3.86    6.339D-06  1.945D-06  2.913D-06
**(rmsgt)**  19  1.697D-06  1.184D-05  1.097D-05  2.943D-05   213.22       4.17       4.01    1.565D-05  6.108D-06  8.710D-06
**(rmsgt)**  18  1.877D-06  1.142D-05  1.192D-05  3.621D-05   219.26       4.21       3.91    4.053D-05  2.291D-05  2.459D-05
**(rmsgt)**  17  1.370D-06  1.032D-05  1.129D-05  4.071D-05   226.33       7.29       3.24    1.003D-04  6.647D-05  6.930D-05
**(rmsgt)**  16  1.069D-06  9.284D-06  9.911D-06  4.089D-05   234.81       9.42       3.49    2.048D-04  1.347D-04  1.692D-04
**(rmsgt)**  15  1.062D-06  8.518D-06  8.305D-06  3.756D-05   243.33      10.31       3.86    3.735D-04  2.325D-04  3.362D-04
**(rmsgt)**  14  7.961D-07  7.313D-06  7.152D-06  3.309D-05   251.19      10.65       4.33    6.450D-04  3.941D-04  5.712D-04
**(rmsgt)**  13  8.299D-07  7.028D-06  6.091D-06  2.898D-05   258.06      10.69       4.41    1.068D-03  6.972D-04  8.687D-04
**(rmsgt)**  12  8.343D-07  6.757D-06  5.325D-06  2.563D-05   264.03      10.79       4.66    1.611D-03  1.066D-03  1.208D-03
**(rmsgt)**  11  7.875D-07  6.884D-06  4.965D-06  2.341D-05   268.92      10.83       4.59    2.275D-03  1.453D-03  1.539D-03
**(rmsgt)**  10  8.594D-07  7.005D-06  4.668D-06  2.196D-05   273.02      11.07       4.72    3.116D-03  1.959D-03  1.768D-03
**(rmsgt)**   9  9.941D-07  7.066D-06  4.583D-06  2.097D-05   276.38      11.15       4.65    4.119D-03  2.463D-03  1.903D-03
**(rmsgt)**   8  9.868D-07  7.432D-06  4.691D-06  2.044D-05   279.16      11.46       4.71    5.148D-03  2.867D-03  1.988D-03
**(rmsgt)**   7  1.049D-06  7.924D-06  4.945D-06  2.035D-05   281.46      11.77       4.59    6.160D-03  3.206D-03  2.039D-03
**(rmsgt)**   6  1.179D-06  8.880D-06  5.325D-06  2.110D-05   283.45      12.14       4.56    7.133D-03  3.587D-03  2.108D-03
**(rmsgt)**   5  1.534D-06  1.032D-05  5.668D-06  2.229D-05   285.25      12.56       4.40    7.940D-03  3.927D-03  2.244D-03
**(rmsgt)**   4  1.888D-06  1.185D-05  5.895D-06  2.326D-05   286.88      13.00       4.39    8.721D-03  4.353D-03  2.389D-03
**(rmsgt)**   3  2.090D-06  1.315D-05  5.830D-06  2.309D-05   288.25      13.54       4.49    9.345D-03  4.724D-03  2.484D-03
**(rmsgt)**   2  2.372D-06  1.386D-05  5.106D-06  2.035D-05   289.51      13.98       4.59    9.753D-03  4.912D-03  2.558D-03
**(rmsgt)**   1  2.341D-06  1.351D-05  3.635D-06  1.525D-05   290.09      14.31       4.90    1.015D-02  5.094D-03  2.678D-03
**(rmsgt)** AVE  1.313D-06  9.498D-06  7.906D-06  2.773D-05   252.12      10.08       4.39    2.441D-03  2.014D-03  1.342
**(rmsgt)** Log(surface pressure) mean and variance:
**(rmsgt)**  G.M.LNP.= 4.59    ; Z.S.LNP.=0.441D-01; Z.A.LNP.=0.661D-01
**(wridia)** file also contains diagnostics at 18Z of 11/10/2011:
**(globme)**TOTAL PRECIPITATION                      Std.Dev.=   3.2990735; Glob.Mean=   8.1641839    ; in units of Kg M**-2 Day
**-1
**(globme)**CONVECTIVE PRECIPITATION                 Std.Dev.=   2.7927057; Glob.Mean=   7.9761055    ; in units of Kg M**-2 Day
**-1
**(globme)**SENSIBLE HEAT FLUX FROM SURFACE          Std.Dev.=   20.155313; Glob.Mean=   69.624754    ; in units of W M**-2
**(globme)**LATENT HEAT FLUX FROM SURFACE            Std.Dev.=   112.56421; Glob.Mean=   115.49105    ; in units of W M**-2
**(globme)**OUTGOING LONG WAVE AT TOP                Std.Dev.=   245.06978; Glob.Mean=   49.379868    ; in units of W M**-2
**(globme)**SHORT WAVE ABSORBED AT GROUND            Std.Dev.=   173.28711; Glob.Mean=   240.72734    ; in units of W M**-2
**(globme)**NET LONG WAVE AT BOTTOM                  Std.Dev.=   54.601461; Glob.Mean=   41.472452    ; in units of W M**-2
**(Model)** timestep 37 at simulation time 0 days and 21600.0 seconds
**(Model)** timestep 38 at simulation time 0 days and 22200.0 seconds
**(Model)** timestep 39 at simulation time 0 days and 22800.0 seconds
**(Model)** timestep 40 at simulation time 0 days and 23400.0 seconds
**(Model)** timestep 41 at simulation time 0 days and 24000.0 seconds
**(Model)** timestep 42 at simulation time 0 days and 24600.0 seconds
**(Model)** timestep 43 at simulation time 0 days and 25200.0 seconds
**(Model)** timestep 44 at simulation time 0 days and 25800.0 seconds
**(Model)** timestep 45 at simulation time 0 days and 26400.0 seconds
**(Model)** timestep 46 at simulation time 0 days and 27000.0 seconds
**(Model)** timestep 47 at simulation time 0 days and 27600.0 seconds
**(Model)** timestep 48 at simulation time 0 days and 28200.0 seconds
**(Model)** timestep 49 at simulation time 0 days and 28800.0 seconds
**(Model)** timestep 50 at simulation time 0 days and 29400.0 seconds
**(Model)** timestep 51 at simulation time 0 days and 30000.0 seconds
**(Model)** timestep 52 at simulation time 0 days and 30600.0 seconds
**(Model)** timestep 53 at simulation time 0 days and 31200.0 seconds
**(Model)** timestep 54 at simulation time 0 days and 31800.0 seconds
**(opnfct)** writes file GFCT02R20111011122011101121F.fct.T126L28 at simulation time
**(opnfct)** 0 days and 32400.0 seconds; contains state of the atmosphere at 21Z of 11/10/2011
**(rmsgt)** State of the atmosphere at 21Z of 11/10/2011:
**(rmsgt)** Layers and average means and variances:
**(rmsgt)** LYR  Z.S. DIV.  Z.A. DIV.  Z.S. VOR.  Z.A. VOR.  G.M. TEM.  Z.S. TEM.  Z.A. TEM.  G.M. S.H.  Z.S. S.H.  Z.A. S.H.
**(rmsgt)**  28  1.082D-06  6.302D-06  1.149D-05  2.236D-05   250.31       7.31       5.46    1.684D-06  4.057D-07  1.691D-07
**(rmsgt)**  27  2.901D-06  1.841D-05  1.535D-05  2.159D-05   227.67       3.84       6.23    1.793D-06  7.156D-07  2.045D-07
**(rmsgt)**  26  2.147D-06  1.459D-05  1.453D-05  1.869D-05   221.39       2.39       5.98    1.831D-06  7.986D-07  2.248D-07
**(rmsgt)**  25  1.552D-06  1.295D-05  1.303D-05  1.544D-05   216.90       2.99       5.68    2.012D-06  9.574D-07  2.854D-07
**(rmsgt)**  24  1.398D-06  1.130D-05  1.311D-05  1.395D-05   213.47       3.98       5.15    2.305D-06  1.200D-06  3.409D-07
**(rmsgt)**  23  1.510D-06  1.027D-05  1.086D-05  1.348D-05   209.92       5.61       4.78    2.725D-06  1.360D-06  4.348D-07
**(rmsgt)**  22  1.510D-06  1.002D-05  8.721D-06  1.523D-05   206.18       8.00       4.57    3.158D-06  1.269D-06  5.927D-07
**(rmsgt)**  21  1.165D-06  1.156D-05  8.125D-06  1.834D-05   204.70       9.37       4.21    3.708D-06  1.311D-06  1.222D-06
**(rmsgt)**  20  1.348D-06  1.221D-05  8.944D-06  2.326D-05   207.85       7.42       3.87    6.515D-06  2.066D-06  3.245D-06
**(rmsgt)**  19  1.545D-06  1.135D-05  1.101D-05  2.891D-05   213.23       4.12       3.99    1.597D-05  6.200D-06  9.386D-06
**(rmsgt)**  18  1.573D-06  1.077D-05  1.190D-05  3.506D-05   219.25       4.20       3.88    4.128D-05  2.279D-05  2.645D-05
**(rmsgt)**  17  1.201D-06  9.630D-06  1.132D-05  3.936D-05   226.29       7.29       3.23    1.020D-04  6.580D-05  7.059D-05
**(rmsgt)**  16  1.225D-06  9.047D-06  1.004D-05  3.962D-05   234.79       9.40       3.47    2.076D-04  1.320D-04  1.680D-04
**(rmsgt)**  15  1.083D-06  8.378D-06  8.456D-06  3.623D-05   243.30      10.29       3.86    3.765D-04  2.261D-04  3.270D-04
**(rmsgt)**  14  8.692D-07  7.226D-06  7.241D-06  3.170D-05   251.16      10.65       4.32    6.476D-04  3.837D-04  5.586D-04
**(rmsgt)**  13  7.454D-07  6.597D-06  6.093D-06  2.770D-05   258.04      10.72       4.41    1.068D-03  6.835D-04  8.494D-04
**(rmsgt)**  12  8.018D-07  6.255D-06  5.306D-06  2.459D-05   264.02      10.83       4.65    1.607D-03  1.049D-03  1.185D-03
**(rmsgt)**  11  7.341D-07  6.351D-06  4.895D-06  2.240D-05   268.86      10.83       4.59    2.262D-03  1.430D-03  1.523D-03
**(rmsgt)**  10  7.989D-07  6.682D-06  4.597D-06  2.098D-05   272.93      11.08       4.72    3.092D-03  1.933D-03  1.765D-03
**(rmsgt)**   9  7.700D-07  6.695D-06  4.530D-06  1.997D-05   276.30      11.15       4.66    4.104D-03  2.441D-03  1.907D-03
**(rmsgt)**   8  8.234D-07  7.113D-06  4.678D-06  1.949D-05   279.07      11.46       4.71    5.142D-03  2.847D-03  1.989D-03
**(rmsgt)**   7  8.446D-07  7.698D-06  4.968D-06  1.949D-05   281.44      11.81       4.55    6.138D-03  3.182D-03  2.050D-03
**(rmsgt)**   6  1.011D-06  8.685D-06  5.309D-06  2.022D-05   283.49      12.18       4.53    7.118D-03  3.552D-03  2.132D-03
**(rmsgt)**   5  1.372D-06  9.924D-06  5.592D-06  2.138D-05   285.27      12.61       4.42    7.966D-03  3.915D-03  2.272D-03
**(rmsgt)**   4  1.747D-06  1.151D-05  5.758D-06  2.243D-05   286.91      13.01       4.40    8.749D-03  4.358D-03  2.422D-03
**(rmsgt)**   3  1.997D-06  1.263D-05  5.779D-06  2.249D-05   288.26      13.47       4.49    9.427D-03  4.780D-03  2.526D-03
**(rmsgt)**   2  2.366D-06  1.316D-05  5.135D-06  1.988D-05   289.47      13.87       4.59    9.906D-03  5.031D-03  2.588D-03
**(rmsgt)**   1  2.428D-06  1.292D-05  3.710D-06  1.487D-05   289.82      14.13       5.05    1.036D-02  5.254D-03  2.709D-03
**(rmsgt)** AVE  1.215D-06  9.093D-06  7.914D-06  2.677D-05   252.09      10.07       4.39    2.444D-03  2.015D-03  1.346
**(rmsgt)** Log(surface pressure) mean and variance:
**(rmsgt)**  G.M.LNP.= 4.59    ; Z.S.LNP.=0.443D-01; Z.A.LNP.=0.661D-01
**(wridia)** file also contains diagnostics at 21Z of 11/10/2011:
**(globme)**TOTAL PRECIPITATION                      Std.Dev.=   3.2863911; Glob.Mean=   8.4605307    ; in units of Kg M**-2 Day
**-1
**(globme)**CONVECTIVE PRECIPITATION                 Std.Dev.=   2.7055422; Glob.Mean=   8.2821519    ; in units of Kg M**-2 Day
**-1
**(globme)**SENSIBLE HEAT FLUX FROM SURFACE          Std.Dev.=   13.205234; Glob.Mean=   55.620565    ; in units of W M**-2
**(globme)**LATENT HEAT FLUX FROM SURFACE            Std.Dev.=   101.50427; Glob.Mean=   106.59521    ; in units of W M**-2
**(globme)**OUTGOING LONG WAVE AT TOP                Std.Dev.=   243.91061; Glob.Mean=   48.546768    ; in units of W M**-2
**(globme)**SHORT WAVE ABSORBED AT GROUND            Std.Dev.=   177.26454; Glob.Mean=   255.22857    ; in units of W M**-2
**(globme)**NET LONG WAVE AT BOTTOM                  Std.Dev.=   52.359425; Glob.Mean=   35.865993    ; in units of W M**-2
**(Model)** timestep 55 at simulation time 0 days and 32400.0 seconds
**(Model)** timestep 56 at simulation time 0 days and 33000.0 seconds
**(Model)** timestep 57 at simulation time 0 days and 33600.0 seconds
**(Model)** timestep 58 at simulation time 0 days and 34200.0 seconds
**(Model)** timestep 59 at simulation time 0 days and 34800.0 seconds
**(Model)** timestep 60 at simulation time 0 days and 35400.0 seconds
**(Model)** timestep 61 at simulation time 0 days and 36000.0 seconds
**(Model)** timestep 62 at simulation time 0 days and 36600.0 seconds
**(Model)** timestep 63 at simulation time 0 days and 37200.0 seconds
**(Model)** timestep 64 at simulation time 0 days and 37800.0 seconds
**(Model)** timestep 65 at simulation time 0 days and 38400.0 seconds
**(Model)** timestep 66 at simulation time 0 days and 39000.0 seconds
**(Model)** timestep 67 at simulation time 0 days and 39600.0 seconds
**(Model)** timestep 68 at simulation time 0 days and 40200.0 seconds
**(Model)** timestep 69 at simulation time 0 days and 40800.0 seconds
**(Model)** timestep 70 at simulation time 0 days and 41400.0 seconds
**(Model)** timestep 71 at simulation time 0 days and 42000.0 seconds
**(Model)** timestep 72 at simulation time 0 days and 42600.0 seconds
**(opnfct)** writes file GFCT02R20111011122011101200F.fct.T126L28 at simulation time
**(opnfct)** 0 days and 43200.0 seconds; contains state of the atmosphere at 00Z of 12/10/2011
**(rmsgt)** State of the atmosphere at 00Z of 12/10/2011:
**(rmsgt)** Layers and average means and variances:
**(rmsgt)** LYR  Z.S. DIV.  Z.A. DIV.  Z.S. VOR.  Z.A. VOR.  G.M. TEM.  Z.S. TEM.  Z.A. TEM.  G.M. S.H.  Z.S. S.H.  Z.A. S.H.
**(rmsgt)**  28  1.053D-06  5.850D-06  1.099D-05  2.258D-05   250.31       7.25       5.31    1.685D-06  4.054D-07  1.701D-07
**(rmsgt)**  27  2.610D-06  1.826D-05  1.528D-05  2.154D-05   227.56       3.97       6.54    1.794D-06  7.153D-07  2.050D-07
**(rmsgt)**  26  2.161D-06  1.416D-05  1.446D-05  1.920D-05   221.36       2.38       6.14    1.833D-06  7.967D-07  2.240D-07
**(rmsgt)**  25  1.602D-06  1.226D-05  1.288D-05  1.584D-05   216.91       2.82       5.80    2.014D-06  9.557D-07  2.853D-07
**(rmsgt)**  24  1.772D-06  1.130D-05  1.288D-05  1.404D-05   213.52       3.87       5.20    2.307D-06  1.199D-06  3.448D-07
**(rmsgt)**  23  1.101D-06  1.022D-05  1.086D-05  1.312D-05   209.97       5.55       4.81    2.725D-06  1.357D-06  4.430D-07
**(rmsgt)**  22  1.300D-06  9.573D-06  8.851D-06  1.494D-05   206.18       8.00       4.56    3.163D-06  1.266D-06  6.260D-07
**(rmsgt)**  21  1.076D-06  1.098D-05  8.298D-06  1.822D-05   204.74       9.32       4.24    3.759D-06  1.350D-06  1.381D-06
**(rmsgt)**  20  1.464D-06  1.220D-05  9.074D-06  2.313D-05   207.86       7.37       3.89    6.686D-06  2.173D-06  3.596D-06
**(rmsgt)**  19  1.490D-06  1.094D-05  1.109D-05  2.863D-05   213.22       4.05       3.98    1.644D-05  6.406D-06  1.036D-05
**(rmsgt)**  18  1.368D-06  1.038D-05  1.195D-05  3.455D-05   219.24       4.17       3.84    4.247D-05  2.295D-05  2.879D-05
**(rmsgt)**  17  1.324D-06  9.436D-06  1.139D-05  3.850D-05   226.28       7.27       3.18    1.045D-04  6.556D-05  7.398D-05
**(rmsgt)**  16  1.161D-06  8.684D-06  1.009D-05  3.873D-05   234.77       9.38       3.41    2.123D-04  1.304D-04  1.723D-04
**(rmsgt)**  15  1.034D-06  8.121D-06  8.588D-06  3.528D-05   243.25      10.28       3.83    3.818D-04  2.210D-04  3.286D-04
**(rmsgt)**  14  7.597D-07  7.208D-06  7.248D-06  3.081D-05   251.12      10.66       4.31    6.531D-04  3.741D-04  5.607D-04
**(rmsgt)**  13  7.515D-07  6.611D-06  6.034D-06  2.678D-05   258.01      10.75       4.41    1.071D-03  6.697D-04  8.510D-04
**(rmsgt)**  12  8.233D-07  6.298D-06  5.221D-06  2.380D-05   264.00      10.86       4.64    1.607D-03  1.031D-03  1.183D-03
**(rmsgt)**  11  8.348D-07  6.337D-06  4.852D-06  2.162D-05   268.80      10.83       4.59    2.254D-03  1.406D-03  1.528D-03
**(rmsgt)**  10  7.414D-07  6.642D-06  4.553D-06  2.019D-05   272.83      11.07       4.71    3.070D-03  1.906D-03  1.778D-03
**(rmsgt)**   9  6.489D-07  6.658D-06  4.474D-06  1.918D-05   276.22      11.14       4.66    4.086D-03  2.419D-03  1.931D-03
**(rmsgt)**   8  7.512D-07  7.032D-06  4.665D-06  1.881D-05   278.99      11.45       4.70    5.129D-03  2.826D-03  2.015D-03
**(rmsgt)**   7  7.912D-07  7.548D-06  4.982D-06  1.901D-05   281.40      11.83       4.55    6.114D-03  3.158D-03  2.073D-03
**(rmsgt)**   6  1.005D-06  8.388D-06  5.376D-06  1.995D-05   283.47      12.19       4.53    7.102D-03  3.533D-03  2.157D-03
**(rmsgt)**   5  1.298D-06  9.387D-06  5.695D-06  2.123D-05   285.25      12.59       4.43    7.968D-03  3.916D-03  2.303D-03
**(rmsgt)**   4  1.689D-06  1.065D-05  5.938D-06  2.237D-05   286.87      12.96       4.42    8.753D-03  4.361D-03  2.453D-03
**(rmsgt)**   3  2.087D-06  1.171D-05  6.003D-06  2.239D-05   288.16      13.37       4.51    9.481D-03  4.827D-03  2.556D-03
**(rmsgt)**   2  2.511D-06  1.209D-05  5.342D-06  1.960D-05   289.34      13.73       4.61    1.002D-02  5.124D-03  2.601D-03
**(rmsgt)**   1  2.503D-06  1.172D-05  3.767D-06  1.437D-05   289.60      13.99       5.13    1.052D-02  5.369D-03  2.730D-03
**(rmsgt)** AVE  1.188D-06  8.825D-06  7.938D-06  2.616D-05   252.06      10.06       4.39    2.445D-03  2.015D-03  1.359
**(rmsgt)** Log(surface pressure) mean and variance:
**(rmsgt)**  G.M.LNP.= 4.59    ; Z.S.LNP.=0.444D-01; Z.A.LNP.=0.660D-01
**(wridia)** file also contains diagnostics at 00Z of 12/10/2011:
**(globme)**TOTAL PRECIPITATION                      Std.Dev.=   3.1128657; Glob.Mean=   8.0557905    ; in units of Kg M**-2 Day
**-1
**(globme)**CONVECTIVE PRECIPITATION                 Std.Dev.=   2.4617517; Glob.Mean=   7.8140709    ; in units of Kg M**-2 Day
**-1
**(globme)**SENSIBLE HEAT FLUX FROM SURFACE          Std.Dev.=   6.3582962; Glob.Mean=   34.398754    ; in units of W M**-2
**(globme)**LATENT HEAT FLUX FROM SURFACE            Std.Dev.=   92.027206; Glob.Mean=   100.37705    ; in units of W M**-2
**(globme)**OUTGOING LONG WAVE AT TOP                Std.Dev.=   243.22611; Glob.Mean=   48.014418    ; in units of W M**-2
**(globme)**SHORT WAVE ABSORBED AT GROUND            Std.Dev.=   181.64649; Glob.Mean=   262.41556    ; in units of W M**-2
**(globme)**NET LONG WAVE AT BOTTOM                  Std.Dev.=   50.595916; Glob.Mean=   33.118596    ; in units of W M**-2
**(Model)** timestep 73 at simulation time 0 days and 43200.0 seconds
**(Model)** timestep 74 at simulation time 0 days and 43800.0 seconds
**(Model)** timestep 75 at simulation time 0 days and 44400.0 seconds
**(Model)** timestep 76 at simulation time 0 days and 45000.0 seconds
**(Model)** timestep 77 at simulation time 0 days and 45600.0 seconds
**(Model)** timestep 78 at simulation time 0 days and 46200.0 seconds
**(Model)** timestep 79 at simulation time 0 days and 46800.0 seconds
**(Model)** timestep 80 at simulation time 0 days and 47400.0 seconds
**(Model)** timestep 81 at simulation time 0 days and 48000.0 seconds
**(Model)** timestep 82 at simulation time 0 days and 48600.0 seconds
**(Model)** timestep 83 at simulation time 0 days and 49200.0 seconds
**(Model)** timestep 84 at simulation time 0 days and 49800.0 seconds
**(Model)** timestep 85 at simulation time 0 days and 50400.0 seconds
**(Model)** timestep 86 at simulation time 0 days and 51000.0 seconds
**(Model)** timestep 87 at simulation time 0 days and 51600.0 seconds
**(Model)** timestep 88 at simulation time 0 days and 52200.0 seconds
**(Model)** timestep 89 at simulation time 0 days and 52800.0 seconds
**(Model)** timestep 90 at simulation time 0 days and 53400.0 seconds
**(opnfct)** writes file GFCT02R20111011122011101203F.fct.T126L28 at simulation time
**(opnfct)** 0 days and 54000.0 seconds; contains state of the atmosphere at 03Z of 12/10/2011
**(rmsgt)** State of the atmosphere at 03Z of 12/10/2011:
**(rmsgt)** Layers and average means and variances:
**(rmsgt)** LYR  Z.S. DIV.  Z.A. DIV.  Z.S. VOR.  Z.A. VOR.  G.M. TEM.  Z.S. TEM.  Z.A. TEM.  G.M. S.H.  Z.S. S.H.  Z.A. S.H.
**(rmsgt)**  28  8.680D-07  5.576D-06  1.058D-05  2.284D-05   250.32       7.15       5.27    1.685D-06  4.048D-07  1.720D-07
**(rmsgt)**  27  2.404D-06  1.711D-05  1.520D-05  2.206D-05   227.45       4.08       6.72    1.794D-06  7.148D-07  2.046D-07
**(rmsgt)**  26  2.010D-06  1.367D-05  1.437D-05  1.908D-05   221.32       2.30       6.27    1.833D-06  7.956D-07  2.242D-07
**(rmsgt)**  25  1.736D-06  1.234D-05  1.288D-05  1.616D-05   216.91       2.61       5.99    2.015D-06  9.529D-07  2.865D-07
**(rmsgt)**  24  1.548D-06  1.058D-05  1.266D-05  1.428D-05   213.56       3.72       5.37    2.310D-06  1.198D-06  3.444D-07
**(rmsgt)**  23  1.355D-06  1.018D-05  1.064D-05  1.336D-05   210.04       5.46       4.94    2.726D-06  1.355D-06  4.520D-07
**(rmsgt)**  22  1.016D-06  9.480D-06  8.712D-06  1.485D-05   206.20       7.97       4.59    3.166D-06  1.262D-06  6.482D-07
**(rmsgt)**  21  1.226D-06  1.093D-05  8.236D-06  1.834D-05   204.75       9.28       4.24    3.812D-06  1.387D-06  1.512D-06
**(rmsgt)**  20  1.798D-06  1.198D-05  9.083D-06  2.301D-05   207.88       7.32       3.85    6.813D-06  2.290D-06  3.894D-06
**(rmsgt)**  19  1.715D-06  1.108D-05  1.110D-05  2.833D-05   213.23       4.04       3.93    1.684D-05  6.657D-06  1.110D-05
**(rmsgt)**  18  1.307D-06  1.010D-05  1.199D-05  3.422D-05   219.23       4.18       3.78    4.349D-05  2.314D-05  3.101D-05
**(rmsgt)**  17  1.255D-06  9.006D-06  1.152D-05  3.809D-05   226.26       7.26       3.15    1.068D-04  6.532D-05  7.876D-05
**(rmsgt)**  16  1.052D-06  8.182D-06  1.016D-05  3.792D-05   234.75       9.37       3.39    2.163D-04  1.288D-04  1.776D-04
**(rmsgt)**  15  9.643D-07  7.748D-06  8.608D-06  3.455D-05   243.21      10.30       3.83    3.860D-04  2.159D-04  3.334D-04
**(rmsgt)**  14  7.538D-07  7.066D-06  7.169D-06  3.024D-05   251.08      10.69       4.29    6.564D-04  3.633D-04  5.648D-04
**(rmsgt)**  13  6.971D-07  6.509D-06  5.900D-06  2.622D-05   257.96      10.80       4.41    1.070D-03  6.508D-04  8.534D-04
**(rmsgt)**  12  7.024D-07  6.431D-06  5.130D-06  2.321D-05   263.96      10.90       4.64    1.603D-03  1.007D-03  1.181D-03
**(rmsgt)**  11  7.447D-07  6.444D-06  4.798D-06  2.106D-05   268.73      10.84       4.59    2.243D-03  1.378D-03  1.529D-03
**(rmsgt)**  10  7.413D-07  6.627D-06  4.536D-06  1.958D-05   272.72      11.06       4.70    3.052D-03  1.876D-03  1.792D-03
**(rmsgt)**   9  7.459D-07  6.613D-06  4.445D-06  1.857D-05   276.13      11.14       4.66    4.071D-03  2.394D-03  1.958D-03
**(rmsgt)**   8  9.070D-07  6.834D-06  4.635D-06  1.828D-05   278.92      11.44       4.70    5.115D-03  2.806D-03  2.042D-03
**(rmsgt)**   7  1.045D-06  7.419D-06  4.985D-06  1.869D-05   281.35      11.83       4.57    6.095D-03  3.136D-03  2.096D-03
**(rmsgt)**   6  1.204D-06  8.310D-06  5.489D-06  1.982D-05   283.44      12.18       4.54    7.098D-03  3.520D-03  2.187D-03
**(rmsgt)**   5  1.404D-06  9.368D-06  5.918D-06  2.115D-05   285.23      12.55       4.45    7.983D-03  3.923D-03  2.333D-03
**(rmsgt)**   4  1.820D-06  1.046D-05  6.193D-06  2.239D-05   286.87      12.91       4.44    8.779D-03  4.378D-03  2.476D-03
**(rmsgt)**   3  2.198D-06  1.145D-05  6.223D-06  2.235D-05   288.12      13.29       4.48    9.550D-03  4.883D-03  2.583D-03
**(rmsgt)**   2  2.536D-06  1.170D-05  5.474D-06  1.939D-05   289.31      13.65       4.57    1.010D-02  5.189D-03  2.626D-03
**(rmsgt)**   1  2.466D-06  1.135D-05  3.847D-06  1.424D-05   289.62      13.94       5.08    1.059D-02  5.416D-03  2.753D-03
**(rmsgt)** AVE  1.216D-06  8.649D-06  7.934D-06  2.574D-05   252.02      10.06       4.39    2.446D-03  2.013D-03  1.372
**(rmsgt)** Log(surface pressure) mean and variance:
**(rmsgt)**  G.M.LNP.= 4.59    ; Z.S.LNP.=0.444D-01; Z.A.LNP.=0.658D-01
**(wridia)** file also contains diagnostics at 03Z of 12/10/2011:
**(globme)**TOTAL PRECIPITATION                      Std.Dev.=   3.0836271; Glob.Mean=   8.5657900    ; in units of Kg M**-2 Day
**-1
**(globme)**CONVECTIVE PRECIPITATION                 Std.Dev.=   2.3609094; Glob.Mean=   8.2826588    ; in units of Kg M**-2 Day
**-1
**(globme)**SENSIBLE HEAT FLUX FROM SURFACE          Std.Dev.=   10.968321; Glob.Mean=   53.020795    ; in units of W M**-2
**(globme)**LATENT HEAT FLUX FROM SURFACE            Std.Dev.=   90.833814; Glob.Mean=   100.74832    ; in units of W M**-2
**(globme)**OUTGOING LONG WAVE AT TOP                Std.Dev.=   243.27528; Glob.Mean=   47.670122    ; in units of W M**-2
**(globme)**SHORT WAVE ABSORBED AT GROUND            Std.Dev.=   180.95504; Glob.Mean=   260.40074    ; in units of W M**-2
**(globme)**NET LONG WAVE AT BOTTOM                  Std.Dev.=   49.438400; Glob.Mean=   31.874105    ; in units of W M**-2
**(Model)** timestep 91 at simulation time 0 days and 54000.0 seconds
**(Model)** timestep 92 at simulation time 0 days and 54600.0 seconds
**(Model)** timestep 93 at simulation time 0 days and 55200.0 seconds
**(Model)** timestep 94 at simulation time 0 days and 55800.0 seconds
**(Model)** timestep 95 at simulation time 0 days and 56400.0 seconds
**(Model)** timestep 96 at simulation time 0 days and 57000.0 seconds
**(Model)** timestep 97 at simulation time 0 days and 57600.0 seconds
**(Model)** timestep 98 at simulation time 0 days and 58200.0 seconds
**(Model)** timestep 99 at simulation time 0 days and 58800.0 seconds
**(Model)** timestep 100 at simulation time 0 days and 59400.0 seconds
**(Model)** timestep 101 at simulation time 0 days and 60000.0 seconds
**(Model)** timestep 102 at simulation time 0 days and 60600.0 seconds
**(Model)** timestep 103 at simulation time 0 days and 61200.0 seconds
**(Model)** timestep 104 at simulation time 0 days and 61800.0 seconds
**(Model)** timestep 105 at simulation time 0 days and 62400.0 seconds
**(Model)** timestep 106 at simulation time 0 days and 63000.0 seconds
**(Model)** timestep 107 at simulation time 0 days and 63600.0 seconds
**(Model)** timestep 108 at simulation time 0 days and 64200.0 seconds
**(opnfct)** writes file GFCT02R20111011122011101206F.fct.T126L28 at simulation time
**(opnfct)** 0 days and 64800.0 seconds; contains state of the atmosphere at 06Z of 12/10/2011
**(rmsgt)** State of the atmosphere at 06Z of 12/10/2011:
**(rmsgt)** Layers and average means and variances:
**(rmsgt)** LYR  Z.S. DIV.  Z.A. DIV.  Z.S. VOR.  Z.A. VOR.  G.M. TEM.  Z.S. TEM.  Z.A. TEM.  G.M. S.H.  Z.S. S.H.  Z.A. S.H.
**(rmsgt)**  28  8.574D-07  5.236D-06  1.013D-05  2.286D-05   250.33       7.00       5.29    1.686D-06  4.040D-07  1.733D-07
**(rmsgt)**  27  2.339D-06  1.616D-05  1.497D-05  2.223D-05   227.34       4.34       7.03    1.795D-06  7.145D-07  2.054D-07
**(rmsgt)**  26  1.890D-06  1.300D-05  1.434D-05  1.905D-05   221.31       2.23       6.37    1.832D-06  7.936D-07  2.239D-07
**(rmsgt)**  25  2.145D-06  1.159D-05  1.287D-05  1.632D-05   216.92       2.43       6.06    2.015D-06  9.514D-07  2.886D-07
**(rmsgt)**  24  1.348D-06  1.043D-05  1.264D-05  1.448D-05   213.59       3.58       5.52    2.314D-06  1.197D-06  3.443D-07
**(rmsgt)**  23  9.921D-07  9.858D-06  1.058D-05  1.356D-05   210.08       5.38       5.07    2.729D-06  1.356D-06  4.576D-07
**(rmsgt)**  22  9.883D-07  9.446D-06  8.647D-06  1.471D-05   206.22       7.95       4.68    3.173D-06  1.259D-06  6.713D-07
**(rmsgt)**  21  1.269D-06  1.089D-05  8.256D-06  1.837D-05   204.76       9.28       4.28    3.861D-06  1.408D-06  1.596D-06
**(rmsgt)**  20  1.811D-06  1.174D-05  9.146D-06  2.304D-05   207.90       7.29       3.84    6.921D-06  2.381D-06  4.061D-06
**(rmsgt)**  19  1.991D-06  1.076D-05  1.112D-05  2.815D-05   213.24       4.01       3.90    1.708D-05  6.808D-06  1.136D-05
**(rmsgt)**  18  1.694D-06  1.004D-05  1.192D-05  3.397D-05   219.22       4.18       3.75    4.403D-05  2.320D-05  3.167D-05
**(rmsgt)**  17  1.213D-06  8.726D-06  1.144D-05  3.761D-05   226.25       7.27       3.15    1.076D-04  6.421D-05  8.019D-05
**(rmsgt)**  16  8.932D-07  8.066D-06  1.016D-05  3.705D-05   234.73       9.37       3.39    2.177D-04  1.265D-04  1.786D-04
**(rmsgt)**  15  8.641D-07  7.555D-06  8.579D-06  3.381D-05   243.17      10.33       3.83    3.868D-04  2.117D-04  3.316D-04
**(rmsgt)**  14  8.708D-07  6.716D-06  7.107D-06  2.962D-05   251.05      10.72       4.28    6.554D-04  3.539D-04  5.578D-04
**(rmsgt)**  13  6.793D-07  6.409D-06  5.867D-06  2.572D-05   257.92      10.84       4.41    1.065D-03  6.308D-04  8.431D-04
**(rmsgt)**  12  7.006D-07  6.478D-06  5.171D-06  2.277D-05   263.94      10.94       4.63    1.594D-03  9.803D-04  1.171D-03
**(rmsgt)**  11  7.439D-07  6.572D-06  4.815D-06  2.071D-05   268.67      10.86       4.58    2.232D-03  1.347D-03  1.519D-03
**(rmsgt)**  10  7.897D-07  6.772D-06  4.590D-06  1.926D-05   272.62      11.06       4.69    3.038D-03  1.846D-03  1.793D-03
**(rmsgt)**   9  7.778D-07  6.644D-06  4.508D-06  1.823D-05   276.04      11.14       4.67    4.061D-03  2.371D-03  1.969D-03
**(rmsgt)**   8  8.050D-07  6.785D-06  4.700D-06  1.803D-05   278.85      11.44       4.71    5.107D-03  2.790D-03  2.058D-03
**(rmsgt)**   7  9.145D-07  7.272D-06  5.061D-06  1.849D-05   281.31      11.83       4.59    6.097D-03  3.118D-03  2.112D-03
**(rmsgt)**   6  1.099D-06  8.223D-06  5.566D-06  1.967D-05   283.45      12.19       4.56    7.108D-03  3.517D-03  2.219D-03
**(rmsgt)**   5  1.394D-06  9.343D-06  5.982D-06  2.109D-05   285.26      12.54       4.43    8.015D-03  3.945D-03  2.378D-03
**(rmsgt)**   4  1.802D-06  1.042D-05  6.233D-06  2.237D-05   286.92      12.89       4.40    8.814D-03  4.404D-03  2.513D-03
**(rmsgt)**   3  2.069D-06  1.132D-05  6.188D-06  2.216D-05   288.17      13.26       4.39    9.596D-03  4.919D-03  2.584D-03
**(rmsgt)**   2  2.399D-06  1.164D-05  5.470D-06  1.918D-05   289.39      13.61       4.46    1.015D-02  5.226D-03  2.630D-03
**(rmsgt)**   1  2.463D-06  1.141D-05  3.938D-06  1.433D-05   289.93      13.97       4.86    1.064D-02  5.433D-03  2.747D-03
**(rmsgt)** AVE  1.222D-06  8.517D-06  7.922D-06  2.537D-05   252.00      10.06       4.40    2.447D-03  2.011D-03  1.379
**(rmsgt)** Log(surface pressure) mean and variance:
**(rmsgt)**  G.M.LNP.= 4.59    ; Z.S.LNP.=0.446D-01; Z.A.LNP.=0.658D-01
**(wridia)** file also contains diagnostics at 06Z of 12/10/2011:
**(globme)**TOTAL PRECIPITATION                      Std.Dev.=   3.1820958; Glob.Mean=   9.0465183    ; in units of Kg M**-2 Day
**-1
**(globme)**CONVECTIVE PRECIPITATION                 Std.Dev.=   2.4249663; Glob.Mean=   8.7804445    ; in units of Kg M**-2 Day
**-1
**(globme)**SENSIBLE HEAT FLUX FROM SURFACE          Std.Dev.=   19.148036; Glob.Mean=   66.702657    ; in units of W M**-2
**(globme)**LATENT HEAT FLUX FROM SURFACE            Std.Dev.=   93.766410; Glob.Mean=   104.10153    ; in units of W M**-2
**(globme)**OUTGOING LONG WAVE AT TOP                Std.Dev.=   242.87986; Glob.Mean=   48.149412    ; in units of W M**-2
**(globme)**SHORT WAVE ABSORBED AT GROUND            Std.Dev.=   178.74674; Glob.Mean=   257.49652    ; in units of W M**-2
**(globme)**NET LONG WAVE AT BOTTOM                  Std.Dev.=   50.687006; Glob.Mean=   34.949376    ; in units of W M**-2
**(Model)** timestep 109 at simulation time 0 days and 64800.0 seconds
**(Model)** timestep 110 at simulation time 0 days and 65400.0 seconds
**(Model)** timestep 111 at simulation time 0 days and 66000.0 seconds
**(Model)** timestep 112 at simulation time 0 days and 66600.0 seconds
**(Model)** timestep 113 at simulation time 0 days and 67200.0 seconds
**(Model)** timestep 114 at simulation time 0 days and 67800.0 seconds
**(Model)** timestep 115 at simulation time 0 days and 68400.0 seconds
**(Model)** timestep 116 at simulation time 0 days and 69000.0 seconds
**(Model)** timestep 117 at simulation time 0 days and 69600.0 seconds
**(Model)** timestep 118 at simulation time 0 days and 70200.0 seconds
**(Model)** timestep 119 at simulation time 0 days and 70800.0 seconds
**(Model)** timestep 120 at simulation time 0 days and 71400.0 seconds
**(Model)** timestep 121 at simulation time 0 days and 72000.0 seconds
**(Model)** timestep 122 at simulation time 0 days and 72600.0 seconds
**(Model)** timestep 123 at simulation time 0 days and 73200.0 seconds
**(Model)** timestep 124 at simulation time 0 days and 73800.0 seconds
**(Model)** timestep 125 at simulation time 0 days and 74400.0 seconds
**(Model)** timestep 126 at simulation time 0 days and 75000.0 seconds
**(opnfct)** writes file GFCT02R20111011122011101209F.fct.T126L28 at simulation time
**(opnfct)** 0 days and 75600.0 seconds; contains state of the atmosphere at 09Z of 12/10/2011
**(rmsgt)** State of the atmosphere at 09Z of 12/10/2011:
**(rmsgt)** Layers and average means and variances:
**(rmsgt)** LYR  Z.S. DIV.  Z.A. DIV.  Z.S. VOR.  Z.A. VOR.  G.M. TEM.  Z.S. TEM.  Z.A. TEM.  G.M. S.H.  Z.S. S.H.  Z.A. S.H.
**(rmsgt)**  28  9.548D-07  5.037D-06  9.663D-06  2.281D-05   250.36       6.88       5.32    1.687D-06  4.029D-07  1.744D-07
**(rmsgt)**  27  2.476D-06  1.527D-05  1.455D-05  2.253D-05   227.23       4.51       7.17    1.795D-06  7.129D-07  2.081D-07
**(rmsgt)**  26  1.853D-06  1.233D-05  1.411D-05  1.907D-05   221.28       2.23       6.38    1.831D-06  7.915D-07  2.237D-07
**(rmsgt)**  25  1.922D-06  1.116D-05  1.266D-05  1.637D-05   216.92       2.28       6.10    2.015D-06  9.504D-07  2.892D-07
**(rmsgt)**  24  1.426D-06  9.917D-06  1.258D-05  1.491D-05   213.62       3.50       5.61    2.318D-06  1.195D-06  3.450D-07
**(rmsgt)**  23  1.062D-06  9.645D-06  1.051D-05  1.355D-05   210.11       5.36       5.14    2.735D-06  1.356D-06  4.654D-07
**(rmsgt)**  22  1.161D-06  9.362D-06  8.703D-06  1.466D-05   206.23       7.98       4.70    3.179D-06  1.256D-06  6.878D-07
**(rmsgt)**  21  1.155D-06  1.095D-05  8.446D-06  1.836D-05   204.77       9.32       4.30    3.889D-06  1.414D-06  1.636D-06
**(rmsgt)**  20  1.608D-06  1.174D-05  9.368D-06  2.292D-05   207.93       7.28       3.86    7.008D-06  2.439D-06  4.122D-06
**(rmsgt)**  19  2.019D-06  1.078D-05  1.127D-05  2.800D-05   213.25       3.98       3.90    1.729D-05  6.968D-06  1.150D-05
**(rmsgt)**  18  1.941D-06  9.670D-06  1.192D-05  3.379D-05   219.22       4.17       3.74    4.439D-05  2.324D-05  3.208D-05
**(rmsgt)**  17  1.298D-06  8.525D-06  1.134D-05  3.702D-05   226.23       7.27       3.15    1.082D-04  6.378D-05  8.063D-05
**(rmsgt)**  16  9.819D-07  7.917D-06  1.009D-05  3.629D-05   234.71       9.37       3.38    2.188D-04  1.250D-04  1.778D-04
**(rmsgt)**  15  9.135D-07  7.374D-06  8.543D-06  3.315D-05   243.13      10.34       3.82    3.874D-04  2.078D-04  3.274D-04
**(rmsgt)**  14  9.723D-07  6.616D-06  7.100D-06  2.911D-05   251.01      10.73       4.27    6.535D-04  3.440D-04  5.467D-04
**(rmsgt)**  13  7.268D-07  6.301D-06  5.873D-06  2.532D-05   257.89      10.86       4.40    1.059D-03  6.133D-04  8.235D-04
**(rmsgt)**  12  6.866D-07  6.532D-06  5.186D-06  2.247D-05   263.93      10.97       4.62    1.587D-03  9.604D-04  1.150D-03
**(rmsgt)**  11  7.385D-07  6.700D-06  4.758D-06  2.050D-05   268.62      10.87       4.57    2.223D-03  1.322D-03  1.503D-03
**(rmsgt)**  10  7.924D-07  6.886D-06  4.567D-06  1.914D-05   272.54      11.06       4.69    3.026D-03  1.818D-03  1.786D-03
**(rmsgt)**   9  8.571D-07  6.750D-06  4.531D-06  1.811D-05   275.96      11.13       4.69    4.054D-03  2.348D-03  1.967D-03
**(rmsgt)**   8  8.165D-07  6.936D-06  4.742D-06  1.795D-05   278.79      11.43       4.72    5.108D-03  2.774D-03  2.061D-03
**(rmsgt)**   7  8.981D-07  7.406D-06  5.083D-06  1.835D-05   281.29      11.82       4.60    6.103D-03  3.111D-03  2.126D-03
**(rmsgt)**   6  1.026D-06  8.334D-06  5.536D-06  1.954D-05   283.46      12.19       4.54    7.125D-03  3.528D-03  2.249D-03
**(rmsgt)**   5  1.278D-06  9.381D-06  5.930D-06  2.096D-05   285.30      12.55       4.37    8.059D-03  3.979D-03  2.398D-03
**(rmsgt)**   4  1.650D-06  1.051D-05  6.155D-06  2.212D-05   287.01      12.91       4.31    8.851D-03  4.437D-03  2.525D-03
**(rmsgt)**   3  1.901D-06  1.162D-05  6.031D-06  2.169D-05   288.38      13.31       4.32    9.625D-03  4.939D-03  2.590D-03
**(rmsgt)**   2  2.224D-06  1.220D-05  5.417D-06  1.899D-05   289.66      13.69       4.41    1.018D-02  5.246D-03  2.643D-03
**(rmsgt)**   1  2.361D-06  1.222D-05  4.067D-06  1.462D-05   290.41      14.18       4.66    1.065D-02  5.429D-03  2.753D-03
**(rmsgt)** AVE  1.227D-06  8.486D-06  7.905D-06  2.506D-05   251.99      10.07       4.39    2.448D-03  2.011D-03  1.380
**(rmsgt)** Log(surface pressure) mean and variance:
**(rmsgt)**  G.M.LNP.= 4.59    ; Z.S.LNP.=0.447D-01; Z.A.LNP.=0.658D-01
**(wridia)** file also contains diagnostics at 09Z of 12/10/2011:
**(globme)**TOTAL PRECIPITATION                      Std.Dev.=   3.2156569; Glob.Mean=   8.8170012    ; in units of Kg M**-2 Day
**-1
**(globme)**CONVECTIVE PRECIPITATION                 Std.Dev.=   2.4447166; Glob.Mean=   8.4556510    ; in units of Kg M**-2 Day
**-1
**(globme)**SENSIBLE HEAT FLUX FROM SURFACE          Std.Dev.=   25.851356; Glob.Mean=   67.137984    ; in units of W M**-2
**(globme)**LATENT HEAT FLUX FROM SURFACE            Std.Dev.=   95.507251; Glob.Mean=   101.84097    ; in units of W M**-2
**(globme)**OUTGOING LONG WAVE AT TOP                Std.Dev.=   242.71254; Glob.Mean=   49.562254    ; in units of W M**-2
**(globme)**SHORT WAVE ABSORBED AT GROUND            Std.Dev.=   178.58738; Glob.Mean=   253.32178    ; in units of W M**-2
**(globme)**NET LONG WAVE AT BOTTOM                  Std.Dev.=   53.968510; Glob.Mean=   39.997830    ; in units of W M**-2
**(Model)** timestep 127 at simulation time 0 days and 75600.0 seconds
**(Model)** timestep 128 at simulation time 0 days and 76200.0 seconds
**(Model)** timestep 129 at simulation time 0 days and 76800.0 seconds
**(Model)** timestep 130 at simulation time 0 days and 77400.0 seconds
**(Model)** timestep 131 at simulation time 0 days and 78000.0 seconds
**(Model)** timestep 132 at simulation time 0 days and 78600.0 seconds
**(Model)** timestep 133 at simulation time 0 days and 79200.0 seconds
**(Model)** timestep 134 at simulation time 0 days and 79800.0 seconds
**(Model)** timestep 135 at simulation time 0 days and 80400.0 seconds
**(Model)** timestep 136 at simulation time 0 days and 81000.0 seconds
**(Model)** timestep 137 at simulation time 0 days and 81600.0 seconds
**(Model)** timestep 138 at simulation time 0 days and 82200.0 seconds
**(Model)** timestep 139 at simulation time 0 days and 82800.0 seconds
**(Model)** timestep 140 at simulation time 0 days and 83400.0 seconds
**(Model)** timestep 141 at simulation time 0 days and 84000.0 seconds
**(Model)** timestep 142 at simulation time 0 days and 84600.0 seconds
**(Model)** timestep 143 at simulation time 0 days and 85200.0 seconds
**(Model)** timestep 144 at simulation time 0 days and 85800.0 seconds
**(opnfct)** writes file GFCT02R20111011122011101212F.fct.T126L28 at simulation time
**(opnfct)** 1 days and 0.0 seconds; contains state of the atmosphere at 12Z of 12/10/2011
**(rmsgt)** State of the atmosphere at 12Z of 12/10/2011:
**(rmsgt)** Layers and average means and variances:
**(rmsgt)** LYR  Z.S. DIV.  Z.A. DIV.  Z.S. VOR.  Z.A. VOR.  G.M. TEM.  Z.S. TEM.  Z.A. TEM.  G.M. S.H.  Z.S. S.H.  Z.A. S.H.
**(rmsgt)**  28  8.544D-07  4.907D-06  9.505D-06  2.298D-05   250.38       6.83       5.34    1.688D-06  4.024D-07  1.753D-07
**(rmsgt)**  27  2.200D-06  1.479D-05  1.417D-05  2.284D-05   227.13       4.66       7.20    1.794D-06  7.115D-07  2.099D-07
**(rmsgt)**  26  2.119D-06  1.231D-05  1.390D-05  1.892D-05   221.25       2.33       6.36    1.832D-06  7.908D-07  2.235D-07
**(rmsgt)**  25  1.453D-06  1.081D-05  1.251D-05  1.627D-05   216.91       2.21       6.10    2.017D-06  9.499D-07  2.896D-07
**(rmsgt)**  24  1.468D-06  9.745D-06  1.242D-05  1.486D-05   213.64       3.42       5.72    2.321D-06  1.193D-06  3.469D-07
**(rmsgt)**  23  9.852D-07  9.383D-06  1.034D-05  1.357D-05   210.13       5.37       5.22    2.743D-06  1.357D-06  4.770D-07
**(rmsgt)**  22  1.066D-06  9.303D-06  8.561D-06  1.453D-05   206.24       8.06       4.75    3.183D-06  1.256D-06  7.050D-07
**(rmsgt)**  21  1.514D-06  1.062D-05  8.372D-06  1.841D-05   204.78       9.39       4.31    3.915D-06  1.420D-06  1.663D-06
**(rmsgt)**  20  1.457D-06  1.172D-05  9.477D-06  2.271D-05   207.97       7.29       3.87    7.125D-06  2.521D-06  4.216D-06
**(rmsgt)**  19  1.805D-06  1.085D-05  1.139D-05  2.784D-05   213.27       3.97       3.91    1.751D-05  7.093D-06  1.176D-05
**(rmsgt)**  18  1.870D-06  9.701D-06  1.196D-05  3.357D-05   219.22       4.17       3.72    4.461D-05  2.312D-05  3.261D-05
**(rmsgt)**  17  1.197D-06  8.680D-06  1.134D-05  3.653D-05   226.21       7.28       3.14    1.088D-04  6.367D-05  8.037D-05
**(rmsgt)**  16  9.877D-07  7.920D-06  1.006D-05  3.583D-05   234.67       9.37       3.36    2.202D-04  1.241D-04  1.759D-04
**(rmsgt)**  15  9.668D-07  7.291D-06  8.505D-06  3.272D-05   243.08      10.35       3.80    3.889D-04  2.043D-04  3.221D-04
**(rmsgt)**  14  9.078D-07  6.669D-06  7.095D-06  2.885D-05   250.99      10.75       4.25    6.546D-04  3.362D-04  5.376D-04
**(rmsgt)**  13  7.425D-07  6.394D-06  5.881D-06  2.509D-05   257.87      10.89       4.39    1.054D-03  5.967D-04  8.107D-04
**(rmsgt)**  12  7.730D-07  6.575D-06  5.151D-06  2.225D-05   263.92      11.01       4.61    1.583D-03  9.421D-04  1.132D-03
**(rmsgt)**  11  8.127D-07  6.656D-06  4.696D-06  2.030D-05   268.59      10.90       4.56    2.219D-03  1.302D-03  1.493D-03
**(rmsgt)**  10  7.978D-07  6.943D-06  4.548D-06  1.895D-05   272.47      11.07       4.69    3.015D-03  1.791D-03  1.786D-03
**(rmsgt)**   9  8.362D-07  6.843D-06  4.532D-06  1.797D-05   275.90      11.13       4.70    4.049D-03  2.326D-03  1.969D-03
**(rmsgt)**   8  8.338D-07  7.079D-06  4.722D-06  1.779D-05   278.76      11.42       4.73    5.119D-03  2.770D-03  2.057D-03
**(rmsgt)**   7  9.223D-07  7.493D-06  5.005D-06  1.824D-05   281.29      11.84       4.61    6.126D-03  3.123D-03  2.136D-03
**(rmsgt)**   6  1.021D-06  8.314D-06  5.446D-06  1.945D-05   283.52      12.23       4.55    7.154D-03  3.549D-03  2.273D-03
**(rmsgt)**   5  1.217D-06  9.601D-06  5.796D-06  2.087D-05   285.42      12.60       4.40    8.072D-03  3.988D-03  2.434D-03
**(rmsgt)**   4  1.486D-06  1.107D-05  5.923D-06  2.218D-05   287.18      12.99       4.38    8.837D-03  4.436D-03  2.575D-03
**(rmsgt)**   3  1.735D-06  1.236D-05  5.877D-06  2.198D-05   288.59      13.44       4.44    9.593D-03  4.929D-03  2.644D-03
**(rmsgt)**   2  2.096D-06  1.298D-05  5.312D-06  1.930D-05   289.87      13.83       4.55    1.016D-02  5.247D-03  2.696D-03
**(rmsgt)**   1  2.202D-06  1.269D-05  4.022D-06  1.464D-05   290.60      14.37       4.82    1.066D-02  5.441D-03  2.834D-03
**(rmsgt)** AVE  1.186D-06  8.553D-06  7.869D-06  2.485D-05   252.00      10.10       4.40    2.449D-03  2.008D-03  1.389
**(rmsgt)** Log(surface pressure) mean and variance:
**(rmsgt)**  G.M.LNP.= 4.59    ; Z.S.LNP.=0.448D-01; Z.A.LNP.=0.658D-01
**(wridia)** file also contains diagnostics at 12Z of 12/10/2011:
**(globme)**TOTAL PRECIPITATION                      Std.Dev.=   3.2538460; Glob.Mean=   8.7121202    ; in units of Kg M**-2 Day
**-1
**(globme)**CONVECTIVE PRECIPITATION                 Std.Dev.=   2.4643306; Glob.Mean=   8.3000620    ; in units of Kg M**-2 Day
**-1
**(globme)**SENSIBLE HEAT FLUX FROM SURFACE          Std.Dev.=   29.483506; Glob.Mean=   91.095544    ; in units of W M**-2
**(globme)**LATENT HEAT FLUX FROM SURFACE            Std.Dev.=   93.884206; Glob.Mean=   102.40317    ; in units of W M**-2
**(globme)**OUTGOING LONG WAVE AT TOP                Std.Dev.=   243.04286; Glob.Mean=   51.888953    ; in units of W M**-2
**(globme)**SHORT WAVE ABSORBED AT GROUND            Std.Dev.=   179.86641; Glob.Mean=   255.00896    ; in units of W M**-2
**(globme)**NET LONG WAVE AT BOTTOM                  Std.Dev.=   57.799180; Glob.Mean=   46.340061    ; in units of W M**-2
**(Model)** timestep 145 at simulation time 1 days and 0.0 seconds
**(Model)** timestep 146 at simulation time 1 days and 600.0 seconds
**(Model)** timestep 147 at simulation time 1 days and 1200.0 seconds
**(Model)** timestep 148 at simulation time 1 days and 1800.0 seconds
**(Model)** timestep 149 at simulation time 1 days and 2400.0 seconds
**(Model)** timestep 150 at simulation time 1 days and 3000.0 seconds
**(Model)** timestep 151 at simulation time 1 days and 3600.0 seconds
**(Model)** timestep 152 at simulation time 1 days and 4200.0 seconds
**(Model)** timestep 153 at simulation time 1 days and 4800.0 seconds
**(Model)** timestep 154 at simulation time 1 days and 5400.0 seconds
**(Model)** timestep 155 at simulation time 1 days and 6000.0 seconds
**(Model)** timestep 156 at simulation time 1 days and 6600.0 seconds
**(Model)** timestep 157 at simulation time 1 days and 7200.0 seconds
**(Model)** timestep 158 at simulation time 1 days and 7800.0 seconds
**(Model)** timestep 159 at simulation time 1 days and 8400.0 seconds
**(Model)** timestep 160 at simulation time 1 days and 9000.0 seconds
**(Model)** timestep 161 at simulation time 1 days and 9600.0 seconds
**(Model)** timestep 162 at simulation time 1 days and 10200.0 seconds
**(opnfct)** writes file GFCT02R20111011122011101215F.fct.T126L28 at simulation time
**(opnfct)** 1 days and 10800.0 seconds; contains state of the atmosphere at 15Z of 12/10/2011
**(rmsgt)** State of the atmosphere at 15Z of 12/10/2011:
**(rmsgt)** Layers and average means and variances:
**(rmsgt)** LYR  Z.S. DIV.  Z.A. DIV.  Z.S. VOR.  Z.A. VOR.  G.M. TEM.  Z.S. TEM.  Z.A. TEM.  G.M. S.H.  Z.S. S.H.  Z.A. S.H.
**(rmsgt)**  28  1.028D-06  4.576D-06  9.453D-06  2.307D-05   250.39       6.79       5.34    1.689D-06  4.021D-07  1.757D-07
**(rmsgt)**  27  2.550D-06  1.370D-05  1.420D-05  2.272D-05   227.04       4.85       7.23    1.793D-06  7.109D-07  2.109D-07
**(rmsgt)**  26  1.899D-06  1.203D-05  1.384D-05  1.906D-05   221.22       2.33       6.42    1.833D-06  7.913D-07  2.224D-07
**(rmsgt)**  25  1.225D-06  1.051D-05  1.248D-05  1.657D-05   216.91       2.19       6.07    2.020D-06  9.497D-07  2.893D-07
**(rmsgt)**  24  1.600D-06  9.651D-06  1.232D-05  1.468D-05   213.65       3.37       5.73    2.322D-06  1.192D-06  3.522D-07
**(rmsgt)**  23  1.307D-06  9.227D-06  1.034D-05  1.337D-05   210.14       5.37       5.25    2.748D-06  1.356D-06  4.851D-07
**(rmsgt)**  22  1.308D-06  9.110D-06  8.366D-06  1.438D-05   206.25       8.11       4.77    3.188D-06  1.257D-06  7.248D-07
**(rmsgt)**  21  1.640D-06  1.039D-05  8.066D-06  1.823D-05   204.80       9.44       4.29    3.936D-06  1.428D-06  1.706D-06
**(rmsgt)**  20  1.399D-06  1.178D-05  9.370D-06  2.245D-05   208.00       7.28       3.82    7.235D-06  2.601D-06  4.363D-06
**(rmsgt)**  19  1.502D-06  1.097D-05  1.139D-05  2.753D-05   213.29       3.94       3.88    1.767D-05  7.188D-06  1.201D-05
**(rmsgt)**  18  1.660D-06  9.704D-06  1.198D-05  3.330D-05   219.22       4.19       3.73    4.504D-05  2.320D-05  3.306D-05
**(rmsgt)**  17  1.173D-06  8.619D-06  1.131D-05  3.604D-05   226.19       7.31       3.18    1.091D-04  6.330D-05  8.025D-05
**(rmsgt)**  16  1.100D-06  8.008D-06  9.971D-06  3.544D-05   234.65       9.39       3.36    2.212D-04  1.227D-04  1.730D-04
**(rmsgt)**  15  9.804D-07  7.301D-06  8.430D-06  3.243D-05   243.06      10.38       3.80    3.901D-04  2.011D-04  3.152D-04
**(rmsgt)**  14  8.531D-07  6.650D-06  7.027D-06  2.868D-05   250.97      10.78       4.25    6.569D-04  3.294D-04  5.295D-04
**(rmsgt)**  13  7.336D-07  6.277D-06  5.826D-06  2.493D-05   257.87      10.93       4.39    1.052D-03  5.814D-04  8.002D-04
**(rmsgt)**  12  7.817D-07  6.450D-06  5.107D-06  2.210D-05   263.92      11.05       4.62    1.580D-03  9.203D-04  1.123D-03
**(rmsgt)**  11  8.869D-07  6.674D-06  4.717D-06  2.017D-05   268.57      10.93       4.57    2.213D-03  1.279D-03  1.485D-03
**(rmsgt)**  10  9.407D-07  6.853D-06  4.599D-06  1.880D-05   272.42      11.08       4.69    3.006D-03  1.766D-03  1.783D-03
**(rmsgt)**   9  8.356D-07  6.822D-06  4.553D-06  1.793D-05   275.85      11.14       4.71    4.045D-03  2.309D-03  1.965D-03
**(rmsgt)**   8  7.346D-07  7.115D-06  4.709D-06  1.778D-05   278.74      11.44       4.73    5.126D-03  2.768D-03  2.051D-03
**(rmsgt)**   7  7.849D-07  7.519D-06  4.959D-06  1.831D-05   281.30      11.86       4.62    6.138D-03  3.131D-03  2.145D-03
**(rmsgt)**   6  9.307D-07  8.185D-06  5.311D-06  1.958D-05   283.57      12.28       4.57    7.158D-03  3.559D-03  2.306D-03
**(rmsgt)**   5  1.135D-06  9.656D-06  5.572D-06  2.110D-05   285.51      12.66       4.45    8.068D-03  3.996D-03  2.500D-03
**(rmsgt)**   4  1.341D-06  1.126D-05  5.720D-06  2.244D-05   287.26      13.06       4.43    8.818D-03  4.434D-03  2.639D-03
**(rmsgt)**   3  1.637D-06  1.259D-05  5.693D-06  2.238D-05   288.67      13.51       4.53    9.569D-03  4.920D-03  2.694D-03
**(rmsgt)**   2  2.032D-06  1.334D-05  5.125D-06  1.959D-05   289.94      13.90       4.61    1.016D-02  5.247D-03  2.747D-03
**(rmsgt)**   1  2.244D-06  1.311D-05  3.841D-06  1.465D-05   290.60      14.46       4.94    1.067D-02  5.447D-03  2.888D-03
**(rmsgt)** AVE  1.163D-06  8.534D-06  7.811D-06  2.469D-05   251.99      10.13       4.42    2.448D-03  2.005D-03  1.399
**(rmsgt)** Log(surface pressure) mean and variance:
**(rmsgt)**  G.M.LNP.= 4.59    ; Z.S.LNP.=0.449D-01; Z.A.LNP.=0.657D-01
**(wridia)** file also contains diagnostics at 15Z of 12/10/2011:
**(globme)**TOTAL PRECIPITATION                      Std.Dev.=   3.3933779; Glob.Mean=   8.9380999    ; in units of Kg M**-2 Day
**-1
**(globme)**CONVECTIVE PRECIPITATION                 Std.Dev.=   2.5946660; Glob.Mean=   8.5511371    ; in units of Kg M**-2 Day
**-1
**(globme)**SENSIBLE HEAT FLUX FROM SURFACE          Std.Dev.=   24.735683; Glob.Mean=   78.744878    ; in units of W M**-2
**(globme)**LATENT HEAT FLUX FROM SURFACE            Std.Dev.=   94.311614; Glob.Mean=   102.29573    ; in units of W M**-2
**(globme)**OUTGOING LONG WAVE AT TOP                Std.Dev.=   242.97590; Glob.Mean=   52.686877    ; in units of W M**-2
**(globme)**SHORT WAVE ABSORBED AT GROUND            Std.Dev.=   180.16524; Glob.Mean=   259.28832    ; in units of W M**-2
**(globme)**NET LONG WAVE AT BOTTOM                  Std.Dev.=   57.843161; Glob.Mean=   46.743762    ; in units of W M**-2
**(Model)** timestep 163 at simulation time 1 days and 10800.0 seconds
**(Model)** timestep 164 at simulation time 1 days and 11400.0 seconds
**(Model)** timestep 165 at simulation time 1 days and 12000.0 seconds
**(Model)** timestep 166 at simulation time 1 days and 12600.0 seconds
**(Model)** timestep 167 at simulation time 1 days and 13200.0 seconds
**(Model)** timestep 168 at simulation time 1 days and 13800.0 seconds
**(Model)** timestep 169 at simulation time 1 days and 14400.0 seconds
**(Model)** timestep 170 at simulation time 1 days and 15000.0 seconds
**(Model)** timestep 171 at simulation time 1 days and 15600.0 seconds
**(Model)** timestep 172 at simulation time 1 days and 16200.0 seconds
**(Model)** timestep 173 at simulation time 1 days and 16800.0 seconds
**(Model)** timestep 174 at simulation time 1 days and 17400.0 seconds
**(Model)** timestep 175 at simulation time 1 days and 18000.0 seconds
**(Model)** timestep 176 at simulation time 1 days and 18600.0 seconds
**(Model)** timestep 177 at simulation time 1 days and 19200.0 seconds
**(Model)** timestep 178 at simulation time 1 days and 19800.0 seconds
**(Model)** timestep 179 at simulation time 1 days and 20400.0 seconds
**(Model)** timestep 180 at simulation time 1 days and 21000.0 seconds
**(opnfct)** writes file GFCT02R20111011122011101218F.fct.T126L28 at simulation time
**(opnfct)** 1 days and 21600.0 seconds; contains state of the atmosphere at 18Z of 12/10/2011
**(rmsgt)** State of the atmosphere at 18Z of 12/10/2011:
**(rmsgt)** Layers and average means and variances:
**(rmsgt)** LYR  Z.S. DIV.  Z.A. DIV.  Z.S. VOR.  Z.A. VOR.  G.M. TEM.  Z.S. TEM.  Z.A. TEM.  G.M. S.H.  Z.S. S.H.  Z.A. S.H.
**(rmsgt)**  28  9.296D-07  4.457D-06  9.494D-06  2.332D-05   250.41       6.74       5.20    1.689D-06  4.014D-07  1.755D-07
**(rmsgt)**  27  2.043D-06  1.368D-05  1.419D-05  2.244D-05   226.94       4.89       7.26    1.794D-06  7.111D-07  2.117D-07
**(rmsgt)**  26  1.944D-06  1.197D-05  1.382D-05  1.912D-05   221.19       2.39       6.36    1.835D-06  7.924D-07  2.214D-07
**(rmsgt)**  25  1.614D-06  1.043D-05  1.228D-05  1.683D-05   216.91       2.18       6.01    2.023D-06  9.492D-07  2.902D-07
**(rmsgt)**  24  1.450D-06  9.311D-06  1.227D-05  1.510D-05   213.68       3.31       5.72    2.322D-06  1.190D-06  3.562D-07
**(rmsgt)**  23  1.259D-06  8.989D-06  1.040D-05  1.345D-05   210.16       5.34       5.27    2.750D-06  1.354D-06  4.964D-07
**(rmsgt)**  22  1.253D-06  9.018D-06  8.351D-06  1.415D-05   206.27       8.10       4.80    3.198D-06  1.258D-06  7.620D-07
**(rmsgt)**  21  1.379D-06  1.016D-05  8.023D-06  1.793D-05   204.82       9.47       4.30    3.962D-06  1.446D-06  1.782D-06
**(rmsgt)**  20  1.258D-06  1.179D-05  9.365D-06  2.225D-05   208.03       7.27       3.81    7.323D-06  2.655D-06  4.504D-06
**(rmsgt)**  19  1.363D-06  1.081D-05  1.134D-05  2.730D-05   213.31       3.90       3.86    1.775D-05  7.170D-06  1.207D-05
**(rmsgt)**  18  1.534D-06  9.685D-06  1.195D-05  3.309D-05   219.23       4.20       3.71    4.528D-05  2.318D-05  3.338D-05
**(rmsgt)**  17  1.344D-06  8.609D-06  1.127D-05  3.570D-05   226.20       7.34       3.19    1.091D-04  6.272D-05  8.038D-05
**(rmsgt)**  16  1.102D-06  8.012D-06  9.934D-06  3.529D-05   234.65       9.41       3.37    2.217D-04  1.209D-04  1.705D-04
**(rmsgt)**  15  9.052D-07  7.277D-06  8.398D-06  3.244D-05   243.04      10.41       3.82    3.912D-04  1.978D-04  3.097D-04
**(rmsgt)**  14  8.391D-07  6.557D-06  6.942D-06  2.861D-05   250.97      10.81       4.27    6.591D-04  3.229D-04  5.244D-04
**(rmsgt)**  13  6.832D-07  6.147D-06  5.766D-06  2.478D-05   257.86      10.96       4.42    1.050D-03  5.673D-04  7.923D-04
**(rmsgt)**  12  6.899D-07  6.238D-06  5.098D-06  2.200D-05   263.93      11.09       4.65    1.576D-03  9.003D-04  1.117D-03
**(rmsgt)**  11  8.421D-07  6.420D-06  4.780D-06  2.013D-05   268.55      10.95       4.59    2.206D-03  1.258D-03  1.476D-03
**(rmsgt)**  10  8.583D-07  6.537D-06  4.651D-06  1.880D-05   272.39      11.10       4.69    2.991D-03  1.743D-03  1.777D-03
**(rmsgt)**   9  7.187D-07  6.469D-06  4.567D-06  1.800D-05   275.80      11.14       4.71    4.034D-03  2.292D-03  1.962D-03
**(rmsgt)**   8  6.398D-07  6.778D-06  4.678D-06  1.794D-05   278.72      11.45       4.73    5.118D-03  2.761D-03  2.056D-03
**(rmsgt)**   7  8.060D-07  7.409D-06  4.888D-06  1.849D-05   281.30      11.88       4.61    6.132D-03  3.129D-03  2.178D-03
**(rmsgt)**   6  9.909D-07  8.692D-06  5.231D-06  1.979D-05   283.58      12.29       4.55    7.151D-03  3.562D-03  2.354D-03
**(rmsgt)**   5  1.238D-06  1.019D-05  5.510D-06  2.131D-05   285.53      12.67       4.46    8.061D-03  3.997D-03  2.539D-03
**(rmsgt)**   4  1.499D-06  1.180D-05  5.653D-06  2.261D-05   287.27      13.04       4.42    8.806D-03  4.428D-03  2.660D-03
**(rmsgt)**   3  1.767D-06  1.334D-05  5.570D-06  2.255D-05   288.67      13.48       4.49    9.549D-03  4.908D-03  2.705D-03
**(rmsgt)**   2  2.130D-06  1.412D-05  4.987D-06  1.971D-05   289.91      13.85       4.57    1.017D-02  5.251D-03  2.743D-03
**(rmsgt)**   1  2.367D-06  1.378D-05  3.720D-06  1.459D-05   290.41      14.37       4.98    1.070D-02  5.471D-03  2.871D-03
**(rmsgt)** AVE  1.132D-06  8.528D-06  7.778D-06  2.464D-05   251.99      10.14       4.42    2.444D-03  2.000D-03  1.405
**(rmsgt)** Log(surface pressure) mean and variance:
**(rmsgt)**  G.M.LNP.= 4.59    ; Z.S.LNP.=0.450D-01; Z.A.LNP.=0.656D-01
**(wridia)** file also contains diagnostics at 18Z of 12/10/2011:
**(globme)**TOTAL PRECIPITATION                      Std.Dev.=   3.5698349; Glob.Mean=   9.5606809    ; in units of Kg M**-2 Day
**-1
**(globme)**CONVECTIVE PRECIPITATION                 Std.Dev.=   2.7948648; Glob.Mean=   9.2533728    ; in units of Kg M**-2 Day
**-1
**(globme)**SENSIBLE HEAT FLUX FROM SURFACE          Std.Dev.=   16.316158; Glob.Mean=   68.428865    ; in units of W M**-2
**(globme)**LATENT HEAT FLUX FROM SURFACE            Std.Dev.=   93.539414; Glob.Mean=   104.40476    ; in units of W M**-2
**(globme)**OUTGOING LONG WAVE AT TOP                Std.Dev.=   241.18647; Glob.Mean=   52.134545    ; in units of W M**-2
**(globme)**SHORT WAVE ABSORBED AT GROUND            Std.Dev.=   178.12963; Glob.Mean=   251.46266    ; in units of W M**-2
**(globme)**NET LONG WAVE AT BOTTOM                  Std.Dev.=   55.381253; Glob.Mean=   40.635093    ; in units of W M**-2
**(Model)** timestep 181 at simulation time 1 days and 21600.0 seconds
**(Model)** timestep 182 at simulation time 1 days and 22200.0 seconds
**(Model)** timestep 183 at simulation time 1 days and 22800.0 seconds
**(Model)** timestep 184 at simulation time 1 days and 23400.0 seconds
**(Model)** timestep 185 at simulation time 1 days and 24000.0 seconds
**(Model)** timestep 186 at simulation time 1 days and 24600.0 seconds
**(Model)** timestep 187 at simulation time 1 days and 25200.0 seconds
**(Model)** timestep 188 at simulation time 1 days and 25800.0 seconds
**(Model)** timestep 189 at simulation time 1 days and 26400.0 seconds
**(Model)** timestep 190 at simulation time 1 days and 27000.0 seconds
**(Model)** timestep 191 at simulation time 1 days and 27600.0 seconds
**(Model)** timestep 192 at simulation time 1 days and 28200.0 seconds
**(Model)** timestep 193 at simulation time 1 days and 28800.0 seconds
**(Model)** timestep 194 at simulation time 1 days and 29400.0 seconds
**(Model)** timestep 195 at simulation time 1 days and 30000.0 seconds
**(Model)** timestep 196 at simulation time 1 days and 30600.0 seconds
**(Model)** timestep 197 at simulation time 1 days and 31200.0 seconds
**(Model)** timestep 198 at simulation time 1 days and 31800.0 seconds
**(opnfct)** writes file GFCT02R20111011122011101221F.fct.T126L28 at simulation time
**(opnfct)** 1 days and 32400.0 seconds; contains state of the atmosphere at 21Z of 12/10/2011
**(rmsgt)** State of the atmosphere at 21Z of 12/10/2011:
**(rmsgt)** Layers and average means and variances:
**(rmsgt)** LYR  Z.S. DIV.  Z.A. DIV.  Z.S. VOR.  Z.A. VOR.  G.M. TEM.  Z.S. TEM.  Z.A. TEM.  G.M. S.H.  Z.S. S.H.  Z.A. S.H.
**(rmsgt)**  28  8.559D-07  4.187D-06  9.432D-06  2.335D-05   250.42       6.70       5.05    1.690D-06  4.012D-07  1.759D-07
**(rmsgt)**  27  2.189D-06  1.353D-05  1.402D-05  2.272D-05   226.84       4.89       7.14    1.795D-06  7.101D-07  2.119D-07
**(rmsgt)**  26  1.863D-06  1.196D-05  1.373D-05  1.948D-05   221.15       2.38       6.21    1.837D-06  7.925D-07  2.207D-07
**(rmsgt)**  25  1.245D-06  1.061D-05  1.218D-05  1.702D-05   216.90       2.21       5.94    2.026D-06  9.518D-07  2.926D-07
**(rmsgt)**  24  1.559D-06  9.387D-06  1.221D-05  1.530D-05   213.71       3.24       5.71    2.321D-06  1.190D-06  3.590D-07
**(rmsgt)**  23  1.396D-06  8.774D-06  1.036D-05  1.385D-05   210.19       5.28       5.28    2.748D-06  1.349D-06  5.029D-07
**(rmsgt)**  22  1.527D-06  9.038D-06  8.397D-06  1.442D-05   206.28       8.07       4.87    3.212D-06  1.262D-06  8.062D-07
**(rmsgt)**  21  1.354D-06  1.007D-05  8.170D-06  1.773D-05   204.83       9.46       4.31    3.990D-06  1.468D-06  1.823D-06
**(rmsgt)**  20  1.305D-06  1.189D-05  9.446D-06  2.221D-05   208.06       7.25       3.83    7.386D-06  2.670D-06  4.560D-06
**(rmsgt)**  19  1.236D-06  1.059D-05  1.134D-05  2.733D-05   213.33       3.87       3.89    1.791D-05  7.243D-06  1.223D-05
**(rmsgt)**  18  1.261D-06  9.534D-06  1.195D-05  3.305D-05   219.25       4.21       3.70    4.561D-05  2.323D-05  3.403D-05
**(rmsgt)**  17  1.381D-06  8.618D-06  1.132D-05  3.550D-05   226.20       7.35       3.19    1.098D-04  6.260D-05  8.177D-05
**(rmsgt)**  16  1.115D-06  7.992D-06  1.001D-05  3.520D-05   234.63       9.40       3.37    2.235D-04  1.196D-04  1.718D-04
**(rmsgt)**  15  9.296D-07  7.403D-06  8.449D-06  3.241D-05   243.01      10.41       3.84    3.936D-04  1.956D-04  3.105D-04
**(rmsgt)**  14  9.099D-07  6.616D-06  6.938D-06  2.855D-05   250.94      10.81       4.30    6.630D-04  3.180D-04  5.258D-04
**(rmsgt)**  13  7.522D-07  6.237D-06  5.772D-06  2.472D-05   257.84      10.97       4.45    1.051D-03  5.546D-04  7.939D-04
**(rmsgt)**  12  7.634D-07  6.147D-06  5.118D-06  2.197D-05   263.92      11.10       4.68    1.575D-03  8.840D-04  1.119D-03
**(rmsgt)**  11  8.630D-07  6.255D-06  4.850D-06  2.009D-05   268.53      10.95       4.60    2.201D-03  1.242D-03  1.477D-03
**(rmsgt)**  10  8.141D-07  6.421D-06  4.697D-06  1.873D-05   272.34      11.09       4.70    2.978D-03  1.724D-03  1.784D-03
**(rmsgt)**   9  7.254D-07  6.534D-06  4.569D-06  1.798D-05   275.75      11.14       4.71    4.024D-03  2.280D-03  1.971D-03
**(rmsgt)**   8  7.306D-07  6.769D-06  4.680D-06  1.808D-05   278.69      11.45       4.71    5.108D-03  2.755D-03  2.083D-03
**(rmsgt)**   7  9.662D-07  7.379D-06  4.865D-06  1.877D-05   281.28      11.88       4.59    6.122D-03  3.124D-03  2.208D-03
**(rmsgt)**   6  1.238D-06  8.364D-06  5.228D-06  2.014D-05   283.56      12.27       4.53    7.139D-03  3.555D-03  2.389D-03
**(rmsgt)**   5  1.504D-06  9.860D-06  5.528D-06  2.159D-05   285.50      12.63       4.45    8.043D-03  3.988D-03  2.564D-03
**(rmsgt)**   4  1.695D-06  1.153D-05  5.703D-06  2.294D-05   287.23      12.98       4.42    8.788D-03  4.419D-03  2.672D-03
**(rmsgt)**   3  1.904D-06  1.308D-05  5.639D-06  2.294D-05   288.59      13.39       4.51    9.535D-03  4.913D-03  2.694D-03
**(rmsgt)**   2  2.239D-06  1.369D-05  5.004D-06  1.993D-05   289.78      13.73       4.58    1.018D-02  5.274D-03  2.712D-03
**(rmsgt)**   1  2.468D-06  1.332D-05  3.689D-06  1.466D-05   290.06      14.17       5.11    1.074D-02  5.519D-03  2.847D-03
**(rmsgt)** AVE  1.174D-06  8.448D-06  7.798D-06  2.465D-05   251.97      10.13       4.42    2.441D-03  1.998D-03  1.413
**(rmsgt)** Log(surface pressure) mean and variance:
**(rmsgt)**  G.M.LNP.= 4.59    ; Z.S.LNP.=0.451D-01; Z.A.LNP.=0.656D-01
**(wridia)** file also contains diagnostics at 21Z of 12/10/2011:
**(globme)**TOTAL PRECIPITATION                      Std.Dev.=   3.3873502; Glob.Mean=   9.1991862    ; in units of Kg M**-2 Day
**-1
**(globme)**CONVECTIVE PRECIPITATION                 Std.Dev.=   2.6173859; Glob.Mean=   8.8573154    ; in units of Kg M**-2 Day
**-1
**(globme)**SENSIBLE HEAT FLUX FROM SURFACE          Std.Dev.=   10.387858; Glob.Mean=   56.788810    ; in units of W M**-2
**(globme)**LATENT HEAT FLUX FROM SURFACE            Std.Dev.=   88.727758; Glob.Mean=   100.74004    ; in units of W M**-2
**(globme)**OUTGOING LONG WAVE AT TOP                Std.Dev.=   240.33952; Glob.Mean=   51.507264    ; in units of W M**-2
**(globme)**SHORT WAVE ABSORBED AT GROUND            Std.Dev.=   181.12044; Glob.Mean=   266.22824    ; in units of W M**-2
**(globme)**NET LONG WAVE AT BOTTOM                  Std.Dev.=   53.318267; Glob.Mean=   36.041293    ; in units of W M**-2
**(Model)** timestep 199 at simulation time 1 days and 32400.0 seconds
**(Model)** timestep 200 at simulation time 1 days and 33000.0 seconds
**(Model)** timestep 201 at simulation time 1 days and 33600.0 seconds
**(Model)** timestep 202 at simulation time 1 days and 34200.0 seconds
**(Model)** timestep 203 at simulation time 1 days and 34800.0 seconds
**(Model)** timestep 204 at simulation time 1 days and 35400.0 seconds
**(Model)** timestep 205 at simulation time 1 days and 36000.0 seconds
**(Model)** timestep 206 at simulation time 1 days and 36600.0 seconds
**(Model)** timestep 207 at simulation time 1 days and 37200.0 seconds
**(Model)** timestep 208 at simulation time 1 days and 37800.0 seconds
**(Model)** timestep 209 at simulation time 1 days and 38400.0 seconds
**(Model)** timestep 210 at simulation time 1 days and 39000.0 seconds
**(Model)** timestep 211 at simulation time 1 days and 39600.0 seconds
**(Model)** timestep 212 at simulation time 1 days and 40200.0 seconds
**(Model)** timestep 213 at simulation time 1 days and 40800.0 seconds
**(Model)** timestep 214 at simulation time 1 days and 41400.0 seconds
**(Model)** timestep 215 at simulation time 1 days and 42000.0 seconds
**(Model)** timestep 216 at simulation time 1 days and 42600.0 seconds
**(opnfct)** writes file GFCT02R20111011122011101300F.fct.T126L28 at simulation time
**(opnfct)** 1 days and 43200.0 seconds; contains state of the atmosphere at 00Z of 13/10/2011
**(rmsgt)** State of the atmosphere at 00Z of 13/10/2011:
**(rmsgt)** Layers and average means and variances:
**(rmsgt)** LYR  Z.S. DIV.  Z.A. DIV.  Z.S. VOR.  Z.A. VOR.  G.M. TEM.  Z.S. TEM.  Z.A. TEM.  G.M. S.H.  Z.S. S.H.  Z.A. S.H.
**(rmsgt)**  28  5.385D-07  4.227D-06  9.430D-06  2.344D-05   250.43       6.68       5.04    1.690D-06  4.017D-07  1.757D-07
**(rmsgt)**  27  1.805D-06  1.356D-05  1.387D-05  2.307D-05   226.76       4.98       6.97    1.797D-06  7.077D-07  2.133D-07
**(rmsgt)**  26  2.044D-06  1.185D-05  1.357D-05  1.958D-05   221.10       2.33       6.21    1.840D-06  7.908D-07  2.233D-07
**(rmsgt)**  25  1.405D-06  1.058D-05  1.220D-05  1.736D-05   216.90       2.31       5.94    2.030D-06  9.537D-07  2.947D-07
**(rmsgt)**  24  1.439D-06  9.123D-06  1.237D-05  1.526D-05   213.75       3.23       5.74    2.320D-06  1.189D-06  3.650D-07
**(rmsgt)**  23  1.343D-06  8.861D-06  1.048D-05  1.379D-05   210.23       5.22       5.32    2.747D-06  1.345D-06  5.106D-07
**(rmsgt)**  22  1.305D-06  9.002D-06  8.421D-06  1.460D-05   206.30       8.02       4.93    3.229D-06  1.271D-06  8.401D-07
**(rmsgt)**  21  1.377D-06  9.795D-06  8.209D-06  1.775D-05   204.82       9.43       4.34    4.010D-06  1.483D-06  1.827D-06
**(rmsgt)**  20  1.251D-06  1.179D-05  9.524D-06  2.227D-05   208.07       7.23       3.85    7.461D-06  2.714D-06  4.603D-06
**(rmsgt)**  19  1.138D-06  1.086D-05  1.140D-05  2.732D-05   213.35       3.84       3.89    1.816D-05  7.394D-06  1.243D-05
**(rmsgt)**  18  1.241D-06  9.617D-06  1.204D-05  3.297D-05   219.27       4.22       3.70    4.634D-05  2.344D-05  3.512D-05
**(rmsgt)**  17  1.273D-06  8.509D-06  1.138D-05  3.525D-05   226.19       7.35       3.20    1.109D-04  6.251D-05  8.466D-05
**(rmsgt)**  16  1.141D-06  8.023D-06  1.006D-05  3.501D-05   234.60       9.40       3.37    2.257D-04  1.187D-04  1.749D-04
**(rmsgt)**  15  9.377D-07  7.451D-06  8.524D-06  3.228D-05   242.96      10.42       3.86    3.960D-04  1.944D-04  3.134D-04
**(rmsgt)**  14  9.290D-07  6.636D-06  7.004D-06  2.849D-05   250.91      10.82       4.32    6.665D-04  3.142D-04  5.305D-04
**(rmsgt)**  13  7.806D-07  6.293D-06  5.856D-06  2.480D-05   257.80      10.97       4.47    1.051D-03  5.419D-04  7.996D-04
**(rmsgt)**  12  8.151D-07  6.380D-06  5.169D-06  2.203D-05   263.90      11.11       4.69    1.574D-03  8.661D-04  1.122D-03
**(rmsgt)**  11  8.909D-07  6.530D-06  4.885D-06  2.011D-05   268.48      10.95       4.60    2.198D-03  1.226D-03  1.482D-03
**(rmsgt)**  10  8.616D-07  6.672D-06  4.722D-06  1.871D-05   272.27      11.08       4.69    2.969D-03  1.707D-03  1.795D-03
**(rmsgt)**   9  7.380D-07  6.740D-06  4.592D-06  1.794D-05   275.69      11.13       4.71    4.017D-03  2.267D-03  1.983D-03
**(rmsgt)**   8  7.507D-07  6.928D-06  4.696D-06  1.814D-05   278.63      11.44       4.70    5.102D-03  2.745D-03  2.107D-03
**(rmsgt)**   7  9.276D-07  7.289D-06  4.900D-06  1.899D-05   281.23      11.86       4.59    6.110D-03  3.116D-03  2.234D-03
**(rmsgt)**   6  1.178D-06  8.143D-06  5.288D-06  2.045D-05   283.51      12.24       4.54    7.120D-03  3.545D-03  2.410D-03
**(rmsgt)**   5  1.433D-06  9.356D-06  5.602D-06  2.209D-05   285.43      12.57       4.48    8.009D-03  3.977D-03  2.583D-03
**(rmsgt)**   4  1.600D-06  1.098D-05  5.856D-06  2.355D-05   287.12      12.91       4.45    8.771D-03  4.421D-03  2.677D-03
**(rmsgt)**   3  1.828D-06  1.253D-05  5.825D-06  2.341D-05   288.41      13.27       4.54    9.538D-03  4.932D-03  2.679D-03
**(rmsgt)**   2  2.230D-06  1.290D-05  5.108D-06  2.004D-05   289.57      13.60       4.61    1.020D-02  5.303D-03  2.687D-03
**(rmsgt)**   1  2.511D-06  1.216D-05  3.696D-06  1.457D-05   289.81      14.02       5.21    1.078D-02  5.555D-03  2.838D-03
**(rmsgt)** AVE  1.151D-06  8.401D-06  7.853D-06  2.467D-05   251.93      10.11       4.43    2.438D-03  1.995D-03  1.420
**(rmsgt)** Log(surface pressure) mean and variance:
**(rmsgt)**  G.M.LNP.= 4.59    ; Z.S.LNP.=0.452D-01; Z.A.LNP.=0.655D-01
**(wridia)** file also contains diagnostics at 00Z of 13/10/2011:
**(globme)**TOTAL PRECIPITATION                      Std.Dev.=   3.1278961; Glob.Mean=   8.6374396    ; in units of Kg M**-2 Day
**-1
**(globme)**CONVECTIVE PRECIPITATION                 Std.Dev.=   2.3240135; Glob.Mean=   8.2218504    ; in units of Kg M**-2 Day
**-1
**(globme)**SENSIBLE HEAT FLUX FROM SURFACE          Std.Dev.=   4.6818257; Glob.Mean=   34.120705    ; in units of W M**-2
**(globme)**LATENT HEAT FLUX FROM SURFACE            Std.Dev.=   83.568219; Glob.Mean=   97.465730    ; in units of W M**-2
**(globme)**OUTGOING LONG WAVE AT TOP                Std.Dev.=   240.74167; Glob.Mean=   50.444559    ; in units of W M**-2
**(globme)**SHORT WAVE ABSORBED AT GROUND            Std.Dev.=   185.31747; Glob.Mean=   267.96228    ; in units of W M**-2
**(globme)**NET LONG WAVE AT BOTTOM                  Std.Dev.=   51.288871; Glob.Mean=   33.973552    ; in units of W M**-2
**(DestroyParallelism)** Process 0 ***MODEL EXECUTION ENDS NORMALY***

MPI Program Information:
========================
Note: It is measured from MPI_Init till MPI_Finalize.
      [U,R] specifies the Universe and the Process Rank in the Universe.

 * The  /gfs/dk22/modoper/tempo/global/oens/model/datain/desirtable file exists*
 SST:  IFSST=-1  MAX,MIN=  290.00     -303.32    

 From Nlnmi :
 n =   1 HnCut =  1000.00 Hn =  9766.75
 n =   2 HnCut =  1000.00 Hn =  4582.61
 n =   3 HnCut =  1000.00 Hn =  1601.91

 mods =   3 niter =   3

Global Data of 2 processes  :          Min [U,R]          Max [U,R]      Average
==========================

Real   Time (sec)           :      447.207 [0,0]      447.226 [0,1]      447.216
User   Time (sec)           :      334.000 [0,0]      360.687 [0,1]      347.343
System Time (sec)           :        7.693 [0,1]       16.602 [0,0]       12.147
Vector Time (sec)           :      291.387 [0,0]      314.413 [0,1]      302.900
Instruction Count           :  31577745645 [0,0]  32048040509 [0,1]  31812893077
Vector Instruction Count    :  10313860586 [0,0]  10656912421 [0,1]  10485386504
Vector Element Count        : 1955042766359 [0,0] 1991946540258 [0,1] 1973494653309
FLOP Count                  : 853726255287 [0,0] 870256258673 [0,1] 861991256980
MOPS                        :     5581.949 [0,1]     5917.090 [0,0]     5749.519
MFLOPS                      :     2412.773 [0,1]     2556.069 [0,0]     2484.421
Average Vector Length       :      186.916 [0,1]      189.555 [0,0]      188.235
Vector Operation Ratio (%)  :       98.924 [0,0]       98.938 [0,1]       98.931
Memory size used (MB)       :      901.338 [0,0]      901.994 [0,1]      901.666
MIPS                        :       88.853 [0,1]       94.544 [0,0]       91.698
Instruction Cache miss (sec):       10.768 [0,0]       10.774 [0,1]       10.771
Operand     Cache miss (sec):        6.503 [0,1]        6.615 [0,0]        6.559
Bank     Conflict Time (sec):        2.491 [0,0]        3.206 [0,1]        2.849


Overall Data:
=============

Real   Time (sec)           :      447.226
User   Time (sec)           :      694.687
System Time (sec)           :       24.295
Vector Time (sec)           :      605.801
GOPS   (rel. to User Time)  :       11.486
GFLOPS (rel. to User Time)  :        4.963
Memory size used (GB)       :        1.761

logout
