stty: : Invalid argument
vt100
resize:  can't open terminal /dev/tty
======================================
Welcome to tupan00: SUPER-UX 14.1 SX-6
Today is Mon Oct 10 16:26:34 GMT 2011
======================================
RODANDO MPI
MPI/SX: command Version 7.2.1 (25. June 2007): Copyright (c) NEC Corporation 1996-2007
MPI/SX: daemon  Version 7.2.4 (21. August 2008): Copyright (c) NEC Corporation 1996-2008

Values of significant variables used by MPI/SX:
-----------------------------------------------

  DISPLAY         = 
  MPICOLLORDER    = OFF
  MPICOMMINF      = NO
  MPIMULTITASKMIX = OFF
  MPIPROGINF      = DETAIL
  MPISUSPEND      = OFF
  MPIVERSION      = ON

Derived and further values:
---------------------------

  Wait method              : Busy waiting
  Global memory            : SX Global Memory

/usr/lib/mpi/mpid: Creating 2 processes of '/gfs/home3/modoper/tempo/global/oens/run/mpisep.sh' on local host tupan00
+ echo exec /gfs/home3/modoper/tempo/global/oens/model/exec/ParModel_MPI < /gfs/home3/modoper/tempo/global/oens/model/datain/MODELINCTR 
+ echo exec /gfs/home3/modoper/tempo/global/oens/model/exec/ParModel_MPI < /gfs/home3/modoper/tempo/global/oens/model/datain/MODELINCTR 
exec /gfs/home3/modoper/tempo/global/oens/model/exec/ParModel_MPI < /gfs/home3/modoper/tempo/global/oens/model/datain/MODELINCTR
exec /gfs/home3/modoper/tempo/global/oens/model/exec/ParModel_MPI < /gfs/home3/modoper/tempo/global/oens/model/datain/MODELINCTR
+ exec /gfs/home3/modoper/tempo/global/oens/model/exec/ParModel_MPI 
+ exec /gfs/home3/modoper/tempo/global/oens/model/exec/ParModel_MPI 
MPI/SX: library Version 6.7.18 (20. April 2004): Copyright (c) NEC Corporation 1997-2004
**(CreateParallelism)** Process 0 (tupan00) among 2 processes with 1 threads is alive
 * The  /gfs/dk22/modoper/tempo/global/oens/model/datain/desirtable file exists*
**(DumpOptions)**
**(DumpOptions)** model T126L28 runs from 12Z 10/10/2011 to 00Z 12/10/2011 with initial state from 12Z 10/10/2011
**(DumpOptions)** model executes 216 timesteps of length 600 seconds
**(DumpOptions)** model dynamics configuration is  Eulerian, Gaussian and Quadratic Grid
**(DumpOptions)** input file name is /gfs/dk22/modoper/tempo/global/oens/model/datain/GANLAVN2011101012S.unf.T126L28
**(DumpOptions)** output file directory is /gfs/dk22/modoper/tempo/global/oens/model/dataout
**(DumpOptions)** model physics configuration:
**(DumpOptions)**    Shortwave Radiation is Lacis & Hansen
**(DumpOptions)**    Longwave Radiation is Harshvardhan
**(DumpOptions)**    Using a single global value for co2 concentration,
**(DumpOptions)**    with constant concentration of 0.3700000E+03 ppvm
**(DumpOptions)**    Using old 4-month zonally averaged climatology
**(DumpOptions)**    Deep Convection is KUO
**(DumpOptions)**    Shallow Convection is Tiedke
**(DumpOptions)**
 SST:  IFSST=-1  MAX,MIN=  290.00     -306.18    
**(opnfct)** writes file GFCTCTR20111010122011101012F.icn.T126L28 at simulation time
**(opnfct)** 0 days and 0.0 seconds; contains state of the atmosphere at 12Z of 10/10/2011
**(rmsgt)** State of the atmosphere at 12Z of 10/10/2011:
**(rmsgt)** Layers and average means and variances:
**(rmsgt)** LYR  Z.S. DIV.  Z.A. DIV.  Z.S. VOR.  Z.A. VOR.  G.M. TEM.  Z.S. TEM.  Z.A. TEM.  G.M. S.H.  Z.S. S.H.  Z.A. S.H.
**(rmsgt)**  28  1.969D-06  2.094D-05  1.242D-05  2.605D-05   250.37       6.96       5.70    1.679D-06  4.123D-07  1.643D-07
**(rmsgt)**  27  1.547D-06  1.444D-05  1.642D-05  2.097D-05   228.07       3.60       4.37    1.792D-06  7.175D-07  2.053D-07
**(rmsgt)**  26  1.087D-06  1.248D-05  1.494D-05  1.724D-05   221.53       2.75       4.77    1.818D-06  8.011D-07  2.318D-07
**(rmsgt)**  25  9.917D-07  1.147D-05  1.343D-05  1.574D-05   216.85       3.69       4.87    2.000D-06  9.620D-07  2.936D-07
**(rmsgt)**  24  1.284D-06  1.366D-05  1.322D-05  1.619D-05   213.34       4.49       4.54    2.289D-06  1.199D-06  3.421D-07
**(rmsgt)**  23  1.236D-06  1.135D-05  1.093D-05  1.530D-05   209.78       5.82       4.30    2.725D-06  1.375D-06  4.391D-07
**(rmsgt)**  22  1.019D-06  1.213D-05  8.855D-06  1.624D-05   206.03       8.04       4.30    3.142D-06  1.283D-06  5.009D-07
**(rmsgt)**  21  1.242D-06  1.430D-05  8.182D-06  1.997D-05   204.39       9.57       4.08    3.514D-06  1.184D-06  8.183D-07
**(rmsgt)**  20  1.511D-06  1.709D-05  8.975D-06  2.644D-05   207.60       7.66       3.66    5.858D-06  1.732D-06  1.705D-06
**(rmsgt)**  19  1.994D-06  1.824D-05  1.105D-05  3.511D-05   213.03       4.42       3.77    1.457D-05  5.592D-06  5.032D-06
**(rmsgt)**  18  2.214D-06  1.825D-05  1.152D-05  4.541D-05   219.14       4.35       3.74    3.856D-05  2.214D-05  1.955D-05
**(rmsgt)**  17  1.804D-06  1.761D-05  1.130D-05  5.414D-05   226.46       7.33       2.98    9.284D-05  6.191D-05  6.861D-05
**(rmsgt)**  16  1.821D-06  1.648D-05  1.035D-05  5.548D-05   234.96       9.33       2.99    1.935D-04  1.304D-04  1.795D-04
**(rmsgt)**  15  1.738D-06  1.489D-05  9.058D-06  5.109D-05   243.56      10.21       3.50    3.712D-04  2.419D-04  3.733D-04
**(rmsgt)**  14  1.213D-06  1.361D-05  7.963D-06  4.511D-05   251.42      10.55       3.88    6.570D-04  4.279D-04  6.474D-04
**(rmsgt)**  13  1.043D-06  1.241D-05  6.855D-06  3.973D-05   258.29      10.65       4.14    1.077D-03  7.334D-04  9.921D-04
**(rmsgt)**  12  1.105D-06  1.193D-05  5.928D-06  3.556D-05   264.13      10.73       4.34    1.613D-03  1.091D-03  1.356D-03
**(rmsgt)**  11  1.216D-06  1.191D-05  5.386D-06  3.312D-05   269.06      10.84       4.50    2.287D-03  1.501D-03  1.682D-03
**(rmsgt)**  10  1.074D-06  1.207D-05  5.121D-06  3.212D-05   273.18      11.01       4.58    3.137D-03  1.983D-03  1.938D-03
**(rmsgt)**   9  1.061D-06  1.178D-05  4.965D-06  3.190D-05   276.66      11.17       4.63    4.127D-03  2.473D-03  2.103D-03
**(rmsgt)**   8  1.048D-06  1.128D-05  4.934D-06  3.201D-05   279.51      11.41       4.72    5.154D-03  2.890D-03  2.182D-03
**(rmsgt)**   7  1.081D-06  1.109D-05  5.068D-06  3.256D-05   281.69      11.61       4.81    6.225D-03  3.264D-03  2.192D-03
**(rmsgt)**   6  1.291D-06  1.165D-05  5.336D-06  3.366D-05   283.49      11.82       4.79    7.195D-03  3.649D-03  2.233D-03
**(rmsgt)**   5  1.642D-06  1.311D-05  5.546D-06  3.497D-05   285.17      12.17       4.67    7.990D-03  4.056D-03  2.319D-03
**(rmsgt)**   4  1.977D-06  1.494D-05  5.514D-06  3.534D-05   286.73      12.66       4.56    8.526D-03  4.326D-03  2.387D-03
**(rmsgt)**   3  2.221D-06  1.640D-05  5.234D-06  3.396D-05   288.04      13.29       4.56    8.868D-03  4.474D-03  2.442D-03
**(rmsgt)**   2  2.262D-06  1.680D-05  4.797D-06  3.113D-05   289.18      13.72       4.60    9.109D-03  4.579D-03  2.501D-03
**(rmsgt)**   1  2.114D-06  1.611D-05  4.295D-06  2.760D-05   290.07      14.03       4.67    9.348D-03  4.694D-03  2.557D-03
**(rmsgt)** AVE  1.483D-06  1.411D-05  8.167D-06  3.794D-05   252.20      10.01       4.20    2.418D-03  2.003D-03  1.428
**(rmsgt)** Log(surface pressure) mean and variance:
**(rmsgt)**  G.M.LNP.= 4.59    ; Z.S.LNP.=0.432D-01; Z.A.LNP.=0.659D-01

 From Nlnmi :
 n =   1 HnCut =  1000.00 Hn =  9766.75
 n =   2 HnCut =  1000.00 Hn =  4582.61
 n =   3 HnCut =  1000.00 Hn =  1601.91

 mods =   3 niter =   3

**(opnfct)** writes file GFCTCTR20111010122011101012F.inz.T126L28 at simulation time
**(opnfct)** 0 days and 0.0 seconds; contains state of the atmosphere at 12Z of 10/10/2011
**(rmsgt)** State of the atmosphere at 12Z of 10/10/2011:
**(rmsgt)** Layers and average means and variances:
**(rmsgt)** LYR  Z.S. DIV.  Z.A. DIV.  Z.S. VOR.  Z.A. VOR.  G.M. TEM.  Z.S. TEM.  Z.A. TEM.  G.M. S.H.  Z.S. S.H.  Z.A. S.H.
**(rmsgt)**  28  6.025D-07  6.344D-06  1.308D-05  2.606D-05   250.37       6.95       5.76    1.679D-06  4.123D-07  1.643D-07
**(rmsgt)**  27  1.423D-06  1.479D-05  1.654D-05  2.102D-05   228.07       3.46       5.34    1.792D-06  7.175D-07  2.053D-07
**(rmsgt)**  26  1.046D-06  1.298D-05  1.490D-05  1.738D-05   221.53       2.59       4.92    1.818D-06  8.011D-07  2.318D-07
**(rmsgt)**  25  9.986D-07  1.226D-05  1.340D-05  1.586D-05   216.85       3.58       4.92    2.000D-06  9.620D-07  2.936D-07
**(rmsgt)**  24  1.219D-06  1.331D-05  1.321D-05  1.626D-05   213.34       4.45       4.62    2.289D-06  1.199D-06  3.421D-07
**(rmsgt)**  23  1.272D-06  1.146D-05  1.093D-05  1.531D-05   209.78       5.80       4.36    2.725D-06  1.375D-06  4.391D-07
**(rmsgt)**  22  9.931D-07  1.222D-05  8.847D-06  1.624D-05   206.03       8.03       4.44    3.142D-06  1.283D-06  5.009D-07
**(rmsgt)**  21  1.278D-06  1.437D-05  8.167D-06  1.997D-05   204.39       9.56       4.13    3.514D-06  1.184D-06  8.183D-07
**(rmsgt)**  20  1.514D-06  1.714D-05  8.967D-06  2.643D-05   207.60       7.65       3.71    5.858D-06  1.732D-06  1.705D-06
**(rmsgt)**  19  1.991D-06  1.823D-05  1.105D-05  3.510D-05   213.03       4.42       3.76    1.457D-05  5.592D-06  5.032D-06
**(rmsgt)**  18  2.214D-06  1.825D-05  1.151D-05  4.540D-05   219.14       4.37       3.78    3.856D-05  2.214D-05  1.955D-05
**(rmsgt)**  17  1.798D-06  1.762D-05  1.129D-05  5.414D-05   226.46       7.34       2.99    9.284D-05  6.191D-05  6.861D-05
**(rmsgt)**  16  1.821D-06  1.650D-05  1.034D-05  5.548D-05   234.96       9.35       3.14    1.935D-04  1.304D-04  1.795D-04
**(rmsgt)**  15  1.742D-06  1.492D-05  9.051D-06  5.109D-05   243.56      10.21       3.47    3.712D-04  2.419D-04  3.733D-04
**(rmsgt)**  14  1.212D-06  1.362D-05  7.956D-06  4.512D-05   251.42      10.57       4.06    6.570D-04  4.279D-04  6.474D-04
**(rmsgt)**  13  1.043D-06  1.240D-05  6.848D-06  3.974D-05   258.29      10.65       4.10    1.077D-03  7.334D-04  9.921D-04
**(rmsgt)**  12  1.108D-06  1.192D-05  5.922D-06  3.556D-05   264.13      10.75       4.54    1.613D-03  1.091D-03  1.356D-03
**(rmsgt)**  11  1.216D-06  1.189D-05  5.381D-06  3.312D-05   269.06      10.84       4.43    2.287D-03  1.501D-03  1.682D-03
**(rmsgt)**  10  1.079D-06  1.203D-05  5.117D-06  3.212D-05   273.18      11.04       4.77    3.137D-03  1.983D-03  1.938D-03
**(rmsgt)**   9  1.070D-06  1.174D-05  4.963D-06  3.189D-05   276.66      11.17       4.56    4.127D-03  2.473D-03  2.103D-03
**(rmsgt)**   8  1.057D-06  1.122D-05  4.932D-06  3.201D-05   279.51      11.44       4.89    5.154D-03  2.890D-03  2.182D-03
**(rmsgt)**   7  1.088D-06  1.102D-05  5.067D-06  3.256D-05   281.69      11.60       4.73    6.225D-03  3.264D-03  2.192D-03
**(rmsgt)**   6  1.294D-06  1.159D-05  5.336D-06  3.366D-05   283.49      11.85       4.93    7.195D-03  3.649D-03  2.233D-03
**(rmsgt)**   5  1.642D-06  1.306D-05  5.546D-06  3.497D-05   285.17      12.17       4.60    7.990D-03  4.056D-03  2.319D-03
**(rmsgt)**   4  1.977D-06  1.492D-05  5.514D-06  3.534D-05   286.73      12.69       4.71    8.526D-03  4.326D-03  2.387D-03
**(rmsgt)**   3  2.220D-06  1.640D-05  5.234D-06  3.396D-05   288.04      13.29       4.49    8.868D-03  4.474D-03  2.442D-03
**(rmsgt)**   2  2.263D-06  1.682D-05  4.798D-06  3.113D-05   289.18      13.75       4.76    9.109D-03  4.579D-03  2.501D-03
**(rmsgt)**   1  2.115D-06  1.613D-05  4.296D-06  2.760D-05   290.07      14.02       4.60    9.348D-03  4.694D-03  2.557D-03
**(rmsgt)** AVE  1.476D-06  1.403D-05  8.170D-06  3.794D-05   252.20      10.02       4.26    2.418D-03  2.003D-03  1.428
**(rmsgt)** Log(surface pressure) mean and variance:
**(rmsgt)**  G.M.LNP.= 4.59    ; Z.S.LNP.=0.435D-01; Z.A.LNP.=0.668D-01
**(Model)** cold start step 1
**(Model)** cold start step 2
**(Model)** timestep 2 at simulation time 0 days and 600.0 seconds
**(Model)** timestep 3 at simulation time 0 days and 1200.0 seconds
**(Model)** timestep 4 at simulation time 0 days and 1800.0 seconds
**(Model)** timestep 5 at simulation time 0 days and 2400.0 seconds
**(Model)** timestep 6 at simulation time 0 days and 3000.0 seconds
**(Model)** timestep 7 at simulation time 0 days and 3600.0 seconds
**(Model)** timestep 8 at simulation time 0 days and 4200.0 seconds
**(Model)** timestep 9 at simulation time 0 days and 4800.0 seconds
**(Model)** timestep 10 at simulation time 0 days and 5400.0 seconds
**(Model)** timestep 11 at simulation time 0 days and 6000.0 seconds
**(Model)** timestep 12 at simulation time 0 days and 6600.0 seconds
**(Model)** timestep 13 at simulation time 0 days and 7200.0 seconds
**(Model)** timestep 14 at simulation time 0 days and 7800.0 seconds
**(Model)** timestep 15 at simulation time 0 days and 8400.0 seconds
**(Model)** timestep 16 at simulation time 0 days and 9000.0 seconds
**(Model)** timestep 17 at simulation time 0 days and 9600.0 seconds
**(Model)** timestep 18 at simulation time 0 days and 10200.0 seconds
**(opnfct)** writes file GFCTCTR20111010122011101015F.fct.T126L28 at simulation time
**(opnfct)** 0 days and 10800.0 seconds; contains state of the atmosphere at 15Z of 10/10/2011
**(rmsgt)** State of the atmosphere at 15Z of 10/10/2011:
**(rmsgt)** Layers and average means and variances:
**(rmsgt)** LYR  Z.S. DIV.  Z.A. DIV.  Z.S. VOR.  Z.A. VOR.  G.M. TEM.  Z.S. TEM.  Z.A. TEM.  G.M. S.H.  Z.S. S.H.  Z.A. S.H.
**(rmsgt)**  28  9.724D-07  5.584D-06  1.281D-05  2.215D-05   250.43       6.93       5.77    1.680D-06  4.115D-07  1.642D-07
**(rmsgt)**  27  2.198D-06  1.526D-05  1.653D-05  2.041D-05   227.86       3.45       4.99    1.792D-06  7.185D-07  2.011D-07
**(rmsgt)**  26  1.463D-06  1.400D-05  1.502D-05  1.672D-05   221.36       2.67       5.03    1.819D-06  8.013D-07  2.242D-07
**(rmsgt)**  25  1.095D-06  1.049D-05  1.349D-05  1.442D-05   216.81       3.51       5.04    2.002D-06  9.622D-07  2.851D-07
**(rmsgt)**  24  1.307D-06  1.106D-05  1.313D-05  1.344D-05   213.39       4.36       4.66    2.290D-06  1.200D-06  3.348D-07
**(rmsgt)**  23  1.435D-06  1.136D-05  1.090D-05  1.310D-05   209.87       5.74       4.43    2.724D-06  1.375D-06  4.286D-07
**(rmsgt)**  22  1.390D-06  1.283D-05  8.858D-06  1.426D-05   206.20       7.97       4.38    3.146D-06  1.284D-06  5.010D-07
**(rmsgt)**  21  1.452D-06  1.344D-05  8.187D-06  1.789D-05   204.55       9.51       4.08    3.568D-06  1.215D-06  8.781D-07
**(rmsgt)**  20  1.460D-06  1.495D-05  9.052D-06  2.350D-05   207.71       7.63       3.78    6.017D-06  1.823D-06  2.143D-06
**(rmsgt)**  19  2.038D-06  1.391D-05  1.101D-05  3.084D-05   213.12       4.40       3.88    1.495D-05  5.787D-06  6.584D-06
**(rmsgt)**  18  2.387D-06  1.320D-05  1.157D-05  3.961D-05   219.21       4.35       3.90    3.944D-05  2.204D-05  2.148D-05
**(rmsgt)**  17  1.725D-06  1.164D-05  1.122D-05  4.504D-05   226.44       7.33       3.23    9.561D-05  6.216D-05  6.891D-05
**(rmsgt)**  16  1.387D-06  9.946D-06  1.026D-05  4.455D-05   234.90       9.39       3.45    1.977D-04  1.299D-04  1.739D-04
**(rmsgt)**  15  1.267D-06  9.008D-06  8.805D-06  4.024D-05   243.46      10.26       3.80    3.755D-04  2.372D-04  3.542D-04
**(rmsgt)**  14  1.026D-06  8.191D-06  7.524D-06  3.505D-05   251.34      10.63       4.30    6.582D-04  4.151D-04  6.046D-04
**(rmsgt)**  13  9.211D-07  7.947D-06  6.237D-06  3.039D-05   258.20      10.70       4.33    1.075D-03  7.132D-04  9.271D-04
**(rmsgt)**  12  9.153D-07  7.163D-06  5.438D-06  2.707D-05   264.09      10.81       4.66    1.609D-03  1.064D-03  1.277D-03
**(rmsgt)**  11  9.774D-07  7.514D-06  5.092D-06  2.502D-05   268.98      10.85       4.58    2.278D-03  1.471D-03  1.594D-03
**(rmsgt)**  10  8.454D-07  7.428D-06  4.930D-06  2.374D-05   273.10      11.05       4.77    3.119D-03  1.958D-03  1.833D-03
**(rmsgt)**   9  9.174D-07  7.654D-06  4.755D-06  2.300D-05   276.50      11.12       4.66    4.118D-03  2.459D-03  1.986D-03
**(rmsgt)**   8  8.755D-07  7.685D-06  4.679D-06  2.276D-05   279.31      11.39       4.81    5.147D-03  2.886D-03  2.056D-03
**(rmsgt)**   7  9.615D-07  7.932D-06  4.771D-06  2.304D-05   281.52      11.61       4.74    6.185D-03  3.252D-03  2.063D-03
**(rmsgt)**   6  1.132D-06  8.642D-06  4.981D-06  2.414D-05   283.43      11.92       4.75    7.155D-03  3.636D-03  2.121D-03
**(rmsgt)**   5  1.485D-06  1.003D-05  5.199D-06  2.559D-05   285.17      12.33       4.54    7.947D-03  3.984D-03  2.236D-03
**(rmsgt)**   4  1.766D-06  1.143D-05  5.260D-06  2.642D-05   286.81      12.80       4.50    8.653D-03  4.359D-03  2.360D-03
**(rmsgt)**   3  2.044D-06  1.290D-05  5.091D-06  2.562D-05   288.23      13.35       4.50    9.203D-03  4.650D-03  2.460D-03
**(rmsgt)**   2  2.300D-06  1.401D-05  4.488D-06  2.229D-05   289.47      13.84       4.62    9.559D-03  4.790D-03  2.548D-03
**(rmsgt)**   1  2.171D-06  1.339D-05  3.435D-06  1.664D-05   290.17      14.23       4.85    9.892D-03  4.924D-03  2.661D-03
**(rmsgt)** AVE  1.373D-06  1.011D-05  7.996D-06  2.986D-05   252.17      10.04       4.35    2.433D-03  2.014D-03  1.370
**(rmsgt)** Log(surface pressure) mean and variance:
**(rmsgt)**  G.M.LNP.= 4.59    ; Z.S.LNP.=0.435D-01; Z.A.LNP.=0.662D-01
**(wridia)** file also contains diagnostics at 15Z of 10/10/2011:
**(globme)**TOTAL PRECIPITATION                      Std.Dev.=   3.2280862; Glob.Mean=   8.7545277    ; in units of Kg M**-2 Day
**-1
**(globme)**CONVECTIVE PRECIPITATION                 Std.Dev.=   2.7900347; Glob.Mean=   8.4185412    ; in units of Kg M**-2 Day
**-1
**(globme)**SENSIBLE HEAT FLUX FROM SURFACE          Std.Dev.=   27.239094; Glob.Mean=   73.198490    ; in units of W M**-2
**(globme)**LATENT HEAT FLUX FROM SURFACE            Std.Dev.=   129.49154; Glob.Mean=   138.48316    ; in units of W M**-2
**(globme)**OUTGOING LONG WAVE AT TOP                Std.Dev.=   266.82076; Glob.Mean=   33.169993    ; in units of W M**-2
**(globme)**SHORT WAVE ABSORBED AT GROUND            Std.Dev.=   191.90158; Glob.Mean=   269.32927    ; in units of W M**-2
**(globme)**NET LONG WAVE AT BOTTOM                  Std.Dev.=   63.007654; Glob.Mean=   35.742659    ; in units of W M**-2
**(Model)** timestep 19 at simulation time 0 days and 10800.0 seconds
**(Model)** timestep 20 at simulation time 0 days and 11400.0 seconds
**(Model)** timestep 21 at simulation time 0 days and 12000.0 seconds
**(Model)** timestep 22 at simulation time 0 days and 12600.0 seconds
**(Model)** timestep 23 at simulation time 0 days and 13200.0 seconds
**(Model)** timestep 24 at simulation time 0 days and 13800.0 seconds
**(Model)** timestep 25 at simulation time 0 days and 14400.0 seconds
**(Model)** timestep 26 at simulation time 0 days and 15000.0 seconds
**(Model)** timestep 27 at simulation time 0 days and 15600.0 seconds
**(Model)** timestep 28 at simulation time 0 days and 16200.0 seconds
**(Model)** timestep 29 at simulation time 0 days and 16800.0 seconds
**(Model)** timestep 30 at simulation time 0 days and 17400.0 seconds
**(Model)** timestep 31 at simulation time 0 days and 18000.0 seconds
**(Model)** timestep 32 at simulation time 0 days and 18600.0 seconds
**(Model)** timestep 33 at simulation time 0 days and 19200.0 seconds
**(Model)** timestep 34 at simulation time 0 days and 19800.0 seconds
**(Model)** timestep 35 at simulation time 0 days and 20400.0 seconds
**(Model)** timestep 36 at simulation time 0 days and 21000.0 seconds
**(opnfct)** writes file GFCTCTR20111010122011101018F.fct.T126L28 at simulation time
**(opnfct)** 0 days and 21600.0 seconds; contains state of the atmosphere at 18Z of 10/10/2011
**(rmsgt)** State of the atmosphere at 18Z of 10/10/2011:
**(rmsgt)** Layers and average means and variances:
**(rmsgt)** LYR  Z.S. DIV.  Z.A. DIV.  Z.S. VOR.  Z.A. VOR.  G.M. TEM.  Z.S. TEM.  Z.A. TEM.  G.M. S.H.  Z.S. S.H.  Z.A. S.H.
**(rmsgt)**  28  9.551D-07  6.661D-06  1.293D-05  2.187D-05   250.42       6.92       5.87    1.681D-06  4.105D-07  1.640D-07
**(rmsgt)**  27  2.343D-06  1.815D-05  1.642D-05  2.074D-05   227.80       3.46       5.24    1.792D-06  7.194D-07  2.007D-07
**(rmsgt)**  26  1.628D-06  1.481D-05  1.512D-05  1.721D-05   221.29       2.75       5.13    1.820D-06  8.018D-07  2.207D-07
**(rmsgt)**  25  1.457D-06  1.227D-05  1.359D-05  1.454D-05   216.79       3.55       5.07    2.004D-06  9.622D-07  2.814D-07
**(rmsgt)**  24  1.324D-06  1.119D-05  1.313D-05  1.336D-05   213.41       4.37       4.70    2.294D-06  1.200D-06  3.326D-07
**(rmsgt)**  23  1.485D-06  1.048D-05  1.096D-05  1.334D-05   209.88       5.76       4.47    2.724D-06  1.374D-06  4.272D-07
**(rmsgt)**  22  1.355D-06  1.013D-05  8.838D-06  1.471D-05   206.21       8.02       4.43    3.154D-06  1.283D-06  5.310D-07
**(rmsgt)**  21  1.273D-06  1.153D-05  8.099D-06  1.782D-05   204.65       9.48       4.07    3.630D-06  1.259D-06  1.010D-06
**(rmsgt)**  20  1.420D-06  1.203D-05  8.994D-06  2.307D-05   207.77       7.62       3.76    6.143D-06  1.899D-06  2.590D-06
**(rmsgt)**  19  1.887D-06  1.178D-05  1.100D-05  2.973D-05   213.16       4.40       3.91    1.513D-05  5.761D-06  7.515D-06
**(rmsgt)**  18  2.242D-06  1.131D-05  1.166D-05  3.746D-05   219.22       4.35       3.90    3.987D-05  2.155D-05  2.305D-05
**(rmsgt)**  17  1.557D-06  1.049D-05  1.128D-05  4.182D-05   226.41       7.32       3.32    9.733D-05  6.184D-05  6.912D-05
**(rmsgt)**  16  1.272D-06  9.293D-06  1.015D-05  4.120D-05   234.86       9.41       3.56    1.992D-04  1.282D-04  1.705D-04
**(rmsgt)**  15  1.168D-06  8.217D-06  8.704D-06  3.745D-05   243.39      10.27       3.92    3.738D-04  2.301D-04  3.390D-04
**(rmsgt)**  14  9.381D-07  7.516D-06  7.399D-06  3.287D-05   251.29      10.66       4.37    6.541D-04  4.020D-04  5.745D-04
**(rmsgt)**  13  7.292D-07  6.888D-06  6.060D-06  2.862D-05   258.16      10.75       4.42    1.068D-03  6.952D-04  8.890D-04
**(rmsgt)**  12  8.164D-07  6.410D-06  5.271D-06  2.552D-05   264.09      10.86       4.67    1.599D-03  1.045D-03  1.237D-03
**(rmsgt)**  11  7.743D-07  6.536D-06  4.913D-06  2.357D-05   268.94      10.87       4.62    2.262D-03  1.448D-03  1.554D-03
**(rmsgt)**  10  8.176D-07  6.654D-06  4.727D-06  2.214D-05   273.04      11.08       4.76    3.094D-03  1.938D-03  1.795D-03
**(rmsgt)**   9  8.865D-07  6.769D-06  4.597D-06  2.130D-05   276.40      11.10       4.70    4.108D-03  2.443D-03  1.948D-03
**(rmsgt)**   8  8.631D-07  6.983D-06  4.591D-06  2.098D-05   279.20      11.37       4.80    5.152D-03  2.879D-03  2.021D-03
**(rmsgt)**   7  8.982D-07  7.546D-06  4.725D-06  2.110D-05   281.52      11.66       4.70    6.167D-03  3.235D-03  2.052D-03
**(rmsgt)**   6  1.113D-06  8.728D-06  4.983D-06  2.194D-05   283.51      11.99       4.68    7.147D-03  3.611D-03  2.115D-03
**(rmsgt)**   5  1.486D-06  1.029D-05  5.190D-06  2.325D-05   285.28      12.41       4.47    7.971D-03  3.956D-03  2.250D-03
**(rmsgt)**   4  1.825D-06  1.186D-05  5.159D-06  2.433D-05   286.93      12.86       4.45    8.748D-03  4.378D-03  2.403D-03
**(rmsgt)**   3  2.038D-06  1.316D-05  4.982D-06  2.414D-05   288.28      13.42       4.52    9.370D-03  4.741D-03  2.498D-03
**(rmsgt)**   2  2.259D-06  1.398D-05  4.403D-06  2.115D-05   289.53      13.85       4.60    9.786D-03  4.929D-03  2.594D-03
**(rmsgt)**   1  2.163D-06  1.356D-05  3.366D-06  1.581D-05   290.12      14.19       4.93    1.016D-02  5.108D-03  2.717D-03
**(rmsgt)** AVE  1.303D-06  9.287D-06  7.938D-06  2.798D-05   252.15      10.07       4.38    2.441D-03  2.020D-03  1.358
**(rmsgt)** Log(surface pressure) mean and variance:
**(rmsgt)**  G.M.LNP.= 4.59    ; Z.S.LNP.=0.435D-01; Z.A.LNP.=0.661D-01
**(wridia)** file also contains diagnostics at 18Z of 10/10/2011:
**(globme)**TOTAL PRECIPITATION                      Std.Dev.=   3.3580353; Glob.Mean=   8.9163835    ; in units of Kg M**-2 Day
**-1
**(globme)**CONVECTIVE PRECIPITATION                 Std.Dev.=   2.8358435; Glob.Mean=   8.6747568    ; in units of Kg M**-2 Day
**-1
**(globme)**SENSIBLE HEAT FLUX FROM SURFACE          Std.Dev.=   20.915197; Glob.Mean=   72.818385    ; in units of W M**-2
**(globme)**LATENT HEAT FLUX FROM SURFACE            Std.Dev.=   113.59598; Glob.Mean=   123.19503    ; in units of W M**-2
**(globme)**OUTGOING LONG WAVE AT TOP                Std.Dev.=   247.50133; Glob.Mean=   48.966069    ; in units of W M**-2
**(globme)**SHORT WAVE ABSORBED AT GROUND            Std.Dev.=   177.52069; Glob.Mean=   246.15793    ; in units of W M**-2
**(globme)**NET LONG WAVE AT BOTTOM                  Std.Dev.=   55.257634; Glob.Mean=   41.974407    ; in units of W M**-2
**(Model)** timestep 37 at simulation time 0 days and 21600.0 seconds
**(Model)** timestep 38 at simulation time 0 days and 22200.0 seconds
**(Model)** timestep 39 at simulation time 0 days and 22800.0 seconds
**(Model)** timestep 40 at simulation time 0 days and 23400.0 seconds
**(Model)** timestep 41 at simulation time 0 days and 24000.0 seconds
**(Model)** timestep 42 at simulation time 0 days and 24600.0 seconds
**(Model)** timestep 43 at simulation time 0 days and 25200.0 seconds
**(Model)** timestep 44 at simulation time 0 days and 25800.0 seconds
**(Model)** timestep 45 at simulation time 0 days and 26400.0 seconds
**(Model)** timestep 46 at simulation time 0 days and 27000.0 seconds
**(Model)** timestep 47 at simulation time 0 days and 27600.0 seconds
**(Model)** timestep 48 at simulation time 0 days and 28200.0 seconds
**(Model)** timestep 49 at simulation time 0 days and 28800.0 seconds
**(Model)** timestep 50 at simulation time 0 days and 29400.0 seconds
**(Model)** timestep 51 at simulation time 0 days and 30000.0 seconds
**(Model)** timestep 52 at simulation time 0 days and 30600.0 seconds
**(Model)** timestep 53 at simulation time 0 days and 31200.0 seconds
**(Model)** timestep 54 at simulation time 0 days and 31800.0 seconds
**(opnfct)** writes file GFCTCTR20111010122011101021F.fct.T126L28 at simulation time
**(opnfct)** 0 days and 32400.0 seconds; contains state of the atmosphere at 21Z of 10/10/2011
**(rmsgt)** State of the atmosphere at 21Z of 10/10/2011:
**(rmsgt)** Layers and average means and variances:
**(rmsgt)** LYR  Z.S. DIV.  Z.A. DIV.  Z.S. VOR.  Z.A. VOR.  G.M. TEM.  Z.S. TEM.  Z.A. TEM.  G.M. S.H.  Z.S. S.H.  Z.A. S.H.
**(rmsgt)**  28  8.657D-07  6.112D-06  1.296D-05  2.168D-05   250.42       6.92       5.88    1.681D-06  4.101D-07  1.632D-07
**(rmsgt)**  27  2.063D-06  1.760D-05  1.627D-05  2.127D-05   227.69       3.48       5.53    1.793D-06  7.192D-07  2.017D-07
**(rmsgt)**  26  1.542D-06  1.436D-05  1.505D-05  1.759D-05   221.29       2.76       5.22    1.822D-06  8.003D-07  2.186D-07
**(rmsgt)**  25  1.325D-06  1.226D-05  1.348D-05  1.471D-05   216.79       3.61       5.02    2.005D-06  9.614D-07  2.791D-07
**(rmsgt)**  24  1.253D-06  1.069D-05  1.307D-05  1.346D-05   213.44       4.40       4.66    2.295D-06  1.200D-06  3.318D-07
**(rmsgt)**  23  1.179D-06  9.739D-06  1.103D-05  1.321D-05   209.90       5.78       4.41    2.724D-06  1.372D-06  4.298D-07
**(rmsgt)**  22  1.100D-06  9.759D-06  8.912D-06  1.466D-05   206.21       8.05       4.41    3.155D-06  1.279D-06  5.461D-07
**(rmsgt)**  21  1.232D-06  1.092D-05  8.082D-06  1.810D-05   204.69       9.45       4.09    3.680D-06  1.292D-06  1.121D-06
**(rmsgt)**  20  1.412D-06  1.177D-05  8.915D-06  2.293D-05   207.80       7.57       3.77    6.279D-06  1.976D-06  2.956D-06
**(rmsgt)**  19  1.926D-06  1.141D-05  1.092D-05  2.915D-05   213.17       4.36       3.93    1.536D-05  5.762D-06  8.316D-06
**(rmsgt)**  18  1.856D-06  1.077D-05  1.162D-05  3.626D-05   219.23       4.34       3.87    4.029D-05  2.133D-05  2.424D-05
**(rmsgt)**  17  1.257D-06  1.007D-05  1.121D-05  3.999D-05   226.39       7.31       3.29    9.885D-05  6.183D-05  6.904D-05
**(rmsgt)**  16  1.251D-06  9.134D-06  9.948D-06  3.955D-05   234.84       9.40       3.52    2.014D-04  1.264D-04  1.675D-04
**(rmsgt)**  15  9.826D-07  8.121D-06  8.520D-06  3.606D-05   243.35      10.26       3.90    3.750D-04  2.240D-04  3.291D-04
**(rmsgt)**  14  8.825D-07  7.308D-06  7.259D-06  3.151D-05   251.27      10.66       4.35    6.533D-04  3.910D-04  5.553D-04
**(rmsgt)**  13  7.858D-07  6.651D-06  5.987D-06  2.748D-05   258.15      10.76       4.43    1.067D-03  6.832D-04  8.636D-04
**(rmsgt)**  12  7.660D-07  6.359D-06  5.208D-06  2.453D-05   264.08      10.88       4.67    1.600D-03  1.035D-03  1.211D-03
**(rmsgt)**  11  7.229D-07  6.134D-06  4.753D-06  2.264D-05   268.89      10.86       4.63    2.253D-03  1.430D-03  1.537D-03
**(rmsgt)**  10  7.260D-07  6.313D-06  4.503D-06  2.125D-05   272.96      11.08       4.77    3.068D-03  1.918D-03  1.779D-03
**(rmsgt)**   9  6.930D-07  6.234D-06  4.420D-06  2.036D-05   276.34      11.09       4.72    4.093D-03  2.427D-03  1.932D-03
**(rmsgt)**   8  6.993D-07  6.779D-06  4.493D-06  2.004D-05   279.13      11.35       4.79    5.147D-03  2.869D-03  2.008D-03
**(rmsgt)**   7  8.208D-07  7.388D-06  4.711D-06  2.024D-05   281.49      11.70       4.64    6.141D-03  3.217D-03  2.055D-03
**(rmsgt)**   6  1.107D-06  8.565D-06  5.030D-06  2.109D-05   283.54      12.04       4.62    7.136D-03  3.585D-03  2.126D-03
**(rmsgt)**   5  1.518D-06  1.012D-05  5.241D-06  2.238D-05   285.30      12.48       4.46    7.998D-03  3.954D-03  2.272D-03
**(rmsgt)**   4  1.866D-06  1.191D-05  5.209D-06  2.352D-05   286.94      12.90       4.42    8.777D-03  4.383D-03  2.430D-03
**(rmsgt)**   3  2.082D-06  1.316D-05  5.030D-06  2.348D-05   288.28      13.37       4.49    9.452D-03  4.797D-03  2.532D-03
**(rmsgt)**   2  2.316D-06  1.374D-05  4.423D-06  2.065D-05   289.49      13.75       4.59    9.929D-03  5.036D-03  2.614D-03
**(rmsgt)**   1  2.227D-06  1.347D-05  3.352D-06  1.541D-05   289.86      14.01       5.04    1.036D-02  5.258D-03  2.742D-03
**(rmsgt)** AVE  1.214D-06  9.013D-06  7.859D-06  2.699D-05   252.13      10.06       4.37    2.444D-03  2.023D-03  1.356
**(rmsgt)** Log(surface pressure) mean and variance:
**(rmsgt)**  G.M.LNP.= 4.59    ; Z.S.LNP.=0.436D-01; Z.A.LNP.=0.662D-01
**(wridia)** file also contains diagnostics at 21Z of 10/10/2011:
**(globme)**TOTAL PRECIPITATION                      Std.Dev.=   3.3680988; Glob.Mean=   9.1746084    ; in units of Kg M**-2 Day
**-1
**(globme)**CONVECTIVE PRECIPITATION                 Std.Dev.=   2.7612665; Glob.Mean=   8.8953994    ; in units of Kg M**-2 Day
**-1
**(globme)**SENSIBLE HEAT FLUX FROM SURFACE          Std.Dev.=   13.855940; Glob.Mean=   58.306427    ; in units of W M**-2
**(globme)**LATENT HEAT FLUX FROM SURFACE            Std.Dev.=   102.92323; Glob.Mean=   113.07992    ; in units of W M**-2
**(globme)**OUTGOING LONG WAVE AT TOP                Std.Dev.=   245.41481; Glob.Mean=   48.473740    ; in units of W M**-2
**(globme)**SHORT WAVE ABSORBED AT GROUND            Std.Dev.=   179.20150; Glob.Mean=   255.99009    ; in units of W M**-2
**(globme)**NET LONG WAVE AT BOTTOM                  Std.Dev.=   52.622655; Glob.Mean=   37.121063    ; in units of W M**-2
**(Model)** timestep 55 at simulation time 0 days and 32400.0 seconds
**(Model)** timestep 56 at simulation time 0 days and 33000.0 seconds
**(Model)** timestep 57 at simulation time 0 days and 33600.0 seconds
**(Model)** timestep 58 at simulation time 0 days and 34200.0 seconds
**(Model)** timestep 59 at simulation time 0 days and 34800.0 seconds
**(Model)** timestep 60 at simulation time 0 days and 35400.0 seconds
**(Model)** timestep 61 at simulation time 0 days and 36000.0 seconds
**(Model)** timestep 62 at simulation time 0 days and 36600.0 seconds
**(Model)** timestep 63 at simulation time 0 days and 37200.0 seconds
**(Model)** timestep 64 at simulation time 0 days and 37800.0 seconds
**(Model)** timestep 65 at simulation time 0 days and 38400.0 seconds
**(Model)** timestep 66 at simulation time 0 days and 39000.0 seconds
**(Model)** timestep 67 at simulation time 0 days and 39600.0 seconds
**(Model)** timestep 68 at simulation time 0 days and 40200.0 seconds
**(Model)** timestep 69 at simulation time 0 days and 40800.0 seconds
**(Model)** timestep 70 at simulation time 0 days and 41400.0 seconds
**(Model)** timestep 71 at simulation time 0 days and 42000.0 seconds
**(Model)** timestep 72 at simulation time 0 days and 42600.0 seconds
**(opnfct)** writes file GFCTCTR20111010122011101100F.fct.T126L28 at simulation time
**(opnfct)** 0 days and 43200.0 seconds; contains state of the atmosphere at 00Z of 11/10/2011
**(rmsgt)** State of the atmosphere at 00Z of 11/10/2011:
**(rmsgt)** Layers and average means and variances:
**(rmsgt)** LYR  Z.S. DIV.  Z.A. DIV.  Z.S. VOR.  Z.A. VOR.  G.M. TEM.  Z.S. TEM.  Z.A. TEM.  G.M. S.H.  Z.S. S.H.  Z.A. S.H.
**(rmsgt)**  28  9.193D-07  5.645D-06  1.265D-05  2.176D-05   250.42       6.90       5.83    1.681D-06  4.101D-07  1.631D-07
**(rmsgt)**  27  2.001D-06  1.783D-05  1.638D-05  2.177D-05   227.58       3.45       5.81    1.795D-06  7.187D-07  2.005D-07
**(rmsgt)**  26  1.712D-06  1.389D-05  1.512D-05  1.806D-05   221.28       2.66       5.34    1.825D-06  7.990D-07  2.165D-07
**(rmsgt)**  25  1.784D-06  1.198D-05  1.347D-05  1.523D-05   216.80       3.52       5.02    2.007D-06  9.601D-07  2.789D-07
**(rmsgt)**  24  1.263D-06  1.069D-05  1.301D-05  1.350D-05   213.48       4.32       4.65    2.295D-06  1.199D-06  3.343D-07
**(rmsgt)**  23  1.355D-06  1.021D-05  1.100D-05  1.296D-05   209.94       5.73       4.37    2.723D-06  1.371D-06  4.347D-07
**(rmsgt)**  22  1.201D-06  9.573D-06  8.993D-06  1.434D-05   206.22       8.04       4.34    3.154D-06  1.274D-06  5.658D-07
**(rmsgt)**  21  1.241D-06  1.053D-05  8.195D-06  1.810D-05   204.71       9.41       4.07    3.722D-06  1.320D-06  1.263D-06
**(rmsgt)**  20  1.540D-06  1.188D-05  9.009D-06  2.289D-05   207.82       7.51       3.77    6.425D-06  2.071D-06  3.331D-06
**(rmsgt)**  19  1.626D-06  1.118D-05  1.091D-05  2.888D-05   213.17       4.30       3.91    1.575D-05  5.969D-06  9.217D-06
**(rmsgt)**  18  1.556D-06  1.058D-05  1.161D-05  3.560D-05   219.21       4.32       3.84    4.125D-05  2.174D-05  2.643D-05
**(rmsgt)**  17  1.166D-06  9.852D-06  1.111D-05  3.893D-05   226.37       7.30       3.26    1.013D-04  6.291D-05  7.192D-05
**(rmsgt)**  16  1.316D-06  8.878D-06  9.874D-06  3.844D-05   234.82       9.39       3.48    2.050D-04  1.258D-04  1.705D-04
**(rmsgt)**  15  1.014D-06  7.866D-06  8.449D-06  3.509D-05   243.32      10.25       3.87    3.793D-04  2.200D-04  3.315D-04
**(rmsgt)**  14  8.371D-07  7.162D-06  7.193D-06  3.058D-05   251.23      10.66       4.32    6.578D-04  3.839D-04  5.546D-04
**(rmsgt)**  13  7.987D-07  6.613D-06  5.932D-06  2.661D-05   258.12      10.77       4.42    1.072D-03  6.728D-04  8.590D-04
**(rmsgt)**  12  8.234D-07  6.411D-06  5.148D-06  2.381D-05   264.07      10.90       4.66    1.602D-03  1.022D-03  1.208D-03
**(rmsgt)**  11  7.988D-07  6.155D-06  4.693D-06  2.198D-05   268.84      10.84       4.63    2.241D-03  1.409D-03  1.540D-03
**(rmsgt)**  10  7.723D-07  6.369D-06  4.429D-06  2.065D-05   272.86      11.05       4.77    3.043D-03  1.896D-03  1.781D-03
**(rmsgt)**   9  6.559D-07  6.463D-06  4.336D-06  1.972D-05   276.26      11.08       4.72    4.076D-03  2.413D-03  1.936D-03
**(rmsgt)**   8  6.359D-07  6.894D-06  4.415D-06  1.956D-05   279.06      11.34       4.77    5.134D-03  2.858D-03  2.011D-03
**(rmsgt)**   7  7.387D-07  7.420D-06  4.654D-06  2.000D-05   281.44      11.73       4.60    6.117D-03  3.200D-03  2.065D-03
**(rmsgt)**   6  1.031D-06  8.223D-06  4.992D-06  2.099D-05   283.51      12.07       4.57    7.115D-03  3.573D-03  2.147D-03
**(rmsgt)**   5  1.442D-06  9.448D-06  5.238D-06  2.227D-05   285.27      12.47       4.44    8.002D-03  3.958D-03  2.298D-03
**(rmsgt)**   4  1.774D-06  1.093D-05  5.320D-06  2.341D-05   286.89      12.86       4.41    8.783D-03  4.385D-03  2.459D-03
**(rmsgt)**   3  2.052D-06  1.204D-05  5.174D-06  2.331D-05   288.16      13.29       4.50    9.507D-03  4.842D-03  2.552D-03
**(rmsgt)**   2  2.302D-06  1.248D-05  4.490D-06  2.034D-05   289.35      13.64       4.61    1.003D-02  5.124D-03  2.618D-03
**(rmsgt)**   1  2.177D-06  1.222D-05  3.323D-06  1.493D-05   289.63      13.87       5.13    1.050D-02  5.367D-03  2.755D-03
**(rmsgt)** AVE  1.188D-06  8.806D-06  7.830D-06  2.638D-05   252.10      10.05       4.36    2.444D-03  2.025D-03  1.362
**(rmsgt)** Log(surface pressure) mean and variance:
**(rmsgt)**  G.M.LNP.= 4.59    ; Z.S.LNP.=0.437D-01; Z.A.LNP.=0.661D-01
**(wridia)** file also contains diagnostics at 00Z of 11/10/2011:
**(globme)**TOTAL PRECIPITATION                      Std.Dev.=   3.2413790; Glob.Mean=   8.6457300    ; in units of Kg M**-2 Day
**-1
**(globme)**CONVECTIVE PRECIPITATION                 Std.Dev.=   2.5279934; Glob.Mean=   8.1727837    ; in units of Kg M**-2 Day
**-1
**(globme)**SENSIBLE HEAT FLUX FROM SURFACE          Std.Dev.=   6.6657291; Glob.Mean=   35.299958    ; in units of W M**-2
**(globme)**LATENT HEAT FLUX FROM SURFACE            Std.Dev.=   93.308986; Glob.Mean=   104.50773    ; in units of W M**-2
**(globme)**OUTGOING LONG WAVE AT TOP                Std.Dev.=   244.81732; Glob.Mean=   48.098150    ; in units of W M**-2
**(globme)**SHORT WAVE ABSORBED AT GROUND            Std.Dev.=   182.41505; Glob.Mean=   263.23942    ; in units of W M**-2
**(globme)**NET LONG WAVE AT BOTTOM                  Std.Dev.=   51.099066; Glob.Mean=   34.133417    ; in units of W M**-2
**(Model)** timestep 73 at simulation time 0 days and 43200.0 seconds
**(Model)** timestep 74 at simulation time 0 days and 43800.0 seconds
**(Model)** timestep 75 at simulation time 0 days and 44400.0 seconds
**(Model)** timestep 76 at simulation time 0 days and 45000.0 seconds
**(Model)** timestep 77 at simulation time 0 days and 45600.0 seconds
**(Model)** timestep 78 at simulation time 0 days and 46200.0 seconds
**(Model)** timestep 79 at simulation time 0 days and 46800.0 seconds
**(Model)** timestep 80 at simulation time 0 days and 47400.0 seconds
**(Model)** timestep 81 at simulation time 0 days and 48000.0 seconds
**(Model)** timestep 82 at simulation time 0 days and 48600.0 seconds
**(Model)** timestep 83 at simulation time 0 days and 49200.0 seconds
**(Model)** timestep 84 at simulation time 0 days and 49800.0 seconds
**(Model)** timestep 85 at simulation time 0 days and 50400.0 seconds
**(Model)** timestep 86 at simulation time 0 days and 51000.0 seconds
**(Model)** timestep 87 at simulation time 0 days and 51600.0 seconds
**(Model)** timestep 88 at simulation time 0 days and 52200.0 seconds
**(Model)** timestep 89 at simulation time 0 days and 52800.0 seconds
**(Model)** timestep 90 at simulation time 0 days and 53400.0 seconds
**(opnfct)** writes file GFCTCTR20111010122011101103F.fct.T126L28 at simulation time
**(opnfct)** 0 days and 54000.0 seconds; contains state of the atmosphere at 03Z of 11/10/2011
**(rmsgt)** State of the atmosphere at 03Z of 11/10/2011:
**(rmsgt)** Layers and average means and variances:
**(rmsgt)** LYR  Z.S. DIV.  Z.A. DIV.  Z.S. VOR.  Z.A. VOR.  G.M. TEM.  Z.S. TEM.  Z.A. TEM.  G.M. S.H.  Z.S. S.H.  Z.A. S.H.
**(rmsgt)**  28  8.314D-07  5.284D-06  1.257D-05  2.187D-05   250.42       6.85       5.78    1.682D-06  4.095D-07  1.642D-07
**(rmsgt)**  27  1.978D-06  1.697D-05  1.633D-05  2.186D-05   227.48       3.46       6.05    1.795D-06  7.188D-07  1.990D-07
**(rmsgt)**  26  1.847D-06  1.370D-05  1.513D-05  1.802D-05   221.25       2.56       5.54    1.824D-06  7.980D-07  2.166D-07
**(rmsgt)**  25  1.559D-06  1.232D-05  1.342D-05  1.568D-05   216.81       3.41       5.17    2.008D-06  9.583D-07  2.780D-07
**(rmsgt)**  24  1.266D-06  1.043D-05  1.286D-05  1.383D-05   213.53       4.22       4.78    2.297D-06  1.198D-06  3.341D-07
**(rmsgt)**  23  1.255D-06  9.645D-06  1.078D-05  1.337D-05   209.99       5.66       4.43    2.723D-06  1.369D-06  4.397D-07
**(rmsgt)**  22  1.041D-06  9.262D-06  8.849D-06  1.447D-05   206.23       8.00       4.36    3.159D-06  1.270D-06  5.917D-07
**(rmsgt)**  21  1.361D-06  1.060D-05  8.178D-06  1.810D-05   204.72       9.38       4.07    3.771D-06  1.354D-06  1.424D-06
**(rmsgt)**  20  1.485D-06  1.179D-05  9.125D-06  2.296D-05   207.82       7.47       3.73    6.576D-06  2.189D-06  3.611D-06
**(rmsgt)**  19  1.633D-06  1.115D-05  1.098D-05  2.878D-05   213.18       4.27       3.85    1.610D-05  6.226D-06  1.002D-05
**(rmsgt)**  18  1.537D-06  1.057D-05  1.162D-05  3.497D-05   219.21       4.31       3.79    4.211D-05  2.223D-05  2.831D-05
**(rmsgt)**  17  1.175D-06  9.297D-06  1.121D-05  3.814D-05   226.36       7.29       3.24    1.032D-04  6.371D-05  7.498D-05
**(rmsgt)**  16  1.008D-06  8.319D-06  1.002D-05  3.757D-05   234.81       9.40       3.45    2.077D-04  1.247D-04  1.742D-04
**(rmsgt)**  15  8.908D-07  7.534D-06  8.518D-06  3.427D-05   243.27      10.28       3.85    3.827D-04  2.165D-04  3.340D-04
**(rmsgt)**  14  7.102D-07  6.860D-06  7.133D-06  2.993D-05   251.19      10.68       4.30    6.617D-04  3.772D-04  5.568D-04
**(rmsgt)**  13  7.594D-07  6.490D-06  5.875D-06  2.607D-05   258.09      10.80       4.42    1.074D-03  6.600D-04  8.585D-04
**(rmsgt)**  12  7.687D-07  6.472D-06  5.099D-06  2.334D-05   264.06      10.93       4.65    1.600D-03  1.006D-03  1.207D-03
**(rmsgt)**  11  6.537D-07  6.330D-06  4.682D-06  2.154D-05   268.78      10.83       4.62    2.226D-03  1.385D-03  1.542D-03
**(rmsgt)**  10  6.753D-07  6.399D-06  4.415D-06  2.025D-05   272.77      11.03       4.76    3.018D-03  1.873D-03  1.785D-03
**(rmsgt)**   9  6.325D-07  6.345D-06  4.309D-06  1.938D-05   276.18      11.07       4.70    4.058D-03  2.397D-03  1.939D-03
**(rmsgt)**   8  7.057D-07  6.645D-06  4.442D-06  1.933D-05   278.98      11.33       4.74    5.118D-03  2.847D-03  2.012D-03
**(rmsgt)**   7  9.027D-07  7.301D-06  4.716D-06  1.988D-05   281.38      11.73       4.58    6.100D-03  3.188D-03  2.070D-03
**(rmsgt)**   6  1.164D-06  8.183D-06  5.095D-06  2.095D-05   283.47      12.07       4.55    7.112D-03  3.569D-03  2.164D-03
**(rmsgt)**   5  1.508D-06  9.332D-06  5.352D-06  2.230D-05   285.25      12.46       4.44    8.015D-03  3.970D-03  2.322D-03
**(rmsgt)**   4  1.840D-06  1.065D-05  5.458D-06  2.332D-05   286.87      12.83       4.42    8.812D-03  4.401D-03  2.469D-03
**(rmsgt)**   3  2.071D-06  1.164D-05  5.304D-06  2.305D-05   288.13      13.23       4.47    9.574D-03  4.898D-03  2.569D-03
**(rmsgt)**   2  2.302D-06  1.202D-05  4.582D-06  2.006D-05   289.33      13.57       4.56    1.010D-02  5.188D-03  2.630D-03
**(rmsgt)**   1  2.175D-06  1.186D-05  3.393D-06  1.474D-05   289.64      13.83       5.07    1.057D-02  5.415D-03  2.755D-03
**(rmsgt)** AVE  1.154D-06  8.619D-06  7.847D-06  2.596D-05   252.06      10.04       4.35    2.444D-03  2.028D-03  1.366
**(rmsgt)** Log(surface pressure) mean and variance:
**(rmsgt)**  G.M.LNP.= 4.59    ; Z.S.LNP.=0.438D-01; Z.A.LNP.=0.660D-01
**(wridia)** file also contains diagnostics at 03Z of 11/10/2011:
**(globme)**TOTAL PRECIPITATION                      Std.Dev.=   3.2158268; Glob.Mean=   8.8067187    ; in units of Kg M**-2 Day
**-1
**(globme)**CONVECTIVE PRECIPITATION                 Std.Dev.=   2.4170724; Glob.Mean=   8.2601490    ; in units of Kg M**-2 Day
**-1
**(globme)**SENSIBLE HEAT FLUX FROM SURFACE          Std.Dev.=   11.148384; Glob.Mean=   54.897260    ; in units of W M**-2
**(globme)**LATENT HEAT FLUX FROM SURFACE            Std.Dev.=   92.140567; Glob.Mean=   104.19318    ; in units of W M**-2
**(globme)**OUTGOING LONG WAVE AT TOP                Std.Dev.=   244.23902; Glob.Mean=   47.973334    ; in units of W M**-2
**(globme)**SHORT WAVE ABSORBED AT GROUND            Std.Dev.=   180.19149; Glob.Mean=   259.44633    ; in units of W M**-2
**(globme)**NET LONG WAVE AT BOTTOM                  Std.Dev.=   49.945514; Glob.Mean=   32.536344    ; in units of W M**-2
**(Model)** timestep 91 at simulation time 0 days and 54000.0 seconds
**(Model)** timestep 92 at simulation time 0 days and 54600.0 seconds
**(Model)** timestep 93 at simulation time 0 days and 55200.0 seconds
**(Model)** timestep 94 at simulation time 0 days and 55800.0 seconds
**(Model)** timestep 95 at simulation time 0 days and 56400.0 seconds
**(Model)** timestep 96 at simulation time 0 days and 57000.0 seconds
**(Model)** timestep 97 at simulation time 0 days and 57600.0 seconds
**(Model)** timestep 98 at simulation time 0 days and 58200.0 seconds
**(Model)** timestep 99 at simulation time 0 days and 58800.0 seconds
**(Model)** timestep 100 at simulation time 0 days and 59400.0 seconds
**(Model)** timestep 101 at simulation time 0 days and 60000.0 seconds
**(Model)** timestep 102 at simulation time 0 days and 60600.0 seconds
**(Model)** timestep 103 at simulation time 0 days and 61200.0 seconds
**(Model)** timestep 104 at simulation time 0 days and 61800.0 seconds
**(Model)** timestep 105 at simulation time 0 days and 62400.0 seconds
**(Model)** timestep 106 at simulation time 0 days and 63000.0 seconds
**(Model)** timestep 107 at simulation time 0 days and 63600.0 seconds
**(Model)** timestep 108 at simulation time 0 days and 64200.0 seconds
**(opnfct)** writes file GFCTCTR20111010122011101106F.fct.T126L28 at simulation time
**(opnfct)** 0 days and 64800.0 seconds; contains state of the atmosphere at 06Z of 11/10/2011
**(rmsgt)** State of the atmosphere at 06Z of 11/10/2011:
**(rmsgt)** Layers and average means and variances:
**(rmsgt)** LYR  Z.S. DIV.  Z.A. DIV.  Z.S. VOR.  Z.A. VOR.  G.M. TEM.  Z.S. TEM.  Z.A. TEM.  G.M. S.H.  Z.S. S.H.  Z.A. S.H.
**(rmsgt)**  28  7.677D-07  5.160D-06  1.249D-05  2.205D-05   250.43       6.78       5.69    1.683D-06  4.087D-07  1.653D-07
**(rmsgt)**  27  1.579D-06  1.622D-05  1.626D-05  2.197D-05   227.37       3.51       6.35    1.795D-06  7.185D-07  1.998D-07
**(rmsgt)**  26  1.758D-06  1.330D-05  1.503D-05  1.830D-05   221.23       2.45       5.79    1.823D-06  7.967D-07  2.149D-07
**(rmsgt)**  25  1.466D-06  1.218D-05  1.338D-05  1.564D-05   216.83       3.31       5.29    2.007D-06  9.573D-07  2.790D-07
**(rmsgt)**  24  1.215D-06  1.033D-05  1.286D-05  1.397D-05   213.57       4.14       4.88    2.299D-06  1.197D-06  3.346D-07
**(rmsgt)**  23  1.052D-06  9.375D-06  1.067D-05  1.339D-05   210.04       5.60       4.49    2.727D-06  1.368D-06  4.419D-07
**(rmsgt)**  22  1.102D-06  8.970D-06  8.725D-06  1.440D-05   206.23       7.98       4.39    3.165D-06  1.266D-06  6.277D-07
**(rmsgt)**  21  1.464D-06  1.053D-05  8.185D-06  1.806D-05   204.72       9.36       4.09    3.817D-06  1.381D-06  1.527D-06
**(rmsgt)**  20  1.768D-06  1.126D-05  9.190D-06  2.304D-05   207.82       7.45       3.74    6.705D-06  2.297D-06  3.821D-06
**(rmsgt)**  19  1.835D-06  1.106D-05  1.107D-05  2.875D-05   213.21       4.25       3.84    1.635D-05  6.408D-06  1.047D-05
**(rmsgt)**  18  1.528D-06  1.032D-05  1.167D-05  3.441D-05   219.22       4.30       3.76    4.254D-05  2.235D-05  2.917D-05
**(rmsgt)**  17  1.115D-06  8.860D-06  1.136D-05  3.740D-05   226.35       7.29       3.21    1.035D-04  6.328D-05  7.525D-05
**(rmsgt)**  16  9.270D-07  8.044D-06  1.017D-05  3.676D-05   234.79       9.41       3.41    2.077D-04  1.229D-04  1.723D-04
**(rmsgt)**  15  8.285D-07  7.319D-06  8.547D-06  3.359D-05   243.23      10.29       3.82    3.834D-04  2.125D-04  3.295D-04
**(rmsgt)**  14  6.205D-07  6.579D-06  7.104D-06  2.948D-05   251.15      10.70       4.27    6.625D-04  3.689D-04  5.510D-04
**(rmsgt)**  13  6.625D-07  6.300D-06  5.896D-06  2.572D-05   258.07      10.83       4.41    1.072D-03  6.453D-04  8.479D-04
**(rmsgt)**  12  6.768D-07  6.435D-06  5.156D-06  2.300D-05   264.05      10.95       4.63    1.595D-03  9.880D-04  1.193D-03
**(rmsgt)**  11  6.598D-07  6.486D-06  4.728D-06  2.122D-05   268.73      10.83       4.60    2.215D-03  1.363D-03  1.528D-03
**(rmsgt)**  10  7.906D-07  6.642D-06  4.465D-06  1.995D-05   272.68      11.01       4.73    2.998D-03  1.854D-03  1.779D-03
**(rmsgt)**   9  6.702D-07  6.563D-06  4.347D-06  1.919D-05   276.09      11.06       4.68    4.044D-03  2.385D-03  1.931D-03
**(rmsgt)**   8  6.525D-07  6.730D-06  4.482D-06  1.913D-05   278.91      11.32       4.72    5.111D-03  2.839D-03  2.005D-03
**(rmsgt)**   7  8.822D-07  7.196D-06  4.775D-06  1.965D-05   281.34      11.73       4.58    6.101D-03  3.178D-03  2.067D-03
**(rmsgt)**   6  1.165D-06  8.129D-06  5.167D-06  2.079D-05   283.47      12.08       4.55    7.120D-03  3.567D-03  2.177D-03
**(rmsgt)**   5  1.478D-06  9.324D-06  5.424D-06  2.220D-05   285.27      12.46       4.41    8.044D-03  3.986D-03  2.350D-03
**(rmsgt)**   4  1.775D-06  1.061D-05  5.531D-06  2.319D-05   286.93      12.82       4.38    8.848D-03  4.424D-03  2.493D-03
**(rmsgt)**   3  1.946D-06  1.153D-05  5.358D-06  2.281D-05   288.18      13.22       4.38    9.616D-03  4.929D-03  2.580D-03
**(rmsgt)**   2  2.182D-06  1.191D-05  4.626D-06  1.981D-05   289.41      13.54       4.45    1.014D-02  5.222D-03  2.632D-03
**(rmsgt)**   1  2.170D-06  1.189D-05  3.403D-06  1.472D-05   289.93      13.86       4.85    1.061D-02  5.437D-03  2.736D-03
**(rmsgt)** AVE  1.142D-06  8.484D-06  7.886D-06  2.561D-05   252.05      10.04       4.34    2.445D-03  2.028D-03  1.365
**(rmsgt)** Log(surface pressure) mean and variance:
**(rmsgt)**  G.M.LNP.= 4.59    ; Z.S.LNP.=0.439D-01; Z.A.LNP.=0.659D-01
**(wridia)** file also contains diagnostics at 06Z of 11/10/2011:
**(globme)**TOTAL PRECIPITATION                      Std.Dev.=   3.2738121; Glob.Mean=   9.1505459    ; in units of Kg M**-2 Day
**-1
**(globme)**CONVECTIVE PRECIPITATION                 Std.Dev.=   2.4773992; Glob.Mean=   8.6317137    ; in units of Kg M**-2 Day
**-1
**(globme)**SENSIBLE HEAT FLUX FROM SURFACE          Std.Dev.=   19.503178; Glob.Mean=   68.592295    ; in units of W M**-2
**(globme)**LATENT HEAT FLUX FROM SURFACE            Std.Dev.=   94.795493; Glob.Mean=   106.60814    ; in units of W M**-2
**(globme)**OUTGOING LONG WAVE AT TOP                Std.Dev.=   243.64594; Glob.Mean=   48.558704    ; in units of W M**-2
**(globme)**SHORT WAVE ABSORBED AT GROUND            Std.Dev.=   177.53662; Glob.Mean=   255.59773    ; in units of W M**-2
**(globme)**NET LONG WAVE AT BOTTOM                  Std.Dev.=   51.197554; Glob.Mean=   35.430333    ; in units of W M**-2
**(Model)** timestep 109 at simulation time 0 days and 64800.0 seconds
**(Model)** timestep 110 at simulation time 0 days and 65400.0 seconds
**(Model)** timestep 111 at simulation time 0 days and 66000.0 seconds
**(Model)** timestep 112 at simulation time 0 days and 66600.0 seconds
**(Model)** timestep 113 at simulation time 0 days and 67200.0 seconds
**(Model)** timestep 114 at simulation time 0 days and 67800.0 seconds
**(Model)** timestep 115 at simulation time 0 days and 68400.0 seconds
**(Model)** timestep 116 at simulation time 0 days and 69000.0 seconds
**(Model)** timestep 117 at simulation time 0 days and 69600.0 seconds
**(Model)** timestep 118 at simulation time 0 days and 70200.0 seconds
**(Model)** timestep 119 at simulation time 0 days and 70800.0 seconds
**(Model)** timestep 120 at simulation time 0 days and 71400.0 seconds
**(Model)** timestep 121 at simulation time 0 days and 72000.0 seconds
**(Model)** timestep 122 at simulation time 0 days and 72600.0 seconds
**(Model)** timestep 123 at simulation time 0 days and 73200.0 seconds
**(Model)** timestep 124 at simulation time 0 days and 73800.0 seconds
**(Model)** timestep 125 at simulation time 0 days and 74400.0 seconds
**(Model)** timestep 126 at simulation time 0 days and 75000.0 seconds
**(opnfct)** writes file GFCTCTR20111010122011101109F.fct.T126L28 at simulation time
**(opnfct)** 0 days and 75600.0 seconds; contains state of the atmosphere at 09Z of 11/10/2011
**(rmsgt)** State of the atmosphere at 09Z of 11/10/2011:
**(rmsgt)** Layers and average means and variances:
**(rmsgt)** LYR  Z.S. DIV.  Z.A. DIV.  Z.S. VOR.  Z.A. VOR.  G.M. TEM.  Z.S. TEM.  Z.A. TEM.  G.M. S.H.  Z.S. S.H.  Z.A. S.H.
**(rmsgt)**  28  9.672D-07  4.872D-06  1.229D-05  2.223D-05   250.45       6.72       5.62    1.684D-06  4.074D-07  1.667D-07
**(rmsgt)**  27  2.012D-06  1.528D-05  1.589D-05  2.160D-05   227.28       3.59       6.61    1.795D-06  7.174D-07  2.011D-07
**(rmsgt)**  26  1.571D-06  1.276D-05  1.485D-05  1.832D-05   221.20       2.34       5.92    1.821D-06  7.953D-07  2.140D-07
**(rmsgt)**  25  1.458D-06  1.154D-05  1.321D-05  1.612D-05   216.84       3.21       5.36    2.009D-06  9.562D-07  2.791D-07
**(rmsgt)**  24  1.169D-06  1.008D-05  1.286D-05  1.438D-05   213.62       4.06       4.92    2.301D-06  1.195D-06  3.352D-07
**(rmsgt)**  23  9.544D-07  9.563D-06  1.072D-05  1.350D-05   210.07       5.59       4.51    2.732D-06  1.369D-06  4.433D-07
**(rmsgt)**  22  1.292D-06  8.880D-06  8.785D-06  1.432D-05   206.23       8.01       4.40    3.166D-06  1.259D-06  6.456D-07
**(rmsgt)**  21  1.397D-06  1.030D-05  8.335D-06  1.785D-05   204.72       9.39       4.12    3.845D-06  1.397D-06  1.580D-06
**(rmsgt)**  20  1.902D-06  1.101D-05  9.258D-06  2.304D-05   207.84       7.43       3.76    6.804D-06  2.357D-06  3.892D-06
**(rmsgt)**  19  2.124D-06  1.124D-05  1.118D-05  2.855D-05   213.23       4.22       3.85    1.656D-05  6.557D-06  1.081D-05
**(rmsgt)**  18  1.660D-06  1.007D-05  1.174D-05  3.390D-05   219.22       4.28       3.75    4.289D-05  2.249D-05  2.981D-05
**(rmsgt)**  17  1.093D-06  8.820D-06  1.127D-05  3.671D-05   226.33       7.27       3.20    1.037D-04  6.304D-05  7.535D-05
**(rmsgt)**  16  1.019D-06  8.025D-06  1.011D-05  3.605D-05   234.76       9.41       3.37    2.069D-04  1.211D-04  1.696D-04
**(rmsgt)**  15  8.425D-07  7.113D-06  8.475D-06  3.304D-05   243.19      10.30       3.78    3.814D-04  2.063D-04  3.210D-04
**(rmsgt)**  14  6.102D-07  6.522D-06  7.080D-06  2.908D-05   251.12      10.70       4.24    6.610D-04  3.591D-04  5.355D-04
**(rmsgt)**  13  5.615D-07  6.224D-06  5.900D-06  2.542D-05   258.04      10.85       4.39    1.069D-03  6.318D-04  8.292D-04
**(rmsgt)**  12  6.204D-07  6.302D-06  5.158D-06  2.275D-05   264.04      10.97       4.62    1.592D-03  9.736D-04  1.171D-03
**(rmsgt)**  11  7.411D-07  6.479D-06  4.733D-06  2.097D-05   268.69      10.82       4.58    2.207D-03  1.344D-03  1.509D-03
**(rmsgt)**  10  8.242D-07  6.698D-06  4.455D-06  1.972D-05   272.60      10.99       4.72    2.982D-03  1.836D-03  1.764D-03
**(rmsgt)**   9  7.867D-07  6.648D-06  4.344D-06  1.897D-05   276.01      11.05       4.68    4.036D-03  2.375D-03  1.915D-03
**(rmsgt)**   8  7.966D-07  6.816D-06  4.470D-06  1.889D-05   278.85      11.32       4.71    5.108D-03  2.831D-03  1.994D-03
**(rmsgt)**   7  9.597D-07  7.214D-06  4.778D-06  1.945D-05   281.31      11.73       4.56    6.105D-03  3.175D-03  2.066D-03
**(rmsgt)**   6  1.153D-06  8.154D-06  5.169D-06  2.066D-05   283.48      12.09       4.52    7.142D-03  3.577D-03  2.193D-03
**(rmsgt)**   5  1.410D-06  9.419D-06  5.409D-06  2.207D-05   285.32      12.48       4.34    8.083D-03  4.009D-03  2.357D-03
**(rmsgt)**   4  1.666D-06  1.071D-05  5.500D-06  2.290D-05   287.03      12.86       4.27    8.884D-03  4.445D-03  2.490D-03
**(rmsgt)**   3  1.901D-06  1.183D-05  5.264D-06  2.230D-05   288.40      13.28       4.27    9.641D-03  4.944D-03  2.585D-03
**(rmsgt)**   2  2.153D-06  1.244D-05  4.589D-06  1.952D-05   289.69      13.62       4.35    1.018D-02  5.247D-03  2.636D-03
**(rmsgt)**   1  2.175D-06  1.264D-05  3.484D-06  1.503D-05   290.41      14.08       4.66    1.063D-02  5.432D-03  2.744D-03
**(rmsgt)** AVE  1.183D-06  8.447D-06  7.873D-06  2.528D-05   252.04      10.05       4.33    2.446D-03  2.029D-03  1.360
**(rmsgt)** Log(surface pressure) mean and variance:
**(rmsgt)**  G.M.LNP.= 4.59    ; Z.S.LNP.=0.440D-01; Z.A.LNP.=0.660D-01
**(wridia)** file also contains diagnostics at 09Z of 11/10/2011:
**(globme)**TOTAL PRECIPITATION                      Std.Dev.=   3.2631088; Glob.Mean=   9.0955019    ; in units of Kg M**-2 Day
**-1
**(globme)**CONVECTIVE PRECIPITATION                 Std.Dev.=   2.4767726; Glob.Mean=   8.6028798    ; in units of Kg M**-2 Day
**-1
**(globme)**SENSIBLE HEAT FLUX FROM SURFACE          Std.Dev.=   26.465168; Glob.Mean=   68.695717    ; in units of W M**-2
**(globme)**LATENT HEAT FLUX FROM SURFACE            Std.Dev.=   96.098992; Glob.Mean=   103.09081    ; in units of W M**-2
**(globme)**OUTGOING LONG WAVE AT TOP                Std.Dev.=   243.70965; Glob.Mean=   49.705433    ; in units of W M**-2
**(globme)**SHORT WAVE ABSORBED AT GROUND            Std.Dev.=   178.83937; Glob.Mean=   254.55813    ; in units of W M**-2
**(globme)**NET LONG WAVE AT BOTTOM                  Std.Dev.=   54.429155; Glob.Mean=   40.198711    ; in units of W M**-2
**(Model)** timestep 127 at simulation time 0 days and 75600.0 seconds
**(Model)** timestep 128 at simulation time 0 days and 76200.0 seconds
**(Model)** timestep 129 at simulation time 0 days and 76800.0 seconds
**(Model)** timestep 130 at simulation time 0 days and 77400.0 seconds
**(Model)** timestep 131 at simulation time 0 days and 78000.0 seconds
**(Model)** timestep 132 at simulation time 0 days and 78600.0 seconds
**(Model)** timestep 133 at simulation time 0 days and 79200.0 seconds
**(Model)** timestep 134 at simulation time 0 days and 79800.0 seconds
**(Model)** timestep 135 at simulation time 0 days and 80400.0 seconds
**(Model)** timestep 136 at simulation time 0 days and 81000.0 seconds
**(Model)** timestep 137 at simulation time 0 days and 81600.0 seconds
**(Model)** timestep 138 at simulation time 0 days and 82200.0 seconds
**(Model)** timestep 139 at simulation time 0 days and 82800.0 seconds
**(Model)** timestep 140 at simulation time 0 days and 83400.0 seconds
**(Model)** timestep 141 at simulation time 0 days and 84000.0 seconds
**(Model)** timestep 142 at simulation time 0 days and 84600.0 seconds
**(Model)** timestep 143 at simulation time 0 days and 85200.0 seconds
**(Model)** timestep 144 at simulation time 0 days and 85800.0 seconds
**(opnfct)** writes file GFCTCTR20111010122011101112F.fct.T126L28 at simulation time
**(opnfct)** 1 days and 0.0 seconds; contains state of the atmosphere at 12Z of 11/10/2011
**(rmsgt)** State of the atmosphere at 12Z of 11/10/2011:
**(rmsgt)** Layers and average means and variances:
**(rmsgt)** LYR  Z.S. DIV.  Z.A. DIV.  Z.S. VOR.  Z.A. VOR.  G.M. TEM.  Z.S. TEM.  Z.A. TEM.  G.M. S.H.  Z.S. S.H.  Z.A. S.H.
**(rmsgt)**  28  8.688D-07  4.803D-06  1.231D-05  2.252D-05   250.46       6.70       5.63    1.686D-06  4.064D-07  1.682D-07
**(rmsgt)**  27  1.958D-06  1.477D-05  1.570D-05  2.137D-05   227.19       3.66       6.88    1.794D-06  7.161D-07  2.019D-07
**(rmsgt)**  26  1.266D-06  1.281D-05  1.489D-05  1.850D-05   221.18       2.32       6.02    1.822D-06  7.940D-07  2.136D-07
**(rmsgt)**  25  1.358D-06  1.110D-05  1.315D-05  1.598D-05   216.83       3.04       5.42    2.010D-06  9.563D-07  2.781D-07
**(rmsgt)**  24  1.341D-06  9.949D-06  1.265D-05  1.450D-05   213.64       3.93       5.03    2.304D-06  1.194D-06  3.375D-07
**(rmsgt)**  23  1.170D-06  9.283D-06  1.055D-05  1.366D-05   210.09       5.57       4.58    2.736D-06  1.368D-06  4.488D-07
**(rmsgt)**  22  1.415D-06  9.128D-06  8.693D-06  1.446D-05   206.23       8.07       4.42    3.166D-06  1.254D-06  6.424D-07
**(rmsgt)**  21  1.505D-06  1.016D-05  8.400D-06  1.773D-05   204.74       9.43       4.13    3.870D-06  1.403D-06  1.582D-06
**(rmsgt)**  20  1.884D-06  1.108D-05  9.273D-06  2.281D-05   207.86       7.43       3.76    6.906D-06  2.408D-06  3.934D-06
**(rmsgt)**  19  2.151D-06  1.141D-05  1.120D-05  2.825D-05   213.25       4.20       3.83    1.682D-05  6.759D-06  1.113D-05
**(rmsgt)**  18  1.721D-06  9.981D-06  1.192D-05  3.348D-05   219.22       4.26       3.73    4.341D-05  2.285D-05  3.050D-05
**(rmsgt)**  17  1.143D-06  8.858D-06  1.129D-05  3.619D-05   226.31       7.27       3.18    1.041D-04  6.317D-05  7.560D-05
**(rmsgt)**  16  1.061D-06  8.104D-06  1.003D-05  3.553D-05   234.74       9.43       3.34    2.065D-04  1.201D-04  1.671D-04
**(rmsgt)**  15  7.742D-07  7.109D-06  8.422D-06  3.265D-05   243.14      10.32       3.76    3.807D-04  2.014D-04  3.134D-04
**(rmsgt)**  14  6.025D-07  6.531D-06  7.049D-06  2.888D-05   251.09      10.70       4.23    6.603D-04  3.497D-04  5.231D-04
**(rmsgt)**  13  5.738D-07  6.202D-06  5.900D-06  2.528D-05   258.03      10.87       4.38    1.065D-03  6.181D-04  8.088D-04
**(rmsgt)**  12  6.168D-07  6.167D-06  5.133D-06  2.257D-05   264.03      11.00       4.62    1.590D-03  9.624D-04  1.145D-03
**(rmsgt)**  11  7.737D-07  6.371D-06  4.707D-06  2.075D-05   268.66      10.83       4.58    2.201D-03  1.329D-03  1.490D-03
**(rmsgt)**  10  7.199D-07  6.646D-06  4.426D-06  1.947D-05   272.54      10.99       4.72    2.970D-03  1.818D-03  1.753D-03
**(rmsgt)**   9  7.611D-07  6.615D-06  4.322D-06  1.869D-05   275.93      11.05       4.70    4.031D-03  2.364D-03  1.904D-03
**(rmsgt)**   8  8.464D-07  6.845D-06  4.449D-06  1.862D-05   278.81      11.33       4.71    5.116D-03  2.829D-03  1.984D-03
**(rmsgt)**   7  9.751D-07  7.189D-06  4.750D-06  1.916D-05   281.32      11.76       4.55    6.128D-03  3.183D-03  2.063D-03
**(rmsgt)**   6  1.066D-06  8.127D-06  5.119D-06  2.038D-05   283.54      12.15       4.50    7.172D-03  3.599D-03  2.192D-03
**(rmsgt)**   5  1.311D-06  9.553D-06  5.396D-06  2.185D-05   285.44      12.55       4.34    8.106D-03  4.028D-03  2.377D-03
**(rmsgt)**   4  1.594D-06  1.106D-05  5.443D-06  2.278D-05   287.20      12.96       4.31    8.873D-03  4.441D-03  2.529D-03
**(rmsgt)**   3  1.837D-06  1.229D-05  5.291D-06  2.239D-05   288.61      13.42       4.35    9.612D-03  4.923D-03  2.640D-03
**(rmsgt)**   2  2.118D-06  1.299D-05  4.686D-06  1.974D-05   289.90      13.77       4.46    1.017D-02  5.238D-03  2.697D-03
**(rmsgt)**   1  2.141D-06  1.296D-05  3.593D-06  1.508D-05   290.61      14.27       4.77    1.064D-02  5.430D-03  2.829D-03
**(rmsgt)** AVE  1.183D-06  8.470D-06  7.859D-06  2.502D-05   252.04      10.08       4.33    2.447D-03  2.027D-03  1.362
**(rmsgt)** Log(surface pressure) mean and variance:
**(rmsgt)**  G.M.LNP.= 4.59    ; Z.S.LNP.=0.441D-01; Z.A.LNP.=0.661D-01
**(wridia)** file also contains diagnostics at 12Z of 11/10/2011:
**(globme)**TOTAL PRECIPITATION                      Std.Dev.=   3.2873529; Glob.Mean=   9.0198921    ; in units of Kg M**-2 Day
**-1
**(globme)**CONVECTIVE PRECIPITATION                 Std.Dev.=   2.4736603; Glob.Mean=   8.5250985    ; in units of Kg M**-2 Day
**-1
**(globme)**SENSIBLE HEAT FLUX FROM SURFACE          Std.Dev.=   30.141494; Glob.Mean=   92.844922    ; in units of W M**-2
**(globme)**LATENT HEAT FLUX FROM SURFACE            Std.Dev.=   94.275429; Glob.Mean=   102.75206    ; in units of W M**-2
**(globme)**OUTGOING LONG WAVE AT TOP                Std.Dev.=   244.63496; Glob.Mean=   51.678241    ; in units of W M**-2
**(globme)**SHORT WAVE ABSORBED AT GROUND            Std.Dev.=   180.45268; Glob.Mean=   256.14083    ; in units of W M**-2
**(globme)**NET LONG WAVE AT BOTTOM                  Std.Dev.=   58.093951; Glob.Mean=   46.178623    ; in units of W M**-2
**(Model)** timestep 145 at simulation time 1 days and 0.0 seconds
**(Model)** timestep 146 at simulation time 1 days and 600.0 seconds
**(Model)** timestep 147 at simulation time 1 days and 1200.0 seconds
**(Model)** timestep 148 at simulation time 1 days and 1800.0 seconds
**(Model)** timestep 149 at simulation time 1 days and 2400.0 seconds
**(Model)** timestep 150 at simulation time 1 days and 3000.0 seconds
**(Model)** timestep 151 at simulation time 1 days and 3600.0 seconds
**(Model)** timestep 152 at simulation time 1 days and 4200.0 seconds
**(Model)** timestep 153 at simulation time 1 days and 4800.0 seconds
**(Model)** timestep 154 at simulation time 1 days and 5400.0 seconds
**(Model)** timestep 155 at simulation time 1 days and 6000.0 seconds
**(Model)** timestep 156 at simulation time 1 days and 6600.0 seconds
**(Model)** timestep 157 at simulation time 1 days and 7200.0 seconds
**(Model)** timestep 158 at simulation time 1 days and 7800.0 seconds
**(Model)** timestep 159 at simulation time 1 days and 8400.0 seconds
**(Model)** timestep 160 at simulation time 1 days and 9000.0 seconds
**(Model)** timestep 161 at simulation time 1 days and 9600.0 seconds
**(Model)** timestep 162 at simulation time 1 days and 10200.0 seconds
**(opnfct)** writes file GFCTCTR20111010122011101115F.fct.T126L28 at simulation time
**(opnfct)** 1 days and 10800.0 seconds; contains state of the atmosphere at 15Z of 11/10/2011
**(rmsgt)** State of the atmosphere at 15Z of 11/10/2011:
**(rmsgt)** Layers and average means and variances:
**(rmsgt)** LYR  Z.S. DIV.  Z.A. DIV.  Z.S. VOR.  Z.A. VOR.  G.M. TEM.  Z.S. TEM.  Z.A. TEM.  G.M. S.H.  Z.S. S.H.  Z.A. S.H.
**(rmsgt)**  28  8.437D-07  4.524D-06  1.203D-05  2.270D-05   250.46       6.72       5.59    1.686D-06  4.057D-07  1.695D-07
**(rmsgt)**  27  1.926D-06  1.400D-05  1.560D-05  2.138D-05   227.11       3.85       7.16    1.793D-06  7.156D-07  2.023D-07
**(rmsgt)**  26  1.846D-06  1.264D-05  1.490D-05  1.890D-05   221.17       2.27       6.18    1.825D-06  7.935D-07  2.138D-07
**(rmsgt)**  25  1.266D-06  1.092D-05  1.317D-05  1.574D-05   216.85       2.93       5.47    2.012D-06  9.555D-07  2.782D-07
**(rmsgt)**  24  1.480D-06  9.428D-06  1.258D-05  1.441D-05   213.66       3.85       5.05    2.305D-06  1.192D-06  3.425D-07
**(rmsgt)**  23  1.042D-06  9.242D-06  1.043D-05  1.348D-05   210.12       5.55       4.62    2.738D-06  1.367D-06  4.519D-07
**(rmsgt)**  22  1.490D-06  8.969D-06  8.416D-06  1.449D-05   206.24       8.12       4.38    3.172D-06  1.256D-06  6.551D-07
**(rmsgt)**  21  1.531D-06  1.008D-05  8.325D-06  1.771D-05   204.75       9.47       4.11    3.902D-06  1.422D-06  1.656D-06
**(rmsgt)**  20  1.583D-06  1.139D-05  9.252D-06  2.255D-05   207.89       7.43       3.75    7.009D-06  2.485D-06  4.106D-06
**(rmsgt)**  19  2.001D-06  1.156D-05  1.120D-05  2.803D-05   213.28       4.16       3.81    1.709D-05  6.897D-06  1.156D-05
**(rmsgt)**  18  1.515D-06  9.780D-06  1.201D-05  3.320D-05   219.21       4.25       3.72    4.379D-05  2.306D-05  3.115D-05
**(rmsgt)**  17  1.095D-06  8.863D-06  1.133D-05  3.588D-05   226.29       7.28       3.18    1.044D-04  6.317D-05  7.536D-05
**(rmsgt)**  16  1.028D-06  8.191D-06  9.977D-06  3.522D-05   234.72       9.44       3.32    2.070D-04  1.197D-04  1.649D-04
**(rmsgt)**  15  7.089D-07  7.093D-06  8.369D-06  3.248D-05   243.11      10.34       3.74    3.817D-04  1.980D-04  3.102D-04
**(rmsgt)**  14  7.105D-07  6.447D-06  6.982D-06  2.882D-05   251.07      10.71       4.22    6.615D-04  3.406D-04  5.168D-04
**(rmsgt)**  13  6.575D-07  6.166D-06  5.854D-06  2.522D-05   258.01      10.89       4.38    1.063D-03  6.042D-04  7.960D-04
**(rmsgt)**  12  6.942D-07  6.167D-06  5.129D-06  2.240D-05   264.03      11.02       4.62    1.589D-03  9.512D-04  1.127D-03
**(rmsgt)**  11  7.707D-07  6.389D-06  4.731D-06  2.055D-05   268.63      10.85       4.58    2.198D-03  1.317D-03  1.475D-03
**(rmsgt)**  10  6.723D-07  6.616D-06  4.451D-06  1.928D-05   272.49      11.00       4.71    2.966D-03  1.804D-03  1.747D-03
**(rmsgt)**   9  7.344D-07  6.732D-06  4.339D-06  1.851D-05   275.87      11.06       4.70    4.032D-03  2.357D-03  1.893D-03
**(rmsgt)**   8  8.121D-07  6.898D-06  4.488D-06  1.841D-05   278.78      11.35       4.72    5.127D-03  2.833D-03  1.975D-03
**(rmsgt)**   7  8.761D-07  7.229D-06  4.817D-06  1.895D-05   281.33      11.79       4.56    6.142D-03  3.194D-03  2.069D-03
**(rmsgt)**   6  9.622D-07  8.113D-06  5.167D-06  2.017D-05   283.60      12.20       4.52    7.176D-03  3.602D-03  2.222D-03
**(rmsgt)**   5  1.250D-06  9.436D-06  5.446D-06  2.174D-05   285.54      12.62       4.38    8.100D-03  4.028D-03  2.444D-03
**(rmsgt)**   4  1.535D-06  1.096D-05  5.576D-06  2.284D-05   287.30      13.03       4.36    8.843D-03  4.427D-03  2.601D-03
**(rmsgt)**   3  1.802D-06  1.230D-05  5.460D-06  2.262D-05   288.70      13.50       4.44    9.587D-03  4.902D-03  2.692D-03
**(rmsgt)**   2  2.089D-06  1.302D-05  4.793D-06  1.986D-05   289.98      13.85       4.53    1.017D-02  5.238D-03  2.742D-03
**(rmsgt)**   1  2.149D-06  1.293D-05  3.561D-06  1.489D-05   290.63      14.35       4.87    1.066D-02  5.444D-03  2.877D-03
**(rmsgt)** AVE  1.141D-06  8.449D-06  7.849D-06  2.486D-05   252.04      10.10       4.34    2.446D-03  2.024D-03  1.370
**(rmsgt)** Log(surface pressure) mean and variance:
**(rmsgt)**  G.M.LNP.= 4.59    ; Z.S.LNP.=0.442D-01; Z.A.LNP.=0.660D-01
**(wridia)** file also contains diagnostics at 15Z of 11/10/2011:
**(globme)**TOTAL PRECIPITATION                      Std.Dev.=   3.3303038; Glob.Mean=   8.9602897    ; in units of Kg M**-2 Day
**-1
**(globme)**CONVECTIVE PRECIPITATION                 Std.Dev.=   2.4948966; Glob.Mean=   8.4403703    ; in units of Kg M**-2 Day
**-1
**(globme)**SENSIBLE HEAT FLUX FROM SURFACE          Std.Dev.=   25.779821; Glob.Mean=   79.722706    ; in units of W M**-2
**(globme)**LATENT HEAT FLUX FROM SURFACE            Std.Dev.=   94.451232; Glob.Mean=   102.08315    ; in units of W M**-2
**(globme)**OUTGOING LONG WAVE AT TOP                Std.Dev.=   244.38210; Glob.Mean=   52.561630    ; in units of W M**-2
**(globme)**SHORT WAVE ABSORBED AT GROUND            Std.Dev.=   180.04891; Glob.Mean=   257.45047    ; in units of W M**-2
**(globme)**NET LONG WAVE AT BOTTOM                  Std.Dev.=   57.994618; Glob.Mean=   46.715225    ; in units of W M**-2
**(Model)** timestep 163 at simulation time 1 days and 10800.0 seconds
**(Model)** timestep 164 at simulation time 1 days and 11400.0 seconds
**(Model)** timestep 165 at simulation time 1 days and 12000.0 seconds
**(Model)** timestep 166 at simulation time 1 days and 12600.0 seconds
**(Model)** timestep 167 at simulation time 1 days and 13200.0 seconds
**(Model)** timestep 168 at simulation time 1 days and 13800.0 seconds
**(Model)** timestep 169 at simulation time 1 days and 14400.0 seconds
**(Model)** timestep 170 at simulation time 1 days and 15000.0 seconds
**(Model)** timestep 171 at simulation time 1 days and 15600.0 seconds
**(Model)** timestep 172 at simulation time 1 days and 16200.0 seconds
**(Model)** timestep 173 at simulation time 1 days and 16800.0 seconds
**(Model)** timestep 174 at simulation time 1 days and 17400.0 seconds
**(Model)** timestep 175 at simulation time 1 days and 18000.0 seconds
**(Model)** timestep 176 at simulation time 1 days and 18600.0 seconds
**(Model)** timestep 177 at simulation time 1 days and 19200.0 seconds
**(Model)** timestep 178 at simulation time 1 days and 19800.0 seconds
**(Model)** timestep 179 at simulation time 1 days and 20400.0 seconds
**(Model)** timestep 180 at simulation time 1 days and 21000.0 seconds
**(opnfct)** writes file GFCTCTR20111010122011101118F.fct.T126L28 at simulation time
**(opnfct)** 1 days and 21600.0 seconds; contains state of the atmosphere at 18Z of 11/10/2011
**(rmsgt)** State of the atmosphere at 18Z of 11/10/2011:
**(rmsgt)** Layers and average means and variances:
**(rmsgt)** LYR  Z.S. DIV.  Z.A. DIV.  Z.S. VOR.  Z.A. VOR.  G.M. TEM.  Z.S. TEM.  Z.A. TEM.  G.M. S.H.  Z.S. S.H.  Z.A. S.H.
**(rmsgt)**  28  8.019D-07  4.380D-06  1.141D-05  2.307D-05   250.47       6.69       5.45    1.687D-06  4.044D-07  1.708D-07
**(rmsgt)**  27  2.039D-06  1.370D-05  1.539D-05  2.154D-05   227.01       4.04       7.32    1.793D-06  7.161D-07  2.022D-07
**(rmsgt)**  26  2.139D-06  1.253D-05  1.466D-05  1.905D-05   221.16       2.22       6.30    1.827D-06  7.948D-07  2.136D-07
**(rmsgt)**  25  1.318D-06  1.102D-05  1.310D-05  1.616D-05   216.87       2.87       5.50    2.015D-06  9.544D-07  2.799D-07
**(rmsgt)**  24  1.289D-06  9.287D-06  1.259D-05  1.461D-05   213.69       3.80       5.07    2.306D-06  1.190D-06  3.460D-07
**(rmsgt)**  23  1.050D-06  8.763D-06  1.057D-05  1.329D-05   210.15       5.52       4.66    2.738D-06  1.363D-06  4.578D-07
**(rmsgt)**  22  1.168D-06  8.659D-06  8.388D-06  1.426D-05   206.26       8.10       4.38    3.181D-06  1.257D-06  6.912D-07
**(rmsgt)**  21  1.312D-06  9.735D-06  8.333D-06  1.760D-05   204.75       9.46       4.13    3.945D-06  1.452D-06  1.795D-06
**(rmsgt)**  20  1.518D-06  1.133D-05  9.264D-06  2.241D-05   207.90       7.41       3.78    7.128D-06  2.572D-06  4.357D-06
**(rmsgt)**  19  1.780D-06  1.134D-05  1.120D-05  2.779D-05   213.29       4.12       3.82    1.735D-05  7.040D-06  1.184D-05
**(rmsgt)**  18  1.522D-06  9.756D-06  1.202D-05  3.284D-05   219.22       4.25       3.71    4.413D-05  2.324D-05  3.172D-05
**(rmsgt)**  17  1.081D-06  8.938D-06  1.135D-05  3.554D-05   226.28       7.29       3.15    1.047D-04  6.281D-05  7.526D-05
**(rmsgt)**  16  1.009D-06  8.118D-06  1.002D-05  3.509D-05   234.72       9.45       3.30    2.084D-04  1.187D-04  1.631D-04
**(rmsgt)**  15  8.428D-07  6.939D-06  8.409D-06  3.243D-05   243.08      10.35       3.74    3.838D-04  1.955D-04  3.075D-04
**(rmsgt)**  14  7.872D-07  6.389D-06  6.990D-06  2.872D-05   251.04      10.72       4.22    6.640D-04  3.345D-04  5.133D-04
**(rmsgt)**  13  6.232D-07  6.086D-06  5.901D-06  2.496D-05   257.99      10.90       4.39    1.062D-03  5.915D-04  7.892D-04
**(rmsgt)**  12  6.376D-07  6.077D-06  5.230D-06  2.214D-05   264.02      11.04       4.63    1.589D-03  9.387D-04  1.115D-03
**(rmsgt)**  11  7.312D-07  6.260D-06  4.819D-06  2.032D-05   268.60      10.86       4.58    2.196D-03  1.307D-03  1.465D-03
**(rmsgt)**  10  6.929D-07  6.401D-06  4.519D-06  1.914D-05   272.43      11.01       4.70    2.956D-03  1.793D-03  1.744D-03
**(rmsgt)**   9  6.615D-07  6.407D-06  4.427D-06  1.841D-05   275.82      11.07       4.70    4.029D-03  2.350D-03  1.889D-03
**(rmsgt)**   8  6.730D-07  6.529D-06  4.624D-06  1.830D-05   278.74      11.36       4.72    5.129D-03  2.832D-03  1.983D-03
**(rmsgt)**   7  7.679D-07  7.040D-06  4.983D-06  1.885D-05   281.33      11.80       4.56    6.146D-03  3.189D-03  2.109D-03
**(rmsgt)**   6  9.043D-07  8.370D-06  5.360D-06  2.004D-05   283.62      12.21       4.51    7.179D-03  3.598D-03  2.283D-03
**(rmsgt)**   5  1.262D-06  9.940D-06  5.636D-06  2.155D-05   285.57      12.63       4.37    8.093D-03  4.025D-03  2.488D-03
**(rmsgt)**   4  1.581D-06  1.158D-05  5.779D-06  2.276D-05   287.32      13.02       4.35    8.829D-03  4.411D-03  2.631D-03
**(rmsgt)**   3  1.865D-06  1.301D-05  5.640D-06  2.255D-05   288.70      13.49       4.43    9.569D-03  4.881D-03  2.700D-03
**(rmsgt)**   2  2.204D-06  1.369D-05  4.912D-06  1.975D-05   289.96      13.81       4.51    1.018D-02  5.237D-03  2.731D-03
**(rmsgt)**   1  2.257D-06  1.352D-05  3.574D-06  1.468D-05   290.48      14.26       4.92    1.069D-02  5.465D-03  2.846D-03
**(rmsgt)** AVE  1.113D-06  8.423D-06  7.884D-06  2.471D-05   252.03      10.10       4.35    2.446D-03  2.020D-03  1.378
**(rmsgt)** Log(surface pressure) mean and variance:
**(rmsgt)**  G.M.LNP.= 4.59    ; Z.S.LNP.=0.443D-01; Z.A.LNP.=0.660D-01
**(wridia)** file also contains diagnostics at 18Z of 11/10/2011:
**(globme)**TOTAL PRECIPITATION                      Std.Dev.=   3.3155315; Glob.Mean=   8.7249205    ; in units of Kg M**-2 Day
**-1
**(globme)**CONVECTIVE PRECIPITATION                 Std.Dev.=   2.5131410; Glob.Mean=   8.3250023    ; in units of Kg M**-2 Day
**-1
**(globme)**SENSIBLE HEAT FLUX FROM SURFACE          Std.Dev.=   17.454865; Glob.Mean=   70.717344    ; in units of W M**-2
**(globme)**LATENT HEAT FLUX FROM SURFACE            Std.Dev.=   93.317172; Glob.Mean=   103.30088    ; in units of W M**-2
**(globme)**OUTGOING LONG WAVE AT TOP                Std.Dev.=   243.00330; Glob.Mean=   51.946194    ; in units of W M**-2
**(globme)**SHORT WAVE ABSORBED AT GROUND            Std.Dev.=   178.71480; Glob.Mean=   252.10537    ; in units of W M**-2
**(globme)**NET LONG WAVE AT BOTTOM                  Std.Dev.=   56.045096; Glob.Mean=   40.949248    ; in units of W M**-2
**(Model)** timestep 181 at simulation time 1 days and 21600.0 seconds
**(Model)** timestep 182 at simulation time 1 days and 22200.0 seconds
**(Model)** timestep 183 at simulation time 1 days and 22800.0 seconds
**(Model)** timestep 184 at simulation time 1 days and 23400.0 seconds
**(Model)** timestep 185 at simulation time 1 days and 24000.0 seconds
**(Model)** timestep 186 at simulation time 1 days and 24600.0 seconds
**(Model)** timestep 187 at simulation time 1 days and 25200.0 seconds
**(Model)** timestep 188 at simulation time 1 days and 25800.0 seconds
**(Model)** timestep 189 at simulation time 1 days and 26400.0 seconds
**(Model)** timestep 190 at simulation time 1 days and 27000.0 seconds
**(Model)** timestep 191 at simulation time 1 days and 27600.0 seconds
**(Model)** timestep 192 at simulation time 1 days and 28200.0 seconds
**(Model)** timestep 193 at simulation time 1 days and 28800.0 seconds
**(Model)** timestep 194 at simulation time 1 days and 29400.0 seconds
**(Model)** timestep 195 at simulation time 1 days and 30000.0 seconds
**(Model)** timestep 196 at simulation time 1 days and 30600.0 seconds
**(Model)** timestep 197 at simulation time 1 days and 31200.0 seconds
**(Model)** timestep 198 at simulation time 1 days and 31800.0 seconds
**(opnfct)** writes file GFCTCTR20111010122011101121F.fct.T126L28 at simulation time
**(opnfct)** 1 days and 32400.0 seconds; contains state of the atmosphere at 21Z of 11/10/2011
**(rmsgt)** State of the atmosphere at 21Z of 11/10/2011:
**(rmsgt)** Layers and average means and variances:
**(rmsgt)** LYR  Z.S. DIV.  Z.A. DIV.  Z.S. VOR.  Z.A. VOR.  G.M. TEM.  Z.S. TEM.  Z.A. TEM.  G.M. S.H.  Z.S. S.H.  Z.A. S.H.
**(rmsgt)**  28  1.024D-06  4.238D-06  1.075D-05  2.317D-05   250.48       6.65       5.33    1.687D-06  4.037D-07  1.725D-07
**(rmsgt)**  27  1.833D-06  1.324D-05  1.527D-05  2.171D-05   226.90       4.19       7.34    1.795D-06  7.146D-07  2.032D-07
**(rmsgt)**  26  2.165D-06  1.229D-05  1.454D-05  1.916D-05   221.14       2.17       6.32    1.829D-06  7.950D-07  2.145D-07
**(rmsgt)**  25  1.493D-06  1.103D-05  1.297D-05  1.642D-05   216.90       2.80       5.51    2.017D-06  9.559D-07  2.806D-07
**(rmsgt)**  24  1.449D-06  9.333D-06  1.257D-05  1.474D-05   213.75       3.69       5.10    2.305D-06  1.189D-06  3.469D-07
**(rmsgt)**  23  1.433D-06  8.771D-06  1.062D-05  1.349D-05   210.18       5.44       4.69    2.738D-06  1.356D-06  4.653D-07
**(rmsgt)**  22  1.213D-06  8.612D-06  8.473D-06  1.412D-05   206.29       8.05       4.42    3.193D-06  1.261D-06  7.399D-07
**(rmsgt)**  21  1.317D-06  9.684D-06  8.433D-06  1.744D-05   204.77       9.43       4.15    3.985D-06  1.491D-06  1.923D-06
**(rmsgt)**  20  1.495D-06  1.140D-05  9.394D-06  2.226D-05   207.90       7.37       3.81    7.251D-06  2.634D-06  4.522D-06
**(rmsgt)**  19  1.761D-06  1.111D-05  1.137D-05  2.749D-05   213.31       4.09       3.83    1.759D-05  7.192D-06  1.208D-05
**(rmsgt)**  18  1.499D-06  9.617D-06  1.210D-05  3.245D-05   219.22       4.26       3.70    4.466D-05  2.365D-05  3.241D-05
**(rmsgt)**  17  1.071D-06  8.830D-06  1.137D-05  3.521D-05   226.27       7.29       3.14    1.056D-04  6.277D-05  7.608D-05
**(rmsgt)**  16  1.072D-06  8.025D-06  1.007D-05  3.497D-05   234.70       9.44       3.30    2.097D-04  1.177D-04  1.628D-04
**(rmsgt)**  15  9.624D-07  7.259D-06  8.492D-06  3.230D-05   243.04      10.36       3.75    3.858D-04  1.939D-04  3.054D-04
**(rmsgt)**  14  7.861D-07  6.547D-06  7.030D-06  2.845D-05   251.00      10.72       4.23    6.684D-04  3.312D-04  5.130D-04
**(rmsgt)**  13  6.342D-07  6.082D-06  5.969D-06  2.460D-05   257.95      10.91       4.41    1.065D-03  5.835D-04  7.889D-04
**(rmsgt)**  12  5.487D-07  5.954D-06  5.313D-06  2.190D-05   264.00      11.06       4.65    1.590D-03  9.294D-04  1.112D-03
**(rmsgt)**  11  6.877D-07  6.017D-06  4.875D-06  2.013D-05   268.56      10.86       4.59    2.193D-03  1.296D-03  1.461D-03
**(rmsgt)**  10  6.844D-07  6.231D-06  4.559D-06  1.899D-05   272.37      11.01       4.70    2.947D-03  1.778D-03  1.746D-03
**(rmsgt)**   9  6.683D-07  6.370D-06  4.496D-06  1.829D-05   275.76      11.07       4.71    4.026D-03  2.343D-03  1.899D-03
**(rmsgt)**   8  6.635D-07  6.728D-06  4.755D-06  1.823D-05   278.72      11.37       4.71    5.130D-03  2.827D-03  2.018D-03
**(rmsgt)**   7  8.052D-07  7.261D-06  5.133D-06  1.878D-05   281.33      11.80       4.56    6.144D-03  3.176D-03  2.150D-03
**(rmsgt)**   6  9.751D-07  8.173D-06  5.497D-06  1.999D-05   283.61      12.20       4.50    7.168D-03  3.582D-03  2.321D-03
**(rmsgt)**   5  1.320D-06  9.633D-06  5.768D-06  2.146D-05   285.56      12.60       4.39    8.076D-03  4.003D-03  2.509D-03
**(rmsgt)**   4  1.658D-06  1.128D-05  5.943D-06  2.265D-05   287.28      12.97       4.37    8.816D-03  4.403D-03  2.645D-03
**(rmsgt)**   3  1.944D-06  1.264D-05  5.849D-06  2.249D-05   288.62      13.39       4.47    9.555D-03  4.877D-03  2.695D-03
**(rmsgt)**   2  2.291D-06  1.308D-05  5.152D-06  1.966D-05   289.84      13.69       4.55    1.020D-02  5.260D-03  2.703D-03
**(rmsgt)**   1  2.388D-06  1.288D-05  3.750D-06  1.462D-05   290.15      14.05       5.08    1.073D-02  5.515D-03  2.818D-03
**(rmsgt)** AVE  1.142D-06  8.335D-06  7.946D-06  2.453D-05   252.00      10.09       4.36    2.445D-03  2.016D-03  1.385
**(rmsgt)** Log(surface pressure) mean and variance:
**(rmsgt)**  G.M.LNP.= 4.59    ; Z.S.LNP.=0.444D-01; Z.A.LNP.=0.660D-01
**(wridia)** file also contains diagnostics at 21Z of 11/10/2011:
**(globme)**TOTAL PRECIPITATION                      Std.Dev.=   3.1877851; Glob.Mean=   8.7601868    ; in units of Kg M**-2 Day
**-1
**(globme)**CONVECTIVE PRECIPITATION                 Std.Dev.=   2.3981401; Glob.Mean=   8.3796566    ; in units of Kg M**-2 Day
**-1
**(globme)**SENSIBLE HEAT FLUX FROM SURFACE          Std.Dev.=   11.032180; Glob.Mean=   56.548304    ; in units of W M**-2
**(globme)**LATENT HEAT FLUX FROM SURFACE            Std.Dev.=   88.796136; Glob.Mean=   98.691807    ; in units of W M**-2
**(globme)**OUTGOING LONG WAVE AT TOP                Std.Dev.=   241.79296; Glob.Mean=   50.972441    ; in units of W M**-2
**(globme)**SHORT WAVE ABSORBED AT GROUND            Std.Dev.=   181.93808; Glob.Mean=   265.04919    ; in units of W M**-2
**(globme)**NET LONG WAVE AT BOTTOM                  Std.Dev.=   53.982543; Glob.Mean=   36.225722    ; in units of W M**-2
**(Model)** timestep 199 at simulation time 1 days and 32400.0 seconds
**(Model)** timestep 200 at simulation time 1 days and 33000.0 seconds
**(Model)** timestep 201 at simulation time 1 days and 33600.0 seconds
**(Model)** timestep 202 at simulation time 1 days and 34200.0 seconds
**(Model)** timestep 203 at simulation time 1 days and 34800.0 seconds
**(Model)** timestep 204 at simulation time 1 days and 35400.0 seconds
**(Model)** timestep 205 at simulation time 1 days and 36000.0 seconds
**(Model)** timestep 206 at simulation time 1 days and 36600.0 seconds
**(Model)** timestep 207 at simulation time 1 days and 37200.0 seconds
**(Model)** timestep 208 at simulation time 1 days and 37800.0 seconds
**(Model)** timestep 209 at simulation time 1 days and 38400.0 seconds
**(Model)** timestep 210 at simulation time 1 days and 39000.0 seconds
**(Model)** timestep 211 at simulation time 1 days and 39600.0 seconds
**(Model)** timestep 212 at simulation time 1 days and 40200.0 seconds
**(Model)** timestep 213 at simulation time 1 days and 40800.0 seconds
**(Model)** timestep 214 at simulation time 1 days and 41400.0 seconds
**(Model)** timestep 215 at simulation time 1 days and 42000.0 seconds
**(Model)** timestep 216 at simulation time 1 days and 42600.0 seconds
**(opnfct)** writes file GFCTCTR20111010122011101200F.fct.T126L28 at simulation time
**(opnfct)** 1 days and 43200.0 seconds; contains state of the atmosphere at 00Z of 12/10/2011
**(rmsgt)** State of the atmosphere at 00Z of 12/10/2011:
**(rmsgt)** Layers and average means and variances:
**(rmsgt)** LYR  Z.S. DIV.  Z.A. DIV.  Z.S. VOR.  Z.A. VOR.  G.M. TEM.  Z.S. TEM.  Z.A. TEM.  G.M. S.H.  Z.S. S.H.  Z.A. S.H.
**(rmsgt)**  28  7.085D-07  4.205D-06  1.027D-05  2.318D-05   250.47       6.65       5.25    1.688D-06  4.035D-07  1.737D-07
**(rmsgt)**  27  2.292D-06  1.340D-05  1.522D-05  2.195D-05   226.80       4.33       7.45    1.797D-06  7.117D-07  2.061D-07
**(rmsgt)**  26  2.079D-06  1.217D-05  1.438D-05  1.927D-05   221.10       2.08       6.36    1.831D-06  7.939D-07  2.156D-07
**(rmsgt)**  25  1.123D-06  1.085D-05  1.300D-05  1.658D-05   216.90       2.81       5.59    2.020D-06  9.576D-07  2.823D-07
**(rmsgt)**  24  1.206D-06  9.295D-06  1.270D-05  1.465D-05   213.80       3.64       5.17    2.304D-06  1.188D-06  3.511D-07
**(rmsgt)**  23  1.112D-06  8.761D-06  1.065D-05  1.350D-05   210.23       5.38       4.74    2.737D-06  1.352D-06  4.698D-07
**(rmsgt)**  22  9.932D-07  8.411D-06  8.457D-06  1.420D-05   206.32       8.02       4.44    3.210D-06  1.270D-06  7.767D-07
**(rmsgt)**  21  1.040D-06  9.449D-06  8.440D-06  1.750D-05   204.78       9.40       4.18    4.023D-06  1.519D-06  1.992D-06
**(rmsgt)**  20  1.467D-06  1.139D-05  9.469D-06  2.227D-05   207.91       7.35       3.85    7.340D-06  2.673D-06  4.629D-06
**(rmsgt)**  19  1.698D-06  1.071D-05  1.148D-05  2.721D-05   213.33       4.07       3.84    1.780D-05  7.291D-06  1.230D-05
**(rmsgt)**  18  1.598D-06  9.499D-06  1.220D-05  3.207D-05   219.23       4.27       3.69    4.537D-05  2.395D-05  3.335D-05
**(rmsgt)**  17  1.127D-06  8.411D-06  1.143D-05  3.486D-05   226.25       7.30       3.12    1.066D-04  6.268D-05  7.815D-05
**(rmsgt)**  16  1.057D-06  7.749D-06  1.013D-05  3.477D-05   234.66       9.44       3.31    2.112D-04  1.170D-04  1.639D-04
**(rmsgt)**  15  9.651D-07  7.235D-06  8.530D-06  3.208D-05   242.99      10.37       3.77    3.878D-04  1.925D-04  3.060D-04
**(rmsgt)**  14  7.334D-07  6.595D-06  7.063D-06  2.817D-05   250.95      10.73       4.25    6.731D-04  3.275D-04  5.149D-04
**(rmsgt)**  13  6.250D-07  6.147D-06  6.004D-06  2.439D-05   257.91      10.92       4.43    1.068D-03  5.743D-04  7.891D-04
**(rmsgt)**  12  6.338D-07  6.089D-06  5.312D-06  2.174D-05   263.96      11.07       4.67    1.591D-03  9.175D-04  1.109D-03
**(rmsgt)**  11  7.064D-07  6.241D-06  4.885D-06  1.998D-05   268.50      10.85       4.60    2.192D-03  1.284D-03  1.460D-03
**(rmsgt)**  10  6.074D-07  6.493D-06  4.627D-06  1.876D-05   272.30      11.00       4.71    2.939D-03  1.764D-03  1.751D-03
**(rmsgt)**   9  5.407D-07  6.503D-06  4.606D-06  1.803D-05   275.70      11.06       4.71    4.022D-03  2.335D-03  1.917D-03
**(rmsgt)**   8  5.749D-07  6.756D-06  4.871D-06  1.804D-05   278.67      11.36       4.72    5.127D-03  2.817D-03  2.048D-03
**(rmsgt)**   7  8.139D-07  7.142D-06  5.253D-06  1.868D-05   281.29      11.80       4.57    6.128D-03  3.161D-03  2.176D-03
**(rmsgt)**   6  1.108D-06  8.000D-06  5.642D-06  1.994D-05   283.56      12.17       4.51    7.147D-03  3.564D-03  2.345D-03
**(rmsgt)**   5  1.411D-06  9.123D-06  5.972D-06  2.151D-05   285.47      12.55       4.43    8.048D-03  3.983D-03  2.526D-03
**(rmsgt)**   4  1.724D-06  1.061D-05  6.192D-06  2.273D-05   287.17      12.89       4.42    8.791D-03  4.388D-03  2.652D-03
**(rmsgt)**   3  2.034D-06  1.186D-05  6.132D-06  2.244D-05   288.45      13.26       4.50    9.569D-03  4.898D-03  2.677D-03
**(rmsgt)**   2  2.381D-06  1.213D-05  5.387D-06  1.946D-05   289.64      13.56       4.58    1.023D-02  5.297D-03  2.673D-03
**(rmsgt)**   1  2.508D-06  1.171D-05  3.887D-06  1.432D-05   289.90      13.90       5.14    1.078D-02  5.557D-03  2.808D-03
**(rmsgt)** AVE  1.131D-06  8.184D-06  8.006D-06  2.435D-05   251.96      10.07       4.37    2.443D-03  2.013D-03  1.391
**(rmsgt)** Log(surface pressure) mean and variance:
**(rmsgt)**  G.M.LNP.= 4.59    ; Z.S.LNP.=0.445D-01; Z.A.LNP.=0.659D-01
**(wridia)** file also contains diagnostics at 00Z of 12/10/2011:
**(globme)**TOTAL PRECIPITATION                      Std.Dev.=   3.0177021; Glob.Mean=   8.4941384    ; in units of Kg M**-2 Day
**-1
**(globme)**CONVECTIVE PRECIPITATION                 Std.Dev.=   2.2045131; Glob.Mean=   8.0731761    ; in units of Kg M**-2 Day
**-1
**(globme)**SENSIBLE HEAT FLUX FROM SURFACE          Std.Dev.=   4.4754818; Glob.Mean=   33.815890    ; in units of W M**-2
**(globme)**LATENT HEAT FLUX FROM SURFACE            Std.Dev.=   83.471030; Glob.Mean=   93.950201    ; in units of W M**-2
**(globme)**OUTGOING LONG WAVE AT TOP                Std.Dev.=   241.75483; Glob.Mean=   49.844270    ; in units of W M**-2
**(globme)**SHORT WAVE ABSORBED AT GROUND            Std.Dev.=   185.04440; Glob.Mean=   266.85659    ; in units of W M**-2
**(globme)**NET LONG WAVE AT BOTTOM                  Std.Dev.=   51.500820; Glob.Mean=   33.659935    ; in units of W M**-2
**(DestroyParallelism)** Process 0 ***MODEL EXECUTION ENDS NORMALY***

MPI Program Information:
========================
Note: It is measured from MPI_Init till MPI_Finalize.
      [U,R] specifies the Universe and the Process Rank in the Universe.

 * The  /gfs/dk22/modoper/tempo/global/oens/model/datain/desirtable file exists*
 SST:  IFSST=-1  MAX,MIN=  290.00     -303.22    

 From Nlnmi :
 n =   1 HnCut =  1000.00 Hn =  9766.75
 n =   2 HnCut =  1000.00 Hn =  4582.61
 n =   3 HnCut =  1000.00 Hn =  1601.91

 mods =   3 niter =   3

Global Data of 2 processes  :          Min [U,R]          Max [U,R]      Average
==========================

Real   Time (sec)           :      372.822 [0,1]      372.841 [0,0]      372.832
User   Time (sec)           :      313.453 [0,0]      338.030 [0,1]      325.741
System Time (sec)           :        6.769 [0,1]       15.055 [0,0]       10.912
Vector Time (sec)           :      273.405 [0,0]      295.222 [0,1]      284.314
Instruction Count           :  31423603970 [0,0]  31519130199 [0,1]  31471367085
Vector Instruction Count    :  10321202578 [0,0]  10656097392 [0,1]  10488649985
Vector Element Count        : 1957307140946 [0,0] 1991119780166 [0,1] 1974213460556
FLOP Count                  : 854702982804 [0,0] 869874620468 [0,1] 862288801636
MOPS                        :     5952.086 [0,1]     6311.662 [0,0]     6131.874
MFLOPS                      :     2573.366 [0,1]     2726.734 [0,0]     2650.050
Average Vector Length       :      186.853 [0,1]      189.639 [0,0]      188.246
Vector Operation Ratio (%)  :       98.933 [0,0]       98.963 [0,1]       98.948
Memory size used (MB)       :      901.338 [0,0]      901.994 [0,1]      901.666
MIPS                        :       93.244 [0,1]      100.250 [0,0]       96.747
Instruction Cache miss (sec):        9.488 [0,0]        9.507 [0,1]        9.498
Operand     Cache miss (sec):        5.636 [0,1]        5.674 [0,0]        5.655
Bank     Conflict Time (sec):        2.385 [0,0]        3.098 [0,1]        2.742


Overall Data:
=============

Real   Time (sec)           :      372.841
User   Time (sec)           :      651.483
System Time (sec)           :       21.824
Vector Time (sec)           :      568.627
GOPS   (rel. to User Time)  :       12.250
GFLOPS (rel. to User Time)  :        5.294
Memory size used (GB)       :        1.761

logout
