stty: : Invalid argument
vt100
resize:  can't open terminal /dev/tty
======================================
Welcome to tupan00: SUPER-UX 14.1 SX-6
Today is Mon Oct 10 04:16:37 GMT 2011
======================================
cp: ERROR: Cannot access /gfs/dk20/modoper/tempo/global/glbT126/model/datain/sstwkl.20111010: No such file or directory
cp: ERROR: Cannot access /gfs/dk20/modoper/tempo/global/glbT126/model/datain/orgwav.T126: No such file or directory

+++
+++ runrecanl1.sx6 run 126 28 ANLAVN 2011101000
+++

sx6
Inter
11101004:16
out
/gfs/home3/modoper/tempo/global/oens
/gfs/home3/modoper/tempo/global/oens
/gfs/dk22/modoper/tempo/global/oens
/gfs/dk22/modoper/tempo/global/oens/model/datain
/gfs/home3/modoper/tempo/global/oens/run/setrecanl.1.ANLAVNT126L28.sx6
Date: 20111010
Hour: 04:16
ANLAVN
2011101000

GANLAVN
GANLAVN
GANLAVN
S.unf
S.unf
R.unf
/gfs/home3/modoper/tempo/global/oens
/gfs/home3/modoper/tempo/global/oens
/gfs/dk22/modoper/tempo/global/oens
/gfs/dk22/modoper/tempo/global/oens/model/datain
run
run
GANLAVN2011101000S.unf.T126L28
/gfs/home3/modoper/tempo/global/oens/recanl/datain/GANLAVN2011101000S.unf.T126L28
+ echo Recomposition  -x-  RUNNING ...
Recomposition  -x-  RUNNING ...
+ source=/gfs/home3/modoper/tempo/global/oens/recanl/source
+ bin=/gfs/home3/modoper/tempo/global/oens/recanl/bin/T126L28
+ input=/gfs/home3/modoper/tempo/global/oens/recanl/datain
+ out=/gfs/home3/modoper/tempo/global/oens/recanl/output
+ echo run
run
+ [ run = make ]
+ echo run
run
+ [ run = clean ]
+ cd /gfs/home3/modoper/tempo/global/oens/recanl/bin/T126L28
+ echo ./recanl.T126L28 < /gfs/home3/modoper/tempo/global/oens/recanl/datain/recanlANLAVN.nml > /gfs/home3/modoper/tempo/global/oens/recanl/output/recanl.out.2011101000.04:16.T126L28
./recanl.T126L28 < /gfs/home3/modoper/tempo/global/oens/recanl/datain/recanlANLAVN.nml > /gfs/home3/modoper/tempo/global/oens/recanl/output/recanl.out.2011101000.04:16.T126L28
+ ./recanl.T126L28
+ 0< /gfs/home3/modoper/tempo/global/oens/recanl/datain/recanlANLAVN.nml 1> /gfs/home3/modoper/tempo/global/oens/recanl/output/recanl.out.2011101000.04:16.T126L28
 
 
     ******  Program Information  ******
  Real Time (sec)       :          5.328761
  User Time (sec)       :          4.119884
  Sys  Time (sec)       :          0.052727
  Vector Time (sec)     :          0.341169
  Inst. Count           :        1596949068.
  V. Inst. Count        :          16042610.
  V. Element Count      :        1286735581.
  FLOP Count            :         534711132.
  MOPS                  :        696.049285
  MFLOPS                :        129.787922
  VLEN                  :         80.207372
  V. Op. Ratio (%)      :         44.870858
  Memory Size (MB)      :        192.031250
  MIPS                  :        387.619947
  I-Cache (sec)         :          0.000861
  O-Cache (sec)         :          0.864367
  Bank (sec)            :          0.001190
 
  Start Time (date)  :  2011/10/10 04:16:38
  End   Time (date)  :  2011/10/10 04:16:43

+++
+++ runrdpt1.sx6 run 07 126 28 2011101000 NO
+++

sx6
Inter
2011101004:16
out
/gfs/home3/modoper/tempo/global/oens
/gfs/home3/modoper/tempo/global/oens
/gfs/dk22/modoper/tempo/global/oens
/gfs/dk22/modoper/tempo/global/oens/model/datain
/gfs/home3/modoper/tempo/global/oens/run/setrdpt.1.T126L28.sx6
Date: 20111010
Hour: 04:16
2011101000 07
/gfs/home3/modoper/tempo/global/oens
/gfs/home3/modoper/tempo/global/oens
/gfs/dk22/modoper/tempo/global/oens
/gfs/dk22/modoper/tempo/global/oens/model/datain
cp  /gfs/dk22/modoper/tempo/global/oens/recanl/dataout/T126L28/GANLAVN2011101000R.unf.T126L28 /gfs/dk22/modoper/tempo/global/oens/model/datain
run
run
+ echo Random Perturbation  -x-  RUNNING ...
Random Perturbation  -x-  RUNNING ...
+ source=/gfs/home3/modoper/tempo/global/oens/rdpert/source
+ bin=/gfs/home3/modoper/tempo/global/oens/rdpert/bin/T126L28
+ input=/gfs/home3/modoper/tempo/global/oens/rdpert/datain
+ out=/gfs/home3/modoper/tempo/global/oens/rdpert/output
+ echo run
run
+ [ run = make ]
+ echo run
run
+ [ run = clean ]
+ cd /gfs/home3/modoper/tempo/global/oens/rdpert/bin/T126L28
+ ./rdpert.T126L28
+ 0< /gfs/home3/modoper/tempo/global/oens/rdpert/datain/rdpert.nml 1> /gfs/home3/modoper/tempo/global/oens/rdpert/output/rdpert.out.2011101000.04:16.T126L28
 
 
     ******  Program Information  ******
  Real Time (sec)       :         56.780257
  User Time (sec)       :         47.039195
  Sys  Time (sec)       :          0.320384
  Vector Time (sec)     :          0.292297
  Inst. Count           :       11892323917.
  V. Inst. Count        :           8723442.
  V. Element Count      :        2218673340.
  FLOP Count            :        2547977663.
  MOPS                  :        299.798366
  MFLOPS                :         54.167119
  VLEN                  :        254.334624
  V. Op. Ratio (%)      :         15.732735
  Memory Size (MB)      :        192.031250
  MIPS                  :        252.817334
  I-Cache (sec)         :          0.008512
  O-Cache (sec)         :          8.692520
  Bank (sec)            :          0.000000
 
  Start Time (date)  :  2011/10/10 04:16:48
  End   Time (date)  :  2011/10/10 04:17:45

+++
+++ rundrpt1.sx6 run 07 126 28 2011101000 NO
+++

sx6
Inter
2011101004:17
out
/gfs/home3/modoper/tempo/global/oens
/gfs/home3/modoper/tempo/global/oens
/gfs/dk22/modoper/tempo/global/oens
/gfs/dk22/modoper/tempo/global/oens/model/datain
/gfs/home3/modoper/tempo/global/oens/run/setdrpt.1.T126L28.sx6
Date: 20111010
Hour: 04:17
2011101000
/gfs/home3/modoper/tempo/global/oens
/gfs/home3/modoper/tempo/global/oens
/gfs/dk22/modoper/tempo/global/oens
/gfs/dk22/modoper/tempo/global/oens/model/datain
run
run
+ echo Decomposition  -x-  RUNNING ...
Decomposition  -x-  RUNNING ...
+ source=/gfs/home3/modoper/tempo/global/oens/decanl/source
+ bin=/gfs/home3/modoper/tempo/global/oens/decanl/bin/T126L28
+ input=/gfs/home3/modoper/tempo/global/oens/decanl/datain
+ out=/gfs/home3/modoper/tempo/global/oens/decanl/output
+ echo run
run
+ [ run = make ]
+ echo run
run
+ [ run = clean ]
+ cd /gfs/home3/modoper/tempo/global/oens/decanl/bin/T126L28
+ ./decanl.T126L28
+ 0< /gfs/home3/modoper/tempo/global/oens/decanl/datain/decanl.nml 1> /gfs/home3/modoper/tempo/global/oens/decanl/output/decanl.2011101000.04:17.T126L28
 
 
     ******  Program Information  ******
  Real Time (sec)       :          2.676650
  User Time (sec)       :          0.820111
  Sys  Time (sec)       :          0.057978
  Vector Time (sec)     :          0.628370
  Inst. Count           :         173578589.
  V. Inst. Count        :          21078077.
  V. Element Count      :        2292782609.
  FLOP Count            :         590251095.
  MOPS                  :       2981.649875
  MFLOPS                :        719.721201
  VLEN                  :        108.775701
  V. Op. Ratio (%)      :         93.763482
  Memory Size (MB)      :        192.031250
  MIPS                  :        211.652620
  I-Cache (sec)         :          0.000831
  O-Cache (sec)         :          0.026747
  Bank (sec)            :          0.015384
 
  Start Time (date)  :  2011/10/10 04:17:46
  End   Time (date)  :  2011/10/10 04:17:49
1
+ echo Decomposition  -x-  RUNNING ...
Decomposition  -x-  RUNNING ...
+ source=/gfs/home3/modoper/tempo/global/oens/decanl/source
+ bin=/gfs/home3/modoper/tempo/global/oens/decanl/bin/T126L28
+ input=/gfs/home3/modoper/tempo/global/oens/decanl/datain
+ out=/gfs/home3/modoper/tempo/global/oens/decanl/output
+ echo run
run
+ [ run = make ]
+ echo run
run
+ [ run = clean ]
+ cd /gfs/home3/modoper/tempo/global/oens/decanl/bin/T126L28
+ ./decanl.T126L28
+ 0< /gfs/home3/modoper/tempo/global/oens/decanl/datain/decanl.nml 1> /gfs/home3/modoper/tempo/global/oens/decanl/output/decanl.2011101000.04:17.T126L28
 
 
     ******  Program Information  ******
  Real Time (sec)       :          1.828329
  User Time (sec)       :          0.820106
  Sys  Time (sec)       :          0.053934
  Vector Time (sec)     :          0.628362
  Inst. Count           :         173578589.
  V. Inst. Count        :          21078077.
  V. Element Count      :        2292782609.
  FLOP Count            :         590251095.
  MOPS                  :       2981.667166
  MFLOPS                :        719.725374
  VLEN                  :        108.775701
  V. Op. Ratio (%)      :         93.763482
  Memory Size (MB)      :        192.031250
  MIPS                  :        211.653847
  I-Cache (sec)         :          0.000833
  O-Cache (sec)         :          0.026756
  Bank (sec)            :          0.015384
 
  Start Time (date)  :  2011/10/10 04:17:49
  End   Time (date)  :  2011/10/10 04:17:51
2
+ echo Decomposition  -x-  RUNNING ...
Decomposition  -x-  RUNNING ...
+ source=/gfs/home3/modoper/tempo/global/oens/decanl/source
+ bin=/gfs/home3/modoper/tempo/global/oens/decanl/bin/T126L28
+ input=/gfs/home3/modoper/tempo/global/oens/decanl/datain
+ out=/gfs/home3/modoper/tempo/global/oens/decanl/output
+ echo run
run
+ [ run = make ]
+ echo run
run
+ [ run = clean ]
+ cd /gfs/home3/modoper/tempo/global/oens/decanl/bin/T126L28
+ ./decanl.T126L28
+ 0< /gfs/home3/modoper/tempo/global/oens/decanl/datain/decanl.nml 1> /gfs/home3/modoper/tempo/global/oens/decanl/output/decanl.2011101000.04:17.T126L28
 
 
     ******  Program Information  ******
  Real Time (sec)       :          1.796705
  User Time (sec)       :          0.819961
  Sys  Time (sec)       :          0.054517
  Vector Time (sec)     :          0.628487
  Inst. Count           :         173578589.
  V. Inst. Count        :          21078077.
  V. Element Count      :        2292782609.
  FLOP Count            :         590251095.
  MOPS                  :       2982.195434
  MFLOPS                :        719.852889
  VLEN                  :        108.775701
  V. Op. Ratio (%)      :         93.763482
  Memory Size (MB)      :        192.031250
  MIPS                  :        211.691346
  I-Cache (sec)         :          0.000844
  O-Cache (sec)         :          0.026754
  Bank (sec)            :          0.015385
 
  Start Time (date)  :  2011/10/10 04:17:51
  End   Time (date)  :  2011/10/10 04:17:53
3
+ echo Decomposition  -x-  RUNNING ...
Decomposition  -x-  RUNNING ...
+ source=/gfs/home3/modoper/tempo/global/oens/decanl/source
+ bin=/gfs/home3/modoper/tempo/global/oens/decanl/bin/T126L28
+ input=/gfs/home3/modoper/tempo/global/oens/decanl/datain
+ out=/gfs/home3/modoper/tempo/global/oens/decanl/output
+ echo run
run
+ [ run = make ]
+ echo run
run
+ [ run = clean ]
+ cd /gfs/home3/modoper/tempo/global/oens/decanl/bin/T126L28
+ ./decanl.T126L28
+ 0< /gfs/home3/modoper/tempo/global/oens/decanl/datain/decanl.nml 1> /gfs/home3/modoper/tempo/global/oens/decanl/output/decanl.2011101000.04:17.T126L28
 
 
     ******  Program Information  ******
  Real Time (sec)       :          1.811891
  User Time (sec)       :          0.820183
  Sys  Time (sec)       :          0.054325
  Vector Time (sec)     :          0.628439
  Inst. Count           :         173578589.
  V. Inst. Count        :          21078077.
  V. Element Count      :        2292782609.
  FLOP Count            :         590251095.
  MOPS                  :       2981.388777
  MFLOPS                :        719.658176
  VLEN                  :        108.775701
  V. Op. Ratio (%)      :         93.763482
  Memory Size (MB)      :        192.031250
  MIPS                  :        211.634086
  I-Cache (sec)         :          0.000843
  O-Cache (sec)         :          0.026765
  Bank (sec)            :          0.015384
 
  Start Time (date)  :  2011/10/10 04:17:53
  End   Time (date)  :  2011/10/10 04:17:55
4
+ echo Decomposition  -x-  RUNNING ...
Decomposition  -x-  RUNNING ...
+ source=/gfs/home3/modoper/tempo/global/oens/decanl/source
+ bin=/gfs/home3/modoper/tempo/global/oens/decanl/bin/T126L28
+ input=/gfs/home3/modoper/tempo/global/oens/decanl/datain
+ out=/gfs/home3/modoper/tempo/global/oens/decanl/output
+ echo run
run
+ [ run = make ]
+ echo run
run
+ [ run = clean ]
+ cd /gfs/home3/modoper/tempo/global/oens/decanl/bin/T126L28
+ ./decanl.T126L28
+ 0< /gfs/home3/modoper/tempo/global/oens/decanl/datain/decanl.nml 1> /gfs/home3/modoper/tempo/global/oens/decanl/output/decanl.2011101000.04:17.T126L28
 
 
     ******  Program Information  ******
  Real Time (sec)       :          1.889572
  User Time (sec)       :          0.820078
  Sys  Time (sec)       :          0.054233
  Vector Time (sec)     :          0.628391
  Inst. Count           :         173578589.
  V. Inst. Count        :          21078077.
  V. Element Count      :        2292782609.
  FLOP Count            :         590251095.
  MOPS                  :       2981.769617
  MFLOPS                :        719.750104
  VLEN                  :        108.775701
  V. Op. Ratio (%)      :         93.763482
  Memory Size (MB)      :        192.031250
  MIPS                  :        211.661119
  I-Cache (sec)         :          0.000859
  O-Cache (sec)         :          0.026760
  Bank (sec)            :          0.015383
 
  Start Time (date)  :  2011/10/10 04:17:55
  End   Time (date)  :  2011/10/10 04:17:57
5
+ echo Decomposition  -x-  RUNNING ...
Decomposition  -x-  RUNNING ...
+ source=/gfs/home3/modoper/tempo/global/oens/decanl/source
+ bin=/gfs/home3/modoper/tempo/global/oens/decanl/bin/T126L28
+ input=/gfs/home3/modoper/tempo/global/oens/decanl/datain
+ out=/gfs/home3/modoper/tempo/global/oens/decanl/output
+ echo run
run
+ [ run = make ]
+ echo run
run
+ [ run = clean ]
+ cd /gfs/home3/modoper/tempo/global/oens/decanl/bin/T126L28
+ ./decanl.T126L28
+ 0< /gfs/home3/modoper/tempo/global/oens/decanl/datain/decanl.nml 1> /gfs/home3/modoper/tempo/global/oens/decanl/output/decanl.2011101000.04:17.T126L28
 
 
     ******  Program Information  ******
  Real Time (sec)       :          2.048221
  User Time (sec)       :          0.820199
  Sys  Time (sec)       :          0.054590
  Vector Time (sec)     :          0.628442
  Inst. Count           :         173578589.
  V. Inst. Count        :          21078077.
  V. Element Count      :        2292782609.
  FLOP Count            :         590251095.
  MOPS                  :       2981.328073
  MFLOPS                :        719.643523
  VLEN                  :        108.775701
  V. Op. Ratio (%)      :         93.763482
  Memory Size (MB)      :        192.031250
  MIPS                  :        211.629776
  I-Cache (sec)         :          0.000850
  O-Cache (sec)         :          0.026772
  Bank (sec)            :          0.015383
 
  Start Time (date)  :  2011/10/10 04:17:57
  End   Time (date)  :  2011/10/10 04:17:59
6
+ echo Decomposition  -x-  RUNNING ...
Decomposition  -x-  RUNNING ...
+ source=/gfs/home3/modoper/tempo/global/oens/decanl/source
+ bin=/gfs/home3/modoper/tempo/global/oens/decanl/bin/T126L28
+ input=/gfs/home3/modoper/tempo/global/oens/decanl/datain
+ out=/gfs/home3/modoper/tempo/global/oens/decanl/output
+ echo run
run
+ [ run = make ]
+ echo run
run
+ [ run = clean ]
+ cd /gfs/home3/modoper/tempo/global/oens/decanl/bin/T126L28
+ ./decanl.T126L28
+ 0< /gfs/home3/modoper/tempo/global/oens/decanl/datain/decanl.nml 1> /gfs/home3/modoper/tempo/global/oens/decanl/output/decanl.2011101000.04:17.T126L28
 
 
     ******  Program Information  ******
  Real Time (sec)       :          1.848034
  User Time (sec)       :          0.819855
  Sys  Time (sec)       :          0.054329
  Vector Time (sec)     :          0.628427
  Inst. Count           :         173578589.
  V. Inst. Count        :          21078077.
  V. Element Count      :        2292782609.
  FLOP Count            :         590251095.
  MOPS                  :       2982.581093
  MFLOPS                :        719.945981
  VLEN                  :        108.775701
  V. Op. Ratio (%)      :         93.763482
  Memory Size (MB)      :        192.031250
  MIPS                  :        211.718722
  I-Cache (sec)         :          0.000845
  O-Cache (sec)         :          0.026728
  Bank (sec)            :          0.015384
 
  Start Time (date)  :  2011/10/10 04:17:59
  End   Time (date)  :  2011/10/10 04:18:01
7

+++
+++ runctrpntg.sx6 126 28 2011101000 2011101112 sstwkl
+++

logout
