 File 100: ensmed.2011101012.nml
 nbyte   :   2
 nfctdy  :   15
 freqcalc:   6
 nmembers:   15
 imax    :   384
 jmax    :   192
 dirin   : /gfs/dk22/modoper/tempo/global/oens/pos/dataout/T126L28/                                            
 dirout  : /gfs/dk22/modoper/tempo/global/oens/ensmed/dataout/T126L28/                                         
 resol   : T126L28                                                                                                                    
                                                                              
 prefx   : AVN                                                                                                                        
                                                                              

FCT DATES:
fctdate(1):2011101012
fctdate(2):2011101012
fctdate(           3):2011101018
fctdate(           4):2011101100
fctdate(           5):2011101106
fctdate(           6):2011101112
fctdate(           7):2011101118
fctdate(           8):2011101200
fctdate(           9):2011101206
fctdate(          10):2011101212
fctdate(          11):2011101218
fctdate(          12):2011101300
fctdate(          13):2011101306
fctdate(          14):2011101312
fctdate(          15):2011101318
fctdate(          16):2011101400
fctdate(          17):2011101406
fctdate(          18):2011101412
fctdate(          19):2011101418
fctdate(          20):2011101500
fctdate(          21):2011101506
fctdate(          22):2011101512
fctdate(          23):2011101518
fctdate(          24):2011101600
fctdate(          25):2011101606
fctdate(          26):2011101612
fctdate(          27):2011101618
fctdate(          28):2011101700
fctdate(          29):2011101706
fctdate(          30):2011101712
fctdate(          31):2011101718
fctdate(          32):2011101800
fctdate(          33):2011101806
fctdate(          34):2011101812
fctdate(          35):2011101818
fctdate(          36):2011101900
fctdate(          37):2011101906
fctdate(          38):2011101912
fctdate(          39):2011101918
fctdate(          40):2011102000
fctdate(          41):2011102006
fctdate(          42):2011102012
fctdate(          43):2011102018
fctdate(          44):2011102100
fctdate(          45):2011102106
fctdate(          46):2011102112
fctdate(          47):2011102118
fctdate(          48):2011102200
fctdate(          49):2011102206
fctdate(          50):2011102212
fctdate(          51):2011102218
fctdate(          52):2011102300
fctdate(          53):2011102306
fctdate(          54):2011102312
fctdate(          55):2011102318
fctdate(          56):2011102400
fctdate(          57):2011102406
fctdate(          58):2011102412
fctdate(          59):2011102418
fctdate(          60):2011102500
fctdate(          61):2011102506
fctdate(          62):2011102512
 FILE10: /gfs/dk22/modoper/tempo/global/oens/ensmed/dataout/T126L28/GPOSENM20111010122011102512P.fct.T126L28.lst
 FILE11: /gfs/dk22/modoper/tempo/global/oens/pos/dataout/T126L28/GPOSAVN20111010122011101 FILE11: /gfs/dk22/modoper/tempo/global/oens/pos/dataout/T126L28/GPOSAVN20111010122011101012P.icn.T126L28.ctl
 FILE19: /gfs/dk22/modop BAOPEN OK  File:   20  /gfs/dk22/modoper/tempo/global/oens/ensmed/dataout/T126L28/GPOSEN BAOPEN OK  File:   20  /gfs/dk22/modoper/tempo/g BAOPEN OK  File:  21  /gfs/dk22/modoper/tempo/global/oens/pos/dataout/T126L28/GPOS01P201 BAOPEN OK  File:  21  /gfs/dk22/modoper/temp BAOPEN OK  File:  22  /gfs/dk22/modoper/tempo/global/oens/pos/dataout/T126L28/GPOS02P201 BAOPEN OK  File:  22  /gfs/dk22/modoper/temp BAOPEN OK  File:  23  /gfs/dk22/modoper/tempo/global/oens/pos/dataout/T126L28/GPOS03P201 BAOPEN OK  File:  23  /gfs/dk22/modoper/temp BAOPEN OK  File:  24  /gfs/dk22/modoper/tempo/global/oens/pos/dataout/T126L28/GPOS04P201 BAOPEN OK  File:  24  /gfs/dk22/modoper/temp BAOPEN OK  File:  25  /gfs/dk22/modoper/tempo/global/oens/pos/dataout/T126L28/GPOS05P201 BAOPEN OK  File:  25  /gfs/dk22/modoper/temp BAOPEN OK  File:  26  /gfs/dk22/modoper/tempo/global/oens/pos/dataout/T126L28/GPOS06P201 BAOPEN OK  File:  26  /gfs/dk22/modoper/temp BAOPEN OK  File:  27  /gfs/dk22/modoper/tempo/global/oens/pos/dataout/T126L28/GPOS07P201 BAOPEN OK  File:  27  /gfs/dk22/modoper/temp BAOPEN OK  File:  28  /gfs/dk22/modoper/tempo/global/oens/pos/dataout/T126L28/GPOS01N201 BAOPEN OK  File:  28  /gfs/dk22/modoper/temp BAOPEN OK  File:  29  /gfs/dk22/modoper/tempo/global/oens/pos/dataout/T126L28/GPOS02N201 BAOPEN OK  File:  29  /gfs/dk22/modoper/temp BAOPEN OK  File:  30  /gfs/dk22/modoper/tempo/global/oens/pos/dataout/T126L28/GPOS03N201 BAOPEN OK  File:  30  /gfs/dk22/modoper/temp BAOPEN OK  File:  31  /gfs/dk22/modoper/tempo/global/oens/pos/dataout/T126L28/GPOS04N201 BAOPEN OK  File:  31  /gfs/dk22/modoper/temp BAOPEN OK  File:  32  /gfs/dk22/modoper/tempo/global/oens/pos/dataout/T126L28/GPOS05N201 BAOPEN OK  File:  32  /gfs/dk22/modoper/temp BAOPEN OK  File:  33  /gfs/dk22/modoper/tempo/global/oens/pos/dataout/T126L28/GPOS06N201 BAOPEN OK  File:  33  /gfs/dk22/modoper/temp BAOPEN OK  File:  34  /gfs/dk22/modoper/tempo/global/oens/pos/dataout/T126L28/GPOS07N201 BAOPEN OK  File:  34  /gfs/dk22/modoper/temp BAOPEN OK  File:  35  /gfs/dk22/modoper/tempo/global/oens/pos/dataout/T126L28/GPOSAVN20111010122011101406P.fct.T126L28.grb  ierr:  0
 irec:  196
 FILE11: /gfs/dk22/modoper/tempo/global/oens/pos/dataout/T126L28/GPOSAVN20111010122011101412P.fct.T126L28.ctl
 FILE19: /gfs/dk22/modoper/tempo/global/oens/ensmed/dataout/T126L28/GPOSENM20111010122011101412P.fct.T126L28.ctl
 BAOPEN OK  File:   20  /gfs/dk22/modoper/tempo/global/oens/ensmed/dataout/T126L28/GPOSENM20111010122011101412P.fct.T126L28.grb  ierr:
 0
 BAOPEN OK  File:  21  /gfs/dk22/modoper/tempo/global/oens/pos/dataout/T126L28/GPOS01P20111010122011101412P.fct.T126L28.grb  ierr:  0
 BAOPEN OK  File:  22  /gfs/dk22/modoper/tempo/global/oens/pos/dataout/T126L28/GPOS02P20111010122011101412P.fct.T126L28.grb  ierr:  0
 BAOPEN OK  File:  23  /gfs/dk22/modoper/tempo/global/oens/pos/dataout/T126L28/GPOS03P20111010122011101412P.fct.T126L28.grb  ierr:  0
 BAOPEN OK  File:  24  /gfs/dk22/modoper/tempo/global/oens/pos/dataout/T126L28/GPOS04P20111010122011101412P.fct.T126L28.grb  ierr:  0
 BAOPEN OK  File:  25  /gfs/dk22/modoper/tempo/global/oens/pos/dataout/T126L28/GPOS05P20111010122011101412P.fct.T126L28.grb  ierr:  0
 BAOPEN OK  File:  26  /gfs/dk22/modoper/tempo/global/oens/pos/dataout/T126L28/GPOS06P20111010122011101412P.fct.T126L28.grb  ierr:  0
 BAOPEN OK  File:  27  /gfs/dk22/modoper/tempo/global/oens/pos/dataout/T126L28/GPOS07P20111010122011101412P.fct.T126L28.grb  ierr:  0
 BAOPEN OK  File:  28  /gfs/dk22/modoper/tempo/global/oens/pos/dataout/T126L28/GPOS01N20111010122011101412P.fct.T126L28.grb  ierr:  0
 BAOPEN OK  File:  29  /gfs/dk22/modoper/tempo/global/oens/pos/dataout/T126L28/GPOS02N20111010122011101412P.fct.T126L28.grb  ierr:  0
 BAOPEN OK  File:  30  /gfs/dk22/modoper/tempo/global/oens/pos/dataout/T126L28/GPOS03N20111010122011101412P.fct.T126L28.grb  ierr:  0
 BAOPEN OK  File:  31  /gfs/dk22/modoper/tempo/global/oens/pos/dataout/T126L28/GPOS04N20111010122011101412P.fct.T126L28.grb  ierr:  0
 BAOPEN OK  File:  32  /gfs/dk22/modoper/tempo/global/oens/pos/dataout/T126L28/GPOS05N20111010122011101412P.fct.T126L28.grb  ierr:  0
 BAOPEN OK  File:  33  /gfs/dk22/modoper/tempo/global/oens/pos/dataout/T126L28/GPOS06N20111010122011101412P.fct.T126L28.grb  ierr:  0
 BAOPEN OK  File:  34  /gfs/dk22/modoper/tempo/global/oens/pos/dataout/T126L28/GPOS07N20111010122011101412P.fct.T126L28.grb  ierr:  0
 BAOPEN OK  File:  35  /gfs/dk22/modoper/tempo/global/oens/pos/dataout/T126L28/GPOSAVN20111010122011101412P.fct.T126L28.grb  ierr:  0
 irec:  196
 FILE11: /gfs/dk22/modoper/tempo/global/oens/pos/dataout/T126L28/GPOSAVN20111010122011101418P.fct.T126L28.ctl
 FILE19: /gfs/dk22/modoper/tempo/global/oens/ensmed/dataout/T126L28/GPOSENM20111010122011101418P.fct.T126L28.ctl
 BAOPEN OK  File:   20  /gfs/dk22/modoper/tempo/global/oens/ensmed/dataout/T126L28/GPOSENM20111010122011101418P.fct.T126L28.grb  ierr:
 0
 BAOPEN OK  File:  21  /gfs/dk22/modoper/tempo/global/oens/pos/dataout/T126L28/GPOS01P20111010122011101418P.fct.T126L28.grb  ierr:  0
 BAOPEN OK  File:  22  /gfs/dk22/modoper/tempo/global/oens/pos/dataout/T126L28/GPOS02P20111010122011101418P.fct.T126L28.grb  ierr:  0
 BAOPEN OK  File:  23  /gfs/dk22/modoper/tempo/global/oens/pos/dataout/T126L28/GPOS03P20111010122011101418P.fct.T126L28.grb  ierr:  0
 BAOPEN OK  File:  24  /gfs/dk22/modoper/tempo/global/oens/pos/dataout/T126L28/GPOS04P20111010122011101418P.fct.T126L28.grb  ierr:  0
 BAOPEN OK  File:  25  /gfs/dk22/modoper/tempo/global/oens/pos/dataout/T126L28/GPOS05P20111010122011101418P.fct.T126L28.grb  ierr:  0
 BAOPEN OK  File:  26  /gfs/dk22/modoper/tempo/global/oens/pos/dataout/T126L28/GPOS06P20111010122011101418P.fct.T126L28.grb  ierr:  0
 BAOPEN OK  File:  27  /gfs/dk22/modoper/tempo/global/oens/pos/dataout/T126L28/GPOS07P20111010122011101418P.fct.T126L28.grb  ierr:  0
 BAOPEN OK  File:  28  /gfs/dk22/modoper/tempo/global/oens/pos/dataout/T126L28/GPOS01N20111010122011101418P.fct.T126L28.grb  ierr:  0
 BAOPEN OK  File:  29  /gfs/dk22/modoper/tempo/global/oens/pos/dataout/T126L28/GPOS02N20111010122011101418P.fct.T126L28.grb  ierr:  0
 BAOPEN OK  File:  30  /gfs/dk22/modoper/tempo/global/oens/pos/dataout/T126L28/GPOS03N20111010122011101418P.fct.T126L28.grb  ierr:  0
 BAOPEN OK  File:  31  /gfs/dk22/modoper/tempo/global/oens/pos/dataout/T126L28/GPOS04N20111010122011101418P.fct.T126L28.grb  ierr:  0
 BAOPEN OK  File:  32  /gfs/dk22/modoper/tempo/global/oens/pos/dataout/T126L28/GPOS05N20111010122011101418P.fct.T126L28.grb  ierr:  0
 BAOPEN OK  File:  33  /gfs/dk22/modoper/tempo/global/oens/pos/dataout/T126L28/GPOS06N20111010122011101418P.fct.T126L28.grb  ierr:  0
 BAOPEN OK  File:  34  /gfs/dk22/modoper/tempo/global/oens/pos/dataout/T126L28/GPOS07N20111010122011101418P.fct.T126L28.grb  ierr:  0
 BAOPEN OK  File:  35  /gfs/dk22/modoper/tempo/global/oens/pos/dataout/T126L28/GPOSAVN20111010122011101418P.fct.T126L28.grb  ierr:  0
 irec:  196
 FILE11: /gfs/dk22/modoper/tempo/global/oens/pos/dataout/T126L28/GPOSAVN20111010122011101500P.fct.T126L28.ctl
 FILE19: /gfs/dk22/modoper/tempo/global/oens/ensmed/dataout/T126L28/GPOSENM20111010122011101500P.fct.T126L28.ctl
 BAOPEN OK  File:   20  /gfs/dk22/modoper/tempo/global/oens/ensmed/dataout/T126L28/GPOSENM20111010122011101500P.fct.T126L28.grb  ierr:
 0
 BAOPEN OK  File:  21  /gfs/dk22/modoper/tempo/global/oens/pos/dataout/T126L28/GPOS01P20111010122011101500P.fct.T126L28.grb  ierr:  0
 BAOPEN OK  File:  22  /gfs/dk22/modoper/tempo/global/oens/pos/dataout/T126L28/GPOS02P20111010122011101500P.fct.T126L28.grb  ierr:  0
 BAOPEN OK  File:  23  /gfs/dk22/modoper/tempo/global/oens/pos/dataout/T126L28/GPOS03P20111010122011101500P.fct.T126L28.grb  ierr:  0
 BAOPEN OK  File:  24  /gfs/dk22/modoper/tempo/global/oens/pos/dataout/T126L28/GPOS04P20111010122011101500P.fct.T126L28.grb  ierr:  0
 BAOPEN OK  File:  25  /gfs/dk22/modoper/tempo/global/oens/pos/dataout/T126L28/GPOS05P20111010122011101500P.fct.T126L28.grb  ierr:  0
 BAOPEN OK  File:  26  /gfs/dk22/modoper/tempo/global/oens/pos/dataout/T126L28/GPOS06P20111010122011101500P.fct.T126L28.grb  ierr:  0
 BAOPEN OK  File:  27  /gfs/dk22/modoper/tempo/global/oens/pos/dataout/T126L28/GPOS07P20111010122011101500P.fct.T126L28.grb  ierr:  0
 BAOPEN OK  File:  28  /gfs/dk22/modoper/tempo/global/oens/pos/dataout/T126L28/GPOS01N20111010122011101500P.fct.T126L28.grb  ierr:  0
 BAOPEN OK  File:  29  /gfs/dk22/modoper/tempo/global/oens/pos/dataout/T126L28/GPOS02N20111010122011101500P.fct.T126L28.grb  ierr:  0
 BAOPEN OK  File:  30  /gfs/dk22/modoper/tempo/global/oens/pos/dataout/T126L28/GPOS03N20111010122011101500P.fct.T126L28.grb  ierr:  0
 BAOPEN OK  File:  31  /gfs/dk22/modoper/tempo/global/oens/pos/dataout/T126L28/GPOS04N20111010122011101500P.fct.T126L28.grb  ierr:  0
 BAOPEN OK  File:  32  /gfs/dk22/modoper/tempo/global/oens/pos/dataout/T126L28/GPOS05N20111010122011101500P.fct.T126L28.grb  ierr:  0
 BAOPEN OK  File:  33  /gfs/dk22/modoper/tempo/global/oens/pos/dataout/T126L28/GPOS06N20111010122011101500P.fct.T126L28.grb  ierr:  0
 BAOPEN OK  File:  34  /gfs/dk22/modoper/tempo/global/oens/pos/dataout/T126L28/GPOS07N20111010122011101500P.fct.T126L28.grb  ierr:  0
 BAOPEN OK  File:  35  /gfs/dk22/modoper/tempo/global/oens/pos/dataout/T126L28/GPOSAVN20111010122011101500P.fct.T126L28.grb  ierr:  0
 irec:  196
 FILE11: /gfs/dk22/modoper/tempo/global/oens/pos/dataout/T126L28/GPOSAVN20111010122011101506P.fct.T126L28.ctl
 FILE19: /gfs/dk22/modoper/tempo/global/oens/ensmed/dataout/T126L28/GPOSENM20111010122011101506P.fct.T126L28.ctl
 BAOPEN OK  File:   20  /gfs/dk22/modoper/tempo/global/oens/ensmed/dataout/T126L28/GPOSENM20111010122011101506P.fct.T126L28.grb  ierr:
 0
 BAOPEN OK  File:  21  /gfs/dk22/modoper/tempo/global/oens/pos/dataout/T126L28/GPOS01P20111010122011101506P.fct.T126L28.grb  ierr:  0
 BAOPEN OK  File:  22  /gfs/dk22/modoper/tempo/global/oens/pos/dataout/T126L28/GPOS02P20111010122011101506P.fct.T126L28.grb  ierr:  0
 BAOPEN OK  File:  23  /gfs/dk22/modoper/tempo/global/oens/pos/dataout/T126L28/GPOS03P20111010122011101506P.fct.T126L28.grb  ierr:  0
 BAOPEN OK  File:  24  /gfs/dk22/modoper/tempo/global/oens/pos/dataout/T126L28/GPOS04P20111010122011101506P.fct.T126L28.grb  ierr:  0
 BAOPEN OK  File:  25  /gfs/dk22/modoper/tempo/global/oens/pos/dataout/T126L28/GPOS05P20111010122011101506P.fct.T126L28.grb  ierr:  0
 BAOPEN OK  File:  26  /gfs/dk22/modoper/tempo/global/oens/pos/dataout/T126L28/GPOS06P20111010122011101506P.fct.T126L28.grb  ierr:  0
 BAOPEN OK  File:  27  /gfs/dk22/modoper/tempo/global/oens/pos/dataout/T126L28/GPOS07P20111010122011101506P.fct.T126L28.grb  ierr:  0
 BAOPEN OK  File:  28  /gfs/dk22/modoper/tempo/global/oens/pos/dataout/T126L28/GPOS01N20111010122011101506P.fct.T126L28.grb  ierr:  0
 BAOPEN OK  File:  29  /gfs/dk22/modoper/tempo/global/oens/pos/dataout/T126L28/GPOS02N20111010122011101506P.fct.T126L28.grb  ierr:  0
 BAOPEN OK  File:  30  /gfs/dk22/modoper/tempo/global/oens/pos/dataout/T126L28/GPOS03N20111010122011101506P.fct.T126L28.grb  ierr:  0
 BAOPEN OK  File:  31  /gfs/dk22/modoper/tempo/global/oens/pos/dataout/T126L28/GPOS04N20111010122011101506P.fct.T126L28.grb  ierr:  0
 BAOPEN OK  File:  32  /gfs/dk22/modoper/tempo/global/oens/pos/dataout/T126L28/GPOS05N20111010122011101506P.fct.T126L28.grb  ierr:  0
 BAOPEN OK  File:  33  /gfs/dk22/modoper/tempo/global/oens/pos/dataout/T126L28/GPOS06N20111010122011101506P.fct.T126L28.grb  ierr:  0
 BAOPEN OK  File:  34  /gfs/dk22/modoper/tempo/global/oens/pos/dataout/T126L28/GPOS07N20111010122011101506P.fct.T126L28.grb  ierr:  0
 BAOPEN OK  File:  35  /gfs/dk22/modoper/tempo/global/oens/pos/dataout/T126L28/GPOSAVN20111010122011101506P.fct.T126L28.grb  ierr:  0
 irec:  196
 FILE11: /gfs/dk22/modoper/tempo/global/oens/pos/dataout/T126L28/GPOSAVN20111010122011101512P.fct.T126L28.ctl
 FILE19: /gfs/dk22/modoper/tempo/global/oens/ensmed/dataout/T126L28/GPOSENM20111010122011101512P.fct.T126L28.ctl
 BAOPEN OK  File:   20  /gfs/dk22/modoper/tempo/global/oens/ensmed/dataout/T126L28/GPOSENM20111010122011101512P.fct.T126L28.grb  ierr:
 0
 BAOPEN OK  File:  21  /gfs/dk22/modoper/tempo/global/oens/pos/dataout/T126L28/GPOS01P20111010122011101512P.fct.T126L28.grb  ierr:  0
 BAOPEN OK  File:  22  /gfs/dk22/modoper/tempo/global/oens/pos/dataout/T126L28/GPOS02P20111010122011101512P.fct.T126L28.grb  ierr:  0
 BAOPEN OK  File:  23  /gfs/dk22/modoper/tempo/global/oens/pos/dataout/T126L28/GPOS03P20111010122011101512P.fct.T126L28.grb  ierr:  0
 BAOPEN OK  File:  24  /gfs/dk22/modoper/tempo/global/oens/pos/dataout/T126L28/GPOS04P20111010122011101512P.fct.T126L28.grb  ierr:  0
 BAOPEN OK  File:  25  /gfs/dk22/modoper/tempo/global/oens/pos/dataout/T126L28/GPOS05P20111010122011101512P.fct.T126L28.grb  ierr:  0
 BAOPEN OK  File:  26  /gfs/dk22/modoper/tempo/global/oens/pos/dataout/T126L28/GPOS06P20111010122011101512P.fct.T126L28.grb  ierr:  0
 BAOPEN OK  File:  27  /gfs/dk22/modoper/tempo/global/oens/pos/dataout/T126L28/GPOS07P20111010122011101512P.fct.T126L28.grb  ierr:  0
 BAOPEN OK  File:  28  /gfs/dk22/modoper/tempo/global/oens/pos/dataout/T126L28/GPOS01N20111010122011101512P.fct.T126L28.grb  ierr:  0
 BAOPEN OK  File:  29  /gfs/dk22/modoper/tempo/global/oens/pos/dataout/T126L28/GPOS02N20111010122011101512P.fct.T126L28.grb  ierr:  0
 BAOPEN OK  File:  30  /gfs/dk22/modoper/tempo/global/oens/pos/dataout/T126L28/GPOS03N20111010122011101512P.fct.T126L28.grb  ierr:  0
 BAOPEN OK  File:  31  /gfs/dk22/modoper/tempo/global/oens/pos/dataout/T126L28/GPOS04N20111010122011101512P.fct.T126L28.grb  ierr:  0
 BAOPEN OK  File:  32  /gfs/dk22/modoper/tempo/global/oens/pos/dataout/T126L28/GPOS05N20111010122011101512P.fct.T126L28.grb  ierr:  0
 BAOPEN OK  File:  33  /gfs/dk22/modoper/tempo/global/oens/pos/dataout/T126L28/GPOS06N20111010122011101512P.fct.T126L28.grb  ierr:  0
 BAOPEN OK  File:  34  /gfs/dk22/modoper/tempo/global/oens/pos/dataout/T126L28/GPOS07N20111010122011101512P.fct.T126L28.grb  ierr:  0
 BAOPEN OK  File:  35  /gfs/dk22/modoper/tempo/global/oens/pos/dataout/T126L28/GPOSAVN20111010122011101512P.fct.T126L28.grb  ierr:  0
 irec:  196
 FILE11: /gfs/dk22/modoper/tempo/global/oens/pos/dataout/T126L28/GPOSAVN20111010122011101518P.fct.T126L28.ctl
 FILE19: /gfs/dk22/modoper/tempo/global/oens/ensmed/dataout/T126L28/GPOSENM20111010122011101518P.fct.T126L28.ctl
 BAOPEN OK  File:   20  /gfs/dk22/modoper/tempo/global/oens/ensmed/dataout/T126L28/GPOSENM20111010122011101518P.fct.T126L28.grb  ierr:
 0
 BAOPEN OK  File:  21  /gfs/dk22/modoper/tempo/global/oens/pos/dataout/T126L28/GPOS01P20111010122011101518P.fct.T126L28.grb  ierr:  0
 BAOPEN OK  File:  22  /gfs/dk22/modoper/tempo/global/oens/pos/dataout/T126L28/GPOS02P20111010122011101518P.fct.T126L28.grb  ierr:  0
 BAOPEN OK  File:  23  /gfs/dk22/modoper/tempo/global/oens/pos/dataout/T126L28/GPOS03P20111010122011101518P.fct.T126L28.grb  ierr:  0
 BAOPEN OK  File:  24  /gfs/dk22/modoper/tempo/global/oens/pos/dataout/T126L28/GPOS04P20111010122011101518P.fct.T126L28.grb  ierr:  0
 BAOPEN OK  File:  25  /gfs/dk22/modoper/tempo/global/oens/pos/dataout/T126L28/GPOS05P20111010122011101518P.fct.T126L28.grb  ierr:  0
 BAOPEN OK  File:  26  /gfs/dk22/modoper/tempo/global/oens/pos/dataout/T126L28/GPOS06P20111010122011101518P.fct.T126L28.grb  ierr:  0
 BAOPEN OK  File:  27  /gfs/dk22/modoper/tempo/global/oens/pos/dataout/T126L28/GPOS07P20111010122011101518P.fct.T126L28.grb  ierr:  0
 BAOPEN OK  File:  28  /gfs/dk22/modoper/tempo/global/oens/pos/dataout/T126L28/GPOS01N20111010122011101518P.fct.T126L28.grb  ierr:  0
 BAOPEN OK  File:  29  /gfs/dk22/modoper/tempo/global/oens/pos/dataout/T126L28/GPOS02N20111010122011101518P.fct.T126L28.grb  ierr:  0
 BAOPEN OK  File:  30  /gfs/dk22/modoper/tempo/global/oens/pos/dataout/T126L28/GPOS03N20111010122011101518P.fct.T126L28.grb  ierr:  0
 BAOPEN OK  File:  31  /gfs/dk22/modoper/tempo/global/oens/pos/dataout/T126L28/GPOS04N20111010122011101518P.fct.T126L28.grb  ierr:  0
 BAOPEN OK  File:  32  /gfs/dk22/modoper/tempo/global/oens/pos/dataout/T126L28/GPOS05N20111010122011101518P.fct.T126L28.grb  ierr:  0
 BAOPEN OK  File:  33  /gfs/dk22/modoper/tempo/global/oens/pos/dataout/T126L28/GPOS06N20111010122011101518P.fct.T126L28.grb  ierr:  0
 BAOPEN OK  File:  34  /gfs/dk22/modoper/tempo/global/oens/pos/dataout/T126L28/GPOS07N20111010122011101518P.fct.T126L28.grb  ierr:  0
 BAOPEN OK  File:  35  /gfs/dk22/modoper/tempo/global/oens/pos/dataout/T126L28/GPOSAVN20111010122011101518P.fct.T126L28.grb  ierr:  0
 irec:  196
 FILE11: /gfs/dk22/modoper/tempo/global/oens/pos/dataout/T126L28/GPOSAVN20111010122011101600P.fct.T126L28.ctl
 FILE19: /gfs/dk22/modoper/tempo/global/oens/ensmed/dataout/T126L28/GPOSENM20111010122011101600P.fct.T126L28.ctl
 BAOPEN OK  File:   20  /gfs/dk22/modoper/tempo/global/oens/ensmed/dataout/T126L28/GPOSENM20111010122011101600P.fct.T126L28.grb  ierr:
 0
 BAOPEN OK  File:  21  /gfs/dk22/modoper/tempo/global/oens/pos/dataout/T126L28/GPOS01P20111010122011101600P.fct.T126L28.grb  ierr:  0
 BAOPEN OK  File:  22  /gfs/dk22/modoper/tempo/global/oens/pos/dataout/T126L28/GPOS02P20111010122011101600P.fct.T126L28.grb  ierr:  0
 BAOPEN OK  File:  23  /gfs/dk22/modoper/tempo/global/oens/pos/dataout/T126L28/GPOS03P20111010122011101600P.fct.T126L28.grb  ierr:  0
 BAOPEN OK  File:  24  /gfs/dk22/modoper/tempo/global/oens/pos/dataout/T126L28/GPOS04P20111010122011101600P.fct.T126L28.grb  ierr:  0
 BAOPEN OK  File:  25  /gfs/dk22/modoper/tempo/global/oens/pos/dataout/T126L28/GPOS05P20111010122011101600P.fct.T126L28.grb  ierr:  0
 BAOPEN OK  File:  26  /gfs/dk22/modoper/tempo/global/oens/pos/dataout/T126L28/GPOS06P20111010122011101600P.fct.T126L28.grb  ierr:  0
 BAOPEN OK  File:  27  /gfs/dk22/modoper/tempo/global/oens/pos/dataout/T126L28/GPOS07P20111010122011101600P.fct.T126L28.grb  ierr:  0
 BAOPEN OK  File:  28  /gfs/dk22/modoper/tempo/global/oens/pos/dataout/T126L28/GPOS01N20111010122011101600P.fct.T126L28.grb  ierr:  0
 BAOPEN OK  File:  29  /gfs/dk22/modoper/tempo/global/oens/pos/dataout/T126L28/GPOS02N20111010122011101600P.fct.T126L28.grb  ierr:  0
 BAOPEN OK  File:  30  /gfs/dk22/modoper/tempo/global/oens/pos/dataout/T126L28/GPOS03N20111010122011101600P.fct.T126L28.grb  ierr:  0
 BAOPEN OK  File:  31  /gfs/dk22/modoper/tempo/global/oens/pos/dataout/T126L28/GPOS04N20111010122011101600P.fct.T126L28.grb  ierr:  0
 BAOPEN OK  File:  32  /gfs/dk22/modoper/tempo/global/oens/pos/dataout/T126L28/GPOS05N20111010122011101600P.fct.T126L28.grb  ierr:  0
 BAOPEN OK  File:  33  /gfs/dk22/modoper/tempo/global/oens/pos/dataout/T126L28/GPOS06N20111010122011101600P.fct.T126L28.grb  ierr:  0
 BAOPEN OK  File:  34  /gfs/dk22/modoper/tempo/global/oens/pos/dataout/T126L28/GPOS07N20111010122011101600P.fct.T126L28.grb  ierr:  0
 BAOPEN OK  File:  35  /gfs/dk22/modoper/tempo/global/oens/pos/dataout/T126L28/GPOSAVN20111010122011101600P.fct.T126L28.grb  ierr:  0
 irec:  196
 FILE11: /gfs/dk22/modoper/tempo/global/oens/pos/dataout/T126L28/GPOSAVN20111010122011101606P.fct.T126L28.ctl
 FILE19: /gfs/dk22/modoper/tempo/global/oens/ensmed/dataout/T126L28/GPOSENM20111010122011101606P.fct.T126L28.ctl
 BAOPEN OK  File:   20  /gfs/dk22/modoper/tempo/global/oens/ensmed/dataout/T126L28/GPOSENM20111010122011101606P.fct.T126L28.grb  ierr:
 0
 BAOPEN OK  File:  21  /gfs/dk22/modoper/tempo/global/oens/pos/dataout/T126L28/GPOS01P20111010122011101606P.fct.T126L28.grb  ierr:  0
 BAOPEN OK  File:  22  /gfs/dk22/modoper/tempo/global/oens/pos/dataout/T126L28/GPOS02P20111010122011101606P.fct.T126L28.grb  ierr:  0
 BAOPEN OK  File:  23  /gfs/dk22/modoper/tempo/global/oens/pos/dataout/T126L28/GPOS03P20111010122011101606P.fct.T126L28.grb  ierr:  0
 BAOPEN OK  File:  24  /gfs/dk22/modoper/tempo/global/oens/pos/dataout/T126L28/GPOS04P20111010122011101606P.fct.T126L28.grb  ierr:  0
 BAOPEN OK  File:  25  /gfs/dk22/modoper/tempo/global/oens/pos/dataout/T126L28/GPOS05P20111010122011101606P.fct.T126L28.grb  ierr:  0
 BAOPEN OK  File:  26  /gfs/dk22/modoper/tempo/global/oens/pos/dataout/T126L28/GPOS06P20111010122011101606P.fct.T126L28.grb  ierr:  0
 BAOPEN OK  File:  27  /gfs/dk22/modoper/tempo/global/oens/pos/dataout/T126L28/GPOS07P20111010122011101606P.fct.T126L28.grb  ierr:  0
 BAOPEN OK  File:  28  /gfs/dk22/modoper/tempo/global/oens/pos/dataout/T126L28/GPOS01N20111010122011101606P.fct.T126L28.grb  ierr:  0
 BAOPEN OK  File:  29  /gfs/dk22/modoper/tempo/global/oens/pos/dataout/T126L28/GPOS02N20111010122011101606P.fct.T126L28.grb  ierr:  0
 BAOPEN OK  File:  30  /gfs/dk22/modoper/tempo/global/oens/pos/dataout/T126L28/GPOS03N20111010122011101606P.fct.T126L28.grb  ierr:  0
 BAOPEN OK  File:  31  /gfs/dk22/modoper/tempo/global/oens/pos/dataout/T126L28/GPOS04N20111010122011101606P.fct.T126L28.grb  ierr:  0
 BAOPEN OK  File:  32  /gfs/dk22/modoper/tempo/global/oens/pos/dataout/T126L28/GPOS05N20111010122011101606P.fct.T126L28.grb  ierr:  0
 BAOPEN OK  File:  33  /gfs/dk22/modoper/tempo/global/oens/pos/dataout/T126L28/GPOS06N20111010122011101606P.fct.T126L28.grb  ierr:  0
 BAOPEN OK  File:  34  /gfs/dk22/modoper/tempo/global/oens/pos/dataout/T126L28/GPOS07N20111010122011101606P.fct.T126L28.grb  ierr:  0
 BAOPEN OK  File:  35  /gfs/dk22/modoper/tempo/global/oens/pos/dataout/T126L28/GPOSAVN20111010122011101606P.fct.T126L28.grb  ierr:  0
 irec:  196
 FILE11: /gfs/dk22/modoper/tempo/global/oens/pos/dataout/T126L28/GPOSAVN20111010122011101612P.fct.T126L28.ctl
 FILE19: /gfs/dk22/modoper/tempo/global/oens/ensmed/dataout/T126L28/GPOSENM20111010122011101612P.fct.T126L28.ctl
 BAOPEN OK  File:   20  /gfs/dk22/modoper/tempo/global/oens/ensmed/dataout/T126L28/GPOSENM20111010122011101612P.fct.T126L28.grb  ierr:
 0
 BAOPEN OK  File:  21  /gfs/dk22/modoper/tempo/global/oens/pos/dataout/T126L28/GPOS01P20111010122011101612P.fct.T126L28.grb  ierr:  0
 BAOPEN OK  File:  22  /gfs/dk22/modoper/tempo/global/oens/pos/dataout/T126L28/GPOS02P20111010122011101612P.fct.T126L28.grb  ierr:  0
 BAOPEN OK  File:  23  /gfs/dk22/modoper/tempo/global/oens/pos/dataout/T126L28/GPOS03P20111010122011101612P.fct.T126L28.grb  ierr:  0
 BAOPEN OK  File:  24  /gfs/dk22/modoper/tempo/global/oens/pos/dataout/T126L28/GPOS04P20111010122011101612P.fct.T126L28.grb  ierr:  0
 BAOPEN OK  File:  25  /gfs/dk22/modoper/tempo/global/oens/pos/dataout/T126L28/GPOS05P20111010122011101612P.fct.T126L28.grb  ierr:  0
 BAOPEN OK  File:  26  /gfs/dk22/modoper/tempo/global/oens/pos/dataout/T126L28/GPOS06P20111010122011101612P.fct.T126L28.grb  ierr:  0
 BAOPEN OK  File:  27  /gfs/dk22/modoper/tempo/global/oens/pos/dataout/T126L28/GPOS07P20111010122011101612P.fct.T126L28.grb  ierr:  0
 BAOPEN OK  File:  28  /gfs/dk22/modoper/tempo/global/oens/pos/dataout/T126L28/GPOS01N20111010122011101612P.fct.T126L28.grb  ierr:  0
 BAOPEN OK  File:  29  /gfs/dk22/modoper/tempo/global/oens/pos/dataout/T126L28/GPOS02N20111010122011101612P.fct.T126L28.grb  ierr:  0
 BAOPEN OK  File:  30  /gfs/dk22/modoper/tempo/global/oens/pos/dataout/T126L28/GPOS03N20111010122011101612P.fct.T126L28.grb  ierr:  0
 BAOPEN OK  File:  31  /gfs/dk22/modoper/tempo/global/oens/pos/dataout/T126L28/GPOS04N20111010122011101612P.fct.T126L28.grb  ierr:  0
 BAOPEN OK  File:  32  /gfs/dk22/modoper/tempo/global/oens/pos/dataout/T126L28/GPOS05N20111010122011101612P.fct.T126L28.grb  ierr:  0
 BAOPEN OK  File:  33  /gfs/dk22/modoper/tempo/global/oens/pos/dataout/T126L28/GPOS06N20111010122011101612P.fct.T126L28.grb  ierr:  0
 BAOPEN OK  File:  34  /gfs/dk22/modoper/tempo/global/oens/pos/dataout/T126L28/GPOS07N20111010122011101612P.fct.T126L28.grb  ierr:  0
 BAOPEN OK  File:  35  /gfs/dk22/modoper/tempo/global/oens/pos/dataout/T126L28/GPOSAVN20111010122011101612P.fct.T126L28.grb  ierr:  0
 irec:  196
 FILE11: /gfs/dk22/modoper/tempo/global/oens/pos/dataout/T126L28/GPOSAVN20111010122011101618P.fct.T126L28.ctl
 FILE19: /gfs/dk22/modoper/tempo/global/oens/ensmed/dataout/T126L28/GPOSENM20111010122011101618P.fct.T126L28.ctl
 BAOPEN OK  File:   20  /gfs/dk22/modoper/tempo/global/oens/ensmed/dataout/T126L28/GPOSENM20111010122011101618P.fct.T126L28.grb  ierr:
 0
 BAOPEN OK  File:  21  /gfs/dk22/modoper/tempo/global/oens/pos/dataout/T126L28/GPOS01P20111010122011101618P.fct.T126L28.grb  ierr:  0
 BAOPEN OK  File:  22  /gfs/dk22/modoper/tempo/global/oens/pos/dataout/T126L28/GPOS02P20111010122011101618P.fct.T126L28.grb  ierr:  0
 BAOPEN OK  File:  23  /gfs/dk22/modoper/tempo/global/oens/pos/dataout/T126L28/GPOS03P20111010122011101618P.fct.T126L28.grb  ierr:  0
 BAOPEN OK  File:  24  /gfs/dk22/modoper/tempo/global/oens/pos/dataout/T126L28/GPOS04P20111010122011101618P.fct.T126L28.grb  ierr:  0
 BAOPEN OK  File:  25  /gfs/dk22/modoper/tempo/global/oens/pos/dataout/T126L28/GPOS05P20111010122011101618P.fct.T126L28.grb  ierr:  0
 BAOPEN OK  File:  26  /gfs/dk22/modoper/tempo/global/oens/pos/dataout/T126L28/GPOS06P20111010122011101618P.fct.T126L28.grb  ierr:  0
 BAOPEN OK  File:  27  /gfs/dk22/modoper/tempo/global/oens/pos/dataout/T126L28/GPOS07P20111010122011101618P.fct.T126L28.grb  ierr:  0
 BAOPEN OK  File:  28  /gfs/dk22/modoper/tempo/global/oens/pos/dataout/T126L28/GPOS01N20111010122011101618P.fct.T126L28.grb  ierr:  0
 BAOPEN OK  File:  29  /gfs/dk22/modoper/tempo/global/oens/pos/dataout/T126L28/GPOS02N20111010122011101618P.fct.T126L28.grb  ierr:  0
 BAOPEN OK  File:  30  /gfs/dk22/modoper/tempo/global/oens/pos/dataout/T126L28/GPOS03N20111010122011101618P.fct.T126L28.grb  ierr:  0
 BAOPEN OK  File:  31  /gfs/dk22/modoper/tempo/global/oens/pos/dataout/T126L28/GPOS04N20111010122011101618P.fct.T126L28.grb  ierr:  0
 BAOPEN OK  File:  32  /gfs/dk22/modoper/tempo/global/oens/pos/dataout/T126L28/GPOS05N20111010122011101618P.fct.T126L28.grb  ierr:  0
 BAOPEN OK  File:  33  /gfs/dk22/modoper/tempo/global/oens/pos/dataout/T126L28/GPOS06N20111010122011101618P.fct.T126L28.grb  ierr:  0
 BAOPEN OK  File:  34  /gfs/dk22/modoper/tempo/global/oens/pos/dataout/T126L28/GPOS07N20111010122011101618P.fct.T126L28.grb  ierr:  0
 BAOPEN OK  File:  35  /gfs/dk22/modoper/tempo/global/oens/pos/dataout/T126L28/GPOSAVN20111010122011101618P.fct.T126L28.grb  ierr:  0
 irec:  196
 FILE11: /gfs/dk22/modoper/tempo/global/oens/pos/dataout/T126L28/GPOSAVN20111010122011101700P.fct.T126L28.ctl
 FILE19: /gfs/dk22/modoper/tempo/global/oens/ensmed/dataout/T126L28/GPOSENM20111010122011101700P.fct.T126L28.ctl
 BAOPEN OK  File:   20  /gfs/dk22/modoper/tempo/global/oens/ensmed/dataout/T126L28/GPOSENM20111010122011101700P.fct.T126L28.grb  ierr:
 0
 BAOPEN OK  File:  21  /gfs/dk22/modoper/tempo/global/oens/pos/dataout/T126L28/GPOS01P20111010122011101700P.fct.T126L28.grb  ierr:  0
 BAOPEN OK  File:  22  /gfs/dk22/modoper/tempo/global/oens/pos/dataout/T126L28/GPOS02P20111010122011101700P.fct.T126L28.grb  ierr:  0
 BAOPEN OK  File:  23  /gfs/dk22/modoper/tempo/global/oens/pos/dataout/T126L28/GPOS03P20111010122011101700P.fct.T126L28.grb  ierr:  0
 BAOPEN OK  File:  24  /gfs/dk22/modoper/tempo/global/oens/pos/dataout/T126L28/GPOS04P20111010122011101700P.fct.T126L28.grb  ierr:  0
 BAOPEN OK  File:  25  /gfs/dk22/modoper/tempo/global/oens/pos/dataout/T126L28/GPOS05P20111010122011101700P.fct.T126L28.grb  ierr:  0
 BAOPEN OK  File:  26  /gfs/dk22/modoper/tempo/global/oens/pos/dataout/T126L28/GPOS06P20111010122011101700P.fct.T126L28.grb  ierr:  0
 BAOPEN OK  File:  27  /gfs/dk22/modoper/tempo/global/oens/pos/dataout/T126L28/GPOS07P20111010122011101700P.fct.T126L28.grb  ierr:  0
 BAOPEN OK  File:  28  /gfs/dk22/modoper/tempo/global/oens/pos/dataout/T126L28/GPOS01N20111010122011101700P.fct.T126L28.grb  ierr:  0
 BAOPEN OK  File:  29  /gfs/dk22/modoper/tempo/global/oens/pos/dataout/T126L28/GPOS02N20111010122011101700P.fct.T126L28.grb  ierr:  0
 BAOPEN OK  File:  30  /gfs/dk22/modoper/tempo/global/oens/pos/dataout/T126L28/GPOS03N20111010122011101700P.fct.T126L28.grb  ierr:  0
 BAOPEN OK  File:  31  /gfs/dk22/modoper/tempo/global/oens/pos/dataout/T126L28/GPOS04N20111010122011101700P.fct.T126L28.grb  ierr:  0
 BAOPEN OK  File:  32  /gfs/dk22/modoper/tempo/global/oens/pos/dataout/T126L28/GPOS05N20111010122011101700P.fct.T126L28.grb  ierr:  0
 BAOPEN OK  File:  33  /gfs/dk22/modoper/tempo/global/oens/pos/dataout/T126L28/GPOS06N20111010122011101700P.fct.T126L28.grb  ierr:  0
 BAOPEN OK  File:  34  /gfs/dk22/modoper/tempo/global/oens/pos/dataout/T126L28/GPOS07N20111010122011101700P.fct.T126L28.grb  ierr:  0
 BAOPEN OK  File:  35  /gfs/dk22/modoper/tempo/global/oens/pos/dataout/T126L28/GPOSAVN20111010122011101700P.fct.T126L28.grb  ierr:  0
 irec:  196
 FILE11: /gfs/dk22/modoper/tempo/global/oens/pos/dataout/T126L28/GPOSAVN20111010122011101706P.fct.T126L28.ctl
 FILE19: /gfs/dk22/modoper/tempo/global/oens/ensmed/dataout/T126L28/GPOSENM20111010122011101706P.fct.T126L28.ctl
 BAOPEN OK  File:   20  /gfs/dk22/modoper/tempo/global/oens/ensmed/dataout/T126L28/GPOSENM20111010122011101706P.fct.T126L28.grb  ierr:
 0
 BAOPEN OK  File:  21  /gfs/dk22/modoper/tempo/global/oens/pos/dataout/T126L28/GPOS01P20111010122011101706P.fct.T126L28.grb  ierr:  0
 BAOPEN OK  File:  22  /gfs/dk22/modoper/tempo/global/oens/pos/dataout/T126L28/GPOS02P20111010122011101706P.fct.T126L28.grb  ierr:  0
 BAOPEN OK  File:  23  /gfs/dk22/modoper/tempo/global/oens/pos/dataout/T126L28/GPOS03P20111010122011101706P.fct.T126L28.grb  ierr:  0
 BAOPEN OK  File:  24  /gfs/dk22/modoper/tempo/global/oens/pos/dataout/T126L28/GPOS04P20111010122011101706P.fct.T126L28.grb  ierr:  0
 BAOPEN OK  File:  25  /gfs/dk22/modoper/tempo/global/oens/pos/dataout/T126L28/GPOS05P20111010122011101706P.fct.T126L28.grb  ierr:  0
 BAOPEN OK  File:  26  /gfs/dk22/modoper/tempo/global/oens/pos/dataout/T126L28/GPOS06P20111010122011101706P.fct.T126L28.grb  ierr:  0
 BAOPEN OK  File:  27  /gfs/dk22/modoper/tempo/global/oens/pos/dataout/T126L28/GPOS07P20111010122011101706P.fct.T126L28.grb  ierr:  0
 BAOPEN OK  File:  28  /gfs/dk22/modoper/tempo/global/oens/pos/dataout/T126L28/GPOS01N20111010122011101706P.fct.T126L28.grb  ierr:  0
 BAOPEN OK  File:  29  /gfs/dk22/modoper/tempo/global/oens/pos/dataout/T126L28/GPOS02N20111010122011101706P.fct.T126L28.grb  ierr:  0
 BAOPEN OK  File:  30  /gfs/dk22/modoper/tempo/global/oens/pos/dataout/T126L28/GPOS03N20111010122011101706P.fct.T126L28.grb  ierr:  0
 BAOPEN OK  File:  31  /gfs/dk22/modoper/tempo/global/oens/pos/dataout/T126L28/GPOS04N20111010122011101706P.fct.T126L28.grb  ierr:  0
 BAOPEN OK  File:  32  /gfs/dk22/modoper/tempo/global/oens/pos/dataout/T126L28/GPOS05N20111010122011101706P.fct.T126L28.grb  ierr:  0
 BAOPEN OK  File:  33  /gfs/dk22/modoper/tempo/global/oens/pos/dataout/T126L28/GPOS06N20111010122011101706P.fct.T126L28.grb  ierr:  0
 BAOPEN OK  File:  34  /gfs/dk22/modoper/tempo/global/oens/pos/dataout/T126L28/GPOS07N20111010122011101706P.fct.T126L28.grb  ierr:  0
 BAOPEN OK  File:  35  /gfs/dk22/modoper/tempo/global/oens/pos/dataout/T126L28/GPOSAVN20111010122011101706P.fct.T126L28.grb  ierr:  0
 irec:  196
 FILE11: /gfs/dk22/modoper/tempo/global/oens/pos/dataout/T126L28/GPOSAVN20111010122011101712P.fct.T126L28.ctl
 FILE19: /gfs/dk22/modoper/tempo/global/oens/ensmed/dataout/T126L28/GPOSENM20111010122011101712P.fct.T126L28.ctl
 BAOPEN OK  File:   20  /gfs/dk22/modoper/tempo/global/oens/ensmed/dataout/T126L28/GPOSENM20111010122011101712P.fct.T126L28.grb  ierr:
 0
 BAOPEN OK  File:  21  /gfs/dk22/modoper/tempo/global/oens/pos/dataout/T126L28/GPOS01P20111010122011101712P.fct.T126L28.grb  ierr:  0
 BAOPEN OK  File:  22  /gfs/dk22/modoper/tempo/global/oens/pos/dataout/T126L28/GPOS02P20111010122011101712P.fct.T126L28.grb  ierr:  0
 BAOPEN OK  File:  23  /gfs/dk22/modoper/tempo/global/oens/pos/dataout/T126L28/GPOS03P20111010122011101712P.fct.T126L28.grb  ierr:  0
 BAOPEN OK  File:  24  /gfs/dk22/modoper/tempo/global/oens/pos/dataout/T126L28/GPOS04P20111010122011101712P.fct.T126L28.grb  ierr:  0
 BAOPEN OK  File:  25  /gfs/dk22/modoper/tempo/global/oens/pos/dataout/T126L28/GPOS05P20111010122011101712P.fct.T126L28.grb  ierr:  0
 BAOPEN OK  File:  26  /gfs/dk22/modoper/tempo/global/oens/pos/dataout/T126L28/GPOS06P20111010122011101712P.fct.T126L28.grb  ierr:  0
 BAOPEN OK  File:  27  /gfs/dk22/modoper/tempo/global/oens/pos/dataout/T126L28/GPOS07P20111010122011101712P.fct.T126L28.grb  ierr:  0
 BAOPEN OK  File:  28  /gfs/dk22/modoper/tempo/global/oens/pos/dataout/T126L28/GPOS01N20111010122011101712P.fct.T126L28.grb  ierr:  0
 BAOPEN OK  File:  29  /gfs/dk22/modoper/tempo/global/oens/pos/dataout/T126L28/GPOS02N20111010122011101712P.fct.T126L28.grb  ierr:  0
 BAOPEN OK  File:  30  /gfs/dk22/modoper/tempo/global/oens/pos/dataout/T126L28/GPOS03N20111010122011101712P.fct.T126L28.grb  ierr:  0
 BAOPEN OK  File:  31  /gfs/dk22/modoper/tempo/global/oens/pos/dataout/T126L28/GPOS04N20111010122011101712P.fct.T126L28.grb  ierr:  0
 BAOPEN OK  File:  32  /gfs/dk22/modoper/tempo/global/oens/pos/dataout/T126L28/GPOS05N20111010122011101712P.fct.T126L28.grb  ierr:  0
 BAOPEN OK  File:  33  /gfs/dk22/modoper/tempo/global/oens/pos/dataout/T126L28/GPOS06N20111010122011101712P.fct.T126L28.grb  ierr:  0
 BAOPEN OK  File:  34  /gfs/dk22/modoper/tempo/global/oens/pos/dataout/T126L28/GPOS07N20111010122011101712P.fct.T126L28.grb  ierr:  0
 BAOPEN OK  File:  35  /gfs/dk22/modoper/tempo/global/oens/pos/dataout/T126L28/GPOSAVN20111010122011101712P.fct.T126L28.grb  ierr:  0
 irec:  196
 FILE11: /gfs/dk22/modoper/tempo/global/oens/pos/dataout/T126L28/GPOSAVN20111010122011101718P.fct.T126L28.ctl
 FILE19: /gfs/dk22/modoper/tempo/global/oens/ensmed/dataout/T126L28/GPOSENM20111010122011101718P.fct.T126L28.ctl
 BAOPEN OK  File:   20  /gfs/dk22/modoper/tempo/global/oens/ensmed/dataout/T126L28/GPOSENM20111010122011101718P.fct.T126L28.grb  ierr:
 0
 BAOPEN OK  File:  21  /gfs/dk22/modoper/tempo/global/oens/pos/dataout/T126L28/GPOS01P20111010122011101718P.fct.T126L28.grb  ierr:  0
 BAOPEN OK  File:  22  /gfs/dk22/modoper/tempo/global/oens/pos/dataout/T126L28/GPOS02P20111010122011101718P.fct.T126L28.grb  ierr:  0
 BAOPEN OK  File:  23  /gfs/dk22/modoper/tempo/global/oens/pos/dataout/T126L28/GPOS03P20111010122011101718P.fct.T126L28.grb  ierr:  0
 BAOPEN OK  File:  24  /gfs/dk22/modoper/tempo/global/oens/pos/dataout/T126L28/GPOS04P20111010122011101718P.fct.T126L28.grb  ierr:  0
 BAOPEN OK  File:  25  /gfs/dk22/modoper/tempo/global/oens/pos/dataout/T126L28/GPOS05P20111010122011101718P.fct.T126L28.grb  ierr:  0
 BAOPEN OK  File:  26  /gfs/dk22/modoper/tempo/global/oens/pos/dataout/T126L28/GPOS06P20111010122011101718P.fct.T126L28.grb  ierr:  0
 BAOPEN OK  File:  27  /gfs/dk22/modoper/tempo/global/oens/pos/dataout/T126L28/GPOS07P20111010122011101718P.fct.T126L28.grb  ierr:  0
 BAOPEN OK  File:  28  /gfs/dk22/modoper/tempo/global/oens/pos/dataout/T126L28/GPOS01N20111010122011101718P.fct.T126L28.grb  ierr:  0
 BAOPEN OK  File:  29  /gfs/dk22/modoper/tempo/global/oens/pos/dataout/T126L28/GPOS02N20111010122011101718P.fct.T126L28.grb  ierr:  0
 BAOPEN OK  File:  30  /gfs/dk22/modoper/tempo/global/oens/pos/dataout/T126L28/GPOS03N20111010122011101718P.fct.T126L28.grb  ierr:  0
 BAOPEN OK  File:  31  /gfs/dk22/modoper/tempo/global/oens/pos/dataout/T126L28/GPOS04N20111010122011101718P.fct.T126L28.grb  ierr:  0
 BAOPEN OK  File:  32  /gfs/dk22/modoper/tempo/global/oens/pos/dataout/T126L28/GPOS05N20111010122011101718P.fct.T126L28.grb  ierr:  0
 BAOPEN OK  File:  33  /gfs/dk22/modoper/tempo/global/oens/pos/dataout/T126L28/GPOS06N20111010122011101718P.fct.T126L28.grb  ierr:  0
 BAOPEN OK  File:  34  /gfs/dk22/modoper/tempo/global/oens/pos/dataout/T126L28/GPOS07N20111010122011101718P.fct.T126L28.grb  ierr:  0
 BAOPEN OK  File:  35  /gfs/dk22/modoper/tempo/global/oens/pos/dataout/T126L28/GPOSAVN20111010122011102118P.fct.T126L28.grb  ierr:  0
 irec:  196
 FILE11: /gfs/dk22/modoper/tempo/global/oens/pos/dataout/T126L28/GPOSAVN20111010122011101800P.fct.T126L28.ctl
 FILE19: /gfs/dk22/modoper/tempo/global/oens/ensmed/dataout/T126L28/GPOSENM20111010122011101800P.fct.T126L28.ctl
 BAOPEN OK  File:   20  /gfs/dk22/modoper/tempo/global/oens/ensmed/dataout/T126L28/GPOSENM20111010122011101800P.fct.T126L28.grb  ierr:
 0
 BAOPEN OK  File:  21  /gfs/dk22/modoper/tempo/global/oens/pos/dataout/T126L28/GPOS01P20111010122011101800P.fct.T126L28.grb  ierr:  0
 BAOPEN OK  File:  22  /gfs/dk22/modoper/tempo/global/oens/pos/dataout/T126L28/GPOS02P20111010122011101800P.fct.T126L28.grb  ierr:  0
 BAOPEN OK  File:  23  /gfs/dk22/modoper/tempo/global/oens/pos/dataout/T126L28/GPOS03P20111010122011101800P.fct.T126L28.grb  ierr:  0
 BAOPEN OK  File:  24  /gfs/dk22/modoper/tempo/global/oens/pos/dataout/T126L28/GPOS04P20111010122011101800P.fct.T126L28.grb  ierr:  0
 BAOPEN OK  File:  25  /gfs/dk22/modoper/tempo/global/oens/pos/dataout/T126L28/GPOS05P20111010122011101800P.fct.T126L28.grb  ierr:  0
 BAOPEN OK  File:  26  /gfs/dk22/modoper/tempo/global/oens/pos/dataout/T126L28/GPOS06P20111010122011101800P.fct.T126L28.grb  ierr:  0
 BAOPEN OK  File:  27  /gfs/dk22/modoper/tempo/global/oens/pos/dataout/T126L28/GPOS07P20111010122011101800P.fct.T126L28.grb  ierr:  0
 BAOPEN OK  File:  28  /gfs/dk22/modoper/tempo/global/oens/pos/dataout/T126L28/GPOS01N20111010122011101800P.fct.T126L28.grb  ierr:  0
 BAOPEN OK  File:  29  /gfs/dk22/modoper/tempo/global/oens/pos/dataout/T126L28/GPOS02N20111010122011101800P.fct.T126L28.grb  ierr:  0
 BAOPEN OK  File:  30  /gfs/dk22/modoper/tempo/global/oens/pos/dataout/T126L28/GPOS03N20111010122011101800P.fct.T126L28.grb  ierr:  0
 BAOPEN OK  File:  31  /gfs/dk22/modoper/tempo/global/oens/pos/dataout/T126L28/GPOS04N20111010122011101800P.fct.T126L28.grb  ierr:  0
 BAOPEN OK  File:  32  /gfs/dk22/modoper/tempo/global/oens/pos/dataout/T126L28/GPOS05N20111010122011101800P.fct.T126L28.grb  ierr:  0
 BAOPEN OK  File:  33  /gfs/dk22/modoper/tempo/global/oens/pos/dataout/T126L28/GPOS06N20111010122011101800P.fct.T126L28.grb  ierr:  0
 BAOPEN OK  File:  34  /gfs/dk22/modoper/tempo/global/oens/pos/dataout/T126L28/GPOS07N20111010122011101800P.fct.T126L28.grb  ierr:  0
 BAOPEN OK  File:  35  /gfs/dk22/modoper/tempo/global/oens/pos/dataout/T126L28/GPOSAVN20111010122011101800P.fct.T126L28.grb  ierr:  0
 irec:  196
s/pos/dataout/T126L28/GPOSAVN20111010122011101400P.fct.T126L28.grb  ierr:  0
 irec:  196
