stty: : Invalid argument
vt100
resize:  can't open terminal /dev/tty
======================================
Welcome to tupan00: SUPER-UX 14.1 SX-6
Today is Mon Feb 13 04:07:26 GMT 2012
======================================
cp: ERROR: Cannot access /gfs/dk20/modoper/tempo/global/glbT126/model/datain/sstwkl.20120213: No such file or directory
cp: ERROR: Cannot access /gfs/dk20/modoper/tempo/global/glbT126/model/datain/orgwav.T126: No such file or directory

+++
+++ runrecanl1.sx6 run 126 28 ANLAVN 2012021300
+++

sx6
Inter
12021304:07
out
/gfs/home3/modoper/tempo/global/oens
/gfs/home3/modoper/tempo/global/oens
/gfs/dk22/modoper/tempo/global/oens
/gfs/dk22/modoper/tempo/global/oens/model/datain
/gfs/home3/modoper/tempo/global/oens/run/setrecanl.1.ANLAVNT126L28.sx6
Date: 20120213
Hour: 04:07
ANLAVN
2012021300

GANLAVN
GANLAVN
GANLAVN
S.unf
S.unf
R.unf
/gfs/home3/modoper/tempo/global/oens
/gfs/home3/modoper/tempo/global/oens
/gfs/dk22/modoper/tempo/global/oens
/gfs/dk22/modoper/tempo/global/oens/model/datain
run
run
GANLAVN2012021300S.unf.T126L28
/gfs/home3/modoper/tempo/global/oens/recanl/datain/GANLAVN2012021300S.unf.T126L28
+ echo Recomposition  -x-  RUNNING ...
Recomposition  -x-  RUNNING ...
+ source=/gfs/home3/modoper/tempo/global/oens/recanl/source
+ bin=/gfs/home3/modoper/tempo/global/oens/recanl/bin/T126L28
+ input=/gfs/home3/modoper/tempo/global/oens/recanl/datain
+ out=/gfs/home3/modoper/tempo/global/oens/recanl/output
+ echo run
run
+ [ run = make ]
+ echo run
run
+ [ run = clean ]
+ cd /gfs/home3/modoper/tempo/global/oens/recanl/bin/T126L28
+ echo ./recanl.T126L28 < /gfs/home3/modoper/tempo/global/oens/recanl/datain/recanlANLAVN.nml > /gfs/home3/modoper/tempo/global/oens/recanl/output/recanl.out.2012021300.04:07.T126L28
./recanl.T126L28 < /gfs/home3/modoper/tempo/global/oens/recanl/datain/recanlANLAVN.nml > /gfs/home3/modoper/tempo/global/oens/recanl/output/recanl.out.2012021300.04:07.T126L28
+ ./recanl.T126L28
+ 0< /gfs/home3/modoper/tempo/global/oens/recanl/datain/recanlANLAVN.nml 1> /gfs/home3/modoper/tempo/global/oens/recanl/output/recanl.out.2012021300.04:07.T126L28
 
 
     ******  Program Information  ******
  Real Time (sec)       :          5.150474
  User Time (sec)       :          4.118882
  Sys  Time (sec)       :          0.051927
  Vector Time (sec)     :          0.341223
  Inst. Count           :        1596949006.
  V. Inst. Count        :          16042610.
  V. Element Count      :        1286735581.
  FLOP Count            :         534711130.
  MOPS                  :        696.218450
  MFLOPS                :        129.819467
  VLEN                  :         80.207372
  V. Op. Ratio (%)      :         44.870859
  Memory Size (MB)      :        192.031250
  MIPS                  :        387.714146
  I-Cache (sec)         :          0.000807
  O-Cache (sec)         :          0.858356
  Bank (sec)            :          0.001190
 
  Start Time (date)  :  2012/02/13 04:07:27
  End   Time (date)  :  2012/02/13 04:07:32

+++
+++ runrdpt1.sx6 run 07 126 28 2012021300 NO
+++

sx6
Inter
2012021304:07
out
/gfs/home3/modoper/tempo/global/oens
/gfs/home3/modoper/tempo/global/oens
/gfs/dk22/modoper/tempo/global/oens
/gfs/dk22/modoper/tempo/global/oens/model/datain
/gfs/home3/modoper/tempo/global/oens/run/setrdpt.1.T126L28.sx6
Date: 20120213
Hour: 04:07
2012021300 07
/gfs/home3/modoper/tempo/global/oens
/gfs/home3/modoper/tempo/global/oens
/gfs/dk22/modoper/tempo/global/oens
/gfs/dk22/modoper/tempo/global/oens/model/datain
cp  /gfs/dk22/modoper/tempo/global/oens/recanl/dataout/T126L28/GANLAVN2012021300R.unf.T126L28 /gfs/dk22/modoper/tempo/global/oens/model/datain
run
run
+ echo Random Perturbation  -x-  RUNNING ...
Random Perturbation  -x-  RUNNING ...
+ source=/gfs/home3/modoper/tempo/global/oens/rdpert/source
+ bin=/gfs/home3/modoper/tempo/global/oens/rdpert/bin/T126L28
+ input=/gfs/home3/modoper/tempo/global/oens/rdpert/datain
+ out=/gfs/home3/modoper/tempo/global/oens/rdpert/output
+ echo run
run
+ [ run = make ]
+ echo run
run
+ [ run = clean ]
+ cd /gfs/home3/modoper/tempo/global/oens/rdpert/bin/T126L28
+ ./rdpert.T126L28
+ 0< /gfs/home3/modoper/tempo/global/oens/rdpert/datain/rdpert.nml 1> /gfs/home3/modoper/tempo/global/oens/rdpert/output/rdpert.out.2012021300.04:07.T126L28
 
 
     ******  Program Information  ******
  Real Time (sec)       :         59.996309
  User Time (sec)       :         46.980601
  Sys  Time (sec)       :          0.301550
  Vector Time (sec)     :          0.292128
  Inst. Count           :       11892323917.
  V. Inst. Count        :           8723442.
  V. Element Count      :        2218673340.
  FLOP Count            :        2547977663.
  MOPS                  :        300.172271
  MFLOPS                :         54.234675
  VLEN                  :        254.334624
  V. Op. Ratio (%)      :         15.732735
  Memory Size (MB)      :        192.031250
  MIPS                  :        253.132645
  I-Cache (sec)         :          0.007415
  O-Cache (sec)         :          8.656367
  Bank (sec)            :          0.000000
 
  Start Time (date)  :  2012/02/13 04:07:37
  End   Time (date)  :  2012/02/13 04:08:37

+++
+++ rundrpt1.sx6 run 07 126 28 2012021300 NO
+++

sx6
Inter
2012021304:08
out
/gfs/home3/modoper/tempo/global/oens
/gfs/home3/modoper/tempo/global/oens
/gfs/dk22/modoper/tempo/global/oens
/gfs/dk22/modoper/tempo/global/oens/model/datain
/gfs/home3/modoper/tempo/global/oens/run/setdrpt.1.T126L28.sx6
Date: 20120213
Hour: 04:08
2012021300
/gfs/home3/modoper/tempo/global/oens
/gfs/home3/modoper/tempo/global/oens
/gfs/dk22/modoper/tempo/global/oens
/gfs/dk22/modoper/tempo/global/oens/model/datain
run
run
+ echo Decomposition  -x-  RUNNING ...
Decomposition  -x-  RUNNING ...
+ source=/gfs/home3/modoper/tempo/global/oens/decanl/source
+ bin=/gfs/home3/modoper/tempo/global/oens/decanl/bin/T126L28
+ input=/gfs/home3/modoper/tempo/global/oens/decanl/datain
+ out=/gfs/home3/modoper/tempo/global/oens/decanl/output
+ echo run
run
+ [ run = make ]
+ echo run
run
+ [ run = clean ]
+ cd /gfs/home3/modoper/tempo/global/oens/decanl/bin/T126L28
+ ./decanl.T126L28
+ 0< /gfs/home3/modoper/tempo/global/oens/decanl/datain/decanl.nml 1> /gfs/home3/modoper/tempo/global/oens/decanl/output/decanl.2012021300.04:08.T126L28
 
 
     ******  Program Information  ******
  Real Time (sec)       :          2.183618
  User Time (sec)       :          0.819859
  Sys  Time (sec)       :          0.057456
  Vector Time (sec)     :          0.628516
  Inst. Count           :         173578527.
  V. Inst. Count        :          21078077.
  V. Element Count      :        2292782609.
  FLOP Count            :         590251093.
  MOPS                  :       2982.566400
  MFLOPS                :        719.942450
  VLEN                  :        108.775701
  V. Op. Ratio (%)      :         93.763485
  Memory Size (MB)      :        192.031250
  MIPS                  :        211.717609
  I-Cache (sec)         :          0.000835
  O-Cache (sec)         :          0.026639
  Bank (sec)            :          0.015386
 
  Start Time (date)  :  2012/02/13 04:08:38
  End   Time (date)  :  2012/02/13 04:08:40
1
+ echo Decomposition  -x-  RUNNING ...
Decomposition  -x-  RUNNING ...
+ source=/gfs/home3/modoper/tempo/global/oens/decanl/source
+ bin=/gfs/home3/modoper/tempo/global/oens/decanl/bin/T126L28
+ input=/gfs/home3/modoper/tempo/global/oens/decanl/datain
+ out=/gfs/home3/modoper/tempo/global/oens/decanl/output
+ echo run
run
+ [ run = make ]
+ echo run
run
+ [ run = clean ]
+ cd /gfs/home3/modoper/tempo/global/oens/decanl/bin/T126L28
+ ./decanl.T126L28
+ 0< /gfs/home3/modoper/tempo/global/oens/decanl/datain/decanl.nml 1> /gfs/home3/modoper/tempo/global/oens/decanl/output/decanl.2012021300.04:08.T126L28
 
 
     ******  Program Information  ******
  Real Time (sec)       :          1.818392
  User Time (sec)       :          0.819983
  Sys  Time (sec)       :          0.054178
  Vector Time (sec)     :          0.628445
  Inst. Count           :         173578527.
  V. Inst. Count        :          21078077.
  V. Element Count      :        2292782609.
  FLOP Count            :         590251093.
  MOPS                  :       2982.114473
  MFLOPS                :        719.833363
  VLEN                  :        108.775701
  V. Op. Ratio (%)      :         93.763485
  Memory Size (MB)      :        192.031250
  MIPS                  :        211.685529
  I-Cache (sec)         :          0.000848
  O-Cache (sec)         :          0.026619
  Bank (sec)            :          0.015383
 
  Start Time (date)  :  2012/02/13 04:08:40
  End   Time (date)  :  2012/02/13 04:08:42
2
+ echo Decomposition  -x-  RUNNING ...
Decomposition  -x-  RUNNING ...
+ source=/gfs/home3/modoper/tempo/global/oens/decanl/source
+ bin=/gfs/home3/modoper/tempo/global/oens/decanl/bin/T126L28
+ input=/gfs/home3/modoper/tempo/global/oens/decanl/datain
+ out=/gfs/home3/modoper/tempo/global/oens/decanl/output
+ echo run
run
+ [ run = make ]
+ echo run
run
+ [ run = clean ]
+ cd /gfs/home3/modoper/tempo/global/oens/decanl/bin/T126L28
+ ./decanl.T126L28
+ 0< /gfs/home3/modoper/tempo/global/oens/decanl/datain/decanl.nml 1> /gfs/home3/modoper/tempo/global/oens/decanl/output/decanl.2012021300.04:08.T126L28
 
 
     ******  Program Information  ******
  Real Time (sec)       :          1.837455
  User Time (sec)       :          0.819969
  Sys  Time (sec)       :          0.054244
  Vector Time (sec)     :          0.628440
  Inst. Count           :         173578527.
  V. Inst. Count        :          21078077.
  V. Element Count      :        2292782609.
  FLOP Count            :         590251093.
  MOPS                  :       2982.166226
  MFLOPS                :        719.845855
  VLEN                  :        108.775701
  V. Op. Ratio (%)      :         93.763485
  Memory Size (MB)      :        192.031250
  MIPS                  :        211.689203
  I-Cache (sec)         :          0.000849
  O-Cache (sec)         :          0.026609
  Bank (sec)            :          0.015383
 
  Start Time (date)  :  2012/02/13 04:08:42
  End   Time (date)  :  2012/02/13 04:08:44
3
+ echo Decomposition  -x-  RUNNING ...
Decomposition  -x-  RUNNING ...
+ source=/gfs/home3/modoper/tempo/global/oens/decanl/source
+ bin=/gfs/home3/modoper/tempo/global/oens/decanl/bin/T126L28
+ input=/gfs/home3/modoper/tempo/global/oens/decanl/datain
+ out=/gfs/home3/modoper/tempo/global/oens/decanl/output
+ echo run
run
+ [ run = make ]
+ echo run
run
+ [ run = clean ]
+ cd /gfs/home3/modoper/tempo/global/oens/decanl/bin/T126L28
+ ./decanl.T126L28
+ 0< /gfs/home3/modoper/tempo/global/oens/decanl/datain/decanl.nml 1> /gfs/home3/modoper/tempo/global/oens/decanl/output/decanl.2012021300.04:08.T126L28
 
 
     ******  Program Information  ******
  Real Time (sec)       :          1.802235
  User Time (sec)       :          0.819952
  Sys  Time (sec)       :          0.054205
  Vector Time (sec)     :          0.628380
  Inst. Count           :         173578527.
  V. Inst. Count        :          21078077.
  V. Element Count      :        2292782609.
  FLOP Count            :         590251093.
  MOPS                  :       2982.228099
  MFLOPS                :        719.860790
  VLEN                  :        108.775701
  V. Op. Ratio (%)      :         93.763485
  Memory Size (MB)      :        192.031250
  MIPS                  :        211.693595
  I-Cache (sec)         :          0.000836
  O-Cache (sec)         :          0.026602
  Bank (sec)            :          0.015383
 
  Start Time (date)  :  2012/02/13 04:08:44
  End   Time (date)  :  2012/02/13 04:08:46
4
+ echo Decomposition  -x-  RUNNING ...
Decomposition  -x-  RUNNING ...
+ source=/gfs/home3/modoper/tempo/global/oens/decanl/source
+ bin=/gfs/home3/modoper/tempo/global/oens/decanl/bin/T126L28
+ input=/gfs/home3/modoper/tempo/global/oens/decanl/datain
+ out=/gfs/home3/modoper/tempo/global/oens/decanl/output
+ echo run
run
+ [ run = make ]
+ echo run
run
+ [ run = clean ]
+ cd /gfs/home3/modoper/tempo/global/oens/decanl/bin/T126L28
+ ./decanl.T126L28
+ 0< /gfs/home3/modoper/tempo/global/oens/decanl/datain/decanl.nml 1> /gfs/home3/modoper/tempo/global/oens/decanl/output/decanl.2012021300.04:08.T126L28
 
 
     ******  Program Information  ******
  Real Time (sec)       :          1.837137
  User Time (sec)       :          0.819831
  Sys  Time (sec)       :          0.054104
  Vector Time (sec)     :          0.628361
  Inst. Count           :         173578527.
  V. Inst. Count        :          21078077.
  V. Element Count      :        2292782609.
  FLOP Count            :         590251093.
  MOPS                  :       2982.667064
  MFLOPS                :        719.966749
  VLEN                  :        108.775701
  V. Op. Ratio (%)      :         93.763485
  Memory Size (MB)      :        192.031250
  MIPS                  :        211.724755
  I-Cache (sec)         :          0.000851
  O-Cache (sec)         :          0.026611
  Bank (sec)            :          0.015384
 
  Start Time (date)  :  2012/02/13 04:08:46
  End   Time (date)  :  2012/02/13 04:08:48
5
+ echo Decomposition  -x-  RUNNING ...
Decomposition  -x-  RUNNING ...
+ source=/gfs/home3/modoper/tempo/global/oens/decanl/source
+ bin=/gfs/home3/modoper/tempo/global/oens/decanl/bin/T126L28
+ input=/gfs/home3/modoper/tempo/global/oens/decanl/datain
+ out=/gfs/home3/modoper/tempo/global/oens/decanl/output
+ echo run
run
+ [ run = make ]
+ echo run
run
+ [ run = clean ]
+ cd /gfs/home3/modoper/tempo/global/oens/decanl/bin/T126L28
+ ./decanl.T126L28
+ 0< /gfs/home3/modoper/tempo/global/oens/decanl/datain/decanl.nml 1> /gfs/home3/modoper/tempo/global/oens/decanl/output/decanl.2012021300.04:08.T126L28
 
 
     ******  Program Information  ******
  Real Time (sec)       :          1.804517
  User Time (sec)       :          0.819958
  Sys  Time (sec)       :          0.054084
  Vector Time (sec)     :          0.628376
  Inst. Count           :         173578527.
  V. Inst. Count        :          21078077.
  V. Element Count      :        2292782609.
  FLOP Count            :         590251093.
  MOPS                  :       2982.205651
  MFLOPS                :        719.855372
  VLEN                  :        108.775701
  V. Op. Ratio (%)      :         93.763485
  Memory Size (MB)      :        192.031250
  MIPS                  :        211.692001
  I-Cache (sec)         :          0.000835
  O-Cache (sec)         :          0.026607
  Bank (sec)            :          0.015383
 
  Start Time (date)  :  2012/02/13 04:08:48
  End   Time (date)  :  2012/02/13 04:08:50
6
+ echo Decomposition  -x-  RUNNING ...
Decomposition  -x-  RUNNING ...
+ source=/gfs/home3/modoper/tempo/global/oens/decanl/source
+ bin=/gfs/home3/modoper/tempo/global/oens/decanl/bin/T126L28
+ input=/gfs/home3/modoper/tempo/global/oens/decanl/datain
+ out=/gfs/home3/modoper/tempo/global/oens/decanl/output
+ echo run
run
+ [ run = make ]
+ echo run
run
+ [ run = clean ]
+ cd /gfs/home3/modoper/tempo/global/oens/decanl/bin/T126L28
+ ./decanl.T126L28
+ 0< /gfs/home3/modoper/tempo/global/oens/decanl/datain/decanl.nml 1> /gfs/home3/modoper/tempo/global/oens/decanl/output/decanl.2012021300.04:08.T126L28
 
 
     ******  Program Information  ******
  Real Time (sec)       :          1.799410
  User Time (sec)       :          0.819983
  Sys  Time (sec)       :          0.054414
  Vector Time (sec)     :          0.628426
  Inst. Count           :         173578527.
  V. Inst. Count        :          21078077.
  V. Element Count      :        2292782609.
  FLOP Count            :         590251093.
  MOPS                  :       2982.114881
  MFLOPS                :        719.833461
  VLEN                  :        108.775701
  V. Op. Ratio (%)      :         93.763485
  Memory Size (MB)      :        192.031250
  MIPS                  :        211.685558
  I-Cache (sec)         :          0.000906
  O-Cache (sec)         :          0.026611
  Bank (sec)            :          0.015384
 
  Start Time (date)  :  2012/02/13 04:08:50
  End   Time (date)  :  2012/02/13 04:08:52
7

+++
+++ runctrpntg.sx6 126 28 2012021300 2012021412 sstwkl
+++

logout
