stty: : Invalid argument
vt100
resize:  can't open terminal /dev/tty
======================================
Welcome to tupan00: SUPER-UX 14.1 SX-6
Today is Sun Feb 12 16:21:07 GMT 2012
======================================
cp: ERROR: Cannot access /gfs/dk20/modoper/tempo/global/glbT126/model/datain/orgwav.T126: No such file or directory

+++
+++ runrecanl1.sx6 run 126 28 ANLAVN 2012021212
+++

sx6
Inter
12021216:21
out
/gfs/home3/modoper/tempo/global/oens
/gfs/home3/modoper/tempo/global/oens
/gfs/dk22/modoper/tempo/global/oens
/gfs/dk22/modoper/tempo/global/oens/model/datain
/gfs/home3/modoper/tempo/global/oens/run/setrecanl.1.ANLAVNT126L28.sx6
Date: 20120212
Hour: 16:21
ANLAVN
2012021212

GANLAVN
GANLAVN
GANLAVN
S.unf
S.unf
R.unf
/gfs/home3/modoper/tempo/global/oens
/gfs/home3/modoper/tempo/global/oens
/gfs/dk22/modoper/tempo/global/oens
/gfs/dk22/modoper/tempo/global/oens/model/datain
run
run
GANLAVN2012021212S.unf.T126L28
/gfs/home3/modoper/tempo/global/oens/recanl/datain/GANLAVN2012021212S.unf.T126L28
+ echo Recomposition  -x-  RUNNING ...
Recomposition  -x-  RUNNING ...
+ source=/gfs/home3/modoper/tempo/global/oens/recanl/source
+ bin=/gfs/home3/modoper/tempo/global/oens/recanl/bin/T126L28
+ input=/gfs/home3/modoper/tempo/global/oens/recanl/datain
+ out=/gfs/home3/modoper/tempo/global/oens/recanl/output
+ echo run
run
+ [ run = make ]
+ echo run
run
+ [ run = clean ]
+ cd /gfs/home3/modoper/tempo/global/oens/recanl/bin/T126L28
+ echo ./recanl.T126L28 < /gfs/home3/modoper/tempo/global/oens/recanl/datain/recanlANLAVN.nml > /gfs/home3/modoper/tempo/global/oens/recanl/output/recanl.out.2012021212.16:21.T126L28
./recanl.T126L28 < /gfs/home3/modoper/tempo/global/oens/recanl/datain/recanlANLAVN.nml > /gfs/home3/modoper/tempo/global/oens/recanl/output/recanl.out.2012021212.16:21.T126L28
+ ./recanl.T126L28
+ 0< /gfs/home3/modoper/tempo/global/oens/recanl/datain/recanlANLAVN.nml 1> /gfs/home3/modoper/tempo/global/oens/recanl/output/recanl.out.2012021212.16:21.T126L28
 
 
     ******  Program Information  ******
  Real Time (sec)       :          5.165820
  User Time (sec)       :          4.118894
  Sys  Time (sec)       :          0.051416
  Vector Time (sec)     :          0.341193
  Inst. Count           :        1596949068.
  V. Inst. Count        :          16042610.
  V. Element Count      :        1286735581.
  FLOP Count            :         534711132.
  MOPS                  :        696.216490
  MFLOPS                :        129.819100
  VLEN                  :         80.207372
  V. Op. Ratio (%)      :         44.870858
  Memory Size (MB)      :        192.031250
  MIPS                  :        387.713062
  I-Cache (sec)         :          0.000815
  O-Cache (sec)         :          0.858336
  Bank (sec)            :          0.001191
 
  Start Time (date)  :  2012/02/12 16:21:08
  End   Time (date)  :  2012/02/12 16:21:14

+++
+++ runrdpt1.sx6 run 07 126 28 2012021212 NO
+++

sx6
Inter
2012021216:21
out
/gfs/home3/modoper/tempo/global/oens
/gfs/home3/modoper/tempo/global/oens
/gfs/dk22/modoper/tempo/global/oens
/gfs/dk22/modoper/tempo/global/oens/model/datain
/gfs/home3/modoper/tempo/global/oens/run/setrdpt.1.T126L28.sx6
Date: 20120212
Hour: 16:21
2012021212 07
/gfs/home3/modoper/tempo/global/oens
/gfs/home3/modoper/tempo/global/oens
/gfs/dk22/modoper/tempo/global/oens
/gfs/dk22/modoper/tempo/global/oens/model/datain
cp  /gfs/dk22/modoper/tempo/global/oens/recanl/dataout/T126L28/GANLAVN2012021212R.unf.T126L28 /gfs/dk22/modoper/tempo/global/oens/model/datain
run
run
+ echo Random Perturbation  -x-  RUNNING ...
Random Perturbation  -x-  RUNNING ...
+ source=/gfs/home3/modoper/tempo/global/oens/rdpert/source
+ bin=/gfs/home3/modoper/tempo/global/oens/rdpert/bin/T126L28
+ input=/gfs/home3/modoper/tempo/global/oens/rdpert/datain
+ out=/gfs/home3/modoper/tempo/global/oens/rdpert/output
+ echo run
run
+ [ run = make ]
+ echo run
run
+ [ run = clean ]
+ cd /gfs/home3/modoper/tempo/global/oens/rdpert/bin/T126L28
+ ./rdpert.T126L28
+ 0< /gfs/home3/modoper/tempo/global/oens/rdpert/datain/rdpert.nml 1> /gfs/home3/modoper/tempo/global/oens/rdpert/output/rdpert.out.2012021212.16:21.T126L28
 
 
     ******  Program Information  ******
  Real Time (sec)       :         58.254716
  User Time (sec)       :         46.981864
  Sys  Time (sec)       :          0.318004
  Vector Time (sec)     :          0.292100
  Inst. Count           :       11892323917.
  V. Inst. Count        :           8723442.
  V. Element Count      :        2218673340.
  FLOP Count            :        2547977663.
  MOPS                  :        300.164203
  MFLOPS                :         54.233218
  VLEN                  :        254.334624
  V. Op. Ratio (%)      :         15.732735
  Memory Size (MB)      :        192.031250
  MIPS                  :        253.125842
  I-Cache (sec)         :          0.008409
  O-Cache (sec)         :          8.658150
  Bank (sec)            :          0.000000
 
  Start Time (date)  :  2012/02/12 16:21:19
  End   Time (date)  :  2012/02/12 16:22:17

+++
+++ rundrpt1.sx6 run 07 126 28 2012021212 NO
+++

sx6
Inter
2012021216:22
out
/gfs/home3/modoper/tempo/global/oens
/gfs/home3/modoper/tempo/global/oens
/gfs/dk22/modoper/tempo/global/oens
/gfs/dk22/modoper/tempo/global/oens/model/datain
/gfs/home3/modoper/tempo/global/oens/run/setdrpt.1.T126L28.sx6
Date: 20120212
Hour: 16:22
2012021212
/gfs/home3/modoper/tempo/global/oens
/gfs/home3/modoper/tempo/global/oens
/gfs/dk22/modoper/tempo/global/oens
/gfs/dk22/modoper/tempo/global/oens/model/datain
run
run
+ echo Decomposition  -x-  RUNNING ...
Decomposition  -x-  RUNNING ...
+ source=/gfs/home3/modoper/tempo/global/oens/decanl/source
+ bin=/gfs/home3/modoper/tempo/global/oens/decanl/bin/T126L28
+ input=/gfs/home3/modoper/tempo/global/oens/decanl/datain
+ out=/gfs/home3/modoper/tempo/global/oens/decanl/output
+ echo run
run
+ [ run = make ]
+ echo run
run
+ [ run = clean ]
+ cd /gfs/home3/modoper/tempo/global/oens/decanl/bin/T126L28
+ ./decanl.T126L28
+ 0< /gfs/home3/modoper/tempo/global/oens/decanl/datain/decanl.nml 1> /gfs/home3/modoper/tempo/global/oens/decanl/output/decanl.2012021212.16:22.T126L28
 
 
     ******  Program Information  ******
  Real Time (sec)       :          2.289404
  User Time (sec)       :          0.819973
  Sys  Time (sec)       :          0.057476
  Vector Time (sec)     :          0.628418
  Inst. Count           :         173578589.
  V. Inst. Count        :          21078077.
  V. Element Count      :        2292782609.
  FLOP Count            :         590251095.
  MOPS                  :       2982.151259
  MFLOPS                :        719.842227
  VLEN                  :        108.775701
  V. Op. Ratio (%)      :         93.763482
  Memory Size (MB)      :        192.031250
  MIPS                  :        211.688210
  I-Cache (sec)         :          0.000874
  O-Cache (sec)         :          0.026630
  Bank (sec)            :          0.015383
 
  Start Time (date)  :  2012/02/12 16:22:18
  End   Time (date)  :  2012/02/12 16:22:20
1
+ echo Decomposition  -x-  RUNNING ...
Decomposition  -x-  RUNNING ...
+ source=/gfs/home3/modoper/tempo/global/oens/decanl/source
+ bin=/gfs/home3/modoper/tempo/global/oens/decanl/bin/T126L28
+ input=/gfs/home3/modoper/tempo/global/oens/decanl/datain
+ out=/gfs/home3/modoper/tempo/global/oens/decanl/output
+ echo run
run
+ [ run = make ]
+ echo run
run
+ [ run = clean ]
+ cd /gfs/home3/modoper/tempo/global/oens/decanl/bin/T126L28
+ ./decanl.T126L28
+ 0< /gfs/home3/modoper/tempo/global/oens/decanl/datain/decanl.nml 1> /gfs/home3/modoper/tempo/global/oens/decanl/output/decanl.2012021212.16:22.T126L28
 
 
     ******  Program Information  ******
  Real Time (sec)       :          1.837921
  User Time (sec)       :          0.819915
  Sys  Time (sec)       :          0.054573
  Vector Time (sec)     :          0.628426
  Inst. Count           :         173578589.
  V. Inst. Count        :          21078077.
  V. Element Count      :        2292782609.
  FLOP Count            :         590251095.
  MOPS                  :       2982.363429
  MFLOPS                :        719.893441
  VLEN                  :        108.775701
  V. Op. Ratio (%)      :         93.763482
  Memory Size (MB)      :        192.031250
  MIPS                  :        211.703271
  I-Cache (sec)         :          0.000863
  O-Cache (sec)         :          0.026621
  Bank (sec)            :          0.015385
 
  Start Time (date)  :  2012/02/12 16:22:21
  End   Time (date)  :  2012/02/12 16:22:22
2
+ echo Decomposition  -x-  RUNNING ...
Decomposition  -x-  RUNNING ...
+ source=/gfs/home3/modoper/tempo/global/oens/decanl/source
+ bin=/gfs/home3/modoper/tempo/global/oens/decanl/bin/T126L28
+ input=/gfs/home3/modoper/tempo/global/oens/decanl/datain
+ out=/gfs/home3/modoper/tempo/global/oens/decanl/output
+ echo run
run
+ [ run = make ]
+ echo run
run
+ [ run = clean ]
+ cd /gfs/home3/modoper/tempo/global/oens/decanl/bin/T126L28
+ ./decanl.T126L28
+ 0< /gfs/home3/modoper/tempo/global/oens/decanl/datain/decanl.nml 1> /gfs/home3/modoper/tempo/global/oens/decanl/output/decanl.2012021212.16:22.T126L28
 
 
     ******  Program Information  ******
  Real Time (sec)       :          1.857773
  User Time (sec)       :          0.819835
  Sys  Time (sec)       :          0.054503
  Vector Time (sec)     :          0.628398
  Inst. Count           :         173578589.
  V. Inst. Count        :          21078077.
  V. Element Count      :        2292782609.
  FLOP Count            :         590251095.
  MOPS                  :       2982.653868
  MFLOPS                :        719.963548
  VLEN                  :        108.775701
  V. Op. Ratio (%)      :         93.763482
  Memory Size (MB)      :        192.031250
  MIPS                  :        211.723888
  I-Cache (sec)         :          0.000850
  O-Cache (sec)         :          0.026622
  Bank (sec)            :          0.015386
 
  Start Time (date)  :  2012/02/12 16:22:23
  End   Time (date)  :  2012/02/12 16:22:24
3
+ echo Decomposition  -x-  RUNNING ...
Decomposition  -x-  RUNNING ...
+ source=/gfs/home3/modoper/tempo/global/oens/decanl/source
+ bin=/gfs/home3/modoper/tempo/global/oens/decanl/bin/T126L28
+ input=/gfs/home3/modoper/tempo/global/oens/decanl/datain
+ out=/gfs/home3/modoper/tempo/global/oens/decanl/output
+ echo run
run
+ [ run = make ]
+ echo run
run
+ [ run = clean ]
+ cd /gfs/home3/modoper/tempo/global/oens/decanl/bin/T126L28
+ ./decanl.T126L28
+ 0< /gfs/home3/modoper/tempo/global/oens/decanl/datain/decanl.nml 1> /gfs/home3/modoper/tempo/global/oens/decanl/output/decanl.2012021212.16:22.T126L28
 
 
     ******  Program Information  ******
  Real Time (sec)       :          1.839490
  User Time (sec)       :          0.819695
  Sys  Time (sec)       :          0.054311
  Vector Time (sec)     :          0.628362
  Inst. Count           :         173578589.
  V. Inst. Count        :          21078077.
  V. Element Count      :        2292782609.
  FLOP Count            :         590251095.
  MOPS                  :       2983.163640
  MFLOPS                :        720.086599
  VLEN                  :        108.775701
  V. Op. Ratio (%)      :         93.763482
  Memory Size (MB)      :        192.031250
  MIPS                  :        211.760074
  I-Cache (sec)         :          0.000849
  O-Cache (sec)         :          0.026609
  Bank (sec)            :          0.015386
 
  Start Time (date)  :  2012/02/12 16:22:25
  End   Time (date)  :  2012/02/12 16:22:27
4
+ echo Decomposition  -x-  RUNNING ...
Decomposition  -x-  RUNNING ...
+ source=/gfs/home3/modoper/tempo/global/oens/decanl/source
+ bin=/gfs/home3/modoper/tempo/global/oens/decanl/bin/T126L28
+ input=/gfs/home3/modoper/tempo/global/oens/decanl/datain
+ out=/gfs/home3/modoper/tempo/global/oens/decanl/output
+ echo run
run
+ [ run = make ]
+ echo run
run
+ [ run = clean ]
+ cd /gfs/home3/modoper/tempo/global/oens/decanl/bin/T126L28
+ ./decanl.T126L28
+ 0< /gfs/home3/modoper/tempo/global/oens/decanl/datain/decanl.nml 1> /gfs/home3/modoper/tempo/global/oens/decanl/output/decanl.2012021212.16:22.T126L28
 
 
     ******  Program Information  ******
  Real Time (sec)       :          1.798536
  User Time (sec)       :          0.819834
  Sys  Time (sec)       :          0.054438
  Vector Time (sec)     :          0.628392
  Inst. Count           :         173578589.
  V. Inst. Count        :          21078077.
  V. Element Count      :        2292782609.
  FLOP Count            :         590251095.
  MOPS                  :       2982.654741
  MFLOPS                :        719.963759
  VLEN                  :        108.775701
  V. Op. Ratio (%)      :         93.763482
  Memory Size (MB)      :        192.031250
  MIPS                  :        211.723950
  I-Cache (sec)         :          0.000878
  O-Cache (sec)         :          0.026615
  Bank (sec)            :          0.015385
 
  Start Time (date)  :  2012/02/12 16:22:27
  End   Time (date)  :  2012/02/12 16:22:29
5
+ echo Decomposition  -x-  RUNNING ...
Decomposition  -x-  RUNNING ...
+ source=/gfs/home3/modoper/tempo/global/oens/decanl/source
+ bin=/gfs/home3/modoper/tempo/global/oens/decanl/bin/T126L28
+ input=/gfs/home3/modoper/tempo/global/oens/decanl/datain
+ out=/gfs/home3/modoper/tempo/global/oens/decanl/output
+ echo run
run
+ [ run = make ]
+ echo run
run
+ [ run = clean ]
+ cd /gfs/home3/modoper/tempo/global/oens/decanl/bin/T126L28
+ ./decanl.T126L28
+ 0< /gfs/home3/modoper/tempo/global/oens/decanl/datain/decanl.nml 1> /gfs/home3/modoper/tempo/global/oens/decanl/output/decanl.2012021212.16:22.T126L28
 
 
     ******  Program Information  ******
  Real Time (sec)       :          1.832268
  User Time (sec)       :          0.819675
  Sys  Time (sec)       :          0.054293
  Vector Time (sec)     :          0.628395
  Inst. Count           :         173578589.
  V. Inst. Count        :          21078077.
  V. Element Count      :        2292782609.
  FLOP Count            :         590251095.
  MOPS                  :       2983.234894
  MFLOPS                :        720.103798
  VLEN                  :        108.775701
  V. Op. Ratio (%)      :         93.763482
  Memory Size (MB)      :        192.031250
  MIPS                  :        211.765132
  I-Cache (sec)         :          0.000850
  O-Cache (sec)         :          0.026590
  Bank (sec)            :          0.015384
 
  Start Time (date)  :  2012/02/12 16:22:29
  End   Time (date)  :  2012/02/12 16:22:31
6
+ echo Decomposition  -x-  RUNNING ...
Decomposition  -x-  RUNNING ...
+ source=/gfs/home3/modoper/tempo/global/oens/decanl/source
+ bin=/gfs/home3/modoper/tempo/global/oens/decanl/bin/T126L28
+ input=/gfs/home3/modoper/tempo/global/oens/decanl/datain
+ out=/gfs/home3/modoper/tempo/global/oens/decanl/output
+ echo run
run
+ [ run = make ]
+ echo run
run
+ [ run = clean ]
+ cd /gfs/home3/modoper/tempo/global/oens/decanl/bin/T126L28
+ ./decanl.T126L28
+ 0< /gfs/home3/modoper/tempo/global/oens/decanl/datain/decanl.nml 1> /gfs/home3/modoper/tempo/global/oens/decanl/output/decanl.2012021212.16:22.T126L28
 
 
     ******  Program Information  ******
  Real Time (sec)       :          1.904952
  User Time (sec)       :          0.819761
  Sys  Time (sec)       :          0.054163
  Vector Time (sec)     :          0.628468
  Inst. Count           :         173578589.
  V. Inst. Count        :          21078077.
  V. Element Count      :        2292782609.
  FLOP Count            :         590251095.
  MOPS                  :       2982.921919
  MFLOPS                :        720.028251
  VLEN                  :        108.775701
  V. Op. Ratio (%)      :         93.763482
  Memory Size (MB)      :        192.031250
  MIPS                  :        211.742916
  I-Cache (sec)         :          0.000849
  O-Cache (sec)         :          0.026629
  Bank (sec)            :          0.015386
 
  Start Time (date)  :  2012/02/12 16:22:31
  End   Time (date)  :  2012/02/12 16:22:33
7

+++
+++ runctrpntg.sx6 126 28 2012021212 2012021400 sstwkl
+++

logout
