stty: : Invalid argument
vt100
resize:  can't open terminal /dev/tty
======================================
Welcome to tupan00: SUPER-UX 14.1 SX-6
Today is Mon Oct 10 18:21:16 GMT 2011
======================================
/gfs/home3/modoper/tempo/global/oens
/gfs/home3/modoper/tempo/global/oens
/gfs/dk22/modoper/tempo/global/oens
run
 F_SETBUF = 2048
MODEL  -- SUBMITTED ...
MPI/SX: command Version 7.2.1 (25. June 2007): Copyright (c) NEC Corporation 1996-2007
MPI/SX: daemon  Version 7.2.4 (21. August 2008): Copyright (c) NEC Corporation 1996-2008

Values of significant variables used by MPI/SX:
-----------------------------------------------

  DISPLAY         = 
  MPICOLLORDER    = OFF
  MPICOMMINF      = NO
  MPIMULTITASKMIX = OFF
  MPIPROGINF      = DETAIL
  MPISUSPEND      = OFF
  MPIVERSION      = ON

Derived and further values:
---------------------------

  Wait method              : Busy waiting
  Global memory            : SX Global Memory

/usr/lib/mpi/mpid: Creating 4 processes of '/gfs/home3/modoper/tempo/global/oens/run/MpisepEnsmed2011101012.scr' on local host tupan00

MPI Program Information:
========================
Note: It is measured from MPI_Init till MPI_Finalize.
      [U,R] specifies the Universe and the Process Rank in the Universe.

 
 
 
Global Data of 4 processes  :          Min [U,R]          Max [U,R]      Average
==========================

 
 
 
Real   Time (sec)           :     2125.097 [0,0]     2125.118 [0,3]     2125.105
     ******  Program Information  ******
     ******  Program Information  ******
     ******  Program Information  ******
User   Time (sec)           :      376.020 [0,1]      479.098 [0,3]      426.399
  Real Time (sec)       :       2125.391525
  Real Time (sec)       :       2125.445046
  Real Time (sec)       :       2125.413215
System Time (sec)           :      146.669 [0,2]      155.201 [0,1]      150.188
  User Time (sec)       :        376.165813
  User Time (sec)       :        479.226581
  User Time (sec)       :        468.915215
Vector Time (sec)           :       13.370 [0,1]       18.101 [0,3]       15.673
  Sys  Time (sec)       :        147.311045
  Sys  Time (sec)       :        146.706272
  Sys  Time (sec)       :        155.243513
Instruction Count           : 119750376773 [0,0] 122277401901 [0,3] 121331021573
  Vector Time (sec)     :         17.574485
  Vector Time (sec)     :         13.369770
  Vector Time (sec)     :         18.101545
Vector Instruction Count    :    282440388 [0,0]    310729774 [0,3]    296077453
  Inst. Count           :      121699859483.
  Inst. Count           :      122292838123.
  Inst. Count           :      121627325842.
Vector Element Count        :  68610610359 [0,2]  72705167856 [0,1]  70250994316
  V. Inst. Count        :         310734303.
  V. Inst. Count        :         307110211.
  V. Inst. Count        :         284038532.
FLOP Count                  :  14667520604 [0,2]  15645353066 [0,1]  15063668910
  V. Element Count      :       68611202683.
  V. Element Count      :       72705760217.
  V. Element Count      :       68651060069.
MOPS                        :      397.866 [0,3]      516.211 [0,1]      454.576
  FLOP Count            :       15645354571.
  FLOP Count            :       14667522322.
  FLOP Count            :       14667522107.
MFLOPS                      :       30.615 [0,3]       41.608 [0,1]       35.882
  MOPS                  :        397.793385
  MOPS                  :        405.044264
  MOPS                  :        516.053225
Average Vector Length       :      220.933 [0,3]      255.973 [0,1]      237.958
  MFLOPS                :         31.279689
  MFLOPS                :         41.591644
  MFLOPS                :         30.606654
Vector Operation Ratio (%)  :       36.015 [0,3]       37.457 [0,1]       36.722
  VLEN                  :        255.971469
  VLEN                  :        220.931707
  VLEN                  :        223.409057
Memory size used (MB)       :       89.004 [0,0]       89.004 [0,0]       89.004
  V. Op. Ratio (%)      :         36.012129
  V. Op. Ratio (%)      :         36.124199
  V. Op. Ratio (%)      :         37.453723
MIPS                        :      255.224 [0,3]      323.612 [0,1]      287.997
  Memory Size (MB)      :         48.031250
  Memory Size (MB)      :         48.031250
  Memory Size (MB)      :         48.031250
Instruction Cache miss (sec):        1.571 [0,2]        1.647 [0,1]        1.614
  MIPS                  :        323.527166
  MIPS                  :        255.187928
  MIPS                  :        259.380208
Operand     Cache miss (sec):        2.178 [0,2]        2.290 [0,1]        2.228
  I-Cache (sec)         :          1.635184
  I-Cache (sec)         :          1.574789
  I-Cache (sec)         :          1.655901
Bank     Conflict Time (sec):        0.033 [0,2]        0.035   O-Cache (sec)         :          2.234007
  O-Cache (sec)         :          2.179007
  O-Cache (sec)         :          2.296437
[0,3]        0.034
  Bank (sec)            :          0.076311
  Bank (sec)            :          0.078368
  Bank (sec)            :          0.076519


Overall Data:
=============

Real   Time (sec)           :     2125.118
User   Time (sec)           :     1705.598
System Time (sec)           :      600.753
Vector Time (sec)           :       62.693
GOPS   (rel. to User Time)  :        1.794
GFLOPS (rel. to User Time)  :        0.141
Memory size used (GB)       :        0.348

 
 
 
 
  Start Time (date)  :  2011/10/10 18:21:19
  Start Time (date)  :  2011/10/10 18:21:19
  Start Time (date)  :  2011/10/10 18:21:19
 
  End   Time (date)  :  2011/10/10 18:56:44
  End   Time (date)  :  2011/10/10 18:56:44
  End   Time (date)  :  2011/10/10 18:56:44
     ******  Program Information  ******
  Real Time (sec)       :       2125.742789
  User Time (sec)       :        381.826823
  Sys  Time (sec)       :        151.769420
  Vector Time (sec)     :         13.647918
  Inst. Count           :      119765962983.
  V. Inst. Count        :         282446135.
  V. Element Count      :       71038506934.
  FLOP Count            :       15274316947.
  MOPS                  :        498.974960
  MFLOPS                :         40.003258
  VLEN                  :        251.511698
  V. Op. Ratio (%)      :         37.286244
  Memory Size (MB)      :         48.031250
  MIPS                  :        313.665661
  I-Cache (sec)         :          1.608892
  O-Cache (sec)         :          2.214158
  Bank (sec)            :          0.073056
 
  Start Time (date)  :  2011/10/10 18:21:19
  End   Time (date)  :  2011/10/10 18:56:44
logout
