stty: : Invalid argument
vt100
resize:  can't open terminal /dev/tty
======================================
Welcome to tupan11: SUPER-UX 14.1 SX-6
Today is Tue Oct 11 06:24:54 GMT 2011
======================================
/gfs/home3/modoper/tempo/global/oens
/gfs/home3/modoper/tempo/global/oens
/gfs/dk22/modoper/tempo/global/oens
run
 F_SETBUF = 2048
MODEL  -- SUBMITTED ...
MPI/SX: command Version 7.2.1 (25. June 2007): Copyright (c) NEC Corporation 1996-2007
MPI/SX: daemon  Version 7.2.4 (21. August 2008): Copyright (c) NEC Corporation 1996-2008

Values of significant variables used by MPI/SX:
-----------------------------------------------

  DISPLAY         = 
  MPICOLLORDER    = OFF
  MPICOMMINF      = NO
  MPIMULTITASKMIX = OFF
  MPIPROGINF      = DETAIL
  MPISUSPEND      = OFF
  MPIVERSION      = ON

Derived and further values:
---------------------------

  Wait method              : Busy waiting
  Global memory            : SX Global Memory

/usr/lib/mpi/mpid: Creating 4 processes of '/gfs/home3/modoper/tempo/global/oens/run/MpisepEnsmed2011101100.scr' on local host tupan11

MPI Program Information:
========================
Note: It is measured from MPI_Init till MPI_Finalize.
      [U,R] specifies the Universe and the Process Rank in the Universe.

 
 
 
Global Data of 4 processes  :          Min [U,R]          Max [U,R]      Average
==========================

 
 
 
Real   Time (sec)           :     2145.282 [0,2]     2145.295 [0,1]     2145.288
     ******  Program Information  ******
     ******  Program Information  ******
     ******  Program Information  ******
User   Time (sec)           :      373.805 [0,1]      437.250 [0,3]      405.953
  Real Time (sec)       :       2145.478479
  Real Time (sec)       :       2145.489795
  Real Time (sec)       :       2145.448446
System Time (sec)           :      137.713 [0,2]      146.459 [0,1]      141.629
  User Time (sec)       :        373.900167
  User Time (sec)       :        431.157896
  User Time (sec)       :        437.347116
Vector Time (sec)           :       11.880 [0,1]       14.866 [0,3]       13.415
  Sys  Time (sec)       :        137.742522
  Sys  Time (sec)       :        138.852170
  Sys  Time (sec)       :        146.497142
Instruction Count           : 119306711245 [0,2] 121684602926 [0,1] 120145484101
  Vector Time (sec)     :         14.866102
  Vector Time (sec)     :         11.880241
  Vector Time (sec)     :         14.594675
Vector Instruction Count    :    283174636 [0,0]    296808776 [0,3]    289656411
  Inst. Count           :      121700043394.
  Inst. Count           :      119322152958.
  Inst. Count           :      119721587145.
Vector Element Count        :  68473278642 [0,2]  72705185054 [0,1]  70180413160
  V. Inst. Count        :         294612743.
  V. Inst. Count        :         296813321.
  V. Inst. Count        :         284038606.
FLOP Count                  :  14667519515 [0,2]  15645352891 [0,1]  15063668534
  V. Element Count      :       68498016791.
  V. Element Count      :       72705777480.
  V. Element Count      :       68473871165.
MOPS                        :      429.747 [0,3]      519.270 [0,1]      470.858
  FLOP Count            :       15645354394.
  FLOP Count            :       14667521016.
  FLOP Count            :       14667522674.
MFLOPS                      :       33.545 [0,3]       41.854 [0,1]       37.361
  MOPS                  :        434.878760
  MOPS                  :        429.687962
  MOPS                  :        519.180785
Average Vector Length       :      230.780 [0,3]      255.973 [0,1]      242.516
  MFLOPS                :         33.537486
  MFLOPS                :         41.843668
  MFLOPS                :         34.018908
Vector Operation Ratio (%)  :       36.453 [0,3]       37.456 [0,1]       36.924
  VLEN                  :        255.971463
  VLEN                  :        232.419923
  VLEN                  :        230.778108
Memory size used (MB)       :       89.004 [0,0]       89.004 [0,0]       89.004
  V. Op. Ratio (%)      :         36.519123
  V. Op. Ratio (%)      :         36.450085
  V. Op. Ratio (%)      :         37.453694
MIPS                        :      273.770 [0,3]      325.529 [0,1]      297.540
  Memory Size (MB)      :         48.031250
  Memory Size (MB)      :         48.031250
  Memory Size (MB)      :         48.031250
Instruction Cache miss (sec):        1.442 [0,2]        1.550 [0,3]        1.509
  MIPS                  :        325.488069
  MIPS                  :        276.748157
  MIPS                  :        273.745002
Operand     Cache miss (sec):        1.943 [0,2]        2.061 [0,1]        2.018
  I-Cache (sec)         :          1.445125
  I-Cache (sec)         :          1.552837
  I-Cache (sec)         :          1.534484
Bank     Conflict Time (sec):        0.005 [0,2]        0.005 [0,1]        0.005


Overall Data:
=============

Real   Time (sec)           :     2145.295
User   Time (sec)           :     1623.812
System Time (sec)           :      566.515
Vector Time (sec)           :       53.662
GOPS   (rel. to User Time)  :        1.872
GFLOPS (rel. to User Time)  :        0.148
Memory size used (GB)       :        0.348

  O-Cache (sec)         :          2.061847
  O-Cache (sec)         :          1.943985
  O-Cache (sec)         :          2.049542
 
  Bank (sec)            :          0.039025
  Bank (sec)            :          0.031557
  Bank (sec)            :          0.036405
 
 
 
 
     ******  Program Information  ******
  Start Time (date)  :  2011/10/11 06:24:56
  Start Time (date)  :  2011/10/11 06:24:56
  Start Time (date)  :  2011/10/11 06:24:56
  Real Time (sec)       :       2145.816287
  End   Time (date)  :  2011/10/11 07:00:41
  End   Time (date)  :  2011/10/11 07:00:41
  End   Time (date)  :  2011/10/11 07:00:41
  User Time (sec)       :        381.776383
  Sys  Time (sec)       :        143.653915
  Vector Time (sec)     :         12.321770
  Inst. Count           :      119900049576.
  V. Inst. Count        :         283180323.
  V. Element Count      :       71046539612.
  FLOP Count            :       15274316352.
  MOPS                  :        499.411219
  MFLOPS                :         40.008542
  VLEN                  :        250.887981
  V. Op. Ratio (%)      :         37.262808
  Memory Size (MB)      :         48.031250
  MIPS                  :        314.058320
  I-Cache (sec)         :          1.516091
  O-Cache (sec)         :          2.018499
  Bank (sec)            :          0.016170
 
  Start Time (date)  :  2011/10/11 06:24:56
  End   Time (date)  :  2011/10/11 07:00:42
logout
