stty: : Invalid argument
vt100
resize:  can't open terminal /dev/tty
======================================
Welcome to tupan00: SUPER-UX 14.1 SX-6
Today is Sun Feb 12 18:53:08 GMT 2012
======================================
/gfs/home3/modoper/tempo/global/oens
/gfs/home3/modoper/tempo/global/oens
/gfs/dk22/modoper/tempo/global/oens
run
 F_SETBUF = 2048
MODEL  -- SUBMITTED ...
MPI/SX: command Version 7.2.1 (25. June 2007): Copyright (c) NEC Corporation 1996-2007
MPI/SX: daemon  Version 7.2.4 (21. August 2008): Copyright (c) NEC Corporation 1996-2008

Values of significant variables used by MPI/SX:
-----------------------------------------------

  DISPLAY         = 
  MPICOLLORDER    = OFF
  MPICOMMINF      = NO
  MPIMULTITASKMIX = OFF
  MPIPROGINF      = DETAIL
  MPISUSPEND      = OFF
  MPIVERSION      = ON

Derived and further values:
---------------------------

  Wait method              : Busy waiting
  Global memory            : SX Global Memory

/usr/lib/mpi/mpid: Creating 4 processes of '/gfs/home3/modoper/tempo/global/oens/run/MpisepEnsmed2012021212.scr' on local host tupan00

MPI Program Information:
========================
Note: It is measured from MPI_Init till MPI_Finalize.
      [U,R] specifies the Universe and the Process Rank in the Universe.

 
 
 
Global Data of 4 processes  :          Min [U,R]          Max [U,R]      Average
==========================

 
 
 
Real   Time (sec)           :     2114.710 [0,3]     2114.734 [0,1]     2114.718
     ******  Program Information  ******
     ******  Program Information  ******
     ******  Program Information  ******
User   Time (sec)           :      373.816 [0,1]      477.161 [0,3]      422.591
  Real Time (sec)       :       2114.938298
  Real Time (sec)       :       2114.907070
  Real Time (sec)       :       2114.918830
System Time (sec)           :      138.271 [0,2]      147.149 [0,1]      142.175
  User Time (sec)       :        477.281706
  User Time (sec)       :        447.683925
  User Time (sec)       :        373.919581
Vector Time (sec)           :       11.882 [0,1]       16.598 [0,3]       14.130
  Sys  Time (sec)       :        138.296289
  Sys  Time (sec)       :        147.200103
  Sys  Time (sec)       :        138.638084
Instruction Count           : 120374652514 [0,2] 122295737891 [0,3] 121224443811
  Vector Time (sec)     :         11.882406
  Vector Time (sec)     :         16.598340
  Vector Time (sec)     :         15.293992
Vector Instruction Count    :    284034635 [0,1]    310821959 [0,3]    295502421
  Inst. Count           :      122311180098.
  Inst. Count           :      120390091731.
  Inst. Count           :      121700068960.
Vector Element Count        :  68537047694 [0,2]  72705189698   V. Inst. Count        :         310826522.
  V. Inst. Count        :         300415450.
  V. Inst. Count        :         284039192.
[0,1]  70244719940
  V. Element Count      :       68652229952.
  V. Element Count      :       68537640052.
  V. Element Count      :       72705782125.
FLOP Count                  :  14667521181 [0,2]  15645356365 [0,1]  15063670192
  FLOP Count            :       14667522622.
  FLOP Count            :       15645357808.
  FLOP Count            :       14667523228.
MOPS                        :      399.522 [0,3]      519.254 [0,1]      457.132
  MOPS                  :        519.153908
  MOPS                  :        399.455041
  MOPS                  :        421.340382
MFLOPS                      :       30.739 [0,3]       41.853 [0,1]       36.087
  MFLOPS                :         30.731375
  MFLOPS                :         32.763121
  MFLOPS                :         41.841504
Average Vector Length       :      220.871 [0,3]      255.973 [0,1]      238.224
  VLEN                  :        228.142860
  VLEN                  :        255.970951
  VLEN                  :        220.869923
Vector Operation Ratio (%)  :       36.012 [0,3]       37.456 [0,1]       36.739
  V. Op. Ratio (%)      :         37.453690
  V. Op. Ratio (%)      :         36.009074
  V. Op. Ratio (%)      :         36.334949
Memory size used (MB)       :       89.004 [0,0]       89.004 [0,0]       89.004
  Memory Size (MB)      :         48.031250
  Memory Size (MB)      :         48.031250
  Memory Size (MB)      :         48.031250
MIPS                        :      256.299 [0,3]      325.520 [0,1]      289.605
  MIPS                  :        268.917611
  MIPS                  :        325.471238
  MIPS                  :        256.266223
Instruction Cache miss (sec):        1.458 [0,2]        1.548 [0,1]        1.512
  I-Cache (sec)         :          1.550708
  I-Cache (sec)         :          1.507608
  I-Cache (sec)         :          1.463061
Operand     Cache miss (sec):        1.939 [0,2]        2.057 [0,1]        2.005
  O-Cache (sec)         :          1.986913
  O-Cache (sec)         :          1.940802
  O-Cache (sec)         :          2.057912
Bank     Conflict Time (sec):        0.005 [0,3]        0.005 [0,1]        0.005


Overall Data:
=============

Real   Time (sec)           :     2114.734
User   Time (sec)           :     1690.365
System Time (sec)           :      568.700
Vector Time (sec)           :       56.521
GOPS   (rel. to User Time)  :        1.810
GFLOPS (rel. to User Time)  :        0.143
Memory size used (GB)       :        0.348

  Bank (sec)            :          0.042617
  Bank (sec)            :          0.056627
  Bank (sec)            :          0.056710
 
 
 
 
 
  Start Time (date)  :  2012/02/12 18:53:10
  Start Time (date)  :  2012/02/12 18:53:10
  Start Time (date)  :  2012/02/12 18:53:10
     ******  Program Information  ******
  End   Time (date)  :  2012/02/12 19:28:25
  End   Time (date)  :  2012/02/12 19:28:25
  End   Time (date)  :  2012/02/12 19:28:25
  Real Time (sec)       :       2115.240136
  User Time (sec)       :        391.943017
  Sys  Time (sec)       :        144.802501
  Vector Time (sec)     :         12.747598
  Inst. Count           :      120558333941.
  V. Inst. Count        :         286747880.
  V. Element Count      :       71085780139.
  FLOP Count            :       15274317167.
  MOPS                  :        488.227518
  MFLOPS                :         38.970760
  VLEN                  :        247.903420
  V. Op. Ratio (%)      :         37.148181
  Memory Size (MB)      :         48.031250
  MIPS                  :        307.591484
  I-Cache (sec)         :          1.542178
  O-Cache (sec)         :          2.038325
  Bank (sec)            :          0.050209
 
  Start Time (date)  :  2012/02/12 18:53:10
  End   Time (date)  :  2012/02/12 19:28:25
logout
