stty: : Invalid argument
vt100
resize:  can't open terminal /dev/tty
======================================
Welcome to tupan00: SUPER-UX 14.1 SX-6
Today is Sun Feb 12 16:41:02 GMT 2012
======================================
runperreco1.sx6 126 28 05 2012021212 15 NO 07 
sx6
2012021216:41
out
/gfs/home3/modoper/tempo/global/oens
/gfs/home3/modoper/tempo/global/oens
/gfs/dk22/modoper/tempo/global/oens
/gfs/dk22/modoper/tempo/global/oens/model/datain
/gfs/home3/modoper/tempo/global/oens/run/setperreco.1.05T126L28.sx6
Date: 20120212
Hour: 16:41
2012021212


rm: ERROR: Cannot access templ052012021212: No such file or directory
-rw-r--r--    1 modoper  pnt             200 Feb 12 16:41 /gfs/home3/modoper/tempo/global/oens/eof/datain/templ052012021212
ls: ERROR: Cannot access /gfs/dk22/modoper/tempo/global/oens/recfct/dataout/T126L28/GFCT05R2012021212*.fct*: No such file or directory
sx6
PNT-EN
12021216:41
out
/gfs/home3/modoper/tempo/global/oens
/gfs/home3/modoper/tempo/global/oens
/gfs/dk22/modoper/tempo/global/oens
/gfs/dk22/modoper/tempo/global/oens/model/datain
/gfs/home3/modoper/tempo/global/oens/run/setrecfct.1.FCT05RT126L28.sx6
Date: 20120212
Hour: 16:41
FCT05R
2012021212
2012021215
GFCT05R
GFCT05R
GFCT05R
F.fct
F.fct
R.fct
/gfs/home3/modoper/tempo/global/oens
/gfs/home3/modoper/tempo/global/oens
/gfs/dk22/modoper/tempo/global/oens
/gfs/dk22/modoper/tempo/global/oens/model/datain
run
run
GFCT05R20120212122012021215F.fct.T126L28
/gfs/home3/modoper/tempo/global/oens/recfct/datain/GFCT05R20120212122012021215F.fct.T126L28
+ echo Recomposition  -x-  RUNNING ...
Recomposition  -x-  RUNNING ...
+ source=/gfs/home3/modoper/tempo/global/oens/recfct/source
+ bin=/gfs/home3/modoper/tempo/global/oens/recfct/bin/T126L28
+ input=/gfs/home3/modoper/tempo/global/oens/recfct/datain
+ out=/gfs/home3/modoper/tempo/global/oens/recfct/output
+ echo run
run
+ [ run = make ]
+ echo run
run
+ [ run = clean ]
+ cd /gfs/home3/modoper/tempo/global/oens/recfct/bin/T126L28
+ echo ./recfct.T126L28 < /gfs/home3/modoper/tempo/global/oens/recfct/datain/recfctFCT05R.nml > /gfs/home3/modoper/tempo/global/oens/recfct/output/recfct.out.2012021212.16:41.T126L28
./recfct.T126L28 < /gfs/home3/modoper/tempo/global/oens/recfct/datain/recfctFCT05R.nml > /gfs/home3/modoper/tempo/global/oens/recfct/output/recfct.out.2012021212.16:41.T126L28
+ ./recfct.T126L28
+ 0< /gfs/home3/modoper/tempo/global/oens/recfct/datain/recfctFCT05R.nml 1> /gfs/home3/modoper/tempo/global/oens/recfct/output/recfct.out.2012021212.16:41.T126L28
 
 
     ******  Program Information  ******
  Real Time (sec)       :          5.421913
  User Time (sec)       :          4.126185
  Sys  Time (sec)       :          0.058104
  Vector Time (sec)     :          0.344094
  Inst. Count           :        1596986079.
  V. Inst. Count        :          16052480.
  V. Element Count      :        1289251883.
  FLOP Count            :         534710005.
  MOPS                  :        695.602739
  MFLOPS                :        129.589445
  VLEN                  :         80.314810
  V. Op. Ratio (%)      :         44.918765
  Memory Size (MB)      :        192.031250
  MIPS                  :        387.036969
  I-Cache (sec)         :          0.000861
  O-Cache (sec)         :          0.863015
  Bank (sec)            :          0.001190
 
  Start Time (date)  :  2012/02/12 16:41:05
  End   Time (date)  :  2012/02/12 16:41:11
-rw-r--r--    1 modoper  pnt             400 Feb 12 16:41 /gfs/home3/modoper/tempo/global/oens/eof/datain/templ052012021212
sx6
PNT-EN
12021216:41
out
/gfs/home3/modoper/tempo/global/oens
/gfs/home3/modoper/tempo/global/oens
/gfs/dk22/modoper/tempo/global/oens
/gfs/dk22/modoper/tempo/global/oens/model/datain
/gfs/home3/modoper/tempo/global/oens/run/setrecfct.1.FCT05RT126L28.sx6
Date: 20120212
Hour: 16:41
FCT05R
2012021212
2012021218
GFCT05R
GFCT05R
GFCT05R
F.fct
F.fct
R.fct
/gfs/home3/modoper/tempo/global/oens
/gfs/home3/modoper/tempo/global/oens
/gfs/dk22/modoper/tempo/global/oens
/gfs/dk22/modoper/tempo/global/oens/model/datain
run
run
GFCT05R20120212122012021218F.fct.T126L28
/gfs/home3/modoper/tempo/global/oens/recfct/datain/GFCT05R20120212122012021218F.fct.T126L28
+ echo Recomposition  -x-  RUNNING ...
Recomposition  -x-  RUNNING ...
+ source=/gfs/home3/modoper/tempo/global/oens/recfct/source
+ bin=/gfs/home3/modoper/tempo/global/oens/recfct/bin/T126L28
+ input=/gfs/home3/modoper/tempo/global/oens/recfct/datain
+ out=/gfs/home3/modoper/tempo/global/oens/recfct/output
+ echo run
run
+ [ run = make ]
+ echo run
run
+ [ run = clean ]
+ cd /gfs/home3/modoper/tempo/global/oens/recfct/bin/T126L28
+ echo ./recfct.T126L28 < /gfs/home3/modoper/tempo/global/oens/recfct/datain/recfctFCT05R.nml > /gfs/home3/modoper/tempo/global/oens/recfct/output/recfct.out.2012021212.16:41.T126L28
./recfct.T126L28 < /gfs/home3/modoper/tempo/global/oens/recfct/datain/recfctFCT05R.nml > /gfs/home3/modoper/tempo/global/oens/recfct/output/recfct.out.2012021212.16:41.T126L28
+ ./recfct.T126L28
+ 0< /gfs/home3/modoper/tempo/global/oens/recfct/datain/recfctFCT05R.nml 1> /gfs/home3/modoper/tempo/global/oens/recfct/output/recfct.out.2012021212.16:41.T126L28
 
 
     ******  Program Information  ******
  Real Time (sec)       :          6.304888
  User Time (sec)       :          4.129926
  Sys  Time (sec)       :          0.087570
  Vector Time (sec)     :          0.344451
  Inst. Count           :        1596986079.
  V. Inst. Count        :          16052480.
  V. Element Count      :        1289251883.
  FLOP Count            :         534710005.
  MOPS                  :        694.972598
  MFLOPS                :        129.472051
  VLEN                  :         80.314810
  V. Op. Ratio (%)      :         44.918765
  Memory Size (MB)      :        192.031250
  MIPS                  :        386.686356
  I-Cache (sec)         :          0.003471
  O-Cache (sec)         :          0.866602
  Bank (sec)            :          0.001191
 
  Start Time (date)  :  2012/02/12 16:41:12
  End   Time (date)  :  2012/02/12 16:41:18
-rw-r--r--    1 modoper  pnt             600 Feb 12 16:41 /gfs/home3/modoper/tempo/global/oens/eof/datain/templ052012021212
sx6
PNT-EN
12021216:41
out
/gfs/home3/modoper/tempo/global/oens
/gfs/home3/modoper/tempo/global/oens
/gfs/dk22/modoper/tempo/global/oens
/gfs/dk22/modoper/tempo/global/oens/model/datain
/gfs/home3/modoper/tempo/global/oens/run/setrecfct.1.FCT05RT126L28.sx6
Date: 20120212
Hour: 16:41
FCT05R
2012021212
2012021221
GFCT05R
GFCT05R
GFCT05R
F.fct
F.fct
R.fct
/gfs/home3/modoper/tempo/global/oens
/gfs/home3/modoper/tempo/global/oens
/gfs/dk22/modoper/tempo/global/oens
/gfs/dk22/modoper/tempo/global/oens/model/datain
run
run
GFCT05R20120212122012021221F.fct.T126L28
/gfs/home3/modoper/tempo/global/oens/recfct/datain/GFCT05R20120212122012021221F.fct.T126L28
+ echo Recomposition  -x-  RUNNING ...
Recomposition  -x-  RUNNING ...
+ source=/gfs/home3/modoper/tempo/global/oens/recfct/source
+ bin=/gfs/home3/modoper/tempo/global/oens/recfct/bin/T126L28
+ input=/gfs/home3/modoper/tempo/global/oens/recfct/datain
+ out=/gfs/home3/modoper/tempo/global/oens/recfct/output
+ echo run
run
+ [ run = make ]
+ echo run
run
+ [ run = clean ]
+ cd /gfs/home3/modoper/tempo/global/oens/recfct/bin/T126L28
+ echo ./recfct.T126L28 < /gfs/home3/modoper/tempo/global/oens/recfct/datain/recfctFCT05R.nml > /gfs/home3/modoper/tempo/global/oens/recfct/output/recfct.out.2012021212.16:41.T126L28
./recfct.T126L28 < /gfs/home3/modoper/tempo/global/oens/recfct/datain/recfctFCT05R.nml > /gfs/home3/modoper/tempo/global/oens/recfct/output/recfct.out.2012021212.16:41.T126L28
+ ./recfct.T126L28
+ 0< /gfs/home3/modoper/tempo/global/oens/recfct/datain/recfctFCT05R.nml 1> /gfs/home3/modoper/tempo/global/oens/recfct/output/recfct.out.2012021212.16:41.T126L28
 
 
     ******  Program Information  ******
  Real Time (sec)       :          5.687534
  User Time (sec)       :          4.129963
  Sys  Time (sec)       :          0.057430
  Vector Time (sec)     :          0.346351
  Inst. Count           :        1596986079.
  V. Inst. Count        :          16052480.
  V. Element Count      :        1289251883.
  FLOP Count            :         534710005.
  MOPS                  :        694.966420
  MFLOPS                :        129.470900
  VLEN                  :         80.314810
  V. Op. Ratio (%)      :         44.918765
  Memory Size (MB)      :        192.031250
  MIPS                  :        386.682918
  I-Cache (sec)         :          0.000777
  O-Cache (sec)         :          0.863729
  Bank (sec)            :          0.001190
 
  Start Time (date)  :  2012/02/12 16:41:19
  End   Time (date)  :  2012/02/12 16:41:25
-rw-r--r--    1 modoper  pnt             800 Feb 12 16:41 /gfs/home3/modoper/tempo/global/oens/eof/datain/templ052012021212
sx6
PNT-EN
12021216:41
out
/gfs/home3/modoper/tempo/global/oens
/gfs/home3/modoper/tempo/global/oens
/gfs/dk22/modoper/tempo/global/oens
/gfs/dk22/modoper/tempo/global/oens/model/datain
/gfs/home3/modoper/tempo/global/oens/run/setrecfct.1.FCT05RT126L28.sx6
Date: 20120212
Hour: 16:41
FCT05R
2012021212
2012021300
GFCT05R
GFCT05R
GFCT05R
F.fct
F.fct
R.fct
/gfs/home3/modoper/tempo/global/oens
/gfs/home3/modoper/tempo/global/oens
/gfs/dk22/modoper/tempo/global/oens
/gfs/dk22/modoper/tempo/global/oens/model/datain
run
run
GFCT05R20120212122012021300F.fct.T126L28
/gfs/home3/modoper/tempo/global/oens/recfct/datain/GFCT05R20120212122012021300F.fct.T126L28
+ echo Recomposition  -x-  RUNNING ...
Recomposition  -x-  RUNNING ...
+ source=/gfs/home3/modoper/tempo/global/oens/recfct/source
+ bin=/gfs/home3/modoper/tempo/global/oens/recfct/bin/T126L28
+ input=/gfs/home3/modoper/tempo/global/oens/recfct/datain
+ out=/gfs/home3/modoper/tempo/global/oens/recfct/output
+ echo run
run
+ [ run = make ]
+ echo run
run
+ [ run = clean ]
+ cd /gfs/home3/modoper/tempo/global/oens/recfct/bin/T126L28
+ echo ./recfct.T126L28 < /gfs/home3/modoper/tempo/global/oens/recfct/datain/recfctFCT05R.nml > /gfs/home3/modoper/tempo/global/oens/recfct/output/recfct.out.2012021212.16:41.T126L28
./recfct.T126L28 < /gfs/home3/modoper/tempo/global/oens/recfct/datain/recfctFCT05R.nml > /gfs/home3/modoper/tempo/global/oens/recfct/output/recfct.out.2012021212.16:41.T126L28
+ ./recfct.T126L28
+ 0< /gfs/home3/modoper/tempo/global/oens/recfct/datain/recfctFCT05R.nml 1> /gfs/home3/modoper/tempo/global/oens/recfct/output/recfct.out.2012021212.16:41.T126L28
 
 
     ******  Program Information  ******
  Real Time (sec)       :          6.498439
  User Time (sec)       :          4.126586
  Sys  Time (sec)       :          0.059917
  Vector Time (sec)     :          0.345227
  Inst. Count           :        1596986048.
  V. Inst. Count        :          16052480.
  V. Element Count      :        1289251883.
  FLOP Count            :         534710004.
  MOPS                  :        695.535152
  MFLOPS                :        129.576855
  VLEN                  :         80.314810
  V. Op. Ratio (%)      :         44.918766
  Memory Size (MB)      :        192.031250
  MIPS                  :        386.999360
  I-Cache (sec)         :          0.000789
  O-Cache (sec)         :          0.861641
  Bank (sec)            :          0.001190
 
  Start Time (date)  :  2012/02/12 16:41:26
  End   Time (date)  :  2012/02/12 16:41:32
-rw-r--r--    1 modoper  pnt            1000 Feb 12 16:41 /gfs/home3/modoper/tempo/global/oens/eof/datain/templ052012021212
sx6
PNT-EN
12021216:41
out
/gfs/home3/modoper/tempo/global/oens
/gfs/home3/modoper/tempo/global/oens
/gfs/dk22/modoper/tempo/global/oens
/gfs/dk22/modoper/tempo/global/oens/model/datain
/gfs/home3/modoper/tempo/global/oens/run/setrecfct.1.FCT05RT126L28.sx6
Date: 20120212
Hour: 16:41
FCT05R
2012021212
2012021303
GFCT05R
GFCT05R
GFCT05R
F.fct
F.fct
R.fct
/gfs/home3/modoper/tempo/global/oens
/gfs/home3/modoper/tempo/global/oens
/gfs/dk22/modoper/tempo/global/oens
/gfs/dk22/modoper/tempo/global/oens/model/datain
run
run
GFCT05R20120212122012021303F.fct.T126L28
/gfs/home3/modoper/tempo/global/oens/recfct/datain/GFCT05R20120212122012021303F.fct.T126L28
+ echo Recomposition  -x-  RUNNING ...
Recomposition  -x-  RUNNING ...
+ source=/gfs/home3/modoper/tempo/global/oens/recfct/source
+ bin=/gfs/home3/modoper/tempo/global/oens/recfct/bin/T126L28
+ input=/gfs/home3/modoper/tempo/global/oens/recfct/datain
+ out=/gfs/home3/modoper/tempo/global/oens/recfct/output
+ echo run
run
+ [ run = make ]
+ echo run
run
+ [ run = clean ]
+ cd /gfs/home3/modoper/tempo/global/oens/recfct/bin/T126L28
+ echo ./recfct.T126L28 < /gfs/home3/modoper/tempo/global/oens/recfct/datain/recfctFCT05R.nml > /gfs/home3/modoper/tempo/global/oens/recfct/output/recfct.out.2012021212.16:41.T126L28
./recfct.T126L28 < /gfs/home3/modoper/tempo/global/oens/recfct/datain/recfctFCT05R.nml > /gfs/home3/modoper/tempo/global/oens/recfct/output/recfct.out.2012021212.16:41.T126L28
+ ./recfct.T126L28
+ 0< /gfs/home3/modoper/tempo/global/oens/recfct/datain/recfctFCT05R.nml 1> /gfs/home3/modoper/tempo/global/oens/recfct/output/recfct.out.2012021212.16:41.T126L28
 
 
     ******  Program Information  ******
  Real Time (sec)       :          5.866537
  User Time (sec)       :          4.133937
  Sys  Time (sec)       :          0.067269
  Vector Time (sec)     :          0.346134
  Inst. Count           :        1596986048.
  V. Inst. Count        :          16052480.
  V. Element Count      :        1289251883.
  FLOP Count            :         534710004.
  MOPS                  :        694.298281
  MFLOPS                :        129.346428
  VLEN                  :         80.314810
  V. Op. Ratio (%)      :         44.918766
  Memory Size (MB)      :        192.031250
  MIPS                  :        386.311159
  I-Cache (sec)         :          0.003283
  O-Cache (sec)         :          0.869791
  Bank (sec)            :          0.001190
 
  Start Time (date)  :  2012/02/12 16:41:33
  End   Time (date)  :  2012/02/12 16:41:39
-rw-r--r--    1 modoper  pnt            1200 Feb 12 16:41 /gfs/home3/modoper/tempo/global/oens/eof/datain/templ052012021212
sx6
PNT-EN
12021216:41
out
/gfs/home3/modoper/tempo/global/oens
/gfs/home3/modoper/tempo/global/oens
/gfs/dk22/modoper/tempo/global/oens
/gfs/dk22/modoper/tempo/global/oens/model/datain
/gfs/home3/modoper/tempo/global/oens/run/setrecfct.1.FCT05RT126L28.sx6
Date: 20120212
Hour: 16:41
FCT05R
2012021212
2012021306
GFCT05R
GFCT05R
GFCT05R
F.fct
F.fct
R.fct
/gfs/home3/modoper/tempo/global/oens
/gfs/home3/modoper/tempo/global/oens
/gfs/dk22/modoper/tempo/global/oens
/gfs/dk22/modoper/tempo/global/oens/model/datain
run
run
GFCT05R20120212122012021306F.fct.T126L28
/gfs/home3/modoper/tempo/global/oens/recfct/datain/GFCT05R20120212122012021306F.fct.T126L28
+ echo Recomposition  -x-  RUNNING ...
Recomposition  -x-  RUNNING ...
+ source=/gfs/home3/modoper/tempo/global/oens/recfct/source
+ bin=/gfs/home3/modoper/tempo/global/oens/recfct/bin/T126L28
+ input=/gfs/home3/modoper/tempo/global/oens/recfct/datain
+ out=/gfs/home3/modoper/tempo/global/oens/recfct/output
+ echo run
run
+ [ run = make ]
+ echo run
run
+ [ run = clean ]
+ cd /gfs/home3/modoper/tempo/global/oens/recfct/bin/T126L28
+ echo ./recfct.T126L28 < /gfs/home3/modoper/tempo/global/oens/recfct/datain/recfctFCT05R.nml > /gfs/home3/modoper/tempo/global/oens/recfct/output/recfct.out.2012021212.16:41.T126L28
./recfct.T126L28 < /gfs/home3/modoper/tempo/global/oens/recfct/datain/recfctFCT05R.nml > /gfs/home3/modoper/tempo/global/oens/recfct/output/recfct.out.2012021212.16:41.T126L28
+ ./recfct.T126L28
+ 0< /gfs/home3/modoper/tempo/global/oens/recfct/datain/recfctFCT05R.nml 1> /gfs/home3/modoper/tempo/global/oens/recfct/output/recfct.out.2012021212.16:41.T126L28
 
 
     ******  Program Information  ******
  Real Time (sec)       :          5.490415
  User Time (sec)       :          4.131731
  Sys  Time (sec)       :          0.055496
  Vector Time (sec)     :          0.346166
  Inst. Count           :        1596986048.
  V. Inst. Count        :          16052480.
  V. Element Count      :        1289251883.
  FLOP Count            :         534710004.
  MOPS                  :        694.669004
  MFLOPS                :        129.415493
  VLEN                  :         80.314810
  V. Op. Ratio (%)      :         44.918766
  Memory Size (MB)      :        192.031250
  MIPS                  :        386.517431
  I-Cache (sec)         :          0.000777
  O-Cache (sec)         :          0.869530
  Bank (sec)            :          0.001190
 
  Start Time (date)  :  2012/02/12 16:41:40
  End   Time (date)  :  2012/02/12 16:41:46
-rw-r--r--    1 modoper  pnt            1400 Feb 12 16:41 /gfs/home3/modoper/tempo/global/oens/eof/datain/templ052012021212
sx6
PNT-EN
12021216:41
out
/gfs/home3/modoper/tempo/global/oens
/gfs/home3/modoper/tempo/global/oens
/gfs/dk22/modoper/tempo/global/oens
/gfs/dk22/modoper/tempo/global/oens/model/datain
/gfs/home3/modoper/tempo/global/oens/run/setrecfct.1.FCT05RT126L28.sx6
Date: 20120212
Hour: 16:41
FCT05R
2012021212
2012021309
GFCT05R
GFCT05R
GFCT05R
F.fct
F.fct
R.fct
/gfs/home3/modoper/tempo/global/oens
/gfs/home3/modoper/tempo/global/oens
/gfs/dk22/modoper/tempo/global/oens
/gfs/dk22/modoper/tempo/global/oens/model/datain
run
run
GFCT05R20120212122012021309F.fct.T126L28
/gfs/home3/modoper/tempo/global/oens/recfct/datain/GFCT05R20120212122012021309F.fct.T126L28
+ echo Recomposition  -x-  RUNNING ...
Recomposition  -x-  RUNNING ...
+ source=/gfs/home3/modoper/tempo/global/oens/recfct/source
+ bin=/gfs/home3/modoper/tempo/global/oens/recfct/bin/T126L28
+ input=/gfs/home3/modoper/tempo/global/oens/recfct/datain
+ out=/gfs/home3/modoper/tempo/global/oens/recfct/output
+ echo run
run
+ [ run = make ]
+ echo run
run
+ [ run = clean ]
+ cd /gfs/home3/modoper/tempo/global/oens/recfct/bin/T126L28
+ echo ./recfct.T126L28 < /gfs/home3/modoper/tempo/global/oens/recfct/datain/recfctFCT05R.nml > /gfs/home3/modoper/tempo/global/oens/recfct/output/recfct.out.2012021212.16:41.T126L28
./recfct.T126L28 < /gfs/home3/modoper/tempo/global/oens/recfct/datain/recfctFCT05R.nml > /gfs/home3/modoper/tempo/global/oens/recfct/output/recfct.out.2012021212.16:41.T126L28
+ ./recfct.T126L28
+ 0< /gfs/home3/modoper/tempo/global/oens/recfct/datain/recfctFCT05R.nml 1> /gfs/home3/modoper/tempo/global/oens/recfct/output/recfct.out.2012021212.16:41.T126L28
 
 
     ******  Program Information  ******
  Real Time (sec)       :         12.231324
  User Time (sec)       :          4.130773
  Sys  Time (sec)       :          0.064924
  Vector Time (sec)     :          0.345724
  Inst. Count           :        1596986048.
  V. Inst. Count        :          16052480.
  V. Element Count      :        1289251883.
  FLOP Count            :         534710004.
  MOPS                  :        694.830156
  MFLOPS                :        129.445516
  VLEN                  :         80.314810
  V. Op. Ratio (%)      :         44.918766
  Memory Size (MB)      :        192.031250
  MIPS                  :        386.607097
  I-Cache (sec)         :          0.000805
  O-Cache (sec)         :          0.868928
  Bank (sec)            :          0.001190
 
  Start Time (date)  :  2012/02/12 16:41:47
  End   Time (date)  :  2012/02/12 16:41:59
-rw-r--r--    1 modoper  pnt            1600 Feb 12 16:41 /gfs/home3/modoper/tempo/global/oens/eof/datain/templ052012021212
sx6
PNT-EN
12021216:41
out
/gfs/home3/modoper/tempo/global/oens
/gfs/home3/modoper/tempo/global/oens
/gfs/dk22/modoper/tempo/global/oens
/gfs/dk22/modoper/tempo/global/oens/model/datain
/gfs/home3/modoper/tempo/global/oens/run/setrecfct.1.FCT05RT126L28.sx6
Date: 20120212
Hour: 16:42
FCT05R
2012021212
2012021312
GFCT05R
GFCT05R
GFCT05R
F.fct
F.fct
R.fct
/gfs/home3/modoper/tempo/global/oens
/gfs/home3/modoper/tempo/global/oens
/gfs/dk22/modoper/tempo/global/oens
/gfs/dk22/modoper/tempo/global/oens/model/datain
run
run
GFCT05R20120212122012021312F.fct.T126L28
/gfs/home3/modoper/tempo/global/oens/recfct/datain/GFCT05R20120212122012021312F.fct.T126L28
+ echo Recomposition  -x-  RUNNING ...
Recomposition  -x-  RUNNING ...
+ source=/gfs/home3/modoper/tempo/global/oens/recfct/source
+ bin=/gfs/home3/modoper/tempo/global/oens/recfct/bin/T126L28
+ input=/gfs/home3/modoper/tempo/global/oens/recfct/datain
+ out=/gfs/home3/modoper/tempo/global/oens/recfct/output
+ echo run
run
+ [ run = make ]
+ echo run
run
+ [ run = clean ]
+ cd /gfs/home3/modoper/tempo/global/oens/recfct/bin/T126L28
+ echo ./recfct.T126L28 < /gfs/home3/modoper/tempo/global/oens/recfct/datain/recfctFCT05R.nml > /gfs/home3/modoper/tempo/global/oens/recfct/output/recfct.out.2012021212.16:42.T126L28
./recfct.T126L28 < /gfs/home3/modoper/tempo/global/oens/recfct/datain/recfctFCT05R.nml > /gfs/home3/modoper/tempo/global/oens/recfct/output/recfct.out.2012021212.16:42.T126L28
+ ./recfct.T126L28
+ 0< /gfs/home3/modoper/tempo/global/oens/recfct/datain/recfctFCT05R.nml 1> /gfs/home3/modoper/tempo/global/oens/recfct/output/recfct.out.2012021212.16:42.T126L28
 
 
     ******  Program Information  ******
  Real Time (sec)       :         13.386526
  User Time (sec)       :          4.133417
  Sys  Time (sec)       :          0.097214
  Vector Time (sec)     :          0.345311
  Inst. Count           :        1596986079.
  V. Inst. Count        :          16052480.
  V. Element Count      :        1289251883.
  FLOP Count            :         534710005.
  MOPS                  :        694.385683
  MFLOPS                :        129.362710
  VLEN                  :         80.314810
  V. Op. Ratio (%)      :         44.918765
  Memory Size (MB)      :        192.031250
  MIPS                  :        386.359793
  I-Cache (sec)         :          0.003809
  O-Cache (sec)         :          0.868864
  Bank (sec)            :          0.001190
 
  Start Time (date)  :  2012/02/12 16:42:00
  End   Time (date)  :  2012/02/12 16:42:13
-rw-r--r--    1 modoper  pnt            1800 Feb 12 16:42 /gfs/home3/modoper/tempo/global/oens/eof/datain/templ052012021212
sx6
PNT-EN
12021216:42
out
/gfs/home3/modoper/tempo/global/oens
/gfs/home3/modoper/tempo/global/oens
/gfs/dk22/modoper/tempo/global/oens
/gfs/dk22/modoper/tempo/global/oens/model/datain
/gfs/home3/modoper/tempo/global/oens/run/setrecfct.1.FCT05RT126L28.sx6
Date: 20120212
Hour: 16:42
FCT05R
2012021212
2012021315
GFCT05R
GFCT05R
GFCT05R
F.fct
F.fct
R.fct
/gfs/home3/modoper/tempo/global/oens
/gfs/home3/modoper/tempo/global/oens
/gfs/dk22/modoper/tempo/global/oens
/gfs/dk22/modoper/tempo/global/oens/model/datain
run
run
GFCT05R20120212122012021315F.fct.T126L28
/gfs/home3/modoper/tempo/global/oens/recfct/datain/GFCT05R20120212122012021315F.fct.T126L28
+ echo Recomposition  -x-  RUNNING ...
Recomposition  -x-  RUNNING ...
+ source=/gfs/home3/modoper/tempo/global/oens/recfct/source
+ bin=/gfs/home3/modoper/tempo/global/oens/recfct/bin/T126L28
+ input=/gfs/home3/modoper/tempo/global/oens/recfct/datain
+ out=/gfs/home3/modoper/tempo/global/oens/recfct/output
+ echo run
run
+ [ run = make ]
+ echo run
run
+ [ run = clean ]
+ cd /gfs/home3/modoper/tempo/global/oens/recfct/bin/T126L28
+ echo ./recfct.T126L28 < /gfs/home3/modoper/tempo/global/oens/recfct/datain/recfctFCT05R.nml > /gfs/home3/modoper/tempo/global/oens/recfct/output/recfct.out.2012021212.16:42.T126L28
./recfct.T126L28 < /gfs/home3/modoper/tempo/global/oens/recfct/datain/recfctFCT05R.nml > /gfs/home3/modoper/tempo/global/oens/recfct/output/recfct.out.2012021212.16:42.T126L28
+ ./recfct.T126L28
+ 0< /gfs/home3/modoper/tempo/global/oens/recfct/datain/recfctFCT05R.nml 1> /gfs/home3/modoper/tempo/global/oens/recfct/output/recfct.out.2012021212.16:42.T126L28
 
 
     ******  Program Information  ******
  Real Time (sec)       :          9.637229
  User Time (sec)       :          4.128223
  Sys  Time (sec)       :          0.066183
  Vector Time (sec)     :          0.344627
  Inst. Count           :        1596986079.
  V. Inst. Count        :          16052480.
  V. Element Count      :        1289251883.
  FLOP Count            :         534710005.
  MOPS                  :        695.259362
  MFLOPS                :        129.525475
  VLEN                  :         80.314810
  V. Op. Ratio (%)      :         44.918765
  Memory Size (MB)      :        192.031250
  MIPS                  :        386.845913
  I-Cache (sec)         :          0.001160
  O-Cache (sec)         :          0.866902
  Bank (sec)            :          0.001190
 
  Start Time (date)  :  2012/02/12 16:42:15
  End   Time (date)  :  2012/02/12 16:42:24
-rw-r--r--    1 modoper  pnt            2000 Feb 12 16:42 /gfs/home3/modoper/tempo/global/oens/eof/datain/templ052012021212
sx6
PNT-EN
12021216:42
out
/gfs/home3/modoper/tempo/global/oens
/gfs/home3/modoper/tempo/global/oens
/gfs/dk22/modoper/tempo/global/oens
/gfs/dk22/modoper/tempo/global/oens/model/datain
/gfs/home3/modoper/tempo/global/oens/run/setrecfct.1.FCT05RT126L28.sx6
Date: 20120212
Hour: 16:42
FCT05R
2012021212
2012021318
GFCT05R
GFCT05R
GFCT05R
F.fct
F.fct
R.fct
/gfs/home3/modoper/tempo/global/oens
/gfs/home3/modoper/tempo/global/oens
/gfs/dk22/modoper/tempo/global/oens
/gfs/dk22/modoper/tempo/global/oens/model/datain
run
run
GFCT05R20120212122012021318F.fct.T126L28
/gfs/home3/modoper/tempo/global/oens/recfct/datain/GFCT05R20120212122012021318F.fct.T126L28
+ echo Recomposition  -x-  RUNNING ...
Recomposition  -x-  RUNNING ...
+ source=/gfs/home3/modoper/tempo/global/oens/recfct/source
+ bin=/gfs/home3/modoper/tempo/global/oens/recfct/bin/T126L28
+ input=/gfs/home3/modoper/tempo/global/oens/recfct/datain
+ out=/gfs/home3/modoper/tempo/global/oens/recfct/output
+ echo run
run
+ [ run = make ]
+ echo run
run
+ [ run = clean ]
+ cd /gfs/home3/modoper/tempo/global/oens/recfct/bin/T126L28
+ echo ./recfct.T126L28 < /gfs/home3/modoper/tempo/global/oens/recfct/datain/recfctFCT05R.nml > /gfs/home3/modoper/tempo/global/oens/recfct/output/recfct.out.2012021212.16:42.T126L28
./recfct.T126L28 < /gfs/home3/modoper/tempo/global/oens/recfct/datain/recfctFCT05R.nml > /gfs/home3/modoper/tempo/global/oens/recfct/output/recfct.out.2012021212.16:42.T126L28
+ ./recfct.T126L28
+ 0< /gfs/home3/modoper/tempo/global/oens/recfct/datain/recfctFCT05R.nml 1> /gfs/home3/modoper/tempo/global/oens/recfct/output/recfct.out.2012021212.16:42.T126L28
 
 
     ******  Program Information  ******
  Real Time (sec)       :         11.379361
  User Time (sec)       :          4.129233
  Sys  Time (sec)       :          0.062466
  Vector Time (sec)     :          0.345333
  Inst. Count           :        1596986079.
  V. Inst. Count        :          16052480.
  V. Element Count      :        1289251883.
  FLOP Count            :         534710005.
  MOPS                  :        695.089260
  MFLOPS                :        129.493785
  VLEN                  :         80.314810
  V. Op. Ratio (%)      :         44.918765
  Memory Size (MB)      :        192.031250
  MIPS                  :        386.751267
  I-Cache (sec)         :          0.000773
  O-Cache (sec)         :          0.867305
  Bank (sec)            :          0.001190
 
  Start Time (date)  :  2012/02/12 16:42:25
  End   Time (date)  :  2012/02/12 16:42:37
-rw-r--r--    1 modoper  pnt            2200 Feb 12 16:42 /gfs/home3/modoper/tempo/global/oens/eof/datain/templ052012021212
sx6
PNT-EN
12021216:42
out
/gfs/home3/modoper/tempo/global/oens
/gfs/home3/modoper/tempo/global/oens
/gfs/dk22/modoper/tempo/global/oens
/gfs/dk22/modoper/tempo/global/oens/model/datain
/gfs/home3/modoper/tempo/global/oens/run/setrecfct.1.FCT05RT126L28.sx6
Date: 20120212
Hour: 16:42
FCT05R
2012021212
2012021321
GFCT05R
GFCT05R
GFCT05R
F.fct
F.fct
R.fct
/gfs/home3/modoper/tempo/global/oens
/gfs/home3/modoper/tempo/global/oens
/gfs/dk22/modoper/tempo/global/oens
/gfs/dk22/modoper/tempo/global/oens/model/datain
run
run
GFCT05R20120212122012021321F.fct.T126L28
/gfs/home3/modoper/tempo/global/oens/recfct/datain/GFCT05R20120212122012021321F.fct.T126L28
+ echo Recomposition  -x-  RUNNING ...
Recomposition  -x-  RUNNING ...
+ source=/gfs/home3/modoper/tempo/global/oens/recfct/source
+ bin=/gfs/home3/modoper/tempo/global/oens/recfct/bin/T126L28
+ input=/gfs/home3/modoper/tempo/global/oens/recfct/datain
+ out=/gfs/home3/modoper/tempo/global/oens/recfct/output
+ echo run
run
+ [ run = make ]
+ echo run
run
+ [ run = clean ]
+ cd /gfs/home3/modoper/tempo/global/oens/recfct/bin/T126L28
+ echo ./recfct.T126L28 < /gfs/home3/modoper/tempo/global/oens/recfct/datain/recfctFCT05R.nml > /gfs/home3/modoper/tempo/global/oens/recfct/output/recfct.out.2012021212.16:42.T126L28
./recfct.T126L28 < /gfs/home3/modoper/tempo/global/oens/recfct/datain/recfctFCT05R.nml > /gfs/home3/modoper/tempo/global/oens/recfct/output/recfct.out.2012021212.16:42.T126L28
+ ./recfct.T126L28
+ 0< /gfs/home3/modoper/tempo/global/oens/recfct/datain/recfctFCT05R.nml 1> /gfs/home3/modoper/tempo/global/oens/recfct/output/recfct.out.2012021212.16:42.T126L28
 
 
     ******  Program Information  ******
  Real Time (sec)       :          5.944449
  User Time (sec)       :          4.139632
  Sys  Time (sec)       :          0.101981
  Vector Time (sec)     :          0.346969
  Inst. Count           :        1596986079.
  V. Inst. Count        :          16052480.
  V. Element Count      :        1289251883.
  FLOP Count            :         534710005.
  MOPS                  :        693.343108
  MFLOPS                :        129.168480
  VLEN                  :         80.314810
  V. Op. Ratio (%)      :         44.918765
  Memory Size (MB)      :        192.031250
  MIPS                  :        385.779699
  I-Cache (sec)         :          0.004855
  O-Cache (sec)         :          0.873570
  Bank (sec)            :          0.001191
 
  Start Time (date)  :  2012/02/12 16:42:38
  End   Time (date)  :  2012/02/12 16:42:44
-rw-r--r--    1 modoper  pnt            2400 Feb 12 16:42 /gfs/home3/modoper/tempo/global/oens/eof/datain/templ052012021212
sx6
PNT-EN
12021216:42
out
/gfs/home3/modoper/tempo/global/oens
/gfs/home3/modoper/tempo/global/oens
/gfs/dk22/modoper/tempo/global/oens
/gfs/dk22/modoper/tempo/global/oens/model/datain
/gfs/home3/modoper/tempo/global/oens/run/setrecfct.1.FCT05RT126L28.sx6
Date: 20120212
Hour: 16:42
FCT05R
2012021212
2012021400
GFCT05R
GFCT05R
GFCT05R
F.fct
F.fct
R.fct
/gfs/home3/modoper/tempo/global/oens
/gfs/home3/modoper/tempo/global/oens
/gfs/dk22/modoper/tempo/global/oens
/gfs/dk22/modoper/tempo/global/oens/model/datain
run
run
GFCT05R20120212122012021400F.fct.T126L28
/gfs/home3/modoper/tempo/global/oens/recfct/datain/GFCT05R20120212122012021400F.fct.T126L28
+ echo Recomposition  -x-  RUNNING ...
Recomposition  -x-  RUNNING ...
+ source=/gfs/home3/modoper/tempo/global/oens/recfct/source
+ bin=/gfs/home3/modoper/tempo/global/oens/recfct/bin/T126L28
+ input=/gfs/home3/modoper/tempo/global/oens/recfct/datain
+ out=/gfs/home3/modoper/tempo/global/oens/recfct/output
+ echo run
run
+ [ run = make ]
+ echo run
run
+ [ run = clean ]
+ cd /gfs/home3/modoper/tempo/global/oens/recfct/bin/T126L28
+ echo ./recfct.T126L28 < /gfs/home3/modoper/tempo/global/oens/recfct/datain/recfctFCT05R.nml > /gfs/home3/modoper/tempo/global/oens/recfct/output/recfct.out.2012021212.16:42.T126L28
./recfct.T126L28 < /gfs/home3/modoper/tempo/global/oens/recfct/datain/recfctFCT05R.nml > /gfs/home3/modoper/tempo/global/oens/recfct/output/recfct.out.2012021212.16:42.T126L28
+ ./recfct.T126L28
+ 0< /gfs/home3/modoper/tempo/global/oens/recfct/datain/recfctFCT05R.nml 1> /gfs/home3/modoper/tempo/global/oens/recfct/output/recfct.out.2012021212.16:42.T126L28
 
 
     ******  Program Information  ******
  Real Time (sec)       :          5.691549
  User Time (sec)       :          4.133203
  Sys  Time (sec)       :          0.106190
  Vector Time (sec)     :          0.344916
  Inst. Count           :        1596986048.
  V. Inst. Count        :          16052480.
  V. Element Count      :        1289251883.
  FLOP Count            :         534710004.
  MOPS                  :        694.421636
  MFLOPS                :        129.369409
  VLEN                  :         80.314810
  V. Op. Ratio (%)      :         44.918766
  Memory Size (MB)      :        192.031250
  MIPS                  :        386.379794
  I-Cache (sec)         :          0.005038
  O-Cache (sec)         :          0.869323
  Bank (sec)            :          0.001191
 
  Start Time (date)  :  2012/02/12 16:42:46
  End   Time (date)  :  2012/02/12 16:42:51
sx6
2012021216:42
out
/gfs/home3/modoper/tempo/global/oens
/gfs/home3/modoper/tempo/global/oens
/gfs/dk22/modoper/tempo/global/oens
/gfs/dk22/modoper/tempo/global/oens/model/datain
/gfs/home3/modoper/tempo/global/oens/run/seteofs.1.05T126L28.sx6
05
Date: 20120212
Hour: 16:42
2012021212
/gfs/home3/modoper/tempo/global/oens
/gfs/home3/modoper/tempo/global/oens
/gfs/dk22/modoper/tempo/global/oens
/gfs/dk22/modoper/tempo/global/oens/model/datain
run
run
Vai chamar eoft
+ echo EOFT           -x-  RUNNING ...
EOFT           -x-  RUNNING ...
+ source=/gfs/home3/modoper/tempo/global/oens/eoftemp/source
+ bin=/gfs/home3/modoper/tempo/global/oens/eof/bin/T126L28
+ inp=/gfs/home3/modoper/tempo/global/oens/eof/datain
+ outp=/gfs/home3/modoper/tempo/global/oens/eoftemp/output
+ echo run
run
+ [ run = make ]
+ echo run
run
+ [ run = clean ]
+ cd /gfs/home3/modoper/tempo/global/oens/eof/bin/T126L28
+ echo ./eoftem.T126L28 < /gfs/home3/modoper/tempo/global/oens/eof/datain/eoftem05.nml > /gfs/home3/modoper/tempo/global/oens/eoftemp/output/eoftem.2012021212.16:42.T126L28
./eoftem.T126L28 < /gfs/home3/modoper/tempo/global/oens/eof/datain/eoftem05.nml > /gfs/home3/modoper/tempo/global/oens/eoftemp/output/eoftem.2012021212.16:42.T126L28
+ ./eoftem.T126L28
+ 0< /gfs/home3/modoper/tempo/global/oens/eof/datain/eoftem05.nml 1> /gfs/home3/modoper/tempo/global/oens/eoftemp/output/eoftem.2012021212.16:42.T126L28
 entrou no eoft fortran
 &DATAIN DIRI=/gfs/home3/modoper/tempo/global/oens/eof/datain/                ,
 DIRA=/gfs/dk22/modoper/tempo/global/oens/model/datain/               ,
 DIRO=/gfs/dk22/modoper/tempo/global/oens/eof/dataout/T126L28/        ,
 NAMEL=templ052012021212                                               ,
 ANAME=GANLAVN2012021212R.unf.T126L28                                                      ,
 TEMOUT=temout052012021212                                              ,
 TEMPCM=tempcm052012021212                                              ,
 TEMPER1=tempe1052012021212                                              ,
 TEMPEN1=tempn1052012021212                                               /
 
 
     ******  Program Information  ******
  Real Time (sec)       :         21.117379
  User Time (sec)       :          6.580610
  Sys  Time (sec)       :          0.384881
  Vector Time (sec)     :          5.903942
  Inst. Count           :         597133102.
  V. Inst. Count        :          72972031.
  V. Element Count      :        9156489074.
  FLOP Count            :        3164565166.
  MOPS                  :       1471.086971
  MFLOPS                :        480.892349
  VLEN                  :        125.479433
  V. Op. Ratio (%)      :         94.585477
  Memory Size (MB)      :        304.031250
  MIPS                  :         90.741295
  I-Cache (sec)         :          0.004015
  O-Cache (sec)         :          0.003447
  Bank (sec)            :          0.281362
 
  Start Time (date)  :  2012/02/12 16:42:53
  End   Time (date)  :  2012/02/12 16:43:14
Vai chamar eofw
+ echo EOFW           -x-  RUNNING ...
EOFW           -x-  RUNNING ...
+ source=/gfs/home3/modoper/tempo/global/oens/eofwind/source
+ bin=/gfs/home3/modoper/tempo/global/oens/eof/bin/T126L28
+ out=/gfs/dk22/modoper/tempo/global/oens/eof/dataout/T126L28
+ inp=/gfs/home3/modoper/tempo/global/oens/eof/datain
+ outp=/gfs/home3/modoper/tempo/global/oens/eofwind/output
+ echo run
run
+ [ run = make ]
+ echo run
run
+ [ run = clean ]
+ cd /gfs/home3/modoper/tempo/global/oens/eof/bin/T126L28
+ echo ./eofwin.T126L28 < /gfs/home3/modoper/tempo/global/oens/eof/datain/eofwin05.nml > /gfs/home3/modoper/tempo/global/oens/eofwind/output/eofwin.2012021212.16:42.T126L28
./eofwin.T126L28 < /gfs/home3/modoper/tempo/global/oens/eof/datain/eofwin05.nml > /gfs/home3/modoper/tempo/global/oens/eofwind/output/eofwin.2012021212.16:42.T126L28
+ ./eofwin.T126L28
+ 0< /gfs/home3/modoper/tempo/global/oens/eof/datain/eofwin05.nml 1> /gfs/home3/modoper/tempo/global/oens/eofwind/output/eofwin.2012021212.16:42.T126L28
 
 
     ******  Program Information  ******
  Real Time (sec)       :         54.010435
  User Time (sec)       :         12.000614
  Sys  Time (sec)       :          0.594414
  Vector Time (sec)     :         10.950000
  Inst. Count           :        1009391364.
  V. Inst. Count        :         235339319.
  V. Element Count      :       26880732674.
  FLOP Count            :        7609521184.
  MOPS                  :       2304.447534
  MFLOPS                :        634.094335
  VLEN                  :        114.221171
  V. Op. Ratio (%)      :         97.201019
  Memory Size (MB)      :        624.031250
  MIPS                  :         84.111645
  I-Cache (sec)         :          0.007895
  O-Cache (sec)         :          0.018768
  Bank (sec)            :          0.599880
 
  Start Time (date)  :  2012/02/12 16:43:14
  End   Time (date)  :  2012/02/12 16:44:08
sx6
2012021216:44
out
/gfs/home3/modoper/tempo/global/oens
/gfs/home3/modoper/tempo/global/oens
/gfs/dk22/modoper/tempo/global/oens
/gfs/dk22/modoper/tempo/global/oens/model/datain
/gfs/home3/modoper/tempo/global/oens/run/setdeco05T126L28.sx6
Date: 20120212
Hour: 16:44
2012021212
/gfs/home3/modoper/tempo/global/oens
/gfs/home3/modoper/tempo/global/oens
/gfs/dk22/modoper/tempo/global/oens
/gfs/dk22/modoper/tempo/global/oens/model/datain
run
run
+ echo Decomposition  -x-  RUNNING ...
Decomposition  -x-  RUNNING ...
+ source=/gfs/home3/modoper/tempo/global/oens/decanl/source
+ bin=/gfs/home3/modoper/tempo/global/oens/decanl/bin/T126L28
+ input=/gfs/home3/modoper/tempo/global/oens/decanl/datain
+ out=/gfs/home3/modoper/tempo/global/oens/decanl/output
+ echo run
run
+ [ run = make ]
+ echo run
run
+ [ run = clean ]
+ cd /gfs/home3/modoper/tempo/global/oens/decanl/bin/T126L28
+ ./decanl.T126L28
+ 0< /gfs/home3/modoper/tempo/global/oens/decanl/datain/decanl05.nml 1> /gfs/home3/modoper/tempo/global/oens/decanl/output/decanl.2012021212.16:44.T126L28
 
 
     ******  Program Information  ******
  Real Time (sec)       :          4.777265
  User Time (sec)       :          0.822742
  Sys  Time (sec)       :          0.057571
  Vector Time (sec)     :          0.631398
  Inst. Count           :         173583932.
  V. Inst. Count        :          21078079.
  V. Element Count      :        2292782635.
  FLOP Count            :         590251095.
  MOPS                  :       2972.119436
  MFLOPS                :        717.419135
  VLEN                  :        108.775692
  V. Op. Ratio (%)      :         93.763278
  Memory Size (MB)      :        192.031250
  MIPS                  :        210.982132
  I-Cache (sec)         :          0.000997
  O-Cache (sec)         :          0.026437
  Bank (sec)            :          0.015384
 
  Start Time (date)  :  2012/02/12 16:44:09
  End   Time (date)  :  2012/02/12 16:44:14
+ echo Decomposition  -x-  RUNNING ...
Decomposition  -x-  RUNNING ...
+ source=/gfs/home3/modoper/tempo/global/oens/decanl/source
+ bin=/gfs/home3/modoper/tempo/global/oens/decanl/bin/T126L28
+ input=/gfs/home3/modoper/tempo/global/oens/decanl/datain
+ out=/gfs/home3/modoper/tempo/global/oens/decanl/output
+ echo run
run
+ [ run = make ]
+ echo run
run
+ [ run = clean ]
+ cd /gfs/home3/modoper/tempo/global/oens/decanl/bin/T126L28
+ ./decanl.T126L28
+ 0< /gfs/home3/modoper/tempo/global/oens/decanl/datain/decanl05.nml 1> /gfs/home3/modoper/tempo/global/oens/decanl/output/decanl.2012021212.16:44.T126L28
 
 
     ******  Program Information  ******
  Real Time (sec)       :          4.170836
  User Time (sec)       :          0.824398
  Sys  Time (sec)       :          0.055813
  Vector Time (sec)     :          0.633266
  Inst. Count           :         173583827.
  V. Inst. Count        :          21078079.
  V. Element Count      :        2292782629.
  FLOP Count            :         590251095.
  MOPS                  :       2966.149763
  MFLOPS                :        715.978190
  VLEN                  :        108.775692
  V. Op. Ratio (%)      :         93.763282
  Memory Size (MB)      :        192.031250
  MIPS                  :        210.558244
  I-Cache (sec)         :          0.000852
  O-Cache (sec)         :          0.026437
  Bank (sec)            :          0.015380
 
  Start Time (date)  :  2012/02/12 16:44:14
  End   Time (date)  :  2012/02/12 16:44:19
logout
