stty: : Invalid argument
vt100
resize:  can't open terminal /dev/tty
======================================
Welcome to tupan11: SUPER-UX 14.1 SX-6
Today is Tue Feb 14 05:02:12 GMT 2012
======================================
runperreco1.sx6 126 28 06 2012021400 15 NO 07 
sx6
2012021405:02
out
/gfs/home3/modoper/tempo/global/oens
/gfs/home3/modoper/tempo/global/oens
/gfs/dk22/modoper/tempo/global/oens
/gfs/dk22/modoper/tempo/global/oens/model/datain
/gfs/home3/modoper/tempo/global/oens/run/setperreco.1.06T126L28.sx6
Date: 20120214
Hour: 05:02
2012021400


rm: ERROR: Cannot access templ062012021400: No such file or directory
-rw-r--r--    1 modoper  pnt             200 Feb 14 05:02 /gfs/home3/modoper/tempo/global/oens/eof/datain/templ062012021400
ls: ERROR: Cannot access /gfs/dk22/modoper/tempo/global/oens/recfct/dataout/T126L28/GFCT06R2012021400*.fct*: No such file or directory
sx6
PNT-EN
12021405:02
out
/gfs/home3/modoper/tempo/global/oens
/gfs/home3/modoper/tempo/global/oens
/gfs/dk22/modoper/tempo/global/oens
/gfs/dk22/modoper/tempo/global/oens/model/datain
/gfs/home3/modoper/tempo/global/oens/run/setrecfct.1.FCT06RT126L28.sx6
Date: 20120214
Hour: 05:02
FCT06R
2012021400
2012021403
GFCT06R
GFCT06R
GFCT06R
F.fct
F.fct
R.fct
/gfs/home3/modoper/tempo/global/oens
/gfs/home3/modoper/tempo/global/oens
/gfs/dk22/modoper/tempo/global/oens
/gfs/dk22/modoper/tempo/global/oens/model/datain
run
run
GFCT06R20120214002012021403F.fct.T126L28
/gfs/home3/modoper/tempo/global/oens/recfct/datain/GFCT06R20120214002012021403F.fct.T126L28
+ echo Recomposition  -x-  RUNNING ...
Recomposition  -x-  RUNNING ...
+ source=/gfs/home3/modoper/tempo/global/oens/recfct/source
+ bin=/gfs/home3/modoper/tempo/global/oens/recfct/bin/T126L28
+ input=/gfs/home3/modoper/tempo/global/oens/recfct/datain
+ out=/gfs/home3/modoper/tempo/global/oens/recfct/output
+ echo run
run
+ [ run = make ]
+ echo run
run
+ [ run = clean ]
+ cd /gfs/home3/modoper/tempo/global/oens/recfct/bin/T126L28
+ echo ./recfct.T126L28 < /gfs/home3/modoper/tempo/global/oens/recfct/datain/recfctFCT06R.nml > /gfs/home3/modoper/tempo/global/oens/recfct/output/recfct.out.2012021400.05:02.T126L28
./recfct.T126L28 < /gfs/home3/modoper/tempo/global/oens/recfct/datain/recfctFCT06R.nml > /gfs/home3/modoper/tempo/global/oens/recfct/output/recfct.out.2012021400.05:02.T126L28
+ ./recfct.T126L28
+ 0< /gfs/home3/modoper/tempo/global/oens/recfct/datain/recfctFCT06R.nml 1> /gfs/home3/modoper/tempo/global/oens/recfct/output/recfct.out.2012021400.05:02.T126L28
 
 
     ******  Program Information  ******
  Real Time (sec)       :         19.099381
  User Time (sec)       :          4.130618
  Sys  Time (sec)       :          0.064436
  Vector Time (sec)     :          0.345281
  Inst. Count           :        1596986017.
  V. Inst. Count        :          16052480.
  V. Element Count      :        1289251883.
  FLOP Count            :         534710003.
  MOPS                  :        694.856225
  MFLOPS                :        129.450373
  VLEN                  :         80.314810
  V. Op. Ratio (%)      :         44.918766
  Memory Size (MB)      :        192.031250
  MIPS                  :        386.621598
  I-Cache (sec)         :          0.001091
  O-Cache (sec)         :          0.873145
  Bank (sec)            :          0.001190
 
  Start Time (date)  :  2012/02/14 05:02:15
  End   Time (date)  :  2012/02/14 05:02:35
-rw-r--r--    1 modoper  pnt             400 Feb 14 05:02 /gfs/home3/modoper/tempo/global/oens/eof/datain/templ062012021400
sx6
PNT-EN
12021405:02
out
/gfs/home3/modoper/tempo/global/oens
/gfs/home3/modoper/tempo/global/oens
/gfs/dk22/modoper/tempo/global/oens
/gfs/dk22/modoper/tempo/global/oens/model/datain
/gfs/home3/modoper/tempo/global/oens/run/setrecfct.1.FCT06RT126L28.sx6
Date: 20120214
Hour: 05:02
FCT06R
2012021400
2012021406
GFCT06R
GFCT06R
GFCT06R
F.fct
F.fct
R.fct
/gfs/home3/modoper/tempo/global/oens
/gfs/home3/modoper/tempo/global/oens
/gfs/dk22/modoper/tempo/global/oens
/gfs/dk22/modoper/tempo/global/oens/model/datain
run
run
GFCT06R20120214002012021406F.fct.T126L28
/gfs/home3/modoper/tempo/global/oens/recfct/datain/GFCT06R20120214002012021406F.fct.T126L28
+ echo Recomposition  -x-  RUNNING ...
Recomposition  -x-  RUNNING ...
+ source=/gfs/home3/modoper/tempo/global/oens/recfct/source
+ bin=/gfs/home3/modoper/tempo/global/oens/recfct/bin/T126L28
+ input=/gfs/home3/modoper/tempo/global/oens/recfct/datain
+ out=/gfs/home3/modoper/tempo/global/oens/recfct/output
+ echo run
run
+ [ run = make ]
+ echo run
run
+ [ run = clean ]
+ cd /gfs/home3/modoper/tempo/global/oens/recfct/bin/T126L28
+ echo ./recfct.T126L28 < /gfs/home3/modoper/tempo/global/oens/recfct/datain/recfctFCT06R.nml > /gfs/home3/modoper/tempo/global/oens/recfct/output/recfct.out.2012021400.05:02.T126L28
./recfct.T126L28 < /gfs/home3/modoper/tempo/global/oens/recfct/datain/recfctFCT06R.nml > /gfs/home3/modoper/tempo/global/oens/recfct/output/recfct.out.2012021400.05:02.T126L28
+ ./recfct.T126L28
+ 0< /gfs/home3/modoper/tempo/global/oens/recfct/datain/recfctFCT06R.nml 1> /gfs/home3/modoper/tempo/global/oens/recfct/output/recfct.out.2012021400.05:02.T126L28
 
 
     ******  Program Information  ******
  Real Time (sec)       :         14.937540
  User Time (sec)       :          4.127482
  Sys  Time (sec)       :          0.070631
  Vector Time (sec)     :          0.344789
  Inst. Count           :        1596986017.
  V. Inst. Count        :          16052480.
  V. Element Count      :        1289251883.
  FLOP Count            :         534710003.
  MOPS                  :        695.384094
  MFLOPS                :        129.548714
  VLEN                  :         80.314810
  V. Op. Ratio (%)      :         44.918766
  Memory Size (MB)      :        192.031250
  MIPS                  :        386.915308
  I-Cache (sec)         :          0.000813
  O-Cache (sec)         :          0.870791
  Bank (sec)            :          0.001190
 
  Start Time (date)  :  2012/02/14 05:02:36
  End   Time (date)  :  2012/02/14 05:02:50
-rw-r--r--    1 modoper  pnt             600 Feb 14 05:02 /gfs/home3/modoper/tempo/global/oens/eof/datain/templ062012021400
sx6
PNT-EN
12021405:02
out
/gfs/home3/modoper/tempo/global/oens
/gfs/home3/modoper/tempo/global/oens
/gfs/dk22/modoper/tempo/global/oens
/gfs/dk22/modoper/tempo/global/oens/model/datain
/gfs/home3/modoper/tempo/global/oens/run/setrecfct.1.FCT06RT126L28.sx6
Date: 20120214
Hour: 05:02
FCT06R
2012021400
2012021409
GFCT06R
GFCT06R
GFCT06R
F.fct
F.fct
R.fct
/gfs/home3/modoper/tempo/global/oens
/gfs/home3/modoper/tempo/global/oens
/gfs/dk22/modoper/tempo/global/oens
/gfs/dk22/modoper/tempo/global/oens/model/datain
run
run
GFCT06R20120214002012021409F.fct.T126L28
/gfs/home3/modoper/tempo/global/oens/recfct/datain/GFCT06R20120214002012021409F.fct.T126L28
+ echo Recomposition  -x-  RUNNING ...
Recomposition  -x-  RUNNING ...
+ source=/gfs/home3/modoper/tempo/global/oens/recfct/source
+ bin=/gfs/home3/modoper/tempo/global/oens/recfct/bin/T126L28
+ input=/gfs/home3/modoper/tempo/global/oens/recfct/datain
+ out=/gfs/home3/modoper/tempo/global/oens/recfct/output
+ echo run
run
+ [ run = make ]
+ echo run
run
+ [ run = clean ]
+ cd /gfs/home3/modoper/tempo/global/oens/recfct/bin/T126L28
+ echo ./recfct.T126L28 < /gfs/home3/modoper/tempo/global/oens/recfct/datain/recfctFCT06R.nml > /gfs/home3/modoper/tempo/global/oens/recfct/output/recfct.out.2012021400.05:02.T126L28
./recfct.T126L28 < /gfs/home3/modoper/tempo/global/oens/recfct/datain/recfctFCT06R.nml > /gfs/home3/modoper/tempo/global/oens/recfct/output/recfct.out.2012021400.05:02.T126L28
+ ./recfct.T126L28
+ 0< /gfs/home3/modoper/tempo/global/oens/recfct/datain/recfctFCT06R.nml 1> /gfs/home3/modoper/tempo/global/oens/recfct/output/recfct.out.2012021400.05:02.T126L28
 
 
     ******  Program Information  ******
  Real Time (sec)       :         15.988920
  User Time (sec)       :          4.126960
  Sys  Time (sec)       :          0.073651
  Vector Time (sec)     :          0.344283
  Inst. Count           :        1596986017.
  V. Inst. Count        :          16052480.
  V. Element Count      :        1289251883.
  FLOP Count            :         534710003.
  MOPS                  :        695.472053
  MFLOPS                :        129.565101
  VLEN                  :         80.314810
  V. Op. Ratio (%)      :         44.918766
  Memory Size (MB)      :        192.031250
  MIPS                  :        386.964249
  I-Cache (sec)         :          0.000823
  O-Cache (sec)         :          0.870687
  Bank (sec)            :          0.001190
 
  Start Time (date)  :  2012/02/14 05:02:52
  End   Time (date)  :  2012/02/14 05:03:08
-rw-r--r--    1 modoper  pnt             800 Feb 14 05:03 /gfs/home3/modoper/tempo/global/oens/eof/datain/templ062012021400
sx6
PNT-EN
12021405:03
out
/gfs/home3/modoper/tempo/global/oens
/gfs/home3/modoper/tempo/global/oens
/gfs/dk22/modoper/tempo/global/oens
/gfs/dk22/modoper/tempo/global/oens/model/datain
/gfs/home3/modoper/tempo/global/oens/run/setrecfct.1.FCT06RT126L28.sx6
Date: 20120214
Hour: 05:03
FCT06R
2012021400
2012021412
GFCT06R
GFCT06R
GFCT06R
F.fct
F.fct
R.fct
/gfs/home3/modoper/tempo/global/oens
/gfs/home3/modoper/tempo/global/oens
/gfs/dk22/modoper/tempo/global/oens
/gfs/dk22/modoper/tempo/global/oens/model/datain
run
run
GFCT06R20120214002012021412F.fct.T126L28
/gfs/home3/modoper/tempo/global/oens/recfct/datain/GFCT06R20120214002012021412F.fct.T126L28
+ echo Recomposition  -x-  RUNNING ...
Recomposition  -x-  RUNNING ...
+ source=/gfs/home3/modoper/tempo/global/oens/recfct/source
+ bin=/gfs/home3/modoper/tempo/global/oens/recfct/bin/T126L28
+ input=/gfs/home3/modoper/tempo/global/oens/recfct/datain
+ out=/gfs/home3/modoper/tempo/global/oens/recfct/output
+ echo run
run
+ [ run = make ]
+ echo run
run
+ [ run = clean ]
+ cd /gfs/home3/modoper/tempo/global/oens/recfct/bin/T126L28
+ echo ./recfct.T126L28 < /gfs/home3/modoper/tempo/global/oens/recfct/datain/recfctFCT06R.nml > /gfs/home3/modoper/tempo/global/oens/recfct/output/recfct.out.2012021400.05:03.T126L28
./recfct.T126L28 < /gfs/home3/modoper/tempo/global/oens/recfct/datain/recfctFCT06R.nml > /gfs/home3/modoper/tempo/global/oens/recfct/output/recfct.out.2012021400.05:03.T126L28
+ ./recfct.T126L28
+ 0< /gfs/home3/modoper/tempo/global/oens/recfct/datain/recfctFCT06R.nml 1> /gfs/home3/modoper/tempo/global/oens/recfct/output/recfct.out.2012021400.05:03.T126L28
 
 
     ******  Program Information  ******
  Real Time (sec)       :         21.021420
  User Time (sec)       :          4.138975
  Sys  Time (sec)       :          0.199611
  Vector Time (sec)     :          0.343926
  Inst. Count           :        1596986048.
  V. Inst. Count        :          16052480.
  V. Element Count      :        1289251883.
  FLOP Count            :         534710004.
  MOPS                  :        693.453228
  MFLOPS                :        129.188997
  VLEN                  :         80.314810
  V. Op. Ratio (%)      :         44.918766
  Memory Size (MB)      :        192.031250
  MIPS                  :        385.840967
  I-Cache (sec)         :          0.010682
  O-Cache (sec)         :          0.884109
  Bank (sec)            :          0.001190
 
  Start Time (date)  :  2012/02/14 05:03:09
  End   Time (date)  :  2012/02/14 05:03:30
-rw-r--r--    1 modoper  pnt            1000 Feb 14 05:03 /gfs/home3/modoper/tempo/global/oens/eof/datain/templ062012021400
sx6
PNT-EN
12021405:03
out
/gfs/home3/modoper/tempo/global/oens
/gfs/home3/modoper/tempo/global/oens
/gfs/dk22/modoper/tempo/global/oens
/gfs/dk22/modoper/tempo/global/oens/model/datain
/gfs/home3/modoper/tempo/global/oens/run/setrecfct.1.FCT06RT126L28.sx6
Date: 20120214
Hour: 05:03
FCT06R
2012021400
2012021415
GFCT06R
GFCT06R
GFCT06R
F.fct
F.fct
R.fct
/gfs/home3/modoper/tempo/global/oens
/gfs/home3/modoper/tempo/global/oens
/gfs/dk22/modoper/tempo/global/oens
/gfs/dk22/modoper/tempo/global/oens/model/datain
run
run
GFCT06R20120214002012021415F.fct.T126L28
/gfs/home3/modoper/tempo/global/oens/recfct/datain/GFCT06R20120214002012021415F.fct.T126L28
+ echo Recomposition  -x-  RUNNING ...
Recomposition  -x-  RUNNING ...
+ source=/gfs/home3/modoper/tempo/global/oens/recfct/source
+ bin=/gfs/home3/modoper/tempo/global/oens/recfct/bin/T126L28
+ input=/gfs/home3/modoper/tempo/global/oens/recfct/datain
+ out=/gfs/home3/modoper/tempo/global/oens/recfct/output
+ echo run
run
+ [ run = make ]
+ echo run
run
+ [ run = clean ]
+ cd /gfs/home3/modoper/tempo/global/oens/recfct/bin/T126L28
+ echo ./recfct.T126L28 < /gfs/home3/modoper/tempo/global/oens/recfct/datain/recfctFCT06R.nml > /gfs/home3/modoper/tempo/global/oens/recfct/output/recfct.out.2012021400.05:03.T126L28
./recfct.T126L28 < /gfs/home3/modoper/tempo/global/oens/recfct/datain/recfctFCT06R.nml > /gfs/home3/modoper/tempo/global/oens/recfct/output/recfct.out.2012021400.05:03.T126L28
+ ./recfct.T126L28
+ 0< /gfs/home3/modoper/tempo/global/oens/recfct/datain/recfctFCT06R.nml 1> /gfs/home3/modoper/tempo/global/oens/recfct/output/recfct.out.2012021400.05:03.T126L28
 
 
     ******  Program Information  ******
  Real Time (sec)       :         12.398522
  User Time (sec)       :          4.131035
  Sys  Time (sec)       :          0.070254
  Vector Time (sec)     :          0.345448
  Inst. Count           :        1596986048.
  V. Inst. Count        :          16052480.
  V. Element Count      :        1289251883.
  FLOP Count            :         534710004.
  MOPS                  :        694.786017
  MFLOPS                :        129.437293
  VLEN                  :         80.314810
  V. Op. Ratio (%)      :         44.918766
  Memory Size (MB)      :        192.031250
  MIPS                  :        386.582538
  I-Cache (sec)         :          0.001014
  O-Cache (sec)         :          0.873797
  Bank (sec)            :          0.001190
 
  Start Time (date)  :  2012/02/14 05:03:31
  End   Time (date)  :  2012/02/14 05:03:43
-rw-r--r--    1 modoper  pnt            1200 Feb 14 05:03 /gfs/home3/modoper/tempo/global/oens/eof/datain/templ062012021400
sx6
PNT-EN
12021405:03
out
/gfs/home3/modoper/tempo/global/oens
/gfs/home3/modoper/tempo/global/oens
/gfs/dk22/modoper/tempo/global/oens
/gfs/dk22/modoper/tempo/global/oens/model/datain
/gfs/home3/modoper/tempo/global/oens/run/setrecfct.1.FCT06RT126L28.sx6
Date: 20120214
Hour: 05:03
FCT06R
2012021400
2012021418
GFCT06R
GFCT06R
GFCT06R
F.fct
F.fct
R.fct
/gfs/home3/modoper/tempo/global/oens
/gfs/home3/modoper/tempo/global/oens
/gfs/dk22/modoper/tempo/global/oens
/gfs/dk22/modoper/tempo/global/oens/model/datain
run
run
GFCT06R20120214002012021418F.fct.T126L28
/gfs/home3/modoper/tempo/global/oens/recfct/datain/GFCT06R20120214002012021418F.fct.T126L28
+ echo Recomposition  -x-  RUNNING ...
Recomposition  -x-  RUNNING ...
+ source=/gfs/home3/modoper/tempo/global/oens/recfct/source
+ bin=/gfs/home3/modoper/tempo/global/oens/recfct/bin/T126L28
+ input=/gfs/home3/modoper/tempo/global/oens/recfct/datain
+ out=/gfs/home3/modoper/tempo/global/oens/recfct/output
+ echo run
run
+ [ run = make ]
+ echo run
run
+ [ run = clean ]
+ cd /gfs/home3/modoper/tempo/global/oens/recfct/bin/T126L28
+ echo ./recfct.T126L28 < /gfs/home3/modoper/tempo/global/oens/recfct/datain/recfctFCT06R.nml > /gfs/home3/modoper/tempo/global/oens/recfct/output/recfct.out.2012021400.05:03.T126L28
./recfct.T126L28 < /gfs/home3/modoper/tempo/global/oens/recfct/datain/recfctFCT06R.nml > /gfs/home3/modoper/tempo/global/oens/recfct/output/recfct.out.2012021400.05:03.T126L28
+ ./recfct.T126L28
+ 0< /gfs/home3/modoper/tempo/global/oens/recfct/datain/recfctFCT06R.nml 1> /gfs/home3/modoper/tempo/global/oens/recfct/output/recfct.out.2012021400.05:03.T126L28
 
 
     ******  Program Information  ******
  Real Time (sec)       :         18.618602
  User Time (sec)       :          4.137891
  Sys  Time (sec)       :          0.142612
  Vector Time (sec)     :          0.345091
  Inst. Count           :        1596986048.
  V. Inst. Count        :          16052480.
  V. Element Count      :        1289251883.
  FLOP Count            :         534710004.
  MOPS                  :        693.634825
  MFLOPS                :        129.222828
  VLEN                  :         80.314810
  V. Op. Ratio (%)      :         44.918766
  Memory Size (MB)      :        192.031250
  MIPS                  :        385.942009
  I-Cache (sec)         :          0.006559
  O-Cache (sec)         :          0.880894
  Bank (sec)            :          0.001189
 
  Start Time (date)  :  2012/02/14 05:03:45
  End   Time (date)  :  2012/02/14 05:04:03
-rw-r--r--    1 modoper  pnt            1400 Feb 14 05:04 /gfs/home3/modoper/tempo/global/oens/eof/datain/templ062012021400
sx6
PNT-EN
12021405:04
out
/gfs/home3/modoper/tempo/global/oens
/gfs/home3/modoper/tempo/global/oens
/gfs/dk22/modoper/tempo/global/oens
/gfs/dk22/modoper/tempo/global/oens/model/datain
/gfs/home3/modoper/tempo/global/oens/run/setrecfct.1.FCT06RT126L28.sx6
Date: 20120214
Hour: 05:04
FCT06R
2012021400
2012021421
GFCT06R
GFCT06R
GFCT06R
F.fct
F.fct
R.fct
/gfs/home3/modoper/tempo/global/oens
/gfs/home3/modoper/tempo/global/oens
/gfs/dk22/modoper/tempo/global/oens
/gfs/dk22/modoper/tempo/global/oens/model/datain
run
run
GFCT06R20120214002012021421F.fct.T126L28
/gfs/home3/modoper/tempo/global/oens/recfct/datain/GFCT06R20120214002012021421F.fct.T126L28
+ echo Recomposition  -x-  RUNNING ...
Recomposition  -x-  RUNNING ...
+ source=/gfs/home3/modoper/tempo/global/oens/recfct/source
+ bin=/gfs/home3/modoper/tempo/global/oens/recfct/bin/T126L28
+ input=/gfs/home3/modoper/tempo/global/oens/recfct/datain
+ out=/gfs/home3/modoper/tempo/global/oens/recfct/output
+ echo run
run
+ [ run = make ]
+ echo run
run
+ [ run = clean ]
+ cd /gfs/home3/modoper/tempo/global/oens/recfct/bin/T126L28
+ echo ./recfct.T126L28 < /gfs/home3/modoper/tempo/global/oens/recfct/datain/recfctFCT06R.nml > /gfs/home3/modoper/tempo/global/oens/recfct/output/recfct.out.2012021400.05:04.T126L28
./recfct.T126L28 < /gfs/home3/modoper/tempo/global/oens/recfct/datain/recfctFCT06R.nml > /gfs/home3/modoper/tempo/global/oens/recfct/output/recfct.out.2012021400.05:04.T126L28
+ ./recfct.T126L28
+ 0< /gfs/home3/modoper/tempo/global/oens/recfct/datain/recfctFCT06R.nml 1> /gfs/home3/modoper/tempo/global/oens/recfct/output/recfct.out.2012021400.05:04.T126L28
 
 
     ******  Program Information  ******
  Real Time (sec)       :         10.265179
  User Time (sec)       :          4.138922
  Sys  Time (sec)       :          0.133692
  Vector Time (sec)     :          0.345611
  Inst. Count           :        1596986048.
  V. Inst. Count        :          16052480.
  V. Element Count      :        1289251883.
  FLOP Count            :         534710004.
  MOPS                  :        693.461996
  MFLOPS                :        129.190630
  VLEN                  :         80.314810
  V. Op. Ratio (%)      :         44.918766
  Memory Size (MB)      :        192.031250
  MIPS                  :        385.845846
  I-Cache (sec)         :          0.006787
  O-Cache (sec)         :          0.881285
  Bank (sec)            :          0.001189
 
  Start Time (date)  :  2012/02/14 05:04:05
  End   Time (date)  :  2012/02/14 05:04:15
-rw-r--r--    1 modoper  pnt            1600 Feb 14 05:04 /gfs/home3/modoper/tempo/global/oens/eof/datain/templ062012021400
sx6
PNT-EN
12021405:04
out
/gfs/home3/modoper/tempo/global/oens
/gfs/home3/modoper/tempo/global/oens
/gfs/dk22/modoper/tempo/global/oens
/gfs/dk22/modoper/tempo/global/oens/model/datain
/gfs/home3/modoper/tempo/global/oens/run/setrecfct.1.FCT06RT126L28.sx6
Date: 20120214
Hour: 05:04
FCT06R
2012021400
2012021500
GFCT06R
GFCT06R
GFCT06R
F.fct
F.fct
R.fct
/gfs/home3/modoper/tempo/global/oens
/gfs/home3/modoper/tempo/global/oens
/gfs/dk22/modoper/tempo/global/oens
/gfs/dk22/modoper/tempo/global/oens/model/datain
run
run
GFCT06R20120214002012021500F.fct.T126L28
/gfs/home3/modoper/tempo/global/oens/recfct/datain/GFCT06R20120214002012021500F.fct.T126L28
+ echo Recomposition  -x-  RUNNING ...
Recomposition  -x-  RUNNING ...
+ source=/gfs/home3/modoper/tempo/global/oens/recfct/source
+ bin=/gfs/home3/modoper/tempo/global/oens/recfct/bin/T126L28
+ input=/gfs/home3/modoper/tempo/global/oens/recfct/datain
+ out=/gfs/home3/modoper/tempo/global/oens/recfct/output
+ echo run
run
+ [ run = make ]
+ echo run
run
+ [ run = clean ]
+ cd /gfs/home3/modoper/tempo/global/oens/recfct/bin/T126L28
+ echo ./recfct.T126L28 < /gfs/home3/modoper/tempo/global/oens/recfct/datain/recfctFCT06R.nml > /gfs/home3/modoper/tempo/global/oens/recfct/output/recfct.out.2012021400.05:04.T126L28
./recfct.T126L28 < /gfs/home3/modoper/tempo/global/oens/recfct/datain/recfctFCT06R.nml > /gfs/home3/modoper/tempo/global/oens/recfct/output/recfct.out.2012021400.05:04.T126L28
+ ./recfct.T126L28
+ 0< /gfs/home3/modoper/tempo/global/oens/recfct/datain/recfctFCT06R.nml 1> /gfs/home3/modoper/tempo/global/oens/recfct/output/recfct.out.2012021400.05:04.T126L28
 
 
     ******  Program Information  ******
  Real Time (sec)       :          6.269759
  User Time (sec)       :          4.132547
  Sys  Time (sec)       :          0.133471
  Vector Time (sec)     :          0.343689
  Inst. Count           :        1596986017.
  V. Inst. Count        :          16052480.
  V. Element Count      :        1289251883.
  FLOP Count            :         534710003.
  MOPS                  :        694.531876
  MFLOPS                :        129.389948
  VLEN                  :         80.314810
  V. Op. Ratio (%)      :         44.918766
  Memory Size (MB)      :        192.031250
  MIPS                  :        386.441129
  I-Cache (sec)         :          0.006793
  O-Cache (sec)         :          0.877054
  Bank (sec)            :          0.001190
 
  Start Time (date)  :  2012/02/14 05:04:16
  End   Time (date)  :  2012/02/14 05:04:23
-rw-r--r--    1 modoper  pnt            1800 Feb 14 05:04 /gfs/home3/modoper/tempo/global/oens/eof/datain/templ062012021400
sx6
PNT-EN
12021405:04
out
/gfs/home3/modoper/tempo/global/oens
/gfs/home3/modoper/tempo/global/oens
/gfs/dk22/modoper/tempo/global/oens
/gfs/dk22/modoper/tempo/global/oens/model/datain
/gfs/home3/modoper/tempo/global/oens/run/setrecfct.1.FCT06RT126L28.sx6
Date: 20120214
Hour: 05:04
FCT06R
2012021400
2012021503
GFCT06R
GFCT06R
GFCT06R
F.fct
F.fct
R.fct
/gfs/home3/modoper/tempo/global/oens
/gfs/home3/modoper/tempo/global/oens
/gfs/dk22/modoper/tempo/global/oens
/gfs/dk22/modoper/tempo/global/oens/model/datain
run
run
GFCT06R20120214002012021503F.fct.T126L28
/gfs/home3/modoper/tempo/global/oens/recfct/datain/GFCT06R20120214002012021503F.fct.T126L28
+ echo Recomposition  -x-  RUNNING ...
Recomposition  -x-  RUNNING ...
+ source=/gfs/home3/modoper/tempo/global/oens/recfct/source
+ bin=/gfs/home3/modoper/tempo/global/oens/recfct/bin/T126L28
+ input=/gfs/home3/modoper/tempo/global/oens/recfct/datain
+ out=/gfs/home3/modoper/tempo/global/oens/recfct/output
+ echo run
run
+ [ run = make ]
+ echo run
run
+ [ run = clean ]
+ cd /gfs/home3/modoper/tempo/global/oens/recfct/bin/T126L28
+ echo ./recfct.T126L28 < /gfs/home3/modoper/tempo/global/oens/recfct/datain/recfctFCT06R.nml > /gfs/home3/modoper/tempo/global/oens/recfct/output/recfct.out.2012021400.05:04.T126L28
./recfct.T126L28 < /gfs/home3/modoper/tempo/global/oens/recfct/datain/recfctFCT06R.nml > /gfs/home3/modoper/tempo/global/oens/recfct/output/recfct.out.2012021400.05:04.T126L28
+ ./recfct.T126L28
+ 0< /gfs/home3/modoper/tempo/global/oens/recfct/datain/recfctFCT06R.nml 1> /gfs/home3/modoper/tempo/global/oens/recfct/output/recfct.out.2012021400.05:04.T126L28
 
 
     ******  Program Information  ******
  Real Time (sec)       :          5.868476
  User Time (sec)       :          4.129790
  Sys  Time (sec)       :          0.067157
  Vector Time (sec)     :          0.345191
  Inst. Count           :        1596986017.
  V. Inst. Count        :          16052480.
  V. Element Count      :        1289251883.
  FLOP Count            :         534710003.
  MOPS                  :        694.995529
  MFLOPS                :        129.476325
  VLEN                  :         80.314810
  V. Op. Ratio (%)      :         44.918766
  Memory Size (MB)      :        192.031250
  MIPS                  :        386.699108
  I-Cache (sec)         :          0.001033
  O-Cache (sec)         :          0.872518
  Bank (sec)            :          0.001190
 
  Start Time (date)  :  2012/02/14 05:04:24
  End   Time (date)  :  2012/02/14 05:04:30
-rw-r--r--    1 modoper  pnt            2000 Feb 14 05:04 /gfs/home3/modoper/tempo/global/oens/eof/datain/templ062012021400
sx6
PNT-EN
12021405:04
out
/gfs/home3/modoper/tempo/global/oens
/gfs/home3/modoper/tempo/global/oens
/gfs/dk22/modoper/tempo/global/oens
/gfs/dk22/modoper/tempo/global/oens/model/datain
/gfs/home3/modoper/tempo/global/oens/run/setrecfct.1.FCT06RT126L28.sx6
Date: 20120214
Hour: 05:04
FCT06R
2012021400
2012021506
GFCT06R
GFCT06R
GFCT06R
F.fct
F.fct
R.fct
/gfs/home3/modoper/tempo/global/oens
/gfs/home3/modoper/tempo/global/oens
/gfs/dk22/modoper/tempo/global/oens
/gfs/dk22/modoper/tempo/global/oens/model/datain
run
run
GFCT06R20120214002012021506F.fct.T126L28
/gfs/home3/modoper/tempo/global/oens/recfct/datain/GFCT06R20120214002012021506F.fct.T126L28
+ echo Recomposition  -x-  RUNNING ...
Recomposition  -x-  RUNNING ...
+ source=/gfs/home3/modoper/tempo/global/oens/recfct/source
+ bin=/gfs/home3/modoper/tempo/global/oens/recfct/bin/T126L28
+ input=/gfs/home3/modoper/tempo/global/oens/recfct/datain
+ out=/gfs/home3/modoper/tempo/global/oens/recfct/output
+ echo run
run
+ [ run = make ]
+ echo run
run
+ [ run = clean ]
+ cd /gfs/home3/modoper/tempo/global/oens/recfct/bin/T126L28
+ echo ./recfct.T126L28 < /gfs/home3/modoper/tempo/global/oens/recfct/datain/recfctFCT06R.nml > /gfs/home3/modoper/tempo/global/oens/recfct/output/recfct.out.2012021400.05:04.T126L28
./recfct.T126L28 < /gfs/home3/modoper/tempo/global/oens/recfct/datain/recfctFCT06R.nml > /gfs/home3/modoper/tempo/global/oens/recfct/output/recfct.out.2012021400.05:04.T126L28
+ ./recfct.T126L28
+ 0< /gfs/home3/modoper/tempo/global/oens/recfct/datain/recfctFCT06R.nml 1> /gfs/home3/modoper/tempo/global/oens/recfct/output/recfct.out.2012021400.05:04.T126L28
 
 
     ******  Program Information  ******
  Real Time (sec)       :         14.734444
  User Time (sec)       :          4.132675
  Sys  Time (sec)       :          0.119462
  Vector Time (sec)     :          0.344342
  Inst. Count           :        1596986017.
  V. Inst. Count        :          16052480.
  V. Element Count      :        1289251883.
  FLOP Count            :         534710003.
  MOPS                  :        694.510253
  MFLOPS                :        129.385919
  VLEN                  :         80.314810
  V. Op. Ratio (%)      :         44.918766
  Memory Size (MB)      :        192.031250
  MIPS                  :        386.429098
  I-Cache (sec)         :          0.005164
  O-Cache (sec)         :          0.876036
  Bank (sec)            :          0.001190
 
  Start Time (date)  :  2012/02/14 05:04:36
  End   Time (date)  :  2012/02/14 05:04:51
-rw-r--r--    1 modoper  pnt            2200 Feb 14 05:04 /gfs/home3/modoper/tempo/global/oens/eof/datain/templ062012021400
sx6
PNT-EN
12021405:04
out
/gfs/home3/modoper/tempo/global/oens
/gfs/home3/modoper/tempo/global/oens
/gfs/dk22/modoper/tempo/global/oens
/gfs/dk22/modoper/tempo/global/oens/model/datain
/gfs/home3/modoper/tempo/global/oens/run/setrecfct.1.FCT06RT126L28.sx6
Date: 20120214
Hour: 05:04
FCT06R
2012021400
2012021509
GFCT06R
GFCT06R
GFCT06R
F.fct
F.fct
R.fct
/gfs/home3/modoper/tempo/global/oens
/gfs/home3/modoper/tempo/global/oens
/gfs/dk22/modoper/tempo/global/oens
/gfs/dk22/modoper/tempo/global/oens/model/datain
run
run
GFCT06R20120214002012021509F.fct.T126L28
/gfs/home3/modoper/tempo/global/oens/recfct/datain/GFCT06R20120214002012021509F.fct.T126L28
+ echo Recomposition  -x-  RUNNING ...
Recomposition  -x-  RUNNING ...
+ source=/gfs/home3/modoper/tempo/global/oens/recfct/source
+ bin=/gfs/home3/modoper/tempo/global/oens/recfct/bin/T126L28
+ input=/gfs/home3/modoper/tempo/global/oens/recfct/datain
+ out=/gfs/home3/modoper/tempo/global/oens/recfct/output
+ echo run
run
+ [ run = make ]
+ echo run
run
+ [ run = clean ]
+ cd /gfs/home3/modoper/tempo/global/oens/recfct/bin/T126L28
+ echo ./recfct.T126L28 < /gfs/home3/modoper/tempo/global/oens/recfct/datain/recfctFCT06R.nml > /gfs/home3/modoper/tempo/global/oens/recfct/output/recfct.out.2012021400.05:04.T126L28
./recfct.T126L28 < /gfs/home3/modoper/tempo/global/oens/recfct/datain/recfctFCT06R.nml > /gfs/home3/modoper/tempo/global/oens/recfct/output/recfct.out.2012021400.05:04.T126L28
+ ./recfct.T126L28
+ 0< /gfs/home3/modoper/tempo/global/oens/recfct/datain/recfctFCT06R.nml 1> /gfs/home3/modoper/tempo/global/oens/recfct/output/recfct.out.2012021400.05:04.T126L28
 
 
     ******  Program Information  ******
  Real Time (sec)       :         12.567164
  User Time (sec)       :          4.123493
  Sys  Time (sec)       :          0.074115
  Vector Time (sec)     :          0.342845
  Inst. Count           :        1596986017.
  V. Inst. Count        :          16052480.
  V. Element Count      :        1289251883.
  FLOP Count            :         534710003.
  MOPS                  :        696.056849
  MFLOPS                :        129.674047
  VLEN                  :         80.314810
  V. Op. Ratio (%)      :         44.918766
  Memory Size (MB)      :        192.031250
  MIPS                  :        387.289632
  I-Cache (sec)         :          0.000897
  O-Cache (sec)         :          0.868633
  Bank (sec)            :          0.001190
 
  Start Time (date)  :  2012/02/14 05:04:52
  End   Time (date)  :  2012/02/14 05:05:05
-rw-r--r--    1 modoper  pnt            2400 Feb 14 05:05 /gfs/home3/modoper/tempo/global/oens/eof/datain/templ062012021400
sx6
PNT-EN
12021405:05
out
/gfs/home3/modoper/tempo/global/oens
/gfs/home3/modoper/tempo/global/oens
/gfs/dk22/modoper/tempo/global/oens
/gfs/dk22/modoper/tempo/global/oens/model/datain
/gfs/home3/modoper/tempo/global/oens/run/setrecfct.1.FCT06RT126L28.sx6
Date: 20120214
Hour: 05:05
FCT06R
2012021400
2012021512
GFCT06R
GFCT06R
GFCT06R
F.fct
F.fct
R.fct
/gfs/home3/modoper/tempo/global/oens
/gfs/home3/modoper/tempo/global/oens
/gfs/dk22/modoper/tempo/global/oens
/gfs/dk22/modoper/tempo/global/oens/model/datain
run
run
GFCT06R20120214002012021512F.fct.T126L28
/gfs/home3/modoper/tempo/global/oens/recfct/datain/GFCT06R20120214002012021512F.fct.T126L28
+ echo Recomposition  -x-  RUNNING ...
Recomposition  -x-  RUNNING ...
+ source=/gfs/home3/modoper/tempo/global/oens/recfct/source
+ bin=/gfs/home3/modoper/tempo/global/oens/recfct/bin/T126L28
+ input=/gfs/home3/modoper/tempo/global/oens/recfct/datain
+ out=/gfs/home3/modoper/tempo/global/oens/recfct/output
+ echo run
run
+ [ run = make ]
+ echo run
run
+ [ run = clean ]
+ cd /gfs/home3/modoper/tempo/global/oens/recfct/bin/T126L28
+ echo ./recfct.T126L28 < /gfs/home3/modoper/tempo/global/oens/recfct/datain/recfctFCT06R.nml > /gfs/home3/modoper/tempo/global/oens/recfct/output/recfct.out.2012021400.05:05.T126L28
./recfct.T126L28 < /gfs/home3/modoper/tempo/global/oens/recfct/datain/recfctFCT06R.nml > /gfs/home3/modoper/tempo/global/oens/recfct/output/recfct.out.2012021400.05:05.T126L28
+ ./recfct.T126L28
+ 0< /gfs/home3/modoper/tempo/global/oens/recfct/datain/recfctFCT06R.nml 1> /gfs/home3/modoper/tempo/global/oens/recfct/output/recfct.out.2012021400.05:05.T126L28
 
 
     ******  Program Information  ******
  Real Time (sec)       :          7.537883
  User Time (sec)       :          4.127798
  Sys  Time (sec)       :          0.068183
  Vector Time (sec)     :          0.344557
  Inst. Count           :        1596986048.
  V. Inst. Count        :          16052480.
  V. Element Count      :        1289251883.
  FLOP Count            :         534710004.
  MOPS                  :        695.330866
  MFLOPS                :        129.538797
  VLEN                  :         80.314810
  V. Op. Ratio (%)      :         44.918766
  Memory Size (MB)      :        192.031250
  MIPS                  :        386.885695
  I-Cache (sec)         :          0.000930
  O-Cache (sec)         :          0.871461
  Bank (sec)            :          0.001190
 
  Start Time (date)  :  2012/02/14 05:05:06
  End   Time (date)  :  2012/02/14 05:05:14
-rw-r--r--    1 modoper  pnt            2600 Feb 14 05:05 /gfs/home3/modoper/tempo/global/oens/eof/datain/templ062012021400
sx6
PNT-EN
12021405:05
out
/gfs/home3/modoper/tempo/global/oens
/gfs/home3/modoper/tempo/global/oens
/gfs/dk22/modoper/tempo/global/oens
/gfs/dk22/modoper/tempo/global/oens/model/datain
/gfs/home3/modoper/tempo/global/oens/run/setrecfct.1.FCT06RT126L28.sx6
Date: 20120214
Hour: 05:05
FCT06R
2012021400
2012021515
GFCT06R
GFCT06R
GFCT06R
F.fct
F.fct
R.fct
/gfs/home3/modoper/tempo/global/oens
/gfs/home3/modoper/tempo/global/oens
/gfs/dk22/modoper/tempo/global/oens
/gfs/dk22/modoper/tempo/global/oens/model/datain
run
run
GFCT06R20120214002012021515F.fct.T126L28
/gfs/home3/modoper/tempo/global/oens/recfct/datain/GFCT06R20120214002012021515F.fct.T126L28
+ echo Recomposition  -x-  RUNNING ...
Recomposition  -x-  RUNNING ...
+ source=/gfs/home3/modoper/tempo/global/oens/recfct/source
+ bin=/gfs/home3/modoper/tempo/global/oens/recfct/bin/T126L28
+ input=/gfs/home3/modoper/tempo/global/oens/recfct/datain
+ out=/gfs/home3/modoper/tempo/global/oens/recfct/output
+ echo run
run
+ [ run = make ]
+ echo run
run
+ [ run = clean ]
+ cd /gfs/home3/modoper/tempo/global/oens/recfct/bin/T126L28
+ echo ./recfct.T126L28 < /gfs/home3/modoper/tempo/global/oens/recfct/datain/recfctFCT06R.nml > /gfs/home3/modoper/tempo/global/oens/recfct/output/recfct.out.2012021400.05:05.T126L28
./recfct.T126L28 < /gfs/home3/modoper/tempo/global/oens/recfct/datain/recfctFCT06R.nml > /gfs/home3/modoper/tempo/global/oens/recfct/output/recfct.out.2012021400.05:05.T126L28
+ ./recfct.T126L28
+ 0< /gfs/home3/modoper/tempo/global/oens/recfct/datain/recfctFCT06R.nml 1> /gfs/home3/modoper/tempo/global/oens/recfct/output/recfct.out.2012021400.05:05.T126L28
 
 
     ******  Program Information  ******
  Real Time (sec)       :          6.104092
  User Time (sec)       :          4.128783
  Sys  Time (sec)       :          0.064330
  Vector Time (sec)     :          0.344421
  Inst. Count           :        1596986048.
  V. Inst. Count        :          16052480.
  V. Element Count      :        1289251883.
  FLOP Count            :         534710004.
  MOPS                  :        695.165004
  MFLOPS                :        129.507897
  VLEN                  :         80.314810
  V. Op. Ratio (%)      :         44.918766
  Memory Size (MB)      :        192.031250
  MIPS                  :        386.793408
  I-Cache (sec)         :          0.000848
  O-Cache (sec)         :          0.872557
  Bank (sec)            :          0.001190
 
  Start Time (date)  :  2012/02/14 05:05:15
  End   Time (date)  :  2012/02/14 05:05:21
-rw-r--r--    1 modoper  pnt            2800 Feb 14 05:05 /gfs/home3/modoper/tempo/global/oens/eof/datain/templ062012021400
sx6
PNT-EN
12021405:05
out
/gfs/home3/modoper/tempo/global/oens
/gfs/home3/modoper/tempo/global/oens
/gfs/dk22/modoper/tempo/global/oens
/gfs/dk22/modoper/tempo/global/oens/model/datain
/gfs/home3/modoper/tempo/global/oens/run/setrecfct.1.FCT06RT126L28.sx6
Date: 20120214
Hour: 05:05
FCT06R
2012021400
2012021518
GFCT06R
GFCT06R
GFCT06R
F.fct
F.fct
R.fct
/gfs/home3/modoper/tempo/global/oens
/gfs/home3/modoper/tempo/global/oens
/gfs/dk22/modoper/tempo/global/oens
/gfs/dk22/modoper/tempo/global/oens/model/datain
run
run
GFCT06R20120214002012021518F.fct.T126L28
/gfs/home3/modoper/tempo/global/oens/recfct/datain/GFCT06R20120214002012021518F.fct.T126L28
+ echo Recomposition  -x-  RUNNING ...
Recomposition  -x-  RUNNING ...
+ source=/gfs/home3/modoper/tempo/global/oens/recfct/source
+ bin=/gfs/home3/modoper/tempo/global/oens/recfct/bin/T126L28
+ input=/gfs/home3/modoper/tempo/global/oens/recfct/datain
+ out=/gfs/home3/modoper/tempo/global/oens/recfct/output
+ echo run
run
+ [ run = make ]
+ echo run
run
+ [ run = clean ]
+ cd /gfs/home3/modoper/tempo/global/oens/recfct/bin/T126L28
+ echo ./recfct.T126L28 < /gfs/home3/modoper/tempo/global/oens/recfct/datain/recfctFCT06R.nml > /gfs/home3/modoper/tempo/global/oens/recfct/output/recfct.out.2012021400.05:05.T126L28
./recfct.T126L28 < /gfs/home3/modoper/tempo/global/oens/recfct/datain/recfctFCT06R.nml > /gfs/home3/modoper/tempo/global/oens/recfct/output/recfct.out.2012021400.05:05.T126L28
+ ./recfct.T126L28
+ 0< /gfs/home3/modoper/tempo/global/oens/recfct/datain/recfctFCT06R.nml 1> /gfs/home3/modoper/tempo/global/oens/recfct/output/recfct.out.2012021400.05:05.T126L28
 
 
     ******  Program Information  ******
  Real Time (sec)       :          6.407127
  User Time (sec)       :          4.128468
  Sys  Time (sec)       :          0.062530
  Vector Time (sec)     :          0.344218
  Inst. Count           :        1596986048.
  V. Inst. Count        :          16052480.
  V. Element Count      :        1289251883.
  FLOP Count            :         534710004.
  MOPS                  :        695.217991
  MFLOPS                :        129.517768
  VLEN                  :         80.314810
  V. Op. Ratio (%)      :         44.918766
  Memory Size (MB)      :        192.031250
  MIPS                  :        386.822890
  I-Cache (sec)         :          0.000808
  O-Cache (sec)         :          0.872312
  Bank (sec)            :          0.001190
 
  Start Time (date)  :  2012/02/14 05:05:23
  End   Time (date)  :  2012/02/14 05:05:29
-rw-r--r--    1 modoper  pnt            3000 Feb 14 05:05 /gfs/home3/modoper/tempo/global/oens/eof/datain/templ062012021400
sx6
PNT-EN
12021405:05
out
/gfs/home3/modoper/tempo/global/oens
/gfs/home3/modoper/tempo/global/oens
/gfs/dk22/modoper/tempo/global/oens
/gfs/dk22/modoper/tempo/global/oens/model/datain
/gfs/home3/modoper/tempo/global/oens/run/setrecfct.1.FCT06RT126L28.sx6
Date: 20120214
Hour: 05:05
FCT06R
2012021400
2012021521
GFCT06R
GFCT06R
GFCT06R
F.fct
F.fct
R.fct
/gfs/home3/modoper/tempo/global/oens
/gfs/home3/modoper/tempo/global/oens
/gfs/dk22/modoper/tempo/global/oens
/gfs/dk22/modoper/tempo/global/oens/model/datain
run
run
GFCT06R20120214002012021521F.fct.T126L28
/gfs/home3/modoper/tempo/global/oens/recfct/datain/GFCT06R20120214002012021521F.fct.T126L28
+ echo Recomposition  -x-  RUNNING ...
Recomposition  -x-  RUNNING ...
+ source=/gfs/home3/modoper/tempo/global/oens/recfct/source
+ bin=/gfs/home3/modoper/tempo/global/oens/recfct/bin/T126L28
+ input=/gfs/home3/modoper/tempo/global/oens/recfct/datain
+ out=/gfs/home3/modoper/tempo/global/oens/recfct/output
+ echo run
run
+ [ run = make ]
+ echo run
run
+ [ run = clean ]
+ cd /gfs/home3/modoper/tempo/global/oens/recfct/bin/T126L28
+ echo ./recfct.T126L28 < /gfs/home3/modoper/tempo/global/oens/recfct/datain/recfctFCT06R.nml > /gfs/home3/modoper/tempo/global/oens/recfct/output/recfct.out.2012021400.05:05.T126L28
./recfct.T126L28 < /gfs/home3/modoper/tempo/global/oens/recfct/datain/recfctFCT06R.nml > /gfs/home3/modoper/tempo/global/oens/recfct/output/recfct.out.2012021400.05:05.T126L28
+ ./recfct.T126L28
+ 0< /gfs/home3/modoper/tempo/global/oens/recfct/datain/recfctFCT06R.nml 1> /gfs/home3/modoper/tempo/global/oens/recfct/output/recfct.out.2012021400.05:05.T126L28
 
 
     ******  Program Information  ******
  Real Time (sec)       :          6.698073
  User Time (sec)       :          4.129184
  Sys  Time (sec)       :          0.062032
  Vector Time (sec)     :          0.345105
  Inst. Count           :        1596986048.
  V. Inst. Count        :          16052480.
  V. Element Count      :        1289251883.
  FLOP Count            :         534710004.
  MOPS                  :        695.097447
  MFLOPS                :        129.495311
  VLEN                  :         80.314810
  V. Op. Ratio (%)      :         44.918766
  Memory Size (MB)      :        192.031250
  MIPS                  :        386.755819
  I-Cache (sec)         :          0.000932
  O-Cache (sec)         :          0.872020
  Bank (sec)            :          0.001190
 
  Start Time (date)  :  2012/02/14 05:05:31
  End   Time (date)  :  2012/02/14 05:05:38
-rw-r--r--    1 modoper  pnt            3200 Feb 14 05:05 /gfs/home3/modoper/tempo/global/oens/eof/datain/templ062012021400
sx6
PNT-EN
12021405:05
out
/gfs/home3/modoper/tempo/global/oens
/gfs/home3/modoper/tempo/global/oens
/gfs/dk22/modoper/tempo/global/oens
/gfs/dk22/modoper/tempo/global/oens/model/datain
/gfs/home3/modoper/tempo/global/oens/run/setrecfct.1.FCT06RT126L28.sx6
Date: 20120214
Hour: 05:05
FCT06R
2012021400
2012021600
GFCT06R
GFCT06R
GFCT06R
F.fct
F.fct
R.fct
/gfs/home3/modoper/tempo/global/oens
/gfs/home3/modoper/tempo/global/oens
/gfs/dk22/modoper/tempo/global/oens
/gfs/dk22/modoper/tempo/global/oens/model/datain
run
run
GFCT06R20120214002012021600F.fct.T126L28
/gfs/home3/modoper/tempo/global/oens/recfct/datain/GFCT06R20120214002012021600F.fct.T126L28
+ echo Recomposition  -x-  RUNNING ...
Recomposition  -x-  RUNNING ...
+ source=/gfs/home3/modoper/tempo/global/oens/recfct/source
+ bin=/gfs/home3/modoper/tempo/global/oens/recfct/bin/T126L28
+ input=/gfs/home3/modoper/tempo/global/oens/recfct/datain
+ out=/gfs/home3/modoper/tempo/global/oens/recfct/output
+ echo run
run
+ [ run = make ]
+ echo run
run
+ [ run = clean ]
+ cd /gfs/home3/modoper/tempo/global/oens/recfct/bin/T126L28
+ echo ./recfct.T126L28 < /gfs/home3/modoper/tempo/global/oens/recfct/datain/recfctFCT06R.nml > /gfs/home3/modoper/tempo/global/oens/recfct/output/recfct.out.2012021400.05:05.T126L28
./recfct.T126L28 < /gfs/home3/modoper/tempo/global/oens/recfct/datain/recfctFCT06R.nml > /gfs/home3/modoper/tempo/global/oens/recfct/output/recfct.out.2012021400.05:05.T126L28
+ ./recfct.T126L28
+ 0< /gfs/home3/modoper/tempo/global/oens/recfct/datain/recfctFCT06R.nml 1> /gfs/home3/modoper/tempo/global/oens/recfct/output/recfct.out.2012021400.05:05.T126L28
 
 
     ******  Program Information  ******
  Real Time (sec)       :         11.738048
  User Time (sec)       :          4.129735
  Sys  Time (sec)       :          0.070257
  Vector Time (sec)     :          0.344430
  Inst. Count           :        1596986017.
  V. Inst. Count        :          16052480.
  V. Element Count      :        1289251883.
  FLOP Count            :         534710003.
  MOPS                  :        695.004740
  MFLOPS                :        129.478041
  VLEN                  :         80.314810
  V. Op. Ratio (%)      :         44.918766
  Memory Size (MB)      :        192.031250
  MIPS                  :        386.704233
  I-Cache (sec)         :          0.001389
  O-Cache (sec)         :          0.873153
  Bank (sec)            :          0.001189
 
  Start Time (date)  :  2012/02/14 05:05:39
  End   Time (date)  :  2012/02/14 05:05:51
-rw-r--r--    1 modoper  pnt            3400 Feb 14 05:05 /gfs/home3/modoper/tempo/global/oens/eof/datain/templ062012021400
sx6
PNT-EN
12021405:05
out
/gfs/home3/modoper/tempo/global/oens
/gfs/home3/modoper/tempo/global/oens
/gfs/dk22/modoper/tempo/global/oens
/gfs/dk22/modoper/tempo/global/oens/model/datain
/gfs/home3/modoper/tempo/global/oens/run/setrecfct.1.FCT06RT126L28.sx6
Date: 20120214
Hour: 05:05
FCT06R
2012021400
2012021603
GFCT06R
GFCT06R
GFCT06R
F.fct
F.fct
R.fct
/gfs/home3/modoper/tempo/global/oens
/gfs/home3/modoper/tempo/global/oens
/gfs/dk22/modoper/tempo/global/oens
/gfs/dk22/modoper/tempo/global/oens/model/datain
run
run
GFCT06R20120214002012021603F.fct.T126L28
/gfs/home3/modoper/tempo/global/oens/recfct/datain/GFCT06R20120214002012021603F.fct.T126L28
+ echo Recomposition  -x-  RUNNING ...
Recomposition  -x-  RUNNING ...
+ source=/gfs/home3/modoper/tempo/global/oens/recfct/source
+ bin=/gfs/home3/modoper/tempo/global/oens/recfct/bin/T126L28
+ input=/gfs/home3/modoper/tempo/global/oens/recfct/datain
+ out=/gfs/home3/modoper/tempo/global/oens/recfct/output
+ echo run
run
+ [ run = make ]
+ echo run
run
+ [ run = clean ]
+ cd /gfs/home3/modoper/tempo/global/oens/recfct/bin/T126L28
+ echo ./recfct.T126L28 < /gfs/home3/modoper/tempo/global/oens/recfct/datain/recfctFCT06R.nml > /gfs/home3/modoper/tempo/global/oens/recfct/output/recfct.out.2012021400.05:05.T126L28
./recfct.T126L28 < /gfs/home3/modoper/tempo/global/oens/recfct/datain/recfctFCT06R.nml > /gfs/home3/modoper/tempo/global/oens/recfct/output/recfct.out.2012021400.05:05.T126L28
+ ./recfct.T126L28
+ 0< /gfs/home3/modoper/tempo/global/oens/recfct/datain/recfctFCT06R.nml 1> /gfs/home3/modoper/tempo/global/oens/recfct/output/recfct.out.2012021400.05:05.T126L28
 
 
     ******  Program Information  ******
  Real Time (sec)       :          6.330468
  User Time (sec)       :          4.124197
  Sys  Time (sec)       :          0.071751
  Vector Time (sec)     :          0.342384
  Inst. Count           :        1596986017.
  V. Inst. Count        :          16052480.
  V. Element Count      :        1289251883.
  FLOP Count            :         534710003.
  MOPS                  :        695.937966
  MFLOPS                :        129.651900
  VLEN                  :         80.314810
  V. Op. Ratio (%)      :         44.918766
  Memory Size (MB)      :        192.031250
  MIPS                  :        387.223485
  I-Cache (sec)         :          0.002252
  O-Cache (sec)         :          0.869517
  Bank (sec)            :          0.001189
 
  Start Time (date)  :  2012/02/14 05:05:53
  End   Time (date)  :  2012/02/14 05:05:59
-rw-r--r--    1 modoper  pnt            3600 Feb 14 05:05 /gfs/home3/modoper/tempo/global/oens/eof/datain/templ062012021400
sx6
PNT-EN
12021405:06
out
/gfs/home3/modoper/tempo/global/oens
/gfs/home3/modoper/tempo/global/oens
/gfs/dk22/modoper/tempo/global/oens
/gfs/dk22/modoper/tempo/global/oens/model/datain
/gfs/home3/modoper/tempo/global/oens/run/setrecfct.1.FCT06RT126L28.sx6
Date: 20120214
Hour: 05:06
FCT06R
2012021400
2012021606
GFCT06R
GFCT06R
GFCT06R
F.fct
F.fct
R.fct
/gfs/home3/modoper/tempo/global/oens
/gfs/home3/modoper/tempo/global/oens
/gfs/dk22/modoper/tempo/global/oens
/gfs/dk22/modoper/tempo/global/oens/model/datain
run
run
GFCT06R20120214002012021606F.fct.T126L28
/gfs/home3/modoper/tempo/global/oens/recfct/datain/GFCT06R20120214002012021606F.fct.T126L28
+ echo Recomposition  -x-  RUNNING ...
Recomposition  -x-  RUNNING ...
+ source=/gfs/home3/modoper/tempo/global/oens/recfct/source
+ bin=/gfs/home3/modoper/tempo/global/oens/recfct/bin/T126L28
+ input=/gfs/home3/modoper/tempo/global/oens/recfct/datain
+ out=/gfs/home3/modoper/tempo/global/oens/recfct/output
+ echo run
run
+ [ run = make ]
+ echo run
run
+ [ run = clean ]
+ cd /gfs/home3/modoper/tempo/global/oens/recfct/bin/T126L28
+ echo ./recfct.T126L28 < /gfs/home3/modoper/tempo/global/oens/recfct/datain/recfctFCT06R.nml > /gfs/home3/modoper/tempo/global/oens/recfct/output/recfct.out.2012021400.05:06.T126L28
./recfct.T126L28 < /gfs/home3/modoper/tempo/global/oens/recfct/datain/recfctFCT06R.nml > /gfs/home3/modoper/tempo/global/oens/recfct/output/recfct.out.2012021400.05:06.T126L28
+ ./recfct.T126L28
+ 0< /gfs/home3/modoper/tempo/global/oens/recfct/datain/recfctFCT06R.nml 1> /gfs/home3/modoper/tempo/global/oens/recfct/output/recfct.out.2012021400.05:06.T126L28
 
 
     ******  Program Information  ******
  Real Time (sec)       :          5.693887
  User Time (sec)       :          4.130203
  Sys  Time (sec)       :          0.061863
  Vector Time (sec)     :          0.345565
  Inst. Count           :        1596986017.
  V. Inst. Count        :          16052480.
  V. Element Count      :        1289251883.
  FLOP Count            :         534710003.
  MOPS                  :        694.926006
  MFLOPS                :        129.463373
  VLEN                  :         80.314810
  V. Op. Ratio (%)      :         44.918766
  Memory Size (MB)      :        192.031250
  MIPS                  :        386.660425
  I-Cache (sec)         :          0.000810
  O-Cache (sec)         :          0.873194
  Bank (sec)            :          0.001190
 
  Start Time (date)  :  2012/02/14 05:06:01
  End   Time (date)  :  2012/02/14 05:06:06
-rw-r--r--    1 modoper  pnt            3800 Feb 14 05:06 /gfs/home3/modoper/tempo/global/oens/eof/datain/templ062012021400
sx6
PNT-EN
12021405:06
out
/gfs/home3/modoper/tempo/global/oens
/gfs/home3/modoper/tempo/global/oens
/gfs/dk22/modoper/tempo/global/oens
/gfs/dk22/modoper/tempo/global/oens/model/datain
/gfs/home3/modoper/tempo/global/oens/run/setrecfct.1.FCT06RT126L28.sx6
Date: 20120214
Hour: 05:06
FCT06R
2012021400
2012021609
GFCT06R
GFCT06R
GFCT06R
F.fct
F.fct
R.fct
/gfs/home3/modoper/tempo/global/oens
/gfs/home3/modoper/tempo/global/oens
/gfs/dk22/modoper/tempo/global/oens
/gfs/dk22/modoper/tempo/global/oens/model/datain
run
run
GFCT06R20120214002012021609F.fct.T126L28
/gfs/home3/modoper/tempo/global/oens/recfct/datain/GFCT06R20120214002012021609F.fct.T126L28
+ echo Recomposition  -x-  RUNNING ...
Recomposition  -x-  RUNNING ...
+ source=/gfs/home3/modoper/tempo/global/oens/recfct/source
+ bin=/gfs/home3/modoper/tempo/global/oens/recfct/bin/T126L28
+ input=/gfs/home3/modoper/tempo/global/oens/recfct/datain
+ out=/gfs/home3/modoper/tempo/global/oens/recfct/output
+ echo run
run
+ [ run = make ]
+ echo run
run
+ [ run = clean ]
+ cd /gfs/home3/modoper/tempo/global/oens/recfct/bin/T126L28
+ echo ./recfct.T126L28 < /gfs/home3/modoper/tempo/global/oens/recfct/datain/recfctFCT06R.nml > /gfs/home3/modoper/tempo/global/oens/recfct/output/recfct.out.2012021400.05:06.T126L28
./recfct.T126L28 < /gfs/home3/modoper/tempo/global/oens/recfct/datain/recfctFCT06R.nml > /gfs/home3/modoper/tempo/global/oens/recfct/output/recfct.out.2012021400.05:06.T126L28
+ ./recfct.T126L28
+ 0< /gfs/home3/modoper/tempo/global/oens/recfct/datain/recfctFCT06R.nml 1> /gfs/home3/modoper/tempo/global/oens/recfct/output/recfct.out.2012021400.05:06.T126L28
 
 
     ******  Program Information  ******
  Real Time (sec)       :          6.702132
  User Time (sec)       :          4.123567
  Sys  Time (sec)       :          0.065072
  Vector Time (sec)     :          0.342354
  Inst. Count           :        1596986017.
  V. Inst. Count        :          16052480.
  V. Element Count      :        1289251883.
  FLOP Count            :         534710003.
  MOPS                  :        696.044339
  MFLOPS                :        129.671717
  VLEN                  :         80.314810
  V. Op. Ratio (%)      :         44.918766
  Memory Size (MB)      :        192.031250
  MIPS                  :        387.282671
  I-Cache (sec)         :          0.001653
  O-Cache (sec)         :          0.868847
  Bank (sec)            :          0.001191
 
  Start Time (date)  :  2012/02/14 05:06:08
  End   Time (date)  :  2012/02/14 05:06:15
-rw-r--r--    1 modoper  pnt            4000 Feb 14 05:06 /gfs/home3/modoper/tempo/global/oens/eof/datain/templ062012021400
sx6
PNT-EN
12021405:06
out
/gfs/home3/modoper/tempo/global/oens
/gfs/home3/modoper/tempo/global/oens
/gfs/dk22/modoper/tempo/global/oens
/gfs/dk22/modoper/tempo/global/oens/model/datain
/gfs/home3/modoper/tempo/global/oens/run/setrecfct.1.FCT06RT126L28.sx6
Date: 20120214
Hour: 05:06
FCT06R
2012021400
2012021612
GFCT06R
GFCT06R
GFCT06R
F.fct
F.fct
R.fct
/gfs/home3/modoper/tempo/global/oens
/gfs/home3/modoper/tempo/global/oens
/gfs/dk22/modoper/tempo/global/oens
/gfs/dk22/modoper/tempo/global/oens/model/datain
run
run
GFCT06R20120214002012021612F.fct.T126L28
/gfs/home3/modoper/tempo/global/oens/recfct/datain/GFCT06R20120214002012021612F.fct.T126L28
+ echo Recomposition  -x-  RUNNING ...
Recomposition  -x-  RUNNING ...
+ source=/gfs/home3/modoper/tempo/global/oens/recfct/source
+ bin=/gfs/home3/modoper/tempo/global/oens/recfct/bin/T126L28
+ input=/gfs/home3/modoper/tempo/global/oens/recfct/datain
+ out=/gfs/home3/modoper/tempo/global/oens/recfct/output
+ echo run
run
+ [ run = make ]
+ echo run
run
+ [ run = clean ]
+ cd /gfs/home3/modoper/tempo/global/oens/recfct/bin/T126L28
+ echo ./recfct.T126L28 < /gfs/home3/modoper/tempo/global/oens/recfct/datain/recfctFCT06R.nml > /gfs/home3/modoper/tempo/global/oens/recfct/output/recfct.out.2012021400.05:06.T126L28
./recfct.T126L28 < /gfs/home3/modoper/tempo/global/oens/recfct/datain/recfctFCT06R.nml > /gfs/home3/modoper/tempo/global/oens/recfct/output/recfct.out.2012021400.05:06.T126L28
+ ./recfct.T126L28
+ 0< /gfs/home3/modoper/tempo/global/oens/recfct/datain/recfctFCT06R.nml 1> /gfs/home3/modoper/tempo/global/oens/recfct/output/recfct.out.2012021400.05:06.T126L28
 
 
     ******  Program Information  ******
  Real Time (sec)       :          6.011088
  User Time (sec)       :          4.124001
  Sys  Time (sec)       :          0.067299
  Vector Time (sec)     :          0.342455
  Inst. Count           :        1596986048.
  V. Inst. Count        :          16052480.
  V. Element Count      :        1289251883.
  FLOP Count            :         534710004.
  MOPS                  :        695.971062
  MFLOPS                :        129.658064
  VLEN                  :         80.314810
  V. Op. Ratio (%)      :         44.918766
  Memory Size (MB)      :        192.031250
  MIPS                  :        387.241903
  I-Cache (sec)         :          0.001868
  O-Cache (sec)         :          0.869187
  Bank (sec)            :          0.001190
 
  Start Time (date)  :  2012/02/14 05:06:19
  End   Time (date)  :  2012/02/14 05:06:25
sx6
2012021405:06
out
/gfs/home3/modoper/tempo/global/oens
/gfs/home3/modoper/tempo/global/oens
/gfs/dk22/modoper/tempo/global/oens
/gfs/dk22/modoper/tempo/global/oens/model/datain
/gfs/home3/modoper/tempo/global/oens/run/seteofs.1.06T126L28.sx6
06
Date: 20120214
Hour: 05:06
2012021400
/gfs/home3/modoper/tempo/global/oens
/gfs/home3/modoper/tempo/global/oens
/gfs/dk22/modoper/tempo/global/oens
/gfs/dk22/modoper/tempo/global/oens/model/datain
run
run
Vai chamar eoft
+ echo EOFT           -x-  RUNNING ...
EOFT           -x-  RUNNING ...
+ source=/gfs/home3/modoper/tempo/global/oens/eoftemp/source
+ bin=/gfs/home3/modoper/tempo/global/oens/eof/bin/T126L28
+ inp=/gfs/home3/modoper/tempo/global/oens/eof/datain
+ outp=/gfs/home3/modoper/tempo/global/oens/eoftemp/output
+ echo run
run
+ [ run = make ]
+ echo run
run
+ [ run = clean ]
+ cd /gfs/home3/modoper/tempo/global/oens/eof/bin/T126L28
+ echo ./eoftem.T126L28 < /gfs/home3/modoper/tempo/global/oens/eof/datain/eoftem06.nml > /gfs/home3/modoper/tempo/global/oens/eoftemp/output/eoftem.2012021400.05:06.T126L28
./eoftem.T126L28 < /gfs/home3/modoper/tempo/global/oens/eof/datain/eoftem06.nml > /gfs/home3/modoper/tempo/global/oens/eoftemp/output/eoftem.2012021400.05:06.T126L28
+ ./eoftem.T126L28
+ 0< /gfs/home3/modoper/tempo/global/oens/eof/datain/eoftem06.nml 1> /gfs/home3/modoper/tempo/global/oens/eoftemp/output/eoftem.2012021400.05:06.T126L28
 entrou no eoft fortran
 &DATAIN DIRI=/gfs/home3/modoper/tempo/global/oens/eof/datain/                ,
 DIRA=/gfs/dk22/modoper/tempo/global/oens/model/datain/               ,
 DIRO=/gfs/dk22/modoper/tempo/global/oens/eof/dataout/T126L28/        ,
 NAMEL=templ062012021400                                               ,
 ANAME=GANLAVN2012021400R.unf.T126L28                                                      ,
 TEMOUT=temout062012021400                                              ,
 TEMPCM=tempcm062012021400                                              ,
 TEMPER1=tempe1062012021400                                              ,
 TEMPEN1=tempn1062012021400                                               /
 
 
     ******  Program Information  ******
  Real Time (sec)       :         24.093783
  User Time (sec)       :          6.580376
  Sys  Time (sec)       :          0.399329
  Vector Time (sec)     :          5.902022
  Inst. Count           :         597133999.
  V. Inst. Count        :          72972104.
  V. Element Count      :        9156489851.
  FLOP Count            :        3164565888.
  MOPS                  :       1471.139537
  MFLOPS                :        480.909562
  VLEN                  :        125.479318
  V. Op. Ratio (%)      :         94.585469
  Memory Size (MB)      :        304.031250
  MIPS                  :         90.744658
  I-Cache (sec)         :          0.004947
  O-Cache (sec)         :          0.005113
  Bank (sec)            :          0.281363
 
  Start Time (date)  :  2012/02/14 05:06:28
  End   Time (date)  :  2012/02/14 05:06:52
Vai chamar eofw
+ echo EOFW           -x-  RUNNING ...
EOFW           -x-  RUNNING ...
+ source=/gfs/home3/modoper/tempo/global/oens/eofwind/source
+ bin=/gfs/home3/modoper/tempo/global/oens/eof/bin/T126L28
+ out=/gfs/dk22/modoper/tempo/global/oens/eof/dataout/T126L28
+ inp=/gfs/home3/modoper/tempo/global/oens/eof/datain
+ outp=/gfs/home3/modoper/tempo/global/oens/eofwind/output
+ echo run
run
+ [ run = make ]
+ echo run
run
+ [ run = clean ]
+ cd /gfs/home3/modoper/tempo/global/oens/eof/bin/T126L28
+ echo ./eofwin.T126L28 < /gfs/home3/modoper/tempo/global/oens/eof/datain/eofwin06.nml > /gfs/home3/modoper/tempo/global/oens/eofwind/output/eofwin.2012021400.05:06.T126L28
./eofwin.T126L28 < /gfs/home3/modoper/tempo/global/oens/eof/datain/eofwin06.nml > /gfs/home3/modoper/tempo/global/oens/eofwind/output/eofwin.2012021400.05:06.T126L28
+ ./eofwin.T126L28
+ 0< /gfs/home3/modoper/tempo/global/oens/eof/datain/eofwin06.nml 1> /gfs/home3/modoper/tempo/global/oens/eofwind/output/eofwin.2012021400.05:06.T126L28
 
 
     ******  Program Information  ******
  Real Time (sec)       :         31.272307
  User Time (sec)       :         11.994705
  Sys  Time (sec)       :          0.616011
  Vector Time (sec)     :         10.937154
  Inst. Count           :        1009390187.
  V. Inst. Count        :         235339325.
  V. Element Count      :       26880732743.
  FLOP Count            :        7609521217.
  MOPS                  :       2305.582699
  MFLOPS                :        634.406717
  VLEN                  :        114.221169
  V. Op. Ratio (%)      :         97.201024
  Memory Size (MB)      :        624.031250
  MIPS                  :         84.152984
  I-Cache (sec)         :          0.008564
  O-Cache (sec)         :          0.018709
  Bank (sec)            :          0.599880
 
  Start Time (date)  :  2012/02/14 05:06:53
  End   Time (date)  :  2012/02/14 05:07:24
sx6
2012021405:07
out
/gfs/home3/modoper/tempo/global/oens
/gfs/home3/modoper/tempo/global/oens
/gfs/dk22/modoper/tempo/global/oens
/gfs/dk22/modoper/tempo/global/oens/model/datain
/gfs/home3/modoper/tempo/global/oens/run/setdeco06T126L28.sx6
Date: 20120214
Hour: 05:07
2012021400
/gfs/home3/modoper/tempo/global/oens
/gfs/home3/modoper/tempo/global/oens
/gfs/dk22/modoper/tempo/global/oens
/gfs/dk22/modoper/tempo/global/oens/model/datain
run
run
+ echo Decomposition  -x-  RUNNING ...
Decomposition  -x-  RUNNING ...
+ source=/gfs/home3/modoper/tempo/global/oens/decanl/source
+ bin=/gfs/home3/modoper/tempo/global/oens/decanl/bin/T126L28
+ input=/gfs/home3/modoper/tempo/global/oens/decanl/datain
+ out=/gfs/home3/modoper/tempo/global/oens/decanl/output
+ echo run
run
+ [ run = make ]
+ echo run
run
+ [ run = clean ]
+ cd /gfs/home3/modoper/tempo/global/oens/decanl/bin/T126L28
+ ./decanl.T126L28
+ 0< /gfs/home3/modoper/tempo/global/oens/decanl/datain/decanl06.nml 1> /gfs/home3/modoper/tempo/global/oens/decanl/output/decanl.2012021400.05:07.T126L28
 
 
     ******  Program Information  ******
  Real Time (sec)       :          2.813401
  User Time (sec)       :          0.819932
  Sys  Time (sec)       :          0.058512
  Vector Time (sec)     :          0.628498
  Inst. Count           :         173583870.
  V. Inst. Count        :          21078079.
  V. Element Count      :        2292782635.
  FLOP Count            :         590251093.
  MOPS                  :       2982.306282
  MFLOPS                :        719.878082
  VLEN                  :        108.775692
  V. Op. Ratio (%)      :         93.763280
  Memory Size (MB)      :        192.031250
  MIPS                  :        211.705196
  I-Cache (sec)         :          0.000836
  O-Cache (sec)         :          0.026672
  Bank (sec)            :          0.015380
 
  Start Time (date)  :  2012/02/14 05:07:25
  End   Time (date)  :  2012/02/14 05:07:28
+ echo Decomposition  -x-  RUNNING ...
Decomposition  -x-  RUNNING ...
+ source=/gfs/home3/modoper/tempo/global/oens/decanl/source
+ bin=/gfs/home3/modoper/tempo/global/oens/decanl/bin/T126L28
+ input=/gfs/home3/modoper/tempo/global/oens/decanl/datain
+ out=/gfs/home3/modoper/tempo/global/oens/decanl/output
+ echo run
run
+ [ run = make ]
+ echo run
run
+ [ run = clean ]
+ cd /gfs/home3/modoper/tempo/global/oens/decanl/bin/T126L28
+ ./decanl.T126L28
+ 0< /gfs/home3/modoper/tempo/global/oens/decanl/datain/decanl06.nml 1> /gfs/home3/modoper/tempo/global/oens/decanl/output/decanl.2012021400.05:07.T126L28
 
 
     ******  Program Information  ******
  Real Time (sec)       :          1.866905
  User Time (sec)       :          0.819880
  Sys  Time (sec)       :          0.054282
  Vector Time (sec)     :          0.628449
  Inst. Count           :         173583765.
  V. Inst. Count        :          21078079.
  V. Element Count      :        2292782629.
  FLOP Count            :         590251093.
  MOPS                  :       2982.496409
  MFLOPS                :        719.924008
  VLEN                  :        108.775692
  V. Op. Ratio (%)      :         93.763284
  Memory Size (MB)      :        192.031250
  MIPS                  :        211.718574
  I-Cache (sec)         :          0.000865
  O-Cache (sec)         :          0.026700
  Bank (sec)            :          0.015381
 
  Start Time (date)  :  2012/02/14 05:07:28
  End   Time (date)  :  2012/02/14 05:07:30
105.3u 25.4s 5:20 40% 838+175584k 91119+9848io 0w
logout
