stty: : Invalid argument
vt100
resize:  can't open terminal /dev/tty
======================================
Welcome to tupan00: SUPER-UX 14.1 SX-6
Today is Mon Oct 10 04:46:08 GMT 2011
======================================
runperreco1.sx6 126 28 04 2011101000 15 NO 07 
sx6
2011101004:46
out
/gfs/home3/modoper/tempo/global/oens
/gfs/home3/modoper/tempo/global/oens
/gfs/dk22/modoper/tempo/global/oens
/gfs/dk22/modoper/tempo/global/oens/model/datain
/gfs/home3/modoper/tempo/global/oens/run/setperreco.1.04T126L28.sx6
Date: 20111010
Hour: 04:46
2011101000


rm: ERROR: Cannot access templ042011101000: No such file or directory
-rw-r--r--    1 modoper  pnt             200 Oct 10 04:46 /gfs/home3/modoper/tempo/global/oens/eof/datain/templ042011101000
ls: ERROR: Cannot access /gfs/dk22/modoper/tempo/global/oens/recfct/dataout/T126L28/GFCT04R2011101000*.fct*: No such file or directory
sx6
PNT-EN
11101004:46
out
/gfs/home3/modoper/tempo/global/oens
/gfs/home3/modoper/tempo/global/oens
/gfs/dk22/modoper/tempo/global/oens
/gfs/dk22/modoper/tempo/global/oens/model/datain
/gfs/home3/modoper/tempo/global/oens/run/setrecfct.1.FCT04RT126L28.sx6
Date: 20111010
Hour: 04:46
FCT04R
2011101000
2011101003
GFCT04R
GFCT04R
GFCT04R
F.fct
F.fct
R.fct
/gfs/home3/modoper/tempo/global/oens
/gfs/home3/modoper/tempo/global/oens
/gfs/dk22/modoper/tempo/global/oens
/gfs/dk22/modoper/tempo/global/oens/model/datain
run
run
GFCT04R20111010002011101003F.fct.T126L28
/gfs/home3/modoper/tempo/global/oens/recfct/datain/GFCT04R20111010002011101003F.fct.T126L28
+ echo Recomposition  -x-  RUNNING ...
Recomposition  -x-  RUNNING ...
+ source=/gfs/home3/modoper/tempo/global/oens/recfct/source
+ bin=/gfs/home3/modoper/tempo/global/oens/recfct/bin/T126L28
+ input=/gfs/home3/modoper/tempo/global/oens/recfct/datain
+ out=/gfs/home3/modoper/tempo/global/oens/recfct/output
+ echo run
run
+ [ run = make ]
+ echo run
run
+ [ run = clean ]
+ cd /gfs/home3/modoper/tempo/global/oens/recfct/bin/T126L28
+ echo ./recfct.T126L28 < /gfs/home3/modoper/tempo/global/oens/recfct/datain/recfctFCT04R.nml > /gfs/home3/modoper/tempo/global/oens/recfct/output/recfct.out.2011101000.04:46.T126L28
./recfct.T126L28 < /gfs/home3/modoper/tempo/global/oens/recfct/datain/recfctFCT04R.nml > /gfs/home3/modoper/tempo/global/oens/recfct/output/recfct.out.2011101000.04:46.T126L28
+ ./recfct.T126L28
+ 0< /gfs/home3/modoper/tempo/global/oens/recfct/datain/recfctFCT04R.nml 1> /gfs/home3/modoper/tempo/global/oens/recfct/output/recfct.out.2011101000.04:46.T126L28
 
 
     ******  Program Information  ******
  Real Time (sec)       :          5.636195
  User Time (sec)       :          4.120983
  Sys  Time (sec)       :          0.061157
  Vector Time (sec)     :          0.341710
  Inst. Count           :        1596986079.
  V. Inst. Count        :          16052480.
  V. Element Count      :        1289251883.
  FLOP Count            :         534710005.
  MOPS                  :        696.480764
  MFLOPS                :        129.753020
  VLEN                  :         80.314810
  V. Op. Ratio (%)      :         44.918765
  Memory Size (MB)      :        192.031250
  MIPS                  :        387.525507
  I-Cache (sec)         :          0.000838
  O-Cache (sec)         :          0.864910
  Bank (sec)            :          0.001191
 
  Start Time (date)  :  2011/10/10 04:46:12
  End   Time (date)  :  2011/10/10 04:46:17
-rw-r--r--    1 modoper  pnt             400 Oct 10 04:46 /gfs/home3/modoper/tempo/global/oens/eof/datain/templ042011101000
sx6
PNT-EN
11101004:46
out
/gfs/home3/modoper/tempo/global/oens
/gfs/home3/modoper/tempo/global/oens
/gfs/dk22/modoper/tempo/global/oens
/gfs/dk22/modoper/tempo/global/oens/model/datain
/gfs/home3/modoper/tempo/global/oens/run/setrecfct.1.FCT04RT126L28.sx6
Date: 20111010
Hour: 04:46
FCT04R
2011101000
2011101006
GFCT04R
GFCT04R
GFCT04R
F.fct
F.fct
R.fct
/gfs/home3/modoper/tempo/global/oens
/gfs/home3/modoper/tempo/global/oens
/gfs/dk22/modoper/tempo/global/oens
/gfs/dk22/modoper/tempo/global/oens/model/datain
run
run
GFCT04R20111010002011101006F.fct.T126L28
/gfs/home3/modoper/tempo/global/oens/recfct/datain/GFCT04R20111010002011101006F.fct.T126L28
+ echo Recomposition  -x-  RUNNING ...
Recomposition  -x-  RUNNING ...
+ source=/gfs/home3/modoper/tempo/global/oens/recfct/source
+ bin=/gfs/home3/modoper/tempo/global/oens/recfct/bin/T126L28
+ input=/gfs/home3/modoper/tempo/global/oens/recfct/datain
+ out=/gfs/home3/modoper/tempo/global/oens/recfct/output
+ echo run
run
+ [ run = make ]
+ echo run
run
+ [ run = clean ]
+ cd /gfs/home3/modoper/tempo/global/oens/recfct/bin/T126L28
+ echo ./recfct.T126L28 < /gfs/home3/modoper/tempo/global/oens/recfct/datain/recfctFCT04R.nml > /gfs/home3/modoper/tempo/global/oens/recfct/output/recfct.out.2011101000.04:46.T126L28
./recfct.T126L28 < /gfs/home3/modoper/tempo/global/oens/recfct/datain/recfctFCT04R.nml > /gfs/home3/modoper/tempo/global/oens/recfct/output/recfct.out.2011101000.04:46.T126L28
+ ./recfct.T126L28
+ 0< /gfs/home3/modoper/tempo/global/oens/recfct/datain/recfctFCT04R.nml 1> /gfs/home3/modoper/tempo/global/oens/recfct/output/recfct.out.2011101000.04:46.T126L28
 
 
     ******  Program Information  ******
  Real Time (sec)       :          6.513407
  User Time (sec)       :          4.137619
  Sys  Time (sec)       :          0.139719
  Vector Time (sec)     :          0.344838
  Inst. Count           :        1596986079.
  V. Inst. Count        :          16052480.
  V. Element Count      :        1289251883.
  FLOP Count            :         534710005.
  MOPS                  :        693.680534
  MFLOPS                :        129.231342
  VLEN                  :         80.314810
  V. Op. Ratio (%)      :         44.918765
  Memory Size (MB)      :        192.031250
  MIPS                  :        385.967445
  I-Cache (sec)         :          0.007668
  O-Cache (sec)         :          0.877693
  Bank (sec)            :          0.001190
 
  Start Time (date)  :  2011/10/10 04:46:18
  End   Time (date)  :  2011/10/10 04:46:25
-rw-r--r--    1 modoper  pnt             600 Oct 10 04:46 /gfs/home3/modoper/tempo/global/oens/eof/datain/templ042011101000
sx6
PNT-EN
11101004:46
out
/gfs/home3/modoper/tempo/global/oens
/gfs/home3/modoper/tempo/global/oens
/gfs/dk22/modoper/tempo/global/oens
/gfs/dk22/modoper/tempo/global/oens/model/datain
/gfs/home3/modoper/tempo/global/oens/run/setrecfct.1.FCT04RT126L28.sx6
Date: 20111010
Hour: 04:46
FCT04R
2011101000
2011101009
GFCT04R
GFCT04R
GFCT04R
F.fct
F.fct
R.fct
/gfs/home3/modoper/tempo/global/oens
/gfs/home3/modoper/tempo/global/oens
/gfs/dk22/modoper/tempo/global/oens
/gfs/dk22/modoper/tempo/global/oens/model/datain
run
run
GFCT04R20111010002011101009F.fct.T126L28
/gfs/home3/modoper/tempo/global/oens/recfct/datain/GFCT04R20111010002011101009F.fct.T126L28
+ echo Recomposition  -x-  RUNNING ...
Recomposition  -x-  RUNNING ...
+ source=/gfs/home3/modoper/tempo/global/oens/recfct/source
+ bin=/gfs/home3/modoper/tempo/global/oens/recfct/bin/T126L28
+ input=/gfs/home3/modoper/tempo/global/oens/recfct/datain
+ out=/gfs/home3/modoper/tempo/global/oens/recfct/output
+ echo run
run
+ [ run = make ]
+ echo run
run
+ [ run = clean ]
+ cd /gfs/home3/modoper/tempo/global/oens/recfct/bin/T126L28
+ echo ./recfct.T126L28 < /gfs/home3/modoper/tempo/global/oens/recfct/datain/recfctFCT04R.nml > /gfs/home3/modoper/tempo/global/oens/recfct/output/recfct.out.2011101000.04:46.T126L28
./recfct.T126L28 < /gfs/home3/modoper/tempo/global/oens/recfct/datain/recfctFCT04R.nml > /gfs/home3/modoper/tempo/global/oens/recfct/output/recfct.out.2011101000.04:46.T126L28
+ ./recfct.T126L28
+ 0< /gfs/home3/modoper/tempo/global/oens/recfct/datain/recfctFCT04R.nml 1> /gfs/home3/modoper/tempo/global/oens/recfct/output/recfct.out.2011101000.04:46.T126L28
 
 
     ******  Program Information  ******
  Real Time (sec)       :         12.481009
  User Time (sec)       :          4.121487
  Sys  Time (sec)       :          0.067248
  Vector Time (sec)     :          0.341954
  Inst. Count           :        1596986079.
  V. Inst. Count        :          16052480.
  V. Element Count      :        1289251883.
  FLOP Count            :         534710005.
  MOPS                  :        696.395683
  MFLOPS                :        129.737169
  VLEN                  :         80.314810
  V. Op. Ratio (%)      :         44.918765
  Memory Size (MB)      :        192.031250
  MIPS                  :        387.478168
  I-Cache (sec)         :          0.001002
  O-Cache (sec)         :          0.865116
  Bank (sec)            :          0.001191
 
  Start Time (date)  :  2011/10/10 04:46:26
  End   Time (date)  :  2011/10/10 04:46:38
-rw-r--r--    1 modoper  pnt             800 Oct 10 04:46 /gfs/home3/modoper/tempo/global/oens/eof/datain/templ042011101000
sx6
PNT-EN
11101004:46
out
/gfs/home3/modoper/tempo/global/oens
/gfs/home3/modoper/tempo/global/oens
/gfs/dk22/modoper/tempo/global/oens
/gfs/dk22/modoper/tempo/global/oens/model/datain
/gfs/home3/modoper/tempo/global/oens/run/setrecfct.1.FCT04RT126L28.sx6
Date: 20111010
Hour: 04:46
FCT04R
2011101000
2011101012
GFCT04R
GFCT04R
GFCT04R
F.fct
F.fct
R.fct
/gfs/home3/modoper/tempo/global/oens
/gfs/home3/modoper/tempo/global/oens
/gfs/dk22/modoper/tempo/global/oens
/gfs/dk22/modoper/tempo/global/oens/model/datain
run
run
GFCT04R20111010002011101012F.fct.T126L28
/gfs/home3/modoper/tempo/global/oens/recfct/datain/GFCT04R20111010002011101012F.fct.T126L28
+ echo Recomposition  -x-  RUNNING ...
Recomposition  -x-  RUNNING ...
+ source=/gfs/home3/modoper/tempo/global/oens/recfct/source
+ bin=/gfs/home3/modoper/tempo/global/oens/recfct/bin/T126L28
+ input=/gfs/home3/modoper/tempo/global/oens/recfct/datain
+ out=/gfs/home3/modoper/tempo/global/oens/recfct/output
+ echo run
run
+ [ run = make ]
+ echo run
run
+ [ run = clean ]
+ cd /gfs/home3/modoper/tempo/global/oens/recfct/bin/T126L28
+ echo ./recfct.T126L28 < /gfs/home3/modoper/tempo/global/oens/recfct/datain/recfctFCT04R.nml > /gfs/home3/modoper/tempo/global/oens/recfct/output/recfct.out.2011101000.04:46.T126L28
./recfct.T126L28 < /gfs/home3/modoper/tempo/global/oens/recfct/datain/recfctFCT04R.nml > /gfs/home3/modoper/tempo/global/oens/recfct/output/recfct.out.2011101000.04:46.T126L28
+ ./recfct.T126L28
+ 0< /gfs/home3/modoper/tempo/global/oens/recfct/datain/recfctFCT04R.nml 1> /gfs/home3/modoper/tempo/global/oens/recfct/output/recfct.out.2011101000.04:46.T126L28
 
 
     ******  Program Information  ******
  Real Time (sec)       :          7.083553
  User Time (sec)       :          4.141195
  Sys  Time (sec)       :          0.166331
  Vector Time (sec)     :          0.345440
  Inst. Count           :        1596986110.
  V. Inst. Count        :          16052480.
  V. Element Count      :        1289251883.
  FLOP Count            :         534710006.
  MOPS                  :        693.081513
  MFLOPS                :        129.119744
  VLEN                  :         80.314810
  V. Op. Ratio (%)      :         44.918765
  Memory Size (MB)      :        192.031250
  MIPS                  :        385.634149
  I-Cache (sec)         :          0.009214
  O-Cache (sec)         :          0.881803
  Bank (sec)            :          0.001190
 
  Start Time (date)  :  2011/10/10 04:46:39
  End   Time (date)  :  2011/10/10 04:46:46
-rw-r--r--    1 modoper  pnt            1000 Oct 10 04:46 /gfs/home3/modoper/tempo/global/oens/eof/datain/templ042011101000
sx6
PNT-EN
11101004:46
out
/gfs/home3/modoper/tempo/global/oens
/gfs/home3/modoper/tempo/global/oens
/gfs/dk22/modoper/tempo/global/oens
/gfs/dk22/modoper/tempo/global/oens/model/datain
/gfs/home3/modoper/tempo/global/oens/run/setrecfct.1.FCT04RT126L28.sx6
Date: 20111010
Hour: 04:46
FCT04R
2011101000
2011101015
GFCT04R
GFCT04R
GFCT04R
F.fct
F.fct
R.fct
/gfs/home3/modoper/tempo/global/oens
/gfs/home3/modoper/tempo/global/oens
/gfs/dk22/modoper/tempo/global/oens
/gfs/dk22/modoper/tempo/global/oens/model/datain
run
run
GFCT04R20111010002011101015F.fct.T126L28
/gfs/home3/modoper/tempo/global/oens/recfct/datain/GFCT04R20111010002011101015F.fct.T126L28
+ echo Recomposition  -x-  RUNNING ...
Recomposition  -x-  RUNNING ...
+ source=/gfs/home3/modoper/tempo/global/oens/recfct/source
+ bin=/gfs/home3/modoper/tempo/global/oens/recfct/bin/T126L28
+ input=/gfs/home3/modoper/tempo/global/oens/recfct/datain
+ out=/gfs/home3/modoper/tempo/global/oens/recfct/output
+ echo run
run
+ [ run = make ]
+ echo run
run
+ [ run = clean ]
+ cd /gfs/home3/modoper/tempo/global/oens/recfct/bin/T126L28
+ echo ./recfct.T126L28 < /gfs/home3/modoper/tempo/global/oens/recfct/datain/recfctFCT04R.nml > /gfs/home3/modoper/tempo/global/oens/recfct/output/recfct.out.2011101000.04:46.T126L28
./recfct.T126L28 < /gfs/home3/modoper/tempo/global/oens/recfct/datain/recfctFCT04R.nml > /gfs/home3/modoper/tempo/global/oens/recfct/output/recfct.out.2011101000.04:46.T126L28
+ ./recfct.T126L28
+ 0< /gfs/home3/modoper/tempo/global/oens/recfct/datain/recfctFCT04R.nml 1> /gfs/home3/modoper/tempo/global/oens/recfct/output/recfct.out.2011101000.04:46.T126L28
 
 
     ******  Program Information  ******
  Real Time (sec)       :         12.158694
  User Time (sec)       :          4.124314
  Sys  Time (sec)       :          0.063436
  Vector Time (sec)     :          0.343274
  Inst. Count           :        1596986110.
  V. Inst. Count        :          16052480.
  V. Element Count      :        1289251883.
  FLOP Count            :         534710006.
  MOPS                  :        695.918245
  MFLOPS                :        129.648222
  VLEN                  :         80.314810
  V. Op. Ratio (%)      :         44.918765
  Memory Size (MB)      :        192.031250
  MIPS                  :        387.212522
  I-Cache (sec)         :          0.001133
  O-Cache (sec)         :          0.866715
  Bank (sec)            :          0.001191
 
  Start Time (date)  :  2011/10/10 04:46:47
  End   Time (date)  :  2011/10/10 04:47:00
-rw-r--r--    1 modoper  pnt            1200 Oct 10 04:47 /gfs/home3/modoper/tempo/global/oens/eof/datain/templ042011101000
sx6
PNT-EN
11101004:47
out
/gfs/home3/modoper/tempo/global/oens
/gfs/home3/modoper/tempo/global/oens
/gfs/dk22/modoper/tempo/global/oens
/gfs/dk22/modoper/tempo/global/oens/model/datain
/gfs/home3/modoper/tempo/global/oens/run/setrecfct.1.FCT04RT126L28.sx6
Date: 20111010
Hour: 04:47
FCT04R
2011101000
2011101018
GFCT04R
GFCT04R
GFCT04R
F.fct
F.fct
R.fct
/gfs/home3/modoper/tempo/global/oens
/gfs/home3/modoper/tempo/global/oens
/gfs/dk22/modoper/tempo/global/oens
/gfs/dk22/modoper/tempo/global/oens/model/datain
run
run
GFCT04R20111010002011101018F.fct.T126L28
/gfs/home3/modoper/tempo/global/oens/recfct/datain/GFCT04R20111010002011101018F.fct.T126L28
+ echo Recomposition  -x-  RUNNING ...
Recomposition  -x-  RUNNING ...
+ source=/gfs/home3/modoper/tempo/global/oens/recfct/source
+ bin=/gfs/home3/modoper/tempo/global/oens/recfct/bin/T126L28
+ input=/gfs/home3/modoper/tempo/global/oens/recfct/datain
+ out=/gfs/home3/modoper/tempo/global/oens/recfct/output
+ echo run
run
+ [ run = make ]
+ echo run
run
+ [ run = clean ]
+ cd /gfs/home3/modoper/tempo/global/oens/recfct/bin/T126L28
+ echo ./recfct.T126L28 < /gfs/home3/modoper/tempo/global/oens/recfct/datain/recfctFCT04R.nml > /gfs/home3/modoper/tempo/global/oens/recfct/output/recfct.out.2011101000.04:47.T126L28
./recfct.T126L28 < /gfs/home3/modoper/tempo/global/oens/recfct/datain/recfctFCT04R.nml > /gfs/home3/modoper/tempo/global/oens/recfct/output/recfct.out.2011101000.04:47.T126L28
+ ./recfct.T126L28
+ 0< /gfs/home3/modoper/tempo/global/oens/recfct/datain/recfctFCT04R.nml 1> /gfs/home3/modoper/tempo/global/oens/recfct/output/recfct.out.2011101000.04:47.T126L28
 
 
     ******  Program Information  ******
  Real Time (sec)       :         16.910788
  User Time (sec)       :          4.134269
  Sys  Time (sec)       :          0.086349
  Vector Time (sec)     :          0.345914
  Inst. Count           :        1596986110.
  V. Inst. Count        :          16052480.
  V. Element Count      :        1289251883.
  FLOP Count            :         534710006.
  MOPS                  :        694.242492
  MFLOPS                :        129.336033
  VLEN                  :         80.314810
  V. Op. Ratio (%)      :         44.918765
  Memory Size (MB)      :        192.031250
  MIPS                  :        386.280124
  I-Cache (sec)         :          0.002724
  O-Cache (sec)         :          0.874006
  Bank (sec)            :          0.001190
 
  Start Time (date)  :  2011/10/10 04:47:01
  End   Time (date)  :  2011/10/10 04:47:18
-rw-r--r--    1 modoper  pnt            1400 Oct 10 04:47 /gfs/home3/modoper/tempo/global/oens/eof/datain/templ042011101000
sx6
PNT-EN
11101004:47
out
/gfs/home3/modoper/tempo/global/oens
/gfs/home3/modoper/tempo/global/oens
/gfs/dk22/modoper/tempo/global/oens
/gfs/dk22/modoper/tempo/global/oens/model/datain
/gfs/home3/modoper/tempo/global/oens/run/setrecfct.1.FCT04RT126L28.sx6
Date: 20111010
Hour: 04:47
FCT04R
2011101000
2011101021
GFCT04R
GFCT04R
GFCT04R
F.fct
F.fct
R.fct
/gfs/home3/modoper/tempo/global/oens
/gfs/home3/modoper/tempo/global/oens
/gfs/dk22/modoper/tempo/global/oens
/gfs/dk22/modoper/tempo/global/oens/model/datain
run
run
GFCT04R20111010002011101021F.fct.T126L28
/gfs/home3/modoper/tempo/global/oens/recfct/datain/GFCT04R20111010002011101021F.fct.T126L28
+ echo Recomposition  -x-  RUNNING ...
Recomposition  -x-  RUNNING ...
+ source=/gfs/home3/modoper/tempo/global/oens/recfct/source
+ bin=/gfs/home3/modoper/tempo/global/oens/recfct/bin/T126L28
+ input=/gfs/home3/modoper/tempo/global/oens/recfct/datain
+ out=/gfs/home3/modoper/tempo/global/oens/recfct/output
+ echo run
run
+ [ run = make ]
+ echo run
run
+ [ run = clean ]
+ cd /gfs/home3/modoper/tempo/global/oens/recfct/bin/T126L28
+ echo ./recfct.T126L28 < /gfs/home3/modoper/tempo/global/oens/recfct/datain/recfctFCT04R.nml > /gfs/home3/modoper/tempo/global/oens/recfct/output/recfct.out.2011101000.04:47.T126L28
./recfct.T126L28 < /gfs/home3/modoper/tempo/global/oens/recfct/datain/recfctFCT04R.nml > /gfs/home3/modoper/tempo/global/oens/recfct/output/recfct.out.2011101000.04:47.T126L28
+ ./recfct.T126L28
+ 0< /gfs/home3/modoper/tempo/global/oens/recfct/datain/recfctFCT04R.nml 1> /gfs/home3/modoper/tempo/global/oens/recfct/output/recfct.out.2011101000.04:47.T126L28
 
 
     ******  Program Information  ******
  Real Time (sec)       :         15.773270
  User Time (sec)       :          4.135193
  Sys  Time (sec)       :          0.072018
  Vector Time (sec)     :          0.346381
  Inst. Count           :        1596986110.
  V. Inst. Count        :          16052480.
  V. Element Count      :        1289251883.
  FLOP Count            :         534710006.
  MOPS                  :        694.087465
  MFLOPS                :        129.307151
  VLEN                  :         80.314810
  V. Op. Ratio (%)      :         44.918765
  Memory Size (MB)      :        192.031250
  MIPS                  :        386.193866
  I-Cache (sec)         :          0.001542
  O-Cache (sec)         :          0.872455
  Bank (sec)            :          0.001190
 
  Start Time (date)  :  2011/10/10 04:47:19
  End   Time (date)  :  2011/10/10 04:47:34
-rw-r--r--    1 modoper  pnt            1600 Oct 10 04:47 /gfs/home3/modoper/tempo/global/oens/eof/datain/templ042011101000
sx6
PNT-EN
11101004:47
out
/gfs/home3/modoper/tempo/global/oens
/gfs/home3/modoper/tempo/global/oens
/gfs/dk22/modoper/tempo/global/oens
/gfs/dk22/modoper/tempo/global/oens/model/datain
/gfs/home3/modoper/tempo/global/oens/run/setrecfct.1.FCT04RT126L28.sx6
Date: 20111010
Hour: 04:47
FCT04R
2011101000
2011101100
GFCT04R
GFCT04R
GFCT04R
F.fct
F.fct
R.fct
/gfs/home3/modoper/tempo/global/oens
/gfs/home3/modoper/tempo/global/oens
/gfs/dk22/modoper/tempo/global/oens
/gfs/dk22/modoper/tempo/global/oens/model/datain
run
run
GFCT04R20111010002011101100F.fct.T126L28
/gfs/home3/modoper/tempo/global/oens/recfct/datain/GFCT04R20111010002011101100F.fct.T126L28
+ echo Recomposition  -x-  RUNNING ...
Recomposition  -x-  RUNNING ...
+ source=/gfs/home3/modoper/tempo/global/oens/recfct/source
+ bin=/gfs/home3/modoper/tempo/global/oens/recfct/bin/T126L28
+ input=/gfs/home3/modoper/tempo/global/oens/recfct/datain
+ out=/gfs/home3/modoper/tempo/global/oens/recfct/output
+ echo run
run
+ [ run = make ]
+ echo run
run
+ [ run = clean ]
+ cd /gfs/home3/modoper/tempo/global/oens/recfct/bin/T126L28
+ echo ./recfct.T126L28 < /gfs/home3/modoper/tempo/global/oens/recfct/datain/recfctFCT04R.nml > /gfs/home3/modoper/tempo/global/oens/recfct/output/recfct.out.2011101000.04:47.T126L28
./recfct.T126L28 < /gfs/home3/modoper/tempo/global/oens/recfct/datain/recfctFCT04R.nml > /gfs/home3/modoper/tempo/global/oens/recfct/output/recfct.out.2011101000.04:47.T126L28
+ ./recfct.T126L28
+ 0< /gfs/home3/modoper/tempo/global/oens/recfct/datain/recfctFCT04R.nml 1> /gfs/home3/modoper/tempo/global/oens/recfct/output/recfct.out.2011101000.04:47.T126L28
 
 
     ******  Program Information  ******
  Real Time (sec)       :         21.288454
  User Time (sec)       :          4.132497
  Sys  Time (sec)       :          0.074056
  Vector Time (sec)     :          0.345188
  Inst. Count           :        1596986079.
  V. Inst. Count        :          16052480.
  V. Element Count      :        1289251883.
  FLOP Count            :         534710005.
  MOPS                  :        694.540174
  MFLOPS                :        129.391491
  VLEN                  :         80.314810
  V. Op. Ratio (%)      :         44.918765
  Memory Size (MB)      :        192.031250
  MIPS                  :        386.445753
  I-Cache (sec)         :          0.002867
  O-Cache (sec)         :          0.871662
  Bank (sec)            :          0.001190
 
  Start Time (date)  :  2011/10/10 04:47:36
  End   Time (date)  :  2011/10/10 04:47:57
-rw-r--r--    1 modoper  pnt            1800 Oct 10 04:47 /gfs/home3/modoper/tempo/global/oens/eof/datain/templ042011101000
sx6
PNT-EN
11101004:48
out
/gfs/home3/modoper/tempo/global/oens
/gfs/home3/modoper/tempo/global/oens
/gfs/dk22/modoper/tempo/global/oens
/gfs/dk22/modoper/tempo/global/oens/model/datain
/gfs/home3/modoper/tempo/global/oens/run/setrecfct.1.FCT04RT126L28.sx6
Date: 20111010
Hour: 04:48
FCT04R
2011101000
2011101103
GFCT04R
GFCT04R
GFCT04R
F.fct
F.fct
R.fct
/gfs/home3/modoper/tempo/global/oens
/gfs/home3/modoper/tempo/global/oens
/gfs/dk22/modoper/tempo/global/oens
/gfs/dk22/modoper/tempo/global/oens/model/datain
run
run
GFCT04R20111010002011101103F.fct.T126L28
/gfs/home3/modoper/tempo/global/oens/recfct/datain/GFCT04R20111010002011101103F.fct.T126L28
+ echo Recomposition  -x-  RUNNING ...
Recomposition  -x-  RUNNING ...
+ source=/gfs/home3/modoper/tempo/global/oens/recfct/source
+ bin=/gfs/home3/modoper/tempo/global/oens/recfct/bin/T126L28
+ input=/gfs/home3/modoper/tempo/global/oens/recfct/datain
+ out=/gfs/home3/modoper/tempo/global/oens/recfct/output
+ echo run
run
+ [ run = make ]
+ echo run
run
+ [ run = clean ]
+ cd /gfs/home3/modoper/tempo/global/oens/recfct/bin/T126L28
+ echo ./recfct.T126L28 < /gfs/home3/modoper/tempo/global/oens/recfct/datain/recfctFCT04R.nml > /gfs/home3/modoper/tempo/global/oens/recfct/output/recfct.out.2011101000.04:48.T126L28
./recfct.T126L28 < /gfs/home3/modoper/tempo/global/oens/recfct/datain/recfctFCT04R.nml > /gfs/home3/modoper/tempo/global/oens/recfct/output/recfct.out.2011101000.04:48.T126L28
+ ./recfct.T126L28
+ 0< /gfs/home3/modoper/tempo/global/oens/recfct/datain/recfctFCT04R.nml 1> /gfs/home3/modoper/tempo/global/oens/recfct/output/recfct.out.2011101000.04:48.T126L28
 
 
     ******  Program Information  ******
  Real Time (sec)       :         18.813808
  User Time (sec)       :          4.139013
  Sys  Time (sec)       :          0.104784
  Vector Time (sec)     :          0.346296
  Inst. Count           :        1596986079.
  V. Inst. Count        :          16052480.
  V. Element Count      :        1289251883.
  FLOP Count            :         534710005.
  MOPS                  :        693.446781
  MFLOPS                :        129.187794
  VLEN                  :         80.314810
  V. Op. Ratio (%)      :         44.918765
  Memory Size (MB)      :        192.031250
  MIPS                  :        385.837383
  I-Cache (sec)         :          0.004408
  O-Cache (sec)         :          0.878199
  Bank (sec)            :          0.001190
 
  Start Time (date)  :  2011/10/10 04:48:04
  End   Time (date)  :  2011/10/10 04:48:23
-rw-r--r--    1 modoper  pnt            2000 Oct 10 04:48 /gfs/home3/modoper/tempo/global/oens/eof/datain/templ042011101000
sx6
PNT-EN
11101004:48
out
/gfs/home3/modoper/tempo/global/oens
/gfs/home3/modoper/tempo/global/oens
/gfs/dk22/modoper/tempo/global/oens
/gfs/dk22/modoper/tempo/global/oens/model/datain
/gfs/home3/modoper/tempo/global/oens/run/setrecfct.1.FCT04RT126L28.sx6
Date: 20111010
Hour: 04:48
FCT04R
2011101000
2011101106
GFCT04R
GFCT04R
GFCT04R
F.fct
F.fct
R.fct
/gfs/home3/modoper/tempo/global/oens
/gfs/home3/modoper/tempo/global/oens
/gfs/dk22/modoper/tempo/global/oens
/gfs/dk22/modoper/tempo/global/oens/model/datain
run
run
GFCT04R20111010002011101106F.fct.T126L28
/gfs/home3/modoper/tempo/global/oens/recfct/datain/GFCT04R20111010002011101106F.fct.T126L28
+ echo Recomposition  -x-  RUNNING ...
Recomposition  -x-  RUNNING ...
+ source=/gfs/home3/modoper/tempo/global/oens/recfct/source
+ bin=/gfs/home3/modoper/tempo/global/oens/recfct/bin/T126L28
+ input=/gfs/home3/modoper/tempo/global/oens/recfct/datain
+ out=/gfs/home3/modoper/tempo/global/oens/recfct/output
+ echo run
run
+ [ run = make ]
+ echo run
run
+ [ run = clean ]
+ cd /gfs/home3/modoper/tempo/global/oens/recfct/bin/T126L28
+ echo ./recfct.T126L28 < /gfs/home3/modoper/tempo/global/oens/recfct/datain/recfctFCT04R.nml > /gfs/home3/modoper/tempo/global/oens/recfct/output/recfct.out.2011101000.04:48.T126L28
./recfct.T126L28 < /gfs/home3/modoper/tempo/global/oens/recfct/datain/recfctFCT04R.nml > /gfs/home3/modoper/tempo/global/oens/recfct/output/recfct.out.2011101000.04:48.T126L28
+ ./recfct.T126L28
+ 0< /gfs/home3/modoper/tempo/global/oens/recfct/datain/recfctFCT04R.nml 1> /gfs/home3/modoper/tempo/global/oens/recfct/output/recfct.out.2011101000.04:48.T126L28
 
 
     ******  Program Information  ******
  Real Time (sec)       :         22.386394
  User Time (sec)       :          4.132103
  Sys  Time (sec)       :          0.108962
  Vector Time (sec)     :          0.344086
  Inst. Count           :        1596986079.
  V. Inst. Count        :          16052480.
  V. Element Count      :        1289251883.
  FLOP Count            :         534710005.
  MOPS                  :        694.606497
  MFLOPS                :        129.403847
  VLEN                  :         80.314810
  V. Op. Ratio (%)      :         44.918765
  Memory Size (MB)      :        192.031250
  MIPS                  :        386.482655
  I-Cache (sec)         :          0.004413
  O-Cache (sec)         :          0.873438
  Bank (sec)            :          0.001191
 
  Start Time (date)  :  2011/10/10 04:48:24
  End   Time (date)  :  2011/10/10 04:48:47
-rw-r--r--    1 modoper  pnt            2200 Oct 10 04:48 /gfs/home3/modoper/tempo/global/oens/eof/datain/templ042011101000
sx6
PNT-EN
11101004:48
out
/gfs/home3/modoper/tempo/global/oens
/gfs/home3/modoper/tempo/global/oens
/gfs/dk22/modoper/tempo/global/oens
/gfs/dk22/modoper/tempo/global/oens/model/datain
/gfs/home3/modoper/tempo/global/oens/run/setrecfct.1.FCT04RT126L28.sx6
Date: 20111010
Hour: 04:48
FCT04R
2011101000
2011101109
GFCT04R
GFCT04R
GFCT04R
F.fct
F.fct
R.fct
/gfs/home3/modoper/tempo/global/oens
/gfs/home3/modoper/tempo/global/oens
/gfs/dk22/modoper/tempo/global/oens
/gfs/dk22/modoper/tempo/global/oens/model/datain
run
run
GFCT04R20111010002011101109F.fct.T126L28
/gfs/home3/modoper/tempo/global/oens/recfct/datain/GFCT04R20111010002011101109F.fct.T126L28
+ echo Recomposition  -x-  RUNNING ...
Recomposition  -x-  RUNNING ...
+ source=/gfs/home3/modoper/tempo/global/oens/recfct/source
+ bin=/gfs/home3/modoper/tempo/global/oens/recfct/bin/T126L28
+ input=/gfs/home3/modoper/tempo/global/oens/recfct/datain
+ out=/gfs/home3/modoper/tempo/global/oens/recfct/output
+ echo run
run
+ [ run = make ]
+ echo run
run
+ [ run = clean ]
+ cd /gfs/home3/modoper/tempo/global/oens/recfct/bin/T126L28
+ echo ./recfct.T126L28 < /gfs/home3/modoper/tempo/global/oens/recfct/datain/recfctFCT04R.nml > /gfs/home3/modoper/tempo/global/oens/recfct/output/recfct.out.2011101000.04:48.T126L28
./recfct.T126L28 < /gfs/home3/modoper/tempo/global/oens/recfct/datain/recfctFCT04R.nml > /gfs/home3/modoper/tempo/global/oens/recfct/output/recfct.out.2011101000.04:48.T126L28
+ ./recfct.T126L28
+ 0< /gfs/home3/modoper/tempo/global/oens/recfct/datain/recfctFCT04R.nml 1> /gfs/home3/modoper/tempo/global/oens/recfct/output/recfct.out.2011101000.04:48.T126L28
 
 
     ******  Program Information  ******
  Real Time (sec)       :         13.652658
  User Time (sec)       :          4.122503
  Sys  Time (sec)       :          0.064376
  Vector Time (sec)     :          0.342924
  Inst. Count           :        1596986079.
  V. Inst. Count        :          16052480.
  V. Element Count      :        1289251883.
  FLOP Count            :         534710005.
  MOPS                  :        696.223941
  MFLOPS                :        129.705174
  VLEN                  :         80.314810
  V. Op. Ratio (%)      :         44.918765
  Memory Size (MB)      :        192.031250
  MIPS                  :        387.382610
  I-Cache (sec)         :          0.000825
  O-Cache (sec)         :          0.860877
  Bank (sec)            :          0.001191
 
  Start Time (date)  :  2011/10/10 04:48:48
  End   Time (date)  :  2011/10/10 04:49:02
-rw-r--r--    1 modoper  pnt            2400 Oct 10 04:49 /gfs/home3/modoper/tempo/global/oens/eof/datain/templ042011101000
sx6
PNT-EN
11101004:49
out
/gfs/home3/modoper/tempo/global/oens
/gfs/home3/modoper/tempo/global/oens
/gfs/dk22/modoper/tempo/global/oens
/gfs/dk22/modoper/tempo/global/oens/model/datain
/gfs/home3/modoper/tempo/global/oens/run/setrecfct.1.FCT04RT126L28.sx6
Date: 20111010
Hour: 04:49
FCT04R
2011101000
2011101112
GFCT04R
GFCT04R
GFCT04R
F.fct
F.fct
R.fct
/gfs/home3/modoper/tempo/global/oens
/gfs/home3/modoper/tempo/global/oens
/gfs/dk22/modoper/tempo/global/oens
/gfs/dk22/modoper/tempo/global/oens/model/datain
run
run
GFCT04R20111010002011101112F.fct.T126L28
/gfs/home3/modoper/tempo/global/oens/recfct/datain/GFCT04R20111010002011101112F.fct.T126L28
+ echo Recomposition  -x-  RUNNING ...
Recomposition  -x-  RUNNING ...
+ source=/gfs/home3/modoper/tempo/global/oens/recfct/source
+ bin=/gfs/home3/modoper/tempo/global/oens/recfct/bin/T126L28
+ input=/gfs/home3/modoper/tempo/global/oens/recfct/datain
+ out=/gfs/home3/modoper/tempo/global/oens/recfct/output
+ echo run
run
+ [ run = make ]
+ echo run
run
+ [ run = clean ]
+ cd /gfs/home3/modoper/tempo/global/oens/recfct/bin/T126L28
+ echo ./recfct.T126L28 < /gfs/home3/modoper/tempo/global/oens/recfct/datain/recfctFCT04R.nml > /gfs/home3/modoper/tempo/global/oens/recfct/output/recfct.out.2011101000.04:49.T126L28
./recfct.T126L28 < /gfs/home3/modoper/tempo/global/oens/recfct/datain/recfctFCT04R.nml > /gfs/home3/modoper/tempo/global/oens/recfct/output/recfct.out.2011101000.04:49.T126L28
+ ./recfct.T126L28
+ 0< /gfs/home3/modoper/tempo/global/oens/recfct/datain/recfctFCT04R.nml 1> /gfs/home3/modoper/tempo/global/oens/recfct/output/recfct.out.2011101000.04:49.T126L28
 
 
     ******  Program Information  ******
  Real Time (sec)       :         12.066671
  User Time (sec)       :          4.138005
  Sys  Time (sec)       :          0.132943
  Vector Time (sec)     :          0.344980
  Inst. Count           :        1596986110.
  V. Inst. Count        :          16052480.
  V. Element Count      :        1289251883.
  FLOP Count            :         534710006.
  MOPS                  :        693.615730
  MFLOPS                :        129.219268
  VLEN                  :         80.314810
  V. Op. Ratio (%)      :         44.918765
  Memory Size (MB)      :        192.031250
  MIPS                  :        385.931391
  I-Cache (sec)         :          0.007018
  O-Cache (sec)         :          0.878342
  Bank (sec)            :          0.001191
 
  Start Time (date)  :  2011/10/10 04:49:03
  End   Time (date)  :  2011/10/10 04:49:15
-rw-r--r--    1 modoper  pnt            2600 Oct 10 04:49 /gfs/home3/modoper/tempo/global/oens/eof/datain/templ042011101000
sx6
PNT-EN
11101004:49
out
/gfs/home3/modoper/tempo/global/oens
/gfs/home3/modoper/tempo/global/oens
/gfs/dk22/modoper/tempo/global/oens
/gfs/dk22/modoper/tempo/global/oens/model/datain
/gfs/home3/modoper/tempo/global/oens/run/setrecfct.1.FCT04RT126L28.sx6
Date: 20111010
Hour: 04:49
FCT04R
2011101000
2011101115
GFCT04R
GFCT04R
GFCT04R
F.fct
F.fct
R.fct
/gfs/home3/modoper/tempo/global/oens
/gfs/home3/modoper/tempo/global/oens
/gfs/dk22/modoper/tempo/global/oens
/gfs/dk22/modoper/tempo/global/oens/model/datain
run
run
GFCT04R20111010002011101115F.fct.T126L28
/gfs/home3/modoper/tempo/global/oens/recfct/datain/GFCT04R20111010002011101115F.fct.T126L28
+ echo Recomposition  -x-  RUNNING ...
Recomposition  -x-  RUNNING ...
+ source=/gfs/home3/modoper/tempo/global/oens/recfct/source
+ bin=/gfs/home3/modoper/tempo/global/oens/recfct/bin/T126L28
+ input=/gfs/home3/modoper/tempo/global/oens/recfct/datain
+ out=/gfs/home3/modoper/tempo/global/oens/recfct/output
+ echo run
run
+ [ run = make ]
+ echo run
run
+ [ run = clean ]
+ cd /gfs/home3/modoper/tempo/global/oens/recfct/bin/T126L28
+ echo ./recfct.T126L28 < /gfs/home3/modoper/tempo/global/oens/recfct/datain/recfctFCT04R.nml > /gfs/home3/modoper/tempo/global/oens/recfct/output/recfct.out.2011101000.04:49.T126L28
./recfct.T126L28 < /gfs/home3/modoper/tempo/global/oens/recfct/datain/recfctFCT04R.nml > /gfs/home3/modoper/tempo/global/oens/recfct/output/recfct.out.2011101000.04:49.T126L28
+ ./recfct.T126L28
+ 0< /gfs/home3/modoper/tempo/global/oens/recfct/datain/recfctFCT04R.nml 1> /gfs/home3/modoper/tempo/global/oens/recfct/output/recfct.out.2011101000.04:49.T126L28
 
 
     ******  Program Information  ******
  Real Time (sec)       :         24.990345
  User Time (sec)       :          4.127056
  Sys  Time (sec)       :          0.065265
  Vector Time (sec)     :          0.344004
  Inst. Count           :        1596986110.
  V. Inst. Count        :          16052480.
  V. Element Count      :        1289251883.
  FLOP Count            :         534710006.
  MOPS                  :        695.455932
  MFLOPS                :        129.562094
  VLEN                  :         80.314810
  V. Op. Ratio (%)      :         44.918765
  Memory Size (MB)      :        192.031250
  MIPS                  :        386.955289
  I-Cache (sec)         :          0.000775
  O-Cache (sec)         :          0.868747
  Bank (sec)            :          0.001190
 
  Start Time (date)  :  2011/10/10 04:49:16
  End   Time (date)  :  2011/10/10 04:49:41
-rw-r--r--    1 modoper  pnt            2800 Oct 10 04:49 /gfs/home3/modoper/tempo/global/oens/eof/datain/templ042011101000
sx6
PNT-EN
11101004:49
out
/gfs/home3/modoper/tempo/global/oens
/gfs/home3/modoper/tempo/global/oens
/gfs/dk22/modoper/tempo/global/oens
/gfs/dk22/modoper/tempo/global/oens/model/datain
/gfs/home3/modoper/tempo/global/oens/run/setrecfct.1.FCT04RT126L28.sx6
Date: 20111010
Hour: 04:49
FCT04R
2011101000
2011101118
GFCT04R
GFCT04R
GFCT04R
F.fct
F.fct
R.fct
/gfs/home3/modoper/tempo/global/oens
/gfs/home3/modoper/tempo/global/oens
/gfs/dk22/modoper/tempo/global/oens
/gfs/dk22/modoper/tempo/global/oens/model/datain
run
run
GFCT04R20111010002011101118F.fct.T126L28
/gfs/home3/modoper/tempo/global/oens/recfct/datain/GFCT04R20111010002011101118F.fct.T126L28
+ echo Recomposition  -x-  RUNNING ...
Recomposition  -x-  RUNNING ...
+ source=/gfs/home3/modoper/tempo/global/oens/recfct/source
+ bin=/gfs/home3/modoper/tempo/global/oens/recfct/bin/T126L28
+ input=/gfs/home3/modoper/tempo/global/oens/recfct/datain
+ out=/gfs/home3/modoper/tempo/global/oens/recfct/output
+ echo run
run
+ [ run = make ]
+ echo run
run
+ [ run = clean ]
+ cd /gfs/home3/modoper/tempo/global/oens/recfct/bin/T126L28
+ echo ./recfct.T126L28 < /gfs/home3/modoper/tempo/global/oens/recfct/datain/recfctFCT04R.nml > /gfs/home3/modoper/tempo/global/oens/recfct/output/recfct.out.2011101000.04:49.T126L28
./recfct.T126L28 < /gfs/home3/modoper/tempo/global/oens/recfct/datain/recfctFCT04R.nml > /gfs/home3/modoper/tempo/global/oens/recfct/output/recfct.out.2011101000.04:49.T126L28
+ ./recfct.T126L28
+ 0< /gfs/home3/modoper/tempo/global/oens/recfct/datain/recfctFCT04R.nml 1> /gfs/home3/modoper/tempo/global/oens/recfct/output/recfct.out.2011101000.04:49.T126L28
 
 
     ******  Program Information  ******
  Real Time (sec)       :         24.616850
  User Time (sec)       :          4.134285
  Sys  Time (sec)       :          0.066275
  Vector Time (sec)     :          0.346291
  Inst. Count           :        1596986110.
  V. Inst. Count        :          16052480.
  V. Element Count      :        1289251883.
  FLOP Count            :         534710006.
  MOPS                  :        694.239946
  MFLOPS                :        129.335558
  VLEN                  :         80.314810
  V. Op. Ratio (%)      :         44.918765
  Memory Size (MB)      :        192.031250
  MIPS                  :        386.278708
  I-Cache (sec)         :          0.000780
  O-Cache (sec)         :          0.873776
  Bank (sec)            :          0.001190
 
  Start Time (date)  :  2011/10/10 04:49:43
  End   Time (date)  :  2011/10/10 04:50:07
-rw-r--r--    1 modoper  pnt            3000 Oct 10 04:50 /gfs/home3/modoper/tempo/global/oens/eof/datain/templ042011101000
sx6
PNT-EN
11101004:50
out
/gfs/home3/modoper/tempo/global/oens
/gfs/home3/modoper/tempo/global/oens
/gfs/dk22/modoper/tempo/global/oens
/gfs/dk22/modoper/tempo/global/oens/model/datain
/gfs/home3/modoper/tempo/global/oens/run/setrecfct.1.FCT04RT126L28.sx6
Date: 20111010
Hour: 04:50
FCT04R
2011101000
2011101121
GFCT04R
GFCT04R
GFCT04R
F.fct
F.fct
R.fct
/gfs/home3/modoper/tempo/global/oens
/gfs/home3/modoper/tempo/global/oens
/gfs/dk22/modoper/tempo/global/oens
/gfs/dk22/modoper/tempo/global/oens/model/datain
run
run
GFCT04R20111010002011101121F.fct.T126L28
/gfs/home3/modoper/tempo/global/oens/recfct/datain/GFCT04R20111010002011101121F.fct.T126L28
+ echo Recomposition  -x-  RUNNING ...
Recomposition  -x-  RUNNING ...
+ source=/gfs/home3/modoper/tempo/global/oens/recfct/source
+ bin=/gfs/home3/modoper/tempo/global/oens/recfct/bin/T126L28
+ input=/gfs/home3/modoper/tempo/global/oens/recfct/datain
+ out=/gfs/home3/modoper/tempo/global/oens/recfct/output
+ echo run
run
+ [ run = make ]
+ echo run
run
+ [ run = clean ]
+ cd /gfs/home3/modoper/tempo/global/oens/recfct/bin/T126L28
+ echo ./recfct.T126L28 < /gfs/home3/modoper/tempo/global/oens/recfct/datain/recfctFCT04R.nml > /gfs/home3/modoper/tempo/global/oens/recfct/output/recfct.out.2011101000.04:50.T126L28
./recfct.T126L28 < /gfs/home3/modoper/tempo/global/oens/recfct/datain/recfctFCT04R.nml > /gfs/home3/modoper/tempo/global/oens/recfct/output/recfct.out.2011101000.04:50.T126L28
+ ./recfct.T126L28
+ 0< /gfs/home3/modoper/tempo/global/oens/recfct/datain/recfctFCT04R.nml 1> /gfs/home3/modoper/tempo/global/oens/recfct/output/recfct.out.2011101000.04:50.T126L28
 
 
     ******  Program Information  ******
  Real Time (sec)       :         17.770085
  User Time (sec)       :          4.129164
  Sys  Time (sec)       :          0.064827
  Vector Time (sec)     :          0.344944
  Inst. Count           :        1596986110.
  V. Inst. Count        :          16052480.
  V. Element Count      :        1289251883.
  FLOP Count            :         534710006.
  MOPS                  :        695.100959
  MFLOPS                :        129.495963
  VLEN                  :         80.314810
  V. Op. Ratio (%)      :         44.918765
  Memory Size (MB)      :        192.031250
  MIPS                  :        386.757780
  I-Cache (sec)         :          0.000811
  O-Cache (sec)         :          0.870347
  Bank (sec)            :          0.001190
 
  Start Time (date)  :  2011/10/10 04:50:09
  End   Time (date)  :  2011/10/10 04:50:27
-rw-r--r--    1 modoper  pnt            3200 Oct 10 04:50 /gfs/home3/modoper/tempo/global/oens/eof/datain/templ042011101000
sx6
PNT-EN
11101004:50
out
/gfs/home3/modoper/tempo/global/oens
/gfs/home3/modoper/tempo/global/oens
/gfs/dk22/modoper/tempo/global/oens
/gfs/dk22/modoper/tempo/global/oens/model/datain
/gfs/home3/modoper/tempo/global/oens/run/setrecfct.1.FCT04RT126L28.sx6
Date: 20111010
Hour: 04:50
FCT04R
2011101000
2011101200
GFCT04R
GFCT04R
GFCT04R
F.fct
F.fct
R.fct
/gfs/home3/modoper/tempo/global/oens
/gfs/home3/modoper/tempo/global/oens
/gfs/dk22/modoper/tempo/global/oens
/gfs/dk22/modoper/tempo/global/oens/model/datain
run
run
GFCT04R20111010002011101200F.fct.T126L28
/gfs/home3/modoper/tempo/global/oens/recfct/datain/GFCT04R20111010002011101200F.fct.T126L28
+ echo Recomposition  -x-  RUNNING ...
Recomposition  -x-  RUNNING ...
+ source=/gfs/home3/modoper/tempo/global/oens/recfct/source
+ bin=/gfs/home3/modoper/tempo/global/oens/recfct/bin/T126L28
+ input=/gfs/home3/modoper/tempo/global/oens/recfct/datain
+ out=/gfs/home3/modoper/tempo/global/oens/recfct/output
+ echo run
run
+ [ run = make ]
+ echo run
run
+ [ run = clean ]
+ cd /gfs/home3/modoper/tempo/global/oens/recfct/bin/T126L28
+ echo ./recfct.T126L28 < /gfs/home3/modoper/tempo/global/oens/recfct/datain/recfctFCT04R.nml > /gfs/home3/modoper/tempo/global/oens/recfct/output/recfct.out.2011101000.04:50.T126L28
./recfct.T126L28 < /gfs/home3/modoper/tempo/global/oens/recfct/datain/recfctFCT04R.nml > /gfs/home3/modoper/tempo/global/oens/recfct/output/recfct.out.2011101000.04:50.T126L28
+ ./recfct.T126L28
+ 0< /gfs/home3/modoper/tempo/global/oens/recfct/datain/recfctFCT04R.nml 1> /gfs/home3/modoper/tempo/global/oens/recfct/output/recfct.out.2011101000.04:50.T126L28
 
 
     ******  Program Information  ******
  Real Time (sec)       :         24.720891
  User Time (sec)       :          4.138074
  Sys  Time (sec)       :          0.102036
  Vector Time (sec)     :          0.346124
  Inst. Count           :        1596986079.
  V. Inst. Count        :          16052480.
  V. Element Count      :        1289251883.
  FLOP Count            :         534710005.
  MOPS                  :        693.604263
  MFLOPS                :        129.217133
  VLEN                  :         80.314810
  V. Op. Ratio (%)      :         44.918765
  Memory Size (MB)      :        192.031250
  MIPS                  :        385.925007
  I-Cache (sec)         :          0.004577
  O-Cache (sec)         :          0.877437
  Bank (sec)            :          0.001190
 
  Start Time (date)  :  2011/10/10 04:50:28
  End   Time (date)  :  2011/10/10 04:50:53
-rw-r--r--    1 modoper  pnt            3400 Oct 10 04:50 /gfs/home3/modoper/tempo/global/oens/eof/datain/templ042011101000
sx6
PNT-EN
11101004:50
out
/gfs/home3/modoper/tempo/global/oens
/gfs/home3/modoper/tempo/global/oens
/gfs/dk22/modoper/tempo/global/oens
/gfs/dk22/modoper/tempo/global/oens/model/datain
/gfs/home3/modoper/tempo/global/oens/run/setrecfct.1.FCT04RT126L28.sx6
Date: 20111010
Hour: 04:50
FCT04R
2011101000
2011101203
GFCT04R
GFCT04R
GFCT04R
F.fct
F.fct
R.fct
/gfs/home3/modoper/tempo/global/oens
/gfs/home3/modoper/tempo/global/oens
/gfs/dk22/modoper/tempo/global/oens
/gfs/dk22/modoper/tempo/global/oens/model/datain
run
run
GFCT04R20111010002011101203F.fct.T126L28
/gfs/home3/modoper/tempo/global/oens/recfct/datain/GFCT04R20111010002011101203F.fct.T126L28
+ echo Recomposition  -x-  RUNNING ...
Recomposition  -x-  RUNNING ...
+ source=/gfs/home3/modoper/tempo/global/oens/recfct/source
+ bin=/gfs/home3/modoper/tempo/global/oens/recfct/bin/T126L28
+ input=/gfs/home3/modoper/tempo/global/oens/recfct/datain
+ out=/gfs/home3/modoper/tempo/global/oens/recfct/output
+ echo run
run
+ [ run = make ]
+ echo run
run
+ [ run = clean ]
+ cd /gfs/home3/modoper/tempo/global/oens/recfct/bin/T126L28
+ echo ./recfct.T126L28 < /gfs/home3/modoper/tempo/global/oens/recfct/datain/recfctFCT04R.nml > /gfs/home3/modoper/tempo/global/oens/recfct/output/recfct.out.2011101000.04:50.T126L28
./recfct.T126L28 < /gfs/home3/modoper/tempo/global/oens/recfct/datain/recfctFCT04R.nml > /gfs/home3/modoper/tempo/global/oens/recfct/output/recfct.out.2011101000.04:50.T126L28
+ ./recfct.T126L28
+ 0< /gfs/home3/modoper/tempo/global/oens/recfct/datain/recfctFCT04R.nml 1> /gfs/home3/modoper/tempo/global/oens/recfct/output/recfct.out.2011101000.04:50.T126L28
 
 
     ******  Program Information  ******
  Real Time (sec)       :         26.655087
  User Time (sec)       :          4.128737
  Sys  Time (sec)       :          0.069082
  Vector Time (sec)     :          0.344732
  Inst. Count           :        1596986079.
  V. Inst. Count        :          16052480.
  V. Element Count      :        1289251883.
  FLOP Count            :         534710005.
  MOPS                  :        695.172703
  MFLOPS                :        129.509330
  VLEN                  :         80.314810
  V. Op. Ratio (%)      :         44.918765
  Memory Size (MB)      :        192.031250
  MIPS                  :        386.797695
  I-Cache (sec)         :          0.001020
  O-Cache (sec)         :          0.868376
  Bank (sec)            :          0.001190
 
  Start Time (date)  :  2011/10/10 04:50:54
  End   Time (date)  :  2011/10/10 04:51:21
-rw-r--r--    1 modoper  pnt            3600 Oct 10 04:51 /gfs/home3/modoper/tempo/global/oens/eof/datain/templ042011101000
sx6
PNT-EN
11101004:51
out
/gfs/home3/modoper/tempo/global/oens
/gfs/home3/modoper/tempo/global/oens
/gfs/dk22/modoper/tempo/global/oens
/gfs/dk22/modoper/tempo/global/oens/model/datain
/gfs/home3/modoper/tempo/global/oens/run/setrecfct.1.FCT04RT126L28.sx6
Date: 20111010
Hour: 04:51
FCT04R
2011101000
2011101206
GFCT04R
GFCT04R
GFCT04R
F.fct
F.fct
R.fct
/gfs/home3/modoper/tempo/global/oens
/gfs/home3/modoper/tempo/global/oens
/gfs/dk22/modoper/tempo/global/oens
/gfs/dk22/modoper/tempo/global/oens/model/datain
run
run
GFCT04R20111010002011101206F.fct.T126L28
/gfs/home3/modoper/tempo/global/oens/recfct/datain/GFCT04R20111010002011101206F.fct.T126L28
+ echo Recomposition  -x-  RUNNING ...
Recomposition  -x-  RUNNING ...
+ source=/gfs/home3/modoper/tempo/global/oens/recfct/source
+ bin=/gfs/home3/modoper/tempo/global/oens/recfct/bin/T126L28
+ input=/gfs/home3/modoper/tempo/global/oens/recfct/datain
+ out=/gfs/home3/modoper/tempo/global/oens/recfct/output
+ echo run
run
+ [ run = make ]
+ echo run
run
+ [ run = clean ]
+ cd /gfs/home3/modoper/tempo/global/oens/recfct/bin/T126L28
+ echo ./recfct.T126L28 < /gfs/home3/modoper/tempo/global/oens/recfct/datain/recfctFCT04R.nml > /gfs/home3/modoper/tempo/global/oens/recfct/output/recfct.out.2011101000.04:51.T126L28
./recfct.T126L28 < /gfs/home3/modoper/tempo/global/oens/recfct/datain/recfctFCT04R.nml > /gfs/home3/modoper/tempo/global/oens/recfct/output/recfct.out.2011101000.04:51.T126L28
+ ./recfct.T126L28
+ 0< /gfs/home3/modoper/tempo/global/oens/recfct/datain/recfctFCT04R.nml 1> /gfs/home3/modoper/tempo/global/oens/recfct/output/recfct.out.2011101000.04:51.T126L28
 
 
     ******  Program Information  ******
  Real Time (sec)       :          7.905666
  User Time (sec)       :          4.139868
  Sys  Time (sec)       :          0.093003
  Vector Time (sec)     :          0.347058
  Inst. Count           :        1596986079.
  V. Inst. Count        :          16052480.
  V. Element Count      :        1289251883.
  FLOP Count            :         534710005.
  MOPS                  :        693.303583
  MFLOPS                :        129.161117
  VLEN                  :         80.314810
  V. Op. Ratio (%)      :         44.918765
  Memory Size (MB)      :        192.031250
  MIPS                  :        385.757707
  I-Cache (sec)         :          0.003437
  O-Cache (sec)         :          0.878547
  Bank (sec)            :          0.001190
 
  Start Time (date)  :  2011/10/10 04:51:30
  End   Time (date)  :  2011/10/10 04:51:38
-rw-r--r--    1 modoper  pnt            3800 Oct 10 04:51 /gfs/home3/modoper/tempo/global/oens/eof/datain/templ042011101000
sx6
PNT-EN
11101004:51
out
/gfs/home3/modoper/tempo/global/oens
/gfs/home3/modoper/tempo/global/oens
/gfs/dk22/modoper/tempo/global/oens
/gfs/dk22/modoper/tempo/global/oens/model/datain
/gfs/home3/modoper/tempo/global/oens/run/setrecfct.1.FCT04RT126L28.sx6
Date: 20111010
Hour: 04:51
FCT04R
2011101000
2011101209
GFCT04R
GFCT04R
GFCT04R
F.fct
F.fct
R.fct
/gfs/home3/modoper/tempo/global/oens
/gfs/home3/modoper/tempo/global/oens
/gfs/dk22/modoper/tempo/global/oens
/gfs/dk22/modoper/tempo/global/oens/model/datain
run
run
GFCT04R20111010002011101209F.fct.T126L28
/gfs/home3/modoper/tempo/global/oens/recfct/datain/GFCT04R20111010002011101209F.fct.T126L28
+ echo Recomposition  -x-  RUNNING ...
Recomposition  -x-  RUNNING ...
+ source=/gfs/home3/modoper/tempo/global/oens/recfct/source
+ bin=/gfs/home3/modoper/tempo/global/oens/recfct/bin/T126L28
+ input=/gfs/home3/modoper/tempo/global/oens/recfct/datain
+ out=/gfs/home3/modoper/tempo/global/oens/recfct/output
+ echo run
run
+ [ run = make ]
+ echo run
run
+ [ run = clean ]
+ cd /gfs/home3/modoper/tempo/global/oens/recfct/bin/T126L28
+ echo ./recfct.T126L28 < /gfs/home3/modoper/tempo/global/oens/recfct/datain/recfctFCT04R.nml > /gfs/home3/modoper/tempo/global/oens/recfct/output/recfct.out.2011101000.04:51.T126L28
./recfct.T126L28 < /gfs/home3/modoper/tempo/global/oens/recfct/datain/recfctFCT04R.nml > /gfs/home3/modoper/tempo/global/oens/recfct/output/recfct.out.2011101000.04:51.T126L28
+ ./recfct.T126L28
+ 0< /gfs/home3/modoper/tempo/global/oens/recfct/datain/recfctFCT04R.nml 1> /gfs/home3/modoper/tempo/global/oens/recfct/output/recfct.out.2011101000.04:51.T126L28
 
 
     ******  Program Information  ******
  Real Time (sec)       :          6.569990
  User Time (sec)       :          4.136704
  Sys  Time (sec)       :          0.142036
  Vector Time (sec)     :          0.344362
  Inst. Count           :        1596986079.
  V. Inst. Count        :          16052480.
  V. Element Count      :        1289251883.
  FLOP Count            :         534710005.
  MOPS                  :        693.833873
  MFLOPS                :        129.259909
  VLEN                  :         80.314810
  V. Op. Ratio (%)      :         44.918765
  Memory Size (MB)      :        192.031250
  MIPS                  :        386.052763
  I-Cache (sec)         :          0.007877
  O-Cache (sec)         :          0.878103
  Bank (sec)            :          0.001191
 
  Start Time (date)  :  2011/10/10 04:51:39
  End   Time (date)  :  2011/10/10 04:51:46
-rw-r--r--    1 modoper  pnt            4000 Oct 10 04:51 /gfs/home3/modoper/tempo/global/oens/eof/datain/templ042011101000
sx6
PNT-EN
11101004:51
out
/gfs/home3/modoper/tempo/global/oens
/gfs/home3/modoper/tempo/global/oens
/gfs/dk22/modoper/tempo/global/oens
/gfs/dk22/modoper/tempo/global/oens/model/datain
/gfs/home3/modoper/tempo/global/oens/run/setrecfct.1.FCT04RT126L28.sx6
Date: 20111010
Hour: 04:51
FCT04R
2011101000
2011101212
GFCT04R
GFCT04R
GFCT04R
F.fct
F.fct
R.fct
/gfs/home3/modoper/tempo/global/oens
/gfs/home3/modoper/tempo/global/oens
/gfs/dk22/modoper/tempo/global/oens
/gfs/dk22/modoper/tempo/global/oens/model/datain
run
run
GFCT04R20111010002011101212F.fct.T126L28
/gfs/home3/modoper/tempo/global/oens/recfct/datain/GFCT04R20111010002011101212F.fct.T126L28
+ echo Recomposition  -x-  RUNNING ...
Recomposition  -x-  RUNNING ...
+ source=/gfs/home3/modoper/tempo/global/oens/recfct/source
+ bin=/gfs/home3/modoper/tempo/global/oens/recfct/bin/T126L28
+ input=/gfs/home3/modoper/tempo/global/oens/recfct/datain
+ out=/gfs/home3/modoper/tempo/global/oens/recfct/output
+ echo run
run
+ [ run = make ]
+ echo run
run
+ [ run = clean ]
+ cd /gfs/home3/modoper/tempo/global/oens/recfct/bin/T126L28
+ echo ./recfct.T126L28 < /gfs/home3/modoper/tempo/global/oens/recfct/datain/recfctFCT04R.nml > /gfs/home3/modoper/tempo/global/oens/recfct/output/recfct.out.2011101000.04:51.T126L28
./recfct.T126L28 < /gfs/home3/modoper/tempo/global/oens/recfct/datain/recfctFCT04R.nml > /gfs/home3/modoper/tempo/global/oens/recfct/output/recfct.out.2011101000.04:51.T126L28
+ ./recfct.T126L28
+ 0< /gfs/home3/modoper/tempo/global/oens/recfct/datain/recfctFCT04R.nml 1> /gfs/home3/modoper/tempo/global/oens/recfct/output/recfct.out.2011101000.04:51.T126L28
 
 
     ******  Program Information  ******
  Real Time (sec)       :         12.616139
  User Time (sec)       :          4.128086
  Sys  Time (sec)       :          0.063608
  Vector Time (sec)     :          0.344573
  Inst. Count           :        1596986110.
  V. Inst. Count        :          16052480.
  V. Element Count      :        1289251883.
  FLOP Count            :         534710006.
  MOPS                  :        695.282367
  MFLOPS                :        129.529759
  VLEN                  :         80.314810
  V. Op. Ratio (%)      :         44.918765
  Memory Size (MB)      :        192.031250
  MIPS                  :        386.858716
  I-Cache (sec)         :          0.000804
  O-Cache (sec)         :          0.869298
  Bank (sec)            :          0.001190
 
  Start Time (date)  :  2011/10/10 04:51:48
  End   Time (date)  :  2011/10/10 04:52:00
sx6
2011101004:52
out
/gfs/home3/modoper/tempo/global/oens
/gfs/home3/modoper/tempo/global/oens
/gfs/dk22/modoper/tempo/global/oens
/gfs/dk22/modoper/tempo/global/oens/model/datain
/gfs/home3/modoper/tempo/global/oens/run/seteofs.1.04T126L28.sx6
04
Date: 20111010
Hour: 04:52
2011101000
/gfs/home3/modoper/tempo/global/oens
/gfs/home3/modoper/tempo/global/oens
/gfs/dk22/modoper/tempo/global/oens
/gfs/dk22/modoper/tempo/global/oens/model/datain
run
run
Vai chamar eoft
+ echo EOFT           -x-  RUNNING ...
EOFT           -x-  RUNNING ...
+ source=/gfs/home3/modoper/tempo/global/oens/eoftemp/source
+ bin=/gfs/home3/modoper/tempo/global/oens/eof/bin/T126L28
+ inp=/gfs/home3/modoper/tempo/global/oens/eof/datain
+ outp=/gfs/home3/modoper/tempo/global/oens/eoftemp/output
+ echo run
run
+ [ run = make ]
+ echo run
run
+ [ run = clean ]
+ cd /gfs/home3/modoper/tempo/global/oens/eof/bin/T126L28
+ echo ./eoftem.T126L28 < /gfs/home3/modoper/tempo/global/oens/eof/datain/eoftem04.nml > /gfs/home3/modoper/tempo/global/oens/eoftemp/output/eoftem.2011101000.04:52.T126L28
./eoftem.T126L28 < /gfs/home3/modoper/tempo/global/oens/eof/datain/eoftem04.nml > /gfs/home3/modoper/tempo/global/oens/eoftemp/output/eoftem.2011101000.04:52.T126L28
+ ./eoftem.T126L28
+ 0< /gfs/home3/modoper/tempo/global/oens/eof/datain/eoftem04.nml 1> /gfs/home3/modoper/tempo/global/oens/eoftemp/output/eoftem.2011101000.04:52.T126L28
 entrou no eoft fortran
 &DATAIN DIRI=/gfs/home3/modoper/tempo/global/oens/eof/datain/                ,
 DIRA=/gfs/dk22/modoper/tempo/global/oens/model/datain/               ,
 DIRO=/gfs/dk22/modoper/tempo/global/oens/eof/dataout/T126L28/        ,
 NAMEL=templ042011101000                                               ,
 ANAME=GANLAVN2011101000R.unf.T126L28                                                      ,
 TEMOUT=temout042011101000                                              ,
 TEMPCM=tempcm042011101000                                              ,
 TEMPER1=tempe1042011101000                                              ,
 TEMPEN1=tempn1042011101000                                               /
 
 
     ******  Program Information  ******
  Real Time (sec)       :         24.181930
  User Time (sec)       :          6.580380
  Sys  Time (sec)       :          0.404455
  Vector Time (sec)     :          5.902708
  Inst. Count           :         597135897.
  V. Inst. Count        :          72972160.
  V. Element Count      :        9156490632.
  FLOP Count            :        3164566576.
  MOPS                  :       1471.139014
  MFLOPS                :        480.909366
  VLEN                  :        125.479233
  V. Op. Ratio (%)      :         94.585451
  Memory Size (MB)      :        304.031250
  MIPS                  :         90.744890
  I-Cache (sec)         :          0.003683
  O-Cache (sec)         :          0.003321
  Bank (sec)            :          0.281362
 
  Start Time (date)  :  2011/10/10 04:52:02
  End   Time (date)  :  2011/10/10 04:52:26
Vai chamar eofw
+ echo EOFW           -x-  RUNNING ...
EOFW           -x-  RUNNING ...
+ source=/gfs/home3/modoper/tempo/global/oens/eofwind/source
+ bin=/gfs/home3/modoper/tempo/global/oens/eof/bin/T126L28
+ out=/gfs/dk22/modoper/tempo/global/oens/eof/dataout/T126L28
+ inp=/gfs/home3/modoper/tempo/global/oens/eof/datain
+ outp=/gfs/home3/modoper/tempo/global/oens/eofwind/output
+ echo run
run
+ [ run = make ]
+ echo run
run
+ [ run = clean ]
+ cd /gfs/home3/modoper/tempo/global/oens/eof/bin/T126L28
+ echo ./eofwin.T126L28 < /gfs/home3/modoper/tempo/global/oens/eof/datain/eofwin04.nml > /gfs/home3/modoper/tempo/global/oens/eofwind/output/eofwin.2011101000.04:52.T126L28
./eofwin.T126L28 < /gfs/home3/modoper/tempo/global/oens/eof/datain/eofwin04.nml > /gfs/home3/modoper/tempo/global/oens/eofwind/output/eofwin.2011101000.04:52.T126L28
+ ./eofwin.T126L28
+ 0< /gfs/home3/modoper/tempo/global/oens/eof/datain/eofwin04.nml 1> /gfs/home3/modoper/tempo/global/oens/eofwind/output/eofwin.2011101000.04:52.T126L28
 
 
     ******  Program Information  ******
  Real Time (sec)       :         68.347999
  User Time (sec)       :         11.994857
  Sys  Time (sec)       :          0.611087
  Vector Time (sec)     :         10.944954
  Inst. Count           :        1009389187.
  V. Inst. Count        :         235339325.
  V. Element Count      :       26880732743.
  FLOP Count            :        7609521067.
  MOPS                  :       2305.553365
  MFLOPS                :        634.398655
  VLEN                  :        114.221169
  V. Op. Ratio (%)      :         97.201027
  Memory Size (MB)      :        624.031250
  MIPS                  :         84.151833
  I-Cache (sec)         :          0.008070
  O-Cache (sec)         :          0.019197
  Bank (sec)            :          0.599880
 
  Start Time (date)  :  2011/10/10 04:52:27
  End   Time (date)  :  2011/10/10 04:53:35
sx6
2011101004:53
out
/gfs/home3/modoper/tempo/global/oens
/gfs/home3/modoper/tempo/global/oens
/gfs/dk22/modoper/tempo/global/oens
/gfs/dk22/modoper/tempo/global/oens/model/datain
/gfs/home3/modoper/tempo/global/oens/run/setdeco04T126L28.sx6
Date: 20111010
Hour: 04:53
2011101000
/gfs/home3/modoper/tempo/global/oens
/gfs/home3/modoper/tempo/global/oens
/gfs/dk22/modoper/tempo/global/oens
/gfs/dk22/modoper/tempo/global/oens/model/datain
run
run
+ echo Decomposition  -x-  RUNNING ...
Decomposition  -x-  RUNNING ...
+ source=/gfs/home3/modoper/tempo/global/oens/decanl/source
+ bin=/gfs/home3/modoper/tempo/global/oens/decanl/bin/T126L28
+ input=/gfs/home3/modoper/tempo/global/oens/decanl/datain
+ out=/gfs/home3/modoper/tempo/global/oens/decanl/output
+ echo run
run
+ [ run = make ]
+ echo run
run
+ [ run = clean ]
+ cd /gfs/home3/modoper/tempo/global/oens/decanl/bin/T126L28
+ ./decanl.T126L28
+ 0< /gfs/home3/modoper/tempo/global/oens/decanl/datain/decanl04.nml 1> /gfs/home3/modoper/tempo/global/oens/decanl/output/decanl.2011101000.04:53.T126L28
 
 
     ******  Program Information  ******
  Real Time (sec)       :          5.656437
  User Time (sec)       :          0.820912
  Sys  Time (sec)       :          0.061661
  Vector Time (sec)     :          0.629273
  Inst. Count           :         173583932.
  V. Inst. Count        :          21078079.
  V. Element Count      :        2292782635.
  FLOP Count            :         590251095.
  MOPS                  :       2978.745822
  MFLOPS                :        719.018632
  VLEN                  :        108.775692
  V. Op. Ratio (%)      :         93.763278
  Memory Size (MB)      :        192.031250
  MIPS                  :        211.452520
  I-Cache (sec)         :          0.000930
  O-Cache (sec)         :          0.026685
  Bank (sec)            :          0.015383
 
  Start Time (date)  :  2011/10/10 04:53:36
  End   Time (date)  :  2011/10/10 04:53:42
+ echo Decomposition  -x-  RUNNING ...
Decomposition  -x-  RUNNING ...
+ source=/gfs/home3/modoper/tempo/global/oens/decanl/source
+ bin=/gfs/home3/modoper/tempo/global/oens/decanl/bin/T126L28
+ input=/gfs/home3/modoper/tempo/global/oens/decanl/datain
+ out=/gfs/home3/modoper/tempo/global/oens/decanl/output
+ echo run
run
+ [ run = make ]
+ echo run
run
+ [ run = clean ]
+ cd /gfs/home3/modoper/tempo/global/oens/decanl/bin/T126L28
+ ./decanl.T126L28
+ 0< /gfs/home3/modoper/tempo/global/oens/decanl/datain/decanl04.nml 1> /gfs/home3/modoper/tempo/global/oens/decanl/output/decanl.2011101000.04:53.T126L28
 
 
     ******  Program Information  ******
  Real Time (sec)       :          2.726807
  User Time (sec)       :          0.823756
  Sys  Time (sec)       :          0.056912
  Vector Time (sec)     :          0.631300
  Inst. Count           :         173583827.
  V. Inst. Count        :          21078079.
  V. Element Count      :        2292782629.
  FLOP Count            :         590251095.
  MOPS                  :       2968.461877
  MFLOPS                :        716.536295
  VLEN                  :        108.775692
  V. Op. Ratio (%)      :         93.763282
  Memory Size (MB)      :        192.031250
  MIPS                  :        210.722374
  I-Cache (sec)         :          0.001133
  O-Cache (sec)         :          0.027551
  Bank (sec)            :          0.015381
 
  Start Time (date)  :  2011/10/10 04:53:42
  End   Time (date)  :  2011/10/10 04:53:45
105.3u 24.9s 7:39 28% 839+176248k 91587+9846io 0w
logout
