Warning: no access to tty (Bad file descriptor).
Thus no job control in this shell.
stty: standard input: Inappropriate ioctl for device
vt100
resize:  can't open terminal /dev/tty
======================================
Welcome to tupay: Linux 2.4.18-nec3.3.060 ia64
Today is Mon Oct 10 19:30:17 GST 2011
======================================
/gfs/dk22/modoper/tempo/global/oens/probability/gif has already been created
nblst=57
T126L28 T126 2011101012 57 /gfs/dk22/modoper/tempo/global/oens/probability/dataout/T126L28 /gfs/dk22/modoper/tempo/global/oens/probability/gif

Grid Analysis and Display System (GrADS) Version 1.8SL11
Copyright (c) 1988-2001 by Brian Doty 
Center for Ocean-Land-Atmosphere Studies
Institute for Global Environment and Society 
All Rights Reserved

Config: v1.8SL11 32-bit little-endian readline printim

Issue 'q config' command for more information.

GX Package Initialization: Size = 11 8.5 
Running in Batch mode
ga-> run plot_precprob.gs
Enter with: resol trc labeli nblst dirbct dirfig
flist=filefct2011101012.T126
No hardcopy metafile open
All files closed; all defined objects released
All GrADS attributes have been reinitialized
open /gfs/dk22/modoper/tempo/global/oens/probability/dataout/T126L28/prob20111010122011101112.T126L28.ctl
No hardcopy metafile open
All files closed; all defined objects released
All GrADS attributes have been reinitialized
open /gfs/dk22/modoper/tempo/global/oens/probability/dataout/T126L28/prob20111010122011101118.T126L28.ctl
No hardcopy metafile open
All files closed; all defined objects released
All GrADS attributes have been reinitialized
open /gfs/dk22/modoper/tempo/global/oens/probability/dataout/T126L28/prob20111010122011101200.T126L28.ctl
No hardcopy metafile open
All files closed; all defined objects released
All GrADS attributes have been reinitialized
open /gfs/dk22/modoper/tempo/global/oens/probability/dataout/T126L28/prob20111010122011101206.T126L28.ctl
No hardcopy metafile open
All files closed; all defined objects released
All GrADS attributes have been reinitialized
open /gfs/dk22/modoper/tempo/global/oens/probability/dataout/T126L28/prob20111010122011101212.T126L28.ctl
No hardcopy metafile open
All files closed; all defined objects released
All GrADS attributes have been reinitialized
open /gfs/dk22/modoper/tempo/global/oens/probability/dataout/T126L28/prob20111010122011101218.T126L28.ctl
No hardcopy metafile open
All files closed; all defined objects released
All GrADS attributes have been reinitialized
open /gfs/dk22/modoper/tempo/global/oens/probability/dataout/T126L28/prob20111010122011101300.T126L28.ctl
No hardcopy metafile open
All files closed; all defined objects released
All GrADS attributes have been reinitialized
open /gfs/dk22/modoper/tempo/global/oens/probability/dataout/T126L28/prob20111010122011101306.T126L28.ctl
No hardcopy metafile open
All files closed; all defined objects released
All GrADS attributes have been reinitialized
open /gfs/dk22/modoper/tempo/global/oens/probability/dataout/T126L28/prob20111010122011101312.T126L28.ctl
No hardcopy metafile open
All files closed; all defined objects released
All GrADS attributes have been reinitialized
open /gfs/dk22/modoper/tempo/global/oens/probability/dataout/T126L28/prob20111010122011101318.T126L28.ctl
No hardcopy metafile open
All files closed; all defined objects released
All GrADS attributes have been reinitialized
open /gfs/dk22/modoper/tempo/global/oens/probability/dataout/T126L28/prob20111010122011101400.T126L28.ctl
No hardcopy metafile open
All files closed; all defined objects released
All GrADS attributes have been reinitialized
open /gfs/dk22/modoper/tempo/global/oens/probability/dataout/T126L28/prob20111010122011101406.T126L28.ctl
No hardcopy metafile open
All files closed; all defined objects released
All GrADS attributes have been reinitialized
open /gfs/dk22/modoper/tempo/global/oens/probability/dataout/T126L28/prob20111010122011101412.T126L28.ctl
No hardcopy metafile open
All files closed; all defined objects released
All GrADS attributes have been reinitialized
open /gfs/dk22/modoper/tempo/global/oens/probability/dataout/T126L28/prob20111010122011101418.T126L28.ctl
No hardcopy metafile open
All files closed; all defined objects released
All GrADS attributes have been reinitialized
open /gfs/dk22/modoper/tempo/global/oens/probability/dataout/T126L28/prob20111010122011101500.T126L28.ctl
No hardcopy metafile open
All files closed; all defined objects released
All GrADS attributes have been reinitialized
open /gfs/dk22/modoper/tempo/global/oens/probability/dataout/T126L28/prob20111010122011101506.T126L28.ctl
No hardcopy metafile open
All files closed; all defined objects released
All GrADS attributes have been reinitialized
open /gfs/dk22/modoper/tempo/global/oens/probability/dataout/T126L28/prob20111010122011101512.T126L28.ctl
No hardcopy metafile open
All files closed; all defined objects released
All GrADS attributes have been reinitialized
open /gfs/dk22/modoper/tempo/global/oens/probability/dataout/T126L28/prob20111010122011101518.T126L28.ctl
No hardcopy metafile open
All files closed; all defined objects released
All GrADS attributes have been reinitialized
open /gfs/dk22/modoper/tempo/global/oens/probability/dataout/T126L28/prob20111010122011101600.T126L28.ctl
No hardcopy metafile open
All files closed; all defined objects released
All GrADS attributes have been reinitialized
open /gfs/dk22/modoper/tempo/global/oens/probability/dataout/T126L28/prob20111010122011101606.T126L28.ctl
No hardcopy metafile open
All files closed; all defined objects released
All GrADS attributes have been reinitialized
open /gfs/dk22/modoper/tempo/global/oens/probability/dataout/T126L28/prob20111010122011101612.T126L28.ctl
No hardcopy metafile open
All files closed; all defined objects released
All GrADS attributes have been reinitialized
open /gfs/dk22/modoper/tempo/global/oens/probability/dataout/T126L28/prob20111010122011101618.T126L28.ctl
No hardcopy metafile open
All files closed; all defined objects released
All GrADS attributes have been reinitialized
open /gfs/dk22/modoper/tempo/global/oens/probability/dataout/T126L28/prob20111010122011101700.T126L28.ctl
No hardcopy metafile open
All files closed; all defined objects released
All GrADS attributes have been reinitialized
open /gfs/dk22/modoper/tempo/global/oens/probability/dataout/T126L28/prob20111010122011101706.T126L28.ctl
No hardcopy metafile open
All files closed; all defined objects released
All GrADS attributes have been reinitialized
open /gfs/dk22/modoper/tempo/global/oens/probability/dataout/T126L28/prob20111010122011101712.T126L28.ctl
No hardcopy metafile open
All files closed; all defined objects released
All GrADS attributes have been reinitialized
open /gfs/dk22/modoper/tempo/global/oens/probability/dataout/T126L28/prob20111010122011101718.T126L28.ctl
No hardcopy metafile open
All files closed; all defined objects released
All GrADS attributes have been reinitialized
open /gfs/dk22/modoper/tempo/global/oens/probability/dataout/T126L28/prob20111010122011101800.T126L28.ctl
No hardcopy metafile open
All files closed; all defined objects released
All GrADS attributes have been reinitialized
open /gfs/dk22/modoper/tempo/global/oens/probability/dataout/T126L28/prob20111010122011101806.T126L28.ctl
No hardcopy metafile open
All files closed; all defined objects released
All GrADS attributes have been reinitialized
open /gfs/dk22/modoper/tempo/global/oens/probability/dataout/T126L28/prob20111010122011101812.T126L28.ctl
No hardcopy metafile open
All files closed; all defined objects released
All GrADS attributes have been reinitialized
open /gfs/dk22/modoper/tempo/global/oens/probability/dataout/T126L28/prob20111010122011101818.T126L28.ctl
No hardcopy metafile open
All files closed; all defined objects released
All GrADS attributes have been reinitialized
open /gfs/dk22/modoper/tempo/global/oens/probability/dataout/T126L28/prob20111010122011101900.T126L28.ctl
No hardcopy metafile open
All files closed; all defined objects released
All GrADS attributes have been reinitialized
open /gfs/dk22/modoper/tempo/global/oens/probability/dataout/T126L28/prob20111010122011101906.T126L28.ctl
No hardcopy metafile open
All files closed; all defined objects released
All GrADS attributes have been reinitialized
open /gfs/dk22/modoper/tempo/global/oens/probability/dataout/T126L28/prob20111010122011101912.T126L28.ctl
No hardcopy metafile open
All files closed; all defined objects released
All GrADS attributes have been reinitialized
open /gfs/dk22/modoper/tempo/global/oens/probability/dataout/T126L28/prob20111010122011101918.T126L28.ctl
No hardcopy metafile open
All files closed; all defined objects released
All GrADS attributes have been reinitialized
open /gfs/dk22/modoper/tempo/global/oens/probability/dataout/T126L28/prob20111010122011102000.T126L28.ctl
No hardcopy metafile open
All files closed; all defined objects released
All GrADS attributes have been reinitialized
open /gfs/dk22/modoper/tempo/global/oens/probability/dataout/T126L28/prob20111010122011102006.T126L28.ctl
No hardcopy metafile open
All files closed; all defined objects released
All GrADS attributes have been reinitialized
open /gfs/dk22/modoper/tempo/global/oens/probability/dataout/T126L28/prob20111010122011102012.T126L28.ctl
No hardcopy metafile open
All files closed; all defined objects released
All GrADS attributes have been reinitialized
open /gfs/dk22/modoper/tempo/global/oens/probability/dataout/T126L28/prob20111010122011102018.T126L28.ctl
No hardcopy metafile open
All files closed; all defined objects released
All GrADS attributes have been reinitialized
open /gfs/dk22/modoper/tempo/global/oens/probability/dataout/T126L28/prob20111010122011102100.T126L28.ctl
No hardcopy metafile open
All files closed; all defined objects released
All GrADS attributes have been reinitialized
open /gfs/dk22/modoper/tempo/global/oens/probability/dataout/T126L28/prob20111010122011102106.T126L28.ctl
No hardcopy metafile open
All files closed; all defined objects released
All GrADS attributes have been reinitialized
open /gfs/dk22/modoper/tempo/global/oens/probability/dataout/T126L28/prob20111010122011102112.T126L28.ctl
No hardcopy metafile open
All files closed; all defined objects released
All GrADS attributes have been reinitialized
open /gfs/dk22/modoper/tempo/global/oens/probability/dataout/T126L28/prob20111010122011102118.T126L28.ctl
No hardcopy metafile open
All files closed; all defined objects released
All GrADS attributes have been reinitialized
open /gfs/dk22/modoper/tempo/global/oens/probability/dataout/T126L28/prob20111010122011102200.T126L28.ctl
No hardcopy metafile open
All files closed; all defined objects released
All GrADS attributes have been reinitialized
open /gfs/dk22/modoper/tempo/global/oens/probability/dataout/T126L28/prob20111010122011102206.T126L28.ctl
No hardcopy metafile open
All files closed; all defined objects released
All GrADS attributes have been reinitialized
open /gfs/dk22/modoper/tempo/global/oens/probability/dataout/T126L28/prob20111010122011102212.T126L28.ctl
No hardcopy metafile open
All files closed; all defined objects released
All GrADS attributes have been reinitialized
open /gfs/dk22/modoper/tempo/global/oens/probability/dataout/T126L28/prob20111010122011102218.T126L28.ctl
No hardcopy metafile open
All files closed; all defined objects released
All GrADS attributes have been reinitialized
open /gfs/dk22/modoper/tempo/global/oens/probability/dataout/T126L28/prob20111010122011102300.T126L28.ctl
No hardcopy metafile open
All files closed; all defined objects released
All GrADS attributes have been reinitialized
open /gfs/dk22/modoper/tempo/global/oens/probability/dataout/T126L28/prob20111010122011102306.T126L28.ctl
No hardcopy metafile open
All files closed; all defined objects released
All GrADS attributes have been reinitialized
open /gfs/dk22/modoper/tempo/global/oens/probability/dataout/T126L28/prob20111010122011102312.T126L28.ctl
No hardcopy metafile open
All files closed; all defined objects released
All GrADS attributes have been reinitialized
open /gfs/dk22/modoper/tempo/global/oens/probability/dataout/T126L28/prob20111010122011102318.T126L28.ctl
No hardcopy metafile open
All files closed; all defined objects released
All GrADS attributes have been reinitialized
open /gfs/dk22/modoper/tempo/global/oens/probability/dataout/T126L28/prob20111010122011102400.T126L28.ctl
No hardcopy metafile open
All files closed; all defined objects released
All GrADS attributes have been reinitialized
open /gfs/dk22/modoper/tempo/global/oens/probability/dataout/T126L28/prob20111010122011102406.T126L28.ctl
No hardcopy metafile open
All files closed; all defined objects released
All GrADS attributes have been reinitialized
open /gfs/dk22/modoper/tempo/global/oens/probability/dataout/T126L28/prob20111010122011102412.T126L28.ctl
No hardcopy metafile open
All files closed; all defined objects released
All GrADS attributes have been reinitialized
open /gfs/dk22/modoper/tempo/global/oens/probability/dataout/T126L28/prob20111010122011102418.T126L28.ctl
No hardcopy metafile open
All files closed; all defined objects released
All GrADS attributes have been reinitialized
open /gfs/dk22/modoper/tempo/global/oens/probability/dataout/T126L28/prob20111010122011102500.T126L28.ctl
No hardcopy metafile open
All files closed; all defined objects released
All GrADS attributes have been reinitialized
open /gfs/dk22/modoper/tempo/global/oens/probability/dataout/T126L28/prob20111010122011102506.T126L28.ctl
No hardcopy metafile open
All files closed; all defined objects released
All GrADS attributes have been reinitialized
open /gfs/dk22/modoper/tempo/global/oens/probability/dataout/T126L28/prob20111010122011102512.T126L28.ctl
No hardcopy metafile open
GX package terminated 
Inicio: 20111010
/gfs/home3/modoper/tools/dataman.ksh[356]: cannot create /gfs/home3/io_dop/tools/report0_381.log: Permission denied
/gfs/home3/modoper/tools/dataman.ksh[357]: cannot create /gfs/home3/io_dop/tools/reportX_381.log: Permission denied
 
Input: /gfs/dk22/modoper/tempo/global/oens/probability/dataout/T126L28
File: prob2011101012*
Output: /bangu/samfs/modoper/tempo/global/oens/nmc/T126L28/produtos/probability/binctl/2011/10/10
`/gfs/dk22/modoper/tempo/global/oens/probability/dataout/T126L28/prob20111010122011102512.T126L28.lst' -> `/bangu/samfs/modoper/tempo/global/oens/nmc/T126L28/produtos/probability/binctl/2011/10/10/prob20111010122011102512.T126L28.lst'
`/gfs/dk22/modoper/tempo/global/oens/probability/dataout/T126L28/prob20111010122011101112.T126L28.ctl' -> `/bangu/samfs/modoper/tempo/global/oens/nmc/T126L28/produtos/probability/binctl/2011/10/10/prob20111010122011101112.T126L28.ctl'
`/gfs/dk22/modoper/tempo/global/oens/probability/dataout/T126L28/prob20111010122011101112.T126L28.bin' -> `/bangu/samfs/modoper/tempo/global/oens/nmc/T126L28/produtos/probability/binctl/2011/10/10/prob20111010122011101112.T126L28.bin'
`/gfs/dk22/modoper/tempo/global/oens/probability/dataout/T126L28/prob20111010122011101118.T126L28.ctl' -> `/bangu/samfs/modoper/tempo/global/oens/nmc/T126L28/produtos/probability/binctl/2011/10/10/prob20111010122011101118.T126L28.ctl'
`/gfs/dk22/modoper/tempo/global/oens/probability/dataout/T126L28/prob20111010122011101118.T126L28.bin' -> `/bangu/samfs/modoper/tempo/global/oens/nmc/T126L28/produtos/probability/binctl/2011/10/10/prob20111010122011101118.T126L28.bin'
`/gfs/dk22/modoper/tempo/global/oens/probability/dataout/T126L28/prob20111010122011101200.T126L28.ctl' -> `/bangu/samfs/modoper/tempo/global/oens/nmc/T126L28/produtos/probability/binctl/2011/10/10/prob20111010122011101200.T126L28.ctl'
`/gfs/dk22/modoper/tempo/global/oens/probability/dataout/T126L28/prob20111010122011101200.T126L28.bin' -> `/bangu/samfs/modoper/tempo/global/oens/nmc/T126L28/produtos/probability/binctl/2011/10/10/prob20111010122011101200.T126L28.bin'
`/gfs/dk22/modoper/tempo/global/oens/probability/dataout/T126L28/prob20111010122011101206.T126L28.ctl' -> `/bangu/samfs/modoper/tempo/global/oens/nmc/T126L28/produtos/probability/binctl/2011/10/10/prob20111010122011101206.T126L28.ctl'
`/gfs/dk22/modoper/tempo/global/oens/probability/dataout/T126L28/prob20111010122011101206.T126L28.bin' -> `/bangu/samfs/modoper/tempo/global/oens/nmc/T126L28/produtos/probability/binctl/2011/10/10/prob20111010122011101206.T126L28.bin'
`/gfs/dk22/modoper/tempo/global/oens/probability/dataout/T126L28/prob20111010122011101212.T126L28.ctl' -> `/bangu/samfs/modoper/tempo/global/oens/nmc/T126L28/produtos/probability/binctl/2011/10/10/prob20111010122011101212.T126L28.ctl'
`/gfs/dk22/modoper/tempo/global/oens/probability/dataout/T126L28/prob20111010122011101212.T126L28.bin' -> `/bangu/samfs/modoper/tempo/global/oens/nmc/T126L28/produtos/probability/binctl/2011/10/10/prob20111010122011101212.T126L28.bin'
`/gfs/dk22/modoper/tempo/global/oens/probability/dataout/T126L28/prob20111010122011101218.T126L28.ctl' -> `/bangu/samfs/modoper/tempo/global/oens/nmc/T126L28/produtos/probability/binctl/2011/10/10/prob20111010122011101218.T126L28.ctl'
`/gfs/dk22/modoper/tempo/global/oens/probability/dataout/T126L28/prob20111010122011101218.T126L28.bin' -> `/bangu/samfs/modoper/tempo/global/oens/nmc/T126L28/produtos/probability/binctl/2011/10/10/prob20111010122011101218.T126L28.bin'
`/gfs/dk22/modoper/tempo/global/oens/probability/dataout/T126L28/prob20111010122011101300.T126L28.ctl' -> `/bangu/samfs/modoper/tempo/global/oens/nmc/T126L28/produtos/probability/binctl/2011/10/10/prob20111010122011101300.T126L28.ctl'
`/gfs/dk22/modoper/tempo/global/oens/probability/dataout/T126L28/prob20111010122011101300.T126L28.bin' -> `/bangu/samfs/modoper/tempo/global/oens/nmc/T126L28/produtos/probability/binctl/2011/10/10/prob20111010122011101300.T126L28.bin'
`/gfs/dk22/modoper/tempo/global/oens/probability/dataout/T126L28/prob20111010122011101306.T126L28.ctl' -> `/bangu/samfs/modoper/tempo/global/oens/nmc/T126L28/produtos/probability/binctl/2011/10/10/prob20111010122011101306.T126L28.ctl'
`/gfs/dk22/modoper/tempo/global/oens/probability/dataout/T126L28/prob20111010122011101306.T126L28.bin' -> `/bangu/samfs/modoper/tempo/global/oens/nmc/T126L28/produtos/probability/binctl/2011/10/10/prob20111010122011101306.T126L28.bin'
`/gfs/dk22/modoper/tempo/global/oens/probability/dataout/T126L28/prob20111010122011101312.T126L28.ctl' -> `/bangu/samfs/modoper/tempo/global/oens/nmc/T126L28/produtos/probability/binctl/2011/10/10/prob20111010122011101312.T126L28.ctl'
`/gfs/dk22/modoper/tempo/global/oens/probability/dataout/T126L28/prob20111010122011101312.T126L28.bin' -> `/bangu/samfs/modoper/tempo/global/oens/nmc/T126L28/produtos/probability/binctl/2011/10/10/prob20111010122011101312.T126L28.bin'
`/gfs/dk22/modoper/tempo/global/oens/probability/dataout/T126L28/prob20111010122011101318.T126L28.ctl' -> `/bangu/samfs/modoper/tempo/global/oens/nmc/T126L28/produtos/probability/binctl/2011/10/10/prob20111010122011101318.T126L28.ctl'
`/gfs/dk22/modoper/tempo/global/oens/probability/dataout/T126L28/prob20111010122011101318.T126L28.bin' -> `/bangu/samfs/modoper/tempo/global/oens/nmc/T126L28/produtos/probability/binctl/2011/10/10/prob20111010122011101318.T126L28.bin'
`/gfs/dk22/modoper/tempo/global/oens/probability/dataout/T126L28/prob20111010122011101400.T126L28.ctl' -> `/bangu/samfs/modoper/tempo/global/oens/nmc/T126L28/produtos/probability/binctl/2011/10/10/prob20111010122011101400.T126L28.ctl'
`/gfs/dk22/modoper/tempo/global/oens/probability/dataout/T126L28/prob20111010122011101400.T126L28.bin' -> `/bangu/samfs/modoper/tempo/global/oens/nmc/T126L28/produtos/probability/binctl/2011/10/10/prob20111010122011101400.T126L28.bin'
`/gfs/dk22/modoper/tempo/global/oens/probability/dataout/T126L28/prob20111010122011101406.T126L28.ctl' -> `/bangu/samfs/modoper/tempo/global/oens/nmc/T126L28/produtos/probability/binctl/2011/10/10/prob20111010122011101406.T126L28.ctl'
`/gfs/dk22/modoper/tempo/global/oens/probability/dataout/T126L28/prob20111010122011101406.T126L28.bin' -> `/bangu/samfs/modoper/tempo/global/oens/nmc/T126L28/produtos/probability/binctl/2011/10/10/prob20111010122011101406.T126L28.bin'
`/gfs/dk22/modoper/tempo/global/oens/probability/dataout/T126L28/prob20111010122011101412.T126L28.ctl' -> `/bangu/samfs/modoper/tempo/global/oens/nmc/T126L28/produtos/probability/binctl/2011/10/10/prob20111010122011101412.T126L28.ctl'
`/gfs/dk22/modoper/tempo/global/oens/probability/dataout/T126L28/prob20111010122011101412.T126L28.bin' -> `/bangu/samfs/modoper/tempo/global/oens/nmc/T126L28/produtos/probability/binctl/2011/10/10/prob20111010122011101412.T126L28.bin'
`/gfs/dk22/modoper/tempo/global/oens/probability/dataout/T126L28/prob20111010122011101418.T126L28.ctl' -> `/bangu/samfs/modoper/tempo/global/oens/nmc/T126L28/produtos/probability/binctl/2011/10/10/prob20111010122011101418.T126L28.ctl'
`/gfs/dk22/modoper/tempo/global/oens/probability/dataout/T126L28/prob20111010122011101418.T126L28.bin' -> `/bangu/samfs/modoper/tempo/global/oens/nmc/T126L28/produtos/probability/binctl/2011/10/10/prob20111010122011101418.T126L28.bin'
`/gfs/dk22/modoper/tempo/global/oens/probability/dataout/T126L28/prob20111010122011101500.T126L28.ctl' -> `/bangu/samfs/modoper/tempo/global/oens/nmc/T126L28/produtos/probability/binctl/2011/10/10/prob20111010122011101500.T126L28.ctl'
`/gfs/dk22/modoper/tempo/global/oens/probability/dataout/T126L28/prob20111010122011101500.T126L28.bin' -> `/bangu/samfs/modoper/tempo/global/oens/nmc/T126L28/produtos/probability/binctl/2011/10/10/prob20111010122011101500.T126L28.bin'
`/gfs/dk22/modoper/tempo/global/oens/probability/dataout/T126L28/prob20111010122011101506.T126L28.ctl' -> `/bangu/samfs/modoper/tempo/global/oens/nmc/T126L28/produtos/probability/binctl/2011/10/10/prob20111010122011101506.T126L28.ctl'
`/gfs/dk22/modoper/tempo/global/oens/probability/dataout/T126L28/prob20111010122011101506.T126L28.bin' -> `/bangu/samfs/modoper/tempo/global/oens/nmc/T126L28/produtos/probability/binctl/2011/10/10/prob20111010122011101506.T126L28.bin'
`/gfs/dk22/modoper/tempo/global/oens/probability/dataout/T126L28/prob20111010122011101512.T126L28.ctl' -> `/bangu/samfs/modoper/tempo/global/oens/nmc/T126L28/produtos/probability/binctl/2011/10/10/prob20111010122011101512.T126L28.ctl'
`/gfs/dk22/modoper/tempo/global/oens/probability/dataout/T126L28/prob20111010122011101512.T126L28.bin' -> `/bangu/samfs/modoper/tempo/global/oens/nmc/T126L28/produtos/probability/binctl/2011/10/10/prob20111010122011101512.T126L28.bin'
`/gfs/dk22/modoper/tempo/global/oens/probability/dataout/T126L28/prob20111010122011101518.T126L28.ctl' -> `/bangu/samfs/modoper/tempo/global/oens/nmc/T126L28/produtos/probability/binctl/2011/10/10/prob20111010122011101518.T126L28.ctl'
`/gfs/dk22/modoper/tempo/global/oens/probability/dataout/T126L28/prob20111010122011101518.T126L28.bin' -> `/bangu/samfs/modoper/tempo/global/oens/nmc/T126L28/produtos/probability/binctl/2011/10/10/prob20111010122011101518.T126L28.bin'
`/gfs/dk22/modoper/tempo/global/oens/probability/dataout/T126L28/prob20111010122011101600.T126L28.ctl' -> `/bangu/samfs/modoper/tempo/global/oens/nmc/T126L28/produtos/probability/binctl/2011/10/10/prob20111010122011101600.T126L28.ctl'
`/gfs/dk22/modoper/tempo/global/oens/probability/dataout/T126L28/prob20111010122011101600.T126L28.bin' -> `/bangu/samfs/modoper/tempo/global/oens/nmc/T126L28/produtos/probability/binctl/2011/10/10/prob20111010122011101600.T126L28.bin'
`/gfs/dk22/modoper/tempo/global/oens/probability/dataout/T126L28/prob20111010122011101606.T126L28.ctl' -> `/bangu/samfs/modoper/tempo/global/oens/nmc/T126L28/produtos/probability/binctl/2011/10/10/prob20111010122011101606.T126L28.ctl'
`/gfs/dk22/modoper/tempo/global/oens/probability/dataout/T126L28/prob20111010122011101606.T126L28.bin' -> `/bangu/samfs/modoper/tempo/global/oens/nmc/T126L28/produtos/probability/binctl/2011/10/10/prob20111010122011101606.T126L28.bin'
`/gfs/dk22/modoper/tempo/global/oens/probability/dataout/T126L28/prob20111010122011101612.T126L28.ctl' -> `/bangu/samfs/modoper/tempo/global/oens/nmc/T126L28/produtos/probability/binctl/2011/10/10/prob20111010122011101612.T126L28.ctl'
`/gfs/dk22/modoper/tempo/global/oens/probability/dataout/T126L28/prob20111010122011101612.T126L28.bin' -> `/bangu/samfs/modoper/tempo/global/oens/nmc/T126L28/produtos/probability/binctl/2011/10/10/prob20111010122011101612.T126L28.bin'
`/gfs/dk22/modoper/tempo/global/oens/probability/dataout/T126L28/prob20111010122011101618.T126L28.ctl' -> `/bangu/samfs/modoper/tempo/global/oens/nmc/T126L28/produtos/probability/binctl/2011/10/10/prob20111010122011101618.T126L28.ctl'
`/gfs/dk22/modoper/tempo/global/oens/probability/dataout/T126L28/prob20111010122011101618.T126L28.bin' -> `/bangu/samfs/modoper/tempo/global/oens/nmc/T126L28/produtos/probability/binctl/2011/10/10/prob20111010122011101618.T126L28.bin'
`/gfs/dk22/modoper/tempo/global/oens/probability/dataout/T126L28/prob20111010122011101700.T126L28.ctl' -> `/bangu/samfs/modoper/tempo/global/oens/nmc/T126L28/produtos/probability/binctl/2011/10/10/prob20111010122011101700.T126L28.ctl'
`/gfs/dk22/modoper/tempo/global/oens/probability/dataout/T126L28/prob20111010122011101700.T126L28.bin' -> `/bangu/samfs/modoper/tempo/global/oens/nmc/T126L28/produtos/probability/binctl/2011/10/10/prob20111010122011101700.T126L28.bin'
`/gfs/dk22/modoper/tempo/global/oens/probability/dataout/T126L28/prob20111010122011101706.T126L28.ctl' -> `/bangu/samfs/modoper/tempo/global/oens/nmc/T126L28/produtos/probability/binctl/2011/10/10/prob20111010122011101706.T126L28.ctl'
`/gfs/dk22/modoper/tempo/global/oens/probability/dataout/T126L28/prob20111010122011101706.T126L28.bin' -> `/bangu/samfs/modoper/tempo/global/oens/nmc/T126L28/produtos/probability/binctl/2011/10/10/prob20111010122011101706.T126L28.bin'
`/gfs/dk22/modoper/tempo/global/oens/probability/dataout/T126L28/prob20111010122011101712.T126L28.ctl' -> `/bangu/samfs/modoper/tempo/global/oens/nmc/T126L28/produtos/probability/binctl/2011/10/10/prob20111010122011101712.T126L28.ctl'
`/gfs/dk22/modoper/tempo/global/oens/probability/dataout/T126L28/prob20111010122011101712.T126L28.bin' -> `/bangu/samfs/modoper/tempo/global/oens/nmc/T126L28/produtos/probability/binctl/2011/10/10/prob20111010122011101712.T126L28.bin'
`/gfs/dk22/modoper/tempo/global/oens/probability/dataout/T126L28/prob20111010122011101718.T126L28.ctl' -> `/bangu/samfs/modoper/tempo/global/oens/nmc/T126L28/produtos/probability/binctl/2011/10/10/prob20111010122011101718.T126L28.ctl'
`/gfs/dk22/modoper/tempo/global/oens/probability/dataout/T126L28/prob20111010122011101800.T126L28.ctl' -> `/bangu/samfs/modoper/tempo/global/oens/nmc/T126L28/produtos/probability/binctl/2011/10/10/prob20111010122011101800.T126L28.ctl'
`/gfs/dk22/modoper/tempo/global/oens/probability/dataout/T126L28/prob20111010122011101806.T126L28.ctl' -> `/bangu/samfs/modoper/tempo/global/oens/nmc/T126L28/produtos/probability/binctl/2011/10/10/prob20111010122011101806.T126L28.ctl'
`/gfs/dk22/modoper/tempo/global/oens/probability/dataout/T126L28/prob20111010122011101812.T126L28.ctl' -> `/bangu/samfs/modoper/tempo/global/oens/nmc/T126L28/produtos/probability/binctl/2011/10/10/prob20111010122011101812.T126L28.ctl'
`/gfs/dk22/modoper/tempo/global/oens/probability/dataout/T126L28/prob20111010122011101818.T126L28.ctl' -> `/bangu/samfs/modoper/tempo/global/oens/nmc/T126L28/produtos/probability/binctl/2011/10/10/prob20111010122011101818.T126L28.ctl'
`/gfs/dk22/modoper/tempo/global/oens/probability/dataout/T126L28/prob20111010122011101900.T126L28.ctl' -> `/bangu/samfs/modoper/tempo/global/oens/nmc/T126L28/produtos/probability/binctl/2011/10/10/prob20111010122011101900.T126L28.ctl'
`/gfs/dk22/modoper/tempo/global/oens/probability/dataout/T126L28/prob20111010122011101906.T126L28.ctl' -> `/bangu/samfs/modoper/tempo/global/oens/nmc/T126L28/produtos/probability/binctl/2011/10/10/prob20111010122011101906.T126L28.ctl'
`/gfs/dk22/modoper/tempo/global/oens/probability/dataout/T126L28/prob20111010122011101912.T126L28.ctl' -> `/bangu/samfs/modoper/tempo/global/oens/nmc/T126L28/produtos/probability/binctl/2011/10/10/prob20111010122011101912.T126L28.ctl'
`/gfs/dk22/modoper/tempo/global/oens/probability/dataout/T126L28/prob20111010122011101918.T126L28.ctl' -> `/bangu/samfs/modoper/tempo/global/oens/nmc/T126L28/produtos/probability/binctl/2011/10/10/prob20111010122011101918.T126L28.ctl'
`/gfs/dk22/modoper/tempo/global/oens/probability/dataout/T126L28/prob20111010122011102000.T126L28.ctl' -> `/bangu/samfs/modoper/tempo/global/oens/nmc/T126L28/produtos/probability/binctl/2011/10/10/prob20111010122011102000.T126L28.ctl'
`/gfs/dk22/modoper/tempo/global/oens/probability/dataout/T126L28/prob20111010122011102006.T126L28.ctl' -> `/bangu/samfs/modoper/tempo/global/oens/nmc/T126L28/produtos/probability/binctl/2011/10/10/prob20111010122011102006.T126L28.ctl'
`/gfs/dk22/modoper/tempo/global/oens/probability/dataout/T126L28/prob20111010122011102012.T126L28.ctl' -> `/bangu/samfs/modoper/tempo/global/oens/nmc/T126L28/produtos/probability/binctl/2011/10/10/prob20111010122011102012.T126L28.ctl'
`/gfs/dk22/modoper/tempo/global/oens/probability/dataout/T126L28/prob20111010122011102018.T126L28.ctl' -> `/bangu/samfs/modoper/tempo/global/oens/nmc/T126L28/produtos/probability/binctl/2011/10/10/prob20111010122011102018.T126L28.ctl'
`/gfs/dk22/modoper/tempo/global/oens/probability/dataout/T126L28/prob20111010122011102100.T126L28.ctl' -> `/bangu/samfs/modoper/tempo/global/oens/nmc/T126L28/produtos/probability/binctl/2011/10/10/prob20111010122011102100.T126L28.ctl'
`/gfs/dk22/modoper/tempo/global/oens/probability/dataout/T126L28/prob20111010122011102106.T126L28.ctl' -> `/bangu/samfs/modoper/tempo/global/oens/nmc/T126L28/produtos/probability/binctl/2011/10/10/prob20111010122011102106.T126L28.ctl'
`/gfs/dk22/modoper/tempo/global/oens/probability/dataout/T126L28/prob20111010122011102112.T126L28.ctl' -> `/bangu/samfs/modoper/tempo/global/oens/nmc/T126L28/produtos/probability/binctl/2011/10/10/prob20111010122011102112.T126L28.ctl'
`/gfs/dk22/modoper/tempo/global/oens/probability/dataout/T126L28/prob20111010122011102118.T126L28.bin' -> `/bangu/samfs/modoper/tempo/global/oens/nmc/T126L28/produtos/probability/binctl/2011/10/10/prob20111010122011102118.T126L28.bin'
`/gfs/dk22/modoper/tempo/global/oens/probability/dataout/T126L28/prob20111010122011102206.T126L28.ctl' -> `/bangu/samfs/modoper/tempo/global/oens/nmc/T126L28/produtos/probability/binctl/2011/10/10/prob20111010122011102206.T126L28.ctl'
`/gfs/dk22/modoper/tempo/global/oens/probability/dataout/T126L28/prob20111010122011102212.T126L28.bin' -> `/bangu/samfs/modoper/tempo/global/oens/nmc/T126L28/produtos/probability/binctl/2011/10/10/prob20111010122011102212.T126L28.bin'
`/gfs/dk22/modoper/tempo/global/oens/probability/dataout/T126L28/prob20111010122011102300.T126L28.ctl' -> `/bangu/samfs/modoper/tempo/global/oens/nmc/T126L28/produtos/probability/binctl/2011/10/10/prob20111010122011102300.T126L28.ctl'
`/gfs/dk22/modoper/tempo/global/oens/probability/dataout/T126L28/prob20111010122011102312.T126L28.ctl' -> `/bangu/samfs/modoper/tempo/global/oens/nmc/T126L28/produtos/probability/binctl/2011/10/10/prob20111010122011102312.T126L28.ctl'
`/gfs/dk22/modoper/tempo/global/oens/probability/dataout/T126L28/prob20111010122011102400.T126L28.ctl' -> `/bangu/samfs/modoper/tempo/global/oens/nmc/T126L28/produtos/probability/binctl/2011/10/10/prob20111010122011102400.T126L28.ctl'
`/gfs/dk22/modoper/tempo/global/oens/probability/dataout/T126L28/prob20111010122011102412.T126L28.ctl' -> `/bangu/samfs/modoper/tempo/global/oens/nmc/T126L28/produtos/probability/binctl/2011/10/10/prob20111010122011102412.T126L28.ctl'
`/gfs/dk22/modoper/tempo/global/oens/probability/dataout/T126L28/prob20111010122011102500.T126L28.ctl' -> `/bangu/samfs/modoper/tempo/global/oens/nmc/T126L28/produtos/probability/binctl/2011/10/10/prob20111010122011102500.T126L28.ctl'
`/gfs/dk22/modoper/tempo/global/oens/probability/dataout/T126L28/prob20111010122011102512.T126L28.ctl' -> `/bangu/samfs/modoper/tempo/global/oens/nmc/T126L28/produtos/probability/binctl/2011/10/10/prob20111010122011102512.T126L28.ctl'
`/gfs/dk22/modoper/tempo/global/oens/probability/dataout/T126L28/prob20111010122011101718.T126L28.bin' -> `/bangu/samfs/modoper/tempo/global/oens/nmc/T126L28/produtos/probability/binctl/2011/10/10/prob20111010122011101718.T126L28.bin'
`/gfs/dk22/modoper/tempo/global/oens/probability/dataout/T126L28/prob20111010122011101800.T126L28.bin' -> `/bangu/samfs/modoper/tempo/global/oens/nmc/T126L28/produtos/probability/binctl/2011/10/10/prob20111010122011101800.T126L28.bin'
`/gfs/dk22/modoper/tempo/global/oens/probability/dataout/T126L28/prob20111010122011101806.T126L28.bin' -> `/bangu/samfs/modoper/tempo/global/oens/nmc/T126L28/produtos/probability/binctl/2011/10/10/prob20111010122011101806.T126L28.bin'
`/gfs/dk22/modoper/tempo/global/oens/probability/dataout/T126L28/prob20111010122011101812.T126L28.bin' -> `/bangu/samfs/modoper/tempo/global/oens/nmc/T126L28/produtos/probability/binctl/2011/10/10/prob20111010122011101812.T126L28.bin'
`/gfs/dk22/modoper/tempo/global/oens/probability/dataout/T126L28/prob20111010122011101818.T126L28.bin' -> `/bangu/samfs/modoper/tempo/global/oens/nmc/T126L28/produtos/probability/binctl/2011/10/10/prob20111010122011101818.T126L28.bin'
`/gfs/dk22/modoper/tempo/global/oens/probability/dataout/T126L28/prob20111010122011101900.T126L28.bin' -> `/bangu/samfs/modoper/tempo/global/oens/nmc/T126L28/produtos/probability/binctl/2011/10/10/prob20111010122011101900.T126L28.bin'
`/gfs/dk22/modoper/tempo/global/oens/probability/dataout/T126L28/prob20111010122011101906.T126L28.bin' -> `/bangu/samfs/modoper/tempo/global/oens/nmc/T126L28/produtos/probability/binctl/2011/10/10/prob20111010122011101906.T126L28.bin'
`/gfs/dk22/modoper/tempo/global/oens/probability/dataout/T126L28/prob20111010122011101912.T126L28.bin' -> `/bangu/samfs/modoper/tempo/global/oens/nmc/T126L28/produtos/probability/binctl/2011/10/10/prob20111010122011101912.T126L28.bin'
`/gfs/dk22/modoper/tempo/global/oens/probability/dataout/T126L28/prob20111010122011101918.T126L28.bin' -> `/bangu/samfs/modoper/tempo/global/oens/nmc/T126L28/produtos/probability/binctl/2011/10/10/prob20111010122011101918.T126L28.bin'
`/gfs/dk22/modoper/tempo/global/oens/probability/dataout/T126L28/prob20111010122011102000.T126L28.bin' -> `/bangu/samfs/modoper/tempo/global/oens/nmc/T126L28/produtos/probability/binctl/2011/10/10/prob20111010122011102000.T126L28.bin'
`/gfs/dk22/modoper/tempo/global/oens/probability/dataout/T126L28/prob20111010122011102006.T126L28.bin' -> `/bangu/samfs/modoper/tempo/global/oens/nmc/T126L28/produtos/probability/binctl/2011/10/10/prob20111010122011102006.T126L28.bin'
`/gfs/dk22/modoper/tempo/global/oens/probability/dataout/T126L28/prob20111010122011102012.T126L28.bin' -> `/bangu/samfs/modoper/tempo/global/oens/nmc/T126L28/produtos/probability/binctl/2011/10/10/prob20111010122011102012.T126L28.bin'
`/gfs/dk22/modoper/tempo/global/oens/probability/dataout/T126L28/prob20111010122011102018.T126L28.bin' -> `/bangu/samfs/modoper/tempo/global/oens/nmc/T126L28/produtos/probability/binctl/2011/10/10/prob20111010122011102018.T126L28.bin'
`/gfs/dk22/modoper/tempo/global/oens/probability/dataout/T126L28/prob20111010122011102100.T126L28.bin' -> `/bangu/samfs/modoper/tempo/global/oens/nmc/T126L28/produtos/probability/binctl/2011/10/10/prob20111010122011102100.T126L28.bin'
`/gfs/dk22/modoper/tempo/global/oens/probability/dataout/T126L28/prob20111010122011102106.T126L28.bin' -> `/bangu/samfs/modoper/tempo/global/oens/nmc/T126L28/produtos/probability/binctl/2011/10/10/prob20111010122011102106.T126L28.bin'
`/gfs/dk22/modoper/tempo/global/oens/probability/dataout/T126L28/prob20111010122011102118.T126L28.ctl' -> `/bangu/samfs/modoper/tempo/global/oens/nmc/T126L28/produtos/probability/binctl/2011/10/10/prob20111010122011102118.T126L28.ctl'
`/gfs/dk22/modoper/tempo/global/oens/probability/dataout/T126L28/prob20111010122011102200.T126L28.bin' -> `/bangu/samfs/modoper/tempo/global/oens/nmc/T126L28/produtos/probability/binctl/2011/10/10/prob20111010122011102200.T126L28.bin'
`/gfs/dk22/modoper/tempo/global/oens/probability/dataout/T126L28/prob20111010122011102212.T126L28.ctl' -> `/bangu/samfs/modoper/tempo/global/oens/nmc/T126L28/produtos/probability/binctl/2011/10/10/prob20111010122011102212.T126L28.ctl'
`/gfs/dk22/modoper/tempo/global/oens/probability/dataout/T126L28/prob20111010122011102218.T126L28.bin' -> `/bangu/samfs/modoper/tempo/global/oens/nmc/T126L28/produtos/probability/binctl/2011/10/10/prob20111010122011102218.T126L28.bin'
`/gfs/dk22/modoper/tempo/global/oens/probability/dataout/T126L28/prob20111010122011102306.T126L28.bin' -> `/bangu/samfs/modoper/tempo/global/oens/nmc/T126L28/produtos/probability/binctl/2011/10/10/prob20111010122011102306.T126L28.bin'
`/gfs/dk22/modoper/tempo/global/oens/probability/dataout/T126L28/prob20111010122011102318.T126L28.bin' -> `/bangu/samfs/modoper/tempo/global/oens/nmc/T126L28/produtos/probability/binctl/2011/10/10/prob20111010122011102318.T126L28.bin'
`/gfs/dk22/modoper/tempo/global/oens/probability/dataout/T126L28/prob20111010122011102406.T126L28.bin' -> `/bangu/samfs/modoper/tempo/global/oens/nmc/T126L28/produtos/probability/binctl/2011/10/10/prob20111010122011102406.T126L28.bin'
`/gfs/dk22/modoper/tempo/global/oens/probability/dataout/T126L28/prob20111010122011102418.T126L28.bin' -> `/bangu/samfs/modoper/tempo/global/oens/nmc/T126L28/produtos/probability/binctl/2011/10/10/prob20111010122011102418.T126L28.bin'
`/gfs/dk22/modoper/tempo/global/oens/probability/dataout/T126L28/prob20111010122011102506.T126L28.bin' -> `/bangu/samfs/modoper/tempo/global/oens/nmc/T126L28/produtos/probability/binctl/2011/10/10/prob20111010122011102506.T126L28.bin'
`/gfs/dk22/modoper/tempo/global/oens/probability/dataout/T126L28/prob2011101012.ctl' -> `/bangu/samfs/modoper/tempo/global/oens/nmc/T126L28/produtos/probability/binctl/2011/10/10/prob2011101012.ctl'
`/gfs/dk22/modoper/tempo/global/oens/probability/dataout/T126L28/prob20111010122011102112.T126L28.bin' -> `/bangu/samfs/modoper/tempo/global/oens/nmc/T126L28/produtos/probability/binctl/2011/10/10/prob20111010122011102112.T126L28.bin'
`/gfs/dk22/modoper/tempo/global/oens/probability/dataout/T126L28/prob20111010122011102200.T126L28.ctl' -> `/bangu/samfs/modoper/tempo/global/oens/nmc/T126L28/produtos/probability/binctl/2011/10/10/prob20111010122011102200.T126L28.ctl'
`/gfs/dk22/modoper/tempo/global/oens/probability/dataout/T126L28/prob20111010122011102206.T126L28.bin' -> `/bangu/samfs/modoper/tempo/global/oens/nmc/T126L28/produtos/probability/binctl/2011/10/10/prob20111010122011102206.T126L28.bin'
`/gfs/dk22/modoper/tempo/global/oens/probability/dataout/T126L28/prob20111010122011102218.T126L28.ctl' -> `/bangu/samfs/modoper/tempo/global/oens/nmc/T126L28/produtos/probability/binctl/2011/10/10/prob20111010122011102218.T126L28.ctl'
`/gfs/dk22/modoper/tempo/global/oens/probability/dataout/T126L28/prob20111010122011102300.T126L28.bin' -> `/bangu/samfs/modoper/tempo/global/oens/nmc/T126L28/produtos/probability/binctl/2011/10/10/prob20111010122011102300.T126L28.bin'
`/gfs/dk22/modoper/tempo/global/oens/probability/dataout/T126L28/prob20111010122011102312.T126L28.bin' -> `/bangu/samfs/modoper/tempo/global/oens/nmc/T126L28/produtos/probability/binctl/2011/10/10/prob20111010122011102312.T126L28.bin'
`/gfs/dk22/modoper/tempo/global/oens/probability/dataout/T126L28/prob20111010122011102400.T126L28.bin' -> `/bangu/samfs/modoper/tempo/global/oens/nmc/T126L28/produtos/probability/binctl/2011/10/10/prob20111010122011102400.T126L28.bin'
`/gfs/dk22/modoper/tempo/global/oens/probability/dataout/T126L28/prob20111010122011102412.T126L28.bin' -> `/bangu/samfs/modoper/tempo/global/oens/nmc/T126L28/produtos/probability/binctl/2011/10/10/prob20111010122011102412.T126L28.bin'
`/gfs/dk22/modoper/tempo/global/oens/probability/dataout/T126L28/prob20111010122011102500.T126L28.bin' -> `/bangu/samfs/modoper/tempo/global/oens/nmc/T126L28/produtos/probability/binctl/2011/10/10/prob20111010122011102500.T126L28.bin'
`/gfs/dk22/modoper/tempo/global/oens/probability/dataout/T126L28/prob20111010122011102512.T126L28.bin' -> `/bangu/samfs/modoper/tempo/global/oens/nmc/T126L28/produtos/probability/binctl/2011/10/10/prob20111010122011102512.T126L28.bin'
`/gfs/dk22/modoper/tempo/global/oens/probability/dataout/T126L28/prob20111010122011102306.T126L28.ctl' -> `/bangu/samfs/modoper/tempo/global/oens/nmc/T126L28/produtos/probability/binctl/2011/10/10/prob20111010122011102306.T126L28.ctl'
`/gfs/dk22/modoper/tempo/global/oens/probability/dataout/T126L28/prob20111010122011102318.T126L28.ctl' -> `/bangu/samfs/modoper/tempo/global/oens/nmc/T126L28/produtos/probability/binctl/2011/10/10/prob20111010122011102318.T126L28.ctl'
`/gfs/dk22/modoper/tempo/global/oens/probability/dataout/T126L28/prob20111010122011102406.T126L28.ctl' -> `/bangu/samfs/modoper/tempo/global/oens/nmc/T126L28/produtos/probability/binctl/2011/10/10/prob20111010122011102406.T126L28.ctl'
`/gfs/dk22/modoper/tempo/global/oens/probability/dataout/T126L28/prob20111010122011102418.T126L28.ctl' -> `/bangu/samfs/modoper/tempo/global/oens/nmc/T126L28/produtos/probability/binctl/2011/10/10/prob20111010122011102418.T126L28.ctl'
`/gfs/dk22/modoper/tempo/global/oens/probability/dataout/T126L28/prob20111010122011102506.T126L28.ctl' -> `/bangu/samfs/modoper/tempo/global/oens/nmc/T126L28/produtos/probability/binctl/2011/10/10/prob20111010122011102506.T126L28.ctl'
`/gfs/dk22/modoper/tempo/global/oens/probability/dataout/T126L28/prob20111010122011101012.T126L28.lst' -> `/bangu/samfs/modoper/tempo/global/oens/nmc/T126L28/produtos/probability/binctl/2011/10/10/prob20111010122011101012.T126L28.lst'
Tentando remover o arquivo /gfs/dk22/modoper/tempo/global/oens/probability/dataout/T126L28/prob20110301002011031600.T126L28.lst, mas ele nao encontra-se no diretorio backup (/bangu/samfs/modoper/tempo/global/oens/nmc/T126L28/produtos/probability/binctl), enviando email...
/gfs/home3/modoper/tools/dataman.ksh[645]: cannot create /gfs/home3/io_dop/tools/report_381.log: Permission denied
