stty: : Invalid argument
vt100
resize:  can't open terminal /dev/tty
======================================
Welcome to tupan00: SUPER-UX 14.1 SX-6
Today is Tue Oct 11 07:23:24 GMT 2011
======================================
/gfs/home3/modoper/tempo/global/oens
/gfs/home3/modoper/tempo/global/oens
/gfs/dk22/modoper/tempo/global/oens
/gfs/dk22/modoper/tempo/global/oens
run
 F_SETBUF = 2048
 imax    :   384
 jmax    :   192
 nmembers:   15
 nfctdy  :   15
 freqcalc:   6
 dirinp  : /gfs/dk22/modoper/tempo/global/oens/pos/dataout/T126L28/
 dirout  : /gfs/dk22/modoper/tempo/global/oens/plumes/dataout/T126L28/
 resol   : T126L28
 prefx   : AVN

FCT DATES:
fctdate(1):2011101100
fctdate(2):2011101100
fctdate(           3):2011101106
fctdate(           4):2011101112
fctdate(           5):2011101118
fctdate(           6):2011101200
fctdate(           7):2011101206
fctdate(           8):2011101212
fctdate(           9):2011101218
fctdate(          10):2011101300
fctdate(          11):2011101306
fctdate(          12):2011101312
fctdate(          13):2011101318
fctdate(          14):2011101400
fctdate(          15):2011101406
fctdate(          16):2011101412
fctdate(          17):2011101418
fctdate(          18):2011101500
fctdate(          19):2011101506
fctdate(          20):2011101512
fctdate(          21):2011101518
fctdate(          22):2011101600
fctdate(          23):2011101606
fctdate(          24):2011101612
fctdate(          25):2011101618
fctdate(          26):2011101700
fctdate(          27):2011101706
fctdate(          28):2011101712
fctdate(          29):2011101718
fctdate(          30):2011101800
fctdate(          31):2011101806
fctdate(          32):2011101812
fctdate(          33):2011101818
fctdate(          34):2011101900
fctdate(          35):2011101906
fctdate(          36):2011101912
fctdate(          37):2011101918
fctdate(          38):2011102000
fctdate(          39):2011102006
fctdate(          40):2011102012
fctdate(          41):2011102018
fctdate(          42):2011102100
fctdate(          43):2011102106
fctdate(          44):2011102112
fctdate(          45):2011102118
fctdate(          46):2011102200
fctdate(          47):2011102206
fctdate(          48):2011102212
fctdate(          49):2011102218
fctdate(          50):2011102300
fctdate(          51):2011102306
fctdate(          52):2011102312
fctdate(          53):2011102318
fctdate(          54):2011102400
fctdate(          55):2011102406
fctdate(          56):2011102412
fctdate(          57):2011102418
fctdate(          58):2011102500
fctdate(          59):2011102506
fctdate(          60):2011102512
fctdate(          61):2011102518
fctdate(          62):2011102600
  
 identify(  1  )=Identif01P20111011002011102600.T126L28
 lstlocaliz(  1  )=Localiz01P20111011002011102600.T126L28
 identify(  2  )=Identif02P20111011002011102600.T126L28
 lstlocaliz(  2  )=Localiz02P20111011002011102600.T126L28
 identify(  3  )=Identif03P20111011002011102600.T126L28
 lstlocaliz(  3  )=Localiz03P20111011002011102600.T126L28
 identify(  4  )=Identif04P20111011002011102600.T126L28
 lstlocaliz(  4  )=Localiz04P20111011002011102600.T126L28
 identify(  5  )=Identif05P20111011002011102600.T126L28
 lstlocaliz(  5  )=Localiz05P20111011002011102600.T126L28
 identify(  6  )=Identif06P20111011002011102600.T126L28
 lstlocaliz(  6  )=Localiz06P20111011002011102600.T126L28
 identify(  7  )=Identif07P20111011002011102600.T126L28
 lstlocaliz(  7  )=Localiz07P20111011002011102600.T126L28
 identify(  8  )=Identif01P20111011002011102600.T126L28
 lstlocaliz(  8  )=Localiz01P20111011002011102600.T126L28
 identify(  9  )=Identif02P20111011002011102600.T126L28
 lstlocaliz(  9  )=Localiz02P20111011002011102600.T126L28
 identify(  10  )=Identif03P20111011002011102600.T126L28
 lstlocaliz(  10  )=Localiz03P20111011002011102600.T126L28
 identify(  11  )=Identif04P20111011002011102600.T126L28
 lstlocaliz(  11  )=Localiz04P20111011002011102600.T126L28
 identify(  12  )=Identif05P20111011002011102600.T126L28
 lstlocaliz(  12  )=Localiz05P20111011002011102600.T126L28
 identify(  13  )=Identif06P20111011002011102600.T126L28
 lstlocaliz(  13  )=Localiz06P20111011002011102600.T126L28
 identify(  14  )=Identif07P20111011002011102600.T126L28
 lstlocaliz(  14  )=Localiz07P20111011002011102600.T126L28
 identify(  15  )=IdentifAVN20111011002011102600.T126L28
 lstlocaliz(  15  )=LocalizAVN20111011002011102600.T126L28
 UNIT95=/gfs/dk22/modoper/tempo/global/oens/pos/dataout/T126L28/GFGN01P20111011002011102600M.grh.T126L28.ctl
 UNIT96=/gfs/dk22/modoper/tempo/global/oens/pos/dataout/T126L28/Identif01P20111011002011102600.T126L28
 nvars(  1  )=  13
 nbgh(  1  )=  971
 UNIT95=/gfs/dk22/modoper/tempo/global/oens/pos/dataout/T126L28/GFGN02P20111011002011102600M.grh.T126L28.ctl
 UNIT96=/gfs/dk22/modoper/tempo/global/oens/pos/dataout/T126L28/Identif02P20111011002011102600.T126L28
 nvars(  2  )=  13
 nbgh(  2  )=  971
 UNIT95=/gfs/dk22/modoper/tempo/global/oens/pos/dataout/T126L28/GFGN03P20111011002011102600M.grh.T126L28.ctl
 UNIT96=/gfs/dk22/modoper/tempo/global/oens/pos/dataout/T126L28/Identif03P20111011002011102600.T126L28
 nvars(  3  )=  13
 nbgh(  3  )=  971
 UNIT95=/gfs/dk22/modoper/tempo/global/oens/pos/dataout/T126L28/GFGN04P20111011002011102600M.grh.T126L28.ctl
 UNIT96=/gfs/dk22/modoper/tempo/global/oens/pos/dataout/T126L28/Identif04P20111011002011102600.T126L28
 nvars(  4  )=  13
 nbgh(  4  )=  971
 UNIT95=/gfs/dk22/modoper/tempo/global/oens/pos/dataout/T126L28/GFGN05P20111011002011102600M.grh.T126L28.ctl
 UNIT96=/gfs/dk22/modoper/tempo/global/oens/pos/dataout/T126L28/Identif05P20111011002011102600.T126L28
 nvars(  5  )=  13
 nbgh(  5  )=  971
 UNIT95=/gfs/dk22/modoper/tempo/global/oens/pos/dataout/T126L28/GFGN06P20111011002011102600M.grh.T126L28.ctl
 UNIT96=/gfs/dk22/modoper/tempo/global/oens/pos/dataout/T126L28/Identif06P20111011002011102600.T126L28
 nvars(  6  )=  13
 nbgh(  6  )=  971
 UNIT95=/gfs/dk22/modoper/tempo/global/oens/pos/dataout/T126L28/GFGN07P20111011002011102600M.grh.T126L28.ctl
 UNIT96=/gfs/dk22/modoper/tempo/global/oens/pos/dataout/T126L28/Identif07P20111011002011102600.T126L28
 nvars(  7  )=  13
 nbgh(  7  )=  971
 UNIT95=/gfs/dk22/modoper/tempo/global/oens/pos/dataout/T126L28/GFGN01N20111011002011102600M.grh.T126L28.ctl
 UNIT96=/gfs/dk22/modoper/tempo/global/oens/pos/dataout/T126L28/Identif01P20111011002011102600.T126L28
 nvars(  8  )=  13
 nbgh(  8  )=  971
 UNIT95=/gfs/dk22/modoper/tempo/global/oens/pos/dataout/T126L28/GFGN02N20111011002011102600M.grh.T126L28.ctl
 UNIT96=/gfs/dk22/modoper/tempo/global/oens/pos/dataout/T126L28/Identif02P20111011002011102600.T126L28
 nvars(  9  )=  13
 nbgh(  9  )=  971
 UNIT95=/gfs/dk22/modoper/tempo/global/oens/pos/dataout/T126L28/GFGN03N20111011002011102600M.grh.T126L28.ctl
 UNIT96=/gfs/dk22/modoper/tempo/global/oens/pos/dataout/T126L28/Identif03P20111011002011102600.T126L28
 nvars(  10  )=  13
 nbgh(  10  )=  971
 UNIT95=/gfs/dk22/modoper/tempo/global/oens/pos/dataout/T126L28/GFGN04N20111011002011102600M.grh.T126L28.ctl
 UNIT96=/gfs/dk22/modoper/tempo/global/oens/pos/dataout/T126L28/Identif04P20111011002011102600.T126L28
 nvars(  11  )=  13
 nbgh(  11  )=  971
 UNIT95=/gfs/dk22/modoper/tempo/global/oens/pos/dataout/T126L28/GFGN05N20111011002011102600M.grh.T126L28.ctl
 UNIT96=/gfs/dk22/modoper/tempo/global/oens/pos/dataout/T126L28/Identif05P20111011002011102600.T126L28
 nvars(  12  )=  13
 nbgh(  12  )=  971
 UNIT95=/gfs/dk22/modoper/tempo/global/oens/pos/dataout/T126L28/GFGN06N20111011002011102600M.grh.T126L28.ctl
 UNIT96=/gfs/dk22/modoper/tempo/global/oens/pos/dataout/T126L28/Identif06P20111011002011102600.T126L28
 nvars(  13  )=  13
 nbgh(  13  )=  971
 UNIT95=/gfs/dk22/modoper/tempo/global/oens/pos/dataout/T126L28/GFGN07N20111011002011102600M.grh.T126L28.ctl
 UNIT96=/gfs/dk22/modoper/tempo/global/oens/pos/dataout/T126L28/Identif07P20111011002011102600.T126L28
 nvars(  14  )=  13
 nbgh(  14  )=  971
 UNIT95=/gfs/dk22/modoper/tempo/global/oens/pos/dataout/T126L28/GFGNAVN20111011002011102600M.grh.T126L28.ctl
 UNIT96=/gfs/dk22/modoper/tempo/global/oens/pos/dataout/T126L28/IdentifAVN20111011002011102600.T126L28
 nvars(  15  )=  13
 nbgh(  15  )=  971
 UNIT95=/gfs/dk22/modoper/tempo/global/oens/pos/dataout/T126L28/GFGN01P20111011002011102600M.grh.T126L28.ctl
 UNIT96=/gfs/dk22/modoper/tempo/global/oens/pos/dataout/T126L28/Identif01P20111011002011102600.T126L28
 vars(  1  ,  1  )=TOPO
 vars(  1  ,  2  )=PSLC
 vars(  1  ,  3  )=PSNM
 vars(  1  ,  4  )=PREC
 vars(  1  ,  5  )=CBNV
 vars(  1  ,  6  )=UVES
 vars(  1  ,  7  )=VVES
 vars(  1  ,  8  )=TEMS
 vars(  1  ,  9  )=UMRS
 vars(  1  ,  10  )=PNEV
 vars(  1  ,  11  )=NEVE
 vars(  1  ,  12  )=TADL
 vars(  1  ,  13  )=TP2M
 vars(  1  ,  14  )=VSUT
 UNIT95=/gfs/dk22/modoper/tempo/global/oens/pos/dataout/T126L28/GFGN02P20111011002011102600M.grh.T126L28.ctl
 UNIT96=/gfs/dk22/modoper/tempo/global/oens/pos/dataout/T126L28/Identif02P20111011002011102600.T126L28
 vars(  2  ,  1  )=TOPO
 vars(  2  ,  2  )=PSLC
 vars(  2  ,  3  )=PSNM
 vars(  2  ,  4  )=PREC
 vars(  2  ,  5  )=CBNV
 vars(  2  ,  6  )=UVES
 vars(  2  ,  7  )=VVES
 vars(  2  ,  8  )=TEMS
 vars(  2  ,  9  )=UMRS
 vars(  2  ,  10  )=PNEV
 vars(  2  ,  11  )=NEVE
 vars(  2  ,  12  )=TADL
 vars(  2  ,  13  )=TP2M
 vars(  2  ,  14  )=VSUT
 UNIT95=/gfs/dk22/modoper/tempo/global/oens/pos/dataout/T126L28/GFGN03P20111011002011102600M.grh.T126L28.ctl
 UNIT96=/gfs/dk22/modoper/tempo/global/oens/pos/dataout/T126L28/Identif03P20111011002011102600.T126L28
 vars(  3  ,  1  )=TOPO
 vars(  3  ,  2  )=PSLC
 vars(  3  ,  3  )=PSNM
 vars(  3  ,  4  )=PREC
 vars(  3  ,  5  )=CBNV
 vars(  3  ,  6  )=UVES
 vars(  3  ,  7  )=VVES
 vars(  3  ,  8  )=TEMS
 vars(  3  ,  9  )=UMRS
 vars(  3  ,  10  )=PNEV
 vars(  3  ,  11  )=NEVE
 vars(  3  ,  12  )=TADL
 vars(  3  ,  13  )=TP2M
 vars(  3  ,  14  )=VSUT
 UNIT95=/gfs/dk22/modoper/tempo/global/oens/pos/dataout/T126L28/GFGN04P20111011002011102600M.grh.T126L28.ctl
 UNIT96=/gfs/dk22/modoper/tempo/global/oens/pos/dataout/T126L28/Identif04P20111011002011102600.T126L28
 vars(  4  ,  1  )=TOPO
 vars(  4  ,  2  )=PSLC
 vars(  4  ,  3  )=PSNM
 vars(  4  ,  4  )=PREC
 vars(  4  ,  5  )=CBNV
 vars(  4  ,  6  )=UVES
 vars(  4  ,  7  )=VVES
 vars(  4  ,  8  )=TEMS
 vars(  4  ,  9  )=UMRS
 vars(  4  ,  10  )=PNEV
 vars(  4  ,  11  )=NEVE
 vars(  4  ,  12  )=TADL
 vars(  4  ,  13  )=TP2M
 vars(  4  ,  14  )=VSUT
 UNIT95=/gfs/dk22/modoper/tempo/global/oens/pos/dataout/T126L28/GFGN05P20111011002011102600M.grh.T126L28.ctl
 UNIT96=/gfs/dk22/modoper/tempo/global/oens/pos/dataout/T126L28/Identif05P20111011002011102600.T126L28
 vars(  5  ,  1  )=TOPO
 vars(  5  ,  2  )=PSLC
 vars(  5  ,  3  )=PSNM
 vars(  5  ,  4  )=PREC
 vars(  5  ,  5  )=CBNV
 vars(  5  ,  6  )=UVES
 vars(  5  ,  7  )=VVES
 vars(  5  ,  8  )=TEMS
 vars(  5  ,  9  )=UMRS
 vars(  5  ,  10  )=PNEV
 vars(  5  ,  11  )=NEVE
 vars(  5  ,  12  )=TADL
 vars(  5  ,  13  )=TP2M
 vars(  5  ,  14  )=VSUT
 UNIT95=/gfs/dk22/modoper/tempo/global/oens/pos/dataout/T126L28/GFGN06P20111011002011102600M.grh.T126L28.ctl
 UNIT96=/gfs/dk22/modoper/tempo/global/oens/pos/dataout/T126L28/Identif06P20111011002011102600.T126L28
 vars(  6  ,  1  )=TOPO
 vars(  6  ,  2  )=PSLC
 vars(  6  ,  3  )=PSNM
 vars(  6  ,  4  )=PREC
 vars(  6  ,  5  )=CBNV
 vars(  6  ,  6  )=UVES
 vars(  6  ,  7  )=VVES
 vars(  6  ,  8  )=TEMS
 vars(  6  ,  9  )=UMRS
 vars(  6  ,  10  )=PNEV
 vars(  6  ,  11  )=NEVE
 vars(  6  ,  12  )=TADL
 vars(  6  ,  13  )=TP2M
 vars(  6  ,  14  )=VSUT
 UNIT95=/gfs/dk22/modoper/tempo/global/oens/pos/dataout/T126L28/GFGN07P20111011002011102600M.grh.T126L28.ctl
 UNIT96=/gfs/dk22/modoper/tempo/global/oens/pos/dataout/T126L28/Identif07P20111011002011102600.T126L28
 vars(  7  ,  1  )=TOPO
 vars(  7  ,  2  )=PSLC
 vars(  7  ,  3  )=PSNM
 vars(  7  ,  4  )=PREC
 vars(  7  ,  5  )=CBNV
 vars(  7  ,  6  )=UVES
 vars(  7  ,  7  )=VVES
 vars(  7  ,  8  )=TEMS
 vars(  7  ,  9  )=UMRS
 vars(  7  ,  10  )=PNEV
 vars(  7  ,  11  )=NEVE
 vars(  7  ,  12  )=TADL
 vars(  7  ,  13  )=TP2M
 vars(  7  ,  14  )=VSUT
 UNIT95=/gfs/dk22/modoper/tempo/global/oens/pos/dataout/T126L28/GFGN01N20111011002011102600M.grh.T126L28.ctl
 UNIT96=/gfs/dk22/modoper/tempo/global/oens/pos/dataout/T126L28/Identif01P20111011002011102600.T126L28
 vars(  8  ,  1  )=TOPO
 vars(  8  ,  2  )=PSLC
 vars(  8  ,  3  )=PSNM
 vars(  8  ,  4  )=PREC
 vars(  8  ,  5  )=CBNV
 vars(  8  ,  6  )=UVES
 vars(  8  ,  7  )=VVES
 vars(  8  ,  8  )=TEMS
 vars(  8  ,  9  )=UMRS
 vars(  8  ,  10  )=PNEV
 vars(  8  ,  11  )=NEVE
 vars(  8  ,  12  )=TADL
 vars(  8  ,  13  )=TP2M
 vars(  8  ,  14  )=VSUT
 UNIT95=/gfs/dk22/modoper/tempo/global/oens/pos/dataout/T126L28/GFGN02N20111011002011102600M.grh.T126L28.ctl
 UNIT96=/gfs/dk22/modoper/tempo/global/oens/pos/dataout/T126L28/Identif02P20111011002011102600.T126L28
 vars(  9  ,  1  )=TOPO
 vars(  9  ,  2  )=PSLC
 vars(  9  ,  3  )=PSNM
 vars(  9  ,  4  )=PREC
 vars(  9  ,  5  )=CBNV
 vars(  9  ,  6  )=UVES
 vars(  9  ,  7  )=VVES
 vars(  9  ,  8  )=TEMS
 vars(  9  ,  9  )=UMRS
 vars(  9  ,  10  )=PNEV
 vars(  9  ,  11  )=NEVE
 vars(  9  ,  12  )=TADL
 vars(  9  ,  13  )=TP2M
 vars(  9  ,  14  )=VSUT
 UNIT95=/gfs/dk22/modoper/tempo/global/oens/pos/dataout/T126L28/GFGN03N20111011002011102600M.grh.T126L28.ctl
 UNIT96=/gfs/dk22/modoper/tempo/global/oens/pos/dataout/T126L28/Identif03P20111011002011102600.T126L28
 vars(  10  ,  1  )=TOPO
 vars(  10  ,  2  )=PSLC
 vars(  10  ,  3  )=PSNM
 vars(  10  ,  4  )=PREC
 vars(  10  ,  5  )=CBNV
 vars(  10  ,  6  )=UVES
 vars(  10  ,  7  )=VVES
 vars(  10  ,  8  )=TEMS
 vars(  10  ,  9  )=UMRS
 vars(  10  ,  10  )=PNEV
 vars(  10  ,  11  )=NEVE
 vars(  10  ,  12  )=TADL
 vars(  10  ,  13  )=TP2M
 vars(  10  ,  14  )=VSUT
 UNIT95=/gfs/dk22/modoper/tempo/global/oens/pos/dataout/T126L28/GFGN04N20111011002011102600M.grh.T126L28.ctl
 UNIT96=/gfs/dk22/modoper/tempo/global/oens/pos/dataout/T126L28/Identif04P20111011002011102600.T126L28
 vars(  11  ,  1  )=TOPO
 vars(  11  ,  2  )=PSLC
 vars(  11  ,  3  )=PSNM
 vars(  11  ,  4  )=PREC
 vars(  11  ,  5  )=CBNV
 vars(  11  ,  6  )=UVES
 vars(  11  ,  7  )=VVES
 vars(  11  ,  8  )=TEMS
 vars(  11  ,  9  )=UMRS
 vars(  11  ,  10  )=PNEV
 vars(  11  ,  11  )=NEVE
 vars(  11  ,  12  )=TADL
 vars(  11  ,  13  )=TP2M
 vars(  11  ,  14  )=VSUT
 UNIT95=/gfs/dk22/modoper/tempo/global/oens/pos/dataout/T126L28/GFGN05N20111011002011102600M.grh.T126L28.ctl
 UNIT96=/gfs/dk22/modoper/tempo/global/oens/pos/dataout/T126L28/Identif05P20111011002011102600.T126L28
 vars(  12  ,  1  )=TOPO
 vars(  12  ,  2  )=PSLC
 vars(  12  ,  3  )=PSNM
 vars(  12  ,  4  )=PREC
 vars(  12  ,  5  )=CBNV
 vars(  12  ,  6  )=UVES
 vars(  12  ,  7  )=VVES
 vars(  12  ,  8  )=TEMS
 vars(  12  ,  9  )=UMRS
 vars(  12  ,  10  )=PNEV
 vars(  12  ,  11  )=NEVE
 vars(  12  ,  12  )=TADL
 vars(  12  ,  13  )=TP2M
 vars(  12  ,  14  )=VSUT
 UNIT95=/gfs/dk22/modoper/tempo/global/oens/pos/dataout/T126L28/GFGN06N20111011002011102600M.grh.T126L28.ctl
 UNIT96=/gfs/dk22/modoper/tempo/global/oens/pos/dataout/T126L28/Identif06P20111011002011102600.T126L28
 vars(  13  ,  1  )=TOPO
 vars(  13  ,  2  )=PSLC
 vars(  13  ,  3  )=PSNM
 vars(  13  ,  4  )=PREC
 vars(  13  ,  5  )=CBNV
 vars(  13  ,  6  )=UVES
 vars(  13  ,  7  )=VVES
 vars(  13  ,  8  )=TEMS
 vars(  13  ,  9  )=UMRS
 vars(  13  ,  10  )=PNEV
 vars(  13  ,  11  )=NEVE
 vars(  13  ,  12  )=TADL
 vars(  13  ,  13  )=TP2M
 vars(  13  ,  14  )=VSUT
 UNIT95=/gfs/dk22/modoper/tempo/global/oens/pos/dataout/T126L28/GFGN07N20111011002011102600M.grh.T126L28.ctl
 UNIT96=/gfs/dk22/modoper/tempo/global/oens/pos/dataout/T126L28/Identif07P20111011002011102600.T126L28
 vars(  14  ,  1  )=TOPO
 vars(  14  ,  2  )=PSLC
 vars(  14  ,  3  )=PSNM
 vars(  14  ,  4  )=PREC
 vars(  14  ,  5  )=CBNV
 vars(  14  ,  6  )=UVES
 vars(  14  ,  7  )=VVES
 vars(  14  ,  8  )=TEMS
 vars(  14  ,  9  )=UMRS
 vars(  14  ,  10  )=PNEV
 vars(  14  ,  11  )=NEVE
 vars(  14  ,  12  )=TADL
 vars(  14  ,  13  )=TP2M
 vars(  14  ,  14  )=VSUT
 UNIT95=/gfs/dk22/modoper/tempo/global/oens/pos/dataout/T126L28/GFGNAVN20111011002011102600M.grh.T126L28.ctl
 UNIT96=/gfs/dk22/modoper/tempo/global/oens/pos/dataout/T126L28/IdentifAVN20111011002011102600.T126L28
 vars(  15  ,  1  )=TOPO
 vars(  15  ,  2  )=PSLC
 vars(  15  ,  3  )=PSNM
 vars(  15  ,  4  )=PREC
 vars(  15  ,  5  )=CBNV
 vars(  15  ,  6  )=UVES
 vars(  15  ,  7  )=VVES
 vars(  15  ,  8  )=TEMS
 vars(  15  ,  9  )=UMRS
 vars(  15  ,  10  )=PNEV
 vars(  15  ,  11  )=NEVE
 vars(  15  ,  12  )=TADL
 vars(  15  ,  13  )=TP2M
 vars(  15  ,  14  )=VSUT
 UNIT97=/gfs/dk22/modoper/tempo/global/oens/pos/dataout/T126L28/Localiz01P20111011002011102600.T126L28

Records of each field at each ensemble member:
Member TOPO  PSLC  PSNM  PREC  CBNV  UVES  VVES  TEMS  UMRS  PNEV  NEVE  TADL  TP2M  VSUT 
     1   1     2     3     4     5     6     7     8     9    10    11    12    13    14
     2   1     2     3     4     5     6     7     8     9    10    11    12    13    14
     3   1     2     3     4     5     6     7     8     9    10    11    12    13    14
     4   1     2     3     4     5     6     7     8     9    10    11    12    13    14
     5   1     2     3     4     5     6     7     8     9    10    11    12    13    14
     6   1     2     3     4     5     6     7     8     9    10    11    12    13    14
     7   1     2     3     4     5     6     7     8     9    10    11    12    13    14
     8   1     2     3     4     5     6     7     8     9    10    11    12    13    14
     9   1     2     3     4     5     6     7     8     9    10    11    12    13    14
    10   1     2     3     4     5     6     7     8     9    10    11    12    13    14
    11   1     2     3     4     5     6     7     8     9    10    11    12    13    14
    12   1     2     3     4     5     6     7     8     9    10    11    12    13    14
    13   1     2     3     4     5     6     7     8     9    10    11    12    13    14
    14   1     2     3     4     5     6     7     8     9    10    11    12    13    14
    15   1     2     3     4     5     6     7     8     9    10    11    12    13    14
  
 lstoutctl(  1  )=TOPO20111011002011102600.T126L28.ctl
 lstoutgrb(  1  )=TOPO20111011002011102600.T126L28.bin
 lstoutctl(  2  )=PSLC20111011002011102600.T126L28.ctl
 lstoutgrb(  2  )=PSLC20111011002011102600.T126L28.bin
 lstoutctl(  3  )=PSNM20111011002011102600.T126L28.ctl
 lstoutgrb(  3  )=PSNM20111011002011102600.T126L28.bin
 lstoutctl(  4  )=PREC20111011002011102600.T126L28.ctl
 lstoutgrb(  4  )=PREC20111011002011102600.T126L28.bin
 lstoutctl(  5  )=CBNV20111011002011102600.T126L28.ctl
 lstoutgrb(  5  )=CBNV20111011002011102600.T126L28.bin
 lstoutctl(  6  )=UVES20111011002011102600.T126L28.ctl
 lstoutgrb(  6  )=UVES20111011002011102600.T126L28.bin
 lstoutctl(  7  )=VVES20111011002011102600.T126L28.ctl
 lstoutgrb(  7  )=VVES20111011002011102600.T126L28.bin
 lstoutctl(  8  )=TEMS20111011002011102600.T126L28.ctl
 lstoutgrb(  8  )=TEMS20111011002011102600.T126L28.bin
 lstoutctl(  9  )=UMRS20111011002011102600.T126L28.ctl
 lstoutgrb(  9  )=UMRS20111011002011102600.T126L28.bin
 lstoutctl(  10  )=PNEV20111011002011102600.T126L28.ctl
 lstoutgrb(  10  )=PNEV20111011002011102600.T126L28.bin
 lstoutctl(  11  )=NEVE20111011002011102600.T126L28.ctl
 lstoutgrb(  11  )=NEVE20111011002011102600.T126L28.bin
 lstoutctl(  12  )=TADL20111011002011102600.T126L28.ctl
 lstoutgrb(  12  )=TADL20111011002011102600.T126L28.bin
 lstoutctl(  13  )=TP2M20111011002011102600.T126L28.ctl
 lstoutgrb(  13  )=TP2M20111011002011102600.T126L28.bin
 lstoutctl(  14  )=VSUT20111011002011102600.T126L28.ctl
 lstoutgrb(  14  )=VSUT20111011002011102600.T126L28.bin
 lstoutctl(  15  )=CONT20111011002011102600.T126L28.ctl
 lstoutgrb(  15  )=CONT20111011002011102600.T126L28.bin
 lstoutloc=LOCMM20111011002011102600.T126L28
 lstoutlst=PLUMES20111011002011102600.T126L28.lst
 FILE90: /gfs/dk22/modoper/tempo/global/oens/pos/dataout/T126L28/GFGN01P20111011002011102600M.grh.T126L28
 FILE90: /gfs/dk22/modoper/tempo/global/oens/pos/dataout/T126L28/GFGN02P20111011002011102600M.grh.T126L28
 FILE90: /gfs/dk22/modoper/tempo/global/oens/pos/dataout/T126L28/GFGN03P20111011002011102600M.grh.T126L28
 FILE90: /gfs/dk22/modoper/tempo/global/oens/pos/dataout/T126L28/GFGN04P20111011002011102600M.grh.T126L28
 FILE90: /gfs/dk22/modoper/tempo/global/oens/pos/dataout/T126L28/GFGN05P20111011002011102600M.grh.T126L28
 FILE90: /gfs/dk22/modoper/tempo/global/oens/pos/dataout/T126L28/GFGN06P20111011002011102600M.grh.T126L28
 FILE90: /gfs/dk22/modoper/tempo/global/oens/pos/dataout/T126L28/GFGN07P20111011002011102600M.grh.T126L28
 FILE90: /gfs/dk22/modoper/tempo/global/oens/pos/dataout/T126L28/GFGN01N20111011002011102600M.grh.T126L28
 FILE90: /gfs/dk22/modoper/tempo/global/oens/pos/dataout/T126L28/GFGN02N20111011002011102600M.grh.T126L28
 FILE90: /gfs/dk22/modoper/tempo/global/oens/pos/dataout/T126L28/GFGN03N20111011002011102600M.grh.T126L28
 FILE90: /gfs/dk22/modoper/tempo/global/oens/pos/dataout/T126L28/GFGN04N20111011002011102600M.grh.T126L28
 FILE90: /gfs/dk22/modoper/tempo/global/oens/pos/dataout/T126L28/GFGN05N20111011002011102600M.grh.T126L28
 FILE90: /gfs/dk22/modoper/tempo/global/oens/pos/dataout/T126L28/GFGN06N20111011002011102600M.grh.T126L28
 FILE90: /gfs/dk22/modoper/tempo/global/oens/pos/dataout/T126L28/GFGN07N20111011002011102600M.grh.T126L28
 FILE90: /gfs/dk22/modoper/tempo/global/oens/pos/dataout/T126L28/GFGNAVN20111011002011102600M.grh.T126L28
 unit105: /gfs/dk22/modoper/tempo/global/oens/plumes/dataout/T126L28/PLUMES20111011002011102600.T126L28.lst
 unit90: /gfs/dk22/modoper/tempo/global/oens/plumes/dataout/T126L28/TOPO20111011002011102600.T126L28.bin
 unit95: /gfs/dk22/modoper/tempo/global/oens/plumes/dataout/T126L28/TOPO20111011002011102600.T126L28.ctl
 fldmax_var(  2  )=  1037.692  fldmin_var(  2  )=  655.4081  intprobvar=  3  nintprob=  128
 unit90: /gfs/dk22/modoper/tempo/global/oens/plumes/dataout/T126L28/PSLC20111011002011102600.T126L28.bin
 unit95: /gfs/dk22/modoper/tempo/global/oens/plumes/dataout/T126L28/PSLC20111011002011102600.T126L28.ctl
 fldmax_var(  3  )=  1041.753  fldmin_var(  3  )=  960.2089  intprobvar=  3  nintprob=  28
 unit90: /gfs/dk22/modoper/tempo/global/oens/plumes/dataout/T126L28/PSNM20111011002011102600.T126L28.bin
 unit95: /gfs/dk22/modoper/tempo/global/oens/plumes/dataout/T126L28/PSNM20111011002011102600.T126L28.ctl
 unit90: /gfs/dk22/modoper/tempo/global/oens/plumes/dataout/T126L28/PREC20111011002011102600.T126L28.bin
 unit95: /gfs/dk22/modoper/tempo/global/oens/plumes/dataout/T126L28/PREC20111011002011102600.T126L28.ctl
 fldmax_var(  5  )=  100.0000  fldmin_var(  5  )=  0.000000E+00  intprobvar=  3  nintprob=  34
 unit90: /gfs/dk22/modoper/tempo/global/oens/plumes/dataout/T126L28/CBNV20111011002011102600.T126L28.bin
 unit95: /gfs/dk22/modoper/tempo/global/oens/plumes/dataout/T126L28/CBNV20111011002011102600.T126L28.ctl
 fldmax_var(  6  )=  23.99994  fldmin_var(  6  )=  -21.55191  intprobvar=  2  nintprob=  23
 unit90: /gfs/dk22/modoper/tempo/global/oens/plumes/dataout/T126L28/UVES20111011002011102600.T126L28.bin
 unit95: /gfs/dk22/modoper/tempo/global/oens/plumes/dataout/T126L28/UVES20111011002011102600.T126L28.ctl
 fldmax_var(  7  )=  19.09472  fldmin_var(  7  )=  -20.25537  intprobvar=  2  nintprob=  21
 unit90: /gfs/dk22/modoper/tempo/global/oens/plumes/dataout/T126L28/VVES20111011002011102600.T126L28.bin
 unit95: /gfs/dk22/modoper/tempo/global/oens/plumes/dataout/T126L28/VVES20111011002011102600.T126L28.ctl
 fldmax_var(  8  )=  41.82957  fldmin_var(  8  )=  -9.140488  intprobvar=  1  nintprob=  52
 unit90: /gfs/dk22/modoper/tempo/global/oens/plumes/dataout/T126L28/TEMS20111011002011102600.T126L28.bin
 unit95: /gfs/dk22/modoper/tempo/global/oens/plumes/dataout/T126L28/TEMS20111011002011102600.T126L28.ctl
 fldmax_var(  9  )=  100.0000  fldmin_var(  9  )=  2.643440  intprobvar=  3  nintprob=  33
 unit90: /gfs/dk22/modoper/tempo/global/oens/plumes/dataout/T126L28/UMRS20111011002011102600.T126L28.bin
 unit95: /gfs/dk22/modoper/tempo/global/oens/plumes/dataout/T126L28/UMRS20111011002011102600.T126L28.ctl
 unit90: /gfs/dk22/modoper/tempo/global/oens/plumes/dataout/T126L28/PNEV20111011002011102600.T126L28.bin
 unit95: /gfs/dk22/modoper/tempo/global/oens/plumes/dataout/T126L28/PNEV20111011002011102600.T126L28.ctl
 unit90: /gfs/dk22/modoper/tempo/global/oens/plumes/dataout/T126L28/NEVE20111011002011102600.T126L28.bin
 unit95: /gfs/dk22/modoper/tempo/global/oens/plumes/dataout/T126L28/NEVE20111011002011102600.T126L28.ctl
 fldmax_var(  12  )=  59.10888  fldmin_var(  12  )=  -13.57145  intprobvar=  1  nintprob=  74
 unit90: /gfs/dk22/modoper/tempo/global/oens/plumes/dataout/T126L28/TADL20111011002011102600.T126L28.bin
 unit95: /gfs/dk22/modoper/tempo/global/oens/plumes/dataout/T126L28/TADL20111011002011102600.T126L28.ctl
 unit90: /gfs/dk22/modoper/tempo/global/oens/plumes/dataout/T126L28/TP2M20111011002011102600.T126L28.bin
 unit95: /gfs/dk22/modoper/tempo/global/oens/plumes/dataout/T126L28/TP2M20111011002011102600.T126L28.ctl
 fldmax_var(  14  )=  25.47245  fldmin_var(  14  )=  4.977983E-04  intprobvar=  2  nintprob=  13
 unit90: /gfs/dk22/modoper/tempo/global/oens/plumes/dataout/T126L28/VSUT20111011002011102600.T126L28.bin
 unit95: /gfs/dk22/modoper/tempo/global/oens/plumes/dataout/T126L28/VSUT20111011002011102600.T126L28.ctl
 unit90: /gfs/dk22/modoper/tempo/global/oens/plumes/dataout/T126L28/CONT20111011002011102600.T126L28.bin
 unit95: /gfs/dk22/modoper/tempo/global/oens/plumes/dataout/T126L28/CONT20111011002011102600.T126L28.ctl
 unit95: /gfs/dk22/modoper/tempo/global/oens/plumes/dataout/T126L28/LOCMM20111011002011102600.T126L28
 
 
     ******  Program Information  ******
  Real Time (sec)       :         57.467573
  User Time (sec)       :         36.258098
  Sys  Time (sec)       :          1.953265
  Vector Time (sec)     :         31.580263
  Inst. Count           :        5668436663.
  V. Inst. Count        :        1229953195.
  V. Element Count      :      103965410467.
  FLOP Count            :       17959127563.
  MOPS                  :       2989.784320
  MFLOPS                :        495.313554
  VLEN                  :         84.527940
  V. Op. Ratio (%)      :         95.905605
  Memory Size (MB)      :        336.031250
  MIPS                  :        156.335741
  I-Cache (sec)         :          0.106013
  O-Cache (sec)         :          0.409829
  Bank (sec)            :          2.246484
 
  Start Time (date)  :  2011/10/11 07:23:24
  End   Time (date)  :  2011/10/11 07:24:21

real	0m57.62s
user	0m36.26s
sys	0m2.01s
logout
