Warning: no access to tty (Bad file descriptor).
Thus no job control in this shell.
vt100
======================================
Welcome to tupay: Linux 2.4.18-nec3.3.060 ia64
Today is Mon Oct 10 19:29:19 GST 2011
======================================
sx6
PNT-EN
2011101019:29:19

/gfs/home3/modoper/tempo/global/oens
/gfs/home3/modoper/tempo/global/oens
/gfs/dk22/modoper/tempo/global/oens
week mean prec probability  -- Run script ...
week mean prec probability  -- SUBMITTED TO NQS QUEUE ...
qsub -q PNT-EN /gfs/home3/modoper/tempo/global/oens/run/setprobagrT126L28.sx6


Script: /gfs/home3/modoper/tempo/global/oens/run/setprobagrT126L28.sx6
Fila: PNT-EN
Rodando Sem Label(SMS)...
Rodando Sem Medidor(SMS)...


Stdout = /gfs/home3/modoper/tempo/global/oens/run/setout/setprobagrT126L28.sx6.2011101019:29:19.

+--------------------------------------------+
Job       Status       Elapse        User Time
                         
+--------------------------------------------+

+--------------------------------------------+
Job       Status       Elapse        User Time
setproba  RUN          39             19.62
+--------------------------------------------+
2814.siox.cptec setproba modoper PNT-EN 0 RUN - 30.30M 19.62 39 Y Y 1
/gfs/dk22/modoper/tempo/global/oens/probagr/gif has already been created
nblst=3
T126L28 T126 2011101012 3 05 4 /gfs/dk22/modoper/tempo/global/oens/probagr/dataout/T126L28 /gfs/dk22/modoper/tempo/global/oens/probagr/gif

Grid Analysis and Display System (GrADS) Version 1.8SL11
Copyright (c) 1988-2001 by Brian Doty 
Center for Ocean-Land-Atmosphere Studies
Institute for Global Environment and Society 
All Rights Reserved

Config: v1.8SL11 32-bit little-endian readline printim

Issue 'q config' command for more information.

GX Package Initialization: Size = 11 8.5 
Running in Batch mode
ga-> run plot_precprob_agric.gs
Enter with: resol trc labeli nblst ndacc noutpday dirbct dirfig
resol   : T126L28
trc     : T126
labeli  : 2011101012
nblst   : 3
ndacc   : 05
noutpday: 4
dirbct  : /gfs/dk22/modoper/tempo/global/oens/probagr/dataout/T126L28
dirfig  : /gfs/dk22/modoper/tempo/global/oens/probagr/gif
flist=filefct2011101012.T126
No hardcopy metafile open
All files closed; all defined objects released
All GrADS attributes have been reinitialized
open /gfs/dk22/modoper/tempo/global/oens/probagr/dataout/T126L28/wmaprecprob20111010122011101512.T126L28.ctl
set t -19 1
Time = 12Z10OCT2011 to 12Z15OCT2011  Mon to Sat

labelii= 12Z10OCT2011
labelff= 12Z15OCT2011
No hardcopy metafile open
All files closed; all defined objects released
All GrADS attributes have been reinitialized
open /gfs/dk22/modoper/tempo/global/oens/probagr/dataout/T126L28/wmaprecprob20111010122011102012.T126L28.ctl
set t -19 1
Time = 12Z15OCT2011 to 12Z20OCT2011  Sat to Thu

labelii= 12Z15OCT2011
labelff= 12Z20OCT2011
No hardcopy metafile open
All files closed; all defined objects released
All GrADS attributes have been reinitialized
open /gfs/dk22/modoper/tempo/global/oens/probagr/dataout/T126L28/wmaprecprob20111010122011102512.T126L28.ctl
set t -19 1
Time = 12Z20OCT2011 to 12Z25OCT2011  Thu to Tue

labelii= 12Z20OCT2011
labelff= 12Z25OCT2011
No hardcopy metafile open
GX package terminated 
LABELI=2011101012
LABELF=2011102512
sx6
Expressa
2011101019:30:41
out
/gfs/home3/modoper/tempo/global/oens
/gfs/home3/modoper/tempo/global/oens
/gfs/dk22/modoper/tempo/global/oens
weekly prec probability  -- Run script ...
weekly prec probability  -- SUBMITTED TO NQS QUEUE ...
qsub -q Expressa /gfs/home3/modoper/tempo/global/oens/run/setprobweekT126L28.sx6


Script: /gfs/home3/modoper/tempo/global/oens/run/setprobweekT126L28.sx6
Fila: Expressa
SmsLabel: Info
Rodando Sem Medidor(SMS)...


Stdout = /gfs/home3/modoper/tempo/global/oens/run/setout/setprobweekT126L28.sx6.2011101019:30:41.out

+--------------------------------------------+
Job       Status       Elapse        User Time
                         
+--------------------------------------------+

+--------------------------------------------+
Job       Status       Elapse        User Time
setprobw  RUN          15             7.06
+--------------------------------------------+
2821.siox.cptec setprobw modoper Expressa 0 RUN - 30.17M 7.06 15 Y Y 1
