stty: : Invalid argument
vt100
resize:  can't open terminal /dev/tty
======================================
Welcome to tupan00: SUPER-UX 14.1 SX-6
Today is Tue Oct 11 16:56:55 GMT 2011
======================================
runperreco1.sx6 126 28 03 2011101112 15 NO 07 
sx6
2011101116:56
out
/gfs/home3/modoper/tempo/global/oens
/gfs/home3/modoper/tempo/global/oens
/gfs/dk22/modoper/tempo/global/oens
/gfs/dk22/modoper/tempo/global/oens/model/datain
/gfs/home3/modoper/tempo/global/oens/run/setperreco.1.03T126L28.sx6
Date: 20111011
Hour: 16:56
2011101112


rm: ERROR: Cannot access templ032011101112: No such file or directory
-rw-r--r--    1 modoper  pnt             200 Oct 11 16:56 /gfs/home3/modoper/tempo/global/oens/eof/datain/templ032011101112
ls: ERROR: Cannot access /gfs/dk22/modoper/tempo/global/oens/recfct/dataout/T126L28/GFCT03R2011101112*.fct*: No such file or directory
sx6
PNT-EN
11101116:56
out
/gfs/home3/modoper/tempo/global/oens
/gfs/home3/modoper/tempo/global/oens
/gfs/dk22/modoper/tempo/global/oens
/gfs/dk22/modoper/tempo/global/oens/model/datain
/gfs/home3/modoper/tempo/global/oens/run/setrecfct.1.FCT03RT126L28.sx6
Date: 20111011
Hour: 16:56
FCT03R
2011101112
2011101115
GFCT03R
GFCT03R
GFCT03R
F.fct
F.fct
R.fct
/gfs/home3/modoper/tempo/global/oens
/gfs/home3/modoper/tempo/global/oens
/gfs/dk22/modoper/tempo/global/oens
/gfs/dk22/modoper/tempo/global/oens/model/datain
run
run
GFCT03R20111011122011101115F.fct.T126L28
/gfs/home3/modoper/tempo/global/oens/recfct/datain/GFCT03R20111011122011101115F.fct.T126L28
+ echo Recomposition  -x-  RUNNING ...
Recomposition  -x-  RUNNING ...
+ source=/gfs/home3/modoper/tempo/global/oens/recfct/source
+ bin=/gfs/home3/modoper/tempo/global/oens/recfct/bin/T126L28
+ input=/gfs/home3/modoper/tempo/global/oens/recfct/datain
+ out=/gfs/home3/modoper/tempo/global/oens/recfct/output
+ echo run
run
+ [ run = make ]
+ echo run
run
+ [ run = clean ]
+ cd /gfs/home3/modoper/tempo/global/oens/recfct/bin/T126L28
+ echo ./recfct.T126L28 < /gfs/home3/modoper/tempo/global/oens/recfct/datain/recfctFCT03R.nml > /gfs/home3/modoper/tempo/global/oens/recfct/output/recfct.out.2011101112.16:56.T126L28
./recfct.T126L28 < /gfs/home3/modoper/tempo/global/oens/recfct/datain/recfctFCT03R.nml > /gfs/home3/modoper/tempo/global/oens/recfct/output/recfct.out.2011101112.16:56.T126L28
+ ./recfct.T126L28
+ 0< /gfs/home3/modoper/tempo/global/oens/recfct/datain/recfctFCT03R.nml 1> /gfs/home3/modoper/tempo/global/oens/recfct/output/recfct.out.2011101112.16:56.T126L28
 
 
     ******  Program Information  ******
  Real Time (sec)       :          5.954768
  User Time (sec)       :          4.121794
  Sys  Time (sec)       :          0.062463
  Vector Time (sec)     :          0.342014
  Inst. Count           :        1596986141.
  V. Inst. Count        :          16052480.
  V. Element Count      :        1289251883.
  FLOP Count            :         534710007.
  MOPS                  :        696.343808
  MFLOPS                :        129.727502
  VLEN                  :         80.314810
  V. Op. Ratio (%)      :         44.918764
  Memory Size (MB)      :        192.031250
  MIPS                  :        387.449310
  I-Cache (sec)         :          0.001223
  O-Cache (sec)         :          0.865429
  Bank (sec)            :          0.001191
 
  Start Time (date)  :  2011/10/11 16:56:58
  End   Time (date)  :  2011/10/11 16:57:04
-rw-r--r--    1 modoper  pnt             400 Oct 11 16:57 /gfs/home3/modoper/tempo/global/oens/eof/datain/templ032011101112
sx6
PNT-EN
11101116:57
out
/gfs/home3/modoper/tempo/global/oens
/gfs/home3/modoper/tempo/global/oens
/gfs/dk22/modoper/tempo/global/oens
/gfs/dk22/modoper/tempo/global/oens/model/datain
/gfs/home3/modoper/tempo/global/oens/run/setrecfct.1.FCT03RT126L28.sx6
Date: 20111011
Hour: 16:57
FCT03R
2011101112
2011101118
GFCT03R
GFCT03R
GFCT03R
F.fct
F.fct
R.fct
/gfs/home3/modoper/tempo/global/oens
/gfs/home3/modoper/tempo/global/oens
/gfs/dk22/modoper/tempo/global/oens
/gfs/dk22/modoper/tempo/global/oens/model/datain
run
run
GFCT03R20111011122011101118F.fct.T126L28
/gfs/home3/modoper/tempo/global/oens/recfct/datain/GFCT03R20111011122011101118F.fct.T126L28
+ echo Recomposition  -x-  RUNNING ...
Recomposition  -x-  RUNNING ...
+ source=/gfs/home3/modoper/tempo/global/oens/recfct/source
+ bin=/gfs/home3/modoper/tempo/global/oens/recfct/bin/T126L28
+ input=/gfs/home3/modoper/tempo/global/oens/recfct/datain
+ out=/gfs/home3/modoper/tempo/global/oens/recfct/output
+ echo run
run
+ [ run = make ]
+ echo run
run
+ [ run = clean ]
+ cd /gfs/home3/modoper/tempo/global/oens/recfct/bin/T126L28
+ echo ./recfct.T126L28 < /gfs/home3/modoper/tempo/global/oens/recfct/datain/recfctFCT03R.nml > /gfs/home3/modoper/tempo/global/oens/recfct/output/recfct.out.2011101112.16:57.T126L28
./recfct.T126L28 < /gfs/home3/modoper/tempo/global/oens/recfct/datain/recfctFCT03R.nml > /gfs/home3/modoper/tempo/global/oens/recfct/output/recfct.out.2011101112.16:57.T126L28
+ ./recfct.T126L28
+ 0< /gfs/home3/modoper/tempo/global/oens/recfct/datain/recfctFCT03R.nml 1> /gfs/home3/modoper/tempo/global/oens/recfct/output/recfct.out.2011101112.16:57.T126L28
 
 
     ******  Program Information  ******
  Real Time (sec)       :          8.122848
  User Time (sec)       :          4.129865
  Sys  Time (sec)       :          0.071182
  Vector Time (sec)     :          0.344459
  Inst. Count           :        1596986141.
  V. Inst. Count        :          16052480.
  V. Element Count      :        1289251883.
  FLOP Count            :         534710007.
  MOPS                  :        694.982934
  MFLOPS                :        129.473974
  VLEN                  :         80.314810
  V. Op. Ratio (%)      :         44.918764
  Memory Size (MB)      :        192.031250
  MIPS                  :        386.692113
  I-Cache (sec)         :          0.001523
  O-Cache (sec)         :          0.871053
  Bank (sec)            :          0.001190
 
  Start Time (date)  :  2011/10/11 16:57:05
  End   Time (date)  :  2011/10/11 16:57:13
-rw-r--r--    1 modoper  pnt             600 Oct 11 16:57 /gfs/home3/modoper/tempo/global/oens/eof/datain/templ032011101112
sx6
PNT-EN
11101116:57
out
/gfs/home3/modoper/tempo/global/oens
/gfs/home3/modoper/tempo/global/oens
/gfs/dk22/modoper/tempo/global/oens
/gfs/dk22/modoper/tempo/global/oens/model/datain
/gfs/home3/modoper/tempo/global/oens/run/setrecfct.1.FCT03RT126L28.sx6
Date: 20111011
Hour: 16:57
FCT03R
2011101112
2011101121
GFCT03R
GFCT03R
GFCT03R
F.fct
F.fct
R.fct
/gfs/home3/modoper/tempo/global/oens
/gfs/home3/modoper/tempo/global/oens
/gfs/dk22/modoper/tempo/global/oens
/gfs/dk22/modoper/tempo/global/oens/model/datain
run
run
GFCT03R20111011122011101121F.fct.T126L28
/gfs/home3/modoper/tempo/global/oens/recfct/datain/GFCT03R20111011122011101121F.fct.T126L28
+ echo Recomposition  -x-  RUNNING ...
Recomposition  -x-  RUNNING ...
+ source=/gfs/home3/modoper/tempo/global/oens/recfct/source
+ bin=/gfs/home3/modoper/tempo/global/oens/recfct/bin/T126L28
+ input=/gfs/home3/modoper/tempo/global/oens/recfct/datain
+ out=/gfs/home3/modoper/tempo/global/oens/recfct/output
+ echo run
run
+ [ run = make ]
+ echo run
run
+ [ run = clean ]
+ cd /gfs/home3/modoper/tempo/global/oens/recfct/bin/T126L28
+ echo ./recfct.T126L28 < /gfs/home3/modoper/tempo/global/oens/recfct/datain/recfctFCT03R.nml > /gfs/home3/modoper/tempo/global/oens/recfct/output/recfct.out.2011101112.16:57.T126L28
./recfct.T126L28 < /gfs/home3/modoper/tempo/global/oens/recfct/datain/recfctFCT03R.nml > /gfs/home3/modoper/tempo/global/oens/recfct/output/recfct.out.2011101112.16:57.T126L28
+ ./recfct.T126L28
+ 0< /gfs/home3/modoper/tempo/global/oens/recfct/datain/recfctFCT03R.nml 1> /gfs/home3/modoper/tempo/global/oens/recfct/output/recfct.out.2011101112.16:57.T126L28
 
 
     ******  Program Information  ******
  Real Time (sec)       :          5.850395
  User Time (sec)       :          4.128740
  Sys  Time (sec)       :          0.062618
  Vector Time (sec)     :          0.344416
  Inst. Count           :        1596986141.
  V. Inst. Count        :          16052480.
  V. Element Count      :        1289251883.
  FLOP Count            :         534710007.
  MOPS                  :        695.172201
  MFLOPS                :        129.509234
  VLEN                  :         80.314810
  V. Op. Ratio (%)      :         44.918764
  Memory Size (MB)      :        192.031250
  MIPS                  :        386.797423
  I-Cache (sec)         :          0.000877
  O-Cache (sec)         :          0.870068
  Bank (sec)            :          0.001190
 
  Start Time (date)  :  2011/10/11 16:57:14
  End   Time (date)  :  2011/10/11 16:57:20
-rw-r--r--    1 modoper  pnt             800 Oct 11 16:57 /gfs/home3/modoper/tempo/global/oens/eof/datain/templ032011101112
sx6
PNT-EN
11101116:57
out
/gfs/home3/modoper/tempo/global/oens
/gfs/home3/modoper/tempo/global/oens
/gfs/dk22/modoper/tempo/global/oens
/gfs/dk22/modoper/tempo/global/oens/model/datain
/gfs/home3/modoper/tempo/global/oens/run/setrecfct.1.FCT03RT126L28.sx6
Date: 20111011
Hour: 16:57
FCT03R
2011101112
2011101200
GFCT03R
GFCT03R
GFCT03R
F.fct
F.fct
R.fct
/gfs/home3/modoper/tempo/global/oens
/gfs/home3/modoper/tempo/global/oens
/gfs/dk22/modoper/tempo/global/oens
/gfs/dk22/modoper/tempo/global/oens/model/datain
run
run
GFCT03R20111011122011101200F.fct.T126L28
/gfs/home3/modoper/tempo/global/oens/recfct/datain/GFCT03R20111011122011101200F.fct.T126L28
+ echo Recomposition  -x-  RUNNING ...
Recomposition  -x-  RUNNING ...
+ source=/gfs/home3/modoper/tempo/global/oens/recfct/source
+ bin=/gfs/home3/modoper/tempo/global/oens/recfct/bin/T126L28
+ input=/gfs/home3/modoper/tempo/global/oens/recfct/datain
+ out=/gfs/home3/modoper/tempo/global/oens/recfct/output
+ echo run
run
+ [ run = make ]
+ echo run
run
+ [ run = clean ]
+ cd /gfs/home3/modoper/tempo/global/oens/recfct/bin/T126L28
+ echo ./recfct.T126L28 < /gfs/home3/modoper/tempo/global/oens/recfct/datain/recfctFCT03R.nml > /gfs/home3/modoper/tempo/global/oens/recfct/output/recfct.out.2011101112.16:57.T126L28
./recfct.T126L28 < /gfs/home3/modoper/tempo/global/oens/recfct/datain/recfctFCT03R.nml > /gfs/home3/modoper/tempo/global/oens/recfct/output/recfct.out.2011101112.16:57.T126L28
+ ./recfct.T126L28
+ 0< /gfs/home3/modoper/tempo/global/oens/recfct/datain/recfctFCT03R.nml 1> /gfs/home3/modoper/tempo/global/oens/recfct/output/recfct.out.2011101112.16:57.T126L28
 
 
     ******  Program Information  ******
  Real Time (sec)       :          5.679160
  User Time (sec)       :          4.131314
  Sys  Time (sec)       :          0.091311
  Vector Time (sec)     :          0.344185
  Inst. Count           :        1596986110.
  V. Inst. Count        :          16052480.
  V. Element Count      :        1289251883.
  FLOP Count            :         534710006.
  MOPS                  :        694.739213
  MFLOPS                :        129.428571
  VLEN                  :         80.314810
  V. Op. Ratio (%)      :         44.918765
  Memory Size (MB)      :        192.031250
  MIPS                  :        386.556502
  I-Cache (sec)         :          0.003418
  O-Cache (sec)         :          0.872715
  Bank (sec)            :          0.001191
 
  Start Time (date)  :  2011/10/11 16:57:21
  End   Time (date)  :  2011/10/11 16:57:27
-rw-r--r--    1 modoper  pnt            1000 Oct 11 16:57 /gfs/home3/modoper/tempo/global/oens/eof/datain/templ032011101112
sx6
PNT-EN
11101116:57
out
/gfs/home3/modoper/tempo/global/oens
/gfs/home3/modoper/tempo/global/oens
/gfs/dk22/modoper/tempo/global/oens
/gfs/dk22/modoper/tempo/global/oens/model/datain
/gfs/home3/modoper/tempo/global/oens/run/setrecfct.1.FCT03RT126L28.sx6
Date: 20111011
Hour: 16:57
FCT03R
2011101112
2011101203
GFCT03R
GFCT03R
GFCT03R
F.fct
F.fct
R.fct
/gfs/home3/modoper/tempo/global/oens
/gfs/home3/modoper/tempo/global/oens
/gfs/dk22/modoper/tempo/global/oens
/gfs/dk22/modoper/tempo/global/oens/model/datain
run
run
GFCT03R20111011122011101203F.fct.T126L28
/gfs/home3/modoper/tempo/global/oens/recfct/datain/GFCT03R20111011122011101203F.fct.T126L28
+ echo Recomposition  -x-  RUNNING ...
Recomposition  -x-  RUNNING ...
+ source=/gfs/home3/modoper/tempo/global/oens/recfct/source
+ bin=/gfs/home3/modoper/tempo/global/oens/recfct/bin/T126L28
+ input=/gfs/home3/modoper/tempo/global/oens/recfct/datain
+ out=/gfs/home3/modoper/tempo/global/oens/recfct/output
+ echo run
run
+ [ run = make ]
+ echo run
run
+ [ run = clean ]
+ cd /gfs/home3/modoper/tempo/global/oens/recfct/bin/T126L28
+ echo ./recfct.T126L28 < /gfs/home3/modoper/tempo/global/oens/recfct/datain/recfctFCT03R.nml > /gfs/home3/modoper/tempo/global/oens/recfct/output/recfct.out.2011101112.16:57.T126L28
./recfct.T126L28 < /gfs/home3/modoper/tempo/global/oens/recfct/datain/recfctFCT03R.nml > /gfs/home3/modoper/tempo/global/oens/recfct/output/recfct.out.2011101112.16:57.T126L28
+ ./recfct.T126L28
+ 0< /gfs/home3/modoper/tempo/global/oens/recfct/datain/recfctFCT03R.nml 1> /gfs/home3/modoper/tempo/global/oens/recfct/output/recfct.out.2011101112.16:57.T126L28
 
 
     ******  Program Information  ******
  Real Time (sec)       :          8.920086
  User Time (sec)       :          4.128417
  Sys  Time (sec)       :          0.063141
  Vector Time (sec)     :          0.344404
  Inst. Count           :        1596986110.
  V. Inst. Count        :          16052480.
  V. Element Count      :        1289251883.
  FLOP Count            :         534710006.
  MOPS                  :        695.226671
  MFLOPS                :        129.519383
  VLEN                  :         80.314810
  V. Op. Ratio (%)      :         44.918765
  Memory Size (MB)      :        192.031250
  MIPS                  :        386.827727
  I-Cache (sec)         :          0.000799
  O-Cache (sec)         :          0.869940
  Bank (sec)            :          0.001191
 
  Start Time (date)  :  2011/10/11 16:57:28
  End   Time (date)  :  2011/10/11 16:57:37
-rw-r--r--    1 modoper  pnt            1200 Oct 11 16:57 /gfs/home3/modoper/tempo/global/oens/eof/datain/templ032011101112
sx6
PNT-EN
11101116:57
out
/gfs/home3/modoper/tempo/global/oens
/gfs/home3/modoper/tempo/global/oens
/gfs/dk22/modoper/tempo/global/oens
/gfs/dk22/modoper/tempo/global/oens/model/datain
/gfs/home3/modoper/tempo/global/oens/run/setrecfct.1.FCT03RT126L28.sx6
Date: 20111011
Hour: 16:57
FCT03R
2011101112
2011101206
GFCT03R
GFCT03R
GFCT03R
F.fct
F.fct
R.fct
/gfs/home3/modoper/tempo/global/oens
/gfs/home3/modoper/tempo/global/oens
/gfs/dk22/modoper/tempo/global/oens
/gfs/dk22/modoper/tempo/global/oens/model/datain
run
run
GFCT03R20111011122011101206F.fct.T126L28
/gfs/home3/modoper/tempo/global/oens/recfct/datain/GFCT03R20111011122011101206F.fct.T126L28
+ echo Recomposition  -x-  RUNNING ...
Recomposition  -x-  RUNNING ...
+ source=/gfs/home3/modoper/tempo/global/oens/recfct/source
+ bin=/gfs/home3/modoper/tempo/global/oens/recfct/bin/T126L28
+ input=/gfs/home3/modoper/tempo/global/oens/recfct/datain
+ out=/gfs/home3/modoper/tempo/global/oens/recfct/output
+ echo run
run
+ [ run = make ]
+ echo run
run
+ [ run = clean ]
+ cd /gfs/home3/modoper/tempo/global/oens/recfct/bin/T126L28
+ echo ./recfct.T126L28 < /gfs/home3/modoper/tempo/global/oens/recfct/datain/recfctFCT03R.nml > /gfs/home3/modoper/tempo/global/oens/recfct/output/recfct.out.2011101112.16:57.T126L28
./recfct.T126L28 < /gfs/home3/modoper/tempo/global/oens/recfct/datain/recfctFCT03R.nml > /gfs/home3/modoper/tempo/global/oens/recfct/output/recfct.out.2011101112.16:57.T126L28
+ ./recfct.T126L28
+ 0< /gfs/home3/modoper/tempo/global/oens/recfct/datain/recfctFCT03R.nml 1> /gfs/home3/modoper/tempo/global/oens/recfct/output/recfct.out.2011101112.16:57.T126L28
 
 
     ******  Program Information  ******
  Real Time (sec)       :          9.159779
  User Time (sec)       :          4.131930
  Sys  Time (sec)       :          0.093573
  Vector Time (sec)     :          0.344143
  Inst. Count           :        1596986110.
  V. Inst. Count        :          16052480.
  V. Element Count      :        1289251883.
  FLOP Count            :         534710006.
  MOPS                  :        694.635598
  MFLOPS                :        129.409267
  VLEN                  :         80.314810
  V. Op. Ratio (%)      :         44.918765
  Memory Size (MB)      :        192.031250
  MIPS                  :        386.498850
  I-Cache (sec)         :          0.003570
  O-Cache (sec)         :          0.873175
  Bank (sec)            :          0.001191
 
  Start Time (date)  :  2011/10/11 16:57:38
  End   Time (date)  :  2011/10/11 16:57:47
-rw-r--r--    1 modoper  pnt            1400 Oct 11 16:57 /gfs/home3/modoper/tempo/global/oens/eof/datain/templ032011101112
sx6
PNT-EN
11101116:57
out
/gfs/home3/modoper/tempo/global/oens
/gfs/home3/modoper/tempo/global/oens
/gfs/dk22/modoper/tempo/global/oens
/gfs/dk22/modoper/tempo/global/oens/model/datain
/gfs/home3/modoper/tempo/global/oens/run/setrecfct.1.FCT03RT126L28.sx6
Date: 20111011
Hour: 16:57
FCT03R
2011101112
2011101209
GFCT03R
GFCT03R
GFCT03R
F.fct
F.fct
R.fct
/gfs/home3/modoper/tempo/global/oens
/gfs/home3/modoper/tempo/global/oens
/gfs/dk22/modoper/tempo/global/oens
/gfs/dk22/modoper/tempo/global/oens/model/datain
run
run
GFCT03R20111011122011101209F.fct.T126L28
/gfs/home3/modoper/tempo/global/oens/recfct/datain/GFCT03R20111011122011101209F.fct.T126L28
+ echo Recomposition  -x-  RUNNING ...
Recomposition  -x-  RUNNING ...
+ source=/gfs/home3/modoper/tempo/global/oens/recfct/source
+ bin=/gfs/home3/modoper/tempo/global/oens/recfct/bin/T126L28
+ input=/gfs/home3/modoper/tempo/global/oens/recfct/datain
+ out=/gfs/home3/modoper/tempo/global/oens/recfct/output
+ echo run
run
+ [ run = make ]
+ echo run
run
+ [ run = clean ]
+ cd /gfs/home3/modoper/tempo/global/oens/recfct/bin/T126L28
+ echo ./recfct.T126L28 < /gfs/home3/modoper/tempo/global/oens/recfct/datain/recfctFCT03R.nml > /gfs/home3/modoper/tempo/global/oens/recfct/output/recfct.out.2011101112.16:57.T126L28
./recfct.T126L28 < /gfs/home3/modoper/tempo/global/oens/recfct/datain/recfctFCT03R.nml > /gfs/home3/modoper/tempo/global/oens/recfct/output/recfct.out.2011101112.16:57.T126L28
+ ./recfct.T126L28
+ 0< /gfs/home3/modoper/tempo/global/oens/recfct/datain/recfctFCT03R.nml 1> /gfs/home3/modoper/tempo/global/oens/recfct/output/recfct.out.2011101112.16:57.T126L28
 
 
     ******  Program Information  ******
  Real Time (sec)       :         17.683872
  User Time (sec)       :          4.127439
  Sys  Time (sec)       :          0.067857
  Vector Time (sec)     :          0.344503
  Inst. Count           :        1596986110.
  V. Inst. Count        :          16052480.
  V. Element Count      :        1289251883.
  FLOP Count            :         534710006.
  MOPS                  :        695.391425
  MFLOPS                :        129.550077
  VLEN                  :         80.314810
  V. Op. Ratio (%)      :         44.918765
  Memory Size (MB)      :        192.031250
  MIPS                  :        386.919396
  I-Cache (sec)         :          0.000924
  O-Cache (sec)         :          0.869054
  Bank (sec)            :          0.001190
 
  Start Time (date)  :  2011/10/11 16:57:48
  End   Time (date)  :  2011/10/11 16:58:06
-rw-r--r--    1 modoper  pnt            1600 Oct 11 16:58 /gfs/home3/modoper/tempo/global/oens/eof/datain/templ032011101112
sx6
PNT-EN
11101116:58
out
/gfs/home3/modoper/tempo/global/oens
/gfs/home3/modoper/tempo/global/oens
/gfs/dk22/modoper/tempo/global/oens
/gfs/dk22/modoper/tempo/global/oens/model/datain
/gfs/home3/modoper/tempo/global/oens/run/setrecfct.1.FCT03RT126L28.sx6
Date: 20111011
Hour: 16:58
FCT03R
2011101112
2011101212
GFCT03R
GFCT03R
GFCT03R
F.fct
F.fct
R.fct
/gfs/home3/modoper/tempo/global/oens
/gfs/home3/modoper/tempo/global/oens
/gfs/dk22/modoper/tempo/global/oens
/gfs/dk22/modoper/tempo/global/oens/model/datain
run
run
GFCT03R20111011122011101212F.fct.T126L28
/gfs/home3/modoper/tempo/global/oens/recfct/datain/GFCT03R20111011122011101212F.fct.T126L28
+ echo Recomposition  -x-  RUNNING ...
Recomposition  -x-  RUNNING ...
+ source=/gfs/home3/modoper/tempo/global/oens/recfct/source
+ bin=/gfs/home3/modoper/tempo/global/oens/recfct/bin/T126L28
+ input=/gfs/home3/modoper/tempo/global/oens/recfct/datain
+ out=/gfs/home3/modoper/tempo/global/oens/recfct/output
+ echo run
run
+ [ run = make ]
+ echo run
run
+ [ run = clean ]
+ cd /gfs/home3/modoper/tempo/global/oens/recfct/bin/T126L28
+ echo ./recfct.T126L28 < /gfs/home3/modoper/tempo/global/oens/recfct/datain/recfctFCT03R.nml > /gfs/home3/modoper/tempo/global/oens/recfct/output/recfct.out.2011101112.16:58.T126L28
./recfct.T126L28 < /gfs/home3/modoper/tempo/global/oens/recfct/datain/recfctFCT03R.nml > /gfs/home3/modoper/tempo/global/oens/recfct/output/recfct.out.2011101112.16:58.T126L28
+ ./recfct.T126L28
+ 0< /gfs/home3/modoper/tempo/global/oens/recfct/datain/recfctFCT03R.nml 1> /gfs/home3/modoper/tempo/global/oens/recfct/output/recfct.out.2011101112.16:58.T126L28
 
 
     ******  Program Information  ******
  Real Time (sec)       :         22.512584
  User Time (sec)       :          4.128492
  Sys  Time (sec)       :          0.060942
  Vector Time (sec)     :          0.344475
  Inst. Count           :        1596986141.
  V. Inst. Count        :          16052480.
  V. Element Count      :        1289251883.
  FLOP Count            :         534710007.
  MOPS                  :        695.214047
  MFLOPS                :        129.517030
  VLEN                  :         80.314810
  V. Op. Ratio (%)      :         44.918764
  Memory Size (MB)      :        192.031250
  MIPS                  :        386.820706
  I-Cache (sec)         :          0.000902
  O-Cache (sec)         :          0.869800
  Bank (sec)            :          0.001191
 
  Start Time (date)  :  2011/10/11 16:58:07
  End   Time (date)  :  2011/10/11 16:58:30
-rw-r--r--    1 modoper  pnt            1800 Oct 11 16:58 /gfs/home3/modoper/tempo/global/oens/eof/datain/templ032011101112
sx6
PNT-EN
11101116:58
out
/gfs/home3/modoper/tempo/global/oens
/gfs/home3/modoper/tempo/global/oens
/gfs/dk22/modoper/tempo/global/oens
/gfs/dk22/modoper/tempo/global/oens/model/datain
/gfs/home3/modoper/tempo/global/oens/run/setrecfct.1.FCT03RT126L28.sx6
Date: 20111011
Hour: 16:58
FCT03R
2011101112
2011101215
GFCT03R
GFCT03R
GFCT03R
F.fct
F.fct
R.fct
/gfs/home3/modoper/tempo/global/oens
/gfs/home3/modoper/tempo/global/oens
/gfs/dk22/modoper/tempo/global/oens
/gfs/dk22/modoper/tempo/global/oens/model/datain
run
run
GFCT03R20111011122011101215F.fct.T126L28
/gfs/home3/modoper/tempo/global/oens/recfct/datain/GFCT03R20111011122011101215F.fct.T126L28
+ echo Recomposition  -x-  RUNNING ...
Recomposition  -x-  RUNNING ...
+ source=/gfs/home3/modoper/tempo/global/oens/recfct/source
+ bin=/gfs/home3/modoper/tempo/global/oens/recfct/bin/T126L28
+ input=/gfs/home3/modoper/tempo/global/oens/recfct/datain
+ out=/gfs/home3/modoper/tempo/global/oens/recfct/output
+ echo run
run
+ [ run = make ]
+ echo run
run
+ [ run = clean ]
+ cd /gfs/home3/modoper/tempo/global/oens/recfct/bin/T126L28
+ echo ./recfct.T126L28 < /gfs/home3/modoper/tempo/global/oens/recfct/datain/recfctFCT03R.nml > /gfs/home3/modoper/tempo/global/oens/recfct/output/recfct.out.2011101112.16:58.T126L28
./recfct.T126L28 < /gfs/home3/modoper/tempo/global/oens/recfct/datain/recfctFCT03R.nml > /gfs/home3/modoper/tempo/global/oens/recfct/output/recfct.out.2011101112.16:58.T126L28
+ ./recfct.T126L28
+ 0< /gfs/home3/modoper/tempo/global/oens/recfct/datain/recfctFCT03R.nml 1> /gfs/home3/modoper/tempo/global/oens/recfct/output/recfct.out.2011101112.16:58.T126L28
 
 
     ******  Program Information  ******
  Real Time (sec)       :         31.863744
  User Time (sec)       :          4.126736
  Sys  Time (sec)       :          0.066860
  Vector Time (sec)     :          0.344006
  Inst. Count           :        1596986141.
  V. Inst. Count        :          16052480.
  V. Element Count      :        1289251883.
  FLOP Count            :         534710007.
  MOPS                  :        695.509919
  MFLOPS                :        129.572151
  VLEN                  :         80.314810
  V. Op. Ratio (%)      :         44.918764
  Memory Size (MB)      :        192.031250
  MIPS                  :        386.985331
  I-Cache (sec)         :          0.000917
  O-Cache (sec)         :          0.868841
  Bank (sec)            :          0.001190
 
  Start Time (date)  :  2011/10/11 16:58:31
  End   Time (date)  :  2011/10/11 16:59:03
-rw-r--r--    1 modoper  pnt            2000 Oct 11 16:59 /gfs/home3/modoper/tempo/global/oens/eof/datain/templ032011101112
sx6
PNT-EN
11101116:59
out
/gfs/home3/modoper/tempo/global/oens
/gfs/home3/modoper/tempo/global/oens
/gfs/dk22/modoper/tempo/global/oens
/gfs/dk22/modoper/tempo/global/oens/model/datain
/gfs/home3/modoper/tempo/global/oens/run/setrecfct.1.FCT03RT126L28.sx6
Date: 20111011
Hour: 16:59
FCT03R
2011101112
2011101218
GFCT03R
GFCT03R
GFCT03R
F.fct
F.fct
R.fct
/gfs/home3/modoper/tempo/global/oens
/gfs/home3/modoper/tempo/global/oens
/gfs/dk22/modoper/tempo/global/oens
/gfs/dk22/modoper/tempo/global/oens/model/datain
run
run
GFCT03R20111011122011101218F.fct.T126L28
/gfs/home3/modoper/tempo/global/oens/recfct/datain/GFCT03R20111011122011101218F.fct.T126L28
+ echo Recomposition  -x-  RUNNING ...
Recomposition  -x-  RUNNING ...
+ source=/gfs/home3/modoper/tempo/global/oens/recfct/source
+ bin=/gfs/home3/modoper/tempo/global/oens/recfct/bin/T126L28
+ input=/gfs/home3/modoper/tempo/global/oens/recfct/datain
+ out=/gfs/home3/modoper/tempo/global/oens/recfct/output
+ echo run
run
+ [ run = make ]
+ echo run
run
+ [ run = clean ]
+ cd /gfs/home3/modoper/tempo/global/oens/recfct/bin/T126L28
+ echo ./recfct.T126L28 < /gfs/home3/modoper/tempo/global/oens/recfct/datain/recfctFCT03R.nml > /gfs/home3/modoper/tempo/global/oens/recfct/output/recfct.out.2011101112.16:59.T126L28
./recfct.T126L28 < /gfs/home3/modoper/tempo/global/oens/recfct/datain/recfctFCT03R.nml > /gfs/home3/modoper/tempo/global/oens/recfct/output/recfct.out.2011101112.16:59.T126L28
+ ./recfct.T126L28
+ 0< /gfs/home3/modoper/tempo/global/oens/recfct/datain/recfctFCT03R.nml 1> /gfs/home3/modoper/tempo/global/oens/recfct/output/recfct.out.2011101112.16:59.T126L28
 
 
     ******  Program Information  ******
  Real Time (sec)       :         16.385853
  User Time (sec)       :          4.128471
  Sys  Time (sec)       :          0.060579
  Vector Time (sec)     :          0.344463
  Inst. Count           :        1596986141.
  V. Inst. Count        :          16052480.
  V. Element Count      :        1289251883.
  FLOP Count            :         534710007.
  MOPS                  :        695.217631
  MFLOPS                :        129.517698
  VLEN                  :         80.314810
  V. Op. Ratio (%)      :         44.918764
  Memory Size (MB)      :        192.031250
  MIPS                  :        386.822700
  I-Cache (sec)         :          0.000858
  O-Cache (sec)         :          0.870050
  Bank (sec)            :          0.001190
 
  Start Time (date)  :  2011/10/11 16:59:07
  End   Time (date)  :  2011/10/11 16:59:24
-rw-r--r--    1 modoper  pnt            2200 Oct 11 16:59 /gfs/home3/modoper/tempo/global/oens/eof/datain/templ032011101112
sx6
PNT-EN
11101116:59
out
/gfs/home3/modoper/tempo/global/oens
/gfs/home3/modoper/tempo/global/oens
/gfs/dk22/modoper/tempo/global/oens
/gfs/dk22/modoper/tempo/global/oens/model/datain
/gfs/home3/modoper/tempo/global/oens/run/setrecfct.1.FCT03RT126L28.sx6
Date: 20111011
Hour: 16:59
FCT03R
2011101112
2011101221
GFCT03R
GFCT03R
GFCT03R
F.fct
F.fct
R.fct
/gfs/home3/modoper/tempo/global/oens
/gfs/home3/modoper/tempo/global/oens
/gfs/dk22/modoper/tempo/global/oens
/gfs/dk22/modoper/tempo/global/oens/model/datain
run
run
GFCT03R20111011122011101221F.fct.T126L28
/gfs/home3/modoper/tempo/global/oens/recfct/datain/GFCT03R20111011122011101221F.fct.T126L28
+ echo Recomposition  -x-  RUNNING ...
Recomposition  -x-  RUNNING ...
+ source=/gfs/home3/modoper/tempo/global/oens/recfct/source
+ bin=/gfs/home3/modoper/tempo/global/oens/recfct/bin/T126L28
+ input=/gfs/home3/modoper/tempo/global/oens/recfct/datain
+ out=/gfs/home3/modoper/tempo/global/oens/recfct/output
+ echo run
run
+ [ run = make ]
+ echo run
run
+ [ run = clean ]
+ cd /gfs/home3/modoper/tempo/global/oens/recfct/bin/T126L28
+ echo ./recfct.T126L28 < /gfs/home3/modoper/tempo/global/oens/recfct/datain/recfctFCT03R.nml > /gfs/home3/modoper/tempo/global/oens/recfct/output/recfct.out.2011101112.16:59.T126L28
./recfct.T126L28 < /gfs/home3/modoper/tempo/global/oens/recfct/datain/recfctFCT03R.nml > /gfs/home3/modoper/tempo/global/oens/recfct/output/recfct.out.2011101112.16:59.T126L28
+ ./recfct.T126L28
+ 0< /gfs/home3/modoper/tempo/global/oens/recfct/datain/recfctFCT03R.nml 1> /gfs/home3/modoper/tempo/global/oens/recfct/output/recfct.out.2011101112.16:59.T126L28
 
 
     ******  Program Information  ******
  Real Time (sec)       :         28.163578
  User Time (sec)       :          4.130527
  Sys  Time (sec)       :          0.063552
  Vector Time (sec)     :          0.345069
  Inst. Count           :        1596986141.
  V. Inst. Count        :          16052480.
  V. Element Count      :        1289251883.
  FLOP Count            :         534710007.
  MOPS                  :        694.871477
  MFLOPS                :        129.453210
  VLEN                  :         80.314810
  V. Op. Ratio (%)      :         44.918764
  Memory Size (MB)      :        192.031250
  MIPS                  :        386.630098
  I-Cache (sec)         :          0.000814
  O-Cache (sec)         :          0.871422
  Bank (sec)            :          0.001190
 
  Start Time (date)  :  2011/10/11 16:59:25
  End   Time (date)  :  2011/10/11 16:59:53
-rw-r--r--    1 modoper  pnt            2400 Oct 11 16:59 /gfs/home3/modoper/tempo/global/oens/eof/datain/templ032011101112
sx6
PNT-EN
11101116:59
out
/gfs/home3/modoper/tempo/global/oens
/gfs/home3/modoper/tempo/global/oens
/gfs/dk22/modoper/tempo/global/oens
/gfs/dk22/modoper/tempo/global/oens/model/datain
/gfs/home3/modoper/tempo/global/oens/run/setrecfct.1.FCT03RT126L28.sx6
Date: 20111011
Hour: 16:59
FCT03R
2011101112
2011101300
GFCT03R
GFCT03R
GFCT03R
F.fct
F.fct
R.fct
/gfs/home3/modoper/tempo/global/oens
/gfs/home3/modoper/tempo/global/oens
/gfs/dk22/modoper/tempo/global/oens
/gfs/dk22/modoper/tempo/global/oens/model/datain
run
run
GFCT03R20111011122011101300F.fct.T126L28
/gfs/home3/modoper/tempo/global/oens/recfct/datain/GFCT03R20111011122011101300F.fct.T126L28
+ echo Recomposition  -x-  RUNNING ...
Recomposition  -x-  RUNNING ...
+ source=/gfs/home3/modoper/tempo/global/oens/recfct/source
+ bin=/gfs/home3/modoper/tempo/global/oens/recfct/bin/T126L28
+ input=/gfs/home3/modoper/tempo/global/oens/recfct/datain
+ out=/gfs/home3/modoper/tempo/global/oens/recfct/output
+ echo run
run
+ [ run = make ]
+ echo run
run
+ [ run = clean ]
+ cd /gfs/home3/modoper/tempo/global/oens/recfct/bin/T126L28
+ echo ./recfct.T126L28 < /gfs/home3/modoper/tempo/global/oens/recfct/datain/recfctFCT03R.nml > /gfs/home3/modoper/tempo/global/oens/recfct/output/recfct.out.2011101112.16:59.T126L28
./recfct.T126L28 < /gfs/home3/modoper/tempo/global/oens/recfct/datain/recfctFCT03R.nml > /gfs/home3/modoper/tempo/global/oens/recfct/output/recfct.out.2011101112.16:59.T126L28
+ ./recfct.T126L28
+ 0< /gfs/home3/modoper/tempo/global/oens/recfct/datain/recfctFCT03R.nml 1> /gfs/home3/modoper/tempo/global/oens/recfct/output/recfct.out.2011101112.16:59.T126L28
 
 
     ******  Program Information  ******
  Real Time (sec)       :         22.825027
  User Time (sec)       :          4.131228
  Sys  Time (sec)       :          0.063702
  Vector Time (sec)     :          0.345534
  Inst. Count           :        1596986110.
  V. Inst. Count        :          16052480.
  V. Element Count      :        1289251883.
  FLOP Count            :         534710006.
  MOPS                  :        694.753640
  MFLOPS                :        129.431259
  VLEN                  :         80.314810
  V. Op. Ratio (%)      :         44.918765
  Memory Size (MB)      :        192.031250
  MIPS                  :        386.564530
  I-Cache (sec)         :          0.000816
  O-Cache (sec)         :          0.871568
  Bank (sec)            :          0.001190
 
  Start Time (date)  :  2011/10/11 16:59:54
  End   Time (date)  :  2011/10/11 17:00:17
sx6
2011101117:00
out
/gfs/home3/modoper/tempo/global/oens
/gfs/home3/modoper/tempo/global/oens
/gfs/dk22/modoper/tempo/global/oens
/gfs/dk22/modoper/tempo/global/oens/model/datain
/gfs/home3/modoper/tempo/global/oens/run/seteofs.1.03T126L28.sx6
03
Date: 20111011
Hour: 17:00
2011101112
/gfs/home3/modoper/tempo/global/oens
/gfs/home3/modoper/tempo/global/oens
/gfs/dk22/modoper/tempo/global/oens
/gfs/dk22/modoper/tempo/global/oens/model/datain
run
run
Vai chamar eoft
+ echo EOFT           -x-  RUNNING ...
EOFT           -x-  RUNNING ...
+ source=/gfs/home3/modoper/tempo/global/oens/eoftemp/source
+ bin=/gfs/home3/modoper/tempo/global/oens/eof/bin/T126L28
+ inp=/gfs/home3/modoper/tempo/global/oens/eof/datain
+ outp=/gfs/home3/modoper/tempo/global/oens/eoftemp/output
+ echo run
run
+ [ run = make ]
+ echo run
run
+ [ run = clean ]
+ cd /gfs/home3/modoper/tempo/global/oens/eof/bin/T126L28
+ echo ./eoftem.T126L28 < /gfs/home3/modoper/tempo/global/oens/eof/datain/eoftem03.nml > /gfs/home3/modoper/tempo/global/oens/eoftemp/output/eoftem.2011101112.17:00.T126L28
./eoftem.T126L28 < /gfs/home3/modoper/tempo/global/oens/eof/datain/eoftem03.nml > /gfs/home3/modoper/tempo/global/oens/eoftemp/output/eoftem.2011101112.17:00.T126L28
+ ./eoftem.T126L28
+ 0< /gfs/home3/modoper/tempo/global/oens/eof/datain/eoftem03.nml 1> /gfs/home3/modoper/tempo/global/oens/eoftemp/output/eoftem.2011101112.17:00.T126L28
 entrou no eoft fortran
 &DATAIN DIRI=/gfs/home3/modoper/tempo/global/oens/eof/datain/                ,
 DIRA=/gfs/dk22/modoper/tempo/global/oens/model/datain/               ,
 DIRO=/gfs/dk22/modoper/tempo/global/oens/eof/dataout/T126L28/        ,
 NAMEL=templ032011101112                                               ,
 ANAME=GANLAVN2011101112R.unf.T126L28                                                      ,
 TEMOUT=temout032011101112                                              ,
 TEMPCM=tempcm032011101112                                              ,
 TEMPER1=tempe1032011101112                                              ,
 TEMPEN1=tempn1032011101112                                               /
 
 
     ******  Program Information  ******
  Real Time (sec)       :         21.001172
  User Time (sec)       :          6.583059
  Sys  Time (sec)       :          0.433505
  Vector Time (sec)     :          5.904464
  Inst. Count           :         597130903.
  V. Inst. Count        :          72971853.
  V. Element Count      :        9156487272.
  FLOP Count            :        3164563537.
  MOPS                  :       1470.539263
  MFLOPS                :        480.713248
  VLEN                  :        125.479714
  V. Op. Ratio (%)      :         94.585495
  Memory Size (MB)      :        304.031250
  MIPS                  :         90.707212
  I-Cache (sec)         :          0.005185
  O-Cache (sec)         :          0.005261
  Bank (sec)            :          0.281361
 
  Start Time (date)  :  2011/10/11 17:00:19
  End   Time (date)  :  2011/10/11 17:00:40
Vai chamar eofw
+ echo EOFW           -x-  RUNNING ...
EOFW           -x-  RUNNING ...
+ source=/gfs/home3/modoper/tempo/global/oens/eofwind/source
+ bin=/gfs/home3/modoper/tempo/global/oens/eof/bin/T126L28
+ out=/gfs/dk22/modoper/tempo/global/oens/eof/dataout/T126L28
+ inp=/gfs/home3/modoper/tempo/global/oens/eof/datain
+ outp=/gfs/home3/modoper/tempo/global/oens/eofwind/output
+ echo run
run
+ [ run = make ]
+ echo run
run
+ [ run = clean ]
+ cd /gfs/home3/modoper/tempo/global/oens/eof/bin/T126L28
+ echo ./eofwin.T126L28 < /gfs/home3/modoper/tempo/global/oens/eof/datain/eofwin03.nml > /gfs/home3/modoper/tempo/global/oens/eofwind/output/eofwin.2011101112.17:00.T126L28
./eofwin.T126L28 < /gfs/home3/modoper/tempo/global/oens/eof/datain/eofwin03.nml > /gfs/home3/modoper/tempo/global/oens/eofwind/output/eofwin.2011101112.17:00.T126L28
+ ./eofwin.T126L28
+ 0< /gfs/home3/modoper/tempo/global/oens/eof/datain/eofwin03.nml 1> /gfs/home3/modoper/tempo/global/oens/eofwind/output/eofwin.2011101112.17:00.T126L28
 
 
     ******  Program Information  ******
  Real Time (sec)       :         74.270992
  User Time (sec)       :         12.002416
  Sys  Time (sec)       :          0.602051
  Vector Time (sec)     :         10.962790
  Inst. Count           :        1009389446.
  V. Inst. Count        :         235339319.
  V. Element Count      :       26880732674.
  FLOP Count            :        7609521020.
  MOPS                  :       2304.101377
  MFLOPS                :        633.999116
  VLEN                  :        114.221171
  V. Op. Ratio (%)      :         97.201026
  Memory Size (MB)      :        624.031250
  MIPS                  :         84.098857
  I-Cache (sec)         :          0.007783
  O-Cache (sec)         :          0.018503
  Bank (sec)            :          0.599880
 
  Start Time (date)  :  2011/10/11 17:00:41
  End   Time (date)  :  2011/10/11 17:01:55
sx6
2011101117:01
out
/gfs/home3/modoper/tempo/global/oens
/gfs/home3/modoper/tempo/global/oens
/gfs/dk22/modoper/tempo/global/oens
/gfs/dk22/modoper/tempo/global/oens/model/datain
/gfs/home3/modoper/tempo/global/oens/run/setdeco03T126L28.sx6
Date: 20111011
Hour: 17:01
2011101112
/gfs/home3/modoper/tempo/global/oens
/gfs/home3/modoper/tempo/global/oens
/gfs/dk22/modoper/tempo/global/oens
/gfs/dk22/modoper/tempo/global/oens/model/datain
run
run
+ echo Decomposition  -x-  RUNNING ...
Decomposition  -x-  RUNNING ...
+ source=/gfs/home3/modoper/tempo/global/oens/decanl/source
+ bin=/gfs/home3/modoper/tempo/global/oens/decanl/bin/T126L28
+ input=/gfs/home3/modoper/tempo/global/oens/decanl/datain
+ out=/gfs/home3/modoper/tempo/global/oens/decanl/output
+ echo run
run
+ [ run = make ]
+ echo run
run
+ [ run = clean ]
+ cd /gfs/home3/modoper/tempo/global/oens/decanl/bin/T126L28
+ ./decanl.T126L28
+ 0< /gfs/home3/modoper/tempo/global/oens/decanl/datain/decanl03.nml 1> /gfs/home3/modoper/tempo/global/oens/decanl/output/decanl.2011101112.17:01.T126L28
 
 
     ******  Program Information  ******
  Real Time (sec)       :          4.461531
  User Time (sec)       :          0.820844
  Sys  Time (sec)       :          0.060937
  Vector Time (sec)     :          0.629702
  Inst. Count           :         173583994.
  V. Inst. Count        :          21078079.
  V. Element Count      :        2292782635.
  FLOP Count            :         590251097.
  MOPS                  :       2978.992734
  MFLOPS                :        719.078216
  VLEN                  :        108.775692
  V. Op. Ratio (%)      :         93.763275
  Memory Size (MB)      :        192.031250
  MIPS                  :        211.470117
  I-Cache (sec)         :          0.000870
  O-Cache (sec)         :          0.026577
  Bank (sec)            :          0.015381
 
  Start Time (date)  :  2011/10/11 17:01:56
  End   Time (date)  :  2011/10/11 17:02:00
+ echo Decomposition  -x-  RUNNING ...
Decomposition  -x-  RUNNING ...
+ source=/gfs/home3/modoper/tempo/global/oens/decanl/source
+ bin=/gfs/home3/modoper/tempo/global/oens/decanl/bin/T126L28
+ input=/gfs/home3/modoper/tempo/global/oens/decanl/datain
+ out=/gfs/home3/modoper/tempo/global/oens/decanl/output
+ echo run
run
+ [ run = make ]
+ echo run
run
+ [ run = clean ]
+ cd /gfs/home3/modoper/tempo/global/oens/decanl/bin/T126L28
+ ./decanl.T126L28
+ 0< /gfs/home3/modoper/tempo/global/oens/decanl/datain/decanl03.nml 1> /gfs/home3/modoper/tempo/global/oens/decanl/output/decanl.2011101112.17:01.T126L28
 
 
     ******  Program Information  ******
  Real Time (sec)       :          4.306552
  User Time (sec)       :          0.822403
  Sys  Time (sec)       :          0.059238
  Vector Time (sec)     :          0.631194
  Inst. Count           :         173583889.
  V. Inst. Count        :          21078079.
  V. Element Count      :        2292782629.
  FLOP Count            :         590251097.
  MOPS                  :       2973.344482
  MFLOPS                :        717.714857
  VLEN                  :        108.775692
  V. Op. Ratio (%)      :         93.763279
  Memory Size (MB)      :        192.031250
  MIPS                  :        211.069046
  I-Cache (sec)         :          0.000944
  O-Cache (sec)         :          0.026572
  Bank (sec)            :          0.015380
 
  Start Time (date)  :  2011/10/11 17:02:00
  End   Time (date)  :  2011/10/11 17:02:05
logout
