stty: : Invalid argument
vt100
resize:  can't open terminal /dev/tty
======================================
Welcome to tupan03: SUPER-UX 14.1 SX-6
Today is Tue Feb 14 05:00:02 GMT 2012
======================================
runperreco1.sx6 126 28 01 2012021400 15 NO 07 
sx6
2012021405:00
out
/gfs/home3/modoper/tempo/global/oens
/gfs/home3/modoper/tempo/global/oens
/gfs/dk22/modoper/tempo/global/oens
/gfs/dk22/modoper/tempo/global/oens/model/datain
/gfs/home3/modoper/tempo/global/oens/run/setperreco.1.01T126L28.sx6
Date: 20120214
Hour: 05:00
2012021400


rm: ERROR: Cannot access templ012012021400: No such file or directory
-rw-r--r--    1 modoper  pnt             200 Feb 14 05:00 /gfs/home3/modoper/tempo/global/oens/eof/datain/templ012012021400
ls: ERROR: Cannot access /gfs/dk22/modoper/tempo/global/oens/recfct/dataout/T126L28/GFCT01R2012021400*.fct*: No such file or directory
sx6
PNT-EN
12021405:00
out
/gfs/home3/modoper/tempo/global/oens
/gfs/home3/modoper/tempo/global/oens
/gfs/dk22/modoper/tempo/global/oens
/gfs/dk22/modoper/tempo/global/oens/model/datain
/gfs/home3/modoper/tempo/global/oens/run/setrecfct.1.FCT01RT126L28.sx6
Date: 20120214
Hour: 05:00
FCT01R
2012021400
2012021403
GFCT01R
GFCT01R
GFCT01R
F.fct
F.fct
R.fct
/gfs/home3/modoper/tempo/global/oens
/gfs/home3/modoper/tempo/global/oens
/gfs/dk22/modoper/tempo/global/oens
/gfs/dk22/modoper/tempo/global/oens/model/datain
run
run
GFCT01R20120214002012021403F.fct.T126L28
/gfs/home3/modoper/tempo/global/oens/recfct/datain/GFCT01R20120214002012021403F.fct.T126L28
+ echo Recomposition  -x-  RUNNING ...
Recomposition  -x-  RUNNING ...
+ source=/gfs/home3/modoper/tempo/global/oens/recfct/source
+ bin=/gfs/home3/modoper/tempo/global/oens/recfct/bin/T126L28
+ input=/gfs/home3/modoper/tempo/global/oens/recfct/datain
+ out=/gfs/home3/modoper/tempo/global/oens/recfct/output
+ echo run
run
+ [ run = make ]
+ echo run
run
+ [ run = clean ]
+ cd /gfs/home3/modoper/tempo/global/oens/recfct/bin/T126L28
+ echo ./recfct.T126L28 < /gfs/home3/modoper/tempo/global/oens/recfct/datain/recfctFCT01R.nml > /gfs/home3/modoper/tempo/global/oens/recfct/output/recfct.out.2012021400.05:00.T126L28
./recfct.T126L28 < /gfs/home3/modoper/tempo/global/oens/recfct/datain/recfctFCT01R.nml > /gfs/home3/modoper/tempo/global/oens/recfct/output/recfct.out.2012021400.05:00.T126L28
+ ./recfct.T126L28
+ 0< /gfs/home3/modoper/tempo/global/oens/recfct/datain/recfctFCT01R.nml 1> /gfs/home3/modoper/tempo/global/oens/recfct/output/recfct.out.2012021400.05:00.T126L28
 
 
     ******  Program Information  ******
  Real Time (sec)       :          5.325492
  User Time (sec)       :          4.157892
  Sys  Time (sec)       :          0.058761
  Vector Time (sec)     :          0.354107
  Inst. Count           :        1596986017.
  V. Inst. Count        :          16052480.
  V. Element Count      :        1289251883.
  FLOP Count            :         534710003.
  MOPS                  :        690.298256
  MFLOPS                :        128.601232
  VLEN                  :         80.314810
  V. Op. Ratio (%)      :         44.918766
  Memory Size (MB)      :        192.031250
  MIPS                  :        384.085521
  I-Cache (sec)         :          0.000815
  O-Cache (sec)         :          0.893533
  Bank (sec)            :          0.001191
 
  Start Time (date)  :  2012/02/14 05:00:07
  End   Time (date)  :  2012/02/14 05:00:13
-rw-r--r--    1 modoper  pnt             400 Feb 14 05:00 /gfs/home3/modoper/tempo/global/oens/eof/datain/templ012012021400
sx6
PNT-EN
12021405:00
out
/gfs/home3/modoper/tempo/global/oens
/gfs/home3/modoper/tempo/global/oens
/gfs/dk22/modoper/tempo/global/oens
/gfs/dk22/modoper/tempo/global/oens/model/datain
/gfs/home3/modoper/tempo/global/oens/run/setrecfct.1.FCT01RT126L28.sx6
Date: 20120214
Hour: 05:00
FCT01R
2012021400
2012021406
GFCT01R
GFCT01R
GFCT01R
F.fct
F.fct
R.fct
/gfs/home3/modoper/tempo/global/oens
/gfs/home3/modoper/tempo/global/oens
/gfs/dk22/modoper/tempo/global/oens
/gfs/dk22/modoper/tempo/global/oens/model/datain
run
run
GFCT01R20120214002012021406F.fct.T126L28
/gfs/home3/modoper/tempo/global/oens/recfct/datain/GFCT01R20120214002012021406F.fct.T126L28
+ echo Recomposition  -x-  RUNNING ...
Recomposition  -x-  RUNNING ...
+ source=/gfs/home3/modoper/tempo/global/oens/recfct/source
+ bin=/gfs/home3/modoper/tempo/global/oens/recfct/bin/T126L28
+ input=/gfs/home3/modoper/tempo/global/oens/recfct/datain
+ out=/gfs/home3/modoper/tempo/global/oens/recfct/output
+ echo run
run
+ [ run = make ]
+ echo run
run
+ [ run = clean ]
+ cd /gfs/home3/modoper/tempo/global/oens/recfct/bin/T126L28
+ echo ./recfct.T126L28 < /gfs/home3/modoper/tempo/global/oens/recfct/datain/recfctFCT01R.nml > /gfs/home3/modoper/tempo/global/oens/recfct/output/recfct.out.2012021400.05:00.T126L28
./recfct.T126L28 < /gfs/home3/modoper/tempo/global/oens/recfct/datain/recfctFCT01R.nml > /gfs/home3/modoper/tempo/global/oens/recfct/output/recfct.out.2012021400.05:00.T126L28
+ ./recfct.T126L28
+ 0< /gfs/home3/modoper/tempo/global/oens/recfct/datain/recfctFCT01R.nml 1> /gfs/home3/modoper/tempo/global/oens/recfct/output/recfct.out.2012021400.05:00.T126L28
 
 
     ******  Program Information  ******
  Real Time (sec)       :          5.670532
  User Time (sec)       :          4.207034
  Sys  Time (sec)       :          0.077211
  Vector Time (sec)     :          0.367538
  Inst. Count           :        1596986017.
  V. Inst. Count        :          16052480.
  V. Element Count      :        1289251883.
  FLOP Count            :         534710003.
  MOPS                  :        682.234980
  MFLOPS                :        127.099060
  VLEN                  :         80.314810
  V. Op. Ratio (%)      :         44.918766
  Memory Size (MB)      :        192.031250
  MIPS                  :        379.599073
  I-Cache (sec)         :          0.001750
  O-Cache (sec)         :          0.928078
  Bank (sec)            :          0.001189
 
  Start Time (date)  :  2012/02/14 05:00:14
  End   Time (date)  :  2012/02/14 05:00:19
-rw-r--r--    1 modoper  pnt             600 Feb 14 05:00 /gfs/home3/modoper/tempo/global/oens/eof/datain/templ012012021400
sx6
PNT-EN
12021405:00
out
/gfs/home3/modoper/tempo/global/oens
/gfs/home3/modoper/tempo/global/oens
/gfs/dk22/modoper/tempo/global/oens
/gfs/dk22/modoper/tempo/global/oens/model/datain
/gfs/home3/modoper/tempo/global/oens/run/setrecfct.1.FCT01RT126L28.sx6
Date: 20120214
Hour: 05:00
FCT01R
2012021400
2012021409
GFCT01R
GFCT01R
GFCT01R
F.fct
F.fct
R.fct
/gfs/home3/modoper/tempo/global/oens
/gfs/home3/modoper/tempo/global/oens
/gfs/dk22/modoper/tempo/global/oens
/gfs/dk22/modoper/tempo/global/oens/model/datain
run
run
GFCT01R20120214002012021409F.fct.T126L28
/gfs/home3/modoper/tempo/global/oens/recfct/datain/GFCT01R20120214002012021409F.fct.T126L28
+ echo Recomposition  -x-  RUNNING ...
Recomposition  -x-  RUNNING ...
+ source=/gfs/home3/modoper/tempo/global/oens/recfct/source
+ bin=/gfs/home3/modoper/tempo/global/oens/recfct/bin/T126L28
+ input=/gfs/home3/modoper/tempo/global/oens/recfct/datain
+ out=/gfs/home3/modoper/tempo/global/oens/recfct/output
+ echo run
run
+ [ run = make ]
+ echo run
run
+ [ run = clean ]
+ cd /gfs/home3/modoper/tempo/global/oens/recfct/bin/T126L28
+ echo ./recfct.T126L28 < /gfs/home3/modoper/tempo/global/oens/recfct/datain/recfctFCT01R.nml > /gfs/home3/modoper/tempo/global/oens/recfct/output/recfct.out.2012021400.05:00.T126L28
./recfct.T126L28 < /gfs/home3/modoper/tempo/global/oens/recfct/datain/recfctFCT01R.nml > /gfs/home3/modoper/tempo/global/oens/recfct/output/recfct.out.2012021400.05:00.T126L28
+ ./recfct.T126L28
+ 0< /gfs/home3/modoper/tempo/global/oens/recfct/datain/recfctFCT01R.nml 1> /gfs/home3/modoper/tempo/global/oens/recfct/output/recfct.out.2012021400.05:00.T126L28
 
 
     ******  Program Information  ******
  Real Time (sec)       :          5.885063
  User Time (sec)       :          4.213641
  Sys  Time (sec)       :          0.134543
  Vector Time (sec)     :          0.368439
  Inst. Count           :        1596986017.
  V. Inst. Count        :          16052480.
  V. Element Count      :        1289251883.
  FLOP Count            :         534710003.
  MOPS                  :        681.165165
  MFLOPS                :        126.899755
  VLEN                  :         80.314810
  V. Op. Ratio (%)      :         44.918766
  Memory Size (MB)      :        192.031250
  MIPS                  :        379.003822
  I-Cache (sec)         :          0.005855
  O-Cache (sec)         :          0.934540
  Bank (sec)            :          0.001190
 
  Start Time (date)  :  2012/02/14 05:00:20
  End   Time (date)  :  2012/02/14 05:00:26
-rw-r--r--    1 modoper  pnt             800 Feb 14 05:00 /gfs/home3/modoper/tempo/global/oens/eof/datain/templ012012021400
sx6
PNT-EN
12021405:00
out
/gfs/home3/modoper/tempo/global/oens
/gfs/home3/modoper/tempo/global/oens
/gfs/dk22/modoper/tempo/global/oens
/gfs/dk22/modoper/tempo/global/oens/model/datain
/gfs/home3/modoper/tempo/global/oens/run/setrecfct.1.FCT01RT126L28.sx6
Date: 20120214
Hour: 05:00
FCT01R
2012021400
2012021412
GFCT01R
GFCT01R
GFCT01R
F.fct
F.fct
R.fct
/gfs/home3/modoper/tempo/global/oens
/gfs/home3/modoper/tempo/global/oens
/gfs/dk22/modoper/tempo/global/oens
/gfs/dk22/modoper/tempo/global/oens/model/datain
run
run
GFCT01R20120214002012021412F.fct.T126L28
/gfs/home3/modoper/tempo/global/oens/recfct/datain/GFCT01R20120214002012021412F.fct.T126L28
+ echo Recomposition  -x-  RUNNING ...
Recomposition  -x-  RUNNING ...
+ source=/gfs/home3/modoper/tempo/global/oens/recfct/source
+ bin=/gfs/home3/modoper/tempo/global/oens/recfct/bin/T126L28
+ input=/gfs/home3/modoper/tempo/global/oens/recfct/datain
+ out=/gfs/home3/modoper/tempo/global/oens/recfct/output
+ echo run
run
+ [ run = make ]
+ echo run
run
+ [ run = clean ]
+ cd /gfs/home3/modoper/tempo/global/oens/recfct/bin/T126L28
+ echo ./recfct.T126L28 < /gfs/home3/modoper/tempo/global/oens/recfct/datain/recfctFCT01R.nml > /gfs/home3/modoper/tempo/global/oens/recfct/output/recfct.out.2012021400.05:00.T126L28
./recfct.T126L28 < /gfs/home3/modoper/tempo/global/oens/recfct/datain/recfctFCT01R.nml > /gfs/home3/modoper/tempo/global/oens/recfct/output/recfct.out.2012021400.05:00.T126L28
+ ./recfct.T126L28
+ 0< /gfs/home3/modoper/tempo/global/oens/recfct/datain/recfctFCT01R.nml 1> /gfs/home3/modoper/tempo/global/oens/recfct/output/recfct.out.2012021400.05:00.T126L28
 
 
     ******  Program Information  ******
  Real Time (sec)       :          6.341869
  User Time (sec)       :          4.204786
  Sys  Time (sec)       :          0.224446
  Vector Time (sec)     :          0.364157
  Inst. Count           :        1596986048.
  V. Inst. Count        :          16052480.
  V. Element Count      :        1289251883.
  FLOP Count            :         534710004.
  MOPS                  :        682.599607
  MFLOPS                :        127.166988
  VLEN                  :         80.314810
  V. Op. Ratio (%)      :         44.918766
  Memory Size (MB)      :        192.031250
  MIPS                  :        379.801956
  I-Cache (sec)         :          0.011750
  O-Cache (sec)         :          0.931130
  Bank (sec)            :          0.001190
 
  Start Time (date)  :  2012/02/14 05:00:28
  End   Time (date)  :  2012/02/14 05:00:34
-rw-r--r--    1 modoper  pnt            1000 Feb 14 05:00 /gfs/home3/modoper/tempo/global/oens/eof/datain/templ012012021400
sx6
PNT-EN
12021405:00
out
/gfs/home3/modoper/tempo/global/oens
/gfs/home3/modoper/tempo/global/oens
/gfs/dk22/modoper/tempo/global/oens
/gfs/dk22/modoper/tempo/global/oens/model/datain
/gfs/home3/modoper/tempo/global/oens/run/setrecfct.1.FCT01RT126L28.sx6
Date: 20120214
Hour: 05:00
FCT01R
2012021400
2012021415
GFCT01R
GFCT01R
GFCT01R
F.fct
F.fct
R.fct
/gfs/home3/modoper/tempo/global/oens
/gfs/home3/modoper/tempo/global/oens
/gfs/dk22/modoper/tempo/global/oens
/gfs/dk22/modoper/tempo/global/oens/model/datain
run
run
GFCT01R20120214002012021415F.fct.T126L28
/gfs/home3/modoper/tempo/global/oens/recfct/datain/GFCT01R20120214002012021415F.fct.T126L28
+ echo Recomposition  -x-  RUNNING ...
Recomposition  -x-  RUNNING ...
+ source=/gfs/home3/modoper/tempo/global/oens/recfct/source
+ bin=/gfs/home3/modoper/tempo/global/oens/recfct/bin/T126L28
+ input=/gfs/home3/modoper/tempo/global/oens/recfct/datain
+ out=/gfs/home3/modoper/tempo/global/oens/recfct/output
+ echo run
run
+ [ run = make ]
+ echo run
run
+ [ run = clean ]
+ cd /gfs/home3/modoper/tempo/global/oens/recfct/bin/T126L28
+ echo ./recfct.T126L28 < /gfs/home3/modoper/tempo/global/oens/recfct/datain/recfctFCT01R.nml > /gfs/home3/modoper/tempo/global/oens/recfct/output/recfct.out.2012021400.05:00.T126L28
./recfct.T126L28 < /gfs/home3/modoper/tempo/global/oens/recfct/datain/recfctFCT01R.nml > /gfs/home3/modoper/tempo/global/oens/recfct/output/recfct.out.2012021400.05:00.T126L28
+ ./recfct.T126L28
+ 0< /gfs/home3/modoper/tempo/global/oens/recfct/datain/recfctFCT01R.nml 1> /gfs/home3/modoper/tempo/global/oens/recfct/output/recfct.out.2012021400.05:00.T126L28
 
 
     ******  Program Information  ******
  Real Time (sec)       :          5.643178
  User Time (sec)       :          4.129327
  Sys  Time (sec)       :          0.070055
  Vector Time (sec)     :          0.344935
  Inst. Count           :        1596986048.
  V. Inst. Count        :          16052480.
  V. Element Count      :        1289251883.
  FLOP Count            :         534710004.
  MOPS                  :        695.073416
  MFLOPS                :        129.490834
  VLEN                  :         80.314810
  V. Op. Ratio (%)      :         44.918766
  Memory Size (MB)      :        192.031250
  MIPS                  :        386.742448
  I-Cache (sec)         :          0.001085
  O-Cache (sec)         :          0.874419
  Bank (sec)            :          0.001191
 
  Start Time (date)  :  2012/02/14 05:00:35
  End   Time (date)  :  2012/02/14 05:00:41
-rw-r--r--    1 modoper  pnt            1200 Feb 14 05:00 /gfs/home3/modoper/tempo/global/oens/eof/datain/templ012012021400
sx6
PNT-EN
12021405:00
out
/gfs/home3/modoper/tempo/global/oens
/gfs/home3/modoper/tempo/global/oens
/gfs/dk22/modoper/tempo/global/oens
/gfs/dk22/modoper/tempo/global/oens/model/datain
/gfs/home3/modoper/tempo/global/oens/run/setrecfct.1.FCT01RT126L28.sx6
Date: 20120214
Hour: 05:00
FCT01R
2012021400
2012021418
GFCT01R
GFCT01R
GFCT01R
F.fct
F.fct
R.fct
/gfs/home3/modoper/tempo/global/oens
/gfs/home3/modoper/tempo/global/oens
/gfs/dk22/modoper/tempo/global/oens
/gfs/dk22/modoper/tempo/global/oens/model/datain
run
run
GFCT01R20120214002012021418F.fct.T126L28
/gfs/home3/modoper/tempo/global/oens/recfct/datain/GFCT01R20120214002012021418F.fct.T126L28
+ echo Recomposition  -x-  RUNNING ...
Recomposition  -x-  RUNNING ...
+ source=/gfs/home3/modoper/tempo/global/oens/recfct/source
+ bin=/gfs/home3/modoper/tempo/global/oens/recfct/bin/T126L28
+ input=/gfs/home3/modoper/tempo/global/oens/recfct/datain
+ out=/gfs/home3/modoper/tempo/global/oens/recfct/output
+ echo run
run
+ [ run = make ]
+ echo run
run
+ [ run = clean ]
+ cd /gfs/home3/modoper/tempo/global/oens/recfct/bin/T126L28
+ echo ./recfct.T126L28 < /gfs/home3/modoper/tempo/global/oens/recfct/datain/recfctFCT01R.nml > /gfs/home3/modoper/tempo/global/oens/recfct/output/recfct.out.2012021400.05:00.T126L28
./recfct.T126L28 < /gfs/home3/modoper/tempo/global/oens/recfct/datain/recfctFCT01R.nml > /gfs/home3/modoper/tempo/global/oens/recfct/output/recfct.out.2012021400.05:00.T126L28
+ ./recfct.T126L28
+ 0< /gfs/home3/modoper/tempo/global/oens/recfct/datain/recfctFCT01R.nml 1> /gfs/home3/modoper/tempo/global/oens/recfct/output/recfct.out.2012021400.05:00.T126L28
 
 
     ******  Program Information  ******
  Real Time (sec)       :          5.453256
  User Time (sec)       :          4.128121
  Sys  Time (sec)       :          0.068722
  Vector Time (sec)     :          0.344429
  Inst. Count           :        1596986048.
  V. Inst. Count        :          16052480.
  V. Element Count      :        1289251883.
  FLOP Count            :         534710004.
  MOPS                  :        695.276543
  MFLOPS                :        129.528677
  VLEN                  :         80.314810
  V. Op. Ratio (%)      :         44.918766
  Memory Size (MB)      :        192.031250
  MIPS                  :        386.855469
  I-Cache (sec)         :          0.001016
  O-Cache (sec)         :          0.873609
  Bank (sec)            :          0.001190
 
  Start Time (date)  :  2012/02/14 05:00:42
  End   Time (date)  :  2012/02/14 05:00:47
-rw-r--r--    1 modoper  pnt            1400 Feb 14 05:00 /gfs/home3/modoper/tempo/global/oens/eof/datain/templ012012021400
sx6
PNT-EN
12021405:00
out
/gfs/home3/modoper/tempo/global/oens
/gfs/home3/modoper/tempo/global/oens
/gfs/dk22/modoper/tempo/global/oens
/gfs/dk22/modoper/tempo/global/oens/model/datain
/gfs/home3/modoper/tempo/global/oens/run/setrecfct.1.FCT01RT126L28.sx6
Date: 20120214
Hour: 05:00
FCT01R
2012021400
2012021421
GFCT01R
GFCT01R
GFCT01R
F.fct
F.fct
R.fct
/gfs/home3/modoper/tempo/global/oens
/gfs/home3/modoper/tempo/global/oens
/gfs/dk22/modoper/tempo/global/oens
/gfs/dk22/modoper/tempo/global/oens/model/datain
run
run
GFCT01R20120214002012021421F.fct.T126L28
/gfs/home3/modoper/tempo/global/oens/recfct/datain/GFCT01R20120214002012021421F.fct.T126L28
+ echo Recomposition  -x-  RUNNING ...
Recomposition  -x-  RUNNING ...
+ source=/gfs/home3/modoper/tempo/global/oens/recfct/source
+ bin=/gfs/home3/modoper/tempo/global/oens/recfct/bin/T126L28
+ input=/gfs/home3/modoper/tempo/global/oens/recfct/datain
+ out=/gfs/home3/modoper/tempo/global/oens/recfct/output
+ echo run
run
+ [ run = make ]
+ echo run
run
+ [ run = clean ]
+ cd /gfs/home3/modoper/tempo/global/oens/recfct/bin/T126L28
+ echo ./recfct.T126L28 < /gfs/home3/modoper/tempo/global/oens/recfct/datain/recfctFCT01R.nml > /gfs/home3/modoper/tempo/global/oens/recfct/output/recfct.out.2012021400.05:00.T126L28
./recfct.T126L28 < /gfs/home3/modoper/tempo/global/oens/recfct/datain/recfctFCT01R.nml > /gfs/home3/modoper/tempo/global/oens/recfct/output/recfct.out.2012021400.05:00.T126L28
+ ./recfct.T126L28
+ 0< /gfs/home3/modoper/tempo/global/oens/recfct/datain/recfctFCT01R.nml 1> /gfs/home3/modoper/tempo/global/oens/recfct/output/recfct.out.2012021400.05:00.T126L28
 
 
     ******  Program Information  ******
  Real Time (sec)       :          5.889370
  User Time (sec)       :          4.138751
  Sys  Time (sec)       :          0.137842
  Vector Time (sec)     :          0.345334
  Inst. Count           :        1596986048.
  V. Inst. Count        :          16052480.
  V. Element Count      :        1289251883.
  FLOP Count            :         534710004.
  MOPS                  :        693.490752
  MFLOPS                :        129.195987
  VLEN                  :         80.314810
  V. Op. Ratio (%)      :         44.918766
  Memory Size (MB)      :        192.031250
  MIPS                  :        385.861846
  I-Cache (sec)         :          0.006991
  O-Cache (sec)         :          0.883263
  Bank (sec)            :          0.001191
 
  Start Time (date)  :  2012/02/14 05:00:49
  End   Time (date)  :  2012/02/14 05:00:55
-rw-r--r--    1 modoper  pnt            1600 Feb 14 05:00 /gfs/home3/modoper/tempo/global/oens/eof/datain/templ012012021400
sx6
PNT-EN
12021405:00
out
/gfs/home3/modoper/tempo/global/oens
/gfs/home3/modoper/tempo/global/oens
/gfs/dk22/modoper/tempo/global/oens
/gfs/dk22/modoper/tempo/global/oens/model/datain
/gfs/home3/modoper/tempo/global/oens/run/setrecfct.1.FCT01RT126L28.sx6
Date: 20120214
Hour: 05:00
FCT01R
2012021400
2012021500
GFCT01R
GFCT01R
GFCT01R
F.fct
F.fct
R.fct
/gfs/home3/modoper/tempo/global/oens
/gfs/home3/modoper/tempo/global/oens
/gfs/dk22/modoper/tempo/global/oens
/gfs/dk22/modoper/tempo/global/oens/model/datain
run
run
GFCT01R20120214002012021500F.fct.T126L28
/gfs/home3/modoper/tempo/global/oens/recfct/datain/GFCT01R20120214002012021500F.fct.T126L28
+ echo Recomposition  -x-  RUNNING ...
Recomposition  -x-  RUNNING ...
+ source=/gfs/home3/modoper/tempo/global/oens/recfct/source
+ bin=/gfs/home3/modoper/tempo/global/oens/recfct/bin/T126L28
+ input=/gfs/home3/modoper/tempo/global/oens/recfct/datain
+ out=/gfs/home3/modoper/tempo/global/oens/recfct/output
+ echo run
run
+ [ run = make ]
+ echo run
run
+ [ run = clean ]
+ cd /gfs/home3/modoper/tempo/global/oens/recfct/bin/T126L28
+ echo ./recfct.T126L28 < /gfs/home3/modoper/tempo/global/oens/recfct/datain/recfctFCT01R.nml > /gfs/home3/modoper/tempo/global/oens/recfct/output/recfct.out.2012021400.05:00.T126L28
./recfct.T126L28 < /gfs/home3/modoper/tempo/global/oens/recfct/datain/recfctFCT01R.nml > /gfs/home3/modoper/tempo/global/oens/recfct/output/recfct.out.2012021400.05:00.T126L28
+ ./recfct.T126L28
+ 0< /gfs/home3/modoper/tempo/global/oens/recfct/datain/recfctFCT01R.nml 1> /gfs/home3/modoper/tempo/global/oens/recfct/output/recfct.out.2012021400.05:00.T126L28
 
 
     ******  Program Information  ******
  Real Time (sec)       :          6.216012
  User Time (sec)       :          4.145059
  Sys  Time (sec)       :          0.195030
  Vector Time (sec)     :          0.345849
  Inst. Count           :        1596986017.
  V. Inst. Count        :          16052480.
  V. Element Count      :        1289251883.
  FLOP Count            :         534710003.
  MOPS                  :        692.435323
  MFLOPS                :        128.999364
  VLEN                  :         80.314810
  V. Op. Ratio (%)      :         44.918766
  Memory Size (MB)      :        192.031250
  MIPS                  :        385.274596
  I-Cache (sec)         :          0.010611
  O-Cache (sec)         :          0.890426
  Bank (sec)            :          0.001191
 
  Start Time (date)  :  2012/02/14 05:00:56
  End   Time (date)  :  2012/02/14 05:01:02
-rw-r--r--    1 modoper  pnt            1800 Feb 14 05:01 /gfs/home3/modoper/tempo/global/oens/eof/datain/templ012012021400
sx6
PNT-EN
12021405:01
out
/gfs/home3/modoper/tempo/global/oens
/gfs/home3/modoper/tempo/global/oens
/gfs/dk22/modoper/tempo/global/oens
/gfs/dk22/modoper/tempo/global/oens/model/datain
/gfs/home3/modoper/tempo/global/oens/run/setrecfct.1.FCT01RT126L28.sx6
Date: 20120214
Hour: 05:01
FCT01R
2012021400
2012021503
GFCT01R
GFCT01R
GFCT01R
F.fct
F.fct
R.fct
/gfs/home3/modoper/tempo/global/oens
/gfs/home3/modoper/tempo/global/oens
/gfs/dk22/modoper/tempo/global/oens
/gfs/dk22/modoper/tempo/global/oens/model/datain
run
run
GFCT01R20120214002012021503F.fct.T126L28
/gfs/home3/modoper/tempo/global/oens/recfct/datain/GFCT01R20120214002012021503F.fct.T126L28
+ echo Recomposition  -x-  RUNNING ...
Recomposition  -x-  RUNNING ...
+ source=/gfs/home3/modoper/tempo/global/oens/recfct/source
+ bin=/gfs/home3/modoper/tempo/global/oens/recfct/bin/T126L28
+ input=/gfs/home3/modoper/tempo/global/oens/recfct/datain
+ out=/gfs/home3/modoper/tempo/global/oens/recfct/output
+ echo run
run
+ [ run = make ]
+ echo run
run
+ [ run = clean ]
+ cd /gfs/home3/modoper/tempo/global/oens/recfct/bin/T126L28
+ echo ./recfct.T126L28 < /gfs/home3/modoper/tempo/global/oens/recfct/datain/recfctFCT01R.nml > /gfs/home3/modoper/tempo/global/oens/recfct/output/recfct.out.2012021400.05:01.T126L28
./recfct.T126L28 < /gfs/home3/modoper/tempo/global/oens/recfct/datain/recfctFCT01R.nml > /gfs/home3/modoper/tempo/global/oens/recfct/output/recfct.out.2012021400.05:01.T126L28
+ ./recfct.T126L28
+ 0< /gfs/home3/modoper/tempo/global/oens/recfct/datain/recfctFCT01R.nml 1> /gfs/home3/modoper/tempo/global/oens/recfct/output/recfct.out.2012021400.05:01.T126L28
 
 
     ******  Program Information  ******
  Real Time (sec)       :          5.827037
  User Time (sec)       :          4.128064
  Sys  Time (sec)       :          0.071734
  Vector Time (sec)     :          0.344341
  Inst. Count           :        1596986017.
  V. Inst. Count        :          16052480.
  V. Element Count      :        1289251883.
  FLOP Count            :         534710003.
  MOPS                  :        695.286039
  MFLOPS                :        129.530447
  VLEN                  :         80.314810
  V. Op. Ratio (%)      :         44.918766
  Memory Size (MB)      :        192.031250
  MIPS                  :        386.860749
  I-Cache (sec)         :          0.001487
  O-Cache (sec)         :          0.873708
  Bank (sec)            :          0.001190
 
  Start Time (date)  :  2012/02/14 05:01:03
  End   Time (date)  :  2012/02/14 05:01:09
-rw-r--r--    1 modoper  pnt            2000 Feb 14 05:01 /gfs/home3/modoper/tempo/global/oens/eof/datain/templ012012021400
sx6
PNT-EN
12021405:01
out
/gfs/home3/modoper/tempo/global/oens
/gfs/home3/modoper/tempo/global/oens
/gfs/dk22/modoper/tempo/global/oens
/gfs/dk22/modoper/tempo/global/oens/model/datain
/gfs/home3/modoper/tempo/global/oens/run/setrecfct.1.FCT01RT126L28.sx6
Date: 20120214
Hour: 05:01
FCT01R
2012021400
2012021506
GFCT01R
GFCT01R
GFCT01R
F.fct
F.fct
R.fct
/gfs/home3/modoper/tempo/global/oens
/gfs/home3/modoper/tempo/global/oens
/gfs/dk22/modoper/tempo/global/oens
/gfs/dk22/modoper/tempo/global/oens/model/datain
run
run
GFCT01R20120214002012021506F.fct.T126L28
/gfs/home3/modoper/tempo/global/oens/recfct/datain/GFCT01R20120214002012021506F.fct.T126L28
+ echo Recomposition  -x-  RUNNING ...
Recomposition  -x-  RUNNING ...
+ source=/gfs/home3/modoper/tempo/global/oens/recfct/source
+ bin=/gfs/home3/modoper/tempo/global/oens/recfct/bin/T126L28
+ input=/gfs/home3/modoper/tempo/global/oens/recfct/datain
+ out=/gfs/home3/modoper/tempo/global/oens/recfct/output
+ echo run
run
+ [ run = make ]
+ echo run
run
+ [ run = clean ]
+ cd /gfs/home3/modoper/tempo/global/oens/recfct/bin/T126L28
+ echo ./recfct.T126L28 < /gfs/home3/modoper/tempo/global/oens/recfct/datain/recfctFCT01R.nml > /gfs/home3/modoper/tempo/global/oens/recfct/output/recfct.out.2012021400.05:01.T126L28
./recfct.T126L28 < /gfs/home3/modoper/tempo/global/oens/recfct/datain/recfctFCT01R.nml > /gfs/home3/modoper/tempo/global/oens/recfct/output/recfct.out.2012021400.05:01.T126L28
+ ./recfct.T126L28
+ 0< /gfs/home3/modoper/tempo/global/oens/recfct/datain/recfctFCT01R.nml 1> /gfs/home3/modoper/tempo/global/oens/recfct/output/recfct.out.2012021400.05:01.T126L28
 
 
     ******  Program Information  ******
  Real Time (sec)       :          5.567723
  User Time (sec)       :          4.140619
  Sys  Time (sec)       :          0.082984
  Vector Time (sec)     :          0.348112
  Inst. Count           :        1596986017.
  V. Inst. Count        :          16052480.
  V. Element Count      :        1289251883.
  FLOP Count            :         534710003.
  MOPS                  :        693.177797
  MFLOPS                :        129.137685
  VLEN                  :         80.314810
  V. Op. Ratio (%)      :         44.918766
  Memory Size (MB)      :        192.031250
  MIPS                  :        385.687712
  I-Cache (sec)         :          0.002690
  O-Cache (sec)         :          0.882532
  Bank (sec)            :          0.001190
 
  Start Time (date)  :  2012/02/14 05:01:10
  End   Time (date)  :  2012/02/14 05:01:16
-rw-r--r--    1 modoper  pnt            2200 Feb 14 05:01 /gfs/home3/modoper/tempo/global/oens/eof/datain/templ012012021400
sx6
PNT-EN
12021405:01
out
/gfs/home3/modoper/tempo/global/oens
/gfs/home3/modoper/tempo/global/oens
/gfs/dk22/modoper/tempo/global/oens
/gfs/dk22/modoper/tempo/global/oens/model/datain
/gfs/home3/modoper/tempo/global/oens/run/setrecfct.1.FCT01RT126L28.sx6
Date: 20120214
Hour: 05:01
FCT01R
2012021400
2012021509
GFCT01R
GFCT01R
GFCT01R
F.fct
F.fct
R.fct
/gfs/home3/modoper/tempo/global/oens
/gfs/home3/modoper/tempo/global/oens
/gfs/dk22/modoper/tempo/global/oens
/gfs/dk22/modoper/tempo/global/oens/model/datain
run
run
GFCT01R20120214002012021509F.fct.T126L28
/gfs/home3/modoper/tempo/global/oens/recfct/datain/GFCT01R20120214002012021509F.fct.T126L28
+ echo Recomposition  -x-  RUNNING ...
Recomposition  -x-  RUNNING ...
+ source=/gfs/home3/modoper/tempo/global/oens/recfct/source
+ bin=/gfs/home3/modoper/tempo/global/oens/recfct/bin/T126L28
+ input=/gfs/home3/modoper/tempo/global/oens/recfct/datain
+ out=/gfs/home3/modoper/tempo/global/oens/recfct/output
+ echo run
run
+ [ run = make ]
+ echo run
run
+ [ run = clean ]
+ cd /gfs/home3/modoper/tempo/global/oens/recfct/bin/T126L28
+ echo ./recfct.T126L28 < /gfs/home3/modoper/tempo/global/oens/recfct/datain/recfctFCT01R.nml > /gfs/home3/modoper/tempo/global/oens/recfct/output/recfct.out.2012021400.05:01.T126L28
./recfct.T126L28 < /gfs/home3/modoper/tempo/global/oens/recfct/datain/recfctFCT01R.nml > /gfs/home3/modoper/tempo/global/oens/recfct/output/recfct.out.2012021400.05:01.T126L28
+ ./recfct.T126L28
+ 0< /gfs/home3/modoper/tempo/global/oens/recfct/datain/recfctFCT01R.nml 1> /gfs/home3/modoper/tempo/global/oens/recfct/output/recfct.out.2012021400.05:01.T126L28
 
 
     ******  Program Information  ******
  Real Time (sec)       :          5.522802
  User Time (sec)       :          4.136086
  Sys  Time (sec)       :          0.075743
  Vector Time (sec)     :          0.346766
  Inst. Count           :        1596986017.
  V. Inst. Count        :          16052480.
  V. Element Count      :        1289251883.
  FLOP Count            :         534710003.
  MOPS                  :        693.937614
  MFLOPS                :        129.279238
  VLEN                  :         80.314810
  V. Op. Ratio (%)      :         44.918766
  Memory Size (MB)      :        192.031250
  MIPS                  :        386.110479
  I-Cache (sec)         :          0.002043
  O-Cache (sec)         :          0.879341
  Bank (sec)            :          0.001190
 
  Start Time (date)  :  2012/02/14 05:01:17
  End   Time (date)  :  2012/02/14 05:01:23
-rw-r--r--    1 modoper  pnt            2400 Feb 14 05:01 /gfs/home3/modoper/tempo/global/oens/eof/datain/templ012012021400
sx6
PNT-EN
12021405:01
out
/gfs/home3/modoper/tempo/global/oens
/gfs/home3/modoper/tempo/global/oens
/gfs/dk22/modoper/tempo/global/oens
/gfs/dk22/modoper/tempo/global/oens/model/datain
/gfs/home3/modoper/tempo/global/oens/run/setrecfct.1.FCT01RT126L28.sx6
Date: 20120214
Hour: 05:01
FCT01R
2012021400
2012021512
GFCT01R
GFCT01R
GFCT01R
F.fct
F.fct
R.fct
/gfs/home3/modoper/tempo/global/oens
/gfs/home3/modoper/tempo/global/oens
/gfs/dk22/modoper/tempo/global/oens
/gfs/dk22/modoper/tempo/global/oens/model/datain
run
run
GFCT01R20120214002012021512F.fct.T126L28
/gfs/home3/modoper/tempo/global/oens/recfct/datain/GFCT01R20120214002012021512F.fct.T126L28
+ echo Recomposition  -x-  RUNNING ...
Recomposition  -x-  RUNNING ...
+ source=/gfs/home3/modoper/tempo/global/oens/recfct/source
+ bin=/gfs/home3/modoper/tempo/global/oens/recfct/bin/T126L28
+ input=/gfs/home3/modoper/tempo/global/oens/recfct/datain
+ out=/gfs/home3/modoper/tempo/global/oens/recfct/output
+ echo run
run
+ [ run = make ]
+ echo run
run
+ [ run = clean ]
+ cd /gfs/home3/modoper/tempo/global/oens/recfct/bin/T126L28
+ echo ./recfct.T126L28 < /gfs/home3/modoper/tempo/global/oens/recfct/datain/recfctFCT01R.nml > /gfs/home3/modoper/tempo/global/oens/recfct/output/recfct.out.2012021400.05:01.T126L28
./recfct.T126L28 < /gfs/home3/modoper/tempo/global/oens/recfct/datain/recfctFCT01R.nml > /gfs/home3/modoper/tempo/global/oens/recfct/output/recfct.out.2012021400.05:01.T126L28
+ ./recfct.T126L28
+ 0< /gfs/home3/modoper/tempo/global/oens/recfct/datain/recfctFCT01R.nml 1> /gfs/home3/modoper/tempo/global/oens/recfct/output/recfct.out.2012021400.05:01.T126L28
 
 
     ******  Program Information  ******
  Real Time (sec)       :          6.263664
  User Time (sec)       :          4.134419
  Sys  Time (sec)       :          0.058172
  Vector Time (sec)     :          0.346567
  Inst. Count           :        1596986048.
  V. Inst. Count        :          16052480.
  V. Element Count      :        1289251883.
  FLOP Count            :         534710004.
  MOPS                  :        694.217328
  MFLOPS                :        129.331347
  VLEN                  :         80.314810
  V. Op. Ratio (%)      :         44.918766
  Memory Size (MB)      :        192.031250
  MIPS                  :        386.266116
  I-Cache (sec)         :          0.000786
  O-Cache (sec)         :          0.877848
  Bank (sec)            :          0.001190
 
  Start Time (date)  :  2012/02/14 05:01:24
  End   Time (date)  :  2012/02/14 05:01:30
-rw-r--r--    1 modoper  pnt            2600 Feb 14 05:01 /gfs/home3/modoper/tempo/global/oens/eof/datain/templ012012021400
sx6
PNT-EN
12021405:01
out
/gfs/home3/modoper/tempo/global/oens
/gfs/home3/modoper/tempo/global/oens
/gfs/dk22/modoper/tempo/global/oens
/gfs/dk22/modoper/tempo/global/oens/model/datain
/gfs/home3/modoper/tempo/global/oens/run/setrecfct.1.FCT01RT126L28.sx6
Date: 20120214
Hour: 05:01
FCT01R
2012021400
2012021515
GFCT01R
GFCT01R
GFCT01R
F.fct
F.fct
R.fct
/gfs/home3/modoper/tempo/global/oens
/gfs/home3/modoper/tempo/global/oens
/gfs/dk22/modoper/tempo/global/oens
/gfs/dk22/modoper/tempo/global/oens/model/datain
run
run
GFCT01R20120214002012021515F.fct.T126L28
/gfs/home3/modoper/tempo/global/oens/recfct/datain/GFCT01R20120214002012021515F.fct.T126L28
+ echo Recomposition  -x-  RUNNING ...
Recomposition  -x-  RUNNING ...
+ source=/gfs/home3/modoper/tempo/global/oens/recfct/source
+ bin=/gfs/home3/modoper/tempo/global/oens/recfct/bin/T126L28
+ input=/gfs/home3/modoper/tempo/global/oens/recfct/datain
+ out=/gfs/home3/modoper/tempo/global/oens/recfct/output
+ echo run
run
+ [ run = make ]
+ echo run
run
+ [ run = clean ]
+ cd /gfs/home3/modoper/tempo/global/oens/recfct/bin/T126L28
+ echo ./recfct.T126L28 < /gfs/home3/modoper/tempo/global/oens/recfct/datain/recfctFCT01R.nml > /gfs/home3/modoper/tempo/global/oens/recfct/output/recfct.out.2012021400.05:01.T126L28
./recfct.T126L28 < /gfs/home3/modoper/tempo/global/oens/recfct/datain/recfctFCT01R.nml > /gfs/home3/modoper/tempo/global/oens/recfct/output/recfct.out.2012021400.05:01.T126L28
+ ./recfct.T126L28
+ 0< /gfs/home3/modoper/tempo/global/oens/recfct/datain/recfctFCT01R.nml 1> /gfs/home3/modoper/tempo/global/oens/recfct/output/recfct.out.2012021400.05:01.T126L28
 
 
     ******  Program Information  ******
  Real Time (sec)       :          5.781904
  User Time (sec)       :          4.139948
  Sys  Time (sec)       :          0.105253
  Vector Time (sec)     :          0.346381
  Inst. Count           :        1596986048.
  V. Inst. Count        :          16052480.
  V. Element Count      :        1289251883.
  FLOP Count            :         534710004.
  MOPS                  :        693.290198
  MFLOPS                :        129.158624
  VLEN                  :         80.314810
  V. Op. Ratio (%)      :         44.918766
  Memory Size (MB)      :        192.031250
  MIPS                  :        385.750256
  I-Cache (sec)         :          0.005211
  O-Cache (sec)         :          0.883336
  Bank (sec)            :          0.001190
 
  Start Time (date)  :  2012/02/14 05:01:32
  End   Time (date)  :  2012/02/14 05:01:38
-rw-r--r--    1 modoper  pnt            2800 Feb 14 05:01 /gfs/home3/modoper/tempo/global/oens/eof/datain/templ012012021400
sx6
PNT-EN
12021405:01
out
/gfs/home3/modoper/tempo/global/oens
/gfs/home3/modoper/tempo/global/oens
/gfs/dk22/modoper/tempo/global/oens
/gfs/dk22/modoper/tempo/global/oens/model/datain
/gfs/home3/modoper/tempo/global/oens/run/setrecfct.1.FCT01RT126L28.sx6
Date: 20120214
Hour: 05:01
FCT01R
2012021400
2012021518
GFCT01R
GFCT01R
GFCT01R
F.fct
F.fct
R.fct
/gfs/home3/modoper/tempo/global/oens
/gfs/home3/modoper/tempo/global/oens
/gfs/dk22/modoper/tempo/global/oens
/gfs/dk22/modoper/tempo/global/oens/model/datain
run
run
GFCT01R20120214002012021518F.fct.T126L28
/gfs/home3/modoper/tempo/global/oens/recfct/datain/GFCT01R20120214002012021518F.fct.T126L28
+ echo Recomposition  -x-  RUNNING ...
Recomposition  -x-  RUNNING ...
+ source=/gfs/home3/modoper/tempo/global/oens/recfct/source
+ bin=/gfs/home3/modoper/tempo/global/oens/recfct/bin/T126L28
+ input=/gfs/home3/modoper/tempo/global/oens/recfct/datain
+ out=/gfs/home3/modoper/tempo/global/oens/recfct/output
+ echo run
run
+ [ run = make ]
+ echo run
run
+ [ run = clean ]
+ cd /gfs/home3/modoper/tempo/global/oens/recfct/bin/T126L28
+ echo ./recfct.T126L28 < /gfs/home3/modoper/tempo/global/oens/recfct/datain/recfctFCT01R.nml > /gfs/home3/modoper/tempo/global/oens/recfct/output/recfct.out.2012021400.05:01.T126L28
./recfct.T126L28 < /gfs/home3/modoper/tempo/global/oens/recfct/datain/recfctFCT01R.nml > /gfs/home3/modoper/tempo/global/oens/recfct/output/recfct.out.2012021400.05:01.T126L28
+ ./recfct.T126L28
+ 0< /gfs/home3/modoper/tempo/global/oens/recfct/datain/recfctFCT01R.nml 1> /gfs/home3/modoper/tempo/global/oens/recfct/output/recfct.out.2012021400.05:01.T126L28
 
 
     ******  Program Information  ******
  Real Time (sec)       :          5.980357
  User Time (sec)       :          4.142361
  Sys  Time (sec)       :          0.122633
  Vector Time (sec)     :          0.346745
  Inst. Count           :        1596986048.
  V. Inst. Count        :          16052480.
  V. Element Count      :        1289251883.
  FLOP Count            :         534710004.
  MOPS                  :        692.886393
  MFLOPS                :        129.083396
  VLEN                  :         80.314810
  V. Op. Ratio (%)      :         44.918766
  Memory Size (MB)      :        192.031250
  MIPS                  :        385.525577
  I-Cache (sec)         :          0.006406
  O-Cache (sec)         :          0.885350
  Bank (sec)            :          0.001192
 
  Start Time (date)  :  2012/02/14 05:01:39
  End   Time (date)  :  2012/02/14 05:01:45
-rw-r--r--    1 modoper  pnt            3000 Feb 14 05:01 /gfs/home3/modoper/tempo/global/oens/eof/datain/templ012012021400
sx6
PNT-EN
12021405:01
out
/gfs/home3/modoper/tempo/global/oens
/gfs/home3/modoper/tempo/global/oens
/gfs/dk22/modoper/tempo/global/oens
/gfs/dk22/modoper/tempo/global/oens/model/datain
/gfs/home3/modoper/tempo/global/oens/run/setrecfct.1.FCT01RT126L28.sx6
Date: 20120214
Hour: 05:01
FCT01R
2012021400
2012021521
GFCT01R
GFCT01R
GFCT01R
F.fct
F.fct
R.fct
/gfs/home3/modoper/tempo/global/oens
/gfs/home3/modoper/tempo/global/oens
/gfs/dk22/modoper/tempo/global/oens
/gfs/dk22/modoper/tempo/global/oens/model/datain
run
run
GFCT01R20120214002012021521F.fct.T126L28
/gfs/home3/modoper/tempo/global/oens/recfct/datain/GFCT01R20120214002012021521F.fct.T126L28
+ echo Recomposition  -x-  RUNNING ...
Recomposition  -x-  RUNNING ...
+ source=/gfs/home3/modoper/tempo/global/oens/recfct/source
+ bin=/gfs/home3/modoper/tempo/global/oens/recfct/bin/T126L28
+ input=/gfs/home3/modoper/tempo/global/oens/recfct/datain
+ out=/gfs/home3/modoper/tempo/global/oens/recfct/output
+ echo run
run
+ [ run = make ]
+ echo run
run
+ [ run = clean ]
+ cd /gfs/home3/modoper/tempo/global/oens/recfct/bin/T126L28
+ echo ./recfct.T126L28 < /gfs/home3/modoper/tempo/global/oens/recfct/datain/recfctFCT01R.nml > /gfs/home3/modoper/tempo/global/oens/recfct/output/recfct.out.2012021400.05:01.T126L28
./recfct.T126L28 < /gfs/home3/modoper/tempo/global/oens/recfct/datain/recfctFCT01R.nml > /gfs/home3/modoper/tempo/global/oens/recfct/output/recfct.out.2012021400.05:01.T126L28
+ ./recfct.T126L28
+ 0< /gfs/home3/modoper/tempo/global/oens/recfct/datain/recfctFCT01R.nml 1> /gfs/home3/modoper/tempo/global/oens/recfct/output/recfct.out.2012021400.05:01.T126L28
 
 
     ******  Program Information  ******
  Real Time (sec)       :          5.574013
  User Time (sec)       :          4.135117
  Sys  Time (sec)       :          0.059576
  Vector Time (sec)     :          0.346916
  Inst. Count           :        1596986048.
  V. Inst. Count        :          16052480.
  V. Element Count      :        1289251883.
  FLOP Count            :         534710004.
  MOPS                  :        694.100226
  MFLOPS                :        129.309531
  VLEN                  :         80.314810
  V. Op. Ratio (%)      :         44.918766
  Memory Size (MB)      :        192.031250
  MIPS                  :        386.200960
  I-Cache (sec)         :          0.000871
  O-Cache (sec)         :          0.876054
  Bank (sec)            :          0.001190
 
  Start Time (date)  :  2012/02/14 05:01:46
  End   Time (date)  :  2012/02/14 05:01:52
-rw-r--r--    1 modoper  pnt            3200 Feb 14 05:01 /gfs/home3/modoper/tempo/global/oens/eof/datain/templ012012021400
sx6
PNT-EN
12021405:01
out
/gfs/home3/modoper/tempo/global/oens
/gfs/home3/modoper/tempo/global/oens
/gfs/dk22/modoper/tempo/global/oens
/gfs/dk22/modoper/tempo/global/oens/model/datain
/gfs/home3/modoper/tempo/global/oens/run/setrecfct.1.FCT01RT126L28.sx6
Date: 20120214
Hour: 05:01
FCT01R
2012021400
2012021600
GFCT01R
GFCT01R
GFCT01R
F.fct
F.fct
R.fct
/gfs/home3/modoper/tempo/global/oens
/gfs/home3/modoper/tempo/global/oens
/gfs/dk22/modoper/tempo/global/oens
/gfs/dk22/modoper/tempo/global/oens/model/datain
run
run
GFCT01R20120214002012021600F.fct.T126L28
/gfs/home3/modoper/tempo/global/oens/recfct/datain/GFCT01R20120214002012021600F.fct.T126L28
+ echo Recomposition  -x-  RUNNING ...
Recomposition  -x-  RUNNING ...
+ source=/gfs/home3/modoper/tempo/global/oens/recfct/source
+ bin=/gfs/home3/modoper/tempo/global/oens/recfct/bin/T126L28
+ input=/gfs/home3/modoper/tempo/global/oens/recfct/datain
+ out=/gfs/home3/modoper/tempo/global/oens/recfct/output
+ echo run
run
+ [ run = make ]
+ echo run
run
+ [ run = clean ]
+ cd /gfs/home3/modoper/tempo/global/oens/recfct/bin/T126L28
+ echo ./recfct.T126L28 < /gfs/home3/modoper/tempo/global/oens/recfct/datain/recfctFCT01R.nml > /gfs/home3/modoper/tempo/global/oens/recfct/output/recfct.out.2012021400.05:01.T126L28
./recfct.T126L28 < /gfs/home3/modoper/tempo/global/oens/recfct/datain/recfctFCT01R.nml > /gfs/home3/modoper/tempo/global/oens/recfct/output/recfct.out.2012021400.05:01.T126L28
+ ./recfct.T126L28
+ 0< /gfs/home3/modoper/tempo/global/oens/recfct/datain/recfctFCT01R.nml 1> /gfs/home3/modoper/tempo/global/oens/recfct/output/recfct.out.2012021400.05:01.T126L28
 
 
     ******  Program Information  ******
  Real Time (sec)       :          6.398248
  User Time (sec)       :          4.137698
  Sys  Time (sec)       :          0.069677
  Vector Time (sec)     :          0.346588
  Inst. Count           :        1596986017.
  V. Inst. Count        :          16052480.
  V. Element Count      :        1289251883.
  FLOP Count            :         534710003.
  MOPS                  :        693.667270
  MFLOPS                :        129.228873
  VLEN                  :         80.314810
  V. Op. Ratio (%)      :         44.918766
  Memory Size (MB)      :        192.031250
  MIPS                  :        385.960058
  I-Cache (sec)         :          0.003280
  O-Cache (sec)         :          0.879279
  Bank (sec)            :          0.001190
 
  Start Time (date)  :  2012/02/14 05:01:53
  End   Time (date)  :  2012/02/14 05:02:00
-rw-r--r--    1 modoper  pnt            3400 Feb 14 05:02 /gfs/home3/modoper/tempo/global/oens/eof/datain/templ012012021400
sx6
PNT-EN
12021405:02
out
/gfs/home3/modoper/tempo/global/oens
/gfs/home3/modoper/tempo/global/oens
/gfs/dk22/modoper/tempo/global/oens
/gfs/dk22/modoper/tempo/global/oens/model/datain
/gfs/home3/modoper/tempo/global/oens/run/setrecfct.1.FCT01RT126L28.sx6
Date: 20120214
Hour: 05:02
FCT01R
2012021400
2012021603
GFCT01R
GFCT01R
GFCT01R
F.fct
F.fct
R.fct
/gfs/home3/modoper/tempo/global/oens
/gfs/home3/modoper/tempo/global/oens
/gfs/dk22/modoper/tempo/global/oens
/gfs/dk22/modoper/tempo/global/oens/model/datain
run
run
GFCT01R20120214002012021603F.fct.T126L28
/gfs/home3/modoper/tempo/global/oens/recfct/datain/GFCT01R20120214002012021603F.fct.T126L28
+ echo Recomposition  -x-  RUNNING ...
Recomposition  -x-  RUNNING ...
+ source=/gfs/home3/modoper/tempo/global/oens/recfct/source
+ bin=/gfs/home3/modoper/tempo/global/oens/recfct/bin/T126L28
+ input=/gfs/home3/modoper/tempo/global/oens/recfct/datain
+ out=/gfs/home3/modoper/tempo/global/oens/recfct/output
+ echo run
run
+ [ run = make ]
+ echo run
run
+ [ run = clean ]
+ cd /gfs/home3/modoper/tempo/global/oens/recfct/bin/T126L28
+ echo ./recfct.T126L28 < /gfs/home3/modoper/tempo/global/oens/recfct/datain/recfctFCT01R.nml > /gfs/home3/modoper/tempo/global/oens/recfct/output/recfct.out.2012021400.05:02.T126L28
./recfct.T126L28 < /gfs/home3/modoper/tempo/global/oens/recfct/datain/recfctFCT01R.nml > /gfs/home3/modoper/tempo/global/oens/recfct/output/recfct.out.2012021400.05:02.T126L28
+ ./recfct.T126L28
+ 0< /gfs/home3/modoper/tempo/global/oens/recfct/datain/recfctFCT01R.nml 1> /gfs/home3/modoper/tempo/global/oens/recfct/output/recfct.out.2012021400.05:02.T126L28
 
 
     ******  Program Information  ******
  Real Time (sec)       :          7.867121
  User Time (sec)       :          4.137100
  Sys  Time (sec)       :          0.064024
  Vector Time (sec)     :          0.347278
  Inst. Count           :        1596986017.
  V. Inst. Count        :          16052480.
  V. Element Count      :        1289251883.
  FLOP Count            :         534710003.
  MOPS                  :        693.767499
  MFLOPS                :        129.247546
  VLEN                  :         80.314810
  V. Op. Ratio (%)      :         44.918766
  Memory Size (MB)      :        192.031250
  MIPS                  :        386.015826
  I-Cache (sec)         :          0.000788
  O-Cache (sec)         :          0.879757
  Bank (sec)            :          0.001190
 
  Start Time (date)  :  2012/02/14 05:02:02
  End   Time (date)  :  2012/02/14 05:02:09
-rw-r--r--    1 modoper  pnt            3600 Feb 14 05:02 /gfs/home3/modoper/tempo/global/oens/eof/datain/templ012012021400
sx6
PNT-EN
12021405:02
out
/gfs/home3/modoper/tempo/global/oens
/gfs/home3/modoper/tempo/global/oens
/gfs/dk22/modoper/tempo/global/oens
/gfs/dk22/modoper/tempo/global/oens/model/datain
/gfs/home3/modoper/tempo/global/oens/run/setrecfct.1.FCT01RT126L28.sx6
Date: 20120214
Hour: 05:02
FCT01R
2012021400
2012021606
GFCT01R
GFCT01R
GFCT01R
F.fct
F.fct
R.fct
/gfs/home3/modoper/tempo/global/oens
/gfs/home3/modoper/tempo/global/oens
/gfs/dk22/modoper/tempo/global/oens
/gfs/dk22/modoper/tempo/global/oens/model/datain
run
run
GFCT01R20120214002012021606F.fct.T126L28
/gfs/home3/modoper/tempo/global/oens/recfct/datain/GFCT01R20120214002012021606F.fct.T126L28
+ echo Recomposition  -x-  RUNNING ...
Recomposition  -x-  RUNNING ...
+ source=/gfs/home3/modoper/tempo/global/oens/recfct/source
+ bin=/gfs/home3/modoper/tempo/global/oens/recfct/bin/T126L28
+ input=/gfs/home3/modoper/tempo/global/oens/recfct/datain
+ out=/gfs/home3/modoper/tempo/global/oens/recfct/output
+ echo run
run
+ [ run = make ]
+ echo run
run
+ [ run = clean ]
+ cd /gfs/home3/modoper/tempo/global/oens/recfct/bin/T126L28
+ echo ./recfct.T126L28 < /gfs/home3/modoper/tempo/global/oens/recfct/datain/recfctFCT01R.nml > /gfs/home3/modoper/tempo/global/oens/recfct/output/recfct.out.2012021400.05:02.T126L28
./recfct.T126L28 < /gfs/home3/modoper/tempo/global/oens/recfct/datain/recfctFCT01R.nml > /gfs/home3/modoper/tempo/global/oens/recfct/output/recfct.out.2012021400.05:02.T126L28
+ ./recfct.T126L28
+ 0< /gfs/home3/modoper/tempo/global/oens/recfct/datain/recfctFCT01R.nml 1> /gfs/home3/modoper/tempo/global/oens/recfct/output/recfct.out.2012021400.05:02.T126L28
 
 
     ******  Program Information  ******
  Real Time (sec)       :          9.783248
  User Time (sec)       :          4.135302
  Sys  Time (sec)       :          0.059921
  Vector Time (sec)     :          0.346040
  Inst. Count           :        1596986017.
  V. Inst. Count        :          16052480.
  V. Element Count      :        1289251883.
  FLOP Count            :         534710003.
  MOPS                  :        694.069082
  MFLOPS                :        129.303730
  VLEN                  :         80.314810
  V. Op. Ratio (%)      :         44.918766
  Memory Size (MB)      :        192.031250
  MIPS                  :        386.183628
  I-Cache (sec)         :          0.000812
  O-Cache (sec)         :          0.879421
  Bank (sec)            :          0.001191
 
  Start Time (date)  :  2012/02/14 05:02:12
  End   Time (date)  :  2012/02/14 05:02:21
-rw-r--r--    1 modoper  pnt            3800 Feb 14 05:02 /gfs/home3/modoper/tempo/global/oens/eof/datain/templ012012021400
sx6
PNT-EN
12021405:02
out
/gfs/home3/modoper/tempo/global/oens
/gfs/home3/modoper/tempo/global/oens
/gfs/dk22/modoper/tempo/global/oens
/gfs/dk22/modoper/tempo/global/oens/model/datain
/gfs/home3/modoper/tempo/global/oens/run/setrecfct.1.FCT01RT126L28.sx6
Date: 20120214
Hour: 05:02
FCT01R
2012021400
2012021609
GFCT01R
GFCT01R
GFCT01R
F.fct
F.fct
R.fct
/gfs/home3/modoper/tempo/global/oens
/gfs/home3/modoper/tempo/global/oens
/gfs/dk22/modoper/tempo/global/oens
/gfs/dk22/modoper/tempo/global/oens/model/datain
run
run
GFCT01R20120214002012021609F.fct.T126L28
/gfs/home3/modoper/tempo/global/oens/recfct/datain/GFCT01R20120214002012021609F.fct.T126L28
+ echo Recomposition  -x-  RUNNING ...
Recomposition  -x-  RUNNING ...
+ source=/gfs/home3/modoper/tempo/global/oens/recfct/source
+ bin=/gfs/home3/modoper/tempo/global/oens/recfct/bin/T126L28
+ input=/gfs/home3/modoper/tempo/global/oens/recfct/datain
+ out=/gfs/home3/modoper/tempo/global/oens/recfct/output
+ echo run
run
+ [ run = make ]
+ echo run
run
+ [ run = clean ]
+ cd /gfs/home3/modoper/tempo/global/oens/recfct/bin/T126L28
+ echo ./recfct.T126L28 < /gfs/home3/modoper/tempo/global/oens/recfct/datain/recfctFCT01R.nml > /gfs/home3/modoper/tempo/global/oens/recfct/output/recfct.out.2012021400.05:02.T126L28
./recfct.T126L28 < /gfs/home3/modoper/tempo/global/oens/recfct/datain/recfctFCT01R.nml > /gfs/home3/modoper/tempo/global/oens/recfct/output/recfct.out.2012021400.05:02.T126L28
+ ./recfct.T126L28
+ 0< /gfs/home3/modoper/tempo/global/oens/recfct/datain/recfctFCT01R.nml 1> /gfs/home3/modoper/tempo/global/oens/recfct/output/recfct.out.2012021400.05:02.T126L28
 
 
     ******  Program Information  ******
  Real Time (sec)       :         15.463709
  User Time (sec)       :          4.129254
  Sys  Time (sec)       :          0.067215
  Vector Time (sec)     :          0.344345
  Inst. Count           :        1596986017.
  V. Inst. Count        :          16052480.
  V. Element Count      :        1289251883.
  FLOP Count            :         534710003.
  MOPS                  :        695.085742
  MFLOPS                :        129.493132
  VLEN                  :         80.314810
  V. Op. Ratio (%)      :         44.918766
  Memory Size (MB)      :        192.031250
  MIPS                  :        386.749303
  I-Cache (sec)         :          0.000788
  O-Cache (sec)         :          0.875015
  Bank (sec)            :          0.001191
 
  Start Time (date)  :  2012/02/14 05:02:23
  End   Time (date)  :  2012/02/14 05:02:38
-rw-r--r--    1 modoper  pnt            4000 Feb 14 05:02 /gfs/home3/modoper/tempo/global/oens/eof/datain/templ012012021400
sx6
PNT-EN
12021405:02
out
/gfs/home3/modoper/tempo/global/oens
/gfs/home3/modoper/tempo/global/oens
/gfs/dk22/modoper/tempo/global/oens
/gfs/dk22/modoper/tempo/global/oens/model/datain
/gfs/home3/modoper/tempo/global/oens/run/setrecfct.1.FCT01RT126L28.sx6
Date: 20120214
Hour: 05:02
FCT01R
2012021400
2012021612
GFCT01R
GFCT01R
GFCT01R
F.fct
F.fct
R.fct
/gfs/home3/modoper/tempo/global/oens
/gfs/home3/modoper/tempo/global/oens
/gfs/dk22/modoper/tempo/global/oens
/gfs/dk22/modoper/tempo/global/oens/model/datain
run
run
GFCT01R20120214002012021612F.fct.T126L28
/gfs/home3/modoper/tempo/global/oens/recfct/datain/GFCT01R20120214002012021612F.fct.T126L28
+ echo Recomposition  -x-  RUNNING ...
Recomposition  -x-  RUNNING ...
+ source=/gfs/home3/modoper/tempo/global/oens/recfct/source
+ bin=/gfs/home3/modoper/tempo/global/oens/recfct/bin/T126L28
+ input=/gfs/home3/modoper/tempo/global/oens/recfct/datain
+ out=/gfs/home3/modoper/tempo/global/oens/recfct/output
+ echo run
run
+ [ run = make ]
+ echo run
run
+ [ run = clean ]
+ cd /gfs/home3/modoper/tempo/global/oens/recfct/bin/T126L28
+ echo ./recfct.T126L28 < /gfs/home3/modoper/tempo/global/oens/recfct/datain/recfctFCT01R.nml > /gfs/home3/modoper/tempo/global/oens/recfct/output/recfct.out.2012021400.05:02.T126L28
./recfct.T126L28 < /gfs/home3/modoper/tempo/global/oens/recfct/datain/recfctFCT01R.nml > /gfs/home3/modoper/tempo/global/oens/recfct/output/recfct.out.2012021400.05:02.T126L28
+ ./recfct.T126L28
+ 0< /gfs/home3/modoper/tempo/global/oens/recfct/datain/recfctFCT01R.nml 1> /gfs/home3/modoper/tempo/global/oens/recfct/output/recfct.out.2012021400.05:02.T126L28
 
 
     ******  Program Information  ******
  Real Time (sec)       :         15.260941
  User Time (sec)       :          4.133107
  Sys  Time (sec)       :          0.105383
  Vector Time (sec)     :          0.343983
  Inst. Count           :        1596986048.
  V. Inst. Count        :          16052480.
  V. Element Count      :        1289251883.
  FLOP Count            :         534710004.
  MOPS                  :        694.437782
  MFLOPS                :        129.372417
  VLEN                  :         80.314810
  V. Op. Ratio (%)      :         44.918766
  Memory Size (MB)      :        192.031250
  MIPS                  :        386.388778
  I-Cache (sec)         :          0.004233
  O-Cache (sec)         :          0.878609
  Bank (sec)            :          0.001191
 
  Start Time (date)  :  2012/02/14 05:02:40
  End   Time (date)  :  2012/02/14 05:02:55
sx6
2012021405:02
out
/gfs/home3/modoper/tempo/global/oens
/gfs/home3/modoper/tempo/global/oens
/gfs/dk22/modoper/tempo/global/oens
/gfs/dk22/modoper/tempo/global/oens/model/datain
/gfs/home3/modoper/tempo/global/oens/run/seteofs.1.01T126L28.sx6
01
Date: 20120214
Hour: 05:02
2012021400
/gfs/home3/modoper/tempo/global/oens
/gfs/home3/modoper/tempo/global/oens
/gfs/dk22/modoper/tempo/global/oens
/gfs/dk22/modoper/tempo/global/oens/model/datain
run
run
Vai chamar eoft
+ echo EOFT           -x-  RUNNING ...
EOFT           -x-  RUNNING ...
+ source=/gfs/home3/modoper/tempo/global/oens/eoftemp/source
+ bin=/gfs/home3/modoper/tempo/global/oens/eof/bin/T126L28
+ inp=/gfs/home3/modoper/tempo/global/oens/eof/datain
+ outp=/gfs/home3/modoper/tempo/global/oens/eoftemp/output
+ echo run
run
+ [ run = make ]
+ echo run
run
+ [ run = clean ]
+ cd /gfs/home3/modoper/tempo/global/oens/eof/bin/T126L28
+ echo ./eoftem.T126L28 < /gfs/home3/modoper/tempo/global/oens/eof/datain/eoftem01.nml > /gfs/home3/modoper/tempo/global/oens/eoftemp/output/eoftem.2012021400.05:02.T126L28
./eoftem.T126L28 < /gfs/home3/modoper/tempo/global/oens/eof/datain/eoftem01.nml > /gfs/home3/modoper/tempo/global/oens/eoftemp/output/eoftem.2012021400.05:02.T126L28
+ ./eoftem.T126L28
+ 0< /gfs/home3/modoper/tempo/global/oens/eof/datain/eoftem01.nml 1> /gfs/home3/modoper/tempo/global/oens/eoftemp/output/eoftem.2012021400.05:02.T126L28
 entrou no eoft fortran
 &DATAIN DIRI=/gfs/home3/modoper/tempo/global/oens/eof/datain/                ,
 DIRA=/gfs/dk22/modoper/tempo/global/oens/model/datain/               ,
 DIRO=/gfs/dk22/modoper/tempo/global/oens/eof/dataout/T126L28/        ,
 NAMEL=templ012012021400                                               ,
 ANAME=GANLAVN2012021400R.unf.T126L28                                                      ,
 TEMOUT=temout012012021400                                              ,
 TEMPCM=tempcm012012021400                                              ,
 TEMPER1=tempe1012012021400                                              ,
 TEMPEN1=tempn1012012021400                                               /
 
 
     ******  Program Information  ******
  Real Time (sec)       :         32.756014
  User Time (sec)       :          6.579795
  Sys  Time (sec)       :          0.408447
  Vector Time (sec)     :          5.901701
  Inst. Count           :         597133609.
  V. Inst. Count        :          72972110.
  V. Element Count      :        9156489861.
  FLOP Count            :        3164565858.
  MOPS                  :       1471.269347
  MFLOPS                :        480.952012
  VLEN                  :        125.479308
  V. Op. Ratio (%)      :         94.585473
  Memory Size (MB)      :        304.031250
  MIPS                  :         90.752610
  I-Cache (sec)         :          0.003675
  O-Cache (sec)         :          0.003297
  Bank (sec)            :          0.281362
 
  Start Time (date)  :  2012/02/14 05:02:57
  End   Time (date)  :  2012/02/14 05:03:30
Vai chamar eofw
+ echo EOFW           -x-  RUNNING ...
EOFW           -x-  RUNNING ...
+ source=/gfs/home3/modoper/tempo/global/oens/eofwind/source
+ bin=/gfs/home3/modoper/tempo/global/oens/eof/bin/T126L28
+ out=/gfs/dk22/modoper/tempo/global/oens/eof/dataout/T126L28
+ inp=/gfs/home3/modoper/tempo/global/oens/eof/datain
+ outp=/gfs/home3/modoper/tempo/global/oens/eofwind/output
+ echo run
run
+ [ run = make ]
+ echo run
run
+ [ run = clean ]
+ cd /gfs/home3/modoper/tempo/global/oens/eof/bin/T126L28
+ echo ./eofwin.T126L28 < /gfs/home3/modoper/tempo/global/oens/eof/datain/eofwin01.nml > /gfs/home3/modoper/tempo/global/oens/eofwind/output/eofwin.2012021400.05:02.T126L28
./eofwin.T126L28 < /gfs/home3/modoper/tempo/global/oens/eof/datain/eofwin01.nml > /gfs/home3/modoper/tempo/global/oens/eofwind/output/eofwin.2012021400.05:02.T126L28
+ ./eofwin.T126L28
+ 0< /gfs/home3/modoper/tempo/global/oens/eof/datain/eofwin01.nml 1> /gfs/home3/modoper/tempo/global/oens/eofwind/output/eofwin.2012021400.05:02.T126L28
 
 
     ******  Program Information  ******
  Real Time (sec)       :         83.073576
  User Time (sec)       :         12.025264
  Sys  Time (sec)       :          0.669800
  Vector Time (sec)     :         10.981413
  Inst. Count           :        1009390422.
  V. Inst. Count        :         235339329.
  V. Element Count      :       26880732787.
  FLOP Count            :        7609521171.
  MOPS                  :       2299.723619
  MFLOPS                :        632.794515
  VLEN                  :        114.221167
  V. Op. Ratio (%)      :         97.201023
  Memory Size (MB)      :        624.031250
  MIPS                  :         83.939148
  I-Cache (sec)         :          0.010201
  O-Cache (sec)         :          0.021656
  Bank (sec)            :          0.599880
 
  Start Time (date)  :  2012/02/14 05:03:30
  End   Time (date)  :  2012/02/14 05:04:53
sx6
2012021405:04
out
/gfs/home3/modoper/tempo/global/oens
/gfs/home3/modoper/tempo/global/oens
/gfs/dk22/modoper/tempo/global/oens
/gfs/dk22/modoper/tempo/global/oens/model/datain
/gfs/home3/modoper/tempo/global/oens/run/setdeco01T126L28.sx6
Date: 20120214
Hour: 05:04
2012021400
/gfs/home3/modoper/tempo/global/oens
/gfs/home3/modoper/tempo/global/oens
/gfs/dk22/modoper/tempo/global/oens
/gfs/dk22/modoper/tempo/global/oens/model/datain
run
run
+ echo Decomposition  -x-  RUNNING ...
Decomposition  -x-  RUNNING ...
+ source=/gfs/home3/modoper/tempo/global/oens/decanl/source
+ bin=/gfs/home3/modoper/tempo/global/oens/decanl/bin/T126L28
+ input=/gfs/home3/modoper/tempo/global/oens/decanl/datain
+ out=/gfs/home3/modoper/tempo/global/oens/decanl/output
+ echo run
run
+ [ run = make ]
+ echo run
run
+ [ run = clean ]
+ cd /gfs/home3/modoper/tempo/global/oens/decanl/bin/T126L28
+ ./decanl.T126L28
+ 0< /gfs/home3/modoper/tempo/global/oens/decanl/datain/decanl01.nml 1> /gfs/home3/modoper/tempo/global/oens/decanl/output/decanl.2012021400.05:04.T126L28
 
 
     ******  Program Information  ******
  Real Time (sec)       :          8.421528
  User Time (sec)       :          0.829952
  Sys  Time (sec)       :          0.081812
  Vector Time (sec)     :          0.634453
  Inst. Count           :         173583870.
  V. Inst. Count        :          21078079.
  V. Element Count      :        2292782635.
  FLOP Count            :         590251093.
  MOPS                  :       2946.300121
  MFLOPS                :        711.186806
  VLEN                  :        108.775692
  V. Op. Ratio (%)      :         93.763280
  Memory Size (MB)      :        192.031250
  MIPS                  :        209.149224
  I-Cache (sec)         :          0.004278
  O-Cache (sec)         :          0.028671
  Bank (sec)            :          0.015362
 
  Start Time (date)  :  2012/02/14 05:04:54
  End   Time (date)  :  2012/02/14 05:05:03
+ echo Decomposition  -x-  RUNNING ...
Decomposition  -x-  RUNNING ...
+ source=/gfs/home3/modoper/tempo/global/oens/decanl/source
+ bin=/gfs/home3/modoper/tempo/global/oens/decanl/bin/T126L28
+ input=/gfs/home3/modoper/tempo/global/oens/decanl/datain
+ out=/gfs/home3/modoper/tempo/global/oens/decanl/output
+ echo run
run
+ [ run = make ]
+ echo run
run
+ [ run = clean ]
+ cd /gfs/home3/modoper/tempo/global/oens/decanl/bin/T126L28
+ ./decanl.T126L28
+ 0< /gfs/home3/modoper/tempo/global/oens/decanl/datain/decanl01.nml 1> /gfs/home3/modoper/tempo/global/oens/decanl/output/decanl.2012021400.05:04.T126L28
 
 
     ******  Program Information  ******
  Real Time (sec)       :          4.426241
  User Time (sec)       :          0.822161
  Sys  Time (sec)       :          0.058966
  Vector Time (sec)     :          0.630645
  Inst. Count           :         173583765.
  V. Inst. Count        :          21078079.
  V. Element Count      :        2292782629.
  FLOP Count            :         590251093.
  MOPS                  :       2974.220262
  MFLOPS                :        717.926287
  VLEN                  :        108.775692
  V. Op. Ratio (%)      :         93.763284
  Memory Size (MB)      :        192.031250
  MIPS                  :        211.131075
  I-Cache (sec)         :          0.000900
  O-Cache (sec)         :          0.026828
  Bank (sec)            :          0.015380
 
  Start Time (date)  :  2012/02/14 05:05:03
  End   Time (date)  :  2012/02/14 05:05:08
105.7u 25.2s 5:09 42% 838+176369k 91688+9867io 0w
logout
