stty: : Invalid argument
vt100
resize:  can't open terminal /dev/tty
======================================
Welcome to tupan11: SUPER-UX 14.1 SX-6
Today is Mon Oct 10 04:45:57 GMT 2011
======================================
runperreco1.sx6 126 28 01 2011101000 15 NO 07 
sx6
2011101004:45
out
/gfs/home3/modoper/tempo/global/oens
/gfs/home3/modoper/tempo/global/oens
/gfs/dk22/modoper/tempo/global/oens
/gfs/dk22/modoper/tempo/global/oens/model/datain
/gfs/home3/modoper/tempo/global/oens/run/setperreco.1.01T126L28.sx6
Date: 20111010
Hour: 04:45
2011101000


rm: ERROR: Cannot access templ012011101000: No such file or directory
-rw-r--r--    1 modoper  pnt             200 Oct 10 04:45 /gfs/home3/modoper/tempo/global/oens/eof/datain/templ012011101000
ls: ERROR: Cannot access /gfs/dk22/modoper/tempo/global/oens/recfct/dataout/T126L28/GFCT01R2011101000*.fct*: No such file or directory
sx6
PNT-EN
11101004:45
out
/gfs/home3/modoper/tempo/global/oens
/gfs/home3/modoper/tempo/global/oens
/gfs/dk22/modoper/tempo/global/oens
/gfs/dk22/modoper/tempo/global/oens/model/datain
/gfs/home3/modoper/tempo/global/oens/run/setrecfct.1.FCT01RT126L28.sx6
Date: 20111010
Hour: 04:45
FCT01R
2011101000
2011101003
GFCT01R
GFCT01R
GFCT01R
F.fct
F.fct
R.fct
/gfs/home3/modoper/tempo/global/oens
/gfs/home3/modoper/tempo/global/oens
/gfs/dk22/modoper/tempo/global/oens
/gfs/dk22/modoper/tempo/global/oens/model/datain
run
run
GFCT01R20111010002011101003F.fct.T126L28
/gfs/home3/modoper/tempo/global/oens/recfct/datain/GFCT01R20111010002011101003F.fct.T126L28
+ echo Recomposition  -x-  RUNNING ...
Recomposition  -x-  RUNNING ...
+ source=/gfs/home3/modoper/tempo/global/oens/recfct/source
+ bin=/gfs/home3/modoper/tempo/global/oens/recfct/bin/T126L28
+ input=/gfs/home3/modoper/tempo/global/oens/recfct/datain
+ out=/gfs/home3/modoper/tempo/global/oens/recfct/output
+ echo run
run
+ [ run = make ]
+ echo run
run
+ [ run = clean ]
+ cd /gfs/home3/modoper/tempo/global/oens/recfct/bin/T126L28
+ echo ./recfct.T126L28 < /gfs/home3/modoper/tempo/global/oens/recfct/datain/recfctFCT01R.nml > /gfs/home3/modoper/tempo/global/oens/recfct/output/recfct.out.2011101000.04:45.T126L28
./recfct.T126L28 < /gfs/home3/modoper/tempo/global/oens/recfct/datain/recfctFCT01R.nml > /gfs/home3/modoper/tempo/global/oens/recfct/output/recfct.out.2011101000.04:45.T126L28
+ ./recfct.T126L28
+ 0< /gfs/home3/modoper/tempo/global/oens/recfct/datain/recfctFCT01R.nml 1> /gfs/home3/modoper/tempo/global/oens/recfct/output/recfct.out.2011101000.04:45.T126L28
 
 
     ******  Program Information  ******
  Real Time (sec)       :          5.212962
  User Time (sec)       :          4.127967
  Sys  Time (sec)       :          0.058363
  Vector Time (sec)     :          0.344602
  Inst. Count           :        1596986079.
  V. Inst. Count        :          16052480.
  V. Element Count      :        1289251883.
  FLOP Count            :         534710005.
  MOPS                  :        695.302498
  MFLOPS                :        129.533511
  VLEN                  :         80.314810
  V. Op. Ratio (%)      :         44.918765
  Memory Size (MB)      :        192.031250
  MIPS                  :        386.869914
  I-Cache (sec)         :          0.001031
  O-Cache (sec)         :          0.864745
  Bank (sec)            :          0.001190
 
  Start Time (date)  :  2011/10/10 04:45:59
  End   Time (date)  :  2011/10/10 04:46:05
-rw-r--r--    1 modoper  pnt             400 Oct 10 04:46 /gfs/home3/modoper/tempo/global/oens/eof/datain/templ012011101000
sx6
PNT-EN
11101004:46
out
/gfs/home3/modoper/tempo/global/oens
/gfs/home3/modoper/tempo/global/oens
/gfs/dk22/modoper/tempo/global/oens
/gfs/dk22/modoper/tempo/global/oens/model/datain
/gfs/home3/modoper/tempo/global/oens/run/setrecfct.1.FCT01RT126L28.sx6
Date: 20111010
Hour: 04:46
FCT01R
2011101000
2011101006
GFCT01R
GFCT01R
GFCT01R
F.fct
F.fct
R.fct
/gfs/home3/modoper/tempo/global/oens
/gfs/home3/modoper/tempo/global/oens
/gfs/dk22/modoper/tempo/global/oens
/gfs/dk22/modoper/tempo/global/oens/model/datain
run
run
GFCT01R20111010002011101006F.fct.T126L28
/gfs/home3/modoper/tempo/global/oens/recfct/datain/GFCT01R20111010002011101006F.fct.T126L28
+ echo Recomposition  -x-  RUNNING ...
Recomposition  -x-  RUNNING ...
+ source=/gfs/home3/modoper/tempo/global/oens/recfct/source
+ bin=/gfs/home3/modoper/tempo/global/oens/recfct/bin/T126L28
+ input=/gfs/home3/modoper/tempo/global/oens/recfct/datain
+ out=/gfs/home3/modoper/tempo/global/oens/recfct/output
+ echo run
run
+ [ run = make ]
+ echo run
run
+ [ run = clean ]
+ cd /gfs/home3/modoper/tempo/global/oens/recfct/bin/T126L28
+ echo ./recfct.T126L28 < /gfs/home3/modoper/tempo/global/oens/recfct/datain/recfctFCT01R.nml > /gfs/home3/modoper/tempo/global/oens/recfct/output/recfct.out.2011101000.04:46.T126L28
./recfct.T126L28 < /gfs/home3/modoper/tempo/global/oens/recfct/datain/recfctFCT01R.nml > /gfs/home3/modoper/tempo/global/oens/recfct/output/recfct.out.2011101000.04:46.T126L28
+ ./recfct.T126L28
+ 0< /gfs/home3/modoper/tempo/global/oens/recfct/datain/recfctFCT01R.nml 1> /gfs/home3/modoper/tempo/global/oens/recfct/output/recfct.out.2011101000.04:46.T126L28
 
 
     ******  Program Information  ******
  Real Time (sec)       :          6.190699
  User Time (sec)       :          4.127882
  Sys  Time (sec)       :          0.056661
  Vector Time (sec)     :          0.344732
  Inst. Count           :        1596986079.
  V. Inst. Count        :          16052480.
  V. Element Count      :        1289251883.
  FLOP Count            :         534710005.
  MOPS                  :        695.316759
  MFLOPS                :        129.536168
  VLEN                  :         80.314810
  V. Op. Ratio (%)      :         44.918765
  Memory Size (MB)      :        192.031250
  MIPS                  :        386.877848
  I-Cache (sec)         :          0.000854
  O-Cache (sec)         :          0.871506
  Bank (sec)            :          0.001190
 
  Start Time (date)  :  2011/10/10 04:46:06
  End   Time (date)  :  2011/10/10 04:46:12
-rw-r--r--    1 modoper  pnt             600 Oct 10 04:46 /gfs/home3/modoper/tempo/global/oens/eof/datain/templ012011101000
sx6
PNT-EN
11101004:46
out
/gfs/home3/modoper/tempo/global/oens
/gfs/home3/modoper/tempo/global/oens
/gfs/dk22/modoper/tempo/global/oens
/gfs/dk22/modoper/tempo/global/oens/model/datain
/gfs/home3/modoper/tempo/global/oens/run/setrecfct.1.FCT01RT126L28.sx6
Date: 20111010
Hour: 04:46
FCT01R
2011101000
2011101009
GFCT01R
GFCT01R
GFCT01R
F.fct
F.fct
R.fct
/gfs/home3/modoper/tempo/global/oens
/gfs/home3/modoper/tempo/global/oens
/gfs/dk22/modoper/tempo/global/oens
/gfs/dk22/modoper/tempo/global/oens/model/datain
run
run
GFCT01R20111010002011101009F.fct.T126L28
/gfs/home3/modoper/tempo/global/oens/recfct/datain/GFCT01R20111010002011101009F.fct.T126L28
+ echo Recomposition  -x-  RUNNING ...
Recomposition  -x-  RUNNING ...
+ source=/gfs/home3/modoper/tempo/global/oens/recfct/source
+ bin=/gfs/home3/modoper/tempo/global/oens/recfct/bin/T126L28
+ input=/gfs/home3/modoper/tempo/global/oens/recfct/datain
+ out=/gfs/home3/modoper/tempo/global/oens/recfct/output
+ echo run
run
+ [ run = make ]
+ echo run
run
+ [ run = clean ]
+ cd /gfs/home3/modoper/tempo/global/oens/recfct/bin/T126L28
+ echo ./recfct.T126L28 < /gfs/home3/modoper/tempo/global/oens/recfct/datain/recfctFCT01R.nml > /gfs/home3/modoper/tempo/global/oens/recfct/output/recfct.out.2011101000.04:46.T126L28
./recfct.T126L28 < /gfs/home3/modoper/tempo/global/oens/recfct/datain/recfctFCT01R.nml > /gfs/home3/modoper/tempo/global/oens/recfct/output/recfct.out.2011101000.04:46.T126L28
+ ./recfct.T126L28
+ 0< /gfs/home3/modoper/tempo/global/oens/recfct/datain/recfctFCT01R.nml 1> /gfs/home3/modoper/tempo/global/oens/recfct/output/recfct.out.2011101000.04:46.T126L28
 
 
     ******  Program Information  ******
  Real Time (sec)       :          7.473226
  User Time (sec)       :          4.126984
  Sys  Time (sec)       :          0.058432
  Vector Time (sec)     :          0.344558
  Inst. Count           :        1596986079.
  V. Inst. Count        :          16052480.
  V. Element Count      :        1289251883.
  FLOP Count            :         534710005.
  MOPS                  :        695.467984
  MFLOPS                :        129.564340
  VLEN                  :         80.314810
  V. Op. Ratio (%)      :         44.918765
  Memory Size (MB)      :        192.031250
  MIPS                  :        386.961991
  I-Cache (sec)         :          0.000772
  O-Cache (sec)         :          0.868696
  Bank (sec)            :          0.001190
 
  Start Time (date)  :  2011/10/10 04:46:13
  End   Time (date)  :  2011/10/10 04:46:20
-rw-r--r--    1 modoper  pnt             800 Oct 10 04:46 /gfs/home3/modoper/tempo/global/oens/eof/datain/templ012011101000
sx6
PNT-EN
11101004:46
out
/gfs/home3/modoper/tempo/global/oens
/gfs/home3/modoper/tempo/global/oens
/gfs/dk22/modoper/tempo/global/oens
/gfs/dk22/modoper/tempo/global/oens/model/datain
/gfs/home3/modoper/tempo/global/oens/run/setrecfct.1.FCT01RT126L28.sx6
Date: 20111010
Hour: 04:46
FCT01R
2011101000
2011101012
GFCT01R
GFCT01R
GFCT01R
F.fct
F.fct
R.fct
/gfs/home3/modoper/tempo/global/oens
/gfs/home3/modoper/tempo/global/oens
/gfs/dk22/modoper/tempo/global/oens
/gfs/dk22/modoper/tempo/global/oens/model/datain
run
run
GFCT01R20111010002011101012F.fct.T126L28
/gfs/home3/modoper/tempo/global/oens/recfct/datain/GFCT01R20111010002011101012F.fct.T126L28
+ echo Recomposition  -x-  RUNNING ...
Recomposition  -x-  RUNNING ...
+ source=/gfs/home3/modoper/tempo/global/oens/recfct/source
+ bin=/gfs/home3/modoper/tempo/global/oens/recfct/bin/T126L28
+ input=/gfs/home3/modoper/tempo/global/oens/recfct/datain
+ out=/gfs/home3/modoper/tempo/global/oens/recfct/output
+ echo run
run
+ [ run = make ]
+ echo run
run
+ [ run = clean ]
+ cd /gfs/home3/modoper/tempo/global/oens/recfct/bin/T126L28
+ echo ./recfct.T126L28 < /gfs/home3/modoper/tempo/global/oens/recfct/datain/recfctFCT01R.nml > /gfs/home3/modoper/tempo/global/oens/recfct/output/recfct.out.2011101000.04:46.T126L28
./recfct.T126L28 < /gfs/home3/modoper/tempo/global/oens/recfct/datain/recfctFCT01R.nml > /gfs/home3/modoper/tempo/global/oens/recfct/output/recfct.out.2011101000.04:46.T126L28
+ ./recfct.T126L28
+ 0< /gfs/home3/modoper/tempo/global/oens/recfct/datain/recfctFCT01R.nml 1> /gfs/home3/modoper/tempo/global/oens/recfct/output/recfct.out.2011101000.04:46.T126L28
 
 
     ******  Program Information  ******
  Real Time (sec)       :         12.705308
  User Time (sec)       :          4.126788
  Sys  Time (sec)       :          0.060311
  Vector Time (sec)     :          0.344342
  Inst. Count           :        1596986110.
  V. Inst. Count        :          16052480.
  V. Element Count      :        1289251883.
  FLOP Count            :         534710006.
  MOPS                  :        695.501127
  MFLOPS                :        129.570514
  VLEN                  :         80.314810
  V. Op. Ratio (%)      :         44.918765
  Memory Size (MB)      :        192.031250
  MIPS                  :        386.980435
  I-Cache (sec)         :          0.000769
  O-Cache (sec)         :          0.870792
  Bank (sec)            :          0.001190
 
  Start Time (date)  :  2011/10/10 04:46:21
  End   Time (date)  :  2011/10/10 04:46:34
-rw-r--r--    1 modoper  pnt            1000 Oct 10 04:46 /gfs/home3/modoper/tempo/global/oens/eof/datain/templ012011101000
sx6
PNT-EN
11101004:46
out
/gfs/home3/modoper/tempo/global/oens
/gfs/home3/modoper/tempo/global/oens
/gfs/dk22/modoper/tempo/global/oens
/gfs/dk22/modoper/tempo/global/oens/model/datain
/gfs/home3/modoper/tempo/global/oens/run/setrecfct.1.FCT01RT126L28.sx6
Date: 20111010
Hour: 04:46
FCT01R
2011101000
2011101015
GFCT01R
GFCT01R
GFCT01R
F.fct
F.fct
R.fct
/gfs/home3/modoper/tempo/global/oens
/gfs/home3/modoper/tempo/global/oens
/gfs/dk22/modoper/tempo/global/oens
/gfs/dk22/modoper/tempo/global/oens/model/datain
run
run
GFCT01R20111010002011101015F.fct.T126L28
/gfs/home3/modoper/tempo/global/oens/recfct/datain/GFCT01R20111010002011101015F.fct.T126L28
+ echo Recomposition  -x-  RUNNING ...
Recomposition  -x-  RUNNING ...
+ source=/gfs/home3/modoper/tempo/global/oens/recfct/source
+ bin=/gfs/home3/modoper/tempo/global/oens/recfct/bin/T126L28
+ input=/gfs/home3/modoper/tempo/global/oens/recfct/datain
+ out=/gfs/home3/modoper/tempo/global/oens/recfct/output
+ echo run
run
+ [ run = make ]
+ echo run
run
+ [ run = clean ]
+ cd /gfs/home3/modoper/tempo/global/oens/recfct/bin/T126L28
+ echo ./recfct.T126L28 < /gfs/home3/modoper/tempo/global/oens/recfct/datain/recfctFCT01R.nml > /gfs/home3/modoper/tempo/global/oens/recfct/output/recfct.out.2011101000.04:46.T126L28
./recfct.T126L28 < /gfs/home3/modoper/tempo/global/oens/recfct/datain/recfctFCT01R.nml > /gfs/home3/modoper/tempo/global/oens/recfct/output/recfct.out.2011101000.04:46.T126L28
+ ./recfct.T126L28
+ 0< /gfs/home3/modoper/tempo/global/oens/recfct/datain/recfctFCT01R.nml 1> /gfs/home3/modoper/tempo/global/oens/recfct/output/recfct.out.2011101000.04:46.T126L28
 
 
     ******  Program Information  ******
  Real Time (sec)       :          9.120733
  User Time (sec)       :          4.119411
  Sys  Time (sec)       :          0.063012
  Vector Time (sec)     :          0.342041
  Inst. Count           :        1596986110.
  V. Inst. Count        :          16052480.
  V. Element Count      :        1289251883.
  FLOP Count            :         534710006.
  MOPS                  :        696.746524
  MFLOPS                :        129.802529
  VLEN                  :         80.314810
  V. Op. Ratio (%)      :         44.918765
  Memory Size (MB)      :        192.031250
  MIPS                  :        387.673381
  I-Cache (sec)         :          0.000887
  O-Cache (sec)         :          0.858673
  Bank (sec)            :          0.001191
 
  Start Time (date)  :  2011/10/10 04:46:35
  End   Time (date)  :  2011/10/10 04:46:44
-rw-r--r--    1 modoper  pnt            1200 Oct 10 04:46 /gfs/home3/modoper/tempo/global/oens/eof/datain/templ012011101000
sx6
PNT-EN
11101004:46
out
/gfs/home3/modoper/tempo/global/oens
/gfs/home3/modoper/tempo/global/oens
/gfs/dk22/modoper/tempo/global/oens
/gfs/dk22/modoper/tempo/global/oens/model/datain
/gfs/home3/modoper/tempo/global/oens/run/setrecfct.1.FCT01RT126L28.sx6
Date: 20111010
Hour: 04:46
FCT01R
2011101000
2011101018
GFCT01R
GFCT01R
GFCT01R
F.fct
F.fct
R.fct
/gfs/home3/modoper/tempo/global/oens
/gfs/home3/modoper/tempo/global/oens
/gfs/dk22/modoper/tempo/global/oens
/gfs/dk22/modoper/tempo/global/oens/model/datain
run
run
GFCT01R20111010002011101018F.fct.T126L28
/gfs/home3/modoper/tempo/global/oens/recfct/datain/GFCT01R20111010002011101018F.fct.T126L28
+ echo Recomposition  -x-  RUNNING ...
Recomposition  -x-  RUNNING ...
+ source=/gfs/home3/modoper/tempo/global/oens/recfct/source
+ bin=/gfs/home3/modoper/tempo/global/oens/recfct/bin/T126L28
+ input=/gfs/home3/modoper/tempo/global/oens/recfct/datain
+ out=/gfs/home3/modoper/tempo/global/oens/recfct/output
+ echo run
run
+ [ run = make ]
+ echo run
run
+ [ run = clean ]
+ cd /gfs/home3/modoper/tempo/global/oens/recfct/bin/T126L28
+ echo ./recfct.T126L28 < /gfs/home3/modoper/tempo/global/oens/recfct/datain/recfctFCT01R.nml > /gfs/home3/modoper/tempo/global/oens/recfct/output/recfct.out.2011101000.04:46.T126L28
./recfct.T126L28 < /gfs/home3/modoper/tempo/global/oens/recfct/datain/recfctFCT01R.nml > /gfs/home3/modoper/tempo/global/oens/recfct/output/recfct.out.2011101000.04:46.T126L28
+ ./recfct.T126L28
+ 0< /gfs/home3/modoper/tempo/global/oens/recfct/datain/recfctFCT01R.nml 1> /gfs/home3/modoper/tempo/global/oens/recfct/output/recfct.out.2011101000.04:46.T126L28
 
 
     ******  Program Information  ******
  Real Time (sec)       :         13.238017
  User Time (sec)       :          4.119807
  Sys  Time (sec)       :          0.062733
  Vector Time (sec)     :          0.342068
  Inst. Count           :        1596986110.
  V. Inst. Count        :          16052480.
  V. Element Count      :        1289251883.
  FLOP Count            :         534710006.
  MOPS                  :        696.679574
  MFLOPS                :        129.790056
  VLEN                  :         80.314810
  V. Op. Ratio (%)      :         44.918765
  Memory Size (MB)      :        192.031250
  MIPS                  :        387.636129
  I-Cache (sec)         :          0.001186
  O-Cache (sec)         :          0.858785
  Bank (sec)            :          0.001190
 
  Start Time (date)  :  2011/10/10 04:46:45
  End   Time (date)  :  2011/10/10 04:46:58
-rw-r--r--    1 modoper  pnt            1400 Oct 10 04:46 /gfs/home3/modoper/tempo/global/oens/eof/datain/templ012011101000
sx6
PNT-EN
11101004:46
out
/gfs/home3/modoper/tempo/global/oens
/gfs/home3/modoper/tempo/global/oens
/gfs/dk22/modoper/tempo/global/oens
/gfs/dk22/modoper/tempo/global/oens/model/datain
/gfs/home3/modoper/tempo/global/oens/run/setrecfct.1.FCT01RT126L28.sx6
Date: 20111010
Hour: 04:46
FCT01R
2011101000
2011101021
GFCT01R
GFCT01R
GFCT01R
F.fct
F.fct
R.fct
/gfs/home3/modoper/tempo/global/oens
/gfs/home3/modoper/tempo/global/oens
/gfs/dk22/modoper/tempo/global/oens
/gfs/dk22/modoper/tempo/global/oens/model/datain
run
run
GFCT01R20111010002011101021F.fct.T126L28
/gfs/home3/modoper/tempo/global/oens/recfct/datain/GFCT01R20111010002011101021F.fct.T126L28
+ echo Recomposition  -x-  RUNNING ...
Recomposition  -x-  RUNNING ...
+ source=/gfs/home3/modoper/tempo/global/oens/recfct/source
+ bin=/gfs/home3/modoper/tempo/global/oens/recfct/bin/T126L28
+ input=/gfs/home3/modoper/tempo/global/oens/recfct/datain
+ out=/gfs/home3/modoper/tempo/global/oens/recfct/output
+ echo run
run
+ [ run = make ]
+ echo run
run
+ [ run = clean ]
+ cd /gfs/home3/modoper/tempo/global/oens/recfct/bin/T126L28
+ echo ./recfct.T126L28 < /gfs/home3/modoper/tempo/global/oens/recfct/datain/recfctFCT01R.nml > /gfs/home3/modoper/tempo/global/oens/recfct/output/recfct.out.2011101000.04:46.T126L28
./recfct.T126L28 < /gfs/home3/modoper/tempo/global/oens/recfct/datain/recfctFCT01R.nml > /gfs/home3/modoper/tempo/global/oens/recfct/output/recfct.out.2011101000.04:46.T126L28
+ ./recfct.T126L28
+ 0< /gfs/home3/modoper/tempo/global/oens/recfct/datain/recfctFCT01R.nml 1> /gfs/home3/modoper/tempo/global/oens/recfct/output/recfct.out.2011101000.04:46.T126L28
 
 
     ******  Program Information  ******
  Real Time (sec)       :         16.141042
  User Time (sec)       :          4.126106
  Sys  Time (sec)       :          0.067645
  Vector Time (sec)     :          0.344145
  Inst. Count           :        1596986110.
  V. Inst. Count        :          16052480.
  V. Element Count      :        1289251883.
  FLOP Count            :         534710006.
  MOPS                  :        695.616025
  MFLOPS                :        129.591919
  VLEN                  :         80.314810
  V. Op. Ratio (%)      :         44.918765
  Memory Size (MB)      :        192.031250
  MIPS                  :        387.044365
  I-Cache (sec)         :          0.000931
  O-Cache (sec)         :          0.863327
  Bank (sec)            :          0.001190
 
  Start Time (date)  :  2011/10/10 04:47:00
  End   Time (date)  :  2011/10/10 04:47:16
-rw-r--r--    1 modoper  pnt            1600 Oct 10 04:47 /gfs/home3/modoper/tempo/global/oens/eof/datain/templ012011101000
sx6
PNT-EN
11101004:47
out
/gfs/home3/modoper/tempo/global/oens
/gfs/home3/modoper/tempo/global/oens
/gfs/dk22/modoper/tempo/global/oens
/gfs/dk22/modoper/tempo/global/oens/model/datain
/gfs/home3/modoper/tempo/global/oens/run/setrecfct.1.FCT01RT126L28.sx6
Date: 20111010
Hour: 04:47
FCT01R
2011101000
2011101100
GFCT01R
GFCT01R
GFCT01R
F.fct
F.fct
R.fct
/gfs/home3/modoper/tempo/global/oens
/gfs/home3/modoper/tempo/global/oens
/gfs/dk22/modoper/tempo/global/oens
/gfs/dk22/modoper/tempo/global/oens/model/datain
run
run
GFCT01R20111010002011101100F.fct.T126L28
/gfs/home3/modoper/tempo/global/oens/recfct/datain/GFCT01R20111010002011101100F.fct.T126L28
+ echo Recomposition  -x-  RUNNING ...
Recomposition  -x-  RUNNING ...
+ source=/gfs/home3/modoper/tempo/global/oens/recfct/source
+ bin=/gfs/home3/modoper/tempo/global/oens/recfct/bin/T126L28
+ input=/gfs/home3/modoper/tempo/global/oens/recfct/datain
+ out=/gfs/home3/modoper/tempo/global/oens/recfct/output
+ echo run
run
+ [ run = make ]
+ echo run
run
+ [ run = clean ]
+ cd /gfs/home3/modoper/tempo/global/oens/recfct/bin/T126L28
+ echo ./recfct.T126L28 < /gfs/home3/modoper/tempo/global/oens/recfct/datain/recfctFCT01R.nml > /gfs/home3/modoper/tempo/global/oens/recfct/output/recfct.out.2011101000.04:47.T126L28
./recfct.T126L28 < /gfs/home3/modoper/tempo/global/oens/recfct/datain/recfctFCT01R.nml > /gfs/home3/modoper/tempo/global/oens/recfct/output/recfct.out.2011101000.04:47.T126L28
+ ./recfct.T126L28
+ 0< /gfs/home3/modoper/tempo/global/oens/recfct/datain/recfctFCT01R.nml 1> /gfs/home3/modoper/tempo/global/oens/recfct/output/recfct.out.2011101000.04:47.T126L28
 
 
     ******  Program Information  ******
  Real Time (sec)       :         17.862810
  User Time (sec)       :          4.130744
  Sys  Time (sec)       :          0.083108
  Vector Time (sec)     :          0.344884
  Inst. Count           :        1596986079.
  V. Inst. Count        :          16052480.
  V. Element Count      :        1289251883.
  FLOP Count            :         534710005.
  MOPS                  :        694.835040
  MFLOPS                :        129.446424
  VLEN                  :         80.314810
  V. Op. Ratio (%)      :         44.918765
  Memory Size (MB)      :        192.031250
  MIPS                  :        386.609818
  I-Cache (sec)         :          0.002454
  O-Cache (sec)         :          0.867042
  Bank (sec)            :          0.001190
 
  Start Time (date)  :  2011/10/10 04:47:17
  End   Time (date)  :  2011/10/10 04:47:35
-rw-r--r--    1 modoper  pnt            1800 Oct 10 04:47 /gfs/home3/modoper/tempo/global/oens/eof/datain/templ012011101000
sx6
PNT-EN
11101004:47
out
/gfs/home3/modoper/tempo/global/oens
/gfs/home3/modoper/tempo/global/oens
/gfs/dk22/modoper/tempo/global/oens
/gfs/dk22/modoper/tempo/global/oens/model/datain
/gfs/home3/modoper/tempo/global/oens/run/setrecfct.1.FCT01RT126L28.sx6
Date: 20111010
Hour: 04:47
FCT01R
2011101000
2011101103
GFCT01R
GFCT01R
GFCT01R
F.fct
F.fct
R.fct
/gfs/home3/modoper/tempo/global/oens
/gfs/home3/modoper/tempo/global/oens
/gfs/dk22/modoper/tempo/global/oens
/gfs/dk22/modoper/tempo/global/oens/model/datain
run
run
GFCT01R20111010002011101103F.fct.T126L28
/gfs/home3/modoper/tempo/global/oens/recfct/datain/GFCT01R20111010002011101103F.fct.T126L28
+ echo Recomposition  -x-  RUNNING ...
Recomposition  -x-  RUNNING ...
+ source=/gfs/home3/modoper/tempo/global/oens/recfct/source
+ bin=/gfs/home3/modoper/tempo/global/oens/recfct/bin/T126L28
+ input=/gfs/home3/modoper/tempo/global/oens/recfct/datain
+ out=/gfs/home3/modoper/tempo/global/oens/recfct/output
+ echo run
run
+ [ run = make ]
+ echo run
run
+ [ run = clean ]
+ cd /gfs/home3/modoper/tempo/global/oens/recfct/bin/T126L28
+ echo ./recfct.T126L28 < /gfs/home3/modoper/tempo/global/oens/recfct/datain/recfctFCT01R.nml > /gfs/home3/modoper/tempo/global/oens/recfct/output/recfct.out.2011101000.04:47.T126L28
./recfct.T126L28 < /gfs/home3/modoper/tempo/global/oens/recfct/datain/recfctFCT01R.nml > /gfs/home3/modoper/tempo/global/oens/recfct/output/recfct.out.2011101000.04:47.T126L28
+ ./recfct.T126L28
+ 0< /gfs/home3/modoper/tempo/global/oens/recfct/datain/recfctFCT01R.nml 1> /gfs/home3/modoper/tempo/global/oens/recfct/output/recfct.out.2011101000.04:47.T126L28
 
 
     ******  Program Information  ******
  Real Time (sec)       :         19.412103
  User Time (sec)       :          4.126803
  Sys  Time (sec)       :          0.066868
  Vector Time (sec)     :          0.344361
  Inst. Count           :        1596986079.
  V. Inst. Count        :          16052480.
  V. Element Count      :        1289251883.
  FLOP Count            :         534710005.
  MOPS                  :        695.498570
  MFLOPS                :        129.570039
  VLEN                  :         80.314810
  V. Op. Ratio (%)      :         44.918765
  Memory Size (MB)      :        192.031250
  MIPS                  :        386.979009
  I-Cache (sec)         :          0.000771
  O-Cache (sec)         :          0.870503
  Bank (sec)            :          0.001190
 
  Start Time (date)  :  2011/10/10 04:47:36
  End   Time (date)  :  2011/10/10 04:47:55
-rw-r--r--    1 modoper  pnt            2000 Oct 10 04:47 /gfs/home3/modoper/tempo/global/oens/eof/datain/templ012011101000
sx6
PNT-EN
11101004:47
out
/gfs/home3/modoper/tempo/global/oens
/gfs/home3/modoper/tempo/global/oens
/gfs/dk22/modoper/tempo/global/oens
/gfs/dk22/modoper/tempo/global/oens/model/datain
/gfs/home3/modoper/tempo/global/oens/run/setrecfct.1.FCT01RT126L28.sx6
Date: 20111010
Hour: 04:47
FCT01R
2011101000
2011101106
GFCT01R
GFCT01R
GFCT01R
F.fct
F.fct
R.fct
/gfs/home3/modoper/tempo/global/oens
/gfs/home3/modoper/tempo/global/oens
/gfs/dk22/modoper/tempo/global/oens
/gfs/dk22/modoper/tempo/global/oens/model/datain
run
run
GFCT01R20111010002011101106F.fct.T126L28
/gfs/home3/modoper/tempo/global/oens/recfct/datain/GFCT01R20111010002011101106F.fct.T126L28
+ echo Recomposition  -x-  RUNNING ...
Recomposition  -x-  RUNNING ...
+ source=/gfs/home3/modoper/tempo/global/oens/recfct/source
+ bin=/gfs/home3/modoper/tempo/global/oens/recfct/bin/T126L28
+ input=/gfs/home3/modoper/tempo/global/oens/recfct/datain
+ out=/gfs/home3/modoper/tempo/global/oens/recfct/output
+ echo run
run
+ [ run = make ]
+ echo run
run
+ [ run = clean ]
+ cd /gfs/home3/modoper/tempo/global/oens/recfct/bin/T126L28
+ echo ./recfct.T126L28 < /gfs/home3/modoper/tempo/global/oens/recfct/datain/recfctFCT01R.nml > /gfs/home3/modoper/tempo/global/oens/recfct/output/recfct.out.2011101000.04:47.T126L28
./recfct.T126L28 < /gfs/home3/modoper/tempo/global/oens/recfct/datain/recfctFCT01R.nml > /gfs/home3/modoper/tempo/global/oens/recfct/output/recfct.out.2011101000.04:47.T126L28
+ ./recfct.T126L28
+ 0< /gfs/home3/modoper/tempo/global/oens/recfct/datain/recfctFCT01R.nml 1> /gfs/home3/modoper/tempo/global/oens/recfct/output/recfct.out.2011101000.04:47.T126L28
 
 
     ******  Program Information  ******
  Real Time (sec)       :         11.923445
  User Time (sec)       :          4.129160
  Sys  Time (sec)       :          0.059757
  Vector Time (sec)     :          0.345603
  Inst. Count           :        1596986079.
  V. Inst. Count        :          16052480.
  V. Element Count      :        1289251883.
  FLOP Count            :         534710005.
  MOPS                  :        695.101558
  MFLOPS                :        129.496076
  VLEN                  :         80.314810
  V. Op. Ratio (%)      :         44.918765
  Memory Size (MB)      :        192.031250
  MIPS                  :        386.758110
  I-Cache (sec)         :          0.000772
  O-Cache (sec)         :          0.870039
  Bank (sec)            :          0.001190
 
  Start Time (date)  :  2011/10/10 04:47:57
  End   Time (date)  :  2011/10/10 04:48:08
-rw-r--r--    1 modoper  pnt            2200 Oct 10 04:48 /gfs/home3/modoper/tempo/global/oens/eof/datain/templ012011101000
sx6
PNT-EN
11101004:48
out
/gfs/home3/modoper/tempo/global/oens
/gfs/home3/modoper/tempo/global/oens
/gfs/dk22/modoper/tempo/global/oens
/gfs/dk22/modoper/tempo/global/oens/model/datain
/gfs/home3/modoper/tempo/global/oens/run/setrecfct.1.FCT01RT126L28.sx6
Date: 20111010
Hour: 04:48
FCT01R
2011101000
2011101109
GFCT01R
GFCT01R
GFCT01R
F.fct
F.fct
R.fct
/gfs/home3/modoper/tempo/global/oens
/gfs/home3/modoper/tempo/global/oens
/gfs/dk22/modoper/tempo/global/oens
/gfs/dk22/modoper/tempo/global/oens/model/datain
run
run
GFCT01R20111010002011101109F.fct.T126L28
/gfs/home3/modoper/tempo/global/oens/recfct/datain/GFCT01R20111010002011101109F.fct.T126L28
+ echo Recomposition  -x-  RUNNING ...
Recomposition  -x-  RUNNING ...
+ source=/gfs/home3/modoper/tempo/global/oens/recfct/source
+ bin=/gfs/home3/modoper/tempo/global/oens/recfct/bin/T126L28
+ input=/gfs/home3/modoper/tempo/global/oens/recfct/datain
+ out=/gfs/home3/modoper/tempo/global/oens/recfct/output
+ echo run
run
+ [ run = make ]
+ echo run
run
+ [ run = clean ]
+ cd /gfs/home3/modoper/tempo/global/oens/recfct/bin/T126L28
+ echo ./recfct.T126L28 < /gfs/home3/modoper/tempo/global/oens/recfct/datain/recfctFCT01R.nml > /gfs/home3/modoper/tempo/global/oens/recfct/output/recfct.out.2011101000.04:48.T126L28
./recfct.T126L28 < /gfs/home3/modoper/tempo/global/oens/recfct/datain/recfctFCT01R.nml > /gfs/home3/modoper/tempo/global/oens/recfct/output/recfct.out.2011101000.04:48.T126L28
+ ./recfct.T126L28
+ 0< /gfs/home3/modoper/tempo/global/oens/recfct/datain/recfctFCT01R.nml 1> /gfs/home3/modoper/tempo/global/oens/recfct/output/recfct.out.2011101000.04:48.T126L28
 
 
     ******  Program Information  ******
  Real Time (sec)       :         21.412141
  User Time (sec)       :          4.123441
  Sys  Time (sec)       :          0.065350
  Vector Time (sec)     :          0.343373
  Inst. Count           :        1596986079.
  V. Inst. Count        :          16052480.
  V. Element Count      :        1289251883.
  FLOP Count            :         534710005.
  MOPS                  :        696.065678
  MFLOPS                :        129.675690
  VLEN                  :         80.314810
  V. Op. Ratio (%)      :         44.918765
  Memory Size (MB)      :        192.031250
  MIPS                  :        387.294551
  I-Cache (sec)         :          0.000895
  O-Cache (sec)         :          0.861416
  Bank (sec)            :          0.001190
 
  Start Time (date)  :  2011/10/10 04:48:10
  End   Time (date)  :  2011/10/10 04:48:31
-rw-r--r--    1 modoper  pnt            2400 Oct 10 04:48 /gfs/home3/modoper/tempo/global/oens/eof/datain/templ012011101000
sx6
PNT-EN
11101004:48
out
/gfs/home3/modoper/tempo/global/oens
/gfs/home3/modoper/tempo/global/oens
/gfs/dk22/modoper/tempo/global/oens
/gfs/dk22/modoper/tempo/global/oens/model/datain
/gfs/home3/modoper/tempo/global/oens/run/setrecfct.1.FCT01RT126L28.sx6
Date: 20111010
Hour: 04:48
FCT01R
2011101000
2011101112
GFCT01R
GFCT01R
GFCT01R
F.fct
F.fct
R.fct
/gfs/home3/modoper/tempo/global/oens
/gfs/home3/modoper/tempo/global/oens
/gfs/dk22/modoper/tempo/global/oens
/gfs/dk22/modoper/tempo/global/oens/model/datain
run
run
GFCT01R20111010002011101112F.fct.T126L28
/gfs/home3/modoper/tempo/global/oens/recfct/datain/GFCT01R20111010002011101112F.fct.T126L28
+ echo Recomposition  -x-  RUNNING ...
Recomposition  -x-  RUNNING ...
+ source=/gfs/home3/modoper/tempo/global/oens/recfct/source
+ bin=/gfs/home3/modoper/tempo/global/oens/recfct/bin/T126L28
+ input=/gfs/home3/modoper/tempo/global/oens/recfct/datain
+ out=/gfs/home3/modoper/tempo/global/oens/recfct/output
+ echo run
run
+ [ run = make ]
+ echo run
run
+ [ run = clean ]
+ cd /gfs/home3/modoper/tempo/global/oens/recfct/bin/T126L28
+ echo ./recfct.T126L28 < /gfs/home3/modoper/tempo/global/oens/recfct/datain/recfctFCT01R.nml > /gfs/home3/modoper/tempo/global/oens/recfct/output/recfct.out.2011101000.04:48.T126L28
./recfct.T126L28 < /gfs/home3/modoper/tempo/global/oens/recfct/datain/recfctFCT01R.nml > /gfs/home3/modoper/tempo/global/oens/recfct/output/recfct.out.2011101000.04:48.T126L28
+ ./recfct.T126L28
+ 0< /gfs/home3/modoper/tempo/global/oens/recfct/datain/recfctFCT01R.nml 1> /gfs/home3/modoper/tempo/global/oens/recfct/output/recfct.out.2011101000.04:48.T126L28
 
 
     ******  Program Information  ******
  Real Time (sec)       :         22.325816
  User Time (sec)       :          4.129429
  Sys  Time (sec)       :          0.067229
  Vector Time (sec)     :          0.345576
  Inst. Count           :        1596986110.
  V. Inst. Count        :          16052480.
  V. Element Count      :        1289251883.
  FLOP Count            :         534710006.
  MOPS                  :        695.056254
  MFLOPS                :        129.487635
  VLEN                  :         80.314810
  V. Op. Ratio (%)      :         44.918765
  Memory Size (MB)      :        192.031250
  MIPS                  :        386.732906
  I-Cache (sec)         :          0.000970
  O-Cache (sec)         :          0.865163
  Bank (sec)            :          0.001190
 
  Start Time (date)  :  2011/10/10 04:48:33
  End   Time (date)  :  2011/10/10 04:48:55
-rw-r--r--    1 modoper  pnt            2600 Oct 10 04:48 /gfs/home3/modoper/tempo/global/oens/eof/datain/templ012011101000
sx6
PNT-EN
11101004:48
out
/gfs/home3/modoper/tempo/global/oens
/gfs/home3/modoper/tempo/global/oens
/gfs/dk22/modoper/tempo/global/oens
/gfs/dk22/modoper/tempo/global/oens/model/datain
/gfs/home3/modoper/tempo/global/oens/run/setrecfct.1.FCT01RT126L28.sx6
Date: 20111010
Hour: 04:48
FCT01R
2011101000
2011101115
GFCT01R
GFCT01R
GFCT01R
F.fct
F.fct
R.fct
/gfs/home3/modoper/tempo/global/oens
/gfs/home3/modoper/tempo/global/oens
/gfs/dk22/modoper/tempo/global/oens
/gfs/dk22/modoper/tempo/global/oens/model/datain
run
run
GFCT01R20111010002011101115F.fct.T126L28
/gfs/home3/modoper/tempo/global/oens/recfct/datain/GFCT01R20111010002011101115F.fct.T126L28
+ echo Recomposition  -x-  RUNNING ...
Recomposition  -x-  RUNNING ...
+ source=/gfs/home3/modoper/tempo/global/oens/recfct/source
+ bin=/gfs/home3/modoper/tempo/global/oens/recfct/bin/T126L28
+ input=/gfs/home3/modoper/tempo/global/oens/recfct/datain
+ out=/gfs/home3/modoper/tempo/global/oens/recfct/output
+ echo run
run
+ [ run = make ]
+ echo run
run
+ [ run = clean ]
+ cd /gfs/home3/modoper/tempo/global/oens/recfct/bin/T126L28
+ echo ./recfct.T126L28 < /gfs/home3/modoper/tempo/global/oens/recfct/datain/recfctFCT01R.nml > /gfs/home3/modoper/tempo/global/oens/recfct/output/recfct.out.2011101000.04:48.T126L28
./recfct.T126L28 < /gfs/home3/modoper/tempo/global/oens/recfct/datain/recfctFCT01R.nml > /gfs/home3/modoper/tempo/global/oens/recfct/output/recfct.out.2011101000.04:48.T126L28
+ ./recfct.T126L28
+ 0< /gfs/home3/modoper/tempo/global/oens/recfct/datain/recfctFCT01R.nml 1> /gfs/home3/modoper/tempo/global/oens/recfct/output/recfct.out.2011101000.04:48.T126L28
 
 
     ******  Program Information  ******
  Real Time (sec)       :         15.063625
  User Time (sec)       :          4.129501
  Sys  Time (sec)       :          0.066253
  Vector Time (sec)     :          0.345276
  Inst. Count           :        1596986110.
  V. Inst. Count        :          16052480.
  V. Element Count      :        1289251883.
  FLOP Count            :         534710006.
  MOPS                  :        695.044198
  MFLOPS                :        129.485389
  VLEN                  :         80.314810
  V. Op. Ratio (%)      :         44.918765
  Memory Size (MB)      :        192.031250
  MIPS                  :        386.726198
  I-Cache (sec)         :          0.000830
  O-Cache (sec)         :          0.870352
  Bank (sec)            :          0.001190
 
  Start Time (date)  :  2011/10/10 04:48:56
  End   Time (date)  :  2011/10/10 04:49:11
-rw-r--r--    1 modoper  pnt            2800 Oct 10 04:49 /gfs/home3/modoper/tempo/global/oens/eof/datain/templ012011101000
sx6
PNT-EN
11101004:49
out
/gfs/home3/modoper/tempo/global/oens
/gfs/home3/modoper/tempo/global/oens
/gfs/dk22/modoper/tempo/global/oens
/gfs/dk22/modoper/tempo/global/oens/model/datain
/gfs/home3/modoper/tempo/global/oens/run/setrecfct.1.FCT01RT126L28.sx6
Date: 20111010
Hour: 04:49
FCT01R
2011101000
2011101118
GFCT01R
GFCT01R
GFCT01R
F.fct
F.fct
R.fct
/gfs/home3/modoper/tempo/global/oens
/gfs/home3/modoper/tempo/global/oens
/gfs/dk22/modoper/tempo/global/oens
/gfs/dk22/modoper/tempo/global/oens/model/datain
run
run
GFCT01R20111010002011101118F.fct.T126L28
/gfs/home3/modoper/tempo/global/oens/recfct/datain/GFCT01R20111010002011101118F.fct.T126L28
+ echo Recomposition  -x-  RUNNING ...
Recomposition  -x-  RUNNING ...
+ source=/gfs/home3/modoper/tempo/global/oens/recfct/source
+ bin=/gfs/home3/modoper/tempo/global/oens/recfct/bin/T126L28
+ input=/gfs/home3/modoper/tempo/global/oens/recfct/datain
+ out=/gfs/home3/modoper/tempo/global/oens/recfct/output
+ echo run
run
+ [ run = make ]
+ echo run
run
+ [ run = clean ]
+ cd /gfs/home3/modoper/tempo/global/oens/recfct/bin/T126L28
+ echo ./recfct.T126L28 < /gfs/home3/modoper/tempo/global/oens/recfct/datain/recfctFCT01R.nml > /gfs/home3/modoper/tempo/global/oens/recfct/output/recfct.out.2011101000.04:49.T126L28
./recfct.T126L28 < /gfs/home3/modoper/tempo/global/oens/recfct/datain/recfctFCT01R.nml > /gfs/home3/modoper/tempo/global/oens/recfct/output/recfct.out.2011101000.04:49.T126L28
+ ./recfct.T126L28
+ 0< /gfs/home3/modoper/tempo/global/oens/recfct/datain/recfctFCT01R.nml 1> /gfs/home3/modoper/tempo/global/oens/recfct/output/recfct.out.2011101000.04:49.T126L28
 
 
     ******  Program Information  ******
  Real Time (sec)       :         22.318341
  User Time (sec)       :          4.134028
  Sys  Time (sec)       :          0.072197
  Vector Time (sec)     :          0.346424
  Inst. Count           :        1596986110.
  V. Inst. Count        :          16052480.
  V. Element Count      :        1289251883.
  FLOP Count            :         534710006.
  MOPS                  :        694.283076
  MFLOPS                :        129.343593
  VLEN                  :         80.314810
  V. Op. Ratio (%)      :         44.918765
  Memory Size (MB)      :        192.031250
  MIPS                  :        386.302705
  I-Cache (sec)         :          0.001615
  O-Cache (sec)         :          0.868982
  Bank (sec)            :          0.001189
 
  Start Time (date)  :  2011/10/10 04:49:13
  End   Time (date)  :  2011/10/10 04:49:35
-rw-r--r--    1 modoper  pnt            3000 Oct 10 04:49 /gfs/home3/modoper/tempo/global/oens/eof/datain/templ012011101000
sx6
PNT-EN
11101004:49
out
/gfs/home3/modoper/tempo/global/oens
/gfs/home3/modoper/tempo/global/oens
/gfs/dk22/modoper/tempo/global/oens
/gfs/dk22/modoper/tempo/global/oens/model/datain
/gfs/home3/modoper/tempo/global/oens/run/setrecfct.1.FCT01RT126L28.sx6
Date: 20111010
Hour: 04:49
FCT01R
2011101000
2011101121
GFCT01R
GFCT01R
GFCT01R
F.fct
F.fct
R.fct
/gfs/home3/modoper/tempo/global/oens
/gfs/home3/modoper/tempo/global/oens
/gfs/dk22/modoper/tempo/global/oens
/gfs/dk22/modoper/tempo/global/oens/model/datain
run
run
GFCT01R20111010002011101121F.fct.T126L28
/gfs/home3/modoper/tempo/global/oens/recfct/datain/GFCT01R20111010002011101121F.fct.T126L28
+ echo Recomposition  -x-  RUNNING ...
Recomposition  -x-  RUNNING ...
+ source=/gfs/home3/modoper/tempo/global/oens/recfct/source
+ bin=/gfs/home3/modoper/tempo/global/oens/recfct/bin/T126L28
+ input=/gfs/home3/modoper/tempo/global/oens/recfct/datain
+ out=/gfs/home3/modoper/tempo/global/oens/recfct/output
+ echo run
run
+ [ run = make ]
+ echo run
run
+ [ run = clean ]
+ cd /gfs/home3/modoper/tempo/global/oens/recfct/bin/T126L28
+ echo ./recfct.T126L28 < /gfs/home3/modoper/tempo/global/oens/recfct/datain/recfctFCT01R.nml > /gfs/home3/modoper/tempo/global/oens/recfct/output/recfct.out.2011101000.04:49.T126L28
./recfct.T126L28 < /gfs/home3/modoper/tempo/global/oens/recfct/datain/recfctFCT01R.nml > /gfs/home3/modoper/tempo/global/oens/recfct/output/recfct.out.2011101000.04:49.T126L28
+ ./recfct.T126L28
+ 0< /gfs/home3/modoper/tempo/global/oens/recfct/datain/recfctFCT01R.nml 1> /gfs/home3/modoper/tempo/global/oens/recfct/output/recfct.out.2011101000.04:49.T126L28
 
 
     ******  Program Information  ******
  Real Time (sec)       :         16.275994
  User Time (sec)       :          4.128132
  Sys  Time (sec)       :          0.065689
  Vector Time (sec)     :          0.344608
  Inst. Count           :        1596986110.
  V. Inst. Count        :          16052480.
  V. Element Count      :        1289251883.
  FLOP Count            :         534710006.
  MOPS                  :        695.274664
  MFLOPS                :        129.528324
  VLEN                  :         80.314810
  V. Op. Ratio (%)      :         44.918765
  Memory Size (MB)      :        192.031250
  MIPS                  :        386.854430
  I-Cache (sec)         :          0.000767
  O-Cache (sec)         :          0.871724
  Bank (sec)            :          0.001190
 
  Start Time (date)  :  2011/10/10 04:49:37
  End   Time (date)  :  2011/10/10 04:49:53
-rw-r--r--    1 modoper  pnt            3200 Oct 10 04:49 /gfs/home3/modoper/tempo/global/oens/eof/datain/templ012011101000
sx6
PNT-EN
11101004:49
out
/gfs/home3/modoper/tempo/global/oens
/gfs/home3/modoper/tempo/global/oens
/gfs/dk22/modoper/tempo/global/oens
/gfs/dk22/modoper/tempo/global/oens/model/datain
/gfs/home3/modoper/tempo/global/oens/run/setrecfct.1.FCT01RT126L28.sx6
Date: 20111010
Hour: 04:49
FCT01R
2011101000
2011101200
GFCT01R
GFCT01R
GFCT01R
F.fct
F.fct
R.fct
/gfs/home3/modoper/tempo/global/oens
/gfs/home3/modoper/tempo/global/oens
/gfs/dk22/modoper/tempo/global/oens
/gfs/dk22/modoper/tempo/global/oens/model/datain
run
run
GFCT01R20111010002011101200F.fct.T126L28
/gfs/home3/modoper/tempo/global/oens/recfct/datain/GFCT01R20111010002011101200F.fct.T126L28
+ echo Recomposition  -x-  RUNNING ...
Recomposition  -x-  RUNNING ...
+ source=/gfs/home3/modoper/tempo/global/oens/recfct/source
+ bin=/gfs/home3/modoper/tempo/global/oens/recfct/bin/T126L28
+ input=/gfs/home3/modoper/tempo/global/oens/recfct/datain
+ out=/gfs/home3/modoper/tempo/global/oens/recfct/output
+ echo run
run
+ [ run = make ]
+ echo run
run
+ [ run = clean ]
+ cd /gfs/home3/modoper/tempo/global/oens/recfct/bin/T126L28
+ echo ./recfct.T126L28 < /gfs/home3/modoper/tempo/global/oens/recfct/datain/recfctFCT01R.nml > /gfs/home3/modoper/tempo/global/oens/recfct/output/recfct.out.2011101000.04:49.T126L28
./recfct.T126L28 < /gfs/home3/modoper/tempo/global/oens/recfct/datain/recfctFCT01R.nml > /gfs/home3/modoper/tempo/global/oens/recfct/output/recfct.out.2011101000.04:49.T126L28
+ ./recfct.T126L28
+ 0< /gfs/home3/modoper/tempo/global/oens/recfct/datain/recfctFCT01R.nml 1> /gfs/home3/modoper/tempo/global/oens/recfct/output/recfct.out.2011101000.04:49.T126L28
 
 
     ******  Program Information  ******
  Real Time (sec)       :         21.422859
  User Time (sec)       :          4.130325
  Sys  Time (sec)       :          0.112172
  Vector Time (sec)     :          0.343835
  Inst. Count           :        1596986079.
  V. Inst. Count        :          16052480.
  V. Element Count      :        1289251883.
  FLOP Count            :         534710005.
  MOPS                  :        694.905512
  MFLOPS                :        129.459553
  VLEN                  :         80.314810
  V. Op. Ratio (%)      :         44.918765
  Memory Size (MB)      :        192.031250
  MIPS                  :        386.649028
  I-Cache (sec)         :          0.004842
  O-Cache (sec)         :          0.867346
  Bank (sec)            :          0.001190
 
  Start Time (date)  :  2011/10/10 04:49:54
  End   Time (date)  :  2011/10/10 04:50:16
-rw-r--r--    1 modoper  pnt            3400 Oct 10 04:50 /gfs/home3/modoper/tempo/global/oens/eof/datain/templ012011101000
sx6
PNT-EN
11101004:50
out
/gfs/home3/modoper/tempo/global/oens
/gfs/home3/modoper/tempo/global/oens
/gfs/dk22/modoper/tempo/global/oens
/gfs/dk22/modoper/tempo/global/oens/model/datain
/gfs/home3/modoper/tempo/global/oens/run/setrecfct.1.FCT01RT126L28.sx6
Date: 20111010
Hour: 04:50
FCT01R
2011101000
2011101203
GFCT01R
GFCT01R
GFCT01R
F.fct
F.fct
R.fct
/gfs/home3/modoper/tempo/global/oens
/gfs/home3/modoper/tempo/global/oens
/gfs/dk22/modoper/tempo/global/oens
/gfs/dk22/modoper/tempo/global/oens/model/datain
run
run
GFCT01R20111010002011101203F.fct.T126L28
/gfs/home3/modoper/tempo/global/oens/recfct/datain/GFCT01R20111010002011101203F.fct.T126L28
+ echo Recomposition  -x-  RUNNING ...
Recomposition  -x-  RUNNING ...
+ source=/gfs/home3/modoper/tempo/global/oens/recfct/source
+ bin=/gfs/home3/modoper/tempo/global/oens/recfct/bin/T126L28
+ input=/gfs/home3/modoper/tempo/global/oens/recfct/datain
+ out=/gfs/home3/modoper/tempo/global/oens/recfct/output
+ echo run
run
+ [ run = make ]
+ echo run
run
+ [ run = clean ]
+ cd /gfs/home3/modoper/tempo/global/oens/recfct/bin/T126L28
+ echo ./recfct.T126L28 < /gfs/home3/modoper/tempo/global/oens/recfct/datain/recfctFCT01R.nml > /gfs/home3/modoper/tempo/global/oens/recfct/output/recfct.out.2011101000.04:50.T126L28
./recfct.T126L28 < /gfs/home3/modoper/tempo/global/oens/recfct/datain/recfctFCT01R.nml > /gfs/home3/modoper/tempo/global/oens/recfct/output/recfct.out.2011101000.04:50.T126L28
+ ./recfct.T126L28
+ 0< /gfs/home3/modoper/tempo/global/oens/recfct/datain/recfctFCT01R.nml 1> /gfs/home3/modoper/tempo/global/oens/recfct/output/recfct.out.2011101000.04:50.T126L28
 
 
     ******  Program Information  ******
  Real Time (sec)       :         19.729168
  User Time (sec)       :          4.129528
  Sys  Time (sec)       :          0.071754
  Vector Time (sec)     :          0.344880
  Inst. Count           :        1596986079.
  V. Inst. Count        :          16052480.
  V. Element Count      :        1289251883.
  FLOP Count            :         534710005.
  MOPS                  :        695.039649
  MFLOPS                :        129.484543
  VLEN                  :         80.314810
  V. Op. Ratio (%)      :         44.918765
  Memory Size (MB)      :        192.031250
  MIPS                  :        386.723663
  I-Cache (sec)         :          0.001309
  O-Cache (sec)         :          0.866154
  Bank (sec)            :          0.001190
 
  Start Time (date)  :  2011/10/10 04:50:18
  End   Time (date)  :  2011/10/10 04:50:37
-rw-r--r--    1 modoper  pnt            3600 Oct 10 04:50 /gfs/home3/modoper/tempo/global/oens/eof/datain/templ012011101000
sx6
PNT-EN
11101004:50
out
/gfs/home3/modoper/tempo/global/oens
/gfs/home3/modoper/tempo/global/oens
/gfs/dk22/modoper/tempo/global/oens
/gfs/dk22/modoper/tempo/global/oens/model/datain
/gfs/home3/modoper/tempo/global/oens/run/setrecfct.1.FCT01RT126L28.sx6
Date: 20111010
Hour: 04:50
FCT01R
2011101000
2011101206
GFCT01R
GFCT01R
GFCT01R
F.fct
F.fct
R.fct
/gfs/home3/modoper/tempo/global/oens
/gfs/home3/modoper/tempo/global/oens
/gfs/dk22/modoper/tempo/global/oens
/gfs/dk22/modoper/tempo/global/oens/model/datain
run
run
GFCT01R20111010002011101206F.fct.T126L28
/gfs/home3/modoper/tempo/global/oens/recfct/datain/GFCT01R20111010002011101206F.fct.T126L28
+ echo Recomposition  -x-  RUNNING ...
Recomposition  -x-  RUNNING ...
+ source=/gfs/home3/modoper/tempo/global/oens/recfct/source
+ bin=/gfs/home3/modoper/tempo/global/oens/recfct/bin/T126L28
+ input=/gfs/home3/modoper/tempo/global/oens/recfct/datain
+ out=/gfs/home3/modoper/tempo/global/oens/recfct/output
+ echo run
run
+ [ run = make ]
+ echo run
run
+ [ run = clean ]
+ cd /gfs/home3/modoper/tempo/global/oens/recfct/bin/T126L28
+ echo ./recfct.T126L28 < /gfs/home3/modoper/tempo/global/oens/recfct/datain/recfctFCT01R.nml > /gfs/home3/modoper/tempo/global/oens/recfct/output/recfct.out.2011101000.04:50.T126L28
./recfct.T126L28 < /gfs/home3/modoper/tempo/global/oens/recfct/datain/recfctFCT01R.nml > /gfs/home3/modoper/tempo/global/oens/recfct/output/recfct.out.2011101000.04:50.T126L28
+ ./recfct.T126L28
+ 0< /gfs/home3/modoper/tempo/global/oens/recfct/datain/recfctFCT01R.nml 1> /gfs/home3/modoper/tempo/global/oens/recfct/output/recfct.out.2011101000.04:50.T126L28
 
 
     ******  Program Information  ******
  Real Time (sec)       :         19.963125
  User Time (sec)       :          4.136931
  Sys  Time (sec)       :          0.099960
  Vector Time (sec)     :          0.346133
  Inst. Count           :        1596986079.
  V. Inst. Count        :          16052480.
  V. Element Count      :        1289251883.
  FLOP Count            :         534710005.
  MOPS                  :        693.795887
  MFLOPS                :        129.252832
  VLEN                  :         80.314810
  V. Op. Ratio (%)      :         44.918765
  Memory Size (MB)      :        192.031250
  MIPS                  :        386.031627
  I-Cache (sec)         :          0.004053
  O-Cache (sec)         :          0.871961
  Bank (sec)            :          0.001190
 
  Start Time (date)  :  2011/10/10 04:50:39
  End   Time (date)  :  2011/10/10 04:50:59
-rw-r--r--    1 modoper  pnt            3800 Oct 10 04:50 /gfs/home3/modoper/tempo/global/oens/eof/datain/templ012011101000
sx6
PNT-EN
11101004:51
out
/gfs/home3/modoper/tempo/global/oens
/gfs/home3/modoper/tempo/global/oens
/gfs/dk22/modoper/tempo/global/oens
/gfs/dk22/modoper/tempo/global/oens/model/datain
/gfs/home3/modoper/tempo/global/oens/run/setrecfct.1.FCT01RT126L28.sx6
Date: 20111010
Hour: 04:51
FCT01R
2011101000
2011101209
GFCT01R
GFCT01R
GFCT01R
F.fct
F.fct
R.fct
/gfs/home3/modoper/tempo/global/oens
/gfs/home3/modoper/tempo/global/oens
/gfs/dk22/modoper/tempo/global/oens
/gfs/dk22/modoper/tempo/global/oens/model/datain
run
run
GFCT01R20111010002011101209F.fct.T126L28
/gfs/home3/modoper/tempo/global/oens/recfct/datain/GFCT01R20111010002011101209F.fct.T126L28
+ echo Recomposition  -x-  RUNNING ...
Recomposition  -x-  RUNNING ...
+ source=/gfs/home3/modoper/tempo/global/oens/recfct/source
+ bin=/gfs/home3/modoper/tempo/global/oens/recfct/bin/T126L28
+ input=/gfs/home3/modoper/tempo/global/oens/recfct/datain
+ out=/gfs/home3/modoper/tempo/global/oens/recfct/output
+ echo run
run
+ [ run = make ]
+ echo run
run
+ [ run = clean ]
+ cd /gfs/home3/modoper/tempo/global/oens/recfct/bin/T126L28
+ echo ./recfct.T126L28 < /gfs/home3/modoper/tempo/global/oens/recfct/datain/recfctFCT01R.nml > /gfs/home3/modoper/tempo/global/oens/recfct/output/recfct.out.2011101000.04:51.T126L28
./recfct.T126L28 < /gfs/home3/modoper/tempo/global/oens/recfct/datain/recfctFCT01R.nml > /gfs/home3/modoper/tempo/global/oens/recfct/output/recfct.out.2011101000.04:51.T126L28
+ ./recfct.T126L28
+ 0< /gfs/home3/modoper/tempo/global/oens/recfct/datain/recfctFCT01R.nml 1> /gfs/home3/modoper/tempo/global/oens/recfct/output/recfct.out.2011101000.04:51.T126L28
 
 
     ******  Program Information  ******
  Real Time (sec)       :         20.580088
  User Time (sec)       :          4.128332
  Sys  Time (sec)       :          0.062488
  Vector Time (sec)     :          0.344620
  Inst. Count           :        1596986079.
  V. Inst. Count        :          16052480.
  V. Element Count      :        1289251883.
  FLOP Count            :         534710005.
  MOPS                  :        695.240948
  MFLOPS                :        129.522044
  VLEN                  :         80.314810
  V. Op. Ratio (%)      :         44.918765
  Memory Size (MB)      :        192.031250
  MIPS                  :        386.835667
  I-Cache (sec)         :          0.000986
  O-Cache (sec)         :          0.865025
  Bank (sec)            :          0.001190
 
  Start Time (date)  :  2011/10/10 04:51:01
  End   Time (date)  :  2011/10/10 04:51:21
-rw-r--r--    1 modoper  pnt            4000 Oct 10 04:51 /gfs/home3/modoper/tempo/global/oens/eof/datain/templ012011101000
sx6
PNT-EN
11101004:51
out
/gfs/home3/modoper/tempo/global/oens
/gfs/home3/modoper/tempo/global/oens
/gfs/dk22/modoper/tempo/global/oens
/gfs/dk22/modoper/tempo/global/oens/model/datain
/gfs/home3/modoper/tempo/global/oens/run/setrecfct.1.FCT01RT126L28.sx6
Date: 20111010
Hour: 04:51
FCT01R
2011101000
2011101212
GFCT01R
GFCT01R
GFCT01R
F.fct
F.fct
R.fct
/gfs/home3/modoper/tempo/global/oens
/gfs/home3/modoper/tempo/global/oens
/gfs/dk22/modoper/tempo/global/oens
/gfs/dk22/modoper/tempo/global/oens/model/datain
run
run
GFCT01R20111010002011101212F.fct.T126L28
/gfs/home3/modoper/tempo/global/oens/recfct/datain/GFCT01R20111010002011101212F.fct.T126L28
+ echo Recomposition  -x-  RUNNING ...
Recomposition  -x-  RUNNING ...
+ source=/gfs/home3/modoper/tempo/global/oens/recfct/source
+ bin=/gfs/home3/modoper/tempo/global/oens/recfct/bin/T126L28
+ input=/gfs/home3/modoper/tempo/global/oens/recfct/datain
+ out=/gfs/home3/modoper/tempo/global/oens/recfct/output
+ echo run
run
+ [ run = make ]
+ echo run
run
+ [ run = clean ]
+ cd /gfs/home3/modoper/tempo/global/oens/recfct/bin/T126L28
+ echo ./recfct.T126L28 < /gfs/home3/modoper/tempo/global/oens/recfct/datain/recfctFCT01R.nml > /gfs/home3/modoper/tempo/global/oens/recfct/output/recfct.out.2011101000.04:51.T126L28
./recfct.T126L28 < /gfs/home3/modoper/tempo/global/oens/recfct/datain/recfctFCT01R.nml > /gfs/home3/modoper/tempo/global/oens/recfct/output/recfct.out.2011101000.04:51.T126L28
+ ./recfct.T126L28
+ 0< /gfs/home3/modoper/tempo/global/oens/recfct/datain/recfctFCT01R.nml 1> /gfs/home3/modoper/tempo/global/oens/recfct/output/recfct.out.2011101000.04:51.T126L28
 
 
     ******  Program Information  ******
  Real Time (sec)       :          9.583368
  User Time (sec)       :          4.128308
  Sys  Time (sec)       :          0.066825
  Vector Time (sec)     :          0.344805
  Inst. Count           :        1596986110.
  V. Inst. Count        :          16052480.
  V. Element Count      :        1289251883.
  FLOP Count            :         534710006.
  MOPS                  :        695.244994
  MFLOPS                :        129.522797
  VLEN                  :         80.314810
  V. Op. Ratio (%)      :         44.918765
  Memory Size (MB)      :        192.031250
  MIPS                  :        386.837921
  I-Cache (sec)         :          0.000977
  O-Cache (sec)         :          0.864963
  Bank (sec)            :          0.001190
 
  Start Time (date)  :  2011/10/10 04:51:30
  End   Time (date)  :  2011/10/10 04:51:40
sx6
2011101004:51
out
/gfs/home3/modoper/tempo/global/oens
/gfs/home3/modoper/tempo/global/oens
/gfs/dk22/modoper/tempo/global/oens
/gfs/dk22/modoper/tempo/global/oens/model/datain
/gfs/home3/modoper/tempo/global/oens/run/seteofs.1.01T126L28.sx6
01
Date: 20111010
Hour: 04:51
2011101000
/gfs/home3/modoper/tempo/global/oens
/gfs/home3/modoper/tempo/global/oens
/gfs/dk22/modoper/tempo/global/oens
/gfs/dk22/modoper/tempo/global/oens/model/datain
run
run
Vai chamar eoft
+ echo EOFT           -x-  RUNNING ...
EOFT           -x-  RUNNING ...
+ source=/gfs/home3/modoper/tempo/global/oens/eoftemp/source
+ bin=/gfs/home3/modoper/tempo/global/oens/eof/bin/T126L28
+ inp=/gfs/home3/modoper/tempo/global/oens/eof/datain
+ outp=/gfs/home3/modoper/tempo/global/oens/eoftemp/output
+ echo run
run
+ [ run = make ]
+ echo run
run
+ [ run = clean ]
+ cd /gfs/home3/modoper/tempo/global/oens/eof/bin/T126L28
+ echo ./eoftem.T126L28 < /gfs/home3/modoper/tempo/global/oens/eof/datain/eoftem01.nml > /gfs/home3/modoper/tempo/global/oens/eoftemp/output/eoftem.2011101000.04:51.T126L28
./eoftem.T126L28 < /gfs/home3/modoper/tempo/global/oens/eof/datain/eoftem01.nml > /gfs/home3/modoper/tempo/global/oens/eoftemp/output/eoftem.2011101000.04:51.T126L28
+ ./eoftem.T126L28
+ 0< /gfs/home3/modoper/tempo/global/oens/eof/datain/eoftem01.nml 1> /gfs/home3/modoper/tempo/global/oens/eoftemp/output/eoftem.2011101000.04:51.T126L28
 entrou no eoft fortran
 &DATAIN DIRI=/gfs/home3/modoper/tempo/global/oens/eof/datain/                ,
 DIRA=/gfs/dk22/modoper/tempo/global/oens/model/datain/               ,
 DIRO=/gfs/dk22/modoper/tempo/global/oens/eof/dataout/T126L28/        ,
 NAMEL=templ012011101000                                               ,
 ANAME=GANLAVN2011101000R.unf.T126L28                                                      ,
 TEMOUT=temout012011101000                                              ,
 TEMPCM=tempcm012011101000                                              ,
 TEMPER1=tempe1012011101000                                              ,
 TEMPEN1=tempn1012011101000                                               /
 
 
     ******  Program Information  ******
  Real Time (sec)       :         21.291334
  User Time (sec)       :          6.580128
  Sys  Time (sec)       :          0.426259
  Vector Time (sec)     :          5.902965
  Inst. Count           :         597134698.
  V. Inst. Count        :          72972071.
  V. Element Count      :        9156489621.
  FLOP Count            :        3164565673.
  MOPS                  :       1471.195067
  MFLOPS                :        480.927657
  VLEN                  :        125.479372
  V. Op. Ratio (%)      :         94.585462
  Memory Size (MB)      :        304.031250
  MIPS                  :         90.748185
  I-Cache (sec)         :          0.005412
  O-Cache (sec)         :          0.005842
  Bank (sec)            :          0.281361
 
  Start Time (date)  :  2011/10/10 04:51:42
  End   Time (date)  :  2011/10/10 04:52:03
Vai chamar eofw
+ echo EOFW           -x-  RUNNING ...
EOFW           -x-  RUNNING ...
+ source=/gfs/home3/modoper/tempo/global/oens/eofwind/source
+ bin=/gfs/home3/modoper/tempo/global/oens/eof/bin/T126L28
+ out=/gfs/dk22/modoper/tempo/global/oens/eof/dataout/T126L28
+ inp=/gfs/home3/modoper/tempo/global/oens/eof/datain
+ outp=/gfs/home3/modoper/tempo/global/oens/eofwind/output
+ echo run
run
+ [ run = make ]
+ echo run
run
+ [ run = clean ]
+ cd /gfs/home3/modoper/tempo/global/oens/eof/bin/T126L28
+ echo ./eofwin.T126L28 < /gfs/home3/modoper/tempo/global/oens/eof/datain/eofwin01.nml > /gfs/home3/modoper/tempo/global/oens/eofwind/output/eofwin.2011101000.04:51.T126L28
./eofwin.T126L28 < /gfs/home3/modoper/tempo/global/oens/eof/datain/eofwin01.nml > /gfs/home3/modoper/tempo/global/oens/eofwind/output/eofwin.2011101000.04:51.T126L28
+ ./eofwin.T126L28
+ 0< /gfs/home3/modoper/tempo/global/oens/eof/datain/eofwin01.nml 1> /gfs/home3/modoper/tempo/global/oens/eofwind/output/eofwin.2011101000.04:51.T126L28
 
 
     ******  Program Information  ******
  Real Time (sec)       :         79.679425
  User Time (sec)       :         11.993257
  Sys  Time (sec)       :          0.609864
  Vector Time (sec)     :         10.954668
  Inst. Count           :        1009388769.
  V. Inst. Count        :         235339325.
  V. Element Count      :       26880732743.
  FLOP Count            :        7609521052.
  MOPS                  :       2305.860889
  MFLOPS                :        634.483283
  VLEN                  :        114.221169
  V. Op. Ratio (%)      :         97.201029
  Memory Size (MB)      :        624.031250
  MIPS                  :         84.163024
  I-Cache (sec)         :          0.007831
  O-Cache (sec)         :          0.018584
  Bank (sec)            :          0.599880
 
  Start Time (date)  :  2011/10/10 04:52:03
  End   Time (date)  :  2011/10/10 04:53:23
sx6
2011101004:53
out
/gfs/home3/modoper/tempo/global/oens
/gfs/home3/modoper/tempo/global/oens
/gfs/dk22/modoper/tempo/global/oens
/gfs/dk22/modoper/tempo/global/oens/model/datain
/gfs/home3/modoper/tempo/global/oens/run/setdeco01T126L28.sx6
Date: 20111010
Hour: 04:53
2011101000
/gfs/home3/modoper/tempo/global/oens
/gfs/home3/modoper/tempo/global/oens
/gfs/dk22/modoper/tempo/global/oens
/gfs/dk22/modoper/tempo/global/oens/model/datain
run
run
+ echo Decomposition  -x-  RUNNING ...
Decomposition  -x-  RUNNING ...
+ source=/gfs/home3/modoper/tempo/global/oens/decanl/source
+ bin=/gfs/home3/modoper/tempo/global/oens/decanl/bin/T126L28
+ input=/gfs/home3/modoper/tempo/global/oens/decanl/datain
+ out=/gfs/home3/modoper/tempo/global/oens/decanl/output
+ echo run
run
+ [ run = make ]
+ echo run
run
+ [ run = clean ]
+ cd /gfs/home3/modoper/tempo/global/oens/decanl/bin/T126L28
+ ./decanl.T126L28
+ 0< /gfs/home3/modoper/tempo/global/oens/decanl/datain/decanl01.nml 1> /gfs/home3/modoper/tempo/global/oens/decanl/output/decanl.2011101000.04:53.T126L28
 
 
     ******  Program Information  ******
  Real Time (sec)       :          5.695823
  User Time (sec)       :          0.828825
  Sys  Time (sec)       :          0.059498
  Vector Time (sec)     :          0.637260
  Inst. Count           :         173583932.
  V. Inst. Count        :          21078079.
  V. Element Count      :        2292782635.
  FLOP Count            :         590251095.
  MOPS                  :       2950.308018
  MFLOPS                :        712.154229
  VLEN                  :        108.775692
  V. Op. Ratio (%)      :         93.763278
  Memory Size (MB)      :        192.031250
  MIPS                  :        209.433803
  I-Cache (sec)         :          0.001049
  O-Cache (sec)         :          0.026843
  Bank (sec)            :          0.015382
 
  Start Time (date)  :  2011/10/10 04:53:24
  End   Time (date)  :  2011/10/10 04:53:30
+ echo Decomposition  -x-  RUNNING ...
Decomposition  -x-  RUNNING ...
+ source=/gfs/home3/modoper/tempo/global/oens/decanl/source
+ bin=/gfs/home3/modoper/tempo/global/oens/decanl/bin/T126L28
+ input=/gfs/home3/modoper/tempo/global/oens/decanl/datain
+ out=/gfs/home3/modoper/tempo/global/oens/decanl/output
+ echo run
run
+ [ run = make ]
+ echo run
run
+ [ run = clean ]
+ cd /gfs/home3/modoper/tempo/global/oens/decanl/bin/T126L28
+ ./decanl.T126L28
+ 0< /gfs/home3/modoper/tempo/global/oens/decanl/datain/decanl01.nml 1> /gfs/home3/modoper/tempo/global/oens/decanl/output/decanl.2011101000.04:53.T126L28
 
 
     ******  Program Information  ******
  Real Time (sec)       :          5.532998
  User Time (sec)       :          0.827024
  Sys  Time (sec)       :          0.064663
  Vector Time (sec)     :          0.634753
  Inst. Count           :         173583827.
  V. Inst. Count        :          21078079.
  V. Element Count      :        2292782629.
  FLOP Count            :         590251095.
  MOPS                  :       2956.732398
  MFLOPS                :        713.704998
  VLEN                  :        108.775692
  V. Op. Ratio (%)      :         93.763282
  Memory Size (MB)      :        192.031250
  MIPS                  :        209.889733
  I-Cache (sec)         :          0.001622
  O-Cache (sec)         :          0.027335
  Bank (sec)            :          0.015381
 
  Start Time (date)  :  2011/10/10 04:53:30
  End   Time (date)  :  2011/10/10 04:53:36
105.3u 24.2s 7:42 28% 839+176854k 91585+9855io 0w
logout
