stty: : Invalid argument
vt100
resize:  can't open terminal /dev/tty
======================================
Welcome to tupan00: SUPER-UX 14.1 SX-6
Today is Mon Oct 10 16:43:48 GMT 2011
======================================
runperreco1.sx6 126 28 04 2011101012 15 NO 07 
sx6
2011101016:43
out
/gfs/home3/modoper/tempo/global/oens
/gfs/home3/modoper/tempo/global/oens
/gfs/dk22/modoper/tempo/global/oens
/gfs/dk22/modoper/tempo/global/oens/model/datain
/gfs/home3/modoper/tempo/global/oens/run/setperreco.1.04T126L28.sx6
Date: 20111010
Hour: 16:43
2011101012


rm: ERROR: Cannot access templ042011101012: No such file or directory
-rw-r--r--    1 modoper  pnt             200 Oct 10 16:43 /gfs/home3/modoper/tempo/global/oens/eof/datain/templ042011101012
ls: ERROR: Cannot access /gfs/dk22/modoper/tempo/global/oens/recfct/dataout/T126L28/GFCT04R2011101012*.fct*: No such file or directory
sx6
PNT-EN
11101016:43
out
/gfs/home3/modoper/tempo/global/oens
/gfs/home3/modoper/tempo/global/oens
/gfs/dk22/modoper/tempo/global/oens
/gfs/dk22/modoper/tempo/global/oens/model/datain
/gfs/home3/modoper/tempo/global/oens/run/setrecfct.1.FCT04RT126L28.sx6
Date: 20111010
Hour: 16:43
FCT04R
2011101012
2011101015
GFCT04R
GFCT04R
GFCT04R
F.fct
F.fct
R.fct
/gfs/home3/modoper/tempo/global/oens
/gfs/home3/modoper/tempo/global/oens
/gfs/dk22/modoper/tempo/global/oens
/gfs/dk22/modoper/tempo/global/oens/model/datain
run
run
GFCT04R20111010122011101015F.fct.T126L28
/gfs/home3/modoper/tempo/global/oens/recfct/datain/GFCT04R20111010122011101015F.fct.T126L28
+ echo Recomposition  -x-  RUNNING ...
Recomposition  -x-  RUNNING ...
+ source=/gfs/home3/modoper/tempo/global/oens/recfct/source
+ bin=/gfs/home3/modoper/tempo/global/oens/recfct/bin/T126L28
+ input=/gfs/home3/modoper/tempo/global/oens/recfct/datain
+ out=/gfs/home3/modoper/tempo/global/oens/recfct/output
+ echo run
run
+ [ run = make ]
+ echo run
run
+ [ run = clean ]
+ cd /gfs/home3/modoper/tempo/global/oens/recfct/bin/T126L28
+ echo ./recfct.T126L28 < /gfs/home3/modoper/tempo/global/oens/recfct/datain/recfctFCT04R.nml > /gfs/home3/modoper/tempo/global/oens/recfct/output/recfct.out.2011101012.16:43.T126L28
./recfct.T126L28 < /gfs/home3/modoper/tempo/global/oens/recfct/datain/recfctFCT04R.nml > /gfs/home3/modoper/tempo/global/oens/recfct/output/recfct.out.2011101012.16:43.T126L28
+ ./recfct.T126L28
+ 0< /gfs/home3/modoper/tempo/global/oens/recfct/datain/recfctFCT04R.nml 1> /gfs/home3/modoper/tempo/global/oens/recfct/output/recfct.out.2011101012.16:43.T126L28
 
 
     ******  Program Information  ******
  Real Time (sec)       :          5.861230
  User Time (sec)       :          4.131637
  Sys  Time (sec)       :          0.091437
  Vector Time (sec)     :          0.344156
  Inst. Count           :        1596986141.
  V. Inst. Count        :          16052480.
  V. Element Count      :        1289251883.
  FLOP Count            :         534710007.
  MOPS                  :        694.684796
  MFLOPS                :        129.418432
  VLEN                  :         80.314810
  V. Op. Ratio (%)      :         44.918764
  Memory Size (MB)      :        192.031250
  MIPS                  :        386.526228
  I-Cache (sec)         :          0.003471
  O-Cache (sec)         :          0.872835
  Bank (sec)            :          0.001191
 
  Start Time (date)  :  2011/10/10 16:43:51
  End   Time (date)  :  2011/10/10 16:43:57
-rw-r--r--    1 modoper  pnt             400 Oct 10 16:43 /gfs/home3/modoper/tempo/global/oens/eof/datain/templ042011101012
sx6
PNT-EN
11101016:43
out
/gfs/home3/modoper/tempo/global/oens
/gfs/home3/modoper/tempo/global/oens
/gfs/dk22/modoper/tempo/global/oens
/gfs/dk22/modoper/tempo/global/oens/model/datain
/gfs/home3/modoper/tempo/global/oens/run/setrecfct.1.FCT04RT126L28.sx6
Date: 20111010
Hour: 16:43
FCT04R
2011101012
2011101018
GFCT04R
GFCT04R
GFCT04R
F.fct
F.fct
R.fct
/gfs/home3/modoper/tempo/global/oens
/gfs/home3/modoper/tempo/global/oens
/gfs/dk22/modoper/tempo/global/oens
/gfs/dk22/modoper/tempo/global/oens/model/datain
run
run
GFCT04R20111010122011101018F.fct.T126L28
/gfs/home3/modoper/tempo/global/oens/recfct/datain/GFCT04R20111010122011101018F.fct.T126L28
+ echo Recomposition  -x-  RUNNING ...
Recomposition  -x-  RUNNING ...
+ source=/gfs/home3/modoper/tempo/global/oens/recfct/source
+ bin=/gfs/home3/modoper/tempo/global/oens/recfct/bin/T126L28
+ input=/gfs/home3/modoper/tempo/global/oens/recfct/datain
+ out=/gfs/home3/modoper/tempo/global/oens/recfct/output
+ echo run
run
+ [ run = make ]
+ echo run
run
+ [ run = clean ]
+ cd /gfs/home3/modoper/tempo/global/oens/recfct/bin/T126L28
+ echo ./recfct.T126L28 < /gfs/home3/modoper/tempo/global/oens/recfct/datain/recfctFCT04R.nml > /gfs/home3/modoper/tempo/global/oens/recfct/output/recfct.out.2011101012.16:43.T126L28
./recfct.T126L28 < /gfs/home3/modoper/tempo/global/oens/recfct/datain/recfctFCT04R.nml > /gfs/home3/modoper/tempo/global/oens/recfct/output/recfct.out.2011101012.16:43.T126L28
+ ./recfct.T126L28
+ 0< /gfs/home3/modoper/tempo/global/oens/recfct/datain/recfctFCT04R.nml 1> /gfs/home3/modoper/tempo/global/oens/recfct/output/recfct.out.2011101012.16:43.T126L28
 
 
     ******  Program Information  ******
  Real Time (sec)       :          5.505199
  User Time (sec)       :          4.131459
  Sys  Time (sec)       :          0.092902
  Vector Time (sec)     :          0.344089
  Inst. Count           :        1596986141.
  V. Inst. Count        :          16052480.
  V. Element Count      :        1289251883.
  FLOP Count            :         534710007.
  MOPS                  :        694.714783
  MFLOPS                :        129.424018
  VLEN                  :         80.314810
  V. Op. Ratio (%)      :         44.918764
  Memory Size (MB)      :        192.031250
  MIPS                  :        386.542913
  I-Cache (sec)         :          0.003643
  O-Cache (sec)         :          0.872756
  Bank (sec)            :          0.001191
 
  Start Time (date)  :  2011/10/10 16:43:58
  End   Time (date)  :  2011/10/10 16:44:03
-rw-r--r--    1 modoper  pnt             600 Oct 10 16:44 /gfs/home3/modoper/tempo/global/oens/eof/datain/templ042011101012
sx6
PNT-EN
11101016:44
out
/gfs/home3/modoper/tempo/global/oens
/gfs/home3/modoper/tempo/global/oens
/gfs/dk22/modoper/tempo/global/oens
/gfs/dk22/modoper/tempo/global/oens/model/datain
/gfs/home3/modoper/tempo/global/oens/run/setrecfct.1.FCT04RT126L28.sx6
Date: 20111010
Hour: 16:44
FCT04R
2011101012
2011101021
GFCT04R
GFCT04R
GFCT04R
F.fct
F.fct
R.fct
/gfs/home3/modoper/tempo/global/oens
/gfs/home3/modoper/tempo/global/oens
/gfs/dk22/modoper/tempo/global/oens
/gfs/dk22/modoper/tempo/global/oens/model/datain
run
run
GFCT04R20111010122011101021F.fct.T126L28
/gfs/home3/modoper/tempo/global/oens/recfct/datain/GFCT04R20111010122011101021F.fct.T126L28
+ echo Recomposition  -x-  RUNNING ...
Recomposition  -x-  RUNNING ...
+ source=/gfs/home3/modoper/tempo/global/oens/recfct/source
+ bin=/gfs/home3/modoper/tempo/global/oens/recfct/bin/T126L28
+ input=/gfs/home3/modoper/tempo/global/oens/recfct/datain
+ out=/gfs/home3/modoper/tempo/global/oens/recfct/output
+ echo run
run
+ [ run = make ]
+ echo run
run
+ [ run = clean ]
+ cd /gfs/home3/modoper/tempo/global/oens/recfct/bin/T126L28
+ echo ./recfct.T126L28 < /gfs/home3/modoper/tempo/global/oens/recfct/datain/recfctFCT04R.nml > /gfs/home3/modoper/tempo/global/oens/recfct/output/recfct.out.2011101012.16:44.T126L28
./recfct.T126L28 < /gfs/home3/modoper/tempo/global/oens/recfct/datain/recfctFCT04R.nml > /gfs/home3/modoper/tempo/global/oens/recfct/output/recfct.out.2011101012.16:44.T126L28
+ ./recfct.T126L28
+ 0< /gfs/home3/modoper/tempo/global/oens/recfct/datain/recfctFCT04R.nml 1> /gfs/home3/modoper/tempo/global/oens/recfct/output/recfct.out.2011101012.16:44.T126L28
 
 
     ******  Program Information  ******
  Real Time (sec)       :          5.819341
  User Time (sec)       :          4.130891
  Sys  Time (sec)       :          0.091801
  Vector Time (sec)     :          0.343910
  Inst. Count           :        1596986141.
  V. Inst. Count        :          16052480.
  V. Element Count      :        1289251883.
  FLOP Count            :         534710007.
  MOPS                  :        694.810328
  MFLOPS                :        129.441818
  VLEN                  :         80.314810
  V. Op. Ratio (%)      :         44.918764
  Memory Size (MB)      :        192.031250
  MIPS                  :        386.596074
  I-Cache (sec)         :          0.003747
  O-Cache (sec)         :          0.872318
  Bank (sec)            :          0.001191
 
  Start Time (date)  :  2011/10/10 16:44:04
  End   Time (date)  :  2011/10/10 16:44:10
-rw-r--r--    1 modoper  pnt             800 Oct 10 16:44 /gfs/home3/modoper/tempo/global/oens/eof/datain/templ042011101012
sx6
PNT-EN
11101016:44
out
/gfs/home3/modoper/tempo/global/oens
/gfs/home3/modoper/tempo/global/oens
/gfs/dk22/modoper/tempo/global/oens
/gfs/dk22/modoper/tempo/global/oens/model/datain
/gfs/home3/modoper/tempo/global/oens/run/setrecfct.1.FCT04RT126L28.sx6
Date: 20111010
Hour: 16:44
FCT04R
2011101012
2011101100
GFCT04R
GFCT04R
GFCT04R
F.fct
F.fct
R.fct
/gfs/home3/modoper/tempo/global/oens
/gfs/home3/modoper/tempo/global/oens
/gfs/dk22/modoper/tempo/global/oens
/gfs/dk22/modoper/tempo/global/oens/model/datain
run
run
GFCT04R20111010122011101100F.fct.T126L28
/gfs/home3/modoper/tempo/global/oens/recfct/datain/GFCT04R20111010122011101100F.fct.T126L28
+ echo Recomposition  -x-  RUNNING ...
Recomposition  -x-  RUNNING ...
+ source=/gfs/home3/modoper/tempo/global/oens/recfct/source
+ bin=/gfs/home3/modoper/tempo/global/oens/recfct/bin/T126L28
+ input=/gfs/home3/modoper/tempo/global/oens/recfct/datain
+ out=/gfs/home3/modoper/tempo/global/oens/recfct/output
+ echo run
run
+ [ run = make ]
+ echo run
run
+ [ run = clean ]
+ cd /gfs/home3/modoper/tempo/global/oens/recfct/bin/T126L28
+ echo ./recfct.T126L28 < /gfs/home3/modoper/tempo/global/oens/recfct/datain/recfctFCT04R.nml > /gfs/home3/modoper/tempo/global/oens/recfct/output/recfct.out.2011101012.16:44.T126L28
./recfct.T126L28 < /gfs/home3/modoper/tempo/global/oens/recfct/datain/recfctFCT04R.nml > /gfs/home3/modoper/tempo/global/oens/recfct/output/recfct.out.2011101012.16:44.T126L28
+ ./recfct.T126L28
+ 0< /gfs/home3/modoper/tempo/global/oens/recfct/datain/recfctFCT04R.nml 1> /gfs/home3/modoper/tempo/global/oens/recfct/output/recfct.out.2011101012.16:44.T126L28
 
 
     ******  Program Information  ******
  Real Time (sec)       :         11.483200
  User Time (sec)       :          4.122082
  Sys  Time (sec)       :          0.065314
  Vector Time (sec)     :          0.342322
  Inst. Count           :        1596986110.
  V. Inst. Count        :          16052480.
  V. Element Count      :        1289251883.
  FLOP Count            :         534710006.
  MOPS                  :        696.295065
  MFLOPS                :        129.718423
  VLEN                  :         80.314810
  V. Op. Ratio (%)      :         44.918765
  Memory Size (MB)      :        192.031250
  MIPS                  :        387.422187
  I-Cache (sec)         :          0.001186
  O-Cache (sec)         :          0.865519
  Bank (sec)            :          0.001190
 
  Start Time (date)  :  2011/10/10 16:44:11
  End   Time (date)  :  2011/10/10 16:44:23
-rw-r--r--    1 modoper  pnt            1000 Oct 10 16:44 /gfs/home3/modoper/tempo/global/oens/eof/datain/templ042011101012
sx6
PNT-EN
11101016:44
out
/gfs/home3/modoper/tempo/global/oens
/gfs/home3/modoper/tempo/global/oens
/gfs/dk22/modoper/tempo/global/oens
/gfs/dk22/modoper/tempo/global/oens/model/datain
/gfs/home3/modoper/tempo/global/oens/run/setrecfct.1.FCT04RT126L28.sx6
Date: 20111010
Hour: 16:44
FCT04R
2011101012
2011101103
GFCT04R
GFCT04R
GFCT04R
F.fct
F.fct
R.fct
/gfs/home3/modoper/tempo/global/oens
/gfs/home3/modoper/tempo/global/oens
/gfs/dk22/modoper/tempo/global/oens
/gfs/dk22/modoper/tempo/global/oens/model/datain
run
run
GFCT04R20111010122011101103F.fct.T126L28
/gfs/home3/modoper/tempo/global/oens/recfct/datain/GFCT04R20111010122011101103F.fct.T126L28
+ echo Recomposition  -x-  RUNNING ...
Recomposition  -x-  RUNNING ...
+ source=/gfs/home3/modoper/tempo/global/oens/recfct/source
+ bin=/gfs/home3/modoper/tempo/global/oens/recfct/bin/T126L28
+ input=/gfs/home3/modoper/tempo/global/oens/recfct/datain
+ out=/gfs/home3/modoper/tempo/global/oens/recfct/output
+ echo run
run
+ [ run = make ]
+ echo run
run
+ [ run = clean ]
+ cd /gfs/home3/modoper/tempo/global/oens/recfct/bin/T126L28
+ echo ./recfct.T126L28 < /gfs/home3/modoper/tempo/global/oens/recfct/datain/recfctFCT04R.nml > /gfs/home3/modoper/tempo/global/oens/recfct/output/recfct.out.2011101012.16:44.T126L28
./recfct.T126L28 < /gfs/home3/modoper/tempo/global/oens/recfct/datain/recfctFCT04R.nml > /gfs/home3/modoper/tempo/global/oens/recfct/output/recfct.out.2011101012.16:44.T126L28
+ ./recfct.T126L28
+ 0< /gfs/home3/modoper/tempo/global/oens/recfct/datain/recfctFCT04R.nml 1> /gfs/home3/modoper/tempo/global/oens/recfct/output/recfct.out.2011101012.16:44.T126L28
 
 
     ******  Program Information  ******
  Real Time (sec)       :         17.835147
  User Time (sec)       :          4.124022
  Sys  Time (sec)       :          0.063938
  Vector Time (sec)     :          0.343777
  Inst. Count           :        1596986110.
  V. Inst. Count        :          16052480.
  V. Element Count      :        1289251883.
  FLOP Count            :         534710006.
  MOPS                  :        695.967560
  MFLOPS                :        129.657409
  VLEN                  :         80.314810
  V. Op. Ratio (%)      :         44.918765
  Memory Size (MB)      :        192.031250
  MIPS                  :        387.239961
  I-Cache (sec)         :          0.000799
  O-Cache (sec)         :          0.861449
  Bank (sec)            :          0.001190
 
  Start Time (date)  :  2011/10/10 16:44:24
  End   Time (date)  :  2011/10/10 16:44:42
-rw-r--r--    1 modoper  pnt            1200 Oct 10 16:44 /gfs/home3/modoper/tempo/global/oens/eof/datain/templ042011101012
sx6
PNT-EN
11101016:44
out
/gfs/home3/modoper/tempo/global/oens
/gfs/home3/modoper/tempo/global/oens
/gfs/dk22/modoper/tempo/global/oens
/gfs/dk22/modoper/tempo/global/oens/model/datain
/gfs/home3/modoper/tempo/global/oens/run/setrecfct.1.FCT04RT126L28.sx6
Date: 20111010
Hour: 16:44
FCT04R
2011101012
2011101106
GFCT04R
GFCT04R
GFCT04R
F.fct
F.fct
R.fct
/gfs/home3/modoper/tempo/global/oens
/gfs/home3/modoper/tempo/global/oens
/gfs/dk22/modoper/tempo/global/oens
/gfs/dk22/modoper/tempo/global/oens/model/datain
run
run
GFCT04R20111010122011101106F.fct.T126L28
/gfs/home3/modoper/tempo/global/oens/recfct/datain/GFCT04R20111010122011101106F.fct.T126L28
+ echo Recomposition  -x-  RUNNING ...
Recomposition  -x-  RUNNING ...
+ source=/gfs/home3/modoper/tempo/global/oens/recfct/source
+ bin=/gfs/home3/modoper/tempo/global/oens/recfct/bin/T126L28
+ input=/gfs/home3/modoper/tempo/global/oens/recfct/datain
+ out=/gfs/home3/modoper/tempo/global/oens/recfct/output
+ echo run
run
+ [ run = make ]
+ echo run
run
+ [ run = clean ]
+ cd /gfs/home3/modoper/tempo/global/oens/recfct/bin/T126L28
+ echo ./recfct.T126L28 < /gfs/home3/modoper/tempo/global/oens/recfct/datain/recfctFCT04R.nml > /gfs/home3/modoper/tempo/global/oens/recfct/output/recfct.out.2011101012.16:44.T126L28
./recfct.T126L28 < /gfs/home3/modoper/tempo/global/oens/recfct/datain/recfctFCT04R.nml > /gfs/home3/modoper/tempo/global/oens/recfct/output/recfct.out.2011101012.16:44.T126L28
+ ./recfct.T126L28
+ 0< /gfs/home3/modoper/tempo/global/oens/recfct/datain/recfctFCT04R.nml 1> /gfs/home3/modoper/tempo/global/oens/recfct/output/recfct.out.2011101012.16:44.T126L28
 
 
     ******  Program Information  ******
  Real Time (sec)       :         24.893886
  User Time (sec)       :          4.126693
  Sys  Time (sec)       :          0.066126
  Vector Time (sec)     :          0.343972
  Inst. Count           :        1596986110.
  V. Inst. Count        :          16052480.
  V. Element Count      :        1289251883.
  FLOP Count            :         534710006.
  MOPS                  :        695.517071
  MFLOPS                :        129.573484
  VLEN                  :         80.314810
  V. Op. Ratio (%)      :         44.918765
  Memory Size (MB)      :        192.031250
  MIPS                  :        386.989306
  I-Cache (sec)         :          0.000996
  O-Cache (sec)         :          0.868412
  Bank (sec)            :          0.001191
 
  Start Time (date)  :  2011/10/10 16:44:43
  End   Time (date)  :  2011/10/10 16:45:08
-rw-r--r--    1 modoper  pnt            1400 Oct 10 16:45 /gfs/home3/modoper/tempo/global/oens/eof/datain/templ042011101012
sx6
PNT-EN
11101016:45
out
/gfs/home3/modoper/tempo/global/oens
/gfs/home3/modoper/tempo/global/oens
/gfs/dk22/modoper/tempo/global/oens
/gfs/dk22/modoper/tempo/global/oens/model/datain
/gfs/home3/modoper/tempo/global/oens/run/setrecfct.1.FCT04RT126L28.sx6
Date: 20111010
Hour: 16:45
FCT04R
2011101012
2011101109
GFCT04R
GFCT04R
GFCT04R
F.fct
F.fct
R.fct
/gfs/home3/modoper/tempo/global/oens
/gfs/home3/modoper/tempo/global/oens
/gfs/dk22/modoper/tempo/global/oens
/gfs/dk22/modoper/tempo/global/oens/model/datain
run
run
GFCT04R20111010122011101109F.fct.T126L28
/gfs/home3/modoper/tempo/global/oens/recfct/datain/GFCT04R20111010122011101109F.fct.T126L28
+ echo Recomposition  -x-  RUNNING ...
Recomposition  -x-  RUNNING ...
+ source=/gfs/home3/modoper/tempo/global/oens/recfct/source
+ bin=/gfs/home3/modoper/tempo/global/oens/recfct/bin/T126L28
+ input=/gfs/home3/modoper/tempo/global/oens/recfct/datain
+ out=/gfs/home3/modoper/tempo/global/oens/recfct/output
+ echo run
run
+ [ run = make ]
+ echo run
run
+ [ run = clean ]
+ cd /gfs/home3/modoper/tempo/global/oens/recfct/bin/T126L28
+ echo ./recfct.T126L28 < /gfs/home3/modoper/tempo/global/oens/recfct/datain/recfctFCT04R.nml > /gfs/home3/modoper/tempo/global/oens/recfct/output/recfct.out.2011101012.16:45.T126L28
./recfct.T126L28 < /gfs/home3/modoper/tempo/global/oens/recfct/datain/recfctFCT04R.nml > /gfs/home3/modoper/tempo/global/oens/recfct/output/recfct.out.2011101012.16:45.T126L28
+ ./recfct.T126L28
+ 0< /gfs/home3/modoper/tempo/global/oens/recfct/datain/recfctFCT04R.nml 1> /gfs/home3/modoper/tempo/global/oens/recfct/output/recfct.out.2011101012.16:45.T126L28
 
 
     ******  Program Information  ******
  Real Time (sec)       :         23.227292
  User Time (sec)       :          4.121758
  Sys  Time (sec)       :          0.065617
  Vector Time (sec)     :          0.342196
  Inst. Count           :        1596986110.
  V. Inst. Count        :          16052480.
  V. Element Count      :        1289251883.
  FLOP Count            :         534710006.
  MOPS                  :        696.349783
  MFLOPS                :        129.728617
  VLEN                  :         80.314810
  V. Op. Ratio (%)      :         44.918765
  Memory Size (MB)      :        192.031250
  MIPS                  :        387.452632
  I-Cache (sec)         :          0.001031
  O-Cache (sec)         :          0.865160
  Bank (sec)            :          0.001190
 
  Start Time (date)  :  2011/10/10 16:45:09
  End   Time (date)  :  2011/10/10 16:45:32
-rw-r--r--    1 modoper  pnt            1600 Oct 10 16:45 /gfs/home3/modoper/tempo/global/oens/eof/datain/templ042011101012
sx6
PNT-EN
11101016:45
out
/gfs/home3/modoper/tempo/global/oens
/gfs/home3/modoper/tempo/global/oens
/gfs/dk22/modoper/tempo/global/oens
/gfs/dk22/modoper/tempo/global/oens/model/datain
/gfs/home3/modoper/tempo/global/oens/run/setrecfct.1.FCT04RT126L28.sx6
Date: 20111010
Hour: 16:45
FCT04R
2011101012
2011101112
GFCT04R
GFCT04R
GFCT04R
F.fct
F.fct
R.fct
/gfs/home3/modoper/tempo/global/oens
/gfs/home3/modoper/tempo/global/oens
/gfs/dk22/modoper/tempo/global/oens
/gfs/dk22/modoper/tempo/global/oens/model/datain
run
run
GFCT04R20111010122011101112F.fct.T126L28
/gfs/home3/modoper/tempo/global/oens/recfct/datain/GFCT04R20111010122011101112F.fct.T126L28
+ echo Recomposition  -x-  RUNNING ...
Recomposition  -x-  RUNNING ...
+ source=/gfs/home3/modoper/tempo/global/oens/recfct/source
+ bin=/gfs/home3/modoper/tempo/global/oens/recfct/bin/T126L28
+ input=/gfs/home3/modoper/tempo/global/oens/recfct/datain
+ out=/gfs/home3/modoper/tempo/global/oens/recfct/output
+ echo run
run
+ [ run = make ]
+ echo run
run
+ [ run = clean ]
+ cd /gfs/home3/modoper/tempo/global/oens/recfct/bin/T126L28
+ echo ./recfct.T126L28 < /gfs/home3/modoper/tempo/global/oens/recfct/datain/recfctFCT04R.nml > /gfs/home3/modoper/tempo/global/oens/recfct/output/recfct.out.2011101012.16:45.T126L28
./recfct.T126L28 < /gfs/home3/modoper/tempo/global/oens/recfct/datain/recfctFCT04R.nml > /gfs/home3/modoper/tempo/global/oens/recfct/output/recfct.out.2011101012.16:45.T126L28
+ ./recfct.T126L28
+ 0< /gfs/home3/modoper/tempo/global/oens/recfct/datain/recfctFCT04R.nml 1> /gfs/home3/modoper/tempo/global/oens/recfct/output/recfct.out.2011101012.16:45.T126L28
 
 
     ******  Program Information  ******
  Real Time (sec)       :         25.690002
  User Time (sec)       :          4.124034
  Sys  Time (sec)       :          0.065729
  Vector Time (sec)     :          0.343456
  Inst. Count           :        1596986141.
  V. Inst. Count        :          16052480.
  V. Element Count      :        1289251883.
  FLOP Count            :         534710007.
  MOPS                  :        695.965600
  MFLOPS                :        129.657043
  VLEN                  :         80.314810
  V. Op. Ratio (%)      :         44.918764
  Memory Size (MB)      :        192.031250
  MIPS                  :        387.238874
  I-Cache (sec)         :          0.000780
  O-Cache (sec)         :          0.861922
  Bank (sec)            :          0.001190
 
  Start Time (date)  :  2011/10/10 16:45:33
  End   Time (date)  :  2011/10/10 16:45:59
-rw-r--r--    1 modoper  pnt            1800 Oct 10 16:45 /gfs/home3/modoper/tempo/global/oens/eof/datain/templ042011101012
sx6
PNT-EN
11101016:45
out
/gfs/home3/modoper/tempo/global/oens
/gfs/home3/modoper/tempo/global/oens
/gfs/dk22/modoper/tempo/global/oens
/gfs/dk22/modoper/tempo/global/oens/model/datain
/gfs/home3/modoper/tempo/global/oens/run/setrecfct.1.FCT04RT126L28.sx6
Date: 20111010
Hour: 16:46
FCT04R
2011101012
2011101115
GFCT04R
GFCT04R
GFCT04R
F.fct
F.fct
R.fct
/gfs/home3/modoper/tempo/global/oens
/gfs/home3/modoper/tempo/global/oens
/gfs/dk22/modoper/tempo/global/oens
/gfs/dk22/modoper/tempo/global/oens/model/datain
run
run
GFCT04R20111010122011101115F.fct.T126L28
/gfs/home3/modoper/tempo/global/oens/recfct/datain/GFCT04R20111010122011101115F.fct.T126L28
+ echo Recomposition  -x-  RUNNING ...
Recomposition  -x-  RUNNING ...
+ source=/gfs/home3/modoper/tempo/global/oens/recfct/source
+ bin=/gfs/home3/modoper/tempo/global/oens/recfct/bin/T126L28
+ input=/gfs/home3/modoper/tempo/global/oens/recfct/datain
+ out=/gfs/home3/modoper/tempo/global/oens/recfct/output
+ echo run
run
+ [ run = make ]
+ echo run
run
+ [ run = clean ]
+ cd /gfs/home3/modoper/tempo/global/oens/recfct/bin/T126L28
+ echo ./recfct.T126L28 < /gfs/home3/modoper/tempo/global/oens/recfct/datain/recfctFCT04R.nml > /gfs/home3/modoper/tempo/global/oens/recfct/output/recfct.out.2011101012.16:46.T126L28
./recfct.T126L28 < /gfs/home3/modoper/tempo/global/oens/recfct/datain/recfctFCT04R.nml > /gfs/home3/modoper/tempo/global/oens/recfct/output/recfct.out.2011101012.16:46.T126L28
+ ./recfct.T126L28
+ 0< /gfs/home3/modoper/tempo/global/oens/recfct/datain/recfctFCT04R.nml 1> /gfs/home3/modoper/tempo/global/oens/recfct/output/recfct.out.2011101012.16:46.T126L28
 
 
     ******  Program Information  ******
  Real Time (sec)       :         13.799433
  User Time (sec)       :          4.121453
  Sys  Time (sec)       :          0.066049
  Vector Time (sec)     :          0.341940
  Inst. Count           :        1596986141.
  V. Inst. Count        :          16052480.
  V. Element Count      :        1289251883.
  FLOP Count            :         534710007.
  MOPS                  :        696.401313
  MFLOPS                :        129.738216
  VLEN                  :         80.314810
  V. Op. Ratio (%)      :         44.918764
  Memory Size (MB)      :        192.031250
  MIPS                  :        387.481307
  I-Cache (sec)         :          0.000961
  O-Cache (sec)         :          0.865173
  Bank (sec)            :          0.001191
 
  Start Time (date)  :  2011/10/10 16:46:00
  End   Time (date)  :  2011/10/10 16:46:14
-rw-r--r--    1 modoper  pnt            2000 Oct 10 16:46 /gfs/home3/modoper/tempo/global/oens/eof/datain/templ042011101012
sx6
PNT-EN
11101016:46
out
/gfs/home3/modoper/tempo/global/oens
/gfs/home3/modoper/tempo/global/oens
/gfs/dk22/modoper/tempo/global/oens
/gfs/dk22/modoper/tempo/global/oens/model/datain
/gfs/home3/modoper/tempo/global/oens/run/setrecfct.1.FCT04RT126L28.sx6
Date: 20111010
Hour: 16:46
FCT04R
2011101012
2011101118
GFCT04R
GFCT04R
GFCT04R
F.fct
F.fct
R.fct
/gfs/home3/modoper/tempo/global/oens
/gfs/home3/modoper/tempo/global/oens
/gfs/dk22/modoper/tempo/global/oens
/gfs/dk22/modoper/tempo/global/oens/model/datain
run
run
GFCT04R20111010122011101118F.fct.T126L28
/gfs/home3/modoper/tempo/global/oens/recfct/datain/GFCT04R20111010122011101118F.fct.T126L28
+ echo Recomposition  -x-  RUNNING ...
Recomposition  -x-  RUNNING ...
+ source=/gfs/home3/modoper/tempo/global/oens/recfct/source
+ bin=/gfs/home3/modoper/tempo/global/oens/recfct/bin/T126L28
+ input=/gfs/home3/modoper/tempo/global/oens/recfct/datain
+ out=/gfs/home3/modoper/tempo/global/oens/recfct/output
+ echo run
run
+ [ run = make ]
+ echo run
run
+ [ run = clean ]
+ cd /gfs/home3/modoper/tempo/global/oens/recfct/bin/T126L28
+ echo ./recfct.T126L28 < /gfs/home3/modoper/tempo/global/oens/recfct/datain/recfctFCT04R.nml > /gfs/home3/modoper/tempo/global/oens/recfct/output/recfct.out.2011101012.16:46.T126L28
./recfct.T126L28 < /gfs/home3/modoper/tempo/global/oens/recfct/datain/recfctFCT04R.nml > /gfs/home3/modoper/tempo/global/oens/recfct/output/recfct.out.2011101012.16:46.T126L28
+ ./recfct.T126L28
+ 0< /gfs/home3/modoper/tempo/global/oens/recfct/datain/recfctFCT04R.nml 1> /gfs/home3/modoper/tempo/global/oens/recfct/output/recfct.out.2011101012.16:46.T126L28
 
 
     ******  Program Information  ******
  Real Time (sec)       :         22.382734
  User Time (sec)       :          4.127597
  Sys  Time (sec)       :          0.064364
  Vector Time (sec)     :          0.344729
  Inst. Count           :        1596986141.
  V. Inst. Count        :          16052480.
  V. Element Count      :        1289251883.
  FLOP Count            :         534710007.
  MOPS                  :        695.364832
  MFLOPS                :        129.545121
  VLEN                  :         80.314810
  V. Op. Ratio (%)      :         44.918764
  Memory Size (MB)      :        192.031250
  MIPS                  :        386.904603
  I-Cache (sec)         :          0.000795
  O-Cache (sec)         :          0.864270
  Bank (sec)            :          0.001190
 
  Start Time (date)  :  2011/10/10 16:46:15
  End   Time (date)  :  2011/10/10 16:46:37
-rw-r--r--    1 modoper  pnt            2200 Oct 10 16:46 /gfs/home3/modoper/tempo/global/oens/eof/datain/templ042011101012
sx6
PNT-EN
11101016:46
out
/gfs/home3/modoper/tempo/global/oens
/gfs/home3/modoper/tempo/global/oens
/gfs/dk22/modoper/tempo/global/oens
/gfs/dk22/modoper/tempo/global/oens/model/datain
/gfs/home3/modoper/tempo/global/oens/run/setrecfct.1.FCT04RT126L28.sx6
Date: 20111010
Hour: 16:46
FCT04R
2011101012
2011101121
GFCT04R
GFCT04R
GFCT04R
F.fct
F.fct
R.fct
/gfs/home3/modoper/tempo/global/oens
/gfs/home3/modoper/tempo/global/oens
/gfs/dk22/modoper/tempo/global/oens
/gfs/dk22/modoper/tempo/global/oens/model/datain
run
run
GFCT04R20111010122011101121F.fct.T126L28
/gfs/home3/modoper/tempo/global/oens/recfct/datain/GFCT04R20111010122011101121F.fct.T126L28
+ echo Recomposition  -x-  RUNNING ...
Recomposition  -x-  RUNNING ...
+ source=/gfs/home3/modoper/tempo/global/oens/recfct/source
+ bin=/gfs/home3/modoper/tempo/global/oens/recfct/bin/T126L28
+ input=/gfs/home3/modoper/tempo/global/oens/recfct/datain
+ out=/gfs/home3/modoper/tempo/global/oens/recfct/output
+ echo run
run
+ [ run = make ]
+ echo run
run
+ [ run = clean ]
+ cd /gfs/home3/modoper/tempo/global/oens/recfct/bin/T126L28
+ echo ./recfct.T126L28 < /gfs/home3/modoper/tempo/global/oens/recfct/datain/recfctFCT04R.nml > /gfs/home3/modoper/tempo/global/oens/recfct/output/recfct.out.2011101012.16:46.T126L28
./recfct.T126L28 < /gfs/home3/modoper/tempo/global/oens/recfct/datain/recfctFCT04R.nml > /gfs/home3/modoper/tempo/global/oens/recfct/output/recfct.out.2011101012.16:46.T126L28
+ ./recfct.T126L28
+ 0< /gfs/home3/modoper/tempo/global/oens/recfct/datain/recfctFCT04R.nml 1> /gfs/home3/modoper/tempo/global/oens/recfct/output/recfct.out.2011101012.16:46.T126L28
 
 
     ******  Program Information  ******
  Real Time (sec)       :         23.549950
  User Time (sec)       :          4.124190
  Sys  Time (sec)       :          0.080226
  Vector Time (sec)     :          0.342670
  Inst. Count           :        1596986141.
  V. Inst. Count        :          16052480.
  V. Element Count      :        1289251883.
  FLOP Count            :         534710007.
  MOPS                  :        695.939202
  MFLOPS                :        129.652125
  VLEN                  :         80.314810
  V. Op. Ratio (%)      :         44.918764
  Memory Size (MB)      :        192.031250
  MIPS                  :        387.224186
  I-Cache (sec)         :          0.002196
  O-Cache (sec)         :          0.867071
  Bank (sec)            :          0.001191
 
  Start Time (date)  :  2011/10/10 16:46:40
  End   Time (date)  :  2011/10/10 16:47:03
-rw-r--r--    1 modoper  pnt            2400 Oct 10 16:47 /gfs/home3/modoper/tempo/global/oens/eof/datain/templ042011101012
sx6
PNT-EN
11101016:47
out
/gfs/home3/modoper/tempo/global/oens
/gfs/home3/modoper/tempo/global/oens
/gfs/dk22/modoper/tempo/global/oens
/gfs/dk22/modoper/tempo/global/oens/model/datain
/gfs/home3/modoper/tempo/global/oens/run/setrecfct.1.FCT04RT126L28.sx6
Date: 20111010
Hour: 16:47
FCT04R
2011101012
2011101200
GFCT04R
GFCT04R
GFCT04R
F.fct
F.fct
R.fct
/gfs/home3/modoper/tempo/global/oens
/gfs/home3/modoper/tempo/global/oens
/gfs/dk22/modoper/tempo/global/oens
/gfs/dk22/modoper/tempo/global/oens/model/datain
run
run
GFCT04R20111010122011101200F.fct.T126L28
/gfs/home3/modoper/tempo/global/oens/recfct/datain/GFCT04R20111010122011101200F.fct.T126L28
+ echo Recomposition  -x-  RUNNING ...
Recomposition  -x-  RUNNING ...
+ source=/gfs/home3/modoper/tempo/global/oens/recfct/source
+ bin=/gfs/home3/modoper/tempo/global/oens/recfct/bin/T126L28
+ input=/gfs/home3/modoper/tempo/global/oens/recfct/datain
+ out=/gfs/home3/modoper/tempo/global/oens/recfct/output
+ echo run
run
+ [ run = make ]
+ echo run
run
+ [ run = clean ]
+ cd /gfs/home3/modoper/tempo/global/oens/recfct/bin/T126L28
+ echo ./recfct.T126L28 < /gfs/home3/modoper/tempo/global/oens/recfct/datain/recfctFCT04R.nml > /gfs/home3/modoper/tempo/global/oens/recfct/output/recfct.out.2011101012.16:47.T126L28
./recfct.T126L28 < /gfs/home3/modoper/tempo/global/oens/recfct/datain/recfctFCT04R.nml > /gfs/home3/modoper/tempo/global/oens/recfct/output/recfct.out.2011101012.16:47.T126L28
+ ./recfct.T126L28
+ 0< /gfs/home3/modoper/tempo/global/oens/recfct/datain/recfctFCT04R.nml 1> /gfs/home3/modoper/tempo/global/oens/recfct/output/recfct.out.2011101012.16:47.T126L28
 
 
     ******  Program Information  ******
  Real Time (sec)       :         20.195928
  User Time (sec)       :          4.125060
  Sys  Time (sec)       :          0.077600
  Vector Time (sec)     :          0.342325
  Inst. Count           :        1596986110.
  V. Inst. Count        :          16052480.
  V. Element Count      :        1289251883.
  FLOP Count            :         534710006.
  MOPS                  :        695.792413
  MFLOPS                :        129.624780
  VLEN                  :         80.314810
  V. Op. Ratio (%)      :         44.918765
  Memory Size (MB)      :        192.031250
  MIPS                  :        387.142508
  I-Cache (sec)         :          0.002034
  O-Cache (sec)         :          0.868228
  Bank (sec)            :          0.001191
 
  Start Time (date)  :  2011/10/10 16:47:04
  End   Time (date)  :  2011/10/10 16:47:25
sx6
2011101016:47
out
/gfs/home3/modoper/tempo/global/oens
/gfs/home3/modoper/tempo/global/oens
/gfs/dk22/modoper/tempo/global/oens
/gfs/dk22/modoper/tempo/global/oens/model/datain
/gfs/home3/modoper/tempo/global/oens/run/seteofs.1.04T126L28.sx6
04
Date: 20111010
Hour: 16:47
2011101012
/gfs/home3/modoper/tempo/global/oens
/gfs/home3/modoper/tempo/global/oens
/gfs/dk22/modoper/tempo/global/oens
/gfs/dk22/modoper/tempo/global/oens/model/datain
run
run
Vai chamar eoft
+ echo EOFT           -x-  RUNNING ...
EOFT           -x-  RUNNING ...
+ source=/gfs/home3/modoper/tempo/global/oens/eoftemp/source
+ bin=/gfs/home3/modoper/tempo/global/oens/eof/bin/T126L28
+ inp=/gfs/home3/modoper/tempo/global/oens/eof/datain
+ outp=/gfs/home3/modoper/tempo/global/oens/eoftemp/output
+ echo run
run
+ [ run = make ]
+ echo run
run
+ [ run = clean ]
+ cd /gfs/home3/modoper/tempo/global/oens/eof/bin/T126L28
+ echo ./eoftem.T126L28 < /gfs/home3/modoper/tempo/global/oens/eof/datain/eoftem04.nml > /gfs/home3/modoper/tempo/global/oens/eoftemp/output/eoftem.2011101012.16:47.T126L28
./eoftem.T126L28 < /gfs/home3/modoper/tempo/global/oens/eof/datain/eoftem04.nml > /gfs/home3/modoper/tempo/global/oens/eoftemp/output/eoftem.2011101012.16:47.T126L28
+ ./eoftem.T126L28
+ 0< /gfs/home3/modoper/tempo/global/oens/eof/datain/eoftem04.nml 1> /gfs/home3/modoper/tempo/global/oens/eoftemp/output/eoftem.2011101012.16:47.T126L28
 entrou no eoft fortran
 &DATAIN DIRI=/gfs/home3/modoper/tempo/global/oens/eof/datain/                ,
 DIRA=/gfs/dk22/modoper/tempo/global/oens/model/datain/               ,
 DIRO=/gfs/dk22/modoper/tempo/global/oens/eof/dataout/T126L28/        ,
 NAMEL=templ042011101012                                               ,
 ANAME=GANLAVN2011101012R.unf.T126L28                                                      ,
 TEMOUT=temout042011101012                                              ,
 TEMPCM=tempcm042011101012                                              ,
 TEMPER1=tempe1042011101012                                              ,
 TEMPEN1=tempn1042011101012                                               /
 
 
     ******  Program Information  ******
  Real Time (sec)       :         32.094105
  User Time (sec)       :          6.580278
  Sys  Time (sec)       :          0.387919
  Vector Time (sec)     :          5.901466
  Inst. Count           :         597132905.
  V. Inst. Count        :          72971994.
  V. Element Count      :        9156488816.
  FLOP Count            :        3164564929.
  MOPS                  :       1471.161188
  MFLOPS                :        480.916595
  VLEN                  :        125.479493
  V. Op. Ratio (%)      :         94.585478
  Memory Size (MB)      :        304.031250
  MIPS                  :         90.745846
  I-Cache (sec)         :          0.003570
  O-Cache (sec)         :          0.003218
  Bank (sec)            :          0.281361
 
  Start Time (date)  :  2011/10/10 16:47:26
  End   Time (date)  :  2011/10/10 16:47:59
Vai chamar eofw
+ echo EOFW           -x-  RUNNING ...
EOFW           -x-  RUNNING ...
+ source=/gfs/home3/modoper/tempo/global/oens/eofwind/source
+ bin=/gfs/home3/modoper/tempo/global/oens/eof/bin/T126L28
+ out=/gfs/dk22/modoper/tempo/global/oens/eof/dataout/T126L28
+ inp=/gfs/home3/modoper/tempo/global/oens/eof/datain
+ outp=/gfs/home3/modoper/tempo/global/oens/eofwind/output
+ echo run
run
+ [ run = make ]
+ echo run
run
+ [ run = clean ]
+ cd /gfs/home3/modoper/tempo/global/oens/eof/bin/T126L28
+ echo ./eofwin.T126L28 < /gfs/home3/modoper/tempo/global/oens/eof/datain/eofwin04.nml > /gfs/home3/modoper/tempo/global/oens/eofwind/output/eofwin.2011101012.16:47.T126L28
./eofwin.T126L28 < /gfs/home3/modoper/tempo/global/oens/eof/datain/eofwin04.nml > /gfs/home3/modoper/tempo/global/oens/eofwind/output/eofwin.2011101012.16:47.T126L28
+ ./eofwin.T126L28
+ 0< /gfs/home3/modoper/tempo/global/oens/eof/datain/eofwin04.nml 1> /gfs/home3/modoper/tempo/global/oens/eofwind/output/eofwin.2011101012.16:47.T126L28
 
 
     ******  Program Information  ******
  Real Time (sec)       :         56.612242
  User Time (sec)       :         11.996973
  Sys  Time (sec)       :          0.642170
  Vector Time (sec)     :         10.950010
  Inst. Count           :        1009388141.
  V. Inst. Count        :         235339236.
  V. Element Count      :       26880731770.
  FLOP Count            :        7609520174.
  MOPS                  :       2305.146596
  MFLOPS                :        634.286698
  VLEN                  :        114.221208
  V. Op. Ratio (%)      :         97.201030
  Memory Size (MB)      :        624.031250
  MIPS                  :         84.136904
  I-Cache (sec)         :          0.009578
  O-Cache (sec)         :          0.020990
  Bank (sec)            :          0.599880
 
  Start Time (date)  :  2011/10/10 16:47:59
  End   Time (date)  :  2011/10/10 16:48:55
sx6
2011101016:48
out
/gfs/home3/modoper/tempo/global/oens
/gfs/home3/modoper/tempo/global/oens
/gfs/dk22/modoper/tempo/global/oens
/gfs/dk22/modoper/tempo/global/oens/model/datain
/gfs/home3/modoper/tempo/global/oens/run/setdeco04T126L28.sx6
Date: 20111010
Hour: 16:48
2011101012
/gfs/home3/modoper/tempo/global/oens
/gfs/home3/modoper/tempo/global/oens
/gfs/dk22/modoper/tempo/global/oens
/gfs/dk22/modoper/tempo/global/oens/model/datain
run
run
+ echo Decomposition  -x-  RUNNING ...
Decomposition  -x-  RUNNING ...
+ source=/gfs/home3/modoper/tempo/global/oens/decanl/source
+ bin=/gfs/home3/modoper/tempo/global/oens/decanl/bin/T126L28
+ input=/gfs/home3/modoper/tempo/global/oens/decanl/datain
+ out=/gfs/home3/modoper/tempo/global/oens/decanl/output
+ echo run
run
+ [ run = make ]
+ echo run
run
+ [ run = clean ]
+ cd /gfs/home3/modoper/tempo/global/oens/decanl/bin/T126L28
+ ./decanl.T126L28
+ 0< /gfs/home3/modoper/tempo/global/oens/decanl/datain/decanl04.nml 1> /gfs/home3/modoper/tempo/global/oens/decanl/output/decanl.2011101012.16:48.T126L28
 
 
     ******  Program Information  ******
  Real Time (sec)       :          3.801659
  User Time (sec)       :          0.822994
  Sys  Time (sec)       :          0.066803
  Vector Time (sec)     :          0.631544
  Inst. Count           :         173583994.
  V. Inst. Count        :          21078079.
  V. Element Count      :        2292782635.
  FLOP Count            :         590251097.
  MOPS                  :       2971.209401
  MFLOPS                :        717.199452
  VLEN                  :        108.775692
  V. Op. Ratio (%)      :         93.763275
  Memory Size (MB)      :        192.031250
  MIPS                  :        210.917601
  I-Cache (sec)         :          0.001246
  O-Cache (sec)         :          0.026664
  Bank (sec)            :          0.015380
 
  Start Time (date)  :  2011/10/10 16:48:57
  End   Time (date)  :  2011/10/10 16:49:00
+ echo Decomposition  -x-  RUNNING ...
Decomposition  -x-  RUNNING ...
+ source=/gfs/home3/modoper/tempo/global/oens/decanl/source
+ bin=/gfs/home3/modoper/tempo/global/oens/decanl/bin/T126L28
+ input=/gfs/home3/modoper/tempo/global/oens/decanl/datain
+ out=/gfs/home3/modoper/tempo/global/oens/decanl/output
+ echo run
run
+ [ run = make ]
+ echo run
run
+ [ run = clean ]
+ cd /gfs/home3/modoper/tempo/global/oens/decanl/bin/T126L28
+ ./decanl.T126L28
+ 0< /gfs/home3/modoper/tempo/global/oens/decanl/datain/decanl04.nml 1> /gfs/home3/modoper/tempo/global/oens/decanl/output/decanl.2011101012.16:48.T126L28
 
 
     ******  Program Information  ******
  Real Time (sec)       :          3.650399
  User Time (sec)       :          0.821904
  Sys  Time (sec)       :          0.069913
  Vector Time (sec)     :          0.629170
  Inst. Count           :         173583889.
  V. Inst. Count        :          21078079.
  V. Element Count      :        2292782629.
  FLOP Count            :         590251097.
  MOPS                  :       2975.150012
  MFLOPS                :        718.150681
  VLEN                  :        108.775692
  V. Op. Ratio (%)      :         93.763279
  Memory Size (MB)      :        192.031250
  MIPS                  :        211.197215
  I-Cache (sec)         :          0.001877
  O-Cache (sec)         :          0.027737
  Bank (sec)            :          0.015382
 
  Start Time (date)  :  2011/10/10 16:49:01
  End   Time (date)  :  2011/10/10 16:49:04
logout
