stty: : Invalid argument
vt100
resize:  can't open terminal /dev/tty
======================================
Welcome to tupan03: SUPER-UX 14.1 SX-6
Today is Tue Feb 14 05:01:10 GMT 2012
======================================
runperreco1.sx6 126 28 05 2012021400 15 NO 07 
sx6
2012021405:01
out
/gfs/home3/modoper/tempo/global/oens
/gfs/home3/modoper/tempo/global/oens
/gfs/dk22/modoper/tempo/global/oens
/gfs/dk22/modoper/tempo/global/oens/model/datain
/gfs/home3/modoper/tempo/global/oens/run/setperreco.1.05T126L28.sx6
Date: 20120214
Hour: 05:01
2012021400


rm: ERROR: Cannot access templ052012021400: No such file or directory
-rw-r--r--    1 modoper  pnt             200 Feb 14 05:01 /gfs/home3/modoper/tempo/global/oens/eof/datain/templ052012021400
ls: ERROR: Cannot access /gfs/dk22/modoper/tempo/global/oens/recfct/dataout/T126L28/GFCT05R2012021400*.fct*: No such file or directory
sx6
PNT-EN
12021405:01
out
/gfs/home3/modoper/tempo/global/oens
/gfs/home3/modoper/tempo/global/oens
/gfs/dk22/modoper/tempo/global/oens
/gfs/dk22/modoper/tempo/global/oens/model/datain
/gfs/home3/modoper/tempo/global/oens/run/setrecfct.1.FCT05RT126L28.sx6
Date: 20120214
Hour: 05:01
FCT05R
2012021400
2012021403
GFCT05R
GFCT05R
GFCT05R
F.fct
F.fct
R.fct
/gfs/home3/modoper/tempo/global/oens
/gfs/home3/modoper/tempo/global/oens
/gfs/dk22/modoper/tempo/global/oens
/gfs/dk22/modoper/tempo/global/oens/model/datain
run
run
GFCT05R20120214002012021403F.fct.T126L28
/gfs/home3/modoper/tempo/global/oens/recfct/datain/GFCT05R20120214002012021403F.fct.T126L28
+ echo Recomposition  -x-  RUNNING ...
Recomposition  -x-  RUNNING ...
+ source=/gfs/home3/modoper/tempo/global/oens/recfct/source
+ bin=/gfs/home3/modoper/tempo/global/oens/recfct/bin/T126L28
+ input=/gfs/home3/modoper/tempo/global/oens/recfct/datain
+ out=/gfs/home3/modoper/tempo/global/oens/recfct/output
+ echo run
run
+ [ run = make ]
+ echo run
run
+ [ run = clean ]
+ cd /gfs/home3/modoper/tempo/global/oens/recfct/bin/T126L28
+ echo ./recfct.T126L28 < /gfs/home3/modoper/tempo/global/oens/recfct/datain/recfctFCT05R.nml > /gfs/home3/modoper/tempo/global/oens/recfct/output/recfct.out.2012021400.05:01.T126L28
./recfct.T126L28 < /gfs/home3/modoper/tempo/global/oens/recfct/datain/recfctFCT05R.nml > /gfs/home3/modoper/tempo/global/oens/recfct/output/recfct.out.2012021400.05:01.T126L28
+ ./recfct.T126L28
+ 0< /gfs/home3/modoper/tempo/global/oens/recfct/datain/recfctFCT05R.nml 1> /gfs/home3/modoper/tempo/global/oens/recfct/output/recfct.out.2012021400.05:01.T126L28
 
 
     ******  Program Information  ******
  Real Time (sec)       :          5.423366
  User Time (sec)       :          4.137582
  Sys  Time (sec)       :          0.074026
  Vector Time (sec)     :          0.347179
  Inst. Count           :        1596986017.
  V. Inst. Count        :          16052480.
  V. Element Count      :        1289251883.
  FLOP Count            :         534710003.
  MOPS                  :        693.686642
  MFLOPS                :        129.232482
  VLEN                  :         80.314810
  V. Op. Ratio (%)      :         44.918766
  Memory Size (MB)      :        192.031250
  MIPS                  :        385.970836
  I-Cache (sec)         :          0.001716
  O-Cache (sec)         :          0.880355
  Bank (sec)            :          0.001190
 
  Start Time (date)  :  2012/02/14 05:01:14
  End   Time (date)  :  2012/02/14 05:01:19
-rw-r--r--    1 modoper  pnt             400 Feb 14 05:01 /gfs/home3/modoper/tempo/global/oens/eof/datain/templ052012021400
sx6
PNT-EN
12021405:01
out
/gfs/home3/modoper/tempo/global/oens
/gfs/home3/modoper/tempo/global/oens
/gfs/dk22/modoper/tempo/global/oens
/gfs/dk22/modoper/tempo/global/oens/model/datain
/gfs/home3/modoper/tempo/global/oens/run/setrecfct.1.FCT05RT126L28.sx6
Date: 20120214
Hour: 05:01
FCT05R
2012021400
2012021406
GFCT05R
GFCT05R
GFCT05R
F.fct
F.fct
R.fct
/gfs/home3/modoper/tempo/global/oens
/gfs/home3/modoper/tempo/global/oens
/gfs/dk22/modoper/tempo/global/oens
/gfs/dk22/modoper/tempo/global/oens/model/datain
run
run
GFCT05R20120214002012021406F.fct.T126L28
/gfs/home3/modoper/tempo/global/oens/recfct/datain/GFCT05R20120214002012021406F.fct.T126L28
+ echo Recomposition  -x-  RUNNING ...
Recomposition  -x-  RUNNING ...
+ source=/gfs/home3/modoper/tempo/global/oens/recfct/source
+ bin=/gfs/home3/modoper/tempo/global/oens/recfct/bin/T126L28
+ input=/gfs/home3/modoper/tempo/global/oens/recfct/datain
+ out=/gfs/home3/modoper/tempo/global/oens/recfct/output
+ echo run
run
+ [ run = make ]
+ echo run
run
+ [ run = clean ]
+ cd /gfs/home3/modoper/tempo/global/oens/recfct/bin/T126L28
+ echo ./recfct.T126L28 < /gfs/home3/modoper/tempo/global/oens/recfct/datain/recfctFCT05R.nml > /gfs/home3/modoper/tempo/global/oens/recfct/output/recfct.out.2012021400.05:01.T126L28
./recfct.T126L28 < /gfs/home3/modoper/tempo/global/oens/recfct/datain/recfctFCT05R.nml > /gfs/home3/modoper/tempo/global/oens/recfct/output/recfct.out.2012021400.05:01.T126L28
+ ./recfct.T126L28
+ 0< /gfs/home3/modoper/tempo/global/oens/recfct/datain/recfctFCT05R.nml 1> /gfs/home3/modoper/tempo/global/oens/recfct/output/recfct.out.2012021400.05:01.T126L28
 
 
     ******  Program Information  ******
  Real Time (sec)       :          5.839062
  User Time (sec)       :          4.141636
  Sys  Time (sec)       :          0.127926
  Vector Time (sec)     :          0.346545
  Inst. Count           :        1596986017.
  V. Inst. Count        :          16052480.
  V. Element Count      :        1289251883.
  FLOP Count            :         534710003.
  MOPS                  :        693.007581
  MFLOPS                :        129.105975
  VLEN                  :         80.314810
  V. Op. Ratio (%)      :         44.918766
  Memory Size (MB)      :        192.031250
  MIPS                  :        385.593004
  I-Cache (sec)         :          0.006741
  O-Cache (sec)         :          0.885047
  Bank (sec)            :          0.001191
 
  Start Time (date)  :  2012/02/14 05:01:20
  End   Time (date)  :  2012/02/14 05:01:26
-rw-r--r--    1 modoper  pnt             600 Feb 14 05:01 /gfs/home3/modoper/tempo/global/oens/eof/datain/templ052012021400
sx6
PNT-EN
12021405:01
out
/gfs/home3/modoper/tempo/global/oens
/gfs/home3/modoper/tempo/global/oens
/gfs/dk22/modoper/tempo/global/oens
/gfs/dk22/modoper/tempo/global/oens/model/datain
/gfs/home3/modoper/tempo/global/oens/run/setrecfct.1.FCT05RT126L28.sx6
Date: 20120214
Hour: 05:01
FCT05R
2012021400
2012021409
GFCT05R
GFCT05R
GFCT05R
F.fct
F.fct
R.fct
/gfs/home3/modoper/tempo/global/oens
/gfs/home3/modoper/tempo/global/oens
/gfs/dk22/modoper/tempo/global/oens
/gfs/dk22/modoper/tempo/global/oens/model/datain
run
run
GFCT05R20120214002012021409F.fct.T126L28
/gfs/home3/modoper/tempo/global/oens/recfct/datain/GFCT05R20120214002012021409F.fct.T126L28
+ echo Recomposition  -x-  RUNNING ...
Recomposition  -x-  RUNNING ...
+ source=/gfs/home3/modoper/tempo/global/oens/recfct/source
+ bin=/gfs/home3/modoper/tempo/global/oens/recfct/bin/T126L28
+ input=/gfs/home3/modoper/tempo/global/oens/recfct/datain
+ out=/gfs/home3/modoper/tempo/global/oens/recfct/output
+ echo run
run
+ [ run = make ]
+ echo run
run
+ [ run = clean ]
+ cd /gfs/home3/modoper/tempo/global/oens/recfct/bin/T126L28
+ echo ./recfct.T126L28 < /gfs/home3/modoper/tempo/global/oens/recfct/datain/recfctFCT05R.nml > /gfs/home3/modoper/tempo/global/oens/recfct/output/recfct.out.2012021400.05:01.T126L28
./recfct.T126L28 < /gfs/home3/modoper/tempo/global/oens/recfct/datain/recfctFCT05R.nml > /gfs/home3/modoper/tempo/global/oens/recfct/output/recfct.out.2012021400.05:01.T126L28
+ ./recfct.T126L28
+ 0< /gfs/home3/modoper/tempo/global/oens/recfct/datain/recfctFCT05R.nml 1> /gfs/home3/modoper/tempo/global/oens/recfct/output/recfct.out.2012021400.05:01.T126L28
 
 
     ******  Program Information  ******
  Real Time (sec)       :          5.992162
  User Time (sec)       :          4.139659
  Sys  Time (sec)       :          0.129983
  Vector Time (sec)     :          0.345913
  Inst. Count           :        1596986017.
  V. Inst. Count        :          16052480.
  V. Element Count      :        1289251883.
  FLOP Count            :         534710003.
  MOPS                  :        693.338549
  MFLOPS                :        129.167633
  VLEN                  :         80.314810
  V. Op. Ratio (%)      :         44.918766
  Memory Size (MB)      :        192.031250
  MIPS                  :        385.777156
  I-Cache (sec)         :          0.007155
  O-Cache (sec)         :          0.883826
  Bank (sec)            :          0.001191
 
  Start Time (date)  :  2012/02/14 05:01:27
  End   Time (date)  :  2012/02/14 05:01:33
-rw-r--r--    1 modoper  pnt             800 Feb 14 05:01 /gfs/home3/modoper/tempo/global/oens/eof/datain/templ052012021400
sx6
PNT-EN
12021405:01
out
/gfs/home3/modoper/tempo/global/oens
/gfs/home3/modoper/tempo/global/oens
/gfs/dk22/modoper/tempo/global/oens
/gfs/dk22/modoper/tempo/global/oens/model/datain
/gfs/home3/modoper/tempo/global/oens/run/setrecfct.1.FCT05RT126L28.sx6
Date: 20120214
Hour: 05:01
FCT05R
2012021400
2012021412
GFCT05R
GFCT05R
GFCT05R
F.fct
F.fct
R.fct
/gfs/home3/modoper/tempo/global/oens
/gfs/home3/modoper/tempo/global/oens
/gfs/dk22/modoper/tempo/global/oens
/gfs/dk22/modoper/tempo/global/oens/model/datain
run
run
GFCT05R20120214002012021412F.fct.T126L28
/gfs/home3/modoper/tempo/global/oens/recfct/datain/GFCT05R20120214002012021412F.fct.T126L28
+ echo Recomposition  -x-  RUNNING ...
Recomposition  -x-  RUNNING ...
+ source=/gfs/home3/modoper/tempo/global/oens/recfct/source
+ bin=/gfs/home3/modoper/tempo/global/oens/recfct/bin/T126L28
+ input=/gfs/home3/modoper/tempo/global/oens/recfct/datain
+ out=/gfs/home3/modoper/tempo/global/oens/recfct/output
+ echo run
run
+ [ run = make ]
+ echo run
run
+ [ run = clean ]
+ cd /gfs/home3/modoper/tempo/global/oens/recfct/bin/T126L28
+ echo ./recfct.T126L28 < /gfs/home3/modoper/tempo/global/oens/recfct/datain/recfctFCT05R.nml > /gfs/home3/modoper/tempo/global/oens/recfct/output/recfct.out.2012021400.05:01.T126L28
./recfct.T126L28 < /gfs/home3/modoper/tempo/global/oens/recfct/datain/recfctFCT05R.nml > /gfs/home3/modoper/tempo/global/oens/recfct/output/recfct.out.2012021400.05:01.T126L28
+ ./recfct.T126L28
+ 0< /gfs/home3/modoper/tempo/global/oens/recfct/datain/recfctFCT05R.nml 1> /gfs/home3/modoper/tempo/global/oens/recfct/output/recfct.out.2012021400.05:01.T126L28
 
 
     ******  Program Information  ******
  Real Time (sec)       :          5.877889
  User Time (sec)       :          4.134316
  Sys  Time (sec)       :          0.060262
  Vector Time (sec)     :          0.346390
  Inst. Count           :        1596986048.
  V. Inst. Count        :          16052480.
  V. Element Count      :        1289251883.
  FLOP Count            :         534710004.
  MOPS                  :        694.234603
  MFLOPS                :        129.334565
  VLEN                  :         80.314810
  V. Op. Ratio (%)      :         44.918766
  Memory Size (MB)      :        192.031250
  MIPS                  :        386.275728
  I-Cache (sec)         :          0.001213
  O-Cache (sec)         :          0.877870
  Bank (sec)            :          0.001190
 
  Start Time (date)  :  2012/02/14 05:01:34
  End   Time (date)  :  2012/02/14 05:01:40
-rw-r--r--    1 modoper  pnt            1000 Feb 14 05:01 /gfs/home3/modoper/tempo/global/oens/eof/datain/templ052012021400
sx6
PNT-EN
12021405:01
out
/gfs/home3/modoper/tempo/global/oens
/gfs/home3/modoper/tempo/global/oens
/gfs/dk22/modoper/tempo/global/oens
/gfs/dk22/modoper/tempo/global/oens/model/datain
/gfs/home3/modoper/tempo/global/oens/run/setrecfct.1.FCT05RT126L28.sx6
Date: 20120214
Hour: 05:01
FCT05R
2012021400
2012021415
GFCT05R
GFCT05R
GFCT05R
F.fct
F.fct
R.fct
/gfs/home3/modoper/tempo/global/oens
/gfs/home3/modoper/tempo/global/oens
/gfs/dk22/modoper/tempo/global/oens
/gfs/dk22/modoper/tempo/global/oens/model/datain
run
run
GFCT05R20120214002012021415F.fct.T126L28
/gfs/home3/modoper/tempo/global/oens/recfct/datain/GFCT05R20120214002012021415F.fct.T126L28
+ echo Recomposition  -x-  RUNNING ...
Recomposition  -x-  RUNNING ...
+ source=/gfs/home3/modoper/tempo/global/oens/recfct/source
+ bin=/gfs/home3/modoper/tempo/global/oens/recfct/bin/T126L28
+ input=/gfs/home3/modoper/tempo/global/oens/recfct/datain
+ out=/gfs/home3/modoper/tempo/global/oens/recfct/output
+ echo run
run
+ [ run = make ]
+ echo run
run
+ [ run = clean ]
+ cd /gfs/home3/modoper/tempo/global/oens/recfct/bin/T126L28
+ echo ./recfct.T126L28 < /gfs/home3/modoper/tempo/global/oens/recfct/datain/recfctFCT05R.nml > /gfs/home3/modoper/tempo/global/oens/recfct/output/recfct.out.2012021400.05:01.T126L28
./recfct.T126L28 < /gfs/home3/modoper/tempo/global/oens/recfct/datain/recfctFCT05R.nml > /gfs/home3/modoper/tempo/global/oens/recfct/output/recfct.out.2012021400.05:01.T126L28
+ ./recfct.T126L28
+ 0< /gfs/home3/modoper/tempo/global/oens/recfct/datain/recfctFCT05R.nml 1> /gfs/home3/modoper/tempo/global/oens/recfct/output/recfct.out.2012021400.05:01.T126L28
 
 
     ******  Program Information  ******
  Real Time (sec)       :          5.580780
  User Time (sec)       :          4.134393
  Sys  Time (sec)       :          0.060160
  Vector Time (sec)     :          0.346513
  Inst. Count           :        1596986048.
  V. Inst. Count        :          16052480.
  V. Element Count      :        1289251883.
  FLOP Count            :         534710004.
  MOPS                  :        694.221653
  MFLOPS                :        129.332153
  VLEN                  :         80.314810
  V. Op. Ratio (%)      :         44.918766
  Memory Size (MB)      :        192.031250
  MIPS                  :        386.268523
  I-Cache (sec)         :          0.001332
  O-Cache (sec)         :          0.877862
  Bank (sec)            :          0.001190
 
  Start Time (date)  :  2012/02/14 05:01:41
  End   Time (date)  :  2012/02/14 05:01:47
-rw-r--r--    1 modoper  pnt            1200 Feb 14 05:01 /gfs/home3/modoper/tempo/global/oens/eof/datain/templ052012021400
sx6
PNT-EN
12021405:01
out
/gfs/home3/modoper/tempo/global/oens
/gfs/home3/modoper/tempo/global/oens
/gfs/dk22/modoper/tempo/global/oens
/gfs/dk22/modoper/tempo/global/oens/model/datain
/gfs/home3/modoper/tempo/global/oens/run/setrecfct.1.FCT05RT126L28.sx6
Date: 20120214
Hour: 05:01
FCT05R
2012021400
2012021418
GFCT05R
GFCT05R
GFCT05R
F.fct
F.fct
R.fct
/gfs/home3/modoper/tempo/global/oens
/gfs/home3/modoper/tempo/global/oens
/gfs/dk22/modoper/tempo/global/oens
/gfs/dk22/modoper/tempo/global/oens/model/datain
run
run
GFCT05R20120214002012021418F.fct.T126L28
/gfs/home3/modoper/tempo/global/oens/recfct/datain/GFCT05R20120214002012021418F.fct.T126L28
+ echo Recomposition  -x-  RUNNING ...
Recomposition  -x-  RUNNING ...
+ source=/gfs/home3/modoper/tempo/global/oens/recfct/source
+ bin=/gfs/home3/modoper/tempo/global/oens/recfct/bin/T126L28
+ input=/gfs/home3/modoper/tempo/global/oens/recfct/datain
+ out=/gfs/home3/modoper/tempo/global/oens/recfct/output
+ echo run
run
+ [ run = make ]
+ echo run
run
+ [ run = clean ]
+ cd /gfs/home3/modoper/tempo/global/oens/recfct/bin/T126L28
+ echo ./recfct.T126L28 < /gfs/home3/modoper/tempo/global/oens/recfct/datain/recfctFCT05R.nml > /gfs/home3/modoper/tempo/global/oens/recfct/output/recfct.out.2012021400.05:01.T126L28
./recfct.T126L28 < /gfs/home3/modoper/tempo/global/oens/recfct/datain/recfctFCT05R.nml > /gfs/home3/modoper/tempo/global/oens/recfct/output/recfct.out.2012021400.05:01.T126L28
+ ./recfct.T126L28
+ 0< /gfs/home3/modoper/tempo/global/oens/recfct/datain/recfctFCT05R.nml 1> /gfs/home3/modoper/tempo/global/oens/recfct/output/recfct.out.2012021400.05:01.T126L28
 
 
     ******  Program Information  ******
  Real Time (sec)       :          5.371298
  User Time (sec)       :          4.133600
  Sys  Time (sec)       :          0.057727
  Vector Time (sec)     :          0.346542
  Inst. Count           :        1596986048.
  V. Inst. Count        :          16052480.
  V. Element Count      :        1289251883.
  FLOP Count            :         534710004.
  MOPS                  :        694.354979
  MFLOPS                :        129.356991
  VLEN                  :         80.314810
  V. Op. Ratio (%)      :         44.918766
  Memory Size (MB)      :        192.031250
  MIPS                  :        386.342706
  I-Cache (sec)         :          0.000794
  O-Cache (sec)         :          0.877316
  Bank (sec)            :          0.001190
 
  Start Time (date)  :  2012/02/14 05:01:48
  End   Time (date)  :  2012/02/14 05:01:53
-rw-r--r--    1 modoper  pnt            1400 Feb 14 05:01 /gfs/home3/modoper/tempo/global/oens/eof/datain/templ052012021400
sx6
PNT-EN
12021405:01
out
/gfs/home3/modoper/tempo/global/oens
/gfs/home3/modoper/tempo/global/oens
/gfs/dk22/modoper/tempo/global/oens
/gfs/dk22/modoper/tempo/global/oens/model/datain
/gfs/home3/modoper/tempo/global/oens/run/setrecfct.1.FCT05RT126L28.sx6
Date: 20120214
Hour: 05:01
FCT05R
2012021400
2012021421
GFCT05R
GFCT05R
GFCT05R
F.fct
F.fct
R.fct
/gfs/home3/modoper/tempo/global/oens
/gfs/home3/modoper/tempo/global/oens
/gfs/dk22/modoper/tempo/global/oens
/gfs/dk22/modoper/tempo/global/oens/model/datain
run
run
GFCT05R20120214002012021421F.fct.T126L28
/gfs/home3/modoper/tempo/global/oens/recfct/datain/GFCT05R20120214002012021421F.fct.T126L28
+ echo Recomposition  -x-  RUNNING ...
Recomposition  -x-  RUNNING ...
+ source=/gfs/home3/modoper/tempo/global/oens/recfct/source
+ bin=/gfs/home3/modoper/tempo/global/oens/recfct/bin/T126L28
+ input=/gfs/home3/modoper/tempo/global/oens/recfct/datain
+ out=/gfs/home3/modoper/tempo/global/oens/recfct/output
+ echo run
run
+ [ run = make ]
+ echo run
run
+ [ run = clean ]
+ cd /gfs/home3/modoper/tempo/global/oens/recfct/bin/T126L28
+ echo ./recfct.T126L28 < /gfs/home3/modoper/tempo/global/oens/recfct/datain/recfctFCT05R.nml > /gfs/home3/modoper/tempo/global/oens/recfct/output/recfct.out.2012021400.05:01.T126L28
./recfct.T126L28 < /gfs/home3/modoper/tempo/global/oens/recfct/datain/recfctFCT05R.nml > /gfs/home3/modoper/tempo/global/oens/recfct/output/recfct.out.2012021400.05:01.T126L28
+ ./recfct.T126L28
+ 0< /gfs/home3/modoper/tempo/global/oens/recfct/datain/recfctFCT05R.nml 1> /gfs/home3/modoper/tempo/global/oens/recfct/output/recfct.out.2012021400.05:01.T126L28
 
 
     ******  Program Information  ******
  Real Time (sec)       :          6.090439
  User Time (sec)       :          4.133488
  Sys  Time (sec)       :          0.057776
  Vector Time (sec)     :          0.346142
  Inst. Count           :        1596986048.
  V. Inst. Count        :          16052480.
  V. Element Count      :        1289251883.
  FLOP Count            :         534710004.
  MOPS                  :        694.373692
  MFLOPS                :        129.360477
  VLEN                  :         80.314810
  V. Op. Ratio (%)      :         44.918766
  Memory Size (MB)      :        192.031250
  MIPS                  :        386.353118
  I-Cache (sec)         :          0.000813
  O-Cache (sec)         :          0.877436
  Bank (sec)            :          0.001190
 
  Start Time (date)  :  2012/02/14 05:01:54
  End   Time (date)  :  2012/02/14 05:02:00
-rw-r--r--    1 modoper  pnt            1600 Feb 14 05:02 /gfs/home3/modoper/tempo/global/oens/eof/datain/templ052012021400
sx6
PNT-EN
12021405:02
out
/gfs/home3/modoper/tempo/global/oens
/gfs/home3/modoper/tempo/global/oens
/gfs/dk22/modoper/tempo/global/oens
/gfs/dk22/modoper/tempo/global/oens/model/datain
/gfs/home3/modoper/tempo/global/oens/run/setrecfct.1.FCT05RT126L28.sx6
Date: 20120214
Hour: 05:02
FCT05R
2012021400
2012021500
GFCT05R
GFCT05R
GFCT05R
F.fct
F.fct
R.fct
/gfs/home3/modoper/tempo/global/oens
/gfs/home3/modoper/tempo/global/oens
/gfs/dk22/modoper/tempo/global/oens
/gfs/dk22/modoper/tempo/global/oens/model/datain
run
run
GFCT05R20120214002012021500F.fct.T126L28
/gfs/home3/modoper/tempo/global/oens/recfct/datain/GFCT05R20120214002012021500F.fct.T126L28
+ echo Recomposition  -x-  RUNNING ...
Recomposition  -x-  RUNNING ...
+ source=/gfs/home3/modoper/tempo/global/oens/recfct/source
+ bin=/gfs/home3/modoper/tempo/global/oens/recfct/bin/T126L28
+ input=/gfs/home3/modoper/tempo/global/oens/recfct/datain
+ out=/gfs/home3/modoper/tempo/global/oens/recfct/output
+ echo run
run
+ [ run = make ]
+ echo run
run
+ [ run = clean ]
+ cd /gfs/home3/modoper/tempo/global/oens/recfct/bin/T126L28
+ echo ./recfct.T126L28 < /gfs/home3/modoper/tempo/global/oens/recfct/datain/recfctFCT05R.nml > /gfs/home3/modoper/tempo/global/oens/recfct/output/recfct.out.2012021400.05:02.T126L28
./recfct.T126L28 < /gfs/home3/modoper/tempo/global/oens/recfct/datain/recfctFCT05R.nml > /gfs/home3/modoper/tempo/global/oens/recfct/output/recfct.out.2012021400.05:02.T126L28
+ ./recfct.T126L28
+ 0< /gfs/home3/modoper/tempo/global/oens/recfct/datain/recfctFCT05R.nml 1> /gfs/home3/modoper/tempo/global/oens/recfct/output/recfct.out.2012021400.05:02.T126L28
 
 
     ******  Program Information  ******
  Real Time (sec)       :          8.139202
  User Time (sec)       :          4.136779
  Sys  Time (sec)       :          0.057490
  Vector Time (sec)     :          0.347086
  Inst. Count           :        1596986017.
  V. Inst. Count        :          16052480.
  V. Element Count      :        1289251883.
  FLOP Count            :         534710003.
  MOPS                  :        693.821261
  MFLOPS                :        129.257562
  VLEN                  :         80.314810
  V. Op. Ratio (%)      :         44.918766
  Memory Size (MB)      :        192.031250
  MIPS                  :        386.045739
  I-Cache (sec)         :          0.000777
  O-Cache (sec)         :          0.879648
  Bank (sec)            :          0.001190
 
  Start Time (date)  :  2012/02/14 05:02:02
  End   Time (date)  :  2012/02/14 05:02:10
-rw-r--r--    1 modoper  pnt            1800 Feb 14 05:02 /gfs/home3/modoper/tempo/global/oens/eof/datain/templ052012021400
sx6
PNT-EN
12021405:02
out
/gfs/home3/modoper/tempo/global/oens
/gfs/home3/modoper/tempo/global/oens
/gfs/dk22/modoper/tempo/global/oens
/gfs/dk22/modoper/tempo/global/oens/model/datain
/gfs/home3/modoper/tempo/global/oens/run/setrecfct.1.FCT05RT126L28.sx6
Date: 20120214
Hour: 05:02
FCT05R
2012021400
2012021503
GFCT05R
GFCT05R
GFCT05R
F.fct
F.fct
R.fct
/gfs/home3/modoper/tempo/global/oens
/gfs/home3/modoper/tempo/global/oens
/gfs/dk22/modoper/tempo/global/oens
/gfs/dk22/modoper/tempo/global/oens/model/datain
run
run
GFCT05R20120214002012021503F.fct.T126L28
/gfs/home3/modoper/tempo/global/oens/recfct/datain/GFCT05R20120214002012021503F.fct.T126L28
+ echo Recomposition  -x-  RUNNING ...
Recomposition  -x-  RUNNING ...
+ source=/gfs/home3/modoper/tempo/global/oens/recfct/source
+ bin=/gfs/home3/modoper/tempo/global/oens/recfct/bin/T126L28
+ input=/gfs/home3/modoper/tempo/global/oens/recfct/datain
+ out=/gfs/home3/modoper/tempo/global/oens/recfct/output
+ echo run
run
+ [ run = make ]
+ echo run
run
+ [ run = clean ]
+ cd /gfs/home3/modoper/tempo/global/oens/recfct/bin/T126L28
+ echo ./recfct.T126L28 < /gfs/home3/modoper/tempo/global/oens/recfct/datain/recfctFCT05R.nml > /gfs/home3/modoper/tempo/global/oens/recfct/output/recfct.out.2012021400.05:02.T126L28
./recfct.T126L28 < /gfs/home3/modoper/tempo/global/oens/recfct/datain/recfctFCT05R.nml > /gfs/home3/modoper/tempo/global/oens/recfct/output/recfct.out.2012021400.05:02.T126L28
+ ./recfct.T126L28
+ 0< /gfs/home3/modoper/tempo/global/oens/recfct/datain/recfctFCT05R.nml 1> /gfs/home3/modoper/tempo/global/oens/recfct/output/recfct.out.2012021400.05:02.T126L28
 
 
     ******  Program Information  ******
  Real Time (sec)       :         11.999683
  User Time (sec)       :          4.140842
  Sys  Time (sec)       :          0.106120
  Vector Time (sec)     :          0.346166
  Inst. Count           :        1596986017.
  V. Inst. Count        :          16052480.
  V. Element Count      :        1289251883.
  FLOP Count            :         534710003.
  MOPS                  :        693.140547
  MFLOPS                :        129.130746
  VLEN                  :         80.314810
  V. Op. Ratio (%)      :         44.918766
  Memory Size (MB)      :        192.031250
  MIPS                  :        385.666987
  I-Cache (sec)         :          0.004843
  O-Cache (sec)         :          0.884202
  Bank (sec)            :          0.001191
 
  Start Time (date)  :  2012/02/14 05:02:11
  End   Time (date)  :  2012/02/14 05:02:23
-rw-r--r--    1 modoper  pnt            2000 Feb 14 05:02 /gfs/home3/modoper/tempo/global/oens/eof/datain/templ052012021400
sx6
PNT-EN
12021405:02
out
/gfs/home3/modoper/tempo/global/oens
/gfs/home3/modoper/tempo/global/oens
/gfs/dk22/modoper/tempo/global/oens
/gfs/dk22/modoper/tempo/global/oens/model/datain
/gfs/home3/modoper/tempo/global/oens/run/setrecfct.1.FCT05RT126L28.sx6
Date: 20120214
Hour: 05:02
FCT05R
2012021400
2012021506
GFCT05R
GFCT05R
GFCT05R
F.fct
F.fct
R.fct
/gfs/home3/modoper/tempo/global/oens
/gfs/home3/modoper/tempo/global/oens
/gfs/dk22/modoper/tempo/global/oens
/gfs/dk22/modoper/tempo/global/oens/model/datain
run
run
GFCT05R20120214002012021506F.fct.T126L28
/gfs/home3/modoper/tempo/global/oens/recfct/datain/GFCT05R20120214002012021506F.fct.T126L28
+ echo Recomposition  -x-  RUNNING ...
Recomposition  -x-  RUNNING ...
+ source=/gfs/home3/modoper/tempo/global/oens/recfct/source
+ bin=/gfs/home3/modoper/tempo/global/oens/recfct/bin/T126L28
+ input=/gfs/home3/modoper/tempo/global/oens/recfct/datain
+ out=/gfs/home3/modoper/tempo/global/oens/recfct/output
+ echo run
run
+ [ run = make ]
+ echo run
run
+ [ run = clean ]
+ cd /gfs/home3/modoper/tempo/global/oens/recfct/bin/T126L28
+ echo ./recfct.T126L28 < /gfs/home3/modoper/tempo/global/oens/recfct/datain/recfctFCT05R.nml > /gfs/home3/modoper/tempo/global/oens/recfct/output/recfct.out.2012021400.05:02.T126L28
./recfct.T126L28 < /gfs/home3/modoper/tempo/global/oens/recfct/datain/recfctFCT05R.nml > /gfs/home3/modoper/tempo/global/oens/recfct/output/recfct.out.2012021400.05:02.T126L28
+ ./recfct.T126L28
+ 0< /gfs/home3/modoper/tempo/global/oens/recfct/datain/recfctFCT05R.nml 1> /gfs/home3/modoper/tempo/global/oens/recfct/output/recfct.out.2012021400.05:02.T126L28
 
 
     ******  Program Information  ******
  Real Time (sec)       :         16.567489
  User Time (sec)       :          4.129701
  Sys  Time (sec)       :          0.081266
  Vector Time (sec)     :          0.344199
  Inst. Count           :        1596986017.
  V. Inst. Count        :          16052480.
  V. Element Count      :        1289251883.
  FLOP Count            :         534710003.
  MOPS                  :        695.010448
  MFLOPS                :        129.479105
  VLEN                  :         80.314810
  V. Op. Ratio (%)      :         44.918766
  Memory Size (MB)      :        192.031250
  MIPS                  :        386.707409
  I-Cache (sec)         :          0.002322
  O-Cache (sec)         :          0.875652
  Bank (sec)            :          0.001191
 
  Start Time (date)  :  2012/02/14 05:02:24
  End   Time (date)  :  2012/02/14 05:02:41
-rw-r--r--    1 modoper  pnt            2200 Feb 14 05:02 /gfs/home3/modoper/tempo/global/oens/eof/datain/templ052012021400
sx6
PNT-EN
12021405:02
out
/gfs/home3/modoper/tempo/global/oens
/gfs/home3/modoper/tempo/global/oens
/gfs/dk22/modoper/tempo/global/oens
/gfs/dk22/modoper/tempo/global/oens/model/datain
/gfs/home3/modoper/tempo/global/oens/run/setrecfct.1.FCT05RT126L28.sx6
Date: 20120214
Hour: 05:02
FCT05R
2012021400
2012021509
GFCT05R
GFCT05R
GFCT05R
F.fct
F.fct
R.fct
/gfs/home3/modoper/tempo/global/oens
/gfs/home3/modoper/tempo/global/oens
/gfs/dk22/modoper/tempo/global/oens
/gfs/dk22/modoper/tempo/global/oens/model/datain
run
run
GFCT05R20120214002012021509F.fct.T126L28
/gfs/home3/modoper/tempo/global/oens/recfct/datain/GFCT05R20120214002012021509F.fct.T126L28
+ echo Recomposition  -x-  RUNNING ...
Recomposition  -x-  RUNNING ...
+ source=/gfs/home3/modoper/tempo/global/oens/recfct/source
+ bin=/gfs/home3/modoper/tempo/global/oens/recfct/bin/T126L28
+ input=/gfs/home3/modoper/tempo/global/oens/recfct/datain
+ out=/gfs/home3/modoper/tempo/global/oens/recfct/output
+ echo run
run
+ [ run = make ]
+ echo run
run
+ [ run = clean ]
+ cd /gfs/home3/modoper/tempo/global/oens/recfct/bin/T126L28
+ echo ./recfct.T126L28 < /gfs/home3/modoper/tempo/global/oens/recfct/datain/recfctFCT05R.nml > /gfs/home3/modoper/tempo/global/oens/recfct/output/recfct.out.2012021400.05:02.T126L28
./recfct.T126L28 < /gfs/home3/modoper/tempo/global/oens/recfct/datain/recfctFCT05R.nml > /gfs/home3/modoper/tempo/global/oens/recfct/output/recfct.out.2012021400.05:02.T126L28
+ ./recfct.T126L28
+ 0< /gfs/home3/modoper/tempo/global/oens/recfct/datain/recfctFCT05R.nml 1> /gfs/home3/modoper/tempo/global/oens/recfct/output/recfct.out.2012021400.05:02.T126L28
 
 
     ******  Program Information  ******
  Real Time (sec)       :         15.072293
  User Time (sec)       :          4.125886
  Sys  Time (sec)       :          0.063102
  Vector Time (sec)     :          0.343382
  Inst. Count           :        1596986017.
  V. Inst. Count        :          16052480.
  V. Element Count      :        1289251883.
  FLOP Count            :         534710003.
  MOPS                  :        695.653037
  MFLOPS                :        129.598818
  VLEN                  :         80.314810
  V. Op. Ratio (%)      :         44.918766
  Memory Size (MB)      :        192.031250
  MIPS                  :        387.064949
  I-Cache (sec)         :          0.000793
  O-Cache (sec)         :          0.872470
  Bank (sec)            :          0.001190
 
  Start Time (date)  :  2012/02/14 05:02:42
  End   Time (date)  :  2012/02/14 05:02:57
-rw-r--r--    1 modoper  pnt            2400 Feb 14 05:02 /gfs/home3/modoper/tempo/global/oens/eof/datain/templ052012021400
sx6
PNT-EN
12021405:02
out
/gfs/home3/modoper/tempo/global/oens
/gfs/home3/modoper/tempo/global/oens
/gfs/dk22/modoper/tempo/global/oens
/gfs/dk22/modoper/tempo/global/oens/model/datain
/gfs/home3/modoper/tempo/global/oens/run/setrecfct.1.FCT05RT126L28.sx6
Date: 20120214
Hour: 05:02
FCT05R
2012021400
2012021512
GFCT05R
GFCT05R
GFCT05R
F.fct
F.fct
R.fct
/gfs/home3/modoper/tempo/global/oens
/gfs/home3/modoper/tempo/global/oens
/gfs/dk22/modoper/tempo/global/oens
/gfs/dk22/modoper/tempo/global/oens/model/datain
run
run
GFCT05R20120214002012021512F.fct.T126L28
/gfs/home3/modoper/tempo/global/oens/recfct/datain/GFCT05R20120214002012021512F.fct.T126L28
+ echo Recomposition  -x-  RUNNING ...
Recomposition  -x-  RUNNING ...
+ source=/gfs/home3/modoper/tempo/global/oens/recfct/source
+ bin=/gfs/home3/modoper/tempo/global/oens/recfct/bin/T126L28
+ input=/gfs/home3/modoper/tempo/global/oens/recfct/datain
+ out=/gfs/home3/modoper/tempo/global/oens/recfct/output
+ echo run
run
+ [ run = make ]
+ echo run
run
+ [ run = clean ]
+ cd /gfs/home3/modoper/tempo/global/oens/recfct/bin/T126L28
+ echo ./recfct.T126L28 < /gfs/home3/modoper/tempo/global/oens/recfct/datain/recfctFCT05R.nml > /gfs/home3/modoper/tempo/global/oens/recfct/output/recfct.out.2012021400.05:02.T126L28
./recfct.T126L28 < /gfs/home3/modoper/tempo/global/oens/recfct/datain/recfctFCT05R.nml > /gfs/home3/modoper/tempo/global/oens/recfct/output/recfct.out.2012021400.05:02.T126L28
+ ./recfct.T126L28
+ 0< /gfs/home3/modoper/tempo/global/oens/recfct/datain/recfctFCT05R.nml 1> /gfs/home3/modoper/tempo/global/oens/recfct/output/recfct.out.2012021400.05:02.T126L28
 
 
     ******  Program Information  ******
  Real Time (sec)       :         16.029319
  User Time (sec)       :          4.122546
  Sys  Time (sec)       :          0.068477
  Vector Time (sec)     :          0.342150
  Inst. Count           :        1596986048.
  V. Inst. Count        :          16052480.
  V. Element Count      :        1289251883.
  FLOP Count            :         534710004.
  MOPS                  :        696.216796
  MFLOPS                :        129.703844
  VLEN                  :         80.314810
  V. Op. Ratio (%)      :         44.918766
  Memory Size (MB)      :        192.031250
  MIPS                  :        387.378631
  I-Cache (sec)         :          0.001377
  O-Cache (sec)         :          0.870756
  Bank (sec)            :          0.001191
 
  Start Time (date)  :  2012/02/14 05:02:59
  End   Time (date)  :  2012/02/14 05:03:15
-rw-r--r--    1 modoper  pnt            2600 Feb 14 05:03 /gfs/home3/modoper/tempo/global/oens/eof/datain/templ052012021400
sx6
PNT-EN
12021405:03
out
/gfs/home3/modoper/tempo/global/oens
/gfs/home3/modoper/tempo/global/oens
/gfs/dk22/modoper/tempo/global/oens
/gfs/dk22/modoper/tempo/global/oens/model/datain
/gfs/home3/modoper/tempo/global/oens/run/setrecfct.1.FCT05RT126L28.sx6
Date: 20120214
Hour: 05:03
FCT05R
2012021400
2012021515
GFCT05R
GFCT05R
GFCT05R
F.fct
F.fct
R.fct
/gfs/home3/modoper/tempo/global/oens
/gfs/home3/modoper/tempo/global/oens
/gfs/dk22/modoper/tempo/global/oens
/gfs/dk22/modoper/tempo/global/oens/model/datain
run
run
GFCT05R20120214002012021515F.fct.T126L28
/gfs/home3/modoper/tempo/global/oens/recfct/datain/GFCT05R20120214002012021515F.fct.T126L28
+ echo Recomposition  -x-  RUNNING ...
Recomposition  -x-  RUNNING ...
+ source=/gfs/home3/modoper/tempo/global/oens/recfct/source
+ bin=/gfs/home3/modoper/tempo/global/oens/recfct/bin/T126L28
+ input=/gfs/home3/modoper/tempo/global/oens/recfct/datain
+ out=/gfs/home3/modoper/tempo/global/oens/recfct/output
+ echo run
run
+ [ run = make ]
+ echo run
run
+ [ run = clean ]
+ cd /gfs/home3/modoper/tempo/global/oens/recfct/bin/T126L28
+ echo ./recfct.T126L28 < /gfs/home3/modoper/tempo/global/oens/recfct/datain/recfctFCT05R.nml > /gfs/home3/modoper/tempo/global/oens/recfct/output/recfct.out.2012021400.05:03.T126L28
./recfct.T126L28 < /gfs/home3/modoper/tempo/global/oens/recfct/datain/recfctFCT05R.nml > /gfs/home3/modoper/tempo/global/oens/recfct/output/recfct.out.2012021400.05:03.T126L28
+ ./recfct.T126L28
+ 0< /gfs/home3/modoper/tempo/global/oens/recfct/datain/recfctFCT05R.nml 1> /gfs/home3/modoper/tempo/global/oens/recfct/output/recfct.out.2012021400.05:03.T126L28
 
 
     ******  Program Information  ******
  Real Time (sec)       :         14.214017
  User Time (sec)       :          4.126982
  Sys  Time (sec)       :          0.074889
  Vector Time (sec)     :          0.344085
  Inst. Count           :        1596986048.
  V. Inst. Count        :          16052480.
  V. Element Count      :        1289251883.
  FLOP Count            :         534710004.
  MOPS                  :        695.468429
  MFLOPS                :        129.564425
  VLEN                  :         80.314810
  V. Op. Ratio (%)      :         44.918766
  Memory Size (MB)      :        192.031250
  MIPS                  :        386.962235
  I-Cache (sec)         :          0.001609
  O-Cache (sec)         :          0.873506
  Bank (sec)            :          0.001191
 
  Start Time (date)  :  2012/02/14 05:03:16
  End   Time (date)  :  2012/02/14 05:03:30
-rw-r--r--    1 modoper  pnt            2800 Feb 14 05:03 /gfs/home3/modoper/tempo/global/oens/eof/datain/templ052012021400
sx6
PNT-EN
12021405:03
out
/gfs/home3/modoper/tempo/global/oens
/gfs/home3/modoper/tempo/global/oens
/gfs/dk22/modoper/tempo/global/oens
/gfs/dk22/modoper/tempo/global/oens/model/datain
/gfs/home3/modoper/tempo/global/oens/run/setrecfct.1.FCT05RT126L28.sx6
Date: 20120214
Hour: 05:03
FCT05R
2012021400
2012021518
GFCT05R
GFCT05R
GFCT05R
F.fct
F.fct
R.fct
/gfs/home3/modoper/tempo/global/oens
/gfs/home3/modoper/tempo/global/oens
/gfs/dk22/modoper/tempo/global/oens
/gfs/dk22/modoper/tempo/global/oens/model/datain
run
run
GFCT05R20120214002012021518F.fct.T126L28
/gfs/home3/modoper/tempo/global/oens/recfct/datain/GFCT05R20120214002012021518F.fct.T126L28
+ echo Recomposition  -x-  RUNNING ...
Recomposition  -x-  RUNNING ...
+ source=/gfs/home3/modoper/tempo/global/oens/recfct/source
+ bin=/gfs/home3/modoper/tempo/global/oens/recfct/bin/T126L28
+ input=/gfs/home3/modoper/tempo/global/oens/recfct/datain
+ out=/gfs/home3/modoper/tempo/global/oens/recfct/output
+ echo run
run
+ [ run = make ]
+ echo run
run
+ [ run = clean ]
+ cd /gfs/home3/modoper/tempo/global/oens/recfct/bin/T126L28
+ echo ./recfct.T126L28 < /gfs/home3/modoper/tempo/global/oens/recfct/datain/recfctFCT05R.nml > /gfs/home3/modoper/tempo/global/oens/recfct/output/recfct.out.2012021400.05:03.T126L28
./recfct.T126L28 < /gfs/home3/modoper/tempo/global/oens/recfct/datain/recfctFCT05R.nml > /gfs/home3/modoper/tempo/global/oens/recfct/output/recfct.out.2012021400.05:03.T126L28
+ ./recfct.T126L28
+ 0< /gfs/home3/modoper/tempo/global/oens/recfct/datain/recfctFCT05R.nml 1> /gfs/home3/modoper/tempo/global/oens/recfct/output/recfct.out.2012021400.05:03.T126L28
 
 
     ******  Program Information  ******
  Real Time (sec)       :         16.794690
  User Time (sec)       :          4.128281
  Sys  Time (sec)       :          0.068548
  Vector Time (sec)     :          0.344504
  Inst. Count           :        1596986048.
  V. Inst. Count        :          16052480.
  V. Element Count      :        1289251883.
  FLOP Count            :         534710004.
  MOPS                  :        695.249510
  MFLOPS                :        129.523640
  VLEN                  :         80.314810
  V. Op. Ratio (%)      :         44.918766
  Memory Size (MB)      :        192.031250
  MIPS                  :        386.840428
  I-Cache (sec)         :          0.000810
  O-Cache (sec)         :          0.873644
  Bank (sec)            :          0.001190
 
  Start Time (date)  :  2012/02/14 05:03:32
  End   Time (date)  :  2012/02/14 05:03:49
-rw-r--r--    1 modoper  pnt            3000 Feb 14 05:03 /gfs/home3/modoper/tempo/global/oens/eof/datain/templ052012021400
sx6
PNT-EN
12021405:03
out
/gfs/home3/modoper/tempo/global/oens
/gfs/home3/modoper/tempo/global/oens
/gfs/dk22/modoper/tempo/global/oens
/gfs/dk22/modoper/tempo/global/oens/model/datain
/gfs/home3/modoper/tempo/global/oens/run/setrecfct.1.FCT05RT126L28.sx6
Date: 20120214
Hour: 05:03
FCT05R
2012021400
2012021521
GFCT05R
GFCT05R
GFCT05R
F.fct
F.fct
R.fct
/gfs/home3/modoper/tempo/global/oens
/gfs/home3/modoper/tempo/global/oens
/gfs/dk22/modoper/tempo/global/oens
/gfs/dk22/modoper/tempo/global/oens/model/datain
run
run
GFCT05R20120214002012021521F.fct.T126L28
/gfs/home3/modoper/tempo/global/oens/recfct/datain/GFCT05R20120214002012021521F.fct.T126L28
+ echo Recomposition  -x-  RUNNING ...
Recomposition  -x-  RUNNING ...
+ source=/gfs/home3/modoper/tempo/global/oens/recfct/source
+ bin=/gfs/home3/modoper/tempo/global/oens/recfct/bin/T126L28
+ input=/gfs/home3/modoper/tempo/global/oens/recfct/datain
+ out=/gfs/home3/modoper/tempo/global/oens/recfct/output
+ echo run
run
+ [ run = make ]
+ echo run
run
+ [ run = clean ]
+ cd /gfs/home3/modoper/tempo/global/oens/recfct/bin/T126L28
+ echo ./recfct.T126L28 < /gfs/home3/modoper/tempo/global/oens/recfct/datain/recfctFCT05R.nml > /gfs/home3/modoper/tempo/global/oens/recfct/output/recfct.out.2012021400.05:03.T126L28
./recfct.T126L28 < /gfs/home3/modoper/tempo/global/oens/recfct/datain/recfctFCT05R.nml > /gfs/home3/modoper/tempo/global/oens/recfct/output/recfct.out.2012021400.05:03.T126L28
+ ./recfct.T126L28
+ 0< /gfs/home3/modoper/tempo/global/oens/recfct/datain/recfctFCT05R.nml 1> /gfs/home3/modoper/tempo/global/oens/recfct/output/recfct.out.2012021400.05:03.T126L28
 
 
     ******  Program Information  ******
  Real Time (sec)       :         15.935441
  User Time (sec)       :          4.122235
  Sys  Time (sec)       :          0.070776
  Vector Time (sec)     :          0.341987
  Inst. Count           :        1596986048.
  V. Inst. Count        :          16052480.
  V. Element Count      :        1289251883.
  FLOP Count            :         534710004.
  MOPS                  :        696.269254
  MFLOPS                :        129.713617
  VLEN                  :         80.314810
  V. Op. Ratio (%)      :         44.918766
  Memory Size (MB)      :        192.031250
  MIPS                  :        387.407819
  I-Cache (sec)         :          0.001258
  O-Cache (sec)         :          0.870490
  Bank (sec)            :          0.001191
 
  Start Time (date)  :  2012/02/14 05:03:50
  End   Time (date)  :  2012/02/14 05:04:06
-rw-r--r--    1 modoper  pnt            3200 Feb 14 05:04 /gfs/home3/modoper/tempo/global/oens/eof/datain/templ052012021400
sx6
PNT-EN
12021405:04
out
/gfs/home3/modoper/tempo/global/oens
/gfs/home3/modoper/tempo/global/oens
/gfs/dk22/modoper/tempo/global/oens
/gfs/dk22/modoper/tempo/global/oens/model/datain
/gfs/home3/modoper/tempo/global/oens/run/setrecfct.1.FCT05RT126L28.sx6
Date: 20120214
Hour: 05:04
FCT05R
2012021400
2012021600
GFCT05R
GFCT05R
GFCT05R
F.fct
F.fct
R.fct
/gfs/home3/modoper/tempo/global/oens
/gfs/home3/modoper/tempo/global/oens
/gfs/dk22/modoper/tempo/global/oens
/gfs/dk22/modoper/tempo/global/oens/model/datain
run
run
GFCT05R20120214002012021600F.fct.T126L28
/gfs/home3/modoper/tempo/global/oens/recfct/datain/GFCT05R20120214002012021600F.fct.T126L28
+ echo Recomposition  -x-  RUNNING ...
Recomposition  -x-  RUNNING ...
+ source=/gfs/home3/modoper/tempo/global/oens/recfct/source
+ bin=/gfs/home3/modoper/tempo/global/oens/recfct/bin/T126L28
+ input=/gfs/home3/modoper/tempo/global/oens/recfct/datain
+ out=/gfs/home3/modoper/tempo/global/oens/recfct/output
+ echo run
run
+ [ run = make ]
+ echo run
run
+ [ run = clean ]
+ cd /gfs/home3/modoper/tempo/global/oens/recfct/bin/T126L28
+ echo ./recfct.T126L28 < /gfs/home3/modoper/tempo/global/oens/recfct/datain/recfctFCT05R.nml > /gfs/home3/modoper/tempo/global/oens/recfct/output/recfct.out.2012021400.05:04.T126L28
./recfct.T126L28 < /gfs/home3/modoper/tempo/global/oens/recfct/datain/recfctFCT05R.nml > /gfs/home3/modoper/tempo/global/oens/recfct/output/recfct.out.2012021400.05:04.T126L28
+ ./recfct.T126L28
+ 0< /gfs/home3/modoper/tempo/global/oens/recfct/datain/recfctFCT05R.nml 1> /gfs/home3/modoper/tempo/global/oens/recfct/output/recfct.out.2012021400.05:04.T126L28
 
 
     ******  Program Information  ******
  Real Time (sec)       :         10.848396
  User Time (sec)       :          4.129822
  Sys  Time (sec)       :          0.065615
  Vector Time (sec)     :          0.344574
  Inst. Count           :        1596986017.
  V. Inst. Count        :          16052480.
  V. Element Count      :        1289251883.
  FLOP Count            :         534710003.
  MOPS                  :        694.990147
  MFLOPS                :        129.475323
  VLEN                  :         80.314810
  V. Op. Ratio (%)      :         44.918766
  Memory Size (MB)      :        192.031250
  MIPS                  :        386.696113
  I-Cache (sec)         :          0.000775
  O-Cache (sec)         :          0.875219
  Bank (sec)            :          0.001190
 
  Start Time (date)  :  2012/02/14 05:04:08
  End   Time (date)  :  2012/02/14 05:04:18
-rw-r--r--    1 modoper  pnt            3400 Feb 14 05:04 /gfs/home3/modoper/tempo/global/oens/eof/datain/templ052012021400
sx6
PNT-EN
12021405:04
out
/gfs/home3/modoper/tempo/global/oens
/gfs/home3/modoper/tempo/global/oens
/gfs/dk22/modoper/tempo/global/oens
/gfs/dk22/modoper/tempo/global/oens/model/datain
/gfs/home3/modoper/tempo/global/oens/run/setrecfct.1.FCT05RT126L28.sx6
Date: 20120214
Hour: 05:04
FCT05R
2012021400
2012021603
GFCT05R
GFCT05R
GFCT05R
F.fct
F.fct
R.fct
/gfs/home3/modoper/tempo/global/oens
/gfs/home3/modoper/tempo/global/oens
/gfs/dk22/modoper/tempo/global/oens
/gfs/dk22/modoper/tempo/global/oens/model/datain
run
run
GFCT05R20120214002012021603F.fct.T126L28
/gfs/home3/modoper/tempo/global/oens/recfct/datain/GFCT05R20120214002012021603F.fct.T126L28
+ echo Recomposition  -x-  RUNNING ...
Recomposition  -x-  RUNNING ...
+ source=/gfs/home3/modoper/tempo/global/oens/recfct/source
+ bin=/gfs/home3/modoper/tempo/global/oens/recfct/bin/T126L28
+ input=/gfs/home3/modoper/tempo/global/oens/recfct/datain
+ out=/gfs/home3/modoper/tempo/global/oens/recfct/output
+ echo run
run
+ [ run = make ]
+ echo run
run
+ [ run = clean ]
+ cd /gfs/home3/modoper/tempo/global/oens/recfct/bin/T126L28
+ echo ./recfct.T126L28 < /gfs/home3/modoper/tempo/global/oens/recfct/datain/recfctFCT05R.nml > /gfs/home3/modoper/tempo/global/oens/recfct/output/recfct.out.2012021400.05:04.T126L28
./recfct.T126L28 < /gfs/home3/modoper/tempo/global/oens/recfct/datain/recfctFCT05R.nml > /gfs/home3/modoper/tempo/global/oens/recfct/output/recfct.out.2012021400.05:04.T126L28
+ ./recfct.T126L28
+ 0< /gfs/home3/modoper/tempo/global/oens/recfct/datain/recfctFCT05R.nml 1> /gfs/home3/modoper/tempo/global/oens/recfct/output/recfct.out.2012021400.05:04.T126L28
 
 
     ******  Program Information  ******
  Real Time (sec)       :          6.857226
  User Time (sec)       :          4.130335
  Sys  Time (sec)       :          0.109652
  Vector Time (sec)     :          0.343185
  Inst. Count           :        1596986017.
  V. Inst. Count        :          16052480.
  V. Element Count      :        1289251883.
  FLOP Count            :         534710003.
  MOPS                  :        694.903771
  MFLOPS                :        129.459231
  VLEN                  :         80.314810
  V. Op. Ratio (%)      :         44.918766
  Memory Size (MB)      :        192.031250
  MIPS                  :        386.648053
  I-Cache (sec)         :          0.005114
  O-Cache (sec)         :          0.876429
  Bank (sec)            :          0.001191
 
  Start Time (date)  :  2012/02/14 05:04:20
  End   Time (date)  :  2012/02/14 05:04:27
-rw-r--r--    1 modoper  pnt            3600 Feb 14 05:04 /gfs/home3/modoper/tempo/global/oens/eof/datain/templ052012021400
sx6
PNT-EN
12021405:04
out
/gfs/home3/modoper/tempo/global/oens
/gfs/home3/modoper/tempo/global/oens
/gfs/dk22/modoper/tempo/global/oens
/gfs/dk22/modoper/tempo/global/oens/model/datain
/gfs/home3/modoper/tempo/global/oens/run/setrecfct.1.FCT05RT126L28.sx6
Date: 20120214
Hour: 05:04
FCT05R
2012021400
2012021606
GFCT05R
GFCT05R
GFCT05R
F.fct
F.fct
R.fct
/gfs/home3/modoper/tempo/global/oens
/gfs/home3/modoper/tempo/global/oens
/gfs/dk22/modoper/tempo/global/oens
/gfs/dk22/modoper/tempo/global/oens/model/datain
run
run
GFCT05R20120214002012021606F.fct.T126L28
/gfs/home3/modoper/tempo/global/oens/recfct/datain/GFCT05R20120214002012021606F.fct.T126L28
+ echo Recomposition  -x-  RUNNING ...
Recomposition  -x-  RUNNING ...
+ source=/gfs/home3/modoper/tempo/global/oens/recfct/source
+ bin=/gfs/home3/modoper/tempo/global/oens/recfct/bin/T126L28
+ input=/gfs/home3/modoper/tempo/global/oens/recfct/datain
+ out=/gfs/home3/modoper/tempo/global/oens/recfct/output
+ echo run
run
+ [ run = make ]
+ echo run
run
+ [ run = clean ]
+ cd /gfs/home3/modoper/tempo/global/oens/recfct/bin/T126L28
+ echo ./recfct.T126L28 < /gfs/home3/modoper/tempo/global/oens/recfct/datain/recfctFCT05R.nml > /gfs/home3/modoper/tempo/global/oens/recfct/output/recfct.out.2012021400.05:04.T126L28
./recfct.T126L28 < /gfs/home3/modoper/tempo/global/oens/recfct/datain/recfctFCT05R.nml > /gfs/home3/modoper/tempo/global/oens/recfct/output/recfct.out.2012021400.05:04.T126L28
+ ./recfct.T126L28
+ 0< /gfs/home3/modoper/tempo/global/oens/recfct/datain/recfctFCT05R.nml 1> /gfs/home3/modoper/tempo/global/oens/recfct/output/recfct.out.2012021400.05:04.T126L28
 
 
     ******  Program Information  ******
  Real Time (sec)       :          7.442636
  User Time (sec)       :          4.149169
  Sys  Time (sec)       :          0.059804
  Vector Time (sec)     :          0.355949
  Inst. Count           :        1596986017.
  V. Inst. Count        :          16052480.
  V. Element Count      :        1289251883.
  FLOP Count            :         534710003.
  MOPS                  :        691.749464
  MFLOPS                :        128.871590
  VLEN                  :         80.314810
  V. Op. Ratio (%)      :         44.918766
  Memory Size (MB)      :        192.031250
  MIPS                  :        384.892981
  I-Cache (sec)         :          0.000781
  O-Cache (sec)         :          0.884346
  Bank (sec)            :          0.001190
 
  Start Time (date)  :  2012/02/14 05:04:28
  End   Time (date)  :  2012/02/14 05:04:36
-rw-r--r--    1 modoper  pnt            3800 Feb 14 05:04 /gfs/home3/modoper/tempo/global/oens/eof/datain/templ052012021400
sx6
PNT-EN
12021405:04
out
/gfs/home3/modoper/tempo/global/oens
/gfs/home3/modoper/tempo/global/oens
/gfs/dk22/modoper/tempo/global/oens
/gfs/dk22/modoper/tempo/global/oens/model/datain
/gfs/home3/modoper/tempo/global/oens/run/setrecfct.1.FCT05RT126L28.sx6
Date: 20120214
Hour: 05:04
FCT05R
2012021400
2012021609
GFCT05R
GFCT05R
GFCT05R
F.fct
F.fct
R.fct
/gfs/home3/modoper/tempo/global/oens
/gfs/home3/modoper/tempo/global/oens
/gfs/dk22/modoper/tempo/global/oens
/gfs/dk22/modoper/tempo/global/oens/model/datain
run
run
GFCT05R20120214002012021609F.fct.T126L28
/gfs/home3/modoper/tempo/global/oens/recfct/datain/GFCT05R20120214002012021609F.fct.T126L28
+ echo Recomposition  -x-  RUNNING ...
Recomposition  -x-  RUNNING ...
+ source=/gfs/home3/modoper/tempo/global/oens/recfct/source
+ bin=/gfs/home3/modoper/tempo/global/oens/recfct/bin/T126L28
+ input=/gfs/home3/modoper/tempo/global/oens/recfct/datain
+ out=/gfs/home3/modoper/tempo/global/oens/recfct/output
+ echo run
run
+ [ run = make ]
+ echo run
run
+ [ run = clean ]
+ cd /gfs/home3/modoper/tempo/global/oens/recfct/bin/T126L28
+ echo ./recfct.T126L28 < /gfs/home3/modoper/tempo/global/oens/recfct/datain/recfctFCT05R.nml > /gfs/home3/modoper/tempo/global/oens/recfct/output/recfct.out.2012021400.05:04.T126L28
./recfct.T126L28 < /gfs/home3/modoper/tempo/global/oens/recfct/datain/recfctFCT05R.nml > /gfs/home3/modoper/tempo/global/oens/recfct/output/recfct.out.2012021400.05:04.T126L28
+ ./recfct.T126L28
+ 0< /gfs/home3/modoper/tempo/global/oens/recfct/datain/recfctFCT05R.nml 1> /gfs/home3/modoper/tempo/global/oens/recfct/output/recfct.out.2012021400.05:04.T126L28
 
 
     ******  Program Information  ******
  Real Time (sec)       :         17.431561
  User Time (sec)       :          4.123128
  Sys  Time (sec)       :          0.069502
  Vector Time (sec)     :          0.342056
  Inst. Count           :        1596986017.
  V. Inst. Count        :          16052480.
  V. Element Count      :        1289251883.
  FLOP Count            :         534710003.
  MOPS                  :        696.118382
  MFLOPS                :        129.685511
  VLEN                  :         80.314810
  V. Op. Ratio (%)      :         44.918766
  Memory Size (MB)      :        192.031250
  MIPS                  :        387.323869
  I-Cache (sec)         :          0.001496
  O-Cache (sec)         :          0.870986
  Bank (sec)            :          0.001191
 
  Start Time (date)  :  2012/02/14 05:04:43
  End   Time (date)  :  2012/02/14 05:05:01
-rw-r--r--    1 modoper  pnt            4000 Feb 14 05:05 /gfs/home3/modoper/tempo/global/oens/eof/datain/templ052012021400
sx6
PNT-EN
12021405:05
out
/gfs/home3/modoper/tempo/global/oens
/gfs/home3/modoper/tempo/global/oens
/gfs/dk22/modoper/tempo/global/oens
/gfs/dk22/modoper/tempo/global/oens/model/datain
/gfs/home3/modoper/tempo/global/oens/run/setrecfct.1.FCT05RT126L28.sx6
Date: 20120214
Hour: 05:05
FCT05R
2012021400
2012021612
GFCT05R
GFCT05R
GFCT05R
F.fct
F.fct
R.fct
/gfs/home3/modoper/tempo/global/oens
/gfs/home3/modoper/tempo/global/oens
/gfs/dk22/modoper/tempo/global/oens
/gfs/dk22/modoper/tempo/global/oens/model/datain
run
run
GFCT05R20120214002012021612F.fct.T126L28
/gfs/home3/modoper/tempo/global/oens/recfct/datain/GFCT05R20120214002012021612F.fct.T126L28
+ echo Recomposition  -x-  RUNNING ...
Recomposition  -x-  RUNNING ...
+ source=/gfs/home3/modoper/tempo/global/oens/recfct/source
+ bin=/gfs/home3/modoper/tempo/global/oens/recfct/bin/T126L28
+ input=/gfs/home3/modoper/tempo/global/oens/recfct/datain
+ out=/gfs/home3/modoper/tempo/global/oens/recfct/output
+ echo run
run
+ [ run = make ]
+ echo run
run
+ [ run = clean ]
+ cd /gfs/home3/modoper/tempo/global/oens/recfct/bin/T126L28
+ echo ./recfct.T126L28 < /gfs/home3/modoper/tempo/global/oens/recfct/datain/recfctFCT05R.nml > /gfs/home3/modoper/tempo/global/oens/recfct/output/recfct.out.2012021400.05:05.T126L28
./recfct.T126L28 < /gfs/home3/modoper/tempo/global/oens/recfct/datain/recfctFCT05R.nml > /gfs/home3/modoper/tempo/global/oens/recfct/output/recfct.out.2012021400.05:05.T126L28
+ ./recfct.T126L28
+ 0< /gfs/home3/modoper/tempo/global/oens/recfct/datain/recfctFCT05R.nml 1> /gfs/home3/modoper/tempo/global/oens/recfct/output/recfct.out.2012021400.05:05.T126L28
 
 
     ******  Program Information  ******
  Real Time (sec)       :          6.160316
  User Time (sec)       :          4.126562
  Sys  Time (sec)       :          0.069083
  Vector Time (sec)     :          0.343307
  Inst. Count           :        1596986048.
  V. Inst. Count        :          16052480.
  V. Element Count      :        1289251883.
  FLOP Count            :         534710004.
  MOPS                  :        695.539159
  MFLOPS                :        129.577602
  VLEN                  :         80.314810
  V. Op. Ratio (%)      :         44.918766
  Memory Size (MB)      :        192.031250
  MIPS                  :        387.001590
  I-Cache (sec)         :          0.001805
  O-Cache (sec)         :          0.873194
  Bank (sec)            :          0.001191
 
  Start Time (date)  :  2012/02/14 05:05:02
  End   Time (date)  :  2012/02/14 05:05:09
sx6
2012021405:05
out
/gfs/home3/modoper/tempo/global/oens
/gfs/home3/modoper/tempo/global/oens
/gfs/dk22/modoper/tempo/global/oens
/gfs/dk22/modoper/tempo/global/oens/model/datain
/gfs/home3/modoper/tempo/global/oens/run/seteofs.1.05T126L28.sx6
05
Date: 20120214
Hour: 05:05
2012021400
/gfs/home3/modoper/tempo/global/oens
/gfs/home3/modoper/tempo/global/oens
/gfs/dk22/modoper/tempo/global/oens
/gfs/dk22/modoper/tempo/global/oens/model/datain
run
run
Vai chamar eoft
+ echo EOFT           -x-  RUNNING ...
EOFT           -x-  RUNNING ...
+ source=/gfs/home3/modoper/tempo/global/oens/eoftemp/source
+ bin=/gfs/home3/modoper/tempo/global/oens/eof/bin/T126L28
+ inp=/gfs/home3/modoper/tempo/global/oens/eof/datain
+ outp=/gfs/home3/modoper/tempo/global/oens/eoftemp/output
+ echo run
run
+ [ run = make ]
+ echo run
run
+ [ run = clean ]
+ cd /gfs/home3/modoper/tempo/global/oens/eof/bin/T126L28
+ echo ./eoftem.T126L28 < /gfs/home3/modoper/tempo/global/oens/eof/datain/eoftem05.nml > /gfs/home3/modoper/tempo/global/oens/eoftemp/output/eoftem.2012021400.05:05.T126L28
./eoftem.T126L28 < /gfs/home3/modoper/tempo/global/oens/eof/datain/eoftem05.nml > /gfs/home3/modoper/tempo/global/oens/eoftemp/output/eoftem.2012021400.05:05.T126L28
+ ./eoftem.T126L28
+ 0< /gfs/home3/modoper/tempo/global/oens/eof/datain/eoftem05.nml 1> /gfs/home3/modoper/tempo/global/oens/eoftemp/output/eoftem.2012021400.05:05.T126L28
 entrou no eoft fortran
 &DATAIN DIRI=/gfs/home3/modoper/tempo/global/oens/eof/datain/                ,
 DIRA=/gfs/dk22/modoper/tempo/global/oens/model/datain/               ,
 DIRO=/gfs/dk22/modoper/tempo/global/oens/eof/dataout/T126L28/        ,
 NAMEL=templ052012021400                                               ,
 ANAME=GANLAVN2012021400R.unf.T126L28                                                      ,
 TEMOUT=temout052012021400                                              ,
 TEMPCM=tempcm052012021400                                              ,
 TEMPER1=tempe1052012021400                                              ,
 TEMPEN1=tempn1052012021400                                               /
 
 
     ******  Program Information  ******
  Real Time (sec)       :         16.400628
  User Time (sec)       :          6.583113
  Sys  Time (sec)       :          0.549688
  Vector Time (sec)     :          5.903412
  Inst. Count           :         597133380.
  V. Inst. Count        :          72972047.
  V. Element Count      :        9156489284.
  FLOP Count            :        3164565348.
  MOPS                  :       1470.527892
  MFLOPS                :        480.709592
  VLEN                  :        125.479408
  V. Op. Ratio (%)      :         94.585474
  Memory Size (MB)      :        304.031250
  MIPS                  :         90.706847
  I-Cache (sec)         :          0.008346
  O-Cache (sec)         :          0.009730
  Bank (sec)            :          0.281361
 
  Start Time (date)  :  2012/02/14 05:05:11
  End   Time (date)  :  2012/02/14 05:05:27
Vai chamar eofw
+ echo EOFW           -x-  RUNNING ...
EOFW           -x-  RUNNING ...
+ source=/gfs/home3/modoper/tempo/global/oens/eofwind/source
+ bin=/gfs/home3/modoper/tempo/global/oens/eof/bin/T126L28
+ out=/gfs/dk22/modoper/tempo/global/oens/eof/dataout/T126L28
+ inp=/gfs/home3/modoper/tempo/global/oens/eof/datain
+ outp=/gfs/home3/modoper/tempo/global/oens/eofwind/output
+ echo run
run
+ [ run = make ]
+ echo run
run
+ [ run = clean ]
+ cd /gfs/home3/modoper/tempo/global/oens/eof/bin/T126L28
+ echo ./eofwin.T126L28 < /gfs/home3/modoper/tempo/global/oens/eof/datain/eofwin05.nml > /gfs/home3/modoper/tempo/global/oens/eofwind/output/eofwin.2012021400.05:05.T126L28
./eofwin.T126L28 < /gfs/home3/modoper/tempo/global/oens/eof/datain/eofwin05.nml > /gfs/home3/modoper/tempo/global/oens/eofwind/output/eofwin.2012021400.05:05.T126L28
+ ./eofwin.T126L28
+ 0< /gfs/home3/modoper/tempo/global/oens/eof/datain/eofwin05.nml 1> /gfs/home3/modoper/tempo/global/oens/eofwind/output/eofwin.2012021400.05:05.T126L28
 
 
     ******  Program Information  ******
  Real Time (sec)       :         46.135044
  User Time (sec)       :         12.004012
  Sys  Time (sec)       :          1.051742
  Vector Time (sec)     :         10.956686
  Inst. Count           :        1009390991.
  V. Inst. Count        :         235339329.
  V. Element Count      :       26880732787.
  FLOP Count            :        7609521285.
  MOPS                  :       2303.795059
  MFLOPS                :        633.914814
  VLEN                  :        114.221167
  V. Op. Ratio (%)      :         97.201021
  Memory Size (MB)      :        624.031250
  MIPS                  :         84.087800
  I-Cache (sec)         :          0.025568
  O-Cache (sec)         :          0.041091
  Bank (sec)            :          0.599880
 
  Start Time (date)  :  2012/02/14 05:05:27
  End   Time (date)  :  2012/02/14 05:06:14
sx6
2012021405:06
out
/gfs/home3/modoper/tempo/global/oens
/gfs/home3/modoper/tempo/global/oens
/gfs/dk22/modoper/tempo/global/oens
/gfs/dk22/modoper/tempo/global/oens/model/datain
/gfs/home3/modoper/tempo/global/oens/run/setdeco05T126L28.sx6
Date: 20120214
Hour: 05:06
2012021400
/gfs/home3/modoper/tempo/global/oens
/gfs/home3/modoper/tempo/global/oens
/gfs/dk22/modoper/tempo/global/oens
/gfs/dk22/modoper/tempo/global/oens/model/datain
run
run
+ echo Decomposition  -x-  RUNNING ...
Decomposition  -x-  RUNNING ...
+ source=/gfs/home3/modoper/tempo/global/oens/decanl/source
+ bin=/gfs/home3/modoper/tempo/global/oens/decanl/bin/T126L28
+ input=/gfs/home3/modoper/tempo/global/oens/decanl/datain
+ out=/gfs/home3/modoper/tempo/global/oens/decanl/output
+ echo run
run
+ [ run = make ]
+ echo run
run
+ [ run = clean ]
+ cd /gfs/home3/modoper/tempo/global/oens/decanl/bin/T126L28
+ ./decanl.T126L28
+ 0< /gfs/home3/modoper/tempo/global/oens/decanl/datain/decanl05.nml 1> /gfs/home3/modoper/tempo/global/oens/decanl/output/decanl.2012021400.05:06.T126L28
 
 
     ******  Program Information  ******
  Real Time (sec)       :          5.151968
  User Time (sec)       :          0.826441
  Sys  Time (sec)       :          0.088306
  Vector Time (sec)     :          0.631743
  Inst. Count           :         173583870.
  V. Inst. Count        :          21078079.
  V. Element Count      :        2292782635.
  FLOP Count            :         590251093.
  MOPS                  :       2958.818239
  MFLOPS                :        714.208468
  VLEN                  :        108.775692
  V. Op. Ratio (%)      :         93.763280
  Memory Size (MB)      :        192.031250
  MIPS                  :        210.037849
  I-Cache (sec)         :          0.003756
  O-Cache (sec)         :          0.028415
  Bank (sec)            :          0.015372
 
  Start Time (date)  :  2012/02/14 05:06:14
  End   Time (date)  :  2012/02/14 05:06:20
+ echo Decomposition  -x-  RUNNING ...
Decomposition  -x-  RUNNING ...
+ source=/gfs/home3/modoper/tempo/global/oens/decanl/source
+ bin=/gfs/home3/modoper/tempo/global/oens/decanl/bin/T126L28
+ input=/gfs/home3/modoper/tempo/global/oens/decanl/datain
+ out=/gfs/home3/modoper/tempo/global/oens/decanl/output
+ echo run
run
+ [ run = make ]
+ echo run
run
+ [ run = clean ]
+ cd /gfs/home3/modoper/tempo/global/oens/decanl/bin/T126L28
+ ./decanl.T126L28
+ 0< /gfs/home3/modoper/tempo/global/oens/decanl/datain/decanl05.nml 1> /gfs/home3/modoper/tempo/global/oens/decanl/output/decanl.2012021400.05:06.T126L28
 
 
     ******  Program Information  ******
  Real Time (sec)       :          3.092066
  User Time (sec)       :          0.821820
  Sys  Time (sec)       :          0.063616
  Vector Time (sec)     :          0.629812
  Inst. Count           :         173583765.
  V. Inst. Count        :          21078079.
  V. Element Count      :        2292782629.
  FLOP Count            :         590251093.
  MOPS                  :       2975.456332
  MFLOPS                :        718.224653
  VLEN                  :        108.775692
  V. Op. Ratio (%)      :         93.763284
  Memory Size (MB)      :        192.031250
  MIPS                  :        211.218820
  I-Cache (sec)         :          0.001374
  O-Cache (sec)         :          0.026879
  Bank (sec)            :          0.015380
 
  Start Time (date)  :  2012/02/14 05:06:20
  End   Time (date)  :  2012/02/14 05:06:23
105.4u 25.4s 5:16 41% 839+177530k 90889+9857io 0w
logout
