Warning: no access to tty (Bad file descriptor).
Thus no job control in this shell.
vt100
======================================
Welcome to tupay: Linux 2.4.18-nec3.3.060 ia64
Today is Sun Feb 12 20:03:33 GST 2012
======================================
sx6
PNT-EN
2012021220:03:33

/gfs/home3/modoper/tempo/global/oens
/gfs/home3/modoper/tempo/global/oens
/gfs/dk22/modoper/tempo/global/oens
week mean prec probability  -- Run script ...
week mean prec probability  -- SUBMITTED TO NQS QUEUE ...
qsub -q PNT-EN /gfs/home3/modoper/tempo/global/oens/run/setprobagrT126L28.sx6


Script: /gfs/home3/modoper/tempo/global/oens/run/setprobagrT126L28.sx6
Fila: PNT-EN
Rodando Sem Label(SMS)...
Rodando Sem Medidor(SMS)...


Stdout = /gfs/home3/modoper/tempo/global/oens/run/setout/setprobagrT126L28.sx6.2012021220:03:33.

+--------------------------------------------+
Job       Status       Elapse        User Time
                         
+--------------------------------------------+

+--------------------------------------------+
Job       Status       Elapse        User Time
setproba  RUN          24             7.46
+--------------------------------------------+
89196.siox.cpte setproba modoper PNT-EN 0 RUN - 30.27M 7.46 24 Y Y 1
/gfs/dk22/modoper/tempo/global/oens/probagr/gif has already been created
nblst=3
T126L28 T126 2012021212 3 05 4 /gfs/dk22/modoper/tempo/global/oens/probagr/dataout/T126L28 /gfs/dk22/modoper/tempo/global/oens/probagr/gif

Grid Analysis and Display System (GrADS) Version 1.8SL11
Copyright (c) 1988-2001 by Brian Doty 
Center for Ocean-Land-Atmosphere Studies
Institute for Global Environment and Society 
All Rights Reserved

Config: v1.8SL11 32-bit little-endian readline printim

Issue 'q config' command for more information.

GX Package Initialization: Size = 11 8.5 
Running in Batch mode
ga-> run plot_precprob_agric.gs
Enter with: resol trc labeli nblst ndacc noutpday dirbct dirfig
resol   : T126L28
trc     : T126
labeli  : 2012021212
nblst   : 3
ndacc   : 05
noutpday: 4
dirbct  : /gfs/dk22/modoper/tempo/global/oens/probagr/dataout/T126L28
dirfig  : /gfs/dk22/modoper/tempo/global/oens/probagr/gif
flist=filefct2012021212.T126
No hardcopy metafile open
All files closed; all defined objects released
All GrADS attributes have been reinitialized
open /gfs/dk22/modoper/tempo/global/oens/probagr/dataout/T126L28/wmaprecprob20120212122012021712.T126L28.ctl
set t -19 1
Time = 12Z12FEB2012 to 12Z17FEB2012  Sun to Fri

labelii= 12Z12FEB2012
labelff= 12Z17FEB2012
No hardcopy metafile open
All files closed; all defined objects released
All GrADS attributes have been reinitialized
open /gfs/dk22/modoper/tempo/global/oens/probagr/dataout/T126L28/wmaprecprob20120212122012022212.T126L28.ctl
set t -19 1
Time = 12Z17FEB2012 to 12Z22FEB2012  Fri to Wed

labelii= 12Z17FEB2012
labelff= 12Z22FEB2012
No hardcopy metafile open
All files closed; all defined objects released
All GrADS attributes have been reinitialized
open /gfs/dk22/modoper/tempo/global/oens/probagr/dataout/T126L28/wmaprecprob20120212122012022712.T126L28.ctl
set t -19 1
Time = 12Z22FEB2012 to 12Z27FEB2012  Wed to Mon

labelii= 12Z22FEB2012
labelff= 12Z27FEB2012
No hardcopy metafile open
GX package terminated 
LABELI=2012021212
LABELF=2012022712
sx6
Expressa
2012021220:04:57
out
/gfs/home3/modoper/tempo/global/oens
/gfs/home3/modoper/tempo/global/oens
/gfs/dk22/modoper/tempo/global/oens
weekly prec probability  -- Run script ...
weekly prec probability  -- SUBMITTED TO NQS QUEUE ...
qsub -q Expressa /gfs/home3/modoper/tempo/global/oens/run/setprobweekT126L28.sx6


Script: /gfs/home3/modoper/tempo/global/oens/run/setprobweekT126L28.sx6
Fila: Expressa
SmsLabel: Info
Rodando Sem Medidor(SMS)...


Stdout = /gfs/home3/modoper/tempo/global/oens/run/setout/setprobweekT126L28.sx6.2012021220:04:57.out

+--------------------------------------------+
Job       Status       Elapse        User Time
                         
+--------------------------------------------+

+--------------------------------------------+
Job       Status       Elapse        User Time
                         
+--------------------------------------------+

