stty: : Invalid argument
vt100
resize:  can't open terminal /dev/tty
======================================
Welcome to tupan03: SUPER-UX 14.1 SX-6
Today is Mon Feb 13 04:38:11 GMT 2012
======================================
runperreco1.sx6 126 28 03 2012021300 15 NO 07 
sx6
2012021304:38
out
/gfs/home3/modoper/tempo/global/oens
/gfs/home3/modoper/tempo/global/oens
/gfs/dk22/modoper/tempo/global/oens
/gfs/dk22/modoper/tempo/global/oens/model/datain
/gfs/home3/modoper/tempo/global/oens/run/setperreco.1.03T126L28.sx6
Date: 20120213
Hour: 04:38
2012021300


rm: ERROR: Cannot access templ032012021300: No such file or directory
-rw-r--r--    1 modoper  pnt             200 Feb 13 04:38 /gfs/home3/modoper/tempo/global/oens/eof/datain/templ032012021300
ls: ERROR: Cannot access /gfs/dk22/modoper/tempo/global/oens/recfct/dataout/T126L28/GFCT03R2012021300*.fct*: No such file or directory
sx6
PNT-EN
12021304:38
out
/gfs/home3/modoper/tempo/global/oens
/gfs/home3/modoper/tempo/global/oens
/gfs/dk22/modoper/tempo/global/oens
/gfs/dk22/modoper/tempo/global/oens/model/datain
/gfs/home3/modoper/tempo/global/oens/run/setrecfct.1.FCT03RT126L28.sx6
Date: 20120213
Hour: 04:38
FCT03R
2012021300
2012021303
GFCT03R
GFCT03R
GFCT03R
F.fct
F.fct
R.fct
/gfs/home3/modoper/tempo/global/oens
/gfs/home3/modoper/tempo/global/oens
/gfs/dk22/modoper/tempo/global/oens
/gfs/dk22/modoper/tempo/global/oens/model/datain
run
run
GFCT03R20120213002012021303F.fct.T126L28
/gfs/home3/modoper/tempo/global/oens/recfct/datain/GFCT03R20120213002012021303F.fct.T126L28
+ echo Recomposition  -x-  RUNNING ...
Recomposition  -x-  RUNNING ...
+ source=/gfs/home3/modoper/tempo/global/oens/recfct/source
+ bin=/gfs/home3/modoper/tempo/global/oens/recfct/bin/T126L28
+ input=/gfs/home3/modoper/tempo/global/oens/recfct/datain
+ out=/gfs/home3/modoper/tempo/global/oens/recfct/output
+ echo run
run
+ [ run = make ]
+ echo run
run
+ [ run = clean ]
+ cd /gfs/home3/modoper/tempo/global/oens/recfct/bin/T126L28
+ echo ./recfct.T126L28 < /gfs/home3/modoper/tempo/global/oens/recfct/datain/recfctFCT03R.nml > /gfs/home3/modoper/tempo/global/oens/recfct/output/recfct.out.2012021300.04:38.T126L28
./recfct.T126L28 < /gfs/home3/modoper/tempo/global/oens/recfct/datain/recfctFCT03R.nml > /gfs/home3/modoper/tempo/global/oens/recfct/output/recfct.out.2012021300.04:38.T126L28
+ ./recfct.T126L28
+ 0< /gfs/home3/modoper/tempo/global/oens/recfct/datain/recfctFCT03R.nml 1> /gfs/home3/modoper/tempo/global/oens/recfct/output/recfct.out.2012021300.04:38.T126L28
 
 
     ******  Program Information  ******
  Real Time (sec)       :          6.336878
  User Time (sec)       :          4.223416
  Sys  Time (sec)       :          0.073529
  Vector Time (sec)     :          0.373014
  Inst. Count           :        1596986017.
  V. Inst. Count        :          16052480.
  V. Element Count      :        1289251883.
  FLOP Count            :         534710003.
  MOPS                  :        679.588683
  MFLOPS                :        126.606060
  VLEN                  :         80.314810
  V. Op. Ratio (%)      :         44.918766
  Memory Size (MB)      :        192.031250
  MIPS                  :        378.126659
  I-Cache (sec)         :          0.000885
  O-Cache (sec)         :          0.939445
  Bank (sec)            :          0.001191
 
  Start Time (date)  :  2012/02/13 04:38:15
  End   Time (date)  :  2012/02/13 04:38:21
-rw-r--r--    1 modoper  pnt             400 Feb 13 04:38 /gfs/home3/modoper/tempo/global/oens/eof/datain/templ032012021300
sx6
PNT-EN
12021304:38
out
/gfs/home3/modoper/tempo/global/oens
/gfs/home3/modoper/tempo/global/oens
/gfs/dk22/modoper/tempo/global/oens
/gfs/dk22/modoper/tempo/global/oens/model/datain
/gfs/home3/modoper/tempo/global/oens/run/setrecfct.1.FCT03RT126L28.sx6
Date: 20120213
Hour: 04:38
FCT03R
2012021300
2012021306
GFCT03R
GFCT03R
GFCT03R
F.fct
F.fct
R.fct
/gfs/home3/modoper/tempo/global/oens
/gfs/home3/modoper/tempo/global/oens
/gfs/dk22/modoper/tempo/global/oens
/gfs/dk22/modoper/tempo/global/oens/model/datain
run
run
GFCT03R20120213002012021306F.fct.T126L28
/gfs/home3/modoper/tempo/global/oens/recfct/datain/GFCT03R20120213002012021306F.fct.T126L28
+ echo Recomposition  -x-  RUNNING ...
Recomposition  -x-  RUNNING ...
+ source=/gfs/home3/modoper/tempo/global/oens/recfct/source
+ bin=/gfs/home3/modoper/tempo/global/oens/recfct/bin/T126L28
+ input=/gfs/home3/modoper/tempo/global/oens/recfct/datain
+ out=/gfs/home3/modoper/tempo/global/oens/recfct/output
+ echo run
run
+ [ run = make ]
+ echo run
run
+ [ run = clean ]
+ cd /gfs/home3/modoper/tempo/global/oens/recfct/bin/T126L28
+ echo ./recfct.T126L28 < /gfs/home3/modoper/tempo/global/oens/recfct/datain/recfctFCT03R.nml > /gfs/home3/modoper/tempo/global/oens/recfct/output/recfct.out.2012021300.04:38.T126L28
./recfct.T126L28 < /gfs/home3/modoper/tempo/global/oens/recfct/datain/recfctFCT03R.nml > /gfs/home3/modoper/tempo/global/oens/recfct/output/recfct.out.2012021300.04:38.T126L28
+ ./recfct.T126L28
+ 0< /gfs/home3/modoper/tempo/global/oens/recfct/datain/recfctFCT03R.nml 1> /gfs/home3/modoper/tempo/global/oens/recfct/output/recfct.out.2012021300.04:38.T126L28
 
 
     ******  Program Information  ******
  Real Time (sec)       :          9.431752
  User Time (sec)       :          4.298032
  Sys  Time (sec)       :          0.068500
  Vector Time (sec)     :          0.389126
  Inst. Count           :        1596986017.
  V. Inst. Count        :          16052480.
  V. Element Count      :        1289251883.
  FLOP Count            :         534710003.
  MOPS                  :        667.790622
  MFLOPS                :        124.408104
  VLEN                  :         80.314810
  V. Op. Ratio (%)      :         44.918766
  Memory Size (MB)      :        192.031250
  MIPS                  :        371.562157
  I-Cache (sec)         :          0.000868
  O-Cache (sec)         :          0.996401
  Bank (sec)            :          0.001190
 
  Start Time (date)  :  2012/02/13 04:38:22
  End   Time (date)  :  2012/02/13 04:38:32
-rw-r--r--    1 modoper  pnt             600 Feb 13 04:38 /gfs/home3/modoper/tempo/global/oens/eof/datain/templ032012021300
sx6
PNT-EN
12021304:38
out
/gfs/home3/modoper/tempo/global/oens
/gfs/home3/modoper/tempo/global/oens
/gfs/dk22/modoper/tempo/global/oens
/gfs/dk22/modoper/tempo/global/oens/model/datain
/gfs/home3/modoper/tempo/global/oens/run/setrecfct.1.FCT03RT126L28.sx6
Date: 20120213
Hour: 04:38
FCT03R
2012021300
2012021309
GFCT03R
GFCT03R
GFCT03R
F.fct
F.fct
R.fct
/gfs/home3/modoper/tempo/global/oens
/gfs/home3/modoper/tempo/global/oens
/gfs/dk22/modoper/tempo/global/oens
/gfs/dk22/modoper/tempo/global/oens/model/datain
run
run
GFCT03R20120213002012021309F.fct.T126L28
/gfs/home3/modoper/tempo/global/oens/recfct/datain/GFCT03R20120213002012021309F.fct.T126L28
+ echo Recomposition  -x-  RUNNING ...
Recomposition  -x-  RUNNING ...
+ source=/gfs/home3/modoper/tempo/global/oens/recfct/source
+ bin=/gfs/home3/modoper/tempo/global/oens/recfct/bin/T126L28
+ input=/gfs/home3/modoper/tempo/global/oens/recfct/datain
+ out=/gfs/home3/modoper/tempo/global/oens/recfct/output
+ echo run
run
+ [ run = make ]
+ echo run
run
+ [ run = clean ]
+ cd /gfs/home3/modoper/tempo/global/oens/recfct/bin/T126L28
+ echo ./recfct.T126L28 < /gfs/home3/modoper/tempo/global/oens/recfct/datain/recfctFCT03R.nml > /gfs/home3/modoper/tempo/global/oens/recfct/output/recfct.out.2012021300.04:38.T126L28
./recfct.T126L28 < /gfs/home3/modoper/tempo/global/oens/recfct/datain/recfctFCT03R.nml > /gfs/home3/modoper/tempo/global/oens/recfct/output/recfct.out.2012021300.04:38.T126L28
+ ./recfct.T126L28
+ 0< /gfs/home3/modoper/tempo/global/oens/recfct/datain/recfctFCT03R.nml 1> /gfs/home3/modoper/tempo/global/oens/recfct/output/recfct.out.2012021300.04:38.T126L28
 
 
     ******  Program Information  ******
  Real Time (sec)       :         10.078793
  User Time (sec)       :          4.219733
  Sys  Time (sec)       :          0.069035
  Vector Time (sec)     :          0.371276
  Inst. Count           :        1596986017.
  V. Inst. Count        :          16052480.
  V. Element Count      :        1289251883.
  FLOP Count            :         534710003.
  MOPS                  :        680.181778
  MFLOPS                :        126.716552
  VLEN                  :         80.314810
  V. Op. Ratio (%)      :         44.918766
  Memory Size (MB)      :        192.031250
  MIPS                  :        378.456661
  I-Cache (sec)         :          0.000874
  O-Cache (sec)         :          0.936370
  Bank (sec)            :          0.001191
 
  Start Time (date)  :  2012/02/13 04:38:33
  End   Time (date)  :  2012/02/13 04:38:43
-rw-r--r--    1 modoper  pnt             800 Feb 13 04:38 /gfs/home3/modoper/tempo/global/oens/eof/datain/templ032012021300
sx6
PNT-EN
12021304:38
out
/gfs/home3/modoper/tempo/global/oens
/gfs/home3/modoper/tempo/global/oens
/gfs/dk22/modoper/tempo/global/oens
/gfs/dk22/modoper/tempo/global/oens/model/datain
/gfs/home3/modoper/tempo/global/oens/run/setrecfct.1.FCT03RT126L28.sx6
Date: 20120213
Hour: 04:38
FCT03R
2012021300
2012021312
GFCT03R
GFCT03R
GFCT03R
F.fct
F.fct
R.fct
/gfs/home3/modoper/tempo/global/oens
/gfs/home3/modoper/tempo/global/oens
/gfs/dk22/modoper/tempo/global/oens
/gfs/dk22/modoper/tempo/global/oens/model/datain
run
run
GFCT03R20120213002012021312F.fct.T126L28
/gfs/home3/modoper/tempo/global/oens/recfct/datain/GFCT03R20120213002012021312F.fct.T126L28
+ echo Recomposition  -x-  RUNNING ...
Recomposition  -x-  RUNNING ...
+ source=/gfs/home3/modoper/tempo/global/oens/recfct/source
+ bin=/gfs/home3/modoper/tempo/global/oens/recfct/bin/T126L28
+ input=/gfs/home3/modoper/tempo/global/oens/recfct/datain
+ out=/gfs/home3/modoper/tempo/global/oens/recfct/output
+ echo run
run
+ [ run = make ]
+ echo run
run
+ [ run = clean ]
+ cd /gfs/home3/modoper/tempo/global/oens/recfct/bin/T126L28
+ echo ./recfct.T126L28 < /gfs/home3/modoper/tempo/global/oens/recfct/datain/recfctFCT03R.nml > /gfs/home3/modoper/tempo/global/oens/recfct/output/recfct.out.2012021300.04:38.T126L28
./recfct.T126L28 < /gfs/home3/modoper/tempo/global/oens/recfct/datain/recfctFCT03R.nml > /gfs/home3/modoper/tempo/global/oens/recfct/output/recfct.out.2012021300.04:38.T126L28
+ ./recfct.T126L28
+ 0< /gfs/home3/modoper/tempo/global/oens/recfct/datain/recfctFCT03R.nml 1> /gfs/home3/modoper/tempo/global/oens/recfct/output/recfct.out.2012021300.04:38.T126L28
 
 
     ******  Program Information  ******
  Real Time (sec)       :          7.940718
  User Time (sec)       :          4.242027
  Sys  Time (sec)       :          0.077690
  Vector Time (sec)     :          0.377545
  Inst. Count           :        1596986048.
  V. Inst. Count        :          16052480.
  V. Element Count      :        1289251883.
  FLOP Count            :         534710004.
  MOPS                  :        676.607095
  MFLOPS                :        126.050594
  VLEN                  :         80.314810
  V. Op. Ratio (%)      :         44.918766
  Memory Size (MB)      :        192.031250
  MIPS                  :        376.467691
  I-Cache (sec)         :          0.003516
  O-Cache (sec)         :          0.951618
  Bank (sec)            :          0.001191
 
  Start Time (date)  :  2012/02/13 04:38:44
  End   Time (date)  :  2012/02/13 04:38:52
-rw-r--r--    1 modoper  pnt            1000 Feb 13 04:38 /gfs/home3/modoper/tempo/global/oens/eof/datain/templ032012021300
sx6
PNT-EN
12021304:38
out
/gfs/home3/modoper/tempo/global/oens
/gfs/home3/modoper/tempo/global/oens
/gfs/dk22/modoper/tempo/global/oens
/gfs/dk22/modoper/tempo/global/oens/model/datain
/gfs/home3/modoper/tempo/global/oens/run/setrecfct.1.FCT03RT126L28.sx6
Date: 20120213
Hour: 04:38
FCT03R
2012021300
2012021315
GFCT03R
GFCT03R
GFCT03R
F.fct
F.fct
R.fct
/gfs/home3/modoper/tempo/global/oens
/gfs/home3/modoper/tempo/global/oens
/gfs/dk22/modoper/tempo/global/oens
/gfs/dk22/modoper/tempo/global/oens/model/datain
run
run
GFCT03R20120213002012021315F.fct.T126L28
/gfs/home3/modoper/tempo/global/oens/recfct/datain/GFCT03R20120213002012021315F.fct.T126L28
+ echo Recomposition  -x-  RUNNING ...
Recomposition  -x-  RUNNING ...
+ source=/gfs/home3/modoper/tempo/global/oens/recfct/source
+ bin=/gfs/home3/modoper/tempo/global/oens/recfct/bin/T126L28
+ input=/gfs/home3/modoper/tempo/global/oens/recfct/datain
+ out=/gfs/home3/modoper/tempo/global/oens/recfct/output
+ echo run
run
+ [ run = make ]
+ echo run
run
+ [ run = clean ]
+ cd /gfs/home3/modoper/tempo/global/oens/recfct/bin/T126L28
+ echo ./recfct.T126L28 < /gfs/home3/modoper/tempo/global/oens/recfct/datain/recfctFCT03R.nml > /gfs/home3/modoper/tempo/global/oens/recfct/output/recfct.out.2012021300.04:38.T126L28
./recfct.T126L28 < /gfs/home3/modoper/tempo/global/oens/recfct/datain/recfctFCT03R.nml > /gfs/home3/modoper/tempo/global/oens/recfct/output/recfct.out.2012021300.04:38.T126L28
+ ./recfct.T126L28
+ 0< /gfs/home3/modoper/tempo/global/oens/recfct/datain/recfctFCT03R.nml 1> /gfs/home3/modoper/tempo/global/oens/recfct/output/recfct.out.2012021300.04:38.T126L28
 
 
     ******  Program Information  ******
  Real Time (sec)       :         16.885398
  User Time (sec)       :          4.192883
  Sys  Time (sec)       :          0.090808
  Vector Time (sec)     :          0.366751
  Inst. Count           :        1596986048.
  V. Inst. Count        :          16052480.
  V. Element Count      :        1289251883.
  FLOP Count            :         534710004.
  MOPS                  :        684.537473
  MFLOPS                :        127.528009
  VLEN                  :         80.314810
  V. Op. Ratio (%)      :         44.918766
  Memory Size (MB)      :        192.031250
  MIPS                  :        380.880195
  I-Cache (sec)         :          0.003204
  O-Cache (sec)         :          0.915071
  Bank (sec)            :          0.001190
 
  Start Time (date)  :  2012/02/13 04:38:59
  End   Time (date)  :  2012/02/13 04:39:16
-rw-r--r--    1 modoper  pnt            1200 Feb 13 04:39 /gfs/home3/modoper/tempo/global/oens/eof/datain/templ032012021300
sx6
PNT-EN
12021304:39
out
/gfs/home3/modoper/tempo/global/oens
/gfs/home3/modoper/tempo/global/oens
/gfs/dk22/modoper/tempo/global/oens
/gfs/dk22/modoper/tempo/global/oens/model/datain
/gfs/home3/modoper/tempo/global/oens/run/setrecfct.1.FCT03RT126L28.sx6
Date: 20120213
Hour: 04:39
FCT03R
2012021300
2012021318
GFCT03R
GFCT03R
GFCT03R
F.fct
F.fct
R.fct
/gfs/home3/modoper/tempo/global/oens
/gfs/home3/modoper/tempo/global/oens
/gfs/dk22/modoper/tempo/global/oens
/gfs/dk22/modoper/tempo/global/oens/model/datain
run
run
GFCT03R20120213002012021318F.fct.T126L28
/gfs/home3/modoper/tempo/global/oens/recfct/datain/GFCT03R20120213002012021318F.fct.T126L28
+ echo Recomposition  -x-  RUNNING ...
Recomposition  -x-  RUNNING ...
+ source=/gfs/home3/modoper/tempo/global/oens/recfct/source
+ bin=/gfs/home3/modoper/tempo/global/oens/recfct/bin/T126L28
+ input=/gfs/home3/modoper/tempo/global/oens/recfct/datain
+ out=/gfs/home3/modoper/tempo/global/oens/recfct/output
+ echo run
run
+ [ run = make ]
+ echo run
run
+ [ run = clean ]
+ cd /gfs/home3/modoper/tempo/global/oens/recfct/bin/T126L28
+ echo ./recfct.T126L28 < /gfs/home3/modoper/tempo/global/oens/recfct/datain/recfctFCT03R.nml > /gfs/home3/modoper/tempo/global/oens/recfct/output/recfct.out.2012021300.04:39.T126L28
./recfct.T126L28 < /gfs/home3/modoper/tempo/global/oens/recfct/datain/recfctFCT03R.nml > /gfs/home3/modoper/tempo/global/oens/recfct/output/recfct.out.2012021300.04:39.T126L28
+ ./recfct.T126L28
+ 0< /gfs/home3/modoper/tempo/global/oens/recfct/datain/recfctFCT03R.nml 1> /gfs/home3/modoper/tempo/global/oens/recfct/output/recfct.out.2012021300.04:39.T126L28
 
 
     ******  Program Information  ******
  Real Time (sec)       :          7.814780
  User Time (sec)       :          4.251009
  Sys  Time (sec)       :          0.067454
  Vector Time (sec)     :          0.379271
  Inst. Count           :        1596986048.
  V. Inst. Count        :          16052480.
  V. Element Count      :        1289251883.
  FLOP Count            :         534710004.
  MOPS                  :        675.177488
  MFLOPS                :        125.784262
  VLEN                  :         80.314810
  V. Op. Ratio (%)      :         44.918766
  Memory Size (MB)      :        192.031250
  MIPS                  :        375.672251
  I-Cache (sec)         :          0.000898
  O-Cache (sec)         :          0.959971
  Bank (sec)            :          0.001191
 
  Start Time (date)  :  2012/02/13 04:39:18
  End   Time (date)  :  2012/02/13 04:39:26
-rw-r--r--    1 modoper  pnt            1400 Feb 13 04:39 /gfs/home3/modoper/tempo/global/oens/eof/datain/templ032012021300
sx6
PNT-EN
12021304:39
out
/gfs/home3/modoper/tempo/global/oens
/gfs/home3/modoper/tempo/global/oens
/gfs/dk22/modoper/tempo/global/oens
/gfs/dk22/modoper/tempo/global/oens/model/datain
/gfs/home3/modoper/tempo/global/oens/run/setrecfct.1.FCT03RT126L28.sx6
Date: 20120213
Hour: 04:39
FCT03R
2012021300
2012021321
GFCT03R
GFCT03R
GFCT03R
F.fct
F.fct
R.fct
/gfs/home3/modoper/tempo/global/oens
/gfs/home3/modoper/tempo/global/oens
/gfs/dk22/modoper/tempo/global/oens
/gfs/dk22/modoper/tempo/global/oens/model/datain
run
run
GFCT03R20120213002012021321F.fct.T126L28
/gfs/home3/modoper/tempo/global/oens/recfct/datain/GFCT03R20120213002012021321F.fct.T126L28
+ echo Recomposition  -x-  RUNNING ...
Recomposition  -x-  RUNNING ...
+ source=/gfs/home3/modoper/tempo/global/oens/recfct/source
+ bin=/gfs/home3/modoper/tempo/global/oens/recfct/bin/T126L28
+ input=/gfs/home3/modoper/tempo/global/oens/recfct/datain
+ out=/gfs/home3/modoper/tempo/global/oens/recfct/output
+ echo run
run
+ [ run = make ]
+ echo run
run
+ [ run = clean ]
+ cd /gfs/home3/modoper/tempo/global/oens/recfct/bin/T126L28
+ echo ./recfct.T126L28 < /gfs/home3/modoper/tempo/global/oens/recfct/datain/recfctFCT03R.nml > /gfs/home3/modoper/tempo/global/oens/recfct/output/recfct.out.2012021300.04:39.T126L28
./recfct.T126L28 < /gfs/home3/modoper/tempo/global/oens/recfct/datain/recfctFCT03R.nml > /gfs/home3/modoper/tempo/global/oens/recfct/output/recfct.out.2012021300.04:39.T126L28
+ ./recfct.T126L28
+ 0< /gfs/home3/modoper/tempo/global/oens/recfct/datain/recfctFCT03R.nml 1> /gfs/home3/modoper/tempo/global/oens/recfct/output/recfct.out.2012021300.04:39.T126L28
 
 
     ******  Program Information  ******
  Real Time (sec)       :         12.271568
  User Time (sec)       :          4.296007
  Sys  Time (sec)       :          0.068679
  Vector Time (sec)     :          0.388725
  Inst. Count           :        1596986048.
  V. Inst. Count        :          16052480.
  V. Element Count      :        1289251883.
  FLOP Count            :         534710004.
  MOPS                  :        668.105385
  MFLOPS                :        124.466742
  VLEN                  :         80.314810
  V. Op. Ratio (%)      :         44.918766
  Memory Size (MB)      :        192.031250
  MIPS                  :        371.737296
  I-Cache (sec)         :          0.000901
  O-Cache (sec)         :          0.994317
  Bank (sec)            :          0.001191
 
  Start Time (date)  :  2012/02/13 04:39:27
  End   Time (date)  :  2012/02/13 04:39:39
-rw-r--r--    1 modoper  pnt            1600 Feb 13 04:39 /gfs/home3/modoper/tempo/global/oens/eof/datain/templ032012021300
sx6
PNT-EN
12021304:39
out
/gfs/home3/modoper/tempo/global/oens
/gfs/home3/modoper/tempo/global/oens
/gfs/dk22/modoper/tempo/global/oens
/gfs/dk22/modoper/tempo/global/oens/model/datain
/gfs/home3/modoper/tempo/global/oens/run/setrecfct.1.FCT03RT126L28.sx6
Date: 20120213
Hour: 04:39
FCT03R
2012021300
2012021400
GFCT03R
GFCT03R
GFCT03R
F.fct
F.fct
R.fct
/gfs/home3/modoper/tempo/global/oens
/gfs/home3/modoper/tempo/global/oens
/gfs/dk22/modoper/tempo/global/oens
/gfs/dk22/modoper/tempo/global/oens/model/datain
run
run
GFCT03R20120213002012021400F.fct.T126L28
/gfs/home3/modoper/tempo/global/oens/recfct/datain/GFCT03R20120213002012021400F.fct.T126L28
+ echo Recomposition  -x-  RUNNING ...
Recomposition  -x-  RUNNING ...
+ source=/gfs/home3/modoper/tempo/global/oens/recfct/source
+ bin=/gfs/home3/modoper/tempo/global/oens/recfct/bin/T126L28
+ input=/gfs/home3/modoper/tempo/global/oens/recfct/datain
+ out=/gfs/home3/modoper/tempo/global/oens/recfct/output
+ echo run
run
+ [ run = make ]
+ echo run
run
+ [ run = clean ]
+ cd /gfs/home3/modoper/tempo/global/oens/recfct/bin/T126L28
+ echo ./recfct.T126L28 < /gfs/home3/modoper/tempo/global/oens/recfct/datain/recfctFCT03R.nml > /gfs/home3/modoper/tempo/global/oens/recfct/output/recfct.out.2012021300.04:39.T126L28
./recfct.T126L28 < /gfs/home3/modoper/tempo/global/oens/recfct/datain/recfctFCT03R.nml > /gfs/home3/modoper/tempo/global/oens/recfct/output/recfct.out.2012021300.04:39.T126L28
+ ./recfct.T126L28
+ 0< /gfs/home3/modoper/tempo/global/oens/recfct/datain/recfctFCT03R.nml 1> /gfs/home3/modoper/tempo/global/oens/recfct/output/recfct.out.2012021300.04:39.T126L28
 
 
     ******  Program Information  ******
  Real Time (sec)       :         14.099125
  User Time (sec)       :          4.295842
  Sys  Time (sec)       :          0.074274
  Vector Time (sec)     :          0.390179
  Inst. Count           :        1596986017.
  V. Inst. Count        :          16052480.
  V. Element Count      :        1289251883.
  FLOP Count            :         534710003.
  MOPS                  :        668.131116
  MFLOPS                :        124.471537
  VLEN                  :         80.314810
  V. Op. Ratio (%)      :         44.918766
  Memory Size (MB)      :        192.031250
  MIPS                  :        371.751609
  I-Cache (sec)         :          0.000928
  O-Cache (sec)         :          0.992900
  Bank (sec)            :          0.001191
 
  Start Time (date)  :  2012/02/13 04:39:41
  End   Time (date)  :  2012/02/13 04:39:55
-rw-r--r--    1 modoper  pnt            1800 Feb 13 04:39 /gfs/home3/modoper/tempo/global/oens/eof/datain/templ032012021300
sx6
PNT-EN
12021304:39
out
/gfs/home3/modoper/tempo/global/oens
/gfs/home3/modoper/tempo/global/oens
/gfs/dk22/modoper/tempo/global/oens
/gfs/dk22/modoper/tempo/global/oens/model/datain
/gfs/home3/modoper/tempo/global/oens/run/setrecfct.1.FCT03RT126L28.sx6
Date: 20120213
Hour: 04:39
FCT03R
2012021300
2012021403
GFCT03R
GFCT03R
GFCT03R
F.fct
F.fct
R.fct
/gfs/home3/modoper/tempo/global/oens
/gfs/home3/modoper/tempo/global/oens
/gfs/dk22/modoper/tempo/global/oens
/gfs/dk22/modoper/tempo/global/oens/model/datain
run
run
GFCT03R20120213002012021403F.fct.T126L28
/gfs/home3/modoper/tempo/global/oens/recfct/datain/GFCT03R20120213002012021403F.fct.T126L28
+ echo Recomposition  -x-  RUNNING ...
Recomposition  -x-  RUNNING ...
+ source=/gfs/home3/modoper/tempo/global/oens/recfct/source
+ bin=/gfs/home3/modoper/tempo/global/oens/recfct/bin/T126L28
+ input=/gfs/home3/modoper/tempo/global/oens/recfct/datain
+ out=/gfs/home3/modoper/tempo/global/oens/recfct/output
+ echo run
run
+ [ run = make ]
+ echo run
run
+ [ run = clean ]
+ cd /gfs/home3/modoper/tempo/global/oens/recfct/bin/T126L28
+ echo ./recfct.T126L28 < /gfs/home3/modoper/tempo/global/oens/recfct/datain/recfctFCT03R.nml > /gfs/home3/modoper/tempo/global/oens/recfct/output/recfct.out.2012021300.04:39.T126L28
./recfct.T126L28 < /gfs/home3/modoper/tempo/global/oens/recfct/datain/recfctFCT03R.nml > /gfs/home3/modoper/tempo/global/oens/recfct/output/recfct.out.2012021300.04:39.T126L28
+ ./recfct.T126L28
+ 0< /gfs/home3/modoper/tempo/global/oens/recfct/datain/recfctFCT03R.nml 1> /gfs/home3/modoper/tempo/global/oens/recfct/output/recfct.out.2012021300.04:39.T126L28
 
 
     ******  Program Information  ******
  Real Time (sec)       :         13.020380
  User Time (sec)       :          4.304579
  Sys  Time (sec)       :          0.066396
  Vector Time (sec)     :          0.390558
  Inst. Count           :        1596986017.
  V. Inst. Count        :          16052480.
  V. Element Count      :        1289251883.
  FLOP Count            :         534710003.
  MOPS                  :        666.774882
  MFLOPS                :        124.218873
  VLEN                  :         80.314810
  V. Op. Ratio (%)      :         44.918766
  Memory Size (MB)      :        192.031250
  MIPS                  :        370.996994
  I-Cache (sec)         :          0.000884
  O-Cache (sec)         :          1.001153
  Bank (sec)            :          0.001192
 
  Start Time (date)  :  2012/02/13 04:39:56
  End   Time (date)  :  2012/02/13 04:40:09
-rw-r--r--    1 modoper  pnt            2000 Feb 13 04:40 /gfs/home3/modoper/tempo/global/oens/eof/datain/templ032012021300
sx6
PNT-EN
12021304:40
out
/gfs/home3/modoper/tempo/global/oens
/gfs/home3/modoper/tempo/global/oens
/gfs/dk22/modoper/tempo/global/oens
/gfs/dk22/modoper/tempo/global/oens/model/datain
/gfs/home3/modoper/tempo/global/oens/run/setrecfct.1.FCT03RT126L28.sx6
Date: 20120213
Hour: 04:40
FCT03R
2012021300
2012021406
GFCT03R
GFCT03R
GFCT03R
F.fct
F.fct
R.fct
/gfs/home3/modoper/tempo/global/oens
/gfs/home3/modoper/tempo/global/oens
/gfs/dk22/modoper/tempo/global/oens
/gfs/dk22/modoper/tempo/global/oens/model/datain
run
run
GFCT03R20120213002012021406F.fct.T126L28
/gfs/home3/modoper/tempo/global/oens/recfct/datain/GFCT03R20120213002012021406F.fct.T126L28
+ echo Recomposition  -x-  RUNNING ...
Recomposition  -x-  RUNNING ...
+ source=/gfs/home3/modoper/tempo/global/oens/recfct/source
+ bin=/gfs/home3/modoper/tempo/global/oens/recfct/bin/T126L28
+ input=/gfs/home3/modoper/tempo/global/oens/recfct/datain
+ out=/gfs/home3/modoper/tempo/global/oens/recfct/output
+ echo run
run
+ [ run = make ]
+ echo run
run
+ [ run = clean ]
+ cd /gfs/home3/modoper/tempo/global/oens/recfct/bin/T126L28
+ echo ./recfct.T126L28 < /gfs/home3/modoper/tempo/global/oens/recfct/datain/recfctFCT03R.nml > /gfs/home3/modoper/tempo/global/oens/recfct/output/recfct.out.2012021300.04:40.T126L28
./recfct.T126L28 < /gfs/home3/modoper/tempo/global/oens/recfct/datain/recfctFCT03R.nml > /gfs/home3/modoper/tempo/global/oens/recfct/output/recfct.out.2012021300.04:40.T126L28
+ ./recfct.T126L28
+ 0< /gfs/home3/modoper/tempo/global/oens/recfct/datain/recfctFCT03R.nml 1> /gfs/home3/modoper/tempo/global/oens/recfct/output/recfct.out.2012021300.04:40.T126L28
 
 
     ******  Program Information  ******
  Real Time (sec)       :         16.421589
  User Time (sec)       :          4.239539
  Sys  Time (sec)       :          0.066031
  Vector Time (sec)     :          0.375385
  Inst. Count           :        1596986017.
  V. Inst. Count        :          16052480.
  V. Element Count      :        1289251883.
  FLOP Count            :         534710003.
  MOPS                  :        677.004100
  MFLOPS                :        126.124557
  VLEN                  :         80.314810
  V. Op. Ratio (%)      :         44.918766
  Memory Size (MB)      :        192.031250
  MIPS                  :        376.688584
  I-Cache (sec)         :          0.000881
  O-Cache (sec)         :          0.952958
  Bank (sec)            :          0.001191
 
  Start Time (date)  :  2012/02/13 04:40:11
  End   Time (date)  :  2012/02/13 04:40:27
-rw-r--r--    1 modoper  pnt            2200 Feb 13 04:40 /gfs/home3/modoper/tempo/global/oens/eof/datain/templ032012021300
sx6
PNT-EN
12021304:40
out
/gfs/home3/modoper/tempo/global/oens
/gfs/home3/modoper/tempo/global/oens
/gfs/dk22/modoper/tempo/global/oens
/gfs/dk22/modoper/tempo/global/oens/model/datain
/gfs/home3/modoper/tempo/global/oens/run/setrecfct.1.FCT03RT126L28.sx6
Date: 20120213
Hour: 04:40
FCT03R
2012021300
2012021409
GFCT03R
GFCT03R
GFCT03R
F.fct
F.fct
R.fct
/gfs/home3/modoper/tempo/global/oens
/gfs/home3/modoper/tempo/global/oens
/gfs/dk22/modoper/tempo/global/oens
/gfs/dk22/modoper/tempo/global/oens/model/datain
run
run
GFCT03R20120213002012021409F.fct.T126L28
/gfs/home3/modoper/tempo/global/oens/recfct/datain/GFCT03R20120213002012021409F.fct.T126L28
+ echo Recomposition  -x-  RUNNING ...
Recomposition  -x-  RUNNING ...
+ source=/gfs/home3/modoper/tempo/global/oens/recfct/source
+ bin=/gfs/home3/modoper/tempo/global/oens/recfct/bin/T126L28
+ input=/gfs/home3/modoper/tempo/global/oens/recfct/datain
+ out=/gfs/home3/modoper/tempo/global/oens/recfct/output
+ echo run
run
+ [ run = make ]
+ echo run
run
+ [ run = clean ]
+ cd /gfs/home3/modoper/tempo/global/oens/recfct/bin/T126L28
+ echo ./recfct.T126L28 < /gfs/home3/modoper/tempo/global/oens/recfct/datain/recfctFCT03R.nml > /gfs/home3/modoper/tempo/global/oens/recfct/output/recfct.out.2012021300.04:40.T126L28
./recfct.T126L28 < /gfs/home3/modoper/tempo/global/oens/recfct/datain/recfctFCT03R.nml > /gfs/home3/modoper/tempo/global/oens/recfct/output/recfct.out.2012021300.04:40.T126L28
+ ./recfct.T126L28
+ 0< /gfs/home3/modoper/tempo/global/oens/recfct/datain/recfctFCT03R.nml 1> /gfs/home3/modoper/tempo/global/oens/recfct/output/recfct.out.2012021300.04:40.T126L28
 
 
     ******  Program Information  ******
  Real Time (sec)       :          5.634916
  User Time (sec)       :          4.214362
  Sys  Time (sec)       :          0.066853
  Vector Time (sec)     :          0.372521
  Inst. Count           :        1596986017.
  V. Inst. Count        :          16052480.
  V. Element Count      :        1289251883.
  FLOP Count            :         534710003.
  MOPS                  :        681.048611
  MFLOPS                :        126.878041
  VLEN                  :         80.314810
  V. Op. Ratio (%)      :         44.918766
  Memory Size (MB)      :        192.031250
  MIPS                  :        378.938971
  I-Cache (sec)         :          0.001118
  O-Cache (sec)         :          0.931493
  Bank (sec)            :          0.001189
 
  Start Time (date)  :  2012/02/13 04:40:28
  End   Time (date)  :  2012/02/13 04:40:34
-rw-r--r--    1 modoper  pnt            2400 Feb 13 04:40 /gfs/home3/modoper/tempo/global/oens/eof/datain/templ032012021300
sx6
PNT-EN
12021304:40
out
/gfs/home3/modoper/tempo/global/oens
/gfs/home3/modoper/tempo/global/oens
/gfs/dk22/modoper/tempo/global/oens
/gfs/dk22/modoper/tempo/global/oens/model/datain
/gfs/home3/modoper/tempo/global/oens/run/setrecfct.1.FCT03RT126L28.sx6
Date: 20120213
Hour: 04:40
FCT03R
2012021300
2012021412
GFCT03R
GFCT03R
GFCT03R
F.fct
F.fct
R.fct
/gfs/home3/modoper/tempo/global/oens
/gfs/home3/modoper/tempo/global/oens
/gfs/dk22/modoper/tempo/global/oens
/gfs/dk22/modoper/tempo/global/oens/model/datain
run
run
GFCT03R20120213002012021412F.fct.T126L28
/gfs/home3/modoper/tempo/global/oens/recfct/datain/GFCT03R20120213002012021412F.fct.T126L28
+ echo Recomposition  -x-  RUNNING ...
Recomposition  -x-  RUNNING ...
+ source=/gfs/home3/modoper/tempo/global/oens/recfct/source
+ bin=/gfs/home3/modoper/tempo/global/oens/recfct/bin/T126L28
+ input=/gfs/home3/modoper/tempo/global/oens/recfct/datain
+ out=/gfs/home3/modoper/tempo/global/oens/recfct/output
+ echo run
run
+ [ run = make ]
+ echo run
run
+ [ run = clean ]
+ cd /gfs/home3/modoper/tempo/global/oens/recfct/bin/T126L28
+ echo ./recfct.T126L28 < /gfs/home3/modoper/tempo/global/oens/recfct/datain/recfctFCT03R.nml > /gfs/home3/modoper/tempo/global/oens/recfct/output/recfct.out.2012021300.04:40.T126L28
./recfct.T126L28 < /gfs/home3/modoper/tempo/global/oens/recfct/datain/recfctFCT03R.nml > /gfs/home3/modoper/tempo/global/oens/recfct/output/recfct.out.2012021300.04:40.T126L28
+ ./recfct.T126L28
+ 0< /gfs/home3/modoper/tempo/global/oens/recfct/datain/recfctFCT03R.nml 1> /gfs/home3/modoper/tempo/global/oens/recfct/output/recfct.out.2012021300.04:40.T126L28
 
 
     ******  Program Information  ******
  Real Time (sec)       :         12.616750
  User Time (sec)       :          4.294809
  Sys  Time (sec)       :          0.067749
  Vector Time (sec)     :          0.388408
  Inst. Count           :        1596986048.
  V. Inst. Count        :          16052480.
  V. Element Count      :        1289251883.
  FLOP Count            :         534710004.
  MOPS                  :        668.291730
  MFLOPS                :        124.501458
  VLEN                  :         80.314810
  V. Op. Ratio (%)      :         44.918766
  Memory Size (MB)      :        192.031250
  MIPS                  :        371.840980
  I-Cache (sec)         :          0.001047
  O-Cache (sec)         :          0.993445
  Bank (sec)            :          0.001191
 
  Start Time (date)  :  2012/02/13 04:40:35
  End   Time (date)  :  2012/02/13 04:40:48
-rw-r--r--    1 modoper  pnt            2600 Feb 13 04:40 /gfs/home3/modoper/tempo/global/oens/eof/datain/templ032012021300
sx6
PNT-EN
12021304:40
out
/gfs/home3/modoper/tempo/global/oens
/gfs/home3/modoper/tempo/global/oens
/gfs/dk22/modoper/tempo/global/oens
/gfs/dk22/modoper/tempo/global/oens/model/datain
/gfs/home3/modoper/tempo/global/oens/run/setrecfct.1.FCT03RT126L28.sx6
Date: 20120213
Hour: 04:40
FCT03R
2012021300
2012021415
GFCT03R
GFCT03R
GFCT03R
F.fct
F.fct
R.fct
/gfs/home3/modoper/tempo/global/oens
/gfs/home3/modoper/tempo/global/oens
/gfs/dk22/modoper/tempo/global/oens
/gfs/dk22/modoper/tempo/global/oens/model/datain
run
run
GFCT03R20120213002012021415F.fct.T126L28
/gfs/home3/modoper/tempo/global/oens/recfct/datain/GFCT03R20120213002012021415F.fct.T126L28
+ echo Recomposition  -x-  RUNNING ...
Recomposition  -x-  RUNNING ...
+ source=/gfs/home3/modoper/tempo/global/oens/recfct/source
+ bin=/gfs/home3/modoper/tempo/global/oens/recfct/bin/T126L28
+ input=/gfs/home3/modoper/tempo/global/oens/recfct/datain
+ out=/gfs/home3/modoper/tempo/global/oens/recfct/output
+ echo run
run
+ [ run = make ]
+ echo run
run
+ [ run = clean ]
+ cd /gfs/home3/modoper/tempo/global/oens/recfct/bin/T126L28
+ echo ./recfct.T126L28 < /gfs/home3/modoper/tempo/global/oens/recfct/datain/recfctFCT03R.nml > /gfs/home3/modoper/tempo/global/oens/recfct/output/recfct.out.2012021300.04:40.T126L28
./recfct.T126L28 < /gfs/home3/modoper/tempo/global/oens/recfct/datain/recfctFCT03R.nml > /gfs/home3/modoper/tempo/global/oens/recfct/output/recfct.out.2012021300.04:40.T126L28
+ ./recfct.T126L28
+ 0< /gfs/home3/modoper/tempo/global/oens/recfct/datain/recfctFCT03R.nml 1> /gfs/home3/modoper/tempo/global/oens/recfct/output/recfct.out.2012021300.04:40.T126L28
 
 
     ******  Program Information  ******
  Real Time (sec)       :         13.616300
  User Time (sec)       :          4.294585
  Sys  Time (sec)       :          0.069266
  Vector Time (sec)     :          0.387986
  Inst. Count           :        1596986048.
  V. Inst. Count        :          16052480.
  V. Element Count      :        1289251883.
  FLOP Count            :         534710004.
  MOPS                  :        668.326624
  MFLOPS                :        124.507959
  VLEN                  :         80.314810
  V. Op. Ratio (%)      :         44.918766
  Memory Size (MB)      :        192.031250
  MIPS                  :        371.860395
  I-Cache (sec)         :          0.000861
  O-Cache (sec)         :          0.994476
  Bank (sec)            :          0.001192
 
  Start Time (date)  :  2012/02/13 04:40:49
  End   Time (date)  :  2012/02/13 04:41:03
-rw-r--r--    1 modoper  pnt            2800 Feb 13 04:41 /gfs/home3/modoper/tempo/global/oens/eof/datain/templ032012021300
sx6
PNT-EN
12021304:41
out
/gfs/home3/modoper/tempo/global/oens
/gfs/home3/modoper/tempo/global/oens
/gfs/dk22/modoper/tempo/global/oens
/gfs/dk22/modoper/tempo/global/oens/model/datain
/gfs/home3/modoper/tempo/global/oens/run/setrecfct.1.FCT03RT126L28.sx6
Date: 20120213
Hour: 04:41
FCT03R
2012021300
2012021418
GFCT03R
GFCT03R
GFCT03R
F.fct
F.fct
R.fct
/gfs/home3/modoper/tempo/global/oens
/gfs/home3/modoper/tempo/global/oens
/gfs/dk22/modoper/tempo/global/oens
/gfs/dk22/modoper/tempo/global/oens/model/datain
run
run
GFCT03R20120213002012021418F.fct.T126L28
/gfs/home3/modoper/tempo/global/oens/recfct/datain/GFCT03R20120213002012021418F.fct.T126L28
+ echo Recomposition  -x-  RUNNING ...
Recomposition  -x-  RUNNING ...
+ source=/gfs/home3/modoper/tempo/global/oens/recfct/source
+ bin=/gfs/home3/modoper/tempo/global/oens/recfct/bin/T126L28
+ input=/gfs/home3/modoper/tempo/global/oens/recfct/datain
+ out=/gfs/home3/modoper/tempo/global/oens/recfct/output
+ echo run
run
+ [ run = make ]
+ echo run
run
+ [ run = clean ]
+ cd /gfs/home3/modoper/tempo/global/oens/recfct/bin/T126L28
+ echo ./recfct.T126L28 < /gfs/home3/modoper/tempo/global/oens/recfct/datain/recfctFCT03R.nml > /gfs/home3/modoper/tempo/global/oens/recfct/output/recfct.out.2012021300.04:41.T126L28
./recfct.T126L28 < /gfs/home3/modoper/tempo/global/oens/recfct/datain/recfctFCT03R.nml > /gfs/home3/modoper/tempo/global/oens/recfct/output/recfct.out.2012021300.04:41.T126L28
+ ./recfct.T126L28
+ 0< /gfs/home3/modoper/tempo/global/oens/recfct/datain/recfctFCT03R.nml 1> /gfs/home3/modoper/tempo/global/oens/recfct/output/recfct.out.2012021300.04:41.T126L28
 
 
     ******  Program Information  ******
  Real Time (sec)       :          6.312618
  User Time (sec)       :          4.299554
  Sys  Time (sec)       :          0.071148
  Vector Time (sec)     :          0.392774
  Inst. Count           :        1596986048.
  V. Inst. Count        :          16052480.
  V. Element Count      :        1289251883.
  FLOP Count            :         534710004.
  MOPS                  :        667.554168
  MFLOPS                :        124.364052
  VLEN                  :         80.314810
  V. Op. Ratio (%)      :         44.918766
  Memory Size (MB)      :        192.031250
  MIPS                  :        371.430596
  I-Cache (sec)         :          0.001620
  O-Cache (sec)         :          0.994390
  Bank (sec)            :          0.001192
 
  Start Time (date)  :  2012/02/13 04:41:04
  End   Time (date)  :  2012/02/13 04:41:11
-rw-r--r--    1 modoper  pnt            3000 Feb 13 04:41 /gfs/home3/modoper/tempo/global/oens/eof/datain/templ032012021300
sx6
PNT-EN
12021304:41
out
/gfs/home3/modoper/tempo/global/oens
/gfs/home3/modoper/tempo/global/oens
/gfs/dk22/modoper/tempo/global/oens
/gfs/dk22/modoper/tempo/global/oens/model/datain
/gfs/home3/modoper/tempo/global/oens/run/setrecfct.1.FCT03RT126L28.sx6
Date: 20120213
Hour: 04:41
FCT03R
2012021300
2012021421
GFCT03R
GFCT03R
GFCT03R
F.fct
F.fct
R.fct
/gfs/home3/modoper/tempo/global/oens
/gfs/home3/modoper/tempo/global/oens
/gfs/dk22/modoper/tempo/global/oens
/gfs/dk22/modoper/tempo/global/oens/model/datain
run
run
GFCT03R20120213002012021421F.fct.T126L28
/gfs/home3/modoper/tempo/global/oens/recfct/datain/GFCT03R20120213002012021421F.fct.T126L28
+ echo Recomposition  -x-  RUNNING ...
Recomposition  -x-  RUNNING ...
+ source=/gfs/home3/modoper/tempo/global/oens/recfct/source
+ bin=/gfs/home3/modoper/tempo/global/oens/recfct/bin/T126L28
+ input=/gfs/home3/modoper/tempo/global/oens/recfct/datain
+ out=/gfs/home3/modoper/tempo/global/oens/recfct/output
+ echo run
run
+ [ run = make ]
+ echo run
run
+ [ run = clean ]
+ cd /gfs/home3/modoper/tempo/global/oens/recfct/bin/T126L28
+ echo ./recfct.T126L28 < /gfs/home3/modoper/tempo/global/oens/recfct/datain/recfctFCT03R.nml > /gfs/home3/modoper/tempo/global/oens/recfct/output/recfct.out.2012021300.04:41.T126L28
./recfct.T126L28 < /gfs/home3/modoper/tempo/global/oens/recfct/datain/recfctFCT03R.nml > /gfs/home3/modoper/tempo/global/oens/recfct/output/recfct.out.2012021300.04:41.T126L28
+ ./recfct.T126L28
+ 0< /gfs/home3/modoper/tempo/global/oens/recfct/datain/recfctFCT03R.nml 1> /gfs/home3/modoper/tempo/global/oens/recfct/output/recfct.out.2012021300.04:41.T126L28
 
 
     ******  Program Information  ******
  Real Time (sec)       :          6.399629
  User Time (sec)       :          4.200111
  Sys  Time (sec)       :          0.163527
  Vector Time (sec)     :          0.366068
  Inst. Count           :        1596986048.
  V. Inst. Count        :          16052480.
  V. Element Count      :        1289251883.
  FLOP Count            :         534710004.
  MOPS                  :        683.359457
  MFLOPS                :        127.308547
  VLEN                  :         80.314810
  V. Op. Ratio (%)      :         44.918766
  Memory Size (MB)      :        192.031250
  MIPS                  :        380.224741
  I-Cache (sec)         :          0.008541
  O-Cache (sec)         :          0.923153
  Bank (sec)            :          0.001189
 
  Start Time (date)  :  2012/02/13 04:41:12
  End   Time (date)  :  2012/02/13 04:41:19
-rw-r--r--    1 modoper  pnt            3200 Feb 13 04:41 /gfs/home3/modoper/tempo/global/oens/eof/datain/templ032012021300
sx6
PNT-EN
12021304:41
out
/gfs/home3/modoper/tempo/global/oens
/gfs/home3/modoper/tempo/global/oens
/gfs/dk22/modoper/tempo/global/oens
/gfs/dk22/modoper/tempo/global/oens/model/datain
/gfs/home3/modoper/tempo/global/oens/run/setrecfct.1.FCT03RT126L28.sx6
Date: 20120213
Hour: 04:41
FCT03R
2012021300
2012021500
GFCT03R
GFCT03R
GFCT03R
F.fct
F.fct
R.fct
/gfs/home3/modoper/tempo/global/oens
/gfs/home3/modoper/tempo/global/oens
/gfs/dk22/modoper/tempo/global/oens
/gfs/dk22/modoper/tempo/global/oens/model/datain
run
run
GFCT03R20120213002012021500F.fct.T126L28
/gfs/home3/modoper/tempo/global/oens/recfct/datain/GFCT03R20120213002012021500F.fct.T126L28
+ echo Recomposition  -x-  RUNNING ...
Recomposition  -x-  RUNNING ...
+ source=/gfs/home3/modoper/tempo/global/oens/recfct/source
+ bin=/gfs/home3/modoper/tempo/global/oens/recfct/bin/T126L28
+ input=/gfs/home3/modoper/tempo/global/oens/recfct/datain
+ out=/gfs/home3/modoper/tempo/global/oens/recfct/output
+ echo run
run
+ [ run = make ]
+ echo run
run
+ [ run = clean ]
+ cd /gfs/home3/modoper/tempo/global/oens/recfct/bin/T126L28
+ echo ./recfct.T126L28 < /gfs/home3/modoper/tempo/global/oens/recfct/datain/recfctFCT03R.nml > /gfs/home3/modoper/tempo/global/oens/recfct/output/recfct.out.2012021300.04:41.T126L28
./recfct.T126L28 < /gfs/home3/modoper/tempo/global/oens/recfct/datain/recfctFCT03R.nml > /gfs/home3/modoper/tempo/global/oens/recfct/output/recfct.out.2012021300.04:41.T126L28
+ ./recfct.T126L28
+ 0< /gfs/home3/modoper/tempo/global/oens/recfct/datain/recfctFCT03R.nml 1> /gfs/home3/modoper/tempo/global/oens/recfct/output/recfct.out.2012021300.04:41.T126L28
 
 
     ******  Program Information  ******
  Real Time (sec)       :         12.016167
  User Time (sec)       :          4.256402
  Sys  Time (sec)       :          0.067171
  Vector Time (sec)     :          0.380121
  Inst. Count           :        1596986017.
  V. Inst. Count        :          16052480.
  V. Element Count      :        1289251883.
  FLOP Count            :         534710003.
  MOPS                  :        674.321972
  MFLOPS                :        125.624882
  VLEN                  :         80.314810
  V. Op. Ratio (%)      :         44.918766
  Memory Size (MB)      :        192.031250
  MIPS                  :        375.196234
  I-Cache (sec)         :          0.000919
  O-Cache (sec)         :          0.965182
  Bank (sec)            :          0.001189
 
  Start Time (date)  :  2012/02/13 04:41:20
  End   Time (date)  :  2012/02/13 04:41:32
-rw-r--r--    1 modoper  pnt            3400 Feb 13 04:41 /gfs/home3/modoper/tempo/global/oens/eof/datain/templ032012021300
sx6
PNT-EN
12021304:41
out
/gfs/home3/modoper/tempo/global/oens
/gfs/home3/modoper/tempo/global/oens
/gfs/dk22/modoper/tempo/global/oens
/gfs/dk22/modoper/tempo/global/oens/model/datain
/gfs/home3/modoper/tempo/global/oens/run/setrecfct.1.FCT03RT126L28.sx6
Date: 20120213
Hour: 04:41
FCT03R
2012021300
2012021503
GFCT03R
GFCT03R
GFCT03R
F.fct
F.fct
R.fct
/gfs/home3/modoper/tempo/global/oens
/gfs/home3/modoper/tempo/global/oens
/gfs/dk22/modoper/tempo/global/oens
/gfs/dk22/modoper/tempo/global/oens/model/datain
run
run
GFCT03R20120213002012021503F.fct.T126L28
/gfs/home3/modoper/tempo/global/oens/recfct/datain/GFCT03R20120213002012021503F.fct.T126L28
+ echo Recomposition  -x-  RUNNING ...
Recomposition  -x-  RUNNING ...
+ source=/gfs/home3/modoper/tempo/global/oens/recfct/source
+ bin=/gfs/home3/modoper/tempo/global/oens/recfct/bin/T126L28
+ input=/gfs/home3/modoper/tempo/global/oens/recfct/datain
+ out=/gfs/home3/modoper/tempo/global/oens/recfct/output
+ echo run
run
+ [ run = make ]
+ echo run
run
+ [ run = clean ]
+ cd /gfs/home3/modoper/tempo/global/oens/recfct/bin/T126L28
+ echo ./recfct.T126L28 < /gfs/home3/modoper/tempo/global/oens/recfct/datain/recfctFCT03R.nml > /gfs/home3/modoper/tempo/global/oens/recfct/output/recfct.out.2012021300.04:41.T126L28
./recfct.T126L28 < /gfs/home3/modoper/tempo/global/oens/recfct/datain/recfctFCT03R.nml > /gfs/home3/modoper/tempo/global/oens/recfct/output/recfct.out.2012021300.04:41.T126L28
+ ./recfct.T126L28
+ 0< /gfs/home3/modoper/tempo/global/oens/recfct/datain/recfctFCT03R.nml 1> /gfs/home3/modoper/tempo/global/oens/recfct/output/recfct.out.2012021300.04:41.T126L28
 
 
     ******  Program Information  ******
  Real Time (sec)       :          6.640958
  User Time (sec)       :          4.232282
  Sys  Time (sec)       :          0.061049
  Vector Time (sec)     :          0.376227
  Inst. Count           :        1596986017.
  V. Inst. Count        :          16052480.
  V. Element Count      :        1289251883.
  FLOP Count            :         534710003.
  MOPS                  :        678.165046
  MFLOPS                :        126.340839
  VLEN                  :         80.314810
  V. Op. Ratio (%)      :         44.918766
  Memory Size (MB)      :        192.031250
  MIPS                  :        377.334540
  I-Cache (sec)         :          0.001040
  O-Cache (sec)         :          0.945035
  Bank (sec)            :          0.001190
 
  Start Time (date)  :  2012/02/13 04:41:34
  End   Time (date)  :  2012/02/13 04:41:40
-rw-r--r--    1 modoper  pnt            3600 Feb 13 04:41 /gfs/home3/modoper/tempo/global/oens/eof/datain/templ032012021300
sx6
PNT-EN
12021304:41
out
/gfs/home3/modoper/tempo/global/oens
/gfs/home3/modoper/tempo/global/oens
/gfs/dk22/modoper/tempo/global/oens
/gfs/dk22/modoper/tempo/global/oens/model/datain
/gfs/home3/modoper/tempo/global/oens/run/setrecfct.1.FCT03RT126L28.sx6
Date: 20120213
Hour: 04:41
FCT03R
2012021300
2012021506
GFCT03R
GFCT03R
GFCT03R
F.fct
F.fct
R.fct
/gfs/home3/modoper/tempo/global/oens
/gfs/home3/modoper/tempo/global/oens
/gfs/dk22/modoper/tempo/global/oens
/gfs/dk22/modoper/tempo/global/oens/model/datain
run
run
GFCT03R20120213002012021506F.fct.T126L28
/gfs/home3/modoper/tempo/global/oens/recfct/datain/GFCT03R20120213002012021506F.fct.T126L28
+ echo Recomposition  -x-  RUNNING ...
Recomposition  -x-  RUNNING ...
+ source=/gfs/home3/modoper/tempo/global/oens/recfct/source
+ bin=/gfs/home3/modoper/tempo/global/oens/recfct/bin/T126L28
+ input=/gfs/home3/modoper/tempo/global/oens/recfct/datain
+ out=/gfs/home3/modoper/tempo/global/oens/recfct/output
+ echo run
run
+ [ run = make ]
+ echo run
run
+ [ run = clean ]
+ cd /gfs/home3/modoper/tempo/global/oens/recfct/bin/T126L28
+ echo ./recfct.T126L28 < /gfs/home3/modoper/tempo/global/oens/recfct/datain/recfctFCT03R.nml > /gfs/home3/modoper/tempo/global/oens/recfct/output/recfct.out.2012021300.04:41.T126L28
./recfct.T126L28 < /gfs/home3/modoper/tempo/global/oens/recfct/datain/recfctFCT03R.nml > /gfs/home3/modoper/tempo/global/oens/recfct/output/recfct.out.2012021300.04:41.T126L28
+ ./recfct.T126L28
+ 0< /gfs/home3/modoper/tempo/global/oens/recfct/datain/recfctFCT03R.nml 1> /gfs/home3/modoper/tempo/global/oens/recfct/output/recfct.out.2012021300.04:41.T126L28
 
 
     ******  Program Information  ******
  Real Time (sec)       :          8.790686
  User Time (sec)       :          4.296668
  Sys  Time (sec)       :          0.064041
  Vector Time (sec)     :          0.387141
  Inst. Count           :        1596986017.
  V. Inst. Count        :          16052480.
  V. Element Count      :        1289251883.
  FLOP Count            :         534710003.
  MOPS                  :        668.002650
  MFLOPS                :        124.447604
  VLEN                  :         80.314810
  V. Op. Ratio (%)      :         44.918766
  Memory Size (MB)      :        192.031250
  MIPS                  :        371.680131
  I-Cache (sec)         :          0.000954
  O-Cache (sec)         :          0.995675
  Bank (sec)            :          0.001191
 
  Start Time (date)  :  2012/02/13 04:41:42
  End   Time (date)  :  2012/02/13 04:41:51
-rw-r--r--    1 modoper  pnt            3800 Feb 13 04:41 /gfs/home3/modoper/tempo/global/oens/eof/datain/templ032012021300
sx6
PNT-EN
12021304:41
out
/gfs/home3/modoper/tempo/global/oens
/gfs/home3/modoper/tempo/global/oens
/gfs/dk22/modoper/tempo/global/oens
/gfs/dk22/modoper/tempo/global/oens/model/datain
/gfs/home3/modoper/tempo/global/oens/run/setrecfct.1.FCT03RT126L28.sx6
Date: 20120213
Hour: 04:41
FCT03R
2012021300
2012021509
GFCT03R
GFCT03R
GFCT03R
F.fct
F.fct
R.fct
/gfs/home3/modoper/tempo/global/oens
/gfs/home3/modoper/tempo/global/oens
/gfs/dk22/modoper/tempo/global/oens
/gfs/dk22/modoper/tempo/global/oens/model/datain
run
run
GFCT03R20120213002012021509F.fct.T126L28
/gfs/home3/modoper/tempo/global/oens/recfct/datain/GFCT03R20120213002012021509F.fct.T126L28
+ echo Recomposition  -x-  RUNNING ...
Recomposition  -x-  RUNNING ...
+ source=/gfs/home3/modoper/tempo/global/oens/recfct/source
+ bin=/gfs/home3/modoper/tempo/global/oens/recfct/bin/T126L28
+ input=/gfs/home3/modoper/tempo/global/oens/recfct/datain
+ out=/gfs/home3/modoper/tempo/global/oens/recfct/output
+ echo run
run
+ [ run = make ]
+ echo run
run
+ [ run = clean ]
+ cd /gfs/home3/modoper/tempo/global/oens/recfct/bin/T126L28
+ echo ./recfct.T126L28 < /gfs/home3/modoper/tempo/global/oens/recfct/datain/recfctFCT03R.nml > /gfs/home3/modoper/tempo/global/oens/recfct/output/recfct.out.2012021300.04:41.T126L28
./recfct.T126L28 < /gfs/home3/modoper/tempo/global/oens/recfct/datain/recfctFCT03R.nml > /gfs/home3/modoper/tempo/global/oens/recfct/output/recfct.out.2012021300.04:41.T126L28
+ ./recfct.T126L28
+ 0< /gfs/home3/modoper/tempo/global/oens/recfct/datain/recfctFCT03R.nml 1> /gfs/home3/modoper/tempo/global/oens/recfct/output/recfct.out.2012021300.04:41.T126L28
 
 
     ******  Program Information  ******
  Real Time (sec)       :          6.681039
  User Time (sec)       :          4.235239
  Sys  Time (sec)       :          0.065378
  Vector Time (sec)     :          0.374495
  Inst. Count           :        1596986017.
  V. Inst. Count        :          16052480.
  V. Element Count      :        1289251883.
  FLOP Count            :         534710003.
  MOPS                  :        677.691526
  MFLOPS                :        126.252623
  VLEN                  :         80.314810
  V. Op. Ratio (%)      :         44.918766
  Memory Size (MB)      :        192.031250
  MIPS                  :        377.071071
  I-Cache (sec)         :          0.001809
  O-Cache (sec)         :          0.949227
  Bank (sec)            :          0.001191
 
  Start Time (date)  :  2012/02/13 04:41:53
  End   Time (date)  :  2012/02/13 04:41:59
-rw-r--r--    1 modoper  pnt            4000 Feb 13 04:42 /gfs/home3/modoper/tempo/global/oens/eof/datain/templ032012021300
sx6
PNT-EN
12021304:42
out
/gfs/home3/modoper/tempo/global/oens
/gfs/home3/modoper/tempo/global/oens
/gfs/dk22/modoper/tempo/global/oens
/gfs/dk22/modoper/tempo/global/oens/model/datain
/gfs/home3/modoper/tempo/global/oens/run/setrecfct.1.FCT03RT126L28.sx6
Date: 20120213
Hour: 04:42
FCT03R
2012021300
2012021512
GFCT03R
GFCT03R
GFCT03R
F.fct
F.fct
R.fct
/gfs/home3/modoper/tempo/global/oens
/gfs/home3/modoper/tempo/global/oens
/gfs/dk22/modoper/tempo/global/oens
/gfs/dk22/modoper/tempo/global/oens/model/datain
run
run
GFCT03R20120213002012021512F.fct.T126L28
/gfs/home3/modoper/tempo/global/oens/recfct/datain/GFCT03R20120213002012021512F.fct.T126L28
+ echo Recomposition  -x-  RUNNING ...
Recomposition  -x-  RUNNING ...
+ source=/gfs/home3/modoper/tempo/global/oens/recfct/source
+ bin=/gfs/home3/modoper/tempo/global/oens/recfct/bin/T126L28
+ input=/gfs/home3/modoper/tempo/global/oens/recfct/datain
+ out=/gfs/home3/modoper/tempo/global/oens/recfct/output
+ echo run
run
+ [ run = make ]
+ echo run
run
+ [ run = clean ]
+ cd /gfs/home3/modoper/tempo/global/oens/recfct/bin/T126L28
+ echo ./recfct.T126L28 < /gfs/home3/modoper/tempo/global/oens/recfct/datain/recfctFCT03R.nml > /gfs/home3/modoper/tempo/global/oens/recfct/output/recfct.out.2012021300.04:42.T126L28
./recfct.T126L28 < /gfs/home3/modoper/tempo/global/oens/recfct/datain/recfctFCT03R.nml > /gfs/home3/modoper/tempo/global/oens/recfct/output/recfct.out.2012021300.04:42.T126L28
+ ./recfct.T126L28
+ 0< /gfs/home3/modoper/tempo/global/oens/recfct/datain/recfctFCT03R.nml 1> /gfs/home3/modoper/tempo/global/oens/recfct/output/recfct.out.2012021300.04:42.T126L28
 
 
     ******  Program Information  ******
  Real Time (sec)       :          7.410603
  User Time (sec)       :          4.305632
  Sys  Time (sec)       :          0.062986
  Vector Time (sec)     :          0.389837
  Inst. Count           :        1596986048.
  V. Inst. Count        :          16052480.
  V. Element Count      :        1289251883.
  FLOP Count            :         534710004.
  MOPS                  :        666.611833
  MFLOPS                :        124.188497
  VLEN                  :         80.314810
  V. Op. Ratio (%)      :         44.918766
  Memory Size (MB)      :        192.031250
  MIPS                  :        370.906276
  I-Cache (sec)         :          0.001556
  O-Cache (sec)         :          1.002373
  Bank (sec)            :          0.001190
 
  Start Time (date)  :  2012/02/13 04:42:01
  End   Time (date)  :  2012/02/13 04:42:09
sx6
2012021304:42
out
/gfs/home3/modoper/tempo/global/oens
/gfs/home3/modoper/tempo/global/oens
/gfs/dk22/modoper/tempo/global/oens
/gfs/dk22/modoper/tempo/global/oens/model/datain
/gfs/home3/modoper/tempo/global/oens/run/seteofs.1.03T126L28.sx6
03
Date: 20120213
Hour: 04:42
2012021300
/gfs/home3/modoper/tempo/global/oens
/gfs/home3/modoper/tempo/global/oens
/gfs/dk22/modoper/tempo/global/oens
/gfs/dk22/modoper/tempo/global/oens/model/datain
run
run
Vai chamar eoft
+ echo EOFT           -x-  RUNNING ...
EOFT           -x-  RUNNING ...
+ source=/gfs/home3/modoper/tempo/global/oens/eoftemp/source
+ bin=/gfs/home3/modoper/tempo/global/oens/eof/bin/T126L28
+ inp=/gfs/home3/modoper/tempo/global/oens/eof/datain
+ outp=/gfs/home3/modoper/tempo/global/oens/eoftemp/output
+ echo run
run
+ [ run = make ]
+ echo run
run
+ [ run = clean ]
+ cd /gfs/home3/modoper/tempo/global/oens/eof/bin/T126L28
+ echo ./eoftem.T126L28 < /gfs/home3/modoper/tempo/global/oens/eof/datain/eoftem03.nml > /gfs/home3/modoper/tempo/global/oens/eoftemp/output/eoftem.2012021300.04:42.T126L28
./eoftem.T126L28 < /gfs/home3/modoper/tempo/global/oens/eof/datain/eoftem03.nml > /gfs/home3/modoper/tempo/global/oens/eoftemp/output/eoftem.2012021300.04:42.T126L28
+ ./eoftem.T126L28
+ 0< /gfs/home3/modoper/tempo/global/oens/eof/datain/eoftem03.nml 1> /gfs/home3/modoper/tempo/global/oens/eoftemp/output/eoftem.2012021300.04:42.T126L28
 entrou no eoft fortran
 &DATAIN DIRI=/gfs/home3/modoper/tempo/global/oens/eof/datain/                ,
 DIRA=/gfs/dk22/modoper/tempo/global/oens/model/datain/               ,
 DIRO=/gfs/dk22/modoper/tempo/global/oens/eof/dataout/T126L28/        ,
 NAMEL=templ032012021300                                               ,
 ANAME=GANLAVN2012021300R.unf.T126L28                                                      ,
 TEMOUT=temout032012021300                                              ,
 TEMPCM=tempcm032012021300                                              ,
 TEMPER1=tempe1032012021300                                              ,
 TEMPEN1=tempn1032012021300                                               /
 
 
     ******  Program Information  ******
  Real Time (sec)       :         17.751336
  User Time (sec)       :          6.731518
  Sys  Time (sec)       :          0.444857
  Vector Time (sec)     :          6.064438
  Inst. Count           :         597133281.
  V. Inst. Count        :          72972094.
  V. Element Count      :        9156489831.
  FLOP Count            :        3164565838.
  MOPS                  :       1438.108211
  MFLOPS                :        470.111783
  VLEN                  :        125.479335
  V. Op. Ratio (%)      :         94.585476
  Memory Size (MB)      :        304.031250
  MIPS                  :         88.707079
  I-Cache (sec)         :          0.004486
  O-Cache (sec)         :          0.004658
  Bank (sec)            :          0.281362
 
  Start Time (date)  :  2012/02/13 04:42:11
  End   Time (date)  :  2012/02/13 04:42:28
Vai chamar eofw
+ echo EOFW           -x-  RUNNING ...
EOFW           -x-  RUNNING ...
+ source=/gfs/home3/modoper/tempo/global/oens/eofwind/source
+ bin=/gfs/home3/modoper/tempo/global/oens/eof/bin/T126L28
+ out=/gfs/dk22/modoper/tempo/global/oens/eof/dataout/T126L28
+ inp=/gfs/home3/modoper/tempo/global/oens/eof/datain
+ outp=/gfs/home3/modoper/tempo/global/oens/eofwind/output
+ echo run
run
+ [ run = make ]
+ echo run
run
+ [ run = clean ]
+ cd /gfs/home3/modoper/tempo/global/oens/eof/bin/T126L28
+ echo ./eofwin.T126L28 < /gfs/home3/modoper/tempo/global/oens/eof/datain/eofwin03.nml > /gfs/home3/modoper/tempo/global/oens/eofwind/output/eofwin.2012021300.04:42.T126L28
./eofwin.T126L28 < /gfs/home3/modoper/tempo/global/oens/eof/datain/eofwin03.nml > /gfs/home3/modoper/tempo/global/oens/eofwind/output/eofwin.2012021300.04:42.T126L28
+ ./eofwin.T126L28
+ 0< /gfs/home3/modoper/tempo/global/oens/eof/datain/eofwin03.nml 1> /gfs/home3/modoper/tempo/global/oens/eofwind/output/eofwin.2012021300.04:42.T126L28
 
 
     ******  Program Information  ******
  Real Time (sec)       :         68.439430
  User Time (sec)       :         12.350602
  Sys  Time (sec)       :          0.635690
  Vector Time (sec)     :         11.335449
  Inst. Count           :        1009391086.
  V. Inst. Count        :         235339379.
  V. Element Count      :       26880733352.
  FLOP Count            :        7609521677.
  MOPS                  :       2239.144637
  MFLOPS                :        616.125550
  VLEN                  :        114.221145
  V. Op. Ratio (%)      :         97.201021
  Memory Size (MB)      :        624.031250
  MIPS                  :         81.728085
  I-Cache (sec)         :          0.008356
  O-Cache (sec)         :          0.023421
  Bank (sec)            :          0.599880
 
  Start Time (date)  :  2012/02/13 04:42:29
  End   Time (date)  :  2012/02/13 04:43:37
sx6
2012021304:43
out
/gfs/home3/modoper/tempo/global/oens
/gfs/home3/modoper/tempo/global/oens
/gfs/dk22/modoper/tempo/global/oens
/gfs/dk22/modoper/tempo/global/oens/model/datain
/gfs/home3/modoper/tempo/global/oens/run/setdeco03T126L28.sx6
Date: 20120213
Hour: 04:43
2012021300
/gfs/home3/modoper/tempo/global/oens
/gfs/home3/modoper/tempo/global/oens
/gfs/dk22/modoper/tempo/global/oens
/gfs/dk22/modoper/tempo/global/oens/model/datain
run
run
+ echo Decomposition  -x-  RUNNING ...
Decomposition  -x-  RUNNING ...
+ source=/gfs/home3/modoper/tempo/global/oens/decanl/source
+ bin=/gfs/home3/modoper/tempo/global/oens/decanl/bin/T126L28
+ input=/gfs/home3/modoper/tempo/global/oens/decanl/datain
+ out=/gfs/home3/modoper/tempo/global/oens/decanl/output
+ echo run
run
+ [ run = make ]
+ echo run
run
+ [ run = clean ]
+ cd /gfs/home3/modoper/tempo/global/oens/decanl/bin/T126L28
+ ./decanl.T126L28
+ 0< /gfs/home3/modoper/tempo/global/oens/decanl/datain/decanl03.nml 1> /gfs/home3/modoper/tempo/global/oens/decanl/output/decanl.2012021300.04:43.T126L28
 
 
     ******  Program Information  ******
  Real Time (sec)       :          3.167630
  User Time (sec)       :          0.825008
  Sys  Time (sec)       :          0.069997
  Vector Time (sec)     :          0.632812
  Inst. Count           :         173583870.
  V. Inst. Count        :          21078079.
  V. Element Count      :        2292782635.
  FLOP Count            :         590251093.
  MOPS                  :       2963.957682
  MFLOPS                :        715.449042
  VLEN                  :        108.775692
  V. Op. Ratio (%)      :         93.763280
  Memory Size (MB)      :        192.031250
  MIPS                  :        210.402683
  I-Cache (sec)         :          0.001392
  O-Cache (sec)         :          0.027069
  Bank (sec)            :          0.015379
 
  Start Time (date)  :  2012/02/13 04:43:38
  End   Time (date)  :  2012/02/13 04:43:41
+ echo Decomposition  -x-  RUNNING ...
Decomposition  -x-  RUNNING ...
+ source=/gfs/home3/modoper/tempo/global/oens/decanl/source
+ bin=/gfs/home3/modoper/tempo/global/oens/decanl/bin/T126L28
+ input=/gfs/home3/modoper/tempo/global/oens/decanl/datain
+ out=/gfs/home3/modoper/tempo/global/oens/decanl/output
+ echo run
run
+ [ run = make ]
+ echo run
run
+ [ run = clean ]
+ cd /gfs/home3/modoper/tempo/global/oens/decanl/bin/T126L28
+ ./decanl.T126L28
+ 0< /gfs/home3/modoper/tempo/global/oens/decanl/datain/decanl03.nml 1> /gfs/home3/modoper/tempo/global/oens/decanl/output/decanl.2012021300.04:43.T126L28
 
 
     ******  Program Information  ******
  Real Time (sec)       :          2.903005
  User Time (sec)       :          0.822421
  Sys  Time (sec)       :          0.068287
  Vector Time (sec)     :          0.629742
  Inst. Count           :         173583765.
  V. Inst. Count        :          21078079.
  V. Element Count      :        2292782629.
  FLOP Count            :         590251093.
  MOPS                  :       2973.279855
  MFLOPS                :        717.699289
  VLEN                  :        108.775692
  V. Op. Ratio (%)      :         93.763284
  Memory Size (MB)      :        192.031250
  MIPS                  :        211.064318
  I-Cache (sec)         :          0.001694
  O-Cache (sec)         :          0.027578
  Bank (sec)            :          0.015378
 
  Start Time (date)  :  2012/02/13 04:43:42
  End   Time (date)  :  2012/02/13 04:43:45
108.4u 25.8s 5:36 39% 839+175804k 91858+9884io 0w
logout
