stty: : Invalid argument
vt100
resize:  can't open terminal /dev/tty
======================================
Welcome to tupan00: SUPER-UX 14.1 SX-6
Today is Tue Oct 11 04:21:28 GMT 2011
======================================
runperreco1.sx6 126 28 03 2011101100 15 NO 07 
sx6
2011101104:21
out
/gfs/home3/modoper/tempo/global/oens
/gfs/home3/modoper/tempo/global/oens
/gfs/dk22/modoper/tempo/global/oens
/gfs/dk22/modoper/tempo/global/oens/model/datain
/gfs/home3/modoper/tempo/global/oens/run/setperreco.1.03T126L28.sx6
Date: 20111011
Hour: 04:21
2011101100


rm: ERROR: Cannot access templ032011101100: No such file or directory
-rw-r--r--    1 modoper  pnt             200 Oct 11 04:21 /gfs/home3/modoper/tempo/global/oens/eof/datain/templ032011101100
ls: ERROR: Cannot access /gfs/dk22/modoper/tempo/global/oens/recfct/dataout/T126L28/GFCT03R2011101100*.fct*: No such file or directory
sx6
PNT-EN
11101104:21
out
/gfs/home3/modoper/tempo/global/oens
/gfs/home3/modoper/tempo/global/oens
/gfs/dk22/modoper/tempo/global/oens
/gfs/dk22/modoper/tempo/global/oens/model/datain
/gfs/home3/modoper/tempo/global/oens/run/setrecfct.1.FCT03RT126L28.sx6
Date: 20111011
Hour: 04:21
FCT03R
2011101100
2011101103
GFCT03R
GFCT03R
GFCT03R
F.fct
F.fct
R.fct
/gfs/home3/modoper/tempo/global/oens
/gfs/home3/modoper/tempo/global/oens
/gfs/dk22/modoper/tempo/global/oens
/gfs/dk22/modoper/tempo/global/oens/model/datain
run
run
GFCT03R20111011002011101103F.fct.T126L28
/gfs/home3/modoper/tempo/global/oens/recfct/datain/GFCT03R20111011002011101103F.fct.T126L28
+ echo Recomposition  -x-  RUNNING ...
Recomposition  -x-  RUNNING ...
+ source=/gfs/home3/modoper/tempo/global/oens/recfct/source
+ bin=/gfs/home3/modoper/tempo/global/oens/recfct/bin/T126L28
+ input=/gfs/home3/modoper/tempo/global/oens/recfct/datain
+ out=/gfs/home3/modoper/tempo/global/oens/recfct/output
+ echo run
run
+ [ run = make ]
+ echo run
run
+ [ run = clean ]
+ cd /gfs/home3/modoper/tempo/global/oens/recfct/bin/T126L28
+ echo ./recfct.T126L28 < /gfs/home3/modoper/tempo/global/oens/recfct/datain/recfctFCT03R.nml > /gfs/home3/modoper/tempo/global/oens/recfct/output/recfct.out.2011101100.04:21.T126L28
./recfct.T126L28 < /gfs/home3/modoper/tempo/global/oens/recfct/datain/recfctFCT03R.nml > /gfs/home3/modoper/tempo/global/oens/recfct/output/recfct.out.2011101100.04:21.T126L28
+ ./recfct.T126L28
+ 0< /gfs/home3/modoper/tempo/global/oens/recfct/datain/recfctFCT03R.nml 1> /gfs/home3/modoper/tempo/global/oens/recfct/output/recfct.out.2011101100.04:21.T126L28
 
 
     ******  Program Information  ******
  Real Time (sec)       :         10.964631
  User Time (sec)       :          4.173134
  Sys  Time (sec)       :          0.073440
  Vector Time (sec)     :          0.361142
  Inst. Count           :        1596986079.
  V. Inst. Count        :          16052480.
  V. Element Count      :        1289251883.
  FLOP Count            :         534710005.
  MOPS                  :        687.776984
  MFLOPS                :        128.131522
  VLEN                  :         80.314810
  V. Op. Ratio (%)      :         44.918765
  Memory Size (MB)      :        192.031250
  MIPS                  :        382.682679
  I-Cache (sec)         :          0.002107
  O-Cache (sec)         :          0.897068
  Bank (sec)            :          0.001189
 
  Start Time (date)  :  2011/10/11 04:21:32
  End   Time (date)  :  2011/10/11 04:21:43
-rw-r--r--    1 modoper  pnt             400 Oct 11 04:21 /gfs/home3/modoper/tempo/global/oens/eof/datain/templ032011101100
sx6
PNT-EN
11101104:21
out
/gfs/home3/modoper/tempo/global/oens
/gfs/home3/modoper/tempo/global/oens
/gfs/dk22/modoper/tempo/global/oens
/gfs/dk22/modoper/tempo/global/oens/model/datain
/gfs/home3/modoper/tempo/global/oens/run/setrecfct.1.FCT03RT126L28.sx6
Date: 20111011
Hour: 04:21
FCT03R
2011101100
2011101106
GFCT03R
GFCT03R
GFCT03R
F.fct
F.fct
R.fct
/gfs/home3/modoper/tempo/global/oens
/gfs/home3/modoper/tempo/global/oens
/gfs/dk22/modoper/tempo/global/oens
/gfs/dk22/modoper/tempo/global/oens/model/datain
run
run
GFCT03R20111011002011101106F.fct.T126L28
/gfs/home3/modoper/tempo/global/oens/recfct/datain/GFCT03R20111011002011101106F.fct.T126L28
+ echo Recomposition  -x-  RUNNING ...
Recomposition  -x-  RUNNING ...
+ source=/gfs/home3/modoper/tempo/global/oens/recfct/source
+ bin=/gfs/home3/modoper/tempo/global/oens/recfct/bin/T126L28
+ input=/gfs/home3/modoper/tempo/global/oens/recfct/datain
+ out=/gfs/home3/modoper/tempo/global/oens/recfct/output
+ echo run
run
+ [ run = make ]
+ echo run
run
+ [ run = clean ]
+ cd /gfs/home3/modoper/tempo/global/oens/recfct/bin/T126L28
+ echo ./recfct.T126L28 < /gfs/home3/modoper/tempo/global/oens/recfct/datain/recfctFCT03R.nml > /gfs/home3/modoper/tempo/global/oens/recfct/output/recfct.out.2011101100.04:21.T126L28
./recfct.T126L28 < /gfs/home3/modoper/tempo/global/oens/recfct/datain/recfctFCT03R.nml > /gfs/home3/modoper/tempo/global/oens/recfct/output/recfct.out.2011101100.04:21.T126L28
+ ./recfct.T126L28
+ 0< /gfs/home3/modoper/tempo/global/oens/recfct/datain/recfctFCT03R.nml 1> /gfs/home3/modoper/tempo/global/oens/recfct/output/recfct.out.2011101100.04:21.T126L28
 
 
     ******  Program Information  ******
  Real Time (sec)       :         12.523678
  User Time (sec)       :          4.288292
  Sys  Time (sec)       :          0.067677
  Vector Time (sec)     :          0.386905
  Inst. Count           :        1596986079.
  V. Inst. Count        :          16052480.
  V. Element Count      :        1289251883.
  FLOP Count            :         534710005.
  MOPS                  :        669.307366
  MFLOPS                :        124.690668
  VLEN                  :         80.314810
  V. Op. Ratio (%)      :         44.918765
  Memory Size (MB)      :        192.031250
  MIPS                  :        372.406088
  I-Cache (sec)         :          0.000862
  O-Cache (sec)         :          0.987458
  Bank (sec)            :          0.001191
 
  Start Time (date)  :  2011/10/11 04:21:44
  End   Time (date)  :  2011/10/11 04:21:57
-rw-r--r--    1 modoper  pnt             600 Oct 11 04:21 /gfs/home3/modoper/tempo/global/oens/eof/datain/templ032011101100
sx6
PNT-EN
11101104:21
out
/gfs/home3/modoper/tempo/global/oens
/gfs/home3/modoper/tempo/global/oens
/gfs/dk22/modoper/tempo/global/oens
/gfs/dk22/modoper/tempo/global/oens/model/datain
/gfs/home3/modoper/tempo/global/oens/run/setrecfct.1.FCT03RT126L28.sx6
Date: 20111011
Hour: 04:21
FCT03R
2011101100
2011101109
GFCT03R
GFCT03R
GFCT03R
F.fct
F.fct
R.fct
/gfs/home3/modoper/tempo/global/oens
/gfs/home3/modoper/tempo/global/oens
/gfs/dk22/modoper/tempo/global/oens
/gfs/dk22/modoper/tempo/global/oens/model/datain
run
run
GFCT03R20111011002011101109F.fct.T126L28
/gfs/home3/modoper/tempo/global/oens/recfct/datain/GFCT03R20111011002011101109F.fct.T126L28
+ echo Recomposition  -x-  RUNNING ...
Recomposition  -x-  RUNNING ...
+ source=/gfs/home3/modoper/tempo/global/oens/recfct/source
+ bin=/gfs/home3/modoper/tempo/global/oens/recfct/bin/T126L28
+ input=/gfs/home3/modoper/tempo/global/oens/recfct/datain
+ out=/gfs/home3/modoper/tempo/global/oens/recfct/output
+ echo run
run
+ [ run = make ]
+ echo run
run
+ [ run = clean ]
+ cd /gfs/home3/modoper/tempo/global/oens/recfct/bin/T126L28
+ echo ./recfct.T126L28 < /gfs/home3/modoper/tempo/global/oens/recfct/datain/recfctFCT03R.nml > /gfs/home3/modoper/tempo/global/oens/recfct/output/recfct.out.2011101100.04:21.T126L28
./recfct.T126L28 < /gfs/home3/modoper/tempo/global/oens/recfct/datain/recfctFCT03R.nml > /gfs/home3/modoper/tempo/global/oens/recfct/output/recfct.out.2011101100.04:21.T126L28
+ ./recfct.T126L28
+ 0< /gfs/home3/modoper/tempo/global/oens/recfct/datain/recfctFCT03R.nml 1> /gfs/home3/modoper/tempo/global/oens/recfct/output/recfct.out.2011101100.04:21.T126L28
 
 
     ******  Program Information  ******
  Real Time (sec)       :         21.887081
  User Time (sec)       :          4.289130
  Sys  Time (sec)       :          0.074104
  Vector Time (sec)     :          0.386641
  Inst. Count           :        1596986079.
  V. Inst. Count        :          16052480.
  V. Element Count      :        1289251883.
  FLOP Count            :         534710005.
  MOPS                  :        669.176662
  MFLOPS                :        124.666318
  VLEN                  :         80.314810
  V. Op. Ratio (%)      :         44.918765
  Memory Size (MB)      :        192.031250
  MIPS                  :        372.333363
  I-Cache (sec)         :          0.000958
  O-Cache (sec)         :          0.987764
  Bank (sec)            :          0.001191
 
  Start Time (date)  :  2011/10/11 04:21:58
  End   Time (date)  :  2011/10/11 04:22:20
-rw-r--r--    1 modoper  pnt             800 Oct 11 04:22 /gfs/home3/modoper/tempo/global/oens/eof/datain/templ032011101100
sx6
PNT-EN
11101104:22
out
/gfs/home3/modoper/tempo/global/oens
/gfs/home3/modoper/tempo/global/oens
/gfs/dk22/modoper/tempo/global/oens
/gfs/dk22/modoper/tempo/global/oens/model/datain
/gfs/home3/modoper/tempo/global/oens/run/setrecfct.1.FCT03RT126L28.sx6
Date: 20111011
Hour: 04:22
FCT03R
2011101100
2011101112
GFCT03R
GFCT03R
GFCT03R
F.fct
F.fct
R.fct
/gfs/home3/modoper/tempo/global/oens
/gfs/home3/modoper/tempo/global/oens
/gfs/dk22/modoper/tempo/global/oens
/gfs/dk22/modoper/tempo/global/oens/model/datain
run
run
GFCT03R20111011002011101112F.fct.T126L28
/gfs/home3/modoper/tempo/global/oens/recfct/datain/GFCT03R20111011002011101112F.fct.T126L28
+ echo Recomposition  -x-  RUNNING ...
Recomposition  -x-  RUNNING ...
+ source=/gfs/home3/modoper/tempo/global/oens/recfct/source
+ bin=/gfs/home3/modoper/tempo/global/oens/recfct/bin/T126L28
+ input=/gfs/home3/modoper/tempo/global/oens/recfct/datain
+ out=/gfs/home3/modoper/tempo/global/oens/recfct/output
+ echo run
run
+ [ run = make ]
+ echo run
run
+ [ run = clean ]
+ cd /gfs/home3/modoper/tempo/global/oens/recfct/bin/T126L28
+ echo ./recfct.T126L28 < /gfs/home3/modoper/tempo/global/oens/recfct/datain/recfctFCT03R.nml > /gfs/home3/modoper/tempo/global/oens/recfct/output/recfct.out.2011101100.04:22.T126L28
./recfct.T126L28 < /gfs/home3/modoper/tempo/global/oens/recfct/datain/recfctFCT03R.nml > /gfs/home3/modoper/tempo/global/oens/recfct/output/recfct.out.2011101100.04:22.T126L28
+ ./recfct.T126L28
+ 0< /gfs/home3/modoper/tempo/global/oens/recfct/datain/recfctFCT03R.nml 1> /gfs/home3/modoper/tempo/global/oens/recfct/output/recfct.out.2011101100.04:22.T126L28
 
 
     ******  Program Information  ******
  Real Time (sec)       :          5.786429
  User Time (sec)       :          4.208390
  Sys  Time (sec)       :          0.065934
  Vector Time (sec)     :          0.370570
  Inst. Count           :        1596986110.
  V. Inst. Count        :          16052480.
  V. Element Count      :        1289251883.
  FLOP Count            :         534710006.
  MOPS                  :        682.015058
  MFLOPS                :        127.058085
  VLEN                  :         80.314810
  V. Op. Ratio (%)      :         44.918765
  Memory Size (MB)      :        192.031250
  MIPS                  :        379.476717
  I-Cache (sec)         :          0.000924
  O-Cache (sec)         :          0.920898
  Bank (sec)            :          0.001189
 
  Start Time (date)  :  2011/10/11 04:22:21
  End   Time (date)  :  2011/10/11 04:22:26
-rw-r--r--    1 modoper  pnt            1000 Oct 11 04:22 /gfs/home3/modoper/tempo/global/oens/eof/datain/templ032011101100
sx6
PNT-EN
11101104:22
out
/gfs/home3/modoper/tempo/global/oens
/gfs/home3/modoper/tempo/global/oens
/gfs/dk22/modoper/tempo/global/oens
/gfs/dk22/modoper/tempo/global/oens/model/datain
/gfs/home3/modoper/tempo/global/oens/run/setrecfct.1.FCT03RT126L28.sx6
Date: 20111011
Hour: 04:22
FCT03R
2011101100
2011101115
GFCT03R
GFCT03R
GFCT03R
F.fct
F.fct
R.fct
/gfs/home3/modoper/tempo/global/oens
/gfs/home3/modoper/tempo/global/oens
/gfs/dk22/modoper/tempo/global/oens
/gfs/dk22/modoper/tempo/global/oens/model/datain
run
run
GFCT03R20111011002011101115F.fct.T126L28
/gfs/home3/modoper/tempo/global/oens/recfct/datain/GFCT03R20111011002011101115F.fct.T126L28
+ echo Recomposition  -x-  RUNNING ...
Recomposition  -x-  RUNNING ...
+ source=/gfs/home3/modoper/tempo/global/oens/recfct/source
+ bin=/gfs/home3/modoper/tempo/global/oens/recfct/bin/T126L28
+ input=/gfs/home3/modoper/tempo/global/oens/recfct/datain
+ out=/gfs/home3/modoper/tempo/global/oens/recfct/output
+ echo run
run
+ [ run = make ]
+ echo run
run
+ [ run = clean ]
+ cd /gfs/home3/modoper/tempo/global/oens/recfct/bin/T126L28
+ echo ./recfct.T126L28 < /gfs/home3/modoper/tempo/global/oens/recfct/datain/recfctFCT03R.nml > /gfs/home3/modoper/tempo/global/oens/recfct/output/recfct.out.2011101100.04:22.T126L28
./recfct.T126L28 < /gfs/home3/modoper/tempo/global/oens/recfct/datain/recfctFCT03R.nml > /gfs/home3/modoper/tempo/global/oens/recfct/output/recfct.out.2011101100.04:22.T126L28
+ ./recfct.T126L28
+ 0< /gfs/home3/modoper/tempo/global/oens/recfct/datain/recfctFCT03R.nml 1> /gfs/home3/modoper/tempo/global/oens/recfct/output/recfct.out.2011101100.04:22.T126L28
 
 
     ******  Program Information  ******
  Real Time (sec)       :         21.142740
  User Time (sec)       :          4.294251
  Sys  Time (sec)       :          0.072383
  Vector Time (sec)     :          0.389213
  Inst. Count           :        1596986110.
  V. Inst. Count        :          16052480.
  V. Element Count      :        1289251883.
  FLOP Count            :         534710006.
  MOPS                  :        668.378687
  MFLOPS                :        124.517656
  VLEN                  :         80.314810
  V. Op. Ratio (%)      :         44.918765
  Memory Size (MB)      :        192.031250
  MIPS                  :        371.889369
  I-Cache (sec)         :          0.001100
  O-Cache (sec)         :          0.990657
  Bank (sec)            :          0.001191
 
  Start Time (date)  :  2011/10/11 04:22:28
  End   Time (date)  :  2011/10/11 04:22:49
-rw-r--r--    1 modoper  pnt            1200 Oct 11 04:22 /gfs/home3/modoper/tempo/global/oens/eof/datain/templ032011101100
sx6
PNT-EN
11101104:22
out
/gfs/home3/modoper/tempo/global/oens
/gfs/home3/modoper/tempo/global/oens
/gfs/dk22/modoper/tempo/global/oens
/gfs/dk22/modoper/tempo/global/oens/model/datain
/gfs/home3/modoper/tempo/global/oens/run/setrecfct.1.FCT03RT126L28.sx6
Date: 20111011
Hour: 04:22
FCT03R
2011101100
2011101118
GFCT03R
GFCT03R
GFCT03R
F.fct
F.fct
R.fct
/gfs/home3/modoper/tempo/global/oens
/gfs/home3/modoper/tempo/global/oens
/gfs/dk22/modoper/tempo/global/oens
/gfs/dk22/modoper/tempo/global/oens/model/datain
run
run
GFCT03R20111011002011101118F.fct.T126L28
/gfs/home3/modoper/tempo/global/oens/recfct/datain/GFCT03R20111011002011101118F.fct.T126L28
+ echo Recomposition  -x-  RUNNING ...
Recomposition  -x-  RUNNING ...
+ source=/gfs/home3/modoper/tempo/global/oens/recfct/source
+ bin=/gfs/home3/modoper/tempo/global/oens/recfct/bin/T126L28
+ input=/gfs/home3/modoper/tempo/global/oens/recfct/datain
+ out=/gfs/home3/modoper/tempo/global/oens/recfct/output
+ echo run
run
+ [ run = make ]
+ echo run
run
+ [ run = clean ]
+ cd /gfs/home3/modoper/tempo/global/oens/recfct/bin/T126L28
+ echo ./recfct.T126L28 < /gfs/home3/modoper/tempo/global/oens/recfct/datain/recfctFCT03R.nml > /gfs/home3/modoper/tempo/global/oens/recfct/output/recfct.out.2011101100.04:22.T126L28
./recfct.T126L28 < /gfs/home3/modoper/tempo/global/oens/recfct/datain/recfctFCT03R.nml > /gfs/home3/modoper/tempo/global/oens/recfct/output/recfct.out.2011101100.04:22.T126L28
+ ./recfct.T126L28
+ 0< /gfs/home3/modoper/tempo/global/oens/recfct/datain/recfctFCT03R.nml 1> /gfs/home3/modoper/tempo/global/oens/recfct/output/recfct.out.2011101100.04:22.T126L28
 
 
     ******  Program Information  ******
  Real Time (sec)       :         20.060929
  User Time (sec)       :          4.234715
  Sys  Time (sec)       :          0.070132
  Vector Time (sec)     :          0.376251
  Inst. Count           :        1596986110.
  V. Inst. Count        :          16052480.
  V. Element Count      :        1289251883.
  FLOP Count            :         534710006.
  MOPS                  :        677.775348
  MFLOPS                :        126.268236
  VLEN                  :         80.314810
  V. Op. Ratio (%)      :         44.918765
  Memory Size (MB)      :        192.031250
  MIPS                  :        377.117720
  I-Cache (sec)         :          0.000836
  O-Cache (sec)         :          0.944671
  Bank (sec)            :          0.001190
 
  Start Time (date)  :  2011/10/11 04:22:50
  End   Time (date)  :  2011/10/11 04:23:10
-rw-r--r--    1 modoper  pnt            1400 Oct 11 04:23 /gfs/home3/modoper/tempo/global/oens/eof/datain/templ032011101100
sx6
PNT-EN
11101104:23
out
/gfs/home3/modoper/tempo/global/oens
/gfs/home3/modoper/tempo/global/oens
/gfs/dk22/modoper/tempo/global/oens
/gfs/dk22/modoper/tempo/global/oens/model/datain
/gfs/home3/modoper/tempo/global/oens/run/setrecfct.1.FCT03RT126L28.sx6
Date: 20111011
Hour: 04:23
FCT03R
2011101100
2011101121
GFCT03R
GFCT03R
GFCT03R
F.fct
F.fct
R.fct
/gfs/home3/modoper/tempo/global/oens
/gfs/home3/modoper/tempo/global/oens
/gfs/dk22/modoper/tempo/global/oens
/gfs/dk22/modoper/tempo/global/oens/model/datain
run
run
GFCT03R20111011002011101121F.fct.T126L28
/gfs/home3/modoper/tempo/global/oens/recfct/datain/GFCT03R20111011002011101121F.fct.T126L28
+ echo Recomposition  -x-  RUNNING ...
Recomposition  -x-  RUNNING ...
+ source=/gfs/home3/modoper/tempo/global/oens/recfct/source
+ bin=/gfs/home3/modoper/tempo/global/oens/recfct/bin/T126L28
+ input=/gfs/home3/modoper/tempo/global/oens/recfct/datain
+ out=/gfs/home3/modoper/tempo/global/oens/recfct/output
+ echo run
run
+ [ run = make ]
+ echo run
run
+ [ run = clean ]
+ cd /gfs/home3/modoper/tempo/global/oens/recfct/bin/T126L28
+ echo ./recfct.T126L28 < /gfs/home3/modoper/tempo/global/oens/recfct/datain/recfctFCT03R.nml > /gfs/home3/modoper/tempo/global/oens/recfct/output/recfct.out.2011101100.04:23.T126L28
./recfct.T126L28 < /gfs/home3/modoper/tempo/global/oens/recfct/datain/recfctFCT03R.nml > /gfs/home3/modoper/tempo/global/oens/recfct/output/recfct.out.2011101100.04:23.T126L28
+ ./recfct.T126L28
+ 0< /gfs/home3/modoper/tempo/global/oens/recfct/datain/recfctFCT03R.nml 1> /gfs/home3/modoper/tempo/global/oens/recfct/output/recfct.out.2011101100.04:23.T126L28
 
 
     ******  Program Information  ******
  Real Time (sec)       :         17.538445
  User Time (sec)       :          4.149569
  Sys  Time (sec)       :          0.066300
  Vector Time (sec)     :          0.351067
  Inst. Count           :        1596986110.
  V. Inst. Count        :          16052480.
  V. Element Count      :        1289251883.
  FLOP Count            :         534710006.
  MOPS                  :        691.682826
  MFLOPS                :        128.859172
  VLEN                  :         80.314810
  V. Op. Ratio (%)      :         44.918765
  Memory Size (MB)      :        192.031250
  MIPS                  :        384.855913
  I-Cache (sec)         :          0.000823
  O-Cache (sec)         :          0.885612
  Bank (sec)            :          0.001190
 
  Start Time (date)  :  2011/10/11 04:23:12
  End   Time (date)  :  2011/10/11 04:23:29
-rw-r--r--    1 modoper  pnt            1600 Oct 11 04:23 /gfs/home3/modoper/tempo/global/oens/eof/datain/templ032011101100
sx6
PNT-EN
11101104:23
out
/gfs/home3/modoper/tempo/global/oens
/gfs/home3/modoper/tempo/global/oens
/gfs/dk22/modoper/tempo/global/oens
/gfs/dk22/modoper/tempo/global/oens/model/datain
/gfs/home3/modoper/tempo/global/oens/run/setrecfct.1.FCT03RT126L28.sx6
Date: 20111011
Hour: 04:23
FCT03R
2011101100
2011101200
GFCT03R
GFCT03R
GFCT03R
F.fct
F.fct
R.fct
/gfs/home3/modoper/tempo/global/oens
/gfs/home3/modoper/tempo/global/oens
/gfs/dk22/modoper/tempo/global/oens
/gfs/dk22/modoper/tempo/global/oens/model/datain
run
run
GFCT03R20111011002011101200F.fct.T126L28
/gfs/home3/modoper/tempo/global/oens/recfct/datain/GFCT03R20111011002011101200F.fct.T126L28
+ echo Recomposition  -x-  RUNNING ...
Recomposition  -x-  RUNNING ...
+ source=/gfs/home3/modoper/tempo/global/oens/recfct/source
+ bin=/gfs/home3/modoper/tempo/global/oens/recfct/bin/T126L28
+ input=/gfs/home3/modoper/tempo/global/oens/recfct/datain
+ out=/gfs/home3/modoper/tempo/global/oens/recfct/output
+ echo run
run
+ [ run = make ]
+ echo run
run
+ [ run = clean ]
+ cd /gfs/home3/modoper/tempo/global/oens/recfct/bin/T126L28
+ echo ./recfct.T126L28 < /gfs/home3/modoper/tempo/global/oens/recfct/datain/recfctFCT03R.nml > /gfs/home3/modoper/tempo/global/oens/recfct/output/recfct.out.2011101100.04:23.T126L28
./recfct.T126L28 < /gfs/home3/modoper/tempo/global/oens/recfct/datain/recfctFCT03R.nml > /gfs/home3/modoper/tempo/global/oens/recfct/output/recfct.out.2011101100.04:23.T126L28
+ ./recfct.T126L28
+ 0< /gfs/home3/modoper/tempo/global/oens/recfct/datain/recfctFCT03R.nml 1> /gfs/home3/modoper/tempo/global/oens/recfct/output/recfct.out.2011101100.04:23.T126L28
 
 
     ******  Program Information  ******
  Real Time (sec)       :         15.648810
  User Time (sec)       :          4.236971
  Sys  Time (sec)       :          0.072314
  Vector Time (sec)     :          0.378172
  Inst. Count           :        1596986079.
  V. Inst. Count        :          16052480.
  V. Element Count      :        1289251883.
  FLOP Count            :         534710005.
  MOPS                  :        677.414471
  MFLOPS                :        126.201006
  VLEN                  :         80.314810
  V. Op. Ratio (%)      :         44.918765
  Memory Size (MB)      :        192.031250
  MIPS                  :        376.916923
  I-Cache (sec)         :          0.000918
  O-Cache (sec)         :          0.944831
  Bank (sec)            :          0.001189
 
  Start Time (date)  :  2011/10/11 04:23:30
  End   Time (date)  :  2011/10/11 04:23:46
-rw-r--r--    1 modoper  pnt            1800 Oct 11 04:23 /gfs/home3/modoper/tempo/global/oens/eof/datain/templ032011101100
sx6
PNT-EN
11101104:23
out
/gfs/home3/modoper/tempo/global/oens
/gfs/home3/modoper/tempo/global/oens
/gfs/dk22/modoper/tempo/global/oens
/gfs/dk22/modoper/tempo/global/oens/model/datain
/gfs/home3/modoper/tempo/global/oens/run/setrecfct.1.FCT03RT126L28.sx6
Date: 20111011
Hour: 04:23
FCT03R
2011101100
2011101203
GFCT03R
GFCT03R
GFCT03R
F.fct
F.fct
R.fct
/gfs/home3/modoper/tempo/global/oens
/gfs/home3/modoper/tempo/global/oens
/gfs/dk22/modoper/tempo/global/oens
/gfs/dk22/modoper/tempo/global/oens/model/datain
run
run
GFCT03R20111011002011101203F.fct.T126L28
/gfs/home3/modoper/tempo/global/oens/recfct/datain/GFCT03R20111011002011101203F.fct.T126L28
+ echo Recomposition  -x-  RUNNING ...
Recomposition  -x-  RUNNING ...
+ source=/gfs/home3/modoper/tempo/global/oens/recfct/source
+ bin=/gfs/home3/modoper/tempo/global/oens/recfct/bin/T126L28
+ input=/gfs/home3/modoper/tempo/global/oens/recfct/datain
+ out=/gfs/home3/modoper/tempo/global/oens/recfct/output
+ echo run
run
+ [ run = make ]
+ echo run
run
+ [ run = clean ]
+ cd /gfs/home3/modoper/tempo/global/oens/recfct/bin/T126L28
+ echo ./recfct.T126L28 < /gfs/home3/modoper/tempo/global/oens/recfct/datain/recfctFCT03R.nml > /gfs/home3/modoper/tempo/global/oens/recfct/output/recfct.out.2011101100.04:23.T126L28
./recfct.T126L28 < /gfs/home3/modoper/tempo/global/oens/recfct/datain/recfctFCT03R.nml > /gfs/home3/modoper/tempo/global/oens/recfct/output/recfct.out.2011101100.04:23.T126L28
+ ./recfct.T126L28
+ 0< /gfs/home3/modoper/tempo/global/oens/recfct/datain/recfctFCT03R.nml 1> /gfs/home3/modoper/tempo/global/oens/recfct/output/recfct.out.2011101100.04:23.T126L28
 
 
     ******  Program Information  ******
  Real Time (sec)       :         19.475036
  User Time (sec)       :          4.166265
  Sys  Time (sec)       :          0.074324
  Vector Time (sec)     :          0.357434
  Inst. Count           :        1596986079.
  V. Inst. Count        :          16052480.
  V. Element Count      :        1289251883.
  FLOP Count            :         534710005.
  MOPS                  :        688.910893
  MFLOPS                :        128.342767
  VLEN                  :         80.314810
  V. Op. Ratio (%)      :         44.918765
  Memory Size (MB)      :        192.031250
  MIPS                  :        383.313592
  I-Cache (sec)         :          0.001197
  O-Cache (sec)         :          0.895133
  Bank (sec)            :          0.001190
 
  Start Time (date)  :  2011/10/11 04:23:47
  End   Time (date)  :  2011/10/11 04:24:07
-rw-r--r--    1 modoper  pnt            2000 Oct 11 04:24 /gfs/home3/modoper/tempo/global/oens/eof/datain/templ032011101100
sx6
PNT-EN
11101104:24
out
/gfs/home3/modoper/tempo/global/oens
/gfs/home3/modoper/tempo/global/oens
/gfs/dk22/modoper/tempo/global/oens
/gfs/dk22/modoper/tempo/global/oens/model/datain
/gfs/home3/modoper/tempo/global/oens/run/setrecfct.1.FCT03RT126L28.sx6
Date: 20111011
Hour: 04:24
FCT03R
2011101100
2011101206
GFCT03R
GFCT03R
GFCT03R
F.fct
F.fct
R.fct
/gfs/home3/modoper/tempo/global/oens
/gfs/home3/modoper/tempo/global/oens
/gfs/dk22/modoper/tempo/global/oens
/gfs/dk22/modoper/tempo/global/oens/model/datain
run
run
GFCT03R20111011002011101206F.fct.T126L28
/gfs/home3/modoper/tempo/global/oens/recfct/datain/GFCT03R20111011002011101206F.fct.T126L28
+ echo Recomposition  -x-  RUNNING ...
Recomposition  -x-  RUNNING ...
+ source=/gfs/home3/modoper/tempo/global/oens/recfct/source
+ bin=/gfs/home3/modoper/tempo/global/oens/recfct/bin/T126L28
+ input=/gfs/home3/modoper/tempo/global/oens/recfct/datain
+ out=/gfs/home3/modoper/tempo/global/oens/recfct/output
+ echo run
run
+ [ run = make ]
+ echo run
run
+ [ run = clean ]
+ cd /gfs/home3/modoper/tempo/global/oens/recfct/bin/T126L28
+ echo ./recfct.T126L28 < /gfs/home3/modoper/tempo/global/oens/recfct/datain/recfctFCT03R.nml > /gfs/home3/modoper/tempo/global/oens/recfct/output/recfct.out.2011101100.04:24.T126L28
./recfct.T126L28 < /gfs/home3/modoper/tempo/global/oens/recfct/datain/recfctFCT03R.nml > /gfs/home3/modoper/tempo/global/oens/recfct/output/recfct.out.2011101100.04:24.T126L28
+ ./recfct.T126L28
+ 0< /gfs/home3/modoper/tempo/global/oens/recfct/datain/recfctFCT03R.nml 1> /gfs/home3/modoper/tempo/global/oens/recfct/output/recfct.out.2011101100.04:24.T126L28
 
 
     ******  Program Information  ******
  Real Time (sec)       :          6.239474
  User Time (sec)       :          4.290859
  Sys  Time (sec)       :          0.066356
  Vector Time (sec)     :          0.387241
  Inst. Count           :        1596986079.
  V. Inst. Count        :          16052480.
  V. Element Count      :        1289251883.
  FLOP Count            :         534710005.
  MOPS                  :        668.906979
  MFLOPS                :        124.616077
  VLEN                  :         80.314810
  V. Op. Ratio (%)      :         44.918765
  Memory Size (MB)      :        192.031250
  MIPS                  :        372.183310
  I-Cache (sec)         :          0.001213
  O-Cache (sec)         :          0.988948
  Bank (sec)            :          0.001191
 
  Start Time (date)  :  2011/10/11 04:24:08
  End   Time (date)  :  2011/10/11 04:24:15
-rw-r--r--    1 modoper  pnt            2200 Oct 11 04:24 /gfs/home3/modoper/tempo/global/oens/eof/datain/templ032011101100
sx6
PNT-EN
11101104:24
out
/gfs/home3/modoper/tempo/global/oens
/gfs/home3/modoper/tempo/global/oens
/gfs/dk22/modoper/tempo/global/oens
/gfs/dk22/modoper/tempo/global/oens/model/datain
/gfs/home3/modoper/tempo/global/oens/run/setrecfct.1.FCT03RT126L28.sx6
Date: 20111011
Hour: 04:24
FCT03R
2011101100
2011101209
GFCT03R
GFCT03R
GFCT03R
F.fct
F.fct
R.fct
/gfs/home3/modoper/tempo/global/oens
/gfs/home3/modoper/tempo/global/oens
/gfs/dk22/modoper/tempo/global/oens
/gfs/dk22/modoper/tempo/global/oens/model/datain
run
run
GFCT03R20111011002011101209F.fct.T126L28
/gfs/home3/modoper/tempo/global/oens/recfct/datain/GFCT03R20111011002011101209F.fct.T126L28
+ echo Recomposition  -x-  RUNNING ...
Recomposition  -x-  RUNNING ...
+ source=/gfs/home3/modoper/tempo/global/oens/recfct/source
+ bin=/gfs/home3/modoper/tempo/global/oens/recfct/bin/T126L28
+ input=/gfs/home3/modoper/tempo/global/oens/recfct/datain
+ out=/gfs/home3/modoper/tempo/global/oens/recfct/output
+ echo run
run
+ [ run = make ]
+ echo run
run
+ [ run = clean ]
+ cd /gfs/home3/modoper/tempo/global/oens/recfct/bin/T126L28
+ echo ./recfct.T126L28 < /gfs/home3/modoper/tempo/global/oens/recfct/datain/recfctFCT03R.nml > /gfs/home3/modoper/tempo/global/oens/recfct/output/recfct.out.2011101100.04:24.T126L28
./recfct.T126L28 < /gfs/home3/modoper/tempo/global/oens/recfct/datain/recfctFCT03R.nml > /gfs/home3/modoper/tempo/global/oens/recfct/output/recfct.out.2011101100.04:24.T126L28
+ ./recfct.T126L28
+ 0< /gfs/home3/modoper/tempo/global/oens/recfct/datain/recfctFCT03R.nml 1> /gfs/home3/modoper/tempo/global/oens/recfct/output/recfct.out.2011101100.04:24.T126L28
 
 
     ******  Program Information  ******
  Real Time (sec)       :          5.974512
  User Time (sec)       :          4.165682
  Sys  Time (sec)       :          0.065330
  Vector Time (sec)     :          0.358620
  Inst. Count           :        1596986079.
  V. Inst. Count        :          16052480.
  V. Element Count      :        1289251883.
  FLOP Count            :         534710005.
  MOPS                  :        689.007344
  MFLOPS                :        128.360736
  VLEN                  :         80.314810
  V. Op. Ratio (%)      :         44.918765
  Memory Size (MB)      :        192.031250
  MIPS                  :        383.367258
  I-Cache (sec)         :          0.000905
  O-Cache (sec)         :          0.893438
  Bank (sec)            :          0.001189
 
  Start Time (date)  :  2011/10/11 04:24:16
  End   Time (date)  :  2011/10/11 04:24:22
-rw-r--r--    1 modoper  pnt            2400 Oct 11 04:24 /gfs/home3/modoper/tempo/global/oens/eof/datain/templ032011101100
sx6
PNT-EN
11101104:24
out
/gfs/home3/modoper/tempo/global/oens
/gfs/home3/modoper/tempo/global/oens
/gfs/dk22/modoper/tempo/global/oens
/gfs/dk22/modoper/tempo/global/oens/model/datain
/gfs/home3/modoper/tempo/global/oens/run/setrecfct.1.FCT03RT126L28.sx6
Date: 20111011
Hour: 04:24
FCT03R
2011101100
2011101212
GFCT03R
GFCT03R
GFCT03R
F.fct
F.fct
R.fct
/gfs/home3/modoper/tempo/global/oens
/gfs/home3/modoper/tempo/global/oens
/gfs/dk22/modoper/tempo/global/oens
/gfs/dk22/modoper/tempo/global/oens/model/datain
run
run
GFCT03R20111011002011101212F.fct.T126L28
/gfs/home3/modoper/tempo/global/oens/recfct/datain/GFCT03R20111011002011101212F.fct.T126L28
+ echo Recomposition  -x-  RUNNING ...
Recomposition  -x-  RUNNING ...
+ source=/gfs/home3/modoper/tempo/global/oens/recfct/source
+ bin=/gfs/home3/modoper/tempo/global/oens/recfct/bin/T126L28
+ input=/gfs/home3/modoper/tempo/global/oens/recfct/datain
+ out=/gfs/home3/modoper/tempo/global/oens/recfct/output
+ echo run
run
+ [ run = make ]
+ echo run
run
+ [ run = clean ]
+ cd /gfs/home3/modoper/tempo/global/oens/recfct/bin/T126L28
+ echo ./recfct.T126L28 < /gfs/home3/modoper/tempo/global/oens/recfct/datain/recfctFCT03R.nml > /gfs/home3/modoper/tempo/global/oens/recfct/output/recfct.out.2011101100.04:24.T126L28
./recfct.T126L28 < /gfs/home3/modoper/tempo/global/oens/recfct/datain/recfctFCT03R.nml > /gfs/home3/modoper/tempo/global/oens/recfct/output/recfct.out.2011101100.04:24.T126L28
+ ./recfct.T126L28
+ 0< /gfs/home3/modoper/tempo/global/oens/recfct/datain/recfctFCT03R.nml 1> /gfs/home3/modoper/tempo/global/oens/recfct/output/recfct.out.2011101100.04:24.T126L28
 
 
     ******  Program Information  ******
  Real Time (sec)       :         12.471039
  User Time (sec)       :          4.288117
  Sys  Time (sec)       :          0.070543
  Vector Time (sec)     :          0.385162
  Inst. Count           :        1596986110.
  V. Inst. Count        :          16052480.
  V. Element Count      :        1289251883.
  FLOP Count            :         534710006.
  MOPS                  :        669.334658
  MFLOPS                :        124.695751
  VLEN                  :         80.314810
  V. Op. Ratio (%)      :         44.918765
  Memory Size (MB)      :        192.031250
  MIPS                  :        372.421276
  I-Cache (sec)         :          0.000911
  O-Cache (sec)         :          0.987724
  Bank (sec)            :          0.001191
 
  Start Time (date)  :  2011/10/11 04:24:23
  End   Time (date)  :  2011/10/11 04:24:36
-rw-r--r--    1 modoper  pnt            2600 Oct 11 04:24 /gfs/home3/modoper/tempo/global/oens/eof/datain/templ032011101100
sx6
PNT-EN
11101104:24
out
/gfs/home3/modoper/tempo/global/oens
/gfs/home3/modoper/tempo/global/oens
/gfs/dk22/modoper/tempo/global/oens
/gfs/dk22/modoper/tempo/global/oens/model/datain
/gfs/home3/modoper/tempo/global/oens/run/setrecfct.1.FCT03RT126L28.sx6
Date: 20111011
Hour: 04:24
FCT03R
2011101100
2011101215
GFCT03R
GFCT03R
GFCT03R
F.fct
F.fct
R.fct
/gfs/home3/modoper/tempo/global/oens
/gfs/home3/modoper/tempo/global/oens
/gfs/dk22/modoper/tempo/global/oens
/gfs/dk22/modoper/tempo/global/oens/model/datain
run
run
GFCT03R20111011002011101215F.fct.T126L28
/gfs/home3/modoper/tempo/global/oens/recfct/datain/GFCT03R20111011002011101215F.fct.T126L28
+ echo Recomposition  -x-  RUNNING ...
Recomposition  -x-  RUNNING ...
+ source=/gfs/home3/modoper/tempo/global/oens/recfct/source
+ bin=/gfs/home3/modoper/tempo/global/oens/recfct/bin/T126L28
+ input=/gfs/home3/modoper/tempo/global/oens/recfct/datain
+ out=/gfs/home3/modoper/tempo/global/oens/recfct/output
+ echo run
run
+ [ run = make ]
+ echo run
run
+ [ run = clean ]
+ cd /gfs/home3/modoper/tempo/global/oens/recfct/bin/T126L28
+ echo ./recfct.T126L28 < /gfs/home3/modoper/tempo/global/oens/recfct/datain/recfctFCT03R.nml > /gfs/home3/modoper/tempo/global/oens/recfct/output/recfct.out.2011101100.04:24.T126L28
./recfct.T126L28 < /gfs/home3/modoper/tempo/global/oens/recfct/datain/recfctFCT03R.nml > /gfs/home3/modoper/tempo/global/oens/recfct/output/recfct.out.2011101100.04:24.T126L28
+ ./recfct.T126L28
+ 0< /gfs/home3/modoper/tempo/global/oens/recfct/datain/recfctFCT03R.nml 1> /gfs/home3/modoper/tempo/global/oens/recfct/output/recfct.out.2011101100.04:24.T126L28
 
 
     ******  Program Information  ******
  Real Time (sec)       :          6.791461
  User Time (sec)       :          4.239358
  Sys  Time (sec)       :          0.065458
  Vector Time (sec)     :          0.374282
  Inst. Count           :        1596986110.
  V. Inst. Count        :          16052480.
  V. Element Count      :        1289251883.
  FLOP Count            :         534710006.
  MOPS                  :        677.032987
  MFLOPS                :        126.129935
  VLEN                  :         80.314810
  V. Op. Ratio (%)      :         44.918765
  Memory Size (MB)      :        192.031250
  MIPS                  :        376.704667
  I-Cache (sec)         :          0.000855
  O-Cache (sec)         :          0.951579
  Bank (sec)            :          0.001191
 
  Start Time (date)  :  2011/10/11 04:24:37
  End   Time (date)  :  2011/10/11 04:24:44
-rw-r--r--    1 modoper  pnt            2800 Oct 11 04:24 /gfs/home3/modoper/tempo/global/oens/eof/datain/templ032011101100
sx6
PNT-EN
11101104:24
out
/gfs/home3/modoper/tempo/global/oens
/gfs/home3/modoper/tempo/global/oens
/gfs/dk22/modoper/tempo/global/oens
/gfs/dk22/modoper/tempo/global/oens/model/datain
/gfs/home3/modoper/tempo/global/oens/run/setrecfct.1.FCT03RT126L28.sx6
Date: 20111011
Hour: 04:24
FCT03R
2011101100
2011101218
GFCT03R
GFCT03R
GFCT03R
F.fct
F.fct
R.fct
/gfs/home3/modoper/tempo/global/oens
/gfs/home3/modoper/tempo/global/oens
/gfs/dk22/modoper/tempo/global/oens
/gfs/dk22/modoper/tempo/global/oens/model/datain
run
run
GFCT03R20111011002011101218F.fct.T126L28
/gfs/home3/modoper/tempo/global/oens/recfct/datain/GFCT03R20111011002011101218F.fct.T126L28
+ echo Recomposition  -x-  RUNNING ...
Recomposition  -x-  RUNNING ...
+ source=/gfs/home3/modoper/tempo/global/oens/recfct/source
+ bin=/gfs/home3/modoper/tempo/global/oens/recfct/bin/T126L28
+ input=/gfs/home3/modoper/tempo/global/oens/recfct/datain
+ out=/gfs/home3/modoper/tempo/global/oens/recfct/output
+ echo run
run
+ [ run = make ]
+ echo run
run
+ [ run = clean ]
+ cd /gfs/home3/modoper/tempo/global/oens/recfct/bin/T126L28
+ echo ./recfct.T126L28 < /gfs/home3/modoper/tempo/global/oens/recfct/datain/recfctFCT03R.nml > /gfs/home3/modoper/tempo/global/oens/recfct/output/recfct.out.2011101100.04:24.T126L28
./recfct.T126L28 < /gfs/home3/modoper/tempo/global/oens/recfct/datain/recfctFCT03R.nml > /gfs/home3/modoper/tempo/global/oens/recfct/output/recfct.out.2011101100.04:24.T126L28
+ ./recfct.T126L28
+ 0< /gfs/home3/modoper/tempo/global/oens/recfct/datain/recfctFCT03R.nml 1> /gfs/home3/modoper/tempo/global/oens/recfct/output/recfct.out.2011101100.04:24.T126L28
 
 
     ******  Program Information  ******
  Real Time (sec)       :         14.042459
  User Time (sec)       :          4.263418
  Sys  Time (sec)       :          0.075297
  Vector Time (sec)     :          0.381150
  Inst. Count           :        1596986110.
  V. Inst. Count        :          16052480.
  V. Element Count      :        1289251883.
  FLOP Count            :         534710006.
  MOPS                  :        673.212321
  MFLOPS                :        125.418152
  VLEN                  :         80.314810
  V. Op. Ratio (%)      :         44.918765
  Memory Size (MB)      :        192.031250
  MIPS                  :        374.578828
  I-Cache (sec)         :          0.001363
  O-Cache (sec)         :          0.967038
  Bank (sec)            :          0.001190
 
  Start Time (date)  :  2011/10/11 04:24:45
  End   Time (date)  :  2011/10/11 04:24:59
-rw-r--r--    1 modoper  pnt            3000 Oct 11 04:25 /gfs/home3/modoper/tempo/global/oens/eof/datain/templ032011101100
sx6
PNT-EN
11101104:25
out
/gfs/home3/modoper/tempo/global/oens
/gfs/home3/modoper/tempo/global/oens
/gfs/dk22/modoper/tempo/global/oens
/gfs/dk22/modoper/tempo/global/oens/model/datain
/gfs/home3/modoper/tempo/global/oens/run/setrecfct.1.FCT03RT126L28.sx6
Date: 20111011
Hour: 04:25
FCT03R
2011101100
2011101221
GFCT03R
GFCT03R
GFCT03R
F.fct
F.fct
R.fct
/gfs/home3/modoper/tempo/global/oens
/gfs/home3/modoper/tempo/global/oens
/gfs/dk22/modoper/tempo/global/oens
/gfs/dk22/modoper/tempo/global/oens/model/datain
run
run
GFCT03R20111011002011101221F.fct.T126L28
/gfs/home3/modoper/tempo/global/oens/recfct/datain/GFCT03R20111011002011101221F.fct.T126L28
+ echo Recomposition  -x-  RUNNING ...
Recomposition  -x-  RUNNING ...
+ source=/gfs/home3/modoper/tempo/global/oens/recfct/source
+ bin=/gfs/home3/modoper/tempo/global/oens/recfct/bin/T126L28
+ input=/gfs/home3/modoper/tempo/global/oens/recfct/datain
+ out=/gfs/home3/modoper/tempo/global/oens/recfct/output
+ echo run
run
+ [ run = make ]
+ echo run
run
+ [ run = clean ]
+ cd /gfs/home3/modoper/tempo/global/oens/recfct/bin/T126L28
+ echo ./recfct.T126L28 < /gfs/home3/modoper/tempo/global/oens/recfct/datain/recfctFCT03R.nml > /gfs/home3/modoper/tempo/global/oens/recfct/output/recfct.out.2011101100.04:25.T126L28
./recfct.T126L28 < /gfs/home3/modoper/tempo/global/oens/recfct/datain/recfctFCT03R.nml > /gfs/home3/modoper/tempo/global/oens/recfct/output/recfct.out.2011101100.04:25.T126L28
+ ./recfct.T126L28
+ 0< /gfs/home3/modoper/tempo/global/oens/recfct/datain/recfctFCT03R.nml 1> /gfs/home3/modoper/tempo/global/oens/recfct/output/recfct.out.2011101100.04:25.T126L28
 
 
     ******  Program Information  ******
  Real Time (sec)       :         10.398051
  User Time (sec)       :          4.240743
  Sys  Time (sec)       :          0.067298
  Vector Time (sec)     :          0.375492
  Inst. Count           :        1596986110.
  V. Inst. Count        :          16052480.
  V. Element Count      :        1289251883.
  FLOP Count            :         534710006.
  MOPS                  :        676.811916
  MFLOPS                :        126.088750
  VLEN                  :         80.314810
  V. Op. Ratio (%)      :         44.918765
  Memory Size (MB)      :        192.031250
  MIPS                  :        376.581661
  I-Cache (sec)         :          0.000993
  O-Cache (sec)         :          0.951840
  Bank (sec)            :          0.001192
 
  Start Time (date)  :  2011/10/11 04:25:01
  End   Time (date)  :  2011/10/11 04:25:11
-rw-r--r--    1 modoper  pnt            3200 Oct 11 04:25 /gfs/home3/modoper/tempo/global/oens/eof/datain/templ032011101100
sx6
PNT-EN
11101104:25
out
/gfs/home3/modoper/tempo/global/oens
/gfs/home3/modoper/tempo/global/oens
/gfs/dk22/modoper/tempo/global/oens
/gfs/dk22/modoper/tempo/global/oens/model/datain
/gfs/home3/modoper/tempo/global/oens/run/setrecfct.1.FCT03RT126L28.sx6
Date: 20111011
Hour: 04:25
FCT03R
2011101100
2011101300
GFCT03R
GFCT03R
GFCT03R
F.fct
F.fct
R.fct
/gfs/home3/modoper/tempo/global/oens
/gfs/home3/modoper/tempo/global/oens
/gfs/dk22/modoper/tempo/global/oens
/gfs/dk22/modoper/tempo/global/oens/model/datain
run
run
GFCT03R20111011002011101300F.fct.T126L28
/gfs/home3/modoper/tempo/global/oens/recfct/datain/GFCT03R20111011002011101300F.fct.T126L28
+ echo Recomposition  -x-  RUNNING ...
Recomposition  -x-  RUNNING ...
+ source=/gfs/home3/modoper/tempo/global/oens/recfct/source
+ bin=/gfs/home3/modoper/tempo/global/oens/recfct/bin/T126L28
+ input=/gfs/home3/modoper/tempo/global/oens/recfct/datain
+ out=/gfs/home3/modoper/tempo/global/oens/recfct/output
+ echo run
run
+ [ run = make ]
+ echo run
run
+ [ run = clean ]
+ cd /gfs/home3/modoper/tempo/global/oens/recfct/bin/T126L28
+ echo ./recfct.T126L28 < /gfs/home3/modoper/tempo/global/oens/recfct/datain/recfctFCT03R.nml > /gfs/home3/modoper/tempo/global/oens/recfct/output/recfct.out.2011101100.04:25.T126L28
./recfct.T126L28 < /gfs/home3/modoper/tempo/global/oens/recfct/datain/recfctFCT03R.nml > /gfs/home3/modoper/tempo/global/oens/recfct/output/recfct.out.2011101100.04:25.T126L28
+ ./recfct.T126L28
+ 0< /gfs/home3/modoper/tempo/global/oens/recfct/datain/recfctFCT03R.nml 1> /gfs/home3/modoper/tempo/global/oens/recfct/output/recfct.out.2011101100.04:25.T126L28
 
 
     ******  Program Information  ******
  Real Time (sec)       :          6.792848
  User Time (sec)       :          4.227095
  Sys  Time (sec)       :          0.069909
  Vector Time (sec)     :          0.374020
  Inst. Count           :        1596986079.
  V. Inst. Count        :          16052480.
  V. Element Count      :        1289251883.
  FLOP Count            :         534710005.
  MOPS                  :        678.997122
  MFLOPS                :        126.495851
  VLEN                  :         80.314810
  V. Op. Ratio (%)      :         44.918765
  Memory Size (MB)      :        192.031250
  MIPS                  :        377.797518
  I-Cache (sec)         :          0.001025
  O-Cache (sec)         :          0.939693
  Bank (sec)            :          0.001190
 
  Start Time (date)  :  2011/10/11 04:25:13
  End   Time (date)  :  2011/10/11 04:25:20
-rw-r--r--    1 modoper  pnt            3400 Oct 11 04:25 /gfs/home3/modoper/tempo/global/oens/eof/datain/templ032011101100
sx6
PNT-EN
11101104:25
out
/gfs/home3/modoper/tempo/global/oens
/gfs/home3/modoper/tempo/global/oens
/gfs/dk22/modoper/tempo/global/oens
/gfs/dk22/modoper/tempo/global/oens/model/datain
/gfs/home3/modoper/tempo/global/oens/run/setrecfct.1.FCT03RT126L28.sx6
Date: 20111011
Hour: 04:25
FCT03R
2011101100
2011101303
GFCT03R
GFCT03R
GFCT03R
F.fct
F.fct
R.fct
/gfs/home3/modoper/tempo/global/oens
/gfs/home3/modoper/tempo/global/oens
/gfs/dk22/modoper/tempo/global/oens
/gfs/dk22/modoper/tempo/global/oens/model/datain
run
run
GFCT03R20111011002011101303F.fct.T126L28
/gfs/home3/modoper/tempo/global/oens/recfct/datain/GFCT03R20111011002011101303F.fct.T126L28
+ echo Recomposition  -x-  RUNNING ...
Recomposition  -x-  RUNNING ...
+ source=/gfs/home3/modoper/tempo/global/oens/recfct/source
+ bin=/gfs/home3/modoper/tempo/global/oens/recfct/bin/T126L28
+ input=/gfs/home3/modoper/tempo/global/oens/recfct/datain
+ out=/gfs/home3/modoper/tempo/global/oens/recfct/output
+ echo run
run
+ [ run = make ]
+ echo run
run
+ [ run = clean ]
+ cd /gfs/home3/modoper/tempo/global/oens/recfct/bin/T126L28
+ echo ./recfct.T126L28 < /gfs/home3/modoper/tempo/global/oens/recfct/datain/recfctFCT03R.nml > /gfs/home3/modoper/tempo/global/oens/recfct/output/recfct.out.2011101100.04:25.T126L28
./recfct.T126L28 < /gfs/home3/modoper/tempo/global/oens/recfct/datain/recfctFCT03R.nml > /gfs/home3/modoper/tempo/global/oens/recfct/output/recfct.out.2011101100.04:25.T126L28
+ ./recfct.T126L28
+ 0< /gfs/home3/modoper/tempo/global/oens/recfct/datain/recfctFCT03R.nml 1> /gfs/home3/modoper/tempo/global/oens/recfct/output/recfct.out.2011101100.04:25.T126L28
 
 
     ******  Program Information  ******
  Real Time (sec)       :          6.332137
  User Time (sec)       :          4.290693
  Sys  Time (sec)       :          0.069319
  Vector Time (sec)     :          0.385897
  Inst. Count           :        1596986079.
  V. Inst. Count        :          16052480.
  V. Element Count      :        1289251883.
  FLOP Count            :         534710005.
  MOPS                  :        668.932881
  MFLOPS                :        124.620902
  VLEN                  :         80.314810
  V. Op. Ratio (%)      :         44.918765
  Memory Size (MB)      :        192.031250
  MIPS                  :        372.197722
  I-Cache (sec)         :          0.001173
  O-Cache (sec)         :          0.989485
  Bank (sec)            :          0.001191
 
  Start Time (date)  :  2011/10/11 04:25:21
  End   Time (date)  :  2011/10/11 04:25:28
-rw-r--r--    1 modoper  pnt            3600 Oct 11 04:25 /gfs/home3/modoper/tempo/global/oens/eof/datain/templ032011101100
sx6
PNT-EN
11101104:25
out
/gfs/home3/modoper/tempo/global/oens
/gfs/home3/modoper/tempo/global/oens
/gfs/dk22/modoper/tempo/global/oens
/gfs/dk22/modoper/tempo/global/oens/model/datain
/gfs/home3/modoper/tempo/global/oens/run/setrecfct.1.FCT03RT126L28.sx6
Date: 20111011
Hour: 04:25
FCT03R
2011101100
2011101306
GFCT03R
GFCT03R
GFCT03R
F.fct
F.fct
R.fct
/gfs/home3/modoper/tempo/global/oens
/gfs/home3/modoper/tempo/global/oens
/gfs/dk22/modoper/tempo/global/oens
/gfs/dk22/modoper/tempo/global/oens/model/datain
run
run
GFCT03R20111011002011101306F.fct.T126L28
/gfs/home3/modoper/tempo/global/oens/recfct/datain/GFCT03R20111011002011101306F.fct.T126L28
+ echo Recomposition  -x-  RUNNING ...
Recomposition  -x-  RUNNING ...
+ source=/gfs/home3/modoper/tempo/global/oens/recfct/source
+ bin=/gfs/home3/modoper/tempo/global/oens/recfct/bin/T126L28
+ input=/gfs/home3/modoper/tempo/global/oens/recfct/datain
+ out=/gfs/home3/modoper/tempo/global/oens/recfct/output
+ echo run
run
+ [ run = make ]
+ echo run
run
+ [ run = clean ]
+ cd /gfs/home3/modoper/tempo/global/oens/recfct/bin/T126L28
+ echo ./recfct.T126L28 < /gfs/home3/modoper/tempo/global/oens/recfct/datain/recfctFCT03R.nml > /gfs/home3/modoper/tempo/global/oens/recfct/output/recfct.out.2011101100.04:25.T126L28
./recfct.T126L28 < /gfs/home3/modoper/tempo/global/oens/recfct/datain/recfctFCT03R.nml > /gfs/home3/modoper/tempo/global/oens/recfct/output/recfct.out.2011101100.04:25.T126L28
+ ./recfct.T126L28
+ 0< /gfs/home3/modoper/tempo/global/oens/recfct/datain/recfctFCT03R.nml 1> /gfs/home3/modoper/tempo/global/oens/recfct/output/recfct.out.2011101100.04:25.T126L28
 
 
     ******  Program Information  ******
  Real Time (sec)       :         19.388260
  User Time (sec)       :          4.157040
  Sys  Time (sec)       :          0.216711
  Vector Time (sec)     :          0.349341
  Inst. Count           :        1596986079.
  V. Inst. Count        :          16052480.
  V. Element Count      :        1289251883.
  FLOP Count            :         534710005.
  MOPS                  :        690.439755
  MFLOPS                :        128.627591
  VLEN                  :         80.314810
  V. Op. Ratio (%)      :         44.918765
  Memory Size (MB)      :        192.031250
  MIPS                  :        384.164259
  I-Cache (sec)         :          0.013101
  O-Cache (sec)         :          0.890786
  Bank (sec)            :          0.001192
 
  Start Time (date)  :  2011/10/11 04:25:29
  End   Time (date)  :  2011/10/11 04:25:49
-rw-r--r--    1 modoper  pnt            3800 Oct 11 04:25 /gfs/home3/modoper/tempo/global/oens/eof/datain/templ032011101100
sx6
PNT-EN
11101104:25
out
/gfs/home3/modoper/tempo/global/oens
/gfs/home3/modoper/tempo/global/oens
/gfs/dk22/modoper/tempo/global/oens
/gfs/dk22/modoper/tempo/global/oens/model/datain
/gfs/home3/modoper/tempo/global/oens/run/setrecfct.1.FCT03RT126L28.sx6
Date: 20111011
Hour: 04:25
FCT03R
2011101100
2011101309
GFCT03R
GFCT03R
GFCT03R
F.fct
F.fct
R.fct
/gfs/home3/modoper/tempo/global/oens
/gfs/home3/modoper/tempo/global/oens
/gfs/dk22/modoper/tempo/global/oens
/gfs/dk22/modoper/tempo/global/oens/model/datain
run
run
GFCT03R20111011002011101309F.fct.T126L28
/gfs/home3/modoper/tempo/global/oens/recfct/datain/GFCT03R20111011002011101309F.fct.T126L28
+ echo Recomposition  -x-  RUNNING ...
Recomposition  -x-  RUNNING ...
+ source=/gfs/home3/modoper/tempo/global/oens/recfct/source
+ bin=/gfs/home3/modoper/tempo/global/oens/recfct/bin/T126L28
+ input=/gfs/home3/modoper/tempo/global/oens/recfct/datain
+ out=/gfs/home3/modoper/tempo/global/oens/recfct/output
+ echo run
run
+ [ run = make ]
+ echo run
run
+ [ run = clean ]
+ cd /gfs/home3/modoper/tempo/global/oens/recfct/bin/T126L28
+ echo ./recfct.T126L28 < /gfs/home3/modoper/tempo/global/oens/recfct/datain/recfctFCT03R.nml > /gfs/home3/modoper/tempo/global/oens/recfct/output/recfct.out.2011101100.04:25.T126L28
./recfct.T126L28 < /gfs/home3/modoper/tempo/global/oens/recfct/datain/recfctFCT03R.nml > /gfs/home3/modoper/tempo/global/oens/recfct/output/recfct.out.2011101100.04:25.T126L28
+ ./recfct.T126L28
+ 0< /gfs/home3/modoper/tempo/global/oens/recfct/datain/recfctFCT03R.nml 1> /gfs/home3/modoper/tempo/global/oens/recfct/output/recfct.out.2011101100.04:25.T126L28
 
 
     ******  Program Information  ******
  Real Time (sec)       :         10.394274
  User Time (sec)       :          4.121008
  Sys  Time (sec)       :          0.063249
  Vector Time (sec)     :          0.341625
  Inst. Count           :        1596986079.
  V. Inst. Count        :          16052480.
  V. Element Count      :        1289251883.
  FLOP Count            :         534710005.
  MOPS                  :        696.476547
  MFLOPS                :        129.752234
  VLEN                  :         80.314810
  V. Op. Ratio (%)      :         44.918765
  Memory Size (MB)      :        192.031250
  MIPS                  :        387.523161
  I-Cache (sec)         :          0.000779
  O-Cache (sec)         :          0.864928
  Bank (sec)            :          0.001191
 
  Start Time (date)  :  2011/10/11 04:25:51
  End   Time (date)  :  2011/10/11 04:26:01
-rw-r--r--    1 modoper  pnt            4000 Oct 11 04:26 /gfs/home3/modoper/tempo/global/oens/eof/datain/templ032011101100
sx6
PNT-EN
11101104:26
out
/gfs/home3/modoper/tempo/global/oens
/gfs/home3/modoper/tempo/global/oens
/gfs/dk22/modoper/tempo/global/oens
/gfs/dk22/modoper/tempo/global/oens/model/datain
/gfs/home3/modoper/tempo/global/oens/run/setrecfct.1.FCT03RT126L28.sx6
Date: 20111011
Hour: 04:26
FCT03R
2011101100
2011101312
GFCT03R
GFCT03R
GFCT03R
F.fct
F.fct
R.fct
/gfs/home3/modoper/tempo/global/oens
/gfs/home3/modoper/tempo/global/oens
/gfs/dk22/modoper/tempo/global/oens
/gfs/dk22/modoper/tempo/global/oens/model/datain
run
run
GFCT03R20111011002011101312F.fct.T126L28
/gfs/home3/modoper/tempo/global/oens/recfct/datain/GFCT03R20111011002011101312F.fct.T126L28
+ echo Recomposition  -x-  RUNNING ...
Recomposition  -x-  RUNNING ...
+ source=/gfs/home3/modoper/tempo/global/oens/recfct/source
+ bin=/gfs/home3/modoper/tempo/global/oens/recfct/bin/T126L28
+ input=/gfs/home3/modoper/tempo/global/oens/recfct/datain
+ out=/gfs/home3/modoper/tempo/global/oens/recfct/output
+ echo run
run
+ [ run = make ]
+ echo run
run
+ [ run = clean ]
+ cd /gfs/home3/modoper/tempo/global/oens/recfct/bin/T126L28
+ echo ./recfct.T126L28 < /gfs/home3/modoper/tempo/global/oens/recfct/datain/recfctFCT03R.nml > /gfs/home3/modoper/tempo/global/oens/recfct/output/recfct.out.2011101100.04:26.T126L28
./recfct.T126L28 < /gfs/home3/modoper/tempo/global/oens/recfct/datain/recfctFCT03R.nml > /gfs/home3/modoper/tempo/global/oens/recfct/output/recfct.out.2011101100.04:26.T126L28
+ ./recfct.T126L28
+ 0< /gfs/home3/modoper/tempo/global/oens/recfct/datain/recfctFCT03R.nml 1> /gfs/home3/modoper/tempo/global/oens/recfct/output/recfct.out.2011101100.04:26.T126L28
 
 
     ******  Program Information  ******
  Real Time (sec)       :          5.581916
  User Time (sec)       :          4.121054
  Sys  Time (sec)       :          0.060945
  Vector Time (sec)     :          0.341627
  Inst. Count           :        1596986110.
  V. Inst. Count        :          16052480.
  V. Element Count      :        1289251883.
  FLOP Count            :         534710006.
  MOPS                  :        696.468873
  MFLOPS                :        129.750803
  VLEN                  :         80.314810
  V. Op. Ratio (%)      :         44.918765
  Memory Size (MB)      :        192.031250
  MIPS                  :        387.518894
  I-Cache (sec)         :          0.000806
  O-Cache (sec)         :          0.864924
  Bank (sec)            :          0.001191
 
  Start Time (date)  :  2011/10/11 04:26:03
  End   Time (date)  :  2011/10/11 04:26:08
sx6
2011101104:26
out
/gfs/home3/modoper/tempo/global/oens
/gfs/home3/modoper/tempo/global/oens
/gfs/dk22/modoper/tempo/global/oens
/gfs/dk22/modoper/tempo/global/oens/model/datain
/gfs/home3/modoper/tempo/global/oens/run/seteofs.1.03T126L28.sx6
03
Date: 20111011
Hour: 04:26
2011101100
/gfs/home3/modoper/tempo/global/oens
/gfs/home3/modoper/tempo/global/oens
/gfs/dk22/modoper/tempo/global/oens
/gfs/dk22/modoper/tempo/global/oens/model/datain
run
run
Vai chamar eoft
+ echo EOFT           -x-  RUNNING ...
EOFT           -x-  RUNNING ...
+ source=/gfs/home3/modoper/tempo/global/oens/eoftemp/source
+ bin=/gfs/home3/modoper/tempo/global/oens/eof/bin/T126L28
+ inp=/gfs/home3/modoper/tempo/global/oens/eof/datain
+ outp=/gfs/home3/modoper/tempo/global/oens/eoftemp/output
+ echo run
run
+ [ run = make ]
+ echo run
run
+ [ run = clean ]
+ cd /gfs/home3/modoper/tempo/global/oens/eof/bin/T126L28
+ echo ./eoftem.T126L28 < /gfs/home3/modoper/tempo/global/oens/eof/datain/eoftem03.nml > /gfs/home3/modoper/tempo/global/oens/eoftemp/output/eoftem.2011101100.04:26.T126L28
./eoftem.T126L28 < /gfs/home3/modoper/tempo/global/oens/eof/datain/eoftem03.nml > /gfs/home3/modoper/tempo/global/oens/eoftemp/output/eoftem.2011101100.04:26.T126L28
+ ./eoftem.T126L28
+ 0< /gfs/home3/modoper/tempo/global/oens/eof/datain/eoftem03.nml 1> /gfs/home3/modoper/tempo/global/oens/eoftemp/output/eoftem.2011101100.04:26.T126L28
 entrou no eoft fortran
 &DATAIN DIRI=/gfs/home3/modoper/tempo/global/oens/eof/datain/                ,
 DIRA=/gfs/dk22/modoper/tempo/global/oens/model/datain/               ,
 DIRO=/gfs/dk22/modoper/tempo/global/oens/eof/dataout/T126L28/        ,
 NAMEL=templ032011101100                                               ,
 ANAME=GANLAVN2011101100R.unf.T126L28                                                      ,
 TEMOUT=temout032011101100                                              ,
 TEMPCM=tempcm032011101100                                              ,
 TEMPER1=tempe1032011101100                                              ,
 TEMPEN1=tempn1032011101100                                               /
 
 
     ******  Program Information  ******
  Real Time (sec)       :         12.788171
  User Time (sec)       :          6.577934
  Sys  Time (sec)       :          0.393138
  Vector Time (sec)     :          5.898282
  Inst. Count           :         597132834.
  V. Inst. Count        :          72972071.
  V. Element Count      :        9156489696.
  FLOP Count            :        3164565712.
  MOPS                  :       1471.685498
  MFLOPS                :        481.088072
  VLEN                  :        125.479373
  V. Op. Ratio (%)      :         94.585480
  Memory Size (MB)      :        304.031250
  MIPS                  :         90.778170
  I-Cache (sec)         :          0.003465
  O-Cache (sec)         :          0.003196
  Bank (sec)            :          0.281361
 
  Start Time (date)  :  2011/10/11 04:26:10
  End   Time (date)  :  2011/10/11 04:26:23
Vai chamar eofw
+ echo EOFW           -x-  RUNNING ...
EOFW           -x-  RUNNING ...
+ source=/gfs/home3/modoper/tempo/global/oens/eofwind/source
+ bin=/gfs/home3/modoper/tempo/global/oens/eof/bin/T126L28
+ out=/gfs/dk22/modoper/tempo/global/oens/eof/dataout/T126L28
+ inp=/gfs/home3/modoper/tempo/global/oens/eof/datain
+ outp=/gfs/home3/modoper/tempo/global/oens/eofwind/output
+ echo run
run
+ [ run = make ]
+ echo run
run
+ [ run = clean ]
+ cd /gfs/home3/modoper/tempo/global/oens/eof/bin/T126L28
+ echo ./eofwin.T126L28 < /gfs/home3/modoper/tempo/global/oens/eof/datain/eofwin03.nml > /gfs/home3/modoper/tempo/global/oens/eofwind/output/eofwin.2011101100.04:26.T126L28
./eofwin.T126L28 < /gfs/home3/modoper/tempo/global/oens/eof/datain/eofwin03.nml > /gfs/home3/modoper/tempo/global/oens/eofwind/output/eofwin.2011101100.04:26.T126L28
+ ./eofwin.T126L28
+ 0< /gfs/home3/modoper/tempo/global/oens/eof/datain/eofwin03.nml 1> /gfs/home3/modoper/tempo/global/oens/eofwind/output/eofwin.2011101100.04:26.T126L28
 
 
     ******  Program Information  ******
  Real Time (sec)       :         40.816019
  User Time (sec)       :         11.986600
  Sys  Time (sec)       :          0.592936
  Vector Time (sec)     :         10.929130
  Inst. Count           :        1009388992.
  V. Inst. Count        :         235339292.
  V. Element Count      :       26880732404.
  FLOP Count            :        7609520800.
  MOPS                  :       2307.141503
  MFLOPS                :        634.835639
  VLEN                  :        114.221183
  V. Op. Ratio (%)      :         97.201028
  Memory Size (MB)      :        624.031250
  MIPS                  :         84.209784
  I-Cache (sec)         :          0.007311
  O-Cache (sec)         :          0.018031
  Bank (sec)            :          0.599880
 
  Start Time (date)  :  2011/10/11 04:26:23
  End   Time (date)  :  2011/10/11 04:27:04
sx6
2011101104:27
out
/gfs/home3/modoper/tempo/global/oens
/gfs/home3/modoper/tempo/global/oens
/gfs/dk22/modoper/tempo/global/oens
/gfs/dk22/modoper/tempo/global/oens/model/datain
/gfs/home3/modoper/tempo/global/oens/run/setdeco03T126L28.sx6
Date: 20111011
Hour: 04:27
2011101100
/gfs/home3/modoper/tempo/global/oens
/gfs/home3/modoper/tempo/global/oens
/gfs/dk22/modoper/tempo/global/oens
/gfs/dk22/modoper/tempo/global/oens/model/datain
run
run
+ echo Decomposition  -x-  RUNNING ...
Decomposition  -x-  RUNNING ...
+ source=/gfs/home3/modoper/tempo/global/oens/decanl/source
+ bin=/gfs/home3/modoper/tempo/global/oens/decanl/bin/T126L28
+ input=/gfs/home3/modoper/tempo/global/oens/decanl/datain
+ out=/gfs/home3/modoper/tempo/global/oens/decanl/output
+ echo run
run
+ [ run = make ]
+ echo run
run
+ [ run = clean ]
+ cd /gfs/home3/modoper/tempo/global/oens/decanl/bin/T126L28
+ ./decanl.T126L28
+ 0< /gfs/home3/modoper/tempo/global/oens/decanl/datain/decanl03.nml 1> /gfs/home3/modoper/tempo/global/oens/decanl/output/decanl.2011101100.04:27.T126L28
 
 
     ******  Program Information  ******
  Real Time (sec)       :          2.831457
  User Time (sec)       :          0.819666
  Sys  Time (sec)       :          0.059536
  Vector Time (sec)     :          0.628321
  Inst. Count           :         173583932.
  V. Inst. Count        :          21078079.
  V. Element Count      :        2292782635.
  FLOP Count            :         590251095.
  MOPS                  :       2983.275056
  MFLOPS                :        720.111912
  VLEN                  :        108.775692
  V. Op. Ratio (%)      :         93.763278
  Memory Size (MB)      :        192.031250
  MIPS                  :        211.774037
  I-Cache (sec)         :          0.000839
  O-Cache (sec)         :          0.026624
  Bank (sec)            :          0.015383
 
  Start Time (date)  :  2011/10/11 04:27:05
  End   Time (date)  :  2011/10/11 04:27:08
+ echo Decomposition  -x-  RUNNING ...
Decomposition  -x-  RUNNING ...
+ source=/gfs/home3/modoper/tempo/global/oens/decanl/source
+ bin=/gfs/home3/modoper/tempo/global/oens/decanl/bin/T126L28
+ input=/gfs/home3/modoper/tempo/global/oens/decanl/datain
+ out=/gfs/home3/modoper/tempo/global/oens/decanl/output
+ echo run
run
+ [ run = make ]
+ echo run
run
+ [ run = clean ]
+ cd /gfs/home3/modoper/tempo/global/oens/decanl/bin/T126L28
+ ./decanl.T126L28
+ 0< /gfs/home3/modoper/tempo/global/oens/decanl/datain/decanl03.nml 1> /gfs/home3/modoper/tempo/global/oens/decanl/output/decanl.2011101100.04:27.T126L28
 
 
     ******  Program Information  ******
  Real Time (sec)       :          2.020699
  User Time (sec)       :          0.820174
  Sys  Time (sec)       :          0.054896
  Vector Time (sec)     :          0.628561
  Inst. Count           :         173583827.
  V. Inst. Count        :          21078079.
  V. Element Count      :        2292782629.
  FLOP Count            :         590251095.
  MOPS                  :       2981.427501
  MFLOPS                :        719.665976
  VLEN                  :        108.775692
  V. Op. Ratio (%)      :         93.763282
  Memory Size (MB)      :        192.031250
  MIPS                  :        211.642766
  I-Cache (sec)         :          0.000876
  O-Cache (sec)         :          0.026606
  Bank (sec)            :          0.015381
 
  Start Time (date)  :  2011/10/11 04:27:08
  End   Time (date)  :  2011/10/11 04:27:10
107.2u 25.4s 5:44 38% 839+175045k 91978+9887io 0w
logout
