stty: : Invalid argument
vt100
resize:  can't open terminal /dev/tty
======================================
Welcome to tupan11: SUPER-UX 14.1 SX-6
Today is Sun Feb 12 04:45:18 GMT 2012
======================================
runperreco1.sx6 126 28 05 2012021200 15 NO 07 
sx6
2012021204:45
out
/gfs/home3/modoper/tempo/global/oens
/gfs/home3/modoper/tempo/global/oens
/gfs/dk22/modoper/tempo/global/oens
/gfs/dk22/modoper/tempo/global/oens/model/datain
/gfs/home3/modoper/tempo/global/oens/run/setperreco.1.05T126L28.sx6
Date: 20120212
Hour: 04:45
2012021200


rm: ERROR: Cannot access templ052012021200: No such file or directory
-rw-r--r--    1 modoper  pnt             200 Feb 12 04:45 /gfs/home3/modoper/tempo/global/oens/eof/datain/templ052012021200
ls: ERROR: Cannot access /gfs/dk22/modoper/tempo/global/oens/recfct/dataout/T126L28/GFCT05R2012021200*.fct*: No such file or directory
sx6
PNT-EN
12021204:45
out
/gfs/home3/modoper/tempo/global/oens
/gfs/home3/modoper/tempo/global/oens
/gfs/dk22/modoper/tempo/global/oens
/gfs/dk22/modoper/tempo/global/oens/model/datain
/gfs/home3/modoper/tempo/global/oens/run/setrecfct.1.FCT05RT126L28.sx6
Date: 20120212
Hour: 04:45
FCT05R
2012021200
2012021203
GFCT05R
GFCT05R
GFCT05R
F.fct
F.fct
R.fct
/gfs/home3/modoper/tempo/global/oens
/gfs/home3/modoper/tempo/global/oens
/gfs/dk22/modoper/tempo/global/oens
/gfs/dk22/modoper/tempo/global/oens/model/datain
run
run
GFCT05R20120212002012021203F.fct.T126L28
/gfs/home3/modoper/tempo/global/oens/recfct/datain/GFCT05R20120212002012021203F.fct.T126L28
+ echo Recomposition  -x-  RUNNING ...
Recomposition  -x-  RUNNING ...
+ source=/gfs/home3/modoper/tempo/global/oens/recfct/source
+ bin=/gfs/home3/modoper/tempo/global/oens/recfct/bin/T126L28
+ input=/gfs/home3/modoper/tempo/global/oens/recfct/datain
+ out=/gfs/home3/modoper/tempo/global/oens/recfct/output
+ echo run
run
+ [ run = make ]
+ echo run
run
+ [ run = clean ]
+ cd /gfs/home3/modoper/tempo/global/oens/recfct/bin/T126L28
+ echo ./recfct.T126L28 < /gfs/home3/modoper/tempo/global/oens/recfct/datain/recfctFCT05R.nml > /gfs/home3/modoper/tempo/global/oens/recfct/output/recfct.out.2012021200.04:45.T126L28
./recfct.T126L28 < /gfs/home3/modoper/tempo/global/oens/recfct/datain/recfctFCT05R.nml > /gfs/home3/modoper/tempo/global/oens/recfct/output/recfct.out.2012021200.04:45.T126L28
+ ./recfct.T126L28
+ 0< /gfs/home3/modoper/tempo/global/oens/recfct/datain/recfctFCT05R.nml 1> /gfs/home3/modoper/tempo/global/oens/recfct/output/recfct.out.2012021200.04:45.T126L28
 
 
     ******  Program Information  ******
  Real Time (sec)       :          5.264850
  User Time (sec)       :          4.135501
  Sys  Time (sec)       :          0.056707
  Vector Time (sec)     :          0.347272
  Inst. Count           :        1596986017.
  V. Inst. Count        :          16052480.
  V. Element Count      :        1289251883.
  FLOP Count            :         534710003.
  MOPS                  :        694.035742
  MFLOPS                :        129.297519
  VLEN                  :         80.314810
  V. Op. Ratio (%)      :         44.918766
  Memory Size (MB)      :        192.031250
  MIPS                  :        386.165077
  I-Cache (sec)         :          0.000821
  O-Cache (sec)         :          0.876744
  Bank (sec)            :          0.001189
 
  Start Time (date)  :  2012/02/12 04:45:21
  End   Time (date)  :  2012/02/12 04:45:26
-rw-r--r--    1 modoper  pnt             400 Feb 12 04:45 /gfs/home3/modoper/tempo/global/oens/eof/datain/templ052012021200
sx6
PNT-EN
12021204:45
out
/gfs/home3/modoper/tempo/global/oens
/gfs/home3/modoper/tempo/global/oens
/gfs/dk22/modoper/tempo/global/oens
/gfs/dk22/modoper/tempo/global/oens/model/datain
/gfs/home3/modoper/tempo/global/oens/run/setrecfct.1.FCT05RT126L28.sx6
Date: 20120212
Hour: 04:45
FCT05R
2012021200
2012021206
GFCT05R
GFCT05R
GFCT05R
F.fct
F.fct
R.fct
/gfs/home3/modoper/tempo/global/oens
/gfs/home3/modoper/tempo/global/oens
/gfs/dk22/modoper/tempo/global/oens
/gfs/dk22/modoper/tempo/global/oens/model/datain
run
run
GFCT05R20120212002012021206F.fct.T126L28
/gfs/home3/modoper/tempo/global/oens/recfct/datain/GFCT05R20120212002012021206F.fct.T126L28
+ echo Recomposition  -x-  RUNNING ...
Recomposition  -x-  RUNNING ...
+ source=/gfs/home3/modoper/tempo/global/oens/recfct/source
+ bin=/gfs/home3/modoper/tempo/global/oens/recfct/bin/T126L28
+ input=/gfs/home3/modoper/tempo/global/oens/recfct/datain
+ out=/gfs/home3/modoper/tempo/global/oens/recfct/output
+ echo run
run
+ [ run = make ]
+ echo run
run
+ [ run = clean ]
+ cd /gfs/home3/modoper/tempo/global/oens/recfct/bin/T126L28
+ echo ./recfct.T126L28 < /gfs/home3/modoper/tempo/global/oens/recfct/datain/recfctFCT05R.nml > /gfs/home3/modoper/tempo/global/oens/recfct/output/recfct.out.2012021200.04:45.T126L28
./recfct.T126L28 < /gfs/home3/modoper/tempo/global/oens/recfct/datain/recfctFCT05R.nml > /gfs/home3/modoper/tempo/global/oens/recfct/output/recfct.out.2012021200.04:45.T126L28
+ ./recfct.T126L28
+ 0< /gfs/home3/modoper/tempo/global/oens/recfct/datain/recfctFCT05R.nml 1> /gfs/home3/modoper/tempo/global/oens/recfct/output/recfct.out.2012021200.04:45.T126L28
 
 
     ******  Program Information  ******
  Real Time (sec)       :          5.684120
  User Time (sec)       :          4.138020
  Sys  Time (sec)       :          0.094628
  Vector Time (sec)     :          0.346923
  Inst. Count           :        1596986017.
  V. Inst. Count        :          16052480.
  V. Element Count      :        1289251883.
  FLOP Count            :         534710003.
  MOPS                  :        693.613243
  MFLOPS                :        129.218808
  VLEN                  :         80.314810
  V. Op. Ratio (%)      :         44.918766
  Memory Size (MB)      :        192.031250
  MIPS                  :        385.929997
  I-Cache (sec)         :          0.004131
  O-Cache (sec)         :          0.879227
  Bank (sec)            :          0.001190
 
  Start Time (date)  :  2012/02/12 04:45:27
  End   Time (date)  :  2012/02/12 04:45:33
-rw-r--r--    1 modoper  pnt             600 Feb 12 04:45 /gfs/home3/modoper/tempo/global/oens/eof/datain/templ052012021200
sx6
PNT-EN
12021204:45
out
/gfs/home3/modoper/tempo/global/oens
/gfs/home3/modoper/tempo/global/oens
/gfs/dk22/modoper/tempo/global/oens
/gfs/dk22/modoper/tempo/global/oens/model/datain
/gfs/home3/modoper/tempo/global/oens/run/setrecfct.1.FCT05RT126L28.sx6
Date: 20120212
Hour: 04:45
FCT05R
2012021200
2012021209
GFCT05R
GFCT05R
GFCT05R
F.fct
F.fct
R.fct
/gfs/home3/modoper/tempo/global/oens
/gfs/home3/modoper/tempo/global/oens
/gfs/dk22/modoper/tempo/global/oens
/gfs/dk22/modoper/tempo/global/oens/model/datain
run
run
GFCT05R20120212002012021209F.fct.T126L28
/gfs/home3/modoper/tempo/global/oens/recfct/datain/GFCT05R20120212002012021209F.fct.T126L28
+ echo Recomposition  -x-  RUNNING ...
Recomposition  -x-  RUNNING ...
+ source=/gfs/home3/modoper/tempo/global/oens/recfct/source
+ bin=/gfs/home3/modoper/tempo/global/oens/recfct/bin/T126L28
+ input=/gfs/home3/modoper/tempo/global/oens/recfct/datain
+ out=/gfs/home3/modoper/tempo/global/oens/recfct/output
+ echo run
run
+ [ run = make ]
+ echo run
run
+ [ run = clean ]
+ cd /gfs/home3/modoper/tempo/global/oens/recfct/bin/T126L28
+ echo ./recfct.T126L28 < /gfs/home3/modoper/tempo/global/oens/recfct/datain/recfctFCT05R.nml > /gfs/home3/modoper/tempo/global/oens/recfct/output/recfct.out.2012021200.04:45.T126L28
./recfct.T126L28 < /gfs/home3/modoper/tempo/global/oens/recfct/datain/recfctFCT05R.nml > /gfs/home3/modoper/tempo/global/oens/recfct/output/recfct.out.2012021200.04:45.T126L28
+ ./recfct.T126L28
+ 0< /gfs/home3/modoper/tempo/global/oens/recfct/datain/recfctFCT05R.nml 1> /gfs/home3/modoper/tempo/global/oens/recfct/output/recfct.out.2012021200.04:45.T126L28
 
 
     ******  Program Information  ******
  Real Time (sec)       :          5.843176
  User Time (sec)       :          4.137187
  Sys  Time (sec)       :          0.094704
  Vector Time (sec)     :          0.346691
  Inst. Count           :        1596986017.
  V. Inst. Count        :          16052480.
  V. Element Count      :        1289251883.
  FLOP Count            :         534710003.
  MOPS                  :        693.752808
  MFLOPS                :        129.244809
  VLEN                  :         80.314810
  V. Op. Ratio (%)      :         44.918766
  Memory Size (MB)      :        192.031250
  MIPS                  :        386.007652
  I-Cache (sec)         :          0.004074
  O-Cache (sec)         :          0.878516
  Bank (sec)            :          0.001190
 
  Start Time (date)  :  2012/02/12 04:45:34
  End   Time (date)  :  2012/02/12 04:45:40
-rw-r--r--    1 modoper  pnt             800 Feb 12 04:45 /gfs/home3/modoper/tempo/global/oens/eof/datain/templ052012021200
sx6
PNT-EN
12021204:45
out
/gfs/home3/modoper/tempo/global/oens
/gfs/home3/modoper/tempo/global/oens
/gfs/dk22/modoper/tempo/global/oens
/gfs/dk22/modoper/tempo/global/oens/model/datain
/gfs/home3/modoper/tempo/global/oens/run/setrecfct.1.FCT05RT126L28.sx6
Date: 20120212
Hour: 04:45
FCT05R
2012021200
2012021212
GFCT05R
GFCT05R
GFCT05R
F.fct
F.fct
R.fct
/gfs/home3/modoper/tempo/global/oens
/gfs/home3/modoper/tempo/global/oens
/gfs/dk22/modoper/tempo/global/oens
/gfs/dk22/modoper/tempo/global/oens/model/datain
run
run
GFCT05R20120212002012021212F.fct.T126L28
/gfs/home3/modoper/tempo/global/oens/recfct/datain/GFCT05R20120212002012021212F.fct.T126L28
+ echo Recomposition  -x-  RUNNING ...
Recomposition  -x-  RUNNING ...
+ source=/gfs/home3/modoper/tempo/global/oens/recfct/source
+ bin=/gfs/home3/modoper/tempo/global/oens/recfct/bin/T126L28
+ input=/gfs/home3/modoper/tempo/global/oens/recfct/datain
+ out=/gfs/home3/modoper/tempo/global/oens/recfct/output
+ echo run
run
+ [ run = make ]
+ echo run
run
+ [ run = clean ]
+ cd /gfs/home3/modoper/tempo/global/oens/recfct/bin/T126L28
+ echo ./recfct.T126L28 < /gfs/home3/modoper/tempo/global/oens/recfct/datain/recfctFCT05R.nml > /gfs/home3/modoper/tempo/global/oens/recfct/output/recfct.out.2012021200.04:45.T126L28
./recfct.T126L28 < /gfs/home3/modoper/tempo/global/oens/recfct/datain/recfctFCT05R.nml > /gfs/home3/modoper/tempo/global/oens/recfct/output/recfct.out.2012021200.04:45.T126L28
+ ./recfct.T126L28
+ 0< /gfs/home3/modoper/tempo/global/oens/recfct/datain/recfctFCT05R.nml 1> /gfs/home3/modoper/tempo/global/oens/recfct/output/recfct.out.2012021200.04:45.T126L28
 
 
     ******  Program Information  ******
  Real Time (sec)       :          5.865488
  User Time (sec)       :          4.137500
  Sys  Time (sec)       :          0.099092
  Vector Time (sec)     :          0.346825
  Inst. Count           :        1596986048.
  V. Inst. Count        :          16052480.
  V. Element Count      :        1289251883.
  FLOP Count            :         534710004.
  MOPS                  :        693.700444
  MFLOPS                :        129.235052
  VLEN                  :         80.314810
  V. Op. Ratio (%)      :         44.918766
  Memory Size (MB)      :        192.031250
  MIPS                  :        385.978519
  I-Cache (sec)         :          0.004162
  O-Cache (sec)         :          0.878766
  Bank (sec)            :          0.001190
 
  Start Time (date)  :  2012/02/12 04:45:41
  End   Time (date)  :  2012/02/12 04:45:47
-rw-r--r--    1 modoper  pnt            1000 Feb 12 04:45 /gfs/home3/modoper/tempo/global/oens/eof/datain/templ052012021200
sx6
PNT-EN
12021204:45
out
/gfs/home3/modoper/tempo/global/oens
/gfs/home3/modoper/tempo/global/oens
/gfs/dk22/modoper/tempo/global/oens
/gfs/dk22/modoper/tempo/global/oens/model/datain
/gfs/home3/modoper/tempo/global/oens/run/setrecfct.1.FCT05RT126L28.sx6
Date: 20120212
Hour: 04:45
FCT05R
2012021200
2012021215
GFCT05R
GFCT05R
GFCT05R
F.fct
F.fct
R.fct
/gfs/home3/modoper/tempo/global/oens
/gfs/home3/modoper/tempo/global/oens
/gfs/dk22/modoper/tempo/global/oens
/gfs/dk22/modoper/tempo/global/oens/model/datain
run
run
GFCT05R20120212002012021215F.fct.T126L28
/gfs/home3/modoper/tempo/global/oens/recfct/datain/GFCT05R20120212002012021215F.fct.T126L28
+ echo Recomposition  -x-  RUNNING ...
Recomposition  -x-  RUNNING ...
+ source=/gfs/home3/modoper/tempo/global/oens/recfct/source
+ bin=/gfs/home3/modoper/tempo/global/oens/recfct/bin/T126L28
+ input=/gfs/home3/modoper/tempo/global/oens/recfct/datain
+ out=/gfs/home3/modoper/tempo/global/oens/recfct/output
+ echo run
run
+ [ run = make ]
+ echo run
run
+ [ run = clean ]
+ cd /gfs/home3/modoper/tempo/global/oens/recfct/bin/T126L28
+ echo ./recfct.T126L28 < /gfs/home3/modoper/tempo/global/oens/recfct/datain/recfctFCT05R.nml > /gfs/home3/modoper/tempo/global/oens/recfct/output/recfct.out.2012021200.04:45.T126L28
./recfct.T126L28 < /gfs/home3/modoper/tempo/global/oens/recfct/datain/recfctFCT05R.nml > /gfs/home3/modoper/tempo/global/oens/recfct/output/recfct.out.2012021200.04:45.T126L28
+ ./recfct.T126L28
+ 0< /gfs/home3/modoper/tempo/global/oens/recfct/datain/recfctFCT05R.nml 1> /gfs/home3/modoper/tempo/global/oens/recfct/output/recfct.out.2012021200.04:45.T126L28
 
 
     ******  Program Information  ******
  Real Time (sec)       :          5.930060
  User Time (sec)       :          4.136856
  Sys  Time (sec)       :          0.100762
  Vector Time (sec)     :          0.346492
  Inst. Count           :        1596986048.
  V. Inst. Count        :          16052480.
  V. Element Count      :        1289251883.
  FLOP Count            :         534710004.
  MOPS                  :        693.808443
  MFLOPS                :        129.255172
  VLEN                  :         80.314810
  V. Op. Ratio (%)      :         44.918766
  Memory Size (MB)      :        192.031250
  MIPS                  :        386.038611
  I-Cache (sec)         :          0.004361
  O-Cache (sec)         :          0.878393
  Bank (sec)            :          0.001190
 
  Start Time (date)  :  2012/02/12 04:45:48
  End   Time (date)  :  2012/02/12 04:45:54
-rw-r--r--    1 modoper  pnt            1200 Feb 12 04:45 /gfs/home3/modoper/tempo/global/oens/eof/datain/templ052012021200
sx6
PNT-EN
12021204:45
out
/gfs/home3/modoper/tempo/global/oens
/gfs/home3/modoper/tempo/global/oens
/gfs/dk22/modoper/tempo/global/oens
/gfs/dk22/modoper/tempo/global/oens/model/datain
/gfs/home3/modoper/tempo/global/oens/run/setrecfct.1.FCT05RT126L28.sx6
Date: 20120212
Hour: 04:45
FCT05R
2012021200
2012021218
GFCT05R
GFCT05R
GFCT05R
F.fct
F.fct
R.fct
/gfs/home3/modoper/tempo/global/oens
/gfs/home3/modoper/tempo/global/oens
/gfs/dk22/modoper/tempo/global/oens
/gfs/dk22/modoper/tempo/global/oens/model/datain
run
run
GFCT05R20120212002012021218F.fct.T126L28
/gfs/home3/modoper/tempo/global/oens/recfct/datain/GFCT05R20120212002012021218F.fct.T126L28
+ echo Recomposition  -x-  RUNNING ...
Recomposition  -x-  RUNNING ...
+ source=/gfs/home3/modoper/tempo/global/oens/recfct/source
+ bin=/gfs/home3/modoper/tempo/global/oens/recfct/bin/T126L28
+ input=/gfs/home3/modoper/tempo/global/oens/recfct/datain
+ out=/gfs/home3/modoper/tempo/global/oens/recfct/output
+ echo run
run
+ [ run = make ]
+ echo run
run
+ [ run = clean ]
+ cd /gfs/home3/modoper/tempo/global/oens/recfct/bin/T126L28
+ echo ./recfct.T126L28 < /gfs/home3/modoper/tempo/global/oens/recfct/datain/recfctFCT05R.nml > /gfs/home3/modoper/tempo/global/oens/recfct/output/recfct.out.2012021200.04:45.T126L28
./recfct.T126L28 < /gfs/home3/modoper/tempo/global/oens/recfct/datain/recfctFCT05R.nml > /gfs/home3/modoper/tempo/global/oens/recfct/output/recfct.out.2012021200.04:45.T126L28
+ ./recfct.T126L28
+ 0< /gfs/home3/modoper/tempo/global/oens/recfct/datain/recfctFCT05R.nml 1> /gfs/home3/modoper/tempo/global/oens/recfct/output/recfct.out.2012021200.04:45.T126L28
 
 
     ******  Program Information  ******
  Real Time (sec)       :          6.318944
  User Time (sec)       :          4.137217
  Sys  Time (sec)       :          0.102149
  Vector Time (sec)     :          0.346652
  Inst. Count           :        1596986048.
  V. Inst. Count        :          16052480.
  V. Element Count      :        1289251883.
  FLOP Count            :         534710004.
  MOPS                  :        693.747864
  MFLOPS                :        129.243887
  VLEN                  :         80.314810
  V. Op. Ratio (%)      :         44.918766
  Memory Size (MB)      :        192.031250
  MIPS                  :        386.004904
  I-Cache (sec)         :          0.004378
  O-Cache (sec)         :          0.878631
  Bank (sec)            :          0.001190
 
  Start Time (date)  :  2012/02/12 04:45:55
  End   Time (date)  :  2012/02/12 04:46:01
-rw-r--r--    1 modoper  pnt            1400 Feb 12 04:46 /gfs/home3/modoper/tempo/global/oens/eof/datain/templ052012021200
sx6
PNT-EN
12021204:46
out
/gfs/home3/modoper/tempo/global/oens
/gfs/home3/modoper/tempo/global/oens
/gfs/dk22/modoper/tempo/global/oens
/gfs/dk22/modoper/tempo/global/oens/model/datain
/gfs/home3/modoper/tempo/global/oens/run/setrecfct.1.FCT05RT126L28.sx6
Date: 20120212
Hour: 04:46
FCT05R
2012021200
2012021221
GFCT05R
GFCT05R
GFCT05R
F.fct
F.fct
R.fct
/gfs/home3/modoper/tempo/global/oens
/gfs/home3/modoper/tempo/global/oens
/gfs/dk22/modoper/tempo/global/oens
/gfs/dk22/modoper/tempo/global/oens/model/datain
run
run
GFCT05R20120212002012021221F.fct.T126L28
/gfs/home3/modoper/tempo/global/oens/recfct/datain/GFCT05R20120212002012021221F.fct.T126L28
+ echo Recomposition  -x-  RUNNING ...
Recomposition  -x-  RUNNING ...
+ source=/gfs/home3/modoper/tempo/global/oens/recfct/source
+ bin=/gfs/home3/modoper/tempo/global/oens/recfct/bin/T126L28
+ input=/gfs/home3/modoper/tempo/global/oens/recfct/datain
+ out=/gfs/home3/modoper/tempo/global/oens/recfct/output
+ echo run
run
+ [ run = make ]
+ echo run
run
+ [ run = clean ]
+ cd /gfs/home3/modoper/tempo/global/oens/recfct/bin/T126L28
+ echo ./recfct.T126L28 < /gfs/home3/modoper/tempo/global/oens/recfct/datain/recfctFCT05R.nml > /gfs/home3/modoper/tempo/global/oens/recfct/output/recfct.out.2012021200.04:46.T126L28
./recfct.T126L28 < /gfs/home3/modoper/tempo/global/oens/recfct/datain/recfctFCT05R.nml > /gfs/home3/modoper/tempo/global/oens/recfct/output/recfct.out.2012021200.04:46.T126L28
+ ./recfct.T126L28
+ 0< /gfs/home3/modoper/tempo/global/oens/recfct/datain/recfctFCT05R.nml 1> /gfs/home3/modoper/tempo/global/oens/recfct/output/recfct.out.2012021200.04:46.T126L28
 
 
     ******  Program Information  ******
  Real Time (sec)       :          5.950246
  User Time (sec)       :          4.135780
  Sys  Time (sec)       :          0.099977
  Vector Time (sec)     :          0.346136
  Inst. Count           :        1596986048.
  V. Inst. Count        :          16052480.
  V. Element Count      :        1289251883.
  FLOP Count            :         534710004.
  MOPS                  :        693.988924
  MFLOPS                :        129.288796
  VLEN                  :         80.314810
  V. Op. Ratio (%)      :         44.918766
  Memory Size (MB)      :        192.031250
  MIPS                  :        386.139031
  I-Cache (sec)         :          0.004290
  O-Cache (sec)         :          0.877822
  Bank (sec)            :          0.001190
 
  Start Time (date)  :  2012/02/12 04:46:02
  End   Time (date)  :  2012/02/12 04:46:08
-rw-r--r--    1 modoper  pnt            1600 Feb 12 04:46 /gfs/home3/modoper/tempo/global/oens/eof/datain/templ052012021200
sx6
PNT-EN
12021204:46
out
/gfs/home3/modoper/tempo/global/oens
/gfs/home3/modoper/tempo/global/oens
/gfs/dk22/modoper/tempo/global/oens
/gfs/dk22/modoper/tempo/global/oens/model/datain
/gfs/home3/modoper/tempo/global/oens/run/setrecfct.1.FCT05RT126L28.sx6
Date: 20120212
Hour: 04:46
FCT05R
2012021200
2012021300
GFCT05R
GFCT05R
GFCT05R
F.fct
F.fct
R.fct
/gfs/home3/modoper/tempo/global/oens
/gfs/home3/modoper/tempo/global/oens
/gfs/dk22/modoper/tempo/global/oens
/gfs/dk22/modoper/tempo/global/oens/model/datain
run
run
GFCT05R20120212002012021300F.fct.T126L28
/gfs/home3/modoper/tempo/global/oens/recfct/datain/GFCT05R20120212002012021300F.fct.T126L28
+ echo Recomposition  -x-  RUNNING ...
Recomposition  -x-  RUNNING ...
+ source=/gfs/home3/modoper/tempo/global/oens/recfct/source
+ bin=/gfs/home3/modoper/tempo/global/oens/recfct/bin/T126L28
+ input=/gfs/home3/modoper/tempo/global/oens/recfct/datain
+ out=/gfs/home3/modoper/tempo/global/oens/recfct/output
+ echo run
run
+ [ run = make ]
+ echo run
run
+ [ run = clean ]
+ cd /gfs/home3/modoper/tempo/global/oens/recfct/bin/T126L28
+ echo ./recfct.T126L28 < /gfs/home3/modoper/tempo/global/oens/recfct/datain/recfctFCT05R.nml > /gfs/home3/modoper/tempo/global/oens/recfct/output/recfct.out.2012021200.04:46.T126L28
./recfct.T126L28 < /gfs/home3/modoper/tempo/global/oens/recfct/datain/recfctFCT05R.nml > /gfs/home3/modoper/tempo/global/oens/recfct/output/recfct.out.2012021200.04:46.T126L28
+ ./recfct.T126L28
+ 0< /gfs/home3/modoper/tempo/global/oens/recfct/datain/recfctFCT05R.nml 1> /gfs/home3/modoper/tempo/global/oens/recfct/output/recfct.out.2012021200.04:46.T126L28
 
 
     ******  Program Information  ******
  Real Time (sec)       :          5.679103
  User Time (sec)       :          4.137637
  Sys  Time (sec)       :          0.100706
  Vector Time (sec)     :          0.346643
  Inst. Count           :        1596986017.
  V. Inst. Count        :          16052480.
  V. Element Count      :        1289251883.
  FLOP Count            :         534710003.
  MOPS                  :        693.677464
  MFLOPS                :        129.230772
  VLEN                  :         80.314810
  V. Op. Ratio (%)      :         44.918766
  Memory Size (MB)      :        192.031250
  MIPS                  :        385.965730
  I-Cache (sec)         :          0.004658
  O-Cache (sec)         :          0.878901
  Bank (sec)            :          0.001190
 
  Start Time (date)  :  2012/02/12 04:46:09
  End   Time (date)  :  2012/02/12 04:46:15
-rw-r--r--    1 modoper  pnt            1800 Feb 12 04:46 /gfs/home3/modoper/tempo/global/oens/eof/datain/templ052012021200
sx6
PNT-EN
12021204:46
out
/gfs/home3/modoper/tempo/global/oens
/gfs/home3/modoper/tempo/global/oens
/gfs/dk22/modoper/tempo/global/oens
/gfs/dk22/modoper/tempo/global/oens/model/datain
/gfs/home3/modoper/tempo/global/oens/run/setrecfct.1.FCT05RT126L28.sx6
Date: 20120212
Hour: 04:46
FCT05R
2012021200
2012021303
GFCT05R
GFCT05R
GFCT05R
F.fct
F.fct
R.fct
/gfs/home3/modoper/tempo/global/oens
/gfs/home3/modoper/tempo/global/oens
/gfs/dk22/modoper/tempo/global/oens
/gfs/dk22/modoper/tempo/global/oens/model/datain
run
run
GFCT05R20120212002012021303F.fct.T126L28
/gfs/home3/modoper/tempo/global/oens/recfct/datain/GFCT05R20120212002012021303F.fct.T126L28
+ echo Recomposition  -x-  RUNNING ...
Recomposition  -x-  RUNNING ...
+ source=/gfs/home3/modoper/tempo/global/oens/recfct/source
+ bin=/gfs/home3/modoper/tempo/global/oens/recfct/bin/T126L28
+ input=/gfs/home3/modoper/tempo/global/oens/recfct/datain
+ out=/gfs/home3/modoper/tempo/global/oens/recfct/output
+ echo run
run
+ [ run = make ]
+ echo run
run
+ [ run = clean ]
+ cd /gfs/home3/modoper/tempo/global/oens/recfct/bin/T126L28
+ echo ./recfct.T126L28 < /gfs/home3/modoper/tempo/global/oens/recfct/datain/recfctFCT05R.nml > /gfs/home3/modoper/tempo/global/oens/recfct/output/recfct.out.2012021200.04:46.T126L28
./recfct.T126L28 < /gfs/home3/modoper/tempo/global/oens/recfct/datain/recfctFCT05R.nml > /gfs/home3/modoper/tempo/global/oens/recfct/output/recfct.out.2012021200.04:46.T126L28
+ ./recfct.T126L28
+ 0< /gfs/home3/modoper/tempo/global/oens/recfct/datain/recfctFCT05R.nml 1> /gfs/home3/modoper/tempo/global/oens/recfct/output/recfct.out.2012021200.04:46.T126L28
 
 
     ******  Program Information  ******
  Real Time (sec)       :          5.413243
  User Time (sec)       :          4.137958
  Sys  Time (sec)       :          0.086827
  Vector Time (sec)     :          0.346998
  Inst. Count           :        1596986017.
  V. Inst. Count        :          16052480.
  V. Element Count      :        1289251883.
  FLOP Count            :         534710003.
  MOPS                  :        693.623598
  MFLOPS                :        129.220737
  VLEN                  :         80.314810
  V. Op. Ratio (%)      :         44.918766
  Memory Size (MB)      :        192.031250
  MIPS                  :        385.935759
  I-Cache (sec)         :          0.003095
  O-Cache (sec)         :          0.878823
  Bank (sec)            :          0.001190
 
  Start Time (date)  :  2012/02/12 04:46:22
  End   Time (date)  :  2012/02/12 04:46:27
-rw-r--r--    1 modoper  pnt            2000 Feb 12 04:46 /gfs/home3/modoper/tempo/global/oens/eof/datain/templ052012021200
sx6
PNT-EN
12021204:46
out
/gfs/home3/modoper/tempo/global/oens
/gfs/home3/modoper/tempo/global/oens
/gfs/dk22/modoper/tempo/global/oens
/gfs/dk22/modoper/tempo/global/oens/model/datain
/gfs/home3/modoper/tempo/global/oens/run/setrecfct.1.FCT05RT126L28.sx6
Date: 20120212
Hour: 04:46
FCT05R
2012021200
2012021306
GFCT05R
GFCT05R
GFCT05R
F.fct
F.fct
R.fct
/gfs/home3/modoper/tempo/global/oens
/gfs/home3/modoper/tempo/global/oens
/gfs/dk22/modoper/tempo/global/oens
/gfs/dk22/modoper/tempo/global/oens/model/datain
run
run
GFCT05R20120212002012021306F.fct.T126L28
/gfs/home3/modoper/tempo/global/oens/recfct/datain/GFCT05R20120212002012021306F.fct.T126L28
+ echo Recomposition  -x-  RUNNING ...
Recomposition  -x-  RUNNING ...
+ source=/gfs/home3/modoper/tempo/global/oens/recfct/source
+ bin=/gfs/home3/modoper/tempo/global/oens/recfct/bin/T126L28
+ input=/gfs/home3/modoper/tempo/global/oens/recfct/datain
+ out=/gfs/home3/modoper/tempo/global/oens/recfct/output
+ echo run
run
+ [ run = make ]
+ echo run
run
+ [ run = clean ]
+ cd /gfs/home3/modoper/tempo/global/oens/recfct/bin/T126L28
+ echo ./recfct.T126L28 < /gfs/home3/modoper/tempo/global/oens/recfct/datain/recfctFCT05R.nml > /gfs/home3/modoper/tempo/global/oens/recfct/output/recfct.out.2012021200.04:46.T126L28
./recfct.T126L28 < /gfs/home3/modoper/tempo/global/oens/recfct/datain/recfctFCT05R.nml > /gfs/home3/modoper/tempo/global/oens/recfct/output/recfct.out.2012021200.04:46.T126L28
+ ./recfct.T126L28
+ 0< /gfs/home3/modoper/tempo/global/oens/recfct/datain/recfctFCT05R.nml 1> /gfs/home3/modoper/tempo/global/oens/recfct/output/recfct.out.2012021200.04:46.T126L28
 
 
     ******  Program Information  ******
  Real Time (sec)       :          5.578610
  User Time (sec)       :          4.139958
  Sys  Time (sec)       :          0.107925
  Vector Time (sec)     :          0.347011
  Inst. Count           :        1596986017.
  V. Inst. Count        :          16052480.
  V. Element Count      :        1289251883.
  FLOP Count            :         534710003.
  MOPS                  :        693.288587
  MFLOPS                :        129.158325
  VLEN                  :         80.314810
  V. Op. Ratio (%)      :         44.918766
  Memory Size (MB)      :        192.031250
  MIPS                  :        385.749357
  I-Cache (sec)         :          0.005062
  O-Cache (sec)         :          0.880594
  Bank (sec)            :          0.001190
 
  Start Time (date)  :  2012/02/12 04:46:29
  End   Time (date)  :  2012/02/12 04:46:34
-rw-r--r--    1 modoper  pnt            2200 Feb 12 04:46 /gfs/home3/modoper/tempo/global/oens/eof/datain/templ052012021200
sx6
PNT-EN
12021204:46
out
/gfs/home3/modoper/tempo/global/oens
/gfs/home3/modoper/tempo/global/oens
/gfs/dk22/modoper/tempo/global/oens
/gfs/dk22/modoper/tempo/global/oens/model/datain
/gfs/home3/modoper/tempo/global/oens/run/setrecfct.1.FCT05RT126L28.sx6
Date: 20120212
Hour: 04:46
FCT05R
2012021200
2012021309
GFCT05R
GFCT05R
GFCT05R
F.fct
F.fct
R.fct
/gfs/home3/modoper/tempo/global/oens
/gfs/home3/modoper/tempo/global/oens
/gfs/dk22/modoper/tempo/global/oens
/gfs/dk22/modoper/tempo/global/oens/model/datain
run
run
GFCT05R20120212002012021309F.fct.T126L28
/gfs/home3/modoper/tempo/global/oens/recfct/datain/GFCT05R20120212002012021309F.fct.T126L28
+ echo Recomposition  -x-  RUNNING ...
Recomposition  -x-  RUNNING ...
+ source=/gfs/home3/modoper/tempo/global/oens/recfct/source
+ bin=/gfs/home3/modoper/tempo/global/oens/recfct/bin/T126L28
+ input=/gfs/home3/modoper/tempo/global/oens/recfct/datain
+ out=/gfs/home3/modoper/tempo/global/oens/recfct/output
+ echo run
run
+ [ run = make ]
+ echo run
run
+ [ run = clean ]
+ cd /gfs/home3/modoper/tempo/global/oens/recfct/bin/T126L28
+ echo ./recfct.T126L28 < /gfs/home3/modoper/tempo/global/oens/recfct/datain/recfctFCT05R.nml > /gfs/home3/modoper/tempo/global/oens/recfct/output/recfct.out.2012021200.04:46.T126L28
./recfct.T126L28 < /gfs/home3/modoper/tempo/global/oens/recfct/datain/recfctFCT05R.nml > /gfs/home3/modoper/tempo/global/oens/recfct/output/recfct.out.2012021200.04:46.T126L28
+ ./recfct.T126L28
+ 0< /gfs/home3/modoper/tempo/global/oens/recfct/datain/recfctFCT05R.nml 1> /gfs/home3/modoper/tempo/global/oens/recfct/output/recfct.out.2012021200.04:46.T126L28
 
 
     ******  Program Information  ******
  Real Time (sec)       :         11.594271
  User Time (sec)       :          4.138527
  Sys  Time (sec)       :          0.110272
  Vector Time (sec)     :          0.346652
  Inst. Count           :        1596986017.
  V. Inst. Count        :          16052480.
  V. Element Count      :        1289251883.
  FLOP Count            :         534710003.
  MOPS                  :        693.528292
  MFLOPS                :        129.202982
  VLEN                  :         80.314810
  V. Op. Ratio (%)      :         44.918766
  Memory Size (MB)      :        192.031250
  MIPS                  :        385.882730
  I-Cache (sec)         :          0.004843
  O-Cache (sec)         :          0.879821
  Bank (sec)            :          0.001190
 
  Start Time (date)  :  2012/02/12 04:46:35
  End   Time (date)  :  2012/02/12 04:46:47
-rw-r--r--    1 modoper  pnt            2400 Feb 12 04:46 /gfs/home3/modoper/tempo/global/oens/eof/datain/templ052012021200
sx6
PNT-EN
12021204:46
out
/gfs/home3/modoper/tempo/global/oens
/gfs/home3/modoper/tempo/global/oens
/gfs/dk22/modoper/tempo/global/oens
/gfs/dk22/modoper/tempo/global/oens/model/datain
/gfs/home3/modoper/tempo/global/oens/run/setrecfct.1.FCT05RT126L28.sx6
Date: 20120212
Hour: 04:46
FCT05R
2012021200
2012021312
GFCT05R
GFCT05R
GFCT05R
F.fct
F.fct
R.fct
/gfs/home3/modoper/tempo/global/oens
/gfs/home3/modoper/tempo/global/oens
/gfs/dk22/modoper/tempo/global/oens
/gfs/dk22/modoper/tempo/global/oens/model/datain
run
run
GFCT05R20120212002012021312F.fct.T126L28
/gfs/home3/modoper/tempo/global/oens/recfct/datain/GFCT05R20120212002012021312F.fct.T126L28
+ echo Recomposition  -x-  RUNNING ...
Recomposition  -x-  RUNNING ...
+ source=/gfs/home3/modoper/tempo/global/oens/recfct/source
+ bin=/gfs/home3/modoper/tempo/global/oens/recfct/bin/T126L28
+ input=/gfs/home3/modoper/tempo/global/oens/recfct/datain
+ out=/gfs/home3/modoper/tempo/global/oens/recfct/output
+ echo run
run
+ [ run = make ]
+ echo run
run
+ [ run = clean ]
+ cd /gfs/home3/modoper/tempo/global/oens/recfct/bin/T126L28
+ echo ./recfct.T126L28 < /gfs/home3/modoper/tempo/global/oens/recfct/datain/recfctFCT05R.nml > /gfs/home3/modoper/tempo/global/oens/recfct/output/recfct.out.2012021200.04:46.T126L28
./recfct.T126L28 < /gfs/home3/modoper/tempo/global/oens/recfct/datain/recfctFCT05R.nml > /gfs/home3/modoper/tempo/global/oens/recfct/output/recfct.out.2012021200.04:46.T126L28
+ ./recfct.T126L28
+ 0< /gfs/home3/modoper/tempo/global/oens/recfct/datain/recfctFCT05R.nml 1> /gfs/home3/modoper/tempo/global/oens/recfct/output/recfct.out.2012021200.04:46.T126L28
 
 
     ******  Program Information  ******
  Real Time (sec)       :          9.543677
  User Time (sec)       :          4.141562
  Sys  Time (sec)       :          0.064082
  Vector Time (sec)     :          0.350479
  Inst. Count           :        1596986048.
  V. Inst. Count        :          16052480.
  V. Element Count      :        1289251883.
  FLOP Count            :         534710004.
  MOPS                  :        693.020031
  MFLOPS                :        129.108293
  VLEN                  :         80.314810
  V. Op. Ratio (%)      :         44.918766
  Memory Size (MB)      :        192.031250
  MIPS                  :        385.599934
  I-Cache (sec)         :          0.000802
  O-Cache (sec)         :          0.881266
  Bank (sec)            :          0.001190
 
  Start Time (date)  :  2012/02/12 04:46:48
  End   Time (date)  :  2012/02/12 04:46:58
-rw-r--r--    1 modoper  pnt            2600 Feb 12 04:46 /gfs/home3/modoper/tempo/global/oens/eof/datain/templ052012021200
sx6
PNT-EN
12021204:46
out
/gfs/home3/modoper/tempo/global/oens
/gfs/home3/modoper/tempo/global/oens
/gfs/dk22/modoper/tempo/global/oens
/gfs/dk22/modoper/tempo/global/oens/model/datain
/gfs/home3/modoper/tempo/global/oens/run/setrecfct.1.FCT05RT126L28.sx6
Date: 20120212
Hour: 04:46
FCT05R
2012021200
2012021315
GFCT05R
GFCT05R
GFCT05R
F.fct
F.fct
R.fct
/gfs/home3/modoper/tempo/global/oens
/gfs/home3/modoper/tempo/global/oens
/gfs/dk22/modoper/tempo/global/oens
/gfs/dk22/modoper/tempo/global/oens/model/datain
run
run
GFCT05R20120212002012021315F.fct.T126L28
/gfs/home3/modoper/tempo/global/oens/recfct/datain/GFCT05R20120212002012021315F.fct.T126L28
+ echo Recomposition  -x-  RUNNING ...
Recomposition  -x-  RUNNING ...
+ source=/gfs/home3/modoper/tempo/global/oens/recfct/source
+ bin=/gfs/home3/modoper/tempo/global/oens/recfct/bin/T126L28
+ input=/gfs/home3/modoper/tempo/global/oens/recfct/datain
+ out=/gfs/home3/modoper/tempo/global/oens/recfct/output
+ echo run
run
+ [ run = make ]
+ echo run
run
+ [ run = clean ]
+ cd /gfs/home3/modoper/tempo/global/oens/recfct/bin/T126L28
+ echo ./recfct.T126L28 < /gfs/home3/modoper/tempo/global/oens/recfct/datain/recfctFCT05R.nml > /gfs/home3/modoper/tempo/global/oens/recfct/output/recfct.out.2012021200.04:46.T126L28
./recfct.T126L28 < /gfs/home3/modoper/tempo/global/oens/recfct/datain/recfctFCT05R.nml > /gfs/home3/modoper/tempo/global/oens/recfct/output/recfct.out.2012021200.04:46.T126L28
+ ./recfct.T126L28
+ 0< /gfs/home3/modoper/tempo/global/oens/recfct/datain/recfctFCT05R.nml 1> /gfs/home3/modoper/tempo/global/oens/recfct/output/recfct.out.2012021200.04:46.T126L28
 
 
     ******  Program Information  ******
  Real Time (sec)       :         11.089340
  User Time (sec)       :          4.141171
  Sys  Time (sec)       :          0.062462
  Vector Time (sec)     :          0.349350
  Inst. Count           :        1596986048.
  V. Inst. Count        :          16052480.
  V. Element Count      :        1289251883.
  FLOP Count            :         534710004.
  MOPS                  :        693.085416
  MFLOPS                :        129.120474
  VLEN                  :         80.314810
  V. Op. Ratio (%)      :         44.918766
  Memory Size (MB)      :        192.031250
  MIPS                  :        385.636315
  I-Cache (sec)         :          0.000796
  O-Cache (sec)         :          0.879926
  Bank (sec)            :          0.001190
 
  Start Time (date)  :  2012/02/12 04:46:59
  End   Time (date)  :  2012/02/12 04:47:10
-rw-r--r--    1 modoper  pnt            2800 Feb 12 04:47 /gfs/home3/modoper/tempo/global/oens/eof/datain/templ052012021200
sx6
PNT-EN
12021204:47
out
/gfs/home3/modoper/tempo/global/oens
/gfs/home3/modoper/tempo/global/oens
/gfs/dk22/modoper/tempo/global/oens
/gfs/dk22/modoper/tempo/global/oens/model/datain
/gfs/home3/modoper/tempo/global/oens/run/setrecfct.1.FCT05RT126L28.sx6
Date: 20120212
Hour: 04:47
FCT05R
2012021200
2012021318
GFCT05R
GFCT05R
GFCT05R
F.fct
F.fct
R.fct
/gfs/home3/modoper/tempo/global/oens
/gfs/home3/modoper/tempo/global/oens
/gfs/dk22/modoper/tempo/global/oens
/gfs/dk22/modoper/tempo/global/oens/model/datain
run
run
GFCT05R20120212002012021318F.fct.T126L28
/gfs/home3/modoper/tempo/global/oens/recfct/datain/GFCT05R20120212002012021318F.fct.T126L28
+ echo Recomposition  -x-  RUNNING ...
Recomposition  -x-  RUNNING ...
+ source=/gfs/home3/modoper/tempo/global/oens/recfct/source
+ bin=/gfs/home3/modoper/tempo/global/oens/recfct/bin/T126L28
+ input=/gfs/home3/modoper/tempo/global/oens/recfct/datain
+ out=/gfs/home3/modoper/tempo/global/oens/recfct/output
+ echo run
run
+ [ run = make ]
+ echo run
run
+ [ run = clean ]
+ cd /gfs/home3/modoper/tempo/global/oens/recfct/bin/T126L28
+ echo ./recfct.T126L28 < /gfs/home3/modoper/tempo/global/oens/recfct/datain/recfctFCT05R.nml > /gfs/home3/modoper/tempo/global/oens/recfct/output/recfct.out.2012021200.04:47.T126L28
./recfct.T126L28 < /gfs/home3/modoper/tempo/global/oens/recfct/datain/recfctFCT05R.nml > /gfs/home3/modoper/tempo/global/oens/recfct/output/recfct.out.2012021200.04:47.T126L28
+ ./recfct.T126L28
+ 0< /gfs/home3/modoper/tempo/global/oens/recfct/datain/recfctFCT05R.nml 1> /gfs/home3/modoper/tempo/global/oens/recfct/output/recfct.out.2012021200.04:47.T126L28
 
 
     ******  Program Information  ******
  Real Time (sec)       :          6.214586
  User Time (sec)       :          4.145034
  Sys  Time (sec)       :          0.066104
  Vector Time (sec)     :          0.350441
  Inst. Count           :        1596986048.
  V. Inst. Count        :          16052480.
  V. Element Count      :        1289251883.
  FLOP Count            :         534710004.
  MOPS                  :        692.439556
  MFLOPS                :        129.000151
  VLEN                  :         80.314810
  V. Op. Ratio (%)      :         44.918766
  Memory Size (MB)      :        192.031250
  MIPS                  :        385.276954
  I-Cache (sec)         :          0.001497
  O-Cache (sec)         :          0.882606
  Bank (sec)            :          0.001190
 
  Start Time (date)  :  2012/02/12 04:47:12
  End   Time (date)  :  2012/02/12 04:47:18
-rw-r--r--    1 modoper  pnt            3000 Feb 12 04:47 /gfs/home3/modoper/tempo/global/oens/eof/datain/templ052012021200
sx6
PNT-EN
12021204:47
out
/gfs/home3/modoper/tempo/global/oens
/gfs/home3/modoper/tempo/global/oens
/gfs/dk22/modoper/tempo/global/oens
/gfs/dk22/modoper/tempo/global/oens/model/datain
/gfs/home3/modoper/tempo/global/oens/run/setrecfct.1.FCT05RT126L28.sx6
Date: 20120212
Hour: 04:47
FCT05R
2012021200
2012021321
GFCT05R
GFCT05R
GFCT05R
F.fct
F.fct
R.fct
/gfs/home3/modoper/tempo/global/oens
/gfs/home3/modoper/tempo/global/oens
/gfs/dk22/modoper/tempo/global/oens
/gfs/dk22/modoper/tempo/global/oens/model/datain
run
run
GFCT05R20120212002012021321F.fct.T126L28
/gfs/home3/modoper/tempo/global/oens/recfct/datain/GFCT05R20120212002012021321F.fct.T126L28
+ echo Recomposition  -x-  RUNNING ...
Recomposition  -x-  RUNNING ...
+ source=/gfs/home3/modoper/tempo/global/oens/recfct/source
+ bin=/gfs/home3/modoper/tempo/global/oens/recfct/bin/T126L28
+ input=/gfs/home3/modoper/tempo/global/oens/recfct/datain
+ out=/gfs/home3/modoper/tempo/global/oens/recfct/output
+ echo run
run
+ [ run = make ]
+ echo run
run
+ [ run = clean ]
+ cd /gfs/home3/modoper/tempo/global/oens/recfct/bin/T126L28
+ echo ./recfct.T126L28 < /gfs/home3/modoper/tempo/global/oens/recfct/datain/recfctFCT05R.nml > /gfs/home3/modoper/tempo/global/oens/recfct/output/recfct.out.2012021200.04:47.T126L28
./recfct.T126L28 < /gfs/home3/modoper/tempo/global/oens/recfct/datain/recfctFCT05R.nml > /gfs/home3/modoper/tempo/global/oens/recfct/output/recfct.out.2012021200.04:47.T126L28
+ ./recfct.T126L28
+ 0< /gfs/home3/modoper/tempo/global/oens/recfct/datain/recfctFCT05R.nml 1> /gfs/home3/modoper/tempo/global/oens/recfct/output/recfct.out.2012021200.04:47.T126L28
 
 
     ******  Program Information  ******
  Real Time (sec)       :         12.912438
  User Time (sec)       :          4.142145
  Sys  Time (sec)       :          0.063575
  Vector Time (sec)     :          0.349818
  Inst. Count           :        1596986048.
  V. Inst. Count        :          16052480.
  V. Element Count      :        1289251883.
  FLOP Count            :         534710004.
  MOPS                  :        692.922445
  MFLOPS                :        129.090113
  VLEN                  :         80.314810
  V. Op. Ratio (%)      :         44.918766
  Memory Size (MB)      :        192.031250
  MIPS                  :        385.545637
  I-Cache (sec)         :          0.000836
  O-Cache (sec)         :          0.882265
  Bank (sec)            :          0.001190
 
  Start Time (date)  :  2012/02/12 04:47:19
  End   Time (date)  :  2012/02/12 04:47:32
-rw-r--r--    1 modoper  pnt            3200 Feb 12 04:47 /gfs/home3/modoper/tempo/global/oens/eof/datain/templ052012021200
sx6
PNT-EN
12021204:47
out
/gfs/home3/modoper/tempo/global/oens
/gfs/home3/modoper/tempo/global/oens
/gfs/dk22/modoper/tempo/global/oens
/gfs/dk22/modoper/tempo/global/oens/model/datain
/gfs/home3/modoper/tempo/global/oens/run/setrecfct.1.FCT05RT126L28.sx6
Date: 20120212
Hour: 04:47
FCT05R
2012021200
2012021400
GFCT05R
GFCT05R
GFCT05R
F.fct
F.fct
R.fct
/gfs/home3/modoper/tempo/global/oens
/gfs/home3/modoper/tempo/global/oens
/gfs/dk22/modoper/tempo/global/oens
/gfs/dk22/modoper/tempo/global/oens/model/datain
run
run
GFCT05R20120212002012021400F.fct.T126L28
/gfs/home3/modoper/tempo/global/oens/recfct/datain/GFCT05R20120212002012021400F.fct.T126L28
+ echo Recomposition  -x-  RUNNING ...
Recomposition  -x-  RUNNING ...
+ source=/gfs/home3/modoper/tempo/global/oens/recfct/source
+ bin=/gfs/home3/modoper/tempo/global/oens/recfct/bin/T126L28
+ input=/gfs/home3/modoper/tempo/global/oens/recfct/datain
+ out=/gfs/home3/modoper/tempo/global/oens/recfct/output
+ echo run
run
+ [ run = make ]
+ echo run
run
+ [ run = clean ]
+ cd /gfs/home3/modoper/tempo/global/oens/recfct/bin/T126L28
+ echo ./recfct.T126L28 < /gfs/home3/modoper/tempo/global/oens/recfct/datain/recfctFCT05R.nml > /gfs/home3/modoper/tempo/global/oens/recfct/output/recfct.out.2012021200.04:47.T126L28
./recfct.T126L28 < /gfs/home3/modoper/tempo/global/oens/recfct/datain/recfctFCT05R.nml > /gfs/home3/modoper/tempo/global/oens/recfct/output/recfct.out.2012021200.04:47.T126L28
+ ./recfct.T126L28
+ 0< /gfs/home3/modoper/tempo/global/oens/recfct/datain/recfctFCT05R.nml 1> /gfs/home3/modoper/tempo/global/oens/recfct/output/recfct.out.2012021200.04:47.T126L28
 
 
     ******  Program Information  ******
  Real Time (sec)       :         13.683286
  User Time (sec)       :          4.139986
  Sys  Time (sec)       :          0.072305
  Vector Time (sec)     :          0.348844
  Inst. Count           :        1596986017.
  V. Inst. Count        :          16052480.
  V. Element Count      :        1289251883.
  FLOP Count            :         534710003.
  MOPS                  :        693.283832
  MFLOPS                :        129.157440
  VLEN                  :         80.314810
  V. Op. Ratio (%)      :         44.918766
  Memory Size (MB)      :        192.031250
  MIPS                  :        385.746711
  I-Cache (sec)         :          0.001562
  O-Cache (sec)         :          0.879108
  Bank (sec)            :          0.001190
 
  Start Time (date)  :  2012/02/12 04:47:34
  End   Time (date)  :  2012/02/12 04:47:48
-rw-r--r--    1 modoper  pnt            3400 Feb 12 04:47 /gfs/home3/modoper/tempo/global/oens/eof/datain/templ052012021200
sx6
PNT-EN
12021204:47
out
/gfs/home3/modoper/tempo/global/oens
/gfs/home3/modoper/tempo/global/oens
/gfs/dk22/modoper/tempo/global/oens
/gfs/dk22/modoper/tempo/global/oens/model/datain
/gfs/home3/modoper/tempo/global/oens/run/setrecfct.1.FCT05RT126L28.sx6
Date: 20120212
Hour: 04:47
FCT05R
2012021200
2012021403
GFCT05R
GFCT05R
GFCT05R
F.fct
F.fct
R.fct
/gfs/home3/modoper/tempo/global/oens
/gfs/home3/modoper/tempo/global/oens
/gfs/dk22/modoper/tempo/global/oens
/gfs/dk22/modoper/tempo/global/oens/model/datain
run
run
GFCT05R20120212002012021403F.fct.T126L28
/gfs/home3/modoper/tempo/global/oens/recfct/datain/GFCT05R20120212002012021403F.fct.T126L28
+ echo Recomposition  -x-  RUNNING ...
Recomposition  -x-  RUNNING ...
+ source=/gfs/home3/modoper/tempo/global/oens/recfct/source
+ bin=/gfs/home3/modoper/tempo/global/oens/recfct/bin/T126L28
+ input=/gfs/home3/modoper/tempo/global/oens/recfct/datain
+ out=/gfs/home3/modoper/tempo/global/oens/recfct/output
+ echo run
run
+ [ run = make ]
+ echo run
run
+ [ run = clean ]
+ cd /gfs/home3/modoper/tempo/global/oens/recfct/bin/T126L28
+ echo ./recfct.T126L28 < /gfs/home3/modoper/tempo/global/oens/recfct/datain/recfctFCT05R.nml > /gfs/home3/modoper/tempo/global/oens/recfct/output/recfct.out.2012021200.04:47.T126L28
./recfct.T126L28 < /gfs/home3/modoper/tempo/global/oens/recfct/datain/recfctFCT05R.nml > /gfs/home3/modoper/tempo/global/oens/recfct/output/recfct.out.2012021200.04:47.T126L28
+ ./recfct.T126L28
+ 0< /gfs/home3/modoper/tempo/global/oens/recfct/datain/recfctFCT05R.nml 1> /gfs/home3/modoper/tempo/global/oens/recfct/output/recfct.out.2012021200.04:47.T126L28
 
 
     ******  Program Information  ******
  Real Time (sec)       :         13.780195
  User Time (sec)       :          4.337321
  Sys  Time (sec)       :          0.067374
  Vector Time (sec)     :          0.423341
  Inst. Count           :        1596986017.
  V. Inst. Count        :          16052480.
  V. Element Count      :        1289251883.
  FLOP Count            :         534710003.
  MOPS                  :        661.741540
  MFLOPS                :        123.281171
  VLEN                  :         80.314810
  V. Op. Ratio (%)      :         44.918766
  Memory Size (MB)      :        192.031250
  MIPS                  :        368.196416
  I-Cache (sec)         :          0.000801
  O-Cache (sec)         :          1.003149
  Bank (sec)            :          0.001234
 
  Start Time (date)  :  2012/02/12 04:47:49
  End   Time (date)  :  2012/02/12 04:48:03
-rw-r--r--    1 modoper  pnt            3600 Feb 12 04:48 /gfs/home3/modoper/tempo/global/oens/eof/datain/templ052012021200
sx6
PNT-EN
12021204:48
out
/gfs/home3/modoper/tempo/global/oens
/gfs/home3/modoper/tempo/global/oens
/gfs/dk22/modoper/tempo/global/oens
/gfs/dk22/modoper/tempo/global/oens/model/datain
/gfs/home3/modoper/tempo/global/oens/run/setrecfct.1.FCT05RT126L28.sx6
Date: 20120212
Hour: 04:48
FCT05R
2012021200
2012021406
GFCT05R
GFCT05R
GFCT05R
F.fct
F.fct
R.fct
/gfs/home3/modoper/tempo/global/oens
/gfs/home3/modoper/tempo/global/oens
/gfs/dk22/modoper/tempo/global/oens
/gfs/dk22/modoper/tempo/global/oens/model/datain
run
run
GFCT05R20120212002012021406F.fct.T126L28
/gfs/home3/modoper/tempo/global/oens/recfct/datain/GFCT05R20120212002012021406F.fct.T126L28
+ echo Recomposition  -x-  RUNNING ...
Recomposition  -x-  RUNNING ...
+ source=/gfs/home3/modoper/tempo/global/oens/recfct/source
+ bin=/gfs/home3/modoper/tempo/global/oens/recfct/bin/T126L28
+ input=/gfs/home3/modoper/tempo/global/oens/recfct/datain
+ out=/gfs/home3/modoper/tempo/global/oens/recfct/output
+ echo run
run
+ [ run = make ]
+ echo run
run
+ [ run = clean ]
+ cd /gfs/home3/modoper/tempo/global/oens/recfct/bin/T126L28
+ echo ./recfct.T126L28 < /gfs/home3/modoper/tempo/global/oens/recfct/datain/recfctFCT05R.nml > /gfs/home3/modoper/tempo/global/oens/recfct/output/recfct.out.2012021200.04:48.T126L28
./recfct.T126L28 < /gfs/home3/modoper/tempo/global/oens/recfct/datain/recfctFCT05R.nml > /gfs/home3/modoper/tempo/global/oens/recfct/output/recfct.out.2012021200.04:48.T126L28
+ ./recfct.T126L28
+ 0< /gfs/home3/modoper/tempo/global/oens/recfct/datain/recfctFCT05R.nml 1> /gfs/home3/modoper/tempo/global/oens/recfct/output/recfct.out.2012021200.04:48.T126L28
 
 
     ******  Program Information  ******
  Real Time (sec)       :         10.654227
  User Time (sec)       :          4.135794
  Sys  Time (sec)       :          0.064974
  Vector Time (sec)     :          0.347717
  Inst. Count           :        1596986017.
  V. Inst. Count        :          16052480.
  V. Element Count      :        1289251883.
  FLOP Count            :         534710003.
  MOPS                  :        693.986561
  MFLOPS                :        129.288357
  VLEN                  :         80.314810
  V. Op. Ratio (%)      :         44.918766
  Memory Size (MB)      :        192.031250
  MIPS                  :        386.137713
  I-Cache (sec)         :          0.001043
  O-Cache (sec)         :          0.875957
  Bank (sec)            :          0.001190
 
  Start Time (date)  :  2012/02/12 04:48:05
  End   Time (date)  :  2012/02/12 04:48:15
-rw-r--r--    1 modoper  pnt            3800 Feb 12 04:48 /gfs/home3/modoper/tempo/global/oens/eof/datain/templ052012021200
sx6
PNT-EN
12021204:48
out
/gfs/home3/modoper/tempo/global/oens
/gfs/home3/modoper/tempo/global/oens
/gfs/dk22/modoper/tempo/global/oens
/gfs/dk22/modoper/tempo/global/oens/model/datain
/gfs/home3/modoper/tempo/global/oens/run/setrecfct.1.FCT05RT126L28.sx6
Date: 20120212
Hour: 04:48
FCT05R
2012021200
2012021409
GFCT05R
GFCT05R
GFCT05R
F.fct
F.fct
R.fct
/gfs/home3/modoper/tempo/global/oens
/gfs/home3/modoper/tempo/global/oens
/gfs/dk22/modoper/tempo/global/oens
/gfs/dk22/modoper/tempo/global/oens/model/datain
run
run
GFCT05R20120212002012021409F.fct.T126L28
/gfs/home3/modoper/tempo/global/oens/recfct/datain/GFCT05R20120212002012021409F.fct.T126L28
+ echo Recomposition  -x-  RUNNING ...
Recomposition  -x-  RUNNING ...
+ source=/gfs/home3/modoper/tempo/global/oens/recfct/source
+ bin=/gfs/home3/modoper/tempo/global/oens/recfct/bin/T126L28
+ input=/gfs/home3/modoper/tempo/global/oens/recfct/datain
+ out=/gfs/home3/modoper/tempo/global/oens/recfct/output
+ echo run
run
+ [ run = make ]
+ echo run
run
+ [ run = clean ]
+ cd /gfs/home3/modoper/tempo/global/oens/recfct/bin/T126L28
+ echo ./recfct.T126L28 < /gfs/home3/modoper/tempo/global/oens/recfct/datain/recfctFCT05R.nml > /gfs/home3/modoper/tempo/global/oens/recfct/output/recfct.out.2012021200.04:48.T126L28
./recfct.T126L28 < /gfs/home3/modoper/tempo/global/oens/recfct/datain/recfctFCT05R.nml > /gfs/home3/modoper/tempo/global/oens/recfct/output/recfct.out.2012021200.04:48.T126L28
+ ./recfct.T126L28
+ 0< /gfs/home3/modoper/tempo/global/oens/recfct/datain/recfctFCT05R.nml 1> /gfs/home3/modoper/tempo/global/oens/recfct/output/recfct.out.2012021200.04:48.T126L28
 
 
     ******  Program Information  ******
  Real Time (sec)       :         15.616858
  User Time (sec)       :          4.135952
  Sys  Time (sec)       :          0.063034
  Vector Time (sec)     :          0.347525
  Inst. Count           :        1596986017.
  V. Inst. Count        :          16052480.
  V. Element Count      :        1289251883.
  FLOP Count            :         534710003.
  MOPS                  :        693.959973
  MFLOPS                :        129.283403
  VLEN                  :         80.314810
  V. Op. Ratio (%)      :         44.918766
  Memory Size (MB)      :        192.031250
  MIPS                  :        386.122919
  I-Cache (sec)         :          0.000782
  O-Cache (sec)         :          0.876329
  Bank (sec)            :          0.001191
 
  Start Time (date)  :  2012/02/12 04:48:17
  End   Time (date)  :  2012/02/12 04:48:33
-rw-r--r--    1 modoper  pnt            4000 Feb 12 04:48 /gfs/home3/modoper/tempo/global/oens/eof/datain/templ052012021200
sx6
PNT-EN
12021204:48
out
/gfs/home3/modoper/tempo/global/oens
/gfs/home3/modoper/tempo/global/oens
/gfs/dk22/modoper/tempo/global/oens
/gfs/dk22/modoper/tempo/global/oens/model/datain
/gfs/home3/modoper/tempo/global/oens/run/setrecfct.1.FCT05RT126L28.sx6
Date: 20120212
Hour: 04:48
FCT05R
2012021200
2012021412
GFCT05R
GFCT05R
GFCT05R
F.fct
F.fct
R.fct
/gfs/home3/modoper/tempo/global/oens
/gfs/home3/modoper/tempo/global/oens
/gfs/dk22/modoper/tempo/global/oens
/gfs/dk22/modoper/tempo/global/oens/model/datain
run
run
GFCT05R20120212002012021412F.fct.T126L28
/gfs/home3/modoper/tempo/global/oens/recfct/datain/GFCT05R20120212002012021412F.fct.T126L28
+ echo Recomposition  -x-  RUNNING ...
Recomposition  -x-  RUNNING ...
+ source=/gfs/home3/modoper/tempo/global/oens/recfct/source
+ bin=/gfs/home3/modoper/tempo/global/oens/recfct/bin/T126L28
+ input=/gfs/home3/modoper/tempo/global/oens/recfct/datain
+ out=/gfs/home3/modoper/tempo/global/oens/recfct/output
+ echo run
run
+ [ run = make ]
+ echo run
run
+ [ run = clean ]
+ cd /gfs/home3/modoper/tempo/global/oens/recfct/bin/T126L28
+ echo ./recfct.T126L28 < /gfs/home3/modoper/tempo/global/oens/recfct/datain/recfctFCT05R.nml > /gfs/home3/modoper/tempo/global/oens/recfct/output/recfct.out.2012021200.04:48.T126L28
./recfct.T126L28 < /gfs/home3/modoper/tempo/global/oens/recfct/datain/recfctFCT05R.nml > /gfs/home3/modoper/tempo/global/oens/recfct/output/recfct.out.2012021200.04:48.T126L28
+ ./recfct.T126L28
+ 0< /gfs/home3/modoper/tempo/global/oens/recfct/datain/recfctFCT05R.nml 1> /gfs/home3/modoper/tempo/global/oens/recfct/output/recfct.out.2012021200.04:48.T126L28
 
 
     ******  Program Information  ******
  Real Time (sec)       :         14.717833
  User Time (sec)       :          4.142252
  Sys  Time (sec)       :          0.065138
  Vector Time (sec)     :          0.349383
  Inst. Count           :        1596986048.
  V. Inst. Count        :          16052480.
  V. Element Count      :        1289251883.
  FLOP Count            :         534710004.
  MOPS                  :        692.904585
  MFLOPS                :        129.086785
  VLEN                  :         80.314810
  V. Op. Ratio (%)      :         44.918766
  Memory Size (MB)      :        192.031250
  MIPS                  :        385.535699
  I-Cache (sec)         :          0.000798
  O-Cache (sec)         :          0.881008
  Bank (sec)            :          0.001191
 
  Start Time (date)  :  2012/02/12 04:48:34
  End   Time (date)  :  2012/02/12 04:48:49
sx6
2012021204:48
out
/gfs/home3/modoper/tempo/global/oens
/gfs/home3/modoper/tempo/global/oens
/gfs/dk22/modoper/tempo/global/oens
/gfs/dk22/modoper/tempo/global/oens/model/datain
/gfs/home3/modoper/tempo/global/oens/run/seteofs.1.05T126L28.sx6
05
Date: 20120212
Hour: 04:48
2012021200
/gfs/home3/modoper/tempo/global/oens
/gfs/home3/modoper/tempo/global/oens
/gfs/dk22/modoper/tempo/global/oens
/gfs/dk22/modoper/tempo/global/oens/model/datain
run
run
Vai chamar eoft
+ echo EOFT           -x-  RUNNING ...
EOFT           -x-  RUNNING ...
+ source=/gfs/home3/modoper/tempo/global/oens/eoftemp/source
+ bin=/gfs/home3/modoper/tempo/global/oens/eof/bin/T126L28
+ inp=/gfs/home3/modoper/tempo/global/oens/eof/datain
+ outp=/gfs/home3/modoper/tempo/global/oens/eoftemp/output
+ echo run
run
+ [ run = make ]
+ echo run
run
+ [ run = clean ]
+ cd /gfs/home3/modoper/tempo/global/oens/eof/bin/T126L28
+ echo ./eoftem.T126L28 < /gfs/home3/modoper/tempo/global/oens/eof/datain/eoftem05.nml > /gfs/home3/modoper/tempo/global/oens/eoftemp/output/eoftem.2012021200.04:48.T126L28
./eoftem.T126L28 < /gfs/home3/modoper/tempo/global/oens/eof/datain/eoftem05.nml > /gfs/home3/modoper/tempo/global/oens/eoftemp/output/eoftem.2012021200.04:48.T126L28
+ ./eoftem.T126L28
+ 0< /gfs/home3/modoper/tempo/global/oens/eof/datain/eoftem05.nml 1> /gfs/home3/modoper/tempo/global/oens/eoftemp/output/eoftem.2012021200.04:48.T126L28
 entrou no eoft fortran
 &DATAIN DIRI=/gfs/home3/modoper/tempo/global/oens/eof/datain/                ,
 DIRA=/gfs/dk22/modoper/tempo/global/oens/model/datain/               ,
 DIRO=/gfs/dk22/modoper/tempo/global/oens/eof/dataout/T126L28/        ,
 NAMEL=templ052012021200                                               ,
 ANAME=GANLAVN2012021200R.unf.T126L28                                                      ,
 TEMOUT=temout052012021200                                              ,
 TEMPCM=tempcm052012021200                                              ,
 TEMPER1=tempe1052012021200                                              ,
 TEMPEN1=tempn1052012021200                                               /
 
 
     ******  Program Information  ******
  Real Time (sec)       :         15.220157
  User Time (sec)       :          6.591361
  Sys  Time (sec)       :          0.376118
  Vector Time (sec)     :          5.915954
  Inst. Count           :         597133476.
  V. Inst. Count        :          72972108.
  V. Element Count      :        9156490013.
  FLOP Count            :        3164566034.
  MOPS                  :       1468.687746
  MFLOPS                :        480.108122
  VLEN                  :        125.479313
  V. Op. Ratio (%)      :         94.585474
  Memory Size (MB)      :        304.031250
  MIPS                  :         90.593348
  I-Cache (sec)         :          0.003677
  O-Cache (sec)         :          0.003382
  Bank (sec)            :          0.281361
 
  Start Time (date)  :  2012/02/12 04:48:51
  End   Time (date)  :  2012/02/12 04:49:06
Vai chamar eofw
+ echo EOFW           -x-  RUNNING ...
EOFW           -x-  RUNNING ...
+ source=/gfs/home3/modoper/tempo/global/oens/eofwind/source
+ bin=/gfs/home3/modoper/tempo/global/oens/eof/bin/T126L28
+ out=/gfs/dk22/modoper/tempo/global/oens/eof/dataout/T126L28
+ inp=/gfs/home3/modoper/tempo/global/oens/eof/datain
+ outp=/gfs/home3/modoper/tempo/global/oens/eofwind/output
+ echo run
run
+ [ run = make ]
+ echo run
run
+ [ run = clean ]
+ cd /gfs/home3/modoper/tempo/global/oens/eof/bin/T126L28
+ echo ./eofwin.T126L28 < /gfs/home3/modoper/tempo/global/oens/eof/datain/eofwin05.nml > /gfs/home3/modoper/tempo/global/oens/eofwind/output/eofwin.2012021200.04:48.T126L28
./eofwin.T126L28 < /gfs/home3/modoper/tempo/global/oens/eof/datain/eofwin05.nml > /gfs/home3/modoper/tempo/global/oens/eofwind/output/eofwin.2012021200.04:48.T126L28
+ ./eofwin.T126L28
+ 0< /gfs/home3/modoper/tempo/global/oens/eof/datain/eofwin05.nml 1> /gfs/home3/modoper/tempo/global/oens/eofwind/output/eofwin.2012021200.04:48.T126L28
 
 
     ******  Program Information  ******
  Real Time (sec)       :         72.486209
  User Time (sec)       :         12.105728
  Sys  Time (sec)       :          0.623895
  Vector Time (sec)     :         11.080684
  Inst. Count           :        1009391005.
  V. Inst. Count        :         235339329.
  V. Element Count      :       26880732787.
  FLOP Count            :        7609521248.
  MOPS                  :       2284.437888
  MFLOPS                :        628.588470
  VLEN                  :        114.221167
  V. Op. Ratio (%)      :         97.201021
  Memory Size (MB)      :        624.031250
  MIPS                  :         83.381270
  I-Cache (sec)         :          0.007870
  O-Cache (sec)         :          0.021750
  Bank (sec)            :          0.599880
 
  Start Time (date)  :  2012/02/12 04:49:06
  End   Time (date)  :  2012/02/12 04:50:19
sx6
2012021204:50
out
/gfs/home3/modoper/tempo/global/oens
/gfs/home3/modoper/tempo/global/oens
/gfs/dk22/modoper/tempo/global/oens
/gfs/dk22/modoper/tempo/global/oens/model/datain
/gfs/home3/modoper/tempo/global/oens/run/setdeco05T126L28.sx6
Date: 20120212
Hour: 04:50
2012021200
/gfs/home3/modoper/tempo/global/oens
/gfs/home3/modoper/tempo/global/oens
/gfs/dk22/modoper/tempo/global/oens
/gfs/dk22/modoper/tempo/global/oens/model/datain
run
run
+ echo Decomposition  -x-  RUNNING ...
Decomposition  -x-  RUNNING ...
+ source=/gfs/home3/modoper/tempo/global/oens/decanl/source
+ bin=/gfs/home3/modoper/tempo/global/oens/decanl/bin/T126L28
+ input=/gfs/home3/modoper/tempo/global/oens/decanl/datain
+ out=/gfs/home3/modoper/tempo/global/oens/decanl/output
+ echo run
run
+ [ run = make ]
+ echo run
run
+ [ run = clean ]
+ cd /gfs/home3/modoper/tempo/global/oens/decanl/bin/T126L28
+ ./decanl.T126L28
+ 0< /gfs/home3/modoper/tempo/global/oens/decanl/datain/decanl05.nml 1> /gfs/home3/modoper/tempo/global/oens/decanl/output/decanl.2012021200.04:50.T126L28
 
 
     ******  Program Information  ******
  Real Time (sec)       :          3.897695
  User Time (sec)       :          0.837748
  Sys  Time (sec)       :          0.063673
  Vector Time (sec)     :          0.647403
  Inst. Count           :         173583870.
  V. Inst. Count        :          21078079.
  V. Element Count      :        2292782635.
  FLOP Count            :         590251093.
  MOPS                  :       2918.883204
  MFLOPS                :        704.568828
  VLEN                  :        108.775692
  V. Op. Ratio (%)      :         93.763280
  Memory Size (MB)      :        192.031250
  MIPS                  :        207.202977
  I-Cache (sec)         :          0.000859
  O-Cache (sec)         :          0.027250
  Bank (sec)            :          0.015369
 
  Start Time (date)  :  2012/02/12 04:50:20
  End   Time (date)  :  2012/02/12 04:50:24
+ echo Decomposition  -x-  RUNNING ...
Decomposition  -x-  RUNNING ...
+ source=/gfs/home3/modoper/tempo/global/oens/decanl/source
+ bin=/gfs/home3/modoper/tempo/global/oens/decanl/bin/T126L28
+ input=/gfs/home3/modoper/tempo/global/oens/decanl/datain
+ out=/gfs/home3/modoper/tempo/global/oens/decanl/output
+ echo run
run
+ [ run = make ]
+ echo run
run
+ [ run = clean ]
+ cd /gfs/home3/modoper/tempo/global/oens/decanl/bin/T126L28
+ ./decanl.T126L28
+ 0< /gfs/home3/modoper/tempo/global/oens/decanl/datain/decanl05.nml 1> /gfs/home3/modoper/tempo/global/oens/decanl/output/decanl.2012021200.04:50.T126L28
 
 
     ******  Program Information  ******
  Real Time (sec)       :          4.441842
  User Time (sec)       :          0.846394
  Sys  Time (sec)       :          0.060147
  Vector Time (sec)     :          0.657494
  Inst. Count           :         173583765.
  V. Inst. Count        :          21078079.
  V. Element Count      :        2292782629.
  FLOP Count            :         590251093.
  MOPS                  :       2889.067600
  MFLOPS                :        697.371880
  VLEN                  :        108.775692
  V. Op. Ratio (%)      :         93.763284
  Memory Size (MB)      :        192.031250
  MIPS                  :        205.086340
  I-Cache (sec)         :          0.000875
  O-Cache (sec)         :          0.027136
  Bank (sec)            :          0.015374
 
  Start Time (date)  :  2012/02/12 04:50:24
  End   Time (date)  :  2012/02/12 04:50:28
105.8u 24.8s 5:13 41% 840+176558k 92235+9883io 0w
logout
