stty: : Invalid argument
vt100
resize:  can't open terminal /dev/tty
======================================
Welcome to tupan00: SUPER-UX 14.1 SX-6
Today is Mon Feb 13 04:37:03 GMT 2012
======================================
runperreco1.sx6 126 28 02 2012021300 15 NO 07 
sx6
2012021304:37
out
/gfs/home3/modoper/tempo/global/oens
/gfs/home3/modoper/tempo/global/oens
/gfs/dk22/modoper/tempo/global/oens
/gfs/dk22/modoper/tempo/global/oens/model/datain
/gfs/home3/modoper/tempo/global/oens/run/setperreco.1.02T126L28.sx6
Date: 20120213
Hour: 04:37
2012021300


rm: ERROR: Cannot access templ022012021300: No such file or directory
-rw-r--r--    1 modoper  pnt             200 Feb 13 04:37 /gfs/home3/modoper/tempo/global/oens/eof/datain/templ022012021300
ls: ERROR: Cannot access /gfs/dk22/modoper/tempo/global/oens/recfct/dataout/T126L28/GFCT02R2012021300*.fct*: No such file or directory
sx6
PNT-EN
12021304:37
out
/gfs/home3/modoper/tempo/global/oens
/gfs/home3/modoper/tempo/global/oens
/gfs/dk22/modoper/tempo/global/oens
/gfs/dk22/modoper/tempo/global/oens/model/datain
/gfs/home3/modoper/tempo/global/oens/run/setrecfct.1.FCT02RT126L28.sx6
Date: 20120213
Hour: 04:37
FCT02R
2012021300
2012021303
GFCT02R
GFCT02R
GFCT02R
F.fct
F.fct
R.fct
/gfs/home3/modoper/tempo/global/oens
/gfs/home3/modoper/tempo/global/oens
/gfs/dk22/modoper/tempo/global/oens
/gfs/dk22/modoper/tempo/global/oens/model/datain
run
run
GFCT02R20120213002012021303F.fct.T126L28
/gfs/home3/modoper/tempo/global/oens/recfct/datain/GFCT02R20120213002012021303F.fct.T126L28
+ echo Recomposition  -x-  RUNNING ...
Recomposition  -x-  RUNNING ...
+ source=/gfs/home3/modoper/tempo/global/oens/recfct/source
+ bin=/gfs/home3/modoper/tempo/global/oens/recfct/bin/T126L28
+ input=/gfs/home3/modoper/tempo/global/oens/recfct/datain
+ out=/gfs/home3/modoper/tempo/global/oens/recfct/output
+ echo run
run
+ [ run = make ]
+ echo run
run
+ [ run = clean ]
+ cd /gfs/home3/modoper/tempo/global/oens/recfct/bin/T126L28
+ echo ./recfct.T126L28 < /gfs/home3/modoper/tempo/global/oens/recfct/datain/recfctFCT02R.nml > /gfs/home3/modoper/tempo/global/oens/recfct/output/recfct.out.2012021300.04:37.T126L28
./recfct.T126L28 < /gfs/home3/modoper/tempo/global/oens/recfct/datain/recfctFCT02R.nml > /gfs/home3/modoper/tempo/global/oens/recfct/output/recfct.out.2012021300.04:37.T126L28
+ ./recfct.T126L28
+ 0< /gfs/home3/modoper/tempo/global/oens/recfct/datain/recfctFCT02R.nml 1> /gfs/home3/modoper/tempo/global/oens/recfct/output/recfct.out.2012021300.04:37.T126L28
 
 
     ******  Program Information  ******
  Real Time (sec)       :          5.504153
  User Time (sec)       :          4.143203
  Sys  Time (sec)       :          0.117232
  Vector Time (sec)     :          0.347517
  Inst. Count           :        1596986017.
  V. Inst. Count        :          16052480.
  V. Element Count      :        1289251883.
  FLOP Count            :         534710003.
  MOPS                  :        692.745509
  MFLOPS                :        129.057151
  VLEN                  :         80.314810
  V. Op. Ratio (%)      :         44.918766
  Memory Size (MB)      :        192.031250
  MIPS                  :        385.447185
  I-Cache (sec)         :          0.006554
  O-Cache (sec)         :          0.876392
  Bank (sec)            :          0.001190
 
  Start Time (date)  :  2012/02/13 04:37:06
  End   Time (date)  :  2012/02/13 04:37:11
-rw-r--r--    1 modoper  pnt             400 Feb 13 04:37 /gfs/home3/modoper/tempo/global/oens/eof/datain/templ022012021300
sx6
PNT-EN
12021304:37
out
/gfs/home3/modoper/tempo/global/oens
/gfs/home3/modoper/tempo/global/oens
/gfs/dk22/modoper/tempo/global/oens
/gfs/dk22/modoper/tempo/global/oens/model/datain
/gfs/home3/modoper/tempo/global/oens/run/setrecfct.1.FCT02RT126L28.sx6
Date: 20120213
Hour: 04:37
FCT02R
2012021300
2012021306
GFCT02R
GFCT02R
GFCT02R
F.fct
F.fct
R.fct
/gfs/home3/modoper/tempo/global/oens
/gfs/home3/modoper/tempo/global/oens
/gfs/dk22/modoper/tempo/global/oens
/gfs/dk22/modoper/tempo/global/oens/model/datain
run
run
GFCT02R20120213002012021306F.fct.T126L28
/gfs/home3/modoper/tempo/global/oens/recfct/datain/GFCT02R20120213002012021306F.fct.T126L28
+ echo Recomposition  -x-  RUNNING ...
Recomposition  -x-  RUNNING ...
+ source=/gfs/home3/modoper/tempo/global/oens/recfct/source
+ bin=/gfs/home3/modoper/tempo/global/oens/recfct/bin/T126L28
+ input=/gfs/home3/modoper/tempo/global/oens/recfct/datain
+ out=/gfs/home3/modoper/tempo/global/oens/recfct/output
+ echo run
run
+ [ run = make ]
+ echo run
run
+ [ run = clean ]
+ cd /gfs/home3/modoper/tempo/global/oens/recfct/bin/T126L28
+ echo ./recfct.T126L28 < /gfs/home3/modoper/tempo/global/oens/recfct/datain/recfctFCT02R.nml > /gfs/home3/modoper/tempo/global/oens/recfct/output/recfct.out.2012021300.04:37.T126L28
./recfct.T126L28 < /gfs/home3/modoper/tempo/global/oens/recfct/datain/recfctFCT02R.nml > /gfs/home3/modoper/tempo/global/oens/recfct/output/recfct.out.2012021300.04:37.T126L28
+ ./recfct.T126L28
+ 0< /gfs/home3/modoper/tempo/global/oens/recfct/datain/recfctFCT02R.nml 1> /gfs/home3/modoper/tempo/global/oens/recfct/output/recfct.out.2012021300.04:37.T126L28
 
 
     ******  Program Information  ******
  Real Time (sec)       :          6.100917
  User Time (sec)       :          4.138459
  Sys  Time (sec)       :          0.095805
  Vector Time (sec)     :          0.346653
  Inst. Count           :        1596986017.
  V. Inst. Count        :          16052480.
  V. Element Count      :        1289251883.
  FLOP Count            :         534710003.
  MOPS                  :        693.539611
  MFLOPS                :        129.205091
  VLEN                  :         80.314810
  V. Op. Ratio (%)      :         44.918766
  Memory Size (MB)      :        192.031250
  MIPS                  :        385.889028
  I-Cache (sec)         :          0.004441
  O-Cache (sec)         :          0.872815
  Bank (sec)            :          0.001191
 
  Start Time (date)  :  2012/02/13 04:37:12
  End   Time (date)  :  2012/02/13 04:37:19
-rw-r--r--    1 modoper  pnt             600 Feb 13 04:37 /gfs/home3/modoper/tempo/global/oens/eof/datain/templ022012021300
sx6
PNT-EN
12021304:37
out
/gfs/home3/modoper/tempo/global/oens
/gfs/home3/modoper/tempo/global/oens
/gfs/dk22/modoper/tempo/global/oens
/gfs/dk22/modoper/tempo/global/oens/model/datain
/gfs/home3/modoper/tempo/global/oens/run/setrecfct.1.FCT02RT126L28.sx6
Date: 20120213
Hour: 04:37
FCT02R
2012021300
2012021309
GFCT02R
GFCT02R
GFCT02R
F.fct
F.fct
R.fct
/gfs/home3/modoper/tempo/global/oens
/gfs/home3/modoper/tempo/global/oens
/gfs/dk22/modoper/tempo/global/oens
/gfs/dk22/modoper/tempo/global/oens/model/datain
run
run
GFCT02R20120213002012021309F.fct.T126L28
/gfs/home3/modoper/tempo/global/oens/recfct/datain/GFCT02R20120213002012021309F.fct.T126L28
+ echo Recomposition  -x-  RUNNING ...
Recomposition  -x-  RUNNING ...
+ source=/gfs/home3/modoper/tempo/global/oens/recfct/source
+ bin=/gfs/home3/modoper/tempo/global/oens/recfct/bin/T126L28
+ input=/gfs/home3/modoper/tempo/global/oens/recfct/datain
+ out=/gfs/home3/modoper/tempo/global/oens/recfct/output
+ echo run
run
+ [ run = make ]
+ echo run
run
+ [ run = clean ]
+ cd /gfs/home3/modoper/tempo/global/oens/recfct/bin/T126L28
+ echo ./recfct.T126L28 < /gfs/home3/modoper/tempo/global/oens/recfct/datain/recfctFCT02R.nml > /gfs/home3/modoper/tempo/global/oens/recfct/output/recfct.out.2012021300.04:37.T126L28
./recfct.T126L28 < /gfs/home3/modoper/tempo/global/oens/recfct/datain/recfctFCT02R.nml > /gfs/home3/modoper/tempo/global/oens/recfct/output/recfct.out.2012021300.04:37.T126L28
+ ./recfct.T126L28
+ 0< /gfs/home3/modoper/tempo/global/oens/recfct/datain/recfctFCT02R.nml 1> /gfs/home3/modoper/tempo/global/oens/recfct/output/recfct.out.2012021300.04:37.T126L28
 
 
     ******  Program Information  ******
  Real Time (sec)       :          5.486514
  User Time (sec)       :          4.139472
  Sys  Time (sec)       :          0.060680
  Vector Time (sec)     :          0.348337
  Inst. Count           :        1596986017.
  V. Inst. Count        :          16052480.
  V. Element Count      :        1289251883.
  FLOP Count            :         534710003.
  MOPS                  :        693.369954
  MFLOPS                :        129.173484
  VLEN                  :         80.314810
  V. Op. Ratio (%)      :         44.918766
  Memory Size (MB)      :        192.031250
  MIPS                  :        385.794630
  I-Cache (sec)         :          0.001294
  O-Cache (sec)         :          0.874902
  Bank (sec)            :          0.001190
 
  Start Time (date)  :  2012/02/13 04:37:19
  End   Time (date)  :  2012/02/13 04:37:25
-rw-r--r--    1 modoper  pnt             800 Feb 13 04:37 /gfs/home3/modoper/tempo/global/oens/eof/datain/templ022012021300
sx6
PNT-EN
12021304:37
out
/gfs/home3/modoper/tempo/global/oens
/gfs/home3/modoper/tempo/global/oens
/gfs/dk22/modoper/tempo/global/oens
/gfs/dk22/modoper/tempo/global/oens/model/datain
/gfs/home3/modoper/tempo/global/oens/run/setrecfct.1.FCT02RT126L28.sx6
Date: 20120213
Hour: 04:37
FCT02R
2012021300
2012021312
GFCT02R
GFCT02R
GFCT02R
F.fct
F.fct
R.fct
/gfs/home3/modoper/tempo/global/oens
/gfs/home3/modoper/tempo/global/oens
/gfs/dk22/modoper/tempo/global/oens
/gfs/dk22/modoper/tempo/global/oens/model/datain
run
run
GFCT02R20120213002012021312F.fct.T126L28
/gfs/home3/modoper/tempo/global/oens/recfct/datain/GFCT02R20120213002012021312F.fct.T126L28
+ echo Recomposition  -x-  RUNNING ...
Recomposition  -x-  RUNNING ...
+ source=/gfs/home3/modoper/tempo/global/oens/recfct/source
+ bin=/gfs/home3/modoper/tempo/global/oens/recfct/bin/T126L28
+ input=/gfs/home3/modoper/tempo/global/oens/recfct/datain
+ out=/gfs/home3/modoper/tempo/global/oens/recfct/output
+ echo run
run
+ [ run = make ]
+ echo run
run
+ [ run = clean ]
+ cd /gfs/home3/modoper/tempo/global/oens/recfct/bin/T126L28
+ echo ./recfct.T126L28 < /gfs/home3/modoper/tempo/global/oens/recfct/datain/recfctFCT02R.nml > /gfs/home3/modoper/tempo/global/oens/recfct/output/recfct.out.2012021300.04:37.T126L28
./recfct.T126L28 < /gfs/home3/modoper/tempo/global/oens/recfct/datain/recfctFCT02R.nml > /gfs/home3/modoper/tempo/global/oens/recfct/output/recfct.out.2012021300.04:37.T126L28
+ ./recfct.T126L28
+ 0< /gfs/home3/modoper/tempo/global/oens/recfct/datain/recfctFCT02R.nml 1> /gfs/home3/modoper/tempo/global/oens/recfct/output/recfct.out.2012021300.04:37.T126L28
 
 
     ******  Program Information  ******
  Real Time (sec)       :          8.412956
  User Time (sec)       :          4.141287
  Sys  Time (sec)       :          0.058830
  Vector Time (sec)     :          0.348629
  Inst. Count           :        1596986048.
  V. Inst. Count        :          16052480.
  V. Element Count      :        1289251883.
  FLOP Count            :         534710004.
  MOPS                  :        693.065992
  MFLOPS                :        129.116855
  VLEN                  :         80.314810
  V. Op. Ratio (%)      :         44.918766
  Memory Size (MB)      :        192.031250
  MIPS                  :        385.625507
  I-Cache (sec)         :          0.000816
  O-Cache (sec)         :          0.874591
  Bank (sec)            :          0.001190
 
  Start Time (date)  :  2012/02/13 04:37:26
  End   Time (date)  :  2012/02/13 04:37:34
-rw-r--r--    1 modoper  pnt            1000 Feb 13 04:37 /gfs/home3/modoper/tempo/global/oens/eof/datain/templ022012021300
sx6
PNT-EN
12021304:37
out
/gfs/home3/modoper/tempo/global/oens
/gfs/home3/modoper/tempo/global/oens
/gfs/dk22/modoper/tempo/global/oens
/gfs/dk22/modoper/tempo/global/oens/model/datain
/gfs/home3/modoper/tempo/global/oens/run/setrecfct.1.FCT02RT126L28.sx6
Date: 20120213
Hour: 04:37
FCT02R
2012021300
2012021315
GFCT02R
GFCT02R
GFCT02R
F.fct
F.fct
R.fct
/gfs/home3/modoper/tempo/global/oens
/gfs/home3/modoper/tempo/global/oens
/gfs/dk22/modoper/tempo/global/oens
/gfs/dk22/modoper/tempo/global/oens/model/datain
run
run
GFCT02R20120213002012021315F.fct.T126L28
/gfs/home3/modoper/tempo/global/oens/recfct/datain/GFCT02R20120213002012021315F.fct.T126L28
+ echo Recomposition  -x-  RUNNING ...
Recomposition  -x-  RUNNING ...
+ source=/gfs/home3/modoper/tempo/global/oens/recfct/source
+ bin=/gfs/home3/modoper/tempo/global/oens/recfct/bin/T126L28
+ input=/gfs/home3/modoper/tempo/global/oens/recfct/datain
+ out=/gfs/home3/modoper/tempo/global/oens/recfct/output
+ echo run
run
+ [ run = make ]
+ echo run
run
+ [ run = clean ]
+ cd /gfs/home3/modoper/tempo/global/oens/recfct/bin/T126L28
+ echo ./recfct.T126L28 < /gfs/home3/modoper/tempo/global/oens/recfct/datain/recfctFCT02R.nml > /gfs/home3/modoper/tempo/global/oens/recfct/output/recfct.out.2012021300.04:37.T126L28
./recfct.T126L28 < /gfs/home3/modoper/tempo/global/oens/recfct/datain/recfctFCT02R.nml > /gfs/home3/modoper/tempo/global/oens/recfct/output/recfct.out.2012021300.04:37.T126L28
+ ./recfct.T126L28
+ 0< /gfs/home3/modoper/tempo/global/oens/recfct/datain/recfctFCT02R.nml 1> /gfs/home3/modoper/tempo/global/oens/recfct/output/recfct.out.2012021300.04:37.T126L28
 
 
     ******  Program Information  ******
  Real Time (sec)       :          6.566792
  User Time (sec)       :          4.141426
  Sys  Time (sec)       :          0.059274
  Vector Time (sec)     :          0.348832
  Inst. Count           :        1596986048.
  V. Inst. Count        :          16052480.
  V. Element Count      :        1289251883.
  FLOP Count            :         534710004.
  MOPS                  :        693.042867
  MFLOPS                :        129.112547
  VLEN                  :         80.314810
  V. Op. Ratio (%)      :         44.918766
  Memory Size (MB)      :        192.031250
  MIPS                  :        385.612640
  I-Cache (sec)         :          0.000802
  O-Cache (sec)         :          0.876607
  Bank (sec)            :          0.001189
 
  Start Time (date)  :  2012/02/13 04:37:36
  End   Time (date)  :  2012/02/13 04:37:42
-rw-r--r--    1 modoper  pnt            1200 Feb 13 04:37 /gfs/home3/modoper/tempo/global/oens/eof/datain/templ022012021300
sx6
PNT-EN
12021304:37
out
/gfs/home3/modoper/tempo/global/oens
/gfs/home3/modoper/tempo/global/oens
/gfs/dk22/modoper/tempo/global/oens
/gfs/dk22/modoper/tempo/global/oens/model/datain
/gfs/home3/modoper/tempo/global/oens/run/setrecfct.1.FCT02RT126L28.sx6
Date: 20120213
Hour: 04:37
FCT02R
2012021300
2012021318
GFCT02R
GFCT02R
GFCT02R
F.fct
F.fct
R.fct
/gfs/home3/modoper/tempo/global/oens
/gfs/home3/modoper/tempo/global/oens
/gfs/dk22/modoper/tempo/global/oens
/gfs/dk22/modoper/tempo/global/oens/model/datain
run
run
GFCT02R20120213002012021318F.fct.T126L28
/gfs/home3/modoper/tempo/global/oens/recfct/datain/GFCT02R20120213002012021318F.fct.T126L28
+ echo Recomposition  -x-  RUNNING ...
Recomposition  -x-  RUNNING ...
+ source=/gfs/home3/modoper/tempo/global/oens/recfct/source
+ bin=/gfs/home3/modoper/tempo/global/oens/recfct/bin/T126L28
+ input=/gfs/home3/modoper/tempo/global/oens/recfct/datain
+ out=/gfs/home3/modoper/tempo/global/oens/recfct/output
+ echo run
run
+ [ run = make ]
+ echo run
run
+ [ run = clean ]
+ cd /gfs/home3/modoper/tempo/global/oens/recfct/bin/T126L28
+ echo ./recfct.T126L28 < /gfs/home3/modoper/tempo/global/oens/recfct/datain/recfctFCT02R.nml > /gfs/home3/modoper/tempo/global/oens/recfct/output/recfct.out.2012021300.04:37.T126L28
./recfct.T126L28 < /gfs/home3/modoper/tempo/global/oens/recfct/datain/recfctFCT02R.nml > /gfs/home3/modoper/tempo/global/oens/recfct/output/recfct.out.2012021300.04:37.T126L28
+ ./recfct.T126L28
+ 0< /gfs/home3/modoper/tempo/global/oens/recfct/datain/recfctFCT02R.nml 1> /gfs/home3/modoper/tempo/global/oens/recfct/output/recfct.out.2012021300.04:37.T126L28
 
 
     ******  Program Information  ******
  Real Time (sec)       :          6.956998
  User Time (sec)       :          4.139159
  Sys  Time (sec)       :          0.056943
  Vector Time (sec)     :          0.348714
  Inst. Count           :        1596986048.
  V. Inst. Count        :          16052480.
  V. Element Count      :        1289251883.
  FLOP Count            :         534710004.
  MOPS                  :        693.422389
  MFLOPS                :        129.183251
  VLEN                  :         80.314810
  V. Op. Ratio (%)      :         44.918766
  Memory Size (MB)      :        192.031250
  MIPS                  :        385.823808
  I-Cache (sec)         :          0.000805
  O-Cache (sec)         :          0.871031
  Bank (sec)            :          0.001190
 
  Start Time (date)  :  2012/02/13 04:37:43
  End   Time (date)  :  2012/02/13 04:37:50
-rw-r--r--    1 modoper  pnt            1400 Feb 13 04:37 /gfs/home3/modoper/tempo/global/oens/eof/datain/templ022012021300
sx6
PNT-EN
12021304:37
out
/gfs/home3/modoper/tempo/global/oens
/gfs/home3/modoper/tempo/global/oens
/gfs/dk22/modoper/tempo/global/oens
/gfs/dk22/modoper/tempo/global/oens/model/datain
/gfs/home3/modoper/tempo/global/oens/run/setrecfct.1.FCT02RT126L28.sx6
Date: 20120213
Hour: 04:37
FCT02R
2012021300
2012021321
GFCT02R
GFCT02R
GFCT02R
F.fct
F.fct
R.fct
/gfs/home3/modoper/tempo/global/oens
/gfs/home3/modoper/tempo/global/oens
/gfs/dk22/modoper/tempo/global/oens
/gfs/dk22/modoper/tempo/global/oens/model/datain
run
run
GFCT02R20120213002012021321F.fct.T126L28
/gfs/home3/modoper/tempo/global/oens/recfct/datain/GFCT02R20120213002012021321F.fct.T126L28
+ echo Recomposition  -x-  RUNNING ...
Recomposition  -x-  RUNNING ...
+ source=/gfs/home3/modoper/tempo/global/oens/recfct/source
+ bin=/gfs/home3/modoper/tempo/global/oens/recfct/bin/T126L28
+ input=/gfs/home3/modoper/tempo/global/oens/recfct/datain
+ out=/gfs/home3/modoper/tempo/global/oens/recfct/output
+ echo run
run
+ [ run = make ]
+ echo run
run
+ [ run = clean ]
+ cd /gfs/home3/modoper/tempo/global/oens/recfct/bin/T126L28
+ echo ./recfct.T126L28 < /gfs/home3/modoper/tempo/global/oens/recfct/datain/recfctFCT02R.nml > /gfs/home3/modoper/tempo/global/oens/recfct/output/recfct.out.2012021300.04:37.T126L28
./recfct.T126L28 < /gfs/home3/modoper/tempo/global/oens/recfct/datain/recfctFCT02R.nml > /gfs/home3/modoper/tempo/global/oens/recfct/output/recfct.out.2012021300.04:37.T126L28
+ ./recfct.T126L28
+ 0< /gfs/home3/modoper/tempo/global/oens/recfct/datain/recfctFCT02R.nml 1> /gfs/home3/modoper/tempo/global/oens/recfct/output/recfct.out.2012021300.04:37.T126L28
 
 
     ******  Program Information  ******
  Real Time (sec)       :         19.069323
  User Time (sec)       :          4.138125
  Sys  Time (sec)       :          0.063313
  Vector Time (sec)     :          0.348549
  Inst. Count           :        1596986048.
  V. Inst. Count        :          16052480.
  V. Element Count      :        1289251883.
  FLOP Count            :         534710004.
  MOPS                  :        693.595614
  MFLOPS                :        129.215523
  VLEN                  :         80.314810
  V. Op. Ratio (%)      :         44.918766
  Memory Size (MB)      :        192.031250
  MIPS                  :        385.920191
  I-Cache (sec)         :          0.000871
  O-Cache (sec)         :          0.870138
  Bank (sec)            :          0.001190
 
  Start Time (date)  :  2012/02/13 04:37:51
  End   Time (date)  :  2012/02/13 04:38:11
-rw-r--r--    1 modoper  pnt            1600 Feb 13 04:38 /gfs/home3/modoper/tempo/global/oens/eof/datain/templ022012021300
sx6
PNT-EN
12021304:38
out
/gfs/home3/modoper/tempo/global/oens
/gfs/home3/modoper/tempo/global/oens
/gfs/dk22/modoper/tempo/global/oens
/gfs/dk22/modoper/tempo/global/oens/model/datain
/gfs/home3/modoper/tempo/global/oens/run/setrecfct.1.FCT02RT126L28.sx6
Date: 20120213
Hour: 04:38
FCT02R
2012021300
2012021400
GFCT02R
GFCT02R
GFCT02R
F.fct
F.fct
R.fct
/gfs/home3/modoper/tempo/global/oens
/gfs/home3/modoper/tempo/global/oens
/gfs/dk22/modoper/tempo/global/oens
/gfs/dk22/modoper/tempo/global/oens/model/datain
run
run
GFCT02R20120213002012021400F.fct.T126L28
/gfs/home3/modoper/tempo/global/oens/recfct/datain/GFCT02R20120213002012021400F.fct.T126L28
+ echo Recomposition  -x-  RUNNING ...
Recomposition  -x-  RUNNING ...
+ source=/gfs/home3/modoper/tempo/global/oens/recfct/source
+ bin=/gfs/home3/modoper/tempo/global/oens/recfct/bin/T126L28
+ input=/gfs/home3/modoper/tempo/global/oens/recfct/datain
+ out=/gfs/home3/modoper/tempo/global/oens/recfct/output
+ echo run
run
+ [ run = make ]
+ echo run
run
+ [ run = clean ]
+ cd /gfs/home3/modoper/tempo/global/oens/recfct/bin/T126L28
+ echo ./recfct.T126L28 < /gfs/home3/modoper/tempo/global/oens/recfct/datain/recfctFCT02R.nml > /gfs/home3/modoper/tempo/global/oens/recfct/output/recfct.out.2012021300.04:38.T126L28
./recfct.T126L28 < /gfs/home3/modoper/tempo/global/oens/recfct/datain/recfctFCT02R.nml > /gfs/home3/modoper/tempo/global/oens/recfct/output/recfct.out.2012021300.04:38.T126L28
+ ./recfct.T126L28
+ 0< /gfs/home3/modoper/tempo/global/oens/recfct/datain/recfctFCT02R.nml 1> /gfs/home3/modoper/tempo/global/oens/recfct/output/recfct.out.2012021300.04:38.T126L28
 
 
     ******  Program Information  ******
  Real Time (sec)       :          8.311999
  User Time (sec)       :          4.144116
  Sys  Time (sec)       :          0.061035
  Vector Time (sec)     :          0.349739
  Inst. Count           :        1596986017.
  V. Inst. Count        :          16052480.
  V. Element Count      :        1289251883.
  FLOP Count            :         534710003.
  MOPS                  :        692.592899
  MFLOPS                :        129.028720
  VLEN                  :         80.314810
  V. Op. Ratio (%)      :         44.918766
  Memory Size (MB)      :        192.031250
  MIPS                  :        385.362272
  I-Cache (sec)         :          0.001155
  O-Cache (sec)         :          0.877946
  Bank (sec)            :          0.001190
 
  Start Time (date)  :  2012/02/13 04:38:12
  End   Time (date)  :  2012/02/13 04:38:20
-rw-r--r--    1 modoper  pnt            1800 Feb 13 04:38 /gfs/home3/modoper/tempo/global/oens/eof/datain/templ022012021300
sx6
PNT-EN
12021304:38
out
/gfs/home3/modoper/tempo/global/oens
/gfs/home3/modoper/tempo/global/oens
/gfs/dk22/modoper/tempo/global/oens
/gfs/dk22/modoper/tempo/global/oens/model/datain
/gfs/home3/modoper/tempo/global/oens/run/setrecfct.1.FCT02RT126L28.sx6
Date: 20120213
Hour: 04:38
FCT02R
2012021300
2012021403
GFCT02R
GFCT02R
GFCT02R
F.fct
F.fct
R.fct
/gfs/home3/modoper/tempo/global/oens
/gfs/home3/modoper/tempo/global/oens
/gfs/dk22/modoper/tempo/global/oens
/gfs/dk22/modoper/tempo/global/oens/model/datain
run
run
GFCT02R20120213002012021403F.fct.T126L28
/gfs/home3/modoper/tempo/global/oens/recfct/datain/GFCT02R20120213002012021403F.fct.T126L28
+ echo Recomposition  -x-  RUNNING ...
Recomposition  -x-  RUNNING ...
+ source=/gfs/home3/modoper/tempo/global/oens/recfct/source
+ bin=/gfs/home3/modoper/tempo/global/oens/recfct/bin/T126L28
+ input=/gfs/home3/modoper/tempo/global/oens/recfct/datain
+ out=/gfs/home3/modoper/tempo/global/oens/recfct/output
+ echo run
run
+ [ run = make ]
+ echo run
run
+ [ run = clean ]
+ cd /gfs/home3/modoper/tempo/global/oens/recfct/bin/T126L28
+ echo ./recfct.T126L28 < /gfs/home3/modoper/tempo/global/oens/recfct/datain/recfctFCT02R.nml > /gfs/home3/modoper/tempo/global/oens/recfct/output/recfct.out.2012021300.04:38.T126L28
./recfct.T126L28 < /gfs/home3/modoper/tempo/global/oens/recfct/datain/recfctFCT02R.nml > /gfs/home3/modoper/tempo/global/oens/recfct/output/recfct.out.2012021300.04:38.T126L28
+ ./recfct.T126L28
+ 0< /gfs/home3/modoper/tempo/global/oens/recfct/datain/recfctFCT02R.nml 1> /gfs/home3/modoper/tempo/global/oens/recfct/output/recfct.out.2012021300.04:38.T126L28
 
 
     ******  Program Information  ******
  Real Time (sec)       :          7.512683
  User Time (sec)       :          4.140899
  Sys  Time (sec)       :          0.063126
  Vector Time (sec)     :          0.348924
  Inst. Count           :        1596986017.
  V. Inst. Count        :          16052480.
  V. Element Count      :        1289251883.
  FLOP Count            :         534710003.
  MOPS                  :        693.130940
  MFLOPS                :        129.128956
  VLEN                  :         80.314810
  V. Op. Ratio (%)      :         44.918766
  Memory Size (MB)      :        192.031250
  MIPS                  :        385.661641
  I-Cache (sec)         :          0.001278
  O-Cache (sec)         :          0.875605
  Bank (sec)            :          0.001189
 
  Start Time (date)  :  2012/02/13 04:38:22
  End   Time (date)  :  2012/02/13 04:38:29
-rw-r--r--    1 modoper  pnt            2000 Feb 13 04:38 /gfs/home3/modoper/tempo/global/oens/eof/datain/templ022012021300
sx6
PNT-EN
12021304:38
out
/gfs/home3/modoper/tempo/global/oens
/gfs/home3/modoper/tempo/global/oens
/gfs/dk22/modoper/tempo/global/oens
/gfs/dk22/modoper/tempo/global/oens/model/datain
/gfs/home3/modoper/tempo/global/oens/run/setrecfct.1.FCT02RT126L28.sx6
Date: 20120213
Hour: 04:38
FCT02R
2012021300
2012021406
GFCT02R
GFCT02R
GFCT02R
F.fct
F.fct
R.fct
/gfs/home3/modoper/tempo/global/oens
/gfs/home3/modoper/tempo/global/oens
/gfs/dk22/modoper/tempo/global/oens
/gfs/dk22/modoper/tempo/global/oens/model/datain
run
run
GFCT02R20120213002012021406F.fct.T126L28
/gfs/home3/modoper/tempo/global/oens/recfct/datain/GFCT02R20120213002012021406F.fct.T126L28
+ echo Recomposition  -x-  RUNNING ...
Recomposition  -x-  RUNNING ...
+ source=/gfs/home3/modoper/tempo/global/oens/recfct/source
+ bin=/gfs/home3/modoper/tempo/global/oens/recfct/bin/T126L28
+ input=/gfs/home3/modoper/tempo/global/oens/recfct/datain
+ out=/gfs/home3/modoper/tempo/global/oens/recfct/output
+ echo run
run
+ [ run = make ]
+ echo run
run
+ [ run = clean ]
+ cd /gfs/home3/modoper/tempo/global/oens/recfct/bin/T126L28
+ echo ./recfct.T126L28 < /gfs/home3/modoper/tempo/global/oens/recfct/datain/recfctFCT02R.nml > /gfs/home3/modoper/tempo/global/oens/recfct/output/recfct.out.2012021300.04:38.T126L28
./recfct.T126L28 < /gfs/home3/modoper/tempo/global/oens/recfct/datain/recfctFCT02R.nml > /gfs/home3/modoper/tempo/global/oens/recfct/output/recfct.out.2012021300.04:38.T126L28
+ ./recfct.T126L28
+ 0< /gfs/home3/modoper/tempo/global/oens/recfct/datain/recfctFCT02R.nml 1> /gfs/home3/modoper/tempo/global/oens/recfct/output/recfct.out.2012021300.04:38.T126L28
 
 
     ******  Program Information  ******
  Real Time (sec)       :          7.148493
  User Time (sec)       :          4.124556
  Sys  Time (sec)       :          0.060226
  Vector Time (sec)     :          0.344686
  Inst. Count           :        1596986017.
  V. Inst. Count        :          16052480.
  V. Element Count      :        1289251883.
  FLOP Count            :         534710003.
  MOPS                  :        695.877361
  MFLOPS                :        129.640609
  VLEN                  :         80.314810
  V. Op. Ratio (%)      :         44.918766
  Memory Size (MB)      :        192.031250
  MIPS                  :        387.189764
  I-Cache (sec)         :          0.000777
  O-Cache (sec)         :          0.859919
  Bank (sec)            :          0.001190
 
  Start Time (date)  :  2012/02/13 04:38:31
  End   Time (date)  :  2012/02/13 04:38:38
-rw-r--r--    1 modoper  pnt            2200 Feb 13 04:38 /gfs/home3/modoper/tempo/global/oens/eof/datain/templ022012021300
sx6
PNT-EN
12021304:38
out
/gfs/home3/modoper/tempo/global/oens
/gfs/home3/modoper/tempo/global/oens
/gfs/dk22/modoper/tempo/global/oens
/gfs/dk22/modoper/tempo/global/oens/model/datain
/gfs/home3/modoper/tempo/global/oens/run/setrecfct.1.FCT02RT126L28.sx6
Date: 20120213
Hour: 04:38
FCT02R
2012021300
2012021409
GFCT02R
GFCT02R
GFCT02R
F.fct
F.fct
R.fct
/gfs/home3/modoper/tempo/global/oens
/gfs/home3/modoper/tempo/global/oens
/gfs/dk22/modoper/tempo/global/oens
/gfs/dk22/modoper/tempo/global/oens/model/datain
run
run
GFCT02R20120213002012021409F.fct.T126L28
/gfs/home3/modoper/tempo/global/oens/recfct/datain/GFCT02R20120213002012021409F.fct.T126L28
+ echo Recomposition  -x-  RUNNING ...
Recomposition  -x-  RUNNING ...
+ source=/gfs/home3/modoper/tempo/global/oens/recfct/source
+ bin=/gfs/home3/modoper/tempo/global/oens/recfct/bin/T126L28
+ input=/gfs/home3/modoper/tempo/global/oens/recfct/datain
+ out=/gfs/home3/modoper/tempo/global/oens/recfct/output
+ echo run
run
+ [ run = make ]
+ echo run
run
+ [ run = clean ]
+ cd /gfs/home3/modoper/tempo/global/oens/recfct/bin/T126L28
+ echo ./recfct.T126L28 < /gfs/home3/modoper/tempo/global/oens/recfct/datain/recfctFCT02R.nml > /gfs/home3/modoper/tempo/global/oens/recfct/output/recfct.out.2012021300.04:38.T126L28
./recfct.T126L28 < /gfs/home3/modoper/tempo/global/oens/recfct/datain/recfctFCT02R.nml > /gfs/home3/modoper/tempo/global/oens/recfct/output/recfct.out.2012021300.04:38.T126L28
+ ./recfct.T126L28
+ 0< /gfs/home3/modoper/tempo/global/oens/recfct/datain/recfctFCT02R.nml 1> /gfs/home3/modoper/tempo/global/oens/recfct/output/recfct.out.2012021300.04:38.T126L28
 
 
     ******  Program Information  ******
  Real Time (sec)       :         12.070982
  User Time (sec)       :          4.128014
  Sys  Time (sec)       :          0.064777
  Vector Time (sec)     :          0.344937
  Inst. Count           :        1596986017.
  V. Inst. Count        :          16052480.
  V. Element Count      :        1289251883.
  FLOP Count            :         534710003.
  MOPS                  :        695.294472
  MFLOPS                :        129.532018
  VLEN                  :         80.314810
  V. Op. Ratio (%)      :         44.918766
  Memory Size (MB)      :        192.031250
  MIPS                  :        386.865441
  I-Cache (sec)         :          0.001204
  O-Cache (sec)         :          0.864186
  Bank (sec)            :          0.001190
 
  Start Time (date)  :  2012/02/13 04:38:39
  End   Time (date)  :  2012/02/13 04:38:51
-rw-r--r--    1 modoper  pnt            2400 Feb 13 04:38 /gfs/home3/modoper/tempo/global/oens/eof/datain/templ022012021300
sx6
PNT-EN
12021304:38
out
/gfs/home3/modoper/tempo/global/oens
/gfs/home3/modoper/tempo/global/oens
/gfs/dk22/modoper/tempo/global/oens
/gfs/dk22/modoper/tempo/global/oens/model/datain
/gfs/home3/modoper/tempo/global/oens/run/setrecfct.1.FCT02RT126L28.sx6
Date: 20120213
Hour: 04:38
FCT02R
2012021300
2012021412
GFCT02R
GFCT02R
GFCT02R
F.fct
F.fct
R.fct
/gfs/home3/modoper/tempo/global/oens
/gfs/home3/modoper/tempo/global/oens
/gfs/dk22/modoper/tempo/global/oens
/gfs/dk22/modoper/tempo/global/oens/model/datain
run
run
GFCT02R20120213002012021412F.fct.T126L28
/gfs/home3/modoper/tempo/global/oens/recfct/datain/GFCT02R20120213002012021412F.fct.T126L28
+ echo Recomposition  -x-  RUNNING ...
Recomposition  -x-  RUNNING ...
+ source=/gfs/home3/modoper/tempo/global/oens/recfct/source
+ bin=/gfs/home3/modoper/tempo/global/oens/recfct/bin/T126L28
+ input=/gfs/home3/modoper/tempo/global/oens/recfct/datain
+ out=/gfs/home3/modoper/tempo/global/oens/recfct/output
+ echo run
run
+ [ run = make ]
+ echo run
run
+ [ run = clean ]
+ cd /gfs/home3/modoper/tempo/global/oens/recfct/bin/T126L28
+ echo ./recfct.T126L28 < /gfs/home3/modoper/tempo/global/oens/recfct/datain/recfctFCT02R.nml > /gfs/home3/modoper/tempo/global/oens/recfct/output/recfct.out.2012021300.04:38.T126L28
./recfct.T126L28 < /gfs/home3/modoper/tempo/global/oens/recfct/datain/recfctFCT02R.nml > /gfs/home3/modoper/tempo/global/oens/recfct/output/recfct.out.2012021300.04:38.T126L28
+ ./recfct.T126L28
+ 0< /gfs/home3/modoper/tempo/global/oens/recfct/datain/recfctFCT02R.nml 1> /gfs/home3/modoper/tempo/global/oens/recfct/output/recfct.out.2012021300.04:38.T126L28
 
 
     ******  Program Information  ******
  Real Time (sec)       :         16.358994
  User Time (sec)       :          4.150538
  Sys  Time (sec)       :          0.127776
  Vector Time (sec)     :          0.349638
  Inst. Count           :        1596986048.
  V. Inst. Count        :          16052480.
  V. Element Count      :        1289251883.
  FLOP Count            :         534710004.
  MOPS                  :        691.521244
  MFLOPS                :        128.829072
  VLEN                  :         80.314810
  V. Op. Ratio (%)      :         44.918766
  Memory Size (MB)      :        192.031250
  MIPS                  :        384.766001
  I-Cache (sec)         :          0.005277
  O-Cache (sec)         :          0.882498
  Bank (sec)            :          0.001190
 
  Start Time (date)  :  2012/02/13 04:38:52
  End   Time (date)  :  2012/02/13 04:39:09
-rw-r--r--    1 modoper  pnt            2600 Feb 13 04:39 /gfs/home3/modoper/tempo/global/oens/eof/datain/templ022012021300
sx6
PNT-EN
12021304:39
out
/gfs/home3/modoper/tempo/global/oens
/gfs/home3/modoper/tempo/global/oens
/gfs/dk22/modoper/tempo/global/oens
/gfs/dk22/modoper/tempo/global/oens/model/datain
/gfs/home3/modoper/tempo/global/oens/run/setrecfct.1.FCT02RT126L28.sx6
Date: 20120213
Hour: 04:39
FCT02R
2012021300
2012021415
GFCT02R
GFCT02R
GFCT02R
F.fct
F.fct
R.fct
/gfs/home3/modoper/tempo/global/oens
/gfs/home3/modoper/tempo/global/oens
/gfs/dk22/modoper/tempo/global/oens
/gfs/dk22/modoper/tempo/global/oens/model/datain
run
run
GFCT02R20120213002012021415F.fct.T126L28
/gfs/home3/modoper/tempo/global/oens/recfct/datain/GFCT02R20120213002012021415F.fct.T126L28
+ echo Recomposition  -x-  RUNNING ...
Recomposition  -x-  RUNNING ...
+ source=/gfs/home3/modoper/tempo/global/oens/recfct/source
+ bin=/gfs/home3/modoper/tempo/global/oens/recfct/bin/T126L28
+ input=/gfs/home3/modoper/tempo/global/oens/recfct/datain
+ out=/gfs/home3/modoper/tempo/global/oens/recfct/output
+ echo run
run
+ [ run = make ]
+ echo run
run
+ [ run = clean ]
+ cd /gfs/home3/modoper/tempo/global/oens/recfct/bin/T126L28
+ echo ./recfct.T126L28 < /gfs/home3/modoper/tempo/global/oens/recfct/datain/recfctFCT02R.nml > /gfs/home3/modoper/tempo/global/oens/recfct/output/recfct.out.2012021300.04:39.T126L28
./recfct.T126L28 < /gfs/home3/modoper/tempo/global/oens/recfct/datain/recfctFCT02R.nml > /gfs/home3/modoper/tempo/global/oens/recfct/output/recfct.out.2012021300.04:39.T126L28
+ ./recfct.T126L28
+ 0< /gfs/home3/modoper/tempo/global/oens/recfct/datain/recfctFCT02R.nml 1> /gfs/home3/modoper/tempo/global/oens/recfct/output/recfct.out.2012021300.04:39.T126L28
 
 
     ******  Program Information  ******
  Real Time (sec)       :         10.125932
  User Time (sec)       :          4.129469
  Sys  Time (sec)       :          0.062795
  Vector Time (sec)     :          0.345199
  Inst. Count           :        1596986048.
  V. Inst. Count        :          16052480.
  V. Element Count      :        1289251883.
  FLOP Count            :         534710004.
  MOPS                  :        695.049555
  MFLOPS                :        129.486389
  VLEN                  :         80.314810
  V. Op. Ratio (%)      :         44.918766
  Memory Size (MB)      :        192.031250
  MIPS                  :        386.729172
  I-Cache (sec)         :          0.000793
  O-Cache (sec)         :          0.867861
  Bank (sec)            :          0.001190
 
  Start Time (date)  :  2012/02/13 04:39:10
  End   Time (date)  :  2012/02/13 04:39:20
-rw-r--r--    1 modoper  pnt            2800 Feb 13 04:39 /gfs/home3/modoper/tempo/global/oens/eof/datain/templ022012021300
sx6
PNT-EN
12021304:39
out
/gfs/home3/modoper/tempo/global/oens
/gfs/home3/modoper/tempo/global/oens
/gfs/dk22/modoper/tempo/global/oens
/gfs/dk22/modoper/tempo/global/oens/model/datain
/gfs/home3/modoper/tempo/global/oens/run/setrecfct.1.FCT02RT126L28.sx6
Date: 20120213
Hour: 04:39
FCT02R
2012021300
2012021418
GFCT02R
GFCT02R
GFCT02R
F.fct
F.fct
R.fct
/gfs/home3/modoper/tempo/global/oens
/gfs/home3/modoper/tempo/global/oens
/gfs/dk22/modoper/tempo/global/oens
/gfs/dk22/modoper/tempo/global/oens/model/datain
run
run
GFCT02R20120213002012021418F.fct.T126L28
/gfs/home3/modoper/tempo/global/oens/recfct/datain/GFCT02R20120213002012021418F.fct.T126L28
+ echo Recomposition  -x-  RUNNING ...
Recomposition  -x-  RUNNING ...
+ source=/gfs/home3/modoper/tempo/global/oens/recfct/source
+ bin=/gfs/home3/modoper/tempo/global/oens/recfct/bin/T126L28
+ input=/gfs/home3/modoper/tempo/global/oens/recfct/datain
+ out=/gfs/home3/modoper/tempo/global/oens/recfct/output
+ echo run
run
+ [ run = make ]
+ echo run
run
+ [ run = clean ]
+ cd /gfs/home3/modoper/tempo/global/oens/recfct/bin/T126L28
+ echo ./recfct.T126L28 < /gfs/home3/modoper/tempo/global/oens/recfct/datain/recfctFCT02R.nml > /gfs/home3/modoper/tempo/global/oens/recfct/output/recfct.out.2012021300.04:39.T126L28
./recfct.T126L28 < /gfs/home3/modoper/tempo/global/oens/recfct/datain/recfctFCT02R.nml > /gfs/home3/modoper/tempo/global/oens/recfct/output/recfct.out.2012021300.04:39.T126L28
+ ./recfct.T126L28
+ 0< /gfs/home3/modoper/tempo/global/oens/recfct/datain/recfctFCT02R.nml 1> /gfs/home3/modoper/tempo/global/oens/recfct/output/recfct.out.2012021300.04:39.T126L28
 
 
     ******  Program Information  ******
  Real Time (sec)       :         13.622329
  User Time (sec)       :          4.125439
  Sys  Time (sec)       :          0.063377
  Vector Time (sec)     :          0.344892
  Inst. Count           :        1596986048.
  V. Inst. Count        :          16052480.
  V. Element Count      :        1289251883.
  FLOP Count            :         534710004.
  MOPS                  :        695.728439
  MFLOPS                :        129.612864
  VLEN                  :         80.314810
  V. Op. Ratio (%)      :         44.918766
  Memory Size (MB)      :        192.031250
  MIPS                  :        387.106906
  I-Cache (sec)         :          0.000780
  O-Cache (sec)         :          0.860495
  Bank (sec)            :          0.001190
 
  Start Time (date)  :  2012/02/13 04:39:22
  End   Time (date)  :  2012/02/13 04:39:35
-rw-r--r--    1 modoper  pnt            3000 Feb 13 04:39 /gfs/home3/modoper/tempo/global/oens/eof/datain/templ022012021300
sx6
PNT-EN
12021304:39
out
/gfs/home3/modoper/tempo/global/oens
/gfs/home3/modoper/tempo/global/oens
/gfs/dk22/modoper/tempo/global/oens
/gfs/dk22/modoper/tempo/global/oens/model/datain
/gfs/home3/modoper/tempo/global/oens/run/setrecfct.1.FCT02RT126L28.sx6
Date: 20120213
Hour: 04:39
FCT02R
2012021300
2012021421
GFCT02R
GFCT02R
GFCT02R
F.fct
F.fct
R.fct
/gfs/home3/modoper/tempo/global/oens
/gfs/home3/modoper/tempo/global/oens
/gfs/dk22/modoper/tempo/global/oens
/gfs/dk22/modoper/tempo/global/oens/model/datain
run
run
GFCT02R20120213002012021421F.fct.T126L28
/gfs/home3/modoper/tempo/global/oens/recfct/datain/GFCT02R20120213002012021421F.fct.T126L28
+ echo Recomposition  -x-  RUNNING ...
Recomposition  -x-  RUNNING ...
+ source=/gfs/home3/modoper/tempo/global/oens/recfct/source
+ bin=/gfs/home3/modoper/tempo/global/oens/recfct/bin/T126L28
+ input=/gfs/home3/modoper/tempo/global/oens/recfct/datain
+ out=/gfs/home3/modoper/tempo/global/oens/recfct/output
+ echo run
run
+ [ run = make ]
+ echo run
run
+ [ run = clean ]
+ cd /gfs/home3/modoper/tempo/global/oens/recfct/bin/T126L28
+ echo ./recfct.T126L28 < /gfs/home3/modoper/tempo/global/oens/recfct/datain/recfctFCT02R.nml > /gfs/home3/modoper/tempo/global/oens/recfct/output/recfct.out.2012021300.04:39.T126L28
./recfct.T126L28 < /gfs/home3/modoper/tempo/global/oens/recfct/datain/recfctFCT02R.nml > /gfs/home3/modoper/tempo/global/oens/recfct/output/recfct.out.2012021300.04:39.T126L28
+ ./recfct.T126L28
+ 0< /gfs/home3/modoper/tempo/global/oens/recfct/datain/recfctFCT02R.nml 1> /gfs/home3/modoper/tempo/global/oens/recfct/output/recfct.out.2012021300.04:39.T126L28
 
 
     ******  Program Information  ******
  Real Time (sec)       :         16.677832
  User Time (sec)       :          4.136544
  Sys  Time (sec)       :          0.062595
  Vector Time (sec)     :          0.347139
  Inst. Count           :        1596986048.
  V. Inst. Count        :          16052480.
  V. Element Count      :        1289251883.
  FLOP Count            :         534710004.
  MOPS                  :        693.860761
  MFLOPS                :        129.264919
  VLEN                  :         80.314810
  V. Op. Ratio (%)      :         44.918766
  Memory Size (MB)      :        192.031250
  MIPS                  :        386.067721
  I-Cache (sec)         :          0.000876
  O-Cache (sec)         :          0.870995
  Bank (sec)            :          0.001191
 
  Start Time (date)  :  2012/02/13 04:39:37
  End   Time (date)  :  2012/02/13 04:39:54
-rw-r--r--    1 modoper  pnt            3200 Feb 13 04:39 /gfs/home3/modoper/tempo/global/oens/eof/datain/templ022012021300
sx6
PNT-EN
12021304:39
out
/gfs/home3/modoper/tempo/global/oens
/gfs/home3/modoper/tempo/global/oens
/gfs/dk22/modoper/tempo/global/oens
/gfs/dk22/modoper/tempo/global/oens/model/datain
/gfs/home3/modoper/tempo/global/oens/run/setrecfct.1.FCT02RT126L28.sx6
Date: 20120213
Hour: 04:39
FCT02R
2012021300
2012021500
GFCT02R
GFCT02R
GFCT02R
F.fct
F.fct
R.fct
/gfs/home3/modoper/tempo/global/oens
/gfs/home3/modoper/tempo/global/oens
/gfs/dk22/modoper/tempo/global/oens
/gfs/dk22/modoper/tempo/global/oens/model/datain
run
run
GFCT02R20120213002012021500F.fct.T126L28
/gfs/home3/modoper/tempo/global/oens/recfct/datain/GFCT02R20120213002012021500F.fct.T126L28
+ echo Recomposition  -x-  RUNNING ...
Recomposition  -x-  RUNNING ...
+ source=/gfs/home3/modoper/tempo/global/oens/recfct/source
+ bin=/gfs/home3/modoper/tempo/global/oens/recfct/bin/T126L28
+ input=/gfs/home3/modoper/tempo/global/oens/recfct/datain
+ out=/gfs/home3/modoper/tempo/global/oens/recfct/output
+ echo run
run
+ [ run = make ]
+ echo run
run
+ [ run = clean ]
+ cd /gfs/home3/modoper/tempo/global/oens/recfct/bin/T126L28
+ echo ./recfct.T126L28 < /gfs/home3/modoper/tempo/global/oens/recfct/datain/recfctFCT02R.nml > /gfs/home3/modoper/tempo/global/oens/recfct/output/recfct.out.2012021300.04:39.T126L28
./recfct.T126L28 < /gfs/home3/modoper/tempo/global/oens/recfct/datain/recfctFCT02R.nml > /gfs/home3/modoper/tempo/global/oens/recfct/output/recfct.out.2012021300.04:39.T126L28
+ ./recfct.T126L28
+ 0< /gfs/home3/modoper/tempo/global/oens/recfct/datain/recfctFCT02R.nml 1> /gfs/home3/modoper/tempo/global/oens/recfct/output/recfct.out.2012021300.04:39.T126L28
 
 
     ******  Program Information  ******
  Real Time (sec)       :          9.266637
  User Time (sec)       :          4.140628
  Sys  Time (sec)       :          0.063383
  Vector Time (sec)     :          0.348910
  Inst. Count           :        1596986017.
  V. Inst. Count        :          16052480.
  V. Element Count      :        1289251883.
  FLOP Count            :         534710003.
  MOPS                  :        693.176282
  MFLOPS                :        129.137403
  VLEN                  :         80.314810
  V. Op. Ratio (%)      :         44.918766
  Memory Size (MB)      :        192.031250
  MIPS                  :        385.686870
  I-Cache (sec)         :          0.000785
  O-Cache (sec)         :          0.875610
  Bank (sec)            :          0.001190
 
  Start Time (date)  :  2012/02/13 04:39:55
  End   Time (date)  :  2012/02/13 04:40:05
-rw-r--r--    1 modoper  pnt            3400 Feb 13 04:40 /gfs/home3/modoper/tempo/global/oens/eof/datain/templ022012021300
sx6
PNT-EN
12021304:40
out
/gfs/home3/modoper/tempo/global/oens
/gfs/home3/modoper/tempo/global/oens
/gfs/dk22/modoper/tempo/global/oens
/gfs/dk22/modoper/tempo/global/oens/model/datain
/gfs/home3/modoper/tempo/global/oens/run/setrecfct.1.FCT02RT126L28.sx6
Date: 20120213
Hour: 04:40
FCT02R
2012021300
2012021503
GFCT02R
GFCT02R
GFCT02R
F.fct
F.fct
R.fct
/gfs/home3/modoper/tempo/global/oens
/gfs/home3/modoper/tempo/global/oens
/gfs/dk22/modoper/tempo/global/oens
/gfs/dk22/modoper/tempo/global/oens/model/datain
run
run
GFCT02R20120213002012021503F.fct.T126L28
/gfs/home3/modoper/tempo/global/oens/recfct/datain/GFCT02R20120213002012021503F.fct.T126L28
+ echo Recomposition  -x-  RUNNING ...
Recomposition  -x-  RUNNING ...
+ source=/gfs/home3/modoper/tempo/global/oens/recfct/source
+ bin=/gfs/home3/modoper/tempo/global/oens/recfct/bin/T126L28
+ input=/gfs/home3/modoper/tempo/global/oens/recfct/datain
+ out=/gfs/home3/modoper/tempo/global/oens/recfct/output
+ echo run
run
+ [ run = make ]
+ echo run
run
+ [ run = clean ]
+ cd /gfs/home3/modoper/tempo/global/oens/recfct/bin/T126L28
+ echo ./recfct.T126L28 < /gfs/home3/modoper/tempo/global/oens/recfct/datain/recfctFCT02R.nml > /gfs/home3/modoper/tempo/global/oens/recfct/output/recfct.out.2012021300.04:40.T126L28
./recfct.T126L28 < /gfs/home3/modoper/tempo/global/oens/recfct/datain/recfctFCT02R.nml > /gfs/home3/modoper/tempo/global/oens/recfct/output/recfct.out.2012021300.04:40.T126L28
+ ./recfct.T126L28
+ 0< /gfs/home3/modoper/tempo/global/oens/recfct/datain/recfctFCT02R.nml 1> /gfs/home3/modoper/tempo/global/oens/recfct/output/recfct.out.2012021300.04:40.T126L28
 
 
     ******  Program Information  ******
  Real Time (sec)       :         10.060625
  User Time (sec)       :          4.128086
  Sys  Time (sec)       :          0.107682
  Vector Time (sec)     :          0.343448
  Inst. Count           :        1596986017.
  V. Inst. Count        :          16052480.
  V. Element Count      :        1289251883.
  FLOP Count            :         534710003.
  MOPS                  :        695.282294
  MFLOPS                :        129.529749
  VLEN                  :         80.314810
  V. Op. Ratio (%)      :         44.918766
  Memory Size (MB)      :        192.031250
  MIPS                  :        386.858666
  I-Cache (sec)         :          0.004679
  O-Cache (sec)         :          0.865633
  Bank (sec)            :          0.001190
 
  Start Time (date)  :  2012/02/13 04:40:06
  End   Time (date)  :  2012/02/13 04:40:16
-rw-r--r--    1 modoper  pnt            3600 Feb 13 04:40 /gfs/home3/modoper/tempo/global/oens/eof/datain/templ022012021300
sx6
PNT-EN
12021304:40
out
/gfs/home3/modoper/tempo/global/oens
/gfs/home3/modoper/tempo/global/oens
/gfs/dk22/modoper/tempo/global/oens
/gfs/dk22/modoper/tempo/global/oens/model/datain
/gfs/home3/modoper/tempo/global/oens/run/setrecfct.1.FCT02RT126L28.sx6
Date: 20120213
Hour: 04:40
FCT02R
2012021300
2012021506
GFCT02R
GFCT02R
GFCT02R
F.fct
F.fct
R.fct
/gfs/home3/modoper/tempo/global/oens
/gfs/home3/modoper/tempo/global/oens
/gfs/dk22/modoper/tempo/global/oens
/gfs/dk22/modoper/tempo/global/oens/model/datain
run
run
GFCT02R20120213002012021506F.fct.T126L28
/gfs/home3/modoper/tempo/global/oens/recfct/datain/GFCT02R20120213002012021506F.fct.T126L28
+ echo Recomposition  -x-  RUNNING ...
Recomposition  -x-  RUNNING ...
+ source=/gfs/home3/modoper/tempo/global/oens/recfct/source
+ bin=/gfs/home3/modoper/tempo/global/oens/recfct/bin/T126L28
+ input=/gfs/home3/modoper/tempo/global/oens/recfct/datain
+ out=/gfs/home3/modoper/tempo/global/oens/recfct/output
+ echo run
run
+ [ run = make ]
+ echo run
run
+ [ run = clean ]
+ cd /gfs/home3/modoper/tempo/global/oens/recfct/bin/T126L28
+ echo ./recfct.T126L28 < /gfs/home3/modoper/tempo/global/oens/recfct/datain/recfctFCT02R.nml > /gfs/home3/modoper/tempo/global/oens/recfct/output/recfct.out.2012021300.04:40.T126L28
./recfct.T126L28 < /gfs/home3/modoper/tempo/global/oens/recfct/datain/recfctFCT02R.nml > /gfs/home3/modoper/tempo/global/oens/recfct/output/recfct.out.2012021300.04:40.T126L28
+ ./recfct.T126L28
+ 0< /gfs/home3/modoper/tempo/global/oens/recfct/datain/recfctFCT02R.nml 1> /gfs/home3/modoper/tempo/global/oens/recfct/output/recfct.out.2012021300.04:40.T126L28
 
 
     ******  Program Information  ******
  Real Time (sec)       :          7.411592
  User Time (sec)       :          4.141446
  Sys  Time (sec)       :          0.155527
  Vector Time (sec)     :          0.346103
  Inst. Count           :        1596986017.
  V. Inst. Count        :          16052480.
  V. Element Count      :        1289251883.
  FLOP Count            :         534710003.
  MOPS                  :        693.039365
  MFLOPS                :        129.111896
  VLEN                  :         80.314810
  V. Op. Ratio (%)      :         44.918766
  Memory Size (MB)      :        192.031250
  MIPS                  :        385.610688
  I-Cache (sec)         :          0.008804
  O-Cache (sec)         :          0.876594
  Bank (sec)            :          0.001191
 
  Start Time (date)  :  2012/02/13 04:40:24
  End   Time (date)  :  2012/02/13 04:40:32
-rw-r--r--    1 modoper  pnt            3800 Feb 13 04:40 /gfs/home3/modoper/tempo/global/oens/eof/datain/templ022012021300
sx6
PNT-EN
12021304:40
out
/gfs/home3/modoper/tempo/global/oens
/gfs/home3/modoper/tempo/global/oens
/gfs/dk22/modoper/tempo/global/oens
/gfs/dk22/modoper/tempo/global/oens/model/datain
/gfs/home3/modoper/tempo/global/oens/run/setrecfct.1.FCT02RT126L28.sx6
Date: 20120213
Hour: 04:40
FCT02R
2012021300
2012021509
GFCT02R
GFCT02R
GFCT02R
F.fct
F.fct
R.fct
/gfs/home3/modoper/tempo/global/oens
/gfs/home3/modoper/tempo/global/oens
/gfs/dk22/modoper/tempo/global/oens
/gfs/dk22/modoper/tempo/global/oens/model/datain
run
run
GFCT02R20120213002012021509F.fct.T126L28
/gfs/home3/modoper/tempo/global/oens/recfct/datain/GFCT02R20120213002012021509F.fct.T126L28
+ echo Recomposition  -x-  RUNNING ...
Recomposition  -x-  RUNNING ...
+ source=/gfs/home3/modoper/tempo/global/oens/recfct/source
+ bin=/gfs/home3/modoper/tempo/global/oens/recfct/bin/T126L28
+ input=/gfs/home3/modoper/tempo/global/oens/recfct/datain
+ out=/gfs/home3/modoper/tempo/global/oens/recfct/output
+ echo run
run
+ [ run = make ]
+ echo run
run
+ [ run = clean ]
+ cd /gfs/home3/modoper/tempo/global/oens/recfct/bin/T126L28
+ echo ./recfct.T126L28 < /gfs/home3/modoper/tempo/global/oens/recfct/datain/recfctFCT02R.nml > /gfs/home3/modoper/tempo/global/oens/recfct/output/recfct.out.2012021300.04:40.T126L28
./recfct.T126L28 < /gfs/home3/modoper/tempo/global/oens/recfct/datain/recfctFCT02R.nml > /gfs/home3/modoper/tempo/global/oens/recfct/output/recfct.out.2012021300.04:40.T126L28
+ ./recfct.T126L28
+ 0< /gfs/home3/modoper/tempo/global/oens/recfct/datain/recfctFCT02R.nml 1> /gfs/home3/modoper/tempo/global/oens/recfct/output/recfct.out.2012021300.04:40.T126L28
 
 
     ******  Program Information  ******
  Real Time (sec)       :         13.316218
  User Time (sec)       :          4.133732
  Sys  Time (sec)       :          0.064170
  Vector Time (sec)     :          0.346740
  Inst. Count           :        1596986017.
  V. Inst. Count        :          16052480.
  V. Element Count      :        1289251883.
  FLOP Count            :         534710003.
  MOPS                  :        694.332804
  MFLOPS                :        129.352861
  VLEN                  :         80.314810
  V. Op. Ratio (%)      :         44.918766
  Memory Size (MB)      :        192.031250
  MIPS                  :        386.330364
  I-Cache (sec)         :          0.000782
  O-Cache (sec)         :          0.870562
  Bank (sec)            :          0.001189
 
  Start Time (date)  :  2012/02/13 04:40:33
  End   Time (date)  :  2012/02/13 04:40:46
-rw-r--r--    1 modoper  pnt            4000 Feb 13 04:40 /gfs/home3/modoper/tempo/global/oens/eof/datain/templ022012021300
sx6
PNT-EN
12021304:40
out
/gfs/home3/modoper/tempo/global/oens
/gfs/home3/modoper/tempo/global/oens
/gfs/dk22/modoper/tempo/global/oens
/gfs/dk22/modoper/tempo/global/oens/model/datain
/gfs/home3/modoper/tempo/global/oens/run/setrecfct.1.FCT02RT126L28.sx6
Date: 20120213
Hour: 04:40
FCT02R
2012021300
2012021512
GFCT02R
GFCT02R
GFCT02R
F.fct
F.fct
R.fct
/gfs/home3/modoper/tempo/global/oens
/gfs/home3/modoper/tempo/global/oens
/gfs/dk22/modoper/tempo/global/oens
/gfs/dk22/modoper/tempo/global/oens/model/datain
run
run
GFCT02R20120213002012021512F.fct.T126L28
/gfs/home3/modoper/tempo/global/oens/recfct/datain/GFCT02R20120213002012021512F.fct.T126L28
+ echo Recomposition  -x-  RUNNING ...
Recomposition  -x-  RUNNING ...
+ source=/gfs/home3/modoper/tempo/global/oens/recfct/source
+ bin=/gfs/home3/modoper/tempo/global/oens/recfct/bin/T126L28
+ input=/gfs/home3/modoper/tempo/global/oens/recfct/datain
+ out=/gfs/home3/modoper/tempo/global/oens/recfct/output
+ echo run
run
+ [ run = make ]
+ echo run
run
+ [ run = clean ]
+ cd /gfs/home3/modoper/tempo/global/oens/recfct/bin/T126L28
+ echo ./recfct.T126L28 < /gfs/home3/modoper/tempo/global/oens/recfct/datain/recfctFCT02R.nml > /gfs/home3/modoper/tempo/global/oens/recfct/output/recfct.out.2012021300.04:40.T126L28
./recfct.T126L28 < /gfs/home3/modoper/tempo/global/oens/recfct/datain/recfctFCT02R.nml > /gfs/home3/modoper/tempo/global/oens/recfct/output/recfct.out.2012021300.04:40.T126L28
+ ./recfct.T126L28
+ 0< /gfs/home3/modoper/tempo/global/oens/recfct/datain/recfctFCT02R.nml 1> /gfs/home3/modoper/tempo/global/oens/recfct/output/recfct.out.2012021300.04:40.T126L28
 
 
     ******  Program Information  ******
  Real Time (sec)       :         14.088040
  User Time (sec)       :          4.121527
  Sys  Time (sec)       :          0.075483
  Vector Time (sec)     :          0.342228
  Inst. Count           :        1596986048.
  V. Inst. Count        :          16052480.
  V. Element Count      :        1289251883.
  FLOP Count            :         534710004.
  MOPS                  :        696.388877
  MFLOPS                :        129.735902
  VLEN                  :         80.314810
  V. Op. Ratio (%)      :         44.918766
  Memory Size (MB)      :        192.031250
  MIPS                  :        387.474377
  I-Cache (sec)         :          0.001852
  O-Cache (sec)         :          0.859985
  Bank (sec)            :          0.001190
 
  Start Time (date)  :  2012/02/13 04:40:48
  End   Time (date)  :  2012/02/13 04:41:02
sx6
2012021304:41
out
/gfs/home3/modoper/tempo/global/oens
/gfs/home3/modoper/tempo/global/oens
/gfs/dk22/modoper/tempo/global/oens
/gfs/dk22/modoper/tempo/global/oens/model/datain
/gfs/home3/modoper/tempo/global/oens/run/seteofs.1.02T126L28.sx6
02
Date: 20120213
Hour: 04:41
2012021300
/gfs/home3/modoper/tempo/global/oens
/gfs/home3/modoper/tempo/global/oens
/gfs/dk22/modoper/tempo/global/oens
/gfs/dk22/modoper/tempo/global/oens/model/datain
run
run
Vai chamar eoft
+ echo EOFT           -x-  RUNNING ...
EOFT           -x-  RUNNING ...
+ source=/gfs/home3/modoper/tempo/global/oens/eoftemp/source
+ bin=/gfs/home3/modoper/tempo/global/oens/eof/bin/T126L28
+ inp=/gfs/home3/modoper/tempo/global/oens/eof/datain
+ outp=/gfs/home3/modoper/tempo/global/oens/eoftemp/output
+ echo run
run
+ [ run = make ]
+ echo run
run
+ [ run = clean ]
+ cd /gfs/home3/modoper/tempo/global/oens/eof/bin/T126L28
+ echo ./eoftem.T126L28 < /gfs/home3/modoper/tempo/global/oens/eof/datain/eoftem02.nml > /gfs/home3/modoper/tempo/global/oens/eoftemp/output/eoftem.2012021300.04:41.T126L28
./eoftem.T126L28 < /gfs/home3/modoper/tempo/global/oens/eof/datain/eoftem02.nml > /gfs/home3/modoper/tempo/global/oens/eoftemp/output/eoftem.2012021300.04:41.T126L28
+ ./eoftem.T126L28
+ 0< /gfs/home3/modoper/tempo/global/oens/eof/datain/eoftem02.nml 1> /gfs/home3/modoper/tempo/global/oens/eoftemp/output/eoftem.2012021300.04:41.T126L28
 entrou no eoft fortran
 &DATAIN DIRI=/gfs/home3/modoper/tempo/global/oens/eof/datain/                ,
 DIRA=/gfs/dk22/modoper/tempo/global/oens/model/datain/               ,
 DIRO=/gfs/dk22/modoper/tempo/global/oens/eof/dataout/T126L28/        ,
 NAMEL=templ022012021300                                               ,
 ANAME=GANLAVN2012021300R.unf.T126L28                                                      ,
 TEMOUT=temout022012021300                                              ,
 TEMPCM=tempcm022012021300                                              ,
 TEMPER1=tempe1022012021300                                              ,
 TEMPEN1=tempn1022012021300                                               /
 
 
     ******  Program Information  ******
  Real Time (sec)       :         19.026133
  User Time (sec)       :          6.581245
  Sys  Time (sec)       :          0.380313
  Vector Time (sec)     :          5.905696
  Inst. Count           :         597133190.
  V. Inst. Count        :          72972049.
  V. Element Count      :        9156489393.
  FLOP Count            :        3164565434.
  MOPS                  :       1470.945211
  MFLOPS                :        480.846029
  VLEN                  :        125.479406
  V. Op. Ratio (%)      :         94.585476
  Memory Size (MB)      :        304.031250
  MIPS                  :         90.732560
  I-Cache (sec)         :          0.003789
  O-Cache (sec)         :          0.003346
  Bank (sec)            :          0.281361
 
  Start Time (date)  :  2012/02/13 04:41:03
  End   Time (date)  :  2012/02/13 04:41:22
Vai chamar eofw
+ echo EOFW           -x-  RUNNING ...
EOFW           -x-  RUNNING ...
+ source=/gfs/home3/modoper/tempo/global/oens/eofwind/source
+ bin=/gfs/home3/modoper/tempo/global/oens/eof/bin/T126L28
+ out=/gfs/dk22/modoper/tempo/global/oens/eof/dataout/T126L28
+ inp=/gfs/home3/modoper/tempo/global/oens/eof/datain
+ outp=/gfs/home3/modoper/tempo/global/oens/eofwind/output
+ echo run
run
+ [ run = make ]
+ echo run
run
+ [ run = clean ]
+ cd /gfs/home3/modoper/tempo/global/oens/eof/bin/T126L28
+ echo ./eofwin.T126L28 < /gfs/home3/modoper/tempo/global/oens/eof/datain/eofwin02.nml > /gfs/home3/modoper/tempo/global/oens/eofwind/output/eofwin.2012021300.04:41.T126L28
./eofwin.T126L28 < /gfs/home3/modoper/tempo/global/oens/eof/datain/eofwin02.nml > /gfs/home3/modoper/tempo/global/oens/eofwind/output/eofwin.2012021300.04:41.T126L28
+ ./eofwin.T126L28
+ 0< /gfs/home3/modoper/tempo/global/oens/eof/datain/eofwin02.nml 1> /gfs/home3/modoper/tempo/global/oens/eofwind/output/eofwin.2012021300.04:41.T126L28
 
 
     ******  Program Information  ******
  Real Time (sec)       :         92.869816
  User Time (sec)       :         12.001314
  Sys  Time (sec)       :          0.633421
  Vector Time (sec)     :         10.952549
  Inst. Count           :        1009390810.
  V. Inst. Count        :         235339319.
  V. Element Count      :       26880732674.
  FLOP Count            :        7609521156.
  MOPS                  :       2304.313069
  MFLOPS                :        634.057346
  VLEN                  :        114.221171
  V. Op. Ratio (%)      :         97.201021
  Memory Size (MB)      :        624.031250
  MIPS                  :         84.106693
  I-Cache (sec)         :          0.007977
  O-Cache (sec)         :          0.018675
  Bank (sec)            :          0.599880
 
  Start Time (date)  :  2012/02/13 04:41:23
  End   Time (date)  :  2012/02/13 04:42:56
sx6
2012021304:42
out
/gfs/home3/modoper/tempo/global/oens
/gfs/home3/modoper/tempo/global/oens
/gfs/dk22/modoper/tempo/global/oens
/gfs/dk22/modoper/tempo/global/oens/model/datain
/gfs/home3/modoper/tempo/global/oens/run/setdeco02T126L28.sx6
Date: 20120213
Hour: 04:42
2012021300
/gfs/home3/modoper/tempo/global/oens
/gfs/home3/modoper/tempo/global/oens
/gfs/dk22/modoper/tempo/global/oens
/gfs/dk22/modoper/tempo/global/oens/model/datain
run
run
+ echo Decomposition  -x-  RUNNING ...
Decomposition  -x-  RUNNING ...
+ source=/gfs/home3/modoper/tempo/global/oens/decanl/source
+ bin=/gfs/home3/modoper/tempo/global/oens/decanl/bin/T126L28
+ input=/gfs/home3/modoper/tempo/global/oens/decanl/datain
+ out=/gfs/home3/modoper/tempo/global/oens/decanl/output
+ echo run
run
+ [ run = make ]
+ echo run
run
+ [ run = clean ]
+ cd /gfs/home3/modoper/tempo/global/oens/decanl/bin/T126L28
+ ./decanl.T126L28
+ 0< /gfs/home3/modoper/tempo/global/oens/decanl/datain/decanl02.nml 1> /gfs/home3/modoper/tempo/global/oens/decanl/output/decanl.2012021300.04:42.T126L28
 
 
     ******  Program Information  ******
  Real Time (sec)       :          5.391672
  User Time (sec)       :          0.826985
  Sys  Time (sec)       :          0.059937
  Vector Time (sec)     :          0.635365
  Inst. Count           :         173583870.
  V. Inst. Count        :          21078079.
  V. Element Count      :        2292782635.
  FLOP Count            :         590251093.
  MOPS                  :       2956.870915
  MFLOPS                :        713.738417
  VLEN                  :        108.775692
  V. Op. Ratio (%)      :         93.763280
  Memory Size (MB)      :        192.031250
  MIPS                  :        209.899614
  I-Cache (sec)         :          0.001033
  O-Cache (sec)         :          0.026856
  Bank (sec)            :          0.015382
 
  Start Time (date)  :  2012/02/13 04:42:57
  End   Time (date)  :  2012/02/13 04:43:02
+ echo Decomposition  -x-  RUNNING ...
Decomposition  -x-  RUNNING ...
+ source=/gfs/home3/modoper/tempo/global/oens/decanl/source
+ bin=/gfs/home3/modoper/tempo/global/oens/decanl/bin/T126L28
+ input=/gfs/home3/modoper/tempo/global/oens/decanl/datain
+ out=/gfs/home3/modoper/tempo/global/oens/decanl/output
+ echo run
run
+ [ run = make ]
+ echo run
run
+ [ run = clean ]
+ cd /gfs/home3/modoper/tempo/global/oens/decanl/bin/T126L28
+ ./decanl.T126L28
+ 0< /gfs/home3/modoper/tempo/global/oens/decanl/datain/decanl02.nml 1> /gfs/home3/modoper/tempo/global/oens/decanl/output/decanl.2012021300.04:42.T126L28
 
 
     ******  Program Information  ******
  Real Time (sec)       :          4.573419
  User Time (sec)       :          0.834974
  Sys  Time (sec)       :          0.079384
  Vector Time (sec)     :          0.638650
  Inst. Count           :         173583765.
  V. Inst. Count        :          21078079.
  V. Element Count      :        2292782629.
  FLOP Count            :         590251093.
  MOPS                  :       2928.579705
  MFLOPS                :        706.909431
  VLEN                  :        108.775692
  V. Op. Ratio (%)      :         93.763284
  Memory Size (MB)      :        192.031250
  MIPS                  :        207.891187
  I-Cache (sec)         :          0.004700
  O-Cache (sec)         :          0.029335
  Bank (sec)            :          0.015358
 
  Start Time (date)  :  2012/02/13 04:43:03
  End   Time (date)  :  2012/02/13 04:43:07
105.5u 24.2s 6:08 35% 838+176944k 89317+9821io 0w
logout
