stty: : Invalid argument
vt100
resize:  can't open terminal /dev/tty
======================================
Welcome to tupan03: SUPER-UX 14.1 SX-6
Today is Mon Feb 13 04:39:09 GMT 2012
======================================
runperreco1.sx6 126 28 06 2012021300 15 NO 07 
sx6
2012021304:39
out
/gfs/home3/modoper/tempo/global/oens
/gfs/home3/modoper/tempo/global/oens
/gfs/dk22/modoper/tempo/global/oens
/gfs/dk22/modoper/tempo/global/oens/model/datain
/gfs/home3/modoper/tempo/global/oens/run/setperreco.1.06T126L28.sx6
Date: 20120213
Hour: 04:39
2012021300


rm: ERROR: Cannot access templ062012021300: No such file or directory
-rw-r--r--    1 modoper  pnt             200 Feb 13 04:39 /gfs/home3/modoper/tempo/global/oens/eof/datain/templ062012021300
ls: ERROR: Cannot access /gfs/dk22/modoper/tempo/global/oens/recfct/dataout/T126L28/GFCT06R2012021300*.fct*: No such file or directory
sx6
PNT-EN
12021304:39
out
/gfs/home3/modoper/tempo/global/oens
/gfs/home3/modoper/tempo/global/oens
/gfs/dk22/modoper/tempo/global/oens
/gfs/dk22/modoper/tempo/global/oens/model/datain
/gfs/home3/modoper/tempo/global/oens/run/setrecfct.1.FCT06RT126L28.sx6
Date: 20120213
Hour: 04:39
FCT06R
2012021300
2012021303
GFCT06R
GFCT06R
GFCT06R
F.fct
F.fct
R.fct
/gfs/home3/modoper/tempo/global/oens
/gfs/home3/modoper/tempo/global/oens
/gfs/dk22/modoper/tempo/global/oens
/gfs/dk22/modoper/tempo/global/oens/model/datain
run
run
GFCT06R20120213002012021303F.fct.T126L28
/gfs/home3/modoper/tempo/global/oens/recfct/datain/GFCT06R20120213002012021303F.fct.T126L28
+ echo Recomposition  -x-  RUNNING ...
Recomposition  -x-  RUNNING ...
+ source=/gfs/home3/modoper/tempo/global/oens/recfct/source
+ bin=/gfs/home3/modoper/tempo/global/oens/recfct/bin/T126L28
+ input=/gfs/home3/modoper/tempo/global/oens/recfct/datain
+ out=/gfs/home3/modoper/tempo/global/oens/recfct/output
+ echo run
run
+ [ run = make ]
+ echo run
run
+ [ run = clean ]
+ cd /gfs/home3/modoper/tempo/global/oens/recfct/bin/T126L28
+ echo ./recfct.T126L28 < /gfs/home3/modoper/tempo/global/oens/recfct/datain/recfctFCT06R.nml > /gfs/home3/modoper/tempo/global/oens/recfct/output/recfct.out.2012021300.04:39.T126L28
./recfct.T126L28 < /gfs/home3/modoper/tempo/global/oens/recfct/datain/recfctFCT06R.nml > /gfs/home3/modoper/tempo/global/oens/recfct/output/recfct.out.2012021300.04:39.T126L28
+ ./recfct.T126L28
+ 0< /gfs/home3/modoper/tempo/global/oens/recfct/datain/recfctFCT06R.nml 1> /gfs/home3/modoper/tempo/global/oens/recfct/output/recfct.out.2012021300.04:39.T126L28
 
 
     ******  Program Information  ******
  Real Time (sec)       :         15.319965
  User Time (sec)       :          4.226255
  Sys  Time (sec)       :          0.069961
  Vector Time (sec)     :          0.376183
  Inst. Count           :        1596986017.
  V. Inst. Count        :          16052480.
  V. Element Count      :        1289251883.
  FLOP Count            :         534710003.
  MOPS                  :        679.132117
  MFLOPS                :        126.521002
  VLEN                  :         80.314810
  V. Op. Ratio (%)      :         44.918766
  Memory Size (MB)      :        192.031250
  MIPS                  :        377.872624
  I-Cache (sec)         :          0.000900
  O-Cache (sec)         :          0.938194
  Bank (sec)            :          0.001189
 
  Start Time (date)  :  2012/02/13 04:39:19
  End   Time (date)  :  2012/02/13 04:39:34
-rw-r--r--    1 modoper  pnt             400 Feb 13 04:39 /gfs/home3/modoper/tempo/global/oens/eof/datain/templ062012021300
sx6
PNT-EN
12021304:39
out
/gfs/home3/modoper/tempo/global/oens
/gfs/home3/modoper/tempo/global/oens
/gfs/dk22/modoper/tempo/global/oens
/gfs/dk22/modoper/tempo/global/oens/model/datain
/gfs/home3/modoper/tempo/global/oens/run/setrecfct.1.FCT06RT126L28.sx6
Date: 20120213
Hour: 04:39
FCT06R
2012021300
2012021306
GFCT06R
GFCT06R
GFCT06R
F.fct
F.fct
R.fct
/gfs/home3/modoper/tempo/global/oens
/gfs/home3/modoper/tempo/global/oens
/gfs/dk22/modoper/tempo/global/oens
/gfs/dk22/modoper/tempo/global/oens/model/datain
run
run
GFCT06R20120213002012021306F.fct.T126L28
/gfs/home3/modoper/tempo/global/oens/recfct/datain/GFCT06R20120213002012021306F.fct.T126L28
+ echo Recomposition  -x-  RUNNING ...
Recomposition  -x-  RUNNING ...
+ source=/gfs/home3/modoper/tempo/global/oens/recfct/source
+ bin=/gfs/home3/modoper/tempo/global/oens/recfct/bin/T126L28
+ input=/gfs/home3/modoper/tempo/global/oens/recfct/datain
+ out=/gfs/home3/modoper/tempo/global/oens/recfct/output
+ echo run
run
+ [ run = make ]
+ echo run
run
+ [ run = clean ]
+ cd /gfs/home3/modoper/tempo/global/oens/recfct/bin/T126L28
+ echo ./recfct.T126L28 < /gfs/home3/modoper/tempo/global/oens/recfct/datain/recfctFCT06R.nml > /gfs/home3/modoper/tempo/global/oens/recfct/output/recfct.out.2012021300.04:39.T126L28
./recfct.T126L28 < /gfs/home3/modoper/tempo/global/oens/recfct/datain/recfctFCT06R.nml > /gfs/home3/modoper/tempo/global/oens/recfct/output/recfct.out.2012021300.04:39.T126L28
+ ./recfct.T126L28
+ 0< /gfs/home3/modoper/tempo/global/oens/recfct/datain/recfctFCT06R.nml 1> /gfs/home3/modoper/tempo/global/oens/recfct/output/recfct.out.2012021300.04:39.T126L28
 
 
     ******  Program Information  ******
  Real Time (sec)       :         10.809707
  User Time (sec)       :          4.192400
  Sys  Time (sec)       :          0.071363
  Vector Time (sec)     :          0.363853
  Inst. Count           :        1596986017.
  V. Inst. Count        :          16052480.
  V. Element Count      :        1289251883.
  FLOP Count            :         534710003.
  MOPS                  :        684.616391
  MFLOPS                :        127.542712
  VLEN                  :         80.314810
  V. Op. Ratio (%)      :         44.918766
  Memory Size (MB)      :        192.031250
  MIPS                  :        380.924102
  I-Cache (sec)         :          0.001393
  O-Cache (sec)         :          0.918392
  Bank (sec)            :          0.001191
 
  Start Time (date)  :  2012/02/13 04:39:35
  End   Time (date)  :  2012/02/13 04:39:46
-rw-r--r--    1 modoper  pnt             600 Feb 13 04:39 /gfs/home3/modoper/tempo/global/oens/eof/datain/templ062012021300
sx6
PNT-EN
12021304:39
out
/gfs/home3/modoper/tempo/global/oens
/gfs/home3/modoper/tempo/global/oens
/gfs/dk22/modoper/tempo/global/oens
/gfs/dk22/modoper/tempo/global/oens/model/datain
/gfs/home3/modoper/tempo/global/oens/run/setrecfct.1.FCT06RT126L28.sx6
Date: 20120213
Hour: 04:39
FCT06R
2012021300
2012021309
GFCT06R
GFCT06R
GFCT06R
F.fct
F.fct
R.fct
/gfs/home3/modoper/tempo/global/oens
/gfs/home3/modoper/tempo/global/oens
/gfs/dk22/modoper/tempo/global/oens
/gfs/dk22/modoper/tempo/global/oens/model/datain
run
run
GFCT06R20120213002012021309F.fct.T126L28
/gfs/home3/modoper/tempo/global/oens/recfct/datain/GFCT06R20120213002012021309F.fct.T126L28
+ echo Recomposition  -x-  RUNNING ...
Recomposition  -x-  RUNNING ...
+ source=/gfs/home3/modoper/tempo/global/oens/recfct/source
+ bin=/gfs/home3/modoper/tempo/global/oens/recfct/bin/T126L28
+ input=/gfs/home3/modoper/tempo/global/oens/recfct/datain
+ out=/gfs/home3/modoper/tempo/global/oens/recfct/output
+ echo run
run
+ [ run = make ]
+ echo run
run
+ [ run = clean ]
+ cd /gfs/home3/modoper/tempo/global/oens/recfct/bin/T126L28
+ echo ./recfct.T126L28 < /gfs/home3/modoper/tempo/global/oens/recfct/datain/recfctFCT06R.nml > /gfs/home3/modoper/tempo/global/oens/recfct/output/recfct.out.2012021300.04:39.T126L28
./recfct.T126L28 < /gfs/home3/modoper/tempo/global/oens/recfct/datain/recfctFCT06R.nml > /gfs/home3/modoper/tempo/global/oens/recfct/output/recfct.out.2012021300.04:39.T126L28
+ ./recfct.T126L28
+ 0< /gfs/home3/modoper/tempo/global/oens/recfct/datain/recfctFCT06R.nml 1> /gfs/home3/modoper/tempo/global/oens/recfct/output/recfct.out.2012021300.04:39.T126L28
 
 
     ******  Program Information  ******
  Real Time (sec)       :          8.238270
  User Time (sec)       :          4.231280
  Sys  Time (sec)       :          0.063167
  Vector Time (sec)     :          0.375889
  Inst. Count           :        1596986017.
  V. Inst. Count        :          16052480.
  V. Element Count      :        1289251883.
  FLOP Count            :         534710003.
  MOPS                  :        678.325539
  MFLOPS                :        126.370738
  VLEN                  :         80.314810
  V. Op. Ratio (%)      :         44.918766
  Memory Size (MB)      :        192.031250
  MIPS                  :        377.423839
  I-Cache (sec)         :          0.000960
  O-Cache (sec)         :          0.944789
  Bank (sec)            :          0.001189
 
  Start Time (date)  :  2012/02/13 04:39:47
  End   Time (date)  :  2012/02/13 04:39:55
-rw-r--r--    1 modoper  pnt             800 Feb 13 04:39 /gfs/home3/modoper/tempo/global/oens/eof/datain/templ062012021300
sx6
PNT-EN
12021304:39
out
/gfs/home3/modoper/tempo/global/oens
/gfs/home3/modoper/tempo/global/oens
/gfs/dk22/modoper/tempo/global/oens
/gfs/dk22/modoper/tempo/global/oens/model/datain
/gfs/home3/modoper/tempo/global/oens/run/setrecfct.1.FCT06RT126L28.sx6
Date: 20120213
Hour: 04:39
FCT06R
2012021300
2012021312
GFCT06R
GFCT06R
GFCT06R
F.fct
F.fct
R.fct
/gfs/home3/modoper/tempo/global/oens
/gfs/home3/modoper/tempo/global/oens
/gfs/dk22/modoper/tempo/global/oens
/gfs/dk22/modoper/tempo/global/oens/model/datain
run
run
GFCT06R20120213002012021312F.fct.T126L28
/gfs/home3/modoper/tempo/global/oens/recfct/datain/GFCT06R20120213002012021312F.fct.T126L28
+ echo Recomposition  -x-  RUNNING ...
Recomposition  -x-  RUNNING ...
+ source=/gfs/home3/modoper/tempo/global/oens/recfct/source
+ bin=/gfs/home3/modoper/tempo/global/oens/recfct/bin/T126L28
+ input=/gfs/home3/modoper/tempo/global/oens/recfct/datain
+ out=/gfs/home3/modoper/tempo/global/oens/recfct/output
+ echo run
run
+ [ run = make ]
+ echo run
run
+ [ run = clean ]
+ cd /gfs/home3/modoper/tempo/global/oens/recfct/bin/T126L28
+ echo ./recfct.T126L28 < /gfs/home3/modoper/tempo/global/oens/recfct/datain/recfctFCT06R.nml > /gfs/home3/modoper/tempo/global/oens/recfct/output/recfct.out.2012021300.04:39.T126L28
./recfct.T126L28 < /gfs/home3/modoper/tempo/global/oens/recfct/datain/recfctFCT06R.nml > /gfs/home3/modoper/tempo/global/oens/recfct/output/recfct.out.2012021300.04:39.T126L28
+ ./recfct.T126L28
+ 0< /gfs/home3/modoper/tempo/global/oens/recfct/datain/recfctFCT06R.nml 1> /gfs/home3/modoper/tempo/global/oens/recfct/output/recfct.out.2012021300.04:39.T126L28
 
 
     ******  Program Information  ******
  Real Time (sec)       :         11.510538
  User Time (sec)       :          4.299748
  Sys  Time (sec)       :          0.064304
  Vector Time (sec)     :          0.388140
  Inst. Count           :        1596986048.
  V. Inst. Count        :          16052480.
  V. Element Count      :        1289251883.
  FLOP Count            :         534710004.
  MOPS                  :        667.524084
  MFLOPS                :        124.358447
  VLEN                  :         80.314810
  V. Op. Ratio (%)      :         44.918766
  Memory Size (MB)      :        192.031250
  MIPS                  :        371.413857
  I-Cache (sec)         :          0.000979
  O-Cache (sec)         :          0.998746
  Bank (sec)            :          0.001191
 
  Start Time (date)  :  2012/02/13 04:39:57
  End   Time (date)  :  2012/02/13 04:40:08
-rw-r--r--    1 modoper  pnt            1000 Feb 13 04:40 /gfs/home3/modoper/tempo/global/oens/eof/datain/templ062012021300
sx6
PNT-EN
12021304:40
out
/gfs/home3/modoper/tempo/global/oens
/gfs/home3/modoper/tempo/global/oens
/gfs/dk22/modoper/tempo/global/oens
/gfs/dk22/modoper/tempo/global/oens/model/datain
/gfs/home3/modoper/tempo/global/oens/run/setrecfct.1.FCT06RT126L28.sx6
Date: 20120213
Hour: 04:40
FCT06R
2012021300
2012021315
GFCT06R
GFCT06R
GFCT06R
F.fct
F.fct
R.fct
/gfs/home3/modoper/tempo/global/oens
/gfs/home3/modoper/tempo/global/oens
/gfs/dk22/modoper/tempo/global/oens
/gfs/dk22/modoper/tempo/global/oens/model/datain
run
run
GFCT06R20120213002012021315F.fct.T126L28
/gfs/home3/modoper/tempo/global/oens/recfct/datain/GFCT06R20120213002012021315F.fct.T126L28
+ echo Recomposition  -x-  RUNNING ...
Recomposition  -x-  RUNNING ...
+ source=/gfs/home3/modoper/tempo/global/oens/recfct/source
+ bin=/gfs/home3/modoper/tempo/global/oens/recfct/bin/T126L28
+ input=/gfs/home3/modoper/tempo/global/oens/recfct/datain
+ out=/gfs/home3/modoper/tempo/global/oens/recfct/output
+ echo run
run
+ [ run = make ]
+ echo run
run
+ [ run = clean ]
+ cd /gfs/home3/modoper/tempo/global/oens/recfct/bin/T126L28
+ echo ./recfct.T126L28 < /gfs/home3/modoper/tempo/global/oens/recfct/datain/recfctFCT06R.nml > /gfs/home3/modoper/tempo/global/oens/recfct/output/recfct.out.2012021300.04:40.T126L28
./recfct.T126L28 < /gfs/home3/modoper/tempo/global/oens/recfct/datain/recfctFCT06R.nml > /gfs/home3/modoper/tempo/global/oens/recfct/output/recfct.out.2012021300.04:40.T126L28
+ ./recfct.T126L28
+ 0< /gfs/home3/modoper/tempo/global/oens/recfct/datain/recfctFCT06R.nml 1> /gfs/home3/modoper/tempo/global/oens/recfct/output/recfct.out.2012021300.04:40.T126L28
 
 
     ******  Program Information  ******
  Real Time (sec)       :         12.908891
  User Time (sec)       :          4.203024
  Sys  Time (sec)       :          0.069169
  Vector Time (sec)     :          0.366589
  Inst. Count           :        1596986048.
  V. Inst. Count        :          16052480.
  V. Element Count      :        1289251883.
  FLOP Count            :         534710004.
  MOPS                  :        682.885841
  MFLOPS                :        127.220313
  VLEN                  :         80.314810
  V. Op. Ratio (%)      :         44.918766
  Memory Size (MB)      :        192.031250
  MIPS                  :        379.961218
  I-Cache (sec)         :          0.000990
  O-Cache (sec)         :          0.926087
  Bank (sec)            :          0.001191
 
  Start Time (date)  :  2012/02/13 04:40:09
  End   Time (date)  :  2012/02/13 04:40:22
-rw-r--r--    1 modoper  pnt            1200 Feb 13 04:40 /gfs/home3/modoper/tempo/global/oens/eof/datain/templ062012021300
sx6
PNT-EN
12021304:40
out
/gfs/home3/modoper/tempo/global/oens
/gfs/home3/modoper/tempo/global/oens
/gfs/dk22/modoper/tempo/global/oens
/gfs/dk22/modoper/tempo/global/oens/model/datain
/gfs/home3/modoper/tempo/global/oens/run/setrecfct.1.FCT06RT126L28.sx6
Date: 20120213
Hour: 04:40
FCT06R
2012021300
2012021318
GFCT06R
GFCT06R
GFCT06R
F.fct
F.fct
R.fct
/gfs/home3/modoper/tempo/global/oens
/gfs/home3/modoper/tempo/global/oens
/gfs/dk22/modoper/tempo/global/oens
/gfs/dk22/modoper/tempo/global/oens/model/datain
run
run
GFCT06R20120213002012021318F.fct.T126L28
/gfs/home3/modoper/tempo/global/oens/recfct/datain/GFCT06R20120213002012021318F.fct.T126L28
+ echo Recomposition  -x-  RUNNING ...
Recomposition  -x-  RUNNING ...
+ source=/gfs/home3/modoper/tempo/global/oens/recfct/source
+ bin=/gfs/home3/modoper/tempo/global/oens/recfct/bin/T126L28
+ input=/gfs/home3/modoper/tempo/global/oens/recfct/datain
+ out=/gfs/home3/modoper/tempo/global/oens/recfct/output
+ echo run
run
+ [ run = make ]
+ echo run
run
+ [ run = clean ]
+ cd /gfs/home3/modoper/tempo/global/oens/recfct/bin/T126L28
+ echo ./recfct.T126L28 < /gfs/home3/modoper/tempo/global/oens/recfct/datain/recfctFCT06R.nml > /gfs/home3/modoper/tempo/global/oens/recfct/output/recfct.out.2012021300.04:40.T126L28
./recfct.T126L28 < /gfs/home3/modoper/tempo/global/oens/recfct/datain/recfctFCT06R.nml > /gfs/home3/modoper/tempo/global/oens/recfct/output/recfct.out.2012021300.04:40.T126L28
+ ./recfct.T126L28
+ 0< /gfs/home3/modoper/tempo/global/oens/recfct/datain/recfctFCT06R.nml 1> /gfs/home3/modoper/tempo/global/oens/recfct/output/recfct.out.2012021300.04:40.T126L28
 
 
     ******  Program Information  ******
  Real Time (sec)       :          6.284801
  User Time (sec)       :          4.277479
  Sys  Time (sec)       :          0.064917
  Vector Time (sec)     :          0.386451
  Inst. Count           :        1596986048.
  V. Inst. Count        :          16052480.
  V. Element Count      :        1289251883.
  FLOP Count            :         534710004.
  MOPS                  :        670.999318
  MFLOPS                :        125.005877
  VLEN                  :         80.314810
  V. Op. Ratio (%)      :         44.918766
  Memory Size (MB)      :        192.031250
  MIPS                  :        373.347495
  I-Cache (sec)         :          0.000904
  O-Cache (sec)         :          0.978693
  Bank (sec)            :          0.001190
 
  Start Time (date)  :  2012/02/13 04:40:24
  End   Time (date)  :  2012/02/13 04:40:31
-rw-r--r--    1 modoper  pnt            1400 Feb 13 04:40 /gfs/home3/modoper/tempo/global/oens/eof/datain/templ062012021300
sx6
PNT-EN
12021304:40
out
/gfs/home3/modoper/tempo/global/oens
/gfs/home3/modoper/tempo/global/oens
/gfs/dk22/modoper/tempo/global/oens
/gfs/dk22/modoper/tempo/global/oens/model/datain
/gfs/home3/modoper/tempo/global/oens/run/setrecfct.1.FCT06RT126L28.sx6
Date: 20120213
Hour: 04:40
FCT06R
2012021300
2012021321
GFCT06R
GFCT06R
GFCT06R
F.fct
F.fct
R.fct
/gfs/home3/modoper/tempo/global/oens
/gfs/home3/modoper/tempo/global/oens
/gfs/dk22/modoper/tempo/global/oens
/gfs/dk22/modoper/tempo/global/oens/model/datain
run
run
GFCT06R20120213002012021321F.fct.T126L28
/gfs/home3/modoper/tempo/global/oens/recfct/datain/GFCT06R20120213002012021321F.fct.T126L28
+ echo Recomposition  -x-  RUNNING ...
Recomposition  -x-  RUNNING ...
+ source=/gfs/home3/modoper/tempo/global/oens/recfct/source
+ bin=/gfs/home3/modoper/tempo/global/oens/recfct/bin/T126L28
+ input=/gfs/home3/modoper/tempo/global/oens/recfct/datain
+ out=/gfs/home3/modoper/tempo/global/oens/recfct/output
+ echo run
run
+ [ run = make ]
+ echo run
run
+ [ run = clean ]
+ cd /gfs/home3/modoper/tempo/global/oens/recfct/bin/T126L28
+ echo ./recfct.T126L28 < /gfs/home3/modoper/tempo/global/oens/recfct/datain/recfctFCT06R.nml > /gfs/home3/modoper/tempo/global/oens/recfct/output/recfct.out.2012021300.04:40.T126L28
./recfct.T126L28 < /gfs/home3/modoper/tempo/global/oens/recfct/datain/recfctFCT06R.nml > /gfs/home3/modoper/tempo/global/oens/recfct/output/recfct.out.2012021300.04:40.T126L28
+ ./recfct.T126L28
+ 0< /gfs/home3/modoper/tempo/global/oens/recfct/datain/recfctFCT06R.nml 1> /gfs/home3/modoper/tempo/global/oens/recfct/output/recfct.out.2012021300.04:40.T126L28
 
 
     ******  Program Information  ******
  Real Time (sec)       :         13.253067
  User Time (sec)       :          4.285963
  Sys  Time (sec)       :          0.072708
  Vector Time (sec)     :          0.383187
  Inst. Count           :        1596986048.
  V. Inst. Count        :          16052480.
  V. Element Count      :        1289251883.
  FLOP Count            :         534710004.
  MOPS                  :        669.671112
  MFLOPS                :        124.758434
  VLEN                  :         80.314810
  V. Op. Ratio (%)      :         44.918766
  Memory Size (MB)      :        192.031250
  MIPS                  :        372.608474
  I-Cache (sec)         :          0.001149
  O-Cache (sec)         :          0.990566
  Bank (sec)            :          0.001191
 
  Start Time (date)  :  2012/02/13 04:40:32
  End   Time (date)  :  2012/02/13 04:40:45
-rw-r--r--    1 modoper  pnt            1600 Feb 13 04:40 /gfs/home3/modoper/tempo/global/oens/eof/datain/templ062012021300
sx6
PNT-EN
12021304:40
out
/gfs/home3/modoper/tempo/global/oens
/gfs/home3/modoper/tempo/global/oens
/gfs/dk22/modoper/tempo/global/oens
/gfs/dk22/modoper/tempo/global/oens/model/datain
/gfs/home3/modoper/tempo/global/oens/run/setrecfct.1.FCT06RT126L28.sx6
Date: 20120213
Hour: 04:40
FCT06R
2012021300
2012021400
GFCT06R
GFCT06R
GFCT06R
F.fct
F.fct
R.fct
/gfs/home3/modoper/tempo/global/oens
/gfs/home3/modoper/tempo/global/oens
/gfs/dk22/modoper/tempo/global/oens
/gfs/dk22/modoper/tempo/global/oens/model/datain
run
run
GFCT06R20120213002012021400F.fct.T126L28
/gfs/home3/modoper/tempo/global/oens/recfct/datain/GFCT06R20120213002012021400F.fct.T126L28
+ echo Recomposition  -x-  RUNNING ...
Recomposition  -x-  RUNNING ...
+ source=/gfs/home3/modoper/tempo/global/oens/recfct/source
+ bin=/gfs/home3/modoper/tempo/global/oens/recfct/bin/T126L28
+ input=/gfs/home3/modoper/tempo/global/oens/recfct/datain
+ out=/gfs/home3/modoper/tempo/global/oens/recfct/output
+ echo run
run
+ [ run = make ]
+ echo run
run
+ [ run = clean ]
+ cd /gfs/home3/modoper/tempo/global/oens/recfct/bin/T126L28
+ echo ./recfct.T126L28 < /gfs/home3/modoper/tempo/global/oens/recfct/datain/recfctFCT06R.nml > /gfs/home3/modoper/tempo/global/oens/recfct/output/recfct.out.2012021300.04:40.T126L28
./recfct.T126L28 < /gfs/home3/modoper/tempo/global/oens/recfct/datain/recfctFCT06R.nml > /gfs/home3/modoper/tempo/global/oens/recfct/output/recfct.out.2012021300.04:40.T126L28
+ ./recfct.T126L28
+ 0< /gfs/home3/modoper/tempo/global/oens/recfct/datain/recfctFCT06R.nml 1> /gfs/home3/modoper/tempo/global/oens/recfct/output/recfct.out.2012021300.04:40.T126L28
 
 
     ******  Program Information  ******
  Real Time (sec)       :         11.537094
  User Time (sec)       :          4.221938
  Sys  Time (sec)       :          0.071122
  Vector Time (sec)     :          0.372498
  Inst. Count           :        1596986017.
  V. Inst. Count        :          16052480.
  V. Element Count      :        1289251883.
  FLOP Count            :         534710003.
  MOPS                  :        679.826445
  MFLOPS                :        126.650354
  VLEN                  :         80.314810
  V. Op. Ratio (%)      :         44.918766
  Memory Size (MB)      :        192.031250
  MIPS                  :        378.258951
  I-Cache (sec)         :          0.000876
  O-Cache (sec)         :          0.939050
  Bank (sec)            :          0.001192
 
  Start Time (date)  :  2012/02/13 04:40:47
  End   Time (date)  :  2012/02/13 04:40:58
-rw-r--r--    1 modoper  pnt            1800 Feb 13 04:40 /gfs/home3/modoper/tempo/global/oens/eof/datain/templ062012021300
sx6
PNT-EN
12021304:40
out
/gfs/home3/modoper/tempo/global/oens
/gfs/home3/modoper/tempo/global/oens
/gfs/dk22/modoper/tempo/global/oens
/gfs/dk22/modoper/tempo/global/oens/model/datain
/gfs/home3/modoper/tempo/global/oens/run/setrecfct.1.FCT06RT126L28.sx6
Date: 20120213
Hour: 04:40
FCT06R
2012021300
2012021403
GFCT06R
GFCT06R
GFCT06R
F.fct
F.fct
R.fct
/gfs/home3/modoper/tempo/global/oens
/gfs/home3/modoper/tempo/global/oens
/gfs/dk22/modoper/tempo/global/oens
/gfs/dk22/modoper/tempo/global/oens/model/datain
run
run
GFCT06R20120213002012021403F.fct.T126L28
/gfs/home3/modoper/tempo/global/oens/recfct/datain/GFCT06R20120213002012021403F.fct.T126L28
+ echo Recomposition  -x-  RUNNING ...
Recomposition  -x-  RUNNING ...
+ source=/gfs/home3/modoper/tempo/global/oens/recfct/source
+ bin=/gfs/home3/modoper/tempo/global/oens/recfct/bin/T126L28
+ input=/gfs/home3/modoper/tempo/global/oens/recfct/datain
+ out=/gfs/home3/modoper/tempo/global/oens/recfct/output
+ echo run
run
+ [ run = make ]
+ echo run
run
+ [ run = clean ]
+ cd /gfs/home3/modoper/tempo/global/oens/recfct/bin/T126L28
+ echo ./recfct.T126L28 < /gfs/home3/modoper/tempo/global/oens/recfct/datain/recfctFCT06R.nml > /gfs/home3/modoper/tempo/global/oens/recfct/output/recfct.out.2012021300.04:40.T126L28
./recfct.T126L28 < /gfs/home3/modoper/tempo/global/oens/recfct/datain/recfctFCT06R.nml > /gfs/home3/modoper/tempo/global/oens/recfct/output/recfct.out.2012021300.04:40.T126L28
+ ./recfct.T126L28
+ 0< /gfs/home3/modoper/tempo/global/oens/recfct/datain/recfctFCT06R.nml 1> /gfs/home3/modoper/tempo/global/oens/recfct/output/recfct.out.2012021300.04:40.T126L28
 
 
     ******  Program Information  ******
  Real Time (sec)       :          7.868670
  User Time (sec)       :          4.216053
  Sys  Time (sec)       :          0.077388
  Vector Time (sec)     :          0.370894
  Inst. Count           :        1596986017.
  V. Inst. Count        :          16052480.
  V. Element Count      :        1289251883.
  FLOP Count            :         534710003.
  MOPS                  :        680.775387
  MFLOPS                :        126.827140
  VLEN                  :         80.314810
  V. Op. Ratio (%)      :         44.918766
  Memory Size (MB)      :        192.031250
  MIPS                  :        378.786947
  I-Cache (sec)         :          0.001916
  O-Cache (sec)         :          0.934372
  Bank (sec)            :          0.001190
 
  Start Time (date)  :  2012/02/13 04:40:59
  End   Time (date)  :  2012/02/13 04:41:07
-rw-r--r--    1 modoper  pnt            2000 Feb 13 04:41 /gfs/home3/modoper/tempo/global/oens/eof/datain/templ062012021300
sx6
PNT-EN
12021304:41
out
/gfs/home3/modoper/tempo/global/oens
/gfs/home3/modoper/tempo/global/oens
/gfs/dk22/modoper/tempo/global/oens
/gfs/dk22/modoper/tempo/global/oens/model/datain
/gfs/home3/modoper/tempo/global/oens/run/setrecfct.1.FCT06RT126L28.sx6
Date: 20120213
Hour: 04:41
FCT06R
2012021300
2012021406
GFCT06R
GFCT06R
GFCT06R
F.fct
F.fct
R.fct
/gfs/home3/modoper/tempo/global/oens
/gfs/home3/modoper/tempo/global/oens
/gfs/dk22/modoper/tempo/global/oens
/gfs/dk22/modoper/tempo/global/oens/model/datain
run
run
GFCT06R20120213002012021406F.fct.T126L28
/gfs/home3/modoper/tempo/global/oens/recfct/datain/GFCT06R20120213002012021406F.fct.T126L28
+ echo Recomposition  -x-  RUNNING ...
Recomposition  -x-  RUNNING ...
+ source=/gfs/home3/modoper/tempo/global/oens/recfct/source
+ bin=/gfs/home3/modoper/tempo/global/oens/recfct/bin/T126L28
+ input=/gfs/home3/modoper/tempo/global/oens/recfct/datain
+ out=/gfs/home3/modoper/tempo/global/oens/recfct/output
+ echo run
run
+ [ run = make ]
+ echo run
run
+ [ run = clean ]
+ cd /gfs/home3/modoper/tempo/global/oens/recfct/bin/T126L28
+ echo ./recfct.T126L28 < /gfs/home3/modoper/tempo/global/oens/recfct/datain/recfctFCT06R.nml > /gfs/home3/modoper/tempo/global/oens/recfct/output/recfct.out.2012021300.04:41.T126L28
./recfct.T126L28 < /gfs/home3/modoper/tempo/global/oens/recfct/datain/recfctFCT06R.nml > /gfs/home3/modoper/tempo/global/oens/recfct/output/recfct.out.2012021300.04:41.T126L28
+ ./recfct.T126L28
+ 0< /gfs/home3/modoper/tempo/global/oens/recfct/datain/recfctFCT06R.nml 1> /gfs/home3/modoper/tempo/global/oens/recfct/output/recfct.out.2012021300.04:41.T126L28
 
 
     ******  Program Information  ******
  Real Time (sec)       :          6.601536
  User Time (sec)       :          4.280764
  Sys  Time (sec)       :          0.163112
  Vector Time (sec)     :          0.383416
  Inst. Count           :        1596986017.
  V. Inst. Count        :          16052480.
  V. Element Count      :        1289251883.
  FLOP Count            :         534710003.
  MOPS                  :        670.484362
  MFLOPS                :        124.909942
  VLEN                  :         80.314810
  V. Op. Ratio (%)      :         44.918766
  Memory Size (MB)      :        192.031250
  MIPS                  :        373.060968
  I-Cache (sec)         :          0.008674
  O-Cache (sec)         :          0.985560
  Bank (sec)            :          0.001190
 
  Start Time (date)  :  2012/02/13 04:41:08
  End   Time (date)  :  2012/02/13 04:41:15
-rw-r--r--    1 modoper  pnt            2200 Feb 13 04:41 /gfs/home3/modoper/tempo/global/oens/eof/datain/templ062012021300
sx6
PNT-EN
12021304:41
out
/gfs/home3/modoper/tempo/global/oens
/gfs/home3/modoper/tempo/global/oens
/gfs/dk22/modoper/tempo/global/oens
/gfs/dk22/modoper/tempo/global/oens/model/datain
/gfs/home3/modoper/tempo/global/oens/run/setrecfct.1.FCT06RT126L28.sx6
Date: 20120213
Hour: 04:41
FCT06R
2012021300
2012021409
GFCT06R
GFCT06R
GFCT06R
F.fct
F.fct
R.fct
/gfs/home3/modoper/tempo/global/oens
/gfs/home3/modoper/tempo/global/oens
/gfs/dk22/modoper/tempo/global/oens
/gfs/dk22/modoper/tempo/global/oens/model/datain
run
run
GFCT06R20120213002012021409F.fct.T126L28
/gfs/home3/modoper/tempo/global/oens/recfct/datain/GFCT06R20120213002012021409F.fct.T126L28
+ echo Recomposition  -x-  RUNNING ...
Recomposition  -x-  RUNNING ...
+ source=/gfs/home3/modoper/tempo/global/oens/recfct/source
+ bin=/gfs/home3/modoper/tempo/global/oens/recfct/bin/T126L28
+ input=/gfs/home3/modoper/tempo/global/oens/recfct/datain
+ out=/gfs/home3/modoper/tempo/global/oens/recfct/output
+ echo run
run
+ [ run = make ]
+ echo run
run
+ [ run = clean ]
+ cd /gfs/home3/modoper/tempo/global/oens/recfct/bin/T126L28
+ echo ./recfct.T126L28 < /gfs/home3/modoper/tempo/global/oens/recfct/datain/recfctFCT06R.nml > /gfs/home3/modoper/tempo/global/oens/recfct/output/recfct.out.2012021300.04:41.T126L28
./recfct.T126L28 < /gfs/home3/modoper/tempo/global/oens/recfct/datain/recfctFCT06R.nml > /gfs/home3/modoper/tempo/global/oens/recfct/output/recfct.out.2012021300.04:41.T126L28
+ ./recfct.T126L28
+ 0< /gfs/home3/modoper/tempo/global/oens/recfct/datain/recfctFCT06R.nml 1> /gfs/home3/modoper/tempo/global/oens/recfct/output/recfct.out.2012021300.04:41.T126L28
 
 
     ******  Program Information  ******
  Real Time (sec)       :         14.640478
  User Time (sec)       :          4.267285
  Sys  Time (sec)       :          0.115543
  Vector Time (sec)     :          0.379994
  Inst. Count           :        1596986017.
  V. Inst. Count        :          16052480.
  V. Element Count      :        1289251883.
  FLOP Count            :         534710003.
  MOPS                  :        672.602165
  MFLOPS                :        125.304485
  VLEN                  :         80.314810
  V. Op. Ratio (%)      :         44.918766
  Memory Size (MB)      :        192.031250
  MIPS                  :        374.239325
  I-Cache (sec)         :          0.005259
  O-Cache (sec)         :          0.975548
  Bank (sec)            :          0.001193
 
  Start Time (date)  :  2012/02/13 04:41:16
  End   Time (date)  :  2012/02/13 04:41:31
-rw-r--r--    1 modoper  pnt            2400 Feb 13 04:41 /gfs/home3/modoper/tempo/global/oens/eof/datain/templ062012021300
sx6
PNT-EN
12021304:41
out
/gfs/home3/modoper/tempo/global/oens
/gfs/home3/modoper/tempo/global/oens
/gfs/dk22/modoper/tempo/global/oens
/gfs/dk22/modoper/tempo/global/oens/model/datain
/gfs/home3/modoper/tempo/global/oens/run/setrecfct.1.FCT06RT126L28.sx6
Date: 20120213
Hour: 04:41
FCT06R
2012021300
2012021412
GFCT06R
GFCT06R
GFCT06R
F.fct
F.fct
R.fct
/gfs/home3/modoper/tempo/global/oens
/gfs/home3/modoper/tempo/global/oens
/gfs/dk22/modoper/tempo/global/oens
/gfs/dk22/modoper/tempo/global/oens/model/datain
run
run
GFCT06R20120213002012021412F.fct.T126L28
/gfs/home3/modoper/tempo/global/oens/recfct/datain/GFCT06R20120213002012021412F.fct.T126L28
+ echo Recomposition  -x-  RUNNING ...
Recomposition  -x-  RUNNING ...
+ source=/gfs/home3/modoper/tempo/global/oens/recfct/source
+ bin=/gfs/home3/modoper/tempo/global/oens/recfct/bin/T126L28
+ input=/gfs/home3/modoper/tempo/global/oens/recfct/datain
+ out=/gfs/home3/modoper/tempo/global/oens/recfct/output
+ echo run
run
+ [ run = make ]
+ echo run
run
+ [ run = clean ]
+ cd /gfs/home3/modoper/tempo/global/oens/recfct/bin/T126L28
+ echo ./recfct.T126L28 < /gfs/home3/modoper/tempo/global/oens/recfct/datain/recfctFCT06R.nml > /gfs/home3/modoper/tempo/global/oens/recfct/output/recfct.out.2012021300.04:41.T126L28
./recfct.T126L28 < /gfs/home3/modoper/tempo/global/oens/recfct/datain/recfctFCT06R.nml > /gfs/home3/modoper/tempo/global/oens/recfct/output/recfct.out.2012021300.04:41.T126L28
+ ./recfct.T126L28
+ 0< /gfs/home3/modoper/tempo/global/oens/recfct/datain/recfctFCT06R.nml 1> /gfs/home3/modoper/tempo/global/oens/recfct/output/recfct.out.2012021300.04:41.T126L28
 
 
     ******  Program Information  ******
  Real Time (sec)       :          6.335482
  User Time (sec)       :          4.224611
  Sys  Time (sec)       :          0.067983
  Vector Time (sec)     :          0.376162
  Inst. Count           :        1596986048.
  V. Inst. Count        :          16052480.
  V. Element Count      :        1289251883.
  FLOP Count            :         534710004.
  MOPS                  :        679.396362
  MFLOPS                :        126.570230
  VLEN                  :         80.314810
  V. Op. Ratio (%)      :         44.918766
  Memory Size (MB)      :        192.031250
  MIPS                  :        378.019654
  I-Cache (sec)         :          0.000880
  O-Cache (sec)         :          0.936372
  Bank (sec)            :          0.001189
 
  Start Time (date)  :  2012/02/13 04:41:32
  End   Time (date)  :  2012/02/13 04:41:39
-rw-r--r--    1 modoper  pnt            2600 Feb 13 04:41 /gfs/home3/modoper/tempo/global/oens/eof/datain/templ062012021300
sx6
PNT-EN
12021304:41
out
/gfs/home3/modoper/tempo/global/oens
/gfs/home3/modoper/tempo/global/oens
/gfs/dk22/modoper/tempo/global/oens
/gfs/dk22/modoper/tempo/global/oens/model/datain
/gfs/home3/modoper/tempo/global/oens/run/setrecfct.1.FCT06RT126L28.sx6
Date: 20120213
Hour: 04:41
FCT06R
2012021300
2012021415
GFCT06R
GFCT06R
GFCT06R
F.fct
F.fct
R.fct
/gfs/home3/modoper/tempo/global/oens
/gfs/home3/modoper/tempo/global/oens
/gfs/dk22/modoper/tempo/global/oens
/gfs/dk22/modoper/tempo/global/oens/model/datain
run
run
GFCT06R20120213002012021415F.fct.T126L28
/gfs/home3/modoper/tempo/global/oens/recfct/datain/GFCT06R20120213002012021415F.fct.T126L28
+ echo Recomposition  -x-  RUNNING ...
Recomposition  -x-  RUNNING ...
+ source=/gfs/home3/modoper/tempo/global/oens/recfct/source
+ bin=/gfs/home3/modoper/tempo/global/oens/recfct/bin/T126L28
+ input=/gfs/home3/modoper/tempo/global/oens/recfct/datain
+ out=/gfs/home3/modoper/tempo/global/oens/recfct/output
+ echo run
run
+ [ run = make ]
+ echo run
run
+ [ run = clean ]
+ cd /gfs/home3/modoper/tempo/global/oens/recfct/bin/T126L28
+ echo ./recfct.T126L28 < /gfs/home3/modoper/tempo/global/oens/recfct/datain/recfctFCT06R.nml > /gfs/home3/modoper/tempo/global/oens/recfct/output/recfct.out.2012021300.04:41.T126L28
./recfct.T126L28 < /gfs/home3/modoper/tempo/global/oens/recfct/datain/recfctFCT06R.nml > /gfs/home3/modoper/tempo/global/oens/recfct/output/recfct.out.2012021300.04:41.T126L28
+ ./recfct.T126L28
+ 0< /gfs/home3/modoper/tempo/global/oens/recfct/datain/recfctFCT06R.nml 1> /gfs/home3/modoper/tempo/global/oens/recfct/output/recfct.out.2012021300.04:41.T126L28
 
 
     ******  Program Information  ******
  Real Time (sec)       :          9.498862
  User Time (sec)       :          4.303003
  Sys  Time (sec)       :          0.070864
  Vector Time (sec)     :          0.391221
  Inst. Count           :        1596986048.
  V. Inst. Count        :          16052480.
  V. Element Count      :        1289251883.
  FLOP Count            :         534710004.
  MOPS                  :        667.019100
  MFLOPS                :        124.264370
  VLEN                  :         80.314810
  V. Op. Ratio (%)      :         44.918766
  Memory Size (MB)      :        192.031250
  MIPS                  :        371.132881
  I-Cache (sec)         :          0.001000
  O-Cache (sec)         :          0.999326
  Bank (sec)            :          0.001190
 
  Start Time (date)  :  2012/02/13 04:41:40
  End   Time (date)  :  2012/02/13 04:41:50
-rw-r--r--    1 modoper  pnt            2800 Feb 13 04:41 /gfs/home3/modoper/tempo/global/oens/eof/datain/templ062012021300
sx6
PNT-EN
12021304:41
out
/gfs/home3/modoper/tempo/global/oens
/gfs/home3/modoper/tempo/global/oens
/gfs/dk22/modoper/tempo/global/oens
/gfs/dk22/modoper/tempo/global/oens/model/datain
/gfs/home3/modoper/tempo/global/oens/run/setrecfct.1.FCT06RT126L28.sx6
Date: 20120213
Hour: 04:41
FCT06R
2012021300
2012021418
GFCT06R
GFCT06R
GFCT06R
F.fct
F.fct
R.fct
/gfs/home3/modoper/tempo/global/oens
/gfs/home3/modoper/tempo/global/oens
/gfs/dk22/modoper/tempo/global/oens
/gfs/dk22/modoper/tempo/global/oens/model/datain
run
run
GFCT06R20120213002012021418F.fct.T126L28
/gfs/home3/modoper/tempo/global/oens/recfct/datain/GFCT06R20120213002012021418F.fct.T126L28
+ echo Recomposition  -x-  RUNNING ...
Recomposition  -x-  RUNNING ...
+ source=/gfs/home3/modoper/tempo/global/oens/recfct/source
+ bin=/gfs/home3/modoper/tempo/global/oens/recfct/bin/T126L28
+ input=/gfs/home3/modoper/tempo/global/oens/recfct/datain
+ out=/gfs/home3/modoper/tempo/global/oens/recfct/output
+ echo run
run
+ [ run = make ]
+ echo run
run
+ [ run = clean ]
+ cd /gfs/home3/modoper/tempo/global/oens/recfct/bin/T126L28
+ echo ./recfct.T126L28 < /gfs/home3/modoper/tempo/global/oens/recfct/datain/recfctFCT06R.nml > /gfs/home3/modoper/tempo/global/oens/recfct/output/recfct.out.2012021300.04:41.T126L28
./recfct.T126L28 < /gfs/home3/modoper/tempo/global/oens/recfct/datain/recfctFCT06R.nml > /gfs/home3/modoper/tempo/global/oens/recfct/output/recfct.out.2012021300.04:41.T126L28
+ ./recfct.T126L28
+ 0< /gfs/home3/modoper/tempo/global/oens/recfct/datain/recfctFCT06R.nml 1> /gfs/home3/modoper/tempo/global/oens/recfct/output/recfct.out.2012021300.04:41.T126L28
 
 
     ******  Program Information  ******
  Real Time (sec)       :          7.650787
  User Time (sec)       :          4.206157
  Sys  Time (sec)       :          0.071336
  Vector Time (sec)     :          0.367411
  Inst. Count           :        1596986048.
  V. Inst. Count        :          16052480.
  V. Element Count      :        1289251883.
  FLOP Count            :         534710004.
  MOPS                  :        682.377194
  MFLOPS                :        127.125553
  VLEN                  :         80.314810
  V. Op. Ratio (%)      :         44.918766
  Memory Size (MB)      :        192.031250
  MIPS                  :        379.678204
  I-Cache (sec)         :          0.000917
  O-Cache (sec)         :          0.928652
  Bank (sec)            :          0.001190
 
  Start Time (date)  :  2012/02/13 04:41:51
  End   Time (date)  :  2012/02/13 04:41:59
-rw-r--r--    1 modoper  pnt            3000 Feb 13 04:41 /gfs/home3/modoper/tempo/global/oens/eof/datain/templ062012021300
sx6
PNT-EN
12021304:42
out
/gfs/home3/modoper/tempo/global/oens
/gfs/home3/modoper/tempo/global/oens
/gfs/dk22/modoper/tempo/global/oens
/gfs/dk22/modoper/tempo/global/oens/model/datain
/gfs/home3/modoper/tempo/global/oens/run/setrecfct.1.FCT06RT126L28.sx6
Date: 20120213
Hour: 04:42
FCT06R
2012021300
2012021421
GFCT06R
GFCT06R
GFCT06R
F.fct
F.fct
R.fct
/gfs/home3/modoper/tempo/global/oens
/gfs/home3/modoper/tempo/global/oens
/gfs/dk22/modoper/tempo/global/oens
/gfs/dk22/modoper/tempo/global/oens/model/datain
run
run
GFCT06R20120213002012021421F.fct.T126L28
/gfs/home3/modoper/tempo/global/oens/recfct/datain/GFCT06R20120213002012021421F.fct.T126L28
+ echo Recomposition  -x-  RUNNING ...
Recomposition  -x-  RUNNING ...
+ source=/gfs/home3/modoper/tempo/global/oens/recfct/source
+ bin=/gfs/home3/modoper/tempo/global/oens/recfct/bin/T126L28
+ input=/gfs/home3/modoper/tempo/global/oens/recfct/datain
+ out=/gfs/home3/modoper/tempo/global/oens/recfct/output
+ echo run
run
+ [ run = make ]
+ echo run
run
+ [ run = clean ]
+ cd /gfs/home3/modoper/tempo/global/oens/recfct/bin/T126L28
+ echo ./recfct.T126L28 < /gfs/home3/modoper/tempo/global/oens/recfct/datain/recfctFCT06R.nml > /gfs/home3/modoper/tempo/global/oens/recfct/output/recfct.out.2012021300.04:42.T126L28
./recfct.T126L28 < /gfs/home3/modoper/tempo/global/oens/recfct/datain/recfctFCT06R.nml > /gfs/home3/modoper/tempo/global/oens/recfct/output/recfct.out.2012021300.04:42.T126L28
+ ./recfct.T126L28
+ 0< /gfs/home3/modoper/tempo/global/oens/recfct/datain/recfctFCT06R.nml 1> /gfs/home3/modoper/tempo/global/oens/recfct/output/recfct.out.2012021300.04:42.T126L28
 
 
     ******  Program Information  ******
  Real Time (sec)       :          7.423462
  User Time (sec)       :          4.304512
  Sys  Time (sec)       :          0.065495
  Vector Time (sec)     :          0.389709
  Inst. Count           :        1596986048.
  V. Inst. Count        :          16052480.
  V. Element Count      :        1289251883.
  FLOP Count            :         534710004.
  MOPS                  :        666.785334
  MFLOPS                :        124.220820
  VLEN                  :         80.314810
  V. Op. Ratio (%)      :         44.918766
  Memory Size (MB)      :        192.031250
  MIPS                  :        371.002813
  I-Cache (sec)         :          0.000940
  O-Cache (sec)         :          1.002097
  Bank (sec)            :          0.001191
 
  Start Time (date)  :  2012/02/13 04:42:01
  End   Time (date)  :  2012/02/13 04:42:08
-rw-r--r--    1 modoper  pnt            3200 Feb 13 04:42 /gfs/home3/modoper/tempo/global/oens/eof/datain/templ062012021300
sx6
PNT-EN
12021304:42
out
/gfs/home3/modoper/tempo/global/oens
/gfs/home3/modoper/tempo/global/oens
/gfs/dk22/modoper/tempo/global/oens
/gfs/dk22/modoper/tempo/global/oens/model/datain
/gfs/home3/modoper/tempo/global/oens/run/setrecfct.1.FCT06RT126L28.sx6
Date: 20120213
Hour: 04:42
FCT06R
2012021300
2012021500
GFCT06R
GFCT06R
GFCT06R
F.fct
F.fct
R.fct
/gfs/home3/modoper/tempo/global/oens
/gfs/home3/modoper/tempo/global/oens
/gfs/dk22/modoper/tempo/global/oens
/gfs/dk22/modoper/tempo/global/oens/model/datain
run
run
GFCT06R20120213002012021500F.fct.T126L28
/gfs/home3/modoper/tempo/global/oens/recfct/datain/GFCT06R20120213002012021500F.fct.T126L28
+ echo Recomposition  -x-  RUNNING ...
Recomposition  -x-  RUNNING ...
+ source=/gfs/home3/modoper/tempo/global/oens/recfct/source
+ bin=/gfs/home3/modoper/tempo/global/oens/recfct/bin/T126L28
+ input=/gfs/home3/modoper/tempo/global/oens/recfct/datain
+ out=/gfs/home3/modoper/tempo/global/oens/recfct/output
+ echo run
run
+ [ run = make ]
+ echo run
run
+ [ run = clean ]
+ cd /gfs/home3/modoper/tempo/global/oens/recfct/bin/T126L28
+ echo ./recfct.T126L28 < /gfs/home3/modoper/tempo/global/oens/recfct/datain/recfctFCT06R.nml > /gfs/home3/modoper/tempo/global/oens/recfct/output/recfct.out.2012021300.04:42.T126L28
./recfct.T126L28 < /gfs/home3/modoper/tempo/global/oens/recfct/datain/recfctFCT06R.nml > /gfs/home3/modoper/tempo/global/oens/recfct/output/recfct.out.2012021300.04:42.T126L28
+ ./recfct.T126L28
+ 0< /gfs/home3/modoper/tempo/global/oens/recfct/datain/recfctFCT06R.nml 1> /gfs/home3/modoper/tempo/global/oens/recfct/output/recfct.out.2012021300.04:42.T126L28
 
 
     ******  Program Information  ******
  Real Time (sec)       :          7.714378
  User Time (sec)       :          4.295482
  Sys  Time (sec)       :          0.065972
  Vector Time (sec)     :          0.389165
  Inst. Count           :        1596986017.
  V. Inst. Count        :          16052480.
  V. Element Count      :        1289251883.
  FLOP Count            :         534710003.
  MOPS                  :        668.187121
  MFLOPS                :        124.481971
  VLEN                  :         80.314810
  V. Op. Ratio (%)      :         44.918766
  Memory Size (MB)      :        192.031250
  MIPS                  :        371.782771
  I-Cache (sec)         :          0.001366
  O-Cache (sec)         :          0.993748
  Bank (sec)            :          0.001192
 
  Start Time (date)  :  2012/02/13 04:42:10
  End   Time (date)  :  2012/02/13 04:42:17
-rw-r--r--    1 modoper  pnt            3400 Feb 13 04:42 /gfs/home3/modoper/tempo/global/oens/eof/datain/templ062012021300
sx6
PNT-EN
12021304:42
out
/gfs/home3/modoper/tempo/global/oens
/gfs/home3/modoper/tempo/global/oens
/gfs/dk22/modoper/tempo/global/oens
/gfs/dk22/modoper/tempo/global/oens/model/datain
/gfs/home3/modoper/tempo/global/oens/run/setrecfct.1.FCT06RT126L28.sx6
Date: 20120213
Hour: 04:42
FCT06R
2012021300
2012021503
GFCT06R
GFCT06R
GFCT06R
F.fct
F.fct
R.fct
/gfs/home3/modoper/tempo/global/oens
/gfs/home3/modoper/tempo/global/oens
/gfs/dk22/modoper/tempo/global/oens
/gfs/dk22/modoper/tempo/global/oens/model/datain
run
run
GFCT06R20120213002012021503F.fct.T126L28
/gfs/home3/modoper/tempo/global/oens/recfct/datain/GFCT06R20120213002012021503F.fct.T126L28
+ echo Recomposition  -x-  RUNNING ...
Recomposition  -x-  RUNNING ...
+ source=/gfs/home3/modoper/tempo/global/oens/recfct/source
+ bin=/gfs/home3/modoper/tempo/global/oens/recfct/bin/T126L28
+ input=/gfs/home3/modoper/tempo/global/oens/recfct/datain
+ out=/gfs/home3/modoper/tempo/global/oens/recfct/output
+ echo run
run
+ [ run = make ]
+ echo run
run
+ [ run = clean ]
+ cd /gfs/home3/modoper/tempo/global/oens/recfct/bin/T126L28
+ echo ./recfct.T126L28 < /gfs/home3/modoper/tempo/global/oens/recfct/datain/recfctFCT06R.nml > /gfs/home3/modoper/tempo/global/oens/recfct/output/recfct.out.2012021300.04:42.T126L28
./recfct.T126L28 < /gfs/home3/modoper/tempo/global/oens/recfct/datain/recfctFCT06R.nml > /gfs/home3/modoper/tempo/global/oens/recfct/output/recfct.out.2012021300.04:42.T126L28
+ ./recfct.T126L28
+ 0< /gfs/home3/modoper/tempo/global/oens/recfct/datain/recfctFCT06R.nml 1> /gfs/home3/modoper/tempo/global/oens/recfct/output/recfct.out.2012021300.04:42.T126L28
 
 
     ******  Program Information  ******
  Real Time (sec)       :          6.589434
  User Time (sec)       :          4.190825
  Sys  Time (sec)       :          0.138056
  Vector Time (sec)     :          0.361860
  Inst. Count           :        1596986017.
  V. Inst. Count        :          16052480.
  V. Element Count      :        1289251883.
  FLOP Count            :         534710003.
  MOPS                  :        684.873598
  MFLOPS                :        127.590629
  VLEN                  :         80.314810
  V. Op. Ratio (%)      :         44.918766
  Memory Size (MB)      :        192.031250
  MIPS                  :        381.067213
  I-Cache (sec)         :          0.006262
  O-Cache (sec)         :          0.919187
  Bank (sec)            :          0.001189
 
  Start Time (date)  :  2012/02/13 04:42:19
  End   Time (date)  :  2012/02/13 04:42:26
-rw-r--r--    1 modoper  pnt            3600 Feb 13 04:42 /gfs/home3/modoper/tempo/global/oens/eof/datain/templ062012021300
sx6
PNT-EN
12021304:42
out
/gfs/home3/modoper/tempo/global/oens
/gfs/home3/modoper/tempo/global/oens
/gfs/dk22/modoper/tempo/global/oens
/gfs/dk22/modoper/tempo/global/oens/model/datain
/gfs/home3/modoper/tempo/global/oens/run/setrecfct.1.FCT06RT126L28.sx6
Date: 20120213
Hour: 04:42
FCT06R
2012021300
2012021506
GFCT06R
GFCT06R
GFCT06R
F.fct
F.fct
R.fct
/gfs/home3/modoper/tempo/global/oens
/gfs/home3/modoper/tempo/global/oens
/gfs/dk22/modoper/tempo/global/oens
/gfs/dk22/modoper/tempo/global/oens/model/datain
run
run
GFCT06R20120213002012021506F.fct.T126L28
/gfs/home3/modoper/tempo/global/oens/recfct/datain/GFCT06R20120213002012021506F.fct.T126L28
+ echo Recomposition  -x-  RUNNING ...
Recomposition  -x-  RUNNING ...
+ source=/gfs/home3/modoper/tempo/global/oens/recfct/source
+ bin=/gfs/home3/modoper/tempo/global/oens/recfct/bin/T126L28
+ input=/gfs/home3/modoper/tempo/global/oens/recfct/datain
+ out=/gfs/home3/modoper/tempo/global/oens/recfct/output
+ echo run
run
+ [ run = make ]
+ echo run
run
+ [ run = clean ]
+ cd /gfs/home3/modoper/tempo/global/oens/recfct/bin/T126L28
+ echo ./recfct.T126L28 < /gfs/home3/modoper/tempo/global/oens/recfct/datain/recfctFCT06R.nml > /gfs/home3/modoper/tempo/global/oens/recfct/output/recfct.out.2012021300.04:42.T126L28
./recfct.T126L28 < /gfs/home3/modoper/tempo/global/oens/recfct/datain/recfctFCT06R.nml > /gfs/home3/modoper/tempo/global/oens/recfct/output/recfct.out.2012021300.04:42.T126L28
+ ./recfct.T126L28
+ 0< /gfs/home3/modoper/tempo/global/oens/recfct/datain/recfctFCT06R.nml 1> /gfs/home3/modoper/tempo/global/oens/recfct/output/recfct.out.2012021300.04:42.T126L28
 
 
     ******  Program Information  ******
  Real Time (sec)       :         19.187712
  User Time (sec)       :          4.225642
  Sys  Time (sec)       :          0.064117
  Vector Time (sec)     :          0.371663
  Inst. Count           :        1596986017.
  V. Inst. Count        :          16052480.
  V. Element Count      :        1289251883.
  FLOP Count            :         534710003.
  MOPS                  :        679.230536
  MFLOPS                :        126.539338
  VLEN                  :         80.314810
  V. Op. Ratio (%)      :         44.918766
  Memory Size (MB)      :        192.031250
  MIPS                  :        377.927384
  I-Cache (sec)         :          0.000954
  O-Cache (sec)         :          0.943291
  Bank (sec)            :          0.001189
 
  Start Time (date)  :  2012/02/13 04:42:27
  End   Time (date)  :  2012/02/13 04:42:46
-rw-r--r--    1 modoper  pnt            3800 Feb 13 04:42 /gfs/home3/modoper/tempo/global/oens/eof/datain/templ062012021300
sx6
PNT-EN
12021304:42
out
/gfs/home3/modoper/tempo/global/oens
/gfs/home3/modoper/tempo/global/oens
/gfs/dk22/modoper/tempo/global/oens
/gfs/dk22/modoper/tempo/global/oens/model/datain
/gfs/home3/modoper/tempo/global/oens/run/setrecfct.1.FCT06RT126L28.sx6
Date: 20120213
Hour: 04:42
FCT06R
2012021300
2012021509
GFCT06R
GFCT06R
GFCT06R
F.fct
F.fct
R.fct
/gfs/home3/modoper/tempo/global/oens
/gfs/home3/modoper/tempo/global/oens
/gfs/dk22/modoper/tempo/global/oens
/gfs/dk22/modoper/tempo/global/oens/model/datain
run
run
GFCT06R20120213002012021509F.fct.T126L28
/gfs/home3/modoper/tempo/global/oens/recfct/datain/GFCT06R20120213002012021509F.fct.T126L28
+ echo Recomposition  -x-  RUNNING ...
Recomposition  -x-  RUNNING ...
+ source=/gfs/home3/modoper/tempo/global/oens/recfct/source
+ bin=/gfs/home3/modoper/tempo/global/oens/recfct/bin/T126L28
+ input=/gfs/home3/modoper/tempo/global/oens/recfct/datain
+ out=/gfs/home3/modoper/tempo/global/oens/recfct/output
+ echo run
run
+ [ run = make ]
+ echo run
run
+ [ run = clean ]
+ cd /gfs/home3/modoper/tempo/global/oens/recfct/bin/T126L28
+ echo ./recfct.T126L28 < /gfs/home3/modoper/tempo/global/oens/recfct/datain/recfctFCT06R.nml > /gfs/home3/modoper/tempo/global/oens/recfct/output/recfct.out.2012021300.04:42.T126L28
./recfct.T126L28 < /gfs/home3/modoper/tempo/global/oens/recfct/datain/recfctFCT06R.nml > /gfs/home3/modoper/tempo/global/oens/recfct/output/recfct.out.2012021300.04:42.T126L28
+ ./recfct.T126L28
+ 0< /gfs/home3/modoper/tempo/global/oens/recfct/datain/recfctFCT06R.nml 1> /gfs/home3/modoper/tempo/global/oens/recfct/output/recfct.out.2012021300.04:42.T126L28
 
 
     ******  Program Information  ******
  Real Time (sec)       :          7.964609
  User Time (sec)       :          4.295775
  Sys  Time (sec)       :          0.064338
  Vector Time (sec)     :          0.389486
  Inst. Count           :        1596986017.
  V. Inst. Count        :          16052480.
  V. Element Count      :        1289251883.
  FLOP Count            :         534710003.
  MOPS                  :        668.141405
  MFLOPS                :        124.473454
  VLEN                  :         80.314810
  V. Op. Ratio (%)      :         44.918766
  Memory Size (MB)      :        192.031250
  MIPS                  :        371.757335
  I-Cache (sec)         :          0.000886
  O-Cache (sec)         :          0.993663
  Bank (sec)            :          0.001190
 
  Start Time (date)  :  2012/02/13 04:42:49
  End   Time (date)  :  2012/02/13 04:42:57
-rw-r--r--    1 modoper  pnt            4000 Feb 13 04:42 /gfs/home3/modoper/tempo/global/oens/eof/datain/templ062012021300
sx6
PNT-EN
12021304:42
out
/gfs/home3/modoper/tempo/global/oens
/gfs/home3/modoper/tempo/global/oens
/gfs/dk22/modoper/tempo/global/oens
/gfs/dk22/modoper/tempo/global/oens/model/datain
/gfs/home3/modoper/tempo/global/oens/run/setrecfct.1.FCT06RT126L28.sx6
Date: 20120213
Hour: 04:42
FCT06R
2012021300
2012021512
GFCT06R
GFCT06R
GFCT06R
F.fct
F.fct
R.fct
/gfs/home3/modoper/tempo/global/oens
/gfs/home3/modoper/tempo/global/oens
/gfs/dk22/modoper/tempo/global/oens
/gfs/dk22/modoper/tempo/global/oens/model/datain
run
run
GFCT06R20120213002012021512F.fct.T126L28
/gfs/home3/modoper/tempo/global/oens/recfct/datain/GFCT06R20120213002012021512F.fct.T126L28
+ echo Recomposition  -x-  RUNNING ...
Recomposition  -x-  RUNNING ...
+ source=/gfs/home3/modoper/tempo/global/oens/recfct/source
+ bin=/gfs/home3/modoper/tempo/global/oens/recfct/bin/T126L28
+ input=/gfs/home3/modoper/tempo/global/oens/recfct/datain
+ out=/gfs/home3/modoper/tempo/global/oens/recfct/output
+ echo run
run
+ [ run = make ]
+ echo run
run
+ [ run = clean ]
+ cd /gfs/home3/modoper/tempo/global/oens/recfct/bin/T126L28
+ echo ./recfct.T126L28 < /gfs/home3/modoper/tempo/global/oens/recfct/datain/recfctFCT06R.nml > /gfs/home3/modoper/tempo/global/oens/recfct/output/recfct.out.2012021300.04:42.T126L28
./recfct.T126L28 < /gfs/home3/modoper/tempo/global/oens/recfct/datain/recfctFCT06R.nml > /gfs/home3/modoper/tempo/global/oens/recfct/output/recfct.out.2012021300.04:42.T126L28
+ ./recfct.T126L28
+ 0< /gfs/home3/modoper/tempo/global/oens/recfct/datain/recfctFCT06R.nml 1> /gfs/home3/modoper/tempo/global/oens/recfct/output/recfct.out.2012021300.04:42.T126L28
 
 
     ******  Program Information  ******
  Real Time (sec)       :          7.091543
  User Time (sec)       :          4.156851
  Sys  Time (sec)       :          0.063146
  Vector Time (sec)     :          0.352909
  Inst. Count           :        1596986048.
  V. Inst. Count        :          16052480.
  V. Element Count      :        1289251883.
  FLOP Count            :         534710004.
  MOPS                  :        690.471139
  MFLOPS                :        128.633439
  VLEN                  :         80.314810
  V. Op. Ratio (%)      :         44.918766
  Memory Size (MB)      :        192.031250
  MIPS                  :        384.181717
  I-Cache (sec)         :          0.001388
  O-Cache (sec)         :          0.893582
  Bank (sec)            :          0.001191
 
  Start Time (date)  :  2012/02/13 04:42:59
  End   Time (date)  :  2012/02/13 04:43:06
sx6
2012021304:43
out
/gfs/home3/modoper/tempo/global/oens
/gfs/home3/modoper/tempo/global/oens
/gfs/dk22/modoper/tempo/global/oens
/gfs/dk22/modoper/tempo/global/oens/model/datain
/gfs/home3/modoper/tempo/global/oens/run/seteofs.1.06T126L28.sx6
06
Date: 20120213
Hour: 04:43
2012021300
/gfs/home3/modoper/tempo/global/oens
/gfs/home3/modoper/tempo/global/oens
/gfs/dk22/modoper/tempo/global/oens
/gfs/dk22/modoper/tempo/global/oens/model/datain
run
run
Vai chamar eoft
+ echo EOFT           -x-  RUNNING ...
EOFT           -x-  RUNNING ...
+ source=/gfs/home3/modoper/tempo/global/oens/eoftemp/source
+ bin=/gfs/home3/modoper/tempo/global/oens/eof/bin/T126L28
+ inp=/gfs/home3/modoper/tempo/global/oens/eof/datain
+ outp=/gfs/home3/modoper/tempo/global/oens/eoftemp/output
+ echo run
run
+ [ run = make ]
+ echo run
run
+ [ run = clean ]
+ cd /gfs/home3/modoper/tempo/global/oens/eof/bin/T126L28
+ echo ./eoftem.T126L28 < /gfs/home3/modoper/tempo/global/oens/eof/datain/eoftem06.nml > /gfs/home3/modoper/tempo/global/oens/eoftemp/output/eoftem.2012021300.04:43.T126L28
./eoftem.T126L28 < /gfs/home3/modoper/tempo/global/oens/eof/datain/eoftem06.nml > /gfs/home3/modoper/tempo/global/oens/eoftemp/output/eoftem.2012021300.04:43.T126L28
+ ./eoftem.T126L28
+ 0< /gfs/home3/modoper/tempo/global/oens/eof/datain/eoftem06.nml 1> /gfs/home3/modoper/tempo/global/oens/eoftemp/output/eoftem.2012021300.04:43.T126L28
 entrou no eoft fortran
 &DATAIN DIRI=/gfs/home3/modoper/tempo/global/oens/eof/datain/                ,
 DIRA=/gfs/dk22/modoper/tempo/global/oens/model/datain/               ,
 DIRO=/gfs/dk22/modoper/tempo/global/oens/eof/dataout/T126L28/        ,
 NAMEL=templ062012021300                                               ,
 ANAME=GANLAVN2012021300R.unf.T126L28                                                      ,
 TEMOUT=temout062012021300                                              ,
 TEMPCM=tempcm062012021300                                              ,
 TEMPER1=tempe1062012021300                                              ,
 TEMPEN1=tempn1062012021300                                               /
 
 
     ******  Program Information  ******
  Real Time (sec)       :         14.355045
  User Time (sec)       :          6.814786
  Sys  Time (sec)       :          0.397117
  Vector Time (sec)     :          6.149980
  Inst. Count           :         597133579.
  V. Inst. Count        :          72972102.
  V. Element Count      :        9156489823.
  FLOP Count            :        3164565859.
  MOPS                  :       1420.536431
  MFLOPS                :        464.367629
  VLEN                  :        125.479321
  V. Op. Ratio (%)      :         94.585473
  Memory Size (MB)      :        304.031250
  MIPS                  :         87.623237
  I-Cache (sec)         :          0.003892
  O-Cache (sec)         :          0.004240
  Bank (sec)            :          0.281362
 
  Start Time (date)  :  2012/02/13 04:43:08
  End   Time (date)  :  2012/02/13 04:43:23
Vai chamar eofw
+ echo EOFW           -x-  RUNNING ...
EOFW           -x-  RUNNING ...
+ source=/gfs/home3/modoper/tempo/global/oens/eofwind/source
+ bin=/gfs/home3/modoper/tempo/global/oens/eof/bin/T126L28
+ out=/gfs/dk22/modoper/tempo/global/oens/eof/dataout/T126L28
+ inp=/gfs/home3/modoper/tempo/global/oens/eof/datain
+ outp=/gfs/home3/modoper/tempo/global/oens/eofwind/output
+ echo run
run
+ [ run = make ]
+ echo run
run
+ [ run = clean ]
+ cd /gfs/home3/modoper/tempo/global/oens/eof/bin/T126L28
+ echo ./eofwin.T126L28 < /gfs/home3/modoper/tempo/global/oens/eof/datain/eofwin06.nml > /gfs/home3/modoper/tempo/global/oens/eofwind/output/eofwin.2012021300.04:43.T126L28
./eofwin.T126L28 < /gfs/home3/modoper/tempo/global/oens/eof/datain/eofwin06.nml > /gfs/home3/modoper/tempo/global/oens/eofwind/output/eofwin.2012021300.04:43.T126L28
+ ./eofwin.T126L28
+ 0< /gfs/home3/modoper/tempo/global/oens/eof/datain/eofwin06.nml 1> /gfs/home3/modoper/tempo/global/oens/eofwind/output/eofwin.2012021300.04:43.T126L28
 
 
     ******  Program Information  ******
  Real Time (sec)       :         36.729286
  User Time (sec)       :         11.998682
  Sys  Time (sec)       :          0.716988
  Vector Time (sec)     :         10.971363
  Inst. Count           :        1009391834.
  V. Inst. Count        :         235339369.
  V. Element Count      :       26880733239.
  FLOP Count            :        7609521659.
  MOPS                  :       2304.818606
  MFLOPS                :        634.196457
  VLEN                  :        114.221149
  V. Op. Ratio (%)      :         97.201018
  Memory Size (MB)      :        624.031250
  MIPS                  :         84.125225
  I-Cache (sec)         :          0.012036
  O-Cache (sec)         :          0.025508
  Bank (sec)            :          0.599880
 
  Start Time (date)  :  2012/02/13 04:43:23
  End   Time (date)  :  2012/02/13 04:44:00
sx6
2012021304:44
out
/gfs/home3/modoper/tempo/global/oens
/gfs/home3/modoper/tempo/global/oens
/gfs/dk22/modoper/tempo/global/oens
/gfs/dk22/modoper/tempo/global/oens/model/datain
/gfs/home3/modoper/tempo/global/oens/run/setdeco06T126L28.sx6
Date: 20120213
Hour: 04:44
2012021300
/gfs/home3/modoper/tempo/global/oens
/gfs/home3/modoper/tempo/global/oens
/gfs/dk22/modoper/tempo/global/oens
/gfs/dk22/modoper/tempo/global/oens/model/datain
run
run
+ echo Decomposition  -x-  RUNNING ...
Decomposition  -x-  RUNNING ...
+ source=/gfs/home3/modoper/tempo/global/oens/decanl/source
+ bin=/gfs/home3/modoper/tempo/global/oens/decanl/bin/T126L28
+ input=/gfs/home3/modoper/tempo/global/oens/decanl/datain
+ out=/gfs/home3/modoper/tempo/global/oens/decanl/output
+ echo run
run
+ [ run = make ]
+ echo run
run
+ [ run = clean ]
+ cd /gfs/home3/modoper/tempo/global/oens/decanl/bin/T126L28
+ ./decanl.T126L28
+ 0< /gfs/home3/modoper/tempo/global/oens/decanl/datain/decanl06.nml 1> /gfs/home3/modoper/tempo/global/oens/decanl/output/decanl.2012021300.04:44.T126L28
 
 
     ******  Program Information  ******
  Real Time (sec)       :          2.238783
  User Time (sec)       :          0.819676
  Sys  Time (sec)       :          0.059296
  Vector Time (sec)     :          0.628216
  Inst. Count           :         173583870.
  V. Inst. Count        :          21078079.
  V. Element Count      :        2292782635.
  FLOP Count            :         590251093.
  MOPS                  :       2983.237056
  MFLOPS                :        720.102755
  VLEN                  :        108.775692
  V. Op. Ratio (%)      :         93.763280
  Memory Size (MB)      :        192.031250
  MIPS                  :        211.771269
  I-Cache (sec)         :          0.000840
  O-Cache (sec)         :          0.026745
  Bank (sec)            :          0.015384
 
  Start Time (date)  :  2012/02/13 04:44:00
  End   Time (date)  :  2012/02/13 04:44:03
+ echo Decomposition  -x-  RUNNING ...
Decomposition  -x-  RUNNING ...
+ source=/gfs/home3/modoper/tempo/global/oens/decanl/source
+ bin=/gfs/home3/modoper/tempo/global/oens/decanl/bin/T126L28
+ input=/gfs/home3/modoper/tempo/global/oens/decanl/datain
+ out=/gfs/home3/modoper/tempo/global/oens/decanl/output
+ echo run
run
+ [ run = make ]
+ echo run
run
+ [ run = clean ]
+ cd /gfs/home3/modoper/tempo/global/oens/decanl/bin/T126L28
+ ./decanl.T126L28
+ 0< /gfs/home3/modoper/tempo/global/oens/decanl/datain/decanl06.nml 1> /gfs/home3/modoper/tempo/global/oens/decanl/output/decanl.2012021300.04:44.T126L28
 
 
     ******  Program Information  ******
  Real Time (sec)       :          1.853115
  User Time (sec)       :          0.819666
  Sys  Time (sec)       :          0.054636
  Vector Time (sec)     :          0.628199
  Inst. Count           :         173583765.
  V. Inst. Count        :          21078079.
  V. Element Count      :        2292782629.
  FLOP Count            :         590251093.
  MOPS                  :       2983.272902
  MFLOPS                :        720.111441
  VLEN                  :        108.775692
  V. Op. Ratio (%)      :         93.763284
  Memory Size (MB)      :        192.031250
  MIPS                  :        211.773695
  I-Cache (sec)         :          0.000839
  O-Cache (sec)         :          0.026711
  Bank (sec)            :          0.015384
 
  Start Time (date)  :  2012/02/13 04:44:03
  End   Time (date)  :  2012/02/13 04:44:05
107.9u 25.6s 4:58 44% 839+175471k 91999+9864io 0w
logout
