Warning: no access to tty (Bad file descriptor).
Thus no job control in this shell.
vt100
======================================
Welcome to tupay: Linux 2.4.18-nec3.3.060 ia64
Today is Sun Feb 12 08:14:57 GST 2012
======================================
LABELI=2012021200
LABELF=2012022700
sx6
PNT-EN
2012021208:14:57
AVN
/gfs/home3/modoper/tempo/global/oens
/gfs/home3/modoper/tempo/global/oens
/gfs/dk22/modoper/tempo/global/oens
prcmed  -- Run script ...
prcmed  -- SUBMITTED TO NQS QUEUE ...
qsub -q PNT-EN /gfs/home3/modoper/tempo/global/oens/run/setprcmedT126L28.sx6


Script: /gfs/home3/modoper/tempo/global/oens/run/setprcmedT126L28.sx6
Fila: PNT-EN
SmsLabel: Info
Rodando Sem Medidor(SMS)...


Stdout = /gfs/home3/modoper/tempo/global/oens/run/setout/setprcmedT126L28.sx6.2012021208:14:57.AVN

+--------------------------------------------+
Job       Status       Elapse        User Time
                         
+--------------------------------------------+

+--------------------------------------------+
Job       Status       Elapse        User Time
                         
+--------------------------------------------+

INICIANDO... \(set \-x\)
resol=t126
nivel=l28
lats4d -i /gfs/dk22/modoper/tempo/global/oens/prcmed/dataout/T126L28/GPRCENM20120212002012021900P.fct.T126L28.ctl -o /gfs/dk22/modoper/tempo/global/oens/prcmed/dataout/T126L28/grib/GPRCENM20120212002012021900P.fct.T126L28 -center cptec002 -format grads_grib -ftype ctl -table /gfs/home3/modoper/tempo/global/oens/prcmed/scripts/cptec.table -v -title CPTEC GLOBAL ENSEMBLE WEEK MEAN PRECIPITATION T126L28  COLD
/usr/local/grads/bin/gradshdf -blc 'run /usr/local/grads/bin/lats4d.gs -q -i /gfs/dk22/modoper/tempo/global/oens/prcmed/dataout/T126L28/GPRCENM20120212002012021900P.fct.T126L28.ctl -o /gfs/dk22/modoper/tempo/global/oens/prcmed/dataout/T126L28/grib/GPRCENM20120212002012021900P.fct.T126L28 -center cptec002 -format grads_grib -ftype ctl -table /gfs/home3/modoper/tempo/global/oens/prcmed/scripts/cptec.table -v -title CPTEC GLOBAL ENSEMBLE WEEK MEAN PRECIPITATION T126L28 COLD '

Grid Analysis and Display System (GrADS) Version 1.8SL11
Copyright (c) 1988-2001 by Brian Doty 
Center for Ocean-Land-Atmosphere Studies
Institute for Global Environment and Society 
All Rights Reserved

Config: v1.8SL11 32-bit little-endian readline sdf/xdf hdf-sds lats printim

Issue 'q config' command for more information.

GX Package Initialization: Size = 11 8.5 
Running in Batch mode
lats4d: Version 1.4 of 19 Dec 2002
No hardcopy metafile open
All files closed; all defined objects released
All GrADS attributes have been reinitialized
lats4d: Data file is 
File 1 : WEEK PREC MEAN FROM ENS CPTEC AGCM v3.0 1999 T126L28  COLD
  Descriptor: /gfs/dk22/modoper/tempo/global/oens/prcmed/dataout/T126L28/GPRCENM20120212002012021900P.fct.T126L28.ctl
  Binary: /gfs/dk22/modoper/tempo/global/oens/prcmed/dataout/T126L28/GPRCENM20120212002012021900P.fct.T126L28
  Type = Gridded
  Xsize = 384  Ysize = 192  Zsize = 1  Tsize = 1
  Number of Variables = 2
    prec 0 99 WEEK MEAN OF TOTAL PRECIPITATION    (Kg M**-2 Day**-1)
    tsmt 0 99 WEEK MEAN OF TIME MEAN SURFACE ABSOLUTE TEMPERATURE  (K)

lats4d: Dimension environment file same as data file
lats4d:  only 1 time step on file, assuming frequency is 6 hourly
lats4d: time range: 00Z19FEB2012 00Z19FEB2012 by 1, delta t: 6 hourly
lats4d: vertical levels:  1000
lats4d: using PRESSURE for vertical coordinate
lats4d: latitudinal  range: -89.2837 89.2837
lats4d: longitudinal range: 0 359.063
lats4d: surface   variables:  prec tsmt
lats4d: writing to grads_grib file /gfs/dk22/modoper/tempo/global/oens/prcmed/dataout/T126L28/grib/GPRCENM20120212002012021900P.fct.T126L28.grb on 00Z19FEB2012

gribmap:  Scanning binary GRIB file(s):
gribmap:  Opening GRIB file /gfs/dk22/modoper/tempo/global/oens/prcmed/dataout/t126l28/grib/gprcenm20120212002012021900p.fct.t126l28.grb
gribmap:  Reached EOF
gribmap:  Writing the map...

LATS_GRIB: SUCCESS -- gribmap for GrADS/VCS seems to have worked...

lats4d: created grads_grib file /gfs/dk22/modoper/tempo/global/oens/prcmed/dataout/T126L28/grib/GPRCENM20120212002012021900P.fct.T126L28.grb
lats4d: exiting from GrADS...
No hardcopy metafile open
GX package terminated 
lats4d -i /gfs/dk22/modoper/tempo/global/oens/prcmed/dataout/T126L28/GPRCENM20120212002012022600P.fct.T126L28.ctl -o /gfs/dk22/modoper/tempo/global/oens/prcmed/dataout/T126L28/grib/GPRCENM20120212002012022600P.fct.T126L28 -center cptec002 -format grads_grib -ftype ctl -table /gfs/home3/modoper/tempo/global/oens/prcmed/scripts/cptec.table -v -title CPTEC GLOBAL ENSEMBLE WEEK MEAN PRECIPITATION T126L28  COLD
/usr/local/grads/bin/gradshdf -blc 'run /usr/local/grads/bin/lats4d.gs -q -i /gfs/dk22/modoper/tempo/global/oens/prcmed/dataout/T126L28/GPRCENM20120212002012022600P.fct.T126L28.ctl -o /gfs/dk22/modoper/tempo/global/oens/prcmed/dataout/T126L28/grib/GPRCENM20120212002012022600P.fct.T126L28 -center cptec002 -format grads_grib -ftype ctl -table /gfs/home3/modoper/tempo/global/oens/prcmed/scripts/cptec.table -v -title CPTEC GLOBAL ENSEMBLE WEEK MEAN PRECIPITATION T126L28 COLD '

Grid Analysis and Display System (GrADS) Version 1.8SL11
Copyright (c) 1988-2001 by Brian Doty 
Center for Ocean-Land-Atmosphere Studies
Institute for Global Environment and Society 
All Rights Reserved

Config: v1.8SL11 32-bit little-endian readline sdf/xdf hdf-sds lats printim

Issue 'q config' command for more information.

GX Package Initialization: Size = 11 8.5 
Running in Batch mode
lats4d: Version 1.4 of 19 Dec 2002
No hardcopy metafile open
All files closed; all defined objects released
All GrADS attributes have been reinitialized
lats4d: Data file is 
File 1 : WEEK PREC MEAN FROM ENS CPTEC AGCM v3.0 1999 T126L28  COLD
  Descriptor: /gfs/dk22/modoper/tempo/global/oens/prcmed/dataout/T126L28/GPRCENM20120212002012022600P.fct.T126L28.ctl
  Binary: /gfs/dk22/modoper/tempo/global/oens/prcmed/dataout/T126L28/GPRCENM20120212002012022600P.fct.T126L28
  Type = Gridded
  Xsize = 384  Ysize = 192  Zsize = 1  Tsize = 1
  Number of Variables = 2
    prec 0 99 WEEK MEAN OF TOTAL PRECIPITATION    (Kg M**-2 Day**-1)
    tsmt 0 99 WEEK MEAN OF TIME MEAN SURFACE ABSOLUTE TEMPERATURE  (K)

lats4d: Dimension environment file same as data file
lats4d:  only 1 time step on file, assuming frequency is 6 hourly
lats4d: time range: 00Z26FEB2012 00Z26FEB2012 by 1, delta t: 6 hourly
lats4d: vertical levels:  1000
lats4d: using PRESSURE for vertical coordinate
lats4d: latitudinal  range: -89.2837 89.2837
lats4d: longitudinal range: 0 359.063
lats4d: surface   variables:  prec tsmt
lats4d: writing to grads_grib file /gfs/dk22/modoper/tempo/global/oens/prcmed/dataout/T126L28/grib/GPRCENM20120212002012022600P.fct.T126L28.grb on 00Z26FEB2012

gribmap:  Scanning binary GRIB file(s):
gribmap:  Opening GRIB file /gfs/dk22/modoper/tempo/global/oens/prcmed/dataout/t126l28/grib/gprcenm20120212002012022600p.fct.t126l28.grb
gribmap:  Reached EOF
gribmap:  Writing the map...

LATS_GRIB: SUCCESS -- gribmap for GrADS/VCS seems to have worked...

lats4d: created grads_grib file /gfs/dk22/modoper/tempo/global/oens/prcmed/dataout/T126L28/grib/GPRCENM20120212002012022600P.fct.T126L28.grb
lats4d: exiting from GrADS...
No hardcopy metafile open
GX package terminated 
mv -f /gfs/dk22/modoper/tempo/global/oens/prcmed/dataout/T126L28/grib/GPRCENM2012021200* /gfs/dk22/modoper/tempo/global/oens/prcmed/dataout/T126L28
date2: 2012021300
date3: 2012021900
 fnmd: cprec20120212002012021900
 fnme: ctast20120212002012021900
 date:   2012021300
  
 fnmi(           1 ): 
 climatologia50yr.jan.bin                                                       
                                                                                
                                           
 fnmi(           2 ): 
 climatologia50yr.feb.bin                                                       
                                                                                
                                           
  
 f1:   0.9322034    
 f2:   6.7796588E-02
 date:   2012021400
  
 fnmi(           1 ): 
 climatologia50yr.jan.bin                                                       
                                                                                
                                           
 fnmi(           2 ): 
 climatologia50yr.feb.bin                                                       
                                                                                
                                           
  
 f1:   0.9661017    
 f2:   3.3898294E-02
 date:   2012021500
  
 fnmi(           1 ): 
 climatologia50yr.jan.bin                                                       
                                                                                
                                           
 fnmi(           2 ): 
 climatologia50yr.feb.bin                                                       
                                                                                
                                           
  
 f1:    1.000000    
 f2:   0.0000000E+00
 date:   2012021600
  
 fnmi(           2 ): 
 climatologia50yr.feb.bin                                                       
                                                                                
                                           
 fnmi(           3 ): 
 climatologia50yr.mar.bin                                                       
                                                                                
                                           
  
 f1:   3.3898305E-02
 f2:   0.9661017    
 date:   2012021700
  
 fnmi(           2 ): 
 climatologia50yr.feb.bin                                                       
                                                                                
                                           
 fnmi(           3 ): 
 climatologia50yr.mar.bin                                                       
                                                                                
                                           
  
 f1:   6.7796610E-02
 f2:   0.9322034    
 date:   2012021800
  
 fnmi(           2 ): 
 climatologia50yr.feb.bin                                                       
                                                                                
                                           
 fnmi(           3 ): 
 climatologia50yr.mar.bin                                                       
                                                                                
                                           
  
 f1:   0.1016949    
 f2:   0.8983051    
 date:   2012021900
  
 fnmi(           2 ): 
 climatologia50yr.feb.bin                                                       
                                                                                
                                           
 fnmi(           3 ): 
 climatologia50yr.mar.bin                                                       
                                                                                
                                           
  
 f1:   0.1355932    
 f2:   0.8644068    
 nd:            7
date2: 2012021300
date3: 2012021900
 fnmd: clim_prec_inmet20120212002012021900
 date:   2012021300
  
 fnmi(           1 ): 
 prec01.bin                                                                     
                                                                                
                                           
 fnmi(           2 ): 
 prec02.bin                                                                     
                                                                                
                                           
  
 f1:   0.9322034    
 f2:   6.7796588E-02
 date:   2012021400
  
 fnmi(           1 ): 
 prec01.bin                                                                     
                                                                                
                                           
 fnmi(           2 ): 
 prec02.bin                                                                     
                                                                                
                                           
  
 f1:   0.9661017    
 f2:   3.3898294E-02
 date:   2012021500
  
 fnmi(           1 ): 
 prec01.bin                                                                     
                                                                                
                                           
 fnmi(           2 ): 
 prec02.bin                                                                     
                                                                                
                                           
  
 f1:    1.000000    
 f2:   0.0000000E+00
 date:   2012021600
  
 fnmi(           2 ): 
 prec02.bin                                                                     
                                                                                
                                           
 fnmi(           3 ): 
 prec03.bin                                                                     
                                                                                
                                           
  
 f1:   3.3898305E-02
 f2:   0.9661017    
 date:   2012021700
  
 fnmi(           2 ): 
 prec02.bin                                                                     
                                                                                
                                           
 fnmi(           3 ): 
 prec03.bin                                                                     
                                                                                
                                           
  
 f1:   6.7796610E-02
 f2:   0.9322034    
 date:   2012021800
  
 fnmi(           2 ): 
 prec02.bin                                                                     
                                                                                
                                           
 fnmi(           3 ): 
 prec03.bin                                                                     
                                                                                
                                           
  
 f1:   0.1016949    
 f2:   0.8983051    
 date:   2012021900
  
 fnmi(           2 ): 
 prec02.bin                                                                     
                                                                                
                                           
 fnmi(           3 ): 
 prec03.bin                                                                     
                                                                                
                                           
  
 f1:   0.1355932    
 f2:   0.8644068    
 nd:            7
date2: 2012021300
date3: 2012021900
 fnmd: clim_temp_inmet20120212002012021900
 date:   2012021300
  
 fnmi(           1 ): 
 cl01te.bin                                                                     
                                                                                
                                           
 fnmi(           2 ): 
 cl02te.bin                                                                     
                                                                                
                                           
  
 f1:   0.9322034    
 f2:   6.7796588E-02
 date:   2012021400
  
 fnmi(           1 ): 
 cl01te.bin                                                                     
                                                                                
                                           
 fnmi(           2 ): 
 cl02te.bin                                                                     
                                                                                
                                           
  
 f1:   0.9661017    
 f2:   3.3898294E-02
 date:   2012021500
  
 fnmi(           1 ): 
 cl01te.bin                                                                     
                                                                                
                                           
 fnmi(           2 ): 
 cl02te.bin                                                                     
                                                                                
                                           
  
 f1:    1.000000    
 f2:   0.0000000E+00
 date:   2012021600
  
 fnmi(           2 ): 
 cl02te.bin                                                                     
                                                                                
                                           
 fnmi(           3 ): 
 cl03te.bin                                                                     
                                                                                
                                           
  
 f1:   3.3898305E-02
 f2:   0.9661017    
 date:   2012021700
  
 fnmi(           2 ): 
 cl02te.bin                                                                     
                                                                                
                                           
 fnmi(           3 ): 
 cl03te.bin                                                                     
                                                                                
                                           
  
 f1:   6.7796610E-02
 f2:   0.9322034    
 date:   2012021800
  
 fnmi(           2 ): 
 cl02te.bin                                                                     
                                                                                
                                           
 fnmi(           3 ): 
 cl03te.bin                                                                     
                                                                                
                                           
  
 f1:   0.1016949    
 f2:   0.8983051    
 date:   2012021900
  
 fnmi(           2 ): 
 cl02te.bin                                                                     
                                                                                
                                           
 fnmi(           3 ): 
 cl03te.bin                                                                     
                                                                                
                                           
  
 f1:   0.1355932    
 f2:   0.8644068    
 nd:            7
date2: 2012022000
date3: 2012022600
 fnmd: cprec20120212002012022600
 fnme: ctast20120212002012022600
 date:   2012022000
  
 fnmi(           2 ): 
 climatologia50yr.feb.bin                                                       
                                                                                
                                           
 fnmi(           3 ): 
 climatologia50yr.mar.bin                                                       
                                                                                
                                           
  
 f1:   0.1694915    
 f2:   0.8305085    
 date:   2012022100
  
 fnmi(           2 ): 
 climatologia50yr.feb.bin                                                       
                                                                                
                                           
 fnmi(           3 ): 
 climatologia50yr.mar.bin                                                       
                                                                                
                                           
  
 f1:   0.2033898    
 f2:   0.7966102    
 date:   2012022200
  
 fnmi(           2 ): 
 climatologia50yr.feb.bin                                                       
                                                                                
                                           
 fnmi(           3 ): 
 climatologia50yr.mar.bin                                                       
                                                                                
                                           
  
 f1:   0.2372881    
 f2:   0.7627119    
 date:   2012022300
  
 fnmi(           2 ): 
 climatologia50yr.feb.bin                                                       
                                                                                
                                           
 fnmi(           3 ): 
 climatologia50yr.mar.bin                                                       
                                                                                
                                           
  
 f1:   0.2711864    
 f2:   0.7288135    
 date:   2012022400
  
 fnmi(           2 ): 
 climatologia50yr.feb.bin                                                       
                                                                                
                                           
 fnmi(           3 ): 
 climatologia50yr.mar.bin                                                       
                                                                                
                                           
  
 f1:   0.3050847    
 f2:   0.6949153    
 date:   2012022500
  
 fnmi(           2 ): 
 climatologia50yr.feb.bin                                                       
                                                                                
                                           
 fnmi(           3 ): 
 climatologia50yr.mar.bin                                                       
                                                                                
                                           
  
 f1:   0.3389831    
 f2:   0.6610169    
 date:   2012022600
  
 fnmi(           2 ): 
 climatologia50yr.feb.bin                                                       
                                                                                
                                           
 fnmi(           3 ): 
 climatologia50yr.mar.bin                                                       
                                                                                
                                           
  
 f1:   0.3728814    
 f2:   0.6271186    
 nd:            7
date2: 2012022000
date3: 2012022600
 fnmd: clim_prec_inmet20120212002012022600
 date:   2012022000
  
 fnmi(           2 ): 
 prec02.bin                                                                     
                                                                                
                                           
 fnmi(           3 ): 
 prec03.bin                                                                     
                                                                                
                                           
  
 f1:   0.1694915    
 f2:   0.8305085    
 date:   2012022100
  
 fnmi(           2 ): 
 prec02.bin                                                                     
                                                                                
                                           
 fnmi(           3 ): 
 prec03.bin                                                                     
                                                                                
                                           
  
 f1:   0.2033898    
 f2:   0.7966102    
 date:   2012022200
  
 fnmi(           2 ): 
 prec02.bin                                                                     
                                                                                
                                           
 fnmi(           3 ): 
 prec03.bin                                                                     
                                                                                
                                           
  
 f1:   0.2372881    
 f2:   0.7627119    
 date:   2012022300
  
 fnmi(           2 ): 
 prec02.bin                                                                     
                                                                                
                                           
 fnmi(           3 ): 
 prec03.bin                                                                     
                                                                                
                                           
  
 f1:   0.2711864    
 f2:   0.7288135    
 date:   2012022400
  
 fnmi(           2 ): 
 prec02.bin                                                                     
                                                                                
                                           
 fnmi(           3 ): 
 prec03.bin                                                                     
                                                                                
                                           
  
 f1:   0.3050847    
 f2:   0.6949153    
 date:   2012022500
  
 fnmi(           2 ): 
 prec02.bin                                                                     
                                                                                
                                           
 fnmi(           3 ): 
 prec03.bin                                                                     
                                                                                
                                           
  
 f1:   0.3389831    
 f2:   0.6610169    
 date:   2012022600
  
 fnmi(           2 ): 
 prec02.bin                                                                     
                                                                                
                                           
 fnmi(           3 ): 
 prec03.bin                                                                     
                                                                                
                                           
  
 f1:   0.3728814    
 f2:   0.6271186    
 nd:            7
date2: 2012022000
date3: 2012022600
 fnmd: clim_temp_inmet20120212002012022600
 date:   2012022000
  
 fnmi(           2 ): 
 cl02te.bin                                                                     
                                                                                
                                           
 fnmi(           3 ): 
 cl03te.bin                                                                     
                                                                                
                                           
  
 f1:   0.1694915    
 f2:   0.8305085    
 date:   2012022100
  
 fnmi(           2 ): 
 cl02te.bin                                                                     
                                                                                
                                           
 fnmi(           3 ): 
 cl03te.bin                                                                     
                                                                                
                                           
  
 f1:   0.2033898    
 f2:   0.7966102    
 date:   2012022200
  
 fnmi(           2 ): 
 cl02te.bin                                                                     
                                                                                
                                           
 fnmi(           3 ): 
 cl03te.bin                                                                     
                                                                                
                                           
  
 f1:   0.2372881    
 f2:   0.7627119    
 date:   2012022300
  
 fnmi(           2 ): 
 cl02te.bin                                                                     
                                                                                
                                           
 fnmi(           3 ): 
 cl03te.bin                                                                     
                                                                                
                                           
  
 f1:   0.2711864    
 f2:   0.7288135    
 date:   2012022400
  
 fnmi(           2 ): 
 cl02te.bin                                                                     
                                                                                
                                           
 fnmi(           3 ): 
 cl03te.bin                                                                     
                                                                                
                                           
  
 f1:   0.3050847    
 f2:   0.6949153    
 date:   2012022500
  
 fnmi(           2 ): 
 cl02te.bin                                                                     
                                                                                
                                           
 fnmi(           3 ): 
 cl03te.bin                                                                     
                                                                                
                                           
  
 f1:   0.3389831    
 f2:   0.6610169    
 date:   2012022600
  
 fnmi(           2 ): 
 cl02te.bin                                                                     
                                                                                
                                           
 fnmi(           3 ): 
 cl03te.bin                                                                     
                                                                                
                                           
  
 f1:   0.3728814    
 f2:   0.6271186    
 nd:            7

Grid Analysis and Display System (GrADS) Version 1.9b4
Copyright (c) 1988-2005 by Brian Doty and IGES 
Center for Ocean-Land-Atmosphere Studies (COLA)
Institute for Global Environment and Society (IGES)
GrADS comes with ABSOLUTELY NO WARRANTY
See file COPYRIGHT for more information

Config: v1.9b4 32-bit little-endian readline lats printim

Issue 'q config' command for more information.

GX Package Initialization: Size = 11 8.5 
Running in Batch mode
ga-> run plot_wmp.gs
put datei nweek case dirfig dirbia dirscr
ctime=2012021200 2 T126L28 /gfs/dk22/modoper/tempo/global/oens/prcmed/gif /gfs/home3/modoper/tempo/global/oens/prcmed /gfs/home3/modoper/tempo/global/oens/prcmed/scripts
 
biasfl=/gfs/home3/modoper/tempo/global/oens/prcmed/bias_week_mean_prec_2012021200.txt
 
Enter trc nweek date
trc=T126
nweek=2
date=2012021200
No hardcopy metafile open
All files closed; all defined objects released
All GrADS attributes have been reinitialized
opnfct=cprec20120212002012021900.ctl
opnfct=cprec20120212002012022600.ctl
opnfct=/gfs/dk22/modoper/tempo/global/oens/prcmed/dataout/T126L28/GPRCENM20120212002012021900P.fct.T126L28.ctl
opnfct=/gfs/dk22/modoper/tempo/global/oens/prcmed/dataout/T126L28/GPRCENM20120212002012022600P.fct.T126L28.ctl
 
bias=   -0.610873
 
bias=   -0.173440
No hardcopy metafile open
GX package terminated 

Grid Analysis and Display System (GrADS) Version 1.9b4
Copyright (c) 1988-2005 by Brian Doty and IGES 
Center for Ocean-Land-Atmosphere Studies (COLA)
Institute for Global Environment and Society (IGES)
GrADS comes with ABSOLUTELY NO WARRANTY
See file COPYRIGHT for more information

Config: v1.9b4 32-bit little-endian readline lats printim

Issue 'q config' command for more information.

GX Package Initialization: Size = 11 8.5 
Running in Batch mode
ga-> run plot_wmp_as.gs
put datei nweek case dirfig dirbia dirscr
ctime=2012021200 2 T126L28 /gfs/dk22/modoper/tempo/global/oens/prcmed/gif /gfs/home3/modoper/tempo/global/oens/prcmed /gfs/home3/modoper/tempo/global/oens/prcmed/scripts
Enter trc nweek date
trc=T126
nweek=2
date=2012021200
No hardcopy metafile open
All files closed; all defined objects released
All GrADS attributes have been reinitialized
opnfct=cprec20120212002012021900.ctl
opnfct=cprec20120212002012022600.ctl
opnfct=/gfs/dk22/modoper/tempo/global/oens/prcmed/dataout/T126L28/GPRCENM20120212002012021900P.fct.T126L28.ctl
opnfct=/gfs/dk22/modoper/tempo/global/oens/prcmed/dataout/T126L28/GPRCENM20120212002012022600P.fct.T126L28.ctl
++++ 2 - 3 - 1
++++ 2 - 4 - 2
No hardcopy metafile open
GX package terminated 
