stty: : Invalid argument
vt100
resize:  can't open terminal /dev/tty
======================================
Welcome to tupan01: SUPER-UX 14.1 SX-6
Today is Sun Oct  9 16:16:24 GMT 2011
======================================
runperreco1.sx6 126 28 04 2011100912 15 NO 07 
sx6
2011100916:16
out
/gfs/home3/modoper/tempo/global/oens
/gfs/home3/modoper/tempo/global/oens
/gfs/dk22/modoper/tempo/global/oens
/gfs/dk22/modoper/tempo/global/oens/model/datain
/gfs/home3/modoper/tempo/global/oens/run/setperreco.1.04T126L28.sx6
Date: 20111009
Hour: 16:16
2011100912


rm: ERROR: Cannot access templ042011100912: No such file or directory
-rw-r--r--    1 modoper  pnt             200 Oct  9 16:16 /gfs/home3/modoper/tempo/global/oens/eof/datain/templ042011100912
ls: ERROR: Cannot access /gfs/dk22/modoper/tempo/global/oens/recfct/dataout/T126L28/GFCT04R2011100912*.fct*: No such file or directory
sx6
PNT-EN
11100916:16
out
/gfs/home3/modoper/tempo/global/oens
/gfs/home3/modoper/tempo/global/oens
/gfs/dk22/modoper/tempo/global/oens
/gfs/dk22/modoper/tempo/global/oens/model/datain
/gfs/home3/modoper/tempo/global/oens/run/setrecfct.1.FCT04RT126L28.sx6
Date: 20111009
Hour: 16:16
FCT04R
2011100912
2011100915
GFCT04R
GFCT04R
GFCT04R
F.fct
F.fct
R.fct
/gfs/home3/modoper/tempo/global/oens
/gfs/home3/modoper/tempo/global/oens
/gfs/dk22/modoper/tempo/global/oens
/gfs/dk22/modoper/tempo/global/oens/model/datain
run
run
GFCT04R20111009122011100915F.fct.T126L28
/gfs/home3/modoper/tempo/global/oens/recfct/datain/GFCT04R20111009122011100915F.fct.T126L28
+ echo Recomposition  -x-  RUNNING ...
Recomposition  -x-  RUNNING ...
+ source=/gfs/home3/modoper/tempo/global/oens/recfct/source
+ bin=/gfs/home3/modoper/tempo/global/oens/recfct/bin/T126L28
+ input=/gfs/home3/modoper/tempo/global/oens/recfct/datain
+ out=/gfs/home3/modoper/tempo/global/oens/recfct/output
+ echo run
run
+ [ run = make ]
+ echo run
run
+ [ run = clean ]
+ cd /gfs/home3/modoper/tempo/global/oens/recfct/bin/T126L28
+ echo ./recfct.T126L28 < /gfs/home3/modoper/tempo/global/oens/recfct/datain/recfctFCT04R.nml > /gfs/home3/modoper/tempo/global/oens/recfct/output/recfct.out.2011100912.16:16.T126L28
./recfct.T126L28 < /gfs/home3/modoper/tempo/global/oens/recfct/datain/recfctFCT04R.nml > /gfs/home3/modoper/tempo/global/oens/recfct/output/recfct.out.2011100912.16:16.T126L28
+ ./recfct.T126L28
+ 0< /gfs/home3/modoper/tempo/global/oens/recfct/datain/recfctFCT04R.nml 1> /gfs/home3/modoper/tempo/global/oens/recfct/output/recfct.out.2011100912.16:16.T126L28
 
 
     ******  Program Information  ******
  Real Time (sec)       :          5.373197
  User Time (sec)       :          4.131361
  Sys  Time (sec)       :          0.082134
  Vector Time (sec)     :          0.344052
  Inst. Count           :        1596986079.
  V. Inst. Count        :          16052480.
  V. Element Count      :        1289251883.
  FLOP Count            :         534710005.
  MOPS                  :        694.731306
  MFLOPS                :        129.427099
  VLEN                  :         80.314810
  V. Op. Ratio (%)      :         44.918765
  Memory Size (MB)      :        192.031250
  MIPS                  :        386.552100
  I-Cache (sec)         :          0.004271
  O-Cache (sec)         :          0.871650
  Bank (sec)            :          0.001192
 
  Start Time (date)  :  2011/10/09 16:16:27
  End   Time (date)  :  2011/10/09 16:16:33
-rw-r--r--    1 modoper  pnt             400 Oct  9 16:16 /gfs/home3/modoper/tempo/global/oens/eof/datain/templ042011100912
sx6
PNT-EN
11100916:16
out
/gfs/home3/modoper/tempo/global/oens
/gfs/home3/modoper/tempo/global/oens
/gfs/dk22/modoper/tempo/global/oens
/gfs/dk22/modoper/tempo/global/oens/model/datain
/gfs/home3/modoper/tempo/global/oens/run/setrecfct.1.FCT04RT126L28.sx6
Date: 20111009
Hour: 16:16
FCT04R
2011100912
2011100918
GFCT04R
GFCT04R
GFCT04R
F.fct
F.fct
R.fct
/gfs/home3/modoper/tempo/global/oens
/gfs/home3/modoper/tempo/global/oens
/gfs/dk22/modoper/tempo/global/oens
/gfs/dk22/modoper/tempo/global/oens/model/datain
run
run
GFCT04R20111009122011100918F.fct.T126L28
/gfs/home3/modoper/tempo/global/oens/recfct/datain/GFCT04R20111009122011100918F.fct.T126L28
+ echo Recomposition  -x-  RUNNING ...
Recomposition  -x-  RUNNING ...
+ source=/gfs/home3/modoper/tempo/global/oens/recfct/source
+ bin=/gfs/home3/modoper/tempo/global/oens/recfct/bin/T126L28
+ input=/gfs/home3/modoper/tempo/global/oens/recfct/datain
+ out=/gfs/home3/modoper/tempo/global/oens/recfct/output
+ echo run
run
+ [ run = make ]
+ echo run
run
+ [ run = clean ]
+ cd /gfs/home3/modoper/tempo/global/oens/recfct/bin/T126L28
+ echo ./recfct.T126L28 < /gfs/home3/modoper/tempo/global/oens/recfct/datain/recfctFCT04R.nml > /gfs/home3/modoper/tempo/global/oens/recfct/output/recfct.out.2011100912.16:16.T126L28
./recfct.T126L28 < /gfs/home3/modoper/tempo/global/oens/recfct/datain/recfctFCT04R.nml > /gfs/home3/modoper/tempo/global/oens/recfct/output/recfct.out.2011100912.16:16.T126L28
+ ./recfct.T126L28
+ 0< /gfs/home3/modoper/tempo/global/oens/recfct/datain/recfctFCT04R.nml 1> /gfs/home3/modoper/tempo/global/oens/recfct/output/recfct.out.2011100912.16:16.T126L28
 
 
     ******  Program Information  ******
  Real Time (sec)       :          5.706930
  User Time (sec)       :          4.130809
  Sys  Time (sec)       :          0.091516
  Vector Time (sec)     :          0.343994
  Inst. Count           :        1596986079.
  V. Inst. Count        :          16052480.
  V. Element Count      :        1289251883.
  FLOP Count            :         534710005.
  MOPS                  :        694.824124
  MFLOPS                :        129.444391
  VLEN                  :         80.314810
  V. Op. Ratio (%)      :         44.918765
  Memory Size (MB)      :        192.031250
  MIPS                  :        386.603744
  I-Cache (sec)         :          0.003694
  O-Cache (sec)         :          0.872434
  Bank (sec)            :          0.001192
 
  Start Time (date)  :  2011/10/09 16:16:33
  End   Time (date)  :  2011/10/09 16:16:39
-rw-r--r--    1 modoper  pnt             600 Oct  9 16:16 /gfs/home3/modoper/tempo/global/oens/eof/datain/templ042011100912
sx6
PNT-EN
11100916:16
out
/gfs/home3/modoper/tempo/global/oens
/gfs/home3/modoper/tempo/global/oens
/gfs/dk22/modoper/tempo/global/oens
/gfs/dk22/modoper/tempo/global/oens/model/datain
/gfs/home3/modoper/tempo/global/oens/run/setrecfct.1.FCT04RT126L28.sx6
Date: 20111009
Hour: 16:16
FCT04R
2011100912
2011100921
GFCT04R
GFCT04R
GFCT04R
F.fct
F.fct
R.fct
/gfs/home3/modoper/tempo/global/oens
/gfs/home3/modoper/tempo/global/oens
/gfs/dk22/modoper/tempo/global/oens
/gfs/dk22/modoper/tempo/global/oens/model/datain
run
run
GFCT04R20111009122011100921F.fct.T126L28
/gfs/home3/modoper/tempo/global/oens/recfct/datain/GFCT04R20111009122011100921F.fct.T126L28
+ echo Recomposition  -x-  RUNNING ...
Recomposition  -x-  RUNNING ...
+ source=/gfs/home3/modoper/tempo/global/oens/recfct/source
+ bin=/gfs/home3/modoper/tempo/global/oens/recfct/bin/T126L28
+ input=/gfs/home3/modoper/tempo/global/oens/recfct/datain
+ out=/gfs/home3/modoper/tempo/global/oens/recfct/output
+ echo run
run
+ [ run = make ]
+ echo run
run
+ [ run = clean ]
+ cd /gfs/home3/modoper/tempo/global/oens/recfct/bin/T126L28
+ echo ./recfct.T126L28 < /gfs/home3/modoper/tempo/global/oens/recfct/datain/recfctFCT04R.nml > /gfs/home3/modoper/tempo/global/oens/recfct/output/recfct.out.2011100912.16:16.T126L28
./recfct.T126L28 < /gfs/home3/modoper/tempo/global/oens/recfct/datain/recfctFCT04R.nml > /gfs/home3/modoper/tempo/global/oens/recfct/output/recfct.out.2011100912.16:16.T126L28
+ ./recfct.T126L28
+ 0< /gfs/home3/modoper/tempo/global/oens/recfct/datain/recfctFCT04R.nml 1> /gfs/home3/modoper/tempo/global/oens/recfct/output/recfct.out.2011100912.16:16.T126L28
 
 
     ******  Program Information  ******
  Real Time (sec)       :          6.881753
  User Time (sec)       :          4.131266
  Sys  Time (sec)       :          0.093561
  Vector Time (sec)     :          0.344109
  Inst. Count           :        1596986079.
  V. Inst. Count        :          16052480.
  V. Element Count      :        1289251883.
  FLOP Count            :         534710005.
  MOPS                  :        694.747214
  MFLOPS                :        129.430062
  VLEN                  :         80.314810
  V. Op. Ratio (%)      :         44.918765
  Memory Size (MB)      :        192.031250
  MIPS                  :        386.560951
  I-Cache (sec)         :          0.003727
  O-Cache (sec)         :          0.872722
  Bank (sec)            :          0.001192
 
  Start Time (date)  :  2011/10/09 16:16:40
  End   Time (date)  :  2011/10/09 16:16:47
-rw-r--r--    1 modoper  pnt             800 Oct  9 16:16 /gfs/home3/modoper/tempo/global/oens/eof/datain/templ042011100912
sx6
PNT-EN
11100916:16
out
/gfs/home3/modoper/tempo/global/oens
/gfs/home3/modoper/tempo/global/oens
/gfs/dk22/modoper/tempo/global/oens
/gfs/dk22/modoper/tempo/global/oens/model/datain
/gfs/home3/modoper/tempo/global/oens/run/setrecfct.1.FCT04RT126L28.sx6
Date: 20111009
Hour: 16:16
FCT04R
2011100912
2011101000
GFCT04R
GFCT04R
GFCT04R
F.fct
F.fct
R.fct
/gfs/home3/modoper/tempo/global/oens
/gfs/home3/modoper/tempo/global/oens
/gfs/dk22/modoper/tempo/global/oens
/gfs/dk22/modoper/tempo/global/oens/model/datain
run
run
GFCT04R20111009122011101000F.fct.T126L28
/gfs/home3/modoper/tempo/global/oens/recfct/datain/GFCT04R20111009122011101000F.fct.T126L28
+ echo Recomposition  -x-  RUNNING ...
Recomposition  -x-  RUNNING ...
+ source=/gfs/home3/modoper/tempo/global/oens/recfct/source
+ bin=/gfs/home3/modoper/tempo/global/oens/recfct/bin/T126L28
+ input=/gfs/home3/modoper/tempo/global/oens/recfct/datain
+ out=/gfs/home3/modoper/tempo/global/oens/recfct/output
+ echo run
run
+ [ run = make ]
+ echo run
run
+ [ run = clean ]
+ cd /gfs/home3/modoper/tempo/global/oens/recfct/bin/T126L28
+ echo ./recfct.T126L28 < /gfs/home3/modoper/tempo/global/oens/recfct/datain/recfctFCT04R.nml > /gfs/home3/modoper/tempo/global/oens/recfct/output/recfct.out.2011100912.16:16.T126L28
./recfct.T126L28 < /gfs/home3/modoper/tempo/global/oens/recfct/datain/recfctFCT04R.nml > /gfs/home3/modoper/tempo/global/oens/recfct/output/recfct.out.2011100912.16:16.T126L28
+ ./recfct.T126L28
+ 0< /gfs/home3/modoper/tempo/global/oens/recfct/datain/recfctFCT04R.nml 1> /gfs/home3/modoper/tempo/global/oens/recfct/output/recfct.out.2011100912.16:16.T126L28
 
 
     ******  Program Information  ******
  Real Time (sec)       :          6.162748
  User Time (sec)       :          4.120610
  Sys  Time (sec)       :          0.062738
  Vector Time (sec)     :          0.341939
  Inst. Count           :        1596986079.
  V. Inst. Count        :          16052480.
  V. Element Count      :        1289251883.
  FLOP Count            :         534710005.
  MOPS                  :        696.543831
  MFLOPS                :        129.764769
  VLEN                  :         80.314810
  V. Op. Ratio (%)      :         44.918765
  Memory Size (MB)      :        192.031250
  MIPS                  :        387.560598
  I-Cache (sec)         :          0.001024
  O-Cache (sec)         :          0.864551
  Bank (sec)            :          0.001192
 
  Start Time (date)  :  2011/10/09 16:16:48
  End   Time (date)  :  2011/10/09 16:16:54
-rw-r--r--    1 modoper  pnt            1000 Oct  9 16:16 /gfs/home3/modoper/tempo/global/oens/eof/datain/templ042011100912
sx6
PNT-EN
11100916:16
out
/gfs/home3/modoper/tempo/global/oens
/gfs/home3/modoper/tempo/global/oens
/gfs/dk22/modoper/tempo/global/oens
/gfs/dk22/modoper/tempo/global/oens/model/datain
/gfs/home3/modoper/tempo/global/oens/run/setrecfct.1.FCT04RT126L28.sx6
Date: 20111009
Hour: 16:16
FCT04R
2011100912
2011101003
GFCT04R
GFCT04R
GFCT04R
F.fct
F.fct
R.fct
/gfs/home3/modoper/tempo/global/oens
/gfs/home3/modoper/tempo/global/oens
/gfs/dk22/modoper/tempo/global/oens
/gfs/dk22/modoper/tempo/global/oens/model/datain
run
run
GFCT04R20111009122011101003F.fct.T126L28
/gfs/home3/modoper/tempo/global/oens/recfct/datain/GFCT04R20111009122011101003F.fct.T126L28
+ echo Recomposition  -x-  RUNNING ...
Recomposition  -x-  RUNNING ...
+ source=/gfs/home3/modoper/tempo/global/oens/recfct/source
+ bin=/gfs/home3/modoper/tempo/global/oens/recfct/bin/T126L28
+ input=/gfs/home3/modoper/tempo/global/oens/recfct/datain
+ out=/gfs/home3/modoper/tempo/global/oens/recfct/output
+ echo run
run
+ [ run = make ]
+ echo run
run
+ [ run = clean ]
+ cd /gfs/home3/modoper/tempo/global/oens/recfct/bin/T126L28
+ echo ./recfct.T126L28 < /gfs/home3/modoper/tempo/global/oens/recfct/datain/recfctFCT04R.nml > /gfs/home3/modoper/tempo/global/oens/recfct/output/recfct.out.2011100912.16:16.T126L28
./recfct.T126L28 < /gfs/home3/modoper/tempo/global/oens/recfct/datain/recfctFCT04R.nml > /gfs/home3/modoper/tempo/global/oens/recfct/output/recfct.out.2011100912.16:16.T126L28
+ ./recfct.T126L28
+ 0< /gfs/home3/modoper/tempo/global/oens/recfct/datain/recfctFCT04R.nml 1> /gfs/home3/modoper/tempo/global/oens/recfct/output/recfct.out.2011100912.16:16.T126L28
 
 
     ******  Program Information  ******
  Real Time (sec)       :         11.208033
  User Time (sec)       :          4.145625
  Sys  Time (sec)       :          0.151876
  Vector Time (sec)     :          0.347085
  Inst. Count           :        1596986079.
  V. Inst. Count        :          16052480.
  V. Element Count      :        1289251883.
  FLOP Count            :         534710005.
  MOPS                  :        692.340824
  MFLOPS                :        128.981757
  VLEN                  :         80.314810
  V. Op. Ratio (%)      :         44.918765
  Memory Size (MB)      :        192.031250
  MIPS                  :        385.222023
  I-Cache (sec)         :          0.008546
  O-Cache (sec)         :          0.883785
  Bank (sec)            :          0.001190
 
  Start Time (date)  :  2011/10/09 16:16:55
  End   Time (date)  :  2011/10/09 16:17:07
-rw-r--r--    1 modoper  pnt            1200 Oct  9 16:17 /gfs/home3/modoper/tempo/global/oens/eof/datain/templ042011100912
sx6
PNT-EN
11100916:17
out
/gfs/home3/modoper/tempo/global/oens
/gfs/home3/modoper/tempo/global/oens
/gfs/dk22/modoper/tempo/global/oens
/gfs/dk22/modoper/tempo/global/oens/model/datain
/gfs/home3/modoper/tempo/global/oens/run/setrecfct.1.FCT04RT126L28.sx6
Date: 20111009
Hour: 16:17
FCT04R
2011100912
2011101006
GFCT04R
GFCT04R
GFCT04R
F.fct
F.fct
R.fct
/gfs/home3/modoper/tempo/global/oens
/gfs/home3/modoper/tempo/global/oens
/gfs/dk22/modoper/tempo/global/oens
/gfs/dk22/modoper/tempo/global/oens/model/datain
run
run
GFCT04R20111009122011101006F.fct.T126L28
/gfs/home3/modoper/tempo/global/oens/recfct/datain/GFCT04R20111009122011101006F.fct.T126L28
+ echo Recomposition  -x-  RUNNING ...
Recomposition  -x-  RUNNING ...
+ source=/gfs/home3/modoper/tempo/global/oens/recfct/source
+ bin=/gfs/home3/modoper/tempo/global/oens/recfct/bin/T126L28
+ input=/gfs/home3/modoper/tempo/global/oens/recfct/datain
+ out=/gfs/home3/modoper/tempo/global/oens/recfct/output
+ echo run
run
+ [ run = make ]
+ echo run
run
+ [ run = clean ]
+ cd /gfs/home3/modoper/tempo/global/oens/recfct/bin/T126L28
+ echo ./recfct.T126L28 < /gfs/home3/modoper/tempo/global/oens/recfct/datain/recfctFCT04R.nml > /gfs/home3/modoper/tempo/global/oens/recfct/output/recfct.out.2011100912.16:17.T126L28
./recfct.T126L28 < /gfs/home3/modoper/tempo/global/oens/recfct/datain/recfctFCT04R.nml > /gfs/home3/modoper/tempo/global/oens/recfct/output/recfct.out.2011100912.16:17.T126L28
+ ./recfct.T126L28
+ 0< /gfs/home3/modoper/tempo/global/oens/recfct/datain/recfctFCT04R.nml 1> /gfs/home3/modoper/tempo/global/oens/recfct/output/recfct.out.2011100912.16:17.T126L28
 
 
     ******  Program Information  ******
  Real Time (sec)       :         11.571144
  User Time (sec)       :          4.120151
  Sys  Time (sec)       :          0.066626
  Vector Time (sec)     :          0.341916
  Inst. Count           :        1596986079.
  V. Inst. Count        :          16052480.
  V. Element Count      :        1289251883.
  FLOP Count            :         534710005.
  MOPS                  :        696.621373
  MFLOPS                :        129.779215
  VLEN                  :         80.314810
  V. Op. Ratio (%)      :         44.918765
  Memory Size (MB)      :        192.031250
  MIPS                  :        387.603743
  I-Cache (sec)         :          0.000919
  O-Cache (sec)         :          0.864348
  Bank (sec)            :          0.001192
 
  Start Time (date)  :  2011/10/09 16:17:08
  End   Time (date)  :  2011/10/09 16:17:19
-rw-r--r--    1 modoper  pnt            1400 Oct  9 16:17 /gfs/home3/modoper/tempo/global/oens/eof/datain/templ042011100912
sx6
PNT-EN
11100916:17
out
/gfs/home3/modoper/tempo/global/oens
/gfs/home3/modoper/tempo/global/oens
/gfs/dk22/modoper/tempo/global/oens
/gfs/dk22/modoper/tempo/global/oens/model/datain
/gfs/home3/modoper/tempo/global/oens/run/setrecfct.1.FCT04RT126L28.sx6
Date: 20111009
Hour: 16:17
FCT04R
2011100912
2011101009
GFCT04R
GFCT04R
GFCT04R
F.fct
F.fct
R.fct
/gfs/home3/modoper/tempo/global/oens
/gfs/home3/modoper/tempo/global/oens
/gfs/dk22/modoper/tempo/global/oens
/gfs/dk22/modoper/tempo/global/oens/model/datain
run
run
GFCT04R20111009122011101009F.fct.T126L28
/gfs/home3/modoper/tempo/global/oens/recfct/datain/GFCT04R20111009122011101009F.fct.T126L28
+ echo Recomposition  -x-  RUNNING ...
Recomposition  -x-  RUNNING ...
+ source=/gfs/home3/modoper/tempo/global/oens/recfct/source
+ bin=/gfs/home3/modoper/tempo/global/oens/recfct/bin/T126L28
+ input=/gfs/home3/modoper/tempo/global/oens/recfct/datain
+ out=/gfs/home3/modoper/tempo/global/oens/recfct/output
+ echo run
run
+ [ run = make ]
+ echo run
run
+ [ run = clean ]
+ cd /gfs/home3/modoper/tempo/global/oens/recfct/bin/T126L28
+ echo ./recfct.T126L28 < /gfs/home3/modoper/tempo/global/oens/recfct/datain/recfctFCT04R.nml > /gfs/home3/modoper/tempo/global/oens/recfct/output/recfct.out.2011100912.16:17.T126L28
./recfct.T126L28 < /gfs/home3/modoper/tempo/global/oens/recfct/datain/recfctFCT04R.nml > /gfs/home3/modoper/tempo/global/oens/recfct/output/recfct.out.2011100912.16:17.T126L28
+ ./recfct.T126L28
+ 0< /gfs/home3/modoper/tempo/global/oens/recfct/datain/recfctFCT04R.nml 1> /gfs/home3/modoper/tempo/global/oens/recfct/output/recfct.out.2011100912.16:17.T126L28
 
 
     ******  Program Information  ******
  Real Time (sec)       :          6.890002
  User Time (sec)       :          4.140597
  Sys  Time (sec)       :          0.120895
  Vector Time (sec)     :          0.346084
  Inst. Count           :        1596986079.
  V. Inst. Count        :          16052480.
  V. Element Count      :        1289251883.
  FLOP Count            :         534710005.
  MOPS                  :        693.181627
  MFLOPS                :        129.138397
  VLEN                  :         80.314810
  V. Op. Ratio (%)      :         44.918765
  Memory Size (MB)      :        192.031250
  MIPS                  :        385.689850
  I-Cache (sec)         :          0.005342
  O-Cache (sec)         :          0.880392
  Bank (sec)            :          0.001192
 
  Start Time (date)  :  2011/10/09 16:17:25
  End   Time (date)  :  2011/10/09 16:17:32
-rw-r--r--    1 modoper  pnt            1600 Oct  9 16:17 /gfs/home3/modoper/tempo/global/oens/eof/datain/templ042011100912
sx6
PNT-EN
11100916:17
out
/gfs/home3/modoper/tempo/global/oens
/gfs/home3/modoper/tempo/global/oens
/gfs/dk22/modoper/tempo/global/oens
/gfs/dk22/modoper/tempo/global/oens/model/datain
/gfs/home3/modoper/tempo/global/oens/run/setrecfct.1.FCT04RT126L28.sx6
Date: 20111009
Hour: 16:17
FCT04R
2011100912
2011101012
GFCT04R
GFCT04R
GFCT04R
F.fct
F.fct
R.fct
/gfs/home3/modoper/tempo/global/oens
/gfs/home3/modoper/tempo/global/oens
/gfs/dk22/modoper/tempo/global/oens
/gfs/dk22/modoper/tempo/global/oens/model/datain
run
run
GFCT04R20111009122011101012F.fct.T126L28
/gfs/home3/modoper/tempo/global/oens/recfct/datain/GFCT04R20111009122011101012F.fct.T126L28
+ echo Recomposition  -x-  RUNNING ...
Recomposition  -x-  RUNNING ...
+ source=/gfs/home3/modoper/tempo/global/oens/recfct/source
+ bin=/gfs/home3/modoper/tempo/global/oens/recfct/bin/T126L28
+ input=/gfs/home3/modoper/tempo/global/oens/recfct/datain
+ out=/gfs/home3/modoper/tempo/global/oens/recfct/output
+ echo run
run
+ [ run = make ]
+ echo run
run
+ [ run = clean ]
+ cd /gfs/home3/modoper/tempo/global/oens/recfct/bin/T126L28
+ echo ./recfct.T126L28 < /gfs/home3/modoper/tempo/global/oens/recfct/datain/recfctFCT04R.nml > /gfs/home3/modoper/tempo/global/oens/recfct/output/recfct.out.2011100912.16:17.T126L28
./recfct.T126L28 < /gfs/home3/modoper/tempo/global/oens/recfct/datain/recfctFCT04R.nml > /gfs/home3/modoper/tempo/global/oens/recfct/output/recfct.out.2011100912.16:17.T126L28
+ ./recfct.T126L28
+ 0< /gfs/home3/modoper/tempo/global/oens/recfct/datain/recfctFCT04R.nml 1> /gfs/home3/modoper/tempo/global/oens/recfct/output/recfct.out.2011100912.16:17.T126L28
 
 
     ******  Program Information  ******
  Real Time (sec)       :         16.993208
  User Time (sec)       :          4.120210
  Sys  Time (sec)       :          0.064921
  Vector Time (sec)     :          0.341871
  Inst. Count           :        1596986110.
  V. Inst. Count        :          16052480.
  V. Element Count      :        1289251883.
  FLOP Count            :         534710006.
  MOPS                  :        696.611531
  MFLOPS                :        129.777380
  VLEN                  :         80.314810
  V. Op. Ratio (%)      :         44.918765
  Memory Size (MB)      :        192.031250
  MIPS                  :        387.598270
  I-Cache (sec)         :          0.000946
  O-Cache (sec)         :          0.864367
  Bank (sec)            :          0.001192
 
  Start Time (date)  :  2011/10/09 16:17:33
  End   Time (date)  :  2011/10/09 16:17:50
-rw-r--r--    1 modoper  pnt            1800 Oct  9 16:17 /gfs/home3/modoper/tempo/global/oens/eof/datain/templ042011100912
sx6
PNT-EN
11100916:17
out
/gfs/home3/modoper/tempo/global/oens
/gfs/home3/modoper/tempo/global/oens
/gfs/dk22/modoper/tempo/global/oens
/gfs/dk22/modoper/tempo/global/oens/model/datain
/gfs/home3/modoper/tempo/global/oens/run/setrecfct.1.FCT04RT126L28.sx6
Date: 20111009
Hour: 16:17
FCT04R
2011100912
2011101015
GFCT04R
GFCT04R
GFCT04R
F.fct
F.fct
R.fct
/gfs/home3/modoper/tempo/global/oens
/gfs/home3/modoper/tempo/global/oens
/gfs/dk22/modoper/tempo/global/oens
/gfs/dk22/modoper/tempo/global/oens/model/datain
run
run
GFCT04R20111009122011101015F.fct.T126L28
/gfs/home3/modoper/tempo/global/oens/recfct/datain/GFCT04R20111009122011101015F.fct.T126L28
+ echo Recomposition  -x-  RUNNING ...
Recomposition  -x-  RUNNING ...
+ source=/gfs/home3/modoper/tempo/global/oens/recfct/source
+ bin=/gfs/home3/modoper/tempo/global/oens/recfct/bin/T126L28
+ input=/gfs/home3/modoper/tempo/global/oens/recfct/datain
+ out=/gfs/home3/modoper/tempo/global/oens/recfct/output
+ echo run
run
+ [ run = make ]
+ echo run
run
+ [ run = clean ]
+ cd /gfs/home3/modoper/tempo/global/oens/recfct/bin/T126L28
+ echo ./recfct.T126L28 < /gfs/home3/modoper/tempo/global/oens/recfct/datain/recfctFCT04R.nml > /gfs/home3/modoper/tempo/global/oens/recfct/output/recfct.out.2011100912.16:17.T126L28
./recfct.T126L28 < /gfs/home3/modoper/tempo/global/oens/recfct/datain/recfctFCT04R.nml > /gfs/home3/modoper/tempo/global/oens/recfct/output/recfct.out.2011100912.16:17.T126L28
+ ./recfct.T126L28
+ 0< /gfs/home3/modoper/tempo/global/oens/recfct/datain/recfctFCT04R.nml 1> /gfs/home3/modoper/tempo/global/oens/recfct/output/recfct.out.2011100912.16:17.T126L28
 
 
     ******  Program Information  ******
  Real Time (sec)       :         18.310992
  User Time (sec)       :          4.120362
  Sys  Time (sec)       :          0.070337
  Vector Time (sec)     :          0.341890
  Inst. Count           :        1596986110.
  V. Inst. Count        :          16052480.
  V. Element Count      :        1289251883.
  FLOP Count            :         534710006.
  MOPS                  :        696.585846
  MFLOPS                :        129.772595
  VLEN                  :         80.314810
  V. Op. Ratio (%)      :         44.918765
  Memory Size (MB)      :        192.031250
  MIPS                  :        387.583979
  I-Cache (sec)         :          0.000956
  O-Cache (sec)         :          0.864475
  Bank (sec)            :          0.001192
 
  Start Time (date)  :  2011/10/09 16:17:51
  End   Time (date)  :  2011/10/09 16:18:10
-rw-r--r--    1 modoper  pnt            2000 Oct  9 16:18 /gfs/home3/modoper/tempo/global/oens/eof/datain/templ042011100912
sx6
PNT-EN
11100916:18
out
/gfs/home3/modoper/tempo/global/oens
/gfs/home3/modoper/tempo/global/oens
/gfs/dk22/modoper/tempo/global/oens
/gfs/dk22/modoper/tempo/global/oens/model/datain
/gfs/home3/modoper/tempo/global/oens/run/setrecfct.1.FCT04RT126L28.sx6
Date: 20111009
Hour: 16:18
FCT04R
2011100912
2011101018
GFCT04R
GFCT04R
GFCT04R
F.fct
F.fct
R.fct
/gfs/home3/modoper/tempo/global/oens
/gfs/home3/modoper/tempo/global/oens
/gfs/dk22/modoper/tempo/global/oens
/gfs/dk22/modoper/tempo/global/oens/model/datain
run
run
GFCT04R20111009122011101018F.fct.T126L28
/gfs/home3/modoper/tempo/global/oens/recfct/datain/GFCT04R20111009122011101018F.fct.T126L28
+ echo Recomposition  -x-  RUNNING ...
Recomposition  -x-  RUNNING ...
+ source=/gfs/home3/modoper/tempo/global/oens/recfct/source
+ bin=/gfs/home3/modoper/tempo/global/oens/recfct/bin/T126L28
+ input=/gfs/home3/modoper/tempo/global/oens/recfct/datain
+ out=/gfs/home3/modoper/tempo/global/oens/recfct/output
+ echo run
run
+ [ run = make ]
+ echo run
run
+ [ run = clean ]
+ cd /gfs/home3/modoper/tempo/global/oens/recfct/bin/T126L28
+ echo ./recfct.T126L28 < /gfs/home3/modoper/tempo/global/oens/recfct/datain/recfctFCT04R.nml > /gfs/home3/modoper/tempo/global/oens/recfct/output/recfct.out.2011100912.16:18.T126L28
./recfct.T126L28 < /gfs/home3/modoper/tempo/global/oens/recfct/datain/recfctFCT04R.nml > /gfs/home3/modoper/tempo/global/oens/recfct/output/recfct.out.2011100912.16:18.T126L28
+ ./recfct.T126L28
+ 0< /gfs/home3/modoper/tempo/global/oens/recfct/datain/recfctFCT04R.nml 1> /gfs/home3/modoper/tempo/global/oens/recfct/output/recfct.out.2011100912.16:18.T126L28
 
 
     ******  Program Information  ******
  Real Time (sec)       :         14.637863
  User Time (sec)       :          4.120831
  Sys  Time (sec)       :          0.067398
  Vector Time (sec)     :          0.342057
  Inst. Count           :        1596986110.
  V. Inst. Count        :          16052480.
  V. Element Count      :        1289251883.
  FLOP Count            :         534710006.
  MOPS                  :        696.506484
  MFLOPS                :        129.757810
  VLEN                  :         80.314810
  V. Op. Ratio (%)      :         44.918765
  Memory Size (MB)      :        192.031250
  MIPS                  :        387.539821
  I-Cache (sec)         :          0.000998
  O-Cache (sec)         :          0.864610
  Bank (sec)            :          0.001190
 
  Start Time (date)  :  2011/10/09 16:18:11
  End   Time (date)  :  2011/10/09 16:18:25
-rw-r--r--    1 modoper  pnt            2200 Oct  9 16:18 /gfs/home3/modoper/tempo/global/oens/eof/datain/templ042011100912
sx6
PNT-EN
11100916:18
out
/gfs/home3/modoper/tempo/global/oens
/gfs/home3/modoper/tempo/global/oens
/gfs/dk22/modoper/tempo/global/oens
/gfs/dk22/modoper/tempo/global/oens/model/datain
/gfs/home3/modoper/tempo/global/oens/run/setrecfct.1.FCT04RT126L28.sx6
Date: 20111009
Hour: 16:18
FCT04R
2011100912
2011101021
GFCT04R
GFCT04R
GFCT04R
F.fct
F.fct
R.fct
/gfs/home3/modoper/tempo/global/oens
/gfs/home3/modoper/tempo/global/oens
/gfs/dk22/modoper/tempo/global/oens
/gfs/dk22/modoper/tempo/global/oens/model/datain
run
run
GFCT04R20111009122011101021F.fct.T126L28
/gfs/home3/modoper/tempo/global/oens/recfct/datain/GFCT04R20111009122011101021F.fct.T126L28
+ echo Recomposition  -x-  RUNNING ...
Recomposition  -x-  RUNNING ...
+ source=/gfs/home3/modoper/tempo/global/oens/recfct/source
+ bin=/gfs/home3/modoper/tempo/global/oens/recfct/bin/T126L28
+ input=/gfs/home3/modoper/tempo/global/oens/recfct/datain
+ out=/gfs/home3/modoper/tempo/global/oens/recfct/output
+ echo run
run
+ [ run = make ]
+ echo run
run
+ [ run = clean ]
+ cd /gfs/home3/modoper/tempo/global/oens/recfct/bin/T126L28
+ echo ./recfct.T126L28 < /gfs/home3/modoper/tempo/global/oens/recfct/datain/recfctFCT04R.nml > /gfs/home3/modoper/tempo/global/oens/recfct/output/recfct.out.2011100912.16:18.T126L28
./recfct.T126L28 < /gfs/home3/modoper/tempo/global/oens/recfct/datain/recfctFCT04R.nml > /gfs/home3/modoper/tempo/global/oens/recfct/output/recfct.out.2011100912.16:18.T126L28
+ ./recfct.T126L28
+ 0< /gfs/home3/modoper/tempo/global/oens/recfct/datain/recfctFCT04R.nml 1> /gfs/home3/modoper/tempo/global/oens/recfct/output/recfct.out.2011100912.16:18.T126L28
 
 
     ******  Program Information  ******
  Real Time (sec)       :          7.487532
  User Time (sec)       :          4.128772
  Sys  Time (sec)       :          0.058516
  Vector Time (sec)     :          0.344477
  Inst. Count           :        1596986110.
  V. Inst. Count        :          16052480.
  V. Element Count      :        1289251883.
  FLOP Count            :         534710006.
  MOPS                  :        695.166802
  MFLOPS                :        129.508230
  VLEN                  :         80.314810
  V. Op. Ratio (%)      :         44.918765
  Memory Size (MB)      :        192.031250
  MIPS                  :        386.794415
  I-Cache (sec)         :          0.000950
  O-Cache (sec)         :          0.870029
  Bank (sec)            :          0.001192
 
  Start Time (date)  :  2011/10/09 16:18:32
  End   Time (date)  :  2011/10/09 16:18:39
-rw-r--r--    1 modoper  pnt            2400 Oct  9 16:18 /gfs/home3/modoper/tempo/global/oens/eof/datain/templ042011100912
sx6
PNT-EN
11100916:18
out
/gfs/home3/modoper/tempo/global/oens
/gfs/home3/modoper/tempo/global/oens
/gfs/dk22/modoper/tempo/global/oens
/gfs/dk22/modoper/tempo/global/oens/model/datain
/gfs/home3/modoper/tempo/global/oens/run/setrecfct.1.FCT04RT126L28.sx6
Date: 20111009
Hour: 16:18
FCT04R
2011100912
2011101100
GFCT04R
GFCT04R
GFCT04R
F.fct
F.fct
R.fct
/gfs/home3/modoper/tempo/global/oens
/gfs/home3/modoper/tempo/global/oens
/gfs/dk22/modoper/tempo/global/oens
/gfs/dk22/modoper/tempo/global/oens/model/datain
run
run
GFCT04R20111009122011101100F.fct.T126L28
/gfs/home3/modoper/tempo/global/oens/recfct/datain/GFCT04R20111009122011101100F.fct.T126L28
+ echo Recomposition  -x-  RUNNING ...
Recomposition  -x-  RUNNING ...
+ source=/gfs/home3/modoper/tempo/global/oens/recfct/source
+ bin=/gfs/home3/modoper/tempo/global/oens/recfct/bin/T126L28
+ input=/gfs/home3/modoper/tempo/global/oens/recfct/datain
+ out=/gfs/home3/modoper/tempo/global/oens/recfct/output
+ echo run
run
+ [ run = make ]
+ echo run
run
+ [ run = clean ]
+ cd /gfs/home3/modoper/tempo/global/oens/recfct/bin/T126L28
+ echo ./recfct.T126L28 < /gfs/home3/modoper/tempo/global/oens/recfct/datain/recfctFCT04R.nml > /gfs/home3/modoper/tempo/global/oens/recfct/output/recfct.out.2011100912.16:18.T126L28
./recfct.T126L28 < /gfs/home3/modoper/tempo/global/oens/recfct/datain/recfctFCT04R.nml > /gfs/home3/modoper/tempo/global/oens/recfct/output/recfct.out.2011100912.16:18.T126L28
+ ./recfct.T126L28
+ 0< /gfs/home3/modoper/tempo/global/oens/recfct/datain/recfctFCT04R.nml 1> /gfs/home3/modoper/tempo/global/oens/recfct/output/recfct.out.2011100912.16:18.T126L28
 
 
     ******  Program Information  ******
  Real Time (sec)       :         10.050615
  User Time (sec)       :          4.131854
  Sys  Time (sec)       :          0.082494
  Vector Time (sec)     :          0.344945
  Inst. Count           :        1596986079.
  V. Inst. Count        :          16052480.
  V. Element Count      :        1289251883.
  FLOP Count            :         534710005.
  MOPS                  :        694.648260
  MFLOPS                :        129.411627
  VLEN                  :         80.314810
  V. Op. Ratio (%)      :         44.918765
  Memory Size (MB)      :        192.031250
  MIPS                  :        386.505892
  I-Cache (sec)         :          0.002318
  O-Cache (sec)         :          0.873243
  Bank (sec)            :          0.001192
 
  Start Time (date)  :  2011/10/09 16:18:40
  End   Time (date)  :  2011/10/09 16:18:50
sx6
2011100916:18
out
/gfs/home3/modoper/tempo/global/oens
/gfs/home3/modoper/tempo/global/oens
/gfs/dk22/modoper/tempo/global/oens
/gfs/dk22/modoper/tempo/global/oens/model/datain
/gfs/home3/modoper/tempo/global/oens/run/seteofs.1.04T126L28.sx6
04
Date: 20111009
Hour: 16:18
2011100912
/gfs/home3/modoper/tempo/global/oens
/gfs/home3/modoper/tempo/global/oens
/gfs/dk22/modoper/tempo/global/oens
/gfs/dk22/modoper/tempo/global/oens/model/datain
run
run
Vai chamar eoft
+ echo EOFT           -x-  RUNNING ...
EOFT           -x-  RUNNING ...
+ source=/gfs/home3/modoper/tempo/global/oens/eoftemp/source
+ bin=/gfs/home3/modoper/tempo/global/oens/eof/bin/T126L28
+ inp=/gfs/home3/modoper/tempo/global/oens/eof/datain
+ outp=/gfs/home3/modoper/tempo/global/oens/eoftemp/output
+ echo run
run
+ [ run = make ]
+ echo run
run
+ [ run = clean ]
+ cd /gfs/home3/modoper/tempo/global/oens/eof/bin/T126L28
+ echo ./eoftem.T126L28 < /gfs/home3/modoper/tempo/global/oens/eof/datain/eoftem04.nml > /gfs/home3/modoper/tempo/global/oens/eoftemp/output/eoftem.2011100912.16:18.T126L28
./eoftem.T126L28 < /gfs/home3/modoper/tempo/global/oens/eof/datain/eoftem04.nml > /gfs/home3/modoper/tempo/global/oens/eoftemp/output/eoftem.2011100912.16:18.T126L28
+ ./eoftem.T126L28
+ 0< /gfs/home3/modoper/tempo/global/oens/eof/datain/eoftem04.nml 1> /gfs/home3/modoper/tempo/global/oens/eoftemp/output/eoftem.2011100912.16:18.T126L28
 entrou no eoft fortran
 &DATAIN DIRI=/gfs/home3/modoper/tempo/global/oens/eof/datain/                ,
 DIRA=/gfs/dk22/modoper/tempo/global/oens/model/datain/               ,
 DIRO=/gfs/dk22/modoper/tempo/global/oens/eof/dataout/T126L28/        ,
 NAMEL=templ042011100912                                               ,
 ANAME=GANLAVN2011100912R.unf.T126L28                                                      ,
 TEMOUT=temout042011100912                                              ,
 TEMPCM=tempcm042011100912                                              ,
 TEMPER1=tempe1042011100912                                              ,
 TEMPEN1=tempn1042011100912                                               /
 
 
     ******  Program Information  ******
  Real Time (sec)       :         27.967796
  User Time (sec)       :          6.580738
  Sys  Time (sec)       :          0.419405
  Vector Time (sec)     :          5.901993
  Inst. Count           :         597134021.
  V. Inst. Count        :          72972043.
  V. Element Count      :        9156489238.
  FLOP Count            :        3164565340.
  MOPS                  :       1471.058552
  MFLOPS                :        480.883032
  VLEN                  :        125.479415
  V. Op. Ratio (%)      :         94.585468
  Memory Size (MB)      :        304.031250
  MIPS                  :         90.739671
  I-Cache (sec)         :          0.005368
  O-Cache (sec)         :          0.005693
  Bank (sec)            :          0.281361
 
  Start Time (date)  :  2011/10/09 16:18:52
  End   Time (date)  :  2011/10/09 16:19:20
Vai chamar eofw
+ echo EOFW           -x-  RUNNING ...
EOFW           -x-  RUNNING ...
+ source=/gfs/home3/modoper/tempo/global/oens/eofwind/source
+ bin=/gfs/home3/modoper/tempo/global/oens/eof/bin/T126L28
+ out=/gfs/dk22/modoper/tempo/global/oens/eof/dataout/T126L28
+ inp=/gfs/home3/modoper/tempo/global/oens/eof/datain
+ outp=/gfs/home3/modoper/tempo/global/oens/eofwind/output
+ echo run
run
+ [ run = make ]
+ echo run
run
+ [ run = clean ]
+ cd /gfs/home3/modoper/tempo/global/oens/eof/bin/T126L28
+ echo ./eofwin.T126L28 < /gfs/home3/modoper/tempo/global/oens/eof/datain/eofwin04.nml > /gfs/home3/modoper/tempo/global/oens/eofwind/output/eofwin.2011100912.16:18.T126L28
./eofwin.T126L28 < /gfs/home3/modoper/tempo/global/oens/eof/datain/eofwin04.nml > /gfs/home3/modoper/tempo/global/oens/eofwind/output/eofwin.2011100912.16:18.T126L28
+ ./eofwin.T126L28
+ 0< /gfs/home3/modoper/tempo/global/oens/eof/datain/eofwin04.nml 1> /gfs/home3/modoper/tempo/global/oens/eofwind/output/eofwin.2011100912.16:18.T126L28
 
 
     ******  Program Information  ******
  Real Time (sec)       :         80.793293
  User Time (sec)       :         11.993951
  Sys  Time (sec)       :          0.601990
  Vector Time (sec)     :         10.945173
  Inst. Count           :        1009388805.
  V. Inst. Count        :         235339309.
  V. Element Count      :       26880732561.
  FLOP Count            :        7609520886.
  MOPS                  :       2305.727487
  MFLOPS                :        634.446565
  VLEN                  :        114.221176
  V. Op. Ratio (%)      :         97.201028
  Memory Size (MB)      :        624.031250
  MIPS                  :         84.158158
  I-Cache (sec)         :          0.007703
  O-Cache (sec)         :          0.018315
  Bank (sec)            :          0.599880
 
  Start Time (date)  :  2011/10/09 16:19:21
  End   Time (date)  :  2011/10/09 16:20:41
sx6
2011100916:20
out
/gfs/home3/modoper/tempo/global/oens
/gfs/home3/modoper/tempo/global/oens
/gfs/dk22/modoper/tempo/global/oens
/gfs/dk22/modoper/tempo/global/oens/model/datain
/gfs/home3/modoper/tempo/global/oens/run/setdeco04T126L28.sx6
Date: 20111009
Hour: 16:20
2011100912
/gfs/home3/modoper/tempo/global/oens
/gfs/home3/modoper/tempo/global/oens
/gfs/dk22/modoper/tempo/global/oens
/gfs/dk22/modoper/tempo/global/oens/model/datain
run
run
+ echo Decomposition  -x-  RUNNING ...
Decomposition  -x-  RUNNING ...
+ source=/gfs/home3/modoper/tempo/global/oens/decanl/source
+ bin=/gfs/home3/modoper/tempo/global/oens/decanl/bin/T126L28
+ input=/gfs/home3/modoper/tempo/global/oens/decanl/datain
+ out=/gfs/home3/modoper/tempo/global/oens/decanl/output
+ echo run
run
+ [ run = make ]
+ echo run
run
+ [ run = clean ]
+ cd /gfs/home3/modoper/tempo/global/oens/decanl/bin/T126L28
+ ./decanl.T126L28
+ 0< /gfs/home3/modoper/tempo/global/oens/decanl/datain/decanl04.nml 1> /gfs/home3/modoper/tempo/global/oens/decanl/output/decanl.2011100912.16:20.T126L28
 
 
     ******  Program Information  ******
  Real Time (sec)       :          4.228263
  User Time (sec)       :          0.833110
  Sys  Time (sec)       :          0.065087
  Vector Time (sec)     :          0.641012
  Inst. Count           :         173583932.
  V. Inst. Count        :          21078079.
  V. Element Count      :        2292782635.
  FLOP Count            :         590251095.
  MOPS                  :       2935.132132
  MFLOPS                :        708.491028
  VLEN                  :        108.775692
  V. Op. Ratio (%)      :         93.763278
  Memory Size (MB)      :        192.031250
  MIPS                  :        208.356510
  I-Cache (sec)         :          0.001144
  O-Cache (sec)         :          0.027058
  Bank (sec)            :          0.015376
 
  Start Time (date)  :  2011/10/09 16:20:43
  End   Time (date)  :  2011/10/09 16:20:47
+ echo Decomposition  -x-  RUNNING ...
Decomposition  -x-  RUNNING ...
+ source=/gfs/home3/modoper/tempo/global/oens/decanl/source
+ bin=/gfs/home3/modoper/tempo/global/oens/decanl/bin/T126L28
+ input=/gfs/home3/modoper/tempo/global/oens/decanl/datain
+ out=/gfs/home3/modoper/tempo/global/oens/decanl/output
+ echo run
run
+ [ run = make ]
+ echo run
run
+ [ run = clean ]
+ cd /gfs/home3/modoper/tempo/global/oens/decanl/bin/T126L28
+ ./decanl.T126L28
+ 0< /gfs/home3/modoper/tempo/global/oens/decanl/datain/decanl04.nml 1> /gfs/home3/modoper/tempo/global/oens/decanl/output/decanl.2011100912.16:20.T126L28
 
 
     ******  Program Information  ******
  Real Time (sec)       :          3.236306
  User Time (sec)       :          0.831654
  Sys  Time (sec)       :          0.056292
  Vector Time (sec)     :          0.640117
  Inst. Count           :         173583827.
  V. Inst. Count        :          21078079.
  V. Element Count      :        2292782629.
  FLOP Count            :         590251095.
  MOPS                  :       2940.272121
  MFLOPS                :        709.731766
  VLEN                  :        108.775692
  V. Op. Ratio (%)      :         93.763282
  Memory Size (MB)      :        192.031250
  MIPS                  :        208.721267
  I-Cache (sec)         :          0.000979
  O-Cache (sec)         :          0.026686
  Bank (sec)            :          0.015378
 
  Start Time (date)  :  2011/10/09 16:20:47
  End   Time (date)  :  2011/10/09 16:20:50
logout
