stty: : Invalid argument
vt100
resize:  can't open terminal /dev/tty
======================================
Welcome to tupan11: SUPER-UX 14.1 SX-6
Today is Sun Feb 12 04:44:35 GMT 2012
======================================
runperreco1.sx6 126 28 02 2012021200 15 NO 07 
sx6
2012021204:44
out
/gfs/home3/modoper/tempo/global/oens
/gfs/home3/modoper/tempo/global/oens
/gfs/dk22/modoper/tempo/global/oens
/gfs/dk22/modoper/tempo/global/oens/model/datain
/gfs/home3/modoper/tempo/global/oens/run/setperreco.1.02T126L28.sx6
Date: 20120212
Hour: 04:44
2012021200


rm: ERROR: Cannot access templ022012021200: No such file or directory
-rw-r--r--    1 modoper  pnt             200 Feb 12 04:44 /gfs/home3/modoper/tempo/global/oens/eof/datain/templ022012021200
ls: ERROR: Cannot access /gfs/dk22/modoper/tempo/global/oens/recfct/dataout/T126L28/GFCT02R2012021200*.fct*: No such file or directory
sx6
PNT-EN
12021204:44
out
/gfs/home3/modoper/tempo/global/oens
/gfs/home3/modoper/tempo/global/oens
/gfs/dk22/modoper/tempo/global/oens
/gfs/dk22/modoper/tempo/global/oens/model/datain
/gfs/home3/modoper/tempo/global/oens/run/setrecfct.1.FCT02RT126L28.sx6
Date: 20120212
Hour: 04:44
FCT02R
2012021200
2012021203
GFCT02R
GFCT02R
GFCT02R
F.fct
F.fct
R.fct
/gfs/home3/modoper/tempo/global/oens
/gfs/home3/modoper/tempo/global/oens
/gfs/dk22/modoper/tempo/global/oens
/gfs/dk22/modoper/tempo/global/oens/model/datain
run
run
GFCT02R20120212002012021203F.fct.T126L28
/gfs/home3/modoper/tempo/global/oens/recfct/datain/GFCT02R20120212002012021203F.fct.T126L28
+ echo Recomposition  -x-  RUNNING ...
Recomposition  -x-  RUNNING ...
+ source=/gfs/home3/modoper/tempo/global/oens/recfct/source
+ bin=/gfs/home3/modoper/tempo/global/oens/recfct/bin/T126L28
+ input=/gfs/home3/modoper/tempo/global/oens/recfct/datain
+ out=/gfs/home3/modoper/tempo/global/oens/recfct/output
+ echo run
run
+ [ run = make ]
+ echo run
run
+ [ run = clean ]
+ cd /gfs/home3/modoper/tempo/global/oens/recfct/bin/T126L28
+ echo ./recfct.T126L28 < /gfs/home3/modoper/tempo/global/oens/recfct/datain/recfctFCT02R.nml > /gfs/home3/modoper/tempo/global/oens/recfct/output/recfct.out.2012021200.04:44.T126L28
./recfct.T126L28 < /gfs/home3/modoper/tempo/global/oens/recfct/datain/recfctFCT02R.nml > /gfs/home3/modoper/tempo/global/oens/recfct/output/recfct.out.2012021200.04:44.T126L28
+ ./recfct.T126L28
+ 0< /gfs/home3/modoper/tempo/global/oens/recfct/datain/recfctFCT02R.nml 1> /gfs/home3/modoper/tempo/global/oens/recfct/output/recfct.out.2012021200.04:44.T126L28
 
 
     ******  Program Information  ******
  Real Time (sec)       :          5.324588
  User Time (sec)       :          4.207475
  Sys  Time (sec)       :          0.061235
  Vector Time (sec)     :          0.368221
  Inst. Count           :        1596986017.
  V. Inst. Count        :          16052480.
  V. Element Count      :        1289251883.
  FLOP Count            :         534710003.
  MOPS                  :        682.163355
  MFLOPS                :        127.085716
  VLEN                  :         80.314810
  V. Op. Ratio (%)      :         44.918766
  Memory Size (MB)      :        192.031250
  MIPS                  :        379.559220
  I-Cache (sec)         :          0.000841
  O-Cache (sec)         :          0.926667
  Bank (sec)            :          0.001190
 
  Start Time (date)  :  2012/02/12 04:44:38
  End   Time (date)  :  2012/02/12 04:44:44
-rw-r--r--    1 modoper  pnt             400 Feb 12 04:44 /gfs/home3/modoper/tempo/global/oens/eof/datain/templ022012021200
sx6
PNT-EN
12021204:44
out
/gfs/home3/modoper/tempo/global/oens
/gfs/home3/modoper/tempo/global/oens
/gfs/dk22/modoper/tempo/global/oens
/gfs/dk22/modoper/tempo/global/oens/model/datain
/gfs/home3/modoper/tempo/global/oens/run/setrecfct.1.FCT02RT126L28.sx6
Date: 20120212
Hour: 04:44
FCT02R
2012021200
2012021206
GFCT02R
GFCT02R
GFCT02R
F.fct
F.fct
R.fct
/gfs/home3/modoper/tempo/global/oens
/gfs/home3/modoper/tempo/global/oens
/gfs/dk22/modoper/tempo/global/oens
/gfs/dk22/modoper/tempo/global/oens/model/datain
run
run
GFCT02R20120212002012021206F.fct.T126L28
/gfs/home3/modoper/tempo/global/oens/recfct/datain/GFCT02R20120212002012021206F.fct.T126L28
+ echo Recomposition  -x-  RUNNING ...
Recomposition  -x-  RUNNING ...
+ source=/gfs/home3/modoper/tempo/global/oens/recfct/source
+ bin=/gfs/home3/modoper/tempo/global/oens/recfct/bin/T126L28
+ input=/gfs/home3/modoper/tempo/global/oens/recfct/datain
+ out=/gfs/home3/modoper/tempo/global/oens/recfct/output
+ echo run
run
+ [ run = make ]
+ echo run
run
+ [ run = clean ]
+ cd /gfs/home3/modoper/tempo/global/oens/recfct/bin/T126L28
+ echo ./recfct.T126L28 < /gfs/home3/modoper/tempo/global/oens/recfct/datain/recfctFCT02R.nml > /gfs/home3/modoper/tempo/global/oens/recfct/output/recfct.out.2012021200.04:44.T126L28
./recfct.T126L28 < /gfs/home3/modoper/tempo/global/oens/recfct/datain/recfctFCT02R.nml > /gfs/home3/modoper/tempo/global/oens/recfct/output/recfct.out.2012021200.04:44.T126L28
+ ./recfct.T126L28
+ 0< /gfs/home3/modoper/tempo/global/oens/recfct/datain/recfctFCT02R.nml 1> /gfs/home3/modoper/tempo/global/oens/recfct/output/recfct.out.2012021200.04:44.T126L28
 
 
     ******  Program Information  ******
  Real Time (sec)       :          5.597572
  User Time (sec)       :          4.162217
  Sys  Time (sec)       :          0.060181
  Vector Time (sec)     :          0.355947
  Inst. Count           :        1596986017.
  V. Inst. Count        :          16052480.
  V. Element Count      :        1289251883.
  FLOP Count            :         534710003.
  MOPS                  :        689.580933
  MFLOPS                :        128.467597
  VLEN                  :         80.314810
  V. Op. Ratio (%)      :         44.918766
  Memory Size (MB)      :        192.031250
  MIPS                  :        383.686399
  I-Cache (sec)         :          0.000822
  O-Cache (sec)         :          0.893711
  Bank (sec)            :          0.001189
 
  Start Time (date)  :  2012/02/12 04:44:45
  End   Time (date)  :  2012/02/12 04:44:50
-rw-r--r--    1 modoper  pnt             600 Feb 12 04:44 /gfs/home3/modoper/tempo/global/oens/eof/datain/templ022012021200
sx6
PNT-EN
12021204:44
out
/gfs/home3/modoper/tempo/global/oens
/gfs/home3/modoper/tempo/global/oens
/gfs/dk22/modoper/tempo/global/oens
/gfs/dk22/modoper/tempo/global/oens/model/datain
/gfs/home3/modoper/tempo/global/oens/run/setrecfct.1.FCT02RT126L28.sx6
Date: 20120212
Hour: 04:44
FCT02R
2012021200
2012021209
GFCT02R
GFCT02R
GFCT02R
F.fct
F.fct
R.fct
/gfs/home3/modoper/tempo/global/oens
/gfs/home3/modoper/tempo/global/oens
/gfs/dk22/modoper/tempo/global/oens
/gfs/dk22/modoper/tempo/global/oens/model/datain
run
run
GFCT02R20120212002012021209F.fct.T126L28
/gfs/home3/modoper/tempo/global/oens/recfct/datain/GFCT02R20120212002012021209F.fct.T126L28
+ echo Recomposition  -x-  RUNNING ...
Recomposition  -x-  RUNNING ...
+ source=/gfs/home3/modoper/tempo/global/oens/recfct/source
+ bin=/gfs/home3/modoper/tempo/global/oens/recfct/bin/T126L28
+ input=/gfs/home3/modoper/tempo/global/oens/recfct/datain
+ out=/gfs/home3/modoper/tempo/global/oens/recfct/output
+ echo run
run
+ [ run = make ]
+ echo run
run
+ [ run = clean ]
+ cd /gfs/home3/modoper/tempo/global/oens/recfct/bin/T126L28
+ echo ./recfct.T126L28 < /gfs/home3/modoper/tempo/global/oens/recfct/datain/recfctFCT02R.nml > /gfs/home3/modoper/tempo/global/oens/recfct/output/recfct.out.2012021200.04:44.T126L28
./recfct.T126L28 < /gfs/home3/modoper/tempo/global/oens/recfct/datain/recfctFCT02R.nml > /gfs/home3/modoper/tempo/global/oens/recfct/output/recfct.out.2012021200.04:44.T126L28
+ ./recfct.T126L28
+ 0< /gfs/home3/modoper/tempo/global/oens/recfct/datain/recfctFCT02R.nml 1> /gfs/home3/modoper/tempo/global/oens/recfct/output/recfct.out.2012021200.04:44.T126L28
 
 
     ******  Program Information  ******
  Real Time (sec)       :          6.192224
  User Time (sec)       :          4.167914
  Sys  Time (sec)       :          0.204171
  Vector Time (sec)     :          0.354062
  Inst. Count           :        1596986017.
  V. Inst. Count        :          16052480.
  V. Element Count      :        1289251883.
  FLOP Count            :         534710003.
  MOPS                  :        688.638290
  MFLOPS                :        128.291984
  VLEN                  :         80.314810
  V. Op. Ratio (%)      :         44.918766
  Memory Size (MB)      :        192.031250
  MIPS                  :        383.161907
  I-Cache (sec)         :          0.011841
  O-Cache (sec)         :          0.902085
  Bank (sec)            :          0.001194
 
  Start Time (date)  :  2012/02/12 04:44:51
  End   Time (date)  :  2012/02/12 04:44:57
-rw-r--r--    1 modoper  pnt             800 Feb 12 04:44 /gfs/home3/modoper/tempo/global/oens/eof/datain/templ022012021200
sx6
PNT-EN
12021204:44
out
/gfs/home3/modoper/tempo/global/oens
/gfs/home3/modoper/tempo/global/oens
/gfs/dk22/modoper/tempo/global/oens
/gfs/dk22/modoper/tempo/global/oens/model/datain
/gfs/home3/modoper/tempo/global/oens/run/setrecfct.1.FCT02RT126L28.sx6
Date: 20120212
Hour: 04:44
FCT02R
2012021200
2012021212
GFCT02R
GFCT02R
GFCT02R
F.fct
F.fct
R.fct
/gfs/home3/modoper/tempo/global/oens
/gfs/home3/modoper/tempo/global/oens
/gfs/dk22/modoper/tempo/global/oens
/gfs/dk22/modoper/tempo/global/oens/model/datain
run
run
GFCT02R20120212002012021212F.fct.T126L28
/gfs/home3/modoper/tempo/global/oens/recfct/datain/GFCT02R20120212002012021212F.fct.T126L28
+ echo Recomposition  -x-  RUNNING ...
Recomposition  -x-  RUNNING ...
+ source=/gfs/home3/modoper/tempo/global/oens/recfct/source
+ bin=/gfs/home3/modoper/tempo/global/oens/recfct/bin/T126L28
+ input=/gfs/home3/modoper/tempo/global/oens/recfct/datain
+ out=/gfs/home3/modoper/tempo/global/oens/recfct/output
+ echo run
run
+ [ run = make ]
+ echo run
run
+ [ run = clean ]
+ cd /gfs/home3/modoper/tempo/global/oens/recfct/bin/T126L28
+ echo ./recfct.T126L28 < /gfs/home3/modoper/tempo/global/oens/recfct/datain/recfctFCT02R.nml > /gfs/home3/modoper/tempo/global/oens/recfct/output/recfct.out.2012021200.04:44.T126L28
./recfct.T126L28 < /gfs/home3/modoper/tempo/global/oens/recfct/datain/recfctFCT02R.nml > /gfs/home3/modoper/tempo/global/oens/recfct/output/recfct.out.2012021200.04:44.T126L28
+ ./recfct.T126L28
+ 0< /gfs/home3/modoper/tempo/global/oens/recfct/datain/recfctFCT02R.nml 1> /gfs/home3/modoper/tempo/global/oens/recfct/output/recfct.out.2012021200.04:44.T126L28
 
 
     ******  Program Information  ******
  Real Time (sec)       :          5.505520
  User Time (sec)       :          4.153315
  Sys  Time (sec)       :          0.060592
  Vector Time (sec)     :          0.353348
  Inst. Count           :        1596986048.
  V. Inst. Count        :          16052480.
  V. Element Count      :        1289251883.
  FLOP Count            :         534710004.
  MOPS                  :        691.058863
  MFLOPS                :        128.742931
  VLEN                  :         80.314810
  V. Op. Ratio (%)      :         44.918766
  Memory Size (MB)      :        192.031250
  MIPS                  :        384.508730
  I-Cache (sec)         :          0.001017
  O-Cache (sec)         :          0.888046
  Bank (sec)            :          0.001192
 
  Start Time (date)  :  2012/02/12 04:44:58
  End   Time (date)  :  2012/02/12 04:45:04
-rw-r--r--    1 modoper  pnt            1000 Feb 12 04:45 /gfs/home3/modoper/tempo/global/oens/eof/datain/templ022012021200
sx6
PNT-EN
12021204:45
out
/gfs/home3/modoper/tempo/global/oens
/gfs/home3/modoper/tempo/global/oens
/gfs/dk22/modoper/tempo/global/oens
/gfs/dk22/modoper/tempo/global/oens/model/datain
/gfs/home3/modoper/tempo/global/oens/run/setrecfct.1.FCT02RT126L28.sx6
Date: 20120212
Hour: 04:45
FCT02R
2012021200
2012021215
GFCT02R
GFCT02R
GFCT02R
F.fct
F.fct
R.fct
/gfs/home3/modoper/tempo/global/oens
/gfs/home3/modoper/tempo/global/oens
/gfs/dk22/modoper/tempo/global/oens
/gfs/dk22/modoper/tempo/global/oens/model/datain
run
run
GFCT02R20120212002012021215F.fct.T126L28
/gfs/home3/modoper/tempo/global/oens/recfct/datain/GFCT02R20120212002012021215F.fct.T126L28
+ echo Recomposition  -x-  RUNNING ...
Recomposition  -x-  RUNNING ...
+ source=/gfs/home3/modoper/tempo/global/oens/recfct/source
+ bin=/gfs/home3/modoper/tempo/global/oens/recfct/bin/T126L28
+ input=/gfs/home3/modoper/tempo/global/oens/recfct/datain
+ out=/gfs/home3/modoper/tempo/global/oens/recfct/output
+ echo run
run
+ [ run = make ]
+ echo run
run
+ [ run = clean ]
+ cd /gfs/home3/modoper/tempo/global/oens/recfct/bin/T126L28
+ echo ./recfct.T126L28 < /gfs/home3/modoper/tempo/global/oens/recfct/datain/recfctFCT02R.nml > /gfs/home3/modoper/tempo/global/oens/recfct/output/recfct.out.2012021200.04:45.T126L28
./recfct.T126L28 < /gfs/home3/modoper/tempo/global/oens/recfct/datain/recfctFCT02R.nml > /gfs/home3/modoper/tempo/global/oens/recfct/output/recfct.out.2012021200.04:45.T126L28
+ ./recfct.T126L28
+ 0< /gfs/home3/modoper/tempo/global/oens/recfct/datain/recfctFCT02R.nml 1> /gfs/home3/modoper/tempo/global/oens/recfct/output/recfct.out.2012021200.04:45.T126L28
 
 
     ******  Program Information  ******
  Real Time (sec)       :         10.993743
  User Time (sec)       :          4.150016
  Sys  Time (sec)       :          0.072861
  Vector Time (sec)     :          0.349799
  Inst. Count           :        1596986048.
  V. Inst. Count        :          16052480.
  V. Element Count      :        1289251883.
  FLOP Count            :         534710004.
  MOPS                  :        691.608226
  MFLOPS                :        128.845276
  VLEN                  :         80.314810
  V. Op. Ratio (%)      :         44.918766
  Memory Size (MB)      :        192.031250
  MIPS                  :        384.814399
  I-Cache (sec)         :          0.001579
  O-Cache (sec)         :          0.890698
  Bank (sec)            :          0.001191
 
  Start Time (date)  :  2012/02/12 04:45:05
  End   Time (date)  :  2012/02/12 04:45:16
-rw-r--r--    1 modoper  pnt            1200 Feb 12 04:45 /gfs/home3/modoper/tempo/global/oens/eof/datain/templ022012021200
sx6
PNT-EN
12021204:45
out
/gfs/home3/modoper/tempo/global/oens
/gfs/home3/modoper/tempo/global/oens
/gfs/dk22/modoper/tempo/global/oens
/gfs/dk22/modoper/tempo/global/oens/model/datain
/gfs/home3/modoper/tempo/global/oens/run/setrecfct.1.FCT02RT126L28.sx6
Date: 20120212
Hour: 04:45
FCT02R
2012021200
2012021218
GFCT02R
GFCT02R
GFCT02R
F.fct
F.fct
R.fct
/gfs/home3/modoper/tempo/global/oens
/gfs/home3/modoper/tempo/global/oens
/gfs/dk22/modoper/tempo/global/oens
/gfs/dk22/modoper/tempo/global/oens/model/datain
run
run
GFCT02R20120212002012021218F.fct.T126L28
/gfs/home3/modoper/tempo/global/oens/recfct/datain/GFCT02R20120212002012021218F.fct.T126L28
+ echo Recomposition  -x-  RUNNING ...
Recomposition  -x-  RUNNING ...
+ source=/gfs/home3/modoper/tempo/global/oens/recfct/source
+ bin=/gfs/home3/modoper/tempo/global/oens/recfct/bin/T126L28
+ input=/gfs/home3/modoper/tempo/global/oens/recfct/datain
+ out=/gfs/home3/modoper/tempo/global/oens/recfct/output
+ echo run
run
+ [ run = make ]
+ echo run
run
+ [ run = clean ]
+ cd /gfs/home3/modoper/tempo/global/oens/recfct/bin/T126L28
+ echo ./recfct.T126L28 < /gfs/home3/modoper/tempo/global/oens/recfct/datain/recfctFCT02R.nml > /gfs/home3/modoper/tempo/global/oens/recfct/output/recfct.out.2012021200.04:45.T126L28
./recfct.T126L28 < /gfs/home3/modoper/tempo/global/oens/recfct/datain/recfctFCT02R.nml > /gfs/home3/modoper/tempo/global/oens/recfct/output/recfct.out.2012021200.04:45.T126L28
+ ./recfct.T126L28
+ 0< /gfs/home3/modoper/tempo/global/oens/recfct/datain/recfctFCT02R.nml 1> /gfs/home3/modoper/tempo/global/oens/recfct/output/recfct.out.2012021200.04:45.T126L28
 
 
     ******  Program Information  ******
  Real Time (sec)       :          6.031266
  User Time (sec)       :          4.146567
  Sys  Time (sec)       :          0.170742
  Vector Time (sec)     :          0.347147
  Inst. Count           :        1596986048.
  V. Inst. Count        :          16052480.
  V. Element Count      :        1289251883.
  FLOP Count            :         534710004.
  MOPS                  :        692.183471
  MFLOPS                :        128.952443
  VLEN                  :         80.314810
  V. Op. Ratio (%)      :         44.918766
  Memory Size (MB)      :        192.031250
  MIPS                  :        385.134467
  I-Cache (sec)         :          0.009899
  O-Cache (sec)         :          0.887023
  Bank (sec)            :          0.001190
 
  Start Time (date)  :  2012/02/12 04:45:17
  End   Time (date)  :  2012/02/12 04:45:23
-rw-r--r--    1 modoper  pnt            1400 Feb 12 04:45 /gfs/home3/modoper/tempo/global/oens/eof/datain/templ022012021200
sx6
PNT-EN
12021204:45
out
/gfs/home3/modoper/tempo/global/oens
/gfs/home3/modoper/tempo/global/oens
/gfs/dk22/modoper/tempo/global/oens
/gfs/dk22/modoper/tempo/global/oens/model/datain
/gfs/home3/modoper/tempo/global/oens/run/setrecfct.1.FCT02RT126L28.sx6
Date: 20120212
Hour: 04:45
FCT02R
2012021200
2012021221
GFCT02R
GFCT02R
GFCT02R
F.fct
F.fct
R.fct
/gfs/home3/modoper/tempo/global/oens
/gfs/home3/modoper/tempo/global/oens
/gfs/dk22/modoper/tempo/global/oens
/gfs/dk22/modoper/tempo/global/oens/model/datain
run
run
GFCT02R20120212002012021221F.fct.T126L28
/gfs/home3/modoper/tempo/global/oens/recfct/datain/GFCT02R20120212002012021221F.fct.T126L28
+ echo Recomposition  -x-  RUNNING ...
Recomposition  -x-  RUNNING ...
+ source=/gfs/home3/modoper/tempo/global/oens/recfct/source
+ bin=/gfs/home3/modoper/tempo/global/oens/recfct/bin/T126L28
+ input=/gfs/home3/modoper/tempo/global/oens/recfct/datain
+ out=/gfs/home3/modoper/tempo/global/oens/recfct/output
+ echo run
run
+ [ run = make ]
+ echo run
run
+ [ run = clean ]
+ cd /gfs/home3/modoper/tempo/global/oens/recfct/bin/T126L28
+ echo ./recfct.T126L28 < /gfs/home3/modoper/tempo/global/oens/recfct/datain/recfctFCT02R.nml > /gfs/home3/modoper/tempo/global/oens/recfct/output/recfct.out.2012021200.04:45.T126L28
./recfct.T126L28 < /gfs/home3/modoper/tempo/global/oens/recfct/datain/recfctFCT02R.nml > /gfs/home3/modoper/tempo/global/oens/recfct/output/recfct.out.2012021200.04:45.T126L28
+ ./recfct.T126L28
+ 0< /gfs/home3/modoper/tempo/global/oens/recfct/datain/recfctFCT02R.nml 1> /gfs/home3/modoper/tempo/global/oens/recfct/output/recfct.out.2012021200.04:45.T126L28
 
 
     ******  Program Information  ******
  Real Time (sec)       :          5.620606
  User Time (sec)       :          4.161732
  Sys  Time (sec)       :          0.059164
  Vector Time (sec)     :          0.358525
  Inst. Count           :        1596986048.
  V. Inst. Count        :          16052480.
  V. Element Count      :        1289251883.
  FLOP Count            :         534710004.
  MOPS                  :        689.661209
  MFLOPS                :        128.482551
  VLEN                  :         80.314810
  V. Op. Ratio (%)      :         44.918766
  Memory Size (MB)      :        192.031250
  MIPS                  :        383.731068
  I-Cache (sec)         :          0.000811
  O-Cache (sec)         :          0.891892
  Bank (sec)            :          0.001190
 
  Start Time (date)  :  2012/02/12 04:45:24
  End   Time (date)  :  2012/02/12 04:45:30
-rw-r--r--    1 modoper  pnt            1600 Feb 12 04:45 /gfs/home3/modoper/tempo/global/oens/eof/datain/templ022012021200
sx6
PNT-EN
12021204:45
out
/gfs/home3/modoper/tempo/global/oens
/gfs/home3/modoper/tempo/global/oens
/gfs/dk22/modoper/tempo/global/oens
/gfs/dk22/modoper/tempo/global/oens/model/datain
/gfs/home3/modoper/tempo/global/oens/run/setrecfct.1.FCT02RT126L28.sx6
Date: 20120212
Hour: 04:45
FCT02R
2012021200
2012021300
GFCT02R
GFCT02R
GFCT02R
F.fct
F.fct
R.fct
/gfs/home3/modoper/tempo/global/oens
/gfs/home3/modoper/tempo/global/oens
/gfs/dk22/modoper/tempo/global/oens
/gfs/dk22/modoper/tempo/global/oens/model/datain
run
run
GFCT02R20120212002012021300F.fct.T126L28
/gfs/home3/modoper/tempo/global/oens/recfct/datain/GFCT02R20120212002012021300F.fct.T126L28
+ echo Recomposition  -x-  RUNNING ...
Recomposition  -x-  RUNNING ...
+ source=/gfs/home3/modoper/tempo/global/oens/recfct/source
+ bin=/gfs/home3/modoper/tempo/global/oens/recfct/bin/T126L28
+ input=/gfs/home3/modoper/tempo/global/oens/recfct/datain
+ out=/gfs/home3/modoper/tempo/global/oens/recfct/output
+ echo run
run
+ [ run = make ]
+ echo run
run
+ [ run = clean ]
+ cd /gfs/home3/modoper/tempo/global/oens/recfct/bin/T126L28
+ echo ./recfct.T126L28 < /gfs/home3/modoper/tempo/global/oens/recfct/datain/recfctFCT02R.nml > /gfs/home3/modoper/tempo/global/oens/recfct/output/recfct.out.2012021200.04:45.T126L28
./recfct.T126L28 < /gfs/home3/modoper/tempo/global/oens/recfct/datain/recfctFCT02R.nml > /gfs/home3/modoper/tempo/global/oens/recfct/output/recfct.out.2012021200.04:45.T126L28
+ ./recfct.T126L28
+ 0< /gfs/home3/modoper/tempo/global/oens/recfct/datain/recfctFCT02R.nml 1> /gfs/home3/modoper/tempo/global/oens/recfct/output/recfct.out.2012021200.04:45.T126L28
 
 
     ******  Program Information  ******
  Real Time (sec)       :          5.400952
  User Time (sec)       :          4.133572
  Sys  Time (sec)       :          0.058545
  Vector Time (sec)     :          0.346803
  Inst. Count           :        1596986017.
  V. Inst. Count        :          16052480.
  V. Element Count      :        1289251883.
  FLOP Count            :         534710003.
  MOPS                  :        694.359682
  MFLOPS                :        129.357868
  VLEN                  :         80.314810
  V. Op. Ratio (%)      :         44.918766
  Memory Size (MB)      :        192.031250
  MIPS                  :        386.345319
  I-Cache (sec)         :          0.000802
  O-Cache (sec)         :          0.874995
  Bank (sec)            :          0.001190
 
  Start Time (date)  :  2012/02/12 04:45:31
  End   Time (date)  :  2012/02/12 04:45:37
-rw-r--r--    1 modoper  pnt            1800 Feb 12 04:45 /gfs/home3/modoper/tempo/global/oens/eof/datain/templ022012021200
sx6
PNT-EN
12021204:45
out
/gfs/home3/modoper/tempo/global/oens
/gfs/home3/modoper/tempo/global/oens
/gfs/dk22/modoper/tempo/global/oens
/gfs/dk22/modoper/tempo/global/oens/model/datain
/gfs/home3/modoper/tempo/global/oens/run/setrecfct.1.FCT02RT126L28.sx6
Date: 20120212
Hour: 04:45
FCT02R
2012021200
2012021303
GFCT02R
GFCT02R
GFCT02R
F.fct
F.fct
R.fct
/gfs/home3/modoper/tempo/global/oens
/gfs/home3/modoper/tempo/global/oens
/gfs/dk22/modoper/tempo/global/oens
/gfs/dk22/modoper/tempo/global/oens/model/datain
run
run
GFCT02R20120212002012021303F.fct.T126L28
/gfs/home3/modoper/tempo/global/oens/recfct/datain/GFCT02R20120212002012021303F.fct.T126L28
+ echo Recomposition  -x-  RUNNING ...
Recomposition  -x-  RUNNING ...
+ source=/gfs/home3/modoper/tempo/global/oens/recfct/source
+ bin=/gfs/home3/modoper/tempo/global/oens/recfct/bin/T126L28
+ input=/gfs/home3/modoper/tempo/global/oens/recfct/datain
+ out=/gfs/home3/modoper/tempo/global/oens/recfct/output
+ echo run
run
+ [ run = make ]
+ echo run
run
+ [ run = clean ]
+ cd /gfs/home3/modoper/tempo/global/oens/recfct/bin/T126L28
+ echo ./recfct.T126L28 < /gfs/home3/modoper/tempo/global/oens/recfct/datain/recfctFCT02R.nml > /gfs/home3/modoper/tempo/global/oens/recfct/output/recfct.out.2012021200.04:45.T126L28
./recfct.T126L28 < /gfs/home3/modoper/tempo/global/oens/recfct/datain/recfctFCT02R.nml > /gfs/home3/modoper/tempo/global/oens/recfct/output/recfct.out.2012021200.04:45.T126L28
+ ./recfct.T126L28
+ 0< /gfs/home3/modoper/tempo/global/oens/recfct/datain/recfctFCT02R.nml 1> /gfs/home3/modoper/tempo/global/oens/recfct/output/recfct.out.2012021200.04:45.T126L28
 
 
     ******  Program Information  ******
  Real Time (sec)       :          5.490597
  User Time (sec)       :          4.132185
  Sys  Time (sec)       :          0.059065
  Vector Time (sec)     :          0.346342
  Inst. Count           :        1596986017.
  V. Inst. Count        :          16052480.
  V. Element Count      :        1289251883.
  FLOP Count            :         534710003.
  MOPS                  :        694.592707
  MFLOPS                :        129.401280
  VLEN                  :         80.314810
  V. Op. Ratio (%)      :         44.918766
  Memory Size (MB)      :        192.031250
  MIPS                  :        386.474975
  I-Cache (sec)         :          0.000827
  O-Cache (sec)         :          0.874255
  Bank (sec)            :          0.001190
 
  Start Time (date)  :  2012/02/12 04:45:38
  End   Time (date)  :  2012/02/12 04:45:43
-rw-r--r--    1 modoper  pnt            2000 Feb 12 04:45 /gfs/home3/modoper/tempo/global/oens/eof/datain/templ022012021200
sx6
PNT-EN
12021204:45
out
/gfs/home3/modoper/tempo/global/oens
/gfs/home3/modoper/tempo/global/oens
/gfs/dk22/modoper/tempo/global/oens
/gfs/dk22/modoper/tempo/global/oens/model/datain
/gfs/home3/modoper/tempo/global/oens/run/setrecfct.1.FCT02RT126L28.sx6
Date: 20120212
Hour: 04:45
FCT02R
2012021200
2012021306
GFCT02R
GFCT02R
GFCT02R
F.fct
F.fct
R.fct
/gfs/home3/modoper/tempo/global/oens
/gfs/home3/modoper/tempo/global/oens
/gfs/dk22/modoper/tempo/global/oens
/gfs/dk22/modoper/tempo/global/oens/model/datain
run
run
GFCT02R20120212002012021306F.fct.T126L28
/gfs/home3/modoper/tempo/global/oens/recfct/datain/GFCT02R20120212002012021306F.fct.T126L28
+ echo Recomposition  -x-  RUNNING ...
Recomposition  -x-  RUNNING ...
+ source=/gfs/home3/modoper/tempo/global/oens/recfct/source
+ bin=/gfs/home3/modoper/tempo/global/oens/recfct/bin/T126L28
+ input=/gfs/home3/modoper/tempo/global/oens/recfct/datain
+ out=/gfs/home3/modoper/tempo/global/oens/recfct/output
+ echo run
run
+ [ run = make ]
+ echo run
run
+ [ run = clean ]
+ cd /gfs/home3/modoper/tempo/global/oens/recfct/bin/T126L28
+ echo ./recfct.T126L28 < /gfs/home3/modoper/tempo/global/oens/recfct/datain/recfctFCT02R.nml > /gfs/home3/modoper/tempo/global/oens/recfct/output/recfct.out.2012021200.04:45.T126L28
./recfct.T126L28 < /gfs/home3/modoper/tempo/global/oens/recfct/datain/recfctFCT02R.nml > /gfs/home3/modoper/tempo/global/oens/recfct/output/recfct.out.2012021200.04:45.T126L28
+ ./recfct.T126L28
+ 0< /gfs/home3/modoper/tempo/global/oens/recfct/datain/recfctFCT02R.nml 1> /gfs/home3/modoper/tempo/global/oens/recfct/output/recfct.out.2012021200.04:45.T126L28
 
 
     ******  Program Information  ******
  Real Time (sec)       :          5.748033
  User Time (sec)       :          4.132046
  Sys  Time (sec)       :          0.059144
  Vector Time (sec)     :          0.346281
  Inst. Count           :        1596986017.
  V. Inst. Count        :          16052480.
  V. Element Count      :        1289251883.
  FLOP Count            :         534710003.
  MOPS                  :        694.616002
  MFLOPS                :        129.405620
  VLEN                  :         80.314810
  V. Op. Ratio (%)      :         44.918766
  Memory Size (MB)      :        192.031250
  MIPS                  :        386.487937
  I-Cache (sec)         :          0.000834
  O-Cache (sec)         :          0.874064
  Bank (sec)            :          0.001190
 
  Start Time (date)  :  2012/02/12 04:45:44
  End   Time (date)  :  2012/02/12 04:45:50
-rw-r--r--    1 modoper  pnt            2200 Feb 12 04:45 /gfs/home3/modoper/tempo/global/oens/eof/datain/templ022012021200
sx6
PNT-EN
12021204:45
out
/gfs/home3/modoper/tempo/global/oens
/gfs/home3/modoper/tempo/global/oens
/gfs/dk22/modoper/tempo/global/oens
/gfs/dk22/modoper/tempo/global/oens/model/datain
/gfs/home3/modoper/tempo/global/oens/run/setrecfct.1.FCT02RT126L28.sx6
Date: 20120212
Hour: 04:45
FCT02R
2012021200
2012021309
GFCT02R
GFCT02R
GFCT02R
F.fct
F.fct
R.fct
/gfs/home3/modoper/tempo/global/oens
/gfs/home3/modoper/tempo/global/oens
/gfs/dk22/modoper/tempo/global/oens
/gfs/dk22/modoper/tempo/global/oens/model/datain
run
run
GFCT02R20120212002012021309F.fct.T126L28
/gfs/home3/modoper/tempo/global/oens/recfct/datain/GFCT02R20120212002012021309F.fct.T126L28
+ echo Recomposition  -x-  RUNNING ...
Recomposition  -x-  RUNNING ...
+ source=/gfs/home3/modoper/tempo/global/oens/recfct/source
+ bin=/gfs/home3/modoper/tempo/global/oens/recfct/bin/T126L28
+ input=/gfs/home3/modoper/tempo/global/oens/recfct/datain
+ out=/gfs/home3/modoper/tempo/global/oens/recfct/output
+ echo run
run
+ [ run = make ]
+ echo run
run
+ [ run = clean ]
+ cd /gfs/home3/modoper/tempo/global/oens/recfct/bin/T126L28
+ echo ./recfct.T126L28 < /gfs/home3/modoper/tempo/global/oens/recfct/datain/recfctFCT02R.nml > /gfs/home3/modoper/tempo/global/oens/recfct/output/recfct.out.2012021200.04:45.T126L28
./recfct.T126L28 < /gfs/home3/modoper/tempo/global/oens/recfct/datain/recfctFCT02R.nml > /gfs/home3/modoper/tempo/global/oens/recfct/output/recfct.out.2012021200.04:45.T126L28
+ ./recfct.T126L28
+ 0< /gfs/home3/modoper/tempo/global/oens/recfct/datain/recfctFCT02R.nml 1> /gfs/home3/modoper/tempo/global/oens/recfct/output/recfct.out.2012021200.04:45.T126L28
 
 
     ******  Program Information  ******
  Real Time (sec)       :          5.618373
  User Time (sec)       :          4.132036
  Sys  Time (sec)       :          0.058712
  Vector Time (sec)     :          0.346299
  Inst. Count           :        1596986017.
  V. Inst. Count        :          16052480.
  V. Element Count      :        1289251883.
  FLOP Count            :         534710003.
  MOPS                  :        694.617755
  MFLOPS                :        129.405947
  VLEN                  :         80.314810
  V. Op. Ratio (%)      :         44.918766
  Memory Size (MB)      :        192.031250
  MIPS                  :        386.488912
  I-Cache (sec)         :          0.000831
  O-Cache (sec)         :          0.874093
  Bank (sec)            :          0.001190
 
  Start Time (date)  :  2012/02/12 04:45:51
  End   Time (date)  :  2012/02/12 04:45:57
-rw-r--r--    1 modoper  pnt            2400 Feb 12 04:45 /gfs/home3/modoper/tempo/global/oens/eof/datain/templ022012021200
sx6
PNT-EN
12021204:45
out
/gfs/home3/modoper/tempo/global/oens
/gfs/home3/modoper/tempo/global/oens
/gfs/dk22/modoper/tempo/global/oens
/gfs/dk22/modoper/tempo/global/oens/model/datain
/gfs/home3/modoper/tempo/global/oens/run/setrecfct.1.FCT02RT126L28.sx6
Date: 20120212
Hour: 04:45
FCT02R
2012021200
2012021312
GFCT02R
GFCT02R
GFCT02R
F.fct
F.fct
R.fct
/gfs/home3/modoper/tempo/global/oens
/gfs/home3/modoper/tempo/global/oens
/gfs/dk22/modoper/tempo/global/oens
/gfs/dk22/modoper/tempo/global/oens/model/datain
run
run
GFCT02R20120212002012021312F.fct.T126L28
/gfs/home3/modoper/tempo/global/oens/recfct/datain/GFCT02R20120212002012021312F.fct.T126L28
+ echo Recomposition  -x-  RUNNING ...
Recomposition  -x-  RUNNING ...
+ source=/gfs/home3/modoper/tempo/global/oens/recfct/source
+ bin=/gfs/home3/modoper/tempo/global/oens/recfct/bin/T126L28
+ input=/gfs/home3/modoper/tempo/global/oens/recfct/datain
+ out=/gfs/home3/modoper/tempo/global/oens/recfct/output
+ echo run
run
+ [ run = make ]
+ echo run
run
+ [ run = clean ]
+ cd /gfs/home3/modoper/tempo/global/oens/recfct/bin/T126L28
+ echo ./recfct.T126L28 < /gfs/home3/modoper/tempo/global/oens/recfct/datain/recfctFCT02R.nml > /gfs/home3/modoper/tempo/global/oens/recfct/output/recfct.out.2012021200.04:45.T126L28
./recfct.T126L28 < /gfs/home3/modoper/tempo/global/oens/recfct/datain/recfctFCT02R.nml > /gfs/home3/modoper/tempo/global/oens/recfct/output/recfct.out.2012021200.04:45.T126L28
+ ./recfct.T126L28
+ 0< /gfs/home3/modoper/tempo/global/oens/recfct/datain/recfctFCT02R.nml 1> /gfs/home3/modoper/tempo/global/oens/recfct/output/recfct.out.2012021200.04:45.T126L28
 
 
     ******  Program Information  ******
  Real Time (sec)       :          6.350169
  User Time (sec)       :          4.130715
  Sys  Time (sec)       :          0.060879
  Vector Time (sec)     :          0.345937
  Inst. Count           :        1596986048.
  V. Inst. Count        :          16052480.
  V. Element Count      :        1289251883.
  FLOP Count            :         534710004.
  MOPS                  :        694.839814
  MFLOPS                :        129.447315
  VLEN                  :         80.314810
  V. Op. Ratio (%)      :         44.918766
  Memory Size (MB)      :        192.031250
  MIPS                  :        386.612471
  I-Cache (sec)         :          0.000831
  O-Cache (sec)         :          0.873289
  Bank (sec)            :          0.001190
 
  Start Time (date)  :  2012/02/12 04:45:58
  End   Time (date)  :  2012/02/12 04:46:05
-rw-r--r--    1 modoper  pnt            2600 Feb 12 04:46 /gfs/home3/modoper/tempo/global/oens/eof/datain/templ022012021200
sx6
PNT-EN
12021204:46
out
/gfs/home3/modoper/tempo/global/oens
/gfs/home3/modoper/tempo/global/oens
/gfs/dk22/modoper/tempo/global/oens
/gfs/dk22/modoper/tempo/global/oens/model/datain
/gfs/home3/modoper/tempo/global/oens/run/setrecfct.1.FCT02RT126L28.sx6
Date: 20120212
Hour: 04:46
FCT02R
2012021200
2012021315
GFCT02R
GFCT02R
GFCT02R
F.fct
F.fct
R.fct
/gfs/home3/modoper/tempo/global/oens
/gfs/home3/modoper/tempo/global/oens
/gfs/dk22/modoper/tempo/global/oens
/gfs/dk22/modoper/tempo/global/oens/model/datain
run
run
GFCT02R20120212002012021315F.fct.T126L28
/gfs/home3/modoper/tempo/global/oens/recfct/datain/GFCT02R20120212002012021315F.fct.T126L28
+ echo Recomposition  -x-  RUNNING ...
Recomposition  -x-  RUNNING ...
+ source=/gfs/home3/modoper/tempo/global/oens/recfct/source
+ bin=/gfs/home3/modoper/tempo/global/oens/recfct/bin/T126L28
+ input=/gfs/home3/modoper/tempo/global/oens/recfct/datain
+ out=/gfs/home3/modoper/tempo/global/oens/recfct/output
+ echo run
run
+ [ run = make ]
+ echo run
run
+ [ run = clean ]
+ cd /gfs/home3/modoper/tempo/global/oens/recfct/bin/T126L28
+ echo ./recfct.T126L28 < /gfs/home3/modoper/tempo/global/oens/recfct/datain/recfctFCT02R.nml > /gfs/home3/modoper/tempo/global/oens/recfct/output/recfct.out.2012021200.04:46.T126L28
./recfct.T126L28 < /gfs/home3/modoper/tempo/global/oens/recfct/datain/recfctFCT02R.nml > /gfs/home3/modoper/tempo/global/oens/recfct/output/recfct.out.2012021200.04:46.T126L28
+ ./recfct.T126L28
+ 0< /gfs/home3/modoper/tempo/global/oens/recfct/datain/recfctFCT02R.nml 1> /gfs/home3/modoper/tempo/global/oens/recfct/output/recfct.out.2012021200.04:46.T126L28
 
 
     ******  Program Information  ******
  Real Time (sec)       :          5.470627
  User Time (sec)       :          4.132160
  Sys  Time (sec)       :          0.058951
  Vector Time (sec)     :          0.346353
  Inst. Count           :        1596986048.
  V. Inst. Count        :          16052480.
  V. Element Count      :        1289251883.
  FLOP Count            :         534710004.
  MOPS                  :        694.596944
  MFLOPS                :        129.402069
  VLEN                  :         80.314810
  V. Op. Ratio (%)      :         44.918766
  Memory Size (MB)      :        192.031250
  MIPS                  :        386.477337
  I-Cache (sec)         :          0.000805
  O-Cache (sec)         :          0.874164
  Bank (sec)            :          0.001190
 
  Start Time (date)  :  2012/02/12 04:46:06
  End   Time (date)  :  2012/02/12 04:46:11
-rw-r--r--    1 modoper  pnt            2800 Feb 12 04:46 /gfs/home3/modoper/tempo/global/oens/eof/datain/templ022012021200
sx6
PNT-EN
12021204:46
out
/gfs/home3/modoper/tempo/global/oens
/gfs/home3/modoper/tempo/global/oens
/gfs/dk22/modoper/tempo/global/oens
/gfs/dk22/modoper/tempo/global/oens/model/datain
/gfs/home3/modoper/tempo/global/oens/run/setrecfct.1.FCT02RT126L28.sx6
Date: 20120212
Hour: 04:46
FCT02R
2012021200
2012021318
GFCT02R
GFCT02R
GFCT02R
F.fct
F.fct
R.fct
/gfs/home3/modoper/tempo/global/oens
/gfs/home3/modoper/tempo/global/oens
/gfs/dk22/modoper/tempo/global/oens
/gfs/dk22/modoper/tempo/global/oens/model/datain
run
run
GFCT02R20120212002012021318F.fct.T126L28
/gfs/home3/modoper/tempo/global/oens/recfct/datain/GFCT02R20120212002012021318F.fct.T126L28
+ echo Recomposition  -x-  RUNNING ...
Recomposition  -x-  RUNNING ...
+ source=/gfs/home3/modoper/tempo/global/oens/recfct/source
+ bin=/gfs/home3/modoper/tempo/global/oens/recfct/bin/T126L28
+ input=/gfs/home3/modoper/tempo/global/oens/recfct/datain
+ out=/gfs/home3/modoper/tempo/global/oens/recfct/output
+ echo run
run
+ [ run = make ]
+ echo run
run
+ [ run = clean ]
+ cd /gfs/home3/modoper/tempo/global/oens/recfct/bin/T126L28
+ echo ./recfct.T126L28 < /gfs/home3/modoper/tempo/global/oens/recfct/datain/recfctFCT02R.nml > /gfs/home3/modoper/tempo/global/oens/recfct/output/recfct.out.2012021200.04:46.T126L28
./recfct.T126L28 < /gfs/home3/modoper/tempo/global/oens/recfct/datain/recfctFCT02R.nml > /gfs/home3/modoper/tempo/global/oens/recfct/output/recfct.out.2012021200.04:46.T126L28
+ ./recfct.T126L28
+ 0< /gfs/home3/modoper/tempo/global/oens/recfct/datain/recfctFCT02R.nml 1> /gfs/home3/modoper/tempo/global/oens/recfct/output/recfct.out.2012021200.04:46.T126L28
 
 
     ******  Program Information  ******
  Real Time (sec)       :          8.896354
  User Time (sec)       :          4.129948
  Sys  Time (sec)       :          0.066067
  Vector Time (sec)     :          0.345643
  Inst. Count           :        1596986048.
  V. Inst. Count        :          16052480.
  V. Element Count      :        1289251883.
  FLOP Count            :         534710004.
  MOPS                  :        694.968929
  MFLOPS                :        129.471369
  VLEN                  :         80.314810
  V. Op. Ratio (%)      :         44.918766
  Memory Size (MB)      :        192.031250
  MIPS                  :        386.684311
  I-Cache (sec)         :          0.000968
  O-Cache (sec)         :          0.872409
  Bank (sec)            :          0.001190
 
  Start Time (date)  :  2012/02/12 04:46:13
  End   Time (date)  :  2012/02/12 04:46:22
-rw-r--r--    1 modoper  pnt            3000 Feb 12 04:46 /gfs/home3/modoper/tempo/global/oens/eof/datain/templ022012021200
sx6
PNT-EN
12021204:46
out
/gfs/home3/modoper/tempo/global/oens
/gfs/home3/modoper/tempo/global/oens
/gfs/dk22/modoper/tempo/global/oens
/gfs/dk22/modoper/tempo/global/oens/model/datain
/gfs/home3/modoper/tempo/global/oens/run/setrecfct.1.FCT02RT126L28.sx6
Date: 20120212
Hour: 04:46
FCT02R
2012021200
2012021321
GFCT02R
GFCT02R
GFCT02R
F.fct
F.fct
R.fct
/gfs/home3/modoper/tempo/global/oens
/gfs/home3/modoper/tempo/global/oens
/gfs/dk22/modoper/tempo/global/oens
/gfs/dk22/modoper/tempo/global/oens/model/datain
run
run
GFCT02R20120212002012021321F.fct.T126L28
/gfs/home3/modoper/tempo/global/oens/recfct/datain/GFCT02R20120212002012021321F.fct.T126L28
+ echo Recomposition  -x-  RUNNING ...
Recomposition  -x-  RUNNING ...
+ source=/gfs/home3/modoper/tempo/global/oens/recfct/source
+ bin=/gfs/home3/modoper/tempo/global/oens/recfct/bin/T126L28
+ input=/gfs/home3/modoper/tempo/global/oens/recfct/datain
+ out=/gfs/home3/modoper/tempo/global/oens/recfct/output
+ echo run
run
+ [ run = make ]
+ echo run
run
+ [ run = clean ]
+ cd /gfs/home3/modoper/tempo/global/oens/recfct/bin/T126L28
+ echo ./recfct.T126L28 < /gfs/home3/modoper/tempo/global/oens/recfct/datain/recfctFCT02R.nml > /gfs/home3/modoper/tempo/global/oens/recfct/output/recfct.out.2012021200.04:46.T126L28
./recfct.T126L28 < /gfs/home3/modoper/tempo/global/oens/recfct/datain/recfctFCT02R.nml > /gfs/home3/modoper/tempo/global/oens/recfct/output/recfct.out.2012021200.04:46.T126L28
+ ./recfct.T126L28
+ 0< /gfs/home3/modoper/tempo/global/oens/recfct/datain/recfctFCT02R.nml 1> /gfs/home3/modoper/tempo/global/oens/recfct/output/recfct.out.2012021200.04:46.T126L28
 
 
     ******  Program Information  ******
  Real Time (sec)       :          5.997594
  User Time (sec)       :          4.134272
  Sys  Time (sec)       :          0.058465
  Vector Time (sec)     :          0.346946
  Inst. Count           :        1596986048.
  V. Inst. Count        :          16052480.
  V. Element Count      :        1289251883.
  FLOP Count            :         534710004.
  MOPS                  :        694.242046
  MFLOPS                :        129.335952
  VLEN                  :         80.314810
  V. Op. Ratio (%)      :         44.918766
  Memory Size (MB)      :        192.031250
  MIPS                  :        386.279869
  I-Cache (sec)         :          0.000823
  O-Cache (sec)         :          0.877985
  Bank (sec)            :          0.001190
 
  Start Time (date)  :  2012/02/12 04:46:23
  End   Time (date)  :  2012/02/12 04:46:29
-rw-r--r--    1 modoper  pnt            3200 Feb 12 04:46 /gfs/home3/modoper/tempo/global/oens/eof/datain/templ022012021200
sx6
PNT-EN
12021204:46
out
/gfs/home3/modoper/tempo/global/oens
/gfs/home3/modoper/tempo/global/oens
/gfs/dk22/modoper/tempo/global/oens
/gfs/dk22/modoper/tempo/global/oens/model/datain
/gfs/home3/modoper/tempo/global/oens/run/setrecfct.1.FCT02RT126L28.sx6
Date: 20120212
Hour: 04:46
FCT02R
2012021200
2012021400
GFCT02R
GFCT02R
GFCT02R
F.fct
F.fct
R.fct
/gfs/home3/modoper/tempo/global/oens
/gfs/home3/modoper/tempo/global/oens
/gfs/dk22/modoper/tempo/global/oens
/gfs/dk22/modoper/tempo/global/oens/model/datain
run
run
GFCT02R20120212002012021400F.fct.T126L28
/gfs/home3/modoper/tempo/global/oens/recfct/datain/GFCT02R20120212002012021400F.fct.T126L28
+ echo Recomposition  -x-  RUNNING ...
Recomposition  -x-  RUNNING ...
+ source=/gfs/home3/modoper/tempo/global/oens/recfct/source
+ bin=/gfs/home3/modoper/tempo/global/oens/recfct/bin/T126L28
+ input=/gfs/home3/modoper/tempo/global/oens/recfct/datain
+ out=/gfs/home3/modoper/tempo/global/oens/recfct/output
+ echo run
run
+ [ run = make ]
+ echo run
run
+ [ run = clean ]
+ cd /gfs/home3/modoper/tempo/global/oens/recfct/bin/T126L28
+ echo ./recfct.T126L28 < /gfs/home3/modoper/tempo/global/oens/recfct/datain/recfctFCT02R.nml > /gfs/home3/modoper/tempo/global/oens/recfct/output/recfct.out.2012021200.04:46.T126L28
./recfct.T126L28 < /gfs/home3/modoper/tempo/global/oens/recfct/datain/recfctFCT02R.nml > /gfs/home3/modoper/tempo/global/oens/recfct/output/recfct.out.2012021200.04:46.T126L28
+ ./recfct.T126L28
+ 0< /gfs/home3/modoper/tempo/global/oens/recfct/datain/recfctFCT02R.nml 1> /gfs/home3/modoper/tempo/global/oens/recfct/output/recfct.out.2012021200.04:46.T126L28
 
 
     ******  Program Information  ******
  Real Time (sec)       :          6.700390
  User Time (sec)       :          4.135668
  Sys  Time (sec)       :          0.060976
  Vector Time (sec)     :          0.347349
  Inst. Count           :        1596986017.
  V. Inst. Count        :          16052480.
  V. Element Count      :        1289251883.
  FLOP Count            :         534710003.
  MOPS                  :        694.007678
  MFLOPS                :        129.292291
  VLEN                  :         80.314810
  V. Op. Ratio (%)      :         44.918766
  Memory Size (MB)      :        192.031250
  MIPS                  :        386.149463
  I-Cache (sec)         :          0.000832
  O-Cache (sec)         :          0.876716
  Bank (sec)            :          0.001190
 
  Start Time (date)  :  2012/02/12 04:46:31
  End   Time (date)  :  2012/02/12 04:46:37
-rw-r--r--    1 modoper  pnt            3400 Feb 12 04:46 /gfs/home3/modoper/tempo/global/oens/eof/datain/templ022012021200
sx6
PNT-EN
12021204:46
out
/gfs/home3/modoper/tempo/global/oens
/gfs/home3/modoper/tempo/global/oens
/gfs/dk22/modoper/tempo/global/oens
/gfs/dk22/modoper/tempo/global/oens/model/datain
/gfs/home3/modoper/tempo/global/oens/run/setrecfct.1.FCT02RT126L28.sx6
Date: 20120212
Hour: 04:46
FCT02R
2012021200
2012021403
GFCT02R
GFCT02R
GFCT02R
F.fct
F.fct
R.fct
/gfs/home3/modoper/tempo/global/oens
/gfs/home3/modoper/tempo/global/oens
/gfs/dk22/modoper/tempo/global/oens
/gfs/dk22/modoper/tempo/global/oens/model/datain
run
run
GFCT02R20120212002012021403F.fct.T126L28
/gfs/home3/modoper/tempo/global/oens/recfct/datain/GFCT02R20120212002012021403F.fct.T126L28
+ echo Recomposition  -x-  RUNNING ...
Recomposition  -x-  RUNNING ...
+ source=/gfs/home3/modoper/tempo/global/oens/recfct/source
+ bin=/gfs/home3/modoper/tempo/global/oens/recfct/bin/T126L28
+ input=/gfs/home3/modoper/tempo/global/oens/recfct/datain
+ out=/gfs/home3/modoper/tempo/global/oens/recfct/output
+ echo run
run
+ [ run = make ]
+ echo run
run
+ [ run = clean ]
+ cd /gfs/home3/modoper/tempo/global/oens/recfct/bin/T126L28
+ echo ./recfct.T126L28 < /gfs/home3/modoper/tempo/global/oens/recfct/datain/recfctFCT02R.nml > /gfs/home3/modoper/tempo/global/oens/recfct/output/recfct.out.2012021200.04:46.T126L28
./recfct.T126L28 < /gfs/home3/modoper/tempo/global/oens/recfct/datain/recfctFCT02R.nml > /gfs/home3/modoper/tempo/global/oens/recfct/output/recfct.out.2012021200.04:46.T126L28
+ ./recfct.T126L28
+ 0< /gfs/home3/modoper/tempo/global/oens/recfct/datain/recfctFCT02R.nml 1> /gfs/home3/modoper/tempo/global/oens/recfct/output/recfct.out.2012021200.04:46.T126L28
 
 
     ******  Program Information  ******
  Real Time (sec)       :         15.663938
  User Time (sec)       :          4.138448
  Sys  Time (sec)       :          0.069080
  Vector Time (sec)     :          0.348168
  Inst. Count           :        1596986017.
  V. Inst. Count        :          16052480.
  V. Element Count      :        1289251883.
  FLOP Count            :         534710003.
  MOPS                  :        693.541455
  MFLOPS                :        129.205434
  VLEN                  :         80.314810
  V. Op. Ratio (%)      :         44.918766
  Memory Size (MB)      :        192.031250
  MIPS                  :        385.890054
  I-Cache (sec)         :          0.000997
  O-Cache (sec)         :          0.878594
  Bank (sec)            :          0.001190
 
  Start Time (date)  :  2012/02/12 04:46:39
  End   Time (date)  :  2012/02/12 04:46:55
-rw-r--r--    1 modoper  pnt            3600 Feb 12 04:46 /gfs/home3/modoper/tempo/global/oens/eof/datain/templ022012021200
sx6
PNT-EN
12021204:46
out
/gfs/home3/modoper/tempo/global/oens
/gfs/home3/modoper/tempo/global/oens
/gfs/dk22/modoper/tempo/global/oens
/gfs/dk22/modoper/tempo/global/oens/model/datain
/gfs/home3/modoper/tempo/global/oens/run/setrecfct.1.FCT02RT126L28.sx6
Date: 20120212
Hour: 04:46
FCT02R
2012021200
2012021406
GFCT02R
GFCT02R
GFCT02R
F.fct
F.fct
R.fct
/gfs/home3/modoper/tempo/global/oens
/gfs/home3/modoper/tempo/global/oens
/gfs/dk22/modoper/tempo/global/oens
/gfs/dk22/modoper/tempo/global/oens/model/datain
run
run
GFCT02R20120212002012021406F.fct.T126L28
/gfs/home3/modoper/tempo/global/oens/recfct/datain/GFCT02R20120212002012021406F.fct.T126L28
+ echo Recomposition  -x-  RUNNING ...
Recomposition  -x-  RUNNING ...
+ source=/gfs/home3/modoper/tempo/global/oens/recfct/source
+ bin=/gfs/home3/modoper/tempo/global/oens/recfct/bin/T126L28
+ input=/gfs/home3/modoper/tempo/global/oens/recfct/datain
+ out=/gfs/home3/modoper/tempo/global/oens/recfct/output
+ echo run
run
+ [ run = make ]
+ echo run
run
+ [ run = clean ]
+ cd /gfs/home3/modoper/tempo/global/oens/recfct/bin/T126L28
+ echo ./recfct.T126L28 < /gfs/home3/modoper/tempo/global/oens/recfct/datain/recfctFCT02R.nml > /gfs/home3/modoper/tempo/global/oens/recfct/output/recfct.out.2012021200.04:46.T126L28
./recfct.T126L28 < /gfs/home3/modoper/tempo/global/oens/recfct/datain/recfctFCT02R.nml > /gfs/home3/modoper/tempo/global/oens/recfct/output/recfct.out.2012021200.04:46.T126L28
+ ./recfct.T126L28
+ 0< /gfs/home3/modoper/tempo/global/oens/recfct/datain/recfctFCT02R.nml 1> /gfs/home3/modoper/tempo/global/oens/recfct/output/recfct.out.2012021200.04:46.T126L28
 
 
     ******  Program Information  ******
  Real Time (sec)       :         12.796337
  User Time (sec)       :          4.143251
  Sys  Time (sec)       :          0.069618
  Vector Time (sec)     :          0.349515
  Inst. Count           :        1596986017.
  V. Inst. Count        :          16052480.
  V. Element Count      :        1289251883.
  FLOP Count            :         534710003.
  MOPS                  :        692.737598
  MFLOPS                :        129.055677
  VLEN                  :         80.314810
  V. Op. Ratio (%)      :         44.918766
  Memory Size (MB)      :        192.031250
  MIPS                  :        385.442783
  I-Cache (sec)         :          0.000820
  O-Cache (sec)         :          0.881868
  Bank (sec)            :          0.001190
 
  Start Time (date)  :  2012/02/12 04:46:56
  End   Time (date)  :  2012/02/12 04:47:09
-rw-r--r--    1 modoper  pnt            3800 Feb 12 04:47 /gfs/home3/modoper/tempo/global/oens/eof/datain/templ022012021200
sx6
PNT-EN
12021204:47
out
/gfs/home3/modoper/tempo/global/oens
/gfs/home3/modoper/tempo/global/oens
/gfs/dk22/modoper/tempo/global/oens
/gfs/dk22/modoper/tempo/global/oens/model/datain
/gfs/home3/modoper/tempo/global/oens/run/setrecfct.1.FCT02RT126L28.sx6
Date: 20120212
Hour: 04:47
FCT02R
2012021200
2012021409
GFCT02R
GFCT02R
GFCT02R
F.fct
F.fct
R.fct
/gfs/home3/modoper/tempo/global/oens
/gfs/home3/modoper/tempo/global/oens
/gfs/dk22/modoper/tempo/global/oens
/gfs/dk22/modoper/tempo/global/oens/model/datain
run
run
GFCT02R20120212002012021409F.fct.T126L28
/gfs/home3/modoper/tempo/global/oens/recfct/datain/GFCT02R20120212002012021409F.fct.T126L28
+ echo Recomposition  -x-  RUNNING ...
Recomposition  -x-  RUNNING ...
+ source=/gfs/home3/modoper/tempo/global/oens/recfct/source
+ bin=/gfs/home3/modoper/tempo/global/oens/recfct/bin/T126L28
+ input=/gfs/home3/modoper/tempo/global/oens/recfct/datain
+ out=/gfs/home3/modoper/tempo/global/oens/recfct/output
+ echo run
run
+ [ run = make ]
+ echo run
run
+ [ run = clean ]
+ cd /gfs/home3/modoper/tempo/global/oens/recfct/bin/T126L28
+ echo ./recfct.T126L28 < /gfs/home3/modoper/tempo/global/oens/recfct/datain/recfctFCT02R.nml > /gfs/home3/modoper/tempo/global/oens/recfct/output/recfct.out.2012021200.04:47.T126L28
./recfct.T126L28 < /gfs/home3/modoper/tempo/global/oens/recfct/datain/recfctFCT02R.nml > /gfs/home3/modoper/tempo/global/oens/recfct/output/recfct.out.2012021200.04:47.T126L28
+ ./recfct.T126L28
+ 0< /gfs/home3/modoper/tempo/global/oens/recfct/datain/recfctFCT02R.nml 1> /gfs/home3/modoper/tempo/global/oens/recfct/output/recfct.out.2012021200.04:47.T126L28
 
 
     ******  Program Information  ******
  Real Time (sec)       :          5.630581
  User Time (sec)       :          4.145209
  Sys  Time (sec)       :          0.063072
  Vector Time (sec)     :          0.350572
  Inst. Count           :        1596986017.
  V. Inst. Count        :          16052480.
  V. Element Count      :        1289251883.
  FLOP Count            :         534710003.
  MOPS                  :        692.410239
  MFLOPS                :        128.994691
  VLEN                  :         80.314810
  V. Op. Ratio (%)      :         44.918766
  Memory Size (MB)      :        192.031250
  MIPS                  :        385.260639
  I-Cache (sec)         :          0.000839
  O-Cache (sec)         :          0.882659
  Bank (sec)            :          0.001190
 
  Start Time (date)  :  2012/02/12 04:47:11
  End   Time (date)  :  2012/02/12 04:47:16
-rw-r--r--    1 modoper  pnt            4000 Feb 12 04:47 /gfs/home3/modoper/tempo/global/oens/eof/datain/templ022012021200
sx6
PNT-EN
12021204:47
out
/gfs/home3/modoper/tempo/global/oens
/gfs/home3/modoper/tempo/global/oens
/gfs/dk22/modoper/tempo/global/oens
/gfs/dk22/modoper/tempo/global/oens/model/datain
/gfs/home3/modoper/tempo/global/oens/run/setrecfct.1.FCT02RT126L28.sx6
Date: 20120212
Hour: 04:47
FCT02R
2012021200
2012021412
GFCT02R
GFCT02R
GFCT02R
F.fct
F.fct
R.fct
/gfs/home3/modoper/tempo/global/oens
/gfs/home3/modoper/tempo/global/oens
/gfs/dk22/modoper/tempo/global/oens
/gfs/dk22/modoper/tempo/global/oens/model/datain
run
run
GFCT02R20120212002012021412F.fct.T126L28
/gfs/home3/modoper/tempo/global/oens/recfct/datain/GFCT02R20120212002012021412F.fct.T126L28
+ echo Recomposition  -x-  RUNNING ...
Recomposition  -x-  RUNNING ...
+ source=/gfs/home3/modoper/tempo/global/oens/recfct/source
+ bin=/gfs/home3/modoper/tempo/global/oens/recfct/bin/T126L28
+ input=/gfs/home3/modoper/tempo/global/oens/recfct/datain
+ out=/gfs/home3/modoper/tempo/global/oens/recfct/output
+ echo run
run
+ [ run = make ]
+ echo run
run
+ [ run = clean ]
+ cd /gfs/home3/modoper/tempo/global/oens/recfct/bin/T126L28
+ echo ./recfct.T126L28 < /gfs/home3/modoper/tempo/global/oens/recfct/datain/recfctFCT02R.nml > /gfs/home3/modoper/tempo/global/oens/recfct/output/recfct.out.2012021200.04:47.T126L28
./recfct.T126L28 < /gfs/home3/modoper/tempo/global/oens/recfct/datain/recfctFCT02R.nml > /gfs/home3/modoper/tempo/global/oens/recfct/output/recfct.out.2012021200.04:47.T126L28
+ ./recfct.T126L28
+ 0< /gfs/home3/modoper/tempo/global/oens/recfct/datain/recfctFCT02R.nml 1> /gfs/home3/modoper/tempo/global/oens/recfct/output/recfct.out.2012021200.04:47.T126L28
 
 
     ******  Program Information  ******
  Real Time (sec)       :         13.489600
  User Time (sec)       :          4.148196
  Sys  Time (sec)       :          0.100911
  Vector Time (sec)     :          0.350265
  Inst. Count           :        1596986048.
  V. Inst. Count        :          16052480.
  V. Element Count      :        1289251883.
  FLOP Count            :         534710004.
  MOPS                  :        691.911737
  MFLOPS                :        128.901820
  VLEN                  :         80.314810
  V. Op. Ratio (%)      :         44.918766
  Memory Size (MB)      :        192.031250
  MIPS                  :        384.983273
  I-Cache (sec)         :          0.003762
  O-Cache (sec)         :          0.885390
  Bank (sec)            :          0.001190
 
  Start Time (date)  :  2012/02/12 04:47:18
  End   Time (date)  :  2012/02/12 04:47:31
sx6
2012021204:47
out
/gfs/home3/modoper/tempo/global/oens
/gfs/home3/modoper/tempo/global/oens
/gfs/dk22/modoper/tempo/global/oens
/gfs/dk22/modoper/tempo/global/oens/model/datain
/gfs/home3/modoper/tempo/global/oens/run/seteofs.1.02T126L28.sx6
02
Date: 20120212
Hour: 04:47
2012021200
/gfs/home3/modoper/tempo/global/oens
/gfs/home3/modoper/tempo/global/oens
/gfs/dk22/modoper/tempo/global/oens
/gfs/dk22/modoper/tempo/global/oens/model/datain
run
run
Vai chamar eoft
+ echo EOFT           -x-  RUNNING ...
EOFT           -x-  RUNNING ...
+ source=/gfs/home3/modoper/tempo/global/oens/eoftemp/source
+ bin=/gfs/home3/modoper/tempo/global/oens/eof/bin/T126L28
+ inp=/gfs/home3/modoper/tempo/global/oens/eof/datain
+ outp=/gfs/home3/modoper/tempo/global/oens/eoftemp/output
+ echo run
run
+ [ run = make ]
+ echo run
run
+ [ run = clean ]
+ cd /gfs/home3/modoper/tempo/global/oens/eof/bin/T126L28
+ echo ./eoftem.T126L28 < /gfs/home3/modoper/tempo/global/oens/eof/datain/eoftem02.nml > /gfs/home3/modoper/tempo/global/oens/eoftemp/output/eoftem.2012021200.04:47.T126L28
./eoftem.T126L28 < /gfs/home3/modoper/tempo/global/oens/eof/datain/eoftem02.nml > /gfs/home3/modoper/tempo/global/oens/eoftemp/output/eoftem.2012021200.04:47.T126L28
+ ./eoftem.T126L28
+ 0< /gfs/home3/modoper/tempo/global/oens/eof/datain/eoftem02.nml 1> /gfs/home3/modoper/tempo/global/oens/eoftemp/output/eoftem.2012021200.04:47.T126L28
 entrou no eoft fortran
 &DATAIN DIRI=/gfs/home3/modoper/tempo/global/oens/eof/datain/                ,
 DIRA=/gfs/dk22/modoper/tempo/global/oens/model/datain/               ,
 DIRO=/gfs/dk22/modoper/tempo/global/oens/eof/dataout/T126L28/        ,
 NAMEL=templ022012021200                                               ,
 ANAME=GANLAVN2012021200R.unf.T126L28                                                      ,
 TEMOUT=temout022012021200                                              ,
 TEMPCM=tempcm022012021200                                              ,
 TEMPER1=tempe1022012021200                                              ,
 TEMPEN1=tempn1022012021200                                               /
 
 
     ******  Program Information  ******
  Real Time (sec)       :         26.190548
  User Time (sec)       :          6.604123
  Sys  Time (sec)       :          0.424634
  Vector Time (sec)     :          5.923212
  Inst. Count           :         597134417.
  V. Inst. Count        :          72972116.
  V. Element Count      :        9156490039.
  FLOP Count            :        3164566065.
  MOPS                  :       1465.849757
  MFLOPS                :        479.180352
  VLEN                  :        125.479300
  V. Op. Ratio (%)      :         94.585465
  Memory Size (MB)      :        304.031250
  MIPS                  :         90.418425
  I-Cache (sec)         :          0.004383
  O-Cache (sec)         :          0.009482
  Bank (sec)            :          0.281361
 
  Start Time (date)  :  2012/02/12 04:47:33
  End   Time (date)  :  2012/02/12 04:48:00
Vai chamar eofw
+ echo EOFW           -x-  RUNNING ...
EOFW           -x-  RUNNING ...
+ source=/gfs/home3/modoper/tempo/global/oens/eofwind/source
+ bin=/gfs/home3/modoper/tempo/global/oens/eof/bin/T126L28
+ out=/gfs/dk22/modoper/tempo/global/oens/eof/dataout/T126L28
+ inp=/gfs/home3/modoper/tempo/global/oens/eof/datain
+ outp=/gfs/home3/modoper/tempo/global/oens/eofwind/output
+ echo run
run
+ [ run = make ]
+ echo run
run
+ [ run = clean ]
+ cd /gfs/home3/modoper/tempo/global/oens/eof/bin/T126L28
+ echo ./eofwin.T126L28 < /gfs/home3/modoper/tempo/global/oens/eof/datain/eofwin02.nml > /gfs/home3/modoper/tempo/global/oens/eofwind/output/eofwin.2012021200.04:47.T126L28
./eofwin.T126L28 < /gfs/home3/modoper/tempo/global/oens/eof/datain/eofwin02.nml > /gfs/home3/modoper/tempo/global/oens/eofwind/output/eofwin.2012021200.04:47.T126L28
+ ./eofwin.T126L28
+ 0< /gfs/home3/modoper/tempo/global/oens/eof/datain/eofwin02.nml 1> /gfs/home3/modoper/tempo/global/oens/eofwind/output/eofwin.2012021200.04:47.T126L28
 
 
     ******  Program Information  ******
  Real Time (sec)       :         87.096549
  User Time (sec)       :         12.055123
  Sys  Time (sec)       :          0.636756
  Vector Time (sec)     :         11.014640
  Inst. Count           :        1009391133.
  V. Inst. Count        :         235339329.
  V. Element Count      :       26880732787.
  FLOP Count            :        7609521223.
  MOPS                  :       2294.027639
  MFLOPS                :        631.227191
  VLEN                  :        114.221167
  V. Op. Ratio (%)      :         97.201020
  Memory Size (MB)      :        624.031250
  MIPS                  :         83.731303
  I-Cache (sec)         :          0.008696
  O-Cache (sec)         :          0.020579
  Bank (sec)            :          0.599880
 
  Start Time (date)  :  2012/02/12 04:48:00
  End   Time (date)  :  2012/02/12 04:49:27
sx6
2012021204:49
out
/gfs/home3/modoper/tempo/global/oens
/gfs/home3/modoper/tempo/global/oens
/gfs/dk22/modoper/tempo/global/oens
/gfs/dk22/modoper/tempo/global/oens/model/datain
/gfs/home3/modoper/tempo/global/oens/run/setdeco02T126L28.sx6
Date: 20120212
Hour: 04:49
2012021200
/gfs/home3/modoper/tempo/global/oens
/gfs/home3/modoper/tempo/global/oens
/gfs/dk22/modoper/tempo/global/oens
/gfs/dk22/modoper/tempo/global/oens/model/datain
run
run
+ echo Decomposition  -x-  RUNNING ...
Decomposition  -x-  RUNNING ...
+ source=/gfs/home3/modoper/tempo/global/oens/decanl/source
+ bin=/gfs/home3/modoper/tempo/global/oens/decanl/bin/T126L28
+ input=/gfs/home3/modoper/tempo/global/oens/decanl/datain
+ out=/gfs/home3/modoper/tempo/global/oens/decanl/output
+ echo run
run
+ [ run = make ]
+ echo run
run
+ [ run = clean ]
+ cd /gfs/home3/modoper/tempo/global/oens/decanl/bin/T126L28
+ ./decanl.T126L28
+ 0< /gfs/home3/modoper/tempo/global/oens/decanl/datain/decanl02.nml 1> /gfs/home3/modoper/tempo/global/oens/decanl/output/decanl.2012021200.04:49.T126L28
 
 
     ******  Program Information  ******
  Real Time (sec)       :          5.395345
  User Time (sec)       :          0.838013
  Sys  Time (sec)       :          0.064253
  Vector Time (sec)     :          0.648059
  Inst. Count           :         173583870.
  V. Inst. Count        :          21078079.
  V. Element Count      :        2292782635.
  FLOP Count            :         590251093.
  MOPS                  :       2917.959653
  MFLOPS                :        704.345899
  VLEN                  :        108.775692
  V. Op. Ratio (%)      :         93.763280
  Memory Size (MB)      :        192.031250
  MIPS                  :        207.137417
  I-Cache (sec)         :          0.000900
  O-Cache (sec)         :          0.026622
  Bank (sec)            :          0.015374
 
  Start Time (date)  :  2012/02/12 04:49:28
  End   Time (date)  :  2012/02/12 04:49:33
+ echo Decomposition  -x-  RUNNING ...
Decomposition  -x-  RUNNING ...
+ source=/gfs/home3/modoper/tempo/global/oens/decanl/source
+ bin=/gfs/home3/modoper/tempo/global/oens/decanl/bin/T126L28
+ input=/gfs/home3/modoper/tempo/global/oens/decanl/datain
+ out=/gfs/home3/modoper/tempo/global/oens/decanl/output
+ echo run
run
+ [ run = make ]
+ echo run
run
+ [ run = clean ]
+ cd /gfs/home3/modoper/tempo/global/oens/decanl/bin/T126L28
+ ./decanl.T126L28
+ 0< /gfs/home3/modoper/tempo/global/oens/decanl/datain/decanl02.nml 1> /gfs/home3/modoper/tempo/global/oens/decanl/output/decanl.2012021200.04:49.T126L28
 
 
     ******  Program Information  ******
  Real Time (sec)       :          2.962355
  User Time (sec)       :          0.882510
  Sys  Time (sec)       :          0.056202
  Vector Time (sec)     :          0.690962
  Inst. Count           :         173583765.
  V. Inst. Count        :          21078079.
  V. Element Count      :        2292782629.
  FLOP Count            :         590251093.
  MOPS                  :       2770.832538
  MFLOPS                :        668.831943
  VLEN                  :        108.775692
  V. Op. Ratio (%)      :         93.763284
  Memory Size (MB)      :        192.031250
  MIPS                  :        196.693184
  I-Cache (sec)         :          0.000870
  O-Cache (sec)         :          0.028654
  Bank (sec)            :          0.015366
 
  Start Time (date)  :  2012/02/12 04:49:34
  End   Time (date)  :  2012/02/12 04:49:37
105.8u 24.8s 5:10 42% 839+176366k 92191+9883io 0w
logout
