stty: : Invalid argument
vt100
resize:  can't open terminal /dev/tty
======================================
Welcome to tupan00: SUPER-UX 14.1 SX-6
Today is Sun Feb 12 16:41:20 GMT 2012
======================================
runperreco1.sx6 126 28 07 2012021212 15 NO 07 
sx6
2012021216:41
out
/gfs/home3/modoper/tempo/global/oens
/gfs/home3/modoper/tempo/global/oens
/gfs/dk22/modoper/tempo/global/oens
/gfs/dk22/modoper/tempo/global/oens/model/datain
/gfs/home3/modoper/tempo/global/oens/run/setperreco.1.07T126L28.sx6
Date: 20120212
Hour: 16:41
2012021212


rm: ERROR: Cannot access templ072012021212: No such file or directory
-rw-r--r--    1 modoper  pnt             200 Feb 12 16:41 /gfs/home3/modoper/tempo/global/oens/eof/datain/templ072012021212
ls: ERROR: Cannot access /gfs/dk22/modoper/tempo/global/oens/recfct/dataout/T126L28/GFCT07R2012021212*.fct*: No such file or directory
sx6
PNT-EN
12021216:41
out
/gfs/home3/modoper/tempo/global/oens
/gfs/home3/modoper/tempo/global/oens
/gfs/dk22/modoper/tempo/global/oens
/gfs/dk22/modoper/tempo/global/oens/model/datain
/gfs/home3/modoper/tempo/global/oens/run/setrecfct.1.FCT07RT126L28.sx6
Date: 20120212
Hour: 16:41
FCT07R
2012021212
2012021215
GFCT07R
GFCT07R
GFCT07R
F.fct
F.fct
R.fct
/gfs/home3/modoper/tempo/global/oens
/gfs/home3/modoper/tempo/global/oens
/gfs/dk22/modoper/tempo/global/oens
/gfs/dk22/modoper/tempo/global/oens/model/datain
run
run
GFCT07R20120212122012021215F.fct.T126L28
/gfs/home3/modoper/tempo/global/oens/recfct/datain/GFCT07R20120212122012021215F.fct.T126L28
+ echo Recomposition  -x-  RUNNING ...
Recomposition  -x-  RUNNING ...
+ source=/gfs/home3/modoper/tempo/global/oens/recfct/source
+ bin=/gfs/home3/modoper/tempo/global/oens/recfct/bin/T126L28
+ input=/gfs/home3/modoper/tempo/global/oens/recfct/datain
+ out=/gfs/home3/modoper/tempo/global/oens/recfct/output
+ echo run
run
+ [ run = make ]
+ echo run
run
+ [ run = clean ]
+ cd /gfs/home3/modoper/tempo/global/oens/recfct/bin/T126L28
+ echo ./recfct.T126L28 < /gfs/home3/modoper/tempo/global/oens/recfct/datain/recfctFCT07R.nml > /gfs/home3/modoper/tempo/global/oens/recfct/output/recfct.out.2012021212.16:41.T126L28
./recfct.T126L28 < /gfs/home3/modoper/tempo/global/oens/recfct/datain/recfctFCT07R.nml > /gfs/home3/modoper/tempo/global/oens/recfct/output/recfct.out.2012021212.16:41.T126L28
+ ./recfct.T126L28
+ 0< /gfs/home3/modoper/tempo/global/oens/recfct/datain/recfctFCT07R.nml 1> /gfs/home3/modoper/tempo/global/oens/recfct/output/recfct.out.2012021212.16:41.T126L28
 
 
     ******  Program Information  ******
  Real Time (sec)       :          6.132860
  User Time (sec)       :          4.139911
  Sys  Time (sec)       :          0.107085
  Vector Time (sec)     :          0.346968
  Inst. Count           :        1596986079.
  V. Inst. Count        :          16052480.
  V. Element Count      :        1289251883.
  FLOP Count            :         534710005.
  MOPS                  :        693.296431
  MFLOPS                :        129.159784
  VLEN                  :         80.314810
  V. Op. Ratio (%)      :         44.918765
  Memory Size (MB)      :        192.031250
  MIPS                  :        385.753728
  I-Cache (sec)         :          0.005029
  O-Cache (sec)         :          0.874116
  Bank (sec)            :          0.001190
 
  Start Time (date)  :  2012/02/12 16:41:23
  End   Time (date)  :  2012/02/12 16:41:29
-rw-r--r--    1 modoper  pnt             400 Feb 12 16:41 /gfs/home3/modoper/tempo/global/oens/eof/datain/templ072012021212
sx6
PNT-EN
12021216:41
out
/gfs/home3/modoper/tempo/global/oens
/gfs/home3/modoper/tempo/global/oens
/gfs/dk22/modoper/tempo/global/oens
/gfs/dk22/modoper/tempo/global/oens/model/datain
/gfs/home3/modoper/tempo/global/oens/run/setrecfct.1.FCT07RT126L28.sx6
Date: 20120212
Hour: 16:41
FCT07R
2012021212
2012021218
GFCT07R
GFCT07R
GFCT07R
F.fct
F.fct
R.fct
/gfs/home3/modoper/tempo/global/oens
/gfs/home3/modoper/tempo/global/oens
/gfs/dk22/modoper/tempo/global/oens
/gfs/dk22/modoper/tempo/global/oens/model/datain
run
run
GFCT07R20120212122012021218F.fct.T126L28
/gfs/home3/modoper/tempo/global/oens/recfct/datain/GFCT07R20120212122012021218F.fct.T126L28
+ echo Recomposition  -x-  RUNNING ...
Recomposition  -x-  RUNNING ...
+ source=/gfs/home3/modoper/tempo/global/oens/recfct/source
+ bin=/gfs/home3/modoper/tempo/global/oens/recfct/bin/T126L28
+ input=/gfs/home3/modoper/tempo/global/oens/recfct/datain
+ out=/gfs/home3/modoper/tempo/global/oens/recfct/output
+ echo run
run
+ [ run = make ]
+ echo run
run
+ [ run = clean ]
+ cd /gfs/home3/modoper/tempo/global/oens/recfct/bin/T126L28
+ echo ./recfct.T126L28 < /gfs/home3/modoper/tempo/global/oens/recfct/datain/recfctFCT07R.nml > /gfs/home3/modoper/tempo/global/oens/recfct/output/recfct.out.2012021212.16:41.T126L28
./recfct.T126L28 < /gfs/home3/modoper/tempo/global/oens/recfct/datain/recfctFCT07R.nml > /gfs/home3/modoper/tempo/global/oens/recfct/output/recfct.out.2012021212.16:41.T126L28
+ ./recfct.T126L28
+ 0< /gfs/home3/modoper/tempo/global/oens/recfct/datain/recfctFCT07R.nml 1> /gfs/home3/modoper/tempo/global/oens/recfct/output/recfct.out.2012021212.16:41.T126L28
 
 
     ******  Program Information  ******
  Real Time (sec)       :          6.320707
  User Time (sec)       :          4.139740
  Sys  Time (sec)       :          0.117014
  Vector Time (sec)     :          0.346303
  Inst. Count           :        1596986079.
  V. Inst. Count        :          16052480.
  V. Element Count      :        1289251883.
  FLOP Count            :         534710005.
  MOPS                  :        693.325003
  MFLOPS                :        129.165107
  VLEN                  :         80.314810
  V. Op. Ratio (%)      :         44.918765
  Memory Size (MB)      :        192.031250
  MIPS                  :        385.769625
  I-Cache (sec)         :          0.005923
  O-Cache (sec)         :          0.874146
  Bank (sec)            :          0.001190
 
  Start Time (date)  :  2012/02/12 16:41:30
  End   Time (date)  :  2012/02/12 16:41:36
-rw-r--r--    1 modoper  pnt             600 Feb 12 16:41 /gfs/home3/modoper/tempo/global/oens/eof/datain/templ072012021212
sx6
PNT-EN
12021216:41
out
/gfs/home3/modoper/tempo/global/oens
/gfs/home3/modoper/tempo/global/oens
/gfs/dk22/modoper/tempo/global/oens
/gfs/dk22/modoper/tempo/global/oens/model/datain
/gfs/home3/modoper/tempo/global/oens/run/setrecfct.1.FCT07RT126L28.sx6
Date: 20120212
Hour: 16:41
FCT07R
2012021212
2012021221
GFCT07R
GFCT07R
GFCT07R
F.fct
F.fct
R.fct
/gfs/home3/modoper/tempo/global/oens
/gfs/home3/modoper/tempo/global/oens
/gfs/dk22/modoper/tempo/global/oens
/gfs/dk22/modoper/tempo/global/oens/model/datain
run
run
GFCT07R20120212122012021221F.fct.T126L28
/gfs/home3/modoper/tempo/global/oens/recfct/datain/GFCT07R20120212122012021221F.fct.T126L28
+ echo Recomposition  -x-  RUNNING ...
Recomposition  -x-  RUNNING ...
+ source=/gfs/home3/modoper/tempo/global/oens/recfct/source
+ bin=/gfs/home3/modoper/tempo/global/oens/recfct/bin/T126L28
+ input=/gfs/home3/modoper/tempo/global/oens/recfct/datain
+ out=/gfs/home3/modoper/tempo/global/oens/recfct/output
+ echo run
run
+ [ run = make ]
+ echo run
run
+ [ run = clean ]
+ cd /gfs/home3/modoper/tempo/global/oens/recfct/bin/T126L28
+ echo ./recfct.T126L28 < /gfs/home3/modoper/tempo/global/oens/recfct/datain/recfctFCT07R.nml > /gfs/home3/modoper/tempo/global/oens/recfct/output/recfct.out.2012021212.16:41.T126L28
./recfct.T126L28 < /gfs/home3/modoper/tempo/global/oens/recfct/datain/recfctFCT07R.nml > /gfs/home3/modoper/tempo/global/oens/recfct/output/recfct.out.2012021212.16:41.T126L28
+ ./recfct.T126L28
+ 0< /gfs/home3/modoper/tempo/global/oens/recfct/datain/recfctFCT07R.nml 1> /gfs/home3/modoper/tempo/global/oens/recfct/output/recfct.out.2012021212.16:41.T126L28
 
 
     ******  Program Information  ******
  Real Time (sec)       :          5.754744
  User Time (sec)       :          4.132044
  Sys  Time (sec)       :          0.068558
  Vector Time (sec)     :          0.346340
  Inst. Count           :        1596986079.
  V. Inst. Count        :          16052480.
  V. Element Count      :        1289251883.
  FLOP Count            :         534710005.
  MOPS                  :        694.616397
  MFLOPS                :        129.405691
  VLEN                  :         80.314810
  V. Op. Ratio (%)      :         44.918765
  Memory Size (MB)      :        192.031250
  MIPS                  :        386.488163
  I-Cache (sec)         :          0.001365
  O-Cache (sec)         :          0.865845
  Bank (sec)            :          0.001190
 
  Start Time (date)  :  2012/02/12 16:41:37
  End   Time (date)  :  2012/02/12 16:41:43
-rw-r--r--    1 modoper  pnt             800 Feb 12 16:41 /gfs/home3/modoper/tempo/global/oens/eof/datain/templ072012021212
sx6
PNT-EN
12021216:41
out
/gfs/home3/modoper/tempo/global/oens
/gfs/home3/modoper/tempo/global/oens
/gfs/dk22/modoper/tempo/global/oens
/gfs/dk22/modoper/tempo/global/oens/model/datain
/gfs/home3/modoper/tempo/global/oens/run/setrecfct.1.FCT07RT126L28.sx6
Date: 20120212
Hour: 16:41
FCT07R
2012021212
2012021300
GFCT07R
GFCT07R
GFCT07R
F.fct
F.fct
R.fct
/gfs/home3/modoper/tempo/global/oens
/gfs/home3/modoper/tempo/global/oens
/gfs/dk22/modoper/tempo/global/oens
/gfs/dk22/modoper/tempo/global/oens/model/datain
run
run
GFCT07R20120212122012021300F.fct.T126L28
/gfs/home3/modoper/tempo/global/oens/recfct/datain/GFCT07R20120212122012021300F.fct.T126L28
+ echo Recomposition  -x-  RUNNING ...
Recomposition  -x-  RUNNING ...
+ source=/gfs/home3/modoper/tempo/global/oens/recfct/source
+ bin=/gfs/home3/modoper/tempo/global/oens/recfct/bin/T126L28
+ input=/gfs/home3/modoper/tempo/global/oens/recfct/datain
+ out=/gfs/home3/modoper/tempo/global/oens/recfct/output
+ echo run
run
+ [ run = make ]
+ echo run
run
+ [ run = clean ]
+ cd /gfs/home3/modoper/tempo/global/oens/recfct/bin/T126L28
+ echo ./recfct.T126L28 < /gfs/home3/modoper/tempo/global/oens/recfct/datain/recfctFCT07R.nml > /gfs/home3/modoper/tempo/global/oens/recfct/output/recfct.out.2012021212.16:41.T126L28
./recfct.T126L28 < /gfs/home3/modoper/tempo/global/oens/recfct/datain/recfctFCT07R.nml > /gfs/home3/modoper/tempo/global/oens/recfct/output/recfct.out.2012021212.16:41.T126L28
+ ./recfct.T126L28
+ 0< /gfs/home3/modoper/tempo/global/oens/recfct/datain/recfctFCT07R.nml 1> /gfs/home3/modoper/tempo/global/oens/recfct/output/recfct.out.2012021212.16:41.T126L28
 
 
     ******  Program Information  ******
  Real Time (sec)       :          5.859789
  User Time (sec)       :          4.140782
  Sys  Time (sec)       :          0.118167
  Vector Time (sec)     :          0.346767
  Inst. Count           :        1596986048.
  V. Inst. Count        :          16052480.
  V. Element Count      :        1289251883.
  FLOP Count            :         534710004.
  MOPS                  :        693.150579
  MFLOPS                :        129.132614
  VLEN                  :         80.314810
  V. Op. Ratio (%)      :         44.918766
  Memory Size (MB)      :        192.031250
  MIPS                  :        385.672571
  I-Cache (sec)         :          0.005795
  O-Cache (sec)         :          0.874990
  Bank (sec)            :          0.001191
 
  Start Time (date)  :  2012/02/12 16:41:44
  End   Time (date)  :  2012/02/12 16:41:50
-rw-r--r--    1 modoper  pnt            1000 Feb 12 16:41 /gfs/home3/modoper/tempo/global/oens/eof/datain/templ072012021212
sx6
PNT-EN
12021216:41
out
/gfs/home3/modoper/tempo/global/oens
/gfs/home3/modoper/tempo/global/oens
/gfs/dk22/modoper/tempo/global/oens
/gfs/dk22/modoper/tempo/global/oens/model/datain
/gfs/home3/modoper/tempo/global/oens/run/setrecfct.1.FCT07RT126L28.sx6
Date: 20120212
Hour: 16:41
FCT07R
2012021212
2012021303
GFCT07R
GFCT07R
GFCT07R
F.fct
F.fct
R.fct
/gfs/home3/modoper/tempo/global/oens
/gfs/home3/modoper/tempo/global/oens
/gfs/dk22/modoper/tempo/global/oens
/gfs/dk22/modoper/tempo/global/oens/model/datain
run
run
GFCT07R20120212122012021303F.fct.T126L28
/gfs/home3/modoper/tempo/global/oens/recfct/datain/GFCT07R20120212122012021303F.fct.T126L28
+ echo Recomposition  -x-  RUNNING ...
Recomposition  -x-  RUNNING ...
+ source=/gfs/home3/modoper/tempo/global/oens/recfct/source
+ bin=/gfs/home3/modoper/tempo/global/oens/recfct/bin/T126L28
+ input=/gfs/home3/modoper/tempo/global/oens/recfct/datain
+ out=/gfs/home3/modoper/tempo/global/oens/recfct/output
+ echo run
run
+ [ run = make ]
+ echo run
run
+ [ run = clean ]
+ cd /gfs/home3/modoper/tempo/global/oens/recfct/bin/T126L28
+ echo ./recfct.T126L28 < /gfs/home3/modoper/tempo/global/oens/recfct/datain/recfctFCT07R.nml > /gfs/home3/modoper/tempo/global/oens/recfct/output/recfct.out.2012021212.16:41.T126L28
./recfct.T126L28 < /gfs/home3/modoper/tempo/global/oens/recfct/datain/recfctFCT07R.nml > /gfs/home3/modoper/tempo/global/oens/recfct/output/recfct.out.2012021212.16:41.T126L28
+ ./recfct.T126L28
+ 0< /gfs/home3/modoper/tempo/global/oens/recfct/datain/recfctFCT07R.nml 1> /gfs/home3/modoper/tempo/global/oens/recfct/output/recfct.out.2012021212.16:41.T126L28
 
 
     ******  Program Information  ******
  Real Time (sec)       :          5.998142
  User Time (sec)       :          4.137346
  Sys  Time (sec)       :          0.127974
  Vector Time (sec)     :          0.345223
  Inst. Count           :        1596986048.
  V. Inst. Count        :          16052480.
  V. Element Count      :        1289251883.
  FLOP Count            :         534710004.
  MOPS                  :        693.726216
  MFLOPS                :        129.239854
  VLEN                  :         80.314810
  V. Op. Ratio (%)      :         44.918766
  Memory Size (MB)      :        192.031250
  MIPS                  :        385.992859
  I-Cache (sec)         :          0.006874
  O-Cache (sec)         :          0.873203
  Bank (sec)            :          0.001191
 
  Start Time (date)  :  2012/02/12 16:41:56
  End   Time (date)  :  2012/02/12 16:42:02
-rw-r--r--    1 modoper  pnt            1200 Feb 12 16:42 /gfs/home3/modoper/tempo/global/oens/eof/datain/templ072012021212
sx6
PNT-EN
12021216:42
out
/gfs/home3/modoper/tempo/global/oens
/gfs/home3/modoper/tempo/global/oens
/gfs/dk22/modoper/tempo/global/oens
/gfs/dk22/modoper/tempo/global/oens/model/datain
/gfs/home3/modoper/tempo/global/oens/run/setrecfct.1.FCT07RT126L28.sx6
Date: 20120212
Hour: 16:42
FCT07R
2012021212
2012021306
GFCT07R
GFCT07R
GFCT07R
F.fct
F.fct
R.fct
/gfs/home3/modoper/tempo/global/oens
/gfs/home3/modoper/tempo/global/oens
/gfs/dk22/modoper/tempo/global/oens
/gfs/dk22/modoper/tempo/global/oens/model/datain
run
run
GFCT07R20120212122012021306F.fct.T126L28
/gfs/home3/modoper/tempo/global/oens/recfct/datain/GFCT07R20120212122012021306F.fct.T126L28
+ echo Recomposition  -x-  RUNNING ...
Recomposition  -x-  RUNNING ...
+ source=/gfs/home3/modoper/tempo/global/oens/recfct/source
+ bin=/gfs/home3/modoper/tempo/global/oens/recfct/bin/T126L28
+ input=/gfs/home3/modoper/tempo/global/oens/recfct/datain
+ out=/gfs/home3/modoper/tempo/global/oens/recfct/output
+ echo run
run
+ [ run = make ]
+ echo run
run
+ [ run = clean ]
+ cd /gfs/home3/modoper/tempo/global/oens/recfct/bin/T126L28
+ echo ./recfct.T126L28 < /gfs/home3/modoper/tempo/global/oens/recfct/datain/recfctFCT07R.nml > /gfs/home3/modoper/tempo/global/oens/recfct/output/recfct.out.2012021212.16:42.T126L28
./recfct.T126L28 < /gfs/home3/modoper/tempo/global/oens/recfct/datain/recfctFCT07R.nml > /gfs/home3/modoper/tempo/global/oens/recfct/output/recfct.out.2012021212.16:42.T126L28
+ ./recfct.T126L28
+ 0< /gfs/home3/modoper/tempo/global/oens/recfct/datain/recfctFCT07R.nml 1> /gfs/home3/modoper/tempo/global/oens/recfct/output/recfct.out.2012021212.16:42.T126L28
 
 
     ******  Program Information  ******
  Real Time (sec)       :         13.196889
  User Time (sec)       :          4.123571
  Sys  Time (sec)       :          0.063647
  Vector Time (sec)     :          0.343235
  Inst. Count           :        1596986048.
  V. Inst. Count        :          16052480.
  V. Element Count      :        1289251883.
  FLOP Count            :         534710004.
  MOPS                  :        696.043725
  MFLOPS                :        129.671601
  VLEN                  :         80.314810
  V. Op. Ratio (%)      :         44.918766
  Memory Size (MB)      :        192.031250
  MIPS                  :        387.282333
  I-Cache (sec)         :          0.000767
  O-Cache (sec)         :          0.863708
  Bank (sec)            :          0.001190
 
  Start Time (date)  :  2012/02/12 16:42:03
  End   Time (date)  :  2012/02/12 16:42:16
-rw-r--r--    1 modoper  pnt            1400 Feb 12 16:42 /gfs/home3/modoper/tempo/global/oens/eof/datain/templ072012021212
sx6
PNT-EN
12021216:42
out
/gfs/home3/modoper/tempo/global/oens
/gfs/home3/modoper/tempo/global/oens
/gfs/dk22/modoper/tempo/global/oens
/gfs/dk22/modoper/tempo/global/oens/model/datain
/gfs/home3/modoper/tempo/global/oens/run/setrecfct.1.FCT07RT126L28.sx6
Date: 20120212
Hour: 16:42
FCT07R
2012021212
2012021309
GFCT07R
GFCT07R
GFCT07R
F.fct
F.fct
R.fct
/gfs/home3/modoper/tempo/global/oens
/gfs/home3/modoper/tempo/global/oens
/gfs/dk22/modoper/tempo/global/oens
/gfs/dk22/modoper/tempo/global/oens/model/datain
run
run
GFCT07R20120212122012021309F.fct.T126L28
/gfs/home3/modoper/tempo/global/oens/recfct/datain/GFCT07R20120212122012021309F.fct.T126L28
+ echo Recomposition  -x-  RUNNING ...
Recomposition  -x-  RUNNING ...
+ source=/gfs/home3/modoper/tempo/global/oens/recfct/source
+ bin=/gfs/home3/modoper/tempo/global/oens/recfct/bin/T126L28
+ input=/gfs/home3/modoper/tempo/global/oens/recfct/datain
+ out=/gfs/home3/modoper/tempo/global/oens/recfct/output
+ echo run
run
+ [ run = make ]
+ echo run
run
+ [ run = clean ]
+ cd /gfs/home3/modoper/tempo/global/oens/recfct/bin/T126L28
+ echo ./recfct.T126L28 < /gfs/home3/modoper/tempo/global/oens/recfct/datain/recfctFCT07R.nml > /gfs/home3/modoper/tempo/global/oens/recfct/output/recfct.out.2012021212.16:42.T126L28
./recfct.T126L28 < /gfs/home3/modoper/tempo/global/oens/recfct/datain/recfctFCT07R.nml > /gfs/home3/modoper/tempo/global/oens/recfct/output/recfct.out.2012021212.16:42.T126L28
+ ./recfct.T126L28
+ 0< /gfs/home3/modoper/tempo/global/oens/recfct/datain/recfctFCT07R.nml 1> /gfs/home3/modoper/tempo/global/oens/recfct/output/recfct.out.2012021212.16:42.T126L28
 
 
     ******  Program Information  ******
  Real Time (sec)       :          8.232324
  User Time (sec)       :          4.130506
  Sys  Time (sec)       :          0.098816
  Vector Time (sec)     :          0.344498
  Inst. Count           :        1596986048.
  V. Inst. Count        :          16052480.
  V. Element Count      :        1289251883.
  FLOP Count            :         534710004.
  MOPS                  :        694.874965
  MFLOPS                :        129.453863
  VLEN                  :         80.314810
  V. Op. Ratio (%)      :         44.918766
  Memory Size (MB)      :        192.031250
  MIPS                  :        386.632029
  I-Cache (sec)         :          0.004155
  O-Cache (sec)         :          0.867300
  Bank (sec)            :          0.001190
 
  Start Time (date)  :  2012/02/12 16:42:17
  End   Time (date)  :  2012/02/12 16:42:25
-rw-r--r--    1 modoper  pnt            1600 Feb 12 16:42 /gfs/home3/modoper/tempo/global/oens/eof/datain/templ072012021212
sx6
PNT-EN
12021216:42
out
/gfs/home3/modoper/tempo/global/oens
/gfs/home3/modoper/tempo/global/oens
/gfs/dk22/modoper/tempo/global/oens
/gfs/dk22/modoper/tempo/global/oens/model/datain
/gfs/home3/modoper/tempo/global/oens/run/setrecfct.1.FCT07RT126L28.sx6
Date: 20120212
Hour: 16:42
FCT07R
2012021212
2012021312
GFCT07R
GFCT07R
GFCT07R
F.fct
F.fct
R.fct
/gfs/home3/modoper/tempo/global/oens
/gfs/home3/modoper/tempo/global/oens
/gfs/dk22/modoper/tempo/global/oens
/gfs/dk22/modoper/tempo/global/oens/model/datain
run
run
GFCT07R20120212122012021312F.fct.T126L28
/gfs/home3/modoper/tempo/global/oens/recfct/datain/GFCT07R20120212122012021312F.fct.T126L28
+ echo Recomposition  -x-  RUNNING ...
Recomposition  -x-  RUNNING ...
+ source=/gfs/home3/modoper/tempo/global/oens/recfct/source
+ bin=/gfs/home3/modoper/tempo/global/oens/recfct/bin/T126L28
+ input=/gfs/home3/modoper/tempo/global/oens/recfct/datain
+ out=/gfs/home3/modoper/tempo/global/oens/recfct/output
+ echo run
run
+ [ run = make ]
+ echo run
run
+ [ run = clean ]
+ cd /gfs/home3/modoper/tempo/global/oens/recfct/bin/T126L28
+ echo ./recfct.T126L28 < /gfs/home3/modoper/tempo/global/oens/recfct/datain/recfctFCT07R.nml > /gfs/home3/modoper/tempo/global/oens/recfct/output/recfct.out.2012021212.16:42.T126L28
./recfct.T126L28 < /gfs/home3/modoper/tempo/global/oens/recfct/datain/recfctFCT07R.nml > /gfs/home3/modoper/tempo/global/oens/recfct/output/recfct.out.2012021212.16:42.T126L28
+ ./recfct.T126L28
+ 0< /gfs/home3/modoper/tempo/global/oens/recfct/datain/recfctFCT07R.nml 1> /gfs/home3/modoper/tempo/global/oens/recfct/output/recfct.out.2012021212.16:42.T126L28
 
 
     ******  Program Information  ******
  Real Time (sec)       :         12.087773
  User Time (sec)       :          4.126388
  Sys  Time (sec)       :          0.063338
  Vector Time (sec)     :          0.344131
  Inst. Count           :        1596986079.
  V. Inst. Count        :          16052480.
  V. Element Count      :        1289251883.
  FLOP Count            :         534710005.
  MOPS                  :        695.568437
  MFLOPS                :        129.583055
  VLEN                  :         80.314810
  V. Op. Ratio (%)      :         44.918765
  Memory Size (MB)      :        192.031250
  MIPS                  :        387.017883
  I-Cache (sec)         :          0.000946
  O-Cache (sec)         :          0.863372
  Bank (sec)            :          0.001191
 
  Start Time (date)  :  2012/02/12 16:42:27
  End   Time (date)  :  2012/02/12 16:42:39
-rw-r--r--    1 modoper  pnt            1800 Feb 12 16:42 /gfs/home3/modoper/tempo/global/oens/eof/datain/templ072012021212
sx6
PNT-EN
12021216:42
out
/gfs/home3/modoper/tempo/global/oens
/gfs/home3/modoper/tempo/global/oens
/gfs/dk22/modoper/tempo/global/oens
/gfs/dk22/modoper/tempo/global/oens/model/datain
/gfs/home3/modoper/tempo/global/oens/run/setrecfct.1.FCT07RT126L28.sx6
Date: 20120212
Hour: 16:42
FCT07R
2012021212
2012021315
GFCT07R
GFCT07R
GFCT07R
F.fct
F.fct
R.fct
/gfs/home3/modoper/tempo/global/oens
/gfs/home3/modoper/tempo/global/oens
/gfs/dk22/modoper/tempo/global/oens
/gfs/dk22/modoper/tempo/global/oens/model/datain
run
run
GFCT07R20120212122012021315F.fct.T126L28
/gfs/home3/modoper/tempo/global/oens/recfct/datain/GFCT07R20120212122012021315F.fct.T126L28
+ echo Recomposition  -x-  RUNNING ...
Recomposition  -x-  RUNNING ...
+ source=/gfs/home3/modoper/tempo/global/oens/recfct/source
+ bin=/gfs/home3/modoper/tempo/global/oens/recfct/bin/T126L28
+ input=/gfs/home3/modoper/tempo/global/oens/recfct/datain
+ out=/gfs/home3/modoper/tempo/global/oens/recfct/output
+ echo run
run
+ [ run = make ]
+ echo run
run
+ [ run = clean ]
+ cd /gfs/home3/modoper/tempo/global/oens/recfct/bin/T126L28
+ echo ./recfct.T126L28 < /gfs/home3/modoper/tempo/global/oens/recfct/datain/recfctFCT07R.nml > /gfs/home3/modoper/tempo/global/oens/recfct/output/recfct.out.2012021212.16:42.T126L28
./recfct.T126L28 < /gfs/home3/modoper/tempo/global/oens/recfct/datain/recfctFCT07R.nml > /gfs/home3/modoper/tempo/global/oens/recfct/output/recfct.out.2012021212.16:42.T126L28
+ ./recfct.T126L28
+ 0< /gfs/home3/modoper/tempo/global/oens/recfct/datain/recfctFCT07R.nml 1> /gfs/home3/modoper/tempo/global/oens/recfct/output/recfct.out.2012021212.16:42.T126L28
 
 
     ******  Program Information  ******
  Real Time (sec)       :          6.934295
  User Time (sec)       :          4.131763
  Sys  Time (sec)       :          0.057193
  Vector Time (sec)     :          0.346236
  Inst. Count           :        1596986079.
  V. Inst. Count        :          16052480.
  V. Element Count      :        1289251883.
  FLOP Count            :         534710005.
  MOPS                  :        694.663627
  MFLOPS                :        129.414490
  VLEN                  :         80.314810
  V. Op. Ratio (%)      :         44.918765
  Memory Size (MB)      :        192.031250
  MIPS                  :        386.514443
  I-Cache (sec)         :          0.000878
  O-Cache (sec)         :          0.866742
  Bank (sec)            :          0.001190
 
  Start Time (date)  :  2012/02/12 16:42:40
  End   Time (date)  :  2012/02/12 16:42:47
-rw-r--r--    1 modoper  pnt            2000 Feb 12 16:42 /gfs/home3/modoper/tempo/global/oens/eof/datain/templ072012021212
sx6
PNT-EN
12021216:42
out
/gfs/home3/modoper/tempo/global/oens
/gfs/home3/modoper/tempo/global/oens
/gfs/dk22/modoper/tempo/global/oens
/gfs/dk22/modoper/tempo/global/oens/model/datain
/gfs/home3/modoper/tempo/global/oens/run/setrecfct.1.FCT07RT126L28.sx6
Date: 20120212
Hour: 16:42
FCT07R
2012021212
2012021318
GFCT07R
GFCT07R
GFCT07R
F.fct
F.fct
R.fct
/gfs/home3/modoper/tempo/global/oens
/gfs/home3/modoper/tempo/global/oens
/gfs/dk22/modoper/tempo/global/oens
/gfs/dk22/modoper/tempo/global/oens/model/datain
run
run
GFCT07R20120212122012021318F.fct.T126L28
/gfs/home3/modoper/tempo/global/oens/recfct/datain/GFCT07R20120212122012021318F.fct.T126L28
+ echo Recomposition  -x-  RUNNING ...
Recomposition  -x-  RUNNING ...
+ source=/gfs/home3/modoper/tempo/global/oens/recfct/source
+ bin=/gfs/home3/modoper/tempo/global/oens/recfct/bin/T126L28
+ input=/gfs/home3/modoper/tempo/global/oens/recfct/datain
+ out=/gfs/home3/modoper/tempo/global/oens/recfct/output
+ echo run
run
+ [ run = make ]
+ echo run
run
+ [ run = clean ]
+ cd /gfs/home3/modoper/tempo/global/oens/recfct/bin/T126L28
+ echo ./recfct.T126L28 < /gfs/home3/modoper/tempo/global/oens/recfct/datain/recfctFCT07R.nml > /gfs/home3/modoper/tempo/global/oens/recfct/output/recfct.out.2012021212.16:42.T126L28
./recfct.T126L28 < /gfs/home3/modoper/tempo/global/oens/recfct/datain/recfctFCT07R.nml > /gfs/home3/modoper/tempo/global/oens/recfct/output/recfct.out.2012021212.16:42.T126L28
+ ./recfct.T126L28
+ 0< /gfs/home3/modoper/tempo/global/oens/recfct/datain/recfctFCT07R.nml 1> /gfs/home3/modoper/tempo/global/oens/recfct/output/recfct.out.2012021212.16:42.T126L28
 
 
     ******  Program Information  ******
  Real Time (sec)       :          6.742843
  User Time (sec)       :          4.131951
  Sys  Time (sec)       :          0.063681
  Vector Time (sec)     :          0.346229
  Inst. Count           :        1596986079.
  V. Inst. Count        :          16052480.
  V. Element Count      :        1289251883.
  FLOP Count            :         534710005.
  MOPS                  :        694.632001
  MFLOPS                :        129.408599
  VLEN                  :         80.314810
  V. Op. Ratio (%)      :         44.918765
  Memory Size (MB)      :        192.031250
  MIPS                  :        386.496846
  I-Cache (sec)         :          0.000785
  O-Cache (sec)         :          0.867385
  Bank (sec)            :          0.001190
 
  Start Time (date)  :  2012/02/12 16:42:48
  End   Time (date)  :  2012/02/12 16:42:55
-rw-r--r--    1 modoper  pnt            2200 Feb 12 16:42 /gfs/home3/modoper/tempo/global/oens/eof/datain/templ072012021212
sx6
PNT-EN
12021216:43
out
/gfs/home3/modoper/tempo/global/oens
/gfs/home3/modoper/tempo/global/oens
/gfs/dk22/modoper/tempo/global/oens
/gfs/dk22/modoper/tempo/global/oens/model/datain
/gfs/home3/modoper/tempo/global/oens/run/setrecfct.1.FCT07RT126L28.sx6
Date: 20120212
Hour: 16:43
FCT07R
2012021212
2012021321
GFCT07R
GFCT07R
GFCT07R
F.fct
F.fct
R.fct
/gfs/home3/modoper/tempo/global/oens
/gfs/home3/modoper/tempo/global/oens
/gfs/dk22/modoper/tempo/global/oens
/gfs/dk22/modoper/tempo/global/oens/model/datain
run
run
GFCT07R20120212122012021321F.fct.T126L28
/gfs/home3/modoper/tempo/global/oens/recfct/datain/GFCT07R20120212122012021321F.fct.T126L28
+ echo Recomposition  -x-  RUNNING ...
Recomposition  -x-  RUNNING ...
+ source=/gfs/home3/modoper/tempo/global/oens/recfct/source
+ bin=/gfs/home3/modoper/tempo/global/oens/recfct/bin/T126L28
+ input=/gfs/home3/modoper/tempo/global/oens/recfct/datain
+ out=/gfs/home3/modoper/tempo/global/oens/recfct/output
+ echo run
run
+ [ run = make ]
+ echo run
run
+ [ run = clean ]
+ cd /gfs/home3/modoper/tempo/global/oens/recfct/bin/T126L28
+ echo ./recfct.T126L28 < /gfs/home3/modoper/tempo/global/oens/recfct/datain/recfctFCT07R.nml > /gfs/home3/modoper/tempo/global/oens/recfct/output/recfct.out.2012021212.16:43.T126L28
./recfct.T126L28 < /gfs/home3/modoper/tempo/global/oens/recfct/datain/recfctFCT07R.nml > /gfs/home3/modoper/tempo/global/oens/recfct/output/recfct.out.2012021212.16:43.T126L28
+ ./recfct.T126L28
+ 0< /gfs/home3/modoper/tempo/global/oens/recfct/datain/recfctFCT07R.nml 1> /gfs/home3/modoper/tempo/global/oens/recfct/output/recfct.out.2012021212.16:43.T126L28
 
 
     ******  Program Information  ******
  Real Time (sec)       :         10.600097
  User Time (sec)       :          4.130183
  Sys  Time (sec)       :          0.082652
  Vector Time (sec)     :          0.344414
  Inst. Count           :        1596986079.
  V. Inst. Count        :          16052480.
  V. Element Count      :        1289251883.
  FLOP Count            :         534710005.
  MOPS                  :        694.929338
  MFLOPS                :        129.463992
  VLEN                  :         80.314810
  V. Op. Ratio (%)      :         44.918765
  Memory Size (MB)      :        192.031250
  MIPS                  :        386.662285
  I-Cache (sec)         :          0.002551
  O-Cache (sec)         :          0.866825
  Bank (sec)            :          0.001191
 
  Start Time (date)  :  2012/02/12 16:43:01
  End   Time (date)  :  2012/02/12 16:43:12
-rw-r--r--    1 modoper  pnt            2400 Feb 12 16:43 /gfs/home3/modoper/tempo/global/oens/eof/datain/templ072012021212
sx6
PNT-EN
12021216:43
out
/gfs/home3/modoper/tempo/global/oens
/gfs/home3/modoper/tempo/global/oens
/gfs/dk22/modoper/tempo/global/oens
/gfs/dk22/modoper/tempo/global/oens/model/datain
/gfs/home3/modoper/tempo/global/oens/run/setrecfct.1.FCT07RT126L28.sx6
Date: 20120212
Hour: 16:43
FCT07R
2012021212
2012021400
GFCT07R
GFCT07R
GFCT07R
F.fct
F.fct
R.fct
/gfs/home3/modoper/tempo/global/oens
/gfs/home3/modoper/tempo/global/oens
/gfs/dk22/modoper/tempo/global/oens
/gfs/dk22/modoper/tempo/global/oens/model/datain
run
run
GFCT07R20120212122012021400F.fct.T126L28
/gfs/home3/modoper/tempo/global/oens/recfct/datain/GFCT07R20120212122012021400F.fct.T126L28
+ echo Recomposition  -x-  RUNNING ...
Recomposition  -x-  RUNNING ...
+ source=/gfs/home3/modoper/tempo/global/oens/recfct/source
+ bin=/gfs/home3/modoper/tempo/global/oens/recfct/bin/T126L28
+ input=/gfs/home3/modoper/tempo/global/oens/recfct/datain
+ out=/gfs/home3/modoper/tempo/global/oens/recfct/output
+ echo run
run
+ [ run = make ]
+ echo run
run
+ [ run = clean ]
+ cd /gfs/home3/modoper/tempo/global/oens/recfct/bin/T126L28
+ echo ./recfct.T126L28 < /gfs/home3/modoper/tempo/global/oens/recfct/datain/recfctFCT07R.nml > /gfs/home3/modoper/tempo/global/oens/recfct/output/recfct.out.2012021212.16:43.T126L28
./recfct.T126L28 < /gfs/home3/modoper/tempo/global/oens/recfct/datain/recfctFCT07R.nml > /gfs/home3/modoper/tempo/global/oens/recfct/output/recfct.out.2012021212.16:43.T126L28
+ ./recfct.T126L28
+ 0< /gfs/home3/modoper/tempo/global/oens/recfct/datain/recfctFCT07R.nml 1> /gfs/home3/modoper/tempo/global/oens/recfct/output/recfct.out.2012021212.16:43.T126L28
 
 
     ******  Program Information  ******
  Real Time (sec)       :          7.588817
  User Time (sec)       :          4.125175
  Sys  Time (sec)       :          0.077979
  Vector Time (sec)     :          0.342736
  Inst. Count           :        1596986048.
  V. Inst. Count        :          16052480.
  V. Element Count      :        1289251883.
  FLOP Count            :         534710004.
  MOPS                  :        695.772970
  MFLOPS                :        129.621160
  VLEN                  :         80.314810
  V. Op. Ratio (%)      :         44.918766
  Memory Size (MB)      :        192.031250
  MIPS                  :        387.131684
  I-Cache (sec)         :          0.002459
  O-Cache (sec)         :          0.863035
  Bank (sec)            :          0.001191
 
  Start Time (date)  :  2012/02/12 16:43:13
  End   Time (date)  :  2012/02/12 16:43:21
sx6
2012021216:43
out
/gfs/home3/modoper/tempo/global/oens
/gfs/home3/modoper/tempo/global/oens
/gfs/dk22/modoper/tempo/global/oens
/gfs/dk22/modoper/tempo/global/oens/model/datain
/gfs/home3/modoper/tempo/global/oens/run/seteofs.1.07T126L28.sx6
07
Date: 20120212
Hour: 16:43
2012021212
/gfs/home3/modoper/tempo/global/oens
/gfs/home3/modoper/tempo/global/oens
/gfs/dk22/modoper/tempo/global/oens
/gfs/dk22/modoper/tempo/global/oens/model/datain
run
run
Vai chamar eoft
+ echo EOFT           -x-  RUNNING ...
EOFT           -x-  RUNNING ...
+ source=/gfs/home3/modoper/tempo/global/oens/eoftemp/source
+ bin=/gfs/home3/modoper/tempo/global/oens/eof/bin/T126L28
+ inp=/gfs/home3/modoper/tempo/global/oens/eof/datain
+ outp=/gfs/home3/modoper/tempo/global/oens/eoftemp/output
+ echo run
run
+ [ run = make ]
+ echo run
run
+ [ run = clean ]
+ cd /gfs/home3/modoper/tempo/global/oens/eof/bin/T126L28
+ echo ./eoftem.T126L28 < /gfs/home3/modoper/tempo/global/oens/eof/datain/eoftem07.nml > /gfs/home3/modoper/tempo/global/oens/eoftemp/output/eoftem.2012021212.16:43.T126L28
./eoftem.T126L28 < /gfs/home3/modoper/tempo/global/oens/eof/datain/eoftem07.nml > /gfs/home3/modoper/tempo/global/oens/eoftemp/output/eoftem.2012021212.16:43.T126L28
+ ./eoftem.T126L28
+ 0< /gfs/home3/modoper/tempo/global/oens/eof/datain/eoftem07.nml 1> /gfs/home3/modoper/tempo/global/oens/eoftemp/output/eoftem.2012021212.16:43.T126L28
 entrou no eoft fortran
 &DATAIN DIRI=/gfs/home3/modoper/tempo/global/oens/eof/datain/                ,
 DIRA=/gfs/dk22/modoper/tempo/global/oens/model/datain/               ,
 DIRO=/gfs/dk22/modoper/tempo/global/oens/eof/dataout/T126L28/        ,
 NAMEL=templ072012021212                                               ,
 ANAME=GANLAVN2012021212R.unf.T126L28                                                      ,
 TEMOUT=temout072012021212                                              ,
 TEMPCM=tempcm072012021212                                              ,
 TEMPER1=tempe1072012021212                                              ,
 TEMPEN1=tempn1072012021212                                               /
 
 
     ******  Program Information  ******
  Real Time (sec)       :         17.103813
  User Time (sec)       :          6.580612
  Sys  Time (sec)       :          0.388249
  Vector Time (sec)     :          5.901101
  Inst. Count           :         597134177.
  V. Inst. Count        :          72972126.
  V. Element Count      :        9156490095.
  FLOP Count            :        3164566066.
  MOPS                  :       1471.087004
  MFLOPS                :        480.892397
  VLEN                  :        125.479284
  V. Op. Ratio (%)      :         94.585468
  Memory Size (MB)      :        304.031250
  MIPS                  :         90.741441
  I-Cache (sec)         :          0.004157
  O-Cache (sec)         :          0.004071
  Bank (sec)            :          0.281361
 
  Start Time (date)  :  2012/02/12 16:43:22
  End   Time (date)  :  2012/02/12 16:43:40
Vai chamar eofw
+ echo EOFW           -x-  RUNNING ...
EOFW           -x-  RUNNING ...
+ source=/gfs/home3/modoper/tempo/global/oens/eofwind/source
+ bin=/gfs/home3/modoper/tempo/global/oens/eof/bin/T126L28
+ out=/gfs/dk22/modoper/tempo/global/oens/eof/dataout/T126L28
+ inp=/gfs/home3/modoper/tempo/global/oens/eof/datain
+ outp=/gfs/home3/modoper/tempo/global/oens/eofwind/output
+ echo run
run
+ [ run = make ]
+ echo run
run
+ [ run = clean ]
+ cd /gfs/home3/modoper/tempo/global/oens/eof/bin/T126L28
+ echo ./eofwin.T126L28 < /gfs/home3/modoper/tempo/global/oens/eof/datain/eofwin07.nml > /gfs/home3/modoper/tempo/global/oens/eofwind/output/eofwin.2012021212.16:43.T126L28
./eofwin.T126L28 < /gfs/home3/modoper/tempo/global/oens/eof/datain/eofwin07.nml > /gfs/home3/modoper/tempo/global/oens/eofwind/output/eofwin.2012021212.16:43.T126L28
+ ./eofwin.T126L28
+ 0< /gfs/home3/modoper/tempo/global/oens/eof/datain/eofwin07.nml 1> /gfs/home3/modoper/tempo/global/oens/eofwind/output/eofwin.2012021212.16:43.T126L28
 
 
     ******  Program Information  ******
  Real Time (sec)       :         59.531536
  User Time (sec)       :         11.995313
  Sys  Time (sec)       :          0.683006
  Vector Time (sec)     :         10.951517
  Inst. Count           :        1009390936.
  V. Inst. Count        :         235339319.
  V. Element Count      :       26880732674.
  FLOP Count            :        7609521173.
  MOPS                  :       2305.465923
  MFLOPS                :        634.374565
  VLEN                  :        114.221171
  V. Op. Ratio (%)      :         97.201021
  Memory Size (MB)      :        624.031250
  MIPS                  :         84.148782
  I-Cache (sec)         :          0.011087
  O-Cache (sec)         :          0.023041
  Bank (sec)            :          0.599880
 
  Start Time (date)  :  2012/02/12 16:43:40
  End   Time (date)  :  2012/02/12 16:44:39
sx6
2012021216:44
out
/gfs/home3/modoper/tempo/global/oens
/gfs/home3/modoper/tempo/global/oens
/gfs/dk22/modoper/tempo/global/oens
/gfs/dk22/modoper/tempo/global/oens/model/datain
/gfs/home3/modoper/tempo/global/oens/run/setdeco07T126L28.sx6
Date: 20120212
Hour: 16:44
2012021212
/gfs/home3/modoper/tempo/global/oens
/gfs/home3/modoper/tempo/global/oens
/gfs/dk22/modoper/tempo/global/oens
/gfs/dk22/modoper/tempo/global/oens/model/datain
run
run
+ echo Decomposition  -x-  RUNNING ...
Decomposition  -x-  RUNNING ...
+ source=/gfs/home3/modoper/tempo/global/oens/decanl/source
+ bin=/gfs/home3/modoper/tempo/global/oens/decanl/bin/T126L28
+ input=/gfs/home3/modoper/tempo/global/oens/decanl/datain
+ out=/gfs/home3/modoper/tempo/global/oens/decanl/output
+ echo run
run
+ [ run = make ]
+ echo run
run
+ [ run = clean ]
+ cd /gfs/home3/modoper/tempo/global/oens/decanl/bin/T126L28
+ ./decanl.T126L28
+ 0< /gfs/home3/modoper/tempo/global/oens/decanl/datain/decanl07.nml 1> /gfs/home3/modoper/tempo/global/oens/decanl/output/decanl.2012021212.16:44.T126L28
 
 
     ******  Program Information  ******
  Real Time (sec)       :          3.520656
  User Time (sec)       :          0.819592
  Sys  Time (sec)       :          0.061966
  Vector Time (sec)     :          0.628342
  Inst. Count           :         173583932.
  V. Inst. Count        :          21078079.
  V. Element Count      :        2292782635.
  FLOP Count            :         590251095.
  MOPS                  :       2983.542163
  MFLOPS                :        720.176387
  VLEN                  :        108.775692
  V. Op. Ratio (%)      :         93.763278
  Memory Size (MB)      :        192.031250
  MIPS                  :        211.792998
  I-Cache (sec)         :          0.000847
  O-Cache (sec)         :          0.026499
  Bank (sec)            :          0.015385
 
  Start Time (date)  :  2012/02/12 16:44:40
  End   Time (date)  :  2012/02/12 16:44:44
+ echo Decomposition  -x-  RUNNING ...
Decomposition  -x-  RUNNING ...
+ source=/gfs/home3/modoper/tempo/global/oens/decanl/source
+ bin=/gfs/home3/modoper/tempo/global/oens/decanl/bin/T126L28
+ input=/gfs/home3/modoper/tempo/global/oens/decanl/datain
+ out=/gfs/home3/modoper/tempo/global/oens/decanl/output
+ echo run
run
+ [ run = make ]
+ echo run
run
+ [ run = clean ]
+ cd /gfs/home3/modoper/tempo/global/oens/decanl/bin/T126L28
+ ./decanl.T126L28
+ 0< /gfs/home3/modoper/tempo/global/oens/decanl/datain/decanl07.nml 1> /gfs/home3/modoper/tempo/global/oens/decanl/output/decanl.2012021212.16:44.T126L28
 
 
     ******  Program Information  ******
  Real Time (sec)       :          4.073617
  User Time (sec)       :          0.819926
  Sys  Time (sec)       :          0.055819
  Vector Time (sec)     :          0.628487
  Inst. Count           :         173583827.
  V. Inst. Count        :          21078079.
  V. Element Count      :        2292782629.
  FLOP Count            :         590251095.
  MOPS                  :       2982.328439
  MFLOPS                :        719.883447
  VLEN                  :        108.775692
  V. Op. Ratio (%)      :         93.763282
  Memory Size (MB)      :        192.031250
  MIPS                  :        211.706721
  I-Cache (sec)         :          0.000833
  O-Cache (sec)         :          0.026486
  Bank (sec)            :          0.015384
 
  Start Time (date)  :  2012/02/12 16:44:44
  End   Time (date)  :  2012/02/12 16:44:48
logout
