stty: : Invalid argument
vt100
resize:  can't open terminal /dev/tty
======================================
Welcome to tupan00: SUPER-UX 14.1 SX-6
Today is Mon Feb 13 17:17:37 GMT 2012
======================================
runperreco1.sx6 126 28 02 2012021312 15 NO 07 
sx6
2012021317:17
out
/gfs/home3/modoper/tempo/global/oens
/gfs/home3/modoper/tempo/global/oens
/gfs/dk22/modoper/tempo/global/oens
/gfs/dk22/modoper/tempo/global/oens/model/datain
/gfs/home3/modoper/tempo/global/oens/run/setperreco.1.02T126L28.sx6
Date: 20120213
Hour: 17:17
2012021312


rm: ERROR: Cannot access templ022012021312: No such file or directory
-rw-r--r--    1 modoper  pnt             200 Feb 13 17:17 /gfs/home3/modoper/tempo/global/oens/eof/datain/templ022012021312
ls: ERROR: Cannot access /gfs/dk22/modoper/tempo/global/oens/recfct/dataout/T126L28/GFCT02R2012021312*.fct*: No such file or directory
sx6
PNT-EN
12021317:17
out
/gfs/home3/modoper/tempo/global/oens
/gfs/home3/modoper/tempo/global/oens
/gfs/dk22/modoper/tempo/global/oens
/gfs/dk22/modoper/tempo/global/oens/model/datain
/gfs/home3/modoper/tempo/global/oens/run/setrecfct.1.FCT02RT126L28.sx6
Date: 20120213
Hour: 17:17
FCT02R
2012021312
2012021315
GFCT02R
GFCT02R
GFCT02R
F.fct
F.fct
R.fct
/gfs/home3/modoper/tempo/global/oens
/gfs/home3/modoper/tempo/global/oens
/gfs/dk22/modoper/tempo/global/oens
/gfs/dk22/modoper/tempo/global/oens/model/datain
run
run
GFCT02R20120213122012021315F.fct.T126L28
/gfs/home3/modoper/tempo/global/oens/recfct/datain/GFCT02R20120213122012021315F.fct.T126L28
+ echo Recomposition  -x-  RUNNING ...
Recomposition  -x-  RUNNING ...
+ source=/gfs/home3/modoper/tempo/global/oens/recfct/source
+ bin=/gfs/home3/modoper/tempo/global/oens/recfct/bin/T126L28
+ input=/gfs/home3/modoper/tempo/global/oens/recfct/datain
+ out=/gfs/home3/modoper/tempo/global/oens/recfct/output
+ echo run
run
+ [ run = make ]
+ echo run
run
+ [ run = clean ]
+ cd /gfs/home3/modoper/tempo/global/oens/recfct/bin/T126L28
+ echo ./recfct.T126L28 < /gfs/home3/modoper/tempo/global/oens/recfct/datain/recfctFCT02R.nml > /gfs/home3/modoper/tempo/global/oens/recfct/output/recfct.out.2012021312.17:17.T126L28
./recfct.T126L28 < /gfs/home3/modoper/tempo/global/oens/recfct/datain/recfctFCT02R.nml > /gfs/home3/modoper/tempo/global/oens/recfct/output/recfct.out.2012021312.17:17.T126L28
+ ./recfct.T126L28
+ 0< /gfs/home3/modoper/tempo/global/oens/recfct/datain/recfctFCT02R.nml 1> /gfs/home3/modoper/tempo/global/oens/recfct/output/recfct.out.2012021312.17:17.T126L28
 
 
     ******  Program Information  ******
  Real Time (sec)       :          5.706485
  User Time (sec)       :          4.119156
  Sys  Time (sec)       :          0.061165
  Vector Time (sec)     :          0.341653
  Inst. Count           :        1596986079.
  V. Inst. Count        :          16052480.
  V. Element Count      :        1289251883.
  FLOP Count            :         534710005.
  MOPS                  :        696.789630
  MFLOPS                :        129.810561
  VLEN                  :         80.314810
  V. Op. Ratio (%)      :         44.918765
  Memory Size (MB)      :        192.031250
  MIPS                  :        387.697362
  I-Cache (sec)         :          0.000789
  O-Cache (sec)         :          0.858375
  Bank (sec)            :          0.001191
 
  Start Time (date)  :  2012/02/13 17:17:40
  End   Time (date)  :  2012/02/13 17:17:46
-rw-r--r--    1 modoper  pnt             400 Feb 13 17:17 /gfs/home3/modoper/tempo/global/oens/eof/datain/templ022012021312
sx6
PNT-EN
12021317:17
out
/gfs/home3/modoper/tempo/global/oens
/gfs/home3/modoper/tempo/global/oens
/gfs/dk22/modoper/tempo/global/oens
/gfs/dk22/modoper/tempo/global/oens/model/datain
/gfs/home3/modoper/tempo/global/oens/run/setrecfct.1.FCT02RT126L28.sx6
Date: 20120213
Hour: 17:17
FCT02R
2012021312
2012021318
GFCT02R
GFCT02R
GFCT02R
F.fct
F.fct
R.fct
/gfs/home3/modoper/tempo/global/oens
/gfs/home3/modoper/tempo/global/oens
/gfs/dk22/modoper/tempo/global/oens
/gfs/dk22/modoper/tempo/global/oens/model/datain
run
run
GFCT02R20120213122012021318F.fct.T126L28
/gfs/home3/modoper/tempo/global/oens/recfct/datain/GFCT02R20120213122012021318F.fct.T126L28
+ echo Recomposition  -x-  RUNNING ...
Recomposition  -x-  RUNNING ...
+ source=/gfs/home3/modoper/tempo/global/oens/recfct/source
+ bin=/gfs/home3/modoper/tempo/global/oens/recfct/bin/T126L28
+ input=/gfs/home3/modoper/tempo/global/oens/recfct/datain
+ out=/gfs/home3/modoper/tempo/global/oens/recfct/output
+ echo run
run
+ [ run = make ]
+ echo run
run
+ [ run = clean ]
+ cd /gfs/home3/modoper/tempo/global/oens/recfct/bin/T126L28
+ echo ./recfct.T126L28 < /gfs/home3/modoper/tempo/global/oens/recfct/datain/recfctFCT02R.nml > /gfs/home3/modoper/tempo/global/oens/recfct/output/recfct.out.2012021312.17:17.T126L28
./recfct.T126L28 < /gfs/home3/modoper/tempo/global/oens/recfct/datain/recfctFCT02R.nml > /gfs/home3/modoper/tempo/global/oens/recfct/output/recfct.out.2012021312.17:17.T126L28
+ ./recfct.T126L28
+ 0< /gfs/home3/modoper/tempo/global/oens/recfct/datain/recfctFCT02R.nml 1> /gfs/home3/modoper/tempo/global/oens/recfct/output/recfct.out.2012021312.17:17.T126L28
 
 
     ******  Program Information  ******
  Real Time (sec)       :          6.632326
  User Time (sec)       :          4.119252
  Sys  Time (sec)       :          0.060511
  Vector Time (sec)     :          0.341727
  Inst. Count           :        1596986079.
  V. Inst. Count        :          16052480.
  V. Element Count      :        1289251883.
  FLOP Count            :         534710005.
  MOPS                  :        696.773505
  MFLOPS                :        129.807556
  VLEN                  :         80.314810
  V. Op. Ratio (%)      :         44.918765
  Memory Size (MB)      :        192.031250
  MIPS                  :        387.688389
  I-Cache (sec)         :          0.000777
  O-Cache (sec)         :          0.858410
  Bank (sec)            :          0.001191
 
  Start Time (date)  :  2012/02/13 17:17:47
  End   Time (date)  :  2012/02/13 17:17:54
-rw-r--r--    1 modoper  pnt             600 Feb 13 17:17 /gfs/home3/modoper/tempo/global/oens/eof/datain/templ022012021312
sx6
PNT-EN
12021317:17
out
/gfs/home3/modoper/tempo/global/oens
/gfs/home3/modoper/tempo/global/oens
/gfs/dk22/modoper/tempo/global/oens
/gfs/dk22/modoper/tempo/global/oens/model/datain
/gfs/home3/modoper/tempo/global/oens/run/setrecfct.1.FCT02RT126L28.sx6
Date: 20120213
Hour: 17:17
FCT02R
2012021312
2012021321
GFCT02R
GFCT02R
GFCT02R
F.fct
F.fct
R.fct
/gfs/home3/modoper/tempo/global/oens
/gfs/home3/modoper/tempo/global/oens
/gfs/dk22/modoper/tempo/global/oens
/gfs/dk22/modoper/tempo/global/oens/model/datain
run
run
GFCT02R20120213122012021321F.fct.T126L28
/gfs/home3/modoper/tempo/global/oens/recfct/datain/GFCT02R20120213122012021321F.fct.T126L28
+ echo Recomposition  -x-  RUNNING ...
Recomposition  -x-  RUNNING ...
+ source=/gfs/home3/modoper/tempo/global/oens/recfct/source
+ bin=/gfs/home3/modoper/tempo/global/oens/recfct/bin/T126L28
+ input=/gfs/home3/modoper/tempo/global/oens/recfct/datain
+ out=/gfs/home3/modoper/tempo/global/oens/recfct/output
+ echo run
run
+ [ run = make ]
+ echo run
run
+ [ run = clean ]
+ cd /gfs/home3/modoper/tempo/global/oens/recfct/bin/T126L28
+ echo ./recfct.T126L28 < /gfs/home3/modoper/tempo/global/oens/recfct/datain/recfctFCT02R.nml > /gfs/home3/modoper/tempo/global/oens/recfct/output/recfct.out.2012021312.17:17.T126L28
./recfct.T126L28 < /gfs/home3/modoper/tempo/global/oens/recfct/datain/recfctFCT02R.nml > /gfs/home3/modoper/tempo/global/oens/recfct/output/recfct.out.2012021312.17:17.T126L28
+ ./recfct.T126L28
+ 0< /gfs/home3/modoper/tempo/global/oens/recfct/datain/recfctFCT02R.nml 1> /gfs/home3/modoper/tempo/global/oens/recfct/output/recfct.out.2012021312.17:17.T126L28
 
 
     ******  Program Information  ******
  Real Time (sec)       :          5.618470
  User Time (sec)       :          4.127422
  Sys  Time (sec)       :          0.059182
  Vector Time (sec)     :          0.344609
  Inst. Count           :        1596986079.
  V. Inst. Count        :          16052480.
  V. Element Count      :        1289251883.
  FLOP Count            :         534710005.
  MOPS                  :        695.394162
  MFLOPS                :        129.550588
  VLEN                  :         80.314810
  V. Op. Ratio (%)      :         44.918765
  Memory Size (MB)      :        192.031250
  MIPS                  :        386.920916
  I-Cache (sec)         :          0.000784
  O-Cache (sec)         :          0.866400
  Bank (sec)            :          0.001190
 
  Start Time (date)  :  2012/02/13 17:17:55
  End   Time (date)  :  2012/02/13 17:18:00
-rw-r--r--    1 modoper  pnt             800 Feb 13 17:18 /gfs/home3/modoper/tempo/global/oens/eof/datain/templ022012021312
sx6
PNT-EN
12021317:18
out
/gfs/home3/modoper/tempo/global/oens
/gfs/home3/modoper/tempo/global/oens
/gfs/dk22/modoper/tempo/global/oens
/gfs/dk22/modoper/tempo/global/oens/model/datain
/gfs/home3/modoper/tempo/global/oens/run/setrecfct.1.FCT02RT126L28.sx6
Date: 20120213
Hour: 17:18
FCT02R
2012021312
2012021400
GFCT02R
GFCT02R
GFCT02R
F.fct
F.fct
R.fct
/gfs/home3/modoper/tempo/global/oens
/gfs/home3/modoper/tempo/global/oens
/gfs/dk22/modoper/tempo/global/oens
/gfs/dk22/modoper/tempo/global/oens/model/datain
run
run
GFCT02R20120213122012021400F.fct.T126L28
/gfs/home3/modoper/tempo/global/oens/recfct/datain/GFCT02R20120213122012021400F.fct.T126L28
+ echo Recomposition  -x-  RUNNING ...
Recomposition  -x-  RUNNING ...
+ source=/gfs/home3/modoper/tempo/global/oens/recfct/source
+ bin=/gfs/home3/modoper/tempo/global/oens/recfct/bin/T126L28
+ input=/gfs/home3/modoper/tempo/global/oens/recfct/datain
+ out=/gfs/home3/modoper/tempo/global/oens/recfct/output
+ echo run
run
+ [ run = make ]
+ echo run
run
+ [ run = clean ]
+ cd /gfs/home3/modoper/tempo/global/oens/recfct/bin/T126L28
+ echo ./recfct.T126L28 < /gfs/home3/modoper/tempo/global/oens/recfct/datain/recfctFCT02R.nml > /gfs/home3/modoper/tempo/global/oens/recfct/output/recfct.out.2012021312.17:18.T126L28
./recfct.T126L28 < /gfs/home3/modoper/tempo/global/oens/recfct/datain/recfctFCT02R.nml > /gfs/home3/modoper/tempo/global/oens/recfct/output/recfct.out.2012021312.17:18.T126L28
+ ./recfct.T126L28
+ 0< /gfs/home3/modoper/tempo/global/oens/recfct/datain/recfctFCT02R.nml 1> /gfs/home3/modoper/tempo/global/oens/recfct/output/recfct.out.2012021312.17:18.T126L28
 
 
     ******  Program Information  ******
  Real Time (sec)       :          5.635614
  User Time (sec)       :          4.126386
  Sys  Time (sec)       :          0.060533
  Vector Time (sec)     :          0.344219
  Inst. Count           :        1596986048.
  V. Inst. Count        :          16052480.
  V. Element Count      :        1289251883.
  FLOP Count            :         534710004.
  MOPS                  :        695.568881
  MFLOPS                :        129.583139
  VLEN                  :         80.314810
  V. Op. Ratio (%)      :         44.918766
  Memory Size (MB)      :        192.031250
  MIPS                  :        387.018128
  I-Cache (sec)         :          0.000781
  O-Cache (sec)         :          0.865714
  Bank (sec)            :          0.001190
 
  Start Time (date)  :  2012/02/13 17:18:01
  End   Time (date)  :  2012/02/13 17:18:07
-rw-r--r--    1 modoper  pnt            1000 Feb 13 17:18 /gfs/home3/modoper/tempo/global/oens/eof/datain/templ022012021312
sx6
PNT-EN
12021317:18
out
/gfs/home3/modoper/tempo/global/oens
/gfs/home3/modoper/tempo/global/oens
/gfs/dk22/modoper/tempo/global/oens
/gfs/dk22/modoper/tempo/global/oens/model/datain
/gfs/home3/modoper/tempo/global/oens/run/setrecfct.1.FCT02RT126L28.sx6
Date: 20120213
Hour: 17:18
FCT02R
2012021312
2012021403
GFCT02R
GFCT02R
GFCT02R
F.fct
F.fct
R.fct
/gfs/home3/modoper/tempo/global/oens
/gfs/home3/modoper/tempo/global/oens
/gfs/dk22/modoper/tempo/global/oens
/gfs/dk22/modoper/tempo/global/oens/model/datain
run
run
GFCT02R20120213122012021403F.fct.T126L28
/gfs/home3/modoper/tempo/global/oens/recfct/datain/GFCT02R20120213122012021403F.fct.T126L28
+ echo Recomposition  -x-  RUNNING ...
Recomposition  -x-  RUNNING ...
+ source=/gfs/home3/modoper/tempo/global/oens/recfct/source
+ bin=/gfs/home3/modoper/tempo/global/oens/recfct/bin/T126L28
+ input=/gfs/home3/modoper/tempo/global/oens/recfct/datain
+ out=/gfs/home3/modoper/tempo/global/oens/recfct/output
+ echo run
run
+ [ run = make ]
+ echo run
run
+ [ run = clean ]
+ cd /gfs/home3/modoper/tempo/global/oens/recfct/bin/T126L28
+ echo ./recfct.T126L28 < /gfs/home3/modoper/tempo/global/oens/recfct/datain/recfctFCT02R.nml > /gfs/home3/modoper/tempo/global/oens/recfct/output/recfct.out.2012021312.17:18.T126L28
./recfct.T126L28 < /gfs/home3/modoper/tempo/global/oens/recfct/datain/recfctFCT02R.nml > /gfs/home3/modoper/tempo/global/oens/recfct/output/recfct.out.2012021312.17:18.T126L28
+ ./recfct.T126L28
+ 0< /gfs/home3/modoper/tempo/global/oens/recfct/datain/recfctFCT02R.nml 1> /gfs/home3/modoper/tempo/global/oens/recfct/output/recfct.out.2012021312.17:18.T126L28
 
 
     ******  Program Information  ******
  Real Time (sec)       :          5.368337
  User Time (sec)       :          4.131559
  Sys  Time (sec)       :          0.089957
  Vector Time (sec)     :          0.344812
  Inst. Count           :        1596986048.
  V. Inst. Count        :          16052480.
  V. Element Count      :        1289251883.
  FLOP Count            :         534710004.
  MOPS                  :        694.697891
  MFLOPS                :        129.420875
  VLEN                  :         80.314810
  V. Op. Ratio (%)      :         44.918766
  Memory Size (MB)      :        192.031250
  MIPS                  :        386.533504
  I-Cache (sec)         :          0.003244
  O-Cache (sec)         :          0.867682
  Bank (sec)            :          0.001190
 
  Start Time (date)  :  2012/02/13 17:18:10
  End   Time (date)  :  2012/02/13 17:18:15
-rw-r--r--    1 modoper  pnt            1200 Feb 13 17:18 /gfs/home3/modoper/tempo/global/oens/eof/datain/templ022012021312
sx6
PNT-EN
12021317:18
out
/gfs/home3/modoper/tempo/global/oens
/gfs/home3/modoper/tempo/global/oens
/gfs/dk22/modoper/tempo/global/oens
/gfs/dk22/modoper/tempo/global/oens/model/datain
/gfs/home3/modoper/tempo/global/oens/run/setrecfct.1.FCT02RT126L28.sx6
Date: 20120213
Hour: 17:18
FCT02R
2012021312
2012021406
GFCT02R
GFCT02R
GFCT02R
F.fct
F.fct
R.fct
/gfs/home3/modoper/tempo/global/oens
/gfs/home3/modoper/tempo/global/oens
/gfs/dk22/modoper/tempo/global/oens
/gfs/dk22/modoper/tempo/global/oens/model/datain
run
run
GFCT02R20120213122012021406F.fct.T126L28
/gfs/home3/modoper/tempo/global/oens/recfct/datain/GFCT02R20120213122012021406F.fct.T126L28
+ echo Recomposition  -x-  RUNNING ...
Recomposition  -x-  RUNNING ...
+ source=/gfs/home3/modoper/tempo/global/oens/recfct/source
+ bin=/gfs/home3/modoper/tempo/global/oens/recfct/bin/T126L28
+ input=/gfs/home3/modoper/tempo/global/oens/recfct/datain
+ out=/gfs/home3/modoper/tempo/global/oens/recfct/output
+ echo run
run
+ [ run = make ]
+ echo run
run
+ [ run = clean ]
+ cd /gfs/home3/modoper/tempo/global/oens/recfct/bin/T126L28
+ echo ./recfct.T126L28 < /gfs/home3/modoper/tempo/global/oens/recfct/datain/recfctFCT02R.nml > /gfs/home3/modoper/tempo/global/oens/recfct/output/recfct.out.2012021312.17:18.T126L28
./recfct.T126L28 < /gfs/home3/modoper/tempo/global/oens/recfct/datain/recfctFCT02R.nml > /gfs/home3/modoper/tempo/global/oens/recfct/output/recfct.out.2012021312.17:18.T126L28
+ ./recfct.T126L28
+ 0< /gfs/home3/modoper/tempo/global/oens/recfct/datain/recfctFCT02R.nml 1> /gfs/home3/modoper/tempo/global/oens/recfct/output/recfct.out.2012021312.17:18.T126L28
 
 
     ******  Program Information  ******
  Real Time (sec)       :          6.160174
  User Time (sec)       :          4.131605
  Sys  Time (sec)       :          0.085290
  Vector Time (sec)     :          0.344835
  Inst. Count           :        1596986048.
  V. Inst. Count        :          16052480.
  V. Element Count      :        1289251883.
  FLOP Count            :         534710004.
  MOPS                  :        694.690248
  MFLOPS                :        129.419451
  VLEN                  :         80.314810
  V. Op. Ratio (%)      :         44.918766
  Memory Size (MB)      :        192.031250
  MIPS                  :        386.529252
  I-Cache (sec)         :          0.003092
  O-Cache (sec)         :          0.867470
  Bank (sec)            :          0.001190
 
  Start Time (date)  :  2012/02/13 17:18:16
  End   Time (date)  :  2012/02/13 17:18:23
-rw-r--r--    1 modoper  pnt            1400 Feb 13 17:18 /gfs/home3/modoper/tempo/global/oens/eof/datain/templ022012021312
sx6
PNT-EN
12021317:18
out
/gfs/home3/modoper/tempo/global/oens
/gfs/home3/modoper/tempo/global/oens
/gfs/dk22/modoper/tempo/global/oens
/gfs/dk22/modoper/tempo/global/oens/model/datain
/gfs/home3/modoper/tempo/global/oens/run/setrecfct.1.FCT02RT126L28.sx6
Date: 20120213
Hour: 17:18
FCT02R
2012021312
2012021409
GFCT02R
GFCT02R
GFCT02R
F.fct
F.fct
R.fct
/gfs/home3/modoper/tempo/global/oens
/gfs/home3/modoper/tempo/global/oens
/gfs/dk22/modoper/tempo/global/oens
/gfs/dk22/modoper/tempo/global/oens/model/datain
run
run
GFCT02R20120213122012021409F.fct.T126L28
/gfs/home3/modoper/tempo/global/oens/recfct/datain/GFCT02R20120213122012021409F.fct.T126L28
+ echo Recomposition  -x-  RUNNING ...
Recomposition  -x-  RUNNING ...
+ source=/gfs/home3/modoper/tempo/global/oens/recfct/source
+ bin=/gfs/home3/modoper/tempo/global/oens/recfct/bin/T126L28
+ input=/gfs/home3/modoper/tempo/global/oens/recfct/datain
+ out=/gfs/home3/modoper/tempo/global/oens/recfct/output
+ echo run
run
+ [ run = make ]
+ echo run
run
+ [ run = clean ]
+ cd /gfs/home3/modoper/tempo/global/oens/recfct/bin/T126L28
+ echo ./recfct.T126L28 < /gfs/home3/modoper/tempo/global/oens/recfct/datain/recfctFCT02R.nml > /gfs/home3/modoper/tempo/global/oens/recfct/output/recfct.out.2012021312.17:18.T126L28
./recfct.T126L28 < /gfs/home3/modoper/tempo/global/oens/recfct/datain/recfctFCT02R.nml > /gfs/home3/modoper/tempo/global/oens/recfct/output/recfct.out.2012021312.17:18.T126L28
+ ./recfct.T126L28
+ 0< /gfs/home3/modoper/tempo/global/oens/recfct/datain/recfctFCT02R.nml 1> /gfs/home3/modoper/tempo/global/oens/recfct/output/recfct.out.2012021312.17:18.T126L28
 
 
     ******  Program Information  ******
  Real Time (sec)       :          7.698514
  User Time (sec)       :          4.147527
  Sys  Time (sec)       :          0.178334
  Vector Time (sec)     :          0.347095
  Inst. Count           :        1596986048.
  V. Inst. Count        :          16052480.
  V. Element Count      :        1289251883.
  FLOP Count            :         534710004.
  MOPS                  :        692.023303
  MFLOPS                :        128.922604
  VLEN                  :         80.314810
  V. Op. Ratio (%)      :         44.918766
  Memory Size (MB)      :        192.031250
  MIPS                  :        385.045350
  I-Cache (sec)         :          0.010198
  O-Cache (sec)         :          0.881204
  Bank (sec)            :          0.001191
 
  Start Time (date)  :  2012/02/13 17:18:24
  End   Time (date)  :  2012/02/13 17:18:32
-rw-r--r--    1 modoper  pnt            1600 Feb 13 17:18 /gfs/home3/modoper/tempo/global/oens/eof/datain/templ022012021312
sx6
PNT-EN
12021317:18
out
/gfs/home3/modoper/tempo/global/oens
/gfs/home3/modoper/tempo/global/oens
/gfs/dk22/modoper/tempo/global/oens
/gfs/dk22/modoper/tempo/global/oens/model/datain
/gfs/home3/modoper/tempo/global/oens/run/setrecfct.1.FCT02RT126L28.sx6
Date: 20120213
Hour: 17:18
FCT02R
2012021312
2012021412
GFCT02R
GFCT02R
GFCT02R
F.fct
F.fct
R.fct
/gfs/home3/modoper/tempo/global/oens
/gfs/home3/modoper/tempo/global/oens
/gfs/dk22/modoper/tempo/global/oens
/gfs/dk22/modoper/tempo/global/oens/model/datain
run
run
GFCT02R20120213122012021412F.fct.T126L28
/gfs/home3/modoper/tempo/global/oens/recfct/datain/GFCT02R20120213122012021412F.fct.T126L28
+ echo Recomposition  -x-  RUNNING ...
Recomposition  -x-  RUNNING ...
+ source=/gfs/home3/modoper/tempo/global/oens/recfct/source
+ bin=/gfs/home3/modoper/tempo/global/oens/recfct/bin/T126L28
+ input=/gfs/home3/modoper/tempo/global/oens/recfct/datain
+ out=/gfs/home3/modoper/tempo/global/oens/recfct/output
+ echo run
run
+ [ run = make ]
+ echo run
run
+ [ run = clean ]
+ cd /gfs/home3/modoper/tempo/global/oens/recfct/bin/T126L28
+ echo ./recfct.T126L28 < /gfs/home3/modoper/tempo/global/oens/recfct/datain/recfctFCT02R.nml > /gfs/home3/modoper/tempo/global/oens/recfct/output/recfct.out.2012021312.17:18.T126L28
./recfct.T126L28 < /gfs/home3/modoper/tempo/global/oens/recfct/datain/recfctFCT02R.nml > /gfs/home3/modoper/tempo/global/oens/recfct/output/recfct.out.2012021312.17:18.T126L28
+ ./recfct.T126L28
+ 0< /gfs/home3/modoper/tempo/global/oens/recfct/datain/recfctFCT02R.nml 1> /gfs/home3/modoper/tempo/global/oens/recfct/output/recfct.out.2012021312.17:18.T126L28
 
 
     ******  Program Information  ******
  Real Time (sec)       :          6.646019
  User Time (sec)       :          4.138628
  Sys  Time (sec)       :          0.094961
  Vector Time (sec)     :          0.346517
  Inst. Count           :        1596986079.
  V. Inst. Count        :          16052480.
  V. Element Count      :        1289251883.
  FLOP Count            :         534710005.
  MOPS                  :        693.511355
  MFLOPS                :        129.199824
  VLEN                  :         80.314810
  V. Op. Ratio (%)      :         44.918765
  Memory Size (MB)      :        192.031250
  MIPS                  :        385.873312
  I-Cache (sec)         :          0.004006
  O-Cache (sec)         :          0.873097
  Bank (sec)            :          0.001190
 
  Start Time (date)  :  2012/02/13 17:18:33
  End   Time (date)  :  2012/02/13 17:18:39
-rw-r--r--    1 modoper  pnt            1800 Feb 13 17:18 /gfs/home3/modoper/tempo/global/oens/eof/datain/templ022012021312
sx6
PNT-EN
12021317:18
out
/gfs/home3/modoper/tempo/global/oens
/gfs/home3/modoper/tempo/global/oens
/gfs/dk22/modoper/tempo/global/oens
/gfs/dk22/modoper/tempo/global/oens/model/datain
/gfs/home3/modoper/tempo/global/oens/run/setrecfct.1.FCT02RT126L28.sx6
Date: 20120213
Hour: 17:18
FCT02R
2012021312
2012021415
GFCT02R
GFCT02R
GFCT02R
F.fct
F.fct
R.fct
/gfs/home3/modoper/tempo/global/oens
/gfs/home3/modoper/tempo/global/oens
/gfs/dk22/modoper/tempo/global/oens
/gfs/dk22/modoper/tempo/global/oens/model/datain
run
run
GFCT02R20120213122012021415F.fct.T126L28
/gfs/home3/modoper/tempo/global/oens/recfct/datain/GFCT02R20120213122012021415F.fct.T126L28
+ echo Recomposition  -x-  RUNNING ...
Recomposition  -x-  RUNNING ...
+ source=/gfs/home3/modoper/tempo/global/oens/recfct/source
+ bin=/gfs/home3/modoper/tempo/global/oens/recfct/bin/T126L28
+ input=/gfs/home3/modoper/tempo/global/oens/recfct/datain
+ out=/gfs/home3/modoper/tempo/global/oens/recfct/output
+ echo run
run
+ [ run = make ]
+ echo run
run
+ [ run = clean ]
+ cd /gfs/home3/modoper/tempo/global/oens/recfct/bin/T126L28
+ echo ./recfct.T126L28 < /gfs/home3/modoper/tempo/global/oens/recfct/datain/recfctFCT02R.nml > /gfs/home3/modoper/tempo/global/oens/recfct/output/recfct.out.2012021312.17:18.T126L28
./recfct.T126L28 < /gfs/home3/modoper/tempo/global/oens/recfct/datain/recfctFCT02R.nml > /gfs/home3/modoper/tempo/global/oens/recfct/output/recfct.out.2012021312.17:18.T126L28
+ ./recfct.T126L28
+ 0< /gfs/home3/modoper/tempo/global/oens/recfct/datain/recfctFCT02R.nml 1> /gfs/home3/modoper/tempo/global/oens/recfct/output/recfct.out.2012021312.17:18.T126L28
 
 
     ******  Program Information  ******
  Real Time (sec)       :          6.998708
  User Time (sec)       :          4.132607
  Sys  Time (sec)       :          0.056505
  Vector Time (sec)     :          0.345974
  Inst. Count           :        1596986079.
  V. Inst. Count        :          16052480.
  V. Element Count      :        1289251883.
  FLOP Count            :         534710005.
  MOPS                  :        694.521756
  MFLOPS                :        129.388060
  VLEN                  :         80.314810
  V. Op. Ratio (%)      :         44.918765
  Memory Size (MB)      :        192.031250
  MIPS                  :        386.435505
  I-Cache (sec)         :          0.001149
  O-Cache (sec)         :          0.870189
  Bank (sec)            :          0.001190
 
  Start Time (date)  :  2012/02/13 17:18:41
  End   Time (date)  :  2012/02/13 17:18:48
-rw-r--r--    1 modoper  pnt            2000 Feb 13 17:18 /gfs/home3/modoper/tempo/global/oens/eof/datain/templ022012021312
sx6
PNT-EN
12021317:18
out
/gfs/home3/modoper/tempo/global/oens
/gfs/home3/modoper/tempo/global/oens
/gfs/dk22/modoper/tempo/global/oens
/gfs/dk22/modoper/tempo/global/oens/model/datain
/gfs/home3/modoper/tempo/global/oens/run/setrecfct.1.FCT02RT126L28.sx6
Date: 20120213
Hour: 17:18
FCT02R
2012021312
2012021418
GFCT02R
GFCT02R
GFCT02R
F.fct
F.fct
R.fct
/gfs/home3/modoper/tempo/global/oens
/gfs/home3/modoper/tempo/global/oens
/gfs/dk22/modoper/tempo/global/oens
/gfs/dk22/modoper/tempo/global/oens/model/datain
run
run
GFCT02R20120213122012021418F.fct.T126L28
/gfs/home3/modoper/tempo/global/oens/recfct/datain/GFCT02R20120213122012021418F.fct.T126L28
+ echo Recomposition  -x-  RUNNING ...
Recomposition  -x-  RUNNING ...
+ source=/gfs/home3/modoper/tempo/global/oens/recfct/source
+ bin=/gfs/home3/modoper/tempo/global/oens/recfct/bin/T126L28
+ input=/gfs/home3/modoper/tempo/global/oens/recfct/datain
+ out=/gfs/home3/modoper/tempo/global/oens/recfct/output
+ echo run
run
+ [ run = make ]
+ echo run
run
+ [ run = clean ]
+ cd /gfs/home3/modoper/tempo/global/oens/recfct/bin/T126L28
+ echo ./recfct.T126L28 < /gfs/home3/modoper/tempo/global/oens/recfct/datain/recfctFCT02R.nml > /gfs/home3/modoper/tempo/global/oens/recfct/output/recfct.out.2012021312.17:18.T126L28
./recfct.T126L28 < /gfs/home3/modoper/tempo/global/oens/recfct/datain/recfctFCT02R.nml > /gfs/home3/modoper/tempo/global/oens/recfct/output/recfct.out.2012021312.17:18.T126L28
+ ./recfct.T126L28
+ 0< /gfs/home3/modoper/tempo/global/oens/recfct/datain/recfctFCT02R.nml 1> /gfs/home3/modoper/tempo/global/oens/recfct/output/recfct.out.2012021312.17:18.T126L28
 
 
     ******  Program Information  ******
  Real Time (sec)       :          5.895709
  User Time (sec)       :          4.130927
  Sys  Time (sec)       :          0.062134
  Vector Time (sec)     :          0.345532
  Inst. Count           :        1596986079.
  V. Inst. Count        :          16052480.
  V. Element Count      :        1289251883.
  FLOP Count            :         534710005.
  MOPS                  :        694.804190
  MFLOPS                :        129.440677
  VLEN                  :         80.314810
  V. Op. Ratio (%)      :         44.918765
  Memory Size (MB)      :        192.031250
  MIPS                  :        386.592653
  I-Cache (sec)         :          0.001129
  O-Cache (sec)         :          0.868932
  Bank (sec)            :          0.001190
 
  Start Time (date)  :  2012/02/13 17:18:49
  End   Time (date)  :  2012/02/13 17:18:55
-rw-r--r--    1 modoper  pnt            2200 Feb 13 17:18 /gfs/home3/modoper/tempo/global/oens/eof/datain/templ022012021312
sx6
PNT-EN
12021317:18
out
/gfs/home3/modoper/tempo/global/oens
/gfs/home3/modoper/tempo/global/oens
/gfs/dk22/modoper/tempo/global/oens
/gfs/dk22/modoper/tempo/global/oens/model/datain
/gfs/home3/modoper/tempo/global/oens/run/setrecfct.1.FCT02RT126L28.sx6
Date: 20120213
Hour: 17:18
FCT02R
2012021312
2012021421
GFCT02R
GFCT02R
GFCT02R
F.fct
F.fct
R.fct
/gfs/home3/modoper/tempo/global/oens
/gfs/home3/modoper/tempo/global/oens
/gfs/dk22/modoper/tempo/global/oens
/gfs/dk22/modoper/tempo/global/oens/model/datain
run
run
GFCT02R20120213122012021421F.fct.T126L28
/gfs/home3/modoper/tempo/global/oens/recfct/datain/GFCT02R20120213122012021421F.fct.T126L28
+ echo Recomposition  -x-  RUNNING ...
Recomposition  -x-  RUNNING ...
+ source=/gfs/home3/modoper/tempo/global/oens/recfct/source
+ bin=/gfs/home3/modoper/tempo/global/oens/recfct/bin/T126L28
+ input=/gfs/home3/modoper/tempo/global/oens/recfct/datain
+ out=/gfs/home3/modoper/tempo/global/oens/recfct/output
+ echo run
run
+ [ run = make ]
+ echo run
run
+ [ run = clean ]
+ cd /gfs/home3/modoper/tempo/global/oens/recfct/bin/T126L28
+ echo ./recfct.T126L28 < /gfs/home3/modoper/tempo/global/oens/recfct/datain/recfctFCT02R.nml > /gfs/home3/modoper/tempo/global/oens/recfct/output/recfct.out.2012021312.17:18.T126L28
./recfct.T126L28 < /gfs/home3/modoper/tempo/global/oens/recfct/datain/recfctFCT02R.nml > /gfs/home3/modoper/tempo/global/oens/recfct/output/recfct.out.2012021312.17:18.T126L28
+ ./recfct.T126L28
+ 0< /gfs/home3/modoper/tempo/global/oens/recfct/datain/recfctFCT02R.nml 1> /gfs/home3/modoper/tempo/global/oens/recfct/output/recfct.out.2012021312.17:18.T126L28
 
 
     ******  Program Information  ******
  Real Time (sec)       :         15.665843
  User Time (sec)       :          4.126933
  Sys  Time (sec)       :          0.063551
  Vector Time (sec)     :          0.344312
  Inst. Count           :        1596986079.
  V. Inst. Count        :          16052480.
  V. Element Count      :        1289251883.
  FLOP Count            :         534710005.
  MOPS                  :        695.476629
  MFLOPS                :        129.565951
  VLEN                  :         80.314810
  V. Op. Ratio (%)      :         44.918765
  Memory Size (MB)      :        192.031250
  MIPS                  :        386.966801
  I-Cache (sec)         :          0.000993
  O-Cache (sec)         :          0.863782
  Bank (sec)            :          0.001189
 
  Start Time (date)  :  2012/02/13 17:18:56
  End   Time (date)  :  2012/02/13 17:19:12
-rw-r--r--    1 modoper  pnt            2400 Feb 13 17:19 /gfs/home3/modoper/tempo/global/oens/eof/datain/templ022012021312
sx6
PNT-EN
12021317:19
out
/gfs/home3/modoper/tempo/global/oens
/gfs/home3/modoper/tempo/global/oens
/gfs/dk22/modoper/tempo/global/oens
/gfs/dk22/modoper/tempo/global/oens/model/datain
/gfs/home3/modoper/tempo/global/oens/run/setrecfct.1.FCT02RT126L28.sx6
Date: 20120213
Hour: 17:19
FCT02R
2012021312
2012021500
GFCT02R
GFCT02R
GFCT02R
F.fct
F.fct
R.fct
/gfs/home3/modoper/tempo/global/oens
/gfs/home3/modoper/tempo/global/oens
/gfs/dk22/modoper/tempo/global/oens
/gfs/dk22/modoper/tempo/global/oens/model/datain
run
run
GFCT02R20120213122012021500F.fct.T126L28
/gfs/home3/modoper/tempo/global/oens/recfct/datain/GFCT02R20120213122012021500F.fct.T126L28
+ echo Recomposition  -x-  RUNNING ...
Recomposition  -x-  RUNNING ...
+ source=/gfs/home3/modoper/tempo/global/oens/recfct/source
+ bin=/gfs/home3/modoper/tempo/global/oens/recfct/bin/T126L28
+ input=/gfs/home3/modoper/tempo/global/oens/recfct/datain
+ out=/gfs/home3/modoper/tempo/global/oens/recfct/output
+ echo run
run
+ [ run = make ]
+ echo run
run
+ [ run = clean ]
+ cd /gfs/home3/modoper/tempo/global/oens/recfct/bin/T126L28
+ echo ./recfct.T126L28 < /gfs/home3/modoper/tempo/global/oens/recfct/datain/recfctFCT02R.nml > /gfs/home3/modoper/tempo/global/oens/recfct/output/recfct.out.2012021312.17:19.T126L28
./recfct.T126L28 < /gfs/home3/modoper/tempo/global/oens/recfct/datain/recfctFCT02R.nml > /gfs/home3/modoper/tempo/global/oens/recfct/output/recfct.out.2012021312.17:19.T126L28
+ ./recfct.T126L28
+ 0< /gfs/home3/modoper/tempo/global/oens/recfct/datain/recfctFCT02R.nml 1> /gfs/home3/modoper/tempo/global/oens/recfct/output/recfct.out.2012021312.17:19.T126L28
 
 
     ******  Program Information  ******
  Real Time (sec)       :          9.754991
  User Time (sec)       :          4.134458
  Sys  Time (sec)       :          0.061674
  Vector Time (sec)     :          0.346578
  Inst. Count           :        1596986048.
  V. Inst. Count        :          16052480.
  V. Element Count      :        1289251883.
  FLOP Count            :         534710004.
  MOPS                  :        694.210824
  MFLOPS                :        129.330135
  VLEN                  :         80.314810
  V. Op. Ratio (%)      :         44.918766
  Memory Size (MB)      :        192.031250
  MIPS                  :        386.262498
  I-Cache (sec)         :          0.000869
  O-Cache (sec)         :          0.871384
  Bank (sec)            :          0.001190
 
  Start Time (date)  :  2012/02/13 17:19:14
  End   Time (date)  :  2012/02/13 17:19:24
sx6
2012021317:19
out
/gfs/home3/modoper/tempo/global/oens
/gfs/home3/modoper/tempo/global/oens
/gfs/dk22/modoper/tempo/global/oens
/gfs/dk22/modoper/tempo/global/oens/model/datain
/gfs/home3/modoper/tempo/global/oens/run/seteofs.1.02T126L28.sx6
02
Date: 20120213
Hour: 17:19
2012021312
/gfs/home3/modoper/tempo/global/oens
/gfs/home3/modoper/tempo/global/oens
/gfs/dk22/modoper/tempo/global/oens
/gfs/dk22/modoper/tempo/global/oens/model/datain
run
run
Vai chamar eoft
+ echo EOFT           -x-  RUNNING ...
EOFT           -x-  RUNNING ...
+ source=/gfs/home3/modoper/tempo/global/oens/eoftemp/source
+ bin=/gfs/home3/modoper/tempo/global/oens/eof/bin/T126L28
+ inp=/gfs/home3/modoper/tempo/global/oens/eof/datain
+ outp=/gfs/home3/modoper/tempo/global/oens/eoftemp/output
+ echo run
run
+ [ run = make ]
+ echo run
run
+ [ run = clean ]
+ cd /gfs/home3/modoper/tempo/global/oens/eof/bin/T126L28
+ echo ./eoftem.T126L28 < /gfs/home3/modoper/tempo/global/oens/eof/datain/eoftem02.nml > /gfs/home3/modoper/tempo/global/oens/eoftemp/output/eoftem.2012021312.17:19.T126L28
./eoftem.T126L28 < /gfs/home3/modoper/tempo/global/oens/eof/datain/eoftem02.nml > /gfs/home3/modoper/tempo/global/oens/eoftemp/output/eoftem.2012021312.17:19.T126L28
+ ./eoftem.T126L28
+ 0< /gfs/home3/modoper/tempo/global/oens/eof/datain/eoftem02.nml 1> /gfs/home3/modoper/tempo/global/oens/eoftemp/output/eoftem.2012021312.17:19.T126L28
 entrou no eoft fortran
 &DATAIN DIRI=/gfs/home3/modoper/tempo/global/oens/eof/datain/                ,
 DIRA=/gfs/dk22/modoper/tempo/global/oens/model/datain/               ,
 DIRO=/gfs/dk22/modoper/tempo/global/oens/eof/dataout/T126L28/        ,
 NAMEL=templ022012021312                                               ,
 ANAME=GANLAVN2012021312R.unf.T126L28                                                      ,
 TEMOUT=temout022012021312                                              ,
 TEMPCM=tempcm022012021312                                              ,
 TEMPER1=tempe1022012021312                                              ,
 TEMPEN1=tempn1022012021312                                               /
 
 
     ******  Program Information  ******
  Real Time (sec)       :         17.249856
  User Time (sec)       :          6.583109
  Sys  Time (sec)       :          0.470579
  Vector Time (sec)     :          5.905910
  Inst. Count           :         597134543.
  V. Inst. Count        :          72972118.
  V. Element Count      :        9156490039.
  FLOP Count            :        3164566055.
  MOPS                  :       1470.529011
  MFLOPS                :        480.709974
  VLEN                  :        125.479297
  V. Op. Ratio (%)      :         94.585464
  Memory Size (MB)      :        304.031250
  MIPS                  :         90.707075
  I-Cache (sec)         :          0.006399
  O-Cache (sec)         :          0.007461
  Bank (sec)            :          0.281362
 
  Start Time (date)  :  2012/02/13 17:19:26
  End   Time (date)  :  2012/02/13 17:19:43
Vai chamar eofw
+ echo EOFW           -x-  RUNNING ...
EOFW           -x-  RUNNING ...
+ source=/gfs/home3/modoper/tempo/global/oens/eofwind/source
+ bin=/gfs/home3/modoper/tempo/global/oens/eof/bin/T126L28
+ out=/gfs/dk22/modoper/tempo/global/oens/eof/dataout/T126L28
+ inp=/gfs/home3/modoper/tempo/global/oens/eof/datain
+ outp=/gfs/home3/modoper/tempo/global/oens/eofwind/output
+ echo run
run
+ [ run = make ]
+ echo run
run
+ [ run = clean ]
+ cd /gfs/home3/modoper/tempo/global/oens/eof/bin/T126L28
+ echo ./eofwin.T126L28 < /gfs/home3/modoper/tempo/global/oens/eof/datain/eofwin02.nml > /gfs/home3/modoper/tempo/global/oens/eofwind/output/eofwin.2012021312.17:19.T126L28
./eofwin.T126L28 < /gfs/home3/modoper/tempo/global/oens/eof/datain/eofwin02.nml > /gfs/home3/modoper/tempo/global/oens/eofwind/output/eofwin.2012021312.17:19.T126L28
+ ./eofwin.T126L28
+ 0< /gfs/home3/modoper/tempo/global/oens/eof/datain/eofwin02.nml 1> /gfs/home3/modoper/tempo/global/oens/eofwind/output/eofwin.2012021312.17:19.T126L28
 
 
     ******  Program Information  ******
  Real Time (sec)       :         60.113140
  User Time (sec)       :         12.000025
  Sys  Time (sec)       :          0.603134
  Vector Time (sec)     :         10.950717
  Inst. Count           :        1009390752.
  V. Inst. Count        :         235339315.
  V. Element Count      :       26880732630.
  FLOP Count            :        7609521146.
  MOPS                  :       2304.560546
  MFLOPS                :        634.125443
  VLEN                  :        114.221173
  V. Op. Ratio (%)      :         97.201022
  Memory Size (MB)      :        624.031250
  MIPS                  :         84.115721
  I-Cache (sec)         :          0.007718
  O-Cache (sec)         :          0.018348
  Bank (sec)            :          0.599880
 
  Start Time (date)  :  2012/02/13 17:19:44
  End   Time (date)  :  2012/02/13 17:20:44
sx6
2012021317:20
out
/gfs/home3/modoper/tempo/global/oens
/gfs/home3/modoper/tempo/global/oens
/gfs/dk22/modoper/tempo/global/oens
/gfs/dk22/modoper/tempo/global/oens/model/datain
/gfs/home3/modoper/tempo/global/oens/run/setdeco02T126L28.sx6
Date: 20120213
Hour: 17:20
2012021312
/gfs/home3/modoper/tempo/global/oens
/gfs/home3/modoper/tempo/global/oens
/gfs/dk22/modoper/tempo/global/oens
/gfs/dk22/modoper/tempo/global/oens/model/datain
run
run
+ echo Decomposition  -x-  RUNNING ...
Decomposition  -x-  RUNNING ...
+ source=/gfs/home3/modoper/tempo/global/oens/decanl/source
+ bin=/gfs/home3/modoper/tempo/global/oens/decanl/bin/T126L28
+ input=/gfs/home3/modoper/tempo/global/oens/decanl/datain
+ out=/gfs/home3/modoper/tempo/global/oens/decanl/output
+ echo run
run
+ [ run = make ]
+ echo run
run
+ [ run = clean ]
+ cd /gfs/home3/modoper/tempo/global/oens/decanl/bin/T126L28
+ ./decanl.T126L28
+ 0< /gfs/home3/modoper/tempo/global/oens/decanl/datain/decanl02.nml 1> /gfs/home3/modoper/tempo/global/oens/decanl/output/decanl.2012021312.17:20.T126L28
 
 
     ******  Program Information  ******
  Real Time (sec)       :          3.527359
  User Time (sec)       :          0.825211
  Sys  Time (sec)       :          0.061169
  Vector Time (sec)     :          0.634728
  Inst. Count           :         173583932.
  V. Inst. Count        :          21078079.
  V. Element Count      :        2292782635.
  FLOP Count            :         590251095.
  MOPS                  :       2963.228077
  MFLOPS                :        715.272912
  VLEN                  :        108.775692
  V. Op. Ratio (%)      :         93.763278
  Memory Size (MB)      :        192.031250
  MIPS                  :        210.350960
  I-Cache (sec)         :          0.000860
  O-Cache (sec)         :          0.026311
  Bank (sec)            :          0.015376
 
  Start Time (date)  :  2012/02/13 17:20:45
  End   Time (date)  :  2012/02/13 17:20:48
+ echo Decomposition  -x-  RUNNING ...
Decomposition  -x-  RUNNING ...
+ source=/gfs/home3/modoper/tempo/global/oens/decanl/source
+ bin=/gfs/home3/modoper/tempo/global/oens/decanl/bin/T126L28
+ input=/gfs/home3/modoper/tempo/global/oens/decanl/datain
+ out=/gfs/home3/modoper/tempo/global/oens/decanl/output
+ echo run
run
+ [ run = make ]
+ echo run
run
+ [ run = clean ]
+ cd /gfs/home3/modoper/tempo/global/oens/decanl/bin/T126L28
+ ./decanl.T126L28
+ 0< /gfs/home3/modoper/tempo/global/oens/decanl/datain/decanl02.nml 1> /gfs/home3/modoper/tempo/global/oens/decanl/output/decanl.2012021312.17:20.T126L28
 
 
     ******  Program Information  ******
  Real Time (sec)       :          3.686604
  User Time (sec)       :          0.820487
  Sys  Time (sec)       :          0.058205
  Vector Time (sec)     :          0.629292
  Inst. Count           :         173583827.
  V. Inst. Count        :          21078079.
  V. Element Count      :        2292782629.
  FLOP Count            :         590251095.
  MOPS                  :       2980.287898
  MFLOPS                :        719.390896
  VLEN                  :        108.775692
  V. Op. Ratio (%)      :         93.763282
  Memory Size (MB)      :        192.031250
  MIPS                  :        211.561869
  I-Cache (sec)         :          0.000998
  O-Cache (sec)         :          0.026501
  Bank (sec)            :          0.015382
 
  Start Time (date)  :  2012/02/13 17:20:48
  End   Time (date)  :  2012/02/13 17:20:52
logout
