stty: : Invalid argument
vt100
resize:  can't open terminal /dev/tty
======================================
Welcome to tupan00: SUPER-UX 14.1 SX-6
Today is Mon Feb 13 17:17:55 GMT 2012
======================================
runperreco1.sx6 126 28 04 2012021312 15 NO 07 
sx6
2012021317:17
out
/gfs/home3/modoper/tempo/global/oens
/gfs/home3/modoper/tempo/global/oens
/gfs/dk22/modoper/tempo/global/oens
/gfs/dk22/modoper/tempo/global/oens/model/datain
/gfs/home3/modoper/tempo/global/oens/run/setperreco.1.04T126L28.sx6
Date: 20120213
Hour: 17:17
2012021312


rm: ERROR: Cannot access templ042012021312: No such file or directory
-rw-r--r--    1 modoper  pnt             200 Feb 13 17:17 /gfs/home3/modoper/tempo/global/oens/eof/datain/templ042012021312
ls: ERROR: Cannot access /gfs/dk22/modoper/tempo/global/oens/recfct/dataout/T126L28/GFCT04R2012021312*.fct*: No such file or directory
sx6
PNT-EN
12021317:17
out
/gfs/home3/modoper/tempo/global/oens
/gfs/home3/modoper/tempo/global/oens
/gfs/dk22/modoper/tempo/global/oens
/gfs/dk22/modoper/tempo/global/oens/model/datain
/gfs/home3/modoper/tempo/global/oens/run/setrecfct.1.FCT04RT126L28.sx6
Date: 20120213
Hour: 17:17
FCT04R
2012021312
2012021315
GFCT04R
GFCT04R
GFCT04R
F.fct
F.fct
R.fct
/gfs/home3/modoper/tempo/global/oens
/gfs/home3/modoper/tempo/global/oens
/gfs/dk22/modoper/tempo/global/oens
/gfs/dk22/modoper/tempo/global/oens/model/datain
run
run
GFCT04R20120213122012021315F.fct.T126L28
/gfs/home3/modoper/tempo/global/oens/recfct/datain/GFCT04R20120213122012021315F.fct.T126L28
+ echo Recomposition  -x-  RUNNING ...
Recomposition  -x-  RUNNING ...
+ source=/gfs/home3/modoper/tempo/global/oens/recfct/source
+ bin=/gfs/home3/modoper/tempo/global/oens/recfct/bin/T126L28
+ input=/gfs/home3/modoper/tempo/global/oens/recfct/datain
+ out=/gfs/home3/modoper/tempo/global/oens/recfct/output
+ echo run
run
+ [ run = make ]
+ echo run
run
+ [ run = clean ]
+ cd /gfs/home3/modoper/tempo/global/oens/recfct/bin/T126L28
+ echo ./recfct.T126L28 < /gfs/home3/modoper/tempo/global/oens/recfct/datain/recfctFCT04R.nml > /gfs/home3/modoper/tempo/global/oens/recfct/output/recfct.out.2012021312.17:17.T126L28
./recfct.T126L28 < /gfs/home3/modoper/tempo/global/oens/recfct/datain/recfctFCT04R.nml > /gfs/home3/modoper/tempo/global/oens/recfct/output/recfct.out.2012021312.17:17.T126L28
+ ./recfct.T126L28
+ 0< /gfs/home3/modoper/tempo/global/oens/recfct/datain/recfctFCT04R.nml 1> /gfs/home3/modoper/tempo/global/oens/recfct/output/recfct.out.2012021312.17:17.T126L28
 
 
     ******  Program Information  ******
  Real Time (sec)       :          5.452374
  User Time (sec)       :          4.129137
  Sys  Time (sec)       :          0.089864
  Vector Time (sec)     :          0.344238
  Inst. Count           :        1596986079.
  V. Inst. Count        :          16052480.
  V. Element Count      :        1289251883.
  FLOP Count            :         534710005.
  MOPS                  :        695.105411
  MFLOPS                :        129.496794
  VLEN                  :         80.314810
  V. Op. Ratio (%)      :         44.918765
  Memory Size (MB)      :        192.031250
  MIPS                  :        386.760253
  I-Cache (sec)         :          0.003541
  O-Cache (sec)         :          0.866076
  Bank (sec)            :          0.001191
 
  Start Time (date)  :  2012/02/13 17:17:58
  End   Time (date)  :  2012/02/13 17:18:03
-rw-r--r--    1 modoper  pnt             400 Feb 13 17:18 /gfs/home3/modoper/tempo/global/oens/eof/datain/templ042012021312
sx6
PNT-EN
12021317:18
out
/gfs/home3/modoper/tempo/global/oens
/gfs/home3/modoper/tempo/global/oens
/gfs/dk22/modoper/tempo/global/oens
/gfs/dk22/modoper/tempo/global/oens/model/datain
/gfs/home3/modoper/tempo/global/oens/run/setrecfct.1.FCT04RT126L28.sx6
Date: 20120213
Hour: 17:18
FCT04R
2012021312
2012021318
GFCT04R
GFCT04R
GFCT04R
F.fct
F.fct
R.fct
/gfs/home3/modoper/tempo/global/oens
/gfs/home3/modoper/tempo/global/oens
/gfs/dk22/modoper/tempo/global/oens
/gfs/dk22/modoper/tempo/global/oens/model/datain
run
run
GFCT04R20120213122012021318F.fct.T126L28
/gfs/home3/modoper/tempo/global/oens/recfct/datain/GFCT04R20120213122012021318F.fct.T126L28
+ echo Recomposition  -x-  RUNNING ...
Recomposition  -x-  RUNNING ...
+ source=/gfs/home3/modoper/tempo/global/oens/recfct/source
+ bin=/gfs/home3/modoper/tempo/global/oens/recfct/bin/T126L28
+ input=/gfs/home3/modoper/tempo/global/oens/recfct/datain
+ out=/gfs/home3/modoper/tempo/global/oens/recfct/output
+ echo run
run
+ [ run = make ]
+ echo run
run
+ [ run = clean ]
+ cd /gfs/home3/modoper/tempo/global/oens/recfct/bin/T126L28
+ echo ./recfct.T126L28 < /gfs/home3/modoper/tempo/global/oens/recfct/datain/recfctFCT04R.nml > /gfs/home3/modoper/tempo/global/oens/recfct/output/recfct.out.2012021312.17:18.T126L28
./recfct.T126L28 < /gfs/home3/modoper/tempo/global/oens/recfct/datain/recfctFCT04R.nml > /gfs/home3/modoper/tempo/global/oens/recfct/output/recfct.out.2012021312.17:18.T126L28
+ ./recfct.T126L28
+ 0< /gfs/home3/modoper/tempo/global/oens/recfct/datain/recfctFCT04R.nml 1> /gfs/home3/modoper/tempo/global/oens/recfct/output/recfct.out.2012021312.17:18.T126L28
 
 
     ******  Program Information  ******
  Real Time (sec)       :          6.058006
  User Time (sec)       :          4.124632
  Sys  Time (sec)       :          0.066515
  Vector Time (sec)     :          0.343484
  Inst. Count           :        1596986079.
  V. Inst. Count        :          16052480.
  V. Element Count      :        1289251883.
  FLOP Count            :         534710005.
  MOPS                  :        695.864619
  MFLOPS                :        129.638233
  VLEN                  :         80.314810
  V. Op. Ratio (%)      :         44.918765
  Memory Size (MB)      :        192.031250
  MIPS                  :        387.182681
  I-Cache (sec)         :          0.001848
  O-Cache (sec)         :          0.862170
  Bank (sec)            :          0.001191
 
  Start Time (date)  :  2012/02/13 17:18:04
  End   Time (date)  :  2012/02/13 17:18:10
-rw-r--r--    1 modoper  pnt             600 Feb 13 17:18 /gfs/home3/modoper/tempo/global/oens/eof/datain/templ042012021312
sx6
PNT-EN
12021317:18
out
/gfs/home3/modoper/tempo/global/oens
/gfs/home3/modoper/tempo/global/oens
/gfs/dk22/modoper/tempo/global/oens
/gfs/dk22/modoper/tempo/global/oens/model/datain
/gfs/home3/modoper/tempo/global/oens/run/setrecfct.1.FCT04RT126L28.sx6
Date: 20120213
Hour: 17:18
FCT04R
2012021312
2012021321
GFCT04R
GFCT04R
GFCT04R
F.fct
F.fct
R.fct
/gfs/home3/modoper/tempo/global/oens
/gfs/home3/modoper/tempo/global/oens
/gfs/dk22/modoper/tempo/global/oens
/gfs/dk22/modoper/tempo/global/oens/model/datain
run
run
GFCT04R20120213122012021321F.fct.T126L28
/gfs/home3/modoper/tempo/global/oens/recfct/datain/GFCT04R20120213122012021321F.fct.T126L28
+ echo Recomposition  -x-  RUNNING ...
Recomposition  -x-  RUNNING ...
+ source=/gfs/home3/modoper/tempo/global/oens/recfct/source
+ bin=/gfs/home3/modoper/tempo/global/oens/recfct/bin/T126L28
+ input=/gfs/home3/modoper/tempo/global/oens/recfct/datain
+ out=/gfs/home3/modoper/tempo/global/oens/recfct/output
+ echo run
run
+ [ run = make ]
+ echo run
run
+ [ run = clean ]
+ cd /gfs/home3/modoper/tempo/global/oens/recfct/bin/T126L28
+ echo ./recfct.T126L28 < /gfs/home3/modoper/tempo/global/oens/recfct/datain/recfctFCT04R.nml > /gfs/home3/modoper/tempo/global/oens/recfct/output/recfct.out.2012021312.17:18.T126L28
./recfct.T126L28 < /gfs/home3/modoper/tempo/global/oens/recfct/datain/recfctFCT04R.nml > /gfs/home3/modoper/tempo/global/oens/recfct/output/recfct.out.2012021312.17:18.T126L28
+ ./recfct.T126L28
+ 0< /gfs/home3/modoper/tempo/global/oens/recfct/datain/recfctFCT04R.nml 1> /gfs/home3/modoper/tempo/global/oens/recfct/output/recfct.out.2012021312.17:18.T126L28
 
 
     ******  Program Information  ******
  Real Time (sec)       :          5.479168
  User Time (sec)       :          4.127085
  Sys  Time (sec)       :          0.058754
  Vector Time (sec)     :          0.344345
  Inst. Count           :        1596986079.
  V. Inst. Count        :          16052480.
  V. Element Count      :        1289251883.
  FLOP Count            :         534710005.
  MOPS                  :        695.451057
  MFLOPS                :        129.561187
  VLEN                  :         80.314810
  V. Op. Ratio (%)      :         44.918765
  Memory Size (MB)      :        192.031250
  MIPS                  :        386.952573
  I-Cache (sec)         :          0.000846
  O-Cache (sec)         :          0.866047
  Bank (sec)            :          0.001190
 
  Start Time (date)  :  2012/02/13 17:18:11
  End   Time (date)  :  2012/02/13 17:18:17
-rw-r--r--    1 modoper  pnt             800 Feb 13 17:18 /gfs/home3/modoper/tempo/global/oens/eof/datain/templ042012021312
sx6
PNT-EN
12021317:18
out
/gfs/home3/modoper/tempo/global/oens
/gfs/home3/modoper/tempo/global/oens
/gfs/dk22/modoper/tempo/global/oens
/gfs/dk22/modoper/tempo/global/oens/model/datain
/gfs/home3/modoper/tempo/global/oens/run/setrecfct.1.FCT04RT126L28.sx6
Date: 20120213
Hour: 17:18
FCT04R
2012021312
2012021400
GFCT04R
GFCT04R
GFCT04R
F.fct
F.fct
R.fct
/gfs/home3/modoper/tempo/global/oens
/gfs/home3/modoper/tempo/global/oens
/gfs/dk22/modoper/tempo/global/oens
/gfs/dk22/modoper/tempo/global/oens/model/datain
run
run
GFCT04R20120213122012021400F.fct.T126L28
/gfs/home3/modoper/tempo/global/oens/recfct/datain/GFCT04R20120213122012021400F.fct.T126L28
+ echo Recomposition  -x-  RUNNING ...
Recomposition  -x-  RUNNING ...
+ source=/gfs/home3/modoper/tempo/global/oens/recfct/source
+ bin=/gfs/home3/modoper/tempo/global/oens/recfct/bin/T126L28
+ input=/gfs/home3/modoper/tempo/global/oens/recfct/datain
+ out=/gfs/home3/modoper/tempo/global/oens/recfct/output
+ echo run
run
+ [ run = make ]
+ echo run
run
+ [ run = clean ]
+ cd /gfs/home3/modoper/tempo/global/oens/recfct/bin/T126L28
+ echo ./recfct.T126L28 < /gfs/home3/modoper/tempo/global/oens/recfct/datain/recfctFCT04R.nml > /gfs/home3/modoper/tempo/global/oens/recfct/output/recfct.out.2012021312.17:18.T126L28
./recfct.T126L28 < /gfs/home3/modoper/tempo/global/oens/recfct/datain/recfctFCT04R.nml > /gfs/home3/modoper/tempo/global/oens/recfct/output/recfct.out.2012021312.17:18.T126L28
+ ./recfct.T126L28
+ 0< /gfs/home3/modoper/tempo/global/oens/recfct/datain/recfctFCT04R.nml 1> /gfs/home3/modoper/tempo/global/oens/recfct/output/recfct.out.2012021312.17:18.T126L28
 
 
     ******  Program Information  ******
  Real Time (sec)       :          6.761887
  User Time (sec)       :          4.127360
  Sys  Time (sec)       :          0.059537
  Vector Time (sec)     :          0.344251
  Inst. Count           :        1596986048.
  V. Inst. Count        :          16052480.
  V. Element Count      :        1289251883.
  FLOP Count            :         534710004.
  MOPS                  :        695.404673
  MFLOPS                :        129.552547
  VLEN                  :         80.314810
  V. Op. Ratio (%)      :         44.918766
  Memory Size (MB)      :        192.031250
  MIPS                  :        386.926761
  I-Cache (sec)         :          0.001093
  O-Cache (sec)         :          0.866346
  Bank (sec)            :          0.001190
 
  Start Time (date)  :  2012/02/13 17:18:18
  End   Time (date)  :  2012/02/13 17:18:24
-rw-r--r--    1 modoper  pnt            1000 Feb 13 17:18 /gfs/home3/modoper/tempo/global/oens/eof/datain/templ042012021312
sx6
PNT-EN
12021317:18
out
/gfs/home3/modoper/tempo/global/oens
/gfs/home3/modoper/tempo/global/oens
/gfs/dk22/modoper/tempo/global/oens
/gfs/dk22/modoper/tempo/global/oens/model/datain
/gfs/home3/modoper/tempo/global/oens/run/setrecfct.1.FCT04RT126L28.sx6
Date: 20120213
Hour: 17:18
FCT04R
2012021312
2012021403
GFCT04R
GFCT04R
GFCT04R
F.fct
F.fct
R.fct
/gfs/home3/modoper/tempo/global/oens
/gfs/home3/modoper/tempo/global/oens
/gfs/dk22/modoper/tempo/global/oens
/gfs/dk22/modoper/tempo/global/oens/model/datain
run
run
GFCT04R20120213122012021403F.fct.T126L28
/gfs/home3/modoper/tempo/global/oens/recfct/datain/GFCT04R20120213122012021403F.fct.T126L28
+ echo Recomposition  -x-  RUNNING ...
Recomposition  -x-  RUNNING ...
+ source=/gfs/home3/modoper/tempo/global/oens/recfct/source
+ bin=/gfs/home3/modoper/tempo/global/oens/recfct/bin/T126L28
+ input=/gfs/home3/modoper/tempo/global/oens/recfct/datain
+ out=/gfs/home3/modoper/tempo/global/oens/recfct/output
+ echo run
run
+ [ run = make ]
+ echo run
run
+ [ run = clean ]
+ cd /gfs/home3/modoper/tempo/global/oens/recfct/bin/T126L28
+ echo ./recfct.T126L28 < /gfs/home3/modoper/tempo/global/oens/recfct/datain/recfctFCT04R.nml > /gfs/home3/modoper/tempo/global/oens/recfct/output/recfct.out.2012021312.17:18.T126L28
./recfct.T126L28 < /gfs/home3/modoper/tempo/global/oens/recfct/datain/recfctFCT04R.nml > /gfs/home3/modoper/tempo/global/oens/recfct/output/recfct.out.2012021312.17:18.T126L28
+ ./recfct.T126L28
+ 0< /gfs/home3/modoper/tempo/global/oens/recfct/datain/recfctFCT04R.nml 1> /gfs/home3/modoper/tempo/global/oens/recfct/output/recfct.out.2012021312.17:18.T126L28
 
 
     ******  Program Information  ******
  Real Time (sec)       :          6.514210
  User Time (sec)       :          4.133525
  Sys  Time (sec)       :          0.055820
  Vector Time (sec)     :          0.346463
  Inst. Count           :        1596986048.
  V. Inst. Count        :          16052480.
  V. Element Count      :        1289251883.
  FLOP Count            :         534710004.
  MOPS                  :        694.367470
  MFLOPS                :        129.359318
  VLEN                  :         80.314810
  V. Op. Ratio (%)      :         44.918766
  Memory Size (MB)      :        192.031250
  MIPS                  :        386.349656
  I-Cache (sec)         :          0.000860
  O-Cache (sec)         :          0.868575
  Bank (sec)            :          0.001190
 
  Start Time (date)  :  2012/02/13 17:18:26
  End   Time (date)  :  2012/02/13 17:18:32
-rw-r--r--    1 modoper  pnt            1200 Feb 13 17:18 /gfs/home3/modoper/tempo/global/oens/eof/datain/templ042012021312
sx6
PNT-EN
12021317:18
out
/gfs/home3/modoper/tempo/global/oens
/gfs/home3/modoper/tempo/global/oens
/gfs/dk22/modoper/tempo/global/oens
/gfs/dk22/modoper/tempo/global/oens/model/datain
/gfs/home3/modoper/tempo/global/oens/run/setrecfct.1.FCT04RT126L28.sx6
Date: 20120213
Hour: 17:18
FCT04R
2012021312
2012021406
GFCT04R
GFCT04R
GFCT04R
F.fct
F.fct
R.fct
/gfs/home3/modoper/tempo/global/oens
/gfs/home3/modoper/tempo/global/oens
/gfs/dk22/modoper/tempo/global/oens
/gfs/dk22/modoper/tempo/global/oens/model/datain
run
run
GFCT04R20120213122012021406F.fct.T126L28
/gfs/home3/modoper/tempo/global/oens/recfct/datain/GFCT04R20120213122012021406F.fct.T126L28
+ echo Recomposition  -x-  RUNNING ...
Recomposition  -x-  RUNNING ...
+ source=/gfs/home3/modoper/tempo/global/oens/recfct/source
+ bin=/gfs/home3/modoper/tempo/global/oens/recfct/bin/T126L28
+ input=/gfs/home3/modoper/tempo/global/oens/recfct/datain
+ out=/gfs/home3/modoper/tempo/global/oens/recfct/output
+ echo run
run
+ [ run = make ]
+ echo run
run
+ [ run = clean ]
+ cd /gfs/home3/modoper/tempo/global/oens/recfct/bin/T126L28
+ echo ./recfct.T126L28 < /gfs/home3/modoper/tempo/global/oens/recfct/datain/recfctFCT04R.nml > /gfs/home3/modoper/tempo/global/oens/recfct/output/recfct.out.2012021312.17:18.T126L28
./recfct.T126L28 < /gfs/home3/modoper/tempo/global/oens/recfct/datain/recfctFCT04R.nml > /gfs/home3/modoper/tempo/global/oens/recfct/output/recfct.out.2012021312.17:18.T126L28
+ ./recfct.T126L28
+ 0< /gfs/home3/modoper/tempo/global/oens/recfct/datain/recfctFCT04R.nml 1> /gfs/home3/modoper/tempo/global/oens/recfct/output/recfct.out.2012021312.17:18.T126L28
 
 
     ******  Program Information  ******
  Real Time (sec)       :          5.749326
  User Time (sec)       :          4.134152
  Sys  Time (sec)       :          0.055687
  Vector Time (sec)     :          0.346316
  Inst. Count           :        1596986048.
  V. Inst. Count        :          16052480.
  V. Element Count      :        1289251883.
  FLOP Count            :         534710004.
  MOPS                  :        694.262253
  MFLOPS                :        129.339716
  VLEN                  :         80.314810
  V. Op. Ratio (%)      :         44.918766
  Memory Size (MB)      :        192.031250
  MIPS                  :        386.291113
  I-Cache (sec)         :          0.000816
  O-Cache (sec)         :          0.869167
  Bank (sec)            :          0.001191
 
  Start Time (date)  :  2012/02/13 17:18:33
  End   Time (date)  :  2012/02/13 17:18:39
-rw-r--r--    1 modoper  pnt            1400 Feb 13 17:18 /gfs/home3/modoper/tempo/global/oens/eof/datain/templ042012021312
sx6
PNT-EN
12021317:18
out
/gfs/home3/modoper/tempo/global/oens
/gfs/home3/modoper/tempo/global/oens
/gfs/dk22/modoper/tempo/global/oens
/gfs/dk22/modoper/tempo/global/oens/model/datain
/gfs/home3/modoper/tempo/global/oens/run/setrecfct.1.FCT04RT126L28.sx6
Date: 20120213
Hour: 17:18
FCT04R
2012021312
2012021409
GFCT04R
GFCT04R
GFCT04R
F.fct
F.fct
R.fct
/gfs/home3/modoper/tempo/global/oens
/gfs/home3/modoper/tempo/global/oens
/gfs/dk22/modoper/tempo/global/oens
/gfs/dk22/modoper/tempo/global/oens/model/datain
run
run
GFCT04R20120213122012021409F.fct.T126L28
/gfs/home3/modoper/tempo/global/oens/recfct/datain/GFCT04R20120213122012021409F.fct.T126L28
+ echo Recomposition  -x-  RUNNING ...
Recomposition  -x-  RUNNING ...
+ source=/gfs/home3/modoper/tempo/global/oens/recfct/source
+ bin=/gfs/home3/modoper/tempo/global/oens/recfct/bin/T126L28
+ input=/gfs/home3/modoper/tempo/global/oens/recfct/datain
+ out=/gfs/home3/modoper/tempo/global/oens/recfct/output
+ echo run
run
+ [ run = make ]
+ echo run
run
+ [ run = clean ]
+ cd /gfs/home3/modoper/tempo/global/oens/recfct/bin/T126L28
+ echo ./recfct.T126L28 < /gfs/home3/modoper/tempo/global/oens/recfct/datain/recfctFCT04R.nml > /gfs/home3/modoper/tempo/global/oens/recfct/output/recfct.out.2012021312.17:18.T126L28
./recfct.T126L28 < /gfs/home3/modoper/tempo/global/oens/recfct/datain/recfctFCT04R.nml > /gfs/home3/modoper/tempo/global/oens/recfct/output/recfct.out.2012021312.17:18.T126L28
+ ./recfct.T126L28
+ 0< /gfs/home3/modoper/tempo/global/oens/recfct/datain/recfctFCT04R.nml 1> /gfs/home3/modoper/tempo/global/oens/recfct/output/recfct.out.2012021312.17:18.T126L28
 
 
     ******  Program Information  ******
  Real Time (sec)       :          5.614591
  User Time (sec)       :          4.135740
  Sys  Time (sec)       :          0.089096
  Vector Time (sec)     :          0.346476
  Inst. Count           :        1596986048.
  V. Inst. Count        :          16052480.
  V. Element Count      :        1289251883.
  FLOP Count            :         534710004.
  MOPS                  :        693.995669
  MFLOPS                :        129.290052
  VLEN                  :         80.314810
  V. Op. Ratio (%)      :         44.918766
  Memory Size (MB)      :        192.031250
  MIPS                  :        386.142784
  I-Cache (sec)         :          0.003778
  O-Cache (sec)         :          0.870579
  Bank (sec)            :          0.001190
 
  Start Time (date)  :  2012/02/13 17:18:40
  End   Time (date)  :  2012/02/13 17:18:46
-rw-r--r--    1 modoper  pnt            1600 Feb 13 17:18 /gfs/home3/modoper/tempo/global/oens/eof/datain/templ042012021312
sx6
PNT-EN
12021317:18
out
/gfs/home3/modoper/tempo/global/oens
/gfs/home3/modoper/tempo/global/oens
/gfs/dk22/modoper/tempo/global/oens
/gfs/dk22/modoper/tempo/global/oens/model/datain
/gfs/home3/modoper/tempo/global/oens/run/setrecfct.1.FCT04RT126L28.sx6
Date: 20120213
Hour: 17:18
FCT04R
2012021312
2012021412
GFCT04R
GFCT04R
GFCT04R
F.fct
F.fct
R.fct
/gfs/home3/modoper/tempo/global/oens
/gfs/home3/modoper/tempo/global/oens
/gfs/dk22/modoper/tempo/global/oens
/gfs/dk22/modoper/tempo/global/oens/model/datain
run
run
GFCT04R20120213122012021412F.fct.T126L28
/gfs/home3/modoper/tempo/global/oens/recfct/datain/GFCT04R20120213122012021412F.fct.T126L28
+ echo Recomposition  -x-  RUNNING ...
Recomposition  -x-  RUNNING ...
+ source=/gfs/home3/modoper/tempo/global/oens/recfct/source
+ bin=/gfs/home3/modoper/tempo/global/oens/recfct/bin/T126L28
+ input=/gfs/home3/modoper/tempo/global/oens/recfct/datain
+ out=/gfs/home3/modoper/tempo/global/oens/recfct/output
+ echo run
run
+ [ run = make ]
+ echo run
run
+ [ run = clean ]
+ cd /gfs/home3/modoper/tempo/global/oens/recfct/bin/T126L28
+ echo ./recfct.T126L28 < /gfs/home3/modoper/tempo/global/oens/recfct/datain/recfctFCT04R.nml > /gfs/home3/modoper/tempo/global/oens/recfct/output/recfct.out.2012021312.17:18.T126L28
./recfct.T126L28 < /gfs/home3/modoper/tempo/global/oens/recfct/datain/recfctFCT04R.nml > /gfs/home3/modoper/tempo/global/oens/recfct/output/recfct.out.2012021312.17:18.T126L28
+ ./recfct.T126L28
+ 0< /gfs/home3/modoper/tempo/global/oens/recfct/datain/recfctFCT04R.nml 1> /gfs/home3/modoper/tempo/global/oens/recfct/output/recfct.out.2012021312.17:18.T126L28
 
 
     ******  Program Information  ******
  Real Time (sec)       :          6.852886
  User Time (sec)       :          4.138975
  Sys  Time (sec)       :          0.124672
  Vector Time (sec)     :          0.346014
  Inst. Count           :        1596986079.
  V. Inst. Count        :          16052480.
  V. Element Count      :        1289251883.
  FLOP Count            :         534710005.
  MOPS                  :        693.453203
  MFLOPS                :        129.188991
  VLEN                  :         80.314810
  V. Op. Ratio (%)      :         44.918765
  Memory Size (MB)      :        192.031250
  MIPS                  :        385.840956
  I-Cache (sec)         :          0.006591
  O-Cache (sec)         :          0.874009
  Bank (sec)            :          0.001191
 
  Start Time (date)  :  2012/02/13 17:18:47
  End   Time (date)  :  2012/02/13 17:18:54
-rw-r--r--    1 modoper  pnt            1800 Feb 13 17:18 /gfs/home3/modoper/tempo/global/oens/eof/datain/templ042012021312
sx6
PNT-EN
12021317:18
out
/gfs/home3/modoper/tempo/global/oens
/gfs/home3/modoper/tempo/global/oens
/gfs/dk22/modoper/tempo/global/oens
/gfs/dk22/modoper/tempo/global/oens/model/datain
/gfs/home3/modoper/tempo/global/oens/run/setrecfct.1.FCT04RT126L28.sx6
Date: 20120213
Hour: 17:18
FCT04R
2012021312
2012021415
GFCT04R
GFCT04R
GFCT04R
F.fct
F.fct
R.fct
/gfs/home3/modoper/tempo/global/oens
/gfs/home3/modoper/tempo/global/oens
/gfs/dk22/modoper/tempo/global/oens
/gfs/dk22/modoper/tempo/global/oens/model/datain
run
run
GFCT04R20120213122012021415F.fct.T126L28
/gfs/home3/modoper/tempo/global/oens/recfct/datain/GFCT04R20120213122012021415F.fct.T126L28
+ echo Recomposition  -x-  RUNNING ...
Recomposition  -x-  RUNNING ...
+ source=/gfs/home3/modoper/tempo/global/oens/recfct/source
+ bin=/gfs/home3/modoper/tempo/global/oens/recfct/bin/T126L28
+ input=/gfs/home3/modoper/tempo/global/oens/recfct/datain
+ out=/gfs/home3/modoper/tempo/global/oens/recfct/output
+ echo run
run
+ [ run = make ]
+ echo run
run
+ [ run = clean ]
+ cd /gfs/home3/modoper/tempo/global/oens/recfct/bin/T126L28
+ echo ./recfct.T126L28 < /gfs/home3/modoper/tempo/global/oens/recfct/datain/recfctFCT04R.nml > /gfs/home3/modoper/tempo/global/oens/recfct/output/recfct.out.2012021312.17:18.T126L28
./recfct.T126L28 < /gfs/home3/modoper/tempo/global/oens/recfct/datain/recfctFCT04R.nml > /gfs/home3/modoper/tempo/global/oens/recfct/output/recfct.out.2012021312.17:18.T126L28
+ ./recfct.T126L28
+ 0< /gfs/home3/modoper/tempo/global/oens/recfct/datain/recfctFCT04R.nml 1> /gfs/home3/modoper/tempo/global/oens/recfct/output/recfct.out.2012021312.17:18.T126L28
 
 
     ******  Program Information  ******
  Real Time (sec)       :         16.298623
  User Time (sec)       :          4.130746
  Sys  Time (sec)       :          0.066622
  Vector Time (sec)     :          0.345660
  Inst. Count           :        1596986079.
  V. Inst. Count        :          16052480.
  V. Element Count      :        1289251883.
  FLOP Count            :         534710005.
  MOPS                  :        694.834614
  MFLOPS                :        129.446345
  VLEN                  :         80.314810
  V. Op. Ratio (%)      :         44.918765
  Memory Size (MB)      :        192.031250
  MIPS                  :        386.609581
  I-Cache (sec)         :          0.000840
  O-Cache (sec)         :          0.869009
  Bank (sec)            :          0.001190
 
  Start Time (date)  :  2012/02/13 17:18:55
  End   Time (date)  :  2012/02/13 17:19:11
-rw-r--r--    1 modoper  pnt            2000 Feb 13 17:19 /gfs/home3/modoper/tempo/global/oens/eof/datain/templ042012021312
sx6
PNT-EN
12021317:19
out
/gfs/home3/modoper/tempo/global/oens
/gfs/home3/modoper/tempo/global/oens
/gfs/dk22/modoper/tempo/global/oens
/gfs/dk22/modoper/tempo/global/oens/model/datain
/gfs/home3/modoper/tempo/global/oens/run/setrecfct.1.FCT04RT126L28.sx6
Date: 20120213
Hour: 17:19
FCT04R
2012021312
2012021418
GFCT04R
GFCT04R
GFCT04R
F.fct
F.fct
R.fct
/gfs/home3/modoper/tempo/global/oens
/gfs/home3/modoper/tempo/global/oens
/gfs/dk22/modoper/tempo/global/oens
/gfs/dk22/modoper/tempo/global/oens/model/datain
run
run
GFCT04R20120213122012021418F.fct.T126L28
/gfs/home3/modoper/tempo/global/oens/recfct/datain/GFCT04R20120213122012021418F.fct.T126L28
+ echo Recomposition  -x-  RUNNING ...
Recomposition  -x-  RUNNING ...
+ source=/gfs/home3/modoper/tempo/global/oens/recfct/source
+ bin=/gfs/home3/modoper/tempo/global/oens/recfct/bin/T126L28
+ input=/gfs/home3/modoper/tempo/global/oens/recfct/datain
+ out=/gfs/home3/modoper/tempo/global/oens/recfct/output
+ echo run
run
+ [ run = make ]
+ echo run
run
+ [ run = clean ]
+ cd /gfs/home3/modoper/tempo/global/oens/recfct/bin/T126L28
+ echo ./recfct.T126L28 < /gfs/home3/modoper/tempo/global/oens/recfct/datain/recfctFCT04R.nml > /gfs/home3/modoper/tempo/global/oens/recfct/output/recfct.out.2012021312.17:19.T126L28
./recfct.T126L28 < /gfs/home3/modoper/tempo/global/oens/recfct/datain/recfctFCT04R.nml > /gfs/home3/modoper/tempo/global/oens/recfct/output/recfct.out.2012021312.17:19.T126L28
+ ./recfct.T126L28
+ 0< /gfs/home3/modoper/tempo/global/oens/recfct/datain/recfctFCT04R.nml 1> /gfs/home3/modoper/tempo/global/oens/recfct/output/recfct.out.2012021312.17:19.T126L28
 
 
     ******  Program Information  ******
  Real Time (sec)       :         11.585030
  User Time (sec)       :          4.138399
  Sys  Time (sec)       :          0.095096
  Vector Time (sec)     :          0.346447
  Inst. Count           :        1596986079.
  V. Inst. Count        :          16052480.
  V. Element Count      :        1289251883.
  FLOP Count            :         534710005.
  MOPS                  :        693.549678
  MFLOPS                :        129.206964
  VLEN                  :         80.314810
  V. Op. Ratio (%)      :         44.918765
  Memory Size (MB)      :        192.031250
  MIPS                  :        385.894636
  I-Cache (sec)         :          0.003908
  O-Cache (sec)         :          0.873064
  Bank (sec)            :          0.001190
 
  Start Time (date)  :  2012/02/13 17:19:14
  End   Time (date)  :  2012/02/13 17:19:26
-rw-r--r--    1 modoper  pnt            2200 Feb 13 17:19 /gfs/home3/modoper/tempo/global/oens/eof/datain/templ042012021312
sx6
PNT-EN
12021317:19
out
/gfs/home3/modoper/tempo/global/oens
/gfs/home3/modoper/tempo/global/oens
/gfs/dk22/modoper/tempo/global/oens
/gfs/dk22/modoper/tempo/global/oens/model/datain
/gfs/home3/modoper/tempo/global/oens/run/setrecfct.1.FCT04RT126L28.sx6
Date: 20120213
Hour: 17:19
FCT04R
2012021312
2012021421
GFCT04R
GFCT04R
GFCT04R
F.fct
F.fct
R.fct
/gfs/home3/modoper/tempo/global/oens
/gfs/home3/modoper/tempo/global/oens
/gfs/dk22/modoper/tempo/global/oens
/gfs/dk22/modoper/tempo/global/oens/model/datain
run
run
GFCT04R20120213122012021421F.fct.T126L28
/gfs/home3/modoper/tempo/global/oens/recfct/datain/GFCT04R20120213122012021421F.fct.T126L28
+ echo Recomposition  -x-  RUNNING ...
Recomposition  -x-  RUNNING ...
+ source=/gfs/home3/modoper/tempo/global/oens/recfct/source
+ bin=/gfs/home3/modoper/tempo/global/oens/recfct/bin/T126L28
+ input=/gfs/home3/modoper/tempo/global/oens/recfct/datain
+ out=/gfs/home3/modoper/tempo/global/oens/recfct/output
+ echo run
run
+ [ run = make ]
+ echo run
run
+ [ run = clean ]
+ cd /gfs/home3/modoper/tempo/global/oens/recfct/bin/T126L28
+ echo ./recfct.T126L28 < /gfs/home3/modoper/tempo/global/oens/recfct/datain/recfctFCT04R.nml > /gfs/home3/modoper/tempo/global/oens/recfct/output/recfct.out.2012021312.17:19.T126L28
./recfct.T126L28 < /gfs/home3/modoper/tempo/global/oens/recfct/datain/recfctFCT04R.nml > /gfs/home3/modoper/tempo/global/oens/recfct/output/recfct.out.2012021312.17:19.T126L28
+ ./recfct.T126L28
+ 0< /gfs/home3/modoper/tempo/global/oens/recfct/datain/recfctFCT04R.nml 1> /gfs/home3/modoper/tempo/global/oens/recfct/output/recfct.out.2012021312.17:19.T126L28
 
 
     ******  Program Information  ******
  Real Time (sec)       :          9.833088
  User Time (sec)       :          4.131602
  Sys  Time (sec)       :          0.080576
  Vector Time (sec)     :          0.345037
  Inst. Count           :        1596986079.
  V. Inst. Count        :          16052480.
  V. Element Count      :        1289251883.
  FLOP Count            :         534710005.
  MOPS                  :        694.690742
  MFLOPS                :        129.419542
  VLEN                  :         80.314810
  V. Op. Ratio (%)      :         44.918765
  Memory Size (MB)      :        192.031250
  MIPS                  :        386.529530
  I-Cache (sec)         :          0.002647
  O-Cache (sec)         :          0.867473
  Bank (sec)            :          0.001190
 
  Start Time (date)  :  2012/02/13 17:19:27
  End   Time (date)  :  2012/02/13 17:19:37
-rw-r--r--    1 modoper  pnt            2400 Feb 13 17:19 /gfs/home3/modoper/tempo/global/oens/eof/datain/templ042012021312
sx6
PNT-EN
12021317:19
out
/gfs/home3/modoper/tempo/global/oens
/gfs/home3/modoper/tempo/global/oens
/gfs/dk22/modoper/tempo/global/oens
/gfs/dk22/modoper/tempo/global/oens/model/datain
/gfs/home3/modoper/tempo/global/oens/run/setrecfct.1.FCT04RT126L28.sx6
Date: 20120213
Hour: 17:19
FCT04R
2012021312
2012021500
GFCT04R
GFCT04R
GFCT04R
F.fct
F.fct
R.fct
/gfs/home3/modoper/tempo/global/oens
/gfs/home3/modoper/tempo/global/oens
/gfs/dk22/modoper/tempo/global/oens
/gfs/dk22/modoper/tempo/global/oens/model/datain
run
run
GFCT04R20120213122012021500F.fct.T126L28
/gfs/home3/modoper/tempo/global/oens/recfct/datain/GFCT04R20120213122012021500F.fct.T126L28
+ echo Recomposition  -x-  RUNNING ...
Recomposition  -x-  RUNNING ...
+ source=/gfs/home3/modoper/tempo/global/oens/recfct/source
+ bin=/gfs/home3/modoper/tempo/global/oens/recfct/bin/T126L28
+ input=/gfs/home3/modoper/tempo/global/oens/recfct/datain
+ out=/gfs/home3/modoper/tempo/global/oens/recfct/output
+ echo run
run
+ [ run = make ]
+ echo run
run
+ [ run = clean ]
+ cd /gfs/home3/modoper/tempo/global/oens/recfct/bin/T126L28
+ echo ./recfct.T126L28 < /gfs/home3/modoper/tempo/global/oens/recfct/datain/recfctFCT04R.nml > /gfs/home3/modoper/tempo/global/oens/recfct/output/recfct.out.2012021312.17:19.T126L28
./recfct.T126L28 < /gfs/home3/modoper/tempo/global/oens/recfct/datain/recfctFCT04R.nml > /gfs/home3/modoper/tempo/global/oens/recfct/output/recfct.out.2012021312.17:19.T126L28
+ ./recfct.T126L28
+ 0< /gfs/home3/modoper/tempo/global/oens/recfct/datain/recfctFCT04R.nml 1> /gfs/home3/modoper/tempo/global/oens/recfct/output/recfct.out.2012021312.17:19.T126L28
 
 
     ******  Program Information  ******
  Real Time (sec)       :         11.304285
  User Time (sec)       :          4.137989
  Sys  Time (sec)       :          0.065612
  Vector Time (sec)     :          0.348137
  Inst. Count           :        1596986048.
  V. Inst. Count        :          16052480.
  V. Element Count      :        1289251883.
  FLOP Count            :         534710004.
  MOPS                  :        693.618408
  MFLOPS                :        129.219769
  VLEN                  :         80.314810
  V. Op. Ratio (%)      :         44.918766
  Memory Size (MB)      :        192.031250
  MIPS                  :        385.932874
  I-Cache (sec)         :          0.001127
  O-Cache (sec)         :          0.873461
  Bank (sec)            :          0.001190
 
  Start Time (date)  :  2012/02/13 17:19:38
  End   Time (date)  :  2012/02/13 17:19:50
sx6
2012021317:19
out
/gfs/home3/modoper/tempo/global/oens
/gfs/home3/modoper/tempo/global/oens
/gfs/dk22/modoper/tempo/global/oens
/gfs/dk22/modoper/tempo/global/oens/model/datain
/gfs/home3/modoper/tempo/global/oens/run/seteofs.1.04T126L28.sx6
04
Date: 20120213
Hour: 17:19
2012021312
/gfs/home3/modoper/tempo/global/oens
/gfs/home3/modoper/tempo/global/oens
/gfs/dk22/modoper/tempo/global/oens
/gfs/dk22/modoper/tempo/global/oens/model/datain
run
run
Vai chamar eoft
+ echo EOFT           -x-  RUNNING ...
EOFT           -x-  RUNNING ...
+ source=/gfs/home3/modoper/tempo/global/oens/eoftemp/source
+ bin=/gfs/home3/modoper/tempo/global/oens/eof/bin/T126L28
+ inp=/gfs/home3/modoper/tempo/global/oens/eof/datain
+ outp=/gfs/home3/modoper/tempo/global/oens/eoftemp/output
+ echo run
run
+ [ run = make ]
+ echo run
run
+ [ run = clean ]
+ cd /gfs/home3/modoper/tempo/global/oens/eof/bin/T126L28
+ echo ./eoftem.T126L28 < /gfs/home3/modoper/tempo/global/oens/eof/datain/eoftem04.nml > /gfs/home3/modoper/tempo/global/oens/eoftemp/output/eoftem.2012021312.17:19.T126L28
./eoftem.T126L28 < /gfs/home3/modoper/tempo/global/oens/eof/datain/eoftem04.nml > /gfs/home3/modoper/tempo/global/oens/eoftemp/output/eoftem.2012021312.17:19.T126L28
+ ./eoftem.T126L28
+ 0< /gfs/home3/modoper/tempo/global/oens/eof/datain/eoftem04.nml 1> /gfs/home3/modoper/tempo/global/oens/eoftemp/output/eoftem.2012021312.17:19.T126L28
 entrou no eoft fortran
 &DATAIN DIRI=/gfs/home3/modoper/tempo/global/oens/eof/datain/                ,
 DIRA=/gfs/dk22/modoper/tempo/global/oens/model/datain/               ,
 DIRO=/gfs/dk22/modoper/tempo/global/oens/eof/dataout/T126L28/        ,
 NAMEL=templ042012021312                                               ,
 ANAME=GANLAVN2012021312R.unf.T126L28                                                      ,
 TEMOUT=temout042012021312                                              ,
 TEMPCM=tempcm042012021312                                              ,
 TEMPER1=tempe1042012021312                                              ,
 TEMPEN1=tempn1042012021312                                               /
 
 
     ******  Program Information  ******
  Real Time (sec)       :         19.460899
  User Time (sec)       :          6.580909
  Sys  Time (sec)       :          0.426871
  Vector Time (sec)     :          5.902322
  Inst. Count           :         597134261.
  V. Inst. Count        :          72972045.
  V. Element Count      :        9156489403.
  FLOP Count            :        3164565443.
  MOPS                  :       1471.020447
  MFLOPS                :        480.870571
  VLEN                  :        125.479413
  V. Op. Ratio (%)      :         94.585466
  Memory Size (MB)      :        304.031250
  MIPS                  :         90.737353
  I-Cache (sec)         :          0.005508
  O-Cache (sec)         :          0.005971
  Bank (sec)            :          0.281362
 
  Start Time (date)  :  2012/02/13 17:19:52
  End   Time (date)  :  2012/02/13 17:20:11
Vai chamar eofw
+ echo EOFW           -x-  RUNNING ...
EOFW           -x-  RUNNING ...
+ source=/gfs/home3/modoper/tempo/global/oens/eofwind/source
+ bin=/gfs/home3/modoper/tempo/global/oens/eof/bin/T126L28
+ out=/gfs/dk22/modoper/tempo/global/oens/eof/dataout/T126L28
+ inp=/gfs/home3/modoper/tempo/global/oens/eof/datain
+ outp=/gfs/home3/modoper/tempo/global/oens/eofwind/output
+ echo run
run
+ [ run = make ]
+ echo run
run
+ [ run = clean ]
+ cd /gfs/home3/modoper/tempo/global/oens/eof/bin/T126L28
+ echo ./eofwin.T126L28 < /gfs/home3/modoper/tempo/global/oens/eof/datain/eofwin04.nml > /gfs/home3/modoper/tempo/global/oens/eofwind/output/eofwin.2012021312.17:19.T126L28
./eofwin.T126L28 < /gfs/home3/modoper/tempo/global/oens/eof/datain/eofwin04.nml > /gfs/home3/modoper/tempo/global/oens/eofwind/output/eofwin.2012021312.17:19.T126L28
+ ./eofwin.T126L28
+ 0< /gfs/home3/modoper/tempo/global/oens/eof/datain/eofwin04.nml 1> /gfs/home3/modoper/tempo/global/oens/eofwind/output/eofwin.2012021312.17:19.T126L28
 
 
     ******  Program Information  ******
  Real Time (sec)       :         73.129957
  User Time (sec)       :         11.994282
  Sys  Time (sec)       :          0.632238
  Vector Time (sec)     :         10.949860
  Inst. Count           :        1009391232.
  V. Inst. Count        :         235339319.
  V. Element Count      :       26880732674.
  FLOP Count            :        7609521169.
  MOPS                  :       2305.663985
  MFLOPS                :        634.429057
  VLEN                  :        114.221171
  V. Op. Ratio (%)      :         97.201020
  Memory Size (MB)      :        624.031250
  MIPS                  :         84.156035
  I-Cache (sec)         :          0.008598
  O-Cache (sec)         :          0.019457
  Bank (sec)            :          0.599880
 
  Start Time (date)  :  2012/02/13 17:20:11
  End   Time (date)  :  2012/02/13 17:21:24
sx6
2012021317:21
out
/gfs/home3/modoper/tempo/global/oens
/gfs/home3/modoper/tempo/global/oens
/gfs/dk22/modoper/tempo/global/oens
/gfs/dk22/modoper/tempo/global/oens/model/datain
/gfs/home3/modoper/tempo/global/oens/run/setdeco04T126L28.sx6
Date: 20120213
Hour: 17:21
2012021312
/gfs/home3/modoper/tempo/global/oens
/gfs/home3/modoper/tempo/global/oens
/gfs/dk22/modoper/tempo/global/oens
/gfs/dk22/modoper/tempo/global/oens/model/datain
run
run
+ echo Decomposition  -x-  RUNNING ...
Decomposition  -x-  RUNNING ...
+ source=/gfs/home3/modoper/tempo/global/oens/decanl/source
+ bin=/gfs/home3/modoper/tempo/global/oens/decanl/bin/T126L28
+ input=/gfs/home3/modoper/tempo/global/oens/decanl/datain
+ out=/gfs/home3/modoper/tempo/global/oens/decanl/output
+ echo run
run
+ [ run = make ]
+ echo run
run
+ [ run = clean ]
+ cd /gfs/home3/modoper/tempo/global/oens/decanl/bin/T126L28
+ ./decanl.T126L28
+ 0< /gfs/home3/modoper/tempo/global/oens/decanl/datain/decanl04.nml 1> /gfs/home3/modoper/tempo/global/oens/decanl/output/decanl.2012021312.17:21.T126L28
 
 
     ******  Program Information  ******
  Real Time (sec)       :          4.412277
  User Time (sec)       :          0.821461
  Sys  Time (sec)       :          0.061502
  Vector Time (sec)     :          0.629621
  Inst. Count           :         173583932.
  V. Inst. Count        :          21078079.
  V. Element Count      :        2292782635.
  FLOP Count            :         590251095.
  MOPS                  :       2976.753613
  MFLOPS                :        718.537746
  VLEN                  :        108.775692
  V. Op. Ratio (%)      :         93.763278
  Memory Size (MB)      :        192.031250
  MIPS                  :        211.311099
  I-Cache (sec)         :          0.001051
  O-Cache (sec)         :          0.026832
  Bank (sec)            :          0.015383
 
  Start Time (date)  :  2012/02/13 17:21:25
  End   Time (date)  :  2012/02/13 17:21:30
+ echo Decomposition  -x-  RUNNING ...
Decomposition  -x-  RUNNING ...
+ source=/gfs/home3/modoper/tempo/global/oens/decanl/source
+ bin=/gfs/home3/modoper/tempo/global/oens/decanl/bin/T126L28
+ input=/gfs/home3/modoper/tempo/global/oens/decanl/datain
+ out=/gfs/home3/modoper/tempo/global/oens/decanl/output
+ echo run
run
+ [ run = make ]
+ echo run
run
+ [ run = clean ]
+ cd /gfs/home3/modoper/tempo/global/oens/decanl/bin/T126L28
+ ./decanl.T126L28
+ 0< /gfs/home3/modoper/tempo/global/oens/decanl/datain/decanl04.nml 1> /gfs/home3/modoper/tempo/global/oens/decanl/output/decanl.2012021312.17:21.T126L28
 
 
     ******  Program Information  ******
  Real Time (sec)       :          3.964287
  User Time (sec)       :          0.821606
  Sys  Time (sec)       :          0.062207
  Vector Time (sec)     :          0.629428
  Inst. Count           :         173583827.
  V. Inst. Count        :          21078079.
  V. Element Count      :        2292782629.
  FLOP Count            :         590251095.
  MOPS                  :       2976.230129
  MFLOPS                :        718.411419
  VLEN                  :        108.775692
  V. Op. Ratio (%)      :         93.763282
  Memory Size (MB)      :        192.031250
  MIPS                  :        211.273820
  I-Cache (sec)         :          0.001538
  O-Cache (sec)         :          0.027266
  Bank (sec)            :          0.015385
 
  Start Time (date)  :  2012/02/13 17:21:30
  End   Time (date)  :  2012/02/13 17:21:34
logout
