stty: : Invalid argument
vt100
resize:  can't open terminal /dev/tty
======================================
Welcome to tupan00: SUPER-UX 14.1 SX-6
Today is Sun Feb 12 20:03:21 GMT 2012
======================================
/gfs/home3/modoper/tempo/global/oens
/gfs/home3/modoper/tempo/global/oens
/gfs/dk22/modoper/tempo/global/oens
run
 F_SETBUF = 2048
 undef   :   9.999000E+20
 imax    :   384
 jmax    :   192
 lonw    :   -180.0000
 lone    :   180.0000
 lats    :   -90.00000
 latn    :   90.00000
 nmembers:   7
 nfctdy  :   15
 freqcalc:   6
 dirinp  : /gfs/dk22/modoper/tempo/global/oens/pos/dataout/T126L28/
 dirout  : /gfs/dk22/modoper/tempo/global/oens/spread/dataout/T126L28/
 resol   : T126L28
 prefx   : AVN
  
 Gaussian Latitudes:
 -89.28369 -88.35693 -87.42383 -86.49023 -85.55566 -84.62109 -83.68652 -82.75146
 -81.81640 -80.88183 -79.94677 -79.01170 -78.07664 -77.14159 -76.20653 -75.27196
 -74.33690 -73.40185 -72.46679 -71.53173 -70.59668 -69.66162 -68.72656 -67.79150
 -66.85645 -65.92139 -64.98634 -64.05128 -63.11623 -62.18117 -61.24611 -60.31104
 -59.37598 -58.44092 -57.50586 -56.57079 -55.63573 -54.70066 -53.76560 -52.83054
 -51.89547 -50.96041 -50.02535 -49.09029 -48.15522 -47.22016 -46.28510 -45.35003
 -44.41497 -43.47990 -42.54484 -41.60978 -40.67472 -39.73965 -38.80459 -37.86953
 -36.93446 -35.99940 -35.06434 -34.12927 -33.19421 -32.25916 -31.32412 -30.38907
 -29.45402 -28.51898 -27.58393 -26.64888 -25.71384 -24.77879 -23.84374 -22.90870
 -21.97366 -21.03860 -20.10356 -19.16852 -18.23347 -17.29842 -16.36337 -15.42833
 -14.49329 -13.55824 -12.62319 -11.68815 -10.75310  -9.81805  -8.88301  -7.94796
  -7.01292  -6.07787  -5.14282  -4.20729  -3.27225  -2.33720  -1.40215  -0.46711
   0.46711   1.40215   2.33720   3.27225   4.20729   5.14282   6.07787   7.01292
   7.94796   8.88301   9.81805  10.75310  11.68815  12.62319  13.55824  14.49329
  15.42833  16.36337  17.29842  18.23347  19.16852  20.10356  21.03860  21.97366
  22.90870  23.84374  24.77879  25.71384  26.64888  27.58393  28.51898  29.45402
  30.38907  31.32412  32.25916  33.19421  34.12927  35.06434  35.99940  36.93446
  37.86953  38.80459  39.73965  40.67472  41.60978  42.54484  43.47990  44.41497
  45.35003  46.28510  47.22016  48.15522  49.09029  50.02535  50.96041  51.89547
  52.83054  53.76560  54.70066  55.63573  56.57079  57.50586  58.44092  59.37598
  60.31104  61.24611  62.18117  63.11623  64.05128  64.98634  65.92139  66.85645
  67.79150  68.72656  69.66162  70.59668  71.53173  72.46679  73.40185  74.33690
  75.27196  76.20653  77.14159  78.07664  79.01170  79.94677  80.88183  81.81640
  82.75146  83.68652  84.62109  85.55566  86.49023  87.42383  88.35693  89.28369
  
 difminw=  0.9375000   iwest=  1
 difmine=  0.000000E+00   ieast=  384
 difmins=  0.7163086   jsout=  192
 difminn=  0.7163086   jnort=  1
  
 nxpts=   384
 nypts=   192

FCT DATES:
fctdate(1):2012021212
fctdate(2):2012021212
fctdate(           3):2012021218
fctdate(           4):2012021300
fctdate(           5):2012021306
fctdate(           6):2012021312
fctdate(           7):2012021318
fctdate(           8):2012021400
fctdate(           9):2012021406
fctdate(          10):2012021412
fctdate(          11):2012021418
fctdate(          12):2012021500
fctdate(          13):2012021506
fctdate(          14):2012021512
fctdate(          15):2012021518
fctdate(          16):2012021600
fctdate(          17):2012021606
fctdate(          18):2012021612
fctdate(          19):2012021618
fctdate(          20):2012021700
fctdate(          21):2012021706
fctdate(          22):2012021712
fctdate(          23):2012021718
fctdate(          24):2012021800
fctdate(          25):2012021806
fctdate(          26):2012021812
fctdate(          27):2012021818
fctdate(          28):2012021900
fctdate(          29):2012021906
fctdate(          30):2012021912
fctdate(          31):2012021918
fctdate(          32):2012022000
fctdate(          33):2012022006
fctdate(          34):2012022012
fctdate(          35):2012022018
fctdate(          36):2012022100
fctdate(          37):2012022106
fctdate(          38):2012022112
fctdate(          39):2012022118
fctdate(          40):2012022200
fctdate(          41):2012022206
fctdate(          42):2012022212
fctdate(          43):2012022218
fctdate(          44):2012022300
fctdate(          45):2012022306
fctdate(          46):2012022312
fctdate(          47):2012022318
fctdate(          48):2012022400
fctdate(          49):2012022406
fctdate(          50):2012022412
fctdate(          51):2012022418
fctdate(          52):2012022500
fctdate(          53):2012022506
fctdate(          54):2012022512
fctdate(          55):2012022518
fctdate(          56):2012022600
fctdate(          57):2012022606
fctdate(          58):2012022612
fctdate(          59):2012022618
fctdate(          60):2012022700
fctdate(          61):2012022706
fctdate(          62):2012022712
 unit79: /gfs/dk22/modoper/tempo/global/oens/spread/dataout/T126L28/spread20120212122012022712.T126L28.lst

*****************************

evaluating spread for forecast hour :  0 hs

*****************************

 unit95: /gfs/dk22/modoper/tempo/global/oens/spread/dataout/T126L28/spread20120212122012021212.T126L28.ctl
 unit50: /gfs/dk22/modoper/tempo/global/oens/spread/dataout/T126L28/spread20120212122012021212.T126L28.bin
 unit70: /gfs/dk22/modoper/tempo/global/oens/pos/dataout/T126L28/GPOS01P20120212122012021212P.icn.T126L28.grb
 unit70: /gfs/dk22/modoper/tempo/global/oens/pos/dataout/T126L28/GPOS02P20120212122012021212P.icn.T126L28.grb
 unit70: /gfs/dk22/modoper/tempo/global/oens/pos/dataout/T126L28/GPOS03P20120212122012021212P.icn.T126L28.grb
 unit70: /gfs/dk22/modoper/tempo/global/oens/pos/dataout/T126L28/GPOS01N20120212122012021212P.icn.T126L28.grb
 unit70: /gfs/dk22/modoper/tempo/global/oens/pos/dataout/T126L28/GPOS02N20120212122012021212P.icn.T126L28.grb
 unit70: /gfs/dk22/modoper/tempo/global/oens/pos/dataout/T126L28/GPOS03N20120212122012021212P.icn.T126L28.grb
 unit70: /gfs/dk22/modoper/tempo/global/oens/pos/dataout/T126L28/GPOSAVN20120212122012021212P.icn.T126L28.grb

*****************************

evaluating spread for forecast hour :  0 hs

*****************************

 unit95: /gfs/dk22/modoper/tempo/global/oens/spread/dataout/T126L28/spread20120212122012021212.inz.T126L28.ctl
 unit50: /gfs/dk22/modoper/tempo/global/oens/spread/dataout/T126L28/spread20120212122012021212.inz.T126L28.bin
 unit70: /gfs/dk22/modoper/tempo/global/oens/pos/dataout/T126L28/GPOS01P20120212122012021212P.inz.T126L28.grb
 unit70: /gfs/dk22/modoper/tempo/global/oens/pos/dataout/T126L28/GPOS02P20120212122012021212P.inz.T126L28.grb
 unit70: /gfs/dk22/modoper/tempo/global/oens/pos/dataout/T126L28/GPOS03P20120212122012021212P.inz.T126L28.grb
 unit70: /gfs/dk22/modoper/tempo/global/oens/pos/dataout/T126L28/GPOS01N20120212122012021212P.inz.T126L28.grb
 unit70: /gfs/dk22/modoper/tempo/global/oens/pos/dataout/T126L28/GPOS02N20120212122012021212P.inz.T126L28.grb
 unit70: /gfs/dk22/modoper/tempo/global/oens/pos/dataout/T126L28/GPOS03N20120212122012021212P.inz.T126L28.grb
 unit70: /gfs/dk22/modoper/tempo/global/oens/pos/dataout/T126L28/GPOSAVN20120212122012021212P.inz.T126L28.grb

*****************************

evaluating spread for forecast hour :  6 hs

*****************************

 unit95: /gfs/dk22/modoper/tempo/global/oens/spread/dataout/T126L28/spread20120212122012021218.T126L28.ctl
 unit50: /gfs/dk22/modoper/tempo/global/oens/spread/dataout/T126L28/spread20120212122012021218.T126L28.bin
 unit70: /gfs/dk22/modoper/tempo/global/oens/pos/dataout/T126L28/GPOS01P20120212122012021218P.fct.T126L28.grb
 unit70: /gfs/dk22/modoper/tempo/global/oens/pos/dataout/T126L28/GPOS02P20120212122012021218P.fct.T126L28.grb
 unit70: /gfs/dk22/modoper/tempo/global/oens/pos/dataout/T126L28/GPOS03P20120212122012021218P.fct.T126L28.grb
 unit70: /gfs/dk22/modoper/tempo/global/oens/pos/dataout/T126L28/GPOS01N20120212122012021218P.fct.T126L28.grb
 unit70: /gfs/dk22/modoper/tempo/global/oens/pos/dataout/T126L28/GPOS02N20120212122012021218P.fct.T126L28.grb
 unit70: /gfs/dk22/modoper/tempo/global/oens/pos/dataout/T126L28/GPOS03N20120212122012021218P.fct.T126L28.grb
 unit70: /gfs/dk22/modoper/tempo/global/oens/pos/dataout/T126L28/GPOSAVN20120212122012021218P.fct.T126L28.grb

*****************************

evaluating spread for forecast hour : 12 hs

*****************************

 unit95: /gfs/dk22/modoper/tempo/global/oens/spread/dataout/T126L28/spread20120212122012021300.T126L28.ctl
 unit50: /gfs/dk22/modoper/tempo/global/oens/spread/dataout/T126L28/spread20120212122012021300.T126L28.bin
 unit70: /gfs/dk22/modoper/tempo/global/oens/pos/dataout/T126L28/GPOS01P20120212122012021300P.fct.T126L28.grb
 unit70: /gfs/dk22/modoper/tempo/global/oens/pos/dataout/T126L28/GPOS02P20120212122012021300P.fct.T126L28.grb
 unit70: /gfs/dk22/modoper/tempo/global/oens/pos/dataout/T126L28/GPOS03P20120212122012021300P.fct.T126L28.grb
 unit70: /gfs/dk22/modoper/tempo/global/oens/pos/dataout/T126L28/GPOS01N20120212122012021300P.fct.T126L28.grb
 unit70: /gfs/dk22/modoper/tempo/global/oens/pos/dataout/T126L28/GPOS02N20120212122012021300P.fct.T126L28.grb
 unit70: /gfs/dk22/modoper/tempo/global/oens/pos/dataout/T126L28/GPOS03N20120212122012021300P.fct.T126L28.grb
 unit70: /gfs/dk22/modoper/tempo/global/oens/pos/dataout/T126L28/GPOSAVN20120212122012021300P.fct.T126L28.grb

*****************************

evaluating spread for forecast hour : 18 hs

*****************************

 unit95: /gfs/dk22/modoper/tempo/global/oens/spread/dataout/T126L28/spread20120212122012021306.T126L28.ctl
 unit50: /gfs/dk22/modoper/tempo/global/oens/spread/dataout/T126L28/spread20120212122012021306.T126L28.bin
 unit70: /gfs/dk22/modoper/tempo/global/oens/pos/dataout/T126L28/GPOS01P20120212122012021306P.fct.T126L28.grb
 unit70: /gfs/dk22/modoper/tempo/global/oens/pos/dataout/T126L28/GPOS02P20120212122012021306P.fct.T126L28.grb
 unit70: /gfs/dk22/modoper/tempo/global/oens/pos/dataout/T126L28/GPOS03P20120212122012021306P.fct.T126L28.grb
 unit70: /gfs/dk22/modoper/tempo/global/oens/pos/dataout/T126L28/GPOS01N20120212122012021306P.fct.T126L28.grb
 unit70: /gfs/dk22/modoper/tempo/global/oens/pos/dataout/T126L28/GPOS02N20120212122012021306P.fct.T126L28.grb
 unit70: /gfs/dk22/modoper/tempo/global/oens/pos/dataout/T126L28/GPOS03N20120212122012021306P.fct.T126L28.grb
 unit70: /gfs/dk22/modoper/tempo/global/oens/pos/dataout/T126L28/GPOSAVN20120212122012021306P.fct.T126L28.grb

*****************************

evaluating spread for forecast hour : 24 hs

*****************************

 unit95: /gfs/dk22/modoper/tempo/global/oens/spread/dataout/T126L28/spread20120212122012021312.T126L28.ctl
 unit50: /gfs/dk22/modoper/tempo/global/oens/spread/dataout/T126L28/spread20120212122012021312.T126L28.bin
 unit70: /gfs/dk22/modoper/tempo/global/oens/pos/dataout/T126L28/GPOS01P20120212122012021312P.fct.T126L28.grb
 unit70: /gfs/dk22/modoper/tempo/global/oens/pos/dataout/T126L28/GPOS02P20120212122012021312P.fct.T126L28.grb
 unit70: /gfs/dk22/modoper/tempo/global/oens/pos/dataout/T126L28/GPOS03P20120212122012021312P.fct.T126L28.grb
 unit70: /gfs/dk22/modoper/tempo/global/oens/pos/dataout/T126L28/GPOS01N20120212122012021312P.fct.T126L28.grb
 unit70: /gfs/dk22/modoper/tempo/global/oens/pos/dataout/T126L28/GPOS02N20120212122012021312P.fct.T126L28.grb
 unit70: /gfs/dk22/modoper/tempo/global/oens/pos/dataout/T126L28/GPOS03N20120212122012021312P.fct.T126L28.grb
 unit70: /gfs/dk22/modoper/tempo/global/oens/pos/dataout/T126L28/GPOSAVN20120212122012021312P.fct.T126L28.grb

*****************************

evaluating spread for forecast hour : 30 hs

*****************************

 unit95: /gfs/dk22/modoper/tempo/global/oens/spread/dataout/T126L28/spread20120212122012021318.T126L28.ctl
 unit50: /gfs/dk22/modoper/tempo/global/oens/spread/dataout/T126L28/spread20120212122012021318.T126L28.bin
 unit70: /gfs/dk22/modoper/tempo/global/oens/pos/dataout/T126L28/GPOS01P20120212122012021318P.fct.T126L28.grb
 unit70: /gfs/dk22/modoper/tempo/global/oens/pos/dataout/T126L28/GPOS02P20120212122012021318P.fct.T126L28.grb
 unit70: /gfs/dk22/modoper/tempo/global/oens/pos/dataout/T126L28/GPOS03P20120212122012021318P.fct.T126L28.grb
 unit70: /gfs/dk22/modoper/tempo/global/oens/pos/dataout/T126L28/GPOS01N20120212122012021318P.fct.T126L28.grb
 unit70: /gfs/dk22/modoper/tempo/global/oens/pos/dataout/T126L28/GPOS02N20120212122012021318P.fct.T126L28.grb
 unit70: /gfs/dk22/modoper/tempo/global/oens/pos/dataout/T126L28/GPOS03N20120212122012021318P.fct.T126L28.grb
 unit70: /gfs/dk22/modoper/tempo/global/oens/pos/dataout/T126L28/GPOSAVN20120212122012021318P.fct.T126L28.grb

*****************************

evaluating spread for forecast hour : 36 hs

*****************************

 unit95: /gfs/dk22/modoper/tempo/global/oens/spread/dataout/T126L28/spread20120212122012021400.T126L28.ctl
 unit50: /gfs/dk22/modoper/tempo/global/oens/spread/dataout/T126L28/spread20120212122012021400.T126L28.bin
 unit70: /gfs/dk22/modoper/tempo/global/oens/pos/dataout/T126L28/GPOS01P20120212122012021400P.fct.T126L28.grb
 unit70: /gfs/dk22/modoper/tempo/global/oens/pos/dataout/T126L28/GPOS02P20120212122012021400P.fct.T126L28.grb
 unit70: /gfs/dk22/modoper/tempo/global/oens/pos/dataout/T126L28/GPOS03P20120212122012021400P.fct.T126L28.grb
 unit70: /gfs/dk22/modoper/tempo/global/oens/pos/dataout/T126L28/GPOS01N20120212122012021400P.fct.T126L28.grb
 unit70: /gfs/dk22/modoper/tempo/global/oens/pos/dataout/T126L28/GPOS02N20120212122012021400P.fct.T126L28.grb
 unit70: /gfs/dk22/modoper/tempo/global/oens/pos/dataout/T126L28/GPOS03N20120212122012021400P.fct.T126L28.grb
 unit70: /gfs/dk22/modoper/tempo/global/oens/pos/dataout/T126L28/GPOSAVN20120212122012021400P.fct.T126L28.grb

*****************************

evaluating spread for forecast hour : 42 hs

*****************************

 unit95: /gfs/dk22/modoper/tempo/global/oens/spread/dataout/T126L28/spread20120212122012021406.T126L28.ctl
 unit50: /gfs/dk22/modoper/tempo/global/oens/spread/dataout/T126L28/spread20120212122012021406.T126L28.bin
 unit70: /gfs/dk22/modoper/tempo/global/oens/pos/dataout/T126L28/GPOS01P20120212122012021406P.fct.T126L28.grb
 unit70: /gfs/dk22/modoper/tempo/global/oens/pos/dataout/T126L28/GPOS02P20120212122012021406P.fct.T126L28.grb
 unit70: /gfs/dk22/modoper/tempo/global/oens/pos/dataout/T126L28/GPOS03P20120212122012021406P.fct.T126L28.grb
 unit70: /gfs/dk22/modoper/tempo/global/oens/pos/dataout/T126L28/GPOS01N20120212122012021406P.fct.T126L28.grb
 unit70: /gfs/dk22/modoper/tempo/global/oens/pos/dataout/T126L28/GPOS02N20120212122012021406P.fct.T126L28.grb
 unit70: /gfs/dk22/modoper/tempo/global/oens/pos/dataout/T126L28/GPOS03N20120212122012021406P.fct.T126L28.grb
 unit70: /gfs/dk22/modoper/tempo/global/oens/pos/dataout/T126L28/GPOSAVN20120212122012021406P.fct.T126L28.grb

*****************************

evaluating spread for forecast hour : 48 hs

*****************************

 unit95: /gfs/dk22/modoper/tempo/global/oens/spread/dataout/T126L28/spread20120212122012021412.T126L28.ctl
 unit50: /gfs/dk22/modoper/tempo/global/oens/spread/dataout/T126L28/spread20120212122012021412.T126L28.bin
 unit70: /gfs/dk22/modoper/tempo/global/oens/pos/dataout/T126L28/GPOS01P20120212122012021412P.fct.T126L28.grb
 unit70: /gfs/dk22/modoper/tempo/global/oens/pos/dataout/T126L28/GPOS02P20120212122012021412P.fct.T126L28.grb
 unit70: /gfs/dk22/modoper/tempo/global/oens/pos/dataout/T126L28/GPOS03P20120212122012021412P.fct.T126L28.grb
 unit70: /gfs/dk22/modoper/tempo/global/oens/pos/dataout/T126L28/GPOS01N20120212122012021412P.fct.T126L28.grb
 unit70: /gfs/dk22/modoper/tempo/global/oens/pos/dataout/T126L28/GPOS02N20120212122012021412P.fct.T126L28.grb
 unit70: /gfs/dk22/modoper/tempo/global/oens/pos/dataout/T126L28/GPOS03N20120212122012021412P.fct.T126L28.grb
 unit70: /gfs/dk22/modoper/tempo/global/oens/pos/dataout/T126L28/GPOSAVN20120212122012021412P.fct.T126L28.grb

*****************************

evaluating spread for forecast hour : 54 hs

*****************************

 unit95: /gfs/dk22/modoper/tempo/global/oens/spread/dataout/T126L28/spread20120212122012021418.T126L28.ctl
 unit50: /gfs/dk22/modoper/tempo/global/oens/spread/dataout/T126L28/spread20120212122012021418.T126L28.bin
 unit70: /gfs/dk22/modoper/tempo/global/oens/pos/dataout/T126L28/GPOS01P20120212122012021418P.fct.T126L28.grb
 unit70: /gfs/dk22/modoper/tempo/global/oens/pos/dataout/T126L28/GPOS02P20120212122012021418P.fct.T126L28.grb
 unit70: /gfs/dk22/modoper/tempo/global/oens/pos/dataout/T126L28/GPOS03P20120212122012021418P.fct.T126L28.grb
 unit70: /gfs/dk22/modoper/tempo/global/oens/pos/dataout/T126L28/GPOS01N20120212122012021418P.fct.T126L28.grb
 unit70: /gfs/dk22/modoper/tempo/global/oens/pos/dataout/T126L28/GPOS02N20120212122012021418P.fct.T126L28.grb
 unit70: /gfs/dk22/modoper/tempo/global/oens/pos/dataout/T126L28/GPOS03N20120212122012021418P.fct.T126L28.grb
 unit70: /gfs/dk22/modoper/tempo/global/oens/pos/dataout/T126L28/GPOSAVN20120212122012021418P.fct.T126L28.grb

*****************************

evaluating spread for forecast hour : 60 hs

*****************************

 unit95: /gfs/dk22/modoper/tempo/global/oens/spread/dataout/T126L28/spread20120212122012021500.T126L28.ctl
 unit50: /gfs/dk22/modoper/tempo/global/oens/spread/dataout/T126L28/spread20120212122012021500.T126L28.bin
 unit70: /gfs/dk22/modoper/tempo/global/oens/pos/dataout/T126L28/GPOS01P20120212122012021500P.fct.T126L28.grb
 unit70: /gfs/dk22/modoper/tempo/global/oens/pos/dataout/T126L28/GPOS02P20120212122012021500P.fct.T126L28.grb
 unit70: /gfs/dk22/modoper/tempo/global/oens/pos/dataout/T126L28/GPOS03P20120212122012021500P.fct.T126L28.grb
 unit70: /gfs/dk22/modoper/tempo/global/oens/pos/dataout/T126L28/GPOS01N20120212122012021500P.fct.T126L28.grb
 unit70: /gfs/dk22/modoper/tempo/global/oens/pos/dataout/T126L28/GPOS02N20120212122012021500P.fct.T126L28.grb
 unit70: /gfs/dk22/modoper/tempo/global/oens/pos/dataout/T126L28/GPOS03N20120212122012021500P.fct.T126L28.grb
 unit70: /gfs/dk22/modoper/tempo/global/oens/pos/dataout/T126L28/GPOSAVN20120212122012021500P.fct.T126L28.grb

*****************************

evaluating spread for forecast hour : 66 hs

*****************************

 unit95: /gfs/dk22/modoper/tempo/global/oens/spread/dataout/T126L28/spread20120212122012021506.T126L28.ctl
 unit50: /gfs/dk22/modoper/tempo/global/oens/spread/dataout/T126L28/spread20120212122012021506.T126L28.bin
 unit70: /gfs/dk22/modoper/tempo/global/oens/pos/dataout/T126L28/GPOS01P20120212122012021506P.fct.T126L28.grb
 unit70: /gfs/dk22/modoper/tempo/global/oens/pos/dataout/T126L28/GPOS02P20120212122012021506P.fct.T126L28.grb
 unit70: /gfs/dk22/modoper/tempo/global/oens/pos/dataout/T126L28/GPOS03P20120212122012021506P.fct.T126L28.grb
 unit70: /gfs/dk22/modoper/tempo/global/oens/pos/dataout/T126L28/GPOS01N20120212122012021506P.fct.T126L28.grb
 unit70: /gfs/dk22/modoper/tempo/global/oens/pos/dataout/T126L28/GPOS02N20120212122012021506P.fct.T126L28.grb
 unit70: /gfs/dk22/modoper/tempo/global/oens/pos/dataout/T126L28/GPOS03N20120212122012021506P.fct.T126L28.grb
 unit70: /gfs/dk22/modoper/tempo/global/oens/pos/dataout/T126L28/GPOSAVN20120212122012021506P.fct.T126L28.grb

*****************************

evaluating spread for forecast hour : 72 hs

*****************************

 unit95: /gfs/dk22/modoper/tempo/global/oens/spread/dataout/T126L28/spread20120212122012021512.T126L28.ctl
 unit50: /gfs/dk22/modoper/tempo/global/oens/spread/dataout/T126L28/spread20120212122012021512.T126L28.bin
 unit70: /gfs/dk22/modoper/tempo/global/oens/pos/dataout/T126L28/GPOS01P20120212122012021512P.fct.T126L28.grb
 unit70: /gfs/dk22/modoper/tempo/global/oens/pos/dataout/T126L28/GPOS02P20120212122012021512P.fct.T126L28.grb
 unit70: /gfs/dk22/modoper/tempo/global/oens/pos/dataout/T126L28/GPOS03P20120212122012021512P.fct.T126L28.grb
 unit70: /gfs/dk22/modoper/tempo/global/oens/pos/dataout/T126L28/GPOS01N20120212122012021512P.fct.T126L28.grb
 unit70: /gfs/dk22/modoper/tempo/global/oens/pos/dataout/T126L28/GPOS02N20120212122012021512P.fct.T126L28.grb
 unit70: /gfs/dk22/modoper/tempo/global/oens/pos/dataout/T126L28/GPOS03N20120212122012021512P.fct.T126L28.grb
 unit70: /gfs/dk22/modoper/tempo/global/oens/pos/dataout/T126L28/GPOSAVN20120212122012021512P.fct.T126L28.grb

*****************************

evaluating spread for forecast hour : 78 hs

*****************************

 unit95: /gfs/dk22/modoper/tempo/global/oens/spread/dataout/T126L28/spread20120212122012021518.T126L28.ctl
 unit50: /gfs/dk22/modoper/tempo/global/oens/spread/dataout/T126L28/spread20120212122012021518.T126L28.bin
 unit70: /gfs/dk22/modoper/tempo/global/oens/pos/dataout/T126L28/GPOS01P20120212122012021518P.fct.T126L28.grb
 unit70: /gfs/dk22/modoper/tempo/global/oens/pos/dataout/T126L28/GPOS02P20120212122012021518P.fct.T126L28.grb
 unit70: /gfs/dk22/modoper/tempo/global/oens/pos/dataout/T126L28/GPOS03P20120212122012021518P.fct.T126L28.grb
 unit70: /gfs/dk22/modoper/tempo/global/oens/pos/dataout/T126L28/GPOS01N20120212122012021518P.fct.T126L28.grb
 unit70: /gfs/dk22/modoper/tempo/global/oens/pos/dataout/T126L28/GPOS02N20120212122012021518P.fct.T126L28.grb
 unit70: /gfs/dk22/modoper/tempo/global/oens/pos/dataout/T126L28/GPOS03N20120212122012021518P.fct.T126L28.grb
 unit70: /gfs/dk22/modoper/tempo/global/oens/pos/dataout/T126L28/GPOSAVN20120212122012021518P.fct.T126L28.grb

*****************************

evaluating spread for forecast hour : 84 hs

*****************************

 unit95: /gfs/dk22/modoper/tempo/global/oens/spread/dataout/T126L28/spread20120212122012021600.T126L28.ctl
 unit50: /gfs/dk22/modoper/tempo/global/oens/spread/dataout/T126L28/spread20120212122012021600.T126L28.bin
 unit70: /gfs/dk22/modoper/tempo/global/oens/pos/dataout/T126L28/GPOS01P20120212122012021600P.fct.T126L28.grb
 unit70: /gfs/dk22/modoper/tempo/global/oens/pos/dataout/T126L28/GPOS02P20120212122012021600P.fct.T126L28.grb
 unit70: /gfs/dk22/modoper/tempo/global/oens/pos/dataout/T126L28/GPOS03P20120212122012021600P.fct.T126L28.grb
 unit70: /gfs/dk22/modoper/tempo/global/oens/pos/dataout/T126L28/GPOS01N20120212122012021600P.fct.T126L28.grb
 unit70: /gfs/dk22/modoper/tempo/global/oens/pos/dataout/T126L28/GPOS02N20120212122012021600P.fct.T126L28.grb
 unit70: /gfs/dk22/modoper/tempo/global/oens/pos/dataout/T126L28/GPOS03N20120212122012021600P.fct.T126L28.grb
 unit70: /gfs/dk22/modoper/tempo/global/oens/pos/dataout/T126L28/GPOSAVN20120212122012021600P.fct.T126L28.grb

*****************************

evaluating spread for forecast hour : 90 hs

*****************************

 unit95: /gfs/dk22/modoper/tempo/global/oens/spread/dataout/T126L28/spread20120212122012021606.T126L28.ctl
 unit50: /gfs/dk22/modoper/tempo/global/oens/spread/dataout/T126L28/spread20120212122012021606.T126L28.bin
 unit70: /gfs/dk22/modoper/tempo/global/oens/pos/dataout/T126L28/GPOS01P20120212122012021606P.fct.T126L28.grb
 unit70: /gfs/dk22/modoper/tempo/global/oens/pos/dataout/T126L28/GPOS02P20120212122012021606P.fct.T126L28.grb
 unit70: /gfs/dk22/modoper/tempo/global/oens/pos/dataout/T126L28/GPOS03P20120212122012021606P.fct.T126L28.grb
 unit70: /gfs/dk22/modoper/tempo/global/oens/pos/dataout/T126L28/GPOS01N20120212122012021606P.fct.T126L28.grb
 unit70: /gfs/dk22/modoper/tempo/global/oens/pos/dataout/T126L28/GPOS02N20120212122012021606P.fct.T126L28.grb
 unit70: /gfs/dk22/modoper/tempo/global/oens/pos/dataout/T126L28/GPOS03N20120212122012021606P.fct.T126L28.grb
 unit70: /gfs/dk22/modoper/tempo/global/oens/pos/dataout/T126L28/GPOSAVN20120212122012021606P.fct.T126L28.grb

*****************************

evaluating spread for forecast hour : 96 hs

*****************************

 unit95: /gfs/dk22/modoper/tempo/global/oens/spread/dataout/T126L28/spread20120212122012021612.T126L28.ctl
 unit50: /gfs/dk22/modoper/tempo/global/oens/spread/dataout/T126L28/spread20120212122012021612.T126L28.bin
 unit70: /gfs/dk22/modoper/tempo/global/oens/pos/dataout/T126L28/GPOS01P20120212122012021612P.fct.T126L28.grb
 unit70: /gfs/dk22/modoper/tempo/global/oens/pos/dataout/T126L28/GPOS02P20120212122012021612P.fct.T126L28.grb
 unit70: /gfs/dk22/modoper/tempo/global/oens/pos/dataout/T126L28/GPOS03P20120212122012021612P.fct.T126L28.grb
 unit70: /gfs/dk22/modoper/tempo/global/oens/pos/dataout/T126L28/GPOS01N20120212122012021612P.fct.T126L28.grb
 unit70: /gfs/dk22/modoper/tempo/global/oens/pos/dataout/T126L28/GPOS02N20120212122012021612P.fct.T126L28.grb
 unit70: /gfs/dk22/modoper/tempo/global/oens/pos/dataout/T126L28/GPOS03N20120212122012021612P.fct.T126L28.grb
 unit70: /gfs/dk22/modoper/tempo/global/oens/pos/dataout/T126L28/GPOSAVN20120212122012021612P.fct.T126L28.grb

*****************************

evaluating spread for forecast hour :102 hs

*****************************

 unit95: /gfs/dk22/modoper/tempo/global/oens/spread/dataout/T126L28/spread20120212122012021618.T126L28.ctl
 unit50: /gfs/dk22/modoper/tempo/global/oens/spread/dataout/T126L28/spread20120212122012021618.T126L28.bin
 unit70: /gfs/dk22/modoper/tempo/global/oens/pos/dataout/T126L28/GPOS01P20120212122012021618P.fct.T126L28.grb
 unit70: /gfs/dk22/modoper/tempo/global/oens/pos/dataout/T126L28/GPOS02P20120212122012021618P.fct.T126L28.grb
 unit70: /gfs/dk22/modoper/tempo/global/oens/pos/dataout/T126L28/GPOS03P20120212122012021618P.fct.T126L28.grb
 unit70: /gfs/dk22/modoper/tempo/global/oens/pos/dataout/T126L28/GPOS01N20120212122012021618P.fct.T126L28.grb
 unit70: /gfs/dk22/modoper/tempo/global/oens/pos/dataout/T126L28/GPOS02N20120212122012021618P.fct.T126L28.grb
 unit70: /gfs/dk22/modoper/tempo/global/oens/pos/dataout/T126L28/GPOS03N20120212122012021618P.fct.T126L28.grb
 unit70: /gfs/dk22/modoper/tempo/global/oens/pos/dataout/T126L28/GPOSAVN20120212122012021618P.fct.T126L28.grb

*****************************

evaluating spread for forecast hour :108 hs

*****************************

 unit95: /gfs/dk22/modoper/tempo/global/oens/spread/dataout/T126L28/spread20120212122012021700.T126L28.ctl
 unit50: /gfs/dk22/modoper/tempo/global/oens/spread/dataout/T126L28/spread20120212122012021700.T126L28.bin
 unit70: /gfs/dk22/modoper/tempo/global/oens/pos/dataout/T126L28/GPOS01P20120212122012021700P.fct.T126L28.grb
 unit70: /gfs/dk22/modoper/tempo/global/oens/pos/dataout/T126L28/GPOS02P20120212122012021700P.fct.T126L28.grb
 unit70: /gfs/dk22/modoper/tempo/global/oens/pos/dataout/T126L28/GPOS03P20120212122012021700P.fct.T126L28.grb
 unit70: /gfs/dk22/modoper/tempo/global/oens/pos/dataout/T126L28/GPOS01N20120212122012021700P.fct.T126L28.grb
 unit70: /gfs/dk22/modoper/tempo/global/oens/pos/dataout/T126L28/GPOS02N20120212122012021700P.fct.T126L28.grb
 unit70: /gfs/dk22/modoper/tempo/global/oens/pos/dataout/T126L28/GPOS03N20120212122012021700P.fct.T126L28.grb
 unit70: /gfs/dk22/modoper/tempo/global/oens/pos/dataout/T126L28/GPOSAVN20120212122012021700P.fct.T126L28.grb

*****************************

evaluating spread for forecast hour :114 hs

*****************************

 unit95: /gfs/dk22/modoper/tempo/global/oens/spread/dataout/T126L28/spread20120212122012021706.T126L28.ctl
 unit50: /gfs/dk22/modoper/tempo/global/oens/spread/dataout/T126L28/spread20120212122012021706.T126L28.bin
 unit70: /gfs/dk22/modoper/tempo/global/oens/pos/dataout/T126L28/GPOS01P20120212122012021706P.fct.T126L28.grb
 unit70: /gfs/dk22/modoper/tempo/global/oens/pos/dataout/T126L28/GPOS02P20120212122012021706P.fct.T126L28.grb
 unit70: /gfs/dk22/modoper/tempo/global/oens/pos/dataout/T126L28/GPOS03P20120212122012021706P.fct.T126L28.grb
 unit70: /gfs/dk22/modoper/tempo/global/oens/pos/dataout/T126L28/GPOS01N20120212122012021706P.fct.T126L28.grb
 unit70: /gfs/dk22/modoper/tempo/global/oens/pos/dataout/T126L28/GPOS02N20120212122012021706P.fct.T126L28.grb
 unit70: /gfs/dk22/modoper/tempo/global/oens/pos/dataout/T126L28/GPOS03N20120212122012021706P.fct.T126L28.grb
 unit70: /gfs/dk22/modoper/tempo/global/oens/pos/dataout/T126L28/GPOSAVN20120212122012021706P.fct.T126L28.grb

*****************************

evaluating spread for forecast hour :120 hs

*****************************

 unit95: /gfs/dk22/modoper/tempo/global/oens/spread/dataout/T126L28/spread20120212122012021712.T126L28.ctl
 unit50: /gfs/dk22/modoper/tempo/global/oens/spread/dataout/T126L28/spread20120212122012021712.T126L28.bin
 unit70: /gfs/dk22/modoper/tempo/global/oens/pos/dataout/T126L28/GPOS01P20120212122012021712P.fct.T126L28.grb
 unit70: /gfs/dk22/modoper/tempo/global/oens/pos/dataout/T126L28/GPOS02P20120212122012021712P.fct.T126L28.grb
 unit70: /gfs/dk22/modoper/tempo/global/oens/pos/dataout/T126L28/GPOS03P20120212122012021712P.fct.T126L28.grb
 unit70: /gfs/dk22/modoper/tempo/global/oens/pos/dataout/T126L28/GPOS01N20120212122012021712P.fct.T126L28.grb
 unit70: /gfs/dk22/modoper/tempo/global/oens/pos/dataout/T126L28/GPOS02N20120212122012021712P.fct.T126L28.grb
 unit70: /gfs/dk22/modoper/tempo/global/oens/pos/dataout/T126L28/GPOS03N20120212122012021712P.fct.T126L28.grb
 unit70: /gfs/dk22/modoper/tempo/global/oens/pos/dataout/T126L28/GPOSAVN20120212122012021712P.fct.T126L28.grb

*****************************

evaluating spread for forecast hour :126 hs

*****************************

 unit95: /gfs/dk22/modoper/tempo/global/oens/spread/dataout/T126L28/spread20120212122012021718.T126L28.ctl
 unit50: /gfs/dk22/modoper/tempo/global/oens/spread/dataout/T126L28/spread20120212122012021718.T126L28.bin
 unit70: /gfs/dk22/modoper/tempo/global/oens/pos/dataout/T126L28/GPOS01P20120212122012021718P.fct.T126L28.grb
 unit70: /gfs/dk22/modoper/tempo/global/oens/pos/dataout/T126L28/GPOS02P20120212122012021718P.fct.T126L28.grb
 unit70: /gfs/dk22/modoper/tempo/global/oens/pos/dataout/T126L28/GPOS03P20120212122012021718P.fct.T126L28.grb
 unit70: /gfs/dk22/modoper/tempo/global/oens/pos/dataout/T126L28/GPOS01N20120212122012021718P.fct.T126L28.grb
 unit70: /gfs/dk22/modoper/tempo/global/oens/pos/dataout/T126L28/GPOS02N20120212122012021718P.fct.T126L28.grb
 unit70: /gfs/dk22/modoper/tempo/global/oens/pos/dataout/T126L28/GPOS03N20120212122012021718P.fct.T126L28.grb
 unit70: /gfs/dk22/modoper/tempo/global/oens/pos/dataout/T126L28/GPOSAVN20120212122012021718P.fct.T126L28.grb

*****************************

evaluating spread for forecast hour :132 hs

*****************************

 unit95: /gfs/dk22/modoper/tempo/global/oens/spread/dataout/T126L28/spread20120212122012021800.T126L28.ctl
 unit50: /gfs/dk22/modoper/tempo/global/oens/spread/dataout/T126L28/spread20120212122012021800.T126L28.bin
 unit70: /gfs/dk22/modoper/tempo/global/oens/pos/dataout/T126L28/GPOS01P20120212122012021800P.fct.T126L28.grb
 unit70: /gfs/dk22/modoper/tempo/global/oens/pos/dataout/T126L28/GPOS02P20120212122012021800P.fct.T126L28.grb
 unit70: /gfs/dk22/modoper/tempo/global/oens/pos/dataout/T126L28/GPOS03P20120212122012021800P.fct.T126L28.grb
 unit70: /gfs/dk22/modoper/tempo/global/oens/pos/dataout/T126L28/GPOS01N20120212122012021800P.fct.T126L28.grb
 unit70: /gfs/dk22/modoper/tempo/global/oens/pos/dataout/T126L28/GPOS02N20120212122012021800P.fct.T126L28.grb
 unit70: /gfs/dk22/modoper/tempo/global/oens/pos/dataout/T126L28/GPOS03N20120212122012021800P.fct.T126L28.grb
 unit70: /gfs/dk22/modoper/tempo/global/oens/pos/dataout/T126L28/GPOSAVN20120212122012021800P.fct.T126L28.grb

*****************************

evaluating spread for forecast hour :138 hs

*****************************

 unit95: /gfs/dk22/modoper/tempo/global/oens/spread/dataout/T126L28/spread20120212122012021806.T126L28.ctl
 unit50: /gfs/dk22/modoper/tempo/global/oens/spread/dataout/T126L28/spread20120212122012021806.T126L28.bin
 unit70: /gfs/dk22/modoper/tempo/global/oens/pos/dataout/T126L28/GPOS01P20120212122012021806P.fct.T126L28.grb
 unit70: /gfs/dk22/modoper/tempo/global/oens/pos/dataout/T126L28/GPOS02P20120212122012021806P.fct.T126L28.grb
 unit70: /gfs/dk22/modoper/tempo/global/oens/pos/dataout/T126L28/GPOS03P20120212122012021806P.fct.T126L28.grb
 unit70: /gfs/dk22/modoper/tempo/global/oens/pos/dataout/T126L28/GPOS01N20120212122012021806P.fct.T126L28.grb
 unit70: /gfs/dk22/modoper/tempo/global/oens/pos/dataout/T126L28/GPOS02N20120212122012021806P.fct.T126L28.grb
 unit70: /gfs/dk22/modoper/tempo/global/oens/pos/dataout/T126L28/GPOS03N20120212122012021806P.fct.T126L28.grb
 unit70: /gfs/dk22/modoper/tempo/global/oens/pos/dataout/T126L28/GPOSAVN20120212122012021806P.fct.T126L28.grb

*****************************

evaluating spread for forecast hour :144 hs

*****************************

 unit95: /gfs/dk22/modoper/tempo/global/oens/spread/dataout/T126L28/spread20120212122012021812.T126L28.ctl
 unit50: /gfs/dk22/modoper/tempo/global/oens/spread/dataout/T126L28/spread20120212122012021812.T126L28.bin
 unit70: /gfs/dk22/modoper/tempo/global/oens/pos/dataout/T126L28/GPOS01P20120212122012021812P.fct.T126L28.grb
 unit70: /gfs/dk22/modoper/tempo/global/oens/pos/dataout/T126L28/GPOS02P20120212122012021812P.fct.T126L28.grb
 unit70: /gfs/dk22/modoper/tempo/global/oens/pos/dataout/T126L28/GPOS03P20120212122012021812P.fct.T126L28.grb
 unit70: /gfs/dk22/modoper/tempo/global/oens/pos/dataout/T126L28/GPOS01N20120212122012021812P.fct.T126L28.grb
 unit70: /gfs/dk22/modoper/tempo/global/oens/pos/dataout/T126L28/GPOS02N20120212122012021812P.fct.T126L28.grb
 unit70: /gfs/dk22/modoper/tempo/global/oens/pos/dataout/T126L28/GPOS03N20120212122012021812P.fct.T126L28.grb
 unit70: /gfs/dk22/modoper/tempo/global/oens/pos/dataout/T126L28/GPOSAVN20120212122012021812P.fct.T126L28.grb

*****************************

evaluating spread for forecast hour :150 hs

*****************************

 unit95: /gfs/dk22/modoper/tempo/global/oens/spread/dataout/T126L28/spread20120212122012021818.T126L28.ctl
 unit50: /gfs/dk22/modoper/tempo/global/oens/spread/dataout/T126L28/spread20120212122012021818.T126L28.bin
 unit70: /gfs/dk22/modoper/tempo/global/oens/pos/dataout/T126L28/GPOS01P20120212122012021818P.fct.T126L28.grb
 unit70: /gfs/dk22/modoper/tempo/global/oens/pos/dataout/T126L28/GPOS02P20120212122012021818P.fct.T126L28.grb
 unit70: /gfs/dk22/modoper/tempo/global/oens/pos/dataout/T126L28/GPOS03P20120212122012021818P.fct.T126L28.grb
 unit70: /gfs/dk22/modoper/tempo/global/oens/pos/dataout/T126L28/GPOS01N20120212122012021818P.fct.T126L28.grb
 unit70: /gfs/dk22/modoper/tempo/global/oens/pos/dataout/T126L28/GPOS02N20120212122012021818P.fct.T126L28.grb
 unit70: /gfs/dk22/modoper/tempo/global/oens/pos/dataout/T126L28/GPOS03N20120212122012021818P.fct.T126L28.grb
 unit70: /gfs/dk22/modoper/tempo/global/oens/pos/dataout/T126L28/GPOSAVN20120212122012021818P.fct.T126L28.grb

*****************************

evaluating spread for forecast hour :156 hs

*****************************

 unit95: /gfs/dk22/modoper/tempo/global/oens/spread/dataout/T126L28/spread20120212122012021900.T126L28.ctl
 unit50: /gfs/dk22/modoper/tempo/global/oens/spread/dataout/T126L28/spread20120212122012021900.T126L28.bin
 unit70: /gfs/dk22/modoper/tempo/global/oens/pos/dataout/T126L28/GPOS01P20120212122012021900P.fct.T126L28.grb
 unit70: /gfs/dk22/modoper/tempo/global/oens/pos/dataout/T126L28/GPOS02P20120212122012021900P.fct.T126L28.grb
 unit70: /gfs/dk22/modoper/tempo/global/oens/pos/dataout/T126L28/GPOS03P20120212122012021900P.fct.T126L28.grb
 unit70: /gfs/dk22/modoper/tempo/global/oens/pos/dataout/T126L28/GPOS01N20120212122012021900P.fct.T126L28.grb
 unit70: /gfs/dk22/modoper/tempo/global/oens/pos/dataout/T126L28/GPOS02N20120212122012021900P.fct.T126L28.grb
 unit70: /gfs/dk22/modoper/tempo/global/oens/pos/dataout/T126L28/GPOS03N20120212122012021900P.fct.T126L28.grb
 unit70: /gfs/dk22/modoper/tempo/global/oens/pos/dataout/T126L28/GPOSAVN20120212122012021900P.fct.T126L28.grb

*****************************

evaluating spread for forecast hour :162 hs

*****************************

 unit95: /gfs/dk22/modoper/tempo/global/oens/spread/dataout/T126L28/spread20120212122012021906.T126L28.ctl
 unit50: /gfs/dk22/modoper/tempo/global/oens/spread/dataout/T126L28/spread20120212122012021906.T126L28.bin
 unit70: /gfs/dk22/modoper/tempo/global/oens/pos/dataout/T126L28/GPOS01P20120212122012021906P.fct.T126L28.grb
 unit70: /gfs/dk22/modoper/tempo/global/oens/pos/dataout/T126L28/GPOS02P20120212122012021906P.fct.T126L28.grb
 unit70: /gfs/dk22/modoper/tempo/global/oens/pos/dataout/T126L28/GPOS03P20120212122012021906P.fct.T126L28.grb
 unit70: /gfs/dk22/modoper/tempo/global/oens/pos/dataout/T126L28/GPOS01N20120212122012021906P.fct.T126L28.grb
 unit70: /gfs/dk22/modoper/tempo/global/oens/pos/dataout/T126L28/GPOS02N20120212122012021906P.fct.T126L28.grb
 unit70: /gfs/dk22/modoper/tempo/global/oens/pos/dataout/T126L28/GPOS03N20120212122012021906P.fct.T126L28.grb
 unit70: /gfs/dk22/modoper/tempo/global/oens/pos/dataout/T126L28/GPOSAVN20120212122012021906P.fct.T126L28.grb

*****************************

evaluating spread for forecast hour :168 hs

*****************************

 unit95: /gfs/dk22/modoper/tempo/global/oens/spread/dataout/T126L28/spread20120212122012021912.T126L28.ctl
 unit50: /gfs/dk22/modoper/tempo/global/oens/spread/dataout/T126L28/spread20120212122012021912.T126L28.bin
 unit70: /gfs/dk22/modoper/tempo/global/oens/pos/dataout/T126L28/GPOS01P20120212122012021912P.fct.T126L28.grb
 unit70: /gfs/dk22/modoper/tempo/global/oens/pos/dataout/T126L28/GPOS02P20120212122012021912P.fct.T126L28.grb
 unit70: /gfs/dk22/modoper/tempo/global/oens/pos/dataout/T126L28/GPOS03P20120212122012021912P.fct.T126L28.grb
 unit70: /gfs/dk22/modoper/tempo/global/oens/pos/dataout/T126L28/GPOS01N20120212122012021912P.fct.T126L28.grb
 unit70: /gfs/dk22/modoper/tempo/global/oens/pos/dataout/T126L28/GPOS02N20120212122012021912P.fct.T126L28.grb
 unit70: /gfs/dk22/modoper/tempo/global/oens/pos/dataout/T126L28/GPOS03N20120212122012021912P.fct.T126L28.grb
 unit70: /gfs/dk22/modoper/tempo/global/oens/pos/dataout/T126L28/GPOSAVN20120212122012021912P.fct.T126L28.grb

*****************************

evaluating spread for forecast hour :174 hs

*****************************

 unit95: /gfs/dk22/modoper/tempo/global/oens/spread/dataout/T126L28/spread20120212122012021918.T126L28.ctl
 unit50: /gfs/dk22/modoper/tempo/global/oens/spread/dataout/T126L28/spread20120212122012021918.T126L28.bin
 unit70: /gfs/dk22/modoper/tempo/global/oens/pos/dataout/T126L28/GPOS01P20120212122012021918P.fct.T126L28.grb
 unit70: /gfs/dk22/modoper/tempo/global/oens/pos/dataout/T126L28/GPOS02P20120212122012021918P.fct.T126L28.grb
 unit70: /gfs/dk22/modoper/tempo/global/oens/pos/dataout/T126L28/GPOS03P20120212122012021918P.fct.T126L28.grb
 unit70: /gfs/dk22/modoper/tempo/global/oens/pos/dataout/T126L28/GPOS01N20120212122012021918P.fct.T126L28.grb
 unit70: /gfs/dk22/modoper/tempo/global/oens/pos/dataout/T126L28/GPOS02N20120212122012021918P.fct.T126L28.grb
 unit70: /gfs/dk22/modoper/tempo/global/oens/pos/dataout/T126L28/GPOS03N20120212122012021918P.fct.T126L28.grb
 unit70: /gfs/dk22/modoper/tempo/global/oens/pos/dataout/T126L28/GPOSAVN20120212122012021918P.fct.T126L28.grb

*****************************

evaluating spread for forecast hour :180 hs

*****************************

 unit95: /gfs/dk22/modoper/tempo/global/oens/spread/dataout/T126L28/spread20120212122012022000.T126L28.ctl
 unit50: /gfs/dk22/modoper/tempo/global/oens/spread/dataout/T126L28/spread20120212122012022000.T126L28.bin
 unit70: /gfs/dk22/modoper/tempo/global/oens/pos/dataout/T126L28/GPOS01P20120212122012022000P.fct.T126L28.grb
 unit70: /gfs/dk22/modoper/tempo/global/oens/pos/dataout/T126L28/GPOS02P20120212122012022000P.fct.T126L28.grb
 unit70: /gfs/dk22/modoper/tempo/global/oens/pos/dataout/T126L28/GPOS03P20120212122012022000P.fct.T126L28.grb
 unit70: /gfs/dk22/modoper/tempo/global/oens/pos/dataout/T126L28/GPOS01N20120212122012022000P.fct.T126L28.grb
 unit70: /gfs/dk22/modoper/tempo/global/oens/pos/dataout/T126L28/GPOS02N20120212122012022000P.fct.T126L28.grb
 unit70: /gfs/dk22/modoper/tempo/global/oens/pos/dataout/T126L28/GPOS03N20120212122012022000P.fct.T126L28.grb
 unit70: /gfs/dk22/modoper/tempo/global/oens/pos/dataout/T126L28/GPOSAVN20120212122012022000P.fct.T126L28.grb

*****************************

evaluating spread for forecast hour :186 hs

*****************************

 unit95: /gfs/dk22/modoper/tempo/global/oens/spread/dataout/T126L28/spread20120212122012022006.T126L28.ctl
 unit50: /gfs/dk22/modoper/tempo/global/oens/spread/dataout/T126L28/spread20120212122012022006.T126L28.bin
 unit70: /gfs/dk22/modoper/tempo/global/oens/pos/dataout/T126L28/GPOS01P20120212122012022006P.fct.T126L28.grb
 unit70: /gfs/dk22/modoper/tempo/global/oens/pos/dataout/T126L28/GPOS02P20120212122012022006P.fct.T126L28.grb
 unit70: /gfs/dk22/modoper/tempo/global/oens/pos/dataout/T126L28/GPOS03P20120212122012022006P.fct.T126L28.grb
 unit70: /gfs/dk22/modoper/tempo/global/oens/pos/dataout/T126L28/GPOS01N20120212122012022006P.fct.T126L28.grb
 unit70: /gfs/dk22/modoper/tempo/global/oens/pos/dataout/T126L28/GPOS02N20120212122012022006P.fct.T126L28.grb
 unit70: /gfs/dk22/modoper/tempo/global/oens/pos/dataout/T126L28/GPOS03N20120212122012022006P.fct.T126L28.grb
 unit70: /gfs/dk22/modoper/tempo/global/oens/pos/dataout/T126L28/GPOSAVN20120212122012022006P.fct.T126L28.grb

*****************************

evaluating spread for forecast hour :192 hs

*****************************

 unit95: /gfs/dk22/modoper/tempo/global/oens/spread/dataout/T126L28/spread20120212122012022012.T126L28.ctl
 unit50: /gfs/dk22/modoper/tempo/global/oens/spread/dataout/T126L28/spread20120212122012022012.T126L28.bin
 unit70: /gfs/dk22/modoper/tempo/global/oens/pos/dataout/T126L28/GPOS01P20120212122012022012P.fct.T126L28.grb
 unit70: /gfs/dk22/modoper/tempo/global/oens/pos/dataout/T126L28/GPOS02P20120212122012022012P.fct.T126L28.grb
 unit70: /gfs/dk22/modoper/tempo/global/oens/pos/dataout/T126L28/GPOS03P20120212122012022012P.fct.T126L28.grb
 unit70: /gfs/dk22/modoper/tempo/global/oens/pos/dataout/T126L28/GPOS01N20120212122012022012P.fct.T126L28.grb
 unit70: /gfs/dk22/modoper/tempo/global/oens/pos/dataout/T126L28/GPOS02N20120212122012022012P.fct.T126L28.grb
 unit70: /gfs/dk22/modoper/tempo/global/oens/pos/dataout/T126L28/GPOS03N20120212122012022012P.fct.T126L28.grb
 unit70: /gfs/dk22/modoper/tempo/global/oens/pos/dataout/T126L28/GPOSAVN20120212122012022012P.fct.T126L28.grb

*****************************

evaluating spread for forecast hour :198 hs

*****************************

 unit95: /gfs/dk22/modoper/tempo/global/oens/spread/dataout/T126L28/spread20120212122012022018.T126L28.ctl
 unit50: /gfs/dk22/modoper/tempo/global/oens/spread/dataout/T126L28/spread20120212122012022018.T126L28.bin
 unit70: /gfs/dk22/modoper/tempo/global/oens/pos/dataout/T126L28/GPOS01P20120212122012022018P.fct.T126L28.grb
 unit70: /gfs/dk22/modoper/tempo/global/oens/pos/dataout/T126L28/GPOS02P20120212122012022018P.fct.T126L28.grb
 unit70: /gfs/dk22/modoper/tempo/global/oens/pos/dataout/T126L28/GPOS03P20120212122012022018P.fct.T126L28.grb
 unit70: /gfs/dk22/modoper/tempo/global/oens/pos/dataout/T126L28/GPOS01N20120212122012022018P.fct.T126L28.grb
 unit70: /gfs/dk22/modoper/tempo/global/oens/pos/dataout/T126L28/GPOS02N20120212122012022018P.fct.T126L28.grb
 unit70: /gfs/dk22/modoper/tempo/global/oens/pos/dataout/T126L28/GPOS03N20120212122012022018P.fct.T126L28.grb
 unit70: /gfs/dk22/modoper/tempo/global/oens/pos/dataout/T126L28/GPOSAVN20120212122012022018P.fct.T126L28.grb

*****************************

evaluating spread for forecast hour :204 hs

*****************************

 unit95: /gfs/dk22/modoper/tempo/global/oens/spread/dataout/T126L28/spread20120212122012022100.T126L28.ctl
 unit50: /gfs/dk22/modoper/tempo/global/oens/spread/dataout/T126L28/spread20120212122012022100.T126L28.bin
 unit70: /gfs/dk22/modoper/tempo/global/oens/pos/dataout/T126L28/GPOS01P20120212122012022100P.fct.T126L28.grb
 unit70: /gfs/dk22/modoper/tempo/global/oens/pos/dataout/T126L28/GPOS02P20120212122012022100P.fct.T126L28.grb
 unit70: /gfs/dk22/modoper/tempo/global/oens/pos/dataout/T126L28/GPOS03P20120212122012022100P.fct.T126L28.grb
 unit70: /gfs/dk22/modoper/tempo/global/oens/pos/dataout/T126L28/GPOS01N20120212122012022100P.fct.T126L28.grb
 unit70: /gfs/dk22/modoper/tempo/global/oens/pos/dataout/T126L28/GPOS02N20120212122012022100P.fct.T126L28.grb
 unit70: /gfs/dk22/modoper/tempo/global/oens/pos/dataout/T126L28/GPOS03N20120212122012022100P.fct.T126L28.grb
 unit70: /gfs/dk22/modoper/tempo/global/oens/pos/dataout/T126L28/GPOSAVN20120212122012022100P.fct.T126L28.grb

*****************************

evaluating spread for forecast hour :210 hs

*****************************

 unit95: /gfs/dk22/modoper/tempo/global/oens/spread/dataout/T126L28/spread20120212122012022106.T126L28.ctl
 unit50: /gfs/dk22/modoper/tempo/global/oens/spread/dataout/T126L28/spread20120212122012022106.T126L28.bin
 unit70: /gfs/dk22/modoper/tempo/global/oens/pos/dataout/T126L28/GPOS01P20120212122012022106P.fct.T126L28.grb
 unit70: /gfs/dk22/modoper/tempo/global/oens/pos/dataout/T126L28/GPOS02P20120212122012022106P.fct.T126L28.grb
 unit70: /gfs/dk22/modoper/tempo/global/oens/pos/dataout/T126L28/GPOS03P20120212122012022106P.fct.T126L28.grb
 unit70: /gfs/dk22/modoper/tempo/global/oens/pos/dataout/T126L28/GPOS01N20120212122012022106P.fct.T126L28.grb
 unit70: /gfs/dk22/modoper/tempo/global/oens/pos/dataout/T126L28/GPOS02N20120212122012022106P.fct.T126L28.grb
 unit70: /gfs/dk22/modoper/tempo/global/oens/pos/dataout/T126L28/GPOS03N20120212122012022106P.fct.T126L28.grb
 unit70: /gfs/dk22/modoper/tempo/global/oens/pos/dataout/T126L28/GPOSAVN20120212122012022106P.fct.T126L28.grb

*****************************

evaluating spread for forecast hour :216 hs

*****************************

 unit95: /gfs/dk22/modoper/tempo/global/oens/spread/dataout/T126L28/spread20120212122012022112.T126L28.ctl
 unit50: /gfs/dk22/modoper/tempo/global/oens/spread/dataout/T126L28/spread20120212122012022112.T126L28.bin
 unit70: /gfs/dk22/modoper/tempo/global/oens/pos/dataout/T126L28/GPOS01P20120212122012022112P.fct.T126L28.grb
 unit70: /gfs/dk22/modoper/tempo/global/oens/pos/dataout/T126L28/GPOS02P20120212122012022112P.fct.T126L28.grb
 unit70: /gfs/dk22/modoper/tempo/global/oens/pos/dataout/T126L28/GPOS03P20120212122012022112P.fct.T126L28.grb
 unit70: /gfs/dk22/modoper/tempo/global/oens/pos/dataout/T126L28/GPOS01N20120212122012022112P.fct.T126L28.grb
 unit70: /gfs/dk22/modoper/tempo/global/oens/pos/dataout/T126L28/GPOS02N20120212122012022112P.fct.T126L28.grb
 unit70: /gfs/dk22/modoper/tempo/global/oens/pos/dataout/T126L28/GPOS03N20120212122012022112P.fct.T126L28.grb
 unit70: /gfs/dk22/modoper/tempo/global/oens/pos/dataout/T126L28/GPOSAVN20120212122012022112P.fct.T126L28.grb

*****************************

evaluating spread for forecast hour :222 hs

*****************************

 unit95: /gfs/dk22/modoper/tempo/global/oens/spread/dataout/T126L28/spread20120212122012022118.T126L28.ctl
 unit50: /gfs/dk22/modoper/tempo/global/oens/spread/dataout/T126L28/spread20120212122012022118.T126L28.bin
 unit70: /gfs/dk22/modoper/tempo/global/oens/pos/dataout/T126L28/GPOS01P20120212122012022118P.fct.T126L28.grb
 unit70: /gfs/dk22/modoper/tempo/global/oens/pos/dataout/T126L28/GPOS02P20120212122012022118P.fct.T126L28.grb
 unit70: /gfs/dk22/modoper/tempo/global/oens/pos/dataout/T126L28/GPOS03P20120212122012022118P.fct.T126L28.grb
 unit70: /gfs/dk22/modoper/tempo/global/oens/pos/dataout/T126L28/GPOS01N20120212122012022118P.fct.T126L28.grb
 unit70: /gfs/dk22/modoper/tempo/global/oens/pos/dataout/T126L28/GPOS02N20120212122012022118P.fct.T126L28.grb
 unit70: /gfs/dk22/modoper/tempo/global/oens/pos/dataout/T126L28/GPOS03N20120212122012022118P.fct.T126L28.grb
 unit70: /gfs/dk22/modoper/tempo/global/oens/pos/dataout/T126L28/GPOSAVN20120212122012022118P.fct.T126L28.grb

*****************************

evaluating spread for forecast hour :228 hs

*****************************

 unit95: /gfs/dk22/modoper/tempo/global/oens/spread/dataout/T126L28/spread20120212122012022200.T126L28.ctl
 unit50: /gfs/dk22/modoper/tempo/global/oens/spread/dataout/T126L28/spread20120212122012022200.T126L28.bin
 unit70: /gfs/dk22/modoper/tempo/global/oens/pos/dataout/T126L28/GPOS01P20120212122012022200P.fct.T126L28.grb
 unit70: /gfs/dk22/modoper/tempo/global/oens/pos/dataout/T126L28/GPOS02P20120212122012022200P.fct.T126L28.grb
 unit70: /gfs/dk22/modoper/tempo/global/oens/pos/dataout/T126L28/GPOS03P20120212122012022200P.fct.T126L28.grb
 unit70: /gfs/dk22/modoper/tempo/global/oens/pos/dataout/T126L28/GPOS01N20120212122012022200P.fct.T126L28.grb
 unit70: /gfs/dk22/modoper/tempo/global/oens/pos/dataout/T126L28/GPOS02N20120212122012022200P.fct.T126L28.grb
 unit70: /gfs/dk22/modoper/tempo/global/oens/pos/dataout/T126L28/GPOS03N20120212122012022200P.fct.T126L28.grb
 unit70: /gfs/dk22/modoper/tempo/global/oens/pos/dataout/T126L28/GPOSAVN20120212122012022200P.fct.T126L28.grb

*****************************

evaluating spread for forecast hour :234 hs

*****************************

 unit95: /gfs/dk22/modoper/tempo/global/oens/spread/dataout/T126L28/spread20120212122012022206.T126L28.ctl
 unit50: /gfs/dk22/modoper/tempo/global/oens/spread/dataout/T126L28/spread20120212122012022206.T126L28.bin
 unit70: /gfs/dk22/modoper/tempo/global/oens/pos/dataout/T126L28/GPOS01P20120212122012022206P.fct.T126L28.grb
 unit70: /gfs/dk22/modoper/tempo/global/oens/pos/dataout/T126L28/GPOS02P20120212122012022206P.fct.T126L28.grb
 unit70: /gfs/dk22/modoper/tempo/global/oens/pos/dataout/T126L28/GPOS03P20120212122012022206P.fct.T126L28.grb
 unit70: /gfs/dk22/modoper/tempo/global/oens/pos/dataout/T126L28/GPOS01N20120212122012022206P.fct.T126L28.grb
 unit70: /gfs/dk22/modoper/tempo/global/oens/pos/dataout/T126L28/GPOS02N20120212122012022206P.fct.T126L28.grb
 unit70: /gfs/dk22/modoper/tempo/global/oens/pos/dataout/T126L28/GPOS03N20120212122012022206P.fct.T126L28.grb
 unit70: /gfs/dk22/modoper/tempo/global/oens/pos/dataout/T126L28/GPOSAVN20120212122012022206P.fct.T126L28.grb

*****************************

evaluating spread for forecast hour :240 hs

*****************************

 unit95: /gfs/dk22/modoper/tempo/global/oens/spread/dataout/T126L28/spread20120212122012022212.T126L28.ctl
 unit50: /gfs/dk22/modoper/tempo/global/oens/spread/dataout/T126L28/spread20120212122012022212.T126L28.bin
 unit70: /gfs/dk22/modoper/tempo/global/oens/pos/dataout/T126L28/GPOS01P20120212122012022212P.fct.T126L28.grb
 unit70: /gfs/dk22/modoper/tempo/global/oens/pos/dataout/T126L28/GPOS02P20120212122012022212P.fct.T126L28.grb
 unit70: /gfs/dk22/modoper/tempo/global/oens/pos/dataout/T126L28/GPOS03P20120212122012022212P.fct.T126L28.grb
 unit70: /gfs/dk22/modoper/tempo/global/oens/pos/dataout/T126L28/GPOS01N20120212122012022212P.fct.T126L28.grb
 unit70: /gfs/dk22/modoper/tempo/global/oens/pos/dataout/T126L28/GPOS02N20120212122012022212P.fct.T126L28.grb
 unit70: /gfs/dk22/modoper/tempo/global/oens/pos/dataout/T126L28/GPOS03N20120212122012022212P.fct.T126L28.grb
 unit70: /gfs/dk22/modoper/tempo/global/oens/pos/dataout/T126L28/GPOSAVN20120212122012022212P.fct.T126L28.grb

*****************************

evaluating spread for forecast hour :246 hs

*****************************

 unit95: /gfs/dk22/modoper/tempo/global/oens/spread/dataout/T126L28/spread20120212122012022218.T126L28.ctl
 unit50: /gfs/dk22/modoper/tempo/global/oens/spread/dataout/T126L28/spread20120212122012022218.T126L28.bin
 unit70: /gfs/dk22/modoper/tempo/global/oens/pos/dataout/T126L28/GPOS01P20120212122012022218P.fct.T126L28.grb
 unit70: /gfs/dk22/modoper/tempo/global/oens/pos/dataout/T126L28/GPOS02P20120212122012022218P.fct.T126L28.grb
 unit70: /gfs/dk22/modoper/tempo/global/oens/pos/dataout/T126L28/GPOS03P20120212122012022218P.fct.T126L28.grb
 unit70: /gfs/dk22/modoper/tempo/global/oens/pos/dataout/T126L28/GPOS01N20120212122012022218P.fct.T126L28.grb
 unit70: /gfs/dk22/modoper/tempo/global/oens/pos/dataout/T126L28/GPOS02N20120212122012022218P.fct.T126L28.grb
 unit70: /gfs/dk22/modoper/tempo/global/oens/pos/dataout/T126L28/GPOS03N20120212122012022218P.fct.T126L28.grb
 unit70: /gfs/dk22/modoper/tempo/global/oens/pos/dataout/T126L28/GPOSAVN20120212122012022218P.fct.T126L28.grb

*****************************

evaluating spread for forecast hour :252 hs

*****************************

 unit95: /gfs/dk22/modoper/tempo/global/oens/spread/dataout/T126L28/spread20120212122012022300.T126L28.ctl
 unit50: /gfs/dk22/modoper/tempo/global/oens/spread/dataout/T126L28/spread20120212122012022300.T126L28.bin
 unit70: /gfs/dk22/modoper/tempo/global/oens/pos/dataout/T126L28/GPOS01P20120212122012022300P.fct.T126L28.grb
 unit70: /gfs/dk22/modoper/tempo/global/oens/pos/dataout/T126L28/GPOS02P20120212122012022300P.fct.T126L28.grb
 unit70: /gfs/dk22/modoper/tempo/global/oens/pos/dataout/T126L28/GPOS03P20120212122012022300P.fct.T126L28.grb
 unit70: /gfs/dk22/modoper/tempo/global/oens/pos/dataout/T126L28/GPOS01N20120212122012022300P.fct.T126L28.grb
 unit70: /gfs/dk22/modoper/tempo/global/oens/pos/dataout/T126L28/GPOS02N20120212122012022300P.fct.T126L28.grb
 unit70: /gfs/dk22/modoper/tempo/global/oens/pos/dataout/T126L28/GPOS03N20120212122012022300P.fct.T126L28.grb
 unit70: /gfs/dk22/modoper/tempo/global/oens/pos/dataout/T126L28/GPOSAVN20120212122012022300P.fct.T126L28.grb

*****************************

evaluating spread for forecast hour :258 hs

*****************************

 unit95: /gfs/dk22/modoper/tempo/global/oens/spread/dataout/T126L28/spread20120212122012022306.T126L28.ctl
 unit50: /gfs/dk22/modoper/tempo/global/oens/spread/dataout/T126L28/spread20120212122012022306.T126L28.bin
 unit70: /gfs/dk22/modoper/tempo/global/oens/pos/dataout/T126L28/GPOS01P20120212122012022306P.fct.T126L28.grb
 unit70: /gfs/dk22/modoper/tempo/global/oens/pos/dataout/T126L28/GPOS02P20120212122012022306P.fct.T126L28.grb
 unit70: /gfs/dk22/modoper/tempo/global/oens/pos/dataout/T126L28/GPOS03P20120212122012022306P.fct.T126L28.grb
 unit70: /gfs/dk22/modoper/tempo/global/oens/pos/dataout/T126L28/GPOS01N20120212122012022306P.fct.T126L28.grb
 unit70: /gfs/dk22/modoper/tempo/global/oens/pos/dataout/T126L28/GPOS02N20120212122012022306P.fct.T126L28.grb
 unit70: /gfs/dk22/modoper/tempo/global/oens/pos/dataout/T126L28/GPOS03N20120212122012022306P.fct.T126L28.grb
 unit70: /gfs/dk22/modoper/tempo/global/oens/pos/dataout/T126L28/GPOSAVN20120212122012022306P.fct.T126L28.grb

*****************************

evaluating spread for forecast hour :264 hs

*****************************

 unit95: /gfs/dk22/modoper/tempo/global/oens/spread/dataout/T126L28/spread20120212122012022312.T126L28.ctl
 unit50: /gfs/dk22/modoper/tempo/global/oens/spread/dataout/T126L28/spread20120212122012022312.T126L28.bin
 unit70: /gfs/dk22/modoper/tempo/global/oens/pos/dataout/T126L28/GPOS01P20120212122012022312P.fct.T126L28.grb
 unit70: /gfs/dk22/modoper/tempo/global/oens/pos/dataout/T126L28/GPOS02P20120212122012022312P.fct.T126L28.grb
 unit70: /gfs/dk22/modoper/tempo/global/oens/pos/dataout/T126L28/GPOS03P20120212122012022312P.fct.T126L28.grb
 unit70: /gfs/dk22/modoper/tempo/global/oens/pos/dataout/T126L28/GPOS01N20120212122012022312P.fct.T126L28.grb
 unit70: /gfs/dk22/modoper/tempo/global/oens/pos/dataout/T126L28/GPOS02N20120212122012022312P.fct.T126L28.grb
 unit70: /gfs/dk22/modoper/tempo/global/oens/pos/dataout/T126L28/GPOS03N20120212122012022312P.fct.T126L28.grb
 unit70: /gfs/dk22/modoper/tempo/global/oens/pos/dataout/T126L28/GPOSAVN20120212122012022312P.fct.T126L28.grb

*****************************

evaluating spread for forecast hour :270 hs

*****************************

 unit95: /gfs/dk22/modoper/tempo/global/oens/spread/dataout/T126L28/spread20120212122012022318.T126L28.ctl
 unit50: /gfs/dk22/modoper/tempo/global/oens/spread/dataout/T126L28/spread20120212122012022318.T126L28.bin
 unit70: /gfs/dk22/modoper/tempo/global/oens/pos/dataout/T126L28/GPOS01P20120212122012022318P.fct.T126L28.grb
 unit70: /gfs/dk22/modoper/tempo/global/oens/pos/dataout/T126L28/GPOS02P20120212122012022318P.fct.T126L28.grb
 unit70: /gfs/dk22/modoper/tempo/global/oens/pos/dataout/T126L28/GPOS03P20120212122012022318P.fct.T126L28.grb
 unit70: /gfs/dk22/modoper/tempo/global/oens/pos/dataout/T126L28/GPOS01N20120212122012022318P.fct.T126L28.grb
 unit70: /gfs/dk22/modoper/tempo/global/oens/pos/dataout/T126L28/GPOS02N20120212122012022318P.fct.T126L28.grb
 unit70: /gfs/dk22/modoper/tempo/global/oens/pos/dataout/T126L28/GPOS03N20120212122012022318P.fct.T126L28.grb
 unit70: /gfs/dk22/modoper/tempo/global/oens/pos/dataout/T126L28/GPOSAVN20120212122012022318P.fct.T126L28.grb

*****************************

evaluating spread for forecast hour :276 hs

*****************************

 unit95: /gfs/dk22/modoper/tempo/global/oens/spread/dataout/T126L28/spread20120212122012022400.T126L28.ctl
 unit50: /gfs/dk22/modoper/tempo/global/oens/spread/dataout/T126L28/spread20120212122012022400.T126L28.bin
 unit70: /gfs/dk22/modoper/tempo/global/oens/pos/dataout/T126L28/GPOS01P20120212122012022400P.fct.T126L28.grb
 unit70: /gfs/dk22/modoper/tempo/global/oens/pos/dataout/T126L28/GPOS02P20120212122012022400P.fct.T126L28.grb
 unit70: /gfs/dk22/modoper/tempo/global/oens/pos/dataout/T126L28/GPOS03P20120212122012022400P.fct.T126L28.grb
 unit70: /gfs/dk22/modoper/tempo/global/oens/pos/dataout/T126L28/GPOS01N20120212122012022400P.fct.T126L28.grb
 unit70: /gfs/dk22/modoper/tempo/global/oens/pos/dataout/T126L28/GPOS02N20120212122012022400P.fct.T126L28.grb
 unit70: /gfs/dk22/modoper/tempo/global/oens/pos/dataout/T126L28/GPOS03N20120212122012022400P.fct.T126L28.grb
 unit70: /gfs/dk22/modoper/tempo/global/oens/pos/dataout/T126L28/GPOSAVN20120212122012022400P.fct.T126L28.grb

*****************************

evaluating spread for forecast hour :282 hs

*****************************

 unit95: /gfs/dk22/modoper/tempo/global/oens/spread/dataout/T126L28/spread20120212122012022406.T126L28.ctl
 unit50: /gfs/dk22/modoper/tempo/global/oens/spread/dataout/T126L28/spread20120212122012022406.T126L28.bin
 unit70: /gfs/dk22/modoper/tempo/global/oens/pos/dataout/T126L28/GPOS01P20120212122012022406P.fct.T126L28.grb
 unit70: /gfs/dk22/modoper/tempo/global/oens/pos/dataout/T126L28/GPOS02P20120212122012022406P.fct.T126L28.grb
 unit70: /gfs/dk22/modoper/tempo/global/oens/pos/dataout/T126L28/GPOS03P20120212122012022406P.fct.T126L28.grb
 unit70: /gfs/dk22/modoper/tempo/global/oens/pos/dataout/T126L28/GPOS01N20120212122012022406P.fct.T126L28.grb
 unit70: /gfs/dk22/modoper/tempo/global/oens/pos/dataout/T126L28/GPOS02N20120212122012022406P.fct.T126L28.grb
 unit70: /gfs/dk22/modoper/tempo/global/oens/pos/dataout/T126L28/GPOS03N20120212122012022406P.fct.T126L28.grb
 unit70: /gfs/dk22/modoper/tempo/global/oens/pos/dataout/T126L28/GPOSAVN20120212122012022406P.fct.T126L28.grb

*****************************

evaluating spread for forecast hour :288 hs

*****************************

 unit95: /gfs/dk22/modoper/tempo/global/oens/spread/dataout/T126L28/spread20120212122012022412.T126L28.ctl
 unit50: /gfs/dk22/modoper/tempo/global/oens/spread/dataout/T126L28/spread20120212122012022412.T126L28.bin
 unit70: /gfs/dk22/modoper/tempo/global/oens/pos/dataout/T126L28/GPOS01P20120212122012022412P.fct.T126L28.grb
 unit70: /gfs/dk22/modoper/tempo/global/oens/pos/dataout/T126L28/GPOS02P20120212122012022412P.fct.T126L28.grb
 unit70: /gfs/dk22/modoper/tempo/global/oens/pos/dataout/T126L28/GPOS03P20120212122012022412P.fct.T126L28.grb
 unit70: /gfs/dk22/modoper/tempo/global/oens/pos/dataout/T126L28/GPOS01N20120212122012022412P.fct.T126L28.grb
 unit70: /gfs/dk22/modoper/tempo/global/oens/pos/dataout/T126L28/GPOS02N20120212122012022412P.fct.T126L28.grb
 unit70: /gfs/dk22/modoper/tempo/global/oens/pos/dataout/T126L28/GPOS03N20120212122012022412P.fct.T126L28.grb
 unit70: /gfs/dk22/modoper/tempo/global/oens/pos/dataout/T126L28/GPOSAVN20120212122012022412P.fct.T126L28.grb

*****************************

evaluating spread for forecast hour :294 hs

*****************************

 unit95: /gfs/dk22/modoper/tempo/global/oens/spread/dataout/T126L28/spread20120212122012022418.T126L28.ctl
 unit50: /gfs/dk22/modoper/tempo/global/oens/spread/dataout/T126L28/spread20120212122012022418.T126L28.bin
 unit70: /gfs/dk22/modoper/tempo/global/oens/pos/dataout/T126L28/GPOS01P20120212122012022418P.fct.T126L28.grb
 unit70: /gfs/dk22/modoper/tempo/global/oens/pos/dataout/T126L28/GPOS02P20120212122012022418P.fct.T126L28.grb
 unit70: /gfs/dk22/modoper/tempo/global/oens/pos/dataout/T126L28/GPOS03P20120212122012022418P.fct.T126L28.grb
 unit70: /gfs/dk22/modoper/tempo/global/oens/pos/dataout/T126L28/GPOS01N20120212122012022418P.fct.T126L28.grb
 unit70: /gfs/dk22/modoper/tempo/global/oens/pos/dataout/T126L28/GPOS02N20120212122012022418P.fct.T126L28.grb
 unit70: /gfs/dk22/modoper/tempo/global/oens/pos/dataout/T126L28/GPOS03N20120212122012022418P.fct.T126L28.grb
 unit70: /gfs/dk22/modoper/tempo/global/oens/pos/dataout/T126L28/GPOSAVN20120212122012022418P.fct.T126L28.grb

*****************************

evaluating spread for forecast hour :300 hs

*****************************

 unit95: /gfs/dk22/modoper/tempo/global/oens/spread/dataout/T126L28/spread20120212122012022500.T126L28.ctl
 unit50: /gfs/dk22/modoper/tempo/global/oens/spread/dataout/T126L28/spread20120212122012022500.T126L28.bin
 unit70: /gfs/dk22/modoper/tempo/global/oens/pos/dataout/T126L28/GPOS01P20120212122012022500P.fct.T126L28.grb
 unit70: /gfs/dk22/modoper/tempo/global/oens/pos/dataout/T126L28/GPOS02P20120212122012022500P.fct.T126L28.grb
 unit70: /gfs/dk22/modoper/tempo/global/oens/pos/dataout/T126L28/GPOS03P20120212122012022500P.fct.T126L28.grb
 unit70: /gfs/dk22/modoper/tempo/global/oens/pos/dataout/T126L28/GPOS01N20120212122012022500P.fct.T126L28.grb
 unit70: /gfs/dk22/modoper/tempo/global/oens/pos/dataout/T126L28/GPOS02N20120212122012022500P.fct.T126L28.grb
 unit70: /gfs/dk22/modoper/tempo/global/oens/pos/dataout/T126L28/GPOS03N20120212122012022500P.fct.T126L28.grb
 unit70: /gfs/dk22/modoper/tempo/global/oens/pos/dataout/T126L28/GPOSAVN20120212122012022500P.fct.T126L28.grb

*****************************

evaluating spread for forecast hour :306 hs

*****************************

 unit95: /gfs/dk22/modoper/tempo/global/oens/spread/dataout/T126L28/spread20120212122012022506.T126L28.ctl
 unit50: /gfs/dk22/modoper/tempo/global/oens/spread/dataout/T126L28/spread20120212122012022506.T126L28.bin
 unit70: /gfs/dk22/modoper/tempo/global/oens/pos/dataout/T126L28/GPOS01P20120212122012022506P.fct.T126L28.grb
 unit70: /gfs/dk22/modoper/tempo/global/oens/pos/dataout/T126L28/GPOS02P20120212122012022506P.fct.T126L28.grb
 unit70: /gfs/dk22/modoper/tempo/global/oens/pos/dataout/T126L28/GPOS03P20120212122012022506P.fct.T126L28.grb
 unit70: /gfs/dk22/modoper/tempo/global/oens/pos/dataout/T126L28/GPOS01N20120212122012022506P.fct.T126L28.grb
 unit70: /gfs/dk22/modoper/tempo/global/oens/pos/dataout/T126L28/GPOS02N20120212122012022506P.fct.T126L28.grb
 unit70: /gfs/dk22/modoper/tempo/global/oens/pos/dataout/T126L28/GPOS03N20120212122012022506P.fct.T126L28.grb
 unit70: /gfs/dk22/modoper/tempo/global/oens/pos/dataout/T126L28/GPOSAVN20120212122012022506P.fct.T126L28.grb

*****************************

evaluating spread for forecast hour :312 hs

*****************************

 unit95: /gfs/dk22/modoper/tempo/global/oens/spread/dataout/T126L28/spread20120212122012022512.T126L28.ctl
 unit50: /gfs/dk22/modoper/tempo/global/oens/spread/dataout/T126L28/spread20120212122012022512.T126L28.bin
 unit70: /gfs/dk22/modoper/tempo/global/oens/pos/dataout/T126L28/GPOS01P20120212122012022512P.fct.T126L28.grb
 unit70: /gfs/dk22/modoper/tempo/global/oens/pos/dataout/T126L28/GPOS02P20120212122012022512P.fct.T126L28.grb
 unit70: /gfs/dk22/modoper/tempo/global/oens/pos/dataout/T126L28/GPOS03P20120212122012022512P.fct.T126L28.grb
 unit70: /gfs/dk22/modoper/tempo/global/oens/pos/dataout/T126L28/GPOS01N20120212122012022512P.fct.T126L28.grb
 unit70: /gfs/dk22/modoper/tempo/global/oens/pos/dataout/T126L28/GPOS02N20120212122012022512P.fct.T126L28.grb
 unit70: /gfs/dk22/modoper/tempo/global/oens/pos/dataout/T126L28/GPOS03N20120212122012022512P.fct.T126L28.grb
 unit70: /gfs/dk22/modoper/tempo/global/oens/pos/dataout/T126L28/GPOSAVN20120212122012022512P.fct.T126L28.grb

*****************************

evaluating spread for forecast hour :318 hs

*****************************

 unit95: /gfs/dk22/modoper/tempo/global/oens/spread/dataout/T126L28/spread20120212122012022518.T126L28.ctl
 unit50: /gfs/dk22/modoper/tempo/global/oens/spread/dataout/T126L28/spread20120212122012022518.T126L28.bin
 unit70: /gfs/dk22/modoper/tempo/global/oens/pos/dataout/T126L28/GPOS01P20120212122012022518P.fct.T126L28.grb
 unit70: /gfs/dk22/modoper/tempo/global/oens/pos/dataout/T126L28/GPOS02P20120212122012022518P.fct.T126L28.grb
 unit70: /gfs/dk22/modoper/tempo/global/oens/pos/dataout/T126L28/GPOS03P20120212122012022518P.fct.T126L28.grb
 unit70: /gfs/dk22/modoper/tempo/global/oens/pos/dataout/T126L28/GPOS01N20120212122012022518P.fct.T126L28.grb
 unit70: /gfs/dk22/modoper/tempo/global/oens/pos/dataout/T126L28/GPOS02N20120212122012022518P.fct.T126L28.grb
 unit70: /gfs/dk22/modoper/tempo/global/oens/pos/dataout/T126L28/GPOS03N20120212122012022518P.fct.T126L28.grb
 unit70: /gfs/dk22/modoper/tempo/global/oens/pos/dataout/T126L28/GPOSAVN20120212122012022518P.fct.T126L28.grb

*****************************

evaluating spread for forecast hour :324 hs

*****************************

 unit95: /gfs/dk22/modoper/tempo/global/oens/spread/dataout/T126L28/spread20120212122012022600.T126L28.ctl
 unit50: /gfs/dk22/modoper/tempo/global/oens/spread/dataout/T126L28/spread20120212122012022600.T126L28.bin
 unit70: /gfs/dk22/modoper/tempo/global/oens/pos/dataout/T126L28/GPOS01P20120212122012022600P.fct.T126L28.grb
 unit70: /gfs/dk22/modoper/tempo/global/oens/pos/dataout/T126L28/GPOS02P20120212122012022600P.fct.T126L28.grb
 unit70: /gfs/dk22/modoper/tempo/global/oens/pos/dataout/T126L28/GPOS03P20120212122012022600P.fct.T126L28.grb
 unit70: /gfs/dk22/modoper/tempo/global/oens/pos/dataout/T126L28/GPOS01N20120212122012022600P.fct.T126L28.grb
 unit70: /gfs/dk22/modoper/tempo/global/oens/pos/dataout/T126L28/GPOS02N20120212122012022600P.fct.T126L28.grb
 unit70: /gfs/dk22/modoper/tempo/global/oens/pos/dataout/T126L28/GPOS03N20120212122012022600P.fct.T126L28.grb
 unit70: /gfs/dk22/modoper/tempo/global/oens/pos/dataout/T126L28/GPOSAVN20120212122012022600P.fct.T126L28.grb

*****************************

evaluating spread for forecast hour :330 hs

*****************************

 unit95: /gfs/dk22/modoper/tempo/global/oens/spread/dataout/T126L28/spread20120212122012022606.T126L28.ctl
 unit50: /gfs/dk22/modoper/tempo/global/oens/spread/dataout/T126L28/spread20120212122012022606.T126L28.bin
 unit70: /gfs/dk22/modoper/tempo/global/oens/pos/dataout/T126L28/GPOS01P20120212122012022606P.fct.T126L28.grb
 unit70: /gfs/dk22/modoper/tempo/global/oens/pos/dataout/T126L28/GPOS02P20120212122012022606P.fct.T126L28.grb
 unit70: /gfs/dk22/modoper/tempo/global/oens/pos/dataout/T126L28/GPOS03P20120212122012022606P.fct.T126L28.grb
 unit70: /gfs/dk22/modoper/tempo/global/oens/pos/dataout/T126L28/GPOS01N20120212122012022606P.fct.T126L28.grb
 unit70: /gfs/dk22/modoper/tempo/global/oens/pos/dataout/T126L28/GPOS02N20120212122012022606P.fct.T126L28.grb
 unit70: /gfs/dk22/modoper/tempo/global/oens/pos/dataout/T126L28/GPOS03N20120212122012022606P.fct.T126L28.grb
 unit70: /gfs/dk22/modoper/tempo/global/oens/pos/dataout/T126L28/GPOSAVN20120212122012022606P.fct.T126L28.grb

*****************************

evaluating spread for forecast hour :336 hs

*****************************

 unit95: /gfs/dk22/modoper/tempo/global/oens/spread/dataout/T126L28/spread20120212122012022612.T126L28.ctl
 unit50: /gfs/dk22/modoper/tempo/global/oens/spread/dataout/T126L28/spread20120212122012022612.T126L28.bin
 unit70: /gfs/dk22/modoper/tempo/global/oens/pos/dataout/T126L28/GPOS01P20120212122012022612P.fct.T126L28.grb
 unit70: /gfs/dk22/modoper/tempo/global/oens/pos/dataout/T126L28/GPOS02P20120212122012022612P.fct.T126L28.grb
 unit70: /gfs/dk22/modoper/tempo/global/oens/pos/dataout/T126L28/GPOS03P20120212122012022612P.fct.T126L28.grb
 unit70: /gfs/dk22/modoper/tempo/global/oens/pos/dataout/T126L28/GPOS01N20120212122012022612P.fct.T126L28.grb
 unit70: /gfs/dk22/modoper/tempo/global/oens/pos/dataout/T126L28/GPOS02N20120212122012022612P.fct.T126L28.grb
 unit70: /gfs/dk22/modoper/tempo/global/oens/pos/dataout/T126L28/GPOS03N20120212122012022612P.fct.T126L28.grb
 unit70: /gfs/dk22/modoper/tempo/global/oens/pos/dataout/T126L28/GPOSAVN20120212122012022612P.fct.T126L28.grb

*****************************

evaluating spread for forecast hour :342 hs

*****************************

 unit95: /gfs/dk22/modoper/tempo/global/oens/spread/dataout/T126L28/spread20120212122012022618.T126L28.ctl
 unit50: /gfs/dk22/modoper/tempo/global/oens/spread/dataout/T126L28/spread20120212122012022618.T126L28.bin
 unit70: /gfs/dk22/modoper/tempo/global/oens/pos/dataout/T126L28/GPOS01P20120212122012022618P.fct.T126L28.grb
 unit70: /gfs/dk22/modoper/tempo/global/oens/pos/dataout/T126L28/GPOS02P20120212122012022618P.fct.T126L28.grb
 unit70: /gfs/dk22/modoper/tempo/global/oens/pos/dataout/T126L28/GPOS03P20120212122012022618P.fct.T126L28.grb
 unit70: /gfs/dk22/modoper/tempo/global/oens/pos/dataout/T126L28/GPOS01N20120212122012022618P.fct.T126L28.grb
 unit70: /gfs/dk22/modoper/tempo/global/oens/pos/dataout/T126L28/GPOS02N20120212122012022618P.fct.T126L28.grb
 unit70: /gfs/dk22/modoper/tempo/global/oens/pos/dataout/T126L28/GPOS03N20120212122012022618P.fct.T126L28.grb
 unit70: /gfs/dk22/modoper/tempo/global/oens/pos/dataout/T126L28/GPOSAVN20120212122012022618P.fct.T126L28.grb

*****************************

evaluating spread for forecast hour :348 hs

*****************************

 unit95: /gfs/dk22/modoper/tempo/global/oens/spread/dataout/T126L28/spread20120212122012022700.T126L28.ctl
 unit50: /gfs/dk22/modoper/tempo/global/oens/spread/dataout/T126L28/spread20120212122012022700.T126L28.bin
 unit70: /gfs/dk22/modoper/tempo/global/oens/pos/dataout/T126L28/GPOS01P20120212122012022700P.fct.T126L28.grb
 unit70: /gfs/dk22/modoper/tempo/global/oens/pos/dataout/T126L28/GPOS02P20120212122012022700P.fct.T126L28.grb
 unit70: /gfs/dk22/modoper/tempo/global/oens/pos/dataout/T126L28/GPOS03P20120212122012022700P.fct.T126L28.grb
 unit70: /gfs/dk22/modoper/tempo/global/oens/pos/dataout/T126L28/GPOS01N20120212122012022700P.fct.T126L28.grb
 unit70: /gfs/dk22/modoper/tempo/global/oens/pos/dataout/T126L28/GPOS02N20120212122012022700P.fct.T126L28.grb
 unit70: /gfs/dk22/modoper/tempo/global/oens/pos/dataout/T126L28/GPOS03N20120212122012022700P.fct.T126L28.grb
 unit70: /gfs/dk22/modoper/tempo/global/oens/pos/dataout/T126L28/GPOSAVN20120212122012022700P.fct.T126L28.grb

*****************************

evaluating spread for forecast hour :354 hs

*****************************

 unit95: /gfs/dk22/modoper/tempo/global/oens/spread/dataout/T126L28/spread20120212122012022706.T126L28.ctl
 unit50: /gfs/dk22/modoper/tempo/global/oens/spread/dataout/T126L28/spread20120212122012022706.T126L28.bin
 unit70: /gfs/dk22/modoper/tempo/global/oens/pos/dataout/T126L28/GPOS01P20120212122012022706P.fct.T126L28.grb
 unit70: /gfs/dk22/modoper/tempo/global/oens/pos/dataout/T126L28/GPOS02P20120212122012022706P.fct.T126L28.grb
 unit70: /gfs/dk22/modoper/tempo/global/oens/pos/dataout/T126L28/GPOS03P20120212122012022706P.fct.T126L28.grb
 unit70: /gfs/dk22/modoper/tempo/global/oens/pos/dataout/T126L28/GPOS01N20120212122012022706P.fct.T126L28.grb
 unit70: /gfs/dk22/modoper/tempo/global/oens/pos/dataout/T126L28/GPOS02N20120212122012022706P.fct.T126L28.grb
 unit70: /gfs/dk22/modoper/tempo/global/oens/pos/dataout/T126L28/GPOS03N20120212122012022706P.fct.T126L28.grb
 unit70: /gfs/dk22/modoper/tempo/global/oens/pos/dataout/T126L28/GPOSAVN20120212122012022706P.fct.T126L28.grb

*****************************

evaluating spread for forecast hour :360 hs

*****************************

 unit95: /gfs/dk22/modoper/tempo/global/oens/spread/dataout/T126L28/spread20120212122012022712.T126L28.ctl
 unit50: /gfs/dk22/modoper/tempo/global/oens/spread/dataout/T126L28/spread20120212122012022712.T126L28.bin
 unit70: /gfs/dk22/modoper/tempo/global/oens/pos/dataout/T126L28/GPOS01P20120212122012022712P.fct.T126L28.grb
 unit70: /gfs/dk22/modoper/tempo/global/oens/pos/dataout/T126L28/GPOS02P20120212122012022712P.fct.T126L28.grb
 unit70: /gfs/dk22/modoper/tempo/global/oens/pos/dataout/T126L28/GPOS03P20120212122012022712P.fct.T126L28.grb
 unit70: /gfs/dk22/modoper/tempo/global/oens/pos/dataout/T126L28/GPOS01N20120212122012022712P.fct.T126L28.grb
 unit70: /gfs/dk22/modoper/tempo/global/oens/pos/dataout/T126L28/GPOS02N20120212122012022712P.fct.T126L28.grb
 unit70: /gfs/dk22/modoper/tempo/global/oens/pos/dataout/T126L28/GPOS03N20120212122012022712P.fct.T126L28.grb
 unit70: /gfs/dk22/modoper/tempo/global/oens/pos/dataout/T126L28/GPOSAVN20120212122012022712P.fct.T126L28.grb
 
 
     ******  Program Information  ******
  Real Time (sec)       :        362.865649
  User Time (sec)       :         73.117437
  Sys  Time (sec)       :         30.104765
  Vector Time (sec)     :          4.364293
  Inst. Count           :       22335104065.
  V. Inst. Count        :         116331597.
  V. Element Count      :       23507607103.
  FLOP Count            :        5389422836.
  MOPS                  :        625.382689
  MFLOPS                :         73.709132
  VLEN                  :        202.074137
  V. Op. Ratio (%)      :         51.409290
  Memory Size (MB)      :         80.031250
  MIPS                  :        305.468912
  I-Cache (sec)         :          0.353570
  O-Cache (sec)         :          0.588317
  Bank (sec)            :          0.006126
 
  Start Time (date)  :  2012/02/12 20:03:22
  End   Time (date)  :  2012/02/12 20:09:24
/gfs/home3/modoper/tempo/global/oens/run/runtransfer.spread.sx6 126 28 2012021212 15 Exp1
73.1u 30.2s 6:03 28% 1090+62519k 4547+1119io 0w
logout
