 
 &ChopNML
  MendInp    =   574
  KmaxInp    =    64
  MendOut    =   126
  KmaxOut    =    28
  MendMin    =   127
  MendCut    =   126
  Iter       =    10
  SmthPerCut =   0.120
  GetOzone   =      T
  GetTracers =      F
  GrADS      =      F
  GrADSOnly  =      F
  GDSAOnly   =      F
  SmoothTopo =      T
  Linear     =      F
  DateLabel  = 2012021400
  UTC        = 00
  NCEPName   = gblav.T00Z.SAnl.2012021400
  DirMain    = /
 /
 
  ImaxInp    =  1728
  JmaxInp    =   864
  ImaxOut    =   384
  JmaxOut    =   192
 
  DataCPT    = GANLAVN2012021400S.unf.T574L64
  DirInp     = /gfs/dk22/modoper/tempo/global/oens/model/datain/
  DataInp    = GANLAVN2012021400S.unf.T574L64
  DirOut     = /gfs/dk22/modoper/tempo/global/oens/model/datain/
  DataOut    = GANLAVN2012021400S.unf.T126L28
  DirTop     = /gfs/dk22/modoper/tempo/global/oens/Chopping/datain/
  DataTop    = Topography.T126L
  DirSig     = /gfs/dk22/modoper/tempo/global/oens/Chopping/datain/
  DataSig    = DeltaSigma.28
  DirGrd     = /gfs/home3/modoper/tempo/global/oens/Chopping/dataout/
  DGDInp     = /gfs/dk22/modoper/tempo/global/oens/model/datain/
  GDASInp    = gblav.T00Z.SAnl.2012021400
  OzonInp    = OZONAVN2012021400S.unf.T574L64
  TracInp    = TRACAVN2012021400S.unf.T574L64
  OzonOut    = OZONAVN2012021400S.grd.T126L28
  TracOut    = TRACAVN2012021400S.grd.T126L28

  Numerical Precision (KIND): 
          i4 =     4
          r4 =     4
          r8 =     8
 
/gfs/dk22/modoper/tempo/global/oens/model/datain/gblav.T00Z.SAnl.2012021400     T
/gfs/dk22/modoper/tempo/global/oens/model/datain/GANLAVN2012021400S.unf.T574L64     F
/gfs/dk22/modoper/tempo/global/oens/model/datain/GANLAVN2012021400S.unf.T574L64     F

 Getting GANL from GDAS NCEP File

 Getting New Delta Sigma
 0  0.000000E+00  0  2  14  2012  1.000000  0.9946710  0.9886320  0.9818000  0.9740829  0.9653850  0.9556029  0.9446309  0.9323599
 0.9186779  0.9034799  0.8866630  0.8681390  0.8478300  0.8256850  0.8016770  0.7758111  0.7481331  0.7187291  0.6877311  0.6553161
 0.6217051  0.5871601  0.5519741  0.5164631  0.4809551  0.4457781  0.4112491  0.3776591  0.3452691  0.3143001  0.2849281  0.2572841
 0.2314541  0.2074821  0.1853721  0.1650991  0.1466081  0.1298231  0.1146551  0.1010021  8.875610E-02  7.780810E-02  6.804910E-02
 5.937010E-02  5.167110E-02  4.485510E-02  3.883110E-02  3.351510E-02  2.883010E-02  2.470810E-02  2.108410E-02  1.790110E-02
 1.510710E-02  1.265810E-02  1.051110E-02  8.631102E-03  6.985102E-03  5.544102E-03  4.284102E-03  3.183102E-03  2.220102E-03
 1.378102E-03  6.421025E-04  0.000000E+00  0.9973347  0.9916504  0.9852145  0.9779397  0.9697316  0.9604910  0.9501132  0.9384906
 0.9255129  0.9110714  0.8950620  0.8773893  0.8579702  0.8367401  0.8136600  0.7887188  0.7619421  0.7333960  0.7031894  0.6714770
 0.6384580  0.6043739  0.5695024  0.5341483  0.4986338  0.4632871  0.4284308  0.3943689  0.3613777  0.3296980  0.2995284  0.2710222
 0.2442878  0.2193901  0.1963530  0.1751658  0.1557883  0.1381549  0.1221830  0.1077771  9.483202E-02  8.323923E-02  7.288970E-02
 6.367438E-02  5.548880E-02  4.823442E-02  4.181726E-02  3.614983E-02  3.115162E-02  2.675019E-02  2.287901E-02  1.947711E-02
 1.649000E-02  1.386972E-02  1.157274E-02  9.560092E-03  7.797754E-03  6.254713E-03  4.904457E-03  3.723899E-03  2.691324E-03
 1.787249E-03  9.937159E-04  2.664416E-04

 NTracers =     2

 ForecastDay =     0 TimeOfDay =          0.0000

 DateInitial =     0    2   14 2012

 DateCurrent =     0    2   14 2012

 DelSigmaInp:
  0.005329  0.006039  0.006832  0.007717  0.008698  0.009782  0.010972
  0.012271  0.013682  0.015198  0.016817  0.018524  0.020309  0.022145
  0.024008  0.025866  0.027678  0.029404  0.030998  0.032415  0.033611
  0.034545  0.035186  0.035511  0.035508  0.035177  0.034529  0.033590
  0.032390  0.030969  0.029372  0.027644  0.025830  0.023972  0.022110
  0.020273  0.018491  0.016785  0.015168  0.013653  0.012246  0.010948
  0.009759  0.008679  0.007699  0.006816  0.006024  0.005316  0.004685
  0.004122  0.003624  0.003183  0.002794  0.002449  0.002147  0.001880
  0.001646  0.001441  0.001260  0.001101  0.000963  0.000842  0.000736
  0.000642

 SigInterInp:
  1.000000  0.994671  0.988632  0.981800  0.974083  0.965385  0.955603
  0.944631  0.932360  0.918678  0.903480  0.886663  0.868139  0.847830
  0.825685  0.801677  0.775811  0.748133  0.718729  0.687731  0.655316
  0.621705  0.587160  0.551974  0.516463  0.480955  0.445778  0.411249
  0.377659  0.345269  0.314300  0.284928  0.257284  0.231454  0.207482
  0.185372  0.165099  0.146608  0.129823  0.114655  0.101002  0.088756
  0.077808  0.068049  0.059370  0.051671  0.044855  0.038831  0.033515
  0.028830  0.024708  0.021084  0.017901  0.015107  0.012658  0.010511
  0.008631  0.006985  0.005544  0.004284  0.003183  0.002220  0.001378
  0.000642  0.000000

 SigLayerInp:
  0.997335  0.991650  0.985215  0.977940  0.969732  0.960491  0.950113
  0.938491  0.925513  0.911071  0.895062  0.877389  0.857970  0.836740
  0.813660  0.788719  0.761942  0.733396  0.703189  0.671477  0.638458
  0.604374  0.569502  0.534148  0.498634  0.463287  0.428431  0.394369
  0.361378  0.329698  0.299528  0.271022  0.244288  0.219390  0.196353
  0.175166  0.155788  0.138155  0.122183  0.107777  0.094832  0.083239
  0.072890  0.063674  0.055489  0.048234  0.041817  0.036150  0.031152
  0.026750  0.022879  0.019477  0.016490  0.013870  0.011573  0.009560
  0.007798  0.006255  0.004904  0.003724  0.002691  0.001787  0.000994
  0.000266

 TopoInp:
    0  328.15     -214.13      180.53    

 LnPsInp:
    0  6.4875    -2.58632D-02 2.75972D-02

 TvirInp:
    1  406.53     -20.554      2.6503    
    2  406.14     -20.372      2.6228    
    3  405.69     -20.168      2.5927    
    4  405.14     -19.936      2.5607    
    5  404.46     -19.690      2.5283    
    6  403.89     -19.194      2.4918    
    7  403.15     -18.712      2.4288    
    8  402.30     -18.272      2.4043    
    9  401.34     -17.905      2.3921    
   10  400.32     -17.565      2.3801    
   11  399.24     -17.293      2.3674    
   12  398.09     -17.059      2.3602    
   13  396.83     -16.864      2.3744    
   14  395.45     -16.673      2.4462    
   15  393.94     -16.498      2.5159    
   16  392.24     -16.324      2.5696    
   17  390.24     -16.135      2.5993    
   18  387.93     -15.947      2.6064    
   19  385.32     -15.786      2.5756    
   20  382.50     -15.569      2.5200    
   21  379.36     -15.331      2.4565    
   22  375.87     -15.119      2.3840    
   23  372.04     -14.920      2.3151    
   24  367.88     -14.783      2.2651    
   25  363.35     -14.683      2.2422    
   26  358.46     -14.574      2.2193    
   27  353.15     -14.378      2.1741    
   28  347.39     -13.986      2.1041    
   29  341.42     -13.339      1.9653    
   30  335.27     -12.229      1.7160    
   31  329.32     -10.471      1.9922    
   32  323.62     -8.0399      2.3880    
   33  318.46     -5.0587      2.4455    
   34  313.94     -2.3568      1.9061    
   35  309.95     -1.9974      1.8848    
   36  305.92     -1.8256      5.2084    
   37  301.82     -2.2407      8.2044    
   38  297.89     -2.5597      10.849    
   39  294.24     -2.7824      13.101    
   40  291.02     -2.8924      14.946    
   41  288.85     -2.9690      16.439    
   42  287.89     -3.0901      17.037    
   43  289.14     -2.6958      16.045    
   44  291.83     -2.7389      13.881    
   45  295.01     -3.2437      11.505    
   46  298.03     -3.7125      9.4380    
   47  300.55     -4.2841      7.7234    
   48  302.82     -4.8773      6.2032    
   49  305.15     -5.5148      4.7292    
   50  307.51     -6.2266      3.3825    
   51  310.04     -6.9156      2.0481    
   52  312.73     -7.5219     0.94938    
   53  315.49     -8.0554      1.2388    
   54  318.45     -8.5448      1.5010    
   55  321.46     -8.8840      1.5114    
   56  324.17     -9.2436      1.1728    
   57  327.44     -9.3426      1.2031    
   58  332.02     -9.5616      1.4873    
   59  338.24     -10.481      1.6995    
   60  346.07     -11.834      2.3229    
   61  355.35     -12.957      3.0319    
   62  366.11     -13.031      2.5505    
   63  372.79     -8.9271      1.8368    
   64  348.87     -1.6875      1.8399    

 DivgInp - VortInp:
    1 0.00000D+00-6.22758D-07 1.09246D-06
    1 0.00000D+00-2.26237D-06 2.60152D-06
    2 0.00000D+00-6.66379D-07 1.16978D-06
    2 0.00000D+00-2.47618D-06 2.84670D-06
    3 0.00000D+00-6.97176D-07 1.21249D-06
    3 0.00000D+00-2.64022D-06 3.03354D-06
    4 0.00000D+00-7.12951D-07 1.22530D-06
    4 0.00000D+00-2.78400D-06 3.20299D-06
    5 0.00000D+00-7.44505D-07 1.21048D-06
    5 0.00000D+00-2.90572D-06 3.35587D-06
    6 0.00000D+00-7.98062D-07 1.16661D-06
    6 0.00000D+00-3.00027D-06 3.49191D-06
    7 0.00000D+00-8.40820D-07 1.10056D-06
    7 0.00000D+00-3.05897D-06 3.60606D-06
    8 0.00000D+00-8.59143D-07 1.01463D-06
    8 0.00000D+00-3.07383D-06 3.70060D-06
    9 0.00000D+00-8.44834D-07 9.10875D-07
    9 0.00000D+00-3.03653D-06 3.77964D-06
   10 0.00000D+00-7.89740D-07 7.86734D-07
   10 0.00000D+00-2.93751D-06 3.85211D-06
   11 0.00000D+00-6.87550D-07 6.44119D-07
   11 0.00000D+00-2.77485D-06 3.91672D-06
   12 0.00000D+00-5.51925D-07 4.98562D-07
   12 0.00000D+00-2.56604D-06 3.97614D-06
   13 0.00000D+00-5.49301D-07 4.74011D-07
   13 0.00000D+00-2.52083D-06 4.03645D-06
   14 0.00000D+00-5.81637D-07 4.80386D-07
   14 0.00000D+00-2.47939D-06 4.10187D-06
   15 0.00000D+00-5.98255D-07 4.75836D-07
   15 0.00000D+00-2.64100D-06 4.17961D-06
   16 0.00000D+00-5.91061D-07 4.79259D-07
   16 0.00000D+00-2.73467D-06 4.27362D-06
   17 0.00000D+00-5.71894D-07 4.65058D-07
   17 0.00000D+00-2.77539D-06 4.38217D-06
   18 0.00000D+00-5.61311D-07 4.46783D-07
   18 0.00000D+00-2.99464D-06 4.50276D-06
   19 0.00000D+00-4.94851D-07 4.47956D-07
   19 0.00000D+00-3.24927D-06 4.65648D-06
   20 0.00000D+00-5.04705D-07 4.30707D-07
   20 0.00000D+00-3.54154D-06 4.85083D-06
   21 0.00000D+00-5.24936D-07 4.87103D-07
   21 0.00000D+00-3.86137D-06 5.07084D-06
   22 0.00000D+00-4.56130D-07 4.78813D-07
   22 0.00000D+00-4.24379D-06 5.32640D-06
   23 0.00000D+00-4.63156D-07 4.89851D-07
   23 0.00000D+00-4.66782D-06 5.65120D-06
   24 0.00000D+00-4.90764D-07 4.43837D-07
   24 0.00000D+00-5.12770D-06 6.01670D-06
   25 0.00000D+00-5.25337D-07 4.51422D-07
   25 0.00000D+00-5.62185D-06 6.43459D-06
   26 0.00000D+00-5.07058D-07 4.79203D-07
   26 0.00000D+00-6.12818D-06 6.88655D-06
   27 0.00000D+00-5.75054D-07 5.60553D-07
   27 0.00000D+00-6.63267D-06 7.36274D-06
   28 0.00000D+00-6.05156D-07 5.43052D-07
   28 0.00000D+00-7.10712D-06 7.74194D-06
   29 0.00000D+00-6.76578D-07 5.81560D-07
   29 0.00000D+00-7.53669D-06 7.92638D-06
   30 0.00000D+00-6.39999D-07 6.04021D-07
   30 0.00000D+00-7.97643D-06 7.97640D-06
   31 0.00000D+00-7.64883D-07 6.72074D-07
   31 0.00000D+00-8.48914D-06 7.83389D-06
   32 0.00000D+00-8.66768D-07 6.98404D-07
   32 0.00000D+00-9.13732D-06 7.55671D-06
   33 0.00000D+00-9.14477D-07 8.64628D-07
   33 0.00000D+00-9.88471D-06 7.29163D-06
   34 0.00000D+00-1.05138D-06 8.83442D-07
   34 0.00000D+00-1.05472D-05 6.97225D-06
   35 0.00000D+00-1.07874D-06 8.91653D-07
   35 0.00000D+00-1.08759D-05 6.64096D-06
   36 0.00000D+00-8.81285D-07 7.53943D-07
   36 0.00000D+00-1.06442D-05 6.36046D-06
   37 0.00000D+00-8.03928D-07 7.94962D-07
   37 0.00000D+00-1.00384D-05 6.09189D-06
   38 0.00000D+00-9.40954D-07 9.24065D-07
   38 0.00000D+00-9.41173D-06 5.91011D-06
   39 0.00000D+00-8.40786D-07 6.28207D-07
   39 0.00000D+00-8.84974D-06 5.84696D-06
   40 0.00000D+00-7.05444D-07 7.55665D-07
   40 0.00000D+00-8.29876D-06 5.96603D-06
   41 0.00000D+00-7.04660D-07 6.68834D-07
   41 0.00000D+00-7.63102D-06 6.07137D-06
   42 0.00000D+00-6.42126D-07 6.66264D-07
   42 0.00000D+00-6.44806D-06 5.83129D-06
   43 0.00000D+00-6.43567D-07 6.26472D-07
   43 0.00000D+00-4.99756D-06 5.43221D-06
   44 0.00000D+00-5.83286D-07 5.73921D-07
   44 0.00000D+00-3.24791D-06 4.67559D-06
   45 0.00000D+00-6.49282D-07 6.15673D-07
   45 0.00000D+00-2.75191D-06 3.66494D-06
   46 0.00000D+00-5.89666D-07 5.45179D-07
   46 0.00000D+00-2.99218D-06 3.28457D-06
   47 0.00000D+00-5.37667D-07 5.36118D-07
   47 0.00000D+00-2.62662D-06 3.40764D-06
   48 0.00000D+00-5.44582D-07 4.72300D-07
   48 0.00000D+00-2.56146D-06 4.02500D-06
   49 0.00000D+00-5.11086D-07 6.08626D-07
   49 0.00000D+00-2.94859D-06 4.73733D-06
   50 0.00000D+00-6.10127D-07 6.04213D-07
   50 0.00000D+00-3.53113D-06 5.48076D-06
   51 0.00000D+00-6.99407D-07 6.41113D-07
   51 0.00000D+00-4.21618D-06 6.11978D-06
   52 0.00000D+00-6.48496D-07 7.63996D-07
   52 0.00000D+00-5.14223D-06 6.69768D-06
   53 0.00000D+00-5.73913D-07 5.28063D-07
   53 0.00000D+00-6.13208D-06 7.27069D-06
   54 0.00000D+00-5.86582D-07 6.53101D-07
   54 0.00000D+00-7.06370D-06 7.88493D-06
   55 0.00000D+00-6.83505D-07 9.38343D-07
   55 0.00000D+00-7.81025D-06 8.36989D-06
   56 0.00000D+00-6.69610D-07 7.40598D-07
   56 0.00000D+00-6.97376D-06 7.90222D-06
   57 0.00000D+00-7.77911D-07 7.79419D-07
   57 0.00000D+00-5.75749D-06 7.45721D-06
   58 0.00000D+00-7.96550D-07 8.29640D-07
   58 0.00000D+00-5.85558D-06 8.16207D-06
   59 0.00000D+00-7.44570D-07 7.43219D-07
   59 0.00000D+00-5.68086D-06 8.96860D-06
   60 0.00000D+00-8.65960D-07 8.44608D-07
   60 0.00000D+00-5.71620D-06 1.00884D-05
   61 0.00000D+00-9.73276D-07 8.33864D-07
   61 0.00000D+00-6.26807D-06 1.16716D-05
   62 0.00000D+00-1.04414D-06 9.78538D-07
   62 0.00000D+00-8.80559D-06 1.37723D-05
   63 0.00000D+00-1.27723D-06 1.42446D-06
   63 0.00000D+00-8.37539D-06 1.58480D-05
   64 0.00000D+00-9.96599D-07 1.38101D-06
   64 0.00000D+00-7.99456D-06 1.68282D-05

 SpHuInp:
    1 1.27039D-02-6.67931D-03 1.65392D-03
    2 1.25136D-02-6.56987D-03 1.64167D-03
    3 1.23821D-02-6.49272D-03 1.62659D-03
    4 1.22523D-02-6.41981D-03 1.60848D-03
    5 1.21089D-02-6.34513D-03 1.58672D-03
    6 1.19344D-02-6.23913D-03 1.55795D-03
    7 1.17165D-02-6.11340D-03 1.52046D-03
    8 1.14230D-02-5.94233D-03 1.47979D-03
    9 1.10226D-02-5.70788D-03 1.40574D-03
   10 1.05332D-02-5.42783D-03 1.31920D-03
   11 9.96605D-03-5.11132D-03 1.24866D-03
   12 9.34884D-03-4.77747D-03 1.19232D-03
   13 8.70801D-03-4.45056D-03 1.15676D-03
   14 8.03523D-03-4.12976D-03 1.11947D-03
   15 7.31861D-03-3.80000D-03 1.06862D-03
   16 6.57246D-03-3.44525D-03 1.06310D-03
   17 5.84152D-03-3.09272D-03 1.04126D-03
   18 5.12297D-03-2.73769D-03 9.99483D-04
   19 4.43820D-03-2.39544D-03 9.37468D-04
   20 3.80646D-03-2.07364D-03 8.58120D-04
   21 3.23821D-03-1.77574D-03 7.64524D-04
   22 2.75037D-03-1.51461D-03 6.65080D-04
   23 2.31415D-03-1.27264D-03 5.58906D-04
   24 1.91450D-03-1.04481D-03 4.50642D-04
   25 1.55503D-03-8.41758D-04 3.51541D-04
   26 1.22349D-03-6.54543D-04 2.59246D-04
   27 9.33812D-04-4.93807D-04 1.81463D-04
   28 6.96171D-04-3.67102D-04 1.25405D-04
   29 5.08150D-04-2.70388D-04 8.69053D-05
   30 3.59800D-04-1.95152D-04 6.22575D-05
   31 2.47241D-04-1.36613D-04 4.63529D-05
   32 1.65417D-04-9.22121D-05 3.35910D-05
   33 1.05654D-04-5.77949D-05 2.20046D-05
   34 6.40776D-05-3.25200D-05 1.19802D-05
   35 3.76464D-05-1.67543D-05 5.02283D-06
   36 2.21231D-05-8.34723D-06 2.46944D-06
   37 1.32181D-05-4.36830D-06 1.38410D-06
   38 8.28650D-06-2.49210D-06 7.22604D-07
   39 5.56129D-06-1.48427D-06 4.20170D-07
   40 4.08524D-06-9.21526D-07 3.85539D-07
   41 3.37847D-06-5.70741D-07 3.89962D-07
   42 3.08158D-06-5.49096D-07 3.54875D-07
   43 3.13943D-06-7.92786D-07 2.40915D-07
   44 3.12856D-06-9.13620D-07 1.90639D-07
   45 3.08704D-06-9.58680D-07 2.19041D-07
   46 3.08067D-06-9.81930D-07 3.13459D-07
   47 3.11419D-06-9.63126D-07 3.79678D-07
   48 3.15529D-06-9.20025D-07 4.12183D-07
   49 3.19344D-06-8.76642D-07 4.12997D-07
   50 3.21988D-06-8.33818D-07 3.94628D-07
   51 3.22767D-06-7.92500D-07 3.75919D-07
   52 3.21968D-06-7.54558D-07 3.62783D-07
   53 3.19727D-06-7.14357D-07 3.48180D-07
   54 3.16189D-06-6.64645D-07 3.28068D-07
   55 3.11765D-06-6.01128D-07 2.98385D-07
   56 3.05879D-06-5.22241D-07 2.61010D-07
   57 2.99878D-06-4.46362D-07 2.25539D-07
   58 2.94087D-06-3.84798D-07 1.96993D-07
   59 2.87878D-06-3.34661D-07 1.71580D-07
   60 2.80935D-06-2.93291D-07 1.48665D-07
   61 2.72581D-06-2.51400D-07 1.44691D-07
   62 2.62404D-06-1.98674D-07 1.45156D-07
   63 2.50170D-06-1.47315D-07 1.48171D-07
   64 2.37481D-06-2.27990D-07 2.15329D-07

 Chopping Old Topography for Smoothing

 SUBROUTINE Chop: MendO < MendI, qInp(1,1) =   328.15    

 TopoOut after Chopping for Smoothing:
  328.15     -214.13      180.53    

 Smoothing Topography

 Doing Smoothing :     0

 From SmoothCoef: Red =    32.2761

 TopoOut after Smoothing:
  328.15     -214.12      180.52    

 Getting New Delta Sigma

 TopoOut before Chopping:
  328.15     -214.12      180.52    

 SUBROUTINE Chop: MendO > MendI, qInp(1,1) =   328.15    

 TopoRec after Chopping:
  328.15     -214.12      180.52    

Doing Vertical Interpolation

 Gaussian Latitudes:
    89.284    88.357    87.424    86.490    85.556    84.621
    83.687    82.752    81.817    80.882    79.947    79.012
    78.077    77.142    76.207    75.272    74.337    73.402
    72.467    71.532    70.597    69.662    68.727    67.792
    66.857    65.922    64.987    64.052    63.117    62.181
    61.246    60.311    59.376    58.441    57.506    56.571
    55.636    54.701    53.766    52.831    51.896    50.961
    50.026    49.091    48.156    47.221    46.286    45.350
    44.415    43.480    42.545    41.610    40.675    39.740
    38.805    37.870    36.935    36.000    35.065    34.130
    33.195    32.260    31.325    30.389    29.454    28.519
    27.584    26.649    25.714    24.779    23.844    22.909
    21.974    21.039    20.104    19.169    18.234    17.299
    16.364    15.429    14.493    13.558    12.623    11.688
    10.753     9.818     8.883     7.948     7.013     6.078
     5.143     4.208     3.273     2.338     1.403     0.468

 TopoOut before Dec:
  328.15     -214.12      180.52    

 TopoOut after Dec:
  328.15     -214.12      180.52    

 TopoOut after Trans:
  328.15     -214.12      180.52    

 ForecastDay =     0 TimeOfDay =          0.0000

 DateInitial =     0    2   14 2012

 DateCurrent =     0    2   14 2012

 DelSigmaOut:
  0.010000  0.015820  0.019590  0.024050  0.029190  0.034930  0.041150
  0.047540  0.053720  0.059190  0.063470  0.066060  0.066690  0.065260
  0.061970  0.057160  0.051350  0.045030  0.038670  0.032620  0.027090
  0.022220  0.018030  0.014510  0.011600  0.009230  0.007290  0.006570

 SigInterOut:
  1.000000  0.990000  0.974180  0.954590  0.930540  0.901350  0.866420
  0.825270  0.777730  0.724010  0.664820  0.601350  0.535290  0.468600
  0.403340  0.341370  0.284210  0.232860  0.187830  0.149160  0.116540
  0.089450  0.067230  0.049200  0.034690  0.023090  0.013860  0.006570
  0.000000

 SigLayerOut:
  0.994997  0.982082  0.964373  0.942547  0.915917  0.883844  0.845785
  0.801416  0.750756  0.694265  0.632896  0.568091  0.501681  0.435679
  0.372048  0.312479  0.258231  0.210057  0.168230  0.132611  0.102782
  0.078152  0.058048  0.041795  0.028750  0.018336  0.010056  0.002726

 TopoOut:
    0  328.15     -214.12      180.52    

 LnPsOut:
    0  6.4875    -2.58631D-02 2.75767D-02

 TvirOut:
    1  406.47     -20.438      2.6117    
    2  405.45     -20.062      2.5756    
    3  404.10     -19.422      2.5162    
    4  402.56     -18.435      2.4213    
    5  400.65     -17.674      2.3893    
    6  398.50     -17.134      2.3644    
    7  396.03     -16.745      2.4214    
    8  393.12     -16.408      2.5462    
    9  389.35     -16.059      2.6047    
   10  384.54     -15.727      2.5612    
   11  378.80     -15.294      2.4450    
   12  371.87     -14.914      2.3133    
   13  363.74     -14.691      2.2467    
   14  354.29     -14.433      2.1883    
   15  343.39     -13.593      2.0234    
   16  331.88     -11.315      1.8244    
   17  321.12     -6.6933      2.4703    
   18  312.33     -2.2102      1.5427    
   19  304.49     -1.9862      6.2837    
   20  296.63     -2.6440      11.644    
   21  290.10     -2.9307      15.565    
   22  288.29     -2.9310      16.713    
   23  293.96     -3.0886      12.274    
   24  300.56     -4.2881      7.7200    
   25  306.38     -5.8882      4.0105    
   26  313.73     -7.7232      1.0514    
   27  323.46     -9.1592      1.2603    
   28  354.98     -12.924      3.0141    

 DivgOut - VortOut:
    1 0.00000D+00-6.40264D-07 1.11398D-06
    1 0.00000D+00-2.39433D-06 2.73353D-06
    2 0.00000D+00-7.06355D-07 1.19971D-06
    2 0.00000D+00-2.70715D-06 3.11069D-06
    3 0.00000D+00-7.79220D-07 1.17754D-06
    3 0.00000D+00-2.96588D-06 3.42869D-06
    4 0.00000D+00-8.65123D-07 1.04569D-06
    4 0.00000D+00-3.07918D-06 3.66278D-06
    5 0.00000D+00-8.29865D-07 8.32939D-07
    5 0.00000D+00-2.97897D-06 3.82622D-06
    6 0.00000D+00-6.18647D-07 5.51569D-07
    6 0.00000D+00-2.64236D-06 3.95675D-06
    7 0.00000D+00-5.66717D-07 4.74155D-07
    7 0.00000D+00-2.48933D-06 4.07598D-06
    8 0.00000D+00-5.93438D-07 4.84551D-07
    8 0.00000D+00-2.68538D-06 4.23007D-06
    9 0.00000D+00-5.77163D-07 4.61191D-07
    9 0.00000D+00-2.86197D-06 4.43356D-06
   10 0.00000D+00-4.55252D-07 4.33535D-07
   10 0.00000D+00-3.33231D-06 4.71289D-06
   11 0.00000D+00-5.09746D-07 4.77581D-07
   11 0.00000D+00-3.91843D-06 5.10760D-06
   12 0.00000D+00-4.62172D-07 4.85081D-07
   12 0.00000D+00-4.68300D-06 5.66428D-06
   13 0.00000D+00-5.28082D-07 4.50181D-07
   13 0.00000D+00-5.57811D-06 6.39976D-06
   14 0.00000D+00-5.53200D-07 5.30291D-07
   14 0.00000D+00-6.52981D-06 7.26758D-06
   15 0.00000D+00-6.50565D-07 5.81897D-07
   15 0.00000D+00-7.39780D-06 7.88321D-06
   16 0.00000D+00-7.01581D-07 6.33179D-07
   16 0.00000D+00-8.25421D-06 7.91362D-06
   17 0.00000D+00-9.04669D-07 7.56515D-07
   17 0.00000D+00-9.48925D-06 7.43755D-06
   18 0.00000D+00-1.08105D-06 8.79608D-07
   18 0.00000D+00-1.07203D-05 6.82223D-06
   19 0.00000D+00-7.95622D-07 7.27572D-07
   19 0.00000D+00-1.04570D-05 6.26282D-06
   20 0.00000D+00-8.64109D-07 8.46008D-07
   20 0.00000D+00-9.21813D-06 5.87440D-06
   21 0.00000D+00-7.35678D-07 7.20317D-07
   21 0.00000D+00-8.07785D-06 6.02186D-06
   22 0.00000D+00-6.04904D-07 5.65711D-07
   22 0.00000D+00-5.78908D-06 5.66850D-06
   23 0.00000D+00-5.69870D-07 4.85285D-07
   23 0.00000D+00-2.85289D-06 3.97558D-06
   24 0.00000D+00-5.27882D-07 5.47577D-07
   24 0.00000D+00-2.62740D-06 3.41260D-06
   25 0.00000D+00-4.85289D-07 5.05908D-07
   25 0.00000D+00-3.27330D-06 5.13527D-06
   26 0.00000D+00-5.77521D-07 6.37748D-07
   26 0.00000D+00-5.49731D-06 6.90301D-06
   27 0.00000D+00-5.83299D-07 6.24091D-07
   27 0.00000D+00-7.30482D-06 8.09002D-06
   28 0.00000D+00-9.53085D-07 8.09951D-07
   28 0.00000D+00-6.24501D-06 1.16059D-05

 SpHuOut:
    1 1.26756D-02-6.66107D-03 1.64943D-03
    2 1.23538D-02-6.47760D-03 1.61871D-03
    3 1.20258D-02-6.29654D-03 1.57199D-03
    4 1.15431D-02-6.01429D-03 1.49699D-03
    5 1.07085D-02-5.52824D-03 1.34948D-03
    6 9.57676D-03-4.89929D-03 1.21131D-03
    7 8.32237D-03-4.26535D-03 1.13543D-03
    8 6.94744D-03-3.62526D-03 1.06803D-03
    9 5.55101D-03-2.95055D-03 1.02727D-03
   10 4.24890D-03-2.30037D-03 9.17254D-04
   11 3.15196D-03-1.73072D-03 7.49778D-04
   12 2.29742D-03-1.26316D-03 5.54405D-04
   13 1.58427D-03-8.58473D-04 3.59699D-04
   14 9.90348D-04-5.25091D-04 1.96445D-04
   15 5.64656D-04-2.99288D-04 9.88356D-05
   16 2.92173D-04-1.60241D-04 5.26240D-05
   17 1.34832D-04-7.48656D-05 2.79933D-05
   18 5.20941D-05-2.53030D-05 8.89551D-06
   19 1.84402D-05-6.59915D-06 2.02446D-06
   20 7.18565D-06-2.08298D-06 5.90428D-07
   21 3.75688D-06-7.61445D-07 3.92150D-07
   22 3.09156D-06-6.55513D-07 3.03653D-07
   23 3.10023D-06-9.48164D-07 1.83215D-07
   24 3.11437D-06-9.62828D-07 3.79622D-07
   25 3.20894D-06-8.53719D-07 4.04282D-07
   26 3.21288D-06-7.40438D-07 3.57874D-07
   27 3.07480D-06-5.43272D-07 2.71014D-07
   28 2.72916D-06-2.52986D-07 1.44709D-07
 
