Thu Oct  7 14:31:20 CDT 2010
**(CreateParallelism)** Process 0 (nid00045) among 4 processes with 2 threads is alive
 pk1 0,  26,  3,  2004,  0,  10,  4,  2004,  0,  10,  4,  2004
 200403260020040410002004041000
 pk1 0,  26,  3,  2004,  0,  10,  4,  2004,  0,  10,  4,  2004
 pk1 0,  26,  3,  2004,  0,  10,  4,  2004,  0,  10,  4,  2004
 pk1 0,  26,  3,  2004,  0,  10,  4,  2004,  0,  10,  4,  2004
 200403260020040410002004041000
 200403260020040410002004041000
 200403260020040410002004041000



   192    8    8  2.22044605E-14  4.09061543E-03
   192    8    8  2.22044605E-14  4.09061543E-03
   192    8    8  2.22044605E-14  4.09061543E-03

   192    8    8  2.22044605E-14  4.09061543E-03
**(WriteGauss)** writing file /scratch/p01211/oens-1.0.0/model/datain//gaussp.G00192
**(CreateGaussQuad)**  0.927224013849  0.935061780845  0.937500000000
**(CreateGaussQuad)**         103.849         104.727         105.000
**(CreateGaussQuad)**    0.999999999999967581      3.241851231905E-14
**(WriteMs)** writing file /scratch/p01211/oens-1.0.0/model/datain//mwaves.T0126G00192
 pk2 0,  3,  26,  2004,  0,  3,  26,  2004
 pk3 0,  26,  3,  2004,  0,  10,  4,  2004,  0,  10,  4,  2004 P002GFGHF.unfF.dir
 200403260020040410002004041000
 pk2 0,  3,  26,  2004,  0,  3,  26,  2004
 pk2 0,  3,  26,  2004,  0,  3,  26,  2004
 pk3 0,  26,  3,  2004,  0,  10,  4,  2004,  0,  10,  4,  2004 P003GFGHF.unfF.dir
 200403260020040410002004041000
 pk3 0,  26,  3,  2004,  0,  10,  4,  2004,  0,  10,  4,  2004 P001GFGHF.unfF.dir
 200403260020040410002004041000
**(DumpOptions)**
**(DumpOptions)** model TQ0126L028 runs from 00Z 26/03/2004 to 00Z 10/04/2004 with initial state from 00Z 26/03/2004
**(DumpOptions)** model executes 2160 timesteps of length 600 seconds
**(DumpOptions)** model dynamics configuration is  Eulerian, Reduced Gaussian and Quadratic Grid
**(DumpOptions)** input file name is /scratch/p01211/oens-1.0.0/model/datain/GANLNMC2004032600S.unf.TQ0126L028
**(DumpOptions)** output file directory is /scratch/p01211/oens-1.0.0/model/dataout/TQ0126L028/2004032600
**(DumpOptions)** model physics configuration:
**(DumpOptions)**    Shortwave Radiation is CLIRAD-SW
**(DumpOptions)**    Maritime aerosol is 0.1400000E+00
**(DumpOptions)**    Continental aerosol is 0.2200000E+00
**(DumpOptions)**    Cloud Scheme is 0.1000000E+01
**(DumpOptions)**    Longwave Radiation is Harshvardhan
**(DumpOptions)**    Using a single global value for co2 concentration,
**(DumpOptions)**        with constant concentration of 0.3700000E+03 ppmv
**(DumpOptions)**    Using old 4-month zonally averaged OZONE climatology
**(DumpOptions)**    Deep Convection is KUO
**(DumpOptions)**    Shallow Convection is Tiedke
**(DumpOptions)**
 pk2 0,  3,  26,  2004,  0,  3,  26,  2004
 pk3 0,  26,  3,  2004,  0,  10,  4,  2004,  0,  10,  4,  2004 P000GFGHF.unfF.dir
 200403260020040410002004041000

lib-4961 : WARNING 
  Subscript 0 is out of range for dimension 1 for array
  'ngptsperjb' at line 743 in file 'GridHistory.f90' with bounds 1:73.
**(InitBoundCond)**Initializing prec/cloud variables
**(InitBoundCond)**Cold start SSib variables
  OPTION ifsst=-1 INCORRECT VALUE OF SST 
 STOP **(ERROR)**
 STOP
[NID 00048] 2010-10-07 14:31:22 Apid 39543: initiated application termination
Application 39543 exit signals: Killed
Application 39543 resources: utime ~1s, stime ~0s

real	0m1.953s
user	0m0.912s
sys	0m0.080s
Thu Oct  7 14:31:22 CDT 2010
